1089099122 5.00000007E-02 0.41250584 -3.5403299
1089113880 0.34999999 0.57431704 -2.7904975
1089371968 0.34999999 0.68291450 -2.1834838
1090478200 0.34999999 0.63953376 -4.1307454
1091970746 0.34999999 0.69739497 -1.7141364
1092861100 0.34999999 0.71512908 -1.9742181
1093118276 0.34999999 0.67710370 -2.0200088
1093908136 0.34999999 0.67941773 -1.7986052
1095475955 0.34999999 0.68584657 -1.7769377
1097813330 0.34999999 0.58931893 -3.1933398
1098848984 0.34999999 0.58131486 -2.5895712
1099928102 0.34999999 0.58286738 -2.5763185
1099929295 -0.34999999 0.48743400 -2.9248245
1099929521 0.0000000 0.86698335 -7.80465603E-02
1099931589 0.34999999 0.72037971 -1.2766593
1099942690 -0.34999999 0.47833732 -3.7723017
1100098082 0.34999999 0.57884228 -2.8941917
1100139404 0.34999999 0.57708764 -2.7974377
1100237223 0.34999999 0.69472742 -1.6229343
1100955874 0.34999999 0.58745855 -2.0859559
1103674687 0.34999999 0.47267854 -3.9184165
1105287429 0.0000000 0.67163044 -0.45999026
1105405102 0.34999999 0.68721765 -1.1860969
1105536640 0.34999999 0.47374010 -3.3718123
1105765351 0.34999999 0.63050771 -3.0642428
1106056455 0.34999999 0.59941190 -2.2119756
1106207236 0.34999999 0.57591599 -2.4730468
1106226863 0.34999999 0.48718512 -2.7439620
1106317701 0.34999999 0.58789802 -2.6928544
1106377004 -0.34999999 0.52621055 -3.9117475
1106829094 0.34999999 0.72068965 -1.7149472
1107166208 0.30000001 0.34724972 -5.4836969
1107223187 0.34999999 0.63218713 -2.4697559
1107233798 0.34999999 0.64264882 -2.0690005
1107286746 0.34999999 0.43799281 -3.3002143
1107601144 0.34999999 0.61164439 -3.8571572
1107601252 0.34999999 0.61101168 -3.8430362
1108162580 0.34999999 0.63792634 -3.6549640
1108757898 -0.34999999 0.44184086 -6.2142863
1108761568 0.34999999 0.67000586 -2.0625801
1110049611 0.34999999 0.43416166 -3.8153038
1110049680 0.34999999 0.42803380 -3.8255897
1110050185 0.34999999 0.53236824 -3.1411805
1110050874 0.34999999 0.66117436 -2.5448930
1110568232 0.34999999 0.58483988 -2.6582465
1111274786 0.34999999 0.55038869 -3.2525702
1113182839 0.34999999 0.64757174 -2.0477338
1113208093 0.34999999 0.49262488 -4.6736827
1113260515 0.34999999 0.59686238 -3.3080177
1113331351 0.34999999 0.56595188 -3.3068290
1114345058 0.34999999 0.58215147 -2.6813934
1114872497 0.34999999 0.54147393 -2.6851165
1114872533 0.34999999 0.54096556 -2.6894691
1114872543 0.30000001 0.46796453 -2.3783658
1114981677 0.34999999 0.61204875 -2.9931917
1115167250 0.34999999 0.65737110 -2.8105562
1115753263 0.34999999 0.56804371 -2.9724891
1115910658 0.34999999 0.61317688 -2.3596158
1115942660 0.34999999 0.56452721 -3.0659933
1116353193 0.34999999 0.65210176 -2.3992708
1117405041 0.34999999 0.60106158 -2.5079119
1117642805 0.34999999 0.41971630 -4.2668943
1118162704 0.30000001 0.42719734 -4.2943854
1118367166 0.30000001 0.39790258 -3.6641603
1118396676 0.34999999 0.53013933 -2.9080598
1118501300 0.34999999 0.55523032 -2.8532560
1118677980 0.34999999 0.63189870 -2.0917091
1118868304 0.0000000 0.60956550 -0.78406227
1119087065 0.34999999 0.44393328 -3.4250088
1119729025 0.34999999 0.70200455 -1.7211061
1119876655 0.34999999 0.64342004 -2.1680663
1121472051 0.34999999 0.67439532 -2.3630009
1121864763 -0.20000000 0.50044256 -3.0615497
1122385024 0.34999999 0.68179297 -1.8721960
1122618639 0.34999999 0.54705220 -3.3140564
1122777951 0.34999999 0.65558338 -2.7558234
1123439949 0.34999999 0.68347514 -2.3290012
1125373372 0.34999999 0.60124916 -3.7443647
1125685516 0.34999999 0.72235560 -1.5824091
1125969360 0.34999999 0.47677889 -3.1703005
1127055473 0.34999999 0.63287926 -2.3374434
1127456637 0.34999999 0.44191486 -3.5177627
1127471662 0.34999999 0.44812095 -3.6718035
1127494190 0.34999999 0.57872939 -2.4946404
1127760620 -0.30000001 0.47455278 -2.9326150
1128153007 0.34999999 0.54565406 -3.3410110
1128174696 0.34999999 0.70146376 -2.5678580
1128475640 0.34999999 0.61041129 -2.6972263
1128528995 0.34999999 0.54692268 -3.7953887
1128891916 0.0000000 0.47931901 -1.7091556
1128923244 0.34999999 0.61112934 -2.4369006
1129069430 0.34999999 0.44639915 -2.3438079
1129155495 0.34999999 0.43683305 -3.1398301
1129246313 0.34999999 0.45764068 -2.6690910
1129324370 0.34999999 0.69213122 -1.8771884
1129391464 0.34999999 0.68698108 -2.0519602
1129907016 0.0000000 0.37208366 -2.7731879
1130249327 0.34999999 0.62998414 -2.3050375
1131428965 0.34999999 0.58061039 -3.4455118
1131431840 0.34999999 0.60438073 -3.1593571
1132062095 0.34999999 0.49911615 -2.6693175
1132132485 0.34999999 0.71073729 -3.1669693
1132148341 0.34999999 0.65190530 -2.4815955
1132166999 0.34999999 0.58799297 -2.5768142
1132661855 0.34999999 0.69211060 -1.9563341
1132975230 0.34999999 0.55983609 -3.9134903
1133111580 0.34999999 0.55088431 -2.8507018
1133304109 0.34999999 0.59843612 -3.1900582
1133601723 0.34999999 0.58991945 -2.1074908
1133908462 0.34999999 0.52752531 -2.6891396
1134710133 0.34999999 0.48418751 -3.4211864
1135808248 -0.34999999 0.45397148 -3.9706564
1135976852 0.34999999 0.58945072 -2.5745697
1136739698 0.34999999 0.44170201 -3.7814274
1137913657 0.34999999 0.46623880 -3.6820469
1137989937 0.34999999 0.51170391 -3.3176847
1137990003 -0.34999999 0.46353102 -3.4598351
1138288259 -0.30000001 0.44189188 -2.9669878
1139284609 -5.00000007E-02 0.43731105 -6.8785028
1139326915 0.34999999 0.60709608 -2.8660557
1140725945 0.34999999 0.68465430 -1.7535329
1140746150 -0.30000001 0.44341373 -4.1385550
1141877248 0.34999999 0.62149554 -3.0066266
1142029462 0.34999999 0.65243131 -1.8897316
1142229311 0.34999999 0.58494872 -2.9886751
1142709582 0.34999999 0.60602963 -2.9133661
1143536168 0.34999999 0.68676442 -2.0850737
1143616861 0.34999999 0.54014772 -3.0504174
1143885739 -0.25000000 0.46930495 -2.8322961
1143885924 0.0000000 0.80252486 -0.15641272
1143888020 -1.5500001 0.37762022 -4.8077044
1144129163 0.34999999 0.61854851 -2.5894639
1144133312 0.34999999 0.56489795 -2.9810283
1144179006 -0.34999999 0.61310619 -3.1767750
1144806135 0.34999999 0.56736332 -3.3506670
1145140855 0.30000001 0.38658696 -4.9088721
1145323561 0.34999999 0.68946940 -2.5184133
1146215126 0.34999999 0.40977910 -3.2671871
1146944291 0.0000000 0.53635228 -2.0163450
1146966782 0.10000000 0.54680663 -2.0116298
1147258751 0.34999999 0.59275383 -3.0898924
1149411961 0.34999999 0.33660224 -5.9962773
1149467938 -0.30000001 0.50402749 -2.9720626
1149638545 0.34999999 0.54141635 -2.6907134
1149771133 0.34999999 0.62166709 -1.9556921
1150128882 0.34999999 0.74001169 -1.8495681
1151387381 0.34999999 0.56791735 -3.3943911
1154072410 0.34999999 0.56693256 -1.9118769
1154182305 0.34999999 0.53966558 -3.4463096
1155212722 0.34999999 0.55264026 -3.0714517
1155340266 0.34999999 0.48983648 -3.5691514
1155354114 0.34999999 0.51659077 -3.8230186
1155443514 0.34999999 0.58994740 -3.2291102
1156044082 0.34999999 0.57337058 -3.3473349
1156698676 0.34999999 0.44332594 -3.4997158
1158266854 0.34999999 0.59217578 -2.4114738
1159598968 0.34999999 0.62912023 -2.2679675
1159684577 0.34999999 0.57811761 -3.2227335
1160388105 -99.349998 5.01151048E-02 -7.09923226E+09
1160392104 22.000000 4.96633053E-02 -4.17596646E+09
1160549032 -109.80000 4.51705307E-02 -1.64924064E+08
1160664389 -8.4000006 5.76824360E-02 -4.64889569E+10
1163299258 0.34999999 0.57987124 -4.0929155
1163456967 0.34999999 0.62147439 -3.0147104
1163641819 0.34999999 0.55371940 -2.8840511
1164570370 0.34999999 0.68065125 -2.4215887
1165358160 0.34999999 0.59052396 -3.9725084
1165368969 0.34999999 0.60656601 -2.6550460
1166094636 0.30000001 0.41939741 -4.1205735
1166561075 0.34999999 0.52117634 -2.8801041
1166894907 0.34999999 0.45432520 -3.5127859
1167121204 0.34999999 0.61418229 -2.6315234
1167135981 0.34999999 0.55066651 -2.6020503
1167136317 0.34999999 0.54406303 -3.1551743
1167136455 0.34999999 0.53722817 -3.1274848
1167136825 0.0000000 0.95441562 0.82206136
1167144800 0.34999999 0.43867484 -3.3677449
1167147704 0.34999999 0.64231187 -2.0816088
1167154513 0.0000000 0.56403935 -2.0849943
1167186639 0.34999999 0.48539534 -3.0791345
1167298740 0.10000000 0.37972373 -3.1295743
1167318376 -5.00000007E-02 0.60631090 -1.2720110
1167324678 0.34999999 0.47874007 -2.8545699
1167592780 0.34999999 0.51297909 -3.1440587
1167604646 0.34999999 0.64267266 -2.2086732
1168792515 0.34999999 0.71456891 -1.2943666
1168917035 0.34999999 0.50895947 -3.5289555
1169006425 0.34999999 0.64547729 -3.0491495
1169712716 -0.15000001 0.41563651 -3.1977615
1169722755 0.34999999 0.56365162 -2.1635277
1170262059 0.34999999 0.60162681 -3.2801094
1170524118 0.34999999 0.59790272 -1.9865248
1171366614 0.34999999 0.71103400 -1.4276574
1171423577 -0.34999999 0.50183278 -2.8691914
1171423831 -0.34999999 0.46200255 -3.1967854
1171832699 0.20000000 0.45254940 -2.0779912
1172178017 0.34999999 0.56203812 -3.0464668
1173308237 0.34999999 0.61369842 -2.6330264
1173368256 0.34999999 0.60016072 -2.8252892
1174197233 0.34999999 0.41540498 -2.9488528
1175309106 0.34999999 0.60591710 -2.8131118
1175583473 0.34999999 0.51211548 -3.8347125
1176242685 0.34999999 0.49636579 -3.0314136
1177115546 -0.20000000 0.50211740 -2.3343525
1177175308 0.10000000 0.48795441 -2.3680604
1178992210 0.34999999 0.51281667 -3.0620437
1180238725 0.34999999 0.64617068 -3.5043044
1180618796 0.10000000 0.44151223 -2.2342885
1181939353 0.34999999 0.60430425 -2.8556716
1182196765 0.34999999 0.66855729 -2.5087631
1182265663 0.34999999 0.66258234 -2.2084570
1182396227 0.34999999 0.64482695 -3.2103276
1182398897 -0.34999999 0.50895995 -2.7218165
1184629372 0.34999999 0.56204420 -3.1809545
1185198002 0.34999999 0.53429276 -3.2215943
1185799546 0.20000000 0.41054443 -3.9949021
1185861072 0.34999999 0.62829345 -2.8942435
1186620947 -0.30000001 0.39767855 -4.4199562
1186786330 -0.34999999 0.54261941 -4.1584077
1188350129 0.34999999 0.54354900 -2.8855352
1188356416 0.30000001 0.51720375 -2.0799501
1188908193 0.34999999 0.69979465 -2.5259957
1188950111 0.34999999 0.58380890 -3.2267494
1189101086 0.34999999 0.50686300 -4.0724735
1189101321 0.34999999 0.46101743 -3.6791391
1189194674 0.34999999 0.67894405 -2.3395891
1190442424 0.34999999 0.59788901 -3.3147058
1191742755 0.34999999 0.65026605 -3.7066870
1192071901 0.34999999 0.59311265 -3.2795444
1192632000 0.34999999 0.54883581 -3.5742397
1193967194 0.34999999 0.55735385 -2.5798528
1194476053 0.34999999 0.53403020 -3.0812387
1196283913 0.34999999 0.67915392 -2.2832546
1196818902 0.34999999 0.54186296 -2.8223476
1196950527 0.34999999 0.62813830 -3.7732944
1197715613 0.34999999 0.69141966 -1.6254108
1198522115 0.34999999 0.65991956 -2.5768213
1200543890 0.0000000 0.65207809 -0.77495062
1200856359 0.34999999 0.62398642 -3.7152271
1201442068 0.34999999 0.53706455 -2.2247620
1203280382 -0.30000001 0.41553602 -4.2853889
1203409866 0.34999999 0.47432867 -2.8353372
1203790455 0.34999999 0.64929456 -2.0685709
1204138448 0.34999999 0.49235725 -2.8973913
1204304285 0.34999999 0.68422329 -2.0392497
1204490434 -0.30000001 0.41795436 -2.4112589
1204651907 0.34999999 0.56957144 -3.1397982
1204651936 0.34999999 0.54922140 -3.0846491
1204670552 0.34999999 0.61415672 -2.6524162
1207186072 0.34999999 0.62831950 -2.3384857
1208187584 -0.30000001 0.42517716 -2.8291917
1208931881 0.34999999 0.49531272 -3.5750461
1208975321 -0.15000001 0.58239543 -1.2054729
1208982088 -0.34999999 0.43522993 -4.0223212
1208988255 0.34999999 0.43146512 -3.8400025
1208988552 -0.30000001 0.41769606 -4.3388147
1209105937 0.34999999 0.52246094 -3.4729395
1209216223 0.34999999 0.45412788 -2.8466046
1209291757 -0.34999999 0.52572751 -3.8963771
1209339084 0.34999999 0.65500021 -2.5011263
1209362380 0.34999999 0.47669062 -4.3087392
1209543825 0.34999999 0.37641940 -4.3144021
1209563099 0.34999999 0.64429551 -2.7232556
1209583346 0.34999999 0.57651097 -2.9149308
1209820628 0.34999999 0.60830468 -2.8979764
1209877317 0.34999999 0.64477986 -2.7743628
1210448520 0.34999999 0.61393970 -2.9075315
1210560189 -0.34999999 0.53319919 -2.8376365
1210633064 -0.34999999 0.59695727 -2.8354859
1210703275 0.34999999 0.46676704 -3.5822268
1212285435 0.0000000 0.74197036 -1.3499396
1212339563 0.34999999 0.62783325 -2.8777466
1213107823 0.34999999 0.52541095 -2.3884926
1213158817 -0.25000000 0.52684444 -1.9137118
1213486164 0.34999999 0.62915814 -2.6550701
1214086760 0.34999999 0.52607673 -3.4672799
1214128508 0.34999999 0.61112440 -2.6847761
1214211456 0.34999999 0.50543439 -5.6531711
1214561217 0.34999999 0.55236751 -2.5495222
1215221786 0.34999999 0.61155105 -3.2893548
1215745668 0.30000001 0.46208501 -3.4986253
1215812106 0.0000000 0.64648241 -0.99980772
1215812707 0.30000001 0.44768497 -2.7604043
1215839910 0.34999999 0.58386815 -3.4008584
1215843106 0.34999999 0.46222317 -5.2605572
1215961116 0.10000000 0.57978714 -1.2042477
1216126809 0.34999999 0.44412029 -2.8502705
1216904067 0.34999999 0.69574803 -2.2227273
1217616949 0.34999999 0.57278198 -3.3864632
1218233114 -0.34999999 0.55721635 -2.4087622
1218994676 0.34999999 0.66487145 -2.8644118
1219291482 0.34999999 0.56962043 -2.3377354
1219301591 0.34999999 0.68897420 -1.7327454
1219723710 0.34999999 0.72324812 -1.7910488
1219772880 0.34999999 0.59683383 -3.2532687
1219869253 0.34999999 0.62854916 -2.5512555
1220179542 0.34999999 0.58719242 -2.6837041
1220742036 0.34999999 0.61731869 -3.2920308
1220946193 0.34999999 0.67134941 -2.4648681
1221047734 -0.30000001 0.45395452 -3.1339517
1222614737 0.34999999 0.61092156 -2.4817543
1225404477 0.34999999 0.57385486 -3.5900712
1225442295 0.34999999 0.72995937 -1.7904797
1228187814 0.34999999 0.46451691 -4.1885643
1228684717 0.34999999 0.69363964 -2.1363542
1229260451 0.34999999 0.55313462 -3.7376413
1229658996 0.10000000 0.40576339 -3.1097345
1229990683 -0.34999999 0.52118534 -4.2109671
1230216280 0.34999999 0.51213670 -2.7251253
1230600687 -0.34999999 0.46607554 -3.7710609
1230860391 0.34999999 0.71765387 -1.4806347
1231020274 0.34999999 0.64468163 -2.2980995
1231041233 0.34999999 0.63307512 -3.4676447
1232714291 0.10000000 0.55707544 -2.3537838
1232804891 -0.30000001 0.44073340 -3.2017055
1233928332 0.34999999 0.65197420 -2.4331515
1234166319 0.0000000 0.46144566 -2.9236064
1234201315 0.34999999 0.57392418 -1.9520729
1234214675 -0.30000001 0.38427889 -4.9724121
1236731039 0.34999999 0.53219229 -3.0616903
1236854628 0.34999999 0.73791397 -1.3309371
1237014105 0.34999999 0.70245731 -1.6855788
1237159221 0.34999999 0.46043208 -2.8195050
1237164701 -0.34999999 0.44527057 -3.7875276
1237551366 0.34999999 0.71310598 -2.4840329
1237619839 0.34999999 0.64840931 -3.5089035
1239235949 0.34999999 0.54226035 -3.1476660
1239971868 0.34999999 0.67650598 -2.4770877
1240678955 0.34999999 0.69129896 -2.0861669
1242397863 0.34999999 0.61617506 -2.2420447
1242709695 0.34999999 0.65621936 -2.3568428
1243376855 0.34999999 0.66128200 -2.4046130
1244248765 0.34999999 0.65741104 -3.7890062
1245087845 0.34999999 0.69756770 -3.2067385
1245407408 0.34999999 0.69668299 -2.1821573
1245469469 0.34999999 0.61491162 -3.7308483
1245877793 0.34999999 0.53957826 -4.9832835
1245881452 0.34999999 0.53999585 -4.2418761
1246167876 0.34999999 0.69193482 -1.9988587
1246181696 0.34999999 0.58605891 -2.3810935
1246182765 0.34999999 0.54137403 -3.3221397
1246208530 0.34999999 0.61886203 -2.9485672
1246208539 0.34999999 0.61881655 -2.9483635
1246598451 0.34999999 0.49588466 -4.0282493
1246598488 0.34999999 0.49518299 -4.0293694
1246614635 0.34999999 0.48588046 -4.4217525
1246985947 0.34999999 0.63720149 -2.6204531
1247508302 0.30000001 0.48143905 -2.5051913
1247516932 0.34999999 0.43473464 -4.1007285
1247654255 0.34999999 0.52900201 -3.3736696
1247741293 0.34999999 0.51373625 -3.4367137
1247769767 0.34999999 0.58283800 -3.4388638
1248159491 0.34999999 0.58272398 -3.3151135
1248570012 0.34999999 0.52225941 -2.9331722
1248588659 0.34999999 0.56004626 -2.6426332
1248872986 0.34999999 0.58156425 -4.2670894
1248886386 0.34999999 0.62379861 -2.1258845
1249212887 0.34999999 0.53107679 -3.0595675
1250467545 0.34999999 0.57830632 -3.5467849
1250503855 0.34999999 0.58225214 -2.2334445
1250504106 -0.30000001 0.53958797 -1.6371434
1250601456 0.34999999 0.48398861 -2.6414683
1250639275 0.34999999 0.76153213 -0.77924299
1250703707 0.34999999 0.61875677 -3.6141133
1250777890 0.34999999 0.70037138 -1.9373224
1250888264 -0.34999999 0.48842171 -2.9425423
1250911490 0.34999999 0.49280739 -7.8161573
1252249816 0.34999999 0.53149921 -3.2290816
1252757125 0.34999999 0.68474704 -2.9800811
1254591366 0.34999999 0.43851259 -3.0484309
1254664936 0.34999999 0.65476114 -1.8470781
1255243328 0.34999999 0.56849927 -3.2855225
1256244384 0.34999999 0.62381977 -2.5407264
1256252705 0.34999999 0.70362407 -1.9176822
1256431794 5.00000007E-02 0.37967119 -3.2171602
1257413577 0.34999999 0.57297319 -3.2081003
1257413887 0.34999999 0.72854912 -2.2395456
1257420861 -0.34999999 0.60135818 -3.2700710
1257678569 0.34999999 0.67652661 -2.1603506
1258065617 0.34999999 0.60768193 -2.8701124
1258296469 0.34999999 0.54936618 -4.7387357
1258824471 0.34999999 0.64410120 -2.8649940
1258926370 0.34999999 0.62341505 -2.4779854
1260564405 -0.34999999 0.32620284 -5.3530025
1260692005 0.34999999 0.51150423 -3.0390658
1261227736 -0.34999999 0.54690623 -5.8390746
1261227864 -0.15000001 0.50572783 -2.8706379
1261228557 0.34999999 0.65258276 -2.4601836
1261232031 0.34999999 0.62612158 -2.7862790
1261235533 0.34999999 0.66840315 -2.1233990
1261275144 0.34999999 0.55917782 -3.8554897
1261713375 0.34999999 0.56379008 -3.2084184
1261922241 0.34999999 0.63323623 -2.0380940
1262034644 0.34999999 0.58456397 -3.0736547
1262237921 -0.34999999 0.65568584 -2.2318838
1262343689 0.34999999 0.59185672 -3.2676134
1262367286 0.34999999 0.65887713 -2.7658510
1262622742 0.0000000 0.67154092 -0.77777565
1262633257 0.34999999 0.68697238 -3.0857964
1263881366 -0.34999999 0.64455539 -2.5069196
1265523000 0.34999999 0.64466804 -2.3566310
1265599504 -0.34999999 0.57067353 -4.2129059
1265691729 0.34999999 0.48382866 -3.5565462
1265942558 0.34999999 0.46134916 -3.2624435
1266289887 0.34999999 0.46608043 -4.3992443
1266816064 0.34999999 0.56506860 -2.5832314
1267146477 0.34999999 0.53624356 -3.6479592
1267162697 0.34999999 0.66452342 -3.3109059
1267661932 0.34999999 0.64899462 -3.4479442
1267662287 0.0000000 0.66909939 -0.40197420
1267686434 0.34999999 0.55682731 -2.9903882
1267690576 -0.34999999 0.61984169 -2.8929982
1268040382 0.34999999 0.70582861 -2.7947693
1268902896 0.34999999 0.58298945 -4.4587002
1268931240 0.34999999 0.60488248 -4.0449696
1269644874 0.34999999 0.62313622 -3.7702808
1270335780 0.34999999 0.57230568 -2.0874131
1270813793 0.34999999 0.63029373 -3.3498363
1270961850 -0.34999999 0.44333273 -4.5763865
1270999307 0.34999999 0.51304114 -1.8178449
1271168968 0.34999999 0.55946887 -2.7148118
1271191748 0.34999999 0.54684794 -3.2775164
1271987388 0.34999999 0.64364713 -2.5758729
1272194052 -0.30000001 0.47118586 -2.9472320
1272250791 0.34999999 0.62122256 -2.2879810
1272823213 -0.34999999 0.57494146 -2.9787927
1274901407 0.34999999 0.67407447 -3.2320633
1276535865 0.34999999 0.54578757 -3.0820842
1276561877 -0.34999999 0.50906199 -3.4417133
1276823323 0.34999999 0.58769315 -3.0859404
1277440084 0.34999999 0.64902604 -4.2999630
1277575551 0.34999999 0.60208786 -3.3694558
1277670806 0.34999999 0.47683275 -3.2792602
1278097892 0.34999999 0.63100922 -3.2117081
1278515743 0.34999999 0.53911757 -2.5532310
1278618217 -0.34999999 0.45387772 -4.5556517
1278636079 0.34999999 0.61276329 -3.0982590
1279357457 0.34999999 0.68611485 -2.6339378
1279458204 0.34999999 0.58425480 -3.0198655
1280029930 0.34999999 0.51871705 -4.9140463
1280553485 0.34999999 0.65287066 -2.3220170
1280563997 0.34999999 0.68854564 -2.5749240
1280587745 0.34999999 0.68718082 -2.4691074
1281476617 0.34999999 0.66048586 -3.4613595
1282408680 0.34999999 0.62078345 -2.3956130
1282415961 0.34999999 0.55873007 -3.1768079
1282416480 -0.30000001 0.40070805 -3.5329452
1283157909 0.34999999 0.43531179 -4.7426872
1283540817 0.34999999 0.67300636 -2.4881253
1284039008 0.34999999 0.56200927 -3.0425172
1284244867 0.34999999 0.71000916 -2.1538837
1284952628 0.34999999 0.60082096 -2.5572283
1285350982 0.34999999 0.65853959 -1.7580554
1285695233 0.34999999 0.51994002 -3.6789412
1285876560 0.34999999 0.66233921 -2.3237691
1286047392 -0.34999999 0.62487322 -2.4745574
1286198915 0.34999999 0.70375204 -1.6386888
1286865806 0.34999999 0.35119882 -6.6363945
1287036373 -0.15000001 0.53758132 -2.3576634
1289221280 0.34999999 0.73294181 -2.2057612
1289567329 0.34999999 0.63146144 -2.1374736
1289576340 0.34999999 0.59567702 -4.0303578
1290342705 -0.34999999 0.53154182 -3.7551866
1290784424 0.34999999 0.58708686 -3.1640234
1290799240 0.34999999 0.70226032 -1.9247401
1291601652 0.34999999 0.61915362 -2.1041782
1291689974 0.34999999 0.52646822 -3.5357733
1291927327 0.34999999 0.66941369 -2.1774099
1292000461 0.34999999 0.62171471 -3.1184282
1294804388 -0.34999999 0.60468191 -2.6948094
1296507195 0.34999999 0.68173218 -1.8029196
1296548191 0.34999999 0.48142925 -3.4888501
1297058102 0.34999999 0.63651156 -2.5542274
1297342916 0.34999999 0.62719649 -2.5973446
1297754297 5.00000007E-02 0.54315031 -2.2487943
1298970247 5.00000007E-02 0.19938588 -15.913696
1300608051 -0.34999999 0.49151742 -5.1348042
1301123952 0.34999999 0.57413244 -2.6421018
1301458951 0.34999999 0.60960799 -2.6113095
1301964194 0.34999999 0.63094866 -3.0568461
1302916270 0.34999999 0.70994174 -1.5753646
1302961193 0.34999999 0.62021261 -2.2724683
1304080155 0.34999999 0.68055648 -2.5486605
1304082768 0.34999999 0.62760007 -3.0965796
1304152538 0.34999999 0.65760791 -2.2596972
1304437954 0.34999999 0.70786685 -2.5996633
1304717510 0.34999999 0.44370869 -3.8723216
1304757333 0.34999999 0.68553066 -2.0341120
1306028051 0.34999999 0.46163830 -3.5594430
1306098435 0.34999999 0.68687367 -2.5427191
1306261925 0.34999999 0.68624371 -2.1665297
1307034472 0.34999999 0.43370014 -4.4684515
1307669122 0.34999999 0.64808172 -2.5074215
1308478735 0.34999999 0.69679689 -3.2362514
1309048281 0.34999999 0.67245960 -2.4499619
1309094354 0.34999999 0.51751220 -3.0040059
1309326569 0.34999999 0.48786080 -3.5309792
1309474048 0.34999999 0.68026567 -3.8424501
1309601047 0.34999999 0.49906161 -3.3699107
1309696244 0.34999999 0.68436897 -2.0435903
1309953539 0.34999999 0.71119034 -1.8419697
1310469430 0.34999999 0.64323741 -3.1730814
1310541580 0.34999999 0.59211934 -2.5844777
1310928323 0.34999999 0.58285648 -2.8547673
1311000534 0.34999999 0.56340683 -3.8783484
1311084070 0.34999999 0.64878917 -2.6633379
1311142337 0.34999999 0.49476767 -5.1176662
1311692424 0.34999999 0.66852129 -2.0391119
1313100452 0.34999999 0.65115213 -3.5764828
1314264913 0.34999999 0.62975609 -2.4373467
1322787324 0.34999999 0.46750173 -3.9342728
1322993584 0.34999999 0.65021354 -2.4502389
1323861170 0.34999999 0.63794470 -3.6076760
1323909341 0.34999999 0.62160099 -3.0081458
1324582798 0.34999999 0.49162352 -4.5779557
1325660397 0.34999999 0.56682622 -2.6283042
1326181267 0.34999999 0.45185006 -2.8768778
1326728445 -0.30000001 0.42808625 -2.2355762
1327107001 0.34999999 0.63447648 -3.4694681
1327480583 0.34999999 0.60434514 -2.3851204
1327824459 0.34999999 0.56285369 -2.6602311
1328324062 0.34999999 0.55901152 -3.5976501
1328459111 -0.34999999 0.52950758 -3.9597383
1330223700 0.34999999 0.56925470 -3.3374705
1330883534 0.34999999 0.60163617 -3.1703258
1332071890 0.34999999 0.62977213 -3.4467611
1332086295 0.34999999 0.55017287 -2.6844094
1332373478 0.34999999 0.62464380 -2.5964904
1333258441 0.34999999 0.51851451 -2.8126724
1333828758 0.34999999 0.59797817 -3.3199306
1333921411 0.34999999 0.54015905 -3.4878240
1334227165 0.34999999 0.67861551 -3.0088739
1334800688 0.34999999 0.63722736 -2.5577753
1335409258 0.0000000 0.40472290 -3.3415523
1335538115 0.34999999 0.70229918 -3.5878444
1338362741 0.30000001 0.40175301 -3.0296483
1338842309 0.34999999 0.68583369 -2.8690345
1338890190 0.34999999 0.55524063 -3.3733716
1338944914 0.25000000 0.41099724 -3.9943247
1338944979 0.15000001 0.43982813 -3.8530560
1338945045 5.00000007E-02 0.65094751 -1.6403623
1339216879 0.34999999 0.57513118 -3.4719014
1339275618 0.34999999 0.50941294 -3.3456588
1339278860 0.34999999 0.66160512 -2.7078114
1339309409 0.34999999 0.80171949 -1.3444717
1339575740 0.34999999 0.51594388 -3.6406460
1339598466 0.34999999 0.50975788 -3.7823257
1339646879 0.34999999 0.62689793 -2.3140943
1339690513 0.30000001 0.42079073 -3.2530026
1339702255 0.34999999 0.69456959 -1.9748881
1339923712 -0.34999999 0.47515363 -5.2168374
1341299876 0.34999999 0.58850068 -3.1288681
1341924177 0.34999999 0.59597498 -2.8343573
1342405200 0.34999999 0.52836770 -4.1918702
1344277570 0.34999999 0.63873142 -2.1658194
1344910008 0.34999999 0.54088050 -3.3583612
1344941743 0.34999999 0.67019314 -3.2493434
1345138860 0.34999999 0.66973859 -5.1763577
1345234802 0.34999999 0.49975187 -3.2976737
1346380382 0.34999999 0.36092317 -8.5675621
1346415099 0.34999999 0.75337434 -1.4273586
1346415834 0.34999999 0.72341973 -1.5922365
1346788818 -0.30000001 0.43433070 -3.1035552
1346816730 0.34999999 0.60718006 -3.3202648
1348523853 0.34999999 0.50034577 -4.4662580
1350722979 0.34999999 0.77122337 -0.96306908
1350800865 0.34999999 0.64737964 -3.1511836
1351161077 0.34999999 0.67511135 -2.4381123
1352122829 0.34999999 0.55396533 -3.8083644
1352554787 0.34999999 0.49116132 -3.0331888
1353431341 0.34999999 0.51831323 -3.2866273
1353536726 0.34999999 0.62368882 -2.5621524
1354158772 0.34999999 0.67058599 -2.4457805
1354470336 0.34999999 0.45124686 -3.1023126
1354477411 0.34999999 0.49862182 -3.1330934
1354976814 0.34999999 0.42981121 -4.2692294
1355221924 0.34999999 0.57878560 -4.2007055
1356243184 -0.34999999 0.48256281 -3.2352371
1356319072 0.34999999 0.61127448 -2.7668729
1356487597 0.34999999 0.63299721 -2.6157410
1356883405 -0.25000000 0.40168956 -3.1346388
1357128106 -0.34999999 0.58026284 -2.8723285
1357236484 0.34999999 0.56397319 -2.8793888
1357270197 0.34999999 0.51036870 -3.6720767
1357331931 0.34999999 0.66091907 -2.6871574
1357541346 0.34999999 0.55505961 -3.0943809
1357994057 0.34999999 0.62902653 -2.6832452
1358411441 0.34999999 0.63279676 -2.5144727
1358708986 0.34999999 0.70618004 -2.0373244
1359776392 0.34999999 0.68768722 -2.2998307
1361064727 0.34999999 0.45410791 -3.4319434
1361239965 0.34999999 0.66953015 -2.2155321
1361256759 0.34999999 0.58698970 -3.2866125
1361373628 -0.34999999 0.55435300 -3.9938135
1361471757 0.34999999 0.49920690 -4.5245681
1361665659 0.34999999 0.52003086 -2.7638612
1362386544 -0.34999999 0.58489227 -2.6008449
1362609444 0.34999999 0.66385281 -2.7337718
1362627405 0.34999999 0.52923357 -2.8571088
1362643640 0.34999999 0.63606292 -2.7637320
1363079024 0.34999999 0.59177607 -3.5216441
1363764120 0.34999999 0.64666975 -2.1066971
1364349799 0.25000000 0.43906009 -5.9040895
1364349845 0.10000000 0.51284969 -5.8748741
1364355002 0.34999999 0.53043133 -3.3406286
1364690983 0.34999999 0.71451241 -1.7999365
1365625224 0.0000000 0.71764600 -0.65884483
1366061297 0.34999999 0.64314669 -3.9740496
1366432589 0.34999999 0.63715035 -3.3128533
1366513671 0.34999999 0.65989292 -2.3781710
1369110346 0.34999999 0.48798397 -4.1868458
1369124755 -0.34999999 0.60073441 -2.8052900
1369791239 0.34999999 0.58469540 -3.5528002
1369883683 0.34999999 0.62771392 -3.6846409
1370118743 0.34999999 0.55937833 -2.7371848
1370151783 0.34999999 0.45981634 -4.6733708
1370623082 0.34999999 0.74614036 -1.1401169
1372241957 0.34999999 0.48584527 -4.5673451
1372463510 0.30000001 0.39036199 -4.3518929
1373829868 0.34999999 0.58899975 -2.1191452
1373895699 0.34999999 0.53254497 -4.9444284
1373969495 0.34999999 0.62578207 -3.1940684
1374677225 0.34999999 0.49166775 -3.7395849
1374679935 0.34999999 0.52700341 -3.1077108
1376837821 0.34999999 0.68852371 -2.4692762
1377205321 0.34999999 0.55930847 -3.7039237
1377355603 0.34999999 0.62550265 -2.9760303
1377407246 0.34999999 0.61497819 -2.2575123
1378247005 0.34999999 0.57120281 -3.4610682
1378467231 0.34999999 0.64085788 -2.2469718
1379475197 0.34999999 0.64344364 -2.0270908
1380542719 0.34999999 0.54797518 -3.4260149
1381466759 0.34999999 0.48345822 -3.3236146
1381684855 0.34999999 0.55991203 -3.3847241
1382170436 0.34999999 0.54392320 -3.5563669
1382919848 0.34999999 0.62700206 -3.8260374
1383069011 0.34999999 0.59569311 -3.1873283
1383085061 0.34999999 0.51202911 -3.3905678
1383220929 0.30000001 0.40598029 -3.8622370
1383227120 0.34999999 0.60179776 -2.1324487
1383227831 0.34999999 0.60925525 -2.6348839
1383234448 0.34999999 0.54805261 -3.0310183
1383263545 0.34999999 0.54651767 -2.9682477
1383450194 0.34999999 0.47967732 -3.2187295
1383519374 0.34999999 0.59651291 -2.8015559
1383809110 0.34999999 0.63192147 -2.3445468
1383809501 0.34999999 0.61690181 -2.8397663
1383989687 0.34999999 0.68252069 -2.2470264
1384145710 0.34999999 0.68165934 -1.5466614
1384544358 0.34999999 0.73853278 -2.5781970
1385019362 0.34999999 0.59264052 -3.0116167
1386347977 0.34999999 0.38657737 -3.1662641
1386357780 0.34999999 0.66131037 -2.3962784
1387916955 0.34999999 0.53225106 -2.5725496
1389034180 0.34999999 0.66089255 -1.8248127
1389204911 0.34999999 0.50406098 -4.2439632
1389717867 5.00000007E-02 0.50812453 -2.4508824
1389724692 -0.34999999 0.44611481 -3.7764182
1389729005 -0.34999999 0.49646211 -3.9460630
1389740803 0.34999999 0.53536636 -2.6036494
1389904819 0.34999999 0.71951789 -2.1933601
1390517490 0.34999999 0.60213971 -3.5666385
1390619771 0.34999999 0.54333568 -3.0389047
1391790286 0.34999999 0.72012359 -2.1444542
1393014317 0.34999999 0.58004445 -3.4627795
1393065064 0.34999999 0.64051372 -2.4579153
1393759985 0.34999999 0.55394125 -2.7279093
1393791078 0.34999999 0.46962351 -2.0274758
1394913876 -0.34999999 0.47128567 -4.0462322
1395061976 0.34999999 0.62932414 -2.6800594
1395231566 0.34999999 0.49429950 -3.7817478
1397097485 0.34999999 0.61774397 -2.7431228
1397746253 0.34999999 0.73431677 -1.5585165
1398443585 -174.35001 0.14049721 -777817.94
1399207416 0.34999999 0.69234264 -2.4023826
1399278483 0.34999999 0.52585846 -3.3277626
1399745740 -0.34999999 0.24881127 -2.1356297
1399746271 -0.34999999 0.38457197 -0.81895173
1400631673 -0.34999999 0.30254051 -1.3756123
1401021673 0.30000001 0.42852300 -1.0519602
1401296286 0.30000001 0.30148777 -1.9533861
1402085900 0.34999999 0.22926600 -3.3674593
1402313583 0.34999999 0.34230942 -1.1117795
1402624068 -0.20000000 0.22661297 -2.4160557
1402784563 -0.34999999 0.39451960 -1.5680187
1403034553 -0.34999999 0.44698986 -1.4383221
1403317269 0.34999999 0.44788116 -0.70293319
1403439974 0.34999999 0.25986144 -1.9543834
1404774365 -0.30000001 0.69866359 0.20632356
1404925818 0.34999999 0.56206828 5.36412001E-02
1405577514 -109.05000 4.44682203E-02 -3.39866752E+08
1407296767 59.900002 1.04540372E-02 8.30888748E-05
1407544588 -6.4000001 3.18275541E-02 1.52587891E-04
1408047770 0.0000000 0.99663192 0.99315524
1410046387 0.0000000 0.99738872 0.99441832
1410325949 0.0000000 0.99583340 0.99059230
1410382444 0.0000000 0.99043524 0.97962821
1411247643 0.0000000 0.99500746 0.98901969
1411641303 0.0000000 0.99774158 0.99533826
1412009058 0.0000000 0.99556154 0.99102634
1412705290 0.0000000 0.97812968 0.95656610
1413207959 0.0000000 0.98443311 0.96828008
1414298821 0.0000000 0.96348602 0.92708743
1416419181 0.0000000 0.99731600 0.99459189
1416419227 0.0000000 0.99733281 0.99462467
1416540553 0.0000000 0.97562546 0.95153880
1417557685 0.0000000 0.98565590 0.97109252
1417655668 0.0000000 0.96982449 0.93896174
1418245419 0.0000000 0.99654502 0.99309027
1418533563 0.0000000 0.96589857 0.93294001
1419682925 0.0000000 0.98147410 0.96236151
1419947441 0.0000000 0.98008257 0.96008903
1419995164 0.0000000 0.99053550 0.98115289
1420012476 0.0000000 0.98936778 0.97841656
1420437226 0.0000000 0.98745990 0.97497773
1420606112 0.0000000 0.99221319 0.98441589
1420742654 0.0000000 0.99619198 0.99237049
1421435535 0.0000000 0.99627858 0.99256724
1421639313 0.0000000 0.98900723 0.97765070
1422083726 0.0000000 0.99938488 0.99876606
1422374758 0.0000000 0.99927276 0.99854505
1422958210 0.0000000 0.99901515 0.99800277
1423037687 0.0000000 0.99947304 0.99892771
1423603888 0.0000000 0.99804717 0.99610221
1423726535 0.0000000 0.99922097 0.99843520
1423857991 0.0000000 0.99962366 0.99918568
1424969403 0.0000000 0.99953479 0.99905777
1426114954 0.0000000 0.99931592 0.99862599
1426344314 0.0000000 0.99920321 0.99838221
1426852891 0.0000000 0.99937785 0.99861288
1427105631 0.0000000 0.99927294 0.99846548
1427483378 0.0000000 0.99928665 0.99855143
1428208678 0.0000000 0.99607247 0.99203467
1428320250 0.0000000 0.99952435 0.99885702
1428945237 0.0000000 0.99965072 0.99923140
1429127316 0.0000000 0.99949080 0.99894696
1429494176 0.0000000 0.99951059 0.99871939
1429494550 0.0000000 0.99931914 0.99854612
1429528847 0.0000000 0.99956661 0.99905199
1429530313 0.0000000 0.99962443 0.99905491
1429531199 0.0000000 0.99951702 0.99882162
1429992097 0.0000000 0.99954736 0.99894261
1430658547 0.0000000 0.99950427 0.99879009
1431333501 0.0000000 0.99929613 0.99846476
1431387795 0.0000000 0.99947006 0.99884057
1431628549 0.0000000 0.99946326 0.99866176
1432588969 0.0000000 0.99962014 0.99916136
1432601816 0.0000000 0.99954492 0.99883449
1432799863 0.0000000 0.99951786 0.99888998
1434467768 0.0000000 0.99930948 0.99852258
1434867330 0.0000000 0.99949795 0.99862444
1435335400 0.0000000 0.99971151 0.99921256
1438066750 0.0000000 0.99941021 0.99844205
1438936857 0.0000000 0.99954617 0.99876106
1439209234 0.0000000 0.99773031 0.99530333
1439418087 0.0000000 0.99932355 0.99848700
1439474882 0.0000000 0.99954963 0.99871302
1439699200 0.0000000 0.99884468 0.99725741
1441113885 0.0000000 0.99942881 0.99881506
1441128847 0.0000000 0.99962825 0.99906307
1441160293 0.0000000 0.99934077 0.99847305
1441898607 0.0000000 0.99947476 0.99876183
1442339782 0.0000000 0.99961436 0.99907827
1442345855 0.0000000 0.99949551 0.99872035
1442345878 0.0000000 0.99949551 0.99872059
1442408939 0.0000000 0.99943143 0.99871570
1442410226 0.0000000 0.99941492 0.99869943
1442413798 0.0000000 0.99952221 0.99878830
1443074281 0.0000000 0.99938065 0.99861062
1443555465 0.0000000 0.99952638 0.99884832
1444648487 0.0000000 0.99945039 0.99880433
1444736944 0.0000000 0.99942404 0.99883765
1444953165 0.0000000 0.99936116 0.99863583
1444953267 0.0000000 0.99940032 0.99872410
1445014914 0.0000000 0.99944144 0.99871588
1445221055 0.0000000 0.99944562 0.99866778
1445233331 0.0000000 0.99951041 0.99881691
1445239215 0.0000000 0.99944818 0.99865621
1446412182 0.0000000 0.99936622 0.99862999
1446412281 0.0000000 0.99947280 0.99892086
1446509184 0.0000000 0.99915385 0.99819320
1446509190 0.0000000 0.99915367 0.99819320
1446714386 0.0000000 0.99952745 0.99890876
1447167192 0.0000000 0.99804580 0.99598366
1447255999 0.0000000 0.99942255 0.99873942
1447277516 0.0000000 0.99924660 0.99842197
1448316095 0.0000000 0.99876034 0.99736053
1448671943 0.0000000 0.99921018 0.99840033
1449033717 0.0000000 0.99941814 0.99876487
1449035580 0.0000000 0.99946117 0.99882978
1449153073 0.0000000 0.99943721 0.99877810
1449935242 0.0000000 0.99959671 0.99913341
1450510821 0.0000000 0.99915969 0.99828726
1450536811 0.0000000 0.99917871 0.99833834
1450992022 0.0000000 0.99957681 0.99909526
1451199638 0.0000000 0.99931830 0.99851090
1451327726 0.0000000 0.99952662 0.99902499
1451523194 0.0000000 0.99918079 0.99835545
1451829690 0.0000000 0.99945271 0.99889457
1451928000 0.0000000 0.99922991 0.99845117
1452487977 0.0000000 0.99934828 0.99867135
1453169606 0.0000000 0.99951935 0.99901909
1453824336 0.0000000 0.99894989 0.99789190
1454422761 0.0000000 0.99922454 0.99844372
1454702246 0.0000000 0.94578278 0.83874923
1454702308 0.0000000 0.99876720 0.99746102
1454702406 0.0000000 0.99933958 0.99867320
1454702512 0.0000000 0.99938828 0.99874073
1454978820 0.0000000 0.99924099 0.99847192
1455590759 0.0000000 0.99958026 0.99915981
1455595494 0.0000000 0.99965352 0.99927598
1455757779 0.0000000 0.99949336 0.99896568
1455758311 0.0000000 0.99937969 0.99875599
1456215987 0.0000000 0.99933583 0.99854934
1456541993 0.0000000 0.99927789 0.99855012
1457201466 0.0000000 0.99875969 0.99746114
1457276938 0.0000000 0.99911481 0.99818641
1459152479 0.0000000 0.99489069 0.98978448
1459502085 0.0000000 0.99577975 0.99157399
1459988008 0.0000000 0.99822611 0.99637914
1460294506 0.0000000 0.99871546 0.99731612
1460353509 0.0000000 0.99949479 0.99874425
1460804146 0.0000000 0.99937969 0.99869454
1461082597 0.0000000 0.99939883 0.99838609
1461607991 0.0000000 0.99942499 0.99872059
1461770234 0.0000000 0.99951571 0.99871910
1461770257 0.0000000 0.99951535 0.99871886
1461770858 0.0000000 0.99933064 0.99842715
1461781146 0.0000000 0.99940073 0.99864995
1461806086 0.0000000 0.99912196 0.99811220
1462056417 0.0000000 0.99930441 0.99846727
1462199340 0.0000000 0.99937248 0.99860764
1462521203 0.0000000 0.99919844 0.99806738
1462632669 0.0000000 0.99914438 0.99814922
1462675593 0.0000000 0.99948078 0.99865586
1463023035 0.0000000 0.99950373 0.99878424
1463023251 0.0000000 0.99943185 0.99876255
1463023282 0.0000000 0.99948168 0.99881011
1463027395 0.0000000 0.99939179 0.99866539
1463127852 0.0000000 0.99957025 0.99894196
1463195522 0.0000000 0.99938309 0.99866784
1463196768 0.0000000 0.99939549 0.99863708
1463530965 0.0000000 0.99854410 0.99666315
1463863900 0.0000000 0.99922925 0.99837399
1463882779 0.0000000 0.99920207 0.99832124
1464184475 0.0000000 0.99908632 0.99799401
1464544116 0.0000000 0.99925542 0.99821937
1464576767 0.0000000 0.99942482 0.99860501
1464630651 0.0000000 0.99864030 0.99710232
1464672226 0.0000000 0.99945867 0.99851137
1466204142 0.0000000 0.99931788 0.99821097
1466383187 0.0000000 0.99915600 0.99797368
1466409210 0.0000000 0.99872482 0.99715745
1466715930 0.0000000 0.99942273 0.99845421
1467361422 0.0000000 0.99929994 0.99810344
1469019333 0.0000000 0.99943334 0.99826121
1469592155 0.0000000 0.99939698 0.99857187
1471008941 0.0000000 0.99928093 0.99821234
1471908408 0.0000000 0.99946374 0.99887484
1472660934 0.0000000 0.99928385 0.99843484
1473440050 0.34999999 0.54216409 -2.8949661
1475055492 0.34999999 0.58759350 -4.1923575
1475769120 0.30000001 0.42467490 -3.2407484
1477370752 0.34999999 0.42249700 -3.5914917
1478519786 -0.34999999 0.52793193 -3.3193731
1478903131 -0.34999999 0.56138027 -2.7188027
1480024554 0.34999999 0.44308639 -3.8349071
1480377579 0.34999999 0.44686928 -3.0735459
1480507474 0.30000001 0.44358715 -3.2822261
1481256588 0.34999999 0.60154390 -2.7677686
1481811269 -0.30000001 0.46190652 -3.0188718
1483057851 0.34999999 0.64107269 -2.3819461
1483513641 0.34999999 0.65665680 -2.9706507
1484155863 -0.34999999 0.65316957 -2.0523813
1484797338 0.34999999 0.39568627 -3.6115818
1484900187 0.34999999 0.59058905 -2.1075962
1485329586 0.34999999 0.65443110 -2.4548311
1486746772 0.34999999 0.53629416 -3.0699830
1487420859 -0.34999999 0.45941651 -2.7453396
1487652197 0.0000000 0.55079257 -2.3940773
1488212310 0.34999999 0.59762341 -3.5979285
1488924651 0.34999999 0.63896143 -3.1092458
1489967289 -0.34999999 0.49630490 -3.2587733
1490066029 -0.15000001 0.26536992 -5.5767307
1490805242 -0.34999999 0.64629424 -2.2751224
1492112471 0.34999999 0.46544272 -3.2456255
1492367656 0.34999999 0.50026894 -3.1517992
1493517442 0.34999999 0.63708484 -2.5014348
1493960850 0.34999999 0.64277047 -2.1714280
1493986611 0.34999999 0.68866771 -3.0290213
1494889974 -0.30000001 0.34771445 -6.5115147
1494932580 0.25000000 0.45825845 -2.4408109
1495631454 0.34999999 0.56161708 -3.5721416
1495691291 0.34999999 0.67261505 -2.3667271
1495956669 0.34999999 0.40916410 -2.7903471
1495999757 0.25000000 0.49630120 -2.2412827
1496582686 0.34999999 0.58965492 -2.3716197
1497967350 0.34999999 0.48962161 -3.7793145
1498029939 0.34999999 0.60362339 -3.5972915
1500318986 0.34999999 0.66299081 -4.3302412
1501139292 0.34999999 0.61459082 -3.5998125
1501845585 0.34999999 0.55067229 -3.7563658
1502294736 0.34999999 0.54606324 -3.4667325
1502416734 0.34999999 0.53703976 -3.7995996
1502582915 0.34999999 0.61143380 -3.1084018
1504364658 0.34999999 0.51138037 -2.5752311
1505096741 0.34999999 0.57858282 -4.4948997
1505687994 0.34999999 0.59421408 -3.1734204
1505917796 0.34999999 0.51981336 -4.2978749
1506232185 0.34999999 0.66035473 -2.1296995
1506549399 0.34999999 0.66235822 -2.9984996
1507505391 -0.34999999 0.52909791 -3.8393731
1507747520 0.34999999 0.60452336 -2.8539269
1508582157 0.34999999 0.50682318 -1.8705487
1509318944 0.34999999 0.38318425 -4.3580089
1509677295 0.34999999 0.47592786 -3.0670614
1509677339 0.34999999 0.47054943 -3.0705872
1509752088 0.34999999 0.44190493 -4.2801280
1510398879 0.34999999 0.59775198 -2.2437422
1510402973 0.34999999 0.58214736 -2.6845355
1510440860 0.34999999 0.61245352 -2.1975391
1510947032 0.34999999 0.57188970 -2.8256269
1511360409 0.34999999 0.53402627 -3.5442042
1511470532 0.34999999 0.60572314 -2.7957439
1512230735 0.34999999 0.49499744 -2.1485045
1512377977 0.34999999 0.47419143 -2.8461895
1512704669 0.34999999 0.76446253 -0.81075191
1513120660 0.34999999 0.45960331 -3.9140639
1516168751 0.34999999 0.63075554 -2.3233578
1516984288 0.34999999 0.53073388 -2.9230995
1517686257 0.34999999 0.55368292 -3.1933417
1517749972 -0.34999999 0.48694798 -3.2538581
1517752600 0.34999999 0.56490189 -3.0411386
1517752662 0.30000001 0.50124645 -2.9513743
1517753127 0.34999999 0.61979771 -1.6280637
1517753452 -0.34999999 0.48585185 -2.9959209
1517753522 -0.34999999 0.48030281 -2.9869745
1517753592 -0.34999999 0.48553437 -2.9432976
1517753815 -0.34999999 0.55218905 -2.8070440
1517758427 0.34999999 0.54318464 -2.7663245
1517763262 0.34999999 0.67007834 -2.0339251
1517821602 0.34999999 0.48875254 -3.5458660
1517823894 0.34999999 0.57164842 -3.0633588
1517846321 0.34999999 0.58827317 -2.4891202
1517852233 0.34999999 0.58041763 -2.8255441
1517893754 0.30000001 0.37116075 -3.9133544
1517906208 0.34999999 0.45710045 -2.8873599
1517932241 0.34999999 0.51513177 -2.2761135
1517932280 0.34999999 0.51471114 -2.2740033
1517932282 0.34999999 0.51486015 -2.2739701
1517932427 5.00000007E-02 0.67734098 -0.63539636
1517932434 5.00000007E-02 0.65527034 -0.74138236
1517932492 0.10000000 0.64851463 -0.60289609
1517933877 0.34999999 0.64790422 -2.1244071
1517940013 0.25000000 0.47662082 -3.0353546
1517940459 0.30000001 0.51234418 -3.0563111
1517944528 0.30000001 0.45434618 -3.5256572
1517945796 0.34999999 0.47287384 -4.0438895
1517950582 0.30000001 0.35315058 -5.6401391
1517958702 0.34999999 0.53598046 -3.2438583
1517960631 0.34999999 0.51786429 -3.3187103
1517969882 0.30000001 0.38430396 -4.7579923
1517974578 0.34999999 0.46916530 -4.4569855
1517998787 0.34999999 0.68467957 -2.3317547
1518001985 0.34999999 0.56483990 -2.4894881
1518008800 0.30000001 0.43804693 -3.9298100
1518008880 0.20000000 0.42970693 -3.5707603
1518013159 0.30000001 0.52710265 -2.2147045
1518016890 0.25000000 0.51816541 -2.2110269
1518016916 0.25000000 0.51829565 -2.2087607
1518051257 0.34999999 0.47844204 -3.6252284
1518059164 0.34999999 0.62170196 -2.9371786
1518142443 0.34999999 0.63894075 -2.9579232
1518201789 0.34999999 0.44299784 -3.2564974
1518248929 0.34999999 0.55686909 -2.9350576
1518858396 0.34999999 0.49784935 -2.3240724
1518981709 0.34999999 0.67118156 -2.9636555
1519051621 0.34999999 0.52093929 -2.5757155
1519254641 0.34999999 0.59761882 -2.7653649
1519583320 0.30000001 0.40983263 -4.6576557
1519962147 0.34999999 0.62430656 -2.4378450
1520098551 0.34999999 0.46924952 -3.3646507
1520329330 -0.34999999 0.68962228 -1.7147760
1521024527 0.34999999 0.48257685 -2.5252728
1521537776 -0.34999999 0.60835946 -3.9552422
1521728871 0.34999999 0.59032559 -2.8493972
1522232997 0.34999999 0.69820720 -1.8555095
1522282670 0.34999999 0.46272826 -4.2050514
1522598524 0.34999999 0.63269758 -2.4973884
1523432369 0.34999999 0.54263097 -3.7673879
1523886539 0.34999999 0.47714761 -3.9695878
1524201906 0.34999999 0.63356620 -2.3769324
1524248877 0.34999999 0.58773100 -2.4969628
1524308214 0.34999999 0.56803477 -2.9674644
1524503432 0.34999999 0.69150835 -2.6921155
1524721460 0.34999999 0.57115215 -3.0737195
1524721601 0.34999999 0.55036271 -3.1787734
1524808553 0.30000001 0.56145257 -2.9328868
1525218424 0.34999999 0.48490083 -4.4551430
1526098666 0.34999999 0.61840850 -3.2134132
1527728598 0.30000001 0.46107826 -3.0698419
1527904870 0.34999999 0.67734796 -2.4420183
1528731725 0.34999999 0.57064152 -3.0534177
1528750347 -0.34999999 0.54511678 -3.3530631
1528856173 0.34999999 0.43598911 -3.9204564
1529096035 0.34999999 0.65657753 -2.2174847
1529334375 0.34999999 0.51737744 -2.1067991
1529522338 0.34999999 0.50484836 -4.2135868
1530516370 0.34999999 0.61422580 -3.6865339
1530516385 0.34999999 0.61429542 -3.6846027
1530609654 -0.34999999 0.54866970 -2.5036051
1531312909 0.0000000 0.99215347 0.98382378
1531507119 0.0000000 0.98638266 0.97195053
1532050755 0.0000000 0.99144328 0.98278528
1533217098 0.0000000 0.98653990 0.97307813
1533504622 0.0000000 0.98500878 0.97004247
1533801692 0.0000000 0.98585254 0.97177023
1534500582 0.0000000 0.98769736 0.97516739
1534551317 0.0000000 0.98717803 0.97432488
1535572403 0.0000000 0.98676419 0.97369248
1535660064 0.0000000 0.98393017 0.96678960
1536498994 0.0000000 0.98915917 0.97827959
1536641006 0.0000000 0.98824102 0.97584289
1536700815 0.0000000 0.98819637 0.97622669
1538633849 0.0000000 0.98913008 0.97836739
1538766649 0.0000000 0.98862183 0.97734582
1539072778 0.0000000 0.98378825 0.96746695
1539164591 0.0000000 0.98912513 0.97789687
1540269298 0.0000000 0.99166888 0.98203617
1540310644 0.0000000 0.98365468 0.96707076
1541624711 0.0000000 0.98321664 0.96565700
1542328459 0.34999999 0.61411548 -3.2115455
1542608341 0.34999999 0.66457427 -2.5467038
1542638415 0.30000001 0.43251696 -3.0466433
1542645094 0.34999999 0.56795597 -2.3713918
1543190243 0.34999999 0.55563581 -3.6373053
1543191316 0.34999999 0.57368928 -2.8615787
1543236658 0.34999999 0.57907009 -2.8283889
1543238642 0.34999999 0.60581219 -2.6639087
1543314575 0.34999999 0.59967142 -3.1372852
1544368541 0.34999999 0.51862782 -3.3942842
1544439487 0.34999999 0.51607513 -3.1364951
1544621063 0.34999999 0.55370569 -3.0386982
1544908865 0.34999999 0.71069014 -1.6267920
1545710204 -0.34999999 0.58264899 -2.9437215
1546538568 -0.30000001 0.50634819 -3.0060611
1546949806 -0.34999999 0.44473580 -3.9189854
1548127166 0.34999999 0.50515926 -3.1709695
1548825695 0.34999999 0.57068706 -3.2588782
1548861293 0.34999999 0.46926728 -2.8979352
1549366351 0.34999999 0.55032450 -3.1698251
1549558324 -0.34999999 0.61835086 -2.5625918
1550239687 0.34999999 0.68075627 -1.6709948
1551558867 0.34999999 0.57715970 -3.1582909
1552012334 0.30000001 0.43588877 -3.7388740
1552127531 5.00000007E-02 0.56498975 -1.6021352
1552421955 0.34999999 0.61353505 -2.6848166
1552451554 0.34999999 0.62052333 -2.2538581
1552511242 0.34999999 0.54108709 -3.7315202
1552697151 -0.34999999 0.56256980 -3.5385175
1552968094 0.34999999 0.62387347 -3.7255735
1553256348 0.34999999 0.68687862 -2.1185520
1553414210 0.34999999 0.61079270 -2.1898465
1554087275 0.34999999 0.57782269 -3.4301095
1554172029 5.00000007E-02 0.38150522 -4.1059580
1554256375 -0.30000001 0.46529955 -3.5874491
1554343015 -0.34999999 0.51551896 -3.3298001
1554382610 0.34999999 0.63632369 -2.8885095
1554499495 0.34999999 0.67163301 -2.3790100
1554706689 0.30000001 0.45140758 -2.7489047
1554822801 0.34999999 0.45850033 -3.0749102
1554841453 0.34999999 0.49750179 -3.2267632
1554850672 0.34999999 0.55172294 -3.7093363
1555563667 0.30000001 0.49494419 -1.8307309
1556793883 0.34999999 0.59646064 -3.1610532
1556970683 0.34999999 0.49584964 -2.9686065
1557330527 0.34999999 0.57445341 -3.0199966
1557737721 0.34999999 0.64053267 -3.5502782
1558197514 0.34999999 0.61890328 -3.6904402
1558379328 0.34999999 0.42884418 -2.4530964
1558489044 0.34999999 0.59375185 -4.9434242
1558591969 0.34999999 0.60836130 -3.1799693
1559317998 0.34999999 0.44456661 -4.5610881
1559641578 0.0000000 0.54540050 -2.1748922
1559762840 0.34999999 0.57323265 -3.0086575
1560870606 0.34999999 0.55630738 -3.1324396
1561237205 0.34999999 0.72881824 -2.5828507
1561242160 0.34999999 0.69170272 -1.8977299
1561825206 0.34999999 0.60408080 -2.9392405
1561837452 0.34999999 0.57262570 -3.1280627
1562610935 0.34999999 0.65429121 -2.4193449
1562880116 0.34999999 0.54717058 -2.3306949
1563275550 0.34999999 0.69185597 -1.6932349
1563531230 -0.30000001 0.37744120 -4.9378014
1563768365 0.34999999 0.33094326 -4.6618366
1563850922 0.34999999 0.34298572 -8.3152199
1564123196 0.34999999 0.58092928 -3.1517072
1564190683 0.25000000 0.53190994 -1.7005570
1564649429 0.34999999 0.58989835 -3.2930593
1564753988 0.30000001 0.42796534 -3.3713117
1564784683 0.30000001 0.42051142 -3.4086084
1565054388 -0.30000001 0.41828197 -3.5509143
1565055090 0.34999999 0.73130721 -0.99942434
1565213283 0.0000000 0.60340178 -2.6001258
1565218942 0.34999999 0.56526858 -2.5279245
1565905300 0.34999999 0.57182944 -3.4381618
1566053525 0.34999999 0.61097366 -2.7245638
1566053530 0.34999999 0.61094850 -2.7242019
1566074882 0.34999999 0.60530573 -3.0290704
1566101114 0.30000001 0.50193167 -2.5641046
1566598377 0.10000000 0.42214471 -3.1881099
1566648618 0.30000001 0.55471879 -1.0091412
1567237819 0.34999999 0.49459225 -3.6492381
1567471650 0.34999999 0.52607077 -3.8251534
1567604000 0.34999999 0.65192521 -3.0830913
1567917359 0.34999999 0.55933326 -2.8645883
1568005668 0.34999999 0.47599640 -4.0745335
1568095682 0.30000001 0.43761927 -3.5942173
1569863578 0.34999999 0.56696963 -3.0299349
1570468626 0.34999999 0.50231397 -3.1900730
1571312673 0.30000001 0.78278899 -1.0620484
1571861758 5.00000007E-02 0.61932844 -0.96723723
1572218883 0.34999999 0.54349780 -3.1174183
1573491297 0.34999999 0.45416281 -2.5262496
1573495893 0.34999999 0.57706773 -2.0175817
1574645562 0.30000001 0.49656054 -2.4082205
1575564604 0.0000000 0.75057626 -0.35093379
1575660753 0.34999999 0.64998555 -2.5813625
1576495557 -0.34999999 0.54975694 -3.7931433
1577769501 5.00000007E-02 0.43697447 -3.1056137
1577819410 -0.34999999 0.53467655 -4.1201863
1578293635 0.34999999 0.57010174 -3.7707510
1578510402 0.34999999 0.66305763 -3.7729821
1579404154 -0.30000001 0.43099177 -4.0365381
1579703564 0.34999999 0.61194414 -2.7347779
1580749376 0.34999999 0.57150346 -3.1996493
1581076659 0.34999999 0.68040055 -2.7339861
1581616159 0.34999999 0.50676864 -3.5763884
1581629921 -0.34999999 0.40027049 -5.2134800
1581764406 0.30000001 0.47873589 -2.6789904
1581764700 0.34999999 0.46828958 -3.7529674
1581794413 5.00000007E-02 0.63926625 -1.4829068
1582090065 -0.30000001 0.36968005 -3.0695686
1582113307 0.34999999 0.57586074 -3.2363195
1582546233 0.34999999 0.57356554 -2.6245949
1582592414 0.34999999 0.55178916 -3.9916253
1582629242 -0.34999999 0.58429939 -3.2206631
1582695255 0.34999999 0.68144172 -2.3836524
1584677477 0.34999999 0.61262017 -2.5505846
1585787701 0.0000000 0.42554116 -3.2259827
1586304460 0.34999999 0.62996036 -2.4382935
1586389759 0.34999999 0.57199639 -3.5478725
1586537097 0.34999999 0.65369171 -2.5294468
1586691401 0.34999999 0.64959753 -3.3218231
1587481331 0.34999999 0.67647612 -2.3632953
1588476280 0.34999999 0.53769779 -2.8602548
1589003116 0.34999999 0.66956025 -4.7696056
1593214064 -0.34999999 0.63250959 -2.7369030
1593241888 0.34999999 0.61977118 -2.3732214
1593407313 0.34999999 0.66129035 -2.3496130
1593435168 0.34999999 0.63576347 -2.2169900
1593519432 0.34999999 0.51445043 -3.2460141
1594227272 0.34999999 0.52981830 -2.9515450
1594265063 0.34999999 0.66065693 -2.4939067
1594267923 0.34999999 0.63127589 -2.1225612
1594526768 0.34999999 0.61165476 -2.6101415
1594546164 0.30000001 0.21243440 -8.1175985
1595767949 0.34999999 0.67846775 -1.7573984
1597107665 0.34999999 0.60783207 -2.4809158
1597123796 0.25000000 0.36983335 -3.3626242
1597187246 0.34999999 0.51843363 -3.0735898
1597774608 0.34999999 0.44223779 -2.8957410
1597797181 0.34999999 0.59178454 -2.7150872
1597806811 0.34999999 0.56796265 -3.1397157
1598480108 0.34999999 0.65860301 -1.7974901
1598847265 0.0000000 0.39236870 -2.7901776
1599036279 0.34999999 0.58216703 -2.3962681
1600306672 -0.34999999 0.53861803 -2.9507678
1600646088 0.34999999 0.45989624 -3.0291176
1600833602 0.34999999 0.52691007 -2.7381027
1601017581 0.34999999 0.54155153 -3.6380143
1601326254 0.34999999 0.58484131 -2.6118875
1601342057 0.30000001 0.55551368 -1.7298181
1601440640 0.34999999 0.58946949 -2.9154658
1601863505 0.34999999 0.48498002 -3.1023488
1602517184 0.34999999 0.58235681 -2.0011201
1602946993 0.34999999 0.65531456 -2.9258351
1602947159 0.34999999 0.60543740 -3.0899019
1603087586 0.0000000 0.49497497 -1.8380923
1603396062 0.0000000 0.45540729 -1.4283805
1603674483 0.34999999 0.54266208 -2.4170532
1604358861 0.34999999 0.48964241 -3.6103077
1604426346 0.34999999 0.46084750 -2.4823911
1604601372 0.34999999 0.53139138 -2.7202981
1604626818 0.34999999 0.60048831 -2.7171905
1605130406 0.30000001 0.42449045 -3.2314439
1605130534 5.00000007E-02 0.49180412 -2.3968093
1605266102 0.25000000 0.41681165 -2.1357753
1605511152 0.34999999 0.50820410 -2.7024179
1605551866 0.0000000 0.70192021 -0.71761489
1605557664 0.34999999 0.39376161 -3.8226738
1605621503 0.30000001 0.46354103 -2.8607726
1605662576 0.34999999 0.50497448 -3.9356079
1606582085 0.10000000 0.55043393 -1.3928282
1606657334 0.34999999 0.53379649 -3.0099378
1607578178 0.34999999 0.56124908 -2.8820198
1607606398 0.34999999 0.50799900 -3.5696101
1607606851 0.0000000 0.76012433 9.77317095E-02
1607624108 0.34999999 0.65616828 -2.3875155
1608317519 5.00000007E-02 0.45175880 -1.8602979
1608385359 0.0000000 0.71096170 -0.37616885
1609436522 0.34999999 0.44667217 -2.2352393
1609594007 0.34999999 0.43018138 -4.0238452
1610162996 0.0000000 0.63875282 -0.99546099
1610192153 0.34999999 0.70102823 -1.7272525
1610249009 0.34999999 0.54069656 -3.6622252
1611559538 0.34999999 0.62438482 -2.2319229
1611565557 0.34999999 0.57040930 -2.4695432
1611574763 0.34999999 0.61645550 -2.2824209
1611584686 0.34999999 0.34072429 -3.4923320
1611818971 0.30000001 0.51366359 -3.1893015
