1089099122 -0.30000001 0.46742469 -2.7234368
1089113880 0.34999999 0.65935224 -2.7141287
1089371968 0.34999999 0.69161731 -2.8436770
1090478200 0.34999999 0.67538738 -2.6175873
1091970746 0.34999999 0.60474420 -3.5315380
1092861100 0.34999999 0.70969939 -1.9562223
1093118276 0.34999999 0.67231381 -2.0522408
1093908136 0.34999999 0.65024567 -2.4645782
1095475955 0.34999999 0.69219959 -2.4067676
1097813330 0.34999999 0.63450432 -2.8773570
1098848984 0.34999999 0.57931232 -2.9531109
1099928102 -0.34999999 0.55392462 -3.4414501
1099929295 0.30000001 0.43905899 -3.4690852
1099929521 0.0000000 0.89187700 0.16248703
1099931589 -0.34999999 0.64309186 -2.1711915
1099942690 0.34999999 0.47863454 -3.4401393
1100098082 0.34999999 0.50807816 -3.7864380
1100139404 0.34999999 0.68174332 -1.7220366
1100237223 0.34999999 0.64382446 -1.9482503
1100955874 0.34999999 0.60879558 -2.0461936
1103674687 -0.34999999 0.57751679 -3.3148255
1105287429 0.10000000 0.62867725 -1.0571759
1105405102 0.34999999 0.69945282 -2.1534283
1105536640 0.34999999 0.52342546 -4.2512512
1105765351 0.34999999 0.67129278 -2.4867904
1106056455 0.34999999 0.64481449 -2.7041068
1106207236 0.34999999 0.63001227 -3.3626065
1106226863 0.34999999 0.50641340 -3.2840242
1106317701 0.34999999 0.58843827 -3.7006392
1106377004 0.34999999 0.51978362 -3.9055839
1106829094 0.34999999 0.67923522 -2.8605809
1107166208 0.34999999 0.41514048 -5.4486699
1107223187 -0.30000001 0.48998234 -4.0886097
1107233798 0.34999999 0.64592540 -2.8147655
1107286746 0.34999999 0.53277111 -3.4539509
1107601144 0.34999999 0.59311253 -3.2599177
1107601252 0.34999999 0.58159626 -3.3676023
1108162580 0.34999999 0.60102159 -4.1172128
1108757898 0.30000001 0.42845643 -4.4384036
1108761568 0.34999999 0.60797375 -2.9336905
1110049611 -0.30000001 0.49098265 -2.9069824
1110049680 -0.30000001 0.48229891 -2.9614854
1110050185 0.34999999 0.57932258 -2.9378920
1110050874 0.34999999 0.73683250 -1.5183458
1110568232 0.34999999 0.56603336 -2.8963015
1111274786 0.34999999 0.61197317 -2.9640305
1113182839 0.34999999 0.69907951 -2.0569839
1113208093 0.34999999 0.54257596 -3.1859035
1113260515 -0.34999999 0.65138322 -3.2018771
1113331351 0.34999999 0.63617265 -2.5069230
1114345058 0.34999999 0.60075116 -3.5221062
1114872497 0.34999999 0.49938408 -4.0695572
1114872533 0.34999999 0.49901074 -4.0657034
1114872543 -0.30000001 0.44529232 -4.0857348
1114981677 0.34999999 0.77261609 -1.2688696
1115167250 0.34999999 0.74579048 -1.8179290
1115753263 0.34999999 0.57251662 -2.9236786
1115910658 0.34999999 0.57320499 -3.1276464
1115942660 0.34999999 0.57484072 -3.3371863
1116353193 0.34999999 0.65429801 -2.8816128
1117405041 0.34999999 0.60682070 -2.5950329
1117642805 0.34999999 0.49451870 -3.6025996
1118162704 -0.30000001 0.48668897 -3.5975246
1118367166 0.34999999 0.45778382 -4.2851977
1118396676 0.34999999 0.64318365 -2.6815736
1118501300 0.34999999 0.54866612 -3.5556688
1118677980 0.34999999 0.74069309 -1.5925536
1118868304 0.0000000 0.71497202 -0.15923047
1119087065 -0.34999999 0.59674203 -3.0297017
1119729025 -0.34999999 0.64503711 -2.3527911
1119876655 0.34999999 0.63971442 -2.5992892
1121472051 0.34999999 0.63813305 -3.1460261
1121864763 0.0000000 0.63573074 -2.3969855
1122385024 0.34999999 0.67435890 -2.3691518
1122618639 0.34999999 0.51756364 -3.4045734
1122777951 0.34999999 0.66848612 -2.9876256
1123439949 0.34999999 0.71549016 -2.2008858
1125373372 0.34999999 0.59973955 -4.0087667
1125685516 0.34999999 0.62709975 -2.3413873
1125969360 -0.30000001 0.51320302 -2.6884873
1127055473 0.34999999 0.67543578 -2.0199437
1127456637 0.34999999 0.55139488 -3.2082143
1127471662 0.34999999 0.57272285 -2.9012938
1127494190 0.34999999 0.60261917 -2.8886456
1127760620 0.30000001 0.56569296 -2.4259670
1128153007 0.34999999 0.61878508 -2.6708369
1128174696 0.34999999 0.67068338 -2.2393510
1128475640 0.34999999 0.65544748 -2.4788706
1128528995 0.34999999 0.72223675 -1.7381680
1128891916 0.34999999 0.49834692 -1.6583025
1128923244 0.34999999 0.69341797 -2.0525603
1129069430 0.34999999 0.52425671 -1.9846816
1129155495 0.34999999 0.43711391 -3.4227142
1129246313 0.34999999 0.52360761 -2.5811834
1129324370 0.34999999 0.70674020 -1.9123201
1129391464 -0.34999999 0.63528228 -2.3765271
1129907016 0.34999999 0.50166607 -2.0248263
1130249327 0.34999999 0.66757834 -2.0947104
1131428965 0.34999999 0.63470930 -3.0094833
1131431840 0.34999999 0.59574622 -2.8344629
1132062095 0.34999999 0.56764573 -2.8575366
1132132485 0.34999999 0.67283875 -2.1296618
1132148341 -0.34999999 0.68336934 -2.1928601
1132166999 0.34999999 0.62053663 -2.4280300
1132661855 0.34999999 0.66223794 -2.1888940
1132975230 0.34999999 0.71223515 -1.8771839
1133111580 0.34999999 0.56668860 -3.7245841
1133304109 0.34999999 0.51890254 -4.2669959
1133601723 0.34999999 0.64950424 -1.7153821
1133908462 0.34999999 0.58349907 -3.0062199
1134710133 0.34999999 0.55195946 -3.1512756
1135808248 0.34999999 0.60209870 -2.2717891
1135976852 0.34999999 0.65467566 -2.3208439
1136739698 0.34999999 0.57553613 -2.6063514
1137913657 0.34999999 0.53213811 -3.1500669
1137989937 0.34999999 0.60455680 -2.8571675
1137990003 0.34999999 0.56911272 -3.0417519
1138288259 -0.34999999 0.59673297 -1.9534855
1139284609 0.10000000 0.17411213 -21.304605
1139326915 0.34999999 0.67775387 -2.3280704
1140725945 0.34999999 0.69354719 -3.0574942
1140746150 0.34999999 0.58159500 -2.6275990
1141877248 0.34999999 0.66527033 -2.7227054
1142029462 0.34999999 0.74840337 -1.4587836
1142229311 0.34999999 0.63222820 -2.2805092
1142709582 0.34999999 0.61297756 -3.5110955
1143536168 0.34999999 0.64113575 -2.8933156
1143616861 0.34999999 0.55139333 -3.3595319
1143885739 -0.30000001 0.48351416 -3.4049044
1143885924 0.0000000 0.85825145 1.65166259E-02
1143888020 0.34999999 0.42438239 -4.9052138
1144129163 0.34999999 0.61567080 -3.0026550
1144133312 0.34999999 0.49995369 -4.1540971
1144179006 0.34999999 0.67581666 -2.4006953
1144806135 0.34999999 0.56537932 -3.7869263
1145140855 -0.30000001 0.45762050 -4.1371813
1145323561 0.34999999 0.66865945 -3.0018401
1146215126 0.34999999 0.43005970 -4.9423351
1146944291 5.00000007E-02 0.57408416 -1.2876596
1146966782 -0.20000000 0.44867253 -2.9795096
1147258751 0.34999999 0.65390021 -4.0438275
1149411961 -0.30000001 0.41190857 -4.6246066
1149467938 0.34999999 0.54642010 -3.3520360
1149638545 0.34999999 0.51773965 -3.0208483
1149771133 0.34999999 0.61101830 -3.1414948
1150128882 0.34999999 0.71543986 -2.1593919
1151387381 0.34999999 0.56253821 -3.4881186
1154072410 0.25000000 0.50052994 -2.6556096
1154182305 0.34999999 0.63200617 -2.8213704
1155212722 0.34999999 0.68860930 -2.1557262
1155340266 0.34999999 0.54584312 -3.4273663
1155354114 -0.34999999 0.47905421 -5.4118919
1155443514 0.34999999 0.63579953 -3.0903521
1156044082 0.34999999 0.62540472 -2.9971433
1156698676 0.34999999 0.45041028 -4.4978657
1158266854 0.34999999 0.65128177 -1.9338529
1159598968 0.34999999 0.67654198 -2.3010149
1159684577 0.34999999 0.60590422 -3.0018883
1160388105 -31.800001 5.39455488E-02 -1.08381962E+10
1160392104 -71.700005 5.47576919E-02 -5.12920474E+09
1160549032 -37.400002 4.90667671E-02 -3.28875104E+08
1160664389 -70.050003 5.70711941E-02 -6.07175803E+10
1163299258 0.34999999 0.70809740 -2.1149533
1163456967 0.34999999 0.65587169 -2.5625000
1163641819 0.34999999 0.46208203 -4.7454162
1164570370 0.34999999 0.71555865 -2.7466350
1165358160 0.34999999 0.67066735 -2.2138281
1165368969 0.34999999 0.68764919 -2.5569656
1166094636 0.25000000 0.39770633 -4.7226100
1166561075 0.34999999 0.54365432 -3.4210896
1166894907 0.34999999 0.48839477 -3.5001049
1167121204 0.34999999 0.61372036 -2.1874435
1167135981 0.34999999 0.53648221 -3.2402825
1167136317 0.34999999 0.54402810 -3.4382215
1167136455 0.34999999 0.53477639 -3.2054963
1167136825 0.0000000 0.94578952 0.74786079
1167144800 0.34999999 0.51046836 -3.4612017
1167147704 0.34999999 0.62313080 -2.4223504
1167154513 0.0000000 0.59290957 -2.0097499
1167186639 0.34999999 0.54033870 -2.9583943
1167298740 0.34999999 0.37189049 -3.6487422
1167318376 0.0000000 0.62006503 -1.3723826
1167324678 0.34999999 0.47663403 -3.1914072
1167592780 0.34999999 0.49914587 -4.0861673
1167604646 0.34999999 0.63290709 -2.6190379
1168792515 0.34999999 0.64793217 -1.8828385
1168917035 0.34999999 0.55492705 -2.7185042
1169006425 0.34999999 0.64814609 -3.6903348
1169712716 0.25000000 0.39754701 -3.9268775
1169722755 -0.30000001 0.53625190 -2.1754496
1170262059 0.34999999 0.65671462 -3.1000428
1170524118 0.34999999 0.59754062 -2.5502737
1171366614 0.34999999 0.64491296 -2.4837971
1171423577 -0.30000001 0.52110636 -2.6395700
1171423831 -0.30000001 0.50735378 -2.9062397
1171832699 -0.20000000 0.52314788 -1.7959120
1172178017 0.34999999 0.65500951 -2.3262599
1173308237 0.34999999 0.54000831 -3.0073404
1173368256 0.34999999 0.64036173 -2.2073112
1174197233 0.34999999 0.50052142 -3.0084558
1175309106 0.34999999 0.62694627 -2.9764128
1175583473 -0.34999999 0.56200755 -3.0599723
1176242685 0.34999999 0.46090856 -3.5005851
1177115546 -0.25000000 0.52601933 -2.2089214
1177175308 5.00000007E-02 0.52748573 -2.0892897
1178992210 0.34999999 0.61292768 -2.5330553
1180238725 0.34999999 0.65120566 -3.2295623
1180618796 -0.20000000 0.46082470 -2.9805491
1181939353 0.34999999 0.65211385 -2.7084041
1182196765 0.34999999 0.70737165 -2.0178642
1182265663 0.34999999 0.70554721 -2.0316138
1182396227 0.34999999 0.65023899 -2.9205244
1182398897 -0.34999999 0.55913657 -3.1210260
1184629372 0.34999999 0.64588439 -3.3068471
1185198002 0.34999999 0.63743877 -2.5297179
1185799546 0.30000001 0.45145857 -2.9653409
1185861072 0.34999999 0.63800770 -3.0174370
1186620947 0.25000000 0.44928864 -3.8057585
1186786330 0.34999999 0.63287699 -2.5860982
1188350129 -0.34999999 0.54768950 -3.1203036
1188356416 -0.25000000 0.49917519 -2.6565669
1188908193 0.34999999 0.61081177 -3.8289475
1188950111 0.34999999 0.52383864 -3.8288035
1189101086 0.34999999 0.57542235 -3.5066862
1189101321 0.34999999 0.49515730 -2.8363261
1189194674 0.34999999 0.66118056 -3.5143681
1190442424 0.34999999 0.61641365 -2.5430548
1191742755 0.34999999 0.69546944 -2.1556096
1192071901 0.34999999 0.68494946 -2.2371399
1192632000 0.34999999 0.61796790 -3.5446835
1193967194 0.34999999 0.58728909 -2.5814767
1194476053 -0.34999999 0.59689885 -2.5683420
1196283913 0.34999999 0.60928988 -3.3000951
1196818902 0.34999999 0.47725099 -3.7904968
1196950527 0.34999999 0.75636697 -2.6346300
1197715613 0.34999999 0.67292714 -2.0820336
1198522115 0.34999999 0.75264204 -2.9894741
1200543890 5.00000007E-02 0.62636954 -1.1098666
1200856359 0.34999999 0.75428510 -1.7911389
1201442068 0.34999999 0.53537887 -2.4802556
1203280382 -0.30000001 0.41548091 -4.3628292
1203409866 0.34999999 0.54319566 -3.4183707
1203790455 0.34999999 0.60222942 -3.0876575
1204138448 -0.30000001 0.49159989 -3.2389102
1204304285 0.34999999 0.70301050 -1.5327487
1204490434 0.34999999 0.39938685 -2.7920992
1204651907 -0.34999999 0.58943111 -2.9386823
1204651936 0.34999999 0.55453885 -3.1609702
1204670552 0.34999999 0.61567062 -2.8873372
1207186072 0.34999999 0.65869468 -2.7582974
1208187584 -0.30000001 0.41872501 -4.0871739
1208931881 0.34999999 0.46411893 -4.1978712
1208975321 0.25000000 0.57818633 -1.3263180
1208982088 0.34999999 0.52666432 -3.0553193
1208988255 0.34999999 0.45862654 -3.2809620
1208988552 0.34999999 0.45484662 -3.3638577
1209105937 0.34999999 0.56086969 -3.2091560
1209216223 0.34999999 0.56431955 -2.8809330
1209291757 0.34999999 0.59499371 -3.0544891
1209339084 0.34999999 0.71238208 -1.8572862
1209362380 0.34999999 0.54331434 -3.5119562
1209543825 0.34999999 0.39472410 -4.8475437
1209563099 0.34999999 0.64715129 -3.0547132
1209583346 0.34999999 0.60259205 -3.1608715
1209820628 0.34999999 0.64618105 -2.5296011
1209877317 0.34999999 0.64312345 -2.9343567
1210448520 0.34999999 0.59027183 -2.8405333
1210560189 0.34999999 0.53341317 -3.0238566
1210633064 0.34999999 0.70875353 -1.6207547
1210703275 0.34999999 0.51129258 -3.2858343
1212285435 0.0000000 0.67322981 -1.5669906
1212339563 0.34999999 0.59053230 -3.0690703
1213107823 0.34999999 0.56415153 -2.7729969
1213158817 0.25000000 0.51577860 -2.2443929
1213486164 -0.34999999 0.67813849 -2.2682214
1214086760 0.34999999 0.59629130 -3.0158558
1214128508 0.34999999 0.66132605 -2.8104837
1214211456 0.34999999 0.49855307 -5.8452964
1214561217 0.34999999 0.50216669 -2.8123417
1215221786 0.34999999 0.65230602 -2.9518363
1215745668 -0.30000001 0.47229859 -4.0388136
1215812106 0.0000000 0.70940578 -1.0547614
1215812707 -0.30000001 0.44832501 -3.2016001
1215839910 0.34999999 0.65188509 -2.3002980
1215843106 0.34999999 0.44815052 -4.3046217
1215961116 0.0000000 0.72273779 -0.93858063
1216126809 -0.25000000 0.48141181 -2.6101277
1216904067 0.34999999 0.66765428 -2.6006083
1217616949 0.34999999 0.67517900 -2.5071721
1218233114 0.34999999 0.58683300 -3.0303502
1218994676 0.34999999 0.62618762 -4.4989858
1219291482 0.34999999 0.53552705 -3.8480182
1219301591 0.34999999 0.70809543 -1.8823981
1219723710 0.34999999 0.67246461 -2.6380515
1219772880 0.34999999 0.65948969 -2.9921689
1219869253 0.34999999 0.63512224 -2.3309941
1220179542 0.34999999 0.59324068 -2.9752438
1220742036 0.34999999 0.69490612 -2.9068198
1220946193 0.34999999 0.56912690 -2.7154901
1221047734 -0.30000001 0.47695073 -3.1229992
1222614737 0.34999999 0.60118127 -2.0290241
1225404477 0.34999999 0.57697564 -3.8509436
1225442295 0.34999999 0.67354918 -2.8975766
1228187814 0.34999999 0.51070613 -4.1903334
1228684717 0.34999999 0.72213608 -1.7936254
1229260451 0.34999999 0.61612993 -3.2269406
1229658996 0.15000001 0.37755468 -3.8594122
1229990683 0.34999999 0.61052549 -3.0361118
1230216280 0.34999999 0.60694671 -2.2548580
1230600687 0.34999999 0.53266418 -3.2375946
1230860391 0.34999999 0.60154432 -2.7163956
1231020274 -0.34999999 0.59965742 -2.8651986
1231041233 0.34999999 0.62195605 -2.6243682
1232714291 5.00000007E-02 0.57654935 -2.0948102
1232804891 -0.30000001 0.52970344 -2.1220801
1233928332 0.34999999 0.64781308 -3.5234766
1234166319 -0.15000001 0.33740351 -5.5130620
1234201315 0.34999999 0.62059915 -2.1640911
1234214675 -0.30000001 0.44883752 -4.4067111
1236731039 -0.34999999 0.57135969 -2.9442184
1236854628 0.34999999 0.62623703 -2.3614945
1237014105 0.34999999 0.61641663 -2.6375387
1237159221 5.00000007E-02 0.47598785 -3.0263548
1237164701 0.34999999 0.48501137 -5.4220004
1237551366 0.34999999 0.57847422 -3.9492331
1237619839 0.34999999 0.61031848 -3.2924128
1239235949 0.34999999 0.68089867 -2.1889298
1239971868 0.34999999 0.62557942 -4.1662350
1240678955 0.34999999 0.58196771 -3.0693107
1242397863 0.34999999 0.50251234 -3.4627509
1242709695 0.34999999 0.66938353 -2.0744550
1243376855 0.34999999 0.67335212 -2.5306029
1244248765 0.34999999 0.60703725 -3.3616619
1245087845 0.34999999 0.68787545 -2.1789296
1245407408 0.34999999 0.67392689 -2.8533762
1245469469 0.34999999 0.64883322 -2.7518387
1245877793 0.34999999 0.52185637 -4.3975029
1245881452 0.34999999 0.63757628 -2.7997410
1246167876 0.34999999 0.69693834 -1.9352469
1246181696 0.34999999 0.57007313 -2.8041465
1246182765 0.34999999 0.51537889 -3.1932745
1246208530 0.34999999 0.52600175 -3.9176769
1246208539 0.34999999 0.52601731 -3.9181523
1246598451 -0.34999999 0.48428470 -4.0222244
1246598488 -0.34999999 0.48370528 -4.0321579
1246614635 0.34999999 0.53306067 -3.6292281
1246985947 -0.34999999 0.64572263 -2.7759020
1247508302 -0.25000000 0.50563246 -2.5567384
1247516932 0.34999999 0.51987082 -3.7591147
1247654255 0.34999999 0.61631048 -3.2360153
1247741293 0.34999999 0.57695735 -2.9896462
1247769767 0.34999999 0.68328828 -1.9424882
1248159491 0.34999999 0.63049924 -2.7700279
1248570012 0.34999999 0.63901997 -2.0703118
1248588659 -0.34999999 0.55427432 -2.5728097
1248872986 0.34999999 0.67874449 -2.2799704
1248886386 0.34999999 0.64251417 -2.0026045
1249212887 0.34999999 0.57000190 -3.2922730
1250467545 0.34999999 0.55674815 -4.7280025
1250503855 0.34999999 0.47561219 -4.3325157
1250504106 0.0000000 0.56807584 -1.5416481
1250601456 0.15000001 0.48921424 -2.7090538
1250639275 0.34999999 0.63256228 -2.2804015
1250703707 0.34999999 0.66445643 -3.6135612
1250777890 -0.34999999 0.58014172 -3.3936810
1250888264 0.34999999 0.49631160 -3.4055977
1250911490 0.34999999 0.54567015 -4.6824551
1252249816 0.34999999 0.55965078 -3.2605124
1252757125 0.34999999 0.62141514 -3.4406071
1254591366 0.34999999 0.44370973 -5.6714406
1254664936 0.34999999 0.63833195 -2.0220098
1255243328 0.34999999 0.56704789 -3.7905970
1256244384 0.34999999 0.61429209 -2.7501850
1256252705 0.34999999 0.67307955 -1.9035888
1256431794 0.34999999 0.41548914 -3.5051494
1257413577 0.34999999 0.66975754 -3.2862301
1257413887 0.34999999 0.68705696 -2.7985442
1257420861 0.34999999 0.59173429 -3.8411765
1257678569 0.34999999 0.73874390 -2.1926968
1258065617 0.34999999 0.65768343 -2.7443082
1258296469 0.34999999 0.64257836 -2.9838009
1258824471 0.34999999 0.70242304 -2.4361947
1258926370 0.34999999 0.63665694 -2.7344263
1260564405 0.34999999 0.42581263 -5.5622039
1260692005 0.34999999 0.59415287 -3.6052952
1261227736 0.40000001 0.56377071 -7.0917444
1261227864 0.0000000 0.61411208 -2.1910434
1261228557 0.34999999 0.65906972 -2.5372534
1261232031 -0.34999999 0.70158911 -1.8776879
1261235533 -0.34999999 0.68634307 -1.4712107
1261275144 0.34999999 0.62304449 -3.7405577
1261713375 0.34999999 0.57071179 -3.1424441
1261922241 0.34999999 0.58451885 -3.2746425
1262034644 0.34999999 0.72895879 -1.9097154
1262237921 0.34999999 0.65507078 -2.7611995
1262343689 0.34999999 0.73283803 -2.4346600
1262367286 0.34999999 0.69853258 -2.3999510
1262622742 0.0000000 0.68881994 -0.67656636
1262633257 0.34999999 0.65126193 -3.2028866
1263881366 0.34999999 0.77186352 -1.4901729
1265523000 0.34999999 0.58593613 -3.0766153
1265599504 0.34999999 0.70053339 -3.0079331
1265691729 -0.34999999 0.51729524 -3.4257541
1265942558 0.34999999 0.59860951 -4.2634277
1266289887 0.34999999 0.53557259 -3.0574522
1266816064 0.34999999 0.65467864 -2.1213000
1267146477 0.34999999 0.59298825 -3.8518600
1267162697 0.34999999 0.61178493 -3.8168120
1267661932 -0.34999999 0.57161695 -3.1729589
1267662287 5.00000007E-02 0.75905311 -2.10311413E-02
1267686434 -0.34999999 0.55052578 -3.9420505
1267690576 0.34999999 0.64193666 -2.9664879
1268040382 0.34999999 0.68799341 -3.0252185
1268902896 0.34999999 0.55466652 -4.7500796
1268931240 0.34999999 0.65728182 -2.2711017
1269644874 0.34999999 0.71871012 -1.8012667
1270335780 0.34999999 0.58389193 -2.5682757
1270813793 0.34999999 0.63753498 -3.6334267
1270961850 0.34999999 0.54707998 -4.0385594
1270999307 0.34999999 0.52568895 -1.6950984
1271168968 -0.34999999 0.65720451 -2.1709683
1271191748 -0.34999999 0.59637374 -3.0007477
1271987388 0.34999999 0.68227959 -2.5060704
1272194052 0.34999999 0.52248877 -3.9382281
1272250791 -0.34999999 0.59746045 -2.9252136
1272823213 -0.34999999 0.59394246 -3.5825992
1274901407 0.34999999 0.62406003 -4.6345491
1276535865 0.34999999 0.60409653 -3.0500717
1276561877 -0.34999999 0.62356693 -2.7183118
1276823323 0.34999999 0.62663835 -2.5139298
1277440084 0.34999999 0.66405112 -3.4129496
1277575551 0.34999999 0.67458647 -2.3682826
1277670806 -0.30000001 0.52073658 -2.8319478
1278097892 -0.34999999 0.62200856 -3.0799470
1278515743 0.34999999 0.53114158 -3.1516848
1278618217 -0.34999999 0.45356882 -4.8972034
1278636079 0.34999999 0.59999120 -3.1486993
1279357457 0.34999999 0.73201841 -2.1343274
1279458204 0.34999999 0.51515037 -3.8176131
1280029930 -0.34999999 0.55858094 -3.7559118
1280553485 0.34999999 0.59549320 -3.4613357
1280563997 0.34999999 0.64639241 -3.8952508
1280587745 0.34999999 0.62688184 -3.6453085
1281476617 0.34999999 0.63026524 -3.8364277
1282408680 0.34999999 0.73547751 -2.2438166
1282415961 0.34999999 0.59678394 -2.6301169
1282416480 -0.25000000 0.47736973 -2.6824067
1283157909 -0.30000001 0.49767518 -3.1995158
1283540817 0.34999999 0.61067063 -3.9997320
1284039008 0.34999999 0.63452965 -2.3492200
1284244867 0.34999999 0.67600250 -2.5514526
1284952628 0.34999999 0.62402683 -2.1279714
1285350982 -0.34999999 0.61272287 -2.7235758
1285695233 0.34999999 0.49954987 -3.4669423
1285876560 0.34999999 0.66104418 -2.3301983
1286047392 0.34999999 0.60588503 -3.8497734
1286198915 0.34999999 0.70358551 -1.0956066
1286865806 0.34999999 0.38546520 -6.3295126
1287036373 -0.15000001 0.49757564 -2.8754616
1289221280 0.34999999 0.70658016 -2.9997442
1289567329 0.34999999 0.55851007 -2.7475233
1289576340 0.34999999 0.59422338 -2.8823309
1290342705 0.34999999 0.57184988 -4.2201090
1290784424 0.34999999 0.52096617 -3.5078998
1290799240 0.34999999 0.72448480 -1.5544412
1291601652 0.34999999 0.60836893 -3.1054773
1291689974 0.34999999 0.54246670 -3.5689578
1291927327 0.34999999 0.59225750 -3.6980166
1292000461 0.34999999 0.58880913 -3.5251985
1294804388 0.34999999 0.49829057 -3.3875556
1296507195 0.34999999 0.55833054 -3.4201322
1296548191 -0.20000000 0.47602540 -2.8863118
1297058102 0.34999999 0.65851635 -2.4142318
1297342916 0.34999999 0.61429071 -3.3076696
1297754297 -0.15000001 0.51809037 -2.4172087
1298970247 0.0000000 0.17093697 -23.639072
1300608051 0.34999999 0.54530221 -3.5675325
1301123952 0.34999999 0.57923335 -3.0478487
1301458951 0.34999999 0.58564413 -3.3044844
1301964194 0.34999999 0.68195528 -2.1378984
1302916270 0.34999999 0.66004300 -1.9180510
1302961193 0.34999999 0.60865772 -2.4093149
1304080155 0.34999999 0.68104100 -2.7600622
1304082768 0.34999999 0.62643510 -2.4768102
1304152538 0.34999999 0.60722464 -3.2856278
1304437954 0.34999999 0.62900341 -4.6490526
1304717510 0.34999999 0.55906397 -3.1554866
1304757333 0.34999999 0.68181115 -2.2310164
1306028051 0.34999999 0.46034378 -3.6016440
1306098435 0.34999999 0.62187332 -3.8925271
1306261925 0.34999999 0.61700755 -3.3415599
1307034472 -0.34999999 0.52706653 -3.3957767
1307669122 0.34999999 0.72437131 -1.7951829
1308478735 0.34999999 0.69553286 -2.6023362
1309048281 0.34999999 0.69750911 -1.7523558
1309094354 0.34999999 0.60930514 -2.6999803
1309326569 0.34999999 0.58449209 -2.8038251
1309474048 0.34999999 0.67145020 -4.0027957
1309601047 0.34999999 0.57255369 -3.0159645
1309696244 0.34999999 0.61475289 -2.9525487
1309953539 0.34999999 0.65155709 -2.4064410
1310469430 0.34999999 0.68195254 -2.0713463
1310541580 0.34999999 0.49926698 -4.7018619
1310928323 0.34999999 0.70820028 -2.0269456
1311000534 0.34999999 0.56631052 -3.9967384
1311084070 0.34999999 0.73401171 -1.3703058
1311142337 0.34999999 0.58423638 -3.3901744
1311692424 0.34999999 0.69562554 -2.2863336
1313100452 0.34999999 0.65101510 -3.8551674
1314264913 0.34999999 0.67975718 -2.2177858
1322787324 0.34999999 0.47181937 -4.3942437
1322993584 0.34999999 0.62214798 -2.9417219
1323861170 0.34999999 0.66347271 -2.8627889
1323909341 0.34999999 0.65104258 -3.1699004
1324582798 0.34999999 0.57192546 -3.1377811
1325660397 0.34999999 0.49344859 -4.8932519
1326181267 0.34999999 0.49048221 -3.0815525
1326728445 -0.30000001 0.45813325 -2.8845525
1327107001 0.34999999 0.58488834 -3.4296279
1327480583 0.34999999 0.58667719 -3.6257315
1327824459 0.34999999 0.53824669 -3.1620207
1328324062 0.34999999 0.60384011 -3.0634518
1328459111 0.34999999 0.57490063 -3.1859426
1330223700 0.34999999 0.53738862 -3.2259002
1330883534 0.34999999 0.60896635 -3.5876408
1332071890 0.34999999 0.66177458 -2.3242340
1332086295 0.34999999 0.59608293 -2.4321585
1332373478 0.34999999 0.59605283 -3.1039572
1333258441 -0.34999999 0.50866610 -3.8028865
1333828758 0.34999999 0.51069391 -4.5677876
1333921411 0.34999999 0.59073973 -2.4128447
1334227165 0.34999999 0.69686341 -3.2744017
1334800688 0.34999999 0.69187969 -2.1275346
1335409258 0.0000000 0.37238950 -3.9465156
1335538115 0.34999999 0.64006597 -4.9268670
1338362741 -0.30000001 0.40884107 -4.0781112
1338842309 0.34999999 0.62118542 -4.0100093
1338890190 0.34999999 0.58739078 -3.3965158
1338944914 -0.30000001 0.47383264 -3.3163095
1338944979 -0.25000000 0.46803632 -3.3813677
1338945045 0.0000000 0.77371359 -0.98500872
1339216879 0.34999999 0.67107987 -2.2472150
1339275618 0.34999999 0.53357828 -3.3366618
1339278860 0.34999999 0.66789347 -2.9457541
1339309409 0.34999999 0.62016249 -4.9181333
1339575740 0.30000001 0.51551592 -2.2852170
1339598466 0.34999999 0.59252191 -1.7617567
1339646879 0.34999999 0.66583347 -2.0291550
1339690513 -0.34999999 0.46468660 -3.9754095
1339702255 0.34999999 0.69998950 -2.5073996
1339923712 -0.34999999 0.55752647 -4.8176565
1341299876 0.34999999 0.65652335 -2.2274790
1341924177 0.34999999 0.64332479 -2.5661919
1342405200 0.34999999 0.54343098 -4.3829422
1344277570 0.34999999 0.64269215 -2.7594817
1344910008 0.34999999 0.48720184 -4.4666038
1344941743 0.34999999 0.65408123 -3.0153570
1345138860 0.34999999 0.64049083 -3.5677366
1345234802 0.34999999 0.60337150 -3.0180535
1346380382 0.34999999 0.29947007 -12.367950
1346415099 0.34999999 0.70803058 -1.9807963
1346415834 0.34999999 0.70254862 -2.1064816
1346788818 -0.30000001 0.48885703 -2.5553920
1346816730 0.34999999 0.64926660 -2.6591737
1348523853 0.34999999 0.56776404 -2.9637775
1350722979 0.34999999 0.73381329 -1.4062915
1350800865 0.34999999 0.65959513 -4.6407232
1351161077 0.34999999 0.65048057 -2.3804784
1352122829 0.34999999 0.62460560 -2.7434804
1352554787 -0.34999999 0.43130067 -3.7227817
1353431341 0.34999999 0.47448257 -4.0252337
1353536726 0.34999999 0.68188351 -2.0891478
1354158772 0.34999999 0.71133614 -2.1858177
1354470336 -0.34999999 0.57327300 -3.0670152
1354477411 0.34999999 0.59752721 -3.1665573
1354976814 -0.34999999 0.56174260 -3.2713466
1355221924 0.34999999 0.63759774 -2.8901246
1356243184 0.34999999 0.58436394 -2.9158273
1356319072 0.34999999 0.58988780 -3.2111721
1356487597 -0.34999999 0.63266170 -2.7899899
1356883405 0.30000001 0.42978188 -3.8813944
1357128106 -0.34999999 0.57606912 -3.8402619
1357236484 0.34999999 0.58997393 -3.0890388
1357270197 0.34999999 0.53023082 -3.0875306
1357331931 0.34999999 0.64620388 -2.0154703
1357541346 0.34999999 0.62297165 -2.8652873
1357994057 0.34999999 0.64231867 -2.3197224
1358411441 0.34999999 0.64955652 -2.1127012
1358708986 0.34999999 0.66065544 -2.6987984
1359776392 0.34999999 0.65734076 -3.2701368
1361064727 0.34999999 0.55892479 -3.2821879
1361239965 0.34999999 0.64915425 -1.9402521
1361256759 0.34999999 0.64406711 -2.8744056
1361373628 0.34999999 0.63434583 -2.5933843
1361471757 0.34999999 0.60698336 -2.9645455
1361665659 0.34999999 0.55206889 -2.7518113
1362386544 -0.34999999 0.59372348 -2.8693440
1362609444 0.34999999 0.61415565 -3.8704009
1362627405 0.34999999 0.47929791 -3.3066187
1362643640 0.34999999 0.63677949 -2.8020751
1363079024 0.34999999 0.71738988 -2.3078852
1363764120 0.34999999 0.63781208 -2.7087038
1364349799 0.34999999 0.50092357 -4.0219378
1364349845 -0.30000001 0.44764912 -4.0130420
1364355002 0.34999999 0.60962534 -2.9415188
1364690983 0.34999999 0.63132697 -3.2568693
1365625224 0.0000000 0.80372584 -8.76433849E-02
1366061297 0.34999999 0.57722521 -6.5091233
1366432589 0.34999999 0.68513036 -2.6190336
1366513671 0.34999999 0.67698210 -2.5958996
1369110346 0.34999999 0.41629502 -5.0233421
1369124755 -0.34999999 0.54373997 -4.8998876
1369791239 0.34999999 0.58870608 -3.3814325
1369883683 0.34999999 0.68383950 -3.0375910
1370118743 0.34999999 0.63909698 -2.3174157
1370151783 0.34999999 0.52001500 -4.7474136
1370623082 0.34999999 0.54772359 -3.4198675
1372241957 -0.34999999 0.55731851 -2.8030910
1372463510 -0.30000001 0.40674675 -4.4980340
1373829868 0.34999999 0.50005621 -4.0694532
1373895699 0.34999999 0.56973952 -5.1921434
1373969495 0.34999999 0.71058011 -1.8451445
1374677225 0.34999999 0.56008965 -3.6685123
1374679935 0.34999999 0.57500035 -3.6032696
1376837821 0.34999999 0.65591311 -3.1021152
1377205321 0.34999999 0.58222705 -3.4802270
1377355603 0.34999999 0.69247526 -4.1712151
1377407246 0.34999999 0.58874124 -3.4272599
1378247005 0.34999999 0.55592752 -3.4810944
1378467231 0.34999999 0.57070285 -4.0541716
1379475197 0.34999999 0.56255394 -3.1461954
1380542719 0.34999999 0.55864018 -3.3946686
1381466759 0.34999999 0.52079725 -3.0023718
1381684855 0.34999999 0.54358721 -3.8898401
1382170436 0.34999999 0.57195741 -3.8380637
1382919848 0.34999999 0.71762478 -2.2820380
1383069011 0.34999999 0.59055734 -2.9785380
1383085061 0.34999999 0.55468214 -3.0045681
1383220929 0.30000001 0.48875520 -3.0724540
1383227120 0.34999999 0.64485300 -2.1654360
1383227831 0.34999999 0.62479919 -2.7756698
1383234448 0.34999999 0.55609018 -3.2568359
1383263545 -0.34999999 0.65561098 -2.0748577
1383450194 0.34999999 0.59561205 -2.9190633
1383519374 0.34999999 0.66928059 -2.1888056
1383809110 0.34999999 0.60416764 -2.9252532
1383809501 0.34999999 0.60381830 -3.2114797
1383989687 0.34999999 0.73960096 -1.1895344
1384145710 0.34999999 0.73028344 -1.6315000
1384544358 0.34999999 0.63755077 -2.8750937
1385019362 0.34999999 0.63657892 -2.5767994
1386347977 0.34999999 0.53265077 -2.5648980
1386357780 0.34999999 0.71639723 -1.9444399
1387916955 0.34999999 0.55632222 -2.8013189
1389034180 0.34999999 0.60128933 -3.0175943
1389204911 -0.34999999 0.42483386 -5.1913013
1389717867 0.34999999 0.35261372 -4.6481285
1389724692 0.34999999 0.42060143 -5.4503016
1389729005 0.34999999 0.48954931 -4.6529160
1389740803 0.34999999 0.52129209 -3.4174495
1389904819 0.34999999 0.65966886 -2.0345902
1390517490 0.34999999 0.63766831 -3.8575931
1390619771 0.34999999 0.56728947 -3.4161139
1391790286 0.34999999 0.64464039 -2.4436333
1393014317 0.34999999 0.62714899 -2.5878463
1393065064 0.34999999 0.57303733 -4.3172550
1393759985 0.34999999 0.57151014 -2.5886540
1393791078 0.34999999 0.52371484 -2.0417287
1394913876 -0.34999999 0.52659136 -3.8020449
1395061976 0.34999999 0.55789483 -2.8718550
1395231566 0.34999999 0.46578866 -3.2280416
1397097485 0.34999999 0.57399529 -3.9090362
1397746253 0.34999999 0.64588720 -2.4754291
1398443585 -188.15001 0.15084016 -283636.72
1399207416 0.34999999 0.62762642 -2.2661536
1399278483 0.34999999 0.53644484 -3.0135870
1399745740 -0.34999999 0.50716364 -1.0446782
1399746271 -0.34999999 0.48229277 -2.2304516
1400631673 -0.34999999 0.45493189 -1.7411695
1401021673 0.34999999 0.25829777 -3.0336738
1401296286 0.30000001 0.31142908 -2.5890632
1402085900 0.34999999 0.41008982 -1.7577395
1402313583 0.30000001 0.24909115 -2.7869079
1402624068 0.0000000 0.32641742 -1.5653598
1402784563 -0.30000001 0.24619064 -1.7273695
1403034553 -0.34999999 0.29701939 -3.5441232
1403317269 0.34999999 0.31809905 -5.4134231
1403439974 0.34999999 0.46253499 -2.4045091
1404774365 0.60000002 0.25355148 -5.2672782
1404925818 -0.85000002 0.38720191 -7.1019974
1405577514 -143.85001 5.13917021E-02 -4.72067712E+08
1407296767 -117.70000 1.86377205E-02 -0.35178578
1407544588 39.200001 3.41377966E-02 -3.65495682E-02
1408047770 0.0000000 0.99718112 0.99436092
1410046387 0.0000000 0.99592131 0.99185658
1410325949 0.0000000 0.99624711 0.99203485
1410382444 0.0000000 0.99047095 0.97795379
1411247643 0.0000000 0.99333656 0.98066276
1411641303 0.0000000 0.99809378 0.99615282
1412009058 0.0000000 0.99623364 0.99205923
1412705290 0.0000000 0.96349341 0.92119986
1413207959 0.0000000 0.94685447 0.88951218
1414298821 0.0000000 0.92511284 0.85316169
1416419181 0.0000000 0.99883634 0.99746394
1416419227 0.0000000 0.99886090 0.99750590
1416540553 0.0000000 0.96189451 0.92026252
1417557685 0.0000000 0.97199440 0.94385052
1417655668 0.0000000 0.94315559 0.87436545
1418245419 0.0000000 0.99250937 0.98502851
1418533563 0.0000000 0.94033253 0.87868536
1419682925 0.0000000 0.95236039 0.90613067
1419947441 0.0000000 0.94848782 0.89798099
1419995164 0.0000000 0.97683662 0.95335186
1420012476 0.0000000 0.97068882 0.94097281
1420437226 0.0000000 0.97089154 0.94039029
1420606112 0.0000000 0.98371750 0.96691287
1420742654 0.0000000 0.99351251 0.98692256
1421435535 0.0000000 0.99358004 0.98719174
1421639313 0.0000000 0.96735597 0.92833304
1422083726 0.0000000 0.99953634 0.99906951
1422374758 0.0000000 0.99959540 0.99919158
1422958210 0.0000000 0.99930662 0.99859434
1423037687 0.0000000 0.99963194 0.99925262
1423603888 0.0000000 0.99788380 0.99572670
1423726535 0.0000000 0.99906504 0.99809623
1423857991 0.0000000 0.99965721 0.99930912
1424969403 0.0000000 0.99964559 0.99928117
1426114954 0.0000000 0.99941468 0.99882358
1426344314 0.0000000 0.99911195 0.99819618
1426852891 0.0000000 0.99961483 0.99922693
1427105631 0.0000000 0.99980140 0.99960393
1427483378 0.0000000 0.99964756 0.99929404
1428208678 0.0000000 0.99677056 0.99353373
1428320250 0.0000000 0.99963754 0.99926877
1428945237 0.0000000 0.99942929 0.99885380
1429127316 0.0000000 0.99967629 0.99935526
1429494176 0.0000000 0.99975151 0.99950159
1429494550 0.0000000 0.99973989 0.99946696
1429528847 0.0000000 0.99967444 0.99932778
1429530313 0.0000000 0.99963009 0.99926096
1429531199 0.0000000 0.99973637 0.99947184
1429992097 0.0000000 0.99969482 0.99939066
1430658547 0.0000000 0.99970466 0.99940646
1431333501 0.0000000 0.99982417 0.99961835
1431387795 0.0000000 0.99973047 0.99943596
1431628549 0.0000000 0.99973655 0.99946862
1432588969 0.0000000 0.99964058 0.99926913
1432601816 0.0000000 0.99970859 0.99940920
1432799863 0.0000000 0.99965161 0.99929506
1434467768 0.0000000 0.99968392 0.99929386
1434867330 0.0000000 0.99965590 0.99930233
1435335400 0.0000000 0.99941593 0.99878174
1438066750 0.0000000 0.99972504 0.99944478
1438936857 0.0000000 0.99945289 0.99889320
1439209234 0.0000000 0.99863929 0.99728096
1439418087 0.0000000 0.99926233 0.99844897
1439474882 0.0000000 0.99969172 0.99937546
1439699200 0.0000000 0.99906307 0.99812138
1441113885 0.0000000 0.99975169 0.99940562
1441128847 0.0000000 0.99953657 0.99905914
1441160293 0.0000000 0.99975121 0.99948752
1441898607 0.0000000 0.99964058 0.99925816
1442339782 0.0000000 0.99956656 0.99910998
1442345855 0.0000000 0.99971992 0.99942350
1442345878 0.0000000 0.99971926 0.99942333
1442408939 0.0000000 0.99976677 0.99948490
1442410226 0.0000000 0.99969369 0.99933147
1442413798 0.0000000 0.99967045 0.99932730
1443074281 0.0000000 0.99960887 0.99916983
1443555465 0.0000000 0.99947762 0.99893683
1444648487 0.0000000 0.99975085 0.99947697
1444736944 0.0000000 0.99974906 0.99942964
1444953165 0.0000000 0.99976897 0.99952614
1444953267 0.0000000 0.99976575 0.99950248
1445014914 0.0000000 0.99956483 0.99913210
1445221055 0.0000000 0.99978638 0.99957043
1445233331 0.0000000 0.99972832 0.99945652
1445239215 0.0000000 0.99965948 0.99931717
1446412182 0.0000000 0.99977869 0.99952614
1446412281 0.0000000 0.99978435 0.99952108
1446509184 0.0000000 0.99965441 0.99930757
1446509190 0.0000000 0.99965483 0.99930799
1446714386 0.0000000 0.99947613 0.99894750
1447167192 0.0000000 0.99827111 0.99653870
1447255999 0.0000000 0.99961430 0.99922556
1447277516 0.0000000 0.99940890 0.99880821
1448316095 0.0000000 0.99905932 0.99812001
1448671943 0.0000000 0.99954307 0.99908483
1449033717 0.0000000 0.99971831 0.99943352
1449035580 0.0000000 0.99968529 0.99936789
1449153073 0.0000000 0.99974346 0.99948823
1449935242 0.0000000 0.99961644 0.99923164
1450510821 0.0000000 0.99923366 0.99844348
1450536811 0.0000000 0.99923533 0.99846524
1450992022 0.0000000 0.99963969 0.99927717
1451199638 0.0000000 0.99953902 0.99903309
1451327726 0.0000000 0.99954337 0.99906522
1451523194 0.0000000 0.99938267 0.99875629
1451829690 0.0000000 0.99962336 0.99924445
1451928000 0.0000000 0.99948400 0.99893409
1452487977 0.0000000 0.99974138 0.99947321
1453169606 0.0000000 0.99971932 0.99943632
1453824336 0.0000000 0.99928725 0.99851692
1454422761 0.0000000 0.99981868 0.99963140
1454702246 0.0000000 0.96333557 0.89988858
1454702308 0.0000000 0.99971056 0.99942005
1454702406 0.0000000 0.99979722 0.99959570
1454702512 0.0000000 0.99977756 0.99953997
1454978820 0.0000000 0.99981940 0.99962866
1455590759 0.0000000 0.99962282 0.99924946
1455595494 0.0000000 0.99960816 0.99919307
1455757779 0.0000000 0.99973214 0.99945790
1455758311 0.0000000 0.99977475 0.99955672
1456215987 0.0000000 0.99971777 0.99943370
1456541993 0.0000000 0.99956697 0.99912870
1457201466 0.0000000 0.99941611 0.99874306
1457276938 0.0000000 0.99962926 0.99917108
1459152479 0.0000000 0.99559450 0.99110347
1459502085 0.0000000 0.99622631 0.99245274
1459988008 0.0000000 0.99895245 0.99781507
1460294506 0.0000000 0.99953562 0.99902016
1460353509 0.0000000 0.99968481 0.99935913
1460804146 0.0000000 0.99977094 0.99952537
1461082597 0.0000000 0.99966437 0.99933386
1461607991 0.0000000 0.99971104 0.99940228
1461770234 0.0000000 0.99973124 0.99945998
1461770257 0.0000000 0.99973172 0.99946016
1461770858 0.0000000 0.99978799 0.99956942
1461781146 0.0000000 0.99977720 0.99951971
1461806086 0.0000000 0.99974096 0.99939620
1462056417 0.0000000 0.99977177 0.99952191
1462199340 0.0000000 0.99974853 0.99947119
1462521203 0.0000000 0.99977410 0.99949539
1462632669 0.0000000 0.99981743 0.99957234
1462675593 0.0000000 0.99964577 0.99920774
1463023035 0.0000000 0.99975014 0.99947113
1463023251 0.0000000 0.99977100 0.99949151
1463023282 0.0000000 0.99974483 0.99945956
1463027395 0.0000000 0.99979508 0.99953407
1463127852 0.0000000 0.99967343 0.99931782
1463195522 0.0000000 0.99976933 0.99945825
1463196768 0.0000000 0.99975872 0.99944121
1463530965 0.0000000 0.99975634 0.99927372
1463863900 0.0000000 0.99981928 0.99956888
1463882779 0.0000000 0.99982637 0.99955958
1464184475 0.0000000 0.99939972 0.99869049
1464544116 0.0000000 0.99971855 0.99933720
1464576767 0.0000000 0.99972409 0.99937409
1464630651 0.0000000 0.99975127 0.99919719
1464672226 0.0000000 0.99976987 0.99950141
1466204142 0.0000000 0.99943572 0.99880487
1466383187 0.0000000 0.99968117 0.99913317
1466409210 0.0000000 0.99947548 0.99868709
1466715930 0.0000000 0.99969763 0.99929893
1467361422 0.0000000 0.99970007 0.99915856
1469019333 0.0000000 0.99952066 0.99882728
1469592155 0.0000000 0.99974966 0.99935156
1471008941 0.0000000 0.99955982 0.99890083
1471908408 0.0000000 0.99973351 0.99936110
1472660934 0.0000000 0.99979204 0.99954432
1473440050 0.34999999 0.55783576 -2.7050271
1475055492 0.34999999 0.53197902 -4.1537189
1475769120 0.30000001 0.44232821 -3.5790191
1477370752 0.34999999 0.46779886 -3.5346069
1478519786 0.34999999 0.59835947 -2.9904926
1478903131 0.34999999 0.56026703 -2.7451351
1480024554 0.34999999 0.49048075 -3.5494537
1480377579 0.34999999 0.49171218 -2.8038576
1480507474 -0.30000001 0.44511512 -4.1974845
1481256588 0.34999999 0.56048781 -3.2104921
1481811269 0.30000001 0.48038816 -3.6195259
1483057851 0.34999999 0.59741765 -2.6417794
1483513641 0.34999999 0.66593981 -2.7784829
1484155863 0.34999999 0.66924644 -1.6881733
1484797338 0.34999999 0.43169290 -3.8908172
1484900187 0.34999999 0.58815390 -2.1710355
1485329586 0.34999999 0.61915231 -3.0886674
1486746772 0.34999999 0.56030107 -2.7448561
1487420859 0.34999999 0.51780057 -3.1679301
1487652197 0.0000000 0.51562500 -2.6125228
1488212310 0.34999999 0.60941863 -3.5501246
1488924651 0.34999999 0.62361151 -3.2689137
1489967289 0.34999999 0.54344958 -3.2749152
1490066029 5.00000007E-02 0.30409715 -6.4135857
1490805242 0.34999999 0.64968342 -2.2291703
1492112471 0.34999999 0.49919733 -5.0306129
1492367656 0.34999999 0.61621398 -2.3542886
1493517442 0.34999999 0.58582193 -3.1750178
1493960850 0.34999999 0.61510485 -3.3821349
1493986611 0.34999999 0.64588654 -3.1043854
1494889974 -0.30000001 0.43997031 -5.5403953
1494932580 0.15000001 0.49533388 -3.0976524
1495631454 0.34999999 0.62204719 -2.8163469
1495691291 0.34999999 0.68884492 -2.2000880
1495956669 0.34999999 0.51265645 -2.5681992
1495999757 -0.15000001 0.51565015 -2.6087716
1496582686 0.34999999 0.54972029 -3.4352703
1497967350 0.34999999 0.40723315 -3.2906141
1498029939 0.34999999 0.63404655 -2.6872592
1500318986 0.34999999 0.65879512 -2.5916791
1501139292 0.34999999 0.63304776 -3.1280456
1501845585 0.34999999 0.63337821 -2.6497111
1502294736 0.34999999 0.61594051 -2.9054062
1502416734 0.34999999 0.69816768 -2.0126748
1502582915 0.34999999 0.61416698 -3.2816048
1504364658 0.34999999 0.54880762 -2.6464002
1505096741 0.34999999 0.63277954 -3.1638684
1505687994 0.34999999 0.64842886 -2.8617857
1505917796 0.34999999 0.61123931 -3.2614121
1506232185 0.34999999 0.64496940 -2.7417839
1506549399 0.34999999 0.62313241 -3.6443672
1507505391 -0.34999999 0.54723674 -3.2977281
1507747520 0.34999999 0.63736475 -2.7738993
1508582157 0.34999999 0.55458224 -2.2495220
1509318944 0.34999999 0.39342237 -4.6431608
1509677295 0.34999999 0.55758226 -3.0552983
1509677339 0.34999999 0.55557179 -3.0353456
1509752088 0.34999999 0.48513660 -3.8124466
1510398879 0.34999999 0.64516079 -2.4286933
1510402973 0.34999999 0.60014158 -2.6109757
1510440860 0.34999999 0.57241988 -2.3209229
1510947032 0.34999999 0.72456610 -1.5301967
1511360409 0.34999999 0.55920810 -3.9478755
1511470532 0.34999999 0.63230699 -2.8394859
1512230735 0.34999999 0.51694316 -2.0097010
1512377977 -0.30000001 0.55427057 -2.2787032
1512704669 0.34999999 0.70569742 -1.0460434
1513120660 0.34999999 0.48598063 -3.4789615
1516168751 0.34999999 0.63904256 -2.6004992
1516984288 0.34999999 0.56237012 -3.4151015
1517686257 0.34999999 0.51650697 -4.2433133
1517749972 0.34999999 0.46378767 -4.3282685
1517752600 0.34999999 0.48427862 -3.9207373
1517752662 -0.30000001 0.44959679 -4.1676221
1517753127 0.34999999 0.63163805 -1.9311116
1517753452 0.34999999 0.55606145 -2.7588210
1517753522 0.34999999 0.54914844 -2.7179990
1517753592 0.34999999 0.55292970 -2.6888273
1517753815 0.34999999 0.59568888 -2.1874619
1517758427 0.34999999 0.54526275 -3.1211672
1517763262 0.34999999 0.68050969 -2.0663369
1517821602 -0.30000001 0.52406776 -2.9489212
1517823894 0.34999999 0.56156653 -3.7566576
1517846321 0.34999999 0.48698285 -3.5048432
1517852233 0.34999999 0.58882225 -2.1921535
1517893754 0.34999999 0.44345331 -4.1437864
1517906208 0.34999999 0.53953063 -2.6103776
1517932241 0.34999999 0.54995465 -3.0280943
1517932280 0.34999999 0.54991293 -3.0232444
1517932282 0.34999999 0.54988080 -3.0228796
1517932427 0.10000000 0.58748770 -1.1858842
1517932434 0.25000000 0.58101571 -1.1798470
1517932492 -0.30000001 0.61551476 -0.82386875
1517933877 -0.34999999 0.61932695 -3.2597938
1517940013 0.30000001 0.48743185 -2.7873785
1517940459 0.30000001 0.53582674 -3.1474309
1517944528 0.25000000 0.44136128 -3.7710881
1517945796 0.30000001 0.51803178 -4.3514018
1517950582 0.34999999 0.47477239 -4.0716963
1517958702 0.34999999 0.54094034 -3.5465851
1517960631 0.34999999 0.66780913 -2.4232626
1517969882 0.30000001 0.41796541 -4.9564509
1517974578 0.34999999 0.60932183 -3.1440277
1517998787 0.34999999 0.65510261 -2.7935469
1518001985 0.30000001 0.45740324 -3.9849653
1518008800 0.34999999 0.57487363 -2.9288468
1518008880 0.30000001 0.39407182 -4.1427422
1518013159 0.30000001 0.49003819 -3.0768809
1518016890 0.30000001 0.48702860 -3.0871863
1518016916 0.30000001 0.48712581 -3.0817862
1518051257 0.34999999 0.52268112 -4.1313143
1518059164 0.34999999 0.60285079 -3.9911718
1518142443 0.34999999 0.66829503 -2.1301062
1518201789 0.34999999 0.58952183 -2.6710930
1518248929 0.34999999 0.55465299 -2.7396562
1518858396 0.34999999 0.53437793 -2.9145584
1518981709 0.34999999 0.71111214 -3.7277513
1519051621 0.34999999 0.55755639 -3.4154620
1519254641 0.34999999 0.59486842 -3.6239295
1519583320 0.34999999 0.47227076 -5.5883260
1519962147 0.34999999 0.70724857 -2.1114824
1520098551 0.34999999 0.49959794 -4.0702534
1520329330 0.34999999 0.69744223 -1.2700529
1521024527 0.30000001 0.52165866 -3.1191077
1521537776 -0.34999999 0.57834494 -3.6054921
1521728871 -0.34999999 0.62788481 -2.7592046
1522232997 0.34999999 0.66128343 -2.6612518
1522282670 0.34999999 0.64259297 -2.9611921
1522598524 0.34999999 0.64869559 -3.7919254
1523432369 0.34999999 0.58097601 -3.1054754
1523886539 0.34999999 0.58071131 -2.8628733
1524201906 0.34999999 0.61676115 -2.6722047
1524248877 0.34999999 0.58229256 -2.9857719
1524308214 0.34999999 0.65834379 -2.2244086
1524503432 0.34999999 0.64239150 -2.9088793
1524721460 0.34999999 0.61864489 -2.8743196
1524721601 0.34999999 0.56794858 -3.3599095
1524808553 -0.34999999 0.58230352 -2.9591131
1525218424 0.34999999 0.54069847 -3.0909457
1526098666 0.34999999 0.64575565 -4.1210799
1527728598 0.25000000 0.48188654 -2.8533454
1527904870 0.34999999 0.69333076 -2.9018888
1528731725 0.34999999 0.61796784 -3.3316174
1528750347 0.34999999 0.55053318 -4.4338222
1528856173 0.34999999 0.41719216 -4.0283055
1529096035 0.34999999 0.55867225 -2.9994709
1529334375 0.34999999 0.57823628 -1.9804432
1529522338 0.34999999 0.55212307 -4.1360955
1530516370 0.34999999 0.63621724 -3.1974144
1530516385 0.34999999 0.63637269 -3.1960087
1530609654 0.34999999 0.59264195 -2.4438047
1531312909 0.0000000 0.98743206 0.97427160
1531507119 0.0000000 0.99308556 0.98580998
1532050755 0.0000000 0.98695898 0.97396642
1533217098 0.0000000 0.99200898 0.98383218
1533504622 0.0000000 0.99051815 0.98111832
1533801692 0.0000000 0.99068332 0.98144633
1534500582 0.0000000 0.99155056 0.98297232
1534551317 0.0000000 0.99191356 0.98377514
1535572403 0.0000000 0.99197114 0.98389262
1535660064 0.0000000 0.99266541 0.98485506
1536498994 0.0000000 0.98977715 0.97964859
1536641006 0.0000000 0.99094212 0.98132867
1536700815 0.0000000 0.99046403 0.98071879
1538633849 0.0000000 0.98888826 0.97789878
1538766649 0.0000000 0.98798221 0.97577411
1539072778 0.0000000 0.99352604 0.98701793
1539164591 0.0000000 0.99093217 0.98133075
1540269298 0.0000000 0.98932433 0.97665846
1540310644 0.0000000 0.99414581 0.98785305
1541624711 0.0000000 0.99401277 0.98797035
1542328459 0.34999999 0.60824919 -3.2665772
1542608341 0.34999999 0.65136188 -2.3273344
1542638415 0.34999999 0.49565944 -3.1909142
1542645094 0.34999999 0.60397172 -2.6053939
1543190243 0.34999999 0.57858455 -3.2489552
1543191316 0.34999999 0.63942349 -3.1674089
1543236658 0.34999999 0.60335690 -3.0143027
1543238642 0.34999999 0.63365132 -2.6064487
1543314575 -0.34999999 0.66239345 -2.5807972
1544368541 0.34999999 0.62742907 -2.5934014
1544439487 0.34999999 0.66674805 -1.7552531
1544621063 0.34999999 0.57784516 -3.1044536
1544908865 0.34999999 0.74510503 -1.1571975
1545710204 0.34999999 0.58250070 -2.8839121
1546538568 0.30000001 0.46041277 -3.8241220
1546949806 0.34999999 0.51682657 -3.6056232
1548127166 0.34999999 0.55208832 -3.1718969
1548825695 0.34999999 0.59671199 -3.0098577
1548861293 0.34999999 0.48537752 -2.7216449
1549366351 0.34999999 0.63462210 -2.0472803
1549558324 0.34999999 0.69330710 -2.0539424
1550239687 0.30000001 0.65424395 -2.1132276
1551558867 0.34999999 0.54421777 -3.9361463
1552012334 0.30000001 0.42759138 -4.3088684
1552127531 5.00000007E-02 0.56559628 -1.9226770
1552421955 0.34999999 0.60943025 -3.0948930
1552451554 0.34999999 0.63859022 -2.2968085
1552511242 0.34999999 0.54225802 -3.4163308
1552697151 0.34999999 0.63956279 -2.6703966
1552968094 0.34999999 0.65841860 -1.8508728
1553256348 0.34999999 0.66009921 -1.9150274
1553414210 0.34999999 0.59421861 -2.5344210
1554087275 0.34999999 0.58512902 -3.3845019
1554172029 -0.15000001 0.35688502 -4.8586779
1554256375 -0.34999999 0.50756454 -4.1996164
1554343015 0.34999999 0.56546438 -3.4151630
1554382610 0.34999999 0.61850595 -3.4051948
1554499495 0.34999999 0.66585159 -2.0690928
1554706689 0.30000001 0.46306911 -3.0253577
1554822801 0.34999999 0.54970503 -3.2242327
1554841453 0.34999999 0.67245626 -2.3398685
1554850672 0.34999999 0.56848651 -3.1548200
1555563667 0.34999999 0.56628895 -1.7396522
1556793883 0.34999999 0.60616040 -2.8746631
1556970683 0.34999999 0.59964311 -2.0226381
1557330527 0.34999999 0.66699523 -2.1191900
1557737721 0.34999999 0.64237076 -2.6015980
1558197514 0.34999999 0.60564315 -2.9602220
1558379328 0.34999999 0.51833057 -1.8212926
1558489044 0.34999999 0.67833167 -2.6478450
1558591969 0.34999999 0.69926125 -1.6778953
1559317998 0.34999999 0.50408649 -3.8676548
1559641578 0.0000000 0.62618935 -1.8327348
1559762840 0.34999999 0.63250506 -2.6683717
1560870606 0.34999999 0.57490802 -3.3198099
1561237205 0.34999999 0.66121572 -2.6570861
1561242160 0.34999999 0.65227515 -2.5646918
1561825206 0.34999999 0.65590739 -1.7898092
1561837452 -0.34999999 0.59302121 -2.5837235
1562610935 0.34999999 0.71637696 -2.0108142
1562880116 0.34999999 0.68253565 -1.6568091
1563275550 0.34999999 0.62494314 -3.1741014
1563531230 -0.30000001 0.49234560 -3.7518821
1563768365 0.34999999 0.34702572 -4.1626725
1563850922 0.34999999 0.30922973 -10.102781
1564123196 0.34999999 0.59262872 -2.6771307
1564190683 -0.30000001 0.53024548 -2.0909812
1564649429 0.34999999 0.62981272 -3.1463447
1564753988 -0.34999999 0.47659782 -3.3926663
1564784683 -0.30000001 0.45484361 -4.0316334
1565054388 0.34999999 0.53684807 -2.7324536
1565055090 0.34999999 0.71735561 -1.3309500
1565213283 5.00000007E-02 0.50759321 -4.1770844
1565218942 0.34999999 0.55451125 -2.7318027
1565905300 0.34999999 0.62886745 -3.1851063
1566053525 0.34999999 0.65356559 -2.3208807
1566053530 0.34999999 0.65354568 -2.3210499
1566074882 0.34999999 0.57725382 -4.2325096
1566101114 0.34999999 0.64588088 -1.9781594
1566598377 5.00000007E-02 0.41711274 -3.5891757
1566648618 0.0000000 0.59136999 -0.87281919
1567237819 0.34999999 0.55588341 -2.6822302
1567471650 0.34999999 0.60561192 -3.2173090
1567604000 0.34999999 0.59508145 -3.9784780
1567917359 0.34999999 0.59388399 -3.0575824
1568005668 0.34999999 0.48020184 -4.0663714
1568095682 0.34999999 0.56020325 -2.6854250
1569863578 0.34999999 0.62779856 -2.7132759
1570468626 0.30000001 0.50200260 -3.1762238
1571312673 0.34999999 0.72683483 -1.4019003
1571861758 5.00000007E-02 0.52654278 -1.4684763
1572218883 -0.34999999 0.61258841 -2.4427412
1573491297 0.34999999 0.61223227 -1.7913282
1573495893 0.34999999 0.54157370 -2.8018367
1574645562 0.30000001 0.53062576 -3.1931295
1575564604 5.00000007E-02 0.73883402 -0.42909265
1575660753 0.34999999 0.60017771 -2.1645508
1576495557 0.34999999 0.53348452 -3.7976284
1577769501 0.0000000 0.43071941 -3.9426689
1577819410 0.34999999 0.56685328 -2.9902320
1578293635 0.34999999 0.63419193 -3.7844696
1578510402 0.34999999 0.49951044 -6.0203013
1579404154 0.34999999 0.52452511 -3.8671446
1579703564 0.34999999 0.63026124 -2.7133315
1580749376 0.34999999 0.56951898 -4.0584412
1581076659 0.34999999 0.60521060 -3.1161776
1581616159 0.34999999 0.49600840 -4.3552575
1581629921 0.34999999 0.45560172 -4.0906587
1581764406 0.34999999 0.54060268 -3.1992593
1581764700 0.34999999 0.67681563 -2.5699165
1581794413 0.30000001 0.40015393 -4.2145300
1582090065 0.34999999 0.49302384 -4.2106466
1582113307 0.34999999 0.69038284 -2.2774048
1582546233 0.34999999 0.57253367 -3.3966770
1582592414 0.34999999 0.53088742 -3.7991438
1582629242 0.34999999 0.58985007 -2.8105416
1582695255 0.34999999 0.65818053 -2.9689538
1584677477 0.34999999 0.60112137 -3.5398450
1585787701 0.0000000 0.37554759 -4.7298608
1586304460 0.34999999 0.61135823 -3.5421882
1586389759 0.34999999 0.56904703 -3.9103975
1586537097 0.34999999 0.63685703 -2.6990118
1586691401 0.34999999 0.64810961 -3.3384385
1587481331 0.34999999 0.67417991 -2.8589389
1588476280 0.34999999 0.60614669 -2.8259969
1589003116 0.34999999 0.63889170 -3.0439749
1593214064 0.34999999 0.62877315 -2.4286177
1593241888 0.34999999 0.57398498 -3.6394234
1593407313 0.34999999 0.56864017 -4.4360967
1593435168 0.34999999 0.65000385 -2.8627558
1593519432 0.34999999 0.53210324 -3.3489604
1594227272 0.34999999 0.63259023 -2.3055155
1594265063 0.34999999 0.65089202 -2.3269210
1594267923 0.34999999 0.64124644 -2.1702290
1594526768 0.34999999 0.63374150 -2.5751183
1594546164 -0.30000001 0.19947778 -8.3227234
1595767949 0.34999999 0.58634186 -3.6427808
1597107665 0.34999999 0.61158264 -2.1979461
1597123796 -0.30000001 0.36177662 -3.2968640
1597187246 0.34999999 0.58544827 -2.5902989
1597774608 0.34999999 0.47068572 -3.0267320
1597797181 0.34999999 0.57951200 -3.0917034
1597806811 0.34999999 0.63516676 -2.3947985
1598480108 0.34999999 0.60540909 -2.4830034
1598847265 5.00000007E-02 0.36171839 -3.3396301
1599036279 0.34999999 0.55758208 -3.2503729
1600306672 0.34999999 0.56994945 -2.8373795
1600646088 0.34999999 0.52240688 -2.5985181
1600833602 0.34999999 0.55700350 -2.8469701
1601017581 0.34999999 0.52955496 -3.4423985
1601326254 0.34999999 0.54184568 -2.9234369
1601342057 -0.30000001 0.49700236 -2.2139697
1601440640 0.34999999 0.58344114 -3.2236071
1601863505 -0.30000001 0.45684394 -3.2651911
1602517184 0.34999999 0.56384623 -2.7770846
1602946993 0.34999999 0.61433822 -3.4650984
1602947159 0.34999999 0.58736974 -3.0891004
1603087586 0.0000000 0.49191684 -2.0221124
1603396062 0.0000000 0.53343379 -1.1808236
1603674483 0.34999999 0.50317907 -3.3047132
1604358861 0.34999999 0.54997379 -2.5785506
1604426346 0.34999999 0.51281124 -2.2656052
1604601372 0.34999999 0.59869641 -2.4673395
1604626818 0.34999999 0.56547642 -2.8239090
1605130406 0.30000001 0.47250620 -3.4468317
1605130534 0.20000000 0.46409276 -2.7974739
1605266102 -0.25000000 0.44874406 -2.4778495
1605511152 0.34999999 0.60133570 -2.5773907
1605551866 0.0000000 0.71732557 -0.91407549
1605557664 0.30000001 0.40930855 -3.9152961
1605621503 0.30000001 0.47818691 -2.6483283
1605662576 0.34999999 0.43492243 -3.8576679
1606582085 0.10000000 0.54628545 -1.6494863
1606657334 0.34999999 0.55473363 -2.9315650
1607578178 0.34999999 0.62415981 -2.4490719
1607606398 0.30000001 0.46964020 -3.3331308
1607606851 0.0000000 0.82414979 0.32171446
1607624108 0.34999999 0.58923107 -3.0391059
1608317519 0.34999999 0.39297679 -2.3192201
1608385359 0.0000000 0.74774081 -0.16334081
1609436522 0.34999999 0.51788384 -2.1657107
1609594007 0.34999999 0.48132759 -3.1788135
1610162996 -5.00000007E-02 0.55831230 -1.8922064
1610192153 0.34999999 0.58318168 -2.4449358
1610249009 0.34999999 0.60860783 -2.5751717
1611559538 0.34999999 0.56587976 -2.6503062
1611565557 0.34999999 0.49413419 -4.2256379
1611574763 0.34999999 0.66700894 -2.0756865
1611584686 0.34999999 0.41662958 -3.4153271
1611818971 0.34999999 0.59689808 -2.2418840
