1089099122 0.0000000 0.81510144 0.51436901
1089113880 0.0000000 0.76503313 0.26544297
1089371968 5.00000007E-02 0.29216406 -6.6192627
1090478200 -5.00000007E-02 0.32438669 -6.1662641
1091970746 5.00000007E-02 0.50407684 -1.7950122
1092861100 5.00000007E-02 0.40670455 -4.5334702
1093118276 5.00000007E-02 0.42815915 -6.0312490
1093908136 5.00000007E-02 0.54430771 -1.8148272
1095475955 -5.00000007E-02 0.42981172 -3.7753921
1097813330 5.00000007E-02 0.65717185 -0.28230143
1098848984 5.00000007E-02 0.42553517 -3.4579830
1099928102 5.00000007E-02 0.59712660 -0.66691625
1099929295 0.0000000 0.85979402 0.69187140
1099929521 0.0000000 0.93432719 0.86853117
1099931589 5.00000007E-02 0.43736860 -3.3792396
1099942690 0.0000000 0.77785289 0.37714267
1100098082 0.0000000 0.65584940 -0.37849367
1100139404 0.0000000 0.84774441 0.58833277
1100237223 5.00000007E-02 0.49312410 -2.4703383
1100955874 5.00000007E-02 0.64006591 -0.12061429
1103674687 0.0000000 0.70568001 0.10841155
1105287429 5.00000007E-02 0.78869343 0.48951173
1105405102 5.00000007E-02 0.30530721 -7.6086321
1105536640 5.00000007E-02 0.57608783 -0.83129025
1105765351 5.00000007E-02 0.36558741 -5.7711792
1106056455 5.00000007E-02 0.38926840 -3.0863032
1106207236 5.00000007E-02 0.51714802 -2.2343071
1106226863 0.0000000 0.73085362 0.16642988
1106317701 5.00000007E-02 0.72235721 0.14205116
1106377004 5.00000007E-02 0.56656671 -0.93181002
1106829094 5.00000007E-02 0.38547119 -5.5007353
1107166208 0.0000000 0.79703051 0.45382690
1107223187 0.0000000 0.77022022 0.31836301
1107233798 5.00000007E-02 0.43452653 -4.9842143
1107286746 5.00000007E-02 0.55403310 -1.0377676
1107601144 0.0000000 0.77649570 0.33712471
1107601252 0.0000000 0.79075265 0.38785082
1108162580 -5.00000007E-02 0.31564403 -9.8956079
1108757898 0.0000000 0.85050553 0.63573384
1108761568 5.00000007E-02 0.59802592 -0.63302517
1110049611 0.0000000 0.86514455 0.67899001
1110049680 0.0000000 0.86731219 0.69137466
1110050185 0.0000000 0.78189671 0.36917585
1110050874 0.0000000 0.69689232 -4.39206362E-02
1110568232 5.00000007E-02 0.61545432 -0.68252194
1111274786 5.00000007E-02 0.68987960 -0.19681156
1113182839 5.00000007E-02 0.48055360 -2.3005471
1113208093 0.0000000 0.68151098 -0.18794656
1113260515 5.00000007E-02 0.64583069 -0.39656949
1113331351 5.00000007E-02 0.50925595 -2.2666149
1114345058 -5.00000007E-02 0.46976107 -2.6075947
1114872497 0.0000000 0.79687399 0.34453577
1114872533 0.0000000 0.80009919 0.35862839
1114872543 0.0000000 0.81262898 0.41418320
1114981677 5.00000007E-02 0.59874952 -0.85481310
1115167250 0.0000000 0.65814072 -0.73014820
1115753263 0.0000000 0.77321011 0.23971701
1115910658 5.00000007E-02 0.63303590 -0.45541430
1115942660 5.00000007E-02 0.63026261 -0.39240205
1116353193 5.00000007E-02 0.48273087 -3.1440101
1117405041 0.0000000 0.64974850 -0.30646896
1117642805 0.0000000 0.73736399 0.20308280
1118162704 0.0000000 0.86087561 0.68514144
1118367166 0.0000000 0.76952088 0.25972807
1118396676 0.0000000 0.69645590 -6.86297417E-02
1118501300 0.0000000 0.72902322 0.19409394
1118677980 5.00000007E-02 0.46311831 -2.8706164
1118868304 5.00000007E-02 0.74456346 0.23549110
1119087065 5.00000007E-02 0.68896335 -0.23261750
1119729025 0.0000000 0.57533395 -1.8732612
1119876655 5.00000007E-02 0.31592557 -6.2855020
1121472051 5.00000007E-02 0.49445418 -2.0516319
1121864763 0.0000000 0.85128462 0.68043792
1122385024 5.00000007E-02 0.47826374 -3.5955858
1122618639 5.00000007E-02 0.49731594 -1.5211143
1122777951 -5.00000007E-02 0.46253252 -2.7046280
1123439949 5.00000007E-02 0.44016811 -3.5900383
1125373372 5.00000007E-02 0.35214686 -9.3300190
1125685516 5.00000007E-02 0.44745454 -4.3143926
1125969360 0.0000000 0.82849830 0.58842188
1127055473 5.00000007E-02 0.72167468 4.06401157E-02
1127456637 0.0000000 0.75091851 0.24040526
1127471662 0.0000000 0.76733559 0.26944971
1127494190 0.0000000 0.74102116 7.78248310E-02
1127760620 0.0000000 0.85716361 0.63143533
1128153007 5.00000007E-02 0.56302947 -1.2309363
1128174696 5.00000007E-02 0.42373180 -5.9423790
1128475640 5.00000007E-02 0.41147226 -3.8535914
1128528995 5.00000007E-02 0.62751758 -0.46357715
1128891916 0.0000000 0.74527913 0.26059878
1128923244 5.00000007E-02 0.35658637 -8.3405590
1129069430 5.00000007E-02 0.62876785 -0.30437601
1129155495 5.00000007E-02 0.53989780 -1.1861472
1129246313 -5.00000007E-02 0.39580509 -3.2549067
1129324370 0.0000000 0.70616555 2.48742700E-02
1129391464 5.00000007E-02 0.64555007 -0.39981830
1129907016 0.0000000 0.82694376 0.53079593
1130249327 5.00000007E-02 0.53015888 -1.6964040
1131428965 5.00000007E-02 0.57100731 -1.1399107
1131431840 5.00000007E-02 0.34743842 -5.3844447
1132062095 0.0000000 0.69124156 -0.30813956
1132132485 -5.00000007E-02 0.36569536 -5.4490271
1132148341 5.00000007E-02 0.50995117 -2.2396548
1132166999 5.00000007E-02 0.63553774 -0.58248520
1132661855 5.00000007E-02 0.44800502 -3.0281329
1132975230 0.0000000 0.79259604 0.32710582
1133111580 5.00000007E-02 0.49078614 -2.0305538
1133304109 5.00000007E-02 0.68452567 -0.10038519
1133601723 5.00000007E-02 0.38683185 -4.5739703
1133908462 5.00000007E-02 0.55073375 -1.3393123
1134710133 0.0000000 0.66879994 -0.26921499
1135808248 0.0000000 0.79381597 0.38344222
1135976852 5.00000007E-02 0.59759104 -0.99041343
1136739698 5.00000007E-02 0.59441125 -0.63781703
1137913657 5.00000007E-02 0.57208931 -0.94211340
1137989937 5.00000007E-02 0.52750462 -1.6554348
1137990003 5.00000007E-02 0.58431739 -0.81153822
1138288259 0.0000000 0.79583812 0.44665539
1139284609 0.0000000 0.28022495 -20.450747
1139326915 5.00000007E-02 0.57665122 -0.91161871
1140725945 5.00000007E-02 0.35005304 -8.0884676
1140746150 0.0000000 0.81979567 0.50542545
1141877248 5.00000007E-02 0.54162049 -1.5480511
1142029462 5.00000007E-02 0.44929162 -4.7376037
1142229311 0.0000000 0.68278599 -3.21931839E-02
1142709582 5.00000007E-02 0.62832302 -0.63938808
1143536168 0.0000000 0.61411309 -0.56448257
1143616861 5.00000007E-02 0.44350973 -2.9597561
1143885739 0.0000000 0.92260700 0.83594495
1143885924 0.0000000 0.95586544 0.91087979
1143888020 0.0000000 0.80325931 0.47994876
1144129163 0.0000000 0.65776110 -0.40752852
1144133312 0.0000000 0.79063410 0.41145360
1144179006 5.00000007E-02 0.53653681 -2.4987462
1144806135 5.00000007E-02 0.51177430 -1.7507467
1145140855 0.0000000 0.86731362 0.67850161
1145323561 5.00000007E-02 0.45249465 -3.9369278
1146215126 0.0000000 0.80246907 0.43098128
1146944291 0.0000000 0.79228252 0.43356854
1146966782 0.0000000 0.81988031 0.52959919
1147258751 -5.00000007E-02 0.34188026 -10.836637
1149411961 0.0000000 0.78613943 0.38104391
1149467938 0.0000000 0.67477095 -0.17237425
1149638545 0.0000000 0.52318370 -1.7217467
1149771133 5.00000007E-02 0.47555056 -2.9707031
1150128882 5.00000007E-02 0.41691199 -6.5997100
1151387381 5.00000007E-02 0.35074186 -6.4520450
1154072410 0.0000000 0.88945580 0.73764610
1154182305 0.0000000 0.57332098 -1.0377448
1155212722 5.00000007E-02 0.52773285 -2.1242611
1155340266 0.0000000 0.79671156 0.41989851
1155354114 -5.00000007E-02 0.31230819 -8.4147148
1155443514 5.00000007E-02 0.35045385 -6.2318778
1156044082 5.00000007E-02 0.36832038 -6.3491893
1156698676 5.00000007E-02 0.68121785 -0.10359371
1158266854 5.00000007E-02 0.49778491 -1.9397194
1159598968 5.00000007E-02 0.46084177 -3.4316516
1159684577 0.0000000 0.62343228 -0.43690944
1160388105 57.350002 4.68573533E-02 -2.14761754E+09
1160392104 79.500000 4.97986600E-02 -8.13573824E+08
1160549032 -6.4500003 5.29726483E-02 -84451576.
1160664389 -136.95000 4.47676815E-02 -5.78387200E+09
1163299258 5.00000007E-02 0.33142146 -7.0522728
1163456967 5.00000007E-02 0.42504025 -5.4258599
1163641819 5.00000007E-02 0.47830036 -3.0047364
1164570370 5.00000007E-02 0.46463639 -9.0507088
1165358160 5.00000007E-02 0.43891189 -3.4620800
1165368969 5.00000007E-02 0.33677810 -8.5019007
1166094636 0.0000000 0.89385402 0.71820045
1166561075 0.0000000 0.80296952 0.49962002
1166894907 0.0000000 0.77908486 0.39307696
1167121204 5.00000007E-02 0.56336254 -1.2567501
1167135981 5.00000007E-02 0.71704149 1.99450254E-02
1167136317 5.00000007E-02 0.61465007 -0.74276340
1167136455 5.00000007E-02 0.63068831 -0.55198479
1167136825 0.0000000 0.94166481 0.88140357
1167144800 5.00000007E-02 0.69782466 -1.26743317E-02
1167147704 -5.00000007E-02 0.44411209 -2.9277415
1167154513 0.0000000 0.87834543 0.73129284
1167186639 -5.00000007E-02 0.60206079 -0.93832219
1167298740 5.00000007E-02 0.54159462 -1.3447621
1167318376 0.0000000 0.81553102 0.52979910
1167324678 5.00000007E-02 0.66313684 -0.21585226
1167592780 5.00000007E-02 0.57425874 -1.0551825
1167604646 5.00000007E-02 0.58362067 -0.95366621
1168792515 0.0000000 0.74072999 0.16272277
1168917035 0.0000000 0.77067757 0.32469904
1169006425 5.00000007E-02 0.41746902 -8.7187872
1169712716 0.0000000 0.48540950 -2.0559514
1169722755 0.0000000 0.84481019 0.59284663
1170262059 -5.00000007E-02 0.39100286 -4.5704174
1170524118 0.0000000 0.77127182 0.25298911
1171366614 -5.00000007E-02 0.40093014 -4.2685881
1171423577 0.0000000 0.73858434 0.16345888
1171423831 0.0000000 0.84144622 0.59029627
1171832699 0.0000000 0.81446421 0.45528495
1172178017 5.00000007E-02 0.61452127 -0.86213470
1173308237 5.00000007E-02 0.55285621 -1.4261723
1173368256 5.00000007E-02 0.56604630 -1.7355137
1174197233 0.0000000 0.53366184 -1.4676938
1175309106 5.00000007E-02 0.28585792 -8.9673967
1175583473 5.00000007E-02 0.56676763 -1.1533873
1176242685 5.00000007E-02 0.51094782 -1.9723170
1177115546 0.0000000 0.80731481 0.46872407
1177175308 5.00000007E-02 0.77896059 0.32644123
1178992210 5.00000007E-02 0.63670212 -0.68523371
1180238725 5.00000007E-02 0.31286338 -8.0821543
1180618796 -5.00000007E-02 0.76756787 0.27832049
1181939353 5.00000007E-02 0.50322443 -2.3108966
1182196765 5.00000007E-02 0.41113642 -5.6593356
1182265663 5.00000007E-02 0.46551648 -5.8456073
1182396227 5.00000007E-02 0.34511161 -6.7924228
1182398897 0.0000000 0.74151909 5.31520844E-02
1184629372 -5.00000007E-02 0.41385990 -6.0273609
1185198002 5.00000007E-02 0.58913648 -0.82040048
1185799546 0.0000000 0.63775373 -0.45616949
1185861072 -5.00000007E-02 0.34500122 -7.6602011
1186620947 0.0000000 0.84042716 0.66648895
1186786330 5.00000007E-02 0.47873810 -2.1153970
1188350129 0.0000000 0.76253474 0.24806291
1188356416 0.0000000 0.88078296 0.70025969
1188908193 5.00000007E-02 0.37818876 -6.6700616
1188950111 -5.00000007E-02 0.21475977 -11.553641
1189101086 -5.00000007E-02 0.66591597 -0.17769837
1189101321 5.00000007E-02 0.64534289 -0.19129145
1189194674 5.00000007E-02 0.37751773 -5.7649503
1190442424 5.00000007E-02 0.61610311 -0.55368578
1191742755 5.00000007E-02 0.42767411 -4.6358242
1192071901 5.00000007E-02 0.39959103 -5.0530996
1192632000 5.00000007E-02 0.52420336 -1.8728075
1193967194 5.00000007E-02 0.57317036 -1.0309248
1194476053 0.0000000 0.76589590 0.31733298
1196283913 5.00000007E-02 0.55374396 -1.5906403
1196818902 0.0000000 0.73607606 0.18506658
1196950527 5.00000007E-02 0.40863499 -11.716660
1197715613 5.00000007E-02 0.45234951 -3.3447828
1198522115 5.00000007E-02 0.40731049 -7.6189871
1200543890 5.00000007E-02 0.62132007 -0.45654261
1200856359 5.00000007E-02 0.28909186 -12.528183
1201442068 0.0000000 0.76483756 0.28402025
1203280382 0.0000000 0.86865312 0.68405563
1203409866 5.00000007E-02 0.48406973 -2.0231190
1203790455 0.0000000 0.77022302 0.18719113
1204138448 0.0000000 0.85906690 0.62847006
1204304285 0.0000000 0.68304598 -0.18102646
1204490434 5.00000007E-02 0.69445217 -3.16951275E-02
1204651907 5.00000007E-02 0.55349809 -1.1913826
1204651936 -5.00000007E-02 0.53281456 -1.0963871
1204670552 0.0000000 0.62889671 -0.36900687
1207186072 5.00000007E-02 0.35192490 -5.4516163
1208187584 0.0000000 0.79778945 0.42759401
1208931881 0.0000000 0.72314101 0.17603207
1208975321 0.0000000 0.90863198 0.78168249
1208982088 0.0000000 0.75894088 0.26779079
1208988255 0.0000000 0.68564063 -0.17571986
1208988552 0.0000000 0.82843655 0.55598003
1209105937 5.00000007E-02 0.57196617 -1.0167058
1209216223 -5.00000007E-02 0.47155008 -2.1745453
1209291757 5.00000007E-02 0.48280746 -2.3059790
1209339084 5.00000007E-02 0.44182333 -5.0652957
1209362380 5.00000007E-02 0.59828210 -0.72985291
1209543825 5.00000007E-02 0.31230095 -7.8095798
1209563099 5.00000007E-02 0.38008249 -6.7708721
1209583346 5.00000007E-02 0.49895573 -2.4742925
1209820628 5.00000007E-02 0.50323766 -2.3702035
1209877317 -5.00000007E-02 0.43093410 -11.184939
1210448520 5.00000007E-02 0.60153538 -0.79033267
1210560189 0.0000000 0.51365066 -1.5676980
1210633064 0.0000000 0.71249473 -4.31635380E-02
1210703275 0.0000000 0.81457770 0.50551713
1212285435 0.0000000 0.83820945 0.61131537
1212339563 5.00000007E-02 0.56224906 -0.95736885
1213107823 -5.00000007E-02 0.60815793 -0.72633779
1213158817 0.0000000 0.75618595 0.23231429
1213486164 5.00000007E-02 0.49016753 -2.0349731
1214086760 0.0000000 0.59463173 -0.97802591
1214128508 5.00000007E-02 0.55170912 -1.6691098
1214211456 0.10000000 0.13009593 -24.415266
1214561217 -5.00000007E-02 0.45911258 -2.2470424
1215221786 0.0000000 0.45796904 -2.5992606
1215745668 0.0000000 0.65291405 -0.36659133
1215812106 0.0000000 0.91268295 0.78102398
1215812707 0.0000000 0.82496268 0.48252016
1215839910 5.00000007E-02 0.54684633 -1.1445227
1215843106 5.00000007E-02 0.57948136 -0.81161845
1215961116 0.0000000 0.91870028 0.78482890
1216126809 0.0000000 0.77244294 0.27722484
1216904067 5.00000007E-02 0.48005760 -2.7223151
1217616949 5.00000007E-02 0.55805492 -1.1213436
1218233114 0.0000000 0.79800093 0.38789630
1218994676 -5.00000007E-02 0.46650341 -11.392129
1219291482 5.00000007E-02 0.43303353 -2.9177454
1219301591 5.00000007E-02 0.42509976 -3.9675446
1219723710 -5.00000007E-02 0.31058151 -8.1942453
1219772880 5.00000007E-02 0.40963396 -5.6855760
1219869253 5.00000007E-02 0.49512878 -2.4981766
1220179542 5.00000007E-02 0.58997881 -0.97531724
1220742036 5.00000007E-02 0.41425893 -5.8911152
1220946193 5.00000007E-02 0.52032942 -1.6864936
1221047734 0.0000000 0.83381850 0.55584610
1222614737 5.00000007E-02 0.67765588 -0.10410094
1225404477 -5.00000007E-02 0.46148062 -5.3080206
1225442295 -5.00000007E-02 0.38448602 -6.5225563
1228187814 0.0000000 0.78362322 0.28248268
1228684717 5.00000007E-02 0.55757189 -1.3827341
1229260451 5.00000007E-02 0.41824424 -4.2669487
1229658996 5.00000007E-02 0.38191199 -4.0465918
1229990683 0.0000000 0.80297810 0.39291739
1230216280 5.00000007E-02 0.62618107 -0.50989437
1230600687 -5.00000007E-02 0.70668805 7.19594955E-02
1230860391 5.00000007E-02 0.44978487 -2.6101747
1231020274 0.0000000 0.69220191 -6.36874437E-02
1231041233 5.00000007E-02 0.40057898 -4.0127149
1232714291 0.0000000 0.89035916 0.72736287
1232804891 0.0000000 0.84348613 0.61005461
1233928332 5.00000007E-02 0.37593591 -6.9955711
1234166319 5.00000007E-02 0.40764004 -3.1053319
1234201315 5.00000007E-02 0.63470262 -0.54406524
1234214675 0.0000000 0.79521245 0.48735476
1236731039 5.00000007E-02 0.47563753 -2.0194890
1236854628 5.00000007E-02 0.39915958 -4.5793200
1237014105 5.00000007E-02 0.48401427 -2.1151762
1237159221 0.0000000 0.55083501 -0.94229579
1237164701 0.0000000 0.48237985 -1.6705892
1237551366 5.00000007E-02 0.42558476 -4.9629755
1237619839 -5.00000007E-02 0.26644525 -11.590817
1239235949 5.00000007E-02 0.46898481 -2.3758957
1239971868 5.00000007E-02 0.37311745 -7.6574993
1240678955 -5.00000007E-02 0.49223652 -1.9940548
1242397863 5.00000007E-02 0.69139630 -0.17027771
1242709695 5.00000007E-02 0.31586134 -7.6129980
1243376855 5.00000007E-02 0.56465888 -1.2232735
1244248765 -5.00000007E-02 0.22947288 -11.931065
1245087845 -5.00000007E-02 0.41208774 -5.9959588
1245407408 5.00000007E-02 0.42593023 -3.9225316
1245469469 0.0000000 0.36687419 -4.3164196
1245877793 5.00000007E-02 0.42869294 -3.4707217
1245881452 5.00000007E-02 0.47225818 -2.5170891
1246167876 0.0000000 0.56564379 -1.4094918
1246181696 0.0000000 0.71410197 7.04914331E-03
1246182765 5.00000007E-02 0.57776356 -0.83368278
1246208530 5.00000007E-02 0.50149775 -2.0609806
1246208539 5.00000007E-02 0.50155038 -2.0607667
1246598451 5.00000007E-02 0.46066871 -2.6077189
1246598488 5.00000007E-02 0.45410678 -2.7106586
1246614635 5.00000007E-02 0.43241829 -3.1987553
1246985947 5.00000007E-02 0.51589549 -1.5965171
1247508302 0.0000000 0.88340503 0.73943901
1247516932 0.0000000 0.74056089 0.13043135
1247654255 5.00000007E-02 0.53451419 -1.9236679
1247741293 5.00000007E-02 0.64189023 -0.52532840
1247769767 5.00000007E-02 0.46301278 -3.2014298
1248159491 5.00000007E-02 0.56885046 -0.84678650
1248570012 0.0000000 0.66805190 -1.85517073E-02
1248588659 0.0000000 0.76448387 0.26250678
1248872986 0.0000000 0.64983362 -0.23501885
1248886386 5.00000007E-02 0.56964403 -1.2075644
1249212887 -5.00000007E-02 0.50750995 -2.7654643
1250467545 5.00000007E-02 0.70723814 -8.60179663E-02
1250503855 5.00000007E-02 0.68393356 -0.12290204
1250504106 0.0000000 0.79434693 0.45678782
1250601456 5.00000007E-02 0.74912763 0.27874404
1250639275 5.00000007E-02 0.42264959 -3.3547454
1250703707 -5.00000007E-02 0.25624037 -14.715851
1250777890 5.00000007E-02 0.63233602 -0.62725985
1250888264 0.0000000 0.71976584 6.97767735E-02
1250911490 -5.00000007E-02 0.12270570 -24.486219
1252249816 -5.00000007E-02 0.57908982 -1.1171489
1252757125 5.00000007E-02 0.37704548 -4.7945514
1254591366 5.00000007E-02 0.77718502 0.23037499
1254664936 5.00000007E-02 0.63194788 -0.40435731
1255243328 5.00000007E-02 0.53055477 -1.7352693
1256244384 5.00000007E-02 0.58519077 -0.85681045
1256252705 5.00000007E-02 0.34832177 -6.6156492
1256431794 5.00000007E-02 0.48855492 -2.1953368
1257413577 -5.00000007E-02 0.62292534 -0.48489201
1257413887 5.00000007E-02 0.26224780 -13.497775
1257420861 -5.00000007E-02 0.75866657 0.23068750
1257678569 5.00000007E-02 0.29382640 -11.759313
1258065617 5.00000007E-02 0.41394126 -6.3962393
1258296469 5.00000007E-02 0.50557733 -1.7021549
1258824471 -5.00000007E-02 0.40225768 -8.6855774
1258926370 -5.00000007E-02 0.46429333 -2.1701212
1260564405 0.0000000 0.60371602 -0.45084751
1260692005 5.00000007E-02 0.53509212 -1.5644021
1261227736 5.00000007E-02 0.75704092 0.28688943
1261227864 0.0000000 0.94483334 0.89132100
1261228557 5.00000007E-02 0.41795707 -6.4087024
1261232031 5.00000007E-02 0.40549076 -7.0694313
1261235533 5.00000007E-02 0.42258033 -4.3613577
1261275144 -5.00000007E-02 0.41694754 -6.5890265
1261713375 -5.00000007E-02 0.42317206 -2.7067313
1261922241 -5.00000007E-02 0.57453144 -1.0846384
1262034644 5.00000007E-02 0.44793621 -3.2514000
1262237921 5.00000007E-02 0.38082859 -5.0620027
1262343689 5.00000007E-02 0.35568559 -6.6417909
1262367286 -5.00000007E-02 0.40286034 -3.5406146
1262622742 0.0000000 0.80981869 0.49698579
1262633257 -5.00000007E-02 0.40437257 -5.4862962
1263881366 5.00000007E-02 0.51234996 -2.7935312
1265523000 5.00000007E-02 0.68934393 -6.87642097E-02
1265599504 5.00000007E-02 0.28384170 -15.330095
1265691729 0.0000000 0.62280744 -0.65764928
1265942558 5.00000007E-02 0.63664448 -0.54075420
1266289887 0.0000000 0.73686838 0.17235351
1266816064 5.00000007E-02 0.62392944 -0.55668736
1267146477 0.10000000 0.44343299 -4.6603727
1267162697 -5.00000007E-02 0.27253735 -8.8407402
1267661932 0.0000000 0.89702982 0.68769419
1267662287 5.00000007E-02 0.78470623 0.38839209
1267686434 -5.00000007E-02 0.47664911 -2.3317544
1267690576 0.0000000 0.76354402 0.23413843
1268040382 5.00000007E-02 0.32368407 -10.547783
1268902896 0.0000000 0.25070292 -15.032951
1268931240 5.00000007E-02 0.61442614 -0.74800932
1269644874 -5.00000007E-02 0.34106481 -8.2421284
1270335780 5.00000007E-02 0.57812673 -0.91692579
1270813793 5.00000007E-02 0.45943871 -3.1759210
1270961850 -5.00000007E-02 0.59898311 -0.87350702
1270999307 5.00000007E-02 0.75767952 0.18883473
1271168968 0.0000000 0.84291255 0.58063209
1271191748 0.0000000 0.87558383 0.65596628
1271987388 5.00000007E-02 0.50405830 -1.8540468
1272194052 0.0000000 0.78230584 0.22659570
1272250791 5.00000007E-02 0.65130043 -0.35863006
1272823213 5.00000007E-02 0.60991621 -0.67661405
1274901407 -5.00000007E-02 0.41408148 -13.388589
1276535865 0.0000000 0.68046564 -0.29083264
1276561877 0.0000000 0.77991676 0.39039028
1276823323 0.0000000 0.71209705 2.72154808E-03
1277440084 5.00000007E-02 0.37376839 -7.9216614
1277575551 5.00000007E-02 0.53503418 -2.2743835
1277670806 0.0000000 0.84812540 0.55713010
1278097892 0.0000000 0.65440494 -0.41053617
1278515743 5.00000007E-02 0.65994471 -0.44053411
1278618217 0.0000000 0.82431942 0.54262149
1278636079 5.00000007E-02 0.48555687 -2.2678277
1279357457 5.00000007E-02 0.34288600 -8.1871061
1279458204 0.0000000 0.62842941 -0.60407364
1280029930 0.0000000 0.78508121 0.31345892
1280553485 5.00000007E-02 0.35657957 -6.4392638
1280563997 5.00000007E-02 0.34117591 -12.243161
1280587745 5.00000007E-02 0.43124911 -4.0160270
1281476617 -5.00000007E-02 0.42399889 -5.7682953
1282408680 5.00000007E-02 0.43847942 -3.9445362
1282415961 0.0000000 0.76888400 0.28824830
1282416480 0.0000000 0.81961709 0.50404710
1283157909 0.0000000 0.87203276 0.67289609
1283540817 5.00000007E-02 0.43647331 -5.2913804
1284039008 5.00000007E-02 0.58271128 -1.0059423
1284244867 5.00000007E-02 0.42927098 -3.5241098
1284952628 5.00000007E-02 0.43293220 -6.0805545
1285350982 5.00000007E-02 0.53596807 -1.9651501
1285695233 0.0000000 0.71823782 7.72504807E-02
1285876560 5.00000007E-02 0.49459425 -2.3136563
1286047392 5.00000007E-02 0.52455521 -1.4253209
1286198915 5.00000007E-02 0.60903633 -0.66730273
1286865806 5.00000007E-02 0.22043084 -14.577974
1287036373 0.0000000 0.52702588 -1.5717351
1289221280 5.00000007E-02 0.34335107 -9.8184700
1289567329 5.00000007E-02 0.63963675 -0.60996139
1289576340 5.00000007E-02 0.45972151 -3.4032106
1290342705 0.0000000 0.71381634 1.25842690E-02
1290784424 0.0000000 0.77414310 0.33599347
1290799240 5.00000007E-02 0.59766799 -0.94245243
1291601652 0.0000000 0.64318967 -0.60177505
1291689974 0.0000000 0.65668070 -0.32007635
1291927327 5.00000007E-02 0.44767621 -2.9771774
1292000461 5.00000007E-02 0.53848207 -1.5832412
1294804388 0.0000000 0.60878503 -0.47625971
1296507195 5.00000007E-02 0.70324481 7.91043043E-03
1296548191 0.0000000 0.85298485 0.66738522
1297058102 5.00000007E-02 0.54521495 -1.3016796
1297342916 5.00000007E-02 0.44423759 -3.0353785
1297754297 0.0000000 0.83995187 0.58819437
1298970247 -0.15000001 0.16350912 -111.64305
1300608051 0.0000000 0.81451356 0.43838745
1301123952 5.00000007E-02 0.42201766 -3.5393071
1301458951 5.00000007E-02 0.58217901 -1.0276477
1301964194 -5.00000007E-02 0.45081761 -3.3930435
1302916270 5.00000007E-02 0.50032336 -2.2359030
1302961193 5.00000007E-02 0.60708338 -0.67233479
1304080155 5.00000007E-02 0.37274045 -8.4711628
1304082768 5.00000007E-02 0.49378294 -2.6770043
1304152538 5.00000007E-02 0.55081391 -1.5737784
1304437954 5.00000007E-02 0.36592907 -5.6430559
1304717510 0.0000000 0.70113862 1.56071186E-02
1304757333 5.00000007E-02 0.46825689 -3.1003814
1306028051 0.0000000 0.79455322 0.44137615
1306098435 -5.00000007E-02 0.45562491 -3.8359451
1306261925 5.00000007E-02 0.40616202 -4.8545551
1307034472 0.0000000 0.78722662 0.34750402
1307669122 5.00000007E-02 0.39044908 -5.3067584
1308478735 5.00000007E-02 0.31804711 -10.250435
1309048281 5.00000007E-02 0.41545358 -4.3167901
1309094354 5.00000007E-02 0.54530317 -1.5611165
1309326569 5.00000007E-02 0.41673008 -2.4512310
1309474048 -5.00000007E-02 0.28242606 -17.615141
1309601047 0.0000000 0.56185281 -1.5847473
1309696244 -5.00000007E-02 0.41170672 -4.7952833
1309953539 0.0000000 0.64856815 -0.41931450
1310469430 5.00000007E-02 0.46578154 -2.7666667
1310541580 5.00000007E-02 0.35846305 -9.9447956
1310928323 5.00000007E-02 0.53647244 -1.3608999
1311000534 5.00000007E-02 0.44881982 -4.3702855
1311084070 5.00000007E-02 0.39087287 -4.8474240
1311142337 5.00000007E-02 0.57537264 -1.0633755
1311692424 5.00000007E-02 0.34568825 -6.8498888
1313100452 -5.00000007E-02 0.29795033 -8.8205204
1314264913 5.00000007E-02 0.59832859 -0.96467197
1322787324 0.0000000 0.69193298 -3.27191353E-02
1322993584 5.00000007E-02 0.42310977 -3.5242248
1323861170 5.00000007E-02 0.35152614 -9.3915462
1323909341 5.00000007E-02 0.40450642 -4.4697661
1324582798 5.00000007E-02 0.52651244 -1.6007669
1325660397 5.00000007E-02 0.57974923 -0.96177220
1326181267 5.00000007E-02 0.49918753 -2.1426520
1326728445 0.0000000 0.83942777 0.52491605
1327107001 0.0000000 0.38250986 -4.4270210
1327480583 5.00000007E-02 0.45534682 -3.3883886
1327824459 0.0000000 0.60879767 -0.80610716
1328324062 5.00000007E-02 0.57271612 -0.96453428
1328459111 0.0000000 0.81880987 0.47507298
1330223700 0.0000000 0.83396530 0.55910337
1330883534 -5.00000007E-02 0.50383359 -2.2397988
1332071890 5.00000007E-02 0.40844184 -5.5080390
1332086295 5.00000007E-02 0.59377742 -0.87701869
1332373478 5.00000007E-02 0.39622501 -5.6853266
1333258441 0.0000000 0.67343307 -0.15214157
1333828758 5.00000007E-02 0.53130251 -1.5360980
1333921411 0.0000000 0.74923658 0.20032156
1334227165 5.00000007E-02 0.42874780 -3.9844847
1334800688 5.00000007E-02 0.58519310 -0.48141539
1335409258 5.00000007E-02 0.43900755 -2.6377420
1335538115 -5.00000007E-02 0.34200665 -20.323828
1338362741 0.0000000 0.71404731 -0.18816304
1338842309 5.00000007E-02 0.36974004 -5.4384403
1338890190 5.00000007E-02 0.59906405 -0.90825677
1338944914 0.0000000 0.88045192 0.69233799
1338944979 0.0000000 0.86224133 0.65452135
1338945045 0.0000000 0.91913116 0.84245247
1339216879 0.0000000 0.73345351 -2.89604664E-02
1339275618 0.0000000 0.82671112 0.55153811
1339278860 -5.00000007E-02 0.49749261 -2.3343899
1339309409 -5.00000007E-02 0.39203554 -7.8038797
1339575740 0.0000000 0.75009042 0.25793272
1339598466 5.00000007E-02 0.72672504 9.54711437E-02
1339646879 5.00000007E-02 0.59328735 -1.0774789
1339690513 0.0000000 0.82852495 0.51280224
1339702255 5.00000007E-02 0.66882062 -0.18361962
1339923712 0.0000000 0.85805565 0.60972583
1341299876 5.00000007E-02 0.40535611 -3.5799127
1341924177 0.0000000 0.70959669 2.20757723E-03
1342405200 -5.00000007E-02 0.26814008 -7.9014683
1344277570 -5.00000007E-02 0.47521207 -4.0836234
1344910008 5.00000007E-02 0.54091120 -1.5498805
1344941743 -5.00000007E-02 0.40128112 -5.4354844
1345138860 -5.00000007E-02 0.35914904 -9.9746113
1345234802 0.0000000 0.66850239 -0.22807038
1346380382 -5.00000007E-02 0.10315650 -23.365513
1346415099 5.00000007E-02 0.49470851 -1.6403604
1346415834 5.00000007E-02 0.50260019 -1.9837830
1346788818 0.0000000 0.84384036 0.55164981
1346816730 5.00000007E-02 0.33520806 -7.8909101
1348523853 0.0000000 0.74562365 9.81089473E-02
1350722979 5.00000007E-02 0.40753570 -6.0913348
1350800865 5.00000007E-02 0.27188271 -9.4717302
1351161077 -5.00000007E-02 0.44227651 -3.2423754
1352122829 5.00000007E-02 0.46482161 -3.0601006
1352554787 5.00000007E-02 0.62258875 -0.48312008
1353431341 0.0000000 0.83897305 0.49300176
1353536726 5.00000007E-02 0.46119326 -3.1039033
1354158772 -5.00000007E-02 0.30257374 -8.4404297
1354470336 0.0000000 0.72262996 5.26677370E-02
1354477411 5.00000007E-02 0.62980419 -0.52840245
1354976814 0.0000000 0.84911048 0.62638474
1355221924 5.00000007E-02 0.50284994 -2.2369699
1356243184 0.0000000 0.74304014 0.12586004
1356319072 5.00000007E-02 0.46675253 -2.3910792
1356487597 5.00000007E-02 0.51413268 -1.6570966
1356883405 0.0000000 0.85340226 0.55007136
1357128106 0.0000000 0.79790348 0.34326452
1357236484 0.0000000 0.68870026 -3.08259726E-02
1357270197 5.00000007E-02 0.56448030 -1.1559196
1357331931 5.00000007E-02 0.47536519 -2.4607403
1357541346 5.00000007E-02 0.59593809 -1.0787916
1357994057 5.00000007E-02 0.57146913 -1.3927314
1358411441 5.00000007E-02 0.61654389 -0.62622130
1358708986 -5.00000007E-02 0.47314847 -5.1248512
1359776392 5.00000007E-02 0.44708163 -3.2314014
1361064727 5.00000007E-02 0.70619673 -4.82259989E-02
1361239965 5.00000007E-02 0.48706442 -2.5945358
1361256759 5.00000007E-02 0.50856245 -1.8391294
1361373628 0.0000000 0.77145320 0.28499544
1361471757 5.00000007E-02 0.72072554 7.07625747E-02
1361665659 5.00000007E-02 0.55988479 -1.1000345
1362386544 0.0000000 0.67565864 -0.24337065
1362609444 5.00000007E-02 0.30000481 -13.971585
1362627405 0.0000000 0.76271844 0.33973408
1362643640 5.00000007E-02 0.61102223 -0.67201030
1363079024 5.00000007E-02 0.46295258 -2.6439874
1363764120 0.0000000 0.55658853 -1.4129417
1364349799 0.0000000 0.76811647 0.49443954
1364349845 0.0000000 0.77942479 0.56268251
1364355002 5.00000007E-02 0.67927277 -0.14090836
1364690983 5.00000007E-02 0.44109118 -3.4138956
1365625224 0.0000000 0.94035244 0.85483235
1366061297 -5.00000007E-02 0.32895300 -8.1681118
1366432589 5.00000007E-02 0.37091622 -6.3511109
1366513671 5.00000007E-02 0.46570054 -4.7080884
1369110346 5.00000007E-02 0.68873286 2.46058106E-02
1369124755 5.00000007E-02 0.61691117 -0.54338622
1369791239 5.00000007E-02 0.46000314 -3.0143161
1369883683 -5.00000007E-02 0.41572776 -7.9419575
1370118743 0.0000000 0.76851529 0.14147705
1370151783 5.00000007E-02 0.73783129 0.31688017
1370623082 0.0000000 0.75689393 0.17145813
1372241957 0.0000000 0.61814737 -0.68129134
1372463510 0.0000000 0.80417728 0.45252210
1373829868 5.00000007E-02 0.65275490 -0.52069771
1373895699 5.00000007E-02 0.46800575 -2.6373386
1373969495 5.00000007E-02 0.59428447 -0.94524288
1374677225 5.00000007E-02 0.62104148 -0.67710805
1374679935 0.0000000 0.75330347 0.14864349
1376837821 5.00000007E-02 0.47864535 -2.9722278
1377205321 -5.00000007E-02 0.49176642 -2.3070567
1377355603 5.00000007E-02 0.32920539 -9.0045795
1377407246 -5.00000007E-02 0.40615788 -5.0318875
1378247005 0.0000000 0.67644525 -0.23114610
1378467231 5.00000007E-02 0.65250838 -0.58361506
1379475197 5.00000007E-02 0.48997778 -1.8293860
1380542719 5.00000007E-02 0.50828999 -1.8565547
1381466759 5.00000007E-02 0.43284336 -2.4866681
1381684855 5.00000007E-02 0.45055345 -4.6795936
1382170436 5.00000007E-02 0.37800127 -4.9033132
1382919848 5.00000007E-02 0.39090320 -7.5119429
1383069011 5.00000007E-02 0.50688362 -1.9491956
1383085061 5.00000007E-02 0.42346358 -3.6742301
1383220929 0.0000000 0.88961291 0.72906697
1383227120 0.0000000 0.72669005 -1.93738937E-02
1383227831 5.00000007E-02 0.61403859 -0.66367698
1383234448 0.0000000 0.73306721 0.12305582
1383263545 0.0000000 0.69405097 -0.25073123
1383450194 5.00000007E-02 0.67981237 -0.33538640
1383519374 5.00000007E-02 0.45388618 -3.6006975
1383809110 0.0000000 0.52437252 -1.3139222
1383809501 5.00000007E-02 0.38786969 -4.0747266
1383989687 5.00000007E-02 0.48968813 -2.1109614
1384145710 5.00000007E-02 0.54598087 -1.9216168
1384544358 5.00000007E-02 0.40502432 -5.6689172
1385019362 5.00000007E-02 0.32344761 -9.0245504
1386347977 5.00000007E-02 0.63142598 -0.43905210
1386357780 5.00000007E-02 0.57001263 -1.1735625
1387916955 5.00000007E-02 0.60442060 -0.69163835
1389034180 0.0000000 0.74152839 0.17038310
1389204911 5.00000007E-02 0.62117684 -0.67641616
1389717867 -5.00000007E-02 0.71135199 -0.24386644
1389724692 0.0000000 0.82184315 0.48598254
1389729005 0.0000000 0.75846970 0.24845415
1389740803 5.00000007E-02 0.56989896 -1.0521772
1389904819 5.00000007E-02 0.43877026 -2.8055532
1390517490 5.00000007E-02 0.38165092 -5.4376674
1390619771 0.0000000 0.62417626 -0.84199166
1391790286 -5.00000007E-02 0.40293223 -5.2473998
1393014317 5.00000007E-02 0.66387683 -0.34552431
1393065064 -5.00000007E-02 0.48069555 -4.2460151
1393759985 -5.00000007E-02 0.53857583 -2.3636439
1393791078 5.00000007E-02 0.60538703 -1.6119030
1394913876 0.0000000 0.79213589 0.35657179
1395061976 0.0000000 0.65026844 -0.54302669
1395231566 5.00000007E-02 0.66101611 -0.24024093
1397097485 5.00000007E-02 0.48287463 -3.3658929
1397746253 5.00000007E-02 0.44788855 -3.6543674
1398443585 -181.20000 8.90490487E-02 -847367.06
1399207416 -5.00000007E-02 0.35187688 -3.4410644
1399278483 5.00000007E-02 0.56146663 -0.93783247
1399745740 -5.00000007E-02 0.57990283 -0.20657909
1399746271 5.00000007E-02 0.63332546 -8.62288475E-03
1400631673 0.0000000 0.87400681 0.76386726
1401021673 0.0000000 0.83056474 0.66988409
1401296286 0.0000000 0.80496645 0.63420922
1402085900 5.00000007E-02 0.29559126 -6.7943950
1402313583 0.0000000 0.75577950 0.50546801
1402624068 5.00000007E-02 0.35402611 -2.6927989
1402784563 5.00000007E-02 0.66647995 9.25334692E-02
1403034553 5.00000007E-02 0.30900404 -7.3923502
1403317269 5.00000007E-02 0.34307414 -5.3429675
1403439974 -5.00000007E-02 0.36207166 -3.9999762
1404774365 0.0000000 0.71016288 0.29091012
1404925818 5.00000007E-02 0.33507127 -3.4930949
1405577514 33.150002 4.73211184E-02 -85586480.
1407296767 33.650002 1.76276211E-02 2.43365765E-04
1407544588 85.450005 3.49220596E-02 4.90367413E-04
1408047770 0.0000000 0.99551773 0.99085754
1410046387 0.0000000 0.99387640 0.98657852
1410325949 0.0000000 0.99450934 0.98488176
1410382444 0.0000000 0.98533458 0.96288055
1411247643 0.0000000 0.99395394 0.98501694
1411641303 0.0000000 0.99869281 0.99671221
1412009058 0.0000000 0.99604750 0.99135959
1412705290 0.0000000 0.91879690 0.84026635
1413207959 0.0000000 0.97566742 0.95084113
1414298821 0.0000000 0.92781401 0.84208268
1416419181 0.0000000 0.99956739 0.99911296
1416419227 0.0000000 0.99962914 0.99923629
1416540553 0.0000000 0.92918622 0.85706156
1417557685 0.0000000 0.96512163 0.92540622
1417655668 0.0000000 0.95218605 0.90241790
1418245419 0.0000000 0.98591530 0.97100741
1418533563 0.0000000 0.93883675 0.87319022
1419682925 0.0000000 0.96071500 0.91928959
1419947441 0.0000000 0.96728516 0.92803049
1419995164 0.0000000 0.95978677 0.91831958
1420012476 0.0000000 0.95955831 0.91729218
1420437226 0.0000000 0.94287801 0.88612175
1420606112 0.0000000 0.96123129 0.92213684
1420742654 0.0000000 0.99745709 0.99489683
1421435535 0.0000000 0.98517489 0.97013575
1421639313 0.0000000 0.96625519 0.93192703
1422083726 0.0000000 0.99943268 0.99885696
1422374758 0.0000000 0.99956590 0.99913275
1422958210 0.0000000 0.99967164 0.99934435
1423037687 0.0000000 0.99966753 0.99932873
1423603888 0.0000000 0.99851042 0.99701601
1423726535 0.0000000 0.99876398 0.99749631
1423857991 0.0000000 0.99983180 0.99966139
1424969403 0.0000000 0.99968225 0.99936330
1426114954 0.0000000 0.99949217 0.99898630
1426344314 0.0000000 0.99696159 0.99387032
1426852891 0.0000000 0.99953544 0.99904680
1427105631 0.0000000 0.99978924 0.99956262
1427483378 0.0000000 0.99941111 0.99881268
1428208678 0.0000000 0.99285877 0.98575824
1428320250 0.0000000 0.99905717 0.99808288
1428945237 0.0000000 0.99957955 0.99915838
1429127316 0.0000000 0.99957603 0.99915004
1429494176 0.0000000 0.99976063 0.99942523
1429494550 0.0000000 0.99958771 0.99912661
1429528847 0.0000000 0.99976909 0.99948847
1429530313 0.0000000 0.99970198 0.99934471
1429531199 0.0000000 0.99973589 0.99939197
1429992097 0.0000000 0.99977511 0.99951547
1430658547 0.0000000 0.99965817 0.99925345
1431333501 0.0000000 0.99943203 0.99881661
1431387795 0.0000000 0.99970400 0.99934661
1431628549 0.0000000 0.99963570 0.99921846
1432588969 0.0000000 0.99977136 0.99943322
1432601816 0.0000000 0.99967569 0.99928862
1432799863 0.0000000 0.99961370 0.99911594
1434467768 0.0000000 0.99962866 0.99916065
1434867330 0.0000000 0.99961132 0.99905235
1435335400 0.0000000 0.99963057 0.99904925
1438066750 0.0000000 0.99970710 0.99920815
1438936857 0.0000000 0.99965870 0.99916792
1439209234 0.0000000 0.99845654 0.99683493
1439418087 0.0000000 0.99962503 0.99912065
1439474882 0.0000000 0.99969512 0.99924761
1439699200 0.0000000 0.99834138 0.99656785
1441113885 0.0000000 0.99975532 0.99938524
1441128847 0.0000000 0.99954724 0.99898028
1441160293 0.0000000 0.99967402 0.99919999
1441898607 0.0000000 0.99964797 0.99916196
1442339782 0.0000000 0.99973363 0.99928397
1442345855 0.0000000 0.99977624 0.99940866
1442345878 0.0000000 0.99977583 0.99940872
1442408939 0.0000000 0.99981606 0.99946994
1442410226 0.0000000 0.99955571 0.99898666
1442413798 0.0000000 0.99967295 0.99919093
1443074281 0.0000000 0.99969691 0.99927390
1443555465 0.0000000 0.99967653 0.99928689
1444648487 0.0000000 0.99982429 0.99953711
1444736944 0.0000000 0.99973840 0.99942315
1444953165 0.0000000 0.99971110 0.99932438
1444953267 0.0000000 0.99969548 0.99929839
1445014914 0.0000000 0.99964660 0.99918169
1445221055 0.0000000 0.99983370 0.99953133
1445233331 0.0000000 0.99978113 0.99944776
1445239215 0.0000000 0.99942547 0.99875438
1446412182 0.0000000 0.99980152 0.99948704
1446412281 0.0000000 0.99989128 0.99970585
1446509184 0.0000000 0.99895072 0.99785578
1446509190 0.0000000 0.99895126 0.99785614
1446714386 0.0000000 0.99953502 0.99901837
1447167192 0.0000000 0.99228525 0.98461848
1447255999 0.0000000 0.99961942 0.99918664
1447277516 0.0000000 0.99962652 0.99916029
1448316095 0.0000000 0.99952561 0.99894738
1448671943 0.0000000 0.99975437 0.99949104
1449033717 0.0000000 0.99959242 0.99912268
1449035580 0.0000000 0.99970484 0.99935359
1449153073 0.0000000 0.99980456 0.99955559
1449935242 0.0000000 0.99976844 0.99950790
1450510821 0.0000000 0.99976158 0.99952137
1450536811 0.0000000 0.99940068 0.99879402
1450992022 0.0000000 0.99968159 0.99935395
1451199638 0.0000000 0.99957693 0.99914926
1451327726 0.0000000 0.99961978 0.99923754
1451523194 0.0000000 0.99967730 0.99935043
1451829690 0.0000000 0.99963760 0.99927300
1451928000 0.0000000 0.99926561 0.99852639
1452487977 0.0000000 0.99977726 0.99955380
1453169606 0.0000000 0.99982589 0.99964106
1453824336 0.0000000 0.99919134 0.99838197
1454422761 0.0000000 0.99969471 0.99938786
1454702246 0.0000000 0.96188003 0.92343920
1454702308 0.0000000 0.99954325 0.99908966
1454702406 0.0000000 0.99989700 0.99979848
1454702512 0.0000000 0.99984276 0.99967563
1454978820 0.0000000 0.99973345 0.99946487
1455590759 0.0000000 0.99962324 0.99924129
1455595494 0.0000000 0.99961209 0.99922329
1455757779 0.0000000 0.99967885 0.99935323
1455758311 0.0000000 0.99960065 0.99920171
1456215987 0.0000000 0.99950892 0.99902290
1456541993 0.0000000 0.99917531 0.99834359
1457201466 0.0000000 0.99918038 0.99834514
1457276938 0.0000000 0.99925351 0.99851376
1459152479 0.0000000 0.99045384 0.98070157
1459502085 0.0000000 0.99789858 0.99579459
1459988008 0.0000000 0.99930805 0.99858266
1460294506 0.0000000 0.99944925 0.99887282
1460353509 0.0000000 0.99955505 0.99910152
1460804146 0.0000000 0.99964637 0.99927312
1461082597 0.0000000 0.99941283 0.99876189
1461607991 0.0000000 0.99452615 0.98908609
1461770234 0.0000000 0.99957377 0.99903244
1461770257 0.0000000 0.99957424 0.99903268
1461770858 0.0000000 0.99923986 0.99837691
1461781146 0.0000000 0.99964416 0.99922222
1461806086 0.0000000 0.99754995 0.99508595
1462056417 0.0000000 0.99646395 0.99293572
1462199340 0.0000000 0.99948502 0.99892515
1462521203 0.0000000 0.99961662 0.99913657
1462632669 0.0000000 0.99957627 0.99896395
1462675593 0.0000000 0.99964285 0.99916416
1463023035 0.0000000 0.99966323 0.99921709
1463023251 0.0000000 0.99977207 0.99938184
1463023282 0.0000000 0.99975306 0.99933845
1463027395 0.0000000 0.99977821 0.99943358
1463127852 0.0000000 0.99962980 0.99907023
1463195522 0.0000000 0.99942923 0.99870241
1463196768 0.0000000 0.99958295 0.99901372
1463530965 0.0000000 0.99962246 0.99914134
1463863900 0.0000000 0.99968469 0.99926084
1463882779 0.0000000 0.99967545 0.99924767
1464184475 0.0000000 0.99915880 0.99824929
1464544116 0.0000000 0.99954021 0.99889654
1464576767 0.0000000 0.99945050 0.99872351
1464630651 0.0000000 0.99956053 0.99893278
1464672226 0.0000000 0.99971616 0.99929821
1466204142 0.0000000 0.99962640 0.99906802
1466383187 0.0000000 0.99954486 0.99890774
1466409210 0.0000000 0.99911451 0.99810565
1466715930 0.0000000 0.99960023 0.99896115
1467361422 0.0000000 0.99947977 0.99873227
1469019333 0.0000000 0.99939275 0.99860466
1469592155 0.0000000 0.99960184 0.99896747
1471008941 0.0000000 0.99642318 0.99278891
1471908408 0.0000000 0.99953246 0.99896032
1472660934 0.0000000 0.99966395 0.99919647
1473440050 5.00000007E-02 0.55815637 -1.3080697
1475055492 5.00000007E-02 0.37877166 -5.3281803
1475769120 0.0000000 0.90082973 0.75048888
1477370752 0.0000000 0.76381856 0.13957000
1478519786 0.0000000 0.74677539 8.01686049E-02
1478903131 0.0000000 0.71443796 8.59537125E-02
1480024554 0.0000000 0.68292254 -0.11358345
1480377579 5.00000007E-02 0.50236523 -1.6400964
1480507474 0.0000000 0.81928045 0.43166453
1481256588 -5.00000007E-02 0.44543919 -2.9875631
1481811269 0.0000000 0.89797980 0.74083388
1483057851 5.00000007E-02 0.41401282 -3.9520507
1483513641 5.00000007E-02 0.30528730 -8.7980585
1484155863 0.0000000 0.66688800 -0.72969174
1484797338 5.00000007E-02 0.35335812 -4.0513678
1484900187 5.00000007E-02 0.49803069 -1.8220870
1485329586 5.00000007E-02 0.38363636 -9.1572790
1486746772 5.00000007E-02 0.62621313 -0.48331821
1487420859 0.0000000 0.74632227 9.32845473E-02
1487652197 0.0000000 0.50516164 -1.6699028
1488212310 5.00000007E-02 0.37189254 -6.7183251
1488924651 5.00000007E-02 0.41369584 -5.4950342
1489967289 5.00000007E-02 0.41878772 -3.6455102
1490066029 5.00000007E-02 0.23722002 -11.759785
1490805242 0.0000000 0.79342943 0.28818387
1492112471 5.00000007E-02 0.69944000 -7.69890547E-02
1492367656 0.0000000 0.71677476 -0.34888363
1493517442 5.00000007E-02 0.52065170 -2.2243161
1493960850 5.00000007E-02 0.41652000 -5.0676675
1493986611 5.00000007E-02 0.33842278 -6.7123842
1494889974 0.0000000 0.86332083 0.67525661
1494932580 0.0000000 0.79891318 0.39465463
1495631454 5.00000007E-02 0.58672011 -0.89201951
1495691291 -5.00000007E-02 0.51991922 -1.7610693
1495956669 -5.00000007E-02 0.61546952 -0.97385216
1495999757 0.0000000 0.86692321 0.63573074
1496582686 0.0000000 0.79407918 0.34119481
1497967350 -5.00000007E-02 0.53668875 -1.3497362
1498029939 5.00000007E-02 0.41573238 -5.7612858
1500318986 -5.00000007E-02 0.22098848 -29.225288
1501139292 5.00000007E-02 0.30162653 -12.571302
1501845585 -5.00000007E-02 0.58648860 -1.6889355
1502294736 5.00000007E-02 0.45461705 -3.4688392
1502416734 0.0000000 0.79853809 0.32946950
1502582915 5.00000007E-02 0.37838423 -5.5882087
1504364658 0.0000000 0.69752163 -9.17997360E-02
1505096741 5.00000007E-02 0.25399309 -14.150805
1505687994 -5.00000007E-02 0.43038636 -3.4748807
1505917796 0.0000000 0.85667980 0.59527135
1506232185 0.0000000 0.52407426 -1.9490232
1506549399 5.00000007E-02 0.33847126 -8.7845306
1507505391 0.0000000 0.64076018 -0.50435126
1507747520 5.00000007E-02 0.53013712 -1.5257609
1508582157 0.0000000 0.73682147 0.12832683
1509318944 5.00000007E-02 0.72328353 0.12255013
1509677295 0.0000000 0.66069937 -0.53998137
1509677339 0.0000000 0.66525853 -0.51113570
1509752088 0.0000000 0.58123219 -0.96571982
1510398879 -5.00000007E-02 0.53279722 -2.0853789
1510402973 5.00000007E-02 0.63521397 -0.43814361
1510440860 5.00000007E-02 0.57324988 -1.2305360
1510947032 -5.00000007E-02 0.56712121 -0.99285138
1511360409 0.0000000 0.77437729 0.26399291
1511470532 -5.00000007E-02 0.53567803 -2.0116506
1512230735 5.00000007E-02 0.72875726 7.25988746E-02
1512377977 0.0000000 0.62242901 -0.60611224
1512704669 -5.00000007E-02 0.52336854 -1.6115634
1513120660 5.00000007E-02 0.63311368 -0.55043733
1516168751 5.00000007E-02 0.43989536 -4.5655584
1516984288 0.0000000 0.79988164 0.41788620
1517686257 5.00000007E-02 0.58520597 -1.0155847
1517749972 0.0000000 0.81300455 0.42757547
1517752600 0.0000000 0.81021595 0.47082019
1517752662 0.0000000 0.82608080 0.56289661
1517753127 5.00000007E-02 0.68613136 -0.26485884
1517753452 0.0000000 0.82059318 0.48586082
1517753522 0.0000000 0.82956493 0.52016336
1517753592 0.0000000 0.82813960 0.51420534
1517753815 0.0000000 0.78976578 0.37094671
1517758427 5.00000007E-02 0.66859627 -0.25492668
1517763262 0.0000000 0.62303293 -0.70144689
1517821602 0.0000000 0.72100180 1.47823691E-02
1517823894 0.0000000 0.54988426 -1.3590758
1517846321 0.0000000 0.66693717 -0.27580237
1517852233 5.00000007E-02 0.55149180 -1.0529449
1517893754 0.0000000 0.76243758 0.25574750
1517906208 0.0000000 0.71201169 4.29454446E-02
1517932241 0.0000000 0.86323458 0.64100349
1517932280 0.0000000 0.86479813 0.64985073
1517932282 0.0000000 0.86369091 0.64713168
1517932427 0.0000000 0.90647930 0.80081117
1517932434 0.0000000 0.90431756 0.79104519
1517932492 0.0000000 0.89969450 0.76013428
1517933877 0.0000000 0.67759168 -0.71342123
1517940013 0.0000000 0.84295762 0.63829994
1517940459 0.0000000 0.83943611 0.50636363
1517944528 0.0000000 0.84135205 0.56402242
1517945796 0.0000000 0.75768077 0.20939112
1517950582 0.0000000 0.80174971 0.42112339
1517958702 0.0000000 0.63927168 -0.36511457
1517960631 0.0000000 0.67479509 -0.24717188
1517969882 0.0000000 0.76191628 0.35079008
1517974578 0.0000000 0.73136133 0.15193832
1517998787 5.00000007E-02 0.50939846 -1.9069393
1518001985 0.0000000 0.76499748 0.26304501
1518008800 0.0000000 0.80262786 0.41815579
1518008880 0.0000000 0.83791697 0.54704356
1518013159 0.0000000 0.82559806 0.47449183
1518016890 0.0000000 0.89430881 0.72376239
1518016916 0.0000000 0.89433634 0.72393334
1518051257 0.0000000 0.67986792 -1.06046200E-02
1518059164 5.00000007E-02 0.60311544 -0.96870208
1518142443 5.00000007E-02 0.42833924 -3.6918225
1518201789 0.0000000 0.78201687 0.20068216
1518248929 5.00000007E-02 0.58562136 -1.0549872
1518858396 0.0000000 0.73741412 0.18446177
1518981709 5.00000007E-02 0.32644978 -14.061061
1519051621 5.00000007E-02 0.60868651 -0.82129085
1519254641 5.00000007E-02 0.60676920 -1.3966324
1519583320 0.0000000 0.83200663 0.48464859
1519962147 5.00000007E-02 0.39505398 -5.0393071
1520098551 5.00000007E-02 0.70189059 -1.28419399E-02
1520329330 5.00000007E-02 0.53804958 -2.0375407
1521024527 0.0000000 0.72949523 4.08363342E-03
1521537776 0.0000000 0.78356302 0.30811781
1521728871 5.00000007E-02 0.50489557 -1.8896120
1522232997 5.00000007E-02 0.38251385 -5.1118345
1522282670 5.00000007E-02 0.58531100 -0.86407590
1522598524 5.00000007E-02 0.49153730 -7.0195313
1523432369 5.00000007E-02 0.34193775 -5.2994080
1523886539 0.0000000 0.78241581 0.26429838
1524201906 5.00000007E-02 0.33832303 -7.3278913
1524248877 5.00000007E-02 0.52009118 -2.0365300
1524308214 5.00000007E-02 0.54027534 -1.7813404
1524503432 5.00000007E-02 0.40950823 -4.3390260
1524721460 0.0000000 0.67180401 -0.57089853
1524721601 0.0000000 0.63126510 -0.67294693
1524808553 0.0000000 0.58405644 -1.0172915
1525218424 5.00000007E-02 0.75088590 0.15457362
1526098666 -5.00000007E-02 0.41911170 -7.2996655
1527728598 0.0000000 0.79131377 0.28167492
1527904870 -0.20000000 0.23394813 -15.042461
1528731725 0.0000000 0.67015576 -0.52176249
1528750347 0.0000000 0.78471345 0.28986382
1528856173 5.00000007E-02 0.31860247 -6.4705744
1529096035 5.00000007E-02 0.41548949 -3.7309318
1529334375 5.00000007E-02 0.68938798 -0.18046808
1529522338 -5.00000007E-02 0.57076997 -1.4620135
1530516370 5.00000007E-02 0.41998047 -4.7074709
1530516385 5.00000007E-02 0.41926283 -4.4586344
1530609654 0.0000000 0.73482156 -0.10064852
1531312909 0.0000000 0.99881911 0.99757546
1531507119 0.0000000 0.99966156 0.99916601
1532050755 0.0000000 0.99843562 0.99685115
1533217098 0.0000000 0.99818099 0.99636370
1533504622 0.0000000 0.99854159 0.99707001
1533801692 0.0000000 0.99793160 0.99583441
1534500582 0.0000000 0.99882269 0.99757361
1534551317 0.0000000 0.99898678 0.99793893
1535572403 0.0000000 0.99896622 0.99788725
1535660064 0.0000000 0.99809319 0.99612558
1536498994 0.0000000 0.99801815 0.99602681
1536641006 0.0000000 0.99822736 0.99643791
1536700815 0.0000000 0.99760765 0.99515498
1538633849 0.0000000 0.99757379 0.99509645
1538766649 0.0000000 0.99714518 0.99405330
1539072778 0.0000000 0.99880731 0.99756205
1539164591 0.0000000 0.99966276 0.99922359
1540269298 0.0000000 0.99969584 0.99929994
1540310644 0.0000000 0.99967134 0.99929774
1541624711 0.0000000 0.99894089 0.99787748
1542328459 -5.00000007E-02 0.28382725 -10.432653
1542608341 5.00000007E-02 0.47569495 -2.8119915
1542638415 5.00000007E-02 0.77219504 0.29246533
1542645094 5.00000007E-02 0.56974870 -1.1715772
1543190243 0.0000000 0.67995739 -0.23468506
1543191316 5.00000007E-02 0.28416291 -11.198377
1543236658 5.00000007E-02 0.49683195 -2.5758598
1543238642 5.00000007E-02 0.43404961 -3.8757286
1543314575 5.00000007E-02 0.49326289 -2.1638055
1544368541 5.00000007E-02 0.59971118 -0.72637618
1544439487 0.0000000 0.66753131 -0.32732916
1544621063 5.00000007E-02 0.60057211 -0.88134956
1544908865 0.0000000 0.47293580 -2.2937551
1545710204 0.0000000 0.58924836 -0.86227179
1546538568 0.0000000 0.83934128 0.55698609
1546949806 -5.00000007E-02 0.64607716 -0.46687436
1548127166 0.0000000 0.61188155 -0.78654146
1548825695 5.00000007E-02 0.57849687 -0.92623305
1548861293 -5.00000007E-02 0.72336650 5.62558770E-02
1549366351 5.00000007E-02 0.50451034 -2.5979130
1549558324 0.0000000 0.60643178 -0.70520461
1550239687 5.00000007E-02 0.45148811 -2.6248283
1551558867 5.00000007E-02 0.41142580 -5.1448565
1552012334 0.0000000 0.83338982 0.52484500
1552127531 0.0000000 0.42116949 -3.6788964
1552421955 5.00000007E-02 0.56988835 -1.4958994
1552451554 -5.00000007E-02 0.28265849 -9.0518618
1552511242 0.0000000 0.76019454 0.19613338
1552697151 0.0000000 0.73788178 5.57233095E-02
1552968094 5.00000007E-02 0.29519692 -9.4647951
1553256348 5.00000007E-02 0.49601033 -2.5221541
1553414210 -5.00000007E-02 0.54560232 -2.5505452
1554087275 5.00000007E-02 0.41366777 -7.6583233
1554172029 -5.00000007E-02 0.28142390 -6.6502833
1554256375 0.0000000 0.87181020 0.66715944
1554343015 0.0000000 0.79492843 0.31081939
1554382610 -5.00000007E-02 0.36613244 -7.1027203
1554499495 5.00000007E-02 0.47504532 -2.8580406
1554706689 0.0000000 0.63431913 -0.92000294
1554822801 0.0000000 0.74041927 8.98883343E-02
1554841453 0.0000000 0.68238211 -0.18441606
1554850672 5.00000007E-02 0.57071841 -1.1034999
1555563667 5.00000007E-02 0.86835086 0.65548903
1556793883 5.00000007E-02 0.51845950 -2.1682153
1556970683 5.00000007E-02 0.62333125 -0.67326832
1557330527 5.00000007E-02 0.61445218 -0.99972785
1557737721 5.00000007E-02 0.40064034 -4.9114604
1558197514 5.00000007E-02 0.45890832 -3.4462900
1558379328 5.00000007E-02 0.75808221 0.25759190
1558489044 -5.00000007E-02 0.39635253 -5.3239636
1558591969 5.00000007E-02 0.38080537 -5.7688708
1559317998 0.0000000 0.76072365 0.16027069
1559641578 0.0000000 0.90904033 0.75257641
1559762840 5.00000007E-02 0.51100826 -1.7007744
1560870606 -5.00000007E-02 0.40382367 -3.4189892
1561237205 5.00000007E-02 0.38367188 -6.9986129
1561242160 5.00000007E-02 0.43666774 -4.3045774
1561825206 5.00000007E-02 0.44385576 -4.2026324
1561837452 0.0000000 0.70434886 -0.19374025
1562610935 5.00000007E-02 0.60789973 -0.80250609
1562880116 5.00000007E-02 0.71703386 -0.10086417
1563275550 5.00000007E-02 0.44950622 -3.8989987
1563531230 0.0000000 0.66345298 -0.30479467
1563768365 -5.00000007E-02 0.28384680 -8.3379326
1563850922 0.10000000 0.14478293 -23.966122
1564123196 5.00000007E-02 0.23307171 -12.425594
1564190683 0.0000000 0.82849437 0.51476657
1564649429 5.00000007E-02 0.43907034 -4.2433262
1564753988 0.0000000 0.84604478 0.53598630
1564784683 0.0000000 0.87977374 0.62289155
1565054388 0.0000000 0.84340405 0.54153991
1565055090 0.0000000 0.78357875 0.20360935
1565213283 0.0000000 0.86774057 0.63715708
1565218942 5.00000007E-02 0.49524075 -2.5048633
1565905300 5.00000007E-02 0.43732765 -5.5143733
1566053525 0.0000000 0.69026029 -0.35758924
1566053530 0.0000000 0.69033206 -0.35743976
1566074882 5.00000007E-02 0.43968523 -3.4879856
1566101114 0.0000000 0.74877918 7.36036897E-02
1566598377 -5.00000007E-02 0.39461884 -4.0173841
1566648618 5.00000007E-02 0.89187109 0.70724624
1567237819 5.00000007E-02 0.52789515 -1.7302363
1567471650 0.0000000 0.71405882 7.34680891E-03
1567604000 5.00000007E-02 0.39263445 -5.7232156
1567917359 0.0000000 0.66832048 -0.39395487
1568005668 -5.00000007E-02 0.34915170 -6.2933612
1568095682 0.0000000 0.70401049 -7.01664686E-02
1569863578 5.00000007E-02 0.62841964 -0.69324672
1570468626 0.0000000 0.83745748 0.49286443
1571312673 0.0000000 0.69120675 -0.17250562
1571861758 5.00000007E-02 0.73792213 0.14517915
1572218883 5.00000007E-02 0.44952556 -2.9732952
1573491297 5.00000007E-02 0.75365734 0.16000384
1573495893 5.00000007E-02 0.55437636 -1.5829532
1574645562 0.0000000 0.59950060 -1.0747488
1575564604 0.0000000 0.90302598 0.75191307
1575660753 5.00000007E-02 0.55535030 -1.8679605
1576495557 5.00000007E-02 0.66297853 -0.11041093
1577769501 5.00000007E-02 0.45123112 -2.9129732
1577819410 5.00000007E-02 0.65117943 -0.37192392
1578293635 -5.00000007E-02 0.54085445 -1.4062083
1578510402 5.00000007E-02 0.33608526 -8.4145737
1579404154 5.00000007E-02 0.57792062 -1.2030308
1579703564 -5.00000007E-02 0.47503990 -3.1438980
1580749376 5.00000007E-02 0.42895120 -3.7098403
1581076659 5.00000007E-02 0.39494538 -5.9744825
1581616159 0.0000000 0.69156742 -5.38749695E-02
1581629921 0.0000000 0.73048633 2.66384482E-02
1581764406 0.0000000 0.84025097 0.37371647
1581764700 0.0000000 0.73063374 -0.17249918
1581794413 0.0000000 0.79262412 -3.73995304E-02
1582090065 5.00000007E-02 0.66990918 -1.1747322
1582113307 5.00000007E-02 0.55995154 -1.0782857
1582546233 5.00000007E-02 0.55349487 -2.0821936
1582592414 5.00000007E-02 0.26918736 -8.1362009
1582629242 0.0000000 0.84368235 0.52173185
1582695255 5.00000007E-02 0.30519688 -9.4866161
1584677477 0.0000000 0.43782046 -3.1134753
1585787701 5.00000007E-02 0.36456403 -4.4447703
1586304460 5.00000007E-02 0.39440057 -5.3289666
1586389759 5.00000007E-02 0.47988287 -3.0189376
1586537097 5.00000007E-02 0.66557348 -0.51340914
1586691401 -5.00000007E-02 0.42315501 -3.2000961
1587481331 -5.00000007E-02 0.40178218 -5.3061800
1588476280 0.0000000 0.73016226 -0.15629303
1589003116 39.500000 3.76263522E-02 -518808.00
1593214064 0.0000000 0.65136063 -0.27967799
1593241888 5.00000007E-02 0.32058856 -9.9662399
1593407313 5.00000007E-02 0.32516593 -15.088614
1593435168 5.00000007E-02 0.40288195 -4.7317901
1593519432 5.00000007E-02 0.47424507 -3.4905047
1594227272 0.0000000 0.66048276 -0.23000586
1594265063 5.00000007E-02 0.45952386 -2.4212964
1594267923 5.00000007E-02 0.52026314 -1.8681192
1594526768 5.00000007E-02 0.38067046 -5.4396839
1594546164 -5.00000007E-02 0.21495564 -13.581475
1595767949 0.0000000 0.71833074 -3.51945162E-02
1597107665 5.00000007E-02 0.39741629 -4.1507678
1597123796 0.0000000 0.55302781 -0.91256177
1597187246 -5.00000007E-02 0.57314128 -0.94596732
1597774608 -5.00000007E-02 0.67072809 -0.10339332
1597797181 5.00000007E-02 0.52570438 -1.4254990
1597806811 5.00000007E-02 0.52294546 -1.7633243
1598480108 5.00000007E-02 0.50675440 -3.0365949
1598847265 5.00000007E-02 0.48068291 -1.5840864
1599036279 5.00000007E-02 0.49312308 -1.8459382
1600306672 0.0000000 0.67946774 -0.46249688
1600646088 5.00000007E-02 0.49506581 -1.7264845
1600833602 0.0000000 0.57629341 -1.4213643
1601017581 5.00000007E-02 0.40651625 -5.2748499
1601326254 0.0000000 0.90419215 0.74701840
1601342057 0.0000000 0.76129633 0.20704383
1601440640 0.0000000 0.69907022 -0.12768745
1601863505 5.00000007E-02 0.58451015 -0.70691979
1602517184 5.00000007E-02 0.71568453 7.53433108E-02
1602946993 5.00000007E-02 0.60159552 -0.67517006
1602947159 5.00000007E-02 0.66788924 -0.17044318
1603087586 0.0000000 0.57010359 -0.78934979
1603396062 0.0000000 0.83699554 0.59086299
1603674483 5.00000007E-02 0.44640914 -3.0980921
1604358861 5.00000007E-02 0.61196250 -0.52625740
1604426346 5.00000007E-02 0.68838519 -0.12452757
1604601372 0.0000000 0.69662720 -0.16486955
1604626818 5.00000007E-02 0.58676028 -0.90271389
1605130406 0.0000000 0.84167445 0.57051182
1605130534 0.0000000 0.80861646 0.49681681
1605266102 0.0000000 0.83691686 0.56004238
1605511152 5.00000007E-02 0.52306169 -1.8457124
1605551866 0.0000000 0.82680809 0.56289673
1605557664 0.0000000 0.62278646 -0.48336697
1605621503 0.0000000 0.76510084 0.32719952
1605662576 5.00000007E-02 0.21345969 -11.796564
1606582085 0.0000000 0.77602214 0.42324388
1606657334 0.0000000 0.71711892 1.84468627E-02
1607578178 5.00000007E-02 0.62679833 -0.50989115
1607606398 0.0000000 0.82729167 0.56339914
1607606851 0.0000000 0.84364659 0.61080968
1607624108 5.00000007E-02 0.50842011 -1.5778477
1608317519 5.00000007E-02 0.77762204 0.42629725
1608385359 0.0000000 0.84176177 0.60586417
1609436522 5.00000007E-02 0.71362150 8.55659246E-02
1609594007 5.00000007E-02 0.76518953 0.30555063
1610162996 0.0000000 0.70124716 8.34039450E-02
1610192153 5.00000007E-02 0.44619814 -2.5708079
1610249009 5.00000007E-02 0.55442798 -1.3802075
1611559538 5.00000007E-02 0.57956380 -1.3222361
1611565557 5.00000007E-02 0.45272762 -3.8498545
1611574763 5.00000007E-02 0.51617390 -5.9737568
1611584686 5.00000007E-02 0.64912760 -0.20682037
1611818971 0.0000000 0.77150923 0.28850299
