836616425 0.0000000 0.96218419 0.91774052
837595616 0.0000000 0.99578494 0.99128830
837775762 0.0000000 0.99206889 0.98343605
837925917 0.0000000 0.98263174 0.96357352
838427199 0.0000000 0.99924564 0.99840820
838671653 0.0000000 0.99980426 0.99952167
838750993 0.0000000 0.99868363 0.99719936
841593341 0.0000000 0.99854195 0.99693686
841947167 0.0000000 0.98422331 0.96695769
841966927 0.0000000 0.99973166 0.99944019
841967337 0.0000000 0.93361765 0.85415590
841967424 0.0000000 0.86743200 0.67300880
841967717 0.0000000 0.72155899 -2.17709541E-02
841969564 0.0000000 0.97886831 0.95526564
841973148 0.0000000 0.88807034 0.73966187
841975496 0.0000000 0.99523336 0.99024183
841976432 0.0000000 0.92325050 0.82900548
841976527 0.0000000 0.84896028 0.61495203
841989993 0.0000000 0.79616416 0.45079833
841990035 0.0000000 0.79539567 0.44772226
841990674 0.0000000 0.81543452 0.47946393
841998277 0.0000000 0.90123510 0.76355332
842009672 0.0000000 0.99273211 0.98489779
842020651 0.0000000 0.71723306 6.61598444E-02
842035262 0.0000000 0.93195814 0.83855283
842036992 0.0000000 0.69316036 -0.12964571
842056074 0.0000000 0.95540237 0.90497983
842122037 0.0000000 0.82348216 0.49116719
842211144 0.0000000 0.70425481 -6.00515604E-02
842213633 0.0000000 0.93607867 0.85495031
842233958 0.0000000 0.99968129 0.99927354
842984365 0.0000000 0.66517448 -0.27123868
844156464 0.0000000 0.60709244 -0.71602702
844853345 0.0000000 0.99486506 0.98916757
844879870 0.0000000 0.40400720 -5.9214377
846839283 0.0000000 0.98114485 0.96024412
848996543 0.0000000 0.99978244 0.99933296
849080713 0.0000000 0.83325577 0.56624103
850676186 0.0000000 0.92314345 0.82249224
850877408 0.0000000 0.63112825 -0.40228534
850908023 0.0000000 0.75190610 0.27473354
851184320 0.0000000 0.80710816 0.44844931
851550736 0.0000000 0.98133588 0.95997196
851807286 0.0000000 0.94435167 0.87567544
852186702 0.0000000 0.37589398 -5.2330236
852329204 0.0000000 0.19936335 -25.050385
852460456 0.0000000 0.99869871 0.99696738
852489653 0.0000000 0.91788483 0.80576849
852515472 0.0000000 0.95547259 0.89940161
853272363 0.0000000 0.69304544 -0.12520266
853376840 0.0000000 0.99140090 0.98171043
853407944 0.0000000 0.70377487 -0.14382958
853607627 0.0000000 0.99274123 0.98483568
853739580 0.0000000 0.97805744 0.95279354
854306280 0.0000000 0.99956954 0.99878973
855524541 0.0000000 0.38922834 -5.0530291
855593408 0.0000000 0.79989409 0.41169947
855822594 0.0000000 0.72896844 5.16622663E-02
857058283 0.0000000 0.99670285 0.99238658
857344712 0.0000000 0.49213088 -2.1938918
857979217 0.0000000 0.99859911 0.99688923
858004916 0.0000000 0.89051145 0.72934544
872088689 0.0000000 0.80052167 0.44907165
872425059 0.0000000 0.82087201 0.52746385
872437680 0.0000000 0.41708899 -3.6823530
872449116 0.0000000 0.87536764 0.70006180
872491072 0.0000000 0.33401397 -4.9764647
872492263 0.0000000 0.59968728 -0.81262910
892980386 0.0000000 0.98759615 0.97516447
893747340 0.0000000 0.97812921 0.95560563
894067552 0.0000000 0.56883502 -0.95550549
894087462 0.0000000 0.99704397 0.99404013
894238216 0.0000000 0.99280155 0.98563755
894747219 0.0000000 0.99123394 0.98244399
895825584 0.0000000 0.55548209 -1.2160470
905363640 0.0000000 0.93727952 0.86429107
905409966 0.0000000 0.89285022 0.74499232
905583188 0.0000000 0.95782250 0.91033679
905664888 0.0000000 0.99901241 0.99801648
905697214 0.0000000 0.92440295 0.83246726
905921771 0.0000000 0.96518308 0.92835909
906395377 0.0000000 0.99784857 0.99567598
906915742 0.0000000 0.97414672 0.94625449
906973039 0.0000000 0.72466403 8.99124742E-02
907937571 0.0000000 0.99377960 0.98747003
908081794 0.0000000 0.99646115 0.99289680
908297657 0.0000000 0.64437056 -0.56795406
908665869 -25.300001 2.83642448E-02 0.0000000
910076797 -62.549999 2.14405861E-02 0.0000000
911341652 -57.400002 2.13826038E-02 0.0000000
911471402 -16.500000 2.00951751E-02 0.0000000
912019233 280.80002 2.82156728E-02 0.0000000
912118339 241.75000 2.02846378E-02 0.0000000
912320478 -9.8500004 3.41656730E-02 0.0000000
913597143 276.80002 2.90911105E-02 0.0000000
914291346 -27.250000 2.57507674E-02 0.0000000
914495847 -24.900000 1.31703448E-02 0.0000000
916122256 -26.400000 2.40535606E-02 0.0000000
918942477 -39.700001 1.89367756E-02 0.0000000
919479225 -84.349998 1.95232946E-02 0.0000000
919691338 -56.600002 2.91998256E-02 0.0000000
920174684 274.20001 1.70109402E-02 0.0000000
920668347 -45.450001 2.13999972E-02 0.0000000
922458849 -46.150002 1.94744673E-02 0.0000000
925451079 0.0000000 0.99273443 0.98523605
925706822 0.0000000 0.61241764 -0.76671791
925998383 0.0000000 0.87227488 0.68638670
926039004 0.0000000 0.99962336 0.99922091
926607950 0.0000000 0.97392517 0.94579488
926999002 0.0000000 0.97741932 0.95285064
927655854 0.0000000 0.68440378 -0.14436686
928199401 0.0000000 0.99806023 0.99606693
928426302 0.0000000 0.99973142 0.99945420
928999079 0.0000000 0.99941540 0.99881428
929863441 -73.099998 2.82802694E-02 0.0000000
930302321 -118.55000 2.03702785E-02 0.0000000
930322043 -100.10000 1.68970674E-02 0.0000000
931355593 230.15001 2.30076071E-02 0.0000000
931356389 223.85001 2.36081574E-02 0.0000000
931484211 228.00000 2.30301116E-02 0.0000000
931653898 220.80000 1.71116702E-02 0.0000000
931724710 242.25000 1.83585566E-02 0.0000000
986938306 0.0000000 0.99915886 0.84244484
988100797 0.0000000 0.99937952 0.84308833
988336953 0.0000000 0.99959379 0.84188807
989765823 0.0000000 0.99958789 0.84351242
990117114 0.0000000 0.99397933 0.83904308
990630314 0.0000000 0.99960518 0.84428537
991455252 0.0000000 0.99960792 0.83917940
991634551 0.0000000 0.99917454 0.84157526
991995645 0.0000000 0.73965728 0.53789032
992208377 0.0000000 0.99946463 0.84360421
992209870 0.0000000 0.99948555 0.84313208
992438274 0.0000000 0.99968678 0.84341979
992486125 0.0000000 0.99976170 0.84289420
992592933 0.0000000 0.99872690 0.84111404
992927775 0.0000000 0.99954981 0.84334636
992929419 0.0000000 0.99970359 0.84258217
993581187 0.0000000 0.99889851 0.84368438
993854508 0.0000000 0.99959129 0.84298158
993874057 0.0000000 0.99980652 0.84289408
994007634 0.0000000 0.99952865 0.84251863
994692047 0.0000000 0.99976659 0.84331095
995024004 0.0000000 0.99954808 0.83988166
995162867 0.0000000 0.99910378 0.84164834
995890516 0.0000000 0.99958807 0.84488547
996113981 0.0000000 0.99958086 0.84063256
997156421 0.0000000 0.99452400 0.83776313
998326679 0.0000000 0.99965400 0.84166211
999257596 0.0000000 0.99967444 0.83447266
1000062111 0.0000000 0.99919933 0.83934724
1000197538 0.0000000 0.99980432 0.84667045
1000766684 0.0000000 0.99975950 0.84440088
1001410293 0.0000000 0.99922037 0.84112656
1001954970 0.0000000 0.99954098 0.84679115
1004092959 0.0000000 0.99970740 0.84234798
1004454253 0.0000000 0.99960697 0.84192586
1004863535 0.0000000 0.99954313 0.84529626
1005352632 0.0000000 0.99952537 0.84290338
1006580783 0.0000000 0.99960816 0.83992493
1007019252 0.0000000 0.99971795 0.84183431
1007572713 0.0000000 0.98949105 0.83179510
1007712455 0.0000000 0.99948579 0.84194124
1007972664 0.0000000 0.99949419 0.84357327
1008464695 0.0000000 0.99954671 0.84274942
1008648180 0.0000000 0.99971443 0.84217978
1008649429 0.0000000 0.99952376 0.84066653
1008650819 0.0000000 0.99966460 0.84181714
1008651467 0.0000000 0.99969190 0.84231514
1008652414 0.0000000 0.99955618 0.84071302
1008671685 0.0000000 0.99965829 0.84278673
1008686668 0.0000000 0.99951893 0.84206235
1008715277 0.0000000 0.99953651 0.84071481
1008786983 0.0000000 0.99954057 0.84187496
1008836107 0.0000000 0.99952352 0.84056789
1008890954 0.0000000 0.99954647 0.84110767
1009057225 0.0000000 0.99966437 0.84059554
1009168145 0.0000000 0.99960196 0.84052259
1009442091 0.0000000 0.99939573 0.84159160
1009500099 0.0000000 0.99959254 0.84355313
1010371507 0.0000000 0.99951816 0.84239507
1010509239 0.0000000 0.99954778 0.84125423
1011026056 0.0000000 0.99975348 0.84512210
1011031830 0.0000000 0.99953550 0.84069455
1011063499 0.0000000 0.99938959 0.84351677
1011682027 0.0000000 0.99891037 0.84171700
1012271064 0.0000000 0.99946237 0.84247679
1012580587 0.0000000 0.99947125 0.84052426
1013484445 0.0000000 0.99972057 0.84600770
1013485377 0.0000000 0.99976164 0.84463710
1013486436 0.0000000 0.99959648 0.84223032
1014927282 0.0000000 0.99914312 0.84150267
1014972465 0.0000000 0.99958366 0.84157509
1015232666 0.0000000 0.99969363 0.84393358
1016105151 0.0000000 0.99946260 0.84534681
1016468323 0.0000000 0.99959719 0.84364247
1017159906 0.0000000 0.99985588 0.84451902
1017557569 0.0000000 0.94556242 0.83320540
1017557822 0.0000000 0.99956489 0.84295142
1017594576 0.0000000 0.99972898 0.84253389
1017816456 0.0000000 0.99970090 0.84448063
1017857170 0.0000000 0.99953914 0.84302628
1017925489 0.0000000 0.99958056 0.84446561
1018065946 0.0000000 0.99935263 0.84243166
1018137582 0.0000000 0.99873537 0.83881164
1018221645 0.0000000 0.99956930 0.84410000
1018414606 0.0000000 0.99964386 0.84482098
1018800484 0.0000000 0.99965018 0.84336978
1018898180 0.0000000 0.99801373 0.84003770
1019054808 0.0000000 0.99965608 0.84199756
1019292480 0.0000000 0.99966979 0.84169030
1019488470 0.0000000 0.99957740 0.84553921
1019673665 0.0000000 0.99515671 0.84041429
1020000226 0.0000000 0.99963975 0.83970463
1021004232 0.0000000 0.99953383 0.84534854
1021024958 0.0000000 0.94407266 0.79233158
1021028934 0.0000000 0.99966782 0.84181458
1021434365 0.0000000 0.99963009 0.84335124
1021434812 0.0000000 0.99962080 0.84476328
1021435155 0.0000000 0.99975204 0.84313434
1021437004 0.0000000 0.99941045 0.84114063
1021437761 0.0000000 0.99955350 0.84679484
1021888184 0.0000000 0.99960965 0.84377015
1022604314 0.0000000 0.99957925 0.84217441
1022741620 0.0000000 0.99963385 0.84065145
1022779647 0.0000000 0.99957108 0.84168440
1024000827 0.0000000 0.99946797 0.84428215
1024039343 0.0000000 0.99986452 0.84234196
1024059173 0.0000000 0.99906951 0.84017324
1024224102 0.0000000 0.99975997 0.84303814
1024232773 0.0000000 0.99974102 0.84190732
1024881141 0.0000000 0.99933660 0.83741719
1026036068 0.0000000 0.99958676 0.84266412
1026372982 0.0000000 0.99964571 0.83977973
1026373076 0.0000000 0.99960506 0.84070247
1026374005 0.0000000 0.99958509 0.84220445
1026378668 0.0000000 0.99958706 0.84155530
1026562025 0.0000000 0.99964690 0.84093809
1026925041 0.0000000 0.99957603 0.84137970
1026933281 0.0000000 0.99964440 0.83828002
1026967951 0.0000000 0.99915141 0.84405184
1028885460 0.0000000 0.99954093 0.27945572
1028970195 0.0000000 0.89575773 0.28164351
1029367736 0.0000000 0.99973446 0.27961421
1030006163 0.0000000 0.99956095 0.27940708
1030375930 0.0000000 0.99963111 0.27955192
1030554334 0.0000000 0.99968946 0.27865064
1030628193 0.0000000 0.99972063 0.27846754
1030651553 0.0000000 0.99976170 0.28026420
1030859781 0.0000000 0.99969345 0.27900630
1030864055 0.0000000 0.99959618 0.28005755
1031310121 0.0000000 0.99955738 0.28083265
1031439572 0.0000000 0.99967200 0.27834958
1031647094 0.0000000 0.99942845 0.27895880
1032052013 0.0000000 0.99957019 0.27860969
1032134610 0.0000000 0.99947160 0.27949452
1032294371 0.0000000 0.99932557 0.27761996
1032315669 0.0000000 0.99820268 0.27992296
1032907402 0.0000000 0.99973184 0.27984631
1033103267 0.0000000 0.99962467 0.28035986
1033374913 0.0000000 0.99960560 0.27873188
1033690544 0.0000000 0.99960911 0.27965355
1033947513 0.0000000 0.99974447 0.28115094
1034070514 0.0000000 0.99943948 0.27877885
1034480608 0.0000000 0.99912494 0.27939451
1034923400 0.0000000 0.99973589 0.27650279
1034928298 0.0000000 0.99958789 0.27703816
1035149152 0.0000000 0.99948341 0.27608979
1035153178 0.0000000 0.99958766 0.27783650
1035197382 0.0000000 0.99851549 0.71201873
1035991040 0.0000000 0.99951154 0.27804238
1036098952 0.0000000 0.99900895 0.27694541
1036697273 0.0000000 0.99940580 0.27618444
1036697648 0.0000000 0.99958277 0.27498710
1036886824 0.0000000 0.99965966 0.27873617
1038324582 0.0000000 0.99945933 0.99890095
1038746116 0.0000000 0.99960279 0.99919391
1039232712 0.0000000 0.99791348 0.99574828
1039743025 0.0000000 0.99934649 0.99865144
1040450954 0.0000000 0.99863476 0.99726486
1040520314 0.0000000 0.99807411 0.99610287
1040644457 0.0000000 0.99950874 0.99900234
1040799690 0.0000000 0.99956614 0.99912751
1041632855 0.0000000 0.99955165 0.99905890
1042809813 0.0000000 0.99949092 0.99895740
1043607562 0.0000000 0.99902058 0.99801087
1044768063 0.0000000 0.99979556 0.99955809
1044817061 0.0000000 0.99953425 0.99905372
1045633623 0.0000000 0.99935764 0.99870485
1046065971 0.0000000 0.99516511 0.99010789
1046575544 0.0000000 0.99975884 0.99940199
1048808323 0.0000000 0.99937898 0.99872792
1049310522 0.0000000 0.99958497 0.99916923
1049353173 0.0000000 0.99888796 0.99772817
1051845960 0.0000000 0.99265683 0.98502958
1051900153 0.0000000 0.99863803 0.99720556
1052394722 0.0000000 0.83242619 0.55575860
1052961462 0.0000000 0.99977028 0.99941826
1053904321 0.0000000 0.99749374 0.99494839
1054395492 0.0000000 0.99925888 0.99846894
1054853585 0.0000000 0.99940884 0.99880421
1055123570 0.0000000 0.99960762 0.99911904
1055135284 0.0000000 0.99955791 0.99908894
1055234432 0.0000000 0.99984562 0.99965596
1055390332 0.0000000 0.99958378 0.99916226
1055425274 0.0000000 0.99962431 0.99910218
1055472531 0.0000000 0.99813282 0.99624056
1055510426 0.0000000 0.99979156 0.99939972
1055788418 0.0000000 0.99985266 0.99970311
1055803080 0.0000000 0.99978077 0.99955565
1056357316 0.0000000 0.99947262 0.99894226
1057028486 0.0000000 0.98699135 0.97374403
1057319282 0.0000000 0.99898481 0.99791658
1058108790 0.0000000 0.99968088 0.99935240
1058496080 0.0000000 0.99941266 0.99881011
1059102630 0.0000000 0.99935859 0.99869633
1059590191 0.0000000 0.99963260 0.99924284
1059850488 0.0000000 0.99901098 0.99798924
1059910523 0.0000000 0.99954474 0.99907058
1059994404 0.0000000 0.99912876 0.99821466
1060172588 0.0000000 0.99978685 0.99946821
1060619413 0.0000000 0.99947351 0.99893528
1061586322 0.0000000 0.99906439 0.99808437
1062262342 0.0000000 0.99941730 0.99877477
1062859632 0.0000000 0.99530679 0.99035788
1063234506 0.0000000 0.99946821 0.99891704
1063264037 0.0000000 0.99965602 0.99929911
1064365712 0.0000000 0.99360162 0.98681480
1064533379 0.0000000 0.99959940 0.99918336
1065785029 0.0000000 0.99549985 0.99083471
1065790269 0.0000000 0.99951661 0.99899560
1065847269 0.0000000 0.99893826 0.99781656
1067505195 0.0000000 0.99956673 0.99908412
1068127124 0.0000000 0.99935365 0.99852914
1068356150 0.0000000 0.99971139 0.99929368
1068595355 0.0000000 0.99971271 0.99939173
1068804765 0.0000000 0.99700159 0.99388492
1068825242 0.0000000 0.99974024 0.99943715
1069412363 0.0000000 0.99671835 0.99332303
1070682432 0.0000000 0.88017547 0.70231724
1070692497 0.0000000 0.99951118 0.99897671
1070921046 0.0000000 0.99941784 0.99880379
1071031093 0.0000000 0.99972612 0.99939764
1071031176 0.0000000 0.99950004 0.99890244
1071031375 0.0000000 0.99955422 0.99901170
1071031628 0.0000000 0.99958557 0.99909186
1071031695 0.0000000 0.99961960 0.99917489
1071031744 0.0000000 0.99961209 0.99915797
1071031844 0.0000000 0.99960142 0.99913138
1071031926 0.0000000 0.99947512 0.99891025
1071033611 0.0000000 0.99958748 0.99910563
1071033625 0.0000000 0.99958837 0.99910611
1071035006 0.0000000 0.99894553 0.99775672
1071038489 0.0000000 0.99947989 0.99888694
1071042579 0.0000000 0.99877197 0.99739170
1071043831 0.0000000 0.99910146 0.99801594
1071046005 0.0000000 0.99957579 0.99906874
1071046239 0.0000000 0.99699283 0.99387330
1071074159 0.0000000 0.99926871 0.99844915
1071095531 0.0000000 0.99942762 0.99878204
1071100910 0.0000000 0.99971473 0.99937594
1071109335 0.0000000 0.99915671 0.99822831
1071169499 0.0000000 0.99897695 0.99786794
1071182968 0.0000000 0.99963063 0.99919760
1071183209 0.0000000 0.99963188 0.99921155
1071183435 0.0000000 0.99929404 0.99855369
1071443800 0.0000000 0.99927139 0.99851859
1071583019 0.0000000 0.99941403 0.99867052
1071584001 0.0000000 0.99943072 0.99878263
1071678445 0.0000000 0.99968582 0.99928868
1071725608 0.0000000 0.99938989 0.99870998
1072705310 0.0000000 0.99951535 0.99896663
1072926918 0.0000000 0.99969786 0.99924880
1073300844 0.0000000 0.99883288 0.99746072
1073475853 0.0000000 0.99948823 0.99890363
1073756920 0.0000000 0.99868524 0.99735141
1073986141 0.0000000 0.99967247 0.99929583
1073994067 0.0000000 0.96124351 0.91457283
1075317204 5.00000007E-02 0.76072216 0.38581383
1075317446 5.00000007E-02 0.82014149 0.58330572
1075318489 5.00000007E-02 0.68331069 0.13767540
1075466599 5.00000007E-02 0.83472776 0.64219952
1075865039 5.00000007E-02 0.85224199 0.64260292
1076851926 5.00000007E-02 0.77257103 0.40576309
1076884025 5.00000007E-02 0.80648756 0.52901387
1077531525 0.0000000 0.99960506 0.99919206
1077584107 0.0000000 0.99967504 0.99927735
1078321829 0.0000000 0.99975377 0.99939907
1079154231 0.0000000 0.99947792 0.99889731
1080241624 0.0000000 0.99920940 0.99834698
1081488818 0.0000000 0.99985927 0.99966252
1082397083 0.0000000 0.99879700 0.99754250
1082563195 0.0000000 0.96409607 0.92269921
1082729069 0.0000000 0.99895787 0.99782425
1082820030 0.0000000 0.99955529 0.99903786
1083398171 0.0000000 0.99873471 0.99703288
1083961065 0.0000000 0.99935049 0.99867862
1084003366 0.0000000 0.99962276 0.99922836
1087613581 0.0000000 0.99886185 0.99756974
1089099122 0.0000000 0.99980950 0.99958807
1089113880 0.0000000 0.99943829 0.99880552
1089371968 0.0000000 0.99944407 0.99878728
1090478200 0.0000000 0.99961412 0.99921727
1091970746 0.0000000 0.99953425 0.99901789
1092861100 0.0000000 0.99540561 0.99068004
1093118276 0.0000000 0.99930906 0.99856669
1093908136 0.0000000 0.99950707 0.99899578
1095475955 0.0000000 0.99925929 0.99850875
1097813330 0.0000000 0.99990344 0.99980509
1098848984 0.0000000 0.95525748 0.90261626
1099928102 0.0000000 0.99964762 0.99927527
1099929295 0.0000000 0.99991280 0.99982262
1099929521 0.0000000 0.99974036 0.99947071
1099931589 0.0000000 0.99959260 0.99917001
1099942690 0.0000000 0.99984956 0.99969298
1100955874 0.0000000 0.99909806 0.99816811
1103674687 0.0000000 0.99973017 0.99944156
1105287429 0.0000000 0.65840995 -0.21565723
1105405102 0.0000000 0.99989909 0.99979091
1105536640 0.0000000 0.99985945 0.99967140
1105765351 0.0000000 0.99964648 0.99926740
1106056455 0.0000000 0.99560636 0.99116236
1106207236 0.0000000 0.99985200 0.99966961
1106226863 0.0000000 0.99780005 0.99551737
1106317701 0.0000000 0.99987924 0.99975771
1106377004 0.0000000 0.99989003 0.99977463
1106829094 0.0000000 0.99987447 0.99974966
1107166208 0.0000000 0.99752092 0.99495518
1107223187 0.0000000 0.99993175 0.99983931
1107233798 0.0000000 0.99991065 0.99979973
1107286746 0.0000000 0.99907541 0.99813634
1107388387 0.0000000 0.99995017 0.99986482
1107601144 0.0000000 0.99991608 0.99978143
1107601252 0.0000000 0.99991834 0.99978733
1108162580 0.0000000 0.99990743 0.99970490
1108757898 0.0000000 0.99988502 0.99976814
1108761568 0.0000000 0.99951309 0.99901271
1110049611 0.0000000 0.99991000 0.99979383
1110049680 0.0000000 0.99989271 0.99976450
1110050185 0.0000000 0.99987495 0.99972016
1110050874 0.0000000 0.99984825 0.99967152
1110568232 0.0000000 0.99926108 0.99849916
1111274786 0.0000000 0.99927938 0.99851525
1113182839 0.0000000 0.99890548 0.99780256
1113208093 0.0000000 0.99838001 0.99670136
1113260515 0.0000000 0.99830061 0.99656206
1113331351 0.0000000 0.99951506 0.99897283
1114345058 0.0000000 0.99471039 0.98900628
1114872497 0.0000000 0.99947232 0.99893147
1114872533 0.0000000 0.99967009 0.99930859
1114872543 0.0000000 0.99951017 0.99891222
1114981677 0.0000000 0.99904352 0.99770808
1115167250 0.0000000 0.99969941 0.99933416
1115753263 0.0000000 0.99886924 0.99768275
1115910658 0.0000000 0.99949086 0.99888784
1115942660 0.0000000 0.99980742 0.99961162
1116353193 0.0000000 0.99911290 0.99819428
1117405041 0.0000000 0.99959362 0.99910748
1117642805 0.0000000 0.99951494 0.99902576
1118162704 0.0000000 0.99961275 0.99914807
1118367166 0.0000000 0.99954766 0.99906540
1118396676 0.0000000 0.99969965 0.99922138
1118501300 0.0000000 0.99963361 0.99926257
1118677980 0.0000000 0.99951094 0.99894071
1118868304 0.0000000 0.99705404 0.99393702
1119087065 0.0000000 0.99955559 0.99908251
1119729025 0.0000000 0.99895626 0.99787915
1119876655 0.0000000 0.96302718 0.92228734
1121472051 0.0000000 0.99982828 0.99965346
1121864763 0.0000000 0.99935669 0.99866271
1122385024 0.0000000 0.99935651 0.99870640
1122618639 0.0000000 0.99917519 0.99831432
1122777951 0.0000000 0.99923652 0.99846578
1123439949 0.0000000 0.99902314 0.99803025
1125373372 0.0000000 0.97634381 0.95096391
1125685516 0.0000000 0.99924797 0.99844277
1125969360 0.0000000 0.99940294 0.99880475
1127055473 0.0000000 0.99890667 0.99781340
1127456637 0.0000000 0.99968982 0.99931949
1127471662 0.0000000 0.99932766 0.99860179
1127494190 0.0000000 0.99960029 0.99910730
1127760620 0.0000000 0.99966300 0.99932617
1128153007 0.0000000 0.99943548 0.99886417
1128174696 0.0000000 0.99932736 0.99864078
1128475640 0.0000000 0.99904662 0.99803871
1128528995 0.0000000 0.99910927 0.99817586
1128891916 0.0000000 0.93942225 0.86672711
1128923244 0.0000000 0.99931383 0.99862581
1129069430 0.0000000 0.88546807 0.71276963
1129155495 0.0000000 0.98113590 0.96055359
1129246313 0.0000000 0.98780435 0.97464377
1129324370 0.0000000 0.99945021 0.99888492
1129391464 0.0000000 0.99923664 0.99847269
1129907016 0.0000000 0.94450361 0.87954479
1130249327 0.0000000 0.99867928 0.99733621
1131428965 0.0000000 0.99887580 0.99757433
1131431840 0.0000000 0.99938303 0.99869883
1132062095 0.0000000 0.99907142 0.99809158
1132132485 0.0000000 0.99793535 0.99579674
1132148341 0.0000000 0.99932504 0.99863434
1132166999 0.0000000 0.99911153 0.99821180
1132661855 0.0000000 0.99907643 0.99810696
1132975230 0.0000000 0.99941993 0.99881959
1133111580 0.0000000 0.99908876 0.99809951
1133304109 0.0000000 0.99929678 0.99850583
1133601723 0.0000000 0.99909139 0.99813128
1133908462 0.0000000 0.99958467 0.99910396
1134710133 0.0000000 0.99899447 0.99782151
1135808248 0.0000000 0.99885428 0.99752343
1135976852 0.0000000 0.99762440 0.99492621
1136739698 0.0000000 0.99953449 0.99903280
1137913657 0.0000000 0.99943542 0.99885762
1137989937 0.0000000 0.99940640 0.99879110
1137990003 0.0000000 0.99920511 0.99840081
1138288259 0.0000000 0.99910212 0.99817538
1139284609 0.0000000 0.77808511 0.37870508
1139326915 0.0000000 0.99938154 0.99867725
1140725945 0.0000000 0.99954253 0.99898106
1140746150 0.0000000 0.99954587 0.99903953
1141877248 0.0000000 0.99940091 0.99868393
1142029462 0.0000000 0.99885058 0.99766171
1142229311 0.0000000 0.99915093 0.99816495
1142709582 0.0000000 0.99882996 0.99750024
1143536168 0.0000000 0.99905300 0.99762923
1143616861 0.0000000 0.99905807 0.99807644
1143885739 0.0000000 0.99960136 0.99911606
1143885924 0.0000000 0.99907786 0.99805909
1143888020 0.0000000 0.99910164 0.99813026
1144129163 0.0000000 0.99756199 0.99466789
1144133312 0.0000000 0.99827540 0.99643999
1144179006 0.0000000 0.99909675 0.99811780
1144806135 0.0000000 0.99693483 0.99371642
1145140855 0.0000000 0.99978769 0.99953759
1145323561 0.0000000 0.99839121 0.99663574
1146215126 0.0000000 0.99974740 0.99949163
1146944291 0.0000000 0.48881438 -1.7840028
1146966782 0.0000000 0.99864256 0.99694681
1147258751 0.0000000 0.99955738 0.99896568
1149411961 0.0000000 0.99949843 0.99887443
1149467938 0.0000000 0.99674010 0.99333239
1149638545 0.0000000 0.99891633 0.99774086
1149771133 0.0000000 0.99826455 0.99643379
1150128882 0.0000000 0.99292386 0.98540187
1151387381 0.0000000 0.99874115 0.99745041
1154072410 0.0000000 0.99924332 0.99827433
1154182305 0.0000000 0.99942333 0.99881113
1155212722 0.0000000 0.99937803 0.99870539
1155340266 0.0000000 0.99948198 0.99889195
1155354114 0.0000000 0.99604511 0.99179530
1155443514 0.0000000 0.99924433 0.99839330
1156044082 0.0000000 0.97393781 0.94541347
1156698676 0.0000000 0.99897093 0.99774432
1158266854 0.0000000 0.94487476 0.71355760
1159598968 0.0000000 0.97344238 0.72410977
1159684577 0.0000000 0.99888414 0.75316894
1160388105 0.0000000 0.98462701 0.74035907
1160392104 0.0000000 0.98061216 0.73685336
1160549032 0.0000000 0.76291609 0.56497407
1160664389 0.0000000 0.99857610 0.74779356
1163299258 0.0000000 0.90485573 0.68162715
1163456967 0.0000000 0.98178285 0.72656918
1163641819 0.0000000 0.99215722 0.72018450
1164570370 0.0000000 0.99488509 0.72173965
1165358160 0.0000000 0.99719381 0.72575343
1165368969 0.0000000 0.98926771 0.71734977
1166094636 0.0000000 0.98831761 0.72637945
1166561075 0.0000000 0.99300128 0.71724528
1166894907 0.0000000 0.99763650 0.71587074
1167121204 0.0000000 0.93650562 0.69072175
1167135981 0.0000000 0.99805903 0.72775590
1167136317 0.0000000 0.99864447 0.73705184
1167136455 0.0000000 0.99864072 0.73706210
1167136825 0.0000000 0.86923546 0.65214479
1167144800 0.0000000 0.59538865 0.31352818
1167147704 0.0000000 0.95007890 0.70299196
1167154513 0.0000000 0.85246879 0.64417964
1167186639 0.0000000 0.98639089 0.72346163
1167298740 0.0000000 0.33115456 -0.88249576
1167318376 0.0000000 0.12334888 -33.670223
1167324678 0.0000000 0.42052734 -0.33319080
1167592780 0.0000000 0.24792293 -3.0634627
1167604646 0.0000000 0.90039700 0.66173244
1168792515 0.0000000 0.85889202 0.64197034
1168917035 0.0000000 0.99566120 0.71728659
1169006425 0.0000000 0.99301511 0.70842189
1169712716 0.0000000 0.34538898 -0.94338620
1169722755 0.0000000 0.99770778 0.72314906
1170262059 0.0000000 0.36508083 -0.60813677
1170524118 0.0000000 0.55226839 0.23161495
1171366614 0.0000000 0.89269388 0.64961803
1171423577 0.0000000 0.71866119 0.51285756
1171423831 0.0000000 0.84587157 0.64180505
1171832699 0.0000000 0.87194884 0.66562140
1172178017 0.0000000 0.99670428 0.71705371
1174197233 0.0000000 0.65046024 0.41048443
1175309106 0.0000000 0.94198614 0.71569932
1175583473 0.0000000 0.93018156 0.71610677
1176242685 0.0000000 0.87736940 0.66521525
1177115546 0.0000000 0.95751238 0.73926961
1177175308 0.0000000 0.49877012 -6.92532063E-02
1178992210 0.0000000 0.97771162 0.74886745
1180238725 0.0000000 0.26893836 -2.3556249
1180618796 0.0000000 0.43981630 -0.57709706
1181939353 0.0000000 0.97523224 0.75749624
1182196765 0.0000000 0.65228140 0.40529776
1182265663 0.0000000 0.74616849 0.55433559
1182396227 0.0000000 0.96845889 0.74243861
1182398897 0.0000000 0.95206040 0.74977505
1184629372 0.0000000 0.99698424 0.78322709
1185198002 0.0000000 0.99789798 0.78866667
1185799546 0.0000000 0.35604581 -1.2886844
1185861072 0.0000000 0.97726345 0.75460738
1186620947 0.0000000 0.99711770 0.78432477
1186786330 0.0000000 0.98632669 0.76166499
1188350129 0.0000000 0.81337947 0.63772202
1188356416 0.0000000 0.96212786 0.76058191
1188908193 0.0000000 0.99397659 0.76207387
1188950111 0.0000000 0.14582677 -9.3106861
1189101086 0.0000000 0.98456407 0.79860365
1189101321 0.0000000 0.99565828 0.77101153
1189194674 0.0000000 0.96915114 0.74775231
1190442424 0.0000000 0.99983221 0.99961442
1191742755 0.0000000 0.99984449 0.99963766
1192071901 0.0000000 0.99992049 0.99978936
1192632000 0.0000000 0.99991614 0.99976271
1193967194 0.0000000 0.99937868 0.99868125
1194476053 0.0000000 0.99994332 0.99986356
1196283913 0.0000000 0.99987388 0.99967706
1196818902 0.0000000 0.99990457 0.99974561
1196950527 0.0000000 0.99980026 0.99952394
1197715613 0.0000000 0.99971730 0.99933243
1201442068 0.0000000 0.99985480 0.99965215
1203280382 0.0000000 0.99994171 0.99981201
1203409866 0.0000000 0.99977696 0.99949169
1203790455 0.0000000 0.99985659 0.99964744
1204138448 0.0000000 0.99991745 0.99979007
1204651907 0.0000000 0.99993217 0.99979210
1204651936 0.0000000 0.99993175 0.99979138
1204670552 0.0000000 0.99979722 0.99952626
1207186072 0.0000000 0.99974352 0.99939978
1208187584 0.0000000 0.99996960 0.99987835
1208931881 0.0000000 0.99986678 0.99966687
1208975321 0.0000000 0.99994212 0.99981928
1208982088 0.0000000 0.99966711 0.99926102
1208988255 0.0000000 0.99986923 0.99970466
1208988552 0.0000000 0.99981093 0.99954575
1209105937 0.0000000 0.97443980 0.94625491
1209216223 0.0000000 0.73223609 0.11910391
1209291757 0.0000000 0.69999760 -1.87016726E-02
1209339084 0.0000000 0.99969161 0.99929237
1209362380 0.0000000 0.84528279 0.59172672
1209543825 0.0000000 0.99850374 0.99688637
1209563099 0.0000000 0.99795657 0.99575645
1209583346 0.0000000 0.98867744 0.97683728
1209820628 0.0000000 0.99982613 0.99953657
1209877317 0.0000000 0.99973476 0.99939996
1210448520 0.0000000 0.99992830 0.99981934
1210560189 0.0000000 0.99832588 0.99654841
1210633064 0.0000000 0.99992365 0.99975431
1210703275 0.0000000 0.99991763 0.99978113
1212285435 0.0000000 0.99997252 0.99987090
1212339563 0.0000000 0.99994791 0.99984509
1213107823 0.0000000 0.99689943 0.99364227
1213158817 0.0000000 0.99937290 0.99868518
1213486164 0.0000000 0.99977887 0.99950325
1214086760 0.0000000 0.99959439 0.99912077
1214128508 0.0000000 0.99983108 0.99960387
1214211456 0.0000000 0.90916455 0.78995049
1214561217 0.0000000 0.99956679 0.99909347
1215221786 0.0000000 0.99435782 0.98843807
1215745668 0.0000000 0.99992818 0.99980766
1215812106 0.0000000 0.99990720 0.99976581
1215812707 0.0000000 0.99945253 0.99884129
1215839910 0.0000000 0.99991977 0.99981678
1215843106 0.0000000 0.99988228 0.99972498
1215961116 0.0000000 0.99994874 0.99984771
1216126809 0.0000000 0.99853450 0.99695921
1216904067 0.0000000 0.99983585 0.99961555
1217616949 0.0000000 0.99972767 0.99931735
1218233114 0.0000000 0.99992597 0.99979800
1218994676 0.0000000 0.99988574 0.99970126
1219291482 0.0000000 0.99971455 0.99935073
1219301591 0.0000000 0.99989218 0.99972868
1219723710 0.0000000 0.99969453 0.99933040
1219772880 0.0000000 0.99987453 0.99970233
1219869253 0.0000000 0.99988616 0.99972987
1220179542 0.0000000 0.99962562 0.99918288
1220742036 0.0000000 0.99991190 0.99980056
1220946193 0.0000000 0.99990094 0.99972039
1221047734 0.0000000 0.99987805 0.99971211
1222614737 0.0000000 0.99964869 0.99923646
1225404477 0.0000000 0.99985009 0.99964350
1225442295 0.0000000 0.99953169 0.99899805
1228187814 0.0000000 0.99985844 0.99969894
1228684717 0.0000000 0.99982178 0.99962467
1229260451 0.0000000 0.99953300 0.99900973
1229658996 0.0000000 0.99288577 0.98541343
1229990683 0.0000000 0.99983567 0.99963272
1230216280 0.0000000 0.99968112 0.99933881
1230600687 0.0000000 0.99972552 0.99934971
1230860391 0.0000000 0.99811286 0.99617803
1231020274 0.0000000 0.99980485 0.99943781
1231041233 0.0000000 0.99976873 0.99942094
1232714291 0.0000000 0.99979216 0.99953979
1232804891 0.0000000 0.99979436 0.99958372
1233928332 0.0000000 0.99985784 0.99966013
1234166319 0.0000000 0.99555355 0.99093390
1234201315 0.0000000 0.98407924 0.96661931
1234214675 0.0000000 0.99988645 0.99972755
1236731039 0.0000000 0.99962521 0.99920672
1236854628 0.0000000 0.99957472 0.99907482
1237014105 0.0000000 0.99982184 0.99960917
1237159221 0.0000000 0.99974734 0.99945861
1237164701 0.0000000 0.99978447 0.99955910
1237551366 0.0000000 0.99969643 0.99931777
1237619839 0.0000000 0.99954677 0.99890208
1239235949 0.0000000 0.99979061 0.99952668
1239971868 0.0000000 0.99985766 0.99968302
1240678955 0.0000000 0.99959940 0.99915045
1242397863 0.0000000 0.99986929 0.99967974
1242709695 0.0000000 0.99969417 0.99926126
1243376855 0.0000000 0.99975497 0.99944234
1244248765 0.0000000 0.99927169 0.99827594
1245087845 0.0000000 0.99941206 0.99873090
1245407408 0.0000000 0.99981153 0.99953347
1245469469 0.0000000 0.99979019 0.99954331
1245877793 0.0000000 0.99978369 0.99949723
1245881452 0.0000000 0.99982095 0.99954885
1246167876 0.0000000 0.99993974 0.99986130
1246181696 0.0000000 0.99990153 0.99978137
1246182765 0.0000000 0.99969691 0.99931580
1246208530 0.0000000 0.99974102 0.99946409
1246208539 0.0000000 0.99974608 0.99945194
1246598451 0.0000000 0.99983424 0.99960321
1246598488 0.0000000 0.99981654 0.99956942
1246614635 0.0000000 0.99974328 0.99935818
1246985947 0.0000000 0.99979556 0.99952644
1247508302 0.0000000 0.99981064 0.99952149
1247516932 0.0000000 0.99973446 0.99934250
1247654255 0.0000000 0.99979103 0.99955910
1247741293 0.0000000 0.99982911 0.99957037
1247769767 0.0000000 0.99979848 0.99950099
1248159491 0.0000000 0.99981070 0.99951887
1248570012 0.0000000 0.99992132 0.99980450
1248588659 0.0000000 0.99980801 0.99957508
1248872986 0.0000000 0.99976987 0.99947780
1248886386 0.0000000 0.99984133 0.99967492
1249212887 0.0000000 0.99985468 0.99969846
1250467545 0.0000000 0.99979430 0.99955606
1250503855 0.0000000 0.99977058 0.99950927
1250504106 0.0000000 0.99979711 0.99955660
1250601456 0.0000000 0.99986351 0.99966735
1250639275 0.0000000 0.99971735 0.99939364
1250703707 0.0000000 0.99948090 0.99886155
1250777890 0.0000000 0.99977255 0.99950945
1250888264 0.0000000 0.99976337 0.99946457
1250911490 0.0000000 0.99908596 0.99805039
1252249816 0.0000000 0.99482858 0.98954993
1252757125 0.0000000 0.99980539 0.99948764
1254591366 0.0000000 0.99993026 0.99981272
1254664936 0.0000000 0.99969828 0.99933600
1255243328 0.0000000 0.99924242 0.99841756
1256244384 0.0000000 0.99962687 0.99921376
1256252705 0.0000000 0.99979067 0.99953121
1256431794 0.0000000 0.99943042 0.99876487
1257413577 0.0000000 0.99989825 0.99977469
1257413887 0.0000000 0.99975199 0.99946088
1257420861 0.0000000 0.99987650 0.99972361
1257678569 0.0000000 0.99977082 0.99952346
1258065617 0.0000000 0.99979585 0.99943483
1258296469 0.0000000 0.99975353 0.99941558
1258824471 0.0000000 0.99974948 0.99947327
1258926370 0.0000000 0.99961650 0.99919808
1260564405 0.0000000 0.99983072 0.99963552
1260692005 0.0000000 0.99983937 0.99966812
1261227736 0.0000000 0.99699259 0.99395078
1261227864 0.0000000 0.99984449 0.99959660
1261228557 0.0000000 0.99972916 0.99938703
1261232031 0.0000000 0.99985725 0.99968451
1261235533 0.0000000 0.99984545 0.99966860
1261275144 0.0000000 0.99984747 0.99966478
1261713375 0.0000000 0.99974900 0.99940789
1261922241 0.0000000 0.99960893 0.99910825
1262034644 0.0000000 0.99974656 0.99921072
1262237921 0.0000000 0.99985504 0.99966151
1262343689 0.0000000 0.99985552 0.99970311
1262367286 0.0000000 0.99977213 0.99945861
1262622742 0.0000000 0.99438876 0.98842359
1262633257 0.0000000 0.99959528 0.99906641
1263881366 0.0000000 0.99990356 0.99975878
1265523000 0.0000000 0.99982721 0.99959576
1265599504 0.0000000 0.99979210 0.99955142
1265691729 0.0000000 0.99960911 0.99918681
1265942558 0.0000000 0.99983954 0.99963051
1266289887 0.0000000 0.99975485 0.99939322
1266816064 0.0000000 0.99980843 0.99951673
1267146477 0.0000000 0.99978387 0.99950850
1267162697 0.0000000 0.99964547 0.99921089
1267661932 0.0000000 0.99985009 0.99963999
1267662287 0.0000000 0.99972475 0.99940205
1267686434 0.0000000 0.99981964 0.99951017
1267690576 0.0000000 0.99984294 0.99961710
1268040382 0.0000000 0.99977928 0.99954027
1268902896 0.0000000 0.99980164 0.99952132
1268931240 0.0000000 0.99984920 0.99965483
1269644874 0.0000000 0.99977106 0.99948061
1270335780 0.0000000 0.99966389 0.99921888
1270813793 0.0000000 0.99956942 0.99911469
1270961850 0.0000000 0.99983168 0.99953562
1270999307 0.0000000 0.99945158 0.99882823
1271168968 0.0000000 0.99985611 0.99963599
1271191748 0.0000000 0.99989861 0.99974430
1271987388 0.0000000 0.99964613 0.99919415
1272194052 0.0000000 0.99972910 0.99941027
1272250791 0.0000000 0.99985987 0.99960399
1272823213 0.0000000 0.99962646 0.99920970
1274901407 0.0000000 0.99977642 0.99953991
1276535865 0.0000000 0.99988860 0.99976093
1276561877 0.0000000 0.99987817 0.99969113
1276823323 0.0000000 0.99986124 0.99943620
1277440084 0.0000000 0.99973768 0.99943197
1277575551 0.0000000 0.99980956 0.99957561
1277670806 0.0000000 0.99988061 0.99971920
1278097892 0.0000000 0.99984461 0.99967265
1278515743 0.0000000 0.99569196 0.99116105
1278618217 0.0000000 0.99975747 0.99944371
1278636079 0.0000000 0.99976176 0.99949592
1279357457 0.0000000 0.99991614 0.99977875
1279458204 0.0000000 0.99980038 0.99951792
1280029930 0.0000000 0.99989337 0.99976075
1280553485 0.0000000 0.99967426 0.99927723
1280563997 0.0000000 0.99978399 0.99955553
1280587745 0.0000000 0.99974865 0.99944270
1281476617 0.0000000 0.99972719 0.99936515
1282408680 0.0000000 0.99993581 0.99981052
1282415961 0.0000000 0.99981970 0.99956644
1282416480 0.0000000 0.99983943 0.99957263
1283157909 0.0000000 0.99984139 0.99965370
1283540817 0.0000000 0.99981314 0.99956846
1284039008 0.0000000 0.99978691 0.99943525
1284244867 0.0000000 0.99983811 0.99966913
1284952628 0.0000000 0.99990535 0.99978000
1285350982 0.0000000 0.99972475 0.99942774
1285695233 0.0000000 0.99966854 0.99922413
1285876560 0.0000000 0.99975175 0.99947530
1286047392 0.0000000 0.99972439 0.99943256
1286198915 0.0000000 0.99980390 0.99954855
1286865806 0.0000000 0.99960572 0.99918044
1287036373 0.0000000 0.99796993 0.99584568
1289221280 0.0000000 0.99980634 0.99957597
1289567329 0.0000000 0.99984968 0.99964452
1289576340 0.0000000 0.99975717 0.99948925
1290342705 0.0000000 0.99991620 0.99980128
1290784424 0.0000000 0.99978596 0.99956155
1290799240 0.0000000 0.99977338 0.99948418
1291601652 0.0000000 0.99979883 0.99954069
1291689974 0.0000000 0.99979448 0.99953347
1291927327 0.0000000 0.98565441 0.97000313
1292000461 0.0000000 0.94661790 0.88042164
1294804388 0.0000000 0.99979526 0.99955434
1296507195 0.0000000 0.99963820 0.99915153
1296548191 0.0000000 0.99981356 0.99950612
1297058102 0.0000000 0.99961585 0.99902844
1297342916 0.0000000 0.99939930 0.99872917
1297754297 0.0000000 0.99982786 0.99958473
1298970247 0.0000000 0.99769926 0.99524933
1299845150 0.0000000 0.99808782 0.99605519
1300123317 0.0000000 0.99933034 0.99857807
1300281136 0.0000000 0.99870306 0.99732661
1300608051 0.0000000 0.99985319 0.99965060
1301123952 0.0000000 0.99967879 0.99923593
1301458951 0.0000000 0.99975967 0.99945503
1301964194 0.0000000 0.99946332 0.99886674
1302916270 0.0000000 0.99975419 0.99940479
1302961193 0.0000000 0.99974924 0.99940848
1303685617 0.0000000 0.99840927 0.99662614
1304080155 0.0000000 0.99946433 0.99880266
1304082768 0.0000000 0.99972987 0.99939615
1304152538 0.0000000 0.99979585 0.99951756
1304437954 0.0000000 0.99968815 0.99930394
1304717510 0.0000000 0.99984390 0.99963015
1304757333 0.0000000 0.99987572 0.99973929
1306028051 0.0000000 0.99985051 0.99935317
1306098435 0.0000000 0.99972683 0.99941641
1306261925 0.0000000 0.99984330 0.99964589
1307034472 0.0000000 0.99986416 0.99964994
1307669122 0.0000000 0.99988669 0.99969530
1308478735 0.0000000 0.99978882 0.99947190
1309048281 0.0000000 0.99982464 0.99959761
1309094354 0.0000000 0.99987155 0.99966908
1309326569 0.0000000 0.97785246 0.95380473
1309474048 0.0000000 0.99978220 0.99950516
1309601047 0.0000000 0.99847436 0.99684840
1309696244 0.0000000 0.99969655 0.99934435
1309953539 0.0000000 0.99962151 0.99895799
1310469430 0.0000000 0.99987298 0.99971163
1310541580 0.0000000 0.99944675 0.99879211
1310928323 0.0000000 0.99980235 0.99954098
1311000534 0.0000000 0.99985641 0.99968809
1311084070 0.0000000 0.99978232 0.99950582
1311142337 0.0000000 0.99981636 0.99951202
1311692424 0.0000000 0.99259877 0.98486000
1313100452 0.0000000 0.99989194 0.99974763
1314264913 0.0000000 0.99975014 0.99939162
1314789752 0.0000000 0.99920064 0.99828964
1315538819 0.0000000 0.99952567 0.99895084
1315635988 0.0000000 0.98262501 0.96416998
1315804512 0.0000000 0.99970740 0.99933124
1316643513 0.0000000 0.99982637 0.99963838
1316653258 0.0000000 0.99986988 0.99969542
1317835272 0.0000000 0.83738822 0.56503236
1318175665 0.0000000 0.99941778 0.99870300
1318478724 0.0000000 0.99971235 0.99937665
1319945023 0.0000000 0.99980563 0.99954206
1320074224 0.0000000 0.99971974 0.99936068
1320721143 0.0000000 0.99985296 0.99961030
1321061921 0.0000000 0.99981898 0.99951500
1322787324 0.0000000 0.99985290 0.99966699
1322993584 0.0000000 0.99973857 0.99942493
1323861170 0.0000000 0.99978936 0.99945724
1323909341 0.0000000 0.99987257 0.99968082
1324582798 0.0000000 0.99982923 0.99960244
1325660397 0.0000000 0.99983370 0.99961042
1326181267 0.0000000 0.99824542 0.99642396
1326728445 0.0000000 0.98763084 0.97365463
1327107001 0.0000000 0.99974871 0.99936754
1327480583 0.0000000 0.98867309 0.97636086
1327824459 0.0000000 0.99958849 0.99897474
1328324062 0.0000000 0.99969769 0.99929273
1328459111 0.0000000 0.99346679 0.98658234
1330223700 0.0000000 0.99988252 0.99969506
1330883534 0.0000000 0.99939746 0.99866468
1332071890 0.0000000 0.99972951 0.99939412
1332086295 0.0000000 0.98804539 0.97520274
1332373478 0.0000000 0.99982077 0.99956471
1333258441 0.0000000 0.99940425 0.99874604
1333828758 0.0000000 0.99987614 0.99967444
1333921411 0.0000000 0.99991846 0.99978530
1334227165 0.0000000 0.99936730 0.99862647
1334800688 0.0000000 0.99987018 0.99963009
1335409258 0.0000000 0.91594261 0.81229728
1335538115 0.0000000 0.99981558 0.99954939
1338362741 0.0000000 0.99971724 0.99935913
1338842309 0.0000000 0.99985355 0.99968570
1338890190 0.0000000 0.99982041 0.99959421
1338944914 0.0000000 0.99990839 0.99976951
1338944979 0.0000000 0.99988687 0.99971670
1338945045 0.0000000 0.99983203 0.99960989
1339216879 0.0000000 0.99982584 0.99959534
1339275618 0.0000000 0.99986327 0.99966937
1339278860 0.0000000 0.99984467 0.99963182
1339309409 0.0000000 0.99987221 0.99971920
1339575740 0.0000000 0.99978322 0.99950498
1339598466 0.0000000 0.99983001 0.99961048
1339646879 0.0000000 0.99982184 0.99962753
1339690513 0.0000000 0.99989420 0.99973404
1339702255 0.0000000 0.99988282 0.99972904
1339923712 0.0000000 0.99987519 0.99971992
1341299876 0.0000000 0.99982947 0.99958777
1341924177 0.0000000 0.99980807 0.99957138
1342405200 0.0000000 0.99908113 0.99791944
1346380382 0.0000000 0.90115941 0.76689875
1346415099 0.0000000 0.99989909 0.99972427
1346415834 0.0000000 0.99984491 0.99964285
1346788818 0.0000000 0.99985904 0.99967009
1346816730 0.0000000 0.99978840 0.99951100
1348523853 0.0000000 0.99966091 0.99921519
1350722979 0.0000000 0.99967623 0.99929035
1350800865 0.0000000 0.98749989 0.97421098
1351161077 0.0000000 0.99984783 0.99963635
1352122829 0.0000000 0.99985182 0.99966455
1352554787 0.0000000 0.99406230 0.98773348
1353431341 0.0000000 0.99988860 0.99971020
1353536726 0.0000000 0.99984378 0.99959081
1354158772 0.0000000 0.99967152 0.99931490
1354470336 0.0000000 0.99989170 0.99977094
1354477411 0.0000000 0.99986923 0.99973053
1354976814 0.0000000 0.99980700 0.99958897
1355221924 0.0000000 0.99985093 0.99959326
1356243184 0.0000000 0.99986029 0.99965608
1356319072 0.0000000 0.99967360 0.99929529
1356487597 0.0000000 0.99982834 0.99958456
1356883405 0.0000000 0.99989325 0.99969691
1357128106 0.0000000 0.99987215 0.99967617
1357236484 0.0000000 0.99988073 0.99967229
1357270197 0.0000000 0.99984068 0.99963993
1357331931 0.0000000 0.99974161 0.99938953
1357541346 0.0000000 0.99980825 0.99952161
1357994057 0.0000000 0.99981695 0.99957711
1358411441 0.0000000 0.99983317 0.99962479
1358708986 0.0000000 0.99973977 0.99937892
1359776392 0.0000000 0.99966848 0.99914449
1361064727 0.0000000 0.99988174 0.99968302
1361239965 0.0000000 0.99966657 0.99927527
1361256759 0.0000000 0.99962479 0.99920106
1361373628 0.0000000 0.99979126 0.99950445
1361471757 0.0000000 0.99989450 0.99974728
1361665659 0.0000000 0.99919254 0.99828464
1362386544 0.0000000 0.98527342 0.96884114
1362609444 0.0000000 0.99676251 0.99327135
1362627405 0.0000000 0.99333489 0.98621595
1362643640 0.0000000 0.99975175 0.99937874
1363079024 0.0000000 0.99965316 0.99924856
1363764120 0.0000000 0.99969280 0.99931842
1364349799 0.0000000 0.99981338 0.99953479
1364349845 0.0000000 0.99989825 0.99965811
1364355002 0.0000000 0.99972713 0.99935639
1364690983 0.0000000 0.99474138 0.98923731
1365625224 0.0000000 0.99980175 0.99952984
1366061297 0.0000000 0.34406906 -6.3120866
1366432589 0.0000000 0.99974048 0.99927652
1366513671 0.0000000 0.99971741 0.99929732
1369110346 0.0000000 0.99977636 0.99947339
1369124755 0.0000000 0.99985272 0.99964786
1369791239 0.0000000 0.99984181 0.99962354
1369883683 0.0000000 0.99981314 0.99943805
1370118743 0.0000000 0.99968308 0.99931067
1370151783 0.0000000 0.99988574 0.99970019
1370623082 0.0000000 0.99987823 0.99965519
1372241957 0.0000000 0.99982756 0.99960929
1372463510 0.0000000 0.99987274 0.99959075
1373829868 0.0000000 0.99966455 0.99925393
1373895699 0.0000000 0.99985319 0.99959809
1373969495 0.0000000 0.99977112 0.99935621
1374677225 0.0000000 0.99988949 0.99968523
1374679935 0.0000000 0.99990493 0.99971902
1376837821 0.0000000 0.99981302 0.99953985
1377205321 0.0000000 0.99831080 0.99653369
1377355603 0.0000000 0.99980646 0.99953616
1377407246 0.0000000 0.99950278 0.99883926
1378247005 0.0000000 0.99955529 0.99902058
1378467231 0.0000000 0.99985367 0.99961209
1379475197 0.0000000 0.99978602 0.99947590
1380542719 0.0000000 0.99981159 0.99958360
1381466759 0.0000000 0.99973357 0.99941200
1381684855 0.0000000 0.99967456 0.99925286
1382170436 0.0000000 0.99465013 0.98907906
1382919848 0.0000000 0.99923980 0.99840677
1383069011 0.0000000 0.99904281 0.99796230
1383085061 0.0000000 0.99967176 0.99915749
1383227120 0.0000000 0.99974889 0.99945724
1383227831 0.0000000 0.99976039 0.99947107
1383234448 0.0000000 0.99988490 0.99972022
1383263545 0.0000000 0.99982452 0.99959004
1383450194 0.0000000 0.99988365 0.99969751
1383519374 0.0000000 0.99971342 0.99928862
1383809110 0.0000000 0.99977702 0.99947166
1383809501 0.0000000 0.99984562 0.99956888
1383989687 0.0000000 0.99975842 0.99945283
1384145710 0.0000000 0.99979621 0.99947947
1384544358 0.0000000 0.99982870 0.99952787
1385019362 0.0000000 0.99969149 0.99929971
1386347977 0.0000000 0.92699397 0.83592641
1386357780 0.0000000 0.99978787 0.99948496
1387916955 0.0000000 0.99975812 0.99942487
1389034180 0.0000000 0.99985772 0.99961990
1389204911 0.0000000 0.99985135 0.99957919
1389717867 0.0000000 0.99986768 0.99965549
1389724692 0.0000000 0.99981654 0.99952924
1389729005 0.0000000 0.99984801 0.99961841
1389740803 0.0000000 0.99947453 0.99884009
1389904819 0.0000000 0.99954325 0.99892956
1390517490 0.0000000 0.99959856 0.99901760
1390619771 0.0000000 0.99981976 0.99955946
1391790286 0.0000000 0.99974978 0.99943358
1393014317 0.0000000 0.99976635 0.99941939
1393065064 0.0000000 0.99954569 0.99890333
1393759985 0.0000000 0.99954903 0.99896383
1393791078 0.0000000 0.99976754 0.99940282
1394913876 0.0000000 0.99976695 0.99946636
1395061976 0.0000000 0.99982190 0.99951398
1395231566 0.0000000 0.99985063 0.99953514
1397097485 0.0000000 0.99982470 0.99955618
1397746253 0.0000000 0.99977577 0.99945986
1398443585 0.0000000 0.99977523 0.99950862
1399207416 0.0000000 0.99983966 0.99960899
1399278483 0.0000000 0.99973816 0.99942058
1399745740 0.0000000 0.99969023 0.99922222
1399746271 0.0000000 0.99981737 0.99954623
1400631673 0.0000000 0.99985653 0.99960911
1401021673 0.0000000 0.99987799 0.99967813
1401296286 0.0000000 0.99926215 0.99840343
1402085900 0.0000000 0.99964273 0.99923176
1402313583 0.0000000 0.99885303 0.99762201
1402624068 0.0000000 0.99824685 0.99646425
1402784563 0.0000000 0.99986023 0.99963933
1403034553 0.0000000 0.99970710 0.99926275
1403317269 0.0000000 0.99979824 0.99951100
1403439974 0.0000000 0.99977136 0.99948972
1404774365 0.0000000 0.99984300 0.99958342
1404925818 0.0000000 0.99980283 0.99955106
1405577514 0.0000000 0.99987942 0.99967211
1407544588 0.0000000 0.90322691 0.77111995
1408047770 0.0000000 0.99897552 0.99782497
1410046387 0.0000000 0.99982727 0.99954599
1410325949 0.0000000 0.99984282 0.99955088
1410382444 0.0000000 0.99932677 0.99854118
1411247643 0.0000000 0.99993658 0.99979621
1411641303 0.0000000 0.99991935 0.99977863
1412009058 0.0000000 0.99645299 0.99265355
1412705290 0.0000000 0.99994141 0.99975425
1413207959 0.0000000 0.86121970 0.64757037
1414298821 0.0000000 0.99967700 0.99916250
1416419181 0.0000000 0.99988019 0.99966270
1416419227 0.0000000 0.99987215 0.99963486
1416540553 0.0000000 0.99938655 0.99871582
1417557685 0.0000000 0.99977756 0.99948686
1417655668 0.0000000 0.99965370 0.99924153
1418245419 0.0000000 0.99978101 0.99946100
1418533563 0.0000000 0.99879628 0.99753559
1419682925 0.0000000 0.99959451 0.99909329
1419947441 0.0000000 0.99867195 0.99714130
1419995164 0.0000000 0.99985576 0.99968415
1420012476 0.0000000 0.99979603 0.99951738
1420437226 0.0000000 0.99977589 0.99945486
1420606112 0.0000000 0.99974459 0.99936450
1420742654 0.0000000 0.96427846 0.92211676
1421435535 0.0000000 0.99992311 0.99979419
1421639313 0.0000000 0.99964100 0.99918425
1422083726 0.0000000 0.99960566 0.99910718
1422374758 0.0000000 0.99826252 0.99635851
1422958210 0.0000000 0.99843490 0.99671376
1423037687 0.0000000 0.99980700 0.99956590
1423603888 0.0000000 0.78892475 0.38992834
1423726535 0.0000000 0.99979782 0.99946988
1423857991 0.0000000 0.99992359 0.99975234
1424969403 0.0000000 0.99977434 0.99945503
1426114954 0.0000000 0.99969941 0.99935246
1426344314 0.0000000 0.99981099 0.99946362
1426852891 0.0000000 0.99967349 0.99920839
1427105631 0.0000000 0.99988973 0.99966878
1427483378 0.0000000 0.99896723 0.99785650
1428208678 0.0000000 0.99952632 0.99897856
1428320250 0.0000000 0.99983507 0.99950880
1428945237 0.0000000 0.99993348 0.99980569
1429127316 0.0000000 0.99930662 0.99854493
1429494176 0.0000000 0.99985665 0.99961168
1429494550 0.0000000 0.99985069 0.99962986
1429528847 0.0000000 0.99990278 0.99975514
1429530313 0.0000000 0.99987906 0.99969417
1429531199 0.0000000 0.99987650 0.99967188
1429992097 0.0000000 0.99984443 0.99960607
1430658547 0.0000000 0.99986398 0.99968445
1431333501 0.0000000 0.99983853 0.99963534
1431387795 0.0000000 0.99981898 0.99954748
1431628549 0.0000000 0.99978280 0.99950910
1432588969 0.0000000 0.99982619 0.99959874
1432601816 0.0000000 0.99984360 0.99959463
1432799863 0.0000000 0.99984759 0.99958783
1434467768 5.00000007E-02 0.85156733 0.66478574
1434867330 5.00000007E-02 0.83974141 0.63329411
1435335400 0.0000000 0.79662931 0.55520427
1438066750 0.0000000 0.99980760 0.99953413
1438936857 0.0000000 0.99957544 0.99905109
1439209234 0.0000000 0.85820633 0.63210070
1439418087 0.0000000 0.97475624 0.94661295
1439474882 0.0000000 0.99986613 0.99964100
1439699200 0.0000000 0.94223028 0.86824673
1441113885 0.0000000 0.99981874 0.99961406
1441128847 0.0000000 0.99984598 0.99959946
1441160293 0.0000000 0.99985045 0.99968278
1441898607 0.0000000 0.99960864 0.99915582
1442339782 0.0000000 0.99952567 0.99882835
1442345855 0.0000000 0.99971902 0.99938864
1442345878 0.0000000 0.99984789 0.99963224
1442408939 0.0000000 0.99979258 0.99927622
1442410226 0.0000000 0.99974251 0.99936795
1442413798 0.0000000 0.99975818 0.99946582
1443074281 0.0000000 0.99934369 0.99860859
1443555465 0.0000000 0.99965245 0.99910861
1444648487 0.0000000 0.99986494 0.99966592
1444736944 0.0000000 0.99991196 0.99974191
1444953165 0.0000000 0.99976444 0.99944913
1444953267 0.0000000 0.99978399 0.99948537
1445014914 0.0000000 0.99968410 0.99927014
1445221055 0.0000000 0.99980909 0.99959588
1445233331 0.0000000 0.99985981 0.99958712
1445239215 0.0000000 0.99979705 0.99946290
1446412182 0.0000000 0.99991888 0.99978167
1446412281 0.0000000 0.99982446 0.99958354
1446509184 0.0000000 0.99981534 0.99961996
1446509190 0.0000000 0.99981564 0.99961990
1446714386 0.0000000 0.99984676 0.99956971
1447167192 0.0000000 0.99976510 0.99944675
1447255999 0.0000000 0.99982202 0.99960673
1447277516 0.0000000 0.99972594 0.99938560
1448316095 0.0000000 0.98111713 0.96024382
1448671943 0.0000000 0.99976653 0.99939817
1449033717 0.0000000 0.99983859 0.99952364
1449035580 0.0000000 0.99973720 0.99944443
1449153073 0.0000000 0.99988592 0.99968153
1449935242 0.0000000 0.99975091 0.99944407
1450510821 0.0000000 0.91945010 0.80925614
1450536811 0.0000000 0.99472886 0.98920691
1450992022 0.0000000 0.99992085 0.99983853
1451199638 0.0000000 0.99966550 0.99924141
1451327726 0.0000000 0.99965382 0.99920678
1451523194 0.0000000 0.98388475 0.96663398
1451829690 0.0000000 0.99977398 0.99946672
1451928000 0.0000000 0.99555367 0.99077678
1452487977 0.0000000 0.99991155 0.99977475
1453169606 0.0000000 0.99991632 0.99975145
1453824336 0.0000000 0.99550253 0.99070865
1454422761 0.0000000 0.99982464 0.99954545
1454702246 0.0000000 0.99988806 0.99974406
1454702308 0.0000000 0.99991775 0.99980265
1454702406 0.0000000 0.99990422 0.99971485
1454702512 0.0000000 0.99980712 0.99954158
1454978820 0.0000000 0.99991530 0.99975133
1455590759 0.0000000 0.99982291 0.99955744
1455595494 0.0000000 0.99981302 0.99956030
1455757779 0.0000000 0.99987584 0.99969167
1455758311 0.0000000 0.99987495 0.99966294
1456215987 0.0000000 0.99981904 0.99956393
1456541993 0.0000000 0.99899846 0.99786907
1457201466 0.0000000 0.99972177 0.99931288
1457276938 0.0000000 0.99935025 0.99856615
1459152479 0.0000000 0.99969447 0.99932384
1459502085 0.0000000 0.99818933 0.99629778
1459988008 0.0000000 0.99900985 0.99793255
1460294506 0.0000000 0.99931490 0.99855268
1460353509 0.0000000 0.99981713 0.99961448
1460804146 0.0000000 0.99985093 0.99961740
1461082597 0.0000000 0.99977463 0.99948251
1461607991 0.0000000 0.99941254 0.99869013
1461770234 0.0000000 0.99983430 0.99965793
1461770257 0.0000000 0.99990809 0.99973965
1461770858 0.0000000 0.99983257 0.99964702
1461781146 0.0000000 0.99989367 0.99971956
1461806086 0.0000000 0.99983519 0.99966550
1462056417 0.0000000 0.99972445 0.99941772
1462199340 0.0000000 0.99954629 0.99897230
1462521203 0.0000000 0.99986053 0.99964058
1462632669 0.0000000 0.99983633 0.99960226
1462675593 0.0000000 0.99985635 0.99963897
1463023035 0.0000000 0.99982953 0.99958801
1463023251 0.0000000 0.99980396 0.99957919
1463023282 0.0000000 0.99977309 0.99948168
1463027395 0.0000000 0.99982983 0.99963176
1463127852 0.0000000 0.99978822 0.99952161
1463195522 0.0000000 0.99991447 0.99980640
1463196768 0.0000000 0.99971509 0.99924886
1463530965 0.0000000 0.99979746 0.99953920
1463863900 0.0000000 0.99986464 0.99968868
1463882779 0.0000000 0.99977189 0.99951172
1464184475 0.0000000 0.99147999 0.98232007
1464544116 0.0000000 0.99958861 0.99911052
1464576767 0.0000000 0.99984491 0.99960476
1464630651 0.0000000 0.99979150 0.99946541
1464672226 0.0000000 0.99986964 0.99962807
1466204142 0.0000000 0.99967849 0.99925721
1466383187 0.0000000 0.99984610 0.99966812
1466409210 0.0000000 0.99972773 0.99939030
1466715930 0.0000000 0.99984503 0.99961597
1467361422 0.0000000 0.99982220 0.99950212
1469019333 0.0000000 0.99972171 0.99935085
1469592155 0.0000000 0.99985725 0.99958271
1471008941 0.0000000 0.99944824 0.99879140
1471908408 0.0000000 0.99976122 0.99942601
1472660934 0.0000000 0.99986792 0.99970722
1473440050 0.0000000 0.99885011 0.99758637
1475055492 0.0000000 0.99975729 0.99934608
1475769120 0.0000000 0.99989545 0.99970597
1477370752 0.0000000 0.99988937 0.99970114
1478519786 0.0000000 0.99986947 0.99967819
1478903131 0.0000000 0.99987894 0.99968398
1480377579 0.0000000 0.99902809 0.99796009
1480507474 0.0000000 0.99986219 0.99968672
1481256588 0.0000000 0.99973667 0.99942964
1481811269 0.0000000 0.99986482 0.99970067
1483057851 0.0000000 0.99972302 0.99940044
1483513641 0.0000000 0.99963015 0.99919367
1484155863 0.0000000 0.99955320 0.99906832
1484797338 0.0000000 0.98752367 0.97439975
1484900187 0.0000000 0.99979931 0.99955529
1485329586 0.0000000 0.99972260 0.99920714
1486746772 0.0000000 0.99988723 0.99970192
1487420859 0.0000000 0.99972391 0.99939322
1487652197 0.0000000 0.99883991 0.99756658
1488212310 0.0000000 0.99983579 0.99957484
1488924651 0.0000000 0.99983293 0.99963254
1489967289 0.0000000 0.99979323 0.99957979
1490066029 0.0000000 0.88545114 0.71872199
1490805242 0.0000000 0.99872828 0.99735093
1492112471 0.0000000 0.99983883 0.99954450
1492367656 0.0000000 0.99960268 0.99913955
1493517442 0.0000000 0.99986130 0.99963957
1493960850 0.0000000 0.99986851 0.99969065
1493986611 0.0000000 0.86724788 0.65798104
1494889974 0.0000000 0.99993360 0.99978977
1494932580 0.0000000 0.99967456 0.99926156
1495631454 0.0000000 0.99983716 0.99961442
1495691291 0.0000000 0.99972916 0.99934930
1495956669 0.0000000 0.99893075 0.99775457
1495999757 0.0000000 0.99983060 0.99956805
1496582686 0.0000000 0.99986190 0.99969918
1497967350 0.0000000 0.86685556 0.66639793
1498029939 0.0000000 0.99982756 0.99963814
1500318986 0.0000000 0.99984592 0.99965435
1501139292 0.0000000 0.99927735 0.99847245
1501845585 0.0000000 0.99986804 0.99962765
1502294736 0.0000000 0.99983191 0.99961543
1502416734 0.0000000 0.99987447 0.99967039
1502582915 0.0000000 0.99976540 0.99947798
1504364658 0.0000000 0.99947554 0.99890924
1505096741 0.0000000 0.99964988 0.99926651
1505687994 0.0000000 0.99981731 0.99953717
1505917796 0.0000000 0.99991041 0.99974364
1506232185 0.0000000 0.99985516 0.99961776
1506549399 0.0000000 0.99930769 0.99847579
1507505391 0.0000000 0.99963570 0.99922246
1507747520 0.0000000 0.99968415 0.99934673
1508582157 0.0000000 0.99963164 0.99921167
1509318944 0.0000000 0.99986780 0.99959314
1509677295 0.0000000 0.99984610 0.99962991
1509677339 0.0000000 0.99984419 0.99962509
1509752088 0.0000000 0.99990255 0.99974394
1510398879 0.0000000 0.99965578 0.99927074
1510402973 0.0000000 0.99984258 0.99964899
1510440860 0.0000000 0.99967486 0.99928200
1510947032 0.0000000 0.99975914 0.99940866
1511360409 0.0000000 0.99992168 0.99980456
1511470532 0.0000000 0.99978739 0.99954814
1512230735 0.0000000 0.99894804 0.99771285
1512377977 0.0000000 0.99944699 0.99885267
1512704669 0.0000000 0.99976933 0.99947846
1513120660 0.0000000 0.99978602 0.99948710
1516168751 0.0000000 0.99979854 0.99954796
1516984288 0.0000000 0.99950212 0.99891621
1517686257 0.0000000 0.99982893 0.99960548
1517749972 0.0000000 0.99975318 0.99914300
1517752600 0.0000000 0.99981785 0.99956012
1517752662 0.0000000 0.99981165 0.99942893
1517753127 0.0000000 0.99974078 0.99919796
1517753452 0.0000000 0.99968648 0.99885505
1517753522 0.0000000 0.99972469 0.99885911
1517753592 0.0000000 0.99972516 0.99888116
1517753815 0.0000000 0.99988735 0.99945819
1517758427 0.0000000 0.99987221 0.99973011
1517763262 0.0000000 0.99974000 0.99942636
1517821602 0.0000000 0.99985272 0.99966663
1517823894 0.0000000 0.99993360 0.99986523
1517846321 0.0000000 0.99970418 0.99931043
1517852233 0.0000000 0.99982250 0.99964392
1517969882 0.0000000 0.99988705 0.99975187
1517974578 0.0000000 0.99989176 0.99975604
1517998787 0.0000000 0.99959630 0.99919510
1518001985 0.0000000 0.99990261 0.99971926
1518008800 0.0000000 0.99981833 0.99960440
1518008880 0.0000000 0.99978876 0.99952948
1518013159 0.0000000 0.99986100 0.99961251
1518016890 0.0000000 0.99330473 0.98614579
1518016916 0.0000000 0.99981618 0.99956626
1518051257 0.0000000 0.99988610 0.99971080
1518059164 0.0000000 0.99984455 0.99961942
1518142443 0.0000000 0.99988014 0.99963379
1518201789 0.0000000 0.99987024 0.99965453
1518248929 0.0000000 0.99976277 0.99950325
1518858396 0.0000000 0.99937767 0.99865258
1518981709 0.0000000 0.99976248 0.99946558
1519051621 0.0000000 0.99975735 0.99938959
1519254641 0.0000000 0.99989468 0.99975783
1519583320 0.0000000 0.99987793 0.99969560
1519962147 0.0000000 0.99982113 0.99957496
1520098551 0.0000000 0.99990821 0.99978846
1520329330 0.0000000 0.99972928 0.99936837
1521024527 0.0000000 0.99986720 0.99969757
1521537776 0.0000000 0.99990875 0.99975264
1521728871 0.0000000 0.99975967 0.99944645
1522232997 0.0000000 0.99971902 0.99937636
1522282670 0.0000000 0.99975920 0.99948549
1522598524 0.0000000 0.99971378 0.99939388
1523432369 0.0000000 0.99851680 0.99685431
1523886539 0.0000000 0.99989849 0.99973905
1524201906 0.0000000 0.99969459 0.99932444
1524248877 0.0000000 0.99908584 0.99802130
1524308214 0.0000000 0.99965614 0.99924099
1524503432 0.0000000 0.99982929 0.99952787
1524721460 0.0000000 0.99882758 0.99760514
1524721601 0.0000000 0.99770594 0.99532723
1524808553 0.0000000 0.99877024 0.99739546
1525218424 0.0000000 0.99986821 0.99961811
1526098666 0.0000000 0.99982989 0.99958789
1527728598 0.0000000 0.99973094 0.99939686
1527904870 0.0000000 0.99982750 0.99960405
1528731725 0.0000000 0.99990964 0.99972790
1528750347 0.0000000 0.99988478 0.99970114
1528856173 0.0000000 0.99483567 0.98961985
1529096035 0.0000000 0.99974322 0.99944979
1529334375 0.0000000 0.99958593 0.99914765
1529522338 0.0000000 0.99985123 0.99960834
1530516370 0.0000000 0.99979603 0.99956536
1530516385 0.0000000 0.99979693 0.99956667
1530609654 0.0000000 0.99985546 0.99965525
1531312909 0.0000000 0.99927044 0.99845701
1531507119 0.0000000 0.99983001 0.99960119
1532050755 0.0000000 0.99952352 0.99898410
1533217098 0.0000000 0.99980372 0.99954510
1533504622 0.0000000 0.99946469 0.99883300
1533801692 0.0000000 0.99676913 0.99338317
1534500582 0.0000000 0.99987376 0.99964148
1534551317 0.0000000 0.99991179 0.99979836
1535572403 0.0000000 0.99977893 0.99945110
1535660064 0.0000000 0.99963105 0.99918908
1536498994 0.0000000 0.99982405 0.99962091
1536641006 0.0000000 0.99989438 0.99972892
1536700815 0.0000000 0.99969977 0.99928260
1538633849 0.0000000 0.99695563 0.99383593
1538766649 0.0000000 0.96105701 0.91507453
1539072778 0.0000000 0.99965703 0.99924397
1539164591 0.0000000 0.99976003 0.99940896
1540269298 0.0000000 0.99987996 0.99970686
1540310644 0.0000000 0.99985135 0.99960423
1541624711 0.0000000 0.99982756 0.99953312
1541712486 0.0000000 0.99971133 0.99935263
1542328459 0.0000000 0.99985087 0.99966407
1542608341 0.0000000 0.99983442 0.99960142
1542638415 0.0000000 0.99978888 0.99955440
1542645094 0.0000000 0.99982101 0.99959230
1543190243 0.0000000 0.99989349 0.99971348
1543191316 0.0000000 0.99798787 0.99587530
1543236658 0.0000000 0.99935228 0.99863946
1543238642 0.0000000 0.99718165 0.99418968
1543314575 0.0000000 0.99931008 0.99852937
1544368541 0.0000000 0.99964094 0.99909550
1544439487 0.0000000 0.99979025 0.99949765
1544621063 0.0000000 0.99986583 0.99971986
1544908865 0.0000000 0.99971318 0.99924332
1545710204 0.0000000 0.99846148 0.99679369
1546538568 0.0000000 0.99985015 0.99963206
1546949806 0.0000000 0.99987972 0.99969268
1548127166 0.0000000 0.99972272 0.99937993
1548825695 0.0000000 0.99986064 0.99967057
1548861293 0.0000000 0.99963439 0.99916589
1549366351 0.0000000 0.99967319 0.99931729
1549558324 0.0000000 0.99987048 0.99969554
1550239687 0.0000000 0.99978197 0.99943572
1551558867 0.0000000 0.99344569 0.98641080
1552012334 0.0000000 0.99988574 0.99971050
1552127531 0.0000000 0.99841350 0.99664116
1552421955 0.0000000 0.99977028 0.99950254
1552451554 0.0000000 0.99991137 0.99972773
1552511242 0.0000000 0.99988723 0.99971396
1552697151 0.0000000 0.99980050 0.99952346
1552968094 0.0000000 0.99975640 0.99941987
1553256348 0.0000000 0.99977386 0.99945688
1553414210 0.0000000 0.99951494 0.99888599
1554087275 0.0000000 0.99973673 0.99940139
1554172029 0.0000000 0.99250704 0.98467457
1554256375 0.0000000 0.99988896 0.99975342
1554343015 0.0000000 0.99989748 0.99974614
1554382610 0.0000000 0.99990374 0.99975616
1554499495 0.0000000 0.99869704 0.99727845
1554706689 0.0000000 0.99959183 0.99912107
1554822801 0.0000000 0.99989539 0.99976939
1554841453 0.0000000 0.99987936 0.99975652
1554850672 0.0000000 0.99989682 0.99975449
1555563667 0.0000000 0.99208379 0.98417354
1556793883 0.0000000 0.99978197 0.99949330
1556970683 0.0000000 0.99469244 0.98908395
1557330527 0.0000000 0.99976516 0.99948061
1557737721 0.0000000 0.99974269 0.99939311
1558197514 0.0000000 0.99984676 0.99957532
1558379328 0.0000000 0.99870807 0.99713373
1558489044 0.0000000 0.99992245 0.99980766
1558591969 0.0000000 0.99982876 0.99959499
1559317998 0.0000000 0.99974906 0.99942809
1559641578 0.0000000 0.99989551 0.99972892
1559762840 0.0000000 0.99986023 0.99959338
1560870606 0.0000000 0.93615007 0.86228526
1561237205 0.0000000 0.99970776 0.99933088
1561242160 0.0000000 0.99972600 0.99940002
1561825206 0.0000000 0.99977261 0.99950653
1561837452 0.0000000 0.99988008 0.99970001
1562610935 0.0000000 0.99982172 0.99957150
1562880116 0.0000000 0.99986887 0.99963528
1563275550 0.0000000 0.99986553 0.99971551
1563531230 0.0000000 0.99959046 0.99914080
1563768365 0.0000000 0.99442619 0.98839784
1563850922 0.0000000 0.99951768 0.99895191
1564123196 0.0000000 0.99981242 0.99957252
1564190683 0.0000000 0.99981570 0.99959791
1564649429 0.0000000 0.99789953 0.99571228
1564753988 0.0000000 0.99987119 0.99969798
1564784683 0.0000000 0.99991077 0.99978304
1565054388 0.0000000 0.99988979 0.99971747
1565055090 0.0000000 0.99989676 0.99975443
1565213283 0.0000000 0.99987805 0.99969262
1565218942 0.0000000 0.99975389 0.99941784
1565905300 0.0000000 0.99974042 0.99945891
1566053525 0.0000000 0.99982888 0.99962479
1566053530 0.0000000 0.99982905 0.99962467
1566074882 0.0000000 0.99883634 0.99755591
1566101114 0.0000000 0.99985242 0.99967337
1566598377 0.0000000 0.89232463 0.73968744
1566648618 0.0000000 0.99853241 0.99693722
1567237819 0.0000000 0.99970043 0.99932182
1567471650 0.0000000 0.99981093 0.99960852
1567604000 0.0000000 0.99967921 0.99926430
1567917359 0.0000000 0.99979126 0.99956262
1568005668 0.0000000 0.99972010 0.99938923
1568095682 0.0000000 0.99990201 0.99976200
1569863578 0.0000000 0.99804109 0.99595934
1570468626 0.0000000 0.99984562 0.99964780
1571312673 0.0000000 0.99990267 0.99974275
1571861758 0.0000000 0.99852175 0.99685460
1572218883 0.0000000 0.99980795 0.99948496
1573491297 0.0000000 0.99815464 0.99620873
1573495893 0.0000000 0.99951619 0.99891949
1574645562 0.0000000 0.99987787 0.99967360
1575564604 0.0000000 0.98595190 0.97094601
1575660753 0.0000000 0.99963766 0.99911183
1576495557 0.0000000 0.99981689 0.99956125
1577769501 0.0000000 0.96960545 0.93320519
1577819410 0.0000000 0.99979746 0.99946076
1578293635 0.0000000 0.99979889 0.99950838
1578510402 0.0000000 0.99981147 0.99957681
1579404154 0.0000000 0.99906349 0.99801493
1579703564 0.0000000 0.99974084 0.99939138
1580749376 0.0000000 0.99984586 0.99963212
1581076659 0.0000000 0.99974990 0.99944925
1581616159 0.0000000 0.99975109 0.99942768
1581629921 0.0000000 0.99955696 0.99906105
1581764406 0.0000000 0.99989456 0.99970323
1581764700 0.0000000 0.99983847 0.99960101
1581794413 0.0000000 0.99988276 0.99973345
1582090065 0.0000000 0.99985480 0.99968088
1582113307 0.0000000 0.99987376 0.99962586
1582546233 0.0000000 0.99987149 0.99971765
1582592414 0.0000000 0.99971658 0.99937850
1582629242 0.0000000 0.99981564 0.99956363
1582695255 0.0000000 0.99987543 0.99969554
1584677477 0.0000000 0.99968910 0.99937063
1585787701 0.0000000 0.86547744 0.64571619
1586304460 0.0000000 0.99967957 0.99931276
1586389759 0.0000000 0.99975330 0.99939966
1586537097 0.0000000 0.99984622 0.99960279
1586691401 0.0000000 0.99983156 0.99956024
1587481331 0.0000000 0.99981833 0.99960083
1588476280 0.0000000 0.99986172 0.99967617
1589003116 0.0000000 0.99983215 0.99962950
1589548020 0.0000000 0.99719834 0.99406040
1589756010 0.0000000 0.99985296 0.99968612
1589910785 0.0000000 0.99181986 0.98331749
1590311534 0.0000000 0.99188435 0.98313993
1590359490 0.0000000 0.99983966 0.99965274
1590694463 0.0000000 0.99977571 0.99945217
1590843750 0.0000000 0.99987918 0.99973649
1591494563 0.0000000 0.99836618 0.99300438
1591839506 0.0000000 0.99976039 0.99946046
1591921295 0.0000000 0.99994236 0.99985099
1592079539 0.0000000 0.99983740 0.99955237
1592349420 0.0000000 0.99980921 0.99954993
1593214064 0.0000000 0.99987197 0.99967283
1593241888 0.0000000 0.99981445 0.99953449
1593407313 0.0000000 0.99981183 0.99959505
1593435168 0.0000000 0.99979275 0.99948859
1593519432 0.0000000 0.99940741 0.99875253
1594227272 0.0000000 0.99942583 0.99878079
1594265063 0.0000000 0.99988967 0.99973851
1594267923 0.0000000 0.99991590 0.99975979
1594526768 0.0000000 0.99973500 0.99935979
1594546164 0.0000000 0.99136180 0.98235011
1595767949 0.0000000 0.99987888 0.99964899
1597107665 0.0000000 0.99976814 0.99947202
1597123796 0.0000000 0.99575210 0.99131125
1597187246 0.0000000 0.99974495 0.99941391
1597774608 0.0000000 0.99362803 0.98707891
1597797181 0.0000000 0.99907970 0.99809843
1597806811 0.0000000 0.99968028 0.99931169
1598480108 0.0000000 0.99967927 0.99923223
1598847265 0.0000000 0.99671525 0.99326563
1599036279 0.0000000 0.99957567 0.99904984
1600306672 0.0000000 0.99988723 0.99972570
1600646088 0.0000000 0.99916345 0.99825978
1600833602 0.0000000 0.99985272 0.99966061
1601017581 0.0000000 0.99972379 0.99933803
1601326254 0.0000000 0.99979341 0.99950713
1601342057 0.0000000 0.99951530 0.99892956
1601440640 0.0000000 0.99978989 0.99950719
1601863505 0.0000000 0.99452215 0.98881680
1602517184 0.0000000 0.99986273 0.99971753
1602946993 0.0000000 0.99968779 0.99934411
1602947159 0.0000000 0.99474519 0.98910141
1603087586 0.0000000 0.99746537 0.99478310
1603396062 0.0000000 0.70859742 5.98191619E-02
1603674483 0.0000000 0.99963456 0.99921006
1604358861 0.0000000 0.99984068 0.99958313
1604426346 0.0000000 0.99705750 0.99385881
1604601372 0.0000000 0.99987024 0.99967659
1604626818 0.0000000 0.99990147 0.99972528
1605130406 0.0000000 0.99967748 0.99930000
1605130534 0.0000000 0.99868655 0.99729592
1605266102 0.0000000 0.99826145 0.99636173
1605511152 0.0000000 0.99976242 0.99947715
1605551866 0.0000000 0.99765730 0.99519986
1605557664 0.0000000 0.99811894 0.99610782
1605621503 0.0000000 0.99975705 0.99945796
1605662576 0.0000000 0.99926090 0.99832839
1606582085 0.0000000 0.90296882 0.77113992
1606657334 0.0000000 0.99981517 0.99956161
1607578178 0.0000000 0.99994975 0.99982482
1607606398 0.0000000 0.99979496 0.99940419
1607606851 0.0000000 0.99969649 0.99933225
1607624108 0.0000000 0.99978113 0.99942243
1608317519 0.0000000 0.98932958 0.97813183
1608385359 0.0000000 0.90726173 0.78035575
1609436522 0.0000000 0.99963516 0.99910170
1609594007 0.0000000 0.99982655 0.99955738
1610162996 0.0000000 0.87463415 0.68935978
1610192153 0.0000000 0.99983889 0.99960512
1610249009 0.0000000 0.99991018 0.99974948
1610838659 0.0000000 0.99994016 0.99978012
1611559538 0.0000000 0.99977392 0.99947780
1611565557 0.0000000 0.99961835 0.99914825
1611574763 0.0000000 0.99964893 0.99897087
1611584686 0.0000000 0.98814005 0.97551191
1611818971 0.0000000 0.99976832 0.99946445
