836616425 0.0000000 0.96884495 0.93754303
837595616 0.0000000 0.99706805 0.99373162
837775762 0.0000000 0.98627365 0.97268164
837925917 0.0000000 0.98322350 0.96670234
838427199 0.0000000 0.99937367 0.99787945
838671653 0.0000000 0.99972135 0.99869460
838750993 0.0000000 0.99907905 0.99750155
841593341 0.0000000 0.99821693 0.99601829
841947167 0.0000000 0.98067069 0.96148795
841966927 0.0000000 0.99988621 0.99909908
841967337 0.0000000 0.93966693 0.87342656
841967424 0.0000000 0.87126404 0.69935429
841967717 0.0000000 0.72752076 0.14199311
841969564 0.0000000 0.97890127 0.95803237
841973148 0.0000000 0.87512052 0.71467370
841975496 0.0000000 0.99543029 0.99063236
841976432 0.0000000 0.91780043 0.82317281
841976527 0.0000000 0.83213192 0.59893519
841989993 0.0000000 0.79169184 0.43350333
841990035 0.0000000 0.79171878 0.43273073
841990674 0.0000000 0.85360259 0.64112729
841998277 0.0000000 0.87805659 0.71635890
842009672 0.0000000 0.99201179 0.98393625
842020651 0.0000000 0.70525163 2.26600170E-02
842035262 0.0000000 0.91704166 0.81643838
842036992 0.0000000 0.64721668 -0.31430304
842056074 0.0000000 0.94625270 0.89101422
842122037 0.0000000 0.79825050 0.43327731
842211144 0.0000000 0.69906515 -4.02445793E-02
842213633 0.0000000 0.93966973 0.87446493
842233958 0.0000000 0.99963135 0.99876255
842984365 0.0000000 0.61974305 -0.56642914
844156464 0.0000000 0.96974975 0.93888170
844853345 0.0000000 0.99648726 0.99264526
844879870 0.0000000 0.86300677 0.68940306
846839283 0.0000000 0.98188400 0.96402562
848996543 0.0000000 0.99967194 0.99861366
849080713 0.0000000 0.98746973 0.97501618
850676186 0.0000000 0.99661863 0.99296135
850877408 0.0000000 0.97284645 0.94498557
850908023 0.0000000 0.98591286 0.97199500
851184320 0.0000000 0.98407853 0.96834749
851550736 0.0000000 0.99905819 0.99776638
851807286 0.0000000 0.99511951 0.99004197
852186702 0.0000000 0.90502304 0.78879201
852329204 0.0000000 0.67254466 -0.29941010
852460456 0.0000000 0.99976599 0.99894869
852489653 0.0000000 0.99407619 0.98803538
852515472 0.0000000 0.99587643 0.99149251
853272363 0.0000000 0.97262847 0.94525307
853376840 0.0000000 0.99219537 0.98430097
853407944 0.0000000 0.72777838 0.14921433
853607627 0.0000000 0.99948639 0.99854976
853739580 0.0000000 0.99843454 0.99656069
854306280 0.0000000 0.99946898 0.99838430
855524541 0.0000000 0.90353626 0.77915406
855593408 0.0000000 0.97605640 0.95205325
855822594 0.0000000 0.98618484 0.97247940
857058283 0.0000000 0.99962151 0.99883568
857344712 0.0000000 0.94498909 0.88429469
857979217 0.0000000 0.99867117 0.99685681
858004916 0.0000000 0.99356735 0.98700613
872088689 0.0000000 0.90181375 0.76217496
872425059 0.0000000 0.90976977 0.78944117
872437680 0.0000000 0.56620628 -1.2590256
872449116 0.0000000 0.93600494 0.85201693
872491072 0.0000000 0.50945085 -2.2426894
872492263 0.0000000 0.79386413 0.29412621
892980386 0.0000000 0.99884802 0.99736100
893747340 0.0000000 0.99810398 0.99591964
894067552 0.0000000 0.62778592 -0.56063151
894087462 0.0000000 0.99810994 0.99583673
894238216 0.0000000 0.99939764 0.99850219
894747219 0.0000000 0.99893028 0.99749875
895825584 0.0000000 0.93863648 0.87656534
905363640 0.0000000 0.96967524 0.93504316
905409966 0.0000000 0.90042055 0.76471740
905583188 0.0000000 0.94592190 0.87877828
905664888 0.0000000 0.99911010 0.99810433
905697214 0.0000000 0.93499160 0.85432875
905921771 0.0000000 0.97060603 0.93729317
906395377 0.0000000 0.99834770 0.99651420
906915742 0.0000000 0.98528713 0.96939445
906973039 0.0000000 0.78577799 0.33352512
907937571 0.0000000 0.99267393 0.98503315
908081794 0.0000000 0.99622715 0.99199319
908297657 0.0000000 0.60078412 -0.68969941
908665869 254.80000 1.78698935E-02 0.0000000
910076797 -64.500000 2.10200250E-02 0.0000000
911341652 -58.450001 2.16784496E-02 0.0000000
911471402 277.50000 1.68753024E-02 0.0000000
912019233 -13.400001 2.22294647E-02 0.0000000
912118339 -52.500000 2.19340865E-02 0.0000000
912320478 280.05002 2.00871546E-02 0.0000000
913597143 -18.600000 1.68277789E-02 0.0000000
914291346 266.64999 1.71259101E-02 0.0000000
914495847 -26.200001 8.87693651E-03 0.0000000
916122256 -26.950001 1.58045273E-02 0.0000000
918942477 -41.950001 2.15800889E-02 0.0000000
919479225 219.65001 1.49431769E-02 0.0000000
919691338 -52.299999 2.28661299E-02 0.0000000
920174684 -19.150000 1.55128799E-02 0.0000000
920668347 -44.900002 2.05177087E-02 0.0000000
922458849 -44.450001 2.07665004E-02 0.0000000
925451079 0.0000000 0.99466568 0.98900169
925706822 0.0000000 0.72414893 -1.34289265E-03
925998383 0.0000000 0.87840551 0.71677411
926039004 0.0000000 0.99937266 0.99870038
926607950 0.0000000 0.98012131 0.95872533
926999002 0.0000000 0.98770571 0.97438920
927655854 0.0000000 0.76436943 0.32397664
928199401 0.0000000 0.99858111 0.99697232
928426302 0.0000000 0.99957311 0.99910963
928999079 0.0000000 0.99950480 0.99892342
929863441 224.90001 2.42719371E-02 0.0000000
930302321 -119.80000 1.65276863E-02 0.0000000
930322043 188.75000 1.47987716E-02 0.0000000
931355593 -65.300003 2.03645937E-02 0.0000000
931356389 -65.450005 2.56117545E-02 0.0000000
931484211 -66.000000 2.45258398E-02 0.0000000
931653898 -71.950005 1.15254028E-02 0.0000000
931724710 -51.950001 1.48060340E-02 0.0000000
986938306 0.0000000 0.99932039 0.99828362
988100797 0.0000000 0.99957347 0.99879086
988336953 0.0000000 0.99978858 0.99909419
989765823 0.0000000 0.99977261 0.99906266
990117114 0.0000000 0.98380774 0.96518815
990630314 0.0000000 0.99988353 0.99939853
991455252 0.0000000 0.99870610 0.99688798
991634551 0.0000000 0.99840647 0.99622148
991995645 0.0000000 0.55418903 -1.4328694
992208377 0.0000000 0.99914610 0.99783069
992209870 0.0000000 0.99945676 0.99846435
992438274 0.0000000 0.99978197 0.99925703
992486125 0.0000000 0.99981242 0.99944800
992592933 0.0000000 0.99849933 0.99649507
992927775 0.0000000 0.99986207 0.99936301
992929419 0.0000000 0.99986142 0.99935275
993581187 0.0000000 0.99740916 0.99431306
993854508 0.0000000 0.99986595 0.99925750
993874057 0.0000000 0.99972075 0.99903411
994007634 0.0000000 0.99958801 0.99879462
994692047 0.0000000 0.99977958 0.99937725
995024004 0.0000000 0.99971670 0.99903989
995162867 0.0000000 0.99896407 0.99744087
995890516 0.0000000 0.99970996 0.99911302
996113981 0.0000000 0.99982482 0.99917734
997156421 0.0000000 0.98978794 0.97800606
998326679 0.0000000 0.99985129 0.99920541
999257596 0.0000000 0.99963230 0.99890512
1000062111 0.0000000 0.99962962 0.99886197
1000197538 0.0000000 0.99974579 0.99934167
1000766684 0.0000000 0.99982655 0.99932683
1001410293 0.0000000 0.99922121 0.99792802
1001954970 0.0000000 0.99970514 0.99907035
1004092959 0.0000000 0.99984443 0.99928683
1004454253 0.0000000 0.99974632 0.99907011
1004863535 0.0000000 0.99985057 0.99935657
1005352632 0.0000000 0.99983108 0.99922913
1006580783 0.0000000 0.99979430 0.99916327
1007019252 0.0000000 0.99986309 0.99942464
1007572713 0.0000000 0.98726189 0.97290331
1007712455 0.0000000 0.99971867 0.99901724
1007972664 0.0000000 0.99976754 0.99913478
1008464695 0.0000000 0.99982780 0.99929720
1008648180 0.0000000 0.99987537 0.99924630
1008649429 0.0000000 0.99972129 0.99906087
1008650819 0.0000000 0.99980420 0.99923486
1008651467 0.0000000 0.99973196 0.99900854
1008652414 0.0000000 0.99988091 0.99928313
1008671685 0.0000000 0.99975902 0.99907434
1008686668 0.0000000 0.99960607 0.99876666
1008715277 0.0000000 0.99969119 0.99885368
1008786983 0.0000000 0.99979007 0.99910694
1008836107 0.0000000 0.99972248 0.99895602
1008890954 0.0000000 0.99969929 0.99903584
1009057225 0.0000000 0.99983788 0.99927950
1009168145 0.0000000 0.99968177 0.99890298
1009442091 0.0000000 0.99951559 0.99861562
1009500099 0.0000000 0.99988163 0.99933517
1010371507 0.0000000 0.99960059 0.99864602
1010509239 0.0000000 0.99986482 0.99938267
1011026056 0.0000000 0.99971020 0.99918628
1011031830 0.0000000 0.99973494 0.99891949
1011063499 0.0000000 0.99959594 0.99884075
1011682027 0.0000000 0.99743921 0.99445623
1012271064 0.0000000 0.99955356 0.99866658
1012580587 0.0000000 0.99966723 0.99885017
1013484445 0.0000000 0.99985701 0.99939221
1013485377 0.0000000 0.99979746 0.99921936
1013486436 0.0000000 0.99985707 0.99908346
1014927282 0.0000000 0.99926627 0.99791443
1014972465 0.0000000 0.99968833 0.99888974
1015232666 0.0000000 0.99985176 0.99927050
1016105151 0.0000000 0.99968201 0.99888450
1016468323 0.0000000 0.99978697 0.99914026
1017159906 0.0000000 0.99965441 0.99912983
1017557569 0.0000000 0.92151570 0.83561039
1017557822 0.0000000 0.99979508 0.99922806
1017594576 0.0000000 0.99973512 0.99922585
1017816456 0.0000000 0.99971265 0.99915677
1017857170 0.0000000 0.99977756 0.99922740
1017925489 0.0000000 0.99986809 0.99914569
1018065946 0.0000000 0.99950159 0.99849457
1018137582 0.0000000 0.99935597 0.99811280
1018221645 0.0000000 0.99980360 0.99932796
1018414606 0.0000000 0.99962759 0.99877089
1018800484 0.0000000 0.99977392 0.99922752
1018898180 0.0000000 0.99657869 0.99262553
1019054808 0.0000000 0.99971080 0.99900210
1019292480 0.0000000 0.99978060 0.99910229
1019488470 0.0000000 0.99977237 0.99927759
1019673665 0.0000000 0.99391490 0.98690915
1020000226 0.0000000 0.99985296 0.99917018
1021004232 0.0000000 0.99990076 0.99945110
1021024958 0.0000000 0.93657362 0.85572410
1021028934 0.0000000 0.99979120 0.99914175
1021434365 0.0000000 0.99982488 0.99927092
1021434812 0.0000000 0.99978018 0.99915284
1021435155 0.0000000 0.99961406 0.99885678
1021437004 0.0000000 0.99980259 0.99917132
1021437761 0.0000000 0.99966979 0.99903792
1021888184 0.0000000 0.99990845 0.99968851
1022604314 0.0000000 0.99984908 0.99931669
1022741620 0.0000000 0.99982750 0.99932814
1022779647 0.0000000 0.99961114 0.99879777
1024000827 0.0000000 0.99981165 0.99931568
1024039343 0.0000000 0.99964571 0.99872178
1024059173 0.0000000 0.99955797 0.99842966
1024224102 0.0000000 0.99980479 0.99946469
1024232773 0.0000000 0.99969471 0.99921179
1024881141 0.0000000 0.99989963 0.99922061
1026036068 0.0000000 0.99976033 0.99910998
1026372982 0.0000000 0.99983883 0.99919760
1026373076 0.0000000 0.99987024 0.99930787
1026374005 0.0000000 0.99979430 0.99921739
1026378668 0.0000000 0.99976212 0.99916148
1026562025 0.0000000 0.99983108 0.99920189
1026925041 0.0000000 0.99984509 0.99927449
1026933281 0.0000000 0.99980235 0.99903530
1026967951 0.0000000 0.99842852 0.99636304
1028885460 0.0000000 0.99972606 0.99904048
1028970195 0.0000000 0.99970073 0.99897671
1029367736 0.0000000 0.99975091 0.99916869
1030006163 0.0000000 0.99965429 0.99886405
1030375930 0.0000000 0.99980575 0.99922550
1030554334 0.0000000 0.99982613 0.99920404
1030628193 0.0000000 0.99983019 0.99900770
1030651553 0.0000000 0.99971157 0.99925607
1030859781 0.0000000 0.99986821 0.99931496
1030864055 0.0000000 0.99985522 0.99926370
1031310121 0.0000000 0.99983919 0.99931300
1031439572 0.0000000 0.99984872 0.99924928
1031647094 0.0000000 0.99985200 0.99924266
1032052013 0.0000000 0.99983662 0.99927413
1032134610 0.0000000 0.99966317 0.99909544
1032294371 0.0000000 0.99961412 0.99864197
1032315669 0.0000000 0.99740803 0.99409699
1032907402 0.0000000 0.99978900 0.99919146
1033103267 0.0000000 0.99974543 0.99913156
1033374913 0.0000000 0.99991184 0.99919766
1033690544 0.0000000 0.99936056 0.99845952
1033947513 0.0000000 0.99979305 0.99942893
1034070514 0.0000000 0.99956447 0.99869460
1034480608 0.0000000 0.99860954 0.99671865
1034923400 0.0000000 0.99984157 0.99936485
1034928298 0.0000000 0.99977851 0.99921852
1035149152 0.0000000 0.99990761 0.99947792
1035153178 0.0000000 0.99985033 0.99912655
1035197382 0.0000000 0.99824494 0.99604726
1035991040 0.0000000 0.99890715 0.99744213
1036098952 0.0000000 0.99873751 0.99700207
1036697273 0.0000000 0.99963093 0.99869657
1036697648 0.0000000 0.99978989 0.99916822
1036886824 0.0000000 0.99975479 0.99915785
1038324582 0.0000000 0.99976128 0.99842149
1038746116 0.0000000 0.99967051 0.99816340
1039232712 0.0000000 0.99813253 0.99536401
1039743025 0.0000000 0.99952543 0.99784869
1040450954 0.0000000 0.99852026 0.99605924
1040520314 0.0000000 0.99829572 0.99550456
1040644457 0.0000000 0.99968737 0.99835759
1040799690 0.0000000 0.99980336 0.99837899
1041632855 0.0000000 0.99973291 0.99788237
1042809813 0.0000000 0.99969113 0.99817383
1043607562 0.0000000 0.99929404 0.99751496
1044768063 0.0000000 0.99970347 0.99780560
1044817061 0.0000000 0.99973410 0.99824554
1045633623 0.0000000 0.99961555 0.99827254
1046065971 0.0000000 0.99538034 0.98996729
1046575544 0.0000000 0.99975932 0.99873531
1048808323 0.0000000 0.99940932 0.99753922
1049310522 0.0000000 0.99980545 0.99845427
1049353173 0.0000000 0.99925423 0.99737632
1051845960 0.0000000 0.99235260 0.98449969
1051900153 0.0000000 0.99912292 0.99709958
1052394722 0.0000000 0.83034849 0.57047284
1052961462 0.0000000 0.99979007 0.99796349
1053904321 0.0000000 0.99779963 0.99485946
1054395492 0.0000000 0.99935627 0.99762148
1054853585 0.0000000 0.99950844 0.99795312
1055123570 0.0000000 0.99984020 0.99821824
1055135284 0.0000000 0.99977875 0.99840587
1055234432 0.0000000 0.99966544 0.99802250
1055390332 0.0000000 0.99984193 0.99860281
1055425274 0.0000000 0.99949378 0.99775445
1055472531 0.0000000 0.99836457 0.99571723
1055510426 0.0000000 0.99955869 0.99735987
1055788418 0.0000000 0.99974215 0.99857432
1055803080 0.0000000 0.99976450 0.99866420
1056357316 0.0000000 0.99970335 0.99805224
1057028486 0.0000000 0.98532134 0.97077000
1057319282 0.0000000 0.99892658 0.99682182
1058108790 0.0000000 0.99979061 0.99803334
1058496080 0.0000000 0.99979007 0.99829751
1059102630 0.0000000 0.99972749 0.99825501
1059590191 0.0000000 0.99978334 0.99845070
1059850488 0.0000000 0.99931270 0.99744898
1059910523 0.0000000 0.99975616 0.99831051
1059994404 0.0000000 0.99921757 0.99743611
1060172588 0.0000000 0.99979413 0.99821150
1060619413 0.0000000 0.99986231 0.99865299
1061586322 0.0000000 0.99920994 0.99719959
1062262342 0.0000000 0.99962199 0.99792176
1062859632 0.0000000 0.99457705 0.98870093
1063234506 0.0000000 0.99987906 0.99865502
1063264037 0.0000000 0.99976790 0.99807429
1064365712 0.0000000 0.99448061 0.98839843
1064533379 0.0000000 0.99982536 0.99849665
1065785029 0.0000000 0.99615699 0.99167120
1065790269 0.0000000 0.99973607 0.99844915
1065847269 0.0000000 0.99935877 0.99782115
1067505195 0.0000000 0.99969649 0.99842542
1068127124 0.0000000 0.99973357 0.99863625
1068356150 0.0000000 0.99973047 0.99812484
1068595355 0.0000000 0.99982029 0.99842691
1068804765 0.0000000 0.99763966 0.99464393
1068825242 0.0000000 0.99976397 0.99834460
1069412363 0.0000000 0.99631566 0.99235868
1070682432 0.0000000 0.86187500 0.68103051
1070692497 0.0000000 0.99975175 0.99845284
1070921046 0.0000000 0.99980849 0.99889231
1071031093 0.0000000 0.99989712 0.99891174
1071031176 0.0000000 0.99993926 0.99918693
1071031375 0.0000000 0.99982584 0.99885422
1071031628 0.0000000 0.99978334 0.99867773
1071031695 0.0000000 0.99977213 0.99866623
1071031744 0.0000000 0.99977285 0.99867541
1071031844 0.0000000 0.99975365 0.99861920
1071031926 0.0000000 0.99943227 0.99812472
1071033611 0.0000000 0.99988139 0.99907428
1071033625 0.0000000 0.99988180 0.99907428
1071035006 0.0000000 0.99892074 0.99712318
1071038489 0.0000000 0.99966371 0.99851257
1071042579 0.0000000 0.99880189 0.99681312
1071043831 0.0000000 0.99884933 0.99697036
1071046005 0.0000000 0.99981034 0.99879217
1071046239 0.0000000 0.99726760 0.99389404
1071074159 0.0000000 0.99887365 0.99701357
1071095531 0.0000000 0.99936473 0.99802417
1071100910 0.0000000 0.99982071 0.99887550
1071109335 0.0000000 0.99925810 0.99767935
1071169499 0.0000000 0.99905401 0.99728280
1071182968 0.0000000 0.99982119 0.99893099
1071183209 0.0000000 0.99975371 0.99884897
1071183435 0.0000000 0.99937242 0.99819928
1071443800 0.0000000 0.99962699 0.99848717
1071583019 0.0000000 0.99986702 0.99890870
1071584001 0.0000000 0.99966532 0.99852467
1071678445 0.0000000 0.99982613 0.99888068
1071725608 0.0000000 0.99955654 0.99831766
1072705310 0.0000000 0.99984127 0.99859798
1072926918 0.0000000 0.99983793 0.99863845
1073300844 0.0000000 0.99888241 0.99694389
1073475853 0.0000000 0.99975556 0.99876988
1073756920 0.0000000 0.99878627 0.99664217
1073986141 0.0000000 0.99989414 0.99894094
1073994067 0.0000000 0.96244806 0.92411542
1075317204 5.00000007E-02 0.69550639 0.22276634
1075317446 5.00000007E-02 0.74830627 0.41564572
1075318489 5.00000007E-02 0.64958411 6.41704798E-02
1075466599 0.0000000 0.80028701 0.58950722
1075865039 5.00000007E-02 0.69331503 0.20964527
1076851926 0.0000000 0.74390709 0.40201271
1076884025 0.0000000 0.74222952 0.40197599
1077531525 0.0000000 0.99980474 0.99959451
1077584107 0.0000000 0.99983072 0.99964345
1078321829 0.0000000 0.99967527 0.99931151
1079154231 0.0000000 0.99954283 0.99906248
1080241624 0.0000000 0.99929434 0.99857157
1081488818 0.0000000 0.99964631 0.99918252
1082397083 0.0000000 0.99881291 0.99762046
1082563195 0.0000000 0.96309406 0.92259175
1082729069 0.0000000 0.99892932 0.99784273
1082820030 0.0000000 0.99988526 0.99976701
1083398171 0.0000000 0.99803430 0.99502391
1083961065 0.0000000 0.99967343 0.99933428
1084003366 0.0000000 0.99981391 0.99962920
1087613581 0.0000000 0.99857396 0.99713850
1089099122 0.0000000 0.99979293 0.99947280
1089113880 0.0000000 0.99932456 0.99859017
1089371968 0.0000000 0.99975723 0.99948370
1090478200 0.0000000 0.99976259 0.99950206
1091970746 0.0000000 0.99968982 0.99932224
1092861100 0.0000000 0.99063426 0.98127562
1093118276 0.0000000 0.99933958 0.99857676
1093908136 0.0000000 0.99954176 0.99903733
1095475955 0.0000000 0.99967378 0.99932790
1097813330 0.0000000 0.99982774 0.99963707
1098848984 0.0000000 0.93842298 0.86517197
1099928102 0.0000000 0.99952382 0.99903262
1099929295 0.0000000 0.99984747 0.99968791
1099929521 0.0000000 0.99968278 0.99934763
1099931589 0.0000000 0.99948186 0.99895382
1099942690 0.0000000 0.99988133 0.99974829
1100955874 0.0000000 0.99847662 0.99694866
1103674687 0.0000000 0.99965090 0.99926299
1105287429 0.0000000 0.66183937 -0.16485715
1105405102 0.0000000 0.99981093 0.99960572
1105536640 0.0000000 0.99955344 0.99905545
1105765351 0.0000000 0.99941009 0.99878609
1106056455 0.0000000 0.99684221 0.99364603
1106207236 0.0000000 0.99986041 0.99969566
1106226863 0.0000000 0.99703741 0.99407953
1106317701 0.0000000 0.99983305 0.99965608
1106377004 0.0000000 0.99975437 0.99948263
1106829094 0.0000000 0.99986225 0.99971455
1107166208 0.0000000 0.99686801 0.99370664
1107223187 0.0000000 0.99967319 0.99932611
1107233798 0.0000000 0.99980283 0.99950695
1107286746 0.0000000 0.99863809 0.99724609
1107388387 0.0000000 0.99891764 0.99783188
1107601144 0.0000000 0.99890625 0.99781370
1107601252 0.0000000 0.99889708 0.99779767
1108162580 0.0000000 0.99970943 0.99939370
1108757898 0.0000000 0.99987948 0.99975681
1108761568 0.0000000 0.99943089 0.99884903
1110049611 0.0000000 0.99989551 0.99978381
1110049680 0.0000000 0.99988222 0.99975061
1110050185 0.0000000 0.99983692 0.99963880
1110050874 0.0000000 0.99982339 0.99960345
1110568232 0.0000000 0.99973732 0.99942726
1111274786 0.0000000 0.99983490 0.99965864
1113182839 0.0000000 0.99948657 0.99895042
1113208093 0.0000000 0.99827588 0.99654299
1113260515 0.0000000 0.99936014 0.99870574
1113331351 0.0000000 0.99940288 0.99876648
1114345058 0.0000000 0.99222004 0.98438084
1114872497 0.0000000 0.99988490 0.99976027
1114872533 0.0000000 0.99984199 0.99964911
1114872543 0.0000000 0.99986619 0.99967116
1114981677 0.0000000 0.99962384 0.99917948
1115167250 0.0000000 0.99982792 0.99963146
1115753263 0.0000000 0.99894553 0.99788874
1115910658 0.0000000 0.99925816 0.99845892
1115942660 0.0000000 0.99986154 0.99970227
1116353193 0.0000000 0.99949551 0.99893385
1117405041 0.0000000 0.99970675 0.99938816
1117642805 0.0000000 0.99972683 0.99942178
1118162704 0.0000000 0.99993294 0.99982423
1118367166 0.0000000 0.99993002 0.99982870
1118396676 0.0000000 0.99980050 0.99955589
1118501300 0.0000000 0.99984789 0.99963897
1118677980 0.0000000 0.99984705 0.99964130
1118868304 0.0000000 0.99479687 0.98957193
1119087065 0.0000000 0.99984735 0.99968994
1119729025 0.0000000 0.99914569 0.99826419
1119876655 0.0000000 0.94946367 0.88906485
1121472051 0.0000000 0.99952036 0.99895394
1121864763 0.0000000 0.99978596 0.99955040
1122385024 0.0000000 0.99970150 0.99935633
1122618639 0.0000000 0.99948847 0.99895734
1122777951 0.0000000 0.99976635 0.99948239
1123439949 0.0000000 0.99952716 0.99901104
1125373372 0.0000000 0.92374432 0.82937390
1125685516 0.0000000 0.99899441 0.99798280
1125969360 0.0000000 0.99985820 0.99971366
1127055473 0.0000000 0.99838024 0.99675947
1127456637 0.0000000 0.99910098 0.99812073
1127471662 0.0000000 0.99855512 0.99710304
1127494190 0.0000000 0.99976343 0.99946380
1127760620 0.0000000 0.99976897 0.99953020
1128153007 0.0000000 0.99969155 0.99932545
1128174696 0.0000000 0.99974996 0.99946606
1128475640 0.0000000 0.99900323 0.99797630
1128528995 0.0000000 0.99887705 0.99772835
1128891916 0.0000000 0.82936525 0.54907793
1128923244 0.0000000 0.99958235 0.99913251
1129069430 0.0000000 0.73009908 0.11682785
1129155495 0.0000000 0.95126975 0.89417332
1129246313 0.0000000 0.96417713 0.92344016
1129324370 0.0000000 0.99811566 0.99621105
1129391464 0.0000000 0.99981326 0.99959278
1129907016 0.0000000 0.91984576 0.81987995
1130249327 0.0000000 0.99940348 0.99878430
1131428965 0.0000000 0.99888039 0.99773300
1131431840 0.0000000 0.99928766 0.99850351
1132062095 0.0000000 0.99936217 0.99870265
1132132485 0.0000000 0.99816793 0.99633467
1132148341 0.0000000 0.99983168 0.99964869
1132166999 0.0000000 0.99952388 0.99903798
1132661855 0.0000000 0.99966043 0.99927080
1132975230 0.0000000 0.99979270 0.99957383
1133111580 0.0000000 0.99937111 0.99872661
1133304109 0.0000000 0.99985999 0.99970365
1133601723 0.0000000 0.99948192 0.99894637
1133908462 0.0000000 0.99969310 0.99936205
1134710133 0.0000000 0.99912941 0.99826354
1135808248 0.0000000 0.99933469 0.99864495
1135976852 0.0000000 0.99735028 0.99468839
1136739698 0.0000000 0.99984473 0.99969232
1137913657 0.0000000 0.99983013 0.99964929
1137989937 0.0000000 0.99984026 0.99966764
1137990003 0.0000000 0.99973077 0.99944639
1138288259 0.0000000 0.99925971 0.99847156
1139284609 0.0000000 0.78390646 0.39650089
1139326915 0.0000000 0.99956423 0.99901432
1140725945 0.0000000 0.99970740 0.99937838
1140746150 0.0000000 0.99984992 0.99966186
1141877248 0.0000000 0.99987447 0.99972022
1142029462 0.0000000 0.99938166 0.99873561
1142229311 0.0000000 0.99985886 0.99966878
1142709582 0.0000000 0.99941403 0.99878991
1143536168 0.0000000 0.99990505 0.99977475
1143616861 0.0000000 0.99969852 0.99933064
1143885739 0.0000000 0.99998081 0.99995720
1143885924 0.0000000 0.99973911 0.99947572
1143888020 0.0000000 0.99970114 0.99938899
1144129163 0.0000000 0.99793309 0.99585867
1144133312 0.0000000 0.99844575 0.99688059
1144179006 0.0000000 0.99992222 0.99981993
1144806135 0.0000000 0.99720705 0.99440533
1145140855 0.0000000 0.99997658 0.99994665
1145323561 0.0000000 0.99913347 0.99824941
1146215126 0.0000000 0.99995816 0.99991339
1146944291 0.0000000 0.55835193 -1.6934319
1146966782 0.0000000 0.99940521 0.99880970
1147258751 0.0000000 0.99989080 0.99975812
1149411961 0.0000000 0.99987251 0.99973083
1149467938 0.0000000 0.99760371 0.99519378
1149638545 0.0000000 0.99958479 0.99911016
1149771133 0.0000000 0.99889320 0.99777699
1150128882 0.0000000 0.99402171 0.98800004
1151387381 0.0000000 0.99969327 0.99935281
1154072410 0.0000000 0.99997360 0.99993920
1154182305 0.0000000 0.99985272 0.99968570
1155212722 0.0000000 0.99982893 0.99963421
1155340266 0.0000000 0.99991739 0.99981910
1155354114 0.0000000 0.99472487 0.98941976
1155443514 0.0000000 0.99988264 0.99974740
1156044082 0.0000000 0.98601007 0.97151941
1156698676 0.0000000 0.99989122 0.99976313
1158266854 0.0000000 0.99940902 0.99874336
1159598968 0.0000000 0.99965638 0.99925572
1159684577 0.0000000 0.99991989 0.99981791
1160388105 0.0000000 0.99989581 0.99977911
1160392104 0.0000000 0.99981862 0.99962956
1160549032 0.0000000 0.99771708 0.99543864
1160664389 0.0000000 0.99997663 0.99994355
1163299258 0.0000000 0.99971139 0.99939275
1163456967 0.0000000 0.99979210 0.99956346
1163641819 0.0000000 0.99987787 0.99971145
1164570370 0.0000000 0.99988472 0.99972802
1165358160 0.0000000 0.99986058 0.99966931
1165368969 0.0000000 0.99982291 0.99960619
1166094636 0.0000000 0.99991214 0.99980026
1166561075 0.0000000 0.99988073 0.99969935
1166894907 0.0000000 0.99990124 0.99975717
1167121204 0.0000000 0.99958968 0.99915451
1167135981 0.0000000 0.99997616 0.99994862
1167136317 0.0000000 0.99997264 0.99993867
1167136455 0.0000000 0.99997282 0.99993920
1167136825 0.0000000 0.99931985 0.99864203
1167144800 0.0000000 0.99647444 0.99295491
1167147704 0.0000000 0.99972695 0.99944383
1167154513 0.0000000 0.99925578 0.99850321
1167186639 0.0000000 0.99988359 0.99975330
1167298740 0.0000000 0.98447549 0.96853840
1167318376 0.0000000 0.75491238 0.26765913
1167324678 0.0000000 0.98572886 0.97111851
1167592780 0.0000000 0.95553237 0.90689534
1167604646 0.0000000 0.99934250 0.99864769
1168792515 0.0000000 0.99894845 0.99788529
1168917035 0.0000000 0.99995506 0.99989879
1169006425 0.0000000 0.99983859 0.99963444
1169712716 0.0000000 0.98065174 0.96045625
1169722755 0.0000000 0.99995846 0.99991232
1170262059 0.0000000 0.98723131 0.97405195
1170524118 0.0000000 0.99524844 0.99047107
1171366614 0.0000000 0.99942356 0.99883103
1171423577 0.0000000 0.99786150 0.99571812
1171423831 0.0000000 0.99873281 0.99745858
1171832699 0.0000000 0.99909753 0.99818844
1172178017 0.0000000 0.99982768 0.99964517
1174197233 0.0000000 0.99616325 0.99232650
1175309106 0.0000000 0.99947429 0.99888539
1175583473 0.0000000 0.99964046 0.99924093
1176242685 0.0000000 0.99874258 0.99744171
1177115546 0.0000000 0.99967712 0.99935019
1177175308 0.0000000 0.99229467 0.98442096
1178992210 0.0000000 0.99976343 0.99945754
1180238725 0.0000000 0.94922018 0.89042020
1180618796 0.0000000 0.96126002 0.91825426
1181939353 0.0000000 0.99982601 0.99962825
1182196765 0.0000000 0.99676758 0.99352735
1182265663 0.0000000 0.99768096 0.99535263
1182396227 0.0000000 0.99981791 0.99961084
1182398897 0.0000000 0.99969238 0.99937272
1184629372 0.0000000 0.99993241 0.99985492
1185198002 0.0000000 0.99992967 0.99985087
1185799546 0.0000000 0.98747039 0.97440082
1185861072 0.0000000 0.99935192 0.99864954
1186620947 0.0000000 0.99996316 0.99991345
1186786330 0.0000000 0.99984908 0.99966764
1188350129 0.0000000 0.99874967 0.99749255
1188356416 0.0000000 0.99985963 0.99970883
1188908193 0.0000000 0.99990743 0.99977720
1188950111 0.0000000 0.95607722 0.90686840
1189101086 0.0000000 0.99990940 0.99981081
1189101321 0.0000000 0.99989307 0.99976981
1189194674 0.0000000 0.99975187 0.99945080
1190442424 0.0000000 0.99985605 0.99970967
1191742755 0.0000000 0.99974537 0.99947506
1192071901 0.0000000 0.99987537 0.99972051
1192632000 0.0000000 0.99995172 0.99983364
1193967194 0.0000000 0.99924690 0.99847013
1194476053 0.0000000 0.99985933 0.99966604
1196283913 0.0000000 0.99981129 0.99960011
1196818902 0.0000000 0.99990672 0.99976623
1196950527 0.0000000 0.99977857 0.99953705
1197715613 0.0000000 0.99979424 0.99954808
1201442068 0.0000000 0.99978477 0.99953622
1203280382 0.0000000 0.99994266 0.99983633
1203409866 0.0000000 0.99952298 0.99898112
1203790455 0.0000000 0.99984086 0.99960345
1204138448 0.0000000 0.99987936 0.99973953
1204651907 0.0000000 0.99994212 0.99983990
1204651936 0.0000000 0.99994260 0.99983954
1204670552 0.0000000 0.99981028 0.99956781
1207186072 0.0000000 0.99944806 0.99886888
1208187584 0.0000000 0.99994606 0.99980950
1208931881 0.0000000 0.99986446 0.99971861
1208975321 0.0000000 0.99994177 0.99983007
1208982088 0.0000000 0.99961376 0.99915260
1208988255 0.0000000 0.99987423 0.99968666
1208988552 0.0000000 0.99977380 0.99950844
1209105937 0.0000000 0.97624129 0.95031619
1209216223 0.0000000 0.63702023 -0.40665638
1209291757 0.0000000 0.65684837 -0.21712792
1209339084 0.0000000 0.99973369 0.99935418
1209362380 0.0000000 0.82352066 0.50328976
1209543825 0.0000000 0.99545258 0.99062407
1209563099 0.0000000 0.99789524 0.99571460
1209583346 0.0000000 0.98885387 0.97694826
1209820628 0.0000000 0.99982274 0.99963421
1209877317 0.0000000 0.99947685 0.99889356
1210448520 0.0000000 0.99992472 0.99981886
1210560189 0.0000000 0.99776495 0.99538285
1210633064 0.0000000 0.99989778 0.99976748
1210703275 0.0000000 0.99988621 0.99972451
1212285435 0.0000000 0.99993479 0.99979258
1212339563 0.0000000 0.99991131 0.99976921
1213107823 0.0000000 0.99589729 0.99150163
1213158817 0.0000000 0.99928689 0.99846286
1213486164 0.0000000 0.99979776 0.99952817
1214086760 0.0000000 0.99940610 0.99871141
1214128508 0.0000000 0.99983984 0.99959695
1214211456 0.0000000 0.89852005 0.75245047
1214561217 0.0000000 0.99929035 0.99849480
1215221786 0.0000000 0.99323177 0.98611528
1215745668 0.0000000 0.99989474 0.99974757
1215812106 0.0000000 0.99986303 0.99964750
1215812707 0.0000000 0.99936301 0.99861580
1215839910 0.0000000 0.99983805 0.99963617
1215843106 0.0000000 0.99987096 0.99971968
1215961116 0.0000000 0.99993736 0.99980509
1216126809 0.0000000 0.99859023 0.99703526
1216904067 0.0000000 0.99968648 0.99933577
1217616949 0.0000000 0.99977773 0.99940866
1218233114 0.0000000 0.99990875 0.99974209
1218994676 0.0000000 0.99985361 0.99970329
1219291482 0.0000000 0.99947917 0.99891615
1219301591 0.0000000 0.99988472 0.99974078
1219723710 0.0000000 0.99964154 0.99924767
1219772880 0.0000000 0.99983406 0.99959230
1219869253 0.0000000 0.99978352 0.99941349
1220179542 0.0000000 0.99961889 0.99919164
1220742036 0.0000000 0.99984825 0.99958497
1220946193 0.0000000 0.99985957 0.99971777
1221047734 0.0000000 0.99979663 0.99956900
1222614737 0.0000000 0.99959362 0.99916613
1225404477 0.0000000 0.99981910 0.99958575
1225442295 0.0000000 0.99951714 0.99898368
1228187814 0.0000000 0.99988300 0.99966639
1228684717 0.0000000 0.99988610 0.99965841
1229260451 0.0000000 0.99961835 0.99919206
1229658996 0.0000000 0.99084818 0.98112971
1229990683 0.0000000 0.99992377 0.99978739
1230216280 0.0000000 0.99969393 0.99924815
1230600687 0.0000000 0.99985462 0.99965787
1230860391 0.0000000 0.99838918 0.99665272
1231020274 0.0000000 0.99981195 0.99943238
1231041233 0.0000000 0.99987352 0.99971318
1232714291 0.0000000 0.99977952 0.99949324
1232804891 0.0000000 0.99977410 0.99948210
1233928332 0.0000000 0.99975085 0.99946159
1234166319 0.0000000 0.99217427 0.98394132
1234201315 0.0000000 0.97819185 0.95474666
1234214675 0.0000000 0.99986631 0.99962443
1236731039 0.0000000 0.99974000 0.99943233
1236854628 0.0000000 0.99966168 0.99928254
1237014105 0.0000000 0.99981719 0.99953163
1237159221 0.0000000 0.99979895 0.99953848
1237164701 0.0000000 0.99972618 0.99942458
1237551366 0.0000000 0.99972135 0.99939489
1237619839 0.0000000 0.99948490 0.99893558
1239235949 0.0000000 0.99979693 0.99953836
1239971868 0.0000000 0.99977601 0.99942988
1240678955 0.0000000 0.99971020 0.99936986
1242397863 0.0000000 0.99978495 0.99945778
1242709695 0.0000000 0.99972695 0.99940026
1243376855 0.0000000 0.99982619 0.99956679
1244248765 0.0000000 0.99937218 0.99870515
1245087845 0.0000000 0.99956262 0.99908876
1245407408 0.0000000 0.99985337 0.99965572
1245469469 0.0000000 0.99982810 0.99960268
1245877793 0.0000000 0.99989903 0.99976361
1245881452 0.0000000 0.99990058 0.99975389
1246167876 0.0000000 0.99981302 0.99931663
1246181696 0.0000000 0.99971688 0.99909633
1246182765 0.0000000 0.99969506 0.99934250
1246208530 0.0000000 0.99958444 0.99900591
1246208539 0.0000000 0.99961758 0.99912030
1246598451 0.0000000 0.99987471 0.99970984
1246598488 0.0000000 0.99988526 0.99968702
1246614635 0.0000000 0.99989271 0.99975324
1246985947 0.0000000 0.99989343 0.99974400
1247508302 0.0000000 0.99992222 0.99979568
1247516932 0.0000000 0.99993259 0.99981260
1247654255 0.0000000 0.99985677 0.99965107
1247741293 0.0000000 0.99991250 0.99976796
1247769767 0.0000000 0.99988842 0.99974298
1248159491 0.0000000 0.99989474 0.99974906
1248570012 0.0000000 0.99985337 0.99965537
1248588659 0.0000000 0.99989158 0.99970698
1248872986 0.0000000 0.99983853 0.99965137
1248886386 0.0000000 0.99986947 0.99969053
1249212887 0.0000000 0.99987143 0.99967653
1250467545 0.0000000 0.99987590 0.99969304
1250503855 0.0000000 0.99988651 0.99972272
1250504106 0.0000000 0.99989009 0.99971455
1250601456 0.0000000 0.99987167 0.99969691
1250639275 0.0000000 0.99976730 0.99945372
1250703707 0.0000000 0.99957728 0.99910438
1250777890 0.0000000 0.99982196 0.99958813
1250888264 0.0000000 0.99987847 0.99969691
1250911490 0.0000000 0.99929333 0.99853981
1252249816 0.0000000 0.99338889 0.98648381
1252757125 0.0000000 0.99990451 0.99975550
1254591366 0.0000000 0.99981296 0.99956995
1254664936 0.0000000 0.99977583 0.99950302
1255243328 0.0000000 0.99905199 0.99801517
1256244384 0.0000000 0.99975157 0.99949795
1256252705 0.0000000 0.99975574 0.99944466
1256431794 0.0000000 0.99953896 0.99901801
1257413577 0.0000000 0.99984705 0.99961424
1257413887 0.0000000 0.99978453 0.99951804
1257420861 0.0000000 0.99988258 0.99968886
1257678569 0.0000000 0.99981368 0.99956018
1258065617 0.0000000 0.99984199 0.99960268
1258296469 0.0000000 0.99977636 0.99948627
1258824471 0.0000000 0.99967098 0.99929917
1258926370 0.0000000 0.99974459 0.99942851
1260564405 0.0000000 0.99986970 0.99964243
1260692005 0.0000000 0.99987316 0.99970543
1261227736 0.0000000 0.99206394 0.98392975
1261227864 0.0000000 0.99990290 0.99976146
1261228557 0.0000000 0.99979383 0.99956554
1261232031 0.0000000 0.99978036 0.99948817
1261235533 0.0000000 0.99990070 0.99966127
1261275144 0.0000000 0.99975795 0.99941915
1261713375 0.0000000 0.99985647 0.99968094
1261922241 0.0000000 0.99975914 0.99947608
1262034644 0.0000000 0.99976903 0.99949771
1262237921 0.0000000 0.99986863 0.99969625
1262343689 0.0000000 0.99972057 0.99924302
1262367286 0.0000000 0.99985099 0.99965507
1262622742 0.0000000 0.99237645 0.98431456
1262633257 0.0000000 0.99980038 0.99955142
1263881366 0.0000000 0.99983746 0.99953943
1265523000 0.0000000 0.99987859 0.99966323
1265599504 0.0000000 0.99975407 0.99940908
1265691729 0.0000000 0.99962950 0.99917436
1265942558 0.0000000 0.99991381 0.99979299
1266289887 0.0000000 0.99987203 0.99971604
1266816064 0.0000000 0.99990278 0.99974608
1267146477 0.0000000 0.99983084 0.99962306
1267162697 0.0000000 0.99972093 0.99938250
1267661932 0.0000000 0.99990875 0.99972588
1267662287 0.0000000 0.99977577 0.99947554
1267686434 0.0000000 0.99984086 0.99965024
1267690576 0.0000000 0.99993056 0.99978298
1268040382 0.0000000 0.99990374 0.99971473
1268902896 0.0000000 0.99977279 0.99946827
1268931240 0.0000000 0.99983108 0.99959487
1269644874 0.0000000 0.99979198 0.99953061
1270335780 0.0000000 0.99941450 0.99879229
1270813793 0.0000000 0.99961996 0.99921298
1270961850 0.0000000 0.99987143 0.99969661
1270999307 0.0000000 0.99889433 0.99772829
1271168968 0.0000000 0.99990833 0.99975425
1271191748 0.0000000 0.99991399 0.99972838
1271987388 0.0000000 0.99976844 0.99950504
1272194052 0.0000000 0.99956685 0.99899572
1272250791 0.0000000 0.99989563 0.99971563
1272823213 0.0000000 0.99973840 0.99938589
1274901407 0.0000000 0.99985373 0.99962008
1276535865 0.0000000 0.99984717 0.99956232
1276561877 0.0000000 0.99980271 0.99948090
1276823323 0.0000000 0.99984384 0.99961746
1277440084 0.0000000 0.99976033 0.99948931
1277575551 0.0000000 0.99985516 0.99964219
1277670806 0.0000000 0.99986213 0.99963748
1278097892 0.0000000 0.99990547 0.99971610
1278515743 0.0000000 0.99605882 0.99193859
1278618217 0.0000000 0.99991018 0.99978215
1278636079 0.0000000 0.99983597 0.99963170
1279357457 0.0000000 0.99980283 0.99958104
1279458204 0.0000000 0.99988669 0.99972963
1280029930 0.0000000 0.99991310 0.99975091
1280553485 0.0000000 0.99978769 0.99951243
1280563997 0.0000000 0.99958152 0.99912572
1280587745 0.0000000 0.99977368 0.99947411
1281476617 0.0000000 0.99982560 0.99961483
1282408680 0.0000000 0.99981660 0.99959582
1282415961 0.0000000 0.99983293 0.99963111
1282416480 0.0000000 0.99986392 0.99967963
1283157909 0.0000000 0.99987435 0.99971896
1283540817 0.0000000 0.99982005 0.99960113
1284039008 0.0000000 0.99975091 0.99949682
1284244867 0.0000000 0.99980861 0.99952918
1284952628 0.0000000 0.99985015 0.99960053
1285350982 0.0000000 0.99972194 0.99929649
1285695233 0.0000000 0.99976605 0.99945062
1285876560 0.0000000 0.99976414 0.99942791
1286047392 0.0000000 0.99976081 0.99950773
1286198915 0.0000000 0.99987632 0.99971467
1286865806 0.0000000 0.99957639 0.99903518
1287036373 0.0000000 0.99805063 0.99586850
1289221280 0.0000000 0.99990916 0.99974251
1289567329 0.0000000 0.99988699 0.99970412
1289576340 0.0000000 0.99981660 0.99956328
1290342705 0.0000000 0.99983513 0.99942380
1290784424 0.0000000 0.99976808 0.99948764
1290799240 0.0000000 0.99975586 0.99941242
1291601652 0.0000000 0.99987543 0.99967742
1291689974 0.0000000 0.99984407 0.99961716
1291927327 0.0000000 0.98130351 0.95946312
1292000461 0.0000000 0.94326895 0.87335837
1294804388 0.0000000 0.99979293 0.99955857
1296507195 0.0000000 0.99988812 0.99975145
1296548191 0.0000000 0.99993581 0.99974853
1297058102 0.0000000 0.99948943 0.99886453
1297342916 0.0000000 0.99956417 0.99908221
1297754297 0.0000000 0.99984962 0.99961603
1298970247 0.0000000 0.99717629 0.99422556
1299845150 0.0000000 0.99804097 0.99602962
1300123317 0.0000000 0.99946368 0.99881947
1300281136 0.0000000 0.99857605 0.99706137
1300608051 0.0000000 0.99992549 0.99975729
1301123952 0.0000000 0.99970615 0.99937463
1301458951 0.0000000 0.99986488 0.99968225
1301964194 0.0000000 0.99939311 0.99872255
1302916270 0.0000000 0.99985063 0.99965090
1302961193 0.0000000 0.99974811 0.99945098
1303685617 0.0000000 0.99822307 0.99631208
1304080155 0.0000000 0.99948686 0.99891204
1304082768 0.0000000 0.99977028 0.99944097
1304152538 0.0000000 0.99978310 0.99949074
1304437954 0.0000000 0.99984539 0.99963069
1304717510 0.0000000 0.99985069 0.99963790
1304757333 0.0000000 0.99971509 0.99933714
1306028051 0.0000000 0.99989450 0.99973327
1306098435 0.0000000 0.99990183 0.99973816
1306261925 0.0000000 0.99982363 0.99956930
1307034472 0.0000000 0.99985296 0.99965572
1307669122 0.0000000 0.99983460 0.99962687
1308478735 0.0000000 0.99967784 0.99934459
1309048281 0.0000000 0.99982548 0.99956560
1309094354 0.0000000 0.99992692 0.99980128
1309326569 0.0000000 0.97511798 0.94759530
1309474048 0.0000000 0.99966127 0.99929351
1309601047 0.0000000 0.99791688 0.99568260
1309696244 0.0000000 0.99981499 0.99955654
1309953539 0.0000000 0.99982774 0.99964535
1310469430 0.0000000 0.99985880 0.99962097
1310541580 0.0000000 0.99946332 0.99889135
1310928323 0.0000000 0.99990040 0.99975741
1311000534 0.0000000 0.99986976 0.99966210
1311084070 0.0000000 0.99985170 0.99961042
1311142337 0.0000000 0.99988467 0.99974132
1311692424 0.0000000 0.99133396 0.98203272
1313100452 0.0000000 0.99985605 0.99964213
1314264913 0.0000000 0.99983096 0.99958885
1314789752 0.0000000 0.99929380 0.99849433
1315538819 0.0000000 0.99956381 0.99903935
1315635988 0.0000000 0.97809595 0.95387268
1315804512 0.0000000 0.99971884 0.99940878
1316643513 0.0000000 0.99985880 0.99937981
1316653258 0.0000000 0.99986142 0.99966365
1317835272 0.0000000 0.85450161 0.61129922
1318175665 0.0000000 0.99954277 0.99901998
1318478724 0.0000000 0.99975610 0.99945420
1319945023 0.0000000 0.99987382 0.99966300
1320074224 0.0000000 0.99975187 0.99947208
1320721143 0.0000000 0.99988818 0.99973816
1321061921 0.0000000 0.99988437 0.99973291
1322787324 0.0000000 0.99985647 0.99956584
1322993584 0.0000000 0.99978799 0.99952459
1323861170 0.0000000 0.99976951 0.99950230
1323909341 0.0000000 0.99983621 0.99964184
1324582798 0.0000000 0.99984318 0.99963528
1325660397 0.0000000 0.99988246 0.99970287
1326181267 0.0000000 0.99734479 0.99456972
1326728445 0.0000000 0.99611503 0.99200600
1327107001 0.0000000 0.99984306 0.99960983
1327480583 0.0000000 0.98921186 0.97783107
1327824459 0.0000000 0.99944007 0.99881124
1328324062 0.0000000 0.99975204 0.99945861
1328459111 0.0000000 0.99216616 0.98393893
1330223700 0.0000000 0.99992293 0.99981159
1330883534 0.0000000 0.99949771 0.99892014
1332071890 0.0000000 0.35348669 -5.9499383
1332086295 0.0000000 0.14187725 -85.354530
1332373478 0.0000000 0.97781062 0.95404577
1333258441 0.0000000 0.63045758 -0.63676810
1333828758 0.0000000 0.99901277 0.99795777
1333921411 0.0000000 0.99882048 0.99758273
1334227165 0.0000000 0.68846017 -0.13056040
1334800688 0.0000000 0.99967992 0.99929428
1335409258 -65.700005 8.19669589E-02 -118.72753
1335538115 0.0000000 0.99422371 0.98822731
1338362741 0.0000000 0.99975455 0.99944121
1338842309 0.0000000 0.99984783 0.99959511
1338890190 0.0000000 0.99991298 0.99977642
1338944914 0.0000000 0.99991935 0.99976349
1338944979 0.0000000 0.99993378 0.99980533
1338945045 0.0000000 0.99983948 0.99960053
1339216879 0.0000000 0.99988824 0.99969947
1339275618 0.0000000 0.99985784 0.99962252
1339278860 0.0000000 0.99983215 0.99960327
1339309409 0.0000000 0.99986607 0.99964374
1339575740 0.0000000 0.99988377 0.99970406
1339598466 0.0000000 0.99985254 0.99961996
1339646879 0.0000000 0.99991071 0.99972564
1339690513 0.0000000 0.99994475 0.99981308
1339702255 0.0000000 0.99991024 0.99974900
1339923712 0.0000000 0.99991006 0.99976403
1341299876 0.0000000 0.99980402 0.99955088
1341924177 0.0000000 0.99972713 0.99938041
1342405200 0.0000000 0.99952728 0.99900150
1346380382 0.0000000 0.89567423 0.75453597
1346415099 0.0000000 0.99984950 0.99965274
1346415834 0.0000000 0.99982876 0.99961525
1346788818 0.0000000 0.99987155 0.99968123
1346816730 0.0000000 0.99985641 0.99968290
1348523853 0.0000000 0.99956661 0.99904245
1350722979 0.0000000 0.99983746 0.99961209
1350800865 0.0000000 0.98560834 0.97039580
1351161077 0.0000000 0.99986386 0.99965394
1352122829 0.0000000 0.99984866 0.99961156
1352554787 0.0000000 0.99466521 0.98906487
1353431341 0.0000000 0.99989831 0.99972886
1353536726 0.0000000 0.99989575 0.99975210
1354158772 0.0000000 0.99969614 0.99930108
1354470336 0.0000000 0.99986762 0.99961197
1354477411 0.0000000 0.99984664 0.99958783
1354976814 0.0000000 0.99982655 0.99961036
1355221924 0.0000000 0.99979872 0.99956179
1356243184 0.0000000 0.99984932 0.99966800
1356319072 0.0000000 0.99984580 0.99955910
1356487597 0.0000000 0.99990863 0.99975747
1356883405 0.0000000 0.99990880 0.99976671
1357128106 0.0000000 0.99994552 0.99979919
1357236484 0.0000000 0.99994141 0.99976563
1357270197 0.0000000 0.99988389 0.99972969
1357331931 0.0000000 0.99980605 0.99954677
1357541346 0.0000000 0.99990773 0.99977690
1357994057 0.0000000 0.99986762 0.99968129
1358411441 0.0000000 0.99982786 0.99961978
1358708986 0.0000000 0.99973381 0.99943393
1359776392 0.0000000 0.99976486 0.99944121
1361064727 0.0000000 0.99987656 0.99971956
1361239965 0.0000000 0.99971867 0.99933577
1361256759 0.0000000 0.99963838 0.99922442
1361373628 0.0000000 0.99980927 0.99952739
1361471757 0.0000000 0.99984586 0.99967974
1361665659 0.0000000 0.99934429 0.99864775
1362386544 0.0000000 0.98631173 0.97179919
1362609444 0.0000000 0.99611115 0.99199992
1362627405 0.0000000 0.99566740 0.99055856
1362643640 0.0000000 0.99971431 0.99939567
1363079024 0.0000000 0.99958038 0.99910891
1363764120 0.0000000 0.99977994 0.99954724
1364349799 0.0000000 0.99993575 0.99978709
1364349845 0.0000000 0.99993497 0.99982297
1364355002 0.0000000 0.99984628 0.99962205
1364690983 0.0000000 0.99432820 0.98828846
1365625224 0.0000000 0.99975967 0.99946028
1366061297 0.0000000 0.36638033 -6.0128269
1366432589 0.0000000 0.99975538 0.99945688
1366513671 0.0000000 0.99972075 0.99943691
1369110346 0.0000000 0.99981713 0.99959856
1369124755 0.0000000 0.99990791 0.99974078
1369791239 0.0000000 0.99989539 0.99970359
1369883683 0.0000000 0.99983698 0.99963200
1370118743 0.0000000 0.99964470 0.99917889
1370151783 0.0000000 0.99991208 0.99961638
1370623082 0.0000000 0.99993312 0.99981904
1372241957 0.0000000 0.99985707 0.99967879
1372463510 0.0000000 0.99994367 0.99982280
1373829868 0.0000000 0.99969161 0.99928755
1373895699 0.0000000 0.99986565 0.99968022
1373969495 0.0000000 0.99983376 0.99964011
1374677225 0.0000000 0.99988663 0.99972886
1374679935 0.0000000 0.99992251 0.99977350
1376837821 0.0000000 0.99987662 0.99968839
1377205321 0.0000000 0.99781424 0.99550050
1377355603 0.0000000 0.99986941 0.99964672
1377407246 0.0000000 0.99901628 0.99796128
1378247005 0.0000000 0.99962628 0.99920684
1378467231 0.0000000 0.99988919 0.99969655
1379475197 0.0000000 0.99984890 0.99963504
1380542719 0.0000000 0.99984902 0.99961865
1381466759 0.0000000 0.99978602 0.99949586
1381684855 0.0000000 0.99976176 0.99945313
1382170436 0.0000000 0.99397320 0.98757982
1382919848 0.0000000 0.99897939 0.99785417
1383069011 0.0000000 0.99883395 0.99761432
1383085061 0.0000000 0.99952137 0.99902350
1383227120 0.0000000 0.99981111 0.99953377
1383227831 0.0000000 0.99979955 0.99949414
1383234448 0.0000000 0.99990898 0.99972534
1383263545 0.0000000 0.99985898 0.99964792
1383450194 0.0000000 0.99992037 0.99976647
1383519374 0.0000000 0.99992543 0.99979150
1383809110 0.0000000 0.99990547 0.99973583
1383809501 0.0000000 0.99986917 0.99969918
1383989687 0.0000000 0.99969679 0.99928415
1384145710 0.0000000 0.99981022 0.99955475
1384544358 0.0000000 0.99990642 0.99974221
1385019362 0.0000000 0.99969190 0.99929994
1386347977 0.0000000 0.92591745 0.83077633
1386357780 0.0000000 0.99987930 0.99968839
1387916955 0.0000000 0.99978572 0.99946231
1389034180 0.0000000 0.99978524 0.99947530
1389204911 0.0000000 0.99985993 0.99969614
1389717867 0.0000000 0.99989998 0.99974191
1389724692 0.0000000 0.99990088 0.99970001
1389729005 0.0000000 0.99991238 0.99971879
1389740803 0.0000000 0.99950665 0.99890649
1389904819 0.0000000 0.99944508 0.99882239
1390517490 0.0000000 0.99962300 0.99918383
1390619771 0.0000000 0.99989134 0.99974489
1391790286 0.0000000 0.99981433 0.99955565
1393014317 0.0000000 0.99986535 0.99966031
1393065064 0.0000000 0.99965352 0.99926311
1393759985 0.0000000 0.99956501 0.99905872
1393791078 0.0000000 0.99986631 0.99966294
1394913876 0.0000000 0.99978691 0.99945664
1395061976 0.0000000 0.99989921 0.99974483
1395231566 0.0000000 0.99993378 0.99980086
1397097485 0.0000000 0.99980760 0.99951816
1397746253 0.0000000 0.99983585 0.99959010
1398443585 0.0000000 0.99987555 0.99960876
1399207416 0.0000000 0.99985290 0.99957979
1399278483 0.0000000 0.99978387 0.99946845
1399745740 0.0000000 0.99972755 0.99936765
1399746271 0.0000000 0.99988455 0.99969244
1400631673 0.0000000 0.99993485 0.99971652
1401021673 0.0000000 0.99990040 0.99969298
1401296286 0.0000000 0.99886042 0.99751556
1402085900 0.0000000 0.99939978 0.99872112
1402313583 0.0000000 0.99881011 0.99749798
1402624068 0.0000000 0.99621552 0.99211591
1402784563 0.0000000 0.99992228 0.99975902
1403034553 0.0000000 0.99972820 0.99944252
1403317269 0.0000000 0.99978805 0.99951947
1403439974 0.0000000 0.99977577 0.99949282
1404774365 0.0000000 0.99989569 0.99971920
1404925818 0.0000000 0.99988240 0.99964637
1405577514 0.0000000 0.99987793 0.99965394
1407544588 0.0000000 0.90654176 0.77186954
1408047770 0.0000000 0.99892330 0.99774075
1410046387 0.0000000 0.99984324 0.99961996
1410325949 0.0000000 0.99988252 0.99971640
1410382444 0.0000000 0.99926019 0.99842805
1411247643 0.0000000 0.99986005 0.99967593
1411641303 0.0000000 0.99990183 0.99969482
1412009058 0.0000000 0.99458283 0.98881477
1412705290 0.0000000 0.99989468 0.99974710
1413207959 0.0000000 0.87845111 0.71034420
1414298821 0.0000000 0.99967206 0.99932414
1416419181 0.0000000 0.99989700 0.99976784
1416419227 0.0000000 0.99990553 0.99977428
1416540553 0.0000000 0.99939787 0.99867606
1417557685 0.0000000 0.99989390 0.99964583
1417655668 0.0000000 0.99964809 0.99924535
1418245419 0.0000000 0.99990237 0.99969149
1418533563 0.0000000 0.99883187 0.99755228
1419682925 0.0000000 0.99934953 0.99861556
1419947441 0.0000000 0.99884188 0.99764574
1419995164 0.0000000 0.99978608 0.99951530
1420012476 0.0000000 0.99981672 0.99956787
1420437226 0.0000000 0.99978918 0.99953091
1420606112 0.0000000 0.99978250 0.99951464
1420742654 0.0000000 0.96320212 0.92093825
1421435535 0.0000000 0.99988669 0.99959821
1421639313 0.0000000 0.99963486 0.99916214
1422083726 0.0000000 0.99962813 0.99912071
1422374758 0.0000000 0.99803334 0.99591702
1422958210 0.0000000 0.99839699 0.99669617
1423037687 0.0000000 0.99980313 0.99954343
1423603888 0.0000000 0.80026203 0.37081254
1423726535 0.0000000 0.99979973 0.99955207
1423857991 0.0000000 0.99990726 0.99969614
1424969403 0.0000000 0.99979550 0.99952012
1426114954 0.0000000 0.99968231 0.99924523
1426344314 0.0000000 0.99973184 0.99945438
1426852891 0.0000000 0.99968958 0.99931115
1427105631 0.0000000 0.99989837 0.99969870
1427483378 0.0000000 0.99850136 0.99682456
1428208678 0.0000000 0.99959373 0.99912113
1428320250 0.0000000 0.99985594 0.99966651
1428945237 0.0000000 0.99987251 0.99971896
1429127316 0.0000000 0.99913508 0.99802798
1429494176 0.0000000 0.99991030 0.99975759
1429494550 0.0000000 0.99989486 0.99974293
1429528847 0.0000000 0.99994117 0.99974674
1429530313 0.0000000 0.99990839 0.99971741
1429531199 0.0000000 0.99990863 0.99976611
1429992097 0.0000000 0.99992120 0.99979025
1430658547 0.0000000 0.99987859 0.99969500
1431333501 0.0000000 0.99987936 0.99970645
1431387795 0.0000000 0.99989897 0.99975598
1431628549 0.0000000 0.99975908 0.99945927
1432588969 0.0000000 0.99982113 0.99951369
1432601816 0.0000000 0.99991202 0.99975967
1432799863 0.0000000 0.99988610 0.99971151
1434467768 0.0000000 0.77136129 0.49563700
1434867330 5.00000007E-02 0.69383013 0.27143890
1435335400 0.0000000 0.79370463 0.54799700
1438066750 0.0000000 0.99982625 0.99960667
1438936857 0.0000000 0.99932778 0.99857479
1439209234 0.0000000 0.85985970 0.65347958
1439418087 0.0000000 0.97370464 0.94490916
1439474882 0.0000000 0.99989522 0.99973565
1439699200 0.0000000 0.91860789 0.81266141
1441113885 0.0000000 0.99991852 0.99965024
1441128847 0.0000000 0.99989635 0.99975199
1441160293 0.0000000 0.99983633 0.99960935
1441898607 0.0000000 0.99985176 0.99970418
1442339782 0.0000000 0.99983311 0.99966514
1442345855 0.0000000 0.99984258 0.99967629
1442345878 0.0000000 0.99988067 0.99972272
1442408939 0.0000000 0.99990976 0.99980307
1442410226 0.0000000 0.99985212 0.99967843
1442413798 0.0000000 0.99982285 0.99960881
1443074281 0.0000000 0.99931157 0.99852908
1443555465 0.0000000 0.99990028 0.99972683
1444648487 0.0000000 0.99987793 0.99965954
1444736944 0.0000000 0.99991173 0.99972212
1444953165 0.0000000 0.99981129 0.99961483
1444953267 0.0000000 0.99975550 0.99951172
1445014914 0.0000000 0.99966526 0.99924809
1445221055 0.0000000 0.99988681 0.99972391
1445233331 0.0000000 0.99991643 0.99979657
1445239215 0.0000000 0.99991560 0.99978489
1446412182 0.0000000 0.99994099 0.99973583
1446412281 0.0000000 0.99986809 0.99964345
1446509184 0.0000000 0.99988055 0.99971914
1446509190 0.0000000 0.99988091 0.99971926
1446714386 0.0000000 0.99990559 0.99971068
1447167192 0.0000000 0.99979663 0.99956530
1447255999 0.0000000 0.99984187 0.99963033
1447277516 0.0000000 0.99958974 0.99910361
1448316095 0.0000000 0.97862566 0.95520967
1448671943 0.0000000 0.99984801 0.99962264
1449033717 0.0000000 0.99984097 0.99960166
1449035580 0.0000000 0.99974656 0.99938494
1449153073 0.0000000 0.99991685 0.99975967
1449935242 0.0000000 0.99986255 0.99963105
1450510821 0.0000000 0.91931516 0.81537193
1450536811 0.0000000 0.99173701 0.98268694
1450992022 0.0000000 0.99981022 0.99949127
1451199638 0.0000000 0.99967039 0.99929112
1451327726 0.0000000 0.99976289 0.99946773
1451523194 0.0000000 0.98441494 0.96768647
1451829690 0.0000000 0.99982852 0.99958456
1451928000 0.0000000 0.99469262 0.98892730
1452487977 0.0000000 0.99990743 0.99970043
1453169606 0.0000000 0.99991870 0.99974644
1453824336 0.0000000 0.99480671 0.98905903
1454422761 0.0000000 0.99992001 0.99974549
1454702246 0.0000000 0.99993777 0.99973631
1454702308 0.0000000 0.99992049 0.99969894
1454702406 0.0000000 0.99992150 0.99976963
1454702512 0.0000000 0.99988252 0.99968392
1454978820 0.0000000 0.99992841 0.99975675
1455590759 0.0000000 0.99984831 0.99957669
1455595494 0.0000000 0.99991739 0.99972248
1455757779 0.0000000 0.99991280 0.99973547
1455758311 0.0000000 0.99990946 0.99976039
1456215987 0.0000000 0.99987322 0.99967670
1456541993 0.0000000 0.99897707 0.99784219
1457201466 0.0000000 0.99962544 0.99923503
1457276938 0.0000000 0.99939138 0.99872929
1459152479 0.0000000 0.99956280 0.99899769
1459502085 0.0000000 0.99784714 0.99551451
1459988008 0.0000000 0.99907053 0.99803561
1460294506 0.0000000 0.99945259 0.99877304
1460353509 0.0000000 0.99988025 0.99964166
1460804146 0.0000000 0.99985152 0.99960524
1461082597 0.0000000 0.99981517 0.99955291
1461607991 0.0000000 0.99940348 0.99862957
1461770234 0.0000000 0.99976802 0.99949580
1461770257 0.0000000 0.99991542 0.99975723
1461770858 0.0000000 0.99980950 0.99955684
1461781146 0.0000000 0.99991786 0.99972874
1461806086 0.0000000 0.99971318 0.99934298
1462056417 0.0000000 0.99964529 0.99926662
1462199340 0.0000000 0.99976248 0.99949932
1462521203 0.0000000 0.99990225 0.99972260
1462632669 0.0000000 0.99979025 0.99953890
1462675593 0.0000000 0.99991184 0.99975008
1463023035 0.0000000 0.99989474 0.99974859
1463023251 0.0000000 0.99980944 0.99959093
1463023282 0.0000000 0.99979311 0.99957073
1463027395 0.0000000 0.99982852 0.99959725
1463127852 0.0000000 0.99984992 0.99966174
1463195522 0.0000000 0.99987590 0.99961972
1463196768 0.0000000 0.99982858 0.99961132
1463530965 0.0000000 0.99986231 0.99961573
1463863900 0.0000000 0.99989057 0.99967146
1463882779 0.0000000 0.99977380 0.99941278
1464184475 0.0000000 0.99126422 0.98188210
1464544116 0.0000000 0.99961185 0.99910134
1464576767 0.0000000 0.99986613 0.99965024
1464630651 0.0000000 0.99985808 0.99966896
1464672226 0.0000000 0.99989021 0.99970907
1466204142 0.0000000 0.99964541 0.99921000
1466383187 0.0000000 0.99984616 0.99959511
1466409210 0.0000000 0.99959880 0.99909496
1466715930 0.0000000 0.99987292 0.99969077
1467361422 0.0000000 0.99988109 0.99970710
1469019333 0.0000000 0.99982065 0.99958956
1469592155 0.0000000 0.99990195 0.99972719
1471008941 0.0000000 0.99934852 0.99862558
1471908408 0.0000000 0.99971724 0.99935102
1472660934 0.0000000 0.99972874 0.99940753
1473440050 0.0000000 0.99869293 0.99724489
1475055492 0.0000000 0.99986279 0.99968898
1475769120 0.0000000 0.99995327 0.99977338
1477370752 0.0000000 0.99991882 0.99973172
1478519786 0.0000000 0.99990529 0.99970531
1478903131 0.0000000 0.99987686 0.99968457
1480377579 0.0000000 0.99904180 0.99794757
1480507474 0.0000000 0.99990135 0.99970275
1481256588 0.0000000 0.99981058 0.99956852
1481811269 0.0000000 0.99994028 0.99976999
1483057851 0.0000000 0.99975252 0.99947083
1483513641 0.0000000 0.99982864 0.99958068
1484155863 0.0000000 0.99956846 0.99905598
1484797338 0.0000000 0.98351717 0.96563947
1484900187 0.0000000 0.99979228 0.99950957
1485329586 0.0000000 0.99977076 0.99947089
1486746772 0.0000000 0.99992120 0.99977922
1487420859 0.0000000 0.99967241 0.99926692
1487652197 0.0000000 0.99837840 0.99667555
1488212310 0.0000000 0.99983186 0.99962085
1488924651 0.0000000 0.99981302 0.99958009
1489967289 0.0000000 0.99974328 0.99945122
1490066029 0.0000000 0.88120067 0.71314049
1490805242 0.0000000 0.99879611 0.99750340
1492112471 0.0000000 0.99981070 0.99958241
1492367656 0.0000000 0.99965948 0.99921864
1493517442 0.0000000 0.99988461 0.99970132
1493960850 0.0000000 0.99983591 0.99957955
1493986611 0.0000000 0.87955278 0.68450040
1494889974 0.0000000 0.99993211 0.99980295
1494932580 0.0000000 0.99978167 0.99949771
1495631454 0.0000000 0.99990863 0.99973011
1495691291 0.0000000 0.99981004 0.99953651
1495956669 0.0000000 0.99901116 0.99800009
1495999757 0.0000000 0.99991244 0.99974567
1496582686 0.0000000 0.99982858 0.99961442
1497967350 0.0000000 0.86339313 0.65617752
1498029939 0.0000000 0.99983472 0.99960035
1500318986 0.0000000 0.99982625 0.99962538
1501139292 0.0000000 0.99921262 0.99828321
1501845585 0.0000000 0.99988854 0.99974155
1502294736 0.0000000 0.99986762 0.99966651
1502416734 0.0000000 0.99992460 0.99975568
1502582915 0.0000000 0.99963754 0.99922192
1504364658 0.0000000 0.99918985 0.99827152
1505096741 0.0000000 0.99970949 0.99935710
1505687994 0.0000000 0.99985182 0.99964142
1505917796 0.0000000 0.99994820 0.99981040
1506232185 0.0000000 0.99987519 0.99969387
1506549399 0.0000000 0.99890429 0.99773729
1507505391 0.0000000 0.99952888 0.99896330
1507747520 0.0000000 0.99970555 0.99935699
1508582157 0.0000000 0.99948299 0.99884838
1509318944 0.0000000 0.99993563 0.99983162
1509677295 0.0000000 0.99991083 0.99974900
1509677339 0.0000000 0.99990946 0.99974674
1509752088 0.0000000 0.99987453 0.99966186
1510398879 0.0000000 0.99973816 0.99939364
1510402973 0.0000000 0.99992543 0.99977821
1510440860 0.0000000 0.99960250 0.99914944
1510947032 0.0000000 0.99971867 0.99933416
1511360409 0.0000000 0.99992263 0.99975139
1511470532 0.0000000 0.99988753 0.99968570
1512230735 0.0000000 0.99924928 0.99842614
1512377977 0.0000000 0.99942088 0.99873137
1512704669 0.0000000 0.99985915 0.99963814
1513120660 0.0000000 0.99985147 0.99966842
1516168751 0.0000000 0.99978185 0.99948198
1516984288 0.0000000 0.99949193 0.99888748
1517686257 0.0000000 0.99978375 0.99946034
1517749972 0.0000000 0.99979359 0.99953520
1517752600 0.0000000 0.99978709 0.99946594
1517752662 0.0000000 0.99977469 0.99935389
1517753127 0.0000000 0.99972349 0.99927711
1517753452 0.0000000 0.99983084 0.99957532
1517753522 0.0000000 0.99983799 0.99959987
1517753592 0.0000000 0.99984318 0.99960971
1517753815 0.0000000 0.99982476 0.99958861
1517758427 0.0000000 0.99982691 0.99950600
1517763262 0.0000000 0.99967903 0.99933547
1517821602 0.0000000 0.99989849 0.99969220
1517823894 0.0000000 0.99992651 0.99969566
1517846321 0.0000000 0.99985379 0.99952239
1517852233 0.0000000 0.99979401 0.99947709
1517969882 0.0000000 0.99994212 0.99972886
1517974578 0.0000000 0.99993247 0.99969321
1517998787 0.0000000 0.99955624 0.99907285
1518001985 0.0000000 0.99994302 0.99975878
1518008800 0.0000000 0.99993831 0.99971896
1518008880 0.0000000 0.99991035 0.99968910
1518013159 0.0000000 0.99993849 0.99978566
1518016890 0.0000000 0.98313725 0.96168554
1518016916 0.0000000 0.99987084 0.99962658
1518051257 0.0000000 0.99987799 0.99969661
1518059164 0.0000000 0.99988157 0.99969822
1518142443 0.0000000 0.99987411 0.99972266
1518201789 0.0000000 0.99993628 0.99977785
1518248929 0.0000000 0.99981451 0.99954641
1518858396 0.0000000 0.99918962 0.99827909
1518981709 0.0000000 0.99977827 0.99944466
1519051621 0.0000000 0.99976856 0.99948907
1519254641 0.0000000 0.99989128 0.99968386
1519583320 0.0000000 0.99980116 0.99957055
1519962147 0.0000000 0.99983871 0.99963409
1520098551 0.0000000 0.99983436 0.99951088
1520329330 0.0000000 0.99973875 0.99943137
1521024527 0.0000000 0.99989444 0.99968743
1521537776 0.0000000 0.99993050 0.99977475
1521728871 0.0000000 0.99985284 0.99964505
1522232997 0.0000000 0.99982262 0.99958897
1522282670 0.0000000 0.99985737 0.99963814
1522598524 0.0000000 0.99977255 0.99943554
1523432369 0.0000000 0.99834782 0.99652970
1523886539 0.0000000 0.99977636 0.99943322
1524201906 0.0000000 0.99974543 0.99941331
1524248877 0.0000000 0.99879158 0.99752963
1524308214 0.0000000 0.99971879 0.99933177
1524503432 0.0000000 0.99989957 0.99973851
1524721460 0.0000000 0.99889231 0.99767160
1524721601 0.0000000 0.99785137 0.99555916
1524808553 0.0000000 0.99847454 0.99684304
1525218424 0.0000000 0.99993014 0.99983311
1526098666 0.0000000 0.99987513 0.99964410
1527728598 0.0000000 0.99970371 0.99933529
1527904870 0.0000000 0.99984282 0.99961662
1528731725 0.0000000 0.99993551 0.99979341
1528750347 0.0000000 0.99994838 0.99980086
1528856173 0.0000000 0.99516392 0.98990202
1529096035 0.0000000 0.99985307 0.99966955
1529334375 0.0000000 0.99953675 0.99900717
1529522338 0.0000000 0.99984962 0.99966258
1530516370 0.0000000 0.99984235 0.99959522
1530516385 0.0000000 0.99984044 0.99959105
1530609654 0.0000000 0.99986005 0.99966335
1531312909 0.0000000 0.99923313 0.99837476
1531507119 0.0000000 0.99982268 0.99957347
1532050755 0.0000000 0.99944252 0.99880046
1533217098 0.0000000 0.99994308 0.99981910
1533504622 0.0000000 0.99944770 0.99881685
1533801692 0.0000000 0.99638146 0.99260241
1534500582 0.0000000 0.99988753 0.99972957
1534551317 0.0000000 0.99986500 0.99964708
1535572403 0.0000000 0.99981022 0.99958837
1535660064 0.0000000 0.99968040 0.99930662
1536498994 0.0000000 0.99981016 0.99951595
1536641006 0.0000000 0.99984491 0.99966621
1536700815 0.0000000 0.99981481 0.99959755
1538633849 0.0000000 0.99723303 0.99433011
1538766649 0.0000000 0.96386743 0.92287457
1539072778 0.0000000 0.99975389 0.99938679
1539164591 0.0000000 0.99987459 0.99970502
1540269298 0.0000000 0.99988765 0.99975330
1540310644 0.0000000 0.99992031 0.99978268
1541624711 0.0000000 0.99985635 0.99965054
1541712486 0.0000000 0.99966305 0.99924350
1542328459 0.0000000 0.99975455 0.99940175
1542608341 0.0000000 0.99991089 0.99977034
1542638415 0.0000000 0.99982029 0.99962676
1542645094 0.0000000 0.99975252 0.99946171
1543190243 0.0000000 0.99989909 0.99974620
1543191316 0.0000000 0.99712187 0.99397254
1543236658 0.0000000 0.99920750 0.99832499
1543238642 0.0000000 0.99602252 0.99185157
1543314575 0.0000000 0.99902183 0.99796027
1544368541 0.0000000 0.99980038 0.99944919
1544439487 0.0000000 0.99975151 0.99942285
1544621063 0.0000000 0.99986124 0.99962974
1544908865 0.0000000 0.99989134 0.99964511
1545710204 0.0000000 0.99834728 0.99652517
1546538568 0.0000000 0.99980491 0.99956083
1546949806 0.0000000 0.99991173 0.99974585
1548127166 0.0000000 0.99981451 0.99952543
1548825695 0.0000000 0.99987972 0.99965423
1548861293 0.0000000 0.99975139 0.99944091
1549366351 0.0000000 0.99974370 0.99944669
1549558324 0.0000000 0.99990171 0.99970657
1550239687 0.0000000 0.99984550 0.99961621
1551558867 0.0000000 0.98444611 0.96757948
1552012334 0.0000000 0.99990511 0.99972445
1552127531 0.0000000 0.99746656 0.99477398
1552421955 0.0000000 0.99984407 0.99962014
1552451554 0.0000000 0.99985969 0.99968606
1552511242 0.0000000 0.99981725 0.99954683
1552697151 0.0000000 0.99982995 0.99954295
1552968094 0.0000000 0.99979430 0.99954289
1553256348 0.0000000 0.99970931 0.99938005
1553414210 0.0000000 0.99954307 0.99902701
1554087275 0.0000000 0.99981356 0.99957097
1554172029 0.0000000 0.98932183 0.97797900
1554256375 0.0000000 0.99991280 0.99971271
1554343015 0.0000000 0.99992079 0.99973714
1554382610 0.0000000 0.99987608 0.99966329
1554499495 0.0000000 0.99898481 0.99783504
1554706689 0.0000000 0.99957526 0.99900311
1554822801 0.0000000 0.99986106 0.99958402
1554841453 0.0000000 0.99987710 0.99958801
1554850672 0.0000000 0.99981993 0.99949837
1555563667 0.0000000 0.99929607 0.99851835
1556793883 0.0000000 0.99985200 0.99967974
1556970683 0.0000000 0.99318331 0.98593974
1557330527 0.0000000 0.99981689 0.99956769
1557737721 0.0000000 0.99981570 0.99957180
1558197514 0.0000000 0.99989462 0.99972683
1558379328 0.0000000 0.99829882 0.99651730
1558489044 0.0000000 0.99980396 0.99943721
1558591969 0.0000000 0.99986863 0.99963701
1559317998 0.0000000 0.99983364 0.99956387
1559641578 0.0000000 0.99992490 0.99975413
1559762840 0.0000000 0.99992138 0.99979424
1560870606 0.0000000 0.91738540 0.80473077
1561237205 0.0000000 0.99968249 0.99929893
1561242160 0.0000000 0.99967402 0.99927634
1561825206 0.0000000 0.99972445 0.99937630
1561837452 0.0000000 0.99988866 0.99968660
1562610935 0.0000000 0.99986905 0.99969482
1562880116 0.0000000 0.99991226 0.99978048
1563275550 0.0000000 0.99977148 0.99939305
1563531230 0.0000000 0.99962449 0.99911445
1563768365 0.0000000 0.99332702 0.98621255
1563850922 0.0000000 0.99942869 0.99875784
1564123196 0.0000000 0.99982715 0.99962562
1564190683 0.0000000 0.99991667 0.99975556
1564649429 0.0000000 0.99683601 0.99350065
1564753988 0.0000000 0.99990964 0.99974054
1564784683 0.0000000 0.99992746 0.99974346
1565054388 0.0000000 0.99994689 0.99983114
1565055090 0.0000000 0.99992275 0.99976432
1565213283 0.0000000 0.99987537 0.99968672
1565218942 0.0000000 0.99975777 0.99941349
1565905300 0.0000000 0.99974120 0.99943417
1566053525 0.0000000 0.99987775 0.99966890
1566053530 0.0000000 0.99987853 0.99966896
1566074882 0.0000000 0.99839407 0.99663305
1566101114 0.0000000 0.99989825 0.99971002
1566598377 0.0000000 0.90886009 0.78451723
1566648618 0.0000000 0.99811924 0.99615377
1567237819 0.0000000 0.99965376 0.99924660
1567471650 0.0000000 0.99987894 0.99968475
1567604000 0.0000000 0.99974811 0.99942333
1567917359 0.0000000 0.99980646 0.99958456
1568005668 0.0000000 0.99967694 0.99922341
1568095682 0.0000000 0.99995053 0.99978495
1569863578 0.0000000 0.99813229 0.99615777
1570468626 0.0000000 0.99984944 0.99963373
1571312673 0.0000000 0.99991518 0.99972719
1571861758 0.0000000 0.99782503 0.99556708
1572218883 0.0000000 0.99975789 0.99950457
1573491297 0.0000000 0.99783909 0.99539763
1573495893 0.0000000 0.99943459 0.99880236
1574645562 0.0000000 0.99991482 0.99974442
1575564604 0.0000000 0.98293561 0.96429062
1575660753 0.0000000 0.99981302 0.99959224
1576495557 0.0000000 0.99981666 0.99958682
1577769501 0.0000000 0.96237016 0.91748101
1577819410 0.0000000 0.99986345 0.99965435
1578293635 0.0000000 0.99984384 0.99961907
1578510402 0.0000000 0.99982995 0.99960083
1579404154 0.0000000 0.99867946 0.99725956
1579703564 0.0000000 0.99974829 0.99941707
1580749376 0.0000000 0.99985838 0.99967408
1581076659 0.0000000 0.99971884 0.99938613
1581616159 0.0000000 0.99975562 0.99948108
1581629921 0.0000000 0.99944401 0.99878418
1581764406 0.0000000 0.99988300 0.99968308
1581764700 0.0000000 0.99991781 0.99973726
1581794413 0.0000000 0.99987876 0.99964648
1582090065 0.0000000 0.99989146 0.99966931
1582113307 0.0000000 0.99985260 0.99964309
1582546233 0.0000000 0.99982858 0.99962425
1582592414 0.0000000 0.99971622 0.99934590
1582629242 0.0000000 0.99982905 0.99962813
1582695255 0.0000000 0.99986875 0.99968129
1584677477 0.0000000 0.99969876 0.99932998
1585787701 0.0000000 0.85662490 0.64895260
1586304460 0.0000000 0.99963385 0.99916905
1586389759 0.0000000 0.99980277 0.99952501
1586537097 0.0000000 0.99987656 0.99967700
1586691401 0.0000000 0.99981940 0.99957430
1587481331 0.0000000 0.99983019 0.99956757
1588476280 0.0000000 0.99986130 0.99962676
1589003116 0.0000000 0.99968076 0.99924892
1589548020 0.0000000 0.99625427 0.99238545
1589756010 0.0000000 0.99981719 0.99954683
1589910785 0.0000000 0.98924124 0.97748208
1590311534 0.0000000 0.98213702 0.96267396
1590359490 0.0000000 0.99981338 0.99955696
1590694463 0.0000000 0.99985719 0.99962604
1590843750 0.0000000 0.99979568 0.99941456
1591494563 0.0000000 0.99953741 0.99892718
1591839506 0.0000000 0.99984467 0.99963319
1591921295 0.0000000 0.99984050 0.99943584
1592079539 0.0000000 0.99988931 0.99971431
1592349420 0.0000000 0.99978292 0.99949896
1593214064 0.0000000 0.99990326 0.99974716
1593241888 0.0000000 0.99980015 0.99954474
1593407313 0.0000000 0.99976963 0.99949265
1593435168 0.0000000 0.99981028 0.99957103
1593519432 0.0000000 0.99941468 0.99873286
1594227272 0.0000000 0.99949968 0.99890178
1594265063 0.0000000 0.99984878 0.99948663
1594267923 0.0000000 0.99988282 0.99962175
1594526768 0.0000000 0.99962312 0.99917907
1594546164 0.0000000 0.99412107 0.98784131
1595767949 0.0000000 0.99990684 0.99974984
1597107665 0.0000000 0.99975014 0.99945718
1597123796 0.0000000 0.99432319 0.98822880
1597187246 0.0000000 0.99978483 0.99949968
1597774608 0.0000000 0.99428350 0.98821723
1597797181 0.0000000 0.99899983 0.99785614
1597806811 0.0000000 0.99974620 0.99938381
1598480108 0.0000000 0.99977821 0.99947077
1598847265 0.0000000 0.99462152 0.98879021
1599036279 0.0000000 0.99956578 0.99900097
1600306672 0.0000000 0.99985981 0.99956322
1600646088 0.0000000 0.99907541 0.99801034
1600833602 0.0000000 0.99988693 0.99963361
1601017581 0.0000000 0.99984157 0.99959189
1601326254 0.0000000 0.99988085 0.99966180
1601342057 0.0000000 0.99956262 0.99903381
1601440640 0.0000000 0.99981135 0.99952132
1601863505 0.0000000 0.99411792 0.98778147
1602517184 0.0000000 0.99976152 0.99946040
1602946993 0.0000000 0.99981731 0.99953169
1602947159 0.0000000 0.99495912 0.98945147
1603087586 0.0000000 0.99435985 0.98838776
1603396062 0.0000000 0.67989832 -0.12993383
1603674483 0.0000000 0.99971849 0.99937731
1604358861 0.0000000 0.99987704 0.99968565
1604426346 0.0000000 0.99612880 0.99183464
1604601372 0.0000000 0.99989921 0.99967051
1604626818 0.0000000 0.99989581 0.99969023
1605130406 0.0000000 0.99976742 0.99940509
1605130534 0.0000000 0.99892080 0.99771565
1605266102 0.0000000 0.99817324 0.99610019
1605511152 0.0000000 0.99975383 0.99934906
1605551866 0.0000000 0.99722648 0.99425566
1605557664 0.0000000 0.99810869 0.99598467
1605621503 0.0000000 0.99961698 0.99913007
1605662576 0.0000000 0.99952602 0.99898189
1606582085 0.0000000 0.91244972 0.79775822
1606657334 0.0000000 0.99988794 0.99970055
1607578178 0.0000000 0.99989641 0.99969536
1607606398 0.0000000 0.99983519 0.99963009
1607606851 0.0000000 0.99968576 0.99925804
1607624108 0.0000000 0.99980754 0.99956119
1608317519 0.0000000 0.98830849 0.97547120
1608385359 0.0000000 0.91694009 0.81055236
1609436522 0.0000000 0.99963605 0.99921161
1609594007 0.0000000 0.99987161 0.99966800
1610162996 0.0000000 0.83424425 0.55829954
1610192153 0.0000000 0.99982941 0.99957347
1610249009 0.0000000 0.99989200 0.99967724
1610838659 0.0000000 0.99990338 0.99967581
1611559538 0.0000000 0.99980974 0.99951088
1611565557 0.0000000 0.99959219 0.99908692
1611574763 0.0000000 0.99961936 0.99922198
1611584686 0.0000000 0.97807449 0.95450634
1611818971 0.0000000 0.99974304 0.99934244
