836616425 0.0000000 0.92813319 0.83943522
837595616 0.0000000 0.99464643 0.98904997
837775762 0.0000000 0.97363305 0.94523895
837925917 0.0000000 0.97885799 0.95565784
838427199 0.0000000 0.99927658 0.99850857
838671653 0.0000000 0.99979687 0.99954450
838750993 0.0000000 0.99824739 0.99644476
841593341 0.0000000 0.99813521 0.99613243
841947167 0.0000000 0.97808814 0.95444351
841966927 0.0000000 0.99981248 0.99962258
841967337 0.0000000 0.86915451 0.68232620
841967424 0.0000000 0.75601256 0.30412537
841967717 0.0000000 0.56407887 -1.2121181
841969564 0.0000000 0.96103662 0.91808999
841973148 0.0000000 0.80075741 0.43384588
841975496 0.0000000 0.99139452 0.98255986
841976432 0.0000000 0.84087873 0.58346641
841976527 0.0000000 0.69656736 -0.12183201
841989993 0.0000000 0.67395097 -0.25169337
841990035 0.0000000 0.68305761 -0.19445777
841990674 0.0000000 0.69871300 -8.64958763E-03
841998277 0.0000000 0.80087185 0.43966407
842009672 0.0000000 0.98130351 0.96122271
842020651 0.0000000 0.49252698 -1.9620299
842035262 0.0000000 0.82613242 0.55284369
842036992 0.0000000 0.50158495 -1.9360096
842056074 0.0000000 0.90610480 0.77626675
842122037 0.0000000 0.57347506 -0.95047688
842211144 0.0000000 0.61541355 -0.57974267
842213633 0.0000000 0.90455186 0.76931739
842233958 0.0000000 0.99934793 0.99857700
842984365 0.0000000 0.51401645 -1.8220954
844156464 0.0000000 0.92726237 0.84290224
844853345 0.0000000 0.99099725 0.98172158
844879870 0.0000000 0.72487211 6.73569441E-02
846839283 0.0000000 0.93757212 0.86233127
848996543 0.0000000 0.99979502 0.99951172
849080713 0.0000000 0.98119950 0.96105874
850676186 0.0000000 0.99210978 0.98397011
850877408 0.0000000 0.92020011 0.82745373
850908023 0.0000000 0.96780032 0.93328345
851184320 0.0000000 0.97582263 0.94923937
851550736 0.0000000 0.99862421 0.99719828
851807286 0.0000000 0.99424297 0.98809135
852186702 0.0000000 0.80895096 0.48430008
852329204 0.0000000 0.49676758 -2.0545831
852460456 0.0000000 0.99982160 0.99956381
852489653 0.0000000 0.98892123 0.97725064
852515472 0.0000000 0.99585670 0.99155843
853272363 0.0000000 0.97605550 0.94908679
853376840 0.0000000 0.98151124 0.96178675
853407944 0.0000000 0.57864904 -0.93482399
853607627 0.0000000 0.99951279 0.99892849
853739580 0.0000000 0.99709839 0.99394703
854306280 0.0000000 0.99883968 0.99760520
855524541 0.0000000 0.85361552 0.61582899
855593408 0.0000000 0.96099430 0.91706330
855822594 0.0000000 0.96087915 0.91630876
857058283 0.0000000 0.99930841 0.99857199
857344712 0.0000000 0.93511730 0.85458630
857979217 0.0000000 0.99810421 0.99598044
858004916 0.0000000 0.99156702 0.98231471
872088689 0.0000000 0.77235228 0.35127199
872425059 0.0000000 0.80480492 0.47948265
872437680 0.0000000 0.46669528 -2.7532146
872449116 0.0000000 0.85404938 0.65698826
872491072 0.0000000 0.33488205 -6.3266716
872492263 0.0000000 0.53746921 -1.1983221
892980386 0.0000000 0.99862164 0.99710256
893747340 0.0000000 0.99555367 0.99086773
894067552 0.0000000 0.41826910 -3.3580809
894087462 0.0000000 0.99684036 0.99355739
894238216 0.0000000 0.99862981 0.99703747
894747219 0.0000000 0.99920702 0.99813551
895825584 0.0000000 0.91658390 0.80775160
905363640 0.0000000 0.93201786 0.84580028
905409966 0.0000000 0.78214329 0.34494019
905583188 0.0000000 0.95580447 0.90275645
905664888 0.0000000 0.99864250 0.99695426
905697214 0.0000000 0.90330607 0.76635951
905921771 0.0000000 0.94222999 0.87087852
906395377 0.0000000 0.99425524 0.98788244
906915742 0.0000000 0.97969931 0.95622694
906973039 0.0000000 0.61574394 -0.74968445
907937571 0.0000000 0.97969157 0.95661849
908081794 0.0000000 0.99404144 0.98756200
908297657 0.0000000 0.45801508 -3.2383046
908665869 -26.550001 1.86126474E-02 0.0000000
910076797 -67.200005 2.05029082E-02 0.0000000
911341652 -67.800003 2.20418647E-02 0.0000000
911471402 -19.350000 1.74634568E-02 0.0000000
912019233 280.85001 2.42280215E-02 0.0000000
912118339 246.45000 1.86525509E-02 0.0000000
912320478 -10.000000 2.41499990E-02 0.0000000
913597143 -18.500000 2.38155313E-02 0.0000000
914291346 267.85001 2.17805207E-02 0.0000000
914495847 -24.050001 8.74190126E-03 0.0000000
916122256 -28.500000 1.69649478E-02 0.0000000
918942477 -35.900002 1.62093844E-02 0.0000000
919479225 -77.450005 2.49561965E-02 0.0000000
919691338 253.70000 2.40843594E-02 0.0000000
920174684 -16.650000 1.56556424E-02 0.0000000
920668347 -45.750000 2.44133547E-02 0.0000000
922458849 244.75000 1.56957991E-02 0.0000000
925451079 0.0000000 0.98304355 0.96362048
925706822 0.0000000 0.52514166 -2.0417893
925998383 0.0000000 0.75402707 0.18172836
926039004 0.0000000 0.99947011 0.99864721
926607950 0.0000000 0.95909017 0.90953821
926999002 0.0000000 0.96633011 0.92808902
927655854 0.0000000 0.65719372 -0.34980536
928199401 0.0000000 0.99796772 0.99568897
928426302 0.0000000 0.99979353 0.99928916
928999079 0.0000000 0.99881947 0.99738777
929863441 -70.250000 2.13789493E-02 0.0000000
930302321 -123.55000 1.59675721E-02 0.0000000
930322043 -100.00000 1.63885299E-02 0.0000000
931355593 -66.050003 1.66837871E-02 0.0000000
931356389 -70.150002 2.56193615E-02 0.0000000
931484211 -66.700005 2.02941541E-02 0.0000000
931653898 -68.750000 2.14537866E-02 0.0000000
931724710 -51.799999 1.50025003E-02 0.0000000
986938306 0.0000000 0.99933112 0.99814296
988100797 0.0000000 0.99951184 0.99870527
988336953 0.0000000 0.99926442 0.99823171
989765823 0.0000000 0.99932033 0.99819547
990117114 0.0000000 0.99318171 0.98637384
990630314 0.0000000 0.99935007 0.99833214
991455252 0.0000000 0.99899036 0.99794531
991634551 0.0000000 0.99782532 0.99561602
991995645 0.0000000 0.64679122 -0.39894104
992208377 0.0000000 0.99857104 0.99694383
992209870 0.0000000 0.99911296 0.99805665
992438274 0.0000000 0.99947619 0.99886429
992486125 0.0000000 0.99920815 0.99839640
992592933 0.0000000 0.99822390 0.99641299
992927775 0.0000000 0.99934691 0.99855775
992929419 0.0000000 0.99918365 0.99827999
993581187 0.0000000 0.99757141 0.99506259
993854508 0.0000000 0.99947482 0.99881738
993874057 0.0000000 0.99878454 0.99732953
994007634 0.0000000 0.99891162 0.99780560
994692047 0.0000000 0.99888116 0.99772793
995024004 0.0000000 0.99922502 0.99839371
995162867 0.0000000 0.99824160 0.99644417
995890516 0.0000000 0.99879497 0.99751842
996113981 0.0000000 0.99939519 0.99878138
997156421 0.0000000 0.97495735 0.94744080
998326679 0.0000000 0.99915493 0.99807853
999257596 0.0000000 0.99963140 0.99756765
1000062111 0.0000000 0.99903035 0.99709404
1000197538 0.0000000 0.99937820 0.99862111
1000766684 0.0000000 0.99916148 0.99774188
1001410293 0.0000000 0.99905580 0.99700022
1001954970 0.0000000 0.99968892 0.99874330
1004092959 0.0000000 0.99910712 0.99701738
1004454253 0.0000000 0.99948728 0.99770582
1004863535 0.0000000 0.99951136 0.99815726
1005352632 0.0000000 0.99952441 0.99765033
1006580783 0.0000000 0.99937898 0.99678189
1007019252 0.0000000 0.99935710 0.99662071
1007572713 0.0000000 0.98386186 0.96207881
1007712455 0.0000000 0.99926531 0.99664158
1007972664 0.0000000 0.99914432 0.99699211
1008464695 0.0000000 0.99945086 0.99715352
1008648180 0.0000000 0.99938977 0.99668801
1008649429 0.0000000 0.99947113 0.99653012
1008650819 0.0000000 0.99934512 0.99650389
1008651467 0.0000000 0.99925733 0.99683946
1008652414 0.0000000 0.99953276 0.99675506
1008671685 0.0000000 0.99924099 0.99688452
1008686668 0.0000000 0.99917299 0.99636233
1008715277 0.0000000 0.99937391 0.99665624
1008786983 0.0000000 0.99939138 0.99688405
1008836107 0.0000000 0.99943638 0.99648446
1008890954 0.0000000 0.99934995 0.99620390
1009057225 0.0000000 0.99945438 0.99630034
1009168145 0.0000000 0.99915338 0.99586207
1009442091 0.0000000 0.99885523 0.99534780
1009500099 0.0000000 0.99953097 0.99707383
1010371507 0.0000000 0.99903005 0.99579006
1010509239 0.0000000 0.99957955 0.99623114
1011026056 0.0000000 0.99937701 0.99695003
1011031830 0.0000000 0.99938875 0.99607110
1011063499 0.0000000 0.99926460 0.99632478
1011682027 0.0000000 0.99542844 0.98830414
1012271064 0.0000000 0.99885947 0.99488807
1012580587 0.0000000 0.99944073 0.99591464
1013484445 0.0000000 0.99928230 0.99687183
1013485377 0.0000000 0.99919069 0.99661964
1013486436 0.0000000 0.99940795 0.99645734
1014927282 0.0000000 0.99891800 0.99443161
1014972465 0.0000000 0.99887300 0.99405259
1015232666 0.0000000 0.99927175 0.99587315
1016105151 0.0000000 0.99910295 0.99569917
1016468323 0.0000000 0.99953115 0.99556291
1017159906 0.0000000 0.99855465 0.99498463
1017557569 0.0000000 0.94479352 0.73094207
1017557822 0.0000000 0.99955076 0.99542916
1017594576 0.0000000 0.99918467 0.99451160
1017816456 0.0000000 0.99944329 0.99587214
1017857170 0.0000000 0.99966669 0.99519598
1017925489 0.0000000 0.99967694 0.99603570
1018065946 0.0000000 0.99897009 0.99387312
1018137582 0.0000000 0.99888128 0.99338681
1018221645 0.0000000 0.99962211 0.99540317
1018414606 0.0000000 0.99950767 0.99597484
1018800484 0.0000000 0.99944752 0.99484712
1018898180 0.0000000 0.99028844 0.97279775
1019054808 0.0000000 0.99940473 0.99449664
1019292480 0.0000000 0.99885535 0.99330735
1019488470 0.0000000 0.99964046 0.99547333
1019673665 0.0000000 0.98115480 0.95296836
1020000226 0.0000000 0.99949515 0.99349785
1021004232 0.0000000 0.99928617 0.99449289
1021024958 0.0000000 0.73448581 1.35487914E-02
1021028934 0.0000000 0.99885112 0.99230701
1021434365 0.0000000 0.99961102 0.99323928
1021434812 0.0000000 0.99952465 0.99421245
1021435155 0.0000000 0.99922341 0.99363333
1021437004 0.0000000 0.99947906 0.99301821
1021437761 0.0000000 0.99966902 0.99540019
1021888184 0.0000000 0.99948865 0.99276084
1022604314 0.0000000 0.99957281 0.99204898
1022741620 0.0000000 0.99948686 0.99841630
1022779647 0.0000000 0.99867243 0.99644130
1024000827 0.0000000 0.99956971 0.99784911
1024039343 0.0000000 0.99872291 0.99576485
1024059173 0.0000000 0.99892485 0.99675125
1024224102 0.0000000 0.99919707 0.99760860
1024232773 0.0000000 0.99929500 0.99777180
1024881141 0.0000000 0.99952716 0.99835610
1026036068 0.0000000 0.99897617 0.99680352
1026372982 0.0000000 0.99943793 0.99821067
1026373076 0.0000000 0.99945432 0.99816787
1026374005 0.0000000 0.99946433 0.99801892
1026378668 0.0000000 0.99943650 0.99804616
1026562025 0.0000000 0.99939209 0.99798882
1026925041 0.0000000 0.99949771 0.99814898
1026933281 0.0000000 0.99931306 0.99813348
1026967951 0.0000000 0.99697465 0.99240190
1028885460 0.0000000 0.99939752 0.99747574
1028970195 0.0000000 0.99957860 0.99889868
1029367736 0.0000000 0.99929011 0.99714905
1030006163 0.0000000 0.99912006 0.99676853
1030375930 0.0000000 0.99939156 0.99741840
1030554334 0.0000000 0.99918407 0.99712330
1030628193 0.0000000 0.99910754 0.99661183
1030651553 0.0000000 0.99922609 0.99679750
1030859781 0.0000000 0.99943531 0.99787551
1030864055 0.0000000 0.99956840 0.99776274
1031310121 0.0000000 0.99953747 0.99742103
1031439572 0.0000000 0.99921489 0.99760389
1031647094 0.0000000 0.99947590 0.99772578
1032052013 0.0000000 0.99957901 0.99824083
1032134610 0.0000000 0.99965549 0.99817991
1032294371 0.0000000 0.99924088 0.99741673
1032315669 0.0000000 0.99503928 0.98900431
1032907402 0.0000000 0.99867833 0.99560034
1033103267 0.0000000 0.99928170 0.99676192
1033374913 0.0000000 0.99934822 0.99739558
1033690544 0.0000000 0.99884623 0.99624252
1033947513 0.0000000 0.99946392 0.99742186
1034070514 0.0000000 0.99885875 0.99680001
1034480608 0.0000000 0.99700630 0.99309695
1034923400 0.0000000 0.99951011 0.99879992
1034928298 0.0000000 0.99961728 0.99863595
1035149152 0.0000000 0.99968934 0.99892449
1035153178 0.0000000 0.99952161 0.99833226
1035197382 0.0000000 0.99646938 0.99239057
1035991040 0.0000000 0.99944872 0.99725705
1036098952 0.0000000 0.99680710 0.99255145
1036697273 0.0000000 0.99928790 0.99751264
1036697648 0.0000000 0.99941713 0.99827039
1036886824 0.0000000 0.99958265 0.99748558
1038324582 0.0000000 0.99946117 0.99840772
1038746116 0.0000000 0.99939591 0.99827456
1039232712 0.0000000 0.99817657 0.99576271
1039743025 0.0000000 0.99895442 0.99694711
1040450954 0.0000000 0.99749357 0.99443746
1040520314 0.0000000 0.99793667 0.99538344
1040644457 0.0000000 0.99913573 0.99762076
1040799690 0.0000000 0.99949521 0.99860138
1041632855 0.0000000 0.99951541 0.99845523
1042809813 0.0000000 0.99907327 0.99773681
1043607562 0.0000000 0.99882525 0.99705780
1044768063 0.0000000 0.99902856 0.99714410
1044817061 0.0000000 0.99934030 0.99828482
1045633623 0.0000000 0.99907434 0.99757463
1046065971 0.0000000 0.99520499 0.98974228
1046575544 0.0000000 0.99921656 0.99840897
1048808323 0.0000000 0.99908668 0.99773258
1049310522 0.0000000 0.99935693 0.99830723
1049353173 0.0000000 0.99884188 0.99700731
1051845960 0.0000000 0.99315113 0.98604411
1051900153 0.0000000 0.99901921 0.99731702
1052394722 0.0000000 0.87449092 0.69507778
1052961462 0.0000000 0.99940783 0.99781549
1053904321 0.0000000 0.99741906 0.99436474
1054395492 0.0000000 0.99901795 0.99749780
1054853585 0.0000000 0.99896801 0.99736363
1055123570 0.0000000 0.99948436 0.99841678
1055135284 0.0000000 0.99958372 0.99862337
1055234432 0.0000000 0.99860740 0.99593461
1055390332 0.0000000 0.99921107 0.99797916
1055425274 0.0000000 0.99968404 0.99846500
1055472531 0.0000000 0.99841905 0.99648660
1055510426 0.0000000 0.99951994 0.99752748
1055788418 0.0000000 0.99811196 0.99525458
1055803080 0.0000000 0.99898666 0.99707305
1056357316 0.0000000 0.99954724 0.99872237
1057028486 0.0000000 0.98196441 0.96391976
1057319282 0.0000000 0.99846864 0.99624342
1058108790 0.0000000 0.99927694 0.99816567
1058496080 0.0000000 0.99949461 0.99858928
1059102630 0.0000000 0.99965781 0.99885100
1059590191 0.0000000 0.99942327 0.99829465
1059850488 0.0000000 0.99955410 0.99872392
1059910523 0.0000000 0.99953049 0.99854326
1059994404 0.0000000 0.99888200 0.99717611
1060172588 0.0000000 0.99906141 0.99670166
1060619413 0.0000000 0.99954939 0.99867320
1061586322 0.0000000 0.99937636 0.99828100
1062262342 0.0000000 0.99941647 0.99826115
1062859632 0.0000000 0.99413705 0.98812878
1063234506 0.0000000 0.99945271 0.99850112
1063264037 0.0000000 0.99946022 0.99868160
1064365712 0.0000000 0.99368739 0.98732346
1064533379 0.0000000 0.99939936 0.99857318
1065785029 0.0000000 0.99571425 0.99128658
1065790269 0.0000000 0.99922955 0.99810976
1065847269 0.0000000 0.99917358 0.99779886
1067505195 0.0000000 0.99955958 0.99864215
1068127124 0.0000000 0.99920386 0.99792409
1068356150 0.0000000 0.99913883 0.99768639
1068595355 0.0000000 0.99917156 0.99820638
1068804765 0.0000000 0.99745566 0.99468678
1068825242 0.0000000 0.99876791 0.99732298
1069412363 0.0000000 0.99673897 0.99337876
1070682432 0.0000000 0.87620139 0.71364427
1070692497 0.0000000 0.99909335 0.99778754
1070921046 0.0000000 0.99920171 0.99811262
1071031093 0.0000000 0.99864066 0.99710292
1071031176 0.0000000 0.99930501 0.99844748
1071031375 0.0000000 0.99898505 0.99766070
1071031628 0.0000000 0.99881935 0.99711835
1071031695 0.0000000 0.99877876 0.99708468
1071031744 0.0000000 0.99878216 0.99710953
1071031844 0.0000000 0.99876356 0.99706727
1071031926 0.0000000 0.99864459 0.99701244
1071033611 0.0000000 0.99891800 0.99729544
1071033625 0.0000000 0.99891829 0.99729556
1071035006 0.0000000 0.99827158 0.99623394
1071038489 0.0000000 0.99899381 0.99740869
1071042579 0.0000000 0.99807924 0.99578726
1071043831 0.0000000 0.99828619 0.99609423
1071046005 0.0000000 0.99905926 0.99779254
1071046239 0.0000000 0.99692923 0.99363130
1071074159 0.0000000 0.99819106 0.99608278
1071095531 0.0000000 0.99847400 0.99652719
1071100910 0.0000000 0.99893397 0.99751645
1071109335 0.0000000 0.99867612 0.99698997
1071169499 0.0000000 0.99824488 0.99617565
1071182968 0.0000000 0.99884462 0.99714267
1071183209 0.0000000 0.99861771 0.99670660
1071183435 0.0000000 0.99832916 0.99650723
1071443800 0.0000000 0.99917299 0.99825579
1071583019 0.0000000 0.99907243 0.99771476
1071584001 0.0000000 0.99873787 0.99714160
1071678445 0.0000000 0.99885023 0.99721658
1071725608 0.0000000 0.99881124 0.99743497
1072705310 0.0000000 0.99941593 0.99860716
1072926918 0.0000000 0.99915975 0.99769068
1073300844 0.0000000 0.99801385 0.99578857
1073475853 0.0000000 0.99933475 0.99855787
1073756920 0.0000000 0.99859244 0.99703097
1073986141 0.0000000 0.99906462 0.99792272
1073994067 0.0000000 0.97282600 0.94518578
1075317204 5.00000007E-02 0.72247660 0.29364741
1075317446 5.00000007E-02 0.79928648 0.54041743
1075318489 5.00000007E-02 0.69461066 0.20581424
1075466599 5.00000007E-02 0.86772698 0.72378254
1075865039 5.00000007E-02 0.73681808 0.29405224
1076851926 5.00000007E-02 0.76918393 0.39312458
1076884025 0.0000000 0.78106326 0.49234676
1077531525 0.0000000 0.99937493 0.99824017
1077584107 0.0000000 0.99915820 0.99826634
1078321829 0.0000000 0.99919283 0.99771178
1079154231 0.0000000 0.99909997 0.99791723
1080241624 0.0000000 0.99861377 0.99695408
1081488818 0.0000000 0.99806893 0.99471128
1082397083 0.0000000 0.99791127 0.99557590
1082563195 0.0000000 0.94980621 0.89498156
1082729069 0.0000000 0.99781477 0.99523121
1082820030 0.0000000 0.99950242 0.99857259
1083398171 0.0000000 0.99868989 0.99658942
1083961065 0.0000000 0.99878943 0.99738097
1084003366 0.0000000 0.99927008 0.99825060
1087613581 0.0000000 0.99714613 0.99398386
1089099122 0.0000000 0.99883133 0.99749321
1089113880 0.0000000 0.99859285 0.99703532
1089371968 0.0000000 0.99917328 0.99788183
1090478200 0.0000000 0.99925941 0.99830765
1091970746 0.0000000 0.99925888 0.99838787
1092861100 0.0000000 0.99260974 0.98523170
1093118276 0.0000000 0.99952459 0.99889314
1093908136 0.0000000 0.99935460 0.99859732
1095475955 0.0000000 0.99948615 0.99884546
1097813330 0.0000000 0.99988180 0.99963462
1098848984 0.0000000 0.93397921 0.85962737
1099928102 0.0000000 0.99962640 0.99908161
1099929295 0.0000000 0.99985361 0.99951696
1099929521 0.0000000 0.99965799 0.99916047
1099931589 0.0000000 0.99951327 0.99891585
1099942690 0.0000000 0.99988425 0.99961865
1100955874 0.0000000 0.99879402 0.99746466
1103674687 0.0000000 0.99944985 0.99872464
1105287429 0.0000000 0.59325331 -0.64487112
1105405102 0.0000000 0.99979472 0.99936271
1105536640 0.0000000 0.99970192 0.99899113
1105765351 0.0000000 0.99961203 0.99909484
1106056455 0.0000000 0.99593472 0.99184799
1106207236 0.0000000 0.99980605 0.99938130
1106226863 0.0000000 0.99729973 0.99450445
1106317701 0.0000000 0.99987656 0.99964100
1106377004 0.0000000 0.99983144 0.99957764
1106829094 0.0000000 0.99987078 0.99962056
1107166208 0.0000000 0.99676198 0.99345982
1107223187 0.0000000 0.99991554 0.99967515
1107233798 0.0000000 0.99980843 0.99943101
1107286746 0.0000000 0.99959779 0.99910915
1107388387 0.0000000 0.99988443 0.99967396
1107601144 0.0000000 0.99974477 0.99943107
1107601252 0.0000000 0.99975133 0.99944282
1108162580 0.0000000 0.99921477 0.99793524
1108757898 0.0000000 0.99983829 0.99954802
1108761568 0.0000000 0.99922609 0.99838012
1110049611 0.0000000 0.99991721 0.99977714
1110049680 0.0000000 0.99991143 0.99972153
1110050185 0.0000000 0.99989873 0.99964577
1110050874 0.0000000 0.99989271 0.99962825
1110568232 0.0000000 0.99906367 0.99800771
1111274786 0.0000000 0.99929935 0.99832934
1113182839 0.0000000 0.99886990 0.99757475
1113208093 0.0000000 0.99720216 0.99427032
1113260515 0.0000000 0.99831188 0.99653029
1113331351 0.0000000 0.99868137 0.99675298
1114345058 0.0000000 0.99310410 0.98615015
1114872497 0.0000000 0.99870443 0.99715388
1114872533 0.0000000 0.99814159 0.99595743
1114872543 0.0000000 0.99888873 0.99728441
1114981677 0.0000000 0.99961299 0.99867105
1115167250 0.0000000 0.99835575 0.99607188
1115753263 0.0000000 0.99739605 0.99456918
1115910658 0.0000000 0.99775755 0.99491823
1115942660 0.0000000 0.99688828 0.99371517
1116353193 0.0000000 0.99884814 0.99760079
1117405041 0.0000000 0.99850547 0.99624795
1117642805 0.0000000 0.99881220 0.99755931
1118162704 0.0000000 0.99835926 0.99639279
1118367166 0.0000000 0.99845737 0.99681157
1118396676 0.0000000 0.99867851 0.99601495
1118501300 0.0000000 0.99807721 0.99613869
1118677980 0.0000000 0.99878967 0.99720347
1118868304 0.0000000 0.99790698 0.99552286
1119087065 0.0000000 0.99895823 0.99733609
1119729025 0.0000000 0.99858564 0.99700415
1119876655 0.0000000 0.95480150 0.90739012
1121472051 0.0000000 0.99602568 0.99203634
1121864763 0.0000000 0.99926442 0.99828863
1122385024 0.0000000 0.99906033 0.99799067
1122618639 0.0000000 0.99870151 0.99728990
1122777951 0.0000000 0.99916279 0.99816126
1123439949 0.0000000 0.99925858 0.99835092
1125373372 0.0000000 0.96324790 0.92488706
1125685516 0.0000000 0.99877840 0.99722421
1125969360 0.0000000 0.99916399 0.99827248
1127055473 0.0000000 0.99885523 0.99762577
1127456637 0.0000000 0.99678779 0.99294323
1127471662 0.0000000 0.99755126 0.99476928
1127494190 0.0000000 0.99820530 0.99581820
1127760620 0.0000000 0.99817681 0.99621272
1128153007 0.0000000 0.99919057 0.99831641
1128174696 0.0000000 0.99917710 0.99831671
1128475640 0.0000000 0.99865419 0.99686301
1128528995 0.0000000 0.99890828 0.99759316
1128891916 0.0000000 0.92738497 0.84212422
1128923244 0.0000000 0.99916893 0.99828893
1129069430 0.0000000 0.86531252 0.67974877
1129155495 0.0000000 0.97496986 0.94935626
1129246313 0.0000000 0.98312902 0.96615052
1129324370 0.0000000 0.99751949 0.99498612
1129391464 0.0000000 0.99914092 0.99814218
1129907016 0.0000000 0.92729437 0.84360737
1130249327 0.0000000 0.99899572 0.99785072
1131428965 0.0000000 0.99752897 0.99460638
1131431840 0.0000000 0.99851763 0.99675208
1132062095 0.0000000 0.99840564 0.99668664
1132132485 0.0000000 0.99735236 0.99460423
1132148341 0.0000000 0.99903506 0.99802196
1132166999 0.0000000 0.99861431 0.99712676
1132661855 0.0000000 0.99912500 0.99806345
1132975230 0.0000000 0.99825120 0.99637961
1133111580 0.0000000 0.99903500 0.99786574
1133304109 0.0000000 0.99921846 0.99824345
1133601723 0.0000000 0.99899656 0.99779439
1133908462 0.0000000 0.99828678 0.99616915
1134710133 0.0000000 0.99767917 0.99513358
1135808248 0.0000000 0.99834311 0.99645984
1135976852 0.0000000 0.99589646 0.99161500
1136739698 0.0000000 0.99860102 0.99697441
1137913657 0.0000000 0.99898374 0.99795675
1137989937 0.0000000 0.99916023 0.99830389
1137990003 0.0000000 0.99915224 0.99829656
1138288259 0.0000000 0.99895489 0.99787855
1139284609 0.0000000 0.73867387 0.15785944
1139326915 0.0000000 0.99874675 0.99727833
1140725945 0.0000000 0.99855137 0.99689883
1140746150 0.0000000 0.99890989 0.99779469
1141877248 0.0000000 0.99854904 0.99707609
1142029462 0.0000000 0.99853647 0.99700594
1142229311 0.0000000 0.99901384 0.99802148
1142709582 0.0000000 0.99875414 0.99750209
1143536168 0.0000000 0.99928606 0.99852264
1143616861 0.0000000 0.99884695 0.99762124
1143885739 0.0000000 0.99836588 0.99670821
1143885924 0.0000000 0.99866939 0.99726999
1143888020 0.0000000 0.99857372 0.99702787
1144129163 0.0000000 0.99656928 0.99313098
1144133312 0.0000000 0.99618858 0.99227875
1144179006 0.0000000 0.99911517 0.99820852
1144806135 0.0000000 0.99436396 0.98857993
1145140855 0.0000000 0.99688184 0.99356693
1145323561 0.0000000 0.99820125 0.99637574
1146215126 0.0000000 0.99752414 0.99454892
1146944291 0.0000000 0.44326788 -2.6648216
1146966782 0.0000000 0.99821562 0.99642223
1147258751 0.0000000 0.99838275 0.99673259
1149411961 0.0000000 0.99826902 0.99653935
1149467938 0.0000000 0.99573749 0.99138612
1149638545 0.0000000 0.99907553 0.99811250
1149771133 0.0000000 0.99697489 0.99392366
1150128882 0.0000000 0.98961192 0.97890502
1151387381 0.0000000 0.99912244 0.99816495
1154072410 0.0000000 0.99922734 0.99844980
1154182305 0.0000000 0.99851161 0.99692529
1155212722 0.0000000 0.99831164 0.99658549
1155340266 0.0000000 0.99853027 0.99705052
1155354114 0.0000000 0.99248827 0.98496240
1155443514 0.0000000 0.99899608 0.99798441
1156044082 0.0000000 0.97297937 0.94308317
1156698676 0.0000000 0.99922895 0.99845654
1158266854 0.0000000 0.99876475 0.99750584
1159598968 0.0000000 0.99870878 0.99737835
1159684577 0.0000000 0.99762213 0.99505770
1160388105 0.0000000 0.99896210 0.99792206
1160392104 0.0000000 0.99883848 0.99767369
1160549032 0.0000000 0.99617171 0.99234211
1160664389 0.0000000 0.99917501 0.99823326
1163299258 0.0000000 0.99856669 0.99704963
1163456967 0.0000000 0.99860519 0.99700367
1163641819 0.0000000 0.99813616 0.99558461
1164570370 0.0000000 0.99816436 0.99624890
1165358160 0.0000000 0.99890351 0.99779469
1165368969 0.0000000 0.99847734 0.99693745
1166094636 0.0000000 0.99937999 0.99854267
1166561075 0.0000000 0.99909008 0.99817276
1166894907 0.0000000 0.99912262 0.99818075
1167121204 0.0000000 0.99767232 0.99527580
1167135981 0.0000000 0.99909407 0.99817294
1167136317 0.0000000 0.99894422 0.99765450
1167136455 0.0000000 0.99894428 0.99766046
1167136825 0.0000000 0.99849427 0.99691838
1167144800 0.0000000 0.99467832 0.98932976
1167147704 0.0000000 0.99881291 0.99761391
1167154513 0.0000000 0.99820727 0.99627823
1167186639 0.0000000 0.99885726 0.99770391
1167298740 0.0000000 0.97937995 0.95772433
1167318376 0.0000000 0.72280556 7.93015957E-02
1167324678 0.0000000 0.98516494 0.96999508
1167592780 0.0000000 0.95967078 0.91567671
1167604646 0.0000000 0.99902886 0.99802101
1168792515 0.0000000 0.99759251 0.99509341
1168917035 0.0000000 0.99918103 0.99823236
1169006425 0.0000000 0.99905843 0.99809992
1169712716 0.0000000 0.97906548 0.95662874
1169722755 0.0000000 0.99888664 0.99777818
1170262059 0.0000000 0.98572689 0.97128201
1170524118 0.0000000 0.99352050 0.98681927
1171366614 0.0000000 0.99836540 0.99665540
1171423577 0.0000000 0.99679309 0.99354899
1171423831 0.0000000 0.99798590 0.99596554
1171832699 0.0000000 0.99793476 0.99586749
1172178017 0.0000000 0.99909794 0.99812531
1174197233 0.0000000 0.99486780 0.98945421
1175309106 0.0000000 0.99839354 0.99673915
1175583473 0.0000000 0.99908173 0.99799412
1176242685 0.0000000 0.99856967 0.99704432
1177115546 0.0000000 0.99812824 0.99623519
1177175308 0.0000000 0.98973823 0.97887105
1178992210 0.0000000 0.99904859 0.99801385
1180238725 0.0000000 0.97202349 0.94183987
1180618796 0.0000000 0.98695654 0.97344077
1181939353 0.0000000 0.99842310 0.99683046
1182196765 0.0000000 0.99535137 0.99054146
1182265663 0.0000000 0.99709308 0.99411517
1182396227 0.0000000 0.99849224 0.99692839
1182398897 0.0000000 0.99839503 0.99678808
1184629372 0.0000000 0.99784970 0.99553114
1185198002 0.0000000 0.99898314 0.99791533
1185799546 0.0000000 0.98054320 0.95962876
1185861072 0.0000000 0.99827451 0.99640501
1186620947 0.0000000 0.99835378 0.99667597
1186786330 0.0000000 0.99921483 0.99827814
1188350129 0.0000000 0.99761474 0.99523610
1188356416 0.0000000 0.99862945 0.99725837
1188908193 0.0000000 0.99849546 0.99695492
1188950111 0.0000000 0.93360877 0.85273713
1189101086 0.0000000 0.99917477 0.99833715
1189101321 0.0000000 0.99926108 0.99852175
1189194674 0.0000000 0.99921817 0.99841690
1190442424 0.0000000 0.99990213 0.99977905
1191742755 0.0000000 0.99988222 0.99971139
1192071901 0.0000000 0.99981016 0.99956661
1192632000 0.0000000 0.99866736 0.99717635
1193967194 0.0000000 0.99527711 0.99022418
1194476053 0.0000000 0.99662709 0.99297965
1196283913 0.0000000 0.99993128 0.99981719
1196818902 0.0000000 0.99992126 0.99975133
1196950527 0.0000000 0.99987555 0.99968684
1197715613 0.0000000 0.99973583 0.99941468
1201442068 0.0000000 0.99989945 0.99974746
1203280382 0.0000000 0.99991500 0.99975586
1203409866 0.0000000 0.99974072 0.99938673
1203790455 0.0000000 0.99974078 0.99940598
1204138448 0.0000000 0.99993253 0.99980545
1204651907 0.0000000 0.99992776 0.99976945
1204651936 0.0000000 0.99992895 0.99976784
1204670552 0.0000000 0.99962181 0.99912030
1207186072 0.0000000 0.99884170 0.99760693
1208187584 0.0000000 0.99988192 0.99968082
1208931881 0.0000000 0.99992889 0.99979603
1208975321 0.0000000 0.99991816 0.99975634
1208982088 0.0000000 0.99937505 0.99860746
1208988255 0.0000000 0.99981660 0.99958152
1208988552 0.0000000 0.99951565 0.99895930
1209105937 0.0000000 0.90268534 0.77009296
1209216223 0.0000000 0.46015832 -2.8471916
1209291757 0.0000000 0.42212635 -3.6575179
1209339084 0.0000000 0.99969435 0.99932915
1209362380 0.0000000 0.61527842 -0.64033639
1209543825 0.0000000 0.99285948 0.98533338
1209563099 0.0000000 0.99549669 0.99079627
1209583346 0.0000000 0.97721291 0.95153022
1209820628 0.0000000 0.99988329 0.99972540
1209877317 0.0000000 0.99978131 0.99946445
1210448520 0.0000000 0.99996251 0.99985033
1210560189 0.0000000 0.99619311 0.99206948
1210633064 0.0000000 0.99992418 0.99977696
1210703275 0.0000000 0.99980319 0.99949765
1212285435 0.0000000 0.99994034 0.99977612
1212339563 0.0000000 0.99992192 0.99978364
1213107823 0.0000000 0.99199736 0.98346454
1213158817 0.0000000 0.99813068 0.99608082
1213486164 0.0000000 0.99962103 0.99911565
1214086760 0.0000000 0.99925190 0.99842274
1214128508 0.0000000 0.99977648 0.99944574
1214211456 0.0000000 0.86097205 0.64142603
1214561217 0.0000000 0.99929106 0.99847424
1215221786 0.0000000 0.99354029 0.98673576
1215745668 0.0000000 0.99992275 0.99978155
1215812106 0.0000000 0.99979776 0.99946451
1215812707 0.0000000 0.99884367 0.99752170
1215839910 0.0000000 0.99995399 0.99981844
1215843106 0.0000000 0.99995571 0.99984890
1215961116 0.0000000 0.99982053 0.99951714
1216126809 0.0000000 0.99740297 0.99465120
1216904067 0.0000000 0.99988854 0.99972630
1217616949 0.0000000 0.99986064 0.99968606
1218233114 0.0000000 0.99987912 0.99969119
1218994676 0.0000000 0.99991703 0.99978364
1219291482 0.0000000 0.99968553 0.99931955
1219301591 0.0000000 0.99991804 0.99976969
1219723710 0.0000000 0.99980175 0.99954736
1219772880 0.0000000 0.99985832 0.99964631
1219869253 0.0000000 0.99983096 0.99955678
1220179542 0.0000000 0.99946761 0.99888515
1220742036 0.0000000 0.99996495 0.99982744
1220946193 0.0000000 0.99994886 0.99985749
1221047734 0.0000000 0.99990672 0.99972725
1222614737 0.0000000 0.99968630 0.99933112
1225404477 0.0000000 0.99982959 0.99959475
1225442295 0.0000000 0.99957788 0.99905407
1228187814 0.0000000 0.99965405 0.99900907
1228684717 0.0000000 0.99980867 0.99945545
1229260451 0.0000000 0.99966466 0.99923348
1229658996 0.0000000 0.98789024 0.97477293
1229990683 0.0000000 0.99977726 0.99936467
1230216280 0.0000000 0.99937469 0.99845225
1230600687 0.0000000 0.99978119 0.99950701
1230860391 0.0000000 0.99771667 0.99520785
1231020274 0.0000000 0.99976468 0.99946958
1231041233 0.0000000 0.99979377 0.99954969
1232714291 0.0000000 0.99928927 0.99825257
1232804891 0.0000000 0.99979681 0.99931639
1233928332 0.0000000 0.99943030 0.99860561
1234166319 0.0000000 0.99228781 0.98393202
1234201315 0.0000000 0.97396195 0.94307119
1234214675 0.0000000 0.99935848 0.99838489
1236731039 0.0000000 0.99967420 0.99923033
1236854628 0.0000000 0.99942994 0.99873817
1237014105 0.0000000 0.99975735 0.99941379
1237159221 0.0000000 0.99984092 0.99960047
1237164701 0.0000000 0.99982530 0.99947971
1237551366 0.0000000 0.99967861 0.99926108
1237619839 0.0000000 0.99959809 0.99916333
1239235949 0.0000000 0.99955577 0.99898005
1239971868 0.0000000 0.99958301 0.99890435
1240678955 0.0000000 0.99962413 0.99911731
1242397863 0.0000000 0.99968553 0.99923474
1242709695 0.0000000 0.99960589 0.99917030
1243376855 0.0000000 0.99958217 0.99908137
1244248765 0.0000000 0.99639750 0.99267006
1245087845 0.0000000 0.99947423 0.99882531
1245407408 0.0000000 0.99979895 0.99956340
1245469469 0.0000000 0.99982625 0.99951917
1245877793 0.0000000 0.99983197 0.99959624
1245881452 0.0000000 0.99977815 0.99950510
1246167876 0.0000000 0.99966717 0.99901819
1246181696 0.0000000 0.99984944 0.99917370
1246182765 0.0000000 0.99984318 0.99960124
1246208530 0.0000000 0.99967521 0.99914819
1246208539 0.0000000 0.99963677 0.99913782
1246598451 0.0000000 0.99970019 0.99929655
1246598488 0.0000000 0.99959666 0.99910134
1246614635 0.0000000 0.99983990 0.99963892
1246985947 0.0000000 0.99974442 0.99938083
1247508302 0.0000000 0.99980223 0.99951702
1247516932 0.0000000 0.99988371 0.99972135
1247654255 0.0000000 0.99971247 0.99921560
1247741293 0.0000000 0.99978983 0.99952906
1247769767 0.0000000 0.99980146 0.99955875
1248159491 0.0000000 0.99974966 0.99946356
1248570012 0.0000000 0.99946207 0.99855208
1248588659 0.0000000 0.99972004 0.99932826
1248872986 0.0000000 0.99982643 0.99957436
1248886386 0.0000000 0.99975288 0.99919957
1249212887 0.0000000 0.99977869 0.99926126
1250467545 0.0000000 0.99982357 0.99950820
1250503855 0.0000000 0.99983644 0.99952269
1250504106 0.0000000 0.99974698 0.99933517
1250601456 0.0000000 0.99963021 0.99905795
1250639275 0.0000000 0.99967968 0.99921507
1250703707 0.0000000 0.99965543 0.99923235
1250777890 0.0000000 0.99975234 0.99935746
1250888264 0.0000000 0.99960315 0.99907243
1250911490 0.0000000 0.99922615 0.99837947
1252249816 0.0000000 0.99326336 0.98580271
1252757125 0.0000000 0.99980634 0.99958760
1254591366 0.0000000 0.99961436 0.99876428
1254664936 0.0000000 0.99969387 0.99930847
1255243328 0.0000000 0.99790490 0.99570817
1256244384 0.0000000 0.99985194 0.99958909
1256252705 0.0000000 0.99952549 0.99887073
1256431794 0.0000000 0.99739331 0.99466085
1257413577 0.0000000 0.99968344 0.99887198
1257413887 0.0000000 0.99891299 0.99770892
1257420861 0.0000000 0.99970090 0.99918789
1257678569 0.0000000 0.99974966 0.99927759
1258065617 0.0000000 0.99977511 0.99952310
1258296469 0.0000000 0.99975073 0.99947125
1258824471 0.0000000 0.99975973 0.99930614
1258926370 0.0000000 0.99986476 0.99965280
1260564405 0.0000000 0.99961561 0.99896145
1260692005 0.0000000 0.99979907 0.99941248
1261227736 0.0000000 0.99930716 0.99838245
1261227864 0.0000000 0.99975526 0.99937677
1261228557 0.0000000 0.99965066 0.99921328
1261232031 0.0000000 0.99957359 0.99885553
1261235533 0.0000000 0.99970108 0.99921238
1261275144 0.0000000 0.99920857 0.99802899
1261713375 0.0000000 0.99978346 0.99949932
1261922241 0.0000000 0.99976259 0.99945599
1262034644 0.0000000 0.99978530 0.99955636
1262237921 0.0000000 0.99964416 0.99912459
1262343689 0.0000000 0.99984705 0.99941951
1262367286 0.0000000 0.99961108 0.99915087
1262622742 0.0000000 0.99542433 0.99054593
1262633257 0.0000000 0.99982387 0.99958932
1263881366 0.0000000 0.99943990 0.99857938
1265523000 0.0000000 0.99976671 0.99939770
1265599504 0.0000000 0.99914944 0.99804479
1265691729 0.0000000 0.99929136 0.99834710
1265942558 0.0000000 0.99974769 0.99932218
1266289887 0.0000000 0.99983382 0.99960244
1266816064 0.0000000 0.99979484 0.99952060
1267146477 0.0000000 0.99973381 0.99931902
1267162697 0.0000000 0.99953532 0.99891490
1267661932 0.0000000 0.99976039 0.99935377
1267662287 0.0000000 0.99953836 0.99889559
1267686434 0.0000000 0.99960566 0.99914318
1267690576 0.0000000 0.99970615 0.99931055
1268040382 0.0000000 0.99975610 0.99931943
1268902896 0.0000000 0.90440041 0.77812648
1268931240 0.0000000 0.99976397 0.99944460
1269644874 0.0000000 0.99978977 0.99949718
1270335780 0.0000000 0.99115187 0.98169959
1270813793 0.0000000 0.99934846 0.99854398
1270961850 0.0000000 0.99968773 0.99933016
1270999307 0.0000000 0.99777311 0.99538255
1271168968 0.0000000 0.99951297 0.99886745
1271191748 0.0000000 0.99955130 0.99888152
1271987388 0.0000000 0.99976104 0.99946135
1272194052 0.0000000 0.99933267 0.99846345
1272250791 0.0000000 0.99962151 0.99920297
1272823213 0.0000000 0.99921346 0.99811649
1274901407 0.0000000 0.99982023 0.99942726
1276535865 0.0000000 0.99961329 0.99881011
1276561877 0.0000000 0.99948931 0.99867558
1276823323 0.0000000 0.99985713 0.99970806
1277440084 0.0000000 0.99977356 0.99948239
1277575551 0.0000000 0.99974102 0.99937665
1277670806 0.0000000 0.99969763 0.99928355
1278097892 0.0000000 0.99970573 0.99915659
1278515743 0.0000000 0.99421912 0.98803431
1278618217 0.0000000 0.99984908 0.99964744
1278636079 0.0000000 0.99979246 0.99948078
1279357457 0.0000000 0.99948364 0.99869442
1279458204 0.0000000 0.99983901 0.99960953
1280029930 0.0000000 0.99970925 0.99914712
1280553485 0.0000000 0.99965191 0.99917632
1280563997 0.0000000 0.99974513 0.99912947
1280587745 0.0000000 0.99943304 0.99872065
1281476617 0.0000000 0.99972361 0.99939877
1282408680 0.0000000 0.99927026 0.99819684
1282415961 0.0000000 0.99974823 0.99943286
1282416480 0.0000000 0.99979240 0.99955928
1283157909 0.0000000 0.99979252 0.99947840
1283540817 0.0000000 0.99974149 0.99937356
1284039008 0.0000000 0.99978697 0.99954605
1284244867 0.0000000 0.99972951 0.99923062
1284952628 0.0000000 0.99954653 0.99878979
1285350982 0.0000000 0.99956995 0.99890602
1285695233 0.0000000 0.99969631 0.99929643
1285876560 0.0000000 0.99974948 0.99935848
1286047392 0.0000000 0.99981469 0.99942607
1286198915 0.0000000 0.99982822 0.99954444
1286865806 0.0000000 0.99962002 0.99906576
1287036373 0.0000000 0.99709654 0.99374485
1289221280 0.0000000 0.99971265 0.99928981
1289567329 0.0000000 0.99974340 0.99937952
1289576340 0.0000000 0.99962926 0.99901253
1290342705 0.0000000 0.99951750 0.99855435
1290784424 0.0000000 0.99984038 0.99946487
1290799240 0.0000000 0.99963480 0.99909461
1291601652 0.0000000 0.99971056 0.99932218
1291689974 0.0000000 0.99962258 0.99912840
1291927327 0.0000000 0.97811359 0.95340985
1292000461 0.0000000 0.91832209 0.79216713
1294804388 0.0000000 0.99976504 0.99936652
1296507195 0.0000000 0.99986672 0.99967533
1296548191 0.0000000 0.99972665 0.99939954
1297058102 0.0000000 0.99951595 0.99892914
1297342916 0.0000000 0.99966121 0.99921250
1297754297 0.0000000 0.99966371 0.99914801
1298970247 0.0000000 0.99700946 0.99375951
1299845150 0.0000000 0.99754202 0.99489826
1300123317 0.0000000 0.99905407 0.99794573
1300281136 0.0000000 0.99734908 0.99452060
1300608051 0.0000000 0.99971026 0.99927211
1301123952 0.0000000 0.99964666 0.99923986
1301458951 0.0000000 0.99973094 0.99933159
1301964194 0.0000000 0.99958360 0.99903834
1302916270 0.0000000 0.99975049 0.99943691
1302961193 0.0000000 0.99962705 0.99914360
1303685617 0.0000000 0.99687350 0.99337739
1304080155 0.0000000 0.99949574 0.99890089
1304082768 0.0000000 0.99956226 0.99896044
1304152538 0.0000000 0.99972290 0.99933964
1304437954 0.0000000 0.99983585 0.99956715
1304717510 0.0000000 0.99958897 0.99899399
1304757333 0.0000000 0.99977344 0.99925596
1306028051 0.0000000 0.99983621 0.99967116
1306098435 0.0000000 0.99980849 0.99949300
1306261925 0.0000000 0.99960303 0.99896598
1307034472 0.0000000 0.99951351 0.99885929
1307669122 0.0000000 0.99953282 0.99892592
1308478735 0.0000000 0.99963880 0.99919057
1309048281 0.0000000 0.99981308 0.99955821
1309094354 0.0000000 0.99966478 0.99922466
1309326569 0.0000000 0.96749562 0.93011498
1309474048 0.0000000 0.99966133 0.99918526
1309601047 0.0000000 0.99757254 0.99488890
1309696244 0.0000000 0.99978423 0.99946332
1309953539 0.0000000 0.99988717 0.99974287
1310469430 0.0000000 0.99962479 0.99902922
1310541580 0.0000000 0.99947524 0.99886042
1310928323 0.0000000 0.99960911 0.99913341
1311000534 0.0000000 0.99965048 0.99912399
1311084070 0.0000000 0.99966991 0.99922222
1311142337 0.0000000 0.99976361 0.99948192
1311692424 0.0000000 0.98885715 0.97684467
1313100452 0.0000000 0.99957383 0.99891269
1314264913 0.0000000 0.99968541 0.99929482
1314789752 0.0000000 0.99907327 0.99794978
1315538819 0.0000000 0.99925387 0.99842733
1315635988 0.0000000 0.97742587 0.95164174
1315804512 0.0000000 0.99952489 0.99889874
1316643513 0.0000000 0.99956548 0.99851424
1316653258 0.0000000 0.99954724 0.99885887
1317835272 0.0000000 0.78693467 0.40366995
1318175665 0.0000000 0.99902129 0.99793732
1318478724 0.0000000 0.99958551 0.99901348
1319945023 0.0000000 0.99972183 0.99939549
1320074224 0.0000000 0.99976754 0.99946290
1320721143 0.0000000 0.99971712 0.99933928
1321061921 0.0000000 0.99980962 0.99958193
1322787324 0.0000000 0.99955070 0.99889982
1322993584 0.0000000 0.99974334 0.99940801
1323861170 0.0000000 0.99956644 0.99910599
1323909341 0.0000000 0.99966657 0.99921304
1324582798 0.0000000 0.99978322 0.99941230
1325660397 0.0000000 0.99966133 0.99918950
1326181267 0.0000000 0.99390316 0.98744786
1326728445 0.0000000 0.99299008 0.98541677
1327107001 0.0000000 0.99969107 0.99930489
1327480583 0.0000000 0.96860057 0.93352777
1327824459 0.0000000 0.99917281 0.99829918
1328324062 0.0000000 0.99950355 0.99891913
1328459111 0.0000000 0.97289795 0.94220412
1330223700 0.0000000 0.99967229 0.99913877
1330883534 0.0000000 0.99907136 0.99805486
1332071890 0.0000000 0.65294200 -0.44333398
1332086295 0.0000000 0.13692282 -72.375961
1332373478 0.0000000 0.94481462 0.88100249
1333258441 0.0000000 0.19023047 -27.141310
1333828758 0.0000000 0.99641556 0.99261343
1333921411 0.0000000 0.99859506 0.99704158
1334227165 0.0000000 0.51885253 -1.8497171
1334800688 0.0000000 0.99913478 0.99822211
1335409258 -63.250000 8.15357193E-02 -424.57733
1335538115 0.0000000 0.96977782 0.93655258
1338362741 0.0000000 0.99954665 0.99896151
1338842309 0.0000000 0.99987018 0.99957448
1338890190 0.0000000 0.99987769 0.99964172
1338944914 0.0000000 0.99981159 0.99937880
1338944979 0.0000000 0.99982882 0.99943912
1338945045 0.0000000 0.99969083 0.99914581
1339216879 0.0000000 0.99966997 0.99920344
1339275618 0.0000000 0.99981433 0.99947387
1339278860 0.0000000 0.99983644 0.99959540
1339309409 0.0000000 0.99976391 0.99932563
1339575740 0.0000000 0.99984884 0.99959505
1339598466 0.0000000 0.99979520 0.99950421
1339646879 0.0000000 0.99979204 0.99939376
1339690513 0.0000000 0.99974984 0.99934012
1339702255 0.0000000 0.99976587 0.99938190
1339923712 0.0000000 0.99985856 0.99954206
1341299876 0.0000000 0.99966729 0.99922276
1341924177 0.0000000 0.99976170 0.99941069
1342405200 0.0000000 0.99876243 0.99748749
1346380382 0.0000000 0.86027223 0.63756001
1346415099 0.0000000 0.99982142 0.99955237
1346415834 0.0000000 0.99986798 0.99961954
1346788818 0.0000000 0.99969155 0.99915987
1346816730 0.0000000 0.99985743 0.99964124
1348523853 0.0000000 0.99940979 0.99872124
1350722979 0.0000000 0.99989289 0.99972600
1350800865 0.0000000 0.98208004 0.96226645
1351161077 0.0000000 0.99970657 0.99928039
1352122829 0.0000000 0.99979734 0.99947846
1352554787 0.0000000 0.99281424 0.98522252
1353431341 0.0000000 0.99972141 0.99931484
1353536726 0.0000000 0.99984962 0.99964535
1354158772 0.0000000 0.99955773 0.99893391
1354470336 0.0000000 0.99976224 0.99919659
1354477411 0.0000000 0.99983853 0.99937606
1354976814 0.0000000 0.99989396 0.99963051
1355221924 0.0000000 0.99962068 0.99914366
1356243184 0.0000000 0.99980396 0.99946827
1356319072 0.0000000 0.99970520 0.99926925
1356487597 0.0000000 0.99980140 0.99949539
1356883405 0.0000000 0.99978614 0.99945050
1357128106 0.0000000 0.99981338 0.99953198
1357236484 0.0000000 0.99975932 0.99948496
1357270197 0.0000000 0.99986088 0.99955720
1357331931 0.0000000 0.99984419 0.99962372
1357541346 0.0000000 0.99986959 0.99966890
1357994057 0.0000000 0.99986601 0.99963588
1358411441 0.0000000 0.99979836 0.99946213
1358708986 0.0000000 0.99983031 0.99957722
1359776392 0.0000000 0.99984092 0.99964726
1361064727 0.0000000 0.99975014 0.99935150
1361239965 0.0000000 0.99944770 0.99873549
1361256759 0.0000000 0.99922967 0.99817878
1361373628 0.0000000 0.99941218 0.99863666
1361471757 0.0000000 0.99981344 0.99939340
1361665659 0.0000000 0.99924076 0.99834549
1362386544 0.0000000 0.93260920 0.84680951
1362609444 0.0000000 0.98826247 0.97572714
1362627405 0.0000000 0.99971026 0.99906272
1362643640 0.0000000 0.99944353 0.99872005
1363079024 0.0000000 0.99972087 0.99929887
1363764120 0.0000000 0.99987799 0.99965668
1364349799 0.0000000 0.99987757 0.99963981
1364349845 0.0000000 0.99979055 0.99949718
1364355002 0.0000000 0.99976891 0.99944967
1364690983 0.0000000 0.98671973 0.97249979
1365625224 0.0000000 0.99908555 0.99800515
1366061297 0.0000000 0.12903376 -31.080357
1366432589 0.0000000 0.99984241 0.99965364
1366513671 0.0000000 0.99981642 0.99955010
1369110346 0.0000000 0.99988216 0.99969167
1369124755 0.0000000 0.99985635 0.99961257
1369791239 0.0000000 0.99983537 0.99957395
1369883683 0.0000000 0.99980557 0.99959606
1370118743 0.0000000 0.99951398 0.99886483
1370151783 0.0000000 0.99984825 0.99952227
1370623082 0.0000000 0.99985516 0.99964118
1372241957 0.0000000 0.99983382 0.99955624
1372463510 0.0000000 0.99986911 0.99969745
1373829868 0.0000000 0.99947608 0.99881828
1373895699 0.0000000 0.99981439 0.99957711
1373969495 0.0000000 0.99986619 0.99967432
1374677225 0.0000000 0.99971515 0.99933630
1374679935 0.0000000 0.99979728 0.99954289
1376837821 0.0000000 0.99982363 0.99960196
1377205321 0.0000000 0.99796861 0.99574095
1377355603 0.0000000 0.99973792 0.99939084
1377407246 0.0000000 0.99909633 0.99816412
1378247005 0.0000000 0.99960762 0.99909198
1378467231 0.0000000 0.99976838 0.99942273
1379475197 0.0000000 0.99984741 0.99964952
1380542719 0.0000000 0.99975324 0.99934572
1381466759 0.0000000 0.99978662 0.99948961
1381684855 0.0000000 0.99969274 0.99935913
1382170436 0.0000000 0.99099678 0.98139817
1382919848 0.0000000 0.99897820 0.99782449
1383069011 0.0000000 0.99902737 0.99791676
1383085061 0.0000000 0.99978733 0.99953693
1383227120 0.0000000 0.99970281 0.99925613
1383227831 0.0000000 0.99972481 0.99934256
1383234448 0.0000000 0.99982113 0.99947560
1383263545 0.0000000 0.99973667 0.99934703
1383450194 0.0000000 0.99967116 0.99925017
1383519374 0.0000000 0.99976701 0.99949646
1383809110 0.0000000 0.99985993 0.99965233
1383809501 0.0000000 0.99978977 0.99953276
1383989687 0.0000000 0.99971908 0.99933559
1384145710 0.0000000 0.99977678 0.99949974
1384544358 0.0000000 0.99986893 0.99971902
1385019362 0.0000000 0.99962920 0.99918610
1386347977 0.0000000 0.90165728 0.77056777
1386357780 0.0000000 0.99980104 0.99950796
1387916955 0.0000000 0.99951172 0.99891716
1389034180 0.0000000 0.99970841 0.99932283
1389204911 0.0000000 0.99981284 0.99950504
1389717867 0.0000000 0.99974006 0.99935144
1389724692 0.0000000 0.99975008 0.99937797
1389729005 0.0000000 0.99976349 0.99943179
1389740803 0.0000000 0.99905777 0.99795520
1389904819 0.0000000 0.99969274 0.99934876
1390517490 0.0000000 0.99974340 0.99942893
1390619771 0.0000000 0.99979520 0.99948460
1391790286 0.0000000 0.99980253 0.99949694
1393014317 0.0000000 0.99989450 0.99973023
1393065064 0.0000000 0.99959391 0.99912715
1393759985 0.0000000 0.99938750 0.99870187
1393791078 0.0000000 0.99981123 0.99956769
1394913876 0.0000000 0.99965250 0.99919075
1395061976 0.0000000 0.99988359 0.99971211
1395231566 0.0000000 0.99988264 0.99972999
1397097485 0.0000000 0.99963170 0.99914020
1397746253 0.0000000 0.99975431 0.99942887
1398443585 0.0000000 0.99967396 0.99919409
1399207416 0.0000000 0.99971706 0.99929655
1399278483 0.0000000 0.99975258 0.99938083
1399745740 0.0000000 0.99971336 0.99937904
1399746271 0.0000000 0.99983412 0.99956208
1400631673 0.0000000 0.99973965 0.99936843
1401021673 0.0000000 0.99969894 0.99926502
1401296286 0.0000000 0.99805415 0.99590772
1402085900 0.0000000 0.99973011 0.99934757
1402313583 0.0000000 0.99868774 0.99718952
1402624068 0.0000000 0.99861073 0.99694860
1402784563 0.0000000 0.99975348 0.99939394
1403034553 0.0000000 0.99984372 0.99964190
1403317269 0.0000000 0.99966890 0.99924999
1403439974 0.0000000 0.99981827 0.99955601
1404774365 0.0000000 0.99972939 0.99937934
1404925818 0.0000000 0.99982363 0.99954343
1405577514 0.0000000 0.99967778 0.99925107
1407544588 0.0000000 0.83801812 0.56203008
1408047770 0.0000000 0.99861413 0.99701887
1410046387 0.0000000 0.99974024 0.99941862
1410325949 0.0000000 0.99987763 0.99973446
1410382444 0.0000000 0.99922669 0.99836391
1411247643 0.0000000 0.99966466 0.99917859
1411641303 0.0000000 0.99972808 0.99929440
1412009058 0.0000000 0.99234790 0.98415989
1412705290 0.0000000 0.99955654 0.99906254
1413207959 0.0000000 0.81042713 0.46503955
1414298821 0.0000000 0.99972725 0.99940091
1416419181 0.0000000 0.99981993 0.99955511
1416419227 0.0000000 0.99977404 0.99945045
1416540553 0.0000000 0.99892420 0.99763435
1417557685 0.0000000 0.99987268 0.99968940
1417655668 0.0000000 0.99983436 0.99960017
1418245419 0.0000000 0.99981552 0.99960017
1418533563 0.0000000 0.99798614 0.99572736
1419682925 0.0000000 0.99948263 0.99884021
1419947441 0.0000000 0.99889529 0.99771309
1419995164 0.0000000 0.99982119 0.99947691
1420012476 0.0000000 0.99983066 0.99957597
1420437226 0.0000000 0.99980813 0.99954790
1420606112 0.0000000 0.99988401 0.99966997
1420742654 0.0000000 0.94414347 0.86734861
1421435535 0.0000000 0.99974233 0.99932104
1421639313 0.0000000 0.99936628 0.99863946
1422083726 0.0000000 0.99931139 0.99848592
1422374758 0.0000000 0.99681073 0.99330187
1422958210 0.0000000 0.99801636 0.99588066
1423037687 0.0000000 0.99975342 0.99939644
1423603888 0.0000000 0.68684161 -0.17897987
1423726535 0.0000000 0.99984932 0.99965042
1423857991 0.0000000 0.99967319 0.99920309
1424969403 0.0000000 0.99985760 0.99965811
1426114954 0.0000000 0.99965978 0.99918050
1426344314 0.0000000 0.99983478 0.99962956
1426852891 0.0000000 0.99970931 0.99935156
1427105631 0.0000000 0.99976021 0.99937683
1427483378 0.0000000 0.99809349 0.99597186
1428208678 0.0000000 0.99980915 0.99954259
1428320250 0.0000000 0.99990135 0.99976659
1428945237 0.0000000 0.99967682 0.99897802
1429127316 0.0000000 0.99895376 0.99771672
1429494176 0.0000000 0.99988645 0.99966574
1429494550 0.0000000 0.99982613 0.99955815
1429528847 0.0000000 0.99982274 0.99950725
1429530313 0.0000000 0.99986380 0.99961352
1429531199 0.0000000 0.99986255 0.99962157
1429992097 0.0000000 0.99987638 0.99967301
1430658547 0.0000000 0.99987131 0.99959320
1431333501 0.0000000 0.99982285 0.99948281
1431387795 0.0000000 0.99979657 0.99950987
1431628549 0.0000000 0.99974084 0.99930930
1432588969 0.0000000 0.99965763 0.99912095
1432601816 0.0000000 0.99982834 0.99958724
1432799863 0.0000000 0.99979800 0.99953461
1434467768 5.00000007E-02 0.78187788 0.51749927
1434867330 5.00000007E-02 0.81042826 0.55398667
1435335400 0.0000000 0.79021114 0.54147458
1438066750 0.0000000 0.99983495 0.99959522
1438936857 0.0000000 0.99948812 0.99893230
1439209234 0.0000000 0.79533762 0.42738372
1439418087 0.0000000 0.94824231 0.88492399
1439474882 0.0000000 0.99986196 0.99964476
1439699200 0.0000000 0.89336663 0.74112689
1441113885 0.0000000 0.99981713 0.99948949
1441128847 0.0000000 0.99986351 0.99965876
1441160293 0.0000000 0.99982989 0.99952972
1441898607 0.0000000 0.99995607 0.99984121
1442339782 0.0000000 0.99987835 0.99970865
1442345855 0.0000000 0.99985051 0.99957752
1442345878 0.0000000 0.99986929 0.99964082
1442408939 0.0000000 0.99989885 0.99977869
1442410226 0.0000000 0.99988586 0.99973083
1442413798 0.0000000 0.99986970 0.99965757
1443074281 0.0000000 0.99845481 0.99667352
1443555465 0.0000000 0.99983853 0.99966854
1444648487 0.0000000 0.99973804 0.99936891
1444736944 0.0000000 0.99974525 0.99940223
1444953165 0.0000000 0.99983001 0.99958420
1444953267 0.0000000 0.99973297 0.99936062
1445014914 0.0000000 0.99970496 0.99935150
1445221055 0.0000000 0.99987048 0.99965310
1445233331 0.0000000 0.99983788 0.99964285
1445239215 0.0000000 0.99985415 0.99967438
1446412182 0.0000000 0.99977821 0.99942738
1446412281 0.0000000 0.99974453 0.99935383
1446509184 0.0000000 0.99988347 0.99963981
1446509190 0.0000000 0.99988300 0.99963969
1446714386 0.0000000 0.99984628 0.99967146
1447167192 0.0000000 0.99980849 0.99955720
1447255999 0.0000000 0.99984831 0.99962497
1447277516 0.0000000 0.99955541 0.99898905
1448316095 0.0000000 0.97410911 0.94536704
1448671943 0.0000000 0.99985188 0.99967706
1449033717 0.0000000 0.99984169 0.99965835
1449035580 0.0000000 0.99986845 0.99962908
1449153073 0.0000000 0.99972355 0.99938589
1449935242 0.0000000 0.99969971 0.99928302
1450510821 0.0000000 0.89457983 0.74463016
1450536811 0.0000000 0.99023962 0.98004526
1450992022 0.0000000 0.99984515 0.99930000
1451199638 0.0000000 0.99972403 0.99934375
1451327726 0.0000000 0.99966645 0.99925476
1451523194 0.0000000 0.97934377 0.95630890
1451829690 0.0000000 0.99978489 0.99951619
1451928000 0.0000000 0.99174172 0.98290497
1452487977 0.0000000 0.99977100 0.99937463
1453169606 0.0000000 0.99973214 0.99933040
1453824336 0.0000000 0.99110717 0.98177379
1454422761 0.0000000 0.99985468 0.99965626
1454702246 0.0000000 0.99983513 0.99941987
1454702308 0.0000000 0.99981463 0.99931335
1454702406 0.0000000 0.99978721 0.99943733
1454702512 0.0000000 0.99974555 0.99928796
1454978820 0.0000000 0.99971634 0.99932611
1455590759 0.0000000 0.99965155 0.99920344
1455595494 0.0000000 0.99979478 0.99946231
1455757779 0.0000000 0.99979675 0.99945754
1455758311 0.0000000 0.99975288 0.99938035
1456215987 0.0000000 0.99983776 0.99958700
1456541993 0.0000000 0.99847972 0.99670887
1457201466 0.0000000 0.99982059 0.99956375
1457276938 0.0000000 0.99900073 0.99790323
1459152479 0.0000000 0.99940401 0.99864012
1459502085 0.0000000 0.99732351 0.99437732
1459988008 0.0000000 0.99877495 0.99747974
1460294506 0.0000000 0.99925351 0.99844003
1460353509 0.0000000 0.99986392 0.99959987
1460804146 0.0000000 0.99957347 0.99905223
1461082597 0.0000000 0.99976820 0.99942505
1461607991 0.0000000 0.99916190 0.99822921
1461770234 0.0000000 0.99989992 0.99957389
1461770257 0.0000000 0.99979144 0.99945378
1461770858 0.0000000 0.99991804 0.99968928
1461781146 0.0000000 0.99978399 0.99948478
1461806086 0.0000000 0.99990624 0.99963421
1462056417 0.0000000 0.99993515 0.99977463
1462199340 0.0000000 0.99989748 0.99969411
1462521203 0.0000000 0.99977583 0.99945778
1462632669 0.0000000 0.99987519 0.99966693
1462675593 0.0000000 0.99984485 0.99959141
1463023035 0.0000000 0.99984974 0.99958408
1463023251 0.0000000 0.99980772 0.99949253
1463023282 0.0000000 0.99975163 0.99940658
1463027395 0.0000000 0.99983418 0.99953121
1463127852 0.0000000 0.99983650 0.99958134
1463195522 0.0000000 0.99983650 0.99947780
1463196768 0.0000000 0.99987495 0.99972653
1463530965 0.0000000 0.99974602 0.99939424
1463863900 0.0000000 0.99977088 0.99935353
1463882779 0.0000000 0.99960363 0.99894196
1464184475 0.0000000 0.98783702 0.97461963
1464544116 0.0000000 0.99931133 0.99841702
1464576767 0.0000000 0.99981135 0.99957454
1464630651 0.0000000 0.99978775 0.99952501
1464672226 0.0000000 0.99982160 0.99958825
1466204142 0.0000000 0.99948275 0.99889785
1466383187 0.0000000 0.99974376 0.99931753
1466409210 0.0000000 0.99962193 0.99913365
1466715930 0.0000000 0.99982595 0.99955374
1467361422 0.0000000 0.99984819 0.99966466
1469019333 0.0000000 0.99977946 0.99947375
1469592155 0.0000000 0.99977201 0.99953181
1471008941 0.0000000 0.99968690 0.99931186
1471908408 0.0000000 0.99975145 0.99943662
1472660934 0.0000000 0.99986511 0.99960154
1473440050 0.0000000 0.99843222 0.99674541
1475055492 0.0000000 0.99982697 0.99964452
1475769120 0.0000000 0.99978727 0.99948436
1477370752 0.0000000 0.99974471 0.99938309
1478519786 0.0000000 0.99975342 0.99938971
1478903131 0.0000000 0.99984205 0.99959087
1480377579 0.0000000 0.99854511 0.99695277
1480507474 0.0000000 0.99978763 0.99940050
1481256588 0.0000000 0.99986547 0.99964392
1481811269 0.0000000 0.99981284 0.99939990
1483057851 0.0000000 0.99986279 0.99963027
1483513641 0.0000000 0.99988103 0.99965185
1484155863 0.0000000 0.99921888 0.99822682
1484797338 0.0000000 0.97897238 0.95522094
1484900187 0.0000000 0.99982703 0.99954766
1485329586 0.0000000 0.99992353 0.99981844
1486746772 0.0000000 0.99978745 0.99938816
1487420859 0.0000000 0.99950731 0.99884468
1487652197 0.0000000 0.99905807 0.99800920
1488212310 0.0000000 0.99976587 0.99941522
1488924651 0.0000000 0.99985415 0.99954957
1489967289 0.0000000 0.99986953 0.99956024
1490066029 0.0000000 0.82950348 0.56424212
1490805242 0.0000000 0.99792582 0.99565673
1492112471 0.0000000 0.99978888 0.99950087
1492367656 0.0000000 0.99938524 0.99858725
1493517442 0.0000000 0.99976444 0.99944210
1493960850 0.0000000 0.99967605 0.99918300
1493986611 0.0000000 0.82749516 0.54413295
1494889974 0.0000000 0.99967057 0.99911177
1494932580 0.0000000 0.99978036 0.99944472
1495631454 0.0000000 0.99980372 0.99950171
1495691291 0.0000000 0.99971193 0.99933064
1495956669 0.0000000 0.99921477 0.99831808
1495999757 0.0000000 0.99984413 0.99959892
1496582686 0.0000000 0.99990058 0.99968600
1497967350 0.0000000 0.83012366 0.55500746
1498029939 0.0000000 0.99984896 0.99957299
1500318986 0.0000000 0.99969697 0.99917442
1501139292 0.0000000 0.99875331 0.99732989
1501845585 0.0000000 0.99978304 0.99951154
1502294736 0.0000000 0.99977118 0.99945146
1502416734 0.0000000 0.99966931 0.99924046
1502582915 0.0000000 0.99941617 0.99864626
1504364658 0.0000000 0.99895018 0.99768203
1505096741 0.0000000 0.99984282 0.99958712
1505687994 0.0000000 0.99975425 0.99944317
1505917796 0.0000000 0.99974108 0.99938810
1506232185 0.0000000 0.99985272 0.99967074
1506549399 0.0000000 0.99893802 0.99780720
1507505391 0.0000000 0.99922711 0.99825031
1507747520 0.0000000 0.99993110 0.99974406
1508582157 0.0000000 0.99927205 0.99838984
1509318944 0.0000000 0.99988645 0.99972528
1509677295 0.0000000 0.99977809 0.99942225
1509677339 0.0000000 0.99977320 0.99941677
1509752088 0.0000000 0.99970615 0.99927676
1510398879 0.0000000 0.99966151 0.99915481
1510402973 0.0000000 0.99980766 0.99950224
1510440860 0.0000000 0.99965984 0.99920779
1510947032 0.0000000 0.99958962 0.99905986
1511360409 0.0000000 0.99973255 0.99922842
1511470532 0.0000000 0.99985069 0.99957281
1512230735 0.0000000 0.99912602 0.99821532
1512377977 0.0000000 0.99910754 0.99801904
1512704669 0.0000000 0.99988526 0.99970299
1513120660 0.0000000 0.99985963 0.99962991
1516168751 0.0000000 0.99985003 0.99959773
1516984288 0.0000000 0.99916416 0.99819767
1517686257 0.0000000 0.99977243 0.99939358
1517749972 0.0000000 0.99990755 0.99974221
1517752600 0.0000000 0.99983853 0.99948394
1517752662 0.0000000 0.99975222 0.99944276
1517753127 0.0000000 0.99979156 0.99953884
1517753452 0.0000000 0.99980623 0.99951577
1517753522 0.0000000 0.99981904 0.99957263
1517753592 0.0000000 0.99981880 0.99957234
1517753815 0.0000000 0.99988860 0.99977058
1517758427 0.0000000 0.99985826 0.99946719
1517763262 0.0000000 0.99985093 0.99961191
1517821602 0.0000000 0.99986714 0.99960858
1517823894 0.0000000 0.99989134 0.99946153
1517846321 0.0000000 0.99989116 0.99969977
1517852233 0.0000000 0.99993616 0.99969190
1517969882 0.0000000 0.99979681 0.99941111
1517974578 0.0000000 0.99974597 0.99925947
1517998787 0.0000000 0.99994171 0.99975055
1518001985 0.0000000 0.99966997 0.99928242
1518008800 0.0000000 0.99983430 0.99949294
1518008880 0.0000000 0.99984235 0.99958307
1518013159 0.0000000 0.99982935 0.99959391
1518016890 0.0000000 0.97976005 0.95497894
1518016916 0.0000000 0.99985850 0.99955928
1518051257 0.0000000 0.99980336 0.99947977
1518059164 0.0000000 0.99972361 0.99934918
1518142443 0.0000000 0.99963444 0.99923718
1518201789 0.0000000 0.99972636 0.99941415
1518248929 0.0000000 0.99987799 0.99962854
1518858396 0.0000000 0.99851131 0.99683869
1518981709 0.0000000 0.99975485 0.99937397
1519051621 0.0000000 0.99986023 0.99965060
1519254641 0.0000000 0.99977070 0.99930918
1519583320 0.0000000 0.99986070 0.99960929
1519962147 0.0000000 0.99983102 0.99957281
1520098551 0.0000000 0.99981064 0.99936491
1520329330 0.0000000 0.99976820 0.99943858
1521024527 0.0000000 0.99985373 0.99957830
1521537776 0.0000000 0.99966824 0.99912715
1521728871 0.0000000 0.99980712 0.99949557
1522232997 0.0000000 0.99986571 0.99966103
1522282670 0.0000000 0.99984181 0.99953341
1522598524 0.0000000 0.99978429 0.99936378
1523432369 0.0000000 0.99766153 0.99519491
1523886539 0.0000000 0.99943942 0.99864227
1524201906 0.0000000 0.99988788 0.99971014
1524248877 0.0000000 0.99903673 0.99798983
1524308214 0.0000000 0.99957758 0.99905437
1524503432 0.0000000 0.99986523 0.99968737
1524721460 0.0000000 0.99843311 0.99667621
1524721601 0.0000000 0.99675745 0.99328452
1524808553 0.0000000 0.99795717 0.99571168
1525218424 0.0000000 0.99988192 0.99969876
1526098666 0.0000000 0.99976230 0.99942058
1527728598 0.0000000 0.99949485 0.99880666
1527904870 0.0000000 0.99975902 0.99937588
1528731725 0.0000000 0.99969524 0.99934918
1528750347 0.0000000 0.99979562 0.99949962
1528856173 0.0000000 0.99284780 0.98483783
1529096035 0.0000000 0.99992108 0.99975681
1529334375 0.0000000 0.99988997 0.99962521
1529522338 0.0000000 0.99981976 0.99955064
1530516370 0.0000000 0.99973160 0.99926811
1530516385 0.0000000 0.99972951 0.99926269
1530609654 0.0000000 0.99965680 0.99909163
1531312909 0.0000000 0.99879742 0.99743515
1531507119 0.0000000 0.99959689 0.99896789
1532050755 0.0000000 0.99917787 0.99821043
1533217098 0.0000000 0.99985147 0.99959970
1533504622 0.0000000 0.99959415 0.99910295
1533801692 0.0000000 0.99448001 0.98859864
1534500582 0.0000000 0.99979883 0.99957758
1534551317 0.0000000 0.99977565 0.99933559
1535572403 0.0000000 0.99984193 0.99961966
1535660064 0.0000000 0.99977154 0.99945432
1536498994 0.0000000 0.99980795 0.99943793
1536641006 0.0000000 0.99973893 0.99937516
1536700815 0.0000000 0.99975699 0.99945259
1538633849 0.0000000 0.99631000 0.99216455
1538766649 0.0000000 0.94387710 0.87599277
1539072778 0.0000000 0.99956530 0.99901158
1539164591 0.0000000 0.99985534 0.99965250
1540269298 0.0000000 0.99987060 0.99957693
1540310644 0.0000000 0.99988270 0.99967939
1541624711 0.0000000 0.99974608 0.99946225
1541712486 0.0000000 0.99963909 0.99918276
1542328459 0.0000000 0.99980074 0.99947029
1542608341 0.0000000 0.99985343 0.99962664
1542638415 0.0000000 0.99992591 0.99972749
1542645094 0.0000000 0.99979651 0.99945474
1543190243 0.0000000 0.99983656 0.99953592
1543191316 0.0000000 0.99698460 0.99347806
1543236658 0.0000000 0.99913514 0.99812913
1543238642 0.0000000 0.99628544 0.99227369
1543314575 0.0000000 0.99881440 0.99748319
1544368541 0.0000000 0.99972165 0.99940777
1544439487 0.0000000 0.99951190 0.99885088
1544621063 0.0000000 0.99980730 0.99934149
1544908865 0.0000000 0.99993867 0.99982649
1545710204 0.0000000 0.99753952 0.99479645
1546538568 0.0000000 0.99964428 0.99911004
1546949806 0.0000000 0.99977362 0.99943930
1548127166 0.0000000 0.99966002 0.99920082
1548825695 0.0000000 0.99985075 0.99955803
1548861293 0.0000000 0.99955952 0.99896801
1549366351 0.0000000 0.99986285 0.99959606
1549558324 0.0000000 0.99977547 0.99934554
1550239687 0.0000000 0.99968797 0.99933219
1551558867 0.0000000 0.98115104 0.96017438
1552012334 0.0000000 0.99977899 0.99938488
1552127531 0.0000000 0.99870157 0.99728769
1552421955 0.0000000 0.99986929 0.99961853
1552451554 0.0000000 0.99970990 0.99932843
1552511242 0.0000000 0.99958396 0.99889839
1552697151 0.0000000 0.99953443 0.99893045
1552968094 0.0000000 0.99984002 0.99962121
1553256348 0.0000000 0.99984324 0.99961686
1553414210 0.0000000 0.99964273 0.99922949
1554087275 0.0000000 0.99987411 0.99967331
1554172029 0.0000000 0.98954934 0.97779155
1554256375 0.0000000 0.99985433 0.99945843
1554343015 0.0000000 0.99980438 0.99941039
1554382610 0.0000000 0.99975973 0.99935085
1554499495 0.0000000 0.99857092 0.99697769
1554706689 0.0000000 0.99928957 0.99838614
1554822801 0.0000000 0.99976057 0.99918050
1554841453 0.0000000 0.99983454 0.99928784
1554850672 0.0000000 0.99980271 0.99944681
1555563667 0.0000000 0.95846200 0.91811526
1556793883 0.0000000 0.99988031 0.99968952
1556970683 0.0000000 0.99017614 0.97944301
1557330527 0.0000000 0.99985653 0.99962509
1557737721 0.0000000 0.99985021 0.99964529
1558197514 0.0000000 0.99985707 0.99967235
1558379328 0.0000000 0.99875671 0.99742955
1558489044 0.0000000 0.99951434 0.99862880
1558591969 0.0000000 0.99976540 0.99940085
1559317998 0.0000000 0.99959528 0.99903095
1559641578 0.0000000 0.99977452 0.99943334
1559762840 0.0000000 0.99977690 0.99951768
1560870606 0.0000000 0.91525358 0.80013609
1561237205 0.0000000 0.99963063 0.99915963
1561242160 0.0000000 0.99961466 0.99905068
1561825206 0.0000000 0.99983788 0.99956113
1561837452 0.0000000 0.99979085 0.99950069
1562610935 0.0000000 0.99982399 0.99952167
1562880116 0.0000000 0.99983203 0.99959189
1563275550 0.0000000 0.99988669 0.99961221
1563531230 0.0000000 0.99920076 0.99821502
1563768365 0.0000000 0.99076390 0.98077357
1563850922 0.0000000 0.99960572 0.99908376
1564123196 0.0000000 0.99983090 0.99952233
1564190683 0.0000000 0.99982035 0.99946475
1564649429 0.0000000 0.99661016 0.99296969
1564753988 0.0000000 0.99979740 0.99948931
1564784683 0.0000000 0.99971473 0.99925482
1565054388 0.0000000 0.99982440 0.99949789
1565055090 0.0000000 0.99979299 0.99946010
1565213283 0.0000000 0.99985433 0.99959153
1565218942 0.0000000 0.99981439 0.99957323
1565905300 0.0000000 0.99973851 0.99929178
1566053525 0.0000000 0.99981081 0.99951488
1566053530 0.0000000 0.99981099 0.99951476
1566074882 0.0000000 0.99854672 0.99686098
1566101114 0.0000000 0.99983317 0.99951714
1566598377 0.0000000 0.84239107 0.60665166
1566648618 0.0000000 0.99753755 0.99489570
1567237819 0.0000000 0.99955356 0.99898344
1567471650 0.0000000 0.99983460 0.99951500
1567604000 0.0000000 0.99976486 0.99943346
1567917359 0.0000000 0.99986088 0.99959671
1568005668 0.0000000 0.99933988 0.99849570
1568095682 0.0000000 0.99979126 0.99944335
1569863578 0.0000000 0.99637979 0.99247396
1570468626 0.0000000 0.99984866 0.99956387
1571312673 0.0000000 0.99982560 0.99956322
1571861758 0.0000000 0.99861383 0.99715924
1572218883 0.0000000 0.99983662 0.99962902
1573491297 0.0000000 0.99644381 0.99248832
1573495893 0.0000000 0.99956399 0.99903172
1574645562 0.0000000 0.99982852 0.99959832
1575564604 0.0000000 0.97712672 0.95139545
1575660753 0.0000000 0.99979746 0.99953991
1576495557 0.0000000 0.99984843 0.99961418
1577769501 0.0000000 0.95102495 0.89270943
1577819410 0.0000000 0.99980706 0.99954927
1578293635 0.0000000 0.99973953 0.99931085
1578510402 0.0000000 0.99979997 0.99944806
1579404154 0.0000000 0.99795002 0.99562752
1579703564 0.0000000 0.99975795 0.99942315
1580749376 0.0000000 0.99978042 0.99941719
1581076659 0.0000000 0.99989241 0.99967325
1581616159 0.0000000 0.99994439 0.99977314
1581629921 0.0000000 0.99931479 0.99848294
1581764406 0.0000000 0.99974799 0.99933207
1581764700 0.0000000 0.99976677 0.99946356
1581794413 0.0000000 0.99979502 0.99934131
1582090065 0.0000000 0.99982512 0.99945408
1582113307 0.0000000 0.99978781 0.99953669
1582546233 0.0000000 0.99980390 0.99930638
1582592414 0.0000000 0.99975693 0.99941552
1582629242 0.0000000 0.99989003 0.99962491
1582695255 0.0000000 0.99971402 0.99922127
1584677477 0.0000000 0.99993205 0.99969798
1585787701 0.0000000 0.81240469 0.54037964
1586304460 0.0000000 0.99968833 0.99921006
1586389759 0.0000000 0.99990886 0.99977106
1586537097 0.0000000 0.99974000 0.99932230
1586691401 0.0000000 0.99985451 0.99963838
1587481331 0.0000000 0.99976385 0.99925226
1588476280 0.0000000 0.99981129 0.99937814
1589003116 0.0000000 0.99965268 0.99900860
1589548020 0.0000000 0.99615997 0.99219549
1589756010 0.0000000 0.99983311 0.99936962
1589910785 0.0000000 0.98645449 0.97098708
1590311534 0.0000000 0.98988181 0.97887641
1590359490 0.0000000 0.99989235 0.99961537
1590694463 0.0000000 0.99975657 0.99940789
1590843750 0.0000000 0.99971157 0.99888051
1591494563 0.0000000 0.99964303 0.99915481
1591839506 0.0000000 0.99984813 0.99959368
1591921295 0.0000000 0.99963582 0.99880558
1592079539 0.0000000 0.99987978 0.99966866
1592349420 0.0000000 0.99977875 0.99943507
1593214064 0.0000000 0.99978602 0.99938613
1593241888 0.0000000 0.99973762 0.99935013
1593407313 0.0000000 0.99982190 0.99943709
1593435168 0.0000000 0.99989510 0.99970633
1593519432 0.0000000 0.99920225 0.99824679
1594227272 0.0000000 0.99908108 0.99797195
1594265063 0.0000000 0.99963993 0.99904096
1594267923 0.0000000 0.99960297 0.99909097
1594526768 0.0000000 0.99968910 0.99931252
1594546164 0.0000000 0.98776978 0.97464442
1595767949 0.0000000 0.99986225 0.99964422
1597107665 0.0000000 0.99972188 0.99926651
1597123796 0.0000000 0.99211353 0.98368585
1597187246 0.0000000 0.99976468 0.99942023
1597774608 0.0000000 0.99266255 0.98465621
1597797181 0.0000000 0.99857926 0.99688226
1597806811 0.0000000 0.99947029 0.99875766
1598480108 0.0000000 0.99980760 0.99958390
1598847265 0.0000000 0.99730730 0.99447054
1599036279 0.0000000 0.99927014 0.99845093
1600306672 0.0000000 0.99973148 0.99925286
1600646088 0.0000000 0.99882323 0.99748874
1600833602 0.0000000 0.99971694 0.99924141
1601017581 0.0000000 0.99969918 0.99935806
1601326254 0.0000000 0.99973857 0.99933147
1601342057 0.0000000 0.99935287 0.99855667
1601440640 0.0000000 0.99986434 0.99966055
1601863505 0.0000000 0.99007422 0.97920507
1602517184 0.0000000 0.99988455 0.99960726
1602946993 0.0000000 0.99979913 0.99943191
1602947159 0.0000000 0.99407434 0.98779756
1603087586 0.0000000 0.99652308 0.99292344
1603396062 0.0000000 0.65539640 -0.38668096
1603674483 0.0000000 0.99979800 0.99950087
1604358861 0.0000000 0.99984932 0.99963075
1604426346 0.0000000 0.99549508 0.99070781
1604601372 0.0000000 0.99972576 0.99935502
1604626818 0.0000000 0.99967372 0.99925083
1605130406 0.0000000 0.99958521 0.99897897
1605130534 0.0000000 0.99821860 0.99618506
1605266102 0.0000000 0.99719852 0.99402243
1605511152 0.0000000 0.99948072 0.99877125
1605551866 0.0000000 0.99622446 0.99202782
1605557664 0.0000000 0.99710274 0.99402106
1605621503 0.0000000 0.99968570 0.99919814
1605662576 0.0000000 0.99938822 0.99871677
1606582085 0.0000000 0.87605757 0.69783145
1606657334 0.0000000 0.99987465 0.99965388
1607578178 0.0000000 0.99950874 0.99874794
1607606398 0.0000000 0.99989092 0.99971789
1607606851 0.0000000 0.99981588 0.99956763
1607624108 0.0000000 0.99984783 0.99966335
1608317519 0.0000000 0.98424214 0.96658850
1608385359 0.0000000 0.87489974 0.69052881
1609436522 0.0000000 0.99969888 0.99935657
1609594007 0.0000000 0.99987447 0.99967396
1610162996 0.0000000 0.86091965 0.64562976
1610192153 0.0000000 0.99983072 0.99959576
1610249009 0.0000000 0.99976218 0.99940705
1610838659 0.0000000 0.99951971 0.99884927
1611559538 0.0000000 0.99982870 0.99955440
1611565557 0.0000000 0.99953932 0.99894810
1611574763 0.0000000 0.99972039 0.99941331
1611584686 0.0000000 0.97882867 0.95547563
1611818971 0.0000000 0.99953312 0.99883991
