837595616 0.0000000 0.98914355 0.97776341
837775762 0.0000000 0.96395642 0.92444062
837925917 0.0000000 0.90444154 0.77493137
838427199 0.0000000 0.99507642 0.99014878
838671653 0.0000000 0.99896258 0.99788922
838750993 0.0000000 0.99001604 0.97982770
839270473 0.0000000 0.99423063 0.98845536
839658185 0.0000000 0.99820727 0.99622971
841593341 0.0000000 0.96475643 0.92734277
841947167 0.0000000 0.95336074 0.90011114
841966927 0.0000000 0.99893904 0.99782765
841967337 0.0000000 0.93912029 0.86411637
841967424 0.0000000 0.91702026 0.80815417
841969564 0.0000000 0.99266088 0.98526198
841973148 0.0000000 0.96255696 0.92017865
841975496 0.0000000 0.99833965 0.99656922
841976432 0.0000000 0.98249048 0.96429312
841976527 0.0000000 0.95559996 0.90649766
841989993 0.0000000 0.94753855 0.88756257
841990035 0.0000000 0.94794101 0.88835198
841990674 0.0000000 0.96371949 0.92432278
841998277 0.0000000 0.98162633 0.96153128
842009672 0.0000000 0.99750024 0.99500275
842020651 0.0000000 0.90821177 0.79638177
842035262 0.0000000 0.98092324 0.96140099
842036992 0.0000000 0.82631159 0.51885784
842056074 0.0000000 0.98738378 0.97462851
842122037 0.0000000 0.94309556 0.87609965
842211144 0.0000000 0.91365439 0.80289286
842213633 0.0000000 0.98301262 0.96523738
842233958 0.0000000 0.99698746 0.99392915
842984365 0.0000000 0.83077085 0.56610560
844156464 0.0000000 0.98162907 0.96303767
844853345 0.0000000 0.99873406 0.99744171
844879870 0.0000000 0.95485300 0.90274578
846839283 0.0000000 0.99422330 0.98842561
847935551 0.0000000 0.99690974 0.99381191
848996543 0.0000000 0.99859583 0.99711633
849080713 0.0000000 0.97630715 0.95139003
850676186 0.0000000 0.99699563 0.99395472
850877408 0.0000000 0.99336314 0.98667455
850908023 0.0000000 0.99549901 0.99094146
851184320 0.0000000 0.98720753 0.97418624
851550736 0.0000000 0.99541277 0.99082267
851807286 0.0000000 0.98408985 0.96808040
852186702 0.0000000 0.98520941 0.96974361
852329204 0.0000000 0.89343554 0.73672712
852460456 0.0000000 0.99855387 0.99688041
852489653 0.0000000 0.98358995 0.96684998
852515472 0.0000000 0.96268559 0.92332006
853272363 0.0000000 0.94234973 0.87618899
853376840 0.0000000 0.99721903 0.99442083
853407944 0.0000000 0.92845041 0.84136647
853607627 0.0000000 0.99726373 0.99453044
853739580 0.0000000 0.98739624 0.97479957
854306280 0.0000000 0.99275267 0.98542160
855524541 0.0000000 0.98605299 0.97186869
855593408 0.0000000 0.99570435 0.99133027
855822594 0.0000000 0.98891777 0.97755927
856345761 0.0000000 0.99763626 0.99522638
857058283 0.0000000 0.99546510 0.99092335
857344712 0.0000000 0.94180155 0.87395161
861140002 0.0000000 0.98355180 0.96718240
861746294 0.0000000 0.51632500 -1.6083364
862185572 0.0000000 0.99457979 0.98915815
862608623 0.0000000 0.99473506 0.98902529
862627573 0.0000000 0.99798375 0.99594390
864384080 0.0000000 0.94821507 0.88810968
864454998 0.0000000 0.94030625 0.87278461
865120897 0.0000000 0.98071945 0.96138453
866316320 0.0000000 0.99062073 0.98111993
866599410 0.0000000 0.99807876 0.99598724
866972164 0.0000000 0.99696320 0.99389398
867426807 0.0000000 0.93197304 0.84927034
868041450 0.0000000 0.99826539 0.99620539
868379187 0.0000000 0.98975372 0.97943443
868522793 0.0000000 0.96970409 0.93873298
868964733 0.0000000 0.99915421 0.99829715
882844545 0.0000000 0.97445899 0.94764239
883382199 0.0000000 0.91663295 0.81968910
884800485 0.0000000 0.98199755 0.96384037
884800633 0.0000000 0.96214765 0.92195404
885153411 0.0000000 0.99559838 0.99115515
885163200 0.0000000 0.99034429 0.98068374
885338978 0.0000000 0.99348164 0.98693103
886836052 0.0000000 0.98989856 0.97952288
888302731 0.0000000 0.98902816 0.97808081
888303585 0.0000000 0.97393978 0.94773662
889317344 0.0000000 0.99029428 0.98064667
889596008 0.0000000 0.98806751 0.97592199
889636914 0.0000000 0.99455541 0.98903614
892980386 0.0000000 0.99077964 0.98160577
893747340 0.0000000 0.98827773 0.97644120
894067552 0.0000000 0.94170147 0.87611240
894087462 0.0000000 0.99579346 0.99155974
894238216 0.0000000 0.99868900 0.99717313
894747219 0.0000000 0.99456042 0.98899770
895144921 0.0000000 0.96123135 0.91968775
895222228 0.0000000 0.99290156 0.98581290
895422961 0.0000000 0.99123019 0.98251027
895825584 0.0000000 0.92484909 0.83641899
896509358 0.0000000 0.99654973 0.99301004
899724834 0.0000000 0.91792041 0.81752759
900181394 0.0000000 0.96848410 0.93445843
900651074 0.0000000 0.99879748 0.99756318
900701079 0.0000000 0.99644804 0.99286127
900781359 0.0000000 0.99830598 0.99647534
900871111 0.0000000 0.99385899 0.98772305
900952524 0.0000000 0.99091095 0.98185676
901305843 0.0000000 0.99845225 0.99674046
901786541 0.0000000 0.96375507 0.92483175
901877006 0.0000000 0.98313677 0.96561599
902801269 0.0000000 0.99816537 0.99595487
902970331 0.0000000 0.83090216 0.55344939
903265983 0.0000000 0.99778318 0.99538958
904013371 0.0000000 0.96080464 0.91987967
905363640 0.0000000 0.99263191 0.98525697
905409966 0.0000000 0.98780400 0.97552508
905583188 0.0000000 0.93128860 0.85026270
905664888 0.0000000 0.99796432 0.99586934
905697214 0.0000000 0.96212900 0.92310023
905921771 0.0000000 0.99831027 0.99631655
906395377 0.0000000 0.99905300 0.99799198
906915742 0.0000000 0.95804137 0.91281724
906973039 0.0000000 0.89559203 0.75969553
907937571 0.0000000 0.99714971 0.99417186
908081794 0.0000000 0.96131468 0.91864079
908297657 0.0000000 0.89539713 0.75610316
908665869 0.0000000 0.97580588 0.95062613
910076797 0.0000000 0.99757272 0.99509144
911341652 0.0000000 0.99843591 0.99649137
911471402 0.0000000 0.99633032 0.99264085
912019233 0.0000000 0.97450197 0.94843441
912118339 0.0000000 0.99401999 0.98746163
912320478 0.0000000 0.98702639 0.97407812
913597143 0.0000000 0.99478418 0.98951775
914291346 0.0000000 0.99425316 0.98850417
914495847 0.0000000 0.94843733 0.89306879
916122256 0.0000000 0.99744278 0.99481767
918942477 0.0000000 0.99162006 0.98313814
919479225 0.0000000 0.98661935 0.97312242
919691338 0.0000000 0.99869204 0.99688101
920174684 0.0000000 0.99081951 0.98165148
920668347 0.0000000 0.99821723 0.99636006
922458849 0.0000000 0.98407519 0.96779567
922945941 0.0000000 0.52892357 -1.9804549
923201942 0.0000000 0.99775279 0.99533647
923233981 0.0000000 0.96140647 0.92059076
923415279 0.0000000 0.97711879 0.95402259
923730743 0.0000000 0.99802125 0.99587876
925451079 0.0000000 0.98909569 0.97819024
925706822 0.0000000 0.91468209 0.81206477
925998383 0.0000000 0.96025664 0.91632771
926039004 0.0000000 0.99760389 0.99493700
926607950 0.0000000 0.93522757 0.85978615
926999002 0.0000000 0.99701852 0.99399906
927655854 0.0000000 0.89316964 0.75447178
928199401 0.0000000 0.98694015 0.97380018
928426302 0.0000000 0.99859488 0.99712145
928999079 0.0000000 0.99866986 0.99710613
929863441 0.0000000 0.94867510 0.89112896
930302321 0.0000000 0.84824580 0.61175573
930322043 0.0000000 0.95286745 0.90436494
931355593 0.0000000 0.99922913 0.99795091
931356389 0.0000000 0.98494256 0.96972948
931484211 0.0000000 0.98949629 0.97887290
931653898 0.0000000 0.85063195 0.62388933
931724710 0.0000000 0.99549770 0.99080527
932244360 0.0000000 0.95061702 0.89770281
936973100 0.0000000 0.99833733 0.99653143
937489447 213.25000 2.17128564E-02 0.0000000
937498321 223.90001 1.85132790E-02 0.0000000
943068575 0.0000000 0.99691188 0.99374294
943611150 0.0000000 0.99242455 0.98488051
943821740 0.0000000 0.99788880 0.99571598
943824350 0.0000000 0.99825084 0.99647874
943825521 0.0000000 0.43754181 -3.2862062
944504073 0.0000000 0.95756090 0.91198897
944668884 0.0000000 0.97006756 0.93828458
946556672 0.0000000 0.99555391 0.99107826
946866008 0.0000000 0.99781865 0.99552274
947114226 0.0000000 0.99799865 0.99598086
947114473 0.0000000 0.99804038 0.99590015
947647037 0.0000000 0.99553734 0.99103236
947656074 0.0000000 0.99434829 0.98869747
948390129 0.0000000 0.99811101 0.99609470
948631348 0.0000000 0.99582255 0.99165708
949249486 0.0000000 0.76015830 0.30162442
949263715 0.0000000 0.99783927 0.99547064
949566570 0.0000000 0.95411867 0.90493065
949603687 0.0000000 0.99434984 0.98869389
949879457 0.0000000 0.99522692 0.99041474
950224447 0.0000000 0.92759144 0.84257841
950650398 0.0000000 0.99848199 0.99684924
951234151 0.0000000 0.98822749 0.97647142
953907196 0.0000000 0.96848553 0.93546814
954673370 0.0000000 0.99716890 0.99431545
955161703 0.0000000 0.99670196 0.99335849
955676198 0.0000000 0.99517220 0.99034190
956035742 0.0000000 0.97231942 0.94348955
956153058 0.0000000 0.99724269 0.99446201
956694214 0.0000000 0.99801612 0.99592686
956994415 0.0000000 0.99496120 0.98990434
957620512 0.0000000 0.99891806 0.99758345
957716288 0.0000000 0.99585468 0.99170917
957743265 0.0000000 0.99595094 0.99181199
958533946 0.0000000 0.99857831 0.99682879
958534040 0.0000000 0.99828309 0.99637216
958587166 0.0000000 0.99177009 0.98358577
958663136 0.0000000 0.99858642 0.99704909
960256179 0.0000000 0.98578608 0.97141021
960661409 0.0000000 0.79754061 0.45314157
960661589 0.0000000 0.99756306 0.99467170
960661674 0.0000000 0.99725622 0.99416351
960754280 0.0000000 0.99780530 0.99545562
961116366 0.0000000 0.96686220 0.93230969
961368290 0.0000000 0.99725163 0.99400109
961399971 0.0000000 0.99719262 0.99400961
961451784 0.0000000 0.99823898 0.99580628
961469614 0.0000000 0.69460213 -6.40072823E-02
962192101 0.0000000 0.99381477 0.98759526
962853138 0.0000000 0.99037856 0.98079062
962873883 0.0000000 0.99651217 0.99296784
962965068 0.0000000 0.99687243 0.99358952
963509765 0.0000000 0.99532092 0.99060005
963525670 0.0000000 0.99846750 0.99676591
963533252 0.0000000 0.99862701 0.99691921
963559100 0.0000000 0.99223536 0.98450160
963567650 0.0000000 0.99701780 0.99397749
963568050 0.0000000 0.92986447 0.84803224
963585926 0.0000000 0.94953233 0.89458907
963615874 -5.00000007E-02 0.99712223 0.99408144
963717707 0.0000000 0.99902111 0.99755639
963816639 0.0000000 0.99893206 0.99720502
963981993 0.0000000 0.99904370 0.99756187
964476636 0.0000000 0.99758017 0.99507904
964816087 5.00000007E-02 0.99859107 0.99701118
965205271 0.0000000 0.99814868 0.99556363
965442747 0.0000000 0.98912847 0.97818851
965555500 0.0000000 0.99686503 0.99326491
965617867 0.0000000 0.99651641 0.99301332
966082949 0.0000000 0.99706078 0.99411273
966754777 0.0000000 0.98485219 0.96985263
966768493 0.0000000 0.99782985 0.99530423
966768672 0.0000000 0.98985374 0.97979945
966798273 0.0000000 0.98443013 0.96868467
966876143 0.0000000 0.99308789 0.98618871
966991756 0.0000000 0.99897301 0.99793196
967800278 0.0000000 0.99520576 0.99038666
968576086 0.0000000 0.99903345 0.99764884
968669370 0.0000000 0.99875015 0.99714410
968735354 0.0000000 0.93429971 0.86573440
968815712 0.0000000 0.91459835 0.80735523
968976446 0.0000000 0.99257618 0.98497969
969144830 0.0000000 0.99088210 0.98181707
969145452 0.0000000 0.99585265 0.99160343
969456259 0.0000000 0.96939850 0.93761468
969516246 0.0000000 0.93241549 0.85648620
970270882 0.0000000 0.99124771 0.98249304
972371517 0.0000000 0.99936247 0.99842763
972935645 0.0000000 0.99469447 0.98915052
975495633 0.0000000 0.99855983 0.99633425
975505300 0.0000000 0.99752378 0.99447149
976653172 0.0000000 0.99568182 0.99082583
977484180 0.0000000 0.99635696 0.99091369
977800861 0.0000000 0.95802653 0.90519357
977801150 0.0000000 0.34096104 -8.3852978
977994086 0.0000000 0.99721628 0.99361330
978113008 0.0000000 0.99858207 0.99693960
978169408 0.0000000 0.98073101 0.95774364
978205372 0.0000000 0.98049605 0.95719397
978476098 0.0000000 0.98788130 0.97325665
979067787 0.0000000 0.99718624 0.99402952
979069110 0.0000000 0.99562073 0.99064028
979202219 0.0000000 0.99817425 0.99612117
979204150 0.0000000 0.99677593 0.99292696
979609386 0.0000000 0.99814159 0.99597752
980206038 0.0000000 0.99689198 0.99304724
980698596 0.0000000 0.20017713 -30.407797
982365189 0.0000000 0.99775571 0.99494231
982527910 0.0000000 0.99873811 0.99715722
982955906 0.0000000 0.99613607 0.99025762
983077277 0.0000000 0.95923895 0.90781933
983464670 0.0000000 0.85163343 0.30301034
986938306 0.0000000 0.99079192 0.98157817
988100797 0.0000000 0.98969126 0.97929800
988336953 0.0000000 0.98792082 0.97528225
989765823 0.0000000 0.99068046 0.98134965
990117114 0.0000000 0.96970707 0.93578607
990630314 0.0000000 0.99637604 0.99267834
991455252 0.0000000 0.84235936 -397.58282
991634551 0.0000000 0.91866344 -461.75674
992438274 0.0000000 0.95120674 -515.19482
992486125 0.0000000 0.96277374 -521.04120
992592933 0.0000000 0.88611484 -427.87170
992927775 0.0000000 0.91656965 -444.91998
992929419 0.0000000 0.92591965 -472.80804
993581187 0.0000000 0.93854839 -497.46481
993854508 0.0000000 0.92219561 -469.37756
993874057 0.0000000 0.91722929 -452.03506
994007634 0.0000000 0.91037369 -456.18338
994692047 0.0000000 0.91136366 -457.81503
995024004 0.0000000 0.90539271 -458.80301
995162867 0.0000000 0.89895850 -441.42477
995890516 0.0000000 0.89636415 -408.74765
996113981 0.0000000 0.99414235 0.98818946
1000766684 0.0000000 0.99299926 0.98603994
1001410293 0.0000000 0.99170315 0.98345733
1001954970 0.0000000 0.99311250 0.98617339
1006580783 0.0000000 0.99315828 0.98625571
1007019252 0.0000000 0.99364001 0.98731238
1007572713 0.0000000 0.98782337 0.97527879
1007712455 0.0000000 0.98992437 0.97971946
1007972664 0.0000000 0.99468541 0.98912132
1008464695 0.0000000 0.98969525 0.97926146
1008648180 0.0000000 0.99324024 0.98652267
1008649429 0.0000000 0.99162930 0.98322773
1008650819 0.0000000 0.99125212 0.98248792
1008651467 0.0000000 0.99227858 0.98452204
1008652414 0.0000000 0.99222732 0.98429132
1008671685 0.0000000 0.99306446 0.98612046
1008686668 0.0000000 0.99441147 0.98814118
1008715277 0.0000000 0.99219304 0.98442608
1008786983 0.0000000 0.99290103 0.98583835
1008836107 0.0000000 0.99100161 0.98206979
1008890954 0.0000000 0.99213326 0.98431242
1009057225 0.0000000 0.99087363 0.98159862
1009168145 0.0000000 0.99345708 0.98693275
1009442091 0.0000000 0.99483478 0.98907071
1009500099 0.0000000 0.99436074 0.98846835
1010371507 0.0000000 0.99201274 0.98270828
1010509239 0.0000000 0.99225295 0.98444599
1011026056 0.0000000 0.99247062 0.98498607
1011031830 0.0000000 0.99192977 0.98374206
1011063499 0.0000000 0.99348158 0.98676533
1011682027 0.0000000 0.99448490 0.98897189
1012580587 0.0000000 0.99217629 0.98412895
1013484445 0.0000000 0.99059558 0.98007476
1013485377 0.0000000 0.99207687 0.98410237
1013486436 0.0000000 0.98949146 0.97903383
1014927282 0.0000000 0.99217945 0.98439264
1014972465 0.0000000 0.99406630 0.98815066
1015232666 0.0000000 0.99781978 0.99516255
1016105151 0.0000000 0.99524850 0.99051350
1016468323 0.0000000 0.99377602 0.98742473
1017159906 0.0000000 0.98694837 0.97389990
1017557569 0.0000000 0.99317175 0.98602211
1017557822 0.0000000 0.99194777 0.98377949
1017594576 0.0000000 0.99390870 0.98777109
1017816456 0.0000000 0.99327314 0.98654491
1017857170 0.0000000 0.99656850 0.99315172
1017925489 0.0000000 0.99364674 0.98732436
1018065946 0.0000000 0.99174440 0.98352957
1018137582 0.0000000 0.98984462 0.97976255
1018221645 0.0000000 0.99248248 0.98486859
1018414606 0.0000000 0.98940003 0.97890329
1018800484 0.0000000 0.99086559 0.98110604
1018898180 0.0000000 0.99279606 0.98483753
1019054808 0.0000000 0.99155843 0.98261350
1019292480 0.0000000 0.99478805 0.98908615
1019488470 0.0000000 0.99356282 0.98707068
1019673665 0.0000000 0.99387044 0.98736942
1020000226 0.0000000 0.99068952 0.98076272
1021004232 0.0000000 0.99293876 0.98589194
1021024958 0.0000000 0.99061000 0.98037785
1021028934 0.0000000 0.99287146 0.98532283
1021888184 0.0000000 0.99012113 0.98030740
1022604314 0.0000000 0.99365437 0.98734134
1022741620 0.0000000 0.99027884 0.98060626
1022779647 0.0000000 0.99462599 0.98926467
1024000827 0.0000000 0.98942238 0.97883672
1024039343 0.0000000 0.99285340 0.98575413
1024059173 0.0000000 0.99435228 0.98857546
1024224102 0.0000000 0.99315858 0.98634446
1024232773 0.0000000 0.98873526 0.97751999
1024881141 0.0000000 0.99526423 0.99052978
1026036068 0.0000000 0.99175620 0.98350847
1026372982 0.0000000 0.99400532 0.98802692
1026373076 0.0000000 0.99358684 0.98713273
1026374005 0.0000000 0.99265695 0.98533207
1026378668 0.0000000 0.99277246 0.98545456
1026562025 0.0000000 0.99331021 0.98664135
1026925041 0.0000000 0.99401319 0.98802793
1026933281 0.0000000 0.99330425 0.98632449
1026967951 0.0000000 0.99410266 0.98813903
1028885460 0.0000000 0.89414328 -428.06775
1028970195 0.0000000 0.94093174 -468.84814
1029367736 0.0000000 0.94171709 -465.84366
1030006163 0.0000000 0.87396801 -401.38562
1030375930 0.0000000 0.92409980 -454.53036
1030554334 0.0000000 0.99008131 0.98021352
1030628193 0.0000000 0.98882192 0.97734100
1030651553 0.0000000 0.98899269 0.97809583
1030859781 0.0000000 0.99462157 0.98851931
1030864055 0.0000000 0.99464351 0.98873550
1031310121 0.0000000 0.99300575 0.98424745
1031439572 0.0000000 0.98815745 0.97637081
1031647094 0.0000000 0.99243361 0.98451221
1032052013 0.0000000 0.99305379 0.98614371
1032134610 0.0000000 0.99134296 0.97824574
1032294371 0.0000000 0.99217176 0.98370242
1032315669 0.0000000 0.99014997 0.98025805
1032907402 0.0000000 0.98821884 0.97573781
1033103267 0.0000000 0.99293047 0.98570502
1033374913 0.0000000 0.99801177 0.99563992
1033690544 0.0000000 0.99135512 0.98275310
1033947513 0.0000000 0.99332869 0.98640549
1034070514 0.0000000 0.98699868 0.97406071
1034480608 0.0000000 0.99547368 0.99085623
1034923400 0.0000000 0.99606311 0.99126732
1034928298 0.0000000 0.99295074 0.98568314
1035149152 0.0000000 0.99358833 0.98679298
1035153178 0.0000000 0.99284571 0.98518836
1035197382 0.0000000 0.99523336 0.99040520
1035991040 0.0000000 0.98674601 0.97248840
1036098952 0.0000000 0.99419081 0.98780423
1036697273 0.0000000 0.99054360 0.98109406
1036697648 0.0000000 0.99123567 0.98251003
1036886824 0.0000000 0.98894900 0.97700763
1038324582 0.0000000 0.99382520 0.98759711
1038746116 0.0000000 0.99203593 0.98356462
1039232712 0.0000000 0.99313194 0.98585850
1039743025 0.0000000 0.99466532 0.98932451
1040450954 0.0000000 0.99369901 0.98725706
1040520314 0.0000000 0.99669671 0.99329013
1040644457 0.0000000 0.99513495 0.99000829
1040799690 0.0000000 0.98944259 0.97869378
1041632855 0.0000000 0.99027151 0.98043007
1042809813 0.0000000 0.99496365 0.98994285
1043607562 0.0000000 0.99266422 0.98513156
1044768063 0.0000000 0.99014759 0.97895521
1044817061 0.0000000 0.99304885 0.98598337
1045633623 0.0000000 0.99259329 0.98507464
1046065971 0.0000000 0.99276960 0.98558027
1046575544 0.0000000 0.99525166 0.99047279
1048808323 0.0000000 0.99193698 0.98390597
1049310522 0.0000000 0.99249285 0.98500413
1049353173 0.0000000 0.99320859 0.98618728
1051845960 0.0000000 0.99416679 0.98826396
1051900153 0.0000000 0.98687303 0.97367162
1052394722 0.0000000 0.89496607 0.75930369
1052961462 0.0000000 0.99547851 0.99078929
1053904321 0.0000000 0.99364674 0.98719537
1054395492 0.0000000 0.99553460 0.99101907
1054853585 0.0000000 0.99086022 0.98177183
1055123570 0.0000000 0.99177992 0.98228890
1055135284 0.0000000 0.99473453 0.98946565
1055234432 0.0000000 0.99274230 0.98551583
1055390332 0.0000000 0.99316096 0.98599535
1055425274 0.0000000 0.99611634 0.99075800
1055472531 0.0000000 0.98882663 0.97755170
1055510426 0.0000000 0.99322510 0.98611081
1055788418 0.0000000 0.99242419 0.98489773
1055803080 0.0000000 0.99140871 0.98274875
1056357316 0.0000000 0.99147558 0.98292649
1057028486 0.0000000 0.98797756 0.97554761
1057319282 0.0000000 0.99410325 0.98819077
1058108790 0.0000000 0.99110675 0.98223960
1058496080 0.0000000 0.98356199 0.96624255
1059102630 0.0000000 0.98727363 0.97422880
1059590191 0.0000000 0.99309140 0.98572356
1059850488 0.0000000 0.99127913 0.98256212
1059910523 0.0000000 0.98960602 0.97873724
1059994404 0.0000000 0.99258530 0.98518187
1060172588 0.0000000 0.99701720 0.99380589
1060619413 0.0000000 0.98737103 0.97456747
1061586322 0.0000000 0.98953557 0.97913796
1062262342 0.0000000 0.99291331 0.98582220
1063234506 0.0000000 0.99385983 0.98759043
1063264037 0.0000000 0.99197674 0.98397100
1064365712 0.0000000 0.99302691 0.98609495
1064533379 0.0000000 0.99348140 0.98559117
1065785029 0.0000000 0.99281418 0.98552454
1065790269 0.0000000 0.99321651 0.98619539
1065847269 0.0000000 0.99204314 0.98286289
1067505195 0.0000000 0.99113971 0.98231751
1068127124 0.0000000 0.99440438 0.98590463
1068356150 0.0000000 0.98963308 0.97930735
1068595355 0.0000000 0.99163342 0.98260462
1068804765 0.0000000 0.99534893 0.99004447
1068825242 0.0000000 0.98858666 0.97712404
1069412363 0.0000000 0.99387503 0.98776436
1070682432 0.0000000 0.98222053 0.96449143
1070692497 0.0000000 0.99551237 0.99079061
1070921046 0.0000000 0.99413198 0.98798680
1071031093 0.0000000 0.99157614 0.98315221
1071031176 0.0000000 0.99435323 0.98868012
1071031375 0.0000000 0.99324280 0.98646629
1071031628 0.0000000 0.99363059 0.98718095
1071031695 0.0000000 0.99288297 0.98572677
1071031744 0.0000000 0.99278724 0.98551959
1071031844 0.0000000 0.99309123 0.98609203
1071031926 0.0000000 0.99134588 0.98269135
1071033611 0.0000000 0.99348933 0.98697788
1071033625 0.0000000 0.99348998 0.98697847
1071035006 0.0000000 0.99394804 0.98787981
1071038489 0.0000000 0.99333352 0.98646629
1071042579 0.0000000 0.99302310 0.98604578
1071043831 0.0000000 0.99291950 0.98587346
1071046005 0.0000000 0.99445808 0.98890674
1071046239 0.0000000 0.99445581 0.98870856
1071074159 0.0000000 0.99451780 0.98884976
1071095531 0.0000000 0.99340749 0.98666662
1071100910 0.0000000 0.99400312 0.98778462
1071109335 0.0000000 0.99390310 0.98733068
1071169499 0.0000000 0.99535638 0.99071914
1071182968 0.0000000 0.99229085 0.98456275
1071183209 0.0000000 0.99209368 0.98422188
1071183435 0.0000000 0.99388921 0.98780435
1071443800 0.0000000 0.99433410 0.98788792
1071583019 0.0000000 0.99535674 0.99055344
1071584001 0.0000000 0.99423200 0.98791027
1071678445 0.0000000 0.99533463 0.99063295
1071725608 0.0000000 0.99513668 0.99028730
1072705310 0.0000000 0.99187368 0.98376662
1072926918 0.0000000 0.99305636 0.98610926
1073300844 0.0000000 0.99173361 0.98348141
1073475853 0.0000000 0.99163818 0.98295510
1073756920 0.0000000 0.99037325 0.97988129
1073986141 0.0000000 0.99421716 0.98842460
1073994067 0.0000000 0.99041700 0.98092151
1075317204 0.0000000 0.99127048 0.98261881
1075317446 0.0000000 0.99056816 0.98120135
1075318489 0.0000000 0.99338990 0.98681277
1075466599 0.0000000 0.98992622 0.97959036
1075865039 0.0000000 0.99265182 0.98534942
1076851926 0.0000000 0.99232656 0.98458558
1076884025 0.0000000 0.99673265 0.99328125
1077531525 0.0000000 0.99290055 0.98571014
1077584107 0.0000000 0.99340963 0.98675036
1078321829 0.0000000 0.98858202 0.97621548
1079154231 0.0000000 0.99505836 0.98944396
1080241624 0.0000000 0.99366522 0.98715472
1081488818 0.0000000 0.99415475 0.98688108
1082397083 0.0000000 0.99548030 0.99059206
1082563195 0.0000000 0.99351710 0.98705310
1082729069 0.0000000 0.99546856 0.99077356
1082820030 0.0000000 0.99771315 0.99516255
1083398171 0.0000000 0.99426854 0.98796439
1083961065 0.0000000 0.99430990 0.98781037
1084003366 0.0000000 0.99213535 0.98402023
1084082541 0.0000000 0.99557149 0.99109417
1084133207 0.0000000 0.99117720 0.98058391
1084597670 0.0000000 0.98802739 0.97618049
1084687448 0.0000000 0.99288392 0.98575377
1084950252 0.0000000 0.99200505 0.98403573
1085103239 0.0000000 0.99412787 0.98786432
1085390106 0.0000000 0.98435020 0.96893150
1086195389 0.0000000 0.99482208 0.98948348
1086315872 0.0000000 0.99319941 0.98627132
1086883086 0.0000000 0.99470961 0.98944092
1087613581 0.0000000 0.99354631 0.98701656
1089099122 0.0000000 0.99334687 0.98499787
1089113880 0.0000000 0.99167740 0.98341846
1089371968 0.0000000 0.99368578 0.98708755
1090478200 0.0000000 0.99424863 0.98768628
1091970746 0.0000000 0.98474211 0.96966344
1092861100 0.0000000 0.99614322 0.99214774
1093118276 0.0000000 0.99107003 0.98175573
1093908136 0.0000000 0.98792267 0.97594744
1095475955 0.0000000 0.99191135 0.98380601
1097813330 0.0000000 0.99183613 0.98370165
1098848984 0.0000000 0.99309307 0.98554718
1099928102 0.0000000 0.99191070 0.98384625
1099929295 0.0000000 0.99301654 0.98588550
1099929521 0.0000000 0.99086237 0.98172587
1099931589 0.0000000 0.99107832 0.98206526
1099942690 0.0000000 0.99221116 0.98443878
1100098082 0.0000000 0.99319422 0.98642492
1100139404 0.0000000 0.99360561 0.98718387
1100237223 0.0000000 0.99328226 0.98620117
1100955874 0.0000000 0.98841977 0.97660702
1103674687 0.0000000 0.99392343 0.98755062
1105287429 0.0000000 0.92497629 0.83613688
1105405102 0.0000000 0.99220133 0.98441035
1105536640 0.0000000 0.99081886 0.98164141
1105765351 0.0000000 0.99184477 0.98129600
1106056455 0.0000000 0.98874134 0.97750992
1106207236 0.0000000 0.99612689 0.99160916
1108162580 0.0000000 0.99454552 0.98878926
1108757898 0.0000000 0.99445403 0.98888326
1108761568 0.0000000 0.99374533 0.98751420
1110049611 0.0000000 0.99157763 0.98308754
1110049680 0.0000000 0.99226058 0.98427463
1110050185 0.0000000 0.99299854 0.98603445
1110050874 0.0000000 0.98942703 0.97885102
1110568232 0.0000000 0.99349743 0.98660874
1111274786 0.0000000 0.99411064 0.98810500
1113182839 0.0000000 0.99381208 0.98741227
1113208093 0.0000000 0.99250472 0.98504364
1113260515 0.0000000 0.99477220 0.98955733
1113331351 0.0000000 0.99450445 0.98862183
1114345058 0.0000000 0.99170756 0.98344398
1114872497 0.0000000 0.99633217 0.99174958
1114872533 0.0000000 0.99288636 0.98578000
1114872543 0.0000000 0.99388921 0.98753256
1114981677 0.0000000 0.99129075 0.98142976
1115167250 0.0000000 0.99581772 0.99106658
1115910658 0.0000000 0.99075741 0.98144746
1115942660 0.0000000 0.99531054 0.99054277
1116353193 0.0000000 0.99025869 0.98031729
1117405041 0.0000000 0.99400234 0.98780137
1117642805 0.0000000 0.99147654 0.98296636
1118162704 0.0000000 0.99484682 0.98958981
1118367166 0.0000000 0.99446726 0.98883462
1118396676 0.0000000 0.99495101 0.98990309
1118501300 0.0000000 0.99636877 0.99248624
1118677980 0.0000000 0.99249083 0.98333979
1118868304 0.0000000 0.98008788 0.96012437
1119087065 0.0000000 0.99697566 0.99394059
1119729025 0.0000000 0.99190980 0.98365021
1119876655 0.0000000 0.98685545 0.97370040
1121472051 0.0000000 0.99275309 0.98544246
1121864763 0.0000000 0.98940319 0.97828102
1122385024 0.0000000 0.99335837 0.98583573
1122618639 0.0000000 0.99250829 0.98467249
1122777951 0.0000000 0.99084508 0.98129070
1125373372 0.0000000 0.99318659 0.98635602
1125685516 0.0000000 0.99128312 0.98263109
1125969360 0.0000000 0.99399090 0.98767626
1127055473 0.0000000 0.99168193 0.98300964
1127456637 0.0000000 0.99303639 0.98607725
1127471662 0.0000000 0.99307531 0.98611307
1127494190 0.0000000 0.99298626 0.98600900
1127760620 0.0000000 0.99410188 0.98804981
1128153007 0.0000000 0.99047279 0.98088503
1128174696 0.0000000 0.98820341 0.97652006
1128475640 0.0000000 0.99556601 0.99086511
1128528995 0.0000000 0.99034894 0.97999799
1128891916 0.0000000 0.98508328 0.97007084
1128923244 0.0000000 0.99330461 0.98660988
1129069430 0.0000000 0.97689104 0.95311397
1129155495 0.0000000 0.99119377 0.98227799
1129246313 0.0000000 0.98825163 0.97663605
1129324370 0.0000000 0.98860902 0.97734195
1129391464 0.0000000 0.99348092 0.98532808
1129907016 0.0000000 0.96590823 0.93040341
1130249327 0.0000000 0.98701674 0.97419107
1131428965 0.0000000 0.99466580 0.98929387
1131431840 0.0000000 0.99322057 0.98589909
1132062095 0.0000000 0.99414051 0.98828107
1132132485 0.0000000 0.99375778 0.98744792
1132148341 0.0000000 0.99158090 0.98319423
1132166999 0.0000000 0.99008900 0.98027235
1132661855 0.0000000 0.98938286 0.97877645
1132975230 0.0000000 0.99250472 0.98487157
1133111580 0.0000000 0.98984563 0.97894043
1133304109 0.0000000 0.98790967 0.97595519
1133601723 0.0000000 0.99320531 0.98639536
1133908462 0.0000000 0.99296314 0.98590177
1134710133 0.0000000 0.99278378 0.98549473
1135808248 0.0000000 0.99464172 0.98923409
1135976852 0.0000000 0.99426305 0.98825455
1136739698 0.0000000 0.99451965 0.98877603
1137913657 0.0000000 0.99453503 0.98905748
1137989937 0.0000000 0.99192208 0.98364544
1137990003 0.0000000 0.99121863 0.98198146
1138288259 0.0000000 0.99137670 0.98276180
1139284609 0.0000000 0.96953511 0.93908978
1139326915 0.0000000 0.98827493 0.97614330
1140725945 0.0000000 0.98582023 0.97041118
1140746150 0.0000000 0.99302608 0.98593712
1141877248 0.0000000 0.99832588 0.99657738
1142029462 0.0000000 0.99144101 0.98271620
1142229311 0.0000000 0.99282801 0.98565626
1142709582 0.0000000 0.99263656 0.98495620
1143536168 0.0000000 0.99421728 0.98777300
1143616861 0.0000000 0.99055356 0.98071450
1143885739 0.0000000 0.99658680 0.99308884
1143885924 0.0000000 0.99651462 0.99302804
1143888020 0.0000000 0.99578643 0.99157459
1144129163 0.0000000 0.99719131 0.99436247
1144133312 0.0000000 0.99726772 0.99442524
1144179006 0.0000000 0.99481916 0.98965245
1144806135 0.0000000 0.99789691 0.99553740
1145140855 0.0000000 0.99643636 0.99252367
1145323561 0.0000000 0.99755913 0.99495512
1146215126 0.0000000 0.99815619 0.99625653
1146944291 0.0000000 0.85861784 0.63687944
1146966782 0.0000000 0.99567920 0.99136406
1147258751 0.0000000 0.99584812 0.99164724
1149411961 0.0000000 0.99689204 0.99376494
1149467938 0.0000000 0.99581832 0.99112582
1149638545 0.0000000 0.99474245 0.98947400
1149771133 0.0000000 0.99603152 0.99203116
1150128882 0.0000000 0.99686736 0.99368215
1151387381 250.70000 1.10085728E-02 0.0000000
1154072410 -50.450001 2.94492021E-02 0.0000000
1154182305 -24.200001 1.98061857E-02 0.0000000
1155212722 -23.250000 2.96407249E-02 0.0000000
1155340266 -51.450001 1.99484974E-02 0.0000000
1155354114 -50.950001 2.38020644E-02 0.0000000
1155443514 -58.400002 1.72931794E-02 0.0000000
1156044082 -41.750000 1.56773757E-02 0.0000000
1156698676 -65.800003 3.65217850E-02 0.0000000
1158266854 0.0000000 0.99437433 0.98467982
1159598968 0.0000000 0.99527973 0.98828328
1159684577 0.0000000 0.99689114 0.99140924
1160388105 0.0000000 0.99657035 0.99194694
1160392104 0.0000000 0.99723727 0.99340987
1160549032 0.0000000 0.99668014 0.99201542
1160664389 0.0000000 0.99606466 0.99014318
1163299258 0.0000000 0.99550653 0.98892802
1163456967 0.0000000 0.99630004 0.99117100
1163641819 0.0000000 0.99580127 0.99011028
1164570370 0.0000000 0.99371147 0.98719704
1165358160 0.0000000 0.99432135 0.98785067
1165368969 0.0000000 0.99104363 0.98213214
1166094636 0.0000000 0.99383515 0.98712027
1166561075 0.0000000 0.99382466 0.98714530
1166894907 0.0000000 0.99350452 0.98655289
1167121204 0.0000000 0.99358594 0.98609912
1167135981 0.0000000 0.99585789 0.99151766
1167136317 0.0000000 0.99474186 0.98905307
1167136455 0.0000000 0.99473667 0.98905510
1167136825 0.0000000 0.99507391 0.99012417
1167144800 0.0000000 0.99497753 0.98957330
1167147704 0.0000000 0.99637789 0.99274868
1167154513 0.0000000 0.99596661 0.99173725
1167186639 0.0000000 0.99624777 0.99182451
1167298740 0.0000000 0.99001771 0.98011672
1167318376 0.0000000 0.89588666 0.75662601
1167324678 0.0000000 0.99211842 0.98399508
1167592780 0.0000000 0.98438334 0.96879762
1167604646 0.0000000 0.99146241 0.98282415
1168792515 0.0000000 0.99022204 0.98045152
1168917035 0.0000000 0.99512476 0.98974442
1169006425 0.0000000 0.99333113 0.98611039
1169712716 0.0000000 0.98407185 0.96821666
1169722755 0.0000000 0.99132872 0.98235184
1170262059 0.0000000 0.99275517 0.98553836
1170524118 0.0000000 0.99471104 0.98943931
1171366614 0.0000000 0.99000722 0.97992176
1171423577 0.0000000 0.99598026 0.99133044
1171423831 0.0000000 0.99531394 0.99015939
1171832699 0.0000000 0.99581021 0.99120647
1172178017 0.0000000 0.99648684 0.99284542
1173308237 0.0000000 0.99501526 0.98972702
1173368256 0.0000000 0.99051607 0.98036140
1174197233 0.0000000 0.98706871 0.97408372
1175309106 0.0000000 0.98594165 0.97195715
1175583473 0.0000000 0.99275851 0.98542321
1176242685 0.0000000 0.98517954 0.97012377
1177115546 0.0000000 0.99599069 0.99193388
1177175308 0.0000000 0.99404854 0.98775625
1178992210 0.0000000 0.99175340 0.98329872
1180238725 0.0000000 0.98880011 0.97768611
1180618796 0.0000000 0.99388754 0.98766953
1181939353 0.0000000 0.99515754 0.98980850
1182196765 0.0000000 0.98978341 0.97963661
1182265663 0.0000000 0.99214840 0.98432046
1182396227 0.0000000 0.99363381 0.98707956
1182398897 0.0000000 0.99575031 0.99150383
1184629372 0.0000000 0.99424237 0.98830521
1185198002 0.0000000 0.99026787 0.97952116
1185799546 0.0000000 0.98338979 0.96703637
1185861072 0.0000000 0.98908639 0.97825807
1186620947 0.0000000 0.99117076 0.98240948
1186786330 0.0000000 0.99460882 0.98884791
1188350129 0.0000000 0.99503690 0.98980266
1188356416 0.0000000 0.99258804 0.98509783
1188908193 0.0000000 0.99358660 0.98683089
1188950111 0.0000000 0.98657298 0.97326034
1190442424 0.0000000 0.99204892 0.98365122
1191742755 0.0000000 0.99457258 0.98906195
1192071901 0.0000000 0.99153948 0.98246056
1192632000 0.0000000 0.99446464 0.98893946
1193967194 0.0000000 0.98586392 0.97178918
1194476053 0.0000000 0.99397039 0.98583883
1196283913 0.0000000 0.99031645 0.98027807
1196818902 0.0000000 0.99601924 0.99204624
1196950527 0.0000000 0.99484134 0.98855788
1197715613 0.0000000 0.98934722 0.97821218
1198522115 0.0000000 0.99287963 0.98575801
1200543890 0.0000000 0.72049242 0.13721216
1200856359 0.0000000 0.99379015 0.98710078
1201442068 0.0000000 0.98577487 0.97149974
1203280382 0.0000000 0.99507260 0.98928082
1203409866 0.0000000 0.99080437 0.98167467
1203790455 0.0000000 0.99463707 0.98915917
1204138448 0.0000000 0.99337697 0.98678458
1204304285 0.0000000 0.99339813 0.98643339
1204490434 0.0000000 0.95109081 0.89808989
1204651907 0.0000000 0.99437827 0.98846823
1204651936 0.0000000 0.99592906 0.99185973
1204670552 0.0000000 0.99526548 0.99032241
1207186072 0.0000000 0.98887479 0.97601497
1208187584 0.0000000 0.99592513 0.99107307
1208931881 0.0000000 0.99563646 0.99068975
1208975321 0.0000000 0.99540073 0.99065703
1208982088 0.0000000 0.99362355 0.98706865
1208988255 0.0000000 0.99648458 0.99256802
1208988552 0.0000000 0.99492764 0.98977584
1209105937 0.0000000 0.99427807 0.98848939
1209216223 0.0000000 0.96651143 0.92881840
1209291757 0.0000000 0.99107963 0.98222178
1209339084 0.0000000 0.99665815 0.99283069
1209362380 0.0000000 0.99366570 0.98686999
1209543825 0.0000000 0.95775867 0.91317964
1209563099 0.0000000 0.98899269 0.97793412
1209583346 0.0000000 0.98478776 0.96972233
1209820628 0.0000000 0.99110061 0.98217076
1209877317 0.0000000 0.98595899 0.97133011
1210448520 0.0000000 0.99180794 0.98320758
1210560189 0.0000000 0.99247354 0.98498940
1210633064 0.0000000 0.99103355 0.98162758
1210703275 0.0000000 0.99323142 0.98623163
1212285435 0.0000000 0.99149227 0.98073691
1212339563 0.0000000 0.98276776 0.96559006
1213107823 0.0000000 0.95801860 0.91297960
1213158817 0.0000000 0.98984611 0.97932214
1213486164 0.0000000 0.99527228 0.99003869
1214086760 0.0000000 0.99143356 0.98291397
1214128508 0.0000000 0.99426526 0.98845923
1214211456 0.0000000 0.87785167 0.71582711
1214561217 0.0000000 0.97114205 0.94109017
1215221786 0.0000000 0.95789170 0.91486114
1215745668 0.0000000 0.98937201 0.97874832
1215812106 0.0000000 0.99190372 0.98378903
1215812707 0.0000000 0.98752338 0.97518778
1215839910 0.0000000 0.99429190 0.98787379
1215843106 0.0000000 0.99554896 0.99019063
1215961116 0.0000000 0.99048591 0.98105329
1216126809 0.0000000 0.98796618 0.97601497
1216904067 0.0000000 0.98708183 0.97397298
1217616949 0.0000000 0.99550039 0.99063796
1218233114 0.0000000 0.99297637 0.98590386
1218994676 0.0000000 0.99214822 0.98381716
1219291482 0.0000000 0.97411066 0.94880003
1219301591 0.0000000 0.99297673 0.98544425
1219723710 0.0000000 0.98433834 0.96856213
1219772880 0.0000000 0.99387926 0.98765659
1219869253 0.0000000 0.99432993 0.98820215
1220179542 0.0000000 0.99253708 0.98511177
1220742036 0.0000000 0.99222589 0.98380297
1220946193 0.0000000 0.99075741 0.97910756
1221047734 0.0000000 0.98897499 0.97794795
1222614737 0.0000000 0.99094272 0.98187226
1225404477 0.0000000 0.99093676 0.98174191
1225442295 0.0000000 0.99761009 0.99517256
1228187814 0.0000000 0.99302423 0.98576254
1228684717 0.0000000 0.99256390 0.98513275
1229260451 0.0000000 0.99073243 0.98151016
1229658996 0.0000000 0.94309944 0.88052332
1229990683 0.0000000 0.99142891 0.98206979
1230216280 0.0000000 0.99400216 0.98742110
1230600687 0.0000000 0.99285054 0.98367923
1230860391 0.0000000 0.99114650 0.98236430
1231020274 0.0000000 0.99585700 0.98972416
1231041233 0.0000000 0.99145204 0.98267329
1232714291 0.0000000 0.99135846 0.98227119
1232804891 0.0000000 0.98922217 0.97826034
1233928332 0.0000000 0.99193990 0.98360240
1234166319 0.0000000 0.81980759 0.54978651
1234201315 0.0000000 0.97338051 0.94633412
1234214675 0.0000000 0.98808521 0.97530758
1236731039 0.0000000 0.98973215 0.97940195
1236854628 0.0000000 0.98858690 0.97728395
1237014105 0.0000000 0.99003500 0.97926915
1237159221 0.0000000 0.98815292 0.97604811
1237164701 0.0000000 0.99036998 0.97977895
1237551366 0.0000000 0.98739362 0.97421521
1237619839 0.0000000 0.99045312 0.98046529
1239235949 0.0000000 0.99356276 0.98688930
1239971868 0.0000000 0.99148923 0.98195612
1240678955 0.0000000 0.98921514 0.97754604
1242397863 0.0000000 0.99509662 0.99002677
1242709695 0.0000000 0.98660105 0.97321737
1243376855 0.0000000 0.99189347 0.98309064
1244248765 0.0000000 0.99181324 0.98259205
1245087845 0.0000000 0.98817956 0.97617501
1245407408 0.0000000 0.99127173 0.98200727
1245469469 0.0000000 0.98987669 0.97972441
1245877793 0.0000000 0.99271530 0.98544049
1245881452 0.0000000 0.99255532 0.98516393
1246167876 0.0000000 0.99467230 0.98869258
1246181696 0.0000000 0.99536324 0.99014276
1246182765 0.0000000 0.99483556 0.98970062
1246208530 0.0000000 0.99541426 0.99051148
1246208539 0.0000000 0.99541450 0.99051195
1246598451 0.0000000 0.99380714 0.98758119
1246598488 0.0000000 0.99396116 0.98786575
1246614635 0.0000000 0.99293488 0.98591369
1246985947 0.0000000 0.99238145 0.98481786
1247508302 0.0000000 0.99401468 0.98803061
1247516932 0.0000000 0.99270493 0.98544306
1247654255 0.0000000 0.99825239 0.99642372
1247741293 0.0000000 0.98938394 0.97872001
1247769767 0.0000000 0.99162531 0.98327744
1248159491 0.0000000 0.99529713 0.98986471
1248570012 0.0000000 0.99367917 0.98739523
1248588659 0.0000000 0.98977077 0.97940606
1248872986 0.0000000 0.99386996 0.98768282
1248886386 0.0000000 0.99341601 0.98681468
1249212887 0.0000000 0.98347503 0.96721512
1250467545 0.0000000 0.98897892 0.97794431
1250503855 0.0000000 0.99377346 0.98758060
1250504106 0.0000000 0.99224508 0.98449069
1250601456 0.0000000 0.99299443 0.98601967
1250639275 0.0000000 0.99320924 0.98636138
1250703707 0.0000000 0.99145561 0.98248720
1250777890 0.0000000 0.99402720 0.98809361
1250888264 0.0000000 0.99346310 0.98696780
1250911490 0.0000000 0.99303210 0.98596573
1252249816 0.0000000 0.99214149 0.98412579
1252757125 0.0000000 0.98926687 0.97863269
1254591366 0.0000000 0.99181706 0.98370105
1254664936 0.0000000 0.99049348 0.97960877
1255243328 0.0000000 0.99395180 0.98789853
1256244384 0.0000000 0.99401408 0.98693377
1256252705 0.0000000 0.99501777 0.98984784
1256431794 0.0000000 0.98986924 0.97978550
1257413577 0.0000000 0.57903051 -6.3706617
1257413887 0.0000000 0.99537271 0.99065393
1257420861 0.0000000 0.64581811 -0.14935803
1257678569 0.0000000 0.99255490 0.98478186
1258065617 0.0000000 0.99247837 0.98477310
1258296469 0.0000000 0.99133205 0.98153466
1258824471 0.0000000 0.99144167 0.98194253
1258926370 0.0000000 0.98649013 0.97312886
1260564405 0.0000000 0.99364603 0.98703700
1260692005 0.0000000 0.99726319 0.99450839
1261227736 0.0000000 0.98535645 0.97038406
1261227864 0.0000000 0.98827732 0.97668594
1261228557 0.0000000 0.99296612 0.98597693
1261232031 0.0000000 0.99289888 0.98423856
1261235533 0.0000000 0.99276680 0.98551214
1261275144 0.0000000 0.99236119 0.98477322
1261713375 0.0000000 0.99345541 0.98692179
1261922241 0.0000000 0.98827380 0.97664613
1262034644 0.0000000 0.99418879 0.98830509
1262237921 0.0000000 0.99068165 0.98144144
1262343689 0.0000000 0.99189973 0.98378921
1262367286 0.0000000 0.99314874 0.98616105
1262622742 0.0000000 0.96864152 0.93623519
1262633257 0.0000000 0.98905623 0.97822595
1263881366 0.0000000 0.98837274 0.97684377
1265523000 0.0000000 0.99124795 0.98221272
1265599504 0.0000000 0.99048257 0.98061615
1265691729 0.0000000 0.99340683 0.98665410
1265942558 0.0000000 0.97708857 0.95443106
1266289887 0.0000000 0.99386662 0.98773217
1266816064 0.0000000 0.99363971 0.98728120
1267146477 0.0000000 0.99478990 0.98950744
1267162697 0.0000000 0.99102455 0.98204112
1267661932 0.0000000 0.99298888 0.98602390
1267662287 0.0000000 0.99406791 0.98812473
1267686434 0.0000000 0.99285543 0.98572910
1267690576 0.0000000 0.99454534 0.98850209
1268040382 0.0000000 0.99682230 0.99292511
1268902896 0.0000000 0.99207574 0.98388529
1268931240 0.0000000 0.99234116 0.98451984
1269644874 0.0000000 0.99336100 0.98673797
1270335780 0.0000000 0.99060279 0.98050606
1270813793 0.0000000 0.99000019 0.98005116
1270961850 0.0000000 0.99351752 0.98684567
1270999307 0.0000000 0.98214835 0.96389747
1271168968 0.0000000 0.99178922 0.98344851
1271191748 0.0000000 0.99225867 0.98451912
1271987388 0.0000000 0.99177247 0.98301822
1272194052 0.0000000 0.99347383 0.98698062
1272250791 0.0000000 0.98858786 0.97729796
1272823213 0.0000000 0.99285251 0.98573470
1274901407 0.0000000 0.99195415 0.98361284
1276535865 0.0000000 0.99754792 0.99331266
1276561877 0.0000000 0.99570352 0.99086523
1276823323 0.0000000 0.99674058 0.99331695
1277440084 0.0000000 0.99023730 0.98047328
1277575551 0.0000000 0.98958719 0.97872502
1277670806 0.0000000 0.99440670 0.98878890
1278097892 0.0000000 0.99451208 0.98895299
1278515743 0.0000000 0.99376583 0.98746067
1278618217 0.0000000 0.98895133 0.97712946
1278636079 0.0000000 0.99430531 0.98833942
1279357457 0.0000000 0.99337441 0.98672640
1279458204 0.0000000 0.99244946 0.98480159
1280029930 0.0000000 0.98653460 0.97324479
1280553485 0.0000000 0.99415141 0.98779219
1280563997 0.0000000 0.99066079 0.98131287
1280587745 0.0000000 0.99556494 0.99113452
1281476617 0.0000000 0.99373406 0.98746884
1283157909 0.0000000 0.98313636 0.42925078
1283540817 0.0000000 0.98175567 0.55944550
1284039008 0.0000000 0.98241258 0.49535811
1284244867 0.0000000 0.98133391 0.47717553
1284952628 0.0000000 0.99191117 0.67059338
1285350982 0.0000000 0.98474813 0.46339250
1285695233 0.0000000 0.98489493 0.52040225
1285876560 0.0000000 0.99374014 0.98745143
1286047392 0.0000000 0.99376178 0.98754025
1286198915 0.0000000 0.99472684 0.98943990
1286865806 0.0000000 0.99459332 0.18697268
1287036373 0.0000000 0.99471599 2.84572244E-02
1289221280 0.0000000 0.99225736 0.43715763
1289567329 0.0000000 0.99526203 0.11967635
1289576340 0.0000000 0.99600160 7.69255757E-02
1290342705 0.0000000 0.98862189 0.96702009
1290784424 0.0000000 0.99611145 0.99214888
1290799240 0.0000000 0.99466664 0.98933887
1291601652 0.0000000 0.99504781 0.98961478
1291689974 0.0000000 0.99248528 0.98496175
1291927327 0.0000000 0.99514061 0.43943375
1292000461 0.0000000 0.98586226 0.38022923
1294804388 0.0000000 0.99640602 0.99280876
1296507195 0.0000000 0.99661553 0.99301273
1296548191 0.0000000 0.99613768 0.99228036
1297058102 0.0000000 0.99817699 0.99609882
1297342916 0.0000000 0.99462652 0.98927295
1297754297 0.0000000 0.99181342 0.98234767
1298970247 0.0000000 0.99203849 0.98406166
1299845150 0.0000000 0.99441570 0.98884684
1300123317 0.0000000 0.99744701 0.99484396
1300281136 0.0000000 0.99680167 0.99359179
1300608051 0.0000000 0.99727261 0.99454659
1301123952 0.0000000 0.99197644 0.98397440
1301458951 0.0000000 0.99860132 0.99718773
1301964194 0.0000000 0.99482054 0.98907614
1302916270 0.0000000 0.99538195 0.99068373
1302961193 0.0000000 0.99545383 0.99092013
1303685617 0.0000000 0.99465692 0.98864627
1304080155 0.0000000 0.99466175 0.98931742
1304082768 0.0000000 0.99606645 0.99214226
1304152538 0.0000000 0.98909688 0.97812903
1304437954 0.0000000 0.99486208 0.98970979
1304717510 0.0000000 0.99630386 0.99228972
1304757333 0.0000000 0.99713546 0.99422640
1306028051 0.0000000 0.99781370 0.99559617
1306098435 0.0000000 0.99313343 0.98475945
1306261925 0.0000000 0.99655211 0.99309975
1307034472 0.0000000 0.99511486 0.98972887
1307669122 0.0000000 0.99595082 0.99189323
1308478735 0.0000000 0.99171883 0.98349553
1309048281 0.0000000 0.99636036 0.99271441
1309094354 0.0000000 0.97339064 0.94744432
1309326569 0.0000000 0.98947805 0.97869664
1309474048 0.0000000 0.99504882 0.99010658
1309601047 0.0000000 0.99613583 0.99227172
1309696244 0.0000000 0.99102288 0.98204249
1309953539 0.0000000 0.99656457 0.99292582
1310469430 0.0000000 0.99438506 0.98863083
1310541580 0.0000000 0.99561149 0.99080521
1310928323 0.0000000 0.99559575 0.99120462
1311000534 0.0000000 0.99522650 0.99033141
1311084070 0.0000000 0.99819475 0.99625432
1311142337 0.0000000 0.99619073 0.99230009
1311692424 0.0000000 0.99567074 0.99132109
1313100452 0.0000000 0.99493438 0.98980290
1314264913 0.0000000 0.99656147 0.99287790
1314789752 0.0000000 0.99669647 0.99338472
1315538819 0.0000000 0.99521732 0.99010128
1315635988 0.0000000 0.99453473 0.98886204
1315804512 0.0000000 0.99511021 0.99015123
1316643513 0.0000000 0.99698263 0.99395150
1316653258 0.0000000 0.99639297 0.99280018
1317835272 0.0000000 0.94241875 0.87487894
1318175665 0.0000000 0.99664736 0.99300539
1318478724 0.0000000 0.99557245 0.99113590
1319945023 0.0000000 0.99404597 0.98796332
1320074224 0.0000000 0.99338442 0.98553187
1320721143 0.0000000 0.99528074 0.99055523
1321061921 0.0000000 0.99618793 0.99236220
1322787324 0.0000000 0.99648118 0.99294817
1322993584 0.0000000 0.99328727 0.98631716
1323861170 0.0000000 0.99429089 0.98830605
1323909341 0.0000000 0.99475658 0.98950195
1324582798 0.0000000 0.99659234 0.99319273
1325660397 0.0000000 0.99764746 0.99521524
1326181267 0.0000000 0.99379718 0.98762631
1326728445 0.0000000 0.99584007 0.99169827
1327107001 0.0000000 0.99547964 0.99095595
1327480583 0.0000000 0.99580228 0.99159980
1327824459 0.0000000 0.99438119 0.98878455
1328324062 0.0000000 0.99572164 0.99137384
1328459111 0.0000000 0.99625856 0.99227899
1330223700 0.0000000 0.99614704 0.99148792
1330883534 0.0000000 0.99448013 0.98896956
1332071890 0.0000000 0.99398339 0.98782641
1332086295 0.0000000 0.99384511 0.98754829
1332373478 0.0000000 0.99642658 0.99281776
1333258441 0.0000000 0.99503517 0.98994458
1333828758 0.0000000 0.99651182 0.99295121
1333921411 0.0000000 0.99648577 0.99292117
1334227165 0.0000000 0.99660397 0.99319768
1334800688 0.0000000 0.99587268 0.99171746
1335409258 0.0000000 0.97928399 0.95758396
1335538115 0.0000000 0.99463761 0.98894489
1338362741 0.0000000 0.99647480 0.99283880
1338842309 0.0000000 0.99519354 0.99039406
1338890190 0.0000000 0.99642313 0.99284226
1338944914 0.0000000 0.99512726 0.99027002
1338944979 0.0000000 0.99507499 0.99016696
1338945045 0.0000000 0.99457765 0.98916686
1339216879 0.0000000 0.99775767 0.99488688
1339275618 0.0000000 0.99336869 0.98653746
1339278860 0.0000000 0.99517101 0.99033314
1339309409 0.0000000 0.99503958 0.99001491
1339575740 0.0000000 0.99363154 0.98677361
1339598466 0.0000000 0.99336493 0.98671246
1339646879 0.0000000 0.99721074 0.99423528
1339690513 0.0000000 0.99545139 0.99078363
1339923712 0.0000000 0.99618852 0.99198937
1341299876 0.0000000 0.99500233 0.98978460
1341924177 0.0000000 0.99327779 0.98656929
1342405200 0.0000000 0.99387980 0.98765647
1344277570 0.0000000 0.99585176 0.99166894
1344910008 0.0000000 0.99546224 0.99088341
1344941743 0.0000000 0.99667239 0.99301410
1345138860 0.0000000 0.99622470 0.99224049
1345234802 0.0000000 0.99633789 0.99268425
1346380382 0.0000000 0.97832489 0.95655793
1346415099 0.0000000 0.99402201 0.98805791
1346415834 0.0000000 0.99449992 0.98902661
1346788818 0.0000000 0.99620867 0.99217069
1346816730 0.0000000 0.99482119 0.98964345
1348523853 0.0000000 0.99540591 0.99079329
1350722979 0.0000000 0.99378562 0.98759222
1350800865 0.0000000 0.99633420 0.99262512
1351161077 0.0000000 0.99686545 0.99359739
1352122829 0.0000000 0.99839145 0.99675161
1352554787 0.0000000 0.99553412 0.99107772
1353431341 0.0000000 0.99630338 0.99248564
1353536726 0.0000000 0.99576956 0.99150956
1354158772 0.0000000 0.99649405 0.99298686
1354470336 0.0000000 0.99818128 0.99635822
1354477411 0.0000000 0.99845141 0.99690068
1354976814 0.0000000 0.99483728 0.98962414
1355221924 -200.95000 5.46047464E-02 -2.15536947E+09
1356243184 0.0000000 0.99731129 0.99460334
1356319072 0.0000000 0.99745607 0.99490935
1356487597 0.0000000 0.99755138 0.99503529
1356883405 0.0000000 0.99754363 0.99503893
1357128106 0.0000000 0.99782181 0.99550968
1357236484 0.0000000 0.99765491 0.99521136
1357270197 0.0000000 0.99806005 0.99606156
1357331931 0.0000000 0.99801332 0.99583405
1357541346 0.0000000 0.99787712 0.99571788
1357994057 0.0000000 0.99823159 0.99644345
1358411441 0.0000000 0.99774051 0.99532413
1358708986 0.0000000 0.99784547 0.99545884
1359776392 0.0000000 0.99729812 0.99460012
1361064727 0.0000000 0.99745101 0.99486852
1361239965 0.0000000 0.99890023 0.99773520
1361256759 0.0000000 0.99841654 0.99680758
1361373628 0.0000000 0.99783796 0.99549836
1361471757 0.0000000 0.99776709 0.99542415
1361665659 0.0000000 0.99706250 0.99382973
1362386544 0.0000000 0.99800873 0.99599332
1362609444 0.0000000 0.99609172 0.99200833
1362627405 0.0000000 0.99735433 0.99463600
1362643640 0.0000000 0.99616706 0.99224043
1363079024 0.0000000 0.99761635 0.99521047
1363764120 0.0000000 0.99783957 0.99562353
1364349799 0.0000000 0.69256258 -0.53375983
1364349845 0.0000000 0.99780917 0.99551642
1364355002 0.0000000 0.99691647 0.99308735
1364690983 0.0000000 0.99773371 0.99533796
1365625224 0.0000000 0.99765128 0.99527586
1366061297 0.0000000 0.98913264 0.97807729
1366432589 0.0000000 0.99801093 0.99594128
1366513671 0.0000000 0.99674976 0.99349993
1369110346 0.0000000 0.99845767 0.99686944
1369124755 0.0000000 0.99812597 0.99619627
1369791239 0.0000000 0.99722809 0.99444300
1369883683 0.0000000 0.99746513 0.99488902
1370118743 0.0000000 0.99786508 0.99523628
1370151783 0.0000000 0.41492340 -6.4046531
1370623082 0.0000000 0.99771219 0.99536771
1372241957 0.0000000 0.99497020 0.98977047
1372463510 0.0000000 0.99789947 0.99580669
1373829868 0.0000000 0.99844515 0.99687529
1373895699 0.0000000 0.99856603 0.99707526
1373969495 0.0000000 0.99593312 0.99179596
1374677225 0.0000000 0.99912387 0.99824381
1374679935 0.0000000 0.99903452 0.99801868
1376837821 0.0000000 0.99703318 0.99406189
1377205321 0.0000000 0.99707860 0.99401486
1377355603 0.0000000 0.99657279 0.99244595
1377407246 0.0000000 0.99510020 0.99020028
1378247005 0.0000000 0.99660522 0.99301338
1378467231 0.0000000 0.99769622 0.99538076
1379475197 0.0000000 0.99715567 0.99425232
1380542719 0.0000000 0.99496174 0.98978925
1381466759 0.0000000 0.99642098 0.99282402
1381684855 0.0000000 0.99743438 0.99477702
1382170436 0.0000000 0.99765974 0.99531716
1382919848 0.0000000 0.99801606 0.99553275
1383069011 0.0000000 0.99698102 0.99386275
1383085061 0.0000000 0.99649340 0.99286181
1383220929 0.0000000 0.99764496 0.99511909
1383227120 0.0000000 0.99797887 0.99592644
1383227831 0.0000000 0.99769002 0.99532843
1383234448 0.0000000 0.99801654 0.99600220
1383263545 0.0000000 0.99752688 0.99494964
1383450194 0.0000000 0.99801528 0.99600810
1383519374 0.0000000 0.99720085 0.99435717
1383809110 0.0000000 0.99839467 0.99660975
1383809501 0.0000000 0.99878228 0.99719536
1383989687 0.0000000 0.99755079 0.99509370
1384145710 0.0000000 0.99752671 0.99504745
1384544358 0.0000000 0.99620301 0.99240118
1385019362 0.0000000 0.99505925 0.98968011
1386347977 0.0000000 0.99314278 0.98625410
1386357780 0.0000000 0.99798214 0.99596328
1387916955 0.0000000 0.99743271 0.99474156
1389034180 0.0000000 0.99819463 0.99536395
1389204911 0.0000000 0.99701703 0.99401975
1389717867 0.0000000 0.99417943 0.98838925
1389724692 0.0000000 0.99776661 0.99553734
1389729005 0.0000000 0.99830317 0.99655688
1389740803 0.0000000 0.99784458 0.99566180
1389904819 0.0000000 0.99762440 0.99516058
1390517490 0.0000000 0.99756932 0.99510747
1390619771 0.0000000 0.99913847 0.99807698
1391790286 0.0000000 0.99687910 0.99374217
1393014317 0.0000000 0.99541152 0.99082941
1393065064 0.0000000 0.99706012 0.99410981
1393759985 0.0000000 0.99699074 0.99395120
1393791078 0.0000000 0.99751055 0.99498332
1394913876 0.0000000 0.99774063 0.99534607
1395061976 0.0000000 0.99764436 0.99522096
1395231566 0.0000000 0.99804282 0.99608171
1397097485 0.0000000 0.99847990 0.99694192
1397746253 0.0000000 0.99735206 0.99469209
1398443585 0.0000000 0.99792629 0.99578995
1399207416 0.0000000 0.99729741 0.99458665
1399278483 0.0000000 0.99733746 0.99466592
1399745740 0.0000000 0.99720562 0.99440092
1399746271 0.0000000 0.99753690 0.99489248
1400631673 0.0000000 0.99930340 0.99800956
1401021673 0.0000000 0.99818295 0.99625200
1401296286 0.0000000 0.99764526 0.99528372
1402085900 0.0000000 0.99516898 0.99035567
1402313583 0.0000000 0.99735844 0.99470693
1402624068 0.0000000 0.98863262 0.97734815
1402784563 0.0000000 0.99845374 0.99686348
1403034553 0.0000000 0.99630076 0.99207073
1403317269 0.0000000 0.99743634 0.99486929
1403439974 0.0000000 0.99770480 0.99537152
1404774365 0.0000000 0.99699402 0.99396592
1404925818 0.0000000 0.99820656 0.99639279
1405577514 0.0000000 0.99779892 0.99531448
1407296767 0.0000000 0.99813032 0.99623209
1407544588 0.0000000 0.96579671 0.92866403
1408047770 0.0000000 0.99711049 0.99420899
1410046387 0.0000000 0.99723095 0.99446058
1410325949 0.0000000 0.99759662 0.99517137
1410382444 0.0000000 0.99656326 0.99312925
1411247643 0.0000000 0.99716389 0.99433231
1411641303 0.0000000 0.99789137 0.99575430
1412009058 0.0000000 0.99646795 0.99292707
1412705290 0.0000000 0.99758273 0.99514472
1413207959 0.0000000 0.98114383 0.96173418
1414298821 0.0000000 0.99252081 0.98462331
1416419181 0.0000000 0.99716145 0.99432546
1416419227 0.0000000 0.99673587 0.99344766
1416540553 0.0000000 0.99792618 0.99585670
1417557685 0.0000000 0.99799842 0.99598598
1417655668 0.0000000 0.99704033 0.99400496
1418245419 0.0000000 0.99696904 0.99385059
1418533563 0.0000000 0.99764520 0.99527216
1419682925 0.0000000 0.99751079 0.99445951
1419947441 0.0000000 0.99535960 0.99066550
1419995164 0.0000000 0.99633688 0.99267852
1420012476 0.0000000 0.99616915 0.99233139
1420437226 0.0000000 0.99655551 0.99308312
1420606112 0.0000000 0.99770331 0.99538022
1420742654 0.0000000 0.99245900 0.98456889
1421435535 0.0000000 0.99706519 0.99412161
1421639313 0.0000000 0.99764311 0.99527025
1422083726 0.0000000 0.99778247 0.99543989
1422374758 0.0000000 0.99691099 0.99371761
1422958210 0.0000000 0.99678737 0.99347168
1423037687 0.0000000 0.99570823 0.99117523
1423603888 0.0000000 0.94416517 0.87866652
1423726535 0.0000000 0.99678087 0.99356419
1423857991 0.0000000 0.99775511 0.99519843
1424969403 0.0000000 0.99634427 0.99258810
1426114954 0.0000000 0.99650985 0.99300659
1426344314 0.0000000 0.99717796 0.99434590
1426852891 0.0000000 0.99701226 0.99393910
1427105631 0.0000000 0.99532616 0.99066019
1427483378 0.0000000 0.99804771 0.99598253
1428208678 0.0000000 0.99579096 0.99158472
1428320250 0.0000000 0.99643111 0.99285090
1428945237 0.0000000 0.99427307 0.98853064
1429127316 0.0000000 0.99363548 0.98694414
1429494176 0.0000000 0.99817890 0.99629986
1429494550 0.0000000 0.99712360 0.99425524
1429528847 0.0000000 0.99517447 0.98970580
1429530313 0.0000000 0.99757260 0.99514693
1429531199 0.0000000 0.99735445 0.99470598
1429992097 0.0000000 0.99812549 0.99616933
1430658547 0.0000000 0.99765760 0.99532127
1431333501 0.0000000 0.99675143 0.99338126
1431387795 0.0000000 0.99926144 0.99849856
1431628549 0.0000000 0.99737543 0.99473053
1432588969 0.0000000 0.99846059 0.99690926
1432601816 0.0000000 0.99742275 0.99476522
1432799863 0.0000000 0.99728101 0.99449551
1434467768 0.0000000 0.99729526 0.99458194
1434867330 0.0000000 0.99659091 0.99318612
1435335400 0.0000000 0.99752533 0.99501568
1438066750 0.0000000 0.99736452 0.99468547
1438936857 0.0000000 0.99591261 0.99167699
1439209234 0.0000000 0.97224897 0.94307739
1439418087 0.0000000 0.99535072 0.99061263
1439474882 0.0000000 0.99732256 0.99464262
1439699200 0.0000000 0.99375582 0.98729992
1441113885 0.0000000 0.99899626 0.99798870
1441128847 0.0000000 0.99715477 0.99431145
1441160293 0.0000000 0.99720347 0.99437833
1441898607 0.0000000 0.99748480 0.99487919
1442339782 0.0000000 0.99848467 0.99693692
1442345855 0.0000000 0.99771434 0.99542063
1442345878 0.0000000 0.99774116 0.99546945
1442408939 0.0000000 0.99786264 0.99569780
1442410226 0.0000000 0.99694169 0.99381858
1442413798 0.0000000 0.99787301 0.99568617
1443074281 0.0000000 0.99794102 0.99584150
1443555465 0.0000000 0.99847442 0.99689674
1444648487 0.0000000 0.99772608 0.99541545
1444736944 0.0000000 0.99701881 0.99403602
1444953165 0.0000000 0.99730122 0.99456072
1444953267 0.0000000 0.99735010 0.99465185
1445014914 0.0000000 0.99612844 0.99222422
1445221055 0.0000000 0.99736542 0.99465460
1445233331 0.0000000 0.99687821 0.99366939
1445239215 0.0000000 0.99615979 0.99215686
1446412182 0.0000000 0.99763966 0.99528021
1446412281 0.0000000 0.99738914 0.99458528
1446509184 0.0000000 0.99747378 0.99493027
1446509190 0.0000000 0.99747318 0.99492806
1446714386 0.0000000 0.99648666 0.99297494
1447167192 0.0000000 0.99670088 0.99333483
1447255999 0.0000000 0.99724174 0.99442530
1447277516 0.0000000 0.99716067 0.99427211
1448316095 0.0000000 0.98934811 0.97871763
1448671943 0.0000000 0.99729419 0.99448657
1449033717 0.0000000 0.99791133 0.99552613
1449035580 0.0000000 0.99774230 0.99525499
1449153073 0.0000000 0.99805206 0.99599206
1449935242 0.0000000 0.99839020 0.99650913
1450510821 0.0000000 0.98482513 0.96930015
1450536811 0.0000000 0.99606752 0.99204475
1450992022 0.0000000 0.99639648 0.99275267
1451199638 0.0000000 0.99686480 0.99368173
1451327726 0.0000000 0.99747860 0.99493873
1451523194 0.0000000 0.99596530 0.99190277
1451829690 0.0000000 0.99693990 0.99382836
1451928000 0.0000000 0.99780613 0.99560684
1452487977 0.0000000 0.99710381 0.99421263
1453169606 0.0000000 0.99884641 0.99769139
1453824336 0.0000000 0.99706995 0.99402201
1454422761 0.0000000 0.99759787 0.99507189
1454702246 0.0000000 0.99666196 0.99326062
1454702308 0.0000000 0.99802256 0.99591070
1454702406 0.0000000 0.99713546 0.99418795
1454702512 0.0000000 0.99730664 0.99446636
1454978820 0.0000000 0.99855375 0.99644357
1455590759 0.0000000 0.99827552 0.99654567
1455595494 0.0000000 0.99763948 0.99527735
1455757779 0.0000000 0.99666023 0.99311763
1455758311 0.0000000 0.99796367 0.99590904
1456215987 0.0000000 0.99710590 0.99418992
1456541993 0.0000000 0.99784684 0.99555659
1457201466 0.0000000 0.99407816 0.98817068
1457276938 0.0000000 0.99545497 0.99084878
1459152479 0.0000000 0.99801475 0.99594378
1459502085 0.0000000 0.99545705 0.99078816
1459988008 0.0000000 0.99576932 0.99155271
1460294506 0.0000000 0.99608564 0.99213088
1460353509 0.0000000 0.99655354 0.99311996
1460804146 0.0000000 0.99841738 0.99680018
1461082597 0.0000000 0.99711931 0.99420983
1461607991 0.0000000 0.99708182 0.99380308
1461770234 0.0000000 0.99800575 0.99601191
1461770257 0.0000000 0.99802703 0.99605519
1461770858 0.0000000 0.99876767 0.99745816
1461781146 0.0000000 0.99757034 0.99500728
1461806086 0.0000000 0.99764520 0.99526811
1462056417 0.0000000 0.99755579 0.99509501
1462199340 0.0000000 0.99767762 0.99534839
1462521203 0.0000000 0.99757314 0.99489897
1462632669 0.0000000 0.99810797 0.99618244
1462675593 0.0000000 0.99525869 0.98919493
1463023035 0.0000000 0.99660879 0.99279302
1463023251 0.0000000 0.99637234 0.99268627
1463023282 0.0000000 0.99655569 0.99309081
1463027395 0.0000000 0.99610758 0.99216300
1463127852 0.0000000 0.99656105 0.99298310
1463195522 0.0000000 0.99820453 0.99631625
1463196768 0.0000000 0.99761730 0.99523050
1463530965 0.0000000 0.99831361 0.99658257
1463863900 0.0000000 0.99867880 0.99729615
1463882779 0.0000000 0.99860859 0.99721110
1464184475 0.0000000 0.99711901 0.99418640
1464544116 0.0000000 0.99841583 0.99681073
1464576767 0.0000000 0.99802035 0.99601316
1464630651 0.0000000 0.99718702 0.99437010
1464672226 0.0000000 0.99571753 0.99145252
1466204142 0.0000000 0.99660373 0.99295050
1466383187 0.0000000 0.99755532 0.99511540
1466409210 0.0000000 0.99702531 0.99355698
1466715930 0.0000000 0.99707770 0.99414891
1467361422 0.0000000 0.99628526 0.99248880
1469019333 0.0000000 0.99815452 0.99624807
1469592155 0.0000000 0.99825597 0.99648166
1471008941 0.0000000 0.99574494 0.99123532
1471908408 0.0000000 0.99815047 0.99625033
1472660934 0.0000000 0.99760205 0.99520826
1473440050 0.0000000 0.99809676 0.99618995
1475055492 0.0000000 0.99722606 0.99436623
1475769120 0.0000000 0.99716330 0.99432915
1477370752 0.0000000 0.99780482 0.99561423
1478519786 0.0000000 0.99841154 0.99681085
1478903131 0.0000000 0.99745238 0.99488270
1480024554 0.0000000 0.99752849 0.99504060
1480377579 0.0000000 0.99759752 0.99497074
1480507474 0.0000000 0.99764138 0.99520874
1481256588 0.0000000 0.99642754 0.99286234
1481811269 0.0000000 0.99793279 0.99571127
1483057851 0.0000000 0.99566871 0.99133140
1483513641 0.0000000 0.99737763 0.99450678
1484155863 0.0000000 0.99828571 0.99654853
1484797338 0.0000000 0.99651355 0.99290097
1484900187 0.0000000 0.99716061 0.99429953
1485329586 0.0000000 0.99748069 0.99481374
1486746772 0.0000000 0.99811029 0.99620169
1487420859 0.0000000 0.99858302 0.99711400
1487652197 0.0000000 0.98795789 0.97587842
1488212310 0.0000000 0.99700803 0.99397272
1488924651 0.0000000 0.99733400 0.99461484
1489967289 0.0000000 0.99642533 0.99259901
1490066029 0.0000000 0.91308433 0.79895353
1490805242 0.0000000 0.99828696 0.99639416
1492112471 0.0000000 0.99718392 0.99330264
1492367656 0.0000000 0.99785125 0.99562114
1493517442 0.0000000 0.99837917 0.99669993
1493960850 0.0000000 0.99730605 0.99455690
1493986611 0.0000000 0.98350579 0.96590769
1494889974 0.0000000 0.99707419 0.99410224
1494932580 0.0000000 0.99541920 0.99011827
1495631454 0.0000000 0.99877506 0.99677384
1495691291 0.0000000 0.99857861 0.99695635
1495956669 0.0000000 0.99523020 0.99045396
1495999757 0.0000000 0.99695122 0.99373895
1496582686 0.0000000 0.99737239 0.99465626
1497967350 0.0000000 0.98249233 0.96465683
1498029939 0.0000000 0.99523127 0.99045497
1500318986 0.0000000 0.99821645 0.99629825
1501139292 0.0000000 0.99784392 0.99550265
1501845585 0.0000000 0.99722457 0.99440080
1502294736 0.0000000 0.99601835 0.99201310
1502416734 0.0000000 0.99744290 0.99461496
1502582915 0.0000000 0.99804515 0.99580568
1504364658 0.0000000 0.99779409 0.99547094
1505096741 0.0000000 0.99577671 0.99151498
1505687994 0.0000000 0.99702483 0.99400485
1505917796 0.0000000 0.99625331 0.99249339
1506232185 0.0000000 0.99746513 0.99487162
1506549399 0.0000000 0.99617493 0.99232376
1507505391 0.0000000 0.99786025 0.99562991
1507747520 0.0000000 0.99681795 0.99363172
1508582157 0.0000000 0.99686378 0.99371827
1509318944 0.0000000 0.99814665 0.99630135
1509677295 0.0000000 0.99829096 0.99657553
1509677339 0.0000000 0.99832147 0.99663490
1509752088 0.0000000 0.99695188 0.99332112
1510398879 0.0000000 0.99858689 0.99699897
1510402973 0.0000000 0.99858797 0.99700558
1510440860 0.0000000 0.99582052 0.99137384
1510947032 0.0000000 0.99700475 0.99400800
1511360409 0.0000000 0.99723142 0.99391550
1511470532 0.0000000 0.99894166 0.99787527
1512230735 0.0000000 0.99668187 0.99260551
1512377977 0.0000000 0.99801260 0.99589312
1512704669 0.0000000 0.99769700 0.99538654
1513120660 0.0000000 0.99747747 0.99495542
1516168751 0.0000000 0.99695981 0.99388409
1516984288 0.0000000 0.99824065 0.99647635
1517686257 0.0000000 0.99866176 0.99732256
1517749972 0.0000000 0.99886572 0.99773151
1517752600 0.0000000 0.99896163 0.99789554
1517752662 0.0000000 0.99801856 0.99591541
1517753127 0.0000000 0.99870062 0.99737728
1517753452 0.0000000 0.99789876 0.99579763
1517753522 0.0000000 0.99784988 0.99569786
1517753592 0.0000000 0.99789709 0.99578941
1517753815 0.0000000 0.99867892 0.99733829
1517758427 0.0000000 0.99812573 0.99623889
1517763262 0.0000000 0.99802482 0.99604797
1517821602 0.0000000 0.99810416 0.99608457
1517823894 0.0000000 0.99794799 0.99584162
1517846321 0.0000000 0.99906611 0.99803424
1517852233 0.0000000 0.99788857 0.99573690
1517893754 0.0000000 0.99833333 0.99659956
1517906208 0.0000000 0.99870086 0.99735308
1517932241 0.0000000 0.99840313 0.99652040
1517932280 0.0000000 0.99757826 0.99495924
1517932282 0.0000000 0.99804777 0.99596852
1517932427 0.0000000 0.99842554 0.99682432
1517932434 0.0000000 0.99843234 0.99684232
1517932492 0.0000000 0.99797696 0.99579310
1517933877 0.0000000 0.99798590 0.99595088
1517940013 0.0000000 0.99832320 0.99660271
1517940459 0.0000000 0.99805713 0.99566853
1517944528 0.0000000 0.99882573 0.99745262
1517945796 0.0000000 0.99848109 0.99684447
1517950582 0.0000000 0.99849820 0.99694067
1517958702 0.0000000 0.99884552 0.99767774
1517960631 0.0000000 0.99801058 0.99579746
1517969882 0.0000000 0.99879420 0.99758869
1517974578 0.0000000 0.99905431 0.99806046
1517998787 0.0000000 0.99803787 0.99606961
1518001985 0.0000000 0.99900818 0.99796879
1518008800 0.0000000 0.99885291 0.99766392
1518008880 0.0000000 0.99845457 0.99690026
1518013159 0.0000000 0.99839860 0.99671602
1518016890 0.0000000 0.99863595 0.99712270
1518016916 0.0000000 0.99877483 0.99744594
1518051257 0.0000000 0.99822628 0.99641675
1518059164 0.0000000 0.99874121 0.99746829
1518142443 0.0000000 0.99894428 0.99786848
1518201789 0.0000000 0.99898791 0.99796456
1518248929 0.0000000 0.99842089 0.99683857
1518858396 0.0000000 0.99766773 0.99530244
1518981709 0.0000000 0.99685597 0.99366099
1519051621 0.0000000 0.99513376 0.98992354
1519254641 0.0000000 0.99790901 0.99582130
1519583320 0.0000000 0.99719161 0.99409944
1519962147 0.0000000 0.99715620 0.99428046
1520098551 0.0000000 0.99862242 0.99720907
1520329330 0.0000000 0.99651992 0.99292535
1521024527 0.0000000 0.99905354 0.99810064
1521537776 0.0000000 0.99804610 0.99592674
1521728871 0.0000000 0.99905312 0.99809539
1522232997 0.0000000 0.99599904 0.99193811
1522282670 0.0000000 0.99564588 0.99123836
1522598524 0.0000000 0.99830633 0.99646705
1523432369 0.0000000 0.99808717 0.99614787
1523886539 0.0000000 0.99795401 0.99588931
1524201906 0.0000000 0.99727756 0.99452597
1524248877 0.0000000 0.99543071 0.99083215
1524308214 0.0000000 0.99769437 0.99526733
1524503432 0.0000000 0.99637675 0.99270421
1524721460 0.0000000 0.99786282 0.99562067
1524721601 0.0000000 0.99799216 0.99579418
1524808553 0.0000000 0.99802524 0.99602908
1525218424 0.0000000 0.99803036 0.99602789
1526098666 0.0000000 0.99751318 0.99470341
1527728598 0.0000000 0.99774921 0.99543339
1527904870 0.0000000 0.99538672 0.99005020
1528731725 0.0000000 0.99804080 0.99596399
1528750347 0.0000000 0.99790472 0.99566180
1528856173 0.0000000 0.99652398 0.99286574
1529096035 0.0000000 0.99623001 0.99240911
1529334375 0.0000000 0.99386114 0.98772645
1529522338 0.0000000 0.99704033 0.99401700
1530516370 0.0000000 0.99833280 0.99667060
1530516385 0.0000000 0.99834424 0.99669313
1530609654 0.0000000 0.99847281 0.99675125
1531312909 0.0000000 0.99783307 0.99553114
1531507119 0.0000000 0.99777347 0.99551016
1532050755 0.0000000 0.99814892 0.99629664
1533217098 0.0000000 0.99903047 0.99792594
1533504622 0.0000000 0.99580562 0.99158955
1533801692 0.0000000 0.99736857 0.99473232
1534500582 0.0000000 0.99584430 0.99154371
1534551317 0.0000000 0.99742204 0.99476790
1535572403 0.0000000 0.99683702 0.99366820
1536641006 0.0000000 0.99885511 0.99761707
1536700815 0.0000000 0.99684417 0.99367684
1538633849 0.0000000 0.99795622 0.99581313
1538766649 0.0000000 0.99584883 0.99168426
1539072778 0.0000000 0.99757427 0.99513918
1539164591 0.0000000 0.99707460 0.99404269
1540269298 0.0000000 0.99777895 0.99546516
1540310644 0.0000000 0.99710566 0.99421507
1541624711 0.0000000 0.99721086 0.99420893
1541712486 0.0000000 0.99575955 0.99152511
1542328459 0.0000000 0.99784577 0.99567878
1542608341 0.0000000 0.99678987 0.99353784
1542638415 0.0000000 0.99773419 0.99543977
1542645094 0.0000000 0.99668503 0.99336970
1543190243 0.0000000 0.99863529 0.99712849
1543191316 0.0000000 0.99768555 0.99518931
1543236658 0.0000000 0.99849737 0.99686897
1543238642 0.0000000 0.99829620 0.99637872
1543314575 0.0000000 0.99825501 0.99606109
1544368541 0.0000000 0.99838746 0.99677753
1544439487 0.0000000 0.99815172 0.99629939
1544621063 0.0000000 0.99910599 0.99818367
1544908865 0.0000000 0.99730539 0.99460763
1545710204 0.0000000 0.99794495 0.99571180
1546538568 0.0000000 0.99807930 0.99612755
1546949806 0.0000000 0.99755359 0.99511564
1548127166 0.0000000 0.99803799 0.99585420
1548825695 0.0000000 0.99761254 0.99513906
1548861293 0.0000000 0.99777848 0.99544460
1549366351 0.0000000 0.99687976 0.99373829
1549558324 0.0000000 0.99798721 0.99574214
1550239687 0.0000000 0.99732500 0.99463463
1551558867 0.0000000 0.99477923 0.98945051
1552012334 0.0000000 0.99839723 0.99672836
1552127531 0.0000000 0.98783821 0.97511548
1552421955 0.0000000 0.99743974 0.99488527
1552451554 0.0000000 0.99832124 0.99664080
1552511242 0.0000000 0.99694258 0.99374974
1552697151 0.0000000 0.99770975 0.99540567
1552968094 0.0000000 0.99583620 0.99168020
1553256348 0.0000000 0.99730802 0.99447948
1553414210 0.0000000 0.99671638 0.99342746
1554087275 0.0000000 0.99755043 0.99487054
1554172029 0.0000000 0.99651504 0.99289405
1554256375 0.0000000 0.99758834 0.99500579
1554343015 0.0000000 0.99835336 0.99664199
1554382610 0.0000000 0.99696112 0.99381077
1554499495 0.0000000 0.99873853 0.99746209
1554706689 0.0000000 0.99759775 0.99492300
1554822801 0.0000000 0.99900830 0.99800295
1554841453 0.0000000 0.99894935 0.99788702
1554850672 0.0000000 0.99828881 0.99657500
1555563667 0.0000000 0.99796057 0.99577224
1556793883 0.0000000 0.99746704 0.99492526
1556970683 0.0000000 0.99735266 0.99468315
1557330527 0.0000000 0.99703854 0.99406332
1557737721 0.0000000 0.99683887 0.99343574
1558197514 0.0000000 0.99725920 0.99451804
1558379328 0.0000000 0.99451119 0.98904490
1558489044 0.0000000 0.99752980 0.99501753
1558591969 0.0000000 0.99903768 0.99805313
1559317998 0.0000000 0.99806958 0.99609536
1559641578 0.0000000 0.99812073 0.99624324
1559762840 0.0000000 0.99861640 0.99721003
1560870606 0.0000000 0.99279577 0.98533368
1561237205 0.0000000 0.99693817 0.99387830
1561242160 0.0000000 0.99661756 0.99322230
1561825206 0.0000000 0.99683237 0.99360883
1561837452 0.0000000 0.99753129 0.99477714
1562610935 0.0000000 0.99764180 0.99526817
1562880116 0.0000000 0.99804103 0.99607474
1563275550 0.0000000 0.99717528 0.99428093
1563531230 0.0000000 0.99813610 0.99623644
1563768365 0.0000000 0.99625629 0.99247628
1563850922 0.0000000 0.99749941 0.99423224
1564123196 0.0000000 0.99460775 0.98909777
1564190683 0.0000000 0.99717224 0.99434680
1564649429 0.0000000 0.99826062 0.99646950
1564753988 0.0000000 0.99808973 0.99599022
1564784683 0.0000000 0.99727422 0.99412632
1565054388 0.0000000 0.99736130 0.99462354
1565055090 0.0000000 0.99830234 0.99638057
1565213283 0.0000000 0.99742442 0.99480629
1565218942 0.0000000 0.99581176 0.99157321
1565905300 0.0000000 0.99782157 0.99564433
1566053525 0.0000000 0.99742311 0.99480689
1566053530 0.0000000 0.99742329 0.99480718
1566074882 0.0000000 0.99781919 0.99551421
1566101114 0.0000000 0.99762565 0.99525595
1566598377 0.0000000 0.98162603 0.96259362
1566648618 0.0000000 0.99467897 0.98931748
1567237819 0.0000000 0.99764162 0.99522442
1567471650 0.0000000 0.99760312 0.99506736
1567604000 0.0000000 0.99695390 0.99377537
1567917359 0.0000000 0.99700475 0.99385107
1568005668 0.0000000 0.99695802 0.99387825
1568095682 0.0000000 0.99873549 0.99741238
1569863578 0.0000000 0.99834114 0.99667013
1570468626 0.0000000 0.99771261 0.99534142
1571312673 0.0000000 0.99724925 0.99450564
1571861758 0.0000000 0.98879892 0.97765678
1572218883 0.0000000 0.99709976 0.99418581
1573491297 0.0000000 0.99579579 0.99111402
1573495893 0.0000000 0.99650377 0.99267519
1574645562 0.0000000 0.99852532 0.99702668
1575564604 0.0000000 0.99249178 0.98453879
1575660753 0.0000000 0.99743485 0.99468058
1577769501 0.0000000 0.98881876 0.97719687
1577819410 0.0000000 0.99861127 0.99717587
1578293635 0.0000000 0.99854118 0.99707556
1578510402 0.0000000 0.99726450 0.99451047
1579404154 0.0000000 0.99653894 0.99297071
1579703564 0.0000000 0.99704838 0.99409920
1580749376 0.0000000 0.99804509 0.99608570
1581076659 0.0000000 0.99816096 0.99629581
1581616159 0.0000000 0.99762034 0.99521762
1581629921 0.0000000 0.99821329 0.99641669
1581764406 0.0000000 0.99896908 0.99786782
1581764700 0.0000000 0.99877125 0.99752128
1581794413 0.0000000 0.99887663 0.99770325
1582090065 0.0000000 0.99341220 0.98636568
1582113307 0.0000000 0.97701699 0.95436656
1582546233 0.0000000 0.99890995 0.99769908
1582592414 0.0000000 0.99779731 0.99557704
1582629242 0.0000000 0.99722224 0.99441129
1582695255 0.0000000 0.99795902 0.99591047
1584677477 0.0000000 0.99714148 0.99426413
1585787701 0.0000000 0.97506034 0.94905335
1586304460 0.0000000 0.99499196 0.98998368
1586389759 0.0000000 0.99800819 0.99562573
1586537097 0.0000000 0.99845564 0.99683028
1586691401 0.0000000 0.99812424 0.99623013
1587481331 0.0000000 0.99712330 0.99409300
1588476280 0.0000000 0.99780446 0.99518043
1589003116 0.0000000 0.99708921 0.99417150
1589548020 0.0000000 0.98912424 0.97815353
1589756010 0.0000000 0.99788827 0.99548733
1589910785 0.0000000 0.99545044 0.99079186
1590311534 0.0000000 0.96811193 0.93457490
1590359490 0.0000000 0.99767005 0.99527079
1590694463 0.0000000 0.99897838 0.99795043
1590843750 0.0000000 0.99808937 0.99595624
1591494563 0.0000000 0.99894053 0.99770534
1591839506 0.0000000 0.99817914 0.99611992
1591921295 0.0000000 0.99862337 0.99724185
1592079539 0.0000000 0.99863052 0.99712622
1592349420 0.0000000 0.99599248 0.99196577
1593214064 0.0000000 0.99814111 0.99628419
1593241888 0.0000000 0.99736392 0.99471343
1593407313 0.0000000 0.99565053 0.99111313
1593435168 0.0000000 0.99766070 0.99530661
1593519432 0.0000000 0.99712396 0.99423289
1594227272 0.0000000 0.99764860 0.99527687
1594265063 0.0000000 0.99577522 0.99144584
1594267923 0.0000000 0.99794424 0.99575365
1594526768 0.0000000 0.99561924 0.99123091
1594546164 0.0000000 0.99439079 0.98861110
1595767949 0.0000000 0.99862224 0.99712139
1597107665 0.0000000 0.99534190 0.99063849
1597123796 0.0000000 0.99730873 0.99431133
1597187246 0.0000000 0.99728334 0.99457043
1597774608 0.0000000 0.99647337 0.99288476
1597797181 0.0000000 0.99852878 0.99694264
1597806811 0.0000000 0.99758744 0.99513423
1598480108 0.0000000 0.99721384 0.99442208
1598847265 0.0000000 0.99130523 0.98267609
1599036279 0.0000000 0.99802029 0.99602592
1600306672 0.0000000 0.99883509 0.99766219
1600646088 0.0000000 0.99817687 0.99633604
1600833602 0.0000000 0.99771124 0.99536812
1601017581 0.0000000 0.99727017 0.99451959
1601326254 0.0000000 0.99736178 0.99413472
1601342057 0.0000000 0.99813133 0.99624783
1601440640 0.0000000 0.99616760 0.99222833
1601863505 0.0000000 0.99836159 0.99669397
1602517184 0.0000000 0.99733537 0.99467152
1602946993 0.0000000 0.99657875 0.99312592
1602947159 0.0000000 0.95310462 0.89864290
1603087586 0.0000000 0.99374121 0.98743057
1603396062 0.0000000 0.98902798 0.97751421
1603674483 0.0000000 0.99424291 0.98849094
1604358861 0.0000000 0.99773526 0.99542749
1604426346 0.0000000 0.99735999 0.99471825
1604601372 0.0000000 0.99857944 0.99710959
1604626818 0.0000000 0.99753439 0.99507010
1605130406 0.0000000 0.99780172 0.99523252
1605130534 0.0000000 0.99791080 0.99569970
1605266102 0.0000000 0.99708176 0.99416614
1605511152 0.0000000 0.99717438 0.99424350
1605551866 0.0000000 0.99676710 0.99352467
1605557664 0.0000000 0.99761897 0.99523216
1605621503 0.0000000 0.99602890 0.99205607
1605662576 0.0000000 0.99677050 0.99342245
1606582085 0.0000000 0.98322058 0.96638358
1606657334 0.0000000 0.99794340 0.99587798
1607578178 0.0000000 0.99745035 0.99489665
1607606398 0.0000000 0.99835634 0.99671382
1607606851 0.0000000 0.99608648 0.99215370
1607624108 0.0000000 0.99677396 0.99352795
1608317519 0.0000000 0.99500382 0.98992127
1608385359 0.0000000 0.98236471 0.96411139
1609436522 0.0000000 0.99312305 0.98628211
1609594007 0.0000000 0.99783856 0.99567074
1610162996 0.0000000 0.74763489 0.21549046
1610192153 0.0000000 0.99566031 0.99133879
1610249009 0.0000000 0.99888039 0.99772602
1610838659 0.0000000 0.99866599 0.99718159
1611559538 0.0000000 0.99798268 0.99594021
1611565557 0.0000000 0.99832726 0.99651349
1611574763 0.0000000 0.99736851 0.99430674
1611584686 0.0000000 0.99381095 0.98712236
1611818971 0.0000000 0.99793929 0.99555790
