837595616 0.0000000 0.98979539 0.97920763
837775762 0.0000000 0.95658821 0.90755963
837925917 0.0000000 0.86827284 0.67001486
838427199 0.0000000 0.99213338 0.98406947
838671653 0.0000000 0.99953920 0.99907035
838750993 0.0000000 0.98541760 0.97048289
839270473 0.0000000 0.99231791 0.98440170
839658185 0.0000000 0.99956495 0.99911827
841593341 0.0000000 0.95598084 0.90652508
841947167 0.0000000 0.86006665 0.65027428
841966927 0.0000000 0.99975079 0.99949747
841967337 0.0000000 0.85188061 0.61021435
841967424 0.0000000 0.81923199 0.49104625
841969564 0.0000000 0.98765463 0.97493821
841973148 0.0000000 0.94061482 0.87012500
841975496 0.0000000 0.99772668 0.99535739
841976432 0.0000000 0.95557380 0.90399963
841976527 0.0000000 0.91422027 0.79996884
841989993 0.0000000 0.91629195 0.81117588
841990035 0.0000000 0.91860956 0.81734967
841990674 0.0000000 0.88241118 0.72072536
841998277 0.0000000 0.95380247 0.89900362
842009672 0.0000000 0.99476492 0.98948026
842020651 0.0000000 0.86631018 0.65504867
842035262 0.0000000 0.96187145 0.91817242
842036992 0.0000000 0.72644681 0.12298095
842056074 0.0000000 0.98434418 0.96807224
842122037 0.0000000 0.91289979 0.79758042
842211144 0.0000000 0.82768285 0.53541136
842213633 0.0000000 0.96962577 0.93657827
842233958 0.0000000 0.99498683 0.98986346
842984365 0.0000000 0.80327308 0.43581015
844156464 0.0000000 0.98137504 0.96112758
844853345 0.0000000 0.99923098 0.99842012
844879870 0.0000000 0.93066686 0.84461296
846839283 0.0000000 0.98978436 0.97914666
847935551 0.0000000 0.99518859 0.99032885
848996543 0.0000000 0.99950427 0.99898356
849080713 0.0000000 0.95229334 0.89714891
850676186 0.0000000 0.99893850 0.99784255
850877408 0.0000000 0.98188454 0.96210659
850908023 0.0000000 0.98668730 0.97270685
851184320 0.0000000 0.96424288 0.92364335
851550736 0.0000000 0.98591435 0.97075456
851807286 0.0000000 0.94396526 0.87773120
852186702 0.0000000 0.97672772 0.95124251
852329204 0.0000000 0.74921036 0.19777429
852460456 0.0000000 0.99670875 0.99329704
852489653 0.0000000 0.93844700 0.86087966
852515472 0.0000000 0.91232359 0.79960644
853272363 0.0000000 0.76244086 0.25396144
853376840 0.0000000 0.98978710 0.97903383
853407944 0.0000000 0.80686885 0.46556520
853607627 0.0000000 0.99431086 0.98845512
853739580 0.0000000 0.96309000 0.92032206
854306280 0.0000000 0.97328669 0.94356114
855524541 0.0000000 0.97125047 0.94022393
855593408 0.0000000 0.98804110 0.97544163
855822594 0.0000000 0.95843130 0.91184717
856345761 0.0000000 0.95635146 0.90236282
857058283 0.0000000 0.98039109 0.95924765
857344712 0.0000000 0.71382630 7.41255283E-02
861140002 0.0000000 0.94128394 0.86862195
861746294 0.0000000 0.25560758 -12.081060
862185572 0.0000000 0.99498343 0.98985106
862608623 0.0000000 0.98322219 0.96599871
862627573 0.0000000 0.99681216 0.99354523
864384080 0.0000000 0.63972110 -0.47318184
864454998 0.0000000 0.89581442 0.75469345
865120897 0.0000000 0.98420453 0.96732754
866316320 0.0000000 0.94485337 0.87837964
866599410 0.0000000 0.99881697 0.99757010
866972164 0.0000000 0.99304754 0.98566794
867426807 0.0000000 0.91841024 0.81385964
868041450 0.0000000 0.99858874 0.99700952
868379187 0.0000000 0.99028754 0.98003894
868522793 0.0000000 0.97718656 0.95112574
868964733 0.0000000 0.99947304 0.99892491
882844545 0.0000000 0.98015308 0.95900297
883382199 0.0000000 0.89689320 0.75515133
884800485 0.0000000 0.94895989 0.89021868
884800633 0.0000000 0.89613259 0.75916529
885153411 0.0000000 0.99642324 0.99260998
885163200 0.0000000 0.98810852 0.97557193
885338978 0.0000000 0.99593198 0.99168515
886836052 0.0000000 0.99171561 0.98335862
888302731 0.0000000 0.99219459 0.98404270
888303585 0.0000000 0.98054731 0.95972842
889317344 0.0000000 0.99053442 0.98090255
889596008 0.0000000 0.98098677 0.96080619
889636914 0.0000000 0.98859149 0.97675377
892980386 0.0000000 0.99211156 0.98400986
893747340 0.0000000 0.98362511 0.96634018
894067552 0.0000000 0.89653593 0.75929058
894087462 0.0000000 0.99565947 0.99129444
894238216 0.0000000 0.99969554 0.99938357
894747219 0.0000000 0.99874878 0.99741900
895144921 0.0000000 0.96444750 0.92517126
895222228 0.0000000 0.99203837 0.98377776
895422961 0.0000000 0.98593652 0.97123313
895825584 0.0000000 0.91250366 0.79944879
896509358 0.0000000 0.99706262 0.99409002
899724834 0.0000000 0.82667840 0.54010516
900181394 0.0000000 0.97500664 0.94843328
900651074 0.0000000 0.99967897 0.99935514
900701079 0.0000000 0.99403435 0.98793149
900781359 0.0000000 0.99770463 0.99535733
900871111 0.0000000 0.99333900 0.98653865
900952524 0.0000000 0.98743254 0.97452408
901305843 0.0000000 0.99943531 0.99886614
901786541 0.0000000 0.94441295 0.87836719
901877006 0.0000000 0.98989999 0.97971028
902801269 0.0000000 0.99832267 0.99657905
902970331 0.0000000 0.74020970 0.19189751
903265983 0.0000000 0.99820268 0.99636632
904013371 0.0000000 0.96415043 0.92433465
905363640 0.0000000 0.99058342 0.98085308
905409966 0.0000000 0.97997338 0.95842469
905583188 0.0000000 0.93606842 0.85979384
905664888 0.0000000 0.99837250 0.99673522
905697214 0.0000000 0.97265053 0.94208848
905921771 0.0000000 0.99888372 0.99774396
906395377 0.0000000 0.99795210 0.99580449
906915742 0.0000000 0.95055473 0.89400274
906973039 0.0000000 0.86534446 0.65583694
907937571 0.0000000 0.99784869 0.99564946
908081794 0.0000000 0.95273435 0.89810783
908297657 0.0000000 0.85289472 0.62360430
908665869 0.0000000 0.96541637 0.92852950
910076797 0.0000000 0.99900275 0.99797660
911341652 0.0000000 0.99965137 0.99928403
911471402 0.0000000 0.99745673 0.99488115
912019233 0.0000000 0.98196912 0.96306044
912118339 0.0000000 0.99272567 0.98499995
912320478 0.0000000 0.98381603 0.96663296
913597143 0.0000000 0.99613011 0.99214327
914291346 0.0000000 0.99179989 0.98294473
914495847 0.0000000 0.96627766 0.92919511
916122256 0.0000000 0.99677420 0.99351859
918942477 0.0000000 0.99027282 0.98018849
919479225 0.0000000 0.96825498 0.93278128
919691338 0.0000000 0.99954641 0.99905002
920174684 0.0000000 0.98950815 0.97879422
920668347 0.0000000 0.99788308 0.99566883
922458849 0.0000000 0.97346395 0.94511765
922945941 0.0000000 0.40095493 -3.8139849
923201942 0.0000000 0.99924165 0.99843520
923233981 0.0000000 0.96275920 0.91818547
923415279 0.0000000 0.97237998 0.94310588
923730743 0.0000000 0.99733669 0.99457920
925451079 0.0000000 0.99358523 0.98705178
925706822 0.0000000 0.85801041 0.63495123
925998383 0.0000000 0.95702988 0.90862238
926039004 0.0000000 0.99842393 0.99677151
926607950 0.0000000 0.90037262 0.76546234
926999002 0.0000000 0.99572682 0.99140584
927655854 0.0000000 0.75643647 0.25118458
928199401 0.0000000 0.98317796 0.96532702
928426302 0.0000000 0.99954635 0.99907613
928999079 0.0000000 0.99910963 0.99817556
929863441 0.0000000 0.93975854 0.86655605
930302321 0.0000000 0.76075393 0.27235645
930322043 0.0000000 0.93753582 0.85872066
931355593 0.0000000 0.99947858 0.99892044
931356389 0.0000000 0.98096824 0.96071005
931484211 0.0000000 0.97268963 0.94205827
931653898 0.0000000 0.78290606 0.38660306
931724710 0.0000000 0.99702728 0.99399197
932244360 0.0000000 0.95035547 0.89189845
936973100 0.0000000 0.99866450 0.99731243
937489447 -79.099998 1.91328432E-02 0.0000000
937498321 -71.950005 1.69343818E-02 0.0000000
943068575 0.0000000 0.99720645 0.99438685
943611150 0.0000000 0.99093604 0.98155010
943821740 0.0000000 0.99932200 0.99857110
943824350 0.0000000 0.99954396 0.99904108
943825521 0.0000000 0.40614390 -4.1817827
944504073 0.0000000 0.96947497 0.93659157
944668884 0.0000000 0.97728735 0.95281750
946556672 0.0000000 0.99564689 0.99109340
946866008 0.0000000 0.99725693 0.99443179
947114226 0.0000000 0.99959600 0.99918497
947114473 0.0000000 0.99939859 0.99876946
947647037 0.0000000 0.99755716 0.99504721
947656074 0.0000000 0.99596971 0.99186289
948390129 0.0000000 0.99922925 0.99843037
948631348 0.0000000 0.99389195 0.98751068
949249486 5.00000007E-02 0.71492672 3.39857340E-02
949263715 0.0000000 0.99960530 0.99917167
949566570 0.0000000 0.96517837 0.92453831
949603687 0.0000000 0.99138975 0.98245519
949879457 0.0000000 0.99586785 0.99163800
950224447 0.0000000 0.88934898 0.73137462
950650398 0.0000000 0.99957991 0.99911886
951234151 0.0000000 0.98051327 0.96024311
953907196 0.0000000 0.97313029 0.94354612
954673370 0.0000000 0.99943984 0.99884617
955161703 0.0000000 0.99596602 0.99184060
955676198 0.0000000 0.98995119 0.97949284
956035742 0.0000000 0.96968448 0.93658501
956153058 0.0000000 0.99912894 0.99822211
956694214 0.0000000 0.99786669 0.99567544
956994415 0.0000000 0.99221760 0.98410499
957620512 0.0000000 0.99927068 0.99850082
957716288 0.0000000 0.99500746 0.98988837
957743265 0.0000000 0.99696666 0.99389613
958533946 0.0000000 0.99961537 0.99922442
958534040 0.0000000 0.99922019 0.99841148
958587166 0.0000000 0.97840363 0.95521456
958663136 0.0000000 0.99931216 0.99859655
960256179 0.0000000 0.98419791 0.96779418
960661409 0.0000000 0.77727431 4.16345000E-02
960661589 0.0000000 0.99948663 0.99896932
960661674 0.0000000 0.99931628 0.99862033
960754280 0.0000000 0.99942946 0.99883378
961116366 0.0000000 0.96270180 0.91720927
961368290 0.0000000 0.99963176 0.99924934
961399971 0.0000000 0.99946713 0.99891621
961451784 0.0000000 0.99971187 0.99936301
961469614 0.0000000 0.67046243 -0.23367012
962192101 0.0000000 0.99350125 0.98679525
962853138 0.0000000 0.98909235 0.97739309
962873883 0.0000000 0.99509716 0.98983413
962965068 0.0000000 0.99493986 0.98968935
963509765 0.0000000 0.99252605 0.98494440
963525670 0.0000000 0.99661142 0.99311113
963533252 0.0000000 0.99937308 0.99873656
963559100 0.0000000 0.98582071 0.97047508
963567650 0.0000000 0.99474841 0.98937511
963568050 0.0000000 0.73691553 4.77678776E-02
963585926 0.0000000 0.95975220 0.91478336
963615874 5.00000007E-02 0.99581820 0.99160141
963717707 0.0000000 0.99967480 0.99931657
963816639 0.0000000 0.99766624 0.99508446
963981993 0.0000000 0.99543273 0.99049646
964476636 0.0000000 0.99693972 0.99385476
964816087 0.0000000 0.99972874 0.99942905
965205271 0.0000000 0.99962968 0.99923718
965442747 0.0000000 0.95989144 0.91391635
965555500 0.0000000 0.99720865 0.99431658
965617867 0.0000000 0.99703652 0.99396449
966082949 0.0000000 0.99543637 0.99068493
966754777 0.0000000 0.97450292 0.94692469
966768493 0.0000000 0.99764979 0.99507755
966768672 0.0000000 0.97538406 0.94781077
966798273 0.0000000 0.97743869 0.95242959
966876143 0.0000000 0.98352504 0.96587992
966991756 0.0000000 0.99965638 0.99929458
967800278 0.0000000 0.99977589 0.99953979
968576086 0.0000000 0.99957222 0.99913478
968669370 0.0000000 0.99628526 0.99228674
968735354 0.0000000 0.92575020 0.83411109
968815712 0.0000000 0.83348507 0.54614407
968976446 0.0000000 0.99629587 0.99240911
969144830 0.0000000 0.98451453 0.96815765
969145452 0.0000000 0.99380577 0.98733151
969456259 0.0000000 0.95564103 0.90601057
969516246 0.0000000 0.85700643 0.64047116
970270882 0.0000000 0.98305458 0.96476537
972371517 0.0000000 0.99858350 0.99648309
972935645 0.0000000 0.99709165 0.99369812
975495633 0.0000000 0.99906850 0.99779862
975505300 0.0000000 0.98798776 0.97408450
976653172 0.0000000 0.99443632 0.98790938
977484180 0.0000000 0.99942315 0.99870050
977800861 0.0000000 0.93925101 0.86137772
977801150 0.0000000 0.29994199 -9.6767960
977994086 0.0000000 0.99773479 0.99511820
978113008 0.0000000 0.99911815 0.99783915
978169408 0.0000000 0.97583628 0.94810683
978205372 0.0000000 0.98906988 0.97691357
978476098 0.0000000 0.98609304 0.97095251
979067787 0.0000000 0.99877971 0.99693280
979069110 0.0000000 0.99727839 0.99398434
979202219 0.0000000 0.99922949 0.99813551
979204150 0.0000000 0.99903101 0.99777925
979609386 0.0000000 0.99883115 0.99745309
980206038 0.0000000 0.99821275 0.99592066
980698596 0.0000000 0.16930541 -35.290596
982365189 0.0000000 0.99875921 0.99721551
982527910 0.0000000 0.99969578 0.99890155
982955906 0.0000000 0.99575585 0.99106544
983077277 0.0000000 0.95733821 0.90902889
983464670 0.0000000 0.89343905 0.42365611
986938306 0.0000000 0.99620813 0.99231255
988100797 0.0000000 0.99682808 0.99338800
988336953 0.0000000 0.99759811 0.99518234
989765823 0.0000000 0.99660659 0.99316645
990117114 0.0000000 0.98930585 0.97852486
990630314 0.0000000 0.99265373 0.98480666
991455252 0.0000000 0.99572498 0.99122745
991634551 0.0000000 0.99563050 0.99058670
992438274 0.0000000 0.99706680 0.99403805
992486125 0.0000000 0.99598974 0.99159688
992592933 0.0000000 0.99543506 0.99053448
992927775 0.0000000 0.99603772 0.99084628
992929419 0.0000000 0.99550223 0.99069399
993581187 0.0000000 0.99610806 0.99209017
993854508 0.0000000 0.99448061 0.98865098
993874057 0.0000000 0.99526823 0.98926401
994007634 0.0000000 0.99460912 0.98874456
994692047 0.0000000 0.99529994 0.99034727
995024004 0.0000000 0.99703228 0.99391711
995162867 0.0000000 0.99359798 0.98652077
995890516 0.0000000 0.99571425 0.99058580
996113981 0.0000000 0.99521595 0.98972154
1000766684 0.0000000 0.99586248 0.99138206
1001410293 0.0000000 0.99461544 0.98894846
1001954970 0.0000000 0.99566340 0.99079210
1006580783 0.0000000 0.99509358 0.99002808
1007019252 0.0000000 0.99552864 0.99048048
1007572713 0.0000000 0.98951089 0.97868967
1007712455 0.0000000 0.99701726 0.99395031
1007972664 0.0000000 0.99430376 0.98860461
1008464695 0.0000000 0.99716735 0.99401635
1008648180 0.0000000 0.99602437 0.99175882
1008649429 0.0000000 0.99596381 0.99184030
1008650819 0.0000000 0.99668670 0.99288839
1008651467 0.0000000 0.99592918 0.99174660
1008652414 0.0000000 0.99643123 0.99283326
1008671685 0.0000000 0.99553919 0.99087936
1008686668 0.0000000 0.99533677 0.98884982
1008715277 0.0000000 0.99579453 0.99133235
1008786983 0.0000000 0.99591744 0.99139923
1008836107 0.0000000 0.99613857 0.99198329
1008890954 0.0000000 0.99573696 0.99098313
1009057225 0.0000000 0.99676585 0.99349213
1009168145 0.0000000 0.99536705 0.99011171
1009442091 0.0000000 0.99435049 0.98873007
1009500099 0.0000000 0.99574149 0.99025005
1010371507 0.0000000 0.99642605 0.99281472
1010509239 0.0000000 0.99610096 0.99214399
1011026056 0.0000000 0.99611312 0.99180788
1011031830 0.0000000 0.99665511 0.99262863
1011063499 0.0000000 0.99568826 0.99050117
1011682027 0.0000000 0.99514288 0.98927701
1012580587 0.0000000 0.99657518 0.99244720
1013484445 0.0000000 0.99681830 0.99363637
1013485377 0.0000000 0.99682844 0.99313956
1013486436 0.0000000 0.99713284 0.99412614
1014927282 0.0000000 0.99373245 0.98708451
1014972465 0.0000000 0.99509603 0.98983854
1015232666 0.0000000 0.98700655 0.97398674
1016105151 0.0000000 0.99387425 0.98693359
1016468323 0.0000000 0.99473840 0.98933059
1017159906 0.0000000 0.99720204 0.99432141
1017557569 0.0000000 0.99571204 0.99140716
1017557822 0.0000000 0.99625230 0.99246746
1017594576 0.0000000 0.99546641 0.99020934
1017816456 0.0000000 0.99597073 0.99135560
1017857170 0.0000000 0.99266410 0.98424435
1017925489 0.0000000 0.99549437 0.99067008
1018065946 0.0000000 0.99494672 0.98905694
1018137582 0.0000000 0.99560279 0.99080372
1018221645 0.0000000 0.99535674 0.99061513
1018414606 0.0000000 0.99329865 0.98593819
1018800484 0.0000000 0.99483156 0.98966902
1018898180 0.0000000 0.99504471 0.99010938
1019054808 0.0000000 0.99448293 0.98895633
1019292480 0.0000000 0.99592710 0.99020439
1019488470 0.0000000 0.99541759 0.99074280
1019673665 0.0000000 0.99202770 0.98400426
1020000226 0.0000000 0.99680787 0.99362350
1021004232 0.0000000 0.99609160 0.99201113
1021024958 0.0000000 0.98873019 0.97751772
1021028934 0.0000000 0.99552244 0.99105144
1021888184 0.0000000 0.99690282 0.99362499
1022604314 0.0000000 0.99574053 0.99111021
1022741620 0.0000000 0.99707884 0.99394125
1022779647 0.0000000 0.99468303 0.98891366
1024000827 0.0000000 0.99723816 0.99410558
1024039343 0.0000000 0.99595815 0.99170315
1024059173 0.0000000 0.99481571 0.98855799
1024224102 0.0000000 0.99535072 0.99051630
1024232773 0.0000000 0.99709213 0.99398631
1024881141 0.0000000 0.99394369 0.98703718
1026036068 0.0000000 0.99648494 0.99261892
1026372982 0.0000000 0.99555409 0.99058759
1026373076 0.0000000 0.99566001 0.99114412
1026374005 0.0000000 0.99568450 0.99124622
1026378668 0.0000000 0.99583799 0.99120229
1026562025 0.0000000 0.99581736 0.99118382
1026925041 0.0000000 0.99483794 0.98952478
1026933281 0.0000000 0.99510652 0.99022973
1026967951 0.0000000 0.99449569 0.98880923
1028885460 0.0000000 0.99561077 0.99083954
1028970195 0.0000000 0.99421066 0.98609269
1029367736 0.0000000 0.99674565 0.99232328
1030006163 0.0000000 0.99519277 0.99016184
1030375930 0.0000000 0.99595898 0.99115956
1030554334 0.0000000 0.99700356 0.99399090
1030628193 0.0000000 0.99742591 0.99466324
1030651553 0.0000000 0.99680138 0.99354756
1030859781 0.0000000 0.99554127 0.99012864
1030864055 0.0000000 0.99517643 0.98947936
1031310121 0.0000000 0.99692571 0.99293303
1031439572 0.0000000 0.99756747 0.99506086
1031647094 0.0000000 0.99593174 0.99150831
1032052013 0.0000000 0.99569827 0.99138534
1032134610 0.0000000 0.99811929 0.99460542
1032294371 0.0000000 0.99588484 0.99121976
1032315669 0.0000000 0.99546200 0.99091977
1032907402 0.0000000 0.99773943 0.99506098
1033103267 0.0000000 0.99582726 0.99144655
1033374913 0.0000000 0.98593557 0.97158152
1033690544 0.0000000 0.99612117 0.99208421
1033947513 0.0000000 0.99583167 0.99126720
1034070514 0.0000000 0.99026322 0.97969609
1034480608 0.0000000 0.99376452 0.98708504
1034923400 0.0000000 0.99380320 0.98570853
1034928298 0.0000000 0.99549019 0.99058437
1035149152 0.0000000 0.99583614 0.99117881
1035153178 0.0000000 0.99611282 0.99176365
1035197382 0.0000000 0.99333549 0.98669517
1035991040 0.0000000 0.99745476 0.99447054
1036098952 0.0000000 0.99546957 0.98998737
1036697273 0.0000000 0.99614871 0.99230051
1036697648 0.0000000 0.99637717 0.99262083
1036886824 0.0000000 0.99755305 0.99454206
1038324582 0.0000000 0.99495113 0.98955256
1038746116 0.0000000 0.99594653 0.99136758
1039232712 0.0000000 0.99561769 0.99046177
1039743025 0.0000000 0.99424893 0.98832637
1040450954 0.0000000 0.99520469 0.98993200
1040520314 0.0000000 0.99031943 0.97927636
1040644457 0.0000000 0.99460822 0.98832184
1040799690 0.0000000 0.99727607 0.99437261
1041632855 0.0000000 0.99496180 0.98961550
1042809813 0.0000000 0.99377918 0.98733974
1043607562 0.0000000 0.99618858 0.99192029
1044768063 0.0000000 0.99765414 0.99456841
1044817061 0.0000000 0.99479961 0.98907775
1045633623 0.0000000 0.99474323 0.98894423
1046065971 0.0000000 0.99462867 0.98892123
1046575544 0.0000000 0.99308068 0.98572904
1048808323 0.0000000 0.99553257 0.99086154
1049310522 0.0000000 0.99565136 0.99123788
1049353173 0.0000000 0.99594098 0.99119776
1051845960 0.0000000 0.99270695 0.98455125
1051900153 0.0000000 0.99411279 0.98773396
1052394722 0.0000000 0.90809536 0.78443134
1052961462 0.0000000 0.99413115 0.98749202
1053904321 0.0000000 0.99484676 0.98920268
1054395492 0.0000000 0.99326527 0.98605907
1054853585 0.0000000 0.99521142 0.99012136
1055123570 0.0000000 0.99725646 0.99344862
1055135284 0.0000000 0.99421448 0.98824430
1055234432 0.0000000 0.99603558 0.99202520
1055390332 0.0000000 0.99596041 0.99187499
1055425274 0.0000000 0.99468368 0.98662168
1055472531 0.0000000 0.99472964 0.98946863
1055510426 0.0000000 0.99568671 0.99075866
1055788418 0.0000000 0.99624121 0.99243009
1055803080 0.0000000 0.99654609 0.99284685
1056357316 0.0000000 0.99570382 0.99120098
1057028486 0.0000000 0.98836762 0.97652316
1057319282 0.0000000 0.99468231 0.98904824
1058108790 0.0000000 0.99644256 0.99274778
1058496080 0.0000000 0.99833888 0.99646848
1059102630 0.0000000 0.99755365 0.99490464
1059590191 0.0000000 0.99597746 0.99141711
1059850488 0.0000000 0.99514681 0.99011326
1059910523 0.0000000 0.99701351 0.99374294
1059994404 0.0000000 0.99595112 0.99170589
1060172588 0.0000000 0.99155223 0.98140138
1060619413 0.0000000 0.99747890 0.99495900
1061586322 0.0000000 0.99500763 0.98974854
1062262342 0.0000000 0.99501896 0.98986310
1063234506 0.0000000 0.99548763 0.99098307
1063264037 0.0000000 0.99587864 0.99164253
1064365712 0.0000000 0.99483496 0.98942351
1064533379 0.0000000 0.99632615 0.99146724
1065785029 0.0000000 0.99539077 0.99028325
1065790269 0.0000000 0.99545658 0.99039686
1065847269 0.0000000 0.99500763 0.98863840
1067505195 0.0000000 0.99558961 0.99112248
1068127124 0.0000000 0.99691397 0.99109030
1068356150 0.0000000 0.99655789 0.99291950
1068595355 0.0000000 0.99696207 0.99323213
1068804765 0.0000000 0.99447972 0.98696202
1068825242 0.0000000 0.99732119 0.99460685
1069412363 0.0000000 0.99449998 0.98860878
1070682432 0.0000000 0.97473097 0.94577372
1070692497 0.0000000 0.99403507 0.98721200
1070921046 0.0000000 0.99545527 0.99031878
1071031093 0.0000000 0.99667221 0.99310058
1071031176 0.0000000 0.99506134 0.99014050
1071031375 0.0000000 0.99573201 0.99117100
1071031628 0.0000000 0.99556261 0.99070829
1071031695 0.0000000 0.99598104 0.99162811
1071031744 0.0000000 0.99604648 0.99173266
1071031844 0.0000000 0.99587822 0.99133253
1071031926 0.0000000 0.99660319 0.99295449
1071033611 0.0000000 0.99551183 0.99078178
1071033625 0.0000000 0.99551201 0.99078137
1071035006 0.0000000 0.99507159 0.98984021
1071038489 0.0000000 0.99578863 0.99108523
1071042579 0.0000000 0.99533379 0.99062777
1071043831 0.0000000 0.99558353 0.99108481
1071046005 0.0000000 0.99468839 0.98908442
1071046239 0.0000000 0.99422181 0.98767412
1071074159 0.0000000 0.99462962 0.98859692
1071095531 0.0000000 0.99548966 0.99043381
1071100910 0.0000000 0.99558324 0.99052483
1071109335 0.0000000 0.99563342 0.99043882
1071169499 0.0000000 0.99350017 0.98675197
1071182968 0.0000000 0.99628460 0.99230623
1071183209 0.0000000 0.99629635 0.99240464
1071183435 0.0000000 0.99508309 0.99001390
1071443800 0.0000000 0.99519563 0.98894393
1071583019 0.0000000 0.99406821 0.98745584
1071584001 0.0000000 0.99540293 0.98988611
1071678445 0.0000000 0.99387664 0.98735642
1071725608 0.0000000 0.99366748 0.98718905
1072705310 0.0000000 0.99637341 0.99248856
1072926918 0.0000000 0.99584347 0.99144840
1073300844 0.0000000 0.99643201 0.99267304
1073475853 0.0000000 0.99618399 0.99189377
1073756920 0.0000000 0.99555075 0.98992276
1073986141 0.0000000 0.99492520 0.98985147
1073994067 0.0000000 0.98855448 0.97588944
1075317204 0.0000000 0.99669927 0.99325281
1075317446 0.0000000 0.99577105 0.99140656
1075318489 0.0000000 0.99553680 0.99085057
1075466599 0.0000000 0.99673271 0.99295950
1075865039 0.0000000 0.99606526 0.99198425
1076851926 0.0000000 0.99599010 0.99199605
1076884025 0.0000000 0.99111187 0.98093933
1077531525 0.0000000 0.99548775 0.99061692
1077584107 0.0000000 0.99521935 0.99009639
1078321829 0.0000000 0.99771929 0.99486679
1079154231 0.0000000 0.99490464 0.98840505
1080241624 0.0000000 0.99505520 0.98949188
1081488818 0.0000000 0.99554884 0.98943579
1082397083 0.0000000 0.99408984 0.98694366
1082563195 0.0000000 0.98835784 0.97623521
1082729069 0.0000000 0.99341339 0.98597801
1082820030 0.0000000 0.98917735 0.97517592
1083398171 0.0000000 0.99577171 0.99062949
1083961065 0.0000000 0.99584121 0.99025804
1084003366 0.0000000 0.99659377 0.99272299
1084082541 0.0000000 0.99268353 0.98466802
1084133207 0.0000000 0.99745888 0.99385184
1084597670 0.0000000 0.99721485 0.99433428
1084687448 0.0000000 0.99597502 0.99169439
1084950252 0.0000000 0.99647677 0.99271524
1085103239 0.0000000 0.99497527 0.98991823
1085390106 0.0000000 0.99771637 0.99529105
1086195389 0.0000000 0.99430466 0.98862863
1086315872 0.0000000 0.99561936 0.99082369
1086883086 0.0000000 0.99438912 0.98865199
1087613581 0.0000000 0.99522686 0.99008447
1089099122 0.0000000 0.99652815 0.99149328
1089113880 0.0000000 0.99632508 0.99254829
1089371968 0.0000000 0.99543720 0.99034542
1090478200 0.0000000 0.99538529 0.98963302
1091970746 0.0000000 0.99781936 0.99559748
1092861100 0.0000000 0.99120063 0.98122829
1093118276 0.0000000 0.99566281 0.99071568
1093908136 0.0000000 0.99716437 0.99420005
1095475955 0.0000000 0.99568725 0.99137276
1097813330 0.0000000 0.99657637 0.99301636
1098848984 0.0000000 0.99222857 0.98285598
1099928102 0.0000000 0.99574202 0.99131429
1099929295 0.0000000 0.99616504 0.99199718
1099929521 0.0000000 0.99652839 0.99306971
1099931589 0.0000000 0.99602115 0.99178427
1099942690 0.0000000 0.99624509 0.99237293
1100098082 0.0000000 0.99565738 0.99127114
1100139404 0.0000000 0.99568588 0.99108100
1100237223 0.0000000 0.99509215 0.98947138
1100955874 0.0000000 0.99538493 0.99030650
1103674687 0.0000000 0.99551505 0.99047995
1105287429 0.0000000 0.88963687 0.72241431
1105405102 0.0000000 0.99616563 0.99231619
1105536640 0.0000000 0.99673945 0.99329346
1105765351 0.0000000 0.99728727 0.99319887
1106056455 0.0000000 0.99147511 0.98268151
1106207236 0.0000000 0.99418837 0.98643142
1108162580 0.0000000 0.99486029 0.98890156
1108757898 0.0000000 0.99497700 0.98997921
1108761568 0.0000000 0.99505025 0.99004799
1110049611 0.0000000 0.99666399 0.99313521
1110049680 0.0000000 0.99652082 0.99276465
1110050185 0.0000000 0.99563694 0.99122608
1110050874 0.0000000 0.99702990 0.99389172
1110568232 0.0000000 0.99482560 0.98885483
1111274786 0.0000000 0.99513996 0.98987079
1113182839 0.0000000 0.99448174 0.98824775
1113208093 0.0000000 0.99577898 0.99141467
1113260515 0.0000000 0.99382001 0.98744273
1113331351 0.0000000 0.99346805 0.98564595
1114345058 0.0000000 0.99398190 0.98784971
1114872497 0.0000000 0.99419111 0.98579520
1114872533 0.0000000 0.99592185 0.99168509
1114872543 0.0000000 0.99556750 0.99056739
1114981677 0.0000000 0.99689043 0.99297076
1115167250 0.0000000 0.99419004 0.98662871
1115910658 0.0000000 0.99608558 0.99185848
1115942660 0.0000000 0.99421501 0.98796189
1116353193 0.0000000 0.99675965 0.99323535
1117405041 0.0000000 0.99549466 0.99059510
1117642805 0.0000000 0.99658638 0.99294937
1118162704 0.0000000 0.99452591 0.98862141
1118367166 0.0000000 0.99490702 0.98943442
1118396676 0.0000000 0.99453157 0.98880816
1118501300 0.0000000 0.99257112 0.98391056
1118677980 0.0000000 0.99695420 0.99278331
1118868304 0.0000000 0.98970312 0.97677219
1119087065 0.0000000 0.99127114 0.98216969
1119729025 0.0000000 0.99558282 0.99075282
1119876655 0.0000000 0.98509002 0.96916330
1121472051 0.0000000 0.99580389 0.99135262
1121864763 0.0000000 0.99740195 0.99436098
1122385024 0.0000000 0.99599075 0.99116278
1122618639 0.0000000 0.99563408 0.99075615
1122777951 0.0000000 0.99622422 0.99200541
1125373372 0.0000000 0.99147409 0.98281461
1125685516 0.0000000 0.99514121 0.99018890
1125969360 0.0000000 0.99555308 0.99056762
1127055473 0.0000000 0.99486083 0.98885947
1127456637 0.0000000 0.99573672 0.99135184
1127471662 0.0000000 0.99543619 0.99061078
1127494190 0.0000000 0.99585795 0.99161053
1127760620 0.0000000 0.99539465 0.99040955
1128153007 0.0000000 0.99522454 0.99008161
1128174696 0.0000000 0.99726450 0.99449438
1128475640 0.0000000 0.99403471 0.98731869
1128528995 0.0000000 0.99675971 0.99299806
1128891916 0.0000000 0.98587322 0.97118002
1128923244 0.0000000 0.99506986 0.99002510
1129069430 0.0000000 0.97351390 0.94418794
1129155495 0.0000000 0.99207324 0.98284638
1129246313 0.0000000 0.99132776 0.98187798
1129324370 0.0000000 0.99560654 0.99109793
1129391464 0.0000000 0.99646318 0.99141192
1129907016 0.0000000 0.97446501 0.94476157
1130249327 0.0000000 0.99609166 0.99208242
1131428965 0.0000000 0.99415630 0.98829222
1131431840 0.0000000 0.99387920 0.98622376
1132062095 0.0000000 0.99473017 0.98943627
1132132485 0.0000000 0.99474466 0.98922783
1132148341 0.0000000 0.99605173 0.99209058
1132166999 0.0000000 0.99434221 0.98848981
1132661855 0.0000000 0.99679416 0.99358416
1132975230 0.0000000 0.99612993 0.99227023
1133111580 0.0000000 0.99606997 0.99165505
1133304109 0.0000000 0.99741989 0.99480027
1133601723 0.0000000 0.99280995 0.98509991
1133908462 0.0000000 0.99554241 0.99085742
1134710133 0.0000000 0.99591452 0.99145257
1135808248 0.0000000 0.99457544 0.98879445
1135976852 0.0000000 0.99479759 0.98957002
1136739698 0.0000000 0.99505442 0.98940104
1137913657 0.0000000 0.99456775 0.98889661
1137989937 0.0000000 0.99633127 0.99238831
1137990003 0.0000000 0.99660474 0.99279934
1138288259 0.0000000 0.99432594 0.98825127
1139284609 0.0000000 0.96075386 0.91075808
1139326915 0.0000000 0.99738729 0.99450415
1140725945 0.0000000 0.99819940 0.99613327
1140746150 0.0000000 0.99599564 0.99165136
1141877248 0.0000000 0.98233598 0.96475697
1142029462 0.0000000 0.99582201 0.99164259
1142229311 0.0000000 0.99515492 0.99006802
1142709582 0.0000000 0.99569315 0.99086863
1143536168 0.0000000 0.99531460 0.98935848
1143616861 0.0000000 0.99632084 0.99219698
1143885739 0.0000000 0.99815530 0.99627560
1143885924 0.0000000 0.99777186 0.99551564
1143888020 0.0000000 0.99813277 0.99626243
1144129163 0.0000000 0.99723387 0.99444979
1144133312 0.0000000 0.99741632 0.99469906
1144179006 0.0000000 0.99849170 0.99687165
1144806135 0.0000000 0.99595314 0.99177015
1145140855 0.0000000 0.99787837 0.99546814
1145323561 0.0000000 0.99648070 0.99278444
1146215126 0.0000000 0.99624830 0.99247706
1146944291 0.0000000 0.85566741 0.65104663
1146966782 0.0000000 0.99813759 0.99626780
1147258751 0.0000000 0.99789751 0.99561548
1149411961 0.0000000 0.99765110 0.99523073
1149467938 0.0000000 0.99762213 0.99497223
1149638545 0.0000000 0.99749058 0.99492133
1149771133 0.0000000 0.99554443 0.99108481
1150128882 0.0000000 0.99721920 0.99443859
1151387381 -43.250000 1.37097491E-02 0.0000000
1154072410 -65.950005 2.12455913E-02 0.0000000
1154182305 -21.200001 1.93010345E-02 0.0000000
1155212722 -25.650000 3.55144292E-02 0.0000000
1155340266 -48.350002 2.92788595E-02 0.0000000
1155354114 -49.100002 2.12175623E-02 0.0000000
1155443514 -45.450001 2.30952762E-02 0.0000000
1156044082 -41.049999 1.45149790E-02 0.0000000
1156698676 -64.550003 2.37731263E-02 0.0000000
1158266854 0.0000000 0.99860114 0.90583163
1159598968 0.0000000 0.99777561 0.90022731
1159684577 0.0000000 0.99787700 0.90611827
1160388105 0.0000000 0.99777341 0.90068543
1160392104 0.0000000 0.99712843 0.89803690
1160549032 0.0000000 0.99755472 0.90033031
1160664389 0.0000000 0.99816883 0.90381765
1163299258 0.0000000 0.99801934 0.90120077
1163456967 0.0000000 0.99758631 0.89994889
1163641819 0.0000000 0.99788862 0.90065712
1164570370 0.0000000 0.99616134 0.99220258
1165358160 0.0000000 0.99702632 0.99372822
1165368969 0.0000000 0.99671698 0.99340683
1166094636 0.0000000 0.99656272 0.99287003
1166561075 0.0000000 0.99617243 0.99206269
1166894907 0.0000000 0.99722123 0.99428308
1167121204 0.0000000 0.99759763 0.99479568
1167135981 0.0000000 0.99639940 0.99262071
1167136317 0.0000000 0.99695188 0.99360591
1167136455 0.0000000 0.99695170 0.99360526
1167136825 0.0000000 0.99565452 0.99127722
1167144800 0.0000000 0.99456018 0.98850703
1167147704 0.0000000 0.99563879 0.99127197
1167154513 0.0000000 0.99544305 0.99063593
1167186639 0.0000000 0.99593848 0.99121076
1167298740 0.0000000 0.98676854 0.97295809
1167318376 0.0000000 0.88057715 0.70664281
1167324678 0.0000000 0.99368203 0.98659313
1167592780 0.0000000 0.97463059 0.94705814
1167604646 0.0000000 0.99669254 0.99321717
1168792515 0.0000000 0.99598914 0.99186373
1168917035 0.0000000 0.99637961 0.99234009
1169006425 0.0000000 0.99703962 0.99383551
1169712716 0.0000000 0.98208171 0.96365821
1169722755 0.0000000 0.99801397 0.99591482
1170262059 0.0000000 0.98903257 0.97722471
1170524118 0.0000000 0.99324465 0.98645765
1171366614 0.0000000 0.99505705 0.98985648
1171423577 0.0000000 0.99594510 0.99102116
1171423831 0.0000000 0.99594849 0.99136919
1171832699 0.0000000 0.99585557 0.99120545
1172178017 0.0000000 0.99500883 0.98988909
1173308237 0.0000000 0.99606115 0.99197000
1173368256 0.0000000 0.99685311 0.99350554
1174197233 0.0000000 0.98554313 0.97077560
1175309106 0.0000000 0.99517405 0.99034560
1175583473 0.0000000 0.99494743 0.98979908
1176242685 0.0000000 0.99536282 0.99043143
1177115546 0.0000000 0.99562019 0.99118710
1177175308 0.0000000 0.99358863 0.98619145
1178992210 0.0000000 0.99746478 0.99475038
1180238725 0.0000000 0.98694891 0.97335809
1180618796 0.0000000 0.99250877 0.98425341
1181939353 0.0000000 0.99659514 0.99294209
1182196765 0.0000000 0.99181819 0.98327756
1182265663 0.0000000 0.99296945 0.98584503
1182396227 0.0000000 0.99679333 0.99352443
1182398897 0.0000000 0.99576283 0.99152058
1184629372 0.0000000 0.99680203 0.99355513
1185198002 0.0000000 0.99823844 0.99616712
1185799546 0.0000000 0.99292970 0.98579711
1185861072 0.0000000 0.99666929 0.99326140
1186620947 0.0000000 0.99786532 0.99570411
1186786330 0.0000000 0.99511957 0.98986912
1188350129 0.0000000 0.99583447 0.99147153
1188356416 0.0000000 0.99772811 0.99543118
1188908193 0.0000000 0.99704885 0.99390775
1188950111 0.0000000 0.97648716 0.94996148
1190442424 0.0000000 0.99695355 0.99377578
1191742755 0.0000000 0.99462032 0.98914933
1192071901 0.0000000 0.99774170 0.99534160
1192632000 0.0000000 0.99715489 0.99425220
1193967194 0.0000000 0.99266607 0.98528934
1194476053 0.0000000 0.99687052 0.99273866
1196283913 0.0000000 0.99817026 0.99628782
1196818902 0.0000000 0.99587452 0.99176657
1196950527 0.0000000 0.99661285 0.99269140
1197715613 0.0000000 0.99420041 0.98785722
1198522115 0.0000000 0.99715334 0.99427223
1200543890 0.0000000 0.72999233 0.10214484
1200856359 0.0000000 0.99425757 0.98792338
1201442068 0.0000000 0.99082720 0.98040259
1203280382 0.0000000 0.99705809 0.99376637
1203409866 0.0000000 0.99152106 0.98279703
1203790455 0.0000000 0.99623287 0.99239248
1204138448 0.0000000 0.99636853 0.99273646
1204304285 0.0000000 0.99716395 0.99415833
1204490434 0.0000000 0.97196001 0.94142318
1204651907 0.0000000 0.99709117 0.99395293
1204651936 0.0000000 0.99570495 0.99140751
1204670552 0.0000000 0.99634546 0.99250609
1207186072 0.0000000 0.99602771 0.99142873
1208187584 0.0000000 0.99637192 0.99209046
1208931881 0.0000000 0.99598920 0.99168491
1208975321 0.0000000 0.99658304 0.99306715
1208982088 0.0000000 0.99620998 0.99232799
1208988255 0.0000000 0.99564058 0.99092990
1208988552 0.0000000 0.99617934 0.99231881
1209105937 0.0000000 0.99443239 0.98870438
1209216223 0.0000000 0.96471381 0.92806697
1209291757 0.0000000 0.99253857 0.98484206
1209339084 0.0000000 0.99558556 0.99057919
1209362380 0.0000000 0.99601299 0.99157494
1209543825 0.0000000 0.98018861 0.95934069
1209563099 0.0000000 0.99458665 0.98897362
1209583346 0.0000000 0.98619229 0.97123432
1209820628 0.0000000 0.99534762 0.99062806
1209877317 0.0000000 0.99594384 0.99166423
1210448520 0.0000000 0.99592137 0.99175906
1210560189 0.0000000 0.99095565 0.98190784
1210633064 0.0000000 0.99636871 0.99264354
1210703275 0.0000000 0.99541479 0.99081588
1212285435 0.0000000 0.99646276 0.98868996
1212339563 0.0000000 0.99796551 0.99563533
1213107823 0.0000000 0.95703042 0.91214210
1213158817 0.0000000 0.99501097 0.99002439
1213486164 0.0000000 0.99341261 0.98670518
1214086760 0.0000000 0.99400020 0.98786682
1214128508 0.0000000 0.99360436 0.98718542
1214211456 0.0000000 0.88952982 0.75752831
1214561217 0.0000000 0.97580582 0.95204753
1215221786 0.0000000 0.97662574 0.95370293
1215745668 0.0000000 0.99422848 0.98847330
1215812106 0.0000000 0.99552298 0.99090469
1215812707 0.0000000 0.99569720 0.99127531
1215839910 0.0000000 0.99398875 0.98796064
1215843106 0.0000000 0.99257892 0.98511016
1215961116 0.0000000 0.99600399 0.99178082
1216126809 0.0000000 0.99092495 0.98189235
1216904067 0.0000000 0.99467635 0.98934180
1217616949 0.0000000 0.99309874 0.98621440
1218233114 0.0000000 0.99534595 0.99020606
1218994676 0.0000000 0.99595910 0.99180675
1219291482 0.0000000 0.98971641 0.97947448
1219301591 0.0000000 0.99472463 0.98945671
1219723710 0.0000000 0.99514920 0.99011022
1219772880 0.0000000 0.99466395 0.98898470
1219869253 0.0000000 0.99448830 0.98693752
1220179542 0.0000000 0.99372441 0.98714358
1220742036 0.0000000 0.99646121 0.99287724
1220946193 0.0000000 0.99670261 0.99341232
1221047734 0.0000000 0.99227220 0.98454946
1222614737 0.0000000 0.99472111 0.98925376
1225404477 0.0000000 0.99437702 0.98854476
1225442295 0.0000000 0.98874182 0.97757727
1228187814 0.0000000 0.99583286 0.99162960
1228684717 0.0000000 0.99560791 0.99082732
1229260451 0.0000000 0.99296582 0.98544741
1229658996 0.0000000 0.94034767 0.87467813
1229990683 0.0000000 0.99661970 0.99316782
1230216280 0.0000000 0.99463999 0.98711628
1230600687 0.0000000 0.99621147 0.99222517
1230860391 0.0000000 0.99301088 0.98591560
1231020274 0.0000000 0.99490064 0.98901457
1231041233 0.0000000 0.99538291 0.99061960
1232714291 0.0000000 0.99624449 0.99243999
1232804891 0.0000000 0.99424005 0.98834866
1233928332 0.0000000 0.99593216 0.99185538
1234166319 0.0000000 0.87700135 0.70544434
1234201315 0.0000000 0.97414887 0.94827491
1234214675 0.0000000 0.99716282 0.99430782
1236731039 0.0000000 0.99389482 0.98775685
1236854628 0.0000000 0.99472380 0.98916095
1237014105 0.0000000 0.99526966 0.99052519
1237159221 0.0000000 0.99478298 0.98957688
1237164701 0.0000000 0.99546105 0.99092847
1237551366 0.0000000 0.99568540 0.99129111
1237619839 0.0000000 0.99041229 0.98088890
1239235949 0.0000000 0.99519444 0.99026972
1239971868 0.0000000 0.99628037 0.99250603
1240678955 0.0000000 0.99546856 0.99093258
1242397863 0.0000000 0.99439615 0.98639578
1242709695 0.0000000 0.99743021 0.99439257
1243376855 0.0000000 0.99585783 0.99164921
1244248765 0.0000000 0.99622017 0.99089712
1245087845 0.0000000 0.99685800 0.99308991
1245407408 0.0000000 0.99652141 0.99207449
1245469469 0.0000000 0.99678785 0.99290025
1245877793 0.0000000 0.99517870 0.99006718
1245881452 0.0000000 0.99536669 0.99013644
1246167876 0.0000000 0.99515891 0.98765320
1246181696 0.0000000 0.99476218 0.98612589
1246182765 0.0000000 0.99383169 0.98670447
1246208530 0.0000000 0.99392110 0.98527318
1246208539 0.0000000 0.99392092 0.98527259
1246598451 0.0000000 0.99477857 0.98851681
1246598488 0.0000000 0.99468791 0.98825157
1246614635 0.0000000 0.99515027 0.98973149
1246985947 0.0000000 0.99557102 0.99058604
1247508302 0.0000000 0.99511969 0.98879856
1247516932 0.0000000 0.99587792 0.99064970
1247654255 0.0000000 0.98403686 0.96053863
1247741293 0.0000000 0.99705386 0.99335331
1247769767 0.0000000 0.99601424 0.99149132
1248159491 0.0000000 0.99478328 0.98627722
1248570012 0.0000000 0.99484164 0.98927462
1248588659 0.0000000 0.99684739 0.99342382
1248872986 0.0000000 0.99488431 0.98840129
1248886386 0.0000000 0.99507099 0.98958397
1249212887 0.0000000 0.99303263 0.98398519
1250467545 0.0000000 0.99723601 0.99376988
1250503855 0.0000000 0.99480218 0.98890877
1250504106 0.0000000 0.99590445 0.99095857
1250601456 0.0000000 0.99541986 0.99001998
1250639275 0.0000000 0.99476486 0.98930174
1250703707 0.0000000 0.99522895 0.99045807
1250777890 0.0000000 0.99439347 0.98805827
1250888264 0.0000000 0.99520046 0.98958385
1250911490 0.0000000 0.99343657 0.98686302
1252249816 0.0000000 0.99463153 0.98896295
1252757125 0.0000000 0.99671364 0.99324840
1254591366 0.0000000 0.99611878 0.99169785
1254664936 0.0000000 0.99719876 0.99301624
1255243328 0.0000000 0.99485397 0.98871183
1256244384 0.0000000 0.99601620 0.98949623
1256252705 0.0000000 0.99431306 0.98665762
1256431794 0.0000000 0.99496162 0.98981488
1257413577 0.0000000 0.60805863 -1.7083902
1257413887 0.0000000 0.99123788 0.98251569
1257420861 0.0000000 0.96615410 0.85082483
1257678569 0.0000000 0.99588311 0.99084163
1258065617 0.0000000 0.99496937 0.98938298
1258296469 0.0000000 0.99702507 0.99263448
1258824471 0.0000000 0.99656314 0.99193567
1258926370 0.0000000 0.99747753 0.99465996
1260564405 0.0000000 0.99485594 0.98963350
1260692005 0.0000000 0.98887157 0.97474742
1261227736 0.0000000 0.99314117 0.98370022
1261227864 0.0000000 0.99385941 0.98636222
1261228557 0.0000000 0.99487674 0.98941016
1261232031 0.0000000 0.99669075 0.99099815
1261235533 0.0000000 0.99509877 0.98993337
1261275144 0.0000000 0.99553823 0.99051720
1261713375 0.0000000 0.99491650 0.98876733
1261922241 0.0000000 0.99675828 0.99325186
1262034644 0.0000000 0.99425942 0.98722523
1262237921 0.0000000 0.99636292 0.99218053
1262343689 0.0000000 0.99564844 0.99058700
1262367286 0.0000000 0.99573320 0.99009609
1262622742 0.0000000 0.96657330 0.92486060
1262633257 0.0000000 0.99704063 0.99362367
1263881366 0.0000000 0.99713200 0.99369949
1265523000 0.0000000 0.99687201 0.99212360
1265599504 0.0000000 0.99675936 0.99247140
1265691729 0.0000000 0.99509484 0.98949295
1265942558 0.0000000 0.99803060 0.99562597
1266289887 0.0000000 0.99432611 0.98763824
1266816064 0.0000000 0.99529892 0.98897129
1267146477 0.0000000 0.99297655 0.98545033
1267162697 0.0000000 0.99616349 0.99158019
1267661932 0.0000000 0.99419719 0.98711979
1267662287 0.0000000 0.99449110 0.98823619
1267686434 0.0000000 0.99535280 0.98997337
1267690576 0.0000000 0.99424362 0.98828351
1268040382 0.0000000 0.98907566 0.97825205
1268902896 0.0000000 0.99639589 0.99125791
1268931240 0.0000000 0.99615371 0.99080276
1269644874 0.0000000 0.99469316 0.98841357
1270335780 0.0000000 0.99655122 0.99154353
1270813793 0.0000000 0.99658626 0.99251705
1270961850 0.0000000 0.99550003 0.98914391
1270999307 0.0000000 0.99647820 0.99277121
1271168968 0.0000000 0.99658602 0.99157709
1271191748 0.0000000 0.99622875 0.99107045
1271987388 0.0000000 0.99636960 0.99117452
1272194052 0.0000000 0.99518794 0.98921198
1272250791 0.0000000 0.99722445 0.99377632
1272823213 0.0000000 0.99578720 0.99027264
1274901407 0.0000000 0.99588054 0.99073136
1276535865 0.0000000 0.99495709 0.97991830
1276561877 0.0000000 0.99460822 0.98514950
1276823323 0.0000000 0.99183494 0.97970986
1277440084 0.0000000 0.99622321 0.99212980
1277575551 0.0000000 0.99722916 0.99322498
1277670806 0.0000000 0.99450588 0.98722976
1278097892 0.0000000 0.99469906 0.98753935
1278515743 0.0000000 0.99388772 0.98630124
1278618217 0.0000000 0.99696988 0.99383777
1278636079 0.0000000 0.99474567 0.98765445
1279357457 0.0000000 0.99453515 0.98879594
1279458204 0.0000000 0.99557287 0.99083382
1280029930 0.0000000 0.99780345 0.99494237
1280553485 0.0000000 0.99466187 0.98734683
1280563997 0.0000000 0.99627244 0.99218571
1280587745 0.0000000 0.99260914 0.98385984
1281476617 0.0000000 0.99468219 0.98860198
1283157909 5.00000007E-02 0.92543030 -65.099312
1283540817 0.0000000 0.76445258 -40.534401
1284039008 5.00000007E-02 0.83785051 -50.182659
1284244867 5.00000007E-02 0.88009119 -49.429417
1284952628 0.0000000 0.82023823 -45.261223
1285350982 5.00000007E-02 0.83323181 -60.674889
1285695233 5.00000007E-02 0.90117526 -62.586990
1285876560 0.0000000 0.99790400 0.99558192
1286047392 0.0000000 0.99779171 0.99546945
1286198915 0.0000000 0.99759650 0.99487311
1286865806 0.0000000 0.99765891 0.99392772
1287036373 0.0000000 0.99719882 0.99390584
1289221280 0.0000000 0.99259520 0.98479146
1289567329 0.0000000 0.99748284 0.99407065
1289576340 0.0000000 0.99684310 0.99296957
1290342705 0.0000000 0.99736655 0.99445975
1290784424 0.0000000 0.99677938 0.99310637
1290799240 0.0000000 0.99665964 0.99250692
1291601652 0.0000000 0.99744081 0.99474466
1291689974 0.0000000 0.99832493 0.99627906
1291927327 0.0000000 0.99463886 0.98850834
1292000461 0.0000000 0.99104118 0.98162425
1294804388 0.0000000 0.99695927 0.99313289
1296507195 0.0000000 0.99750173 0.99298126
1296548191 0.0000000 0.99752802 0.99388427
1297058102 0.0000000 0.99582261 0.98793334
1297342916 0.0000000 0.99728721 0.99422741
1297754297 0.0000000 0.99875551 0.99733001
1298970247 0.0000000 0.99590278 0.99144542
1299845150 0.0000000 0.99693650 0.99332869
1300123317 0.0000000 0.99562621 0.99043947
1300281136 0.0000000 0.99665660 0.99239457
1300608051 0.0000000 0.99625337 0.99133581
1301123952 0.0000000 0.99839920 0.99656117
1301458951 0.0000000 0.99347353 0.98380905
1301964194 0.0000000 0.99786347 0.99483204
1302916270 0.0000000 0.99733949 0.99429929
1302961193 0.0000000 0.99727517 0.99402839
1303685617 0.0000000 0.99763560 0.99509096
1304080155 0.0000000 0.99735624 0.99431449
1304082768 0.0000000 0.99748498 0.99406767
1304152538 0.0000000 0.99896866 0.99764580
1304437954 0.0000000 0.99786216 0.99529111
1304717510 0.0000000 0.99769467 0.99386978
1304757333 0.0000000 0.99576187 0.99116051
1306028051 0.0000000 0.99568695 0.98947197
1306098435 0.0000000 0.99890018 0.99672794
1306261925 0.0000000 0.99669087 0.99297345
1307034472 0.0000000 0.99789107 0.99565387
1307669122 0.0000000 0.99715072 0.99404550
1308478735 0.0000000 0.99823028 0.99638063
1309048281 0.0000000 0.99668115 0.99301898
1309094354 0.0000000 0.87975091 0.75563633
1309326569 0.0000000 0.98431635 0.96589345
1309474048 0.0000000 0.99713850 0.99421543
1309601047 0.0000000 0.99678940 0.99311906
1309696244 0.0000000 0.99802577 0.99594563
1309953539 0.0000000 0.99726081 0.99318314
1310469430 0.0000000 0.99791920 0.99571979
1310541580 0.0000000 0.99776459 0.99460858
1310928323 0.0000000 0.99744725 0.99447221
1311000534 0.0000000 0.99748749 0.99466580
1311084070 0.0000000 0.99494773 0.98746550
1311142337 0.0000000 0.99735451 0.99388421
1311692424 0.0000000 0.99436396 0.98792303
1313100452 0.0000000 0.99757785 0.99508864
1314264913 0.0000000 0.99672151 0.99337822
1314789752 0.0000000 0.99686360 0.99306333
1315538819 0.0000000 0.99781674 0.99553525
1315635988 0.0000000 0.99564463 0.99119031
1315804512 0.0000000 0.99727046 0.99438238
1316643513 0.0000000 0.99625874 0.99177361
1316653258 0.0000000 0.99681669 0.99331313
1317835272 0.0000000 0.95544618 0.90349662
1318175665 0.0000000 0.99683392 0.99357468
1318478724 0.0000000 0.99711406 0.99416739
1319945023 0.0000000 0.99840343 0.99629188
1320074224 0.0000000 0.99845284 0.99650985
1320721143 0.0000000 0.99778092 0.99520755
1321061921 0.0000000 0.99708295 0.99365175
1322787324 0.0000000 0.99680930 0.99330300
1322993584 0.0000000 0.99826676 0.99610865
1323861170 0.0000000 0.99800211 0.99561995
1323909341 0.0000000 0.99707103 0.99387497
1324582798 0.0000000 0.99668491 0.99272794
1325660397 0.0000000 0.99580699 0.98991108
1326181267 0.0000000 0.99719447 0.99408984
1326728445 0.0000000 0.99651271 0.99173462
1327107001 0.0000000 0.99752253 0.99438637
1327480583 0.0000000 0.99698538 0.99329203
1327824459 0.0000000 0.99787772 0.99513555
1328324062 0.0000000 0.99776614 0.99421030
1328459111 0.0000000 0.99710423 0.99378139
1330223700 0.0000000 0.99740916 0.99471629
1330883534 0.0000000 0.99760777 0.99474788
1332071890 0.0000000 0.99791718 0.99525768
1332086295 0.0000000 0.99664569 0.99303991
1332373478 0.0000000 0.99703521 0.99322718
1333258441 0.0000000 0.99769598 0.99496293
1333828758 0.0000000 0.99716973 0.99314111
1333921411 0.0000000 0.99704516 0.99350059
1334227165 0.0000000 0.99646074 0.99235600
1334800688 0.0000000 0.99769235 0.99440807
1335409258 0.0000000 0.98323023 0.96415144
1335538115 0.0000000 0.99791950 0.99531412
1338362741 0.0000000 0.99728864 0.99334055
1338842309 0.0000000 0.99770528 0.99502778
1338890190 0.0000000 0.99712390 0.99359637
1338944914 0.0000000 0.99794894 0.99529147
1338944979 0.0000000 0.99806559 0.99535406
1338945045 0.0000000 0.99690336 0.99245542
1339216879 0.0000000 0.99725664 0.99119568
1339275618 0.0000000 0.99832678 0.99645919
1339278860 0.0000000 0.99757153 0.99480474
1339309409 0.0000000 0.99748266 0.99491847
1339575740 0.0000000 0.99824363 0.99632770
1339598466 0.0000000 0.99816972 0.99600196
1339646879 0.0000000 0.99584478 0.99159479
1339690513 0.0000000 0.99751121 0.99474108
1339923712 0.0000000 0.99713224 0.99413913
1341299876 0.0000000 0.99791163 0.99506092
1341924177 0.0000000 0.99818069 0.99583507
1342405200 0.0000000 0.99671358 0.99341583
1344277570 0.0000000 0.99647415 0.99269986
1344910008 0.0000000 0.99755043 0.99451768
1344941743 0.0000000 0.99719995 0.99298859
1345138860 0.0000000 0.99712372 0.99343926
1345234802 0.0000000 0.99729139 0.99389827
1346380382 0.0000000 0.97820950 0.95301872
1346415099 0.0000000 0.99805367 0.99580407
1346415834 0.0000000 0.99778557 0.99519730
1346788818 0.0000000 0.99730289 0.99441689
1346816730 0.0000000 0.99758416 0.99490428
1348523853 0.0000000 0.99765784 0.99497640
1350722979 0.0000000 0.99800545 0.99589658
1350800865 0.0000000 0.99540645 0.98976272
1351161077 0.0000000 0.99635690 0.99254817
1352122829 0.0000000 0.99278808 0.98516977
1352554787 0.0000000 0.99515885 0.98909950
1353431341 0.0000000 0.99701875 0.99374521
1353536726 0.0000000 0.99741650 0.99423677
1354158772 0.0000000 0.99682426 0.99322283
1354470336 0.0000000 0.99454331 0.98735440
1354477411 0.0000000 0.99322933 0.98478341
1354976814 -192.50000 6.44176528E-02 -5.54500608E+08
1355221924 -109.35000 6.02715723E-02 -1.53217242E+09
1356243184 0.0000000 0.99839604 0.99656808
1356319072 0.0000000 0.99882936 0.99724716
1356487597 0.0000000 0.99844211 0.99664181
1356883405 0.0000000 0.99895614 0.99707782
1357128106 0.0000000 0.99852037 0.99678898
1357236484 0.0000000 0.99857265 0.99690169
1357270197 0.0000000 0.99850738 0.99629831
1357331931 0.0000000 0.99869466 0.99655050
1357541346 0.0000000 0.99840117 0.99646223
1357994057 0.0000000 0.99813342 0.99564123
1358411441 0.0000000 0.99821210 0.99632633
1358708986 0.0000000 0.99817908 0.99633443
1359776392 0.0000000 0.99873334 0.99711215
1361064727 0.0000000 0.99845254 0.99669158
1361239965 0.0000000 0.99707681 0.99380869
1361256759 0.0000000 0.99797678 0.99524277
1361373628 0.0000000 0.99844921 0.99668145
1361471757 0.0000000 0.99838066 0.99649811
1361665659 0.0000000 0.99821121 0.99590868
1362386544 0.0000000 0.99823850 0.99611664
1362609444 0.0000000 0.99901295 0.99793386
1362627405 0.0000000 0.99866927 0.99712640
1362643640 0.0000000 0.99880821 0.99759442
1363079024 0.0000000 0.99849981 0.99676234
1363764120 0.0000000 0.99817270 0.99600965
1364349799 0.0000000 0.77376407 -2.9848886
1364349845 0.0000000 0.99860400 0.99669105
1364355002 0.0000000 0.99919629 0.99749249
1364690983 0.0000000 0.99769777 0.99515319
1365625224 0.0000000 0.99881935 0.99699509
1366061297 0.0000000 0.99361658 0.98698592
1366432589 0.0000000 0.99812096 0.99578941
1366513671 0.0000000 0.99866009 0.99721968
1369110346 0.0000000 0.99815750 0.99523419
1369124755 0.0000000 0.99854898 0.99628329
1369791239 0.0000000 0.99864984 0.99689937
1369883683 0.0000000 0.99846244 0.99665409
1370118743 0.0000000 0.99854761 0.99704319
1370151783 0.0000000 0.36124259 -36.842083
1370623082 0.0000000 0.99886400 0.99689281
1372241957 0.0000000 0.99872756 0.99716002
1372463510 0.0000000 0.99863297 0.99659967
1373829868 0.0000000 0.99773020 0.99493575
1373895699 0.0000000 0.99800062 0.99528623
1373969495 0.0000000 0.99920607 0.99818426
1374677225 0.0000000 0.99653679 0.99210030
1374679935 0.0000000 0.99666703 0.99300224
1376837821 0.0000000 0.99865627 0.99729407
1377205321 0.0000000 0.99796885 0.99581808
1377355603 0.0000000 0.99910438 0.99784189
1377407246 0.0000000 0.99705935 0.99397743
1378247005 0.0000000 0.99892914 0.99767280
1378467231 0.0000000 0.99868703 0.99704230
1379475197 0.0000000 0.99851632 0.99692702
1380542719 0.0000000 0.99627459 0.98945248
1381466759 0.0000000 0.99844843 0.99680537
1381684855 0.0000000 0.99812895 0.99616855
1382170436 0.0000000 0.99605644 0.99186730
1382919848 0.0000000 0.99794716 0.99579537
1383069011 0.0000000 0.99844295 0.99673259
1383085061 0.0000000 0.99853945 0.99676502
1383220929 0.0000000 0.99869311 0.99722064
1383227120 0.0000000 0.99825895 0.99619406
1383227831 0.0000000 0.99825811 0.99643713
1383234448 0.0000000 0.99825257 0.99631894
1383263545 0.0000000 0.99835366 0.99669224
1383450194 0.0000000 0.99819893 0.99635035
1383519374 0.0000000 0.99867606 0.99716407
1383809110 0.0000000 0.99845034 0.99585032
1383809501 0.0000000 0.99822479 0.99492997
1383989687 0.0000000 0.99828035 0.99644005
1384145710 0.0000000 0.99863291 0.99712992
1384544358 0.0000000 0.99885565 0.99770546
1385019362 0.0000000 0.99908429 0.99807072
1386347977 0.0000000 0.98941314 0.97811979
1386357780 0.0000000 0.99822503 0.99601078
1387916955 0.0000000 0.99870592 0.99723935
1389034180 0.0000000 0.99942261 0.99696356
1389204911 0.0000000 0.99881423 0.99737138
1389717867 0.0000000 0.99861860 0.99717754
1389724692 0.0000000 0.99875551 0.99670082
1389729005 0.0000000 0.99815983 0.99582428
1389740803 0.0000000 0.99848789 0.99654180
1389904819 0.0000000 0.99862307 0.99663925
1390517490 0.0000000 0.99844593 0.99648678
1390619771 0.0000000 0.99581134 0.99151582
1391790286 0.0000000 0.99871016 0.99738079
1393014317 0.0000000 0.99927694 0.99814618
1393065064 0.0000000 0.99833071 0.99645513
1393759985 0.0000000 0.99773049 0.99533993
1393791078 0.0000000 0.99858445 0.99649531
1394913876 0.0000000 0.99864000 0.99681824
1395061976 0.0000000 0.99866092 0.99693209
1395231566 0.0000000 0.99841434 0.99614179
1397097485 0.0000000 0.99812609 0.99524349
1397746253 0.0000000 0.99851823 0.99675244
1398443585 0.0000000 0.99860722 0.99666166
1399207416 0.0000000 0.99882412 0.99736714
1399278483 0.0000000 0.99846303 0.99647731
1399745740 0.0000000 0.99822503 0.99610817
1399746271 0.0000000 0.99850744 0.99689108
1400631673 0.0000000 0.99630755 0.99263102
1401021673 0.0000000 0.99825519 0.99626130
1401296286 0.0000000 0.99846888 0.99624735
1402085900 0.0000000 0.99762744 0.99523258
1402313583 0.0000000 0.99872869 0.99690753
1402624068 0.0000000 0.99456376 0.98812813
1402784563 0.0000000 0.99760723 0.99515140
1403034553 0.0000000 0.99854517 0.99703389
1403317269 0.0000000 0.99839389 0.99673039
1403439974 0.0000000 0.99821424 0.99631953
1404774365 0.0000000 0.99890333 0.99750477
1404925818 0.0000000 0.99782735 0.99523157
1405577514 0.0000000 0.99863005 0.99719590
1407296767 0.0000000 0.99806100 0.99566436
1407544588 0.0000000 0.96871346 0.93412209
1408047770 0.0000000 0.99890459 0.99746466
1410046387 0.0000000 0.99865568 0.99697828
1410325949 0.0000000 0.99843687 0.99663472
1410382444 0.0000000 0.99825186 0.99638063
1411247643 0.0000000 0.99859679 0.99718821
1411641303 0.0000000 0.99816293 0.99617541
1412009058 0.0000000 0.99804425 0.99571598
1412705290 0.0000000 0.99856031 0.99697953
1413207959 0.0000000 0.98037207 0.95855606
1414298821 0.0000000 0.99921447 0.99830842
1416419181 0.0000000 0.99891502 0.99747241
1416419227 0.0000000 0.99913853 0.99772149
1416540553 0.0000000 0.99851835 0.99659449
1417557685 0.0000000 0.99806058 0.99601567
1417655668 0.0000000 0.99833870 0.99665004
1418245419 0.0000000 0.99885541 0.99759620
1418533563 0.0000000 0.99818516 0.99634880
1419682925 0.0000000 0.99855268 0.99644750
1419947441 0.0000000 0.99830377 0.99641120
1419995164 0.0000000 0.99904037 0.99777555
1420012476 0.0000000 0.99904948 0.99793303
1420437226 0.0000000 0.99878520 0.99739486
1420606112 0.0000000 0.99856746 0.99667919
1420742654 0.0000000 0.99482989 0.98895401
1421435535 0.0000000 0.99880725 0.99711907
1421639313 0.0000000 0.99845535 0.99658298
1422083726 0.0000000 0.99888426 0.99699438
1422374758 0.0000000 0.99810338 0.99564123
1422958210 0.0000000 0.99801224 0.99586314
1423037687 0.0000000 0.99890459 0.99772114
1423603888 0.0000000 0.95554042 0.90271586
1423726535 0.0000000 0.99878061 0.99728084
1423857991 0.0000000 0.99865299 0.99710435
1424969403 0.0000000 0.99912500 0.99793458
1426114954 0.0000000 0.99820483 0.99622142
1426344314 0.0000000 0.99864203 0.99700165
1426852891 0.0000000 0.99847060 0.99671638
1427105631 0.0000000 0.99934328 0.99828309
1427483378 0.0000000 0.99797952 0.99571306
1428208678 0.0000000 0.99810421 0.99600148
1428320250 0.0000000 0.99905729 0.99794608
1428945237 0.0000000 0.99928564 0.99842781
1429127316 0.0000000 0.99488443 0.98929858
1429494176 0.0000000 0.99830252 0.99619555
1429494550 0.0000000 0.99880463 0.99729252
1429528847 0.0000000 0.99929368 0.99851781
1429530313 0.0000000 0.99860305 0.99685258
1429531199 0.0000000 0.99884540 0.99738550
1429992097 0.0000000 0.99822438 0.99616206
1430658547 0.0000000 0.99856895 0.99675411
1431333501 0.0000000 0.99896806 0.99774748
1431387795 0.0000000 0.99628854 0.99114102
1431628549 0.0000000 0.99868762 0.99685019
1432588969 0.0000000 0.99816990 0.99554563
1432601816 0.0000000 0.99849486 0.99690962
1432799863 0.0000000 0.99875766 0.99717218
1434467768 0.0000000 0.99854463 0.99694979
1434867330 0.0000000 0.99883932 0.99761999
1435335400 0.0000000 0.99836558 0.99654353
1438066750 0.0000000 0.99855530 0.99707508
1438936857 0.0000000 0.99877059 0.99752909
1439209234 0.0000000 0.97164690 0.93896085
1439418087 0.0000000 0.99707639 0.99395096
1439474882 0.0000000 0.99877745 0.99730378
1439699200 0.0000000 0.99268049 0.98514247
1441113885 0.0000000 0.99711818 0.99344313
1441128847 0.0000000 0.99872416 0.99732405
1441160293 0.0000000 0.99875182 0.99719918
1441898607 0.0000000 0.99866366 0.99696869
1442339782 0.0000000 0.99770081 0.99488246
1442345855 0.0000000 0.99855822 0.99675989
1442345878 0.0000000 0.99855816 0.99673539
1442408939 0.0000000 0.99858487 0.99665815
1442410226 0.0000000 0.99852562 0.99699718
1442413798 0.0000000 0.99849850 0.99651885
1443074281 0.0000000 0.99835819 0.99639505
1443555465 0.0000000 0.99726230 0.99436039
1444648487 0.0000000 0.99858969 0.99699962
1444736944 0.0000000 0.99880946 0.99756569
1444953165 0.0000000 0.99867475 0.99709642
1444953267 0.0000000 0.99853194 0.99686849
1445014914 0.0000000 0.99885345 0.99765390
1445221055 0.0000000 0.99882841 0.99744385
1445233331 0.0000000 0.99896294 0.99773264
1445239215 0.0000000 0.99913377 0.99812293
1446412182 0.0000000 0.99876440 0.99715078
1446412281 0.0000000 0.99865365 0.99718422
1446509184 0.0000000 0.99868852 0.99704707
1446509190 0.0000000 0.99869031 0.99704999
1446714386 0.0000000 0.99871695 0.99743146
1447167192 0.0000000 0.99866354 0.99721730
1447255999 0.0000000 0.99855185 0.99697208
1447277516 0.0000000 0.99830407 0.99632341
1448316095 0.0000000 0.99104732 0.98155802
1448671943 0.0000000 0.99809730 0.99613541
1449033717 0.0000000 0.99872869 0.99666077
1449035580 0.0000000 0.99865592 0.99670470
1449153073 0.0000000 0.99834830 0.99662131
1449935242 0.0000000 0.99858457 0.99638838
1450510821 0.0000000 0.98130816 0.95968336
1450536811 0.0000000 0.99707866 0.99380666
1450992022 0.0000000 0.99904501 0.99787176
1451199638 0.0000000 0.99845678 0.99686354
1451327726 0.0000000 0.99807847 0.99598306
1451523194 0.0000000 0.99509031 0.98992658
1451829690 0.0000000 0.99886626 0.99750489
1451928000 0.0000000 0.99690044 0.99317241
1452487977 0.0000000 0.99885893 0.99759620
1453169606 0.0000000 0.99751520 0.99415702
1453824336 0.0000000 0.99762237 0.99455643
1454422761 0.0000000 0.99901837 0.99699962
1454702246 0.0000000 0.99909437 0.99773777
1454702308 0.0000000 0.99858057 0.99663687
1454702406 0.0000000 0.99900824 0.99748039
1454702512 0.0000000 0.99882746 0.99723142
1454978820 0.0000000 0.99792302 0.99583471
1455590759 0.0000000 0.99836570 0.99582875
1455595494 0.0000000 0.99879503 0.99679410
1455757779 0.0000000 0.99908382 0.99783957
1455758311 0.0000000 0.99856722 0.99641240
1456215987 0.0000000 0.99857980 0.99692154
1456541993 0.0000000 0.99847883 0.99649900
1457201466 0.0000000 0.99900603 0.99799955
1457276938 0.0000000 0.99716878 0.99386156
1459152479 0.0000000 0.99846399 0.99647158
1459502085 0.0000000 0.99576092 0.99142939
1459988008 0.0000000 0.99726546 0.99410474
1460294506 0.0000000 0.99798238 0.99571621
1460353509 0.0000000 0.99898404 0.99771309
1460804146 0.0000000 0.99830151 0.99594194
1461082597 0.0000000 0.99850678 0.99695456
1461607991 0.0000000 0.99886125 0.99747145
1461770234 0.0000000 0.99855006 0.99636388
1461770257 0.0000000 0.99854797 0.99633741
1461770858 0.0000000 0.99842530 0.99488235
1461781146 0.0000000 0.99864721 0.99706948
1461806086 0.0000000 0.99842006 0.99633366
1462056417 0.0000000 0.99864519 0.99695903
1462199340 0.0000000 0.99860227 0.99674320
1462521203 0.0000000 0.99901885 0.99746239
1462632669 0.0000000 0.99815100 0.99594092
1462675593 0.0000000 0.99933642 0.99854195
1463023035 0.0000000 0.99903548 0.99788523
1463023251 0.0000000 0.99894762 0.99762380
1463023282 0.0000000 0.99884456 0.99738830
1463027395 0.0000000 0.99911875 0.99791414
1463127852 0.0000000 0.99921894 0.99769616
1463195522 0.0000000 0.99806142 0.99582708
1463196768 0.0000000 0.99876660 0.99701178
1463530965 0.0000000 0.99766928 0.99531502
1463863900 0.0000000 0.99812686 0.99476147
1463882779 0.0000000 0.99780393 0.99473745
1464184475 0.0000000 0.99735487 0.99415141
1464544116 0.0000000 0.99786896 0.99527812
1464576767 0.0000000 0.99845010 0.99621481
1464630651 0.0000000 0.99850339 0.99696124
1464672226 0.0000000 0.99930888 0.99819219
1466204142 0.0000000 0.99885261 0.99718297
1466383187 0.0000000 0.99834031 0.99665922
1466409210 0.0000000 0.99899781 0.99730939
1466715930 0.0000000 0.99875641 0.99741322
1467361422 0.0000000 0.99876958 0.99750906
1469019333 0.0000000 0.99773479 0.99524677
1469592155 0.0000000 0.99814409 0.99562454
1471008941 0.0000000 0.99872553 0.99730140
1471908408 0.0000000 0.99783200 0.99536395
1472660934 0.0000000 0.99835354 0.99657387
1473440050 0.0000000 0.99790895 0.99545997
1475055492 0.0000000 0.99853921 0.99696630
1475769120 0.0000000 0.99903321 0.99760586
1477370752 0.0000000 0.99854791 0.99679583
1478519786 0.0000000 0.99805546 0.99571323
1478903131 0.0000000 0.99876410 0.99713135
1480024554 0.0000000 0.99875712 0.99717075
1480377579 0.0000000 0.99846441 0.99685913
1480507474 0.0000000 0.99872917 0.99722511
1481256588 0.0000000 0.99893707 0.99779499
1481811269 0.0000000 0.99856758 0.99692011
1483057851 0.0000000 0.99900347 0.99790752
1483513641 0.0000000 0.99872971 0.99721640
1484155863 0.0000000 0.99795741 0.99558336
1484797338 0.0000000 0.99517643 0.99006635
1484900187 0.0000000 0.99826604 0.99633700
1485329586 0.0000000 0.99852633 0.99694043
1486746772 0.0000000 0.99837446 0.99624825
1487420859 0.0000000 0.99732256 0.99415088
1487652197 0.0000000 0.99490047 0.98919898
1488212310 0.0000000 0.99864316 0.99717748
1488924651 0.0000000 0.99864191 0.99712437
1489967289 0.0000000 0.99885166 0.99749613
1490066029 0.0000000 0.90493196 0.77919763
1490805242 0.0000000 0.99780923 0.99528396
1492112471 0.0000000 0.99947906 0.99749416
1492367656 0.0000000 0.99828517 0.99637711
1493517442 0.0000000 0.99811405 0.99570316
1493960850 0.0000000 0.99860728 0.99705362
1493986611 0.0000000 0.98177505 0.96089870
1494889974 0.0000000 0.99899340 0.99760693
1494932580 0.0000000 0.99753141 0.99455237
1495631454 0.0000000 0.99750990 0.99485463
1495691291 0.0000000 0.99725473 0.99451560
1495956669 0.0000000 0.99754405 0.99491686
1495999757 0.0000000 0.99886113 0.99735266
1496582686 0.0000000 0.99876118 0.99719751
1497967350 0.0000000 0.97932029 0.95586449
1498029939 0.0000000 0.99914074 0.99823505
1500318986 0.0000000 0.99793774 0.99568254
1501139292 0.0000000 0.99827665 0.99640495
1501845585 0.0000000 0.99876428 0.99734074
1502294736 0.0000000 0.99903846 0.99807256
1502416734 0.0000000 0.99875474 0.99742711
1502582915 0.0000000 0.99836296 0.99667072
1504364658 0.0000000 0.99814844 0.99621642
1505096741 0.0000000 0.99873722 0.99744886
1505687994 0.0000000 0.99872476 0.99744952
1505917796 0.0000000 0.99924028 0.99803573
1506232185 0.0000000 0.99848384 0.99656874
1506549399 0.0000000 0.99842310 0.99675632
1507505391 0.0000000 0.99848068 0.99675339
1507747520 0.0000000 0.99859428 0.99707401
1508582157 0.0000000 0.99814546 0.99608487
1509318944 0.0000000 0.99845958 0.99632174
1509677295 0.0000000 0.99824178 0.99598575
1509677339 0.0000000 0.99821395 0.99590707
1509752088 0.0000000 0.99927044 0.99803853
1510398879 0.0000000 0.99813175 0.99529511
1510402973 0.0000000 0.99832821 0.99531919
1510440860 0.0000000 0.99892211 0.99762344
1510947032 0.0000000 0.99825627 0.99620926
1511360409 0.0000000 0.99884099 0.99765241
1511470532 0.0000000 0.99718249 0.99318260
1512230735 0.0000000 0.99853444 0.99662155
1512377977 0.0000000 0.99828959 0.99637949
1512704669 0.0000000 0.99847376 0.99664497
1513120660 0.0000000 0.99843895 0.99653518
1516168751 0.0000000 0.99892515 0.99748498
1516984288 0.0000000 0.99831295 0.99561626
1517686257 0.0000000 0.99768186 0.99440789
1517749972 0.0000000 0.99759316 0.99394768
1517752600 0.0000000 0.99736911 0.99346381
1517752662 0.0000000 0.99849361 0.99645555
1517753127 0.0000000 0.99770075 0.99415129
1517753452 0.0000000 0.99864781 0.99654907
1517753522 0.0000000 0.99867845 0.99663132
1517753592 0.0000000 0.99864656 0.99656498
1517753815 0.0000000 0.99779898 0.99467576
1517758427 0.0000000 0.99845260 0.99608171
1517763262 0.0000000 0.99834168 0.99597329
1517821602 0.0000000 0.99888462 0.99626744
1517823894 0.0000000 0.99863869 0.99630117
1517846321 0.0000000 0.99804580 0.99340236
1517852233 0.0000000 0.99849731 0.99608541
1517893754 0.0000000 0.99811423 0.99568319
1517906208 0.0000000 0.99822807 0.99481320
1517932241 0.0000000 0.99812102 0.99590909
1517932280 0.0000000 0.99876577 0.99704498
1517932282 0.0000000 0.99848914 0.99632007
1517932427 0.0000000 0.99793100 0.99525154
1517932434 0.0000000 0.99792397 0.99522305
1517932492 0.0000000 0.99823689 0.99628788
1517933877 0.0000000 0.99827176 0.99619043
1517940013 0.0000000 0.99825066 0.99569762
1517940459 0.0000000 0.99848521 0.99679357
1517944528 0.0000000 0.99745959 0.99439222
1517945796 0.0000000 0.99796790 0.99539930
1517950582 0.0000000 0.99794495 0.99519867
1517958702 0.0000000 0.99771619 0.99412668
1517960631 0.0000000 0.99851233 0.99673349
1517969882 0.0000000 0.99782455 0.99413663
1517974578 0.0000000 0.99809748 0.99357682
1517998787 0.0000000 0.99807429 0.99560916
1518001985 0.0000000 0.99708414 0.99304062
1518008800 0.0000000 0.99827737 0.99434340
1518008880 0.0000000 0.99825299 0.99504781
1518013159 0.0000000 0.99806732 0.99550480
1518016890 0.0000000 0.99784577 0.99501073
1518016916 0.0000000 0.99767327 0.99444562
1518051257 0.0000000 0.99818331 0.99592328
1518059164 0.0000000 0.99739146 0.99394470
1518142443 0.0000000 0.99694395 0.99307179
1518201789 0.0000000 0.99717647 0.99272484
1518248929 0.0000000 0.99820650 0.99529266
1518858396 0.0000000 0.99836802 0.99615961
1518981709 0.0000000 0.99896675 0.99759978
1519051621 0.0000000 0.99919343 0.99820989
1519254641 0.0000000 0.99849921 0.99641377
1519583320 0.0000000 0.99887860 0.99740529
1519962147 0.0000000 0.99867338 0.99707264
1520098551 0.0000000 0.99775767 0.99463463
1520329330 0.0000000 0.99874556 0.99738425
1521024527 0.0000000 0.99742800 0.99299389
1521537776 0.0000000 0.99832731 0.99634445
1521728871 0.0000000 0.99728614 0.99289608
1522232997 0.0000000 0.99896872 0.99778831
1522282670 0.0000000 0.99919927 0.99804473
1522598524 0.0000000 0.99796474 0.99518991
1523432369 0.0000000 0.99817240 0.99572819
1523886539 0.0000000 0.99847490 0.99641329
1524201906 0.0000000 0.99841285 0.99650961
1524248877 0.0000000 0.99831861 0.99650705
1524308214 0.0000000 0.99837810 0.99660909
1524503432 0.0000000 0.99889493 0.99769962
1524721460 0.0000000 0.99850547 0.99648666
1524721601 0.0000000 0.99823946 0.99602634
1524808553 0.0000000 0.99843520 0.99598771
1525218424 0.0000000 0.99844396 0.99627197
1526098666 0.0000000 0.99831772 0.99661988
1527728598 0.0000000 0.99855626 0.99668598
1527904870 0.0000000 0.99947673 0.99844033
1528731725 0.0000000 0.99817556 0.99614054
1528750347 0.0000000 0.99845570 0.99668187
1528856173 0.0000000 0.99683267 0.99340355
1529096035 0.0000000 0.99889338 0.99773908
1529334375 0.0000000 0.99865955 0.99728155
1529522338 0.0000000 0.99863124 0.99698782
1530516370 0.0000000 0.99776548 0.99518323
1530516385 0.0000000 0.99776322 0.99516684
1530609654 0.0000000 0.99777532 0.99543566
1531312909 0.0000000 0.99852663 0.99679631
1531507119 0.0000000 0.99852169 0.99666458
1532050755 0.0000000 0.99825156 0.99590868
1533217098 0.0000000 0.99804616 0.99400765
1533504622 0.0000000 0.99825162 0.99628192
1533801692 0.0000000 0.99797004 0.99555135
1534500582 0.0000000 0.99912751 0.99803406
1534551317 0.0000000 0.99873930 0.99707574
1535572403 0.0000000 0.99826676 0.99608940
1536641006 0.0000000 0.99711770 0.99376619
1536700815 0.0000000 0.99828666 0.99654734
1538633849 0.0000000 0.99739712 0.99462962
1538766649 0.0000000 0.99422091 0.98806179
1539072778 0.0000000 0.99855775 0.99669540
1539164591 0.0000000 0.99872613 0.99723083
1540269298 0.0000000 0.99887431 0.99687439
1540310644 0.0000000 0.99896342 0.99752539
1541624711 0.0000000 0.99876297 0.99743301
1541712486 0.0000000 0.99872959 0.99737102
1542328459 0.0000000 0.99819344 0.99615109
1542608341 0.0000000 0.99883753 0.99761963
1542638415 0.0000000 0.99826431 0.99581826
1542645094 0.0000000 0.99856681 0.99708605
1543190243 0.0000000 0.99779391 0.99531907
1543191316 0.0000000 0.99748302 0.99495542
1543236658 0.0000000 0.99723065 0.99432629
1543238642 0.0000000 0.99689394 0.99373698
1543314575 0.0000000 0.99774498 0.99549049
1544368541 0.0000000 0.99797153 0.99543530
1544439487 0.0000000 0.99800056 0.99571937
1544621063 0.0000000 0.99640405 0.99207366
1544908865 0.0000000 0.99879122 0.99723941
1545710204 0.0000000 0.99839550 0.99657142
1546538568 0.0000000 0.99833018 0.99619710
1546949806 0.0000000 0.99864173 0.99693561
1548127166 0.0000000 0.99836361 0.99649990
1548825695 0.0000000 0.99854022 0.99689043
1548861293 0.0000000 0.99867976 0.99694526
1549366351 0.0000000 0.99856794 0.99691153
1549558324 0.0000000 0.99826258 0.99637264
1550239687 0.0000000 0.99879479 0.99728042
1551558867 0.0000000 0.99330717 0.98590350
1552012334 0.0000000 0.99818474 0.99582487
1552127531 0.0000000 0.99261010 0.98485571
1552421955 0.0000000 0.99861676 0.99676174
1552451554 0.0000000 0.99780256 0.99533254
1552511242 0.0000000 0.99892807 0.99770015
1552697151 0.0000000 0.99862856 0.99684054
1552968094 0.0000000 0.99900186 0.99792176
1553256348 0.0000000 0.99859715 0.99672931
1553414210 0.0000000 0.99804682 0.99602580
1554087275 0.0000000 0.99867779 0.99677813
1554172029 0.0000000 0.99714094 0.99380350
1554256375 0.0000000 0.99877042 0.99720174
1554343015 0.0000000 0.99822330 0.99596655
1554382610 0.0000000 0.99865299 0.99729496
1554499495 0.0000000 0.99754709 0.99430150
1554706689 0.0000000 0.99857330 0.99699020
1554822801 0.0000000 0.99705791 0.99306428
1554841453 0.0000000 0.99697787 0.99312848
1554850672 0.0000000 0.99839473 0.99608350
1555563667 0.0000000 0.99839425 0.99655169
1556793883 0.0000000 0.99861997 0.99692124
1556970683 0.0000000 0.99624014 0.99202794
1557330527 0.0000000 0.99857777 0.99684185
1557737721 0.0000000 0.99878329 0.99734676
1558197514 0.0000000 0.99865723 0.99707735
1558379328 0.0000000 0.99759316 0.99491388
1558489044 0.0000000 0.99818116 0.99635446
1558591969 0.0000000 0.99689245 0.99255222
1559317998 0.0000000 0.99863172 0.99643648
1559641578 0.0000000 0.99844664 0.99639344
1559762840 0.0000000 0.99743479 0.99450642
1560870606 0.0000000 0.99347997 0.98658907
1561237205 0.0000000 0.99822748 0.99643606
1561242160 0.0000000 0.99848807 0.99695623
1561825206 0.0000000 0.99871063 0.99728078
1561837452 0.0000000 0.99858516 0.99714071
1562610935 0.0000000 0.99817199 0.99622816
1562880116 0.0000000 0.99847817 0.99643540
1563275550 0.0000000 0.99835461 0.99665105
1563531230 0.0000000 0.99823356 0.99616611
1563768365 0.0000000 0.99726123 0.99392819
1563850922 0.0000000 0.99874437 0.99629390
1564123196 0.0000000 0.99917334 0.99830186
1564190683 0.0000000 0.99901211 0.99757880
1564649429 0.0000000 0.99718744 0.99418998
1564753988 0.0000000 0.99820030 0.99637806
1564784683 0.0000000 0.99886978 0.99769455
1565054388 0.0000000 0.99877936 0.99737495
1565055090 0.0000000 0.99792153 0.99580783
1565213283 0.0000000 0.99881023 0.99732363
1565218942 0.0000000 0.99888527 0.99763006
1565905300 0.0000000 0.99803364 0.99600422
1566053525 0.0000000 0.99861711 0.99709862
1566053530 0.0000000 0.99861729 0.99709880
1566074882 0.0000000 0.99783140 0.99562252
1566101114 0.0000000 0.99860805 0.99696857
1566598377 0.0000000 0.97996938 0.95802271
1566648618 0.0000000 0.99807644 0.99611396
1567237819 0.0000000 0.99849868 0.99686128
1567471650 0.0000000 0.99846518 0.99686348
1567604000 0.0000000 0.99840325 0.99679548
1567917359 0.0000000 0.99884206 0.99717635
1568005668 0.0000000 0.99882406 0.99745762
1568095682 0.0000000 0.99744684 0.99447274
1569863578 0.0000000 0.99792427 0.99551541
1570468626 0.0000000 0.99835163 0.99650264
1571312673 0.0000000 0.99879336 0.99732518
1571861758 0.0000000 0.99128407 0.98167783
1572218883 0.0000000 0.99853802 0.99688858
1573491297 0.0000000 0.99772817 0.99533677
1573495893 0.0000000 0.99861205 0.99681777
1574645562 0.0000000 0.99782133 0.99518067
1575564604 0.0000000 0.99305338 0.98550862
1575660753 0.0000000 0.99853349 0.99668878
1577769501 0.0000000 0.99179542 0.98312151
1577819410 0.0000000 0.99812686 0.99508905
1578293635 0.0000000 0.99808347 0.99523628
1578510402 0.0000000 0.99839854 0.99673700
1579404154 0.0000000 0.99883103 0.99730998
1579703564 0.0000000 0.99853498 0.99685913
1580749376 0.0000000 0.99812514 0.99600726
1581076659 0.0000000 0.99818468 0.99594271
1581616159 0.0000000 0.99880636 0.99683106
1581629921 0.0000000 0.99816602 0.99568373
1581764406 0.0000000 0.99708676 0.99336541
1581764700 0.0000000 0.99743676 0.99419636
1581794413 0.0000000 0.99705458 0.99345523
1582090065 0.0000000 0.98710114 0.97195858
1582113307 0.0000000 0.99142498 0.98156917
1582546233 0.0000000 0.99607593 0.99202150
1582592414 0.0000000 0.99824619 0.99583924
1582629242 0.0000000 0.99879503 0.99721563
1582695255 0.0000000 0.99801117 0.99599755
1584677477 0.0000000 0.99864757 0.99706185
1585787701 0.0000000 0.97344166 0.94377893
1586304460 0.0000000 0.99674344 0.99322742
1586389759 0.0000000 0.99866068 0.99643320
1586537097 0.0000000 0.99809664 0.99576485
1586691401 0.0000000 0.99838126 0.99628603
1587481331 0.0000000 0.99861693 0.99691081
1588476280 0.0000000 0.99860775 0.99717623
1589003116 0.0000000 0.99842048 0.99680930
1589548020 0.0000000 0.99230760 0.98391533
1589756010 0.0000000 0.99853522 0.99659199
1589910785 0.0000000 0.99667424 0.99275923
1590311534 0.0000000 0.97437584 0.94488680
1590359490 0.0000000 0.99859899 0.99695235
1590694463 0.0000000 0.99708748 0.99291557
1590843750 0.0000000 0.99835992 0.99600512
1591494563 0.0000000 0.99740076 0.99333549
1591839506 0.0000000 0.99810201 0.99573934
1591921295 0.0000000 0.99720949 0.99398899
1592079539 0.0000000 0.99763674 0.99514711
1592349420 0.0000000 0.99894869 0.99769533
1593214064 0.0000000 0.99843407 0.99634963
1593241888 0.0000000 0.99838358 0.99668694
1593407313 0.0000000 0.99913591 0.99817783
1593435168 0.0000000 0.99851143 0.99682933
1593519432 0.0000000 0.99831676 0.99662089
1594227272 0.0000000 0.99852151 0.99685919
1594265063 0.0000000 0.99903554 0.99795157
1594267923 0.0000000 0.99833226 0.99612778
1594526768 0.0000000 0.99876773 0.99751383
1594546164 0.0000000 0.99504429 0.98956573
1595767949 0.0000000 0.99785650 0.99552763
1597107665 0.0000000 0.99894780 0.99786556
1597123796 0.0000000 0.99760664 0.99511218
1597187246 0.0000000 0.99833262 0.99635768
1597774608 0.0000000 0.99633956 0.99239594
1597797181 0.0000000 0.99742317 0.99480140
1597806811 0.0000000 0.99841005 0.99664533
1598480108 0.0000000 0.99842709 0.99678826
1598847265 0.0000000 0.99597120 0.99092674
1599036279 0.0000000 0.99816221 0.99619645
1600306672 0.0000000 0.99738663 0.99420208
1600646088 0.0000000 0.99803478 0.99581695
1600833602 0.0000000 0.99852771 0.99674678
1601017581 0.0000000 0.99807793 0.99612355
1601326254 0.0000000 0.99895430 0.99787766
1601342057 0.0000000 0.99838668 0.99644816
1601440640 0.0000000 0.99925214 0.99809945
1601863505 0.0000000 0.99756819 0.99504805
1602517184 0.0000000 0.99842846 0.99669528
1602946993 0.0000000 0.99827272 0.99593401
1602947159 0.0000000 0.96023059 0.91436982
1603087586 0.0000000 0.99746484 0.99467140
1603396062 0.0000000 0.98635012 0.97145587
1603674483 0.0000000 0.99911749 0.99821848
1604358861 0.0000000 0.99827808 0.99642980
1604426346 0.0000000 0.99748826 0.99465907
1604601372 0.0000000 0.99749243 0.99493253
1604626818 0.0000000 0.99864340 0.99708921
1605130406 0.0000000 0.99864107 0.99722821
1605130534 0.0000000 0.99810076 0.99599040
1605266102 0.0000000 0.99858344 0.99677432
1605511152 0.0000000 0.99897647 0.99780327
1605551866 0.0000000 0.99877602 0.99700367
1605557664 0.0000000 0.99859703 0.99675578
1605621503 0.0000000 0.99778026 0.99512845
1605662576 0.0000000 0.99830055 0.99647355
1606582085 0.0000000 0.98378122 0.96644950
1606657334 0.0000000 0.99852109 0.99676359
1607578178 0.0000000 0.99875474 0.99736631
1607606398 0.0000000 0.99821788 0.99593931
1607606851 0.0000000 0.99896568 0.99773312
1607624108 0.0000000 0.99887365 0.99759233
1608317519 0.0000000 0.99505252 0.98989463
1608385359 0.0000000 0.98154557 0.96044677
1609436522 0.0000000 0.99895614 0.99789399
1609594007 0.0000000 0.99841380 0.99643785
1610162996 0.0000000 0.84304827 0.57631719
1610192153 0.0000000 0.99909925 0.99808222
1610249009 0.0000000 0.99675804 0.99345213
1610838659 0.0000000 0.99771321 0.99507803
1611559538 0.0000000 0.99857718 0.99653846
1611565557 0.0000000 0.99793571 0.99518466
1611574763 0.0000000 0.99884582 0.99701625
1611584686 0.0000000 0.99491757 0.98941475
1611818971 0.0000000 0.99861860 0.99708790
