837595616 0.0000000 0.99150985 0.98184413
837775762 0.0000000 0.95229840 0.89222127
837925917 0.0000000 0.90602827 0.77029991
838427199 0.0000000 0.99558115 0.99052447
838671653 0.0000000 0.99990916 0.99943829
838750993 0.0000000 0.98846680 0.97495627
839270473 0.0000000 0.99314696 0.98523307
839658185 0.0000000 0.99961811 0.99888754
841593341 0.0000000 0.96403313 0.92129201
841947167 0.0000000 0.93001443 0.83758795
841966927 0.0000000 0.99997318 0.99970245
841967337 0.0000000 0.93475044 0.85484260
841967424 0.0000000 0.90142649 0.77213764
841969564 0.0000000 0.99233162 0.98346621
841973148 0.0000000 0.95733804 0.90838867
841975496 0.0000000 0.99900144 0.99762064
841976432 0.0000000 0.97690940 0.94880110
841976527 0.0000000 0.94437557 0.86789429
841989993 0.0000000 0.93822056 0.85735917
841990035 0.0000000 0.93862098 0.85853887
841990674 0.0000000 0.95500362 0.90045720
841998277 0.0000000 0.97495443 0.94407392
842009672 0.0000000 0.99774814 0.99512577
842020651 0.0000000 0.88885218 0.71817666
842035262 0.0000000 0.97811794 0.95302695
842036992 0.0000000 0.80041033 0.44762588
842056074 0.0000000 0.98988062 0.97888637
842122037 0.0000000 0.95152563 0.88813043
842211144 0.0000000 0.91445887 0.80810100
842213633 0.0000000 0.98332739 0.96365952
842233958 0.0000000 0.99767596 0.99488330
842984365 0.0000000 0.85634780 0.61748838
844156464 0.0000000 0.98571509 0.97013074
844853345 0.0000000 0.99986076 0.99938709
844879870 0.0000000 0.95361650 0.89799458
846839283 0.0000000 0.99294055 0.98509026
847935551 0.0000000 0.99762756 0.99473029
848996543 0.0000000 0.99985623 0.99940735
849080713 0.0000000 0.97621405 0.94755661
850676186 0.0000000 0.99937260 0.99825066
850877408 0.0000000 0.98927486 0.97707832
850908023 0.0000000 0.99330610 0.98540515
851184320 0.0000000 0.98248190 0.96257728
851550736 0.0000000 0.99549782 0.99034590
851807286 0.0000000 0.98665512 0.97168458
852186702 0.0000000 0.99037361 0.97931582
852329204 0.0000000 0.84560466 0.56842828
852460456 0.0000000 0.99961191 0.99884474
852489653 0.0000000 0.98462141 0.96684140
852515472 0.0000000 0.96345311 0.91952133
853272363 0.0000000 0.94297564 0.86981797
853376840 0.0000000 0.99790221 0.99538696
853407944 0.0000000 0.90758801 0.78347576
853607627 0.0000000 0.99844468 0.99637651
853739580 0.0000000 0.98813486 0.97435355
854306280 0.0000000 0.99460649 0.98789310
855524541 0.0000000 0.98531359 0.96852231
855593408 0.0000000 0.99785453 0.99514556
855822594 0.0000000 0.98887885 0.97626275
856345761 0.0000000 0.99537355 0.98988080
857058283 0.0000000 0.99781841 0.99509501
857344712 0.0000000 0.92352849 0.81722856
861140002 0.0000000 0.98352802 0.96417004
861746294 0.0000000 0.38409209 -4.9197011
862185572 0.0000000 0.99641752 0.99199545
862608623 0.0000000 0.99302739 0.98468417
862627573 0.0000000 0.99860221 0.99675030
864384080 0.0000000 0.93213713 0.84474766
864454998 0.0000000 0.93601680 0.85061300
865120897 0.0000000 0.98414844 0.96593475
866316320 0.0000000 0.99076605 0.98027194
866599410 0.0000000 0.99962324 0.99882203
866972164 0.0000000 0.99885768 0.99725473
867426807 0.0000000 0.94381839 0.87243593
868041450 0.0000000 0.99969310 0.99904329
868379187 0.0000000 0.99307597 0.98488027
868522793 0.0000000 0.98700786 0.97167099
868964733 0.0000000 0.99987286 0.99937940
882844545 0.0000000 0.97334218 0.94208574
883382199 0.0000000 0.92124790 0.82291794
884800485 0.0000000 0.97447807 0.94872153
884800633 0.0000000 0.94419849 0.88199776
885153411 0.0000000 0.99515575 0.99015170
885163200 0.0000000 0.98698616 0.97410083
885338978 0.0000000 0.99385321 0.98759913
886836052 0.0000000 0.99278462 0.98539329
888302731 0.0000000 0.99045175 0.98089451
888303585 0.0000000 0.97889125 0.95762837
889317344 0.0000000 0.99120307 0.98240960
889596008 0.0000000 0.98159790 0.96299040
889636914 0.0000000 0.99001390 0.98007172
892980386 0.0000000 0.99032259 0.98071402
893747340 0.0000000 0.98346019 0.96705091
894067552 0.0000000 0.92004931 0.82221586
894087462 0.0000000 0.99703556 0.99380583
894238216 0.0000000 0.99989218 0.99914008
894747219 0.0000000 0.99895149 0.99741322
895144921 0.0000000 0.96570718 0.93022335
895222228 0.0000000 0.99281359 0.98558098
895422961 0.0000000 0.98695254 0.97401094
895825584 0.0000000 0.89791757 0.77111447
896509358 0.0000000 0.99831527 0.99617380
899724834 0.0000000 0.90218461 0.77926052
900181394 0.0000000 0.96995163 0.93969238
900651074 0.0000000 0.99995875 0.99934906
900701079 0.0000000 0.99670923 0.99300170
900781359 0.0000000 0.99889523 0.99736208
900871111 0.0000000 0.99436665 0.98862755
900952524 0.0000000 0.98998886 0.98004532
901305843 0.0000000 0.99955171 0.99846250
901786541 0.0000000 0.95951366 0.91746032
901877006 0.0000000 0.98603350 0.97221649
902801269 0.0000000 0.99854481 0.99659967
902970331 0.0000000 0.80692375 0.48382717
903265983 0.0000000 0.99812233 0.99571943
904013371 0.0000000 0.97094011 0.94195276
905363640 0.0000000 0.98885596 0.97775418
905409966 0.0000000 0.98696452 0.97406393
905583188 0.0000000 0.93121785 0.85360271
905664888 0.0000000 0.99919969 0.99783725
905697214 0.0000000 0.94481748 0.88429296
905921771 0.0000000 0.99923962 0.99780965
906395377 0.0000000 0.99849713 0.99644834
906915742 0.0000000 0.95913625 0.91671461
906973039 0.0000000 0.88540739 0.74004507
907937571 0.0000000 0.99865025 0.99684715
908081794 0.0000000 0.96148443 0.92179286
908297657 0.0000000 0.90816814 0.79663783
908665869 0.0000000 0.97959948 0.95900321
910076797 0.0000000 0.99918246 0.99779922
911341652 0.0000000 0.99984705 0.99892402
911471402 0.0000000 0.99761522 0.99488735
912019233 0.0000000 0.97723478 0.95448786
912118339 0.0000000 0.99333394 0.98652321
912320478 0.0000000 0.98988885 0.97978640
913597143 0.0000000 0.99718344 0.99402857
914291346 0.0000000 0.99781692 0.99513888
914495847 0.0000000 0.95263422 0.90170389
916122256 0.0000000 0.99693954 0.99346364
918942477 0.0000000 0.99096251 0.98195946
919479225 0.0000000 0.97961539 0.95913517
919691338 0.0000000 0.99979442 0.99898982
920174684 0.0000000 0.98989838 0.97986358
920668347 0.0000000 0.99878865 0.99706203
922458849 0.0000000 0.98515922 0.97042489
922945941 0.0000000 0.51998103 -1.3157017
923201942 0.0000000 0.99980390 0.99896187
923233981 0.0000000 0.98438489 0.96886760
923415279 0.0000000 0.98062849 0.96141469
923730743 0.0000000 0.99823010 0.99598771
925451079 0.0000000 0.99075961 0.98153794
925706822 0.0000000 0.90276313 0.78134155
925998383 0.0000000 0.94845235 0.89508909
926039004 0.0000000 0.99929249 0.99806052
926607950 0.0000000 0.93714070 0.86520392
926999002 0.0000000 0.99532104 0.99041688
927655854 0.0000000 0.84698808 0.62187350
928199401 0.0000000 0.99026853 0.98060155
928426302 0.0000000 0.99984175 0.99907446
928999079 0.0000000 0.99973184 0.99882537
929863441 0.0000000 0.95919281 0.91757733
930302321 0.0000000 0.81608695 0.51314449
930322043 0.0000000 0.94249535 0.87897682
931355593 0.0000000 0.99972284 0.99866366
931356389 0.0000000 0.98955548 0.97908378
931484211 0.0000000 0.98700446 0.97416854
931653898 0.0000000 0.81977773 0.52780557
931724710 0.0000000 0.99683595 0.99329412
932244360 0.0000000 0.94558191 0.88866007
936973100 0.0000000 0.99899507 0.99734044
937489447 214.90001 1.77166443E-02 0.0000000
937498321 -78.250000 1.82568394E-02 0.0000000
943068575 0.0000000 0.99801886 0.99561220
943611150 0.0000000 0.99367857 0.98723251
943821740 0.0000000 0.99962866 0.99863750
943824350 0.0000000 0.99979275 0.99902993
943825521 0.0000000 0.49056470 -2.1042521
944504073 0.0000000 0.96999848 0.93980116
944668884 0.0000000 0.97665811 0.95349550
946556672 0.0000000 0.99555326 0.99096030
946866008 0.0000000 0.99809545 0.99572957
947114226 0.0000000 0.99969435 0.99896610
947114473 0.0000000 0.99949181 0.99851453
947647037 0.0000000 0.99829978 0.99610198
947656074 0.0000000 0.99503332 0.98991549
948390129 0.0000000 0.99925822 0.99801469
948631348 0.0000000 0.99667513 0.99297136
949249486 -5.00000007E-02 0.74701267 0.26409197
949263715 0.0000000 0.99962664 0.99891943
949566570 0.0000000 0.97182304 0.94360244
949603687 0.0000000 0.99439198 0.98864764
949879457 0.0000000 0.99563813 0.99102235
950224447 0.0000000 0.93323523 0.85915232
950650398 0.0000000 0.99987823 0.99925470
951234151 0.0000000 0.98768079 0.97548258
953907196 0.0000000 0.97698164 0.95424479
954673370 0.0000000 0.99963975 0.99877954
955161703 0.0000000 0.99694628 0.99354339
955676198 0.0000000 0.99697387 0.99370384
956035742 0.0000000 0.97095835 0.94143760
956153058 0.0000000 0.99952048 0.99855083
956694214 0.0000000 0.99907053 0.99748772
956994415 0.0000000 0.99613547 0.99202085
957620512 0.0000000 0.99974066 0.99890941
957716288 0.0000000 0.99427521 0.98840517
957743265 0.0000000 0.99750698 0.99469995
958533946 0.0000000 0.99986625 0.99912119
958534040 0.0000000 0.99966800 0.99881923
958587166 0.0000000 0.98993999 0.97995448
958663136 0.0000000 0.99969530 0.99878615
960256179 0.0000000 0.98667675 0.97351468
960661409 0.0000000 0.77789050 0.51141644
960661589 0.0000000 0.99958915 0.99862731
960661674 0.0000000 0.99943072 0.99831194
960754280 0.0000000 0.99943936 0.99835360
961116366 0.0000000 0.97625661 0.95205927
961368290 0.0000000 0.99978340 0.99897969
961399971 0.0000000 0.99957669 0.99873638
961451784 0.0000000 0.99993706 0.99934846
961469614 0.0000000 0.72215915 0.14587867
962192101 0.0000000 0.99549371 0.99071681
962853138 0.0000000 0.99541968 0.99050707
962873883 0.0000000 0.99787962 0.99529958
962965068 0.0000000 0.99743402 0.99447012
963509765 0.0000000 0.99726212 0.99408859
963525670 0.0000000 0.99907488 0.99759209
963533252 0.0000000 0.99983853 0.99896032
963559100 0.0000000 0.99531609 0.99041939
963567650 0.0000000 0.99831885 0.99614245
963568050 0.0000000 0.89885646 0.76841551
963585926 0.0000000 0.97031921 0.94012570
963615874 5.00000007E-02 0.99848628 0.99644876
963717707 0.0000000 0.99992597 0.99922717
963816639 0.0000000 0.99916965 0.99779707
963981993 0.0000000 0.99851453 0.99644047
964476636 0.0000000 0.99894649 0.99722195
964816087 0.0000000 0.99996930 0.99928737
965205271 0.0000000 0.99975449 0.99888909
965442747 0.0000000 0.98885858 0.97774982
965555500 0.0000000 0.99849802 0.99650794
965617867 0.0000000 0.99885947 0.99715126
966082949 0.0000000 0.99887645 0.99727106
966754777 0.0000000 0.98978293 0.97949779
966768493 0.0000000 0.99930364 0.99795616
966768672 0.0000000 0.99260175 0.98518032
966798273 0.0000000 0.99048066 0.98101074
966876143 0.0000000 0.99133772 0.98257095
966991756 0.0000000 0.99987757 0.99913311
967800278 0.0000000 0.99957639 0.99884379
968576086 0.0000000 0.99993557 0.99906301
968669370 0.0000000 0.99869776 0.99676377
968735354 0.0000000 0.96337205 0.92319953
968815712 0.0000000 0.89183903 0.75136667
968976446 0.0000000 0.99743396 0.99439037
969144830 0.0000000 0.99205756 0.98399246
969145452 0.0000000 0.99715143 0.99379212
969456259 0.0000000 0.97314423 0.94605756
969516246 0.0000000 0.92292446 0.83448112
970270882 0.0000000 0.99011797 0.98024279
972371517 0.0000000 0.99926114 0.99800372
972935645 0.0000000 0.99823552 0.99548876
975495633 0.0000000 0.99982929 0.99906111
975505300 0.0000000 0.99596983 0.99104679
976653172 0.0000000 0.99709123 0.99332029
977484180 0.0000000 0.99938893 0.99796504
977800861 0.0000000 0.94597900 0.87594426
977801150 0.0000000 0.21965636 -13.397308
977994086 0.0000000 0.99825001 0.99582219
978113008 0.0000000 0.99955279 0.99849015
978169408 0.0000000 0.97386903 0.94208622
978205372 0.0000000 0.98983657 0.97763956
978476098 0.0000000 0.98611844 0.96981210
979067787 0.0000000 0.99887735 0.99674106
979069110 0.0000000 0.99766278 0.99443388
979202219 0.0000000 0.99949497 0.99827588
979204150 0.0000000 0.99912745 0.99744874
979609386 0.0000000 0.99953288 0.99863875
980206038 0.0000000 0.99873507 0.99671155
980698596 0.0000000 0.18666154 -36.001034
982365189 0.0000000 0.99927312 0.99799246
982527910 0.0000000 0.99994373 0.99921691
982955906 0.0000000 0.99682766 0.99265623
983077277 0.0000000 0.95550108 0.89922857
983464670 0.0000000 0.86914730 0.51364619
986938306 0.0000000 0.99790353 0.99546832
988100797 0.0000000 0.99837101 0.99654889
988336953 0.0000000 0.99989587 0.99936235
989765823 0.0000000 0.99982846 0.99938422
990117114 0.0000000 0.95824736 0.90727383
990630314 0.0000000 0.99980062 0.99939167
991455252 0.0000000 0.99711174 0.99374270
991634551 0.0000000 0.99949419 0.99861693
992438274 0.0000000 0.99992317 0.99952966
992486125 0.0000000 0.99994159 0.99958873
992592933 0.0000000 0.99829036 0.99625564
992927775 0.0000000 0.99990964 0.99954253
992929419 0.0000000 0.99991441 0.99955291
993581187 0.0000000 0.99960208 0.99892950
993854508 0.0000000 0.99982154 0.99940538
993874057 0.0000000 0.99986804 0.99956149
994007634 0.0000000 0.99973905 0.99923128
994692047 0.0000000 0.99988914 0.99952924
995024004 0.0000000 0.99962491 0.99885410
995162867 0.0000000 0.99977666 0.99937749
995890516 0.0000000 0.99971294 0.99921227
996113981 0.0000000 0.99963731 0.99901372
1000766684 0.0000000 0.99992192 0.99946523
1001410293 0.0000000 0.99643034 0.99241525
1001954970 0.0000000 0.99890769 0.99748111
1006580783 0.0000000 0.99969316 0.99915069
1007019252 0.0000000 0.99956602 0.99883485
1007572713 0.0000000 0.96828431 0.93086922
1007712455 0.0000000 0.99990797 0.99948418
1007972664 0.0000000 0.99974245 0.99923885
1008464695 0.0000000 0.99948293 0.99868262
1008648180 0.0000000 0.99993557 0.99966353
1008649429 0.0000000 0.99884605 0.99742901
1008650819 0.0000000 0.99951380 0.99872214
1008651467 0.0000000 0.99911761 0.99801767
1008652414 0.0000000 0.99978286 0.99934059
1008671685 0.0000000 0.99928451 0.99826998
1008686668 0.0000000 0.99863327 0.99692357
1008715277 0.0000000 0.99846387 0.99657512
1008786983 0.0000000 0.99926299 0.99828553
1008836107 0.0000000 0.99838471 0.99641317
1008890954 0.0000000 0.99819767 0.99610537
1009057225 0.0000000 0.99985570 0.99944943
1009168145 0.0000000 0.99865222 0.99700177
1009442091 0.0000000 0.99984920 0.99943131
1009500099 0.0000000 0.99993294 0.99963218
1010371507 0.0000000 0.99971181 0.99916160
1010509239 0.0000000 0.99989855 0.99957943
1011026056 0.0000000 0.99965936 0.99901843
1011031830 0.0000000 0.99982679 0.99938321
1011063499 0.0000000 0.99811375 0.99598742
1011682027 0.0000000 0.99938881 0.99848449
1012580587 0.0000000 0.99917793 0.99801934
1013484445 0.0000000 0.99989045 0.99950755
1013485377 0.0000000 0.99985015 0.99947047
1013486436 0.0000000 0.99986327 0.99943244
1014927282 0.0000000 0.99478316 0.98912430
1014972465 0.0000000 0.99985683 0.99942410
1015232666 0.0000000 0.99978083 0.99951947
1016105151 0.0000000 0.99981052 0.99939120
1016468323 0.0000000 0.99902815 0.99778473
1017159906 0.0000000 0.99863946 0.99690485
1017557569 0.0000000 0.99995726 0.99968320
1017557822 0.0000000 0.99987829 0.99956065
1017594576 0.0000000 0.99956137 0.99889368
1017816456 0.0000000 0.99983281 0.99943167
1017857170 0.0000000 0.99993539 0.99969482
1017925489 0.0000000 0.99951994 0.99889058
1018065946 0.0000000 0.99660742 0.99274307
1018137582 0.0000000 0.99729991 0.99425989
1018221645 0.0000000 0.99927330 0.99830168
1018414606 0.0000000 0.99552321 0.99062085
1018800484 0.0000000 0.99838883 0.99650908
1018898180 0.0000000 0.99833655 0.99634504
1019054808 0.0000000 0.99820715 0.99613917
1019292480 0.0000000 0.99983484 0.99951148
1019488470 0.0000000 0.99987799 0.99957567
1019673665 0.0000000 0.99505424 0.98971021
1020000226 0.0000000 0.99990684 0.99960005
1021004232 0.0000000 0.99986303 0.99952918
1021024958 0.0000000 0.98013639 0.95825803
1021028934 0.0000000 0.99917346 0.99814183
1021888184 0.0000000 0.99970359 0.99923515
1022604314 0.0000000 0.99994838 0.99970883
1022741620 0.0000000 0.99983144 0.99950814
1022779647 0.0000000 0.99948776 0.99884272
1024000827 0.0000000 0.99983037 0.99943531
1024039343 0.0000000 0.99980146 0.99952137
1024059173 0.0000000 0.99945235 0.99866855
1024224102 0.0000000 0.99954587 0.99891514
1024232773 0.0000000 0.99951512 0.99881959
1024881141 0.0000000 0.99981254 0.99950629
1026036068 0.0000000 0.99971128 0.99922866
1026372982 0.0000000 0.99989396 0.99963099
1026373076 0.0000000 0.99984729 0.99951768
1026374005 0.0000000 0.99905753 0.99795431
1026378668 0.0000000 0.99905938 0.99792808
1026562025 0.0000000 0.99972403 0.99926847
1026925041 0.0000000 0.99958700 0.99896312
1026933281 0.0000000 0.99967116 0.99916708
1026967951 0.0000000 0.99898988 0.99761581
1028885460 0.0000000 0.99840814 0.99642545
1028970195 0.0000000 0.99981070 0.99943459
1029367736 0.0000000 0.99967456 0.99902660
1030006163 0.0000000 0.99861044 0.99695796
1030375930 0.0000000 0.99969029 0.99919730
1030554334 0.0000000 0.99994421 0.99981368
1030628193 0.0000000 0.99958599 0.99910772
1030651553 0.0000000 0.99942881 0.99876314
1030859781 0.0000000 0.99987316 0.99972600
1030864055 0.0000000 0.99987745 0.99971902
1031310121 0.0000000 0.99972224 0.99940884
1031439572 0.0000000 0.99980867 0.99955529
1031647094 0.0000000 0.99970937 0.99937361
1032052013 0.0000000 0.99981207 0.99959505
1032134610 0.0000000 0.99993795 0.99968946
1032294371 0.0000000 0.99815154 0.99623752
1032315669 0.0000000 0.99752343 0.99481893
1032907402 0.0000000 0.99990642 0.99967474
1033103267 0.0000000 0.99979025 0.99953097
1033374913 0.0000000 0.99991316 0.99981743
1033690544 0.0000000 0.99888152 0.99757618
1033947513 0.0000000 0.99972987 0.99940836
1034070514 0.0000000 0.98969650 0.97847956
1034480608 0.0000000 0.99919558 0.99833494
1034923400 0.0000000 0.99972463 0.99939919
1034928298 0.0000000 0.99911237 0.99814415
1035149152 0.0000000 0.99979436 0.99954879
1035153178 0.0000000 0.99955004 0.99907196
1035197382 0.0000000 0.99894130 0.99779147
1035991040 0.0000000 0.99799961 0.99578482
1036098952 0.0000000 0.99926674 0.99844766
1036697273 0.0000000 0.99820220 0.99630529
1036697648 0.0000000 0.99938321 0.99867648
1036886824 0.0000000 0.99988532 0.99965733
1038324582 0.0000000 0.99895364 0.99784184
1038746116 0.0000000 0.99874783 0.99746382
1039232712 0.0000000 0.99880189 0.99749988
1039743025 0.0000000 0.99940228 0.99875271
1040450954 0.0000000 0.99926758 0.99843603
1040520314 0.0000000 0.99869835 0.99737519
1040644457 0.0000000 0.99965179 0.99925542
1040799690 0.0000000 0.99977988 0.99952567
1041632855 0.0000000 0.99672925 0.99326968
1042809813 0.0000000 0.99985093 0.99967223
1043607562 0.0000000 0.99960482 0.99911678
1044768063 0.0000000 0.99986488 0.99963045
1044817061 0.0000000 0.99850452 0.99693072
1045633623 0.0000000 0.99788123 0.99573874
1046065971 0.0000000 0.99684495 0.99348229
1046575544 0.0000000 0.99925715 0.99848193
1048808323 0.0000000 0.99842072 0.99666822
1049310522 0.0000000 0.99964237 0.99916619
1049353173 0.0000000 0.99982435 0.99959075
1051845960 0.0000000 0.99646223 0.99278527
1051900153 0.0000000 0.99080890 0.98129284
1052394722 0.0000000 0.76272762 0.28395540
1052961462 0.0000000 0.99984556 0.99965608
1053904321 0.0000000 0.99814689 0.99622232
1054395492 0.0000000 0.99934030 0.99863613
1054853585 0.0000000 0.99668401 0.99312627
1055123570 0.0000000 0.99993837 0.99978447
1055135284 0.0000000 0.99990183 0.99979204
1055234432 0.0000000 0.99990278 0.99973458
1055390332 0.0000000 0.99978268 0.99950206
1055425274 0.0000000 0.99983722 0.99962181
1055472531 0.0000000 0.99414563 0.98811525
1055510426 0.0000000 0.99956661 0.99905503
1055788418 0.0000000 0.99984717 0.99967116
1055803080 0.0000000 0.99970579 0.99934149
1056357316 0.0000000 0.99794155 0.99574262
1057028486 0.0000000 0.97896177 0.95583999
1057319282 0.0000000 0.99904442 0.99802232
1058108790 0.0000000 0.99958330 0.99910468
1058496080 0.0000000 0.99966139 0.99920851
1059102630 0.0000000 0.99962610 0.99916220
1059590191 0.0000000 0.99975395 0.99942791
1059850488 0.0000000 0.99715704 0.99414313
1059910523 0.0000000 0.99976176 0.99949795
1059994404 0.0000000 0.99963003 0.99911362
1060172588 0.0000000 0.99978018 0.99951512
1060619413 0.0000000 0.99978292 0.99949056
1061586322 0.0000000 0.99650383 0.99293661
1062262342 0.0000000 0.99856746 0.99707127
1063234506 0.0000000 0.99985659 0.99966693
1063264037 0.0000000 0.99928147 0.99851149
1064365712 0.0000000 0.99825317 0.99635565
1064533379 0.0000000 0.99916500 0.99828774
1065785029 0.0000000 0.99889612 0.99766785
1065790269 0.0000000 0.99927104 0.99847704
1065847269 0.0000000 0.99627239 0.99242228
1067505195 0.0000000 0.99879372 0.99757749
1068127124 0.0000000 0.99988908 0.99974161
1068356150 0.0000000 0.99871594 0.99731165
1068595355 0.0000000 0.99992788 0.99982840
1068804765 0.0000000 0.99967688 0.99932295
1068825242 0.0000000 0.99989223 0.99973744
1069412363 0.0000000 0.99809057 0.99606538
1070682432 0.0000000 0.96334076 0.92227137
1070692497 0.0000000 0.99976861 0.99952543
1070921046 0.0000000 0.99986470 0.99972486
1071031093 0.0000000 0.99992502 0.99981433
1071031176 0.0000000 0.99994177 0.99987835
1071031375 0.0000000 0.99981850 0.99961561
1071031628 0.0000000 0.99983317 0.99964195
1071031695 0.0000000 0.99984133 0.99965185
1071031744 0.0000000 0.99983716 0.99964136
1071031844 0.0000000 0.99983186 0.99962896
1071031926 0.0000000 0.99964321 0.99924237
1071033611 0.0000000 0.99988210 0.99971217
1071033625 0.0000000 0.99988270 0.99971265
1071035006 0.0000000 0.99938476 0.99874598
1071038489 0.0000000 0.99967736 0.99932629
1071042579 0.0000000 0.99871284 0.99740130
1071043831 0.0000000 0.99932033 0.99858594
1071046005 0.0000000 0.99984223 0.99966371
1071046239 0.0000000 0.99867129 0.99733263
1071074159 0.0000000 0.99911755 0.99820238
1071095531 0.0000000 0.99937332 0.99871480
1071100910 0.0000000 0.99985474 0.99969888
1071109335 0.0000000 0.99933219 0.99864876
1071169499 0.0000000 0.99962485 0.99922234
1071182968 0.0000000 0.99990392 0.99977094
1071183209 0.0000000 0.99987394 0.99969649
1071183435 0.0000000 0.99954712 0.99906886
1071443800 0.0000000 0.99974185 0.99946332
1071583019 0.0000000 0.99986273 0.99969244
1071584001 0.0000000 0.99968529 0.99934298
1071678445 0.0000000 0.99989003 0.99976909
1071725608 0.0000000 0.99979192 0.99952024
1072705310 0.0000000 0.99977344 0.99947035
1072926918 0.0000000 0.99991179 0.99980879
1073300844 0.0000000 0.99926811 0.99850577
1073475853 0.0000000 0.99876630 0.99750048
1073756920 0.0000000 0.99516833 0.99018043
1073986141 0.0000000 0.99984264 0.99965501
1073994067 0.0000000 0.98176199 0.96174371
1075317204 0.0000000 0.99978596 0.99953598
1075317446 0.0000000 0.99799085 0.99589646
1075318489 0.0000000 0.99966151 0.99927616
1075466599 0.0000000 0.99878389 0.99749631
1075865039 0.0000000 0.99988407 0.99974602
1076851926 0.0000000 0.99984634 0.99967515
1076884025 0.0000000 0.99991536 0.99981147
1077531525 0.0000000 0.99959260 0.99915594
1077584107 0.0000000 0.99961835 0.99915892
1078321829 0.0000000 0.99976754 0.99951959
1079154231 0.0000000 0.99973017 0.99942702
1080241624 0.0000000 0.99987727 0.99972206
1081488818 0.0000000 0.99949479 0.99896461
1082397083 0.0000000 0.99954629 0.99907517
1082563195 0.0000000 0.99123937 0.98230588
1082729069 0.0000000 0.99973297 0.99939221
1082820030 0.0000000 0.99988568 0.99976343
1083398171 0.0000000 0.99987990 0.99975663
1083961065 0.0000000 0.99984425 0.99965781
1084003366 0.0000000 0.99992067 0.99979967
1084082541 0.0000000 0.99984896 0.99968404
1084133207 0.0000000 0.99986726 0.99969357
1084597670 0.0000000 0.99974322 0.99944329
1084687448 0.0000000 0.99987990 0.99973094
1084950252 0.0000000 0.99993700 0.99980938
1085103239 0.0000000 0.99909872 0.99815208
1085390106 0.0000000 0.99901527 0.99793100
1086195389 0.0000000 0.99976271 0.99951500
1086315872 0.0000000 0.99941278 0.99878538
1086883086 0.0000000 0.99971199 0.99939835
1087613581 0.0000000 0.99925697 0.99847645
1089099122 0.0000000 0.99987513 0.99968582
1089113880 0.0000000 0.99954146 0.99901384
1089371968 0.0000000 0.99971145 0.99936748
1090478200 0.0000000 0.99956769 0.99909759
1091970746 0.0000000 0.99977559 0.99946564
1092861100 0.0000000 0.99659991 0.99310255
1093118276 0.0000000 0.99622959 0.99225843
1093908136 0.0000000 0.99896634 0.99785250
1095475955 0.0000000 0.99954832 0.99901110
1097813330 0.0000000 0.99992907 0.99977058
1098848984 0.0000000 0.98874748 0.97692430
1099928102 0.0000000 0.99877024 0.99740362
1099929295 0.0000000 0.99995625 0.99983042
1099929521 0.0000000 0.99946982 0.99883348
1099931589 0.0000000 0.99828750 0.99642897
1099942690 0.0000000 0.99982977 0.99953729
1100098082 0.0000000 0.99986261 0.99965423
1100139404 0.0000000 0.99994534 0.99975467
1100237223 0.0000000 0.99768305 0.99519593
1100955874 0.0000000 0.99482006 0.98917383
1103674687 0.0000000 0.99974275 0.99935144
1105287429 0.0000000 0.81202751 0.48208976
1105405102 0.0000000 0.99979323 0.99944925
1105536640 0.0000000 0.99967259 0.99922365
1105765351 0.0000000 0.99932653 0.99849504
1106056455 0.0000000 0.99118257 0.98169833
1106207236 0.0000000 0.99986100 0.99970984
1108162580 0.0000000 0.99974120 0.99932754
1108757898 0.0000000 0.99990702 0.99977213
1108761568 0.0000000 0.99969101 0.99931341
1110049611 0.0000000 0.99993795 0.99982387
1110049680 0.0000000 0.99993181 0.99982667
1110050185 0.0000000 0.99972504 0.99940193
1110050874 0.0000000 0.99957240 0.99904215
1110568232 0.0000000 0.99850965 0.99692845
1111274786 0.0000000 0.99980754 0.99951881
1113182839 0.0000000 0.99812102 0.99615711
1113208093 0.0000000 0.99916714 0.99822050
1113260515 0.0000000 0.99972755 0.99935114
1113331351 0.0000000 0.99793118 0.99575031
1114345058 0.0000000 0.99713349 0.99410206
1114872497 0.0000000 0.99989665 0.99977350
1114872533 0.0000000 0.99990398 0.99976414
1114872543 0.0000000 0.99989009 0.99974167
1114981677 0.0000000 0.99945879 0.99882746
1115167250 0.0000000 0.99977237 0.99949694
1115910658 0.0000000 0.99786502 0.99563426
1115942660 0.0000000 0.99977869 0.99952638
1116353193 0.0000000 0.99952668 0.99895620
1117405041 0.0000000 0.99977964 0.99953377
1117642805 0.0000000 0.99991232 0.99975717
1118162704 0.0000000 0.99991864 0.99980533
1118367166 0.0000000 0.99991924 0.99979800
1118396676 0.0000000 0.99980336 0.99955726
1118501300 0.0000000 0.99957293 0.99909860
1118677980 0.0000000 0.99971324 0.99933285
1118868304 0.0000000 0.97769260 0.95250231
1119087065 0.0000000 0.99990332 0.99980229
1119729025 0.0000000 0.99772310 0.99527645
1119876655 0.0000000 0.97910964 0.95601827
1121472051 0.0000000 0.99960583 0.99910349
1121864763 0.0000000 0.99991500 0.99967575
1122385024 0.0000000 0.99977100 0.99941438
1122618639 0.0000000 0.99863857 0.99709833
1122777951 0.0000000 0.99927002 0.99838912
1125373372 0.0000000 0.99296880 0.98559874
1125685516 0.0000000 0.99819690 0.99630719
1125969360 0.0000000 0.99994957 0.99987930
1127055473 0.0000000 0.99625146 0.99246323
1127456637 0.0000000 0.99967176 0.99930775
1127471662 0.0000000 0.99926895 0.99852747
1127494190 0.0000000 0.99979603 0.99955302
1127760620 0.0000000 0.99988997 0.99976742
1128153007 0.0000000 0.99732566 0.99452138
1128174696 0.0000000 0.99964339 0.99921691
1128475640 0.0000000 0.99951947 0.99899894
1128528995 0.0000000 0.99950433 0.99894720
1128891916 0.0000000 0.97010463 0.93693137
1128923244 0.0000000 0.99907362 0.99812150
1129069430 0.0000000 0.94158649 0.87234265
1129155495 0.0000000 0.99072814 0.98081660
1129246313 0.0000000 0.99019444 0.97986317
1129324370 0.0000000 0.99630928 0.99238414
1129391464 0.0000000 0.99994624 0.99986380
1129907016 0.0000000 0.95462954 0.90129143
1130249327 0.0000000 0.99625367 0.99241006
1131428965 0.0000000 0.99968934 0.99934727
1131431840 0.0000000 0.99752539 0.99494326
1132062095 0.0000000 0.99985486 0.99967402
1132132485 0.0000000 0.99883622 0.99763393
1132148341 0.0000000 0.99964464 0.99922752
1132166999 0.0000000 0.99656564 0.99302977
1132661855 0.0000000 0.99941081 0.99880338
1132975230 0.0000000 0.99982560 0.99961495
1133111580 0.0000000 0.99636972 0.99269128
1133304109 0.0000000 0.99979174 0.99956447
1133601723 0.0000000 0.99646056 0.99279428
1133908462 0.0000000 0.99940348 0.99878067
1134710133 0.0000000 0.99966109 0.99927938
1135808248 0.0000000 0.99986631 0.99969816
1135976852 0.0000000 0.99954993 0.99902725
1136739698 0.0000000 0.99979830 0.99958664
1137913657 0.0000000 0.99959511 0.99916941
1137989937 0.0000000 0.99961144 0.99920934
1137990003 0.0000000 0.99925917 0.99848253
1138288259 0.0000000 0.99793375 0.99581391
1139284609 0.0000000 0.92844635 0.83974385
1139326915 0.0000000 0.99899620 0.99796277
1140725945 0.0000000 0.99929070 0.99850315
1140746150 0.0000000 0.99984986 0.99966818
1141877248 0.0000000 0.99989700 0.99978381
1142029462 0.0000000 0.99896955 0.99789447
1142229311 0.0000000 0.99902445 0.99802190
1142709582 0.0000000 0.99898070 0.99791145
1143536168 0.0000000 0.99730557 0.99454880
1143616861 0.0000000 0.99785948 0.99562955
1143885739 0.0000000 0.99990535 0.99977762
1143885924 0.0000000 0.99971324 0.99934584
1143888020 0.0000000 0.99987739 0.99972147
1144129163 0.0000000 0.99975538 0.99944222
1144133312 0.0000000 0.99962640 0.99918401
1144179006 0.0000000 0.99987721 0.99967754
1144806135 0.0000000 0.99943233 0.99876362
1145140855 0.0000000 0.99986863 0.99969977
1145323561 0.0000000 0.99975592 0.99945778
1146215126 0.0000000 0.99989331 0.99966252
1146944291 0.0000000 0.65650612 -0.26810122
1146966782 0.0000000 0.99988472 0.99970704
1147258751 0.0000000 0.99972701 0.99940151
1149411961 0.0000000 0.99980396 0.99952817
1149467938 0.0000000 0.99901116 0.99796593
1149638545 0.0000000 0.99829346 0.99647230
1149771133 0.0000000 0.99657708 0.99294037
1150128882 0.0000000 0.99918681 0.99829811
1151387381 -40.750000 1.17072901E-02 0.0000000
1154072410 -45.350002 2.14750897E-02 0.0000000
1154182305 -23.350000 2.52063461E-02 0.0000000
1155212722 -26.050001 1.67089738E-02 0.0000000
1155340266 -50.799999 1.78778600E-02 0.0000000
1155354114 -52.250000 1.68130305E-02 0.0000000
1155443514 -37.650002 1.46311475E-02 0.0000000
1156044082 -38.350002 1.66365672E-02 0.0000000
1156698676 -58.000000 2.36646570E-02 0.0000000
1158266854 0.0000000 0.99947602 0.99834979
1159598968 0.0000000 0.99945366 0.99825299
1159684577 0.0000000 0.99989921 0.99915755
1160388105 0.0000000 0.99991000 0.99914616
1160392104 0.0000000 0.99986452 0.99904823
1160549032 0.0000000 0.99958938 0.99838960
1160664389 0.0000000 0.99991757 0.99914569
1163299258 0.0000000 0.99962872 0.99847305
1163456967 0.0000000 0.99964535 0.99856293
1163641819 0.0000000 0.99971348 0.99887818
1164570370 0.0000000 0.99916804 0.99830639
1165358160 0.0000000 0.99965948 0.99929684
1165368969 0.0000000 0.99861163 0.99719489
1166094636 0.0000000 0.99943167 0.99884796
1166561075 0.0000000 0.99897307 0.99791372
1166894907 0.0000000 0.99987525 0.99973625
1167121204 0.0000000 0.99962473 0.99921864
1167135981 0.0000000 0.99997807 0.99995351
1167136317 0.0000000 0.99998021 0.99996096
1167136455 0.0000000 0.99998105 0.99996090
1167136825 0.0000000 0.99911475 0.99820155
1167144800 0.0000000 0.99804568 0.99602085
1167147704 0.0000000 0.99979472 0.99958396
1167154513 0.0000000 0.99965388 0.99928272
1167186639 0.0000000 0.99993575 0.99986726
1167298740 0.0000000 0.98709953 0.97342324
1167318376 0.0000000 0.80648017 0.48123962
1167324678 0.0000000 0.99377847 0.98748642
1167592780 0.0000000 0.97130519 0.93984878
1167604646 0.0000000 0.99852276 0.99702048
1168792515 0.0000000 0.99607348 0.99202842
1168917035 0.0000000 0.99989009 0.99976176
1169006425 0.0000000 0.99935883 0.99869847
1169712716 0.0000000 0.98375344 0.96668828
1169722755 0.0000000 0.99997342 0.99994165
1170262059 0.0000000 0.99369019 0.98722899
1170524118 0.0000000 0.99639279 0.99268782
1171366614 0.0000000 0.99591625 0.99176258
1171423577 0.0000000 0.99940515 0.99880147
1171423831 0.0000000 0.99961537 0.99919736
1171832699 0.0000000 0.99958974 0.99916416
1172178017 0.0000000 0.99948329 0.99894536
1173308237 0.0000000 0.99944729 0.99888247
1173368256 0.0000000 0.99768567 0.99533844
1174197233 0.0000000 0.98320800 0.96586382
1175309106 0.0000000 0.99502945 0.98993760
1175583473 0.0000000 0.99652183 0.99296117
1176242685 0.0000000 0.99221390 0.98421139
1177115546 0.0000000 0.99970120 0.99938238
1177175308 0.0000000 0.99693853 0.99374712
1178992210 0.0000000 0.99934530 0.99866182
1180238725 0.0000000 0.98555195 0.97070092
1180618796 0.0000000 0.99589825 0.99167258
1181939353 0.0000000 0.99951851 0.99900663
1182196765 0.0000000 0.98923481 0.97816265
1182265663 0.0000000 0.99525714 0.99042428
1182396227 0.0000000 0.99891365 0.99781281
1182398897 0.0000000 0.99972409 0.99943763
1184629372 0.0000000 0.99986225 0.99970764
1185198002 0.0000000 0.99997824 0.99995571
1185799546 0.0000000 0.99151158 0.98285329
1185861072 0.0000000 0.99799204 0.99595714
1186620947 0.0000000 0.99998361 0.99996269
1186786330 0.0000000 0.99819845 0.99636316
1188350129 0.0000000 0.99925500 0.99850100
1188356416 0.0000000 0.99989557 0.99978489
1188908193 0.0000000 0.99990106 0.99978566
1188950111 0.0000000 0.98134691 0.96225584
1190442424 0.0000000 0.99946469 0.99891335
1191742755 0.0000000 0.99860710 0.99720490
1192071901 0.0000000 0.99976265 0.99951208
1192632000 0.0000000 0.99993998 0.99987799
1193967194 0.0000000 0.99434483 0.98854792
1194476053 0.0000000 0.99900073 0.99799764
1196283913 0.0000000 0.99978310 0.99954563
1196818902 0.0000000 0.99993056 0.99985707
1196950527 0.0000000 0.99975604 0.99946791
1197715613 0.0000000 0.99697047 0.99385440
1198522115 0.0000000 0.99994093 0.99984998
1200543890 0.0000000 0.67571354 -0.25989938
1200856359 0.0000000 0.99602348 0.99199742
1201442068 0.0000000 0.99236703 0.98437804
1203280382 0.0000000 0.99996084 0.99991822
1203409866 0.0000000 0.99496049 0.98978430
1203790455 0.0000000 0.99938059 0.99872714
1204138448 0.0000000 0.99906904 0.99812132
1204304285 0.0000000 0.99975991 0.99950981
1204490434 0.0000000 0.95227206 0.89754003
1204651907 0.0000000 0.99994940 0.99989271
1204651936 0.0000000 0.99992329 0.99984580
1204670552 0.0000000 0.99965721 0.99929065
1207186072 0.0000000 0.99540484 0.99076188
1208187584 0.0000000 0.99984455 0.99968314
1208931881 0.0000000 0.99981755 0.99961489
1208975321 0.0000000 0.99996305 0.99992228
1208982088 0.0000000 0.99854940 0.99708891
1208988255 0.0000000 0.99979341 0.99957865
1208988552 0.0000000 0.99940604 0.99880630
1209105937 0.0000000 0.99733168 0.99464947
1209216223 0.0000000 0.86599648 0.74098843
1209291757 0.0000000 0.99381459 0.98744035
1209339084 -64.700005 0.28018495 4.96702790E-02
1209362380 0.0000000 0.99848360 0.99694782
1209543825 0.0000000 0.97196978 0.94223851
1209563099 0.0000000 0.99437690 0.98862338
1209583346 0.0000000 0.98719651 0.97376323
1209820628 0.0000000 0.99754894 0.99506861
1209877317 0.0000000 0.99501365 0.98999017
1210448520 0.0000000 0.99945706 0.99884254
1210560189 0.0000000 0.99451387 0.98904526
1210633064 0.0000000 0.99904495 0.99802506
1210703275 0.0000000 0.99954301 0.99905205
1212285435 0.0000000 0.99952441 0.99845845
1212339563 0.0000000 0.99933219 0.99865568
1213107823 0.0000000 0.94467419 0.88220102
1213158817 0.0000000 0.99861735 0.99722540
1213486164 0.0000000 0.99950081 0.99896532
1214086760 0.0000000 0.99662834 0.99324733
1214128508 0.0000000 0.99809980 0.99614346
1214211456 0.0000000 0.84782976 0.62017202
1214561217 0.0000000 0.96973377 0.93824965
1215221786 0.0000000 0.96814674 0.93521017
1215745668 0.0000000 0.99802881 0.99604219
1215812106 0.0000000 0.99943662 0.99878800
1215812707 0.0000000 0.99775273 0.99545985
1215839910 0.0000000 0.99864721 0.99702311
1215843106 0.0000000 0.99913520 0.99812490
1215961116 0.0000000 0.99968469 0.99931264
1216126809 0.0000000 0.99218398 0.98433417
1216904067 0.0000000 0.99714780 0.99429017
1217616949 0.0000000 0.99960637 0.99893236
1218233114 0.0000000 0.99942130 0.99882907
1218994676 0.0000000 0.99897504 0.99783039
1219291482 0.0000000 0.98752010 0.97483110
1219301591 0.0000000 0.99776435 0.99544585
1219723710 0.0000000 0.99362069 0.98726904
1219772880 0.0000000 0.99847519 0.99674523
1219869253 0.0000000 0.99851406 0.99688381
1220179542 0.0000000 0.99706155 0.99409431
1220742036 0.0000000 0.99871588 0.99741071
1220946193 0.0000000 0.99948412 0.99886799
1221047734 0.0000000 0.99576384 0.99152237
1222614737 0.0000000 0.99737030 0.99471796
1225404477 0.0000000 0.99720013 0.99426961
1225442295 0.0000000 0.99932045 0.99836934
1228187814 0.0000000 0.99948150 0.99894625
1228684717 0.0000000 0.99960160 0.99909967
1229260451 0.0000000 0.99604285 0.99206614
1229658996 0.0000000 0.90131444 0.77250314
1229990683 0.0000000 0.99942845 0.99879056
1230216280 0.0000000 0.99759281 0.99514669
1230600687 0.0000000 0.99926758 0.99848777
1230860391 0.0000000 0.99507976 0.99016970
1231020274 0.0000000 0.99971604 0.99936205
1231041233 0.0000000 0.99837255 0.99668288
1232714291 0.0000000 0.99906480 0.99805319
1232804891 0.0000000 0.99834687 0.99656248
1233928332 0.0000000 0.99932361 0.99861091
1234166319 0.0000000 0.87867159 0.71320891
1234201315 0.0000000 0.96433121 0.92744452
1234214675 0.0000000 0.99949980 0.99899071
1236731039 0.0000000 0.99565524 0.99131382
1236854628 0.0000000 0.99564636 0.99130136
1237014105 0.0000000 0.99800342 0.99595100
1237159221 0.0000000 0.99764955 0.99526846
1237164701 0.0000000 0.99809939 0.99616635
1237551366 0.0000000 0.99759930 0.99515784
1237619839 0.0000000 0.99194902 0.98395193
1239235949 0.0000000 0.99905753 0.99788368
1239971868 0.0000000 0.99933237 0.99855900
1240678955 0.0000000 0.99681079 0.99361128
1242397863 0.0000000 0.99990505 0.99975032
1242709695 0.0000000 0.99971175 0.99938804
1243376855 0.0000000 0.99992371 0.99980354
1244248765 0.0000000 0.99927735 0.99852461
1245087845 0.0000000 0.99942809 0.99883139
1245407408 0.0000000 0.99975628 0.99947220
1245469469 0.0000000 0.99992937 0.99984795
1245877793 0.0000000 0.99987310 0.99971408
1245881452 0.0000000 0.99975324 0.99944574
1246167876 0.0000000 0.99991786 0.99982631
1246181696 0.0000000 0.99994409 0.99985242
1246182765 0.0000000 0.99988955 0.99975371
1246208530 0.0000000 0.99988896 0.99976313
1246208539 0.0000000 0.99988896 0.99976242
1246598451 0.0000000 0.99980015 0.99955404
1246598488 0.0000000 0.99979895 0.99954355
1246614635 0.0000000 0.99978191 0.99954140
1246985947 0.0000000 0.99987268 0.99971735
1247508302 0.0000000 0.99997228 0.99986374
1247516932 0.0000000 0.99995315 0.99983275
1247654255 0.0000000 0.99991935 0.99981332
1247741293 0.0000000 0.99993068 0.99982494
1247769767 0.0000000 0.99987268 0.99973255
1248159491 0.0000000 0.99990505 0.99978220
1248570012 0.0000000 0.99985850 0.99970931
1248588659 0.0000000 0.99990058 0.99978995
1248872986 0.0000000 0.99989593 0.99976468
1248886386 0.0000000 0.99992734 0.99983668
1249212887 0.0000000 0.99120873 0.98080057
1250467545 0.0000000 0.99993151 0.99985170
1250503855 0.0000000 0.99992096 0.99982524
1250504106 0.0000000 0.99989188 0.99974990
1250601456 0.0000000 0.99984068 0.99964345
1250639275 0.0000000 0.99970800 0.99938625
1250703707 0.0000000 0.99947321 0.99892622
1250777890 0.0000000 0.99984455 0.99966687
1250888264 0.0000000 0.99994344 0.99985963
1250911490 0.0000000 0.99803609 0.99605840
1252249816 0.0000000 0.99768460 0.99528289
1252757125 0.0000000 0.99990338 0.99980426
1254591366 0.0000000 0.99994159 0.99986386
1254664936 0.0000000 0.99979711 0.99957806
1255243328 0.0000000 0.99984902 0.99968499
1256244384 0.0000000 0.99988675 0.99978054
1256252705 0.0000000 0.99991155 0.99980748
1256431794 0.0000000 0.99845517 0.99690843
1257413577 0.0000000 0.73622715 -0.49109674
1257413887 0.0000000 0.99992537 0.99984574
1257420861 0.0000000 0.89998788 0.74492323
1257678569 0.0000000 0.99986905 0.99972391
1258065617 0.0000000 0.99941844 0.99882817
1258296469 0.0000000 0.99993598 0.99985832
1258824471 0.0000000 0.99983811 0.99966991
1258926370 0.0000000 0.99983591 0.99966156
1260564405 0.0000000 0.99993503 0.99984264
1260692005 0.0000000 0.99991542 0.99980527
1261227736 0.0000000 0.98313928 0.96643889
1261227864 0.0000000 0.99001217 0.98002583
1261228557 0.0000000 0.99981332 0.99961537
1261232031 0.0000000 0.99985594 0.99970424
1261235533 0.0000000 0.99980384 0.99957919
1261275144 0.0000000 0.99989104 0.99976355
1261713375 0.0000000 0.99968100 0.99931604
1261922241 0.0000000 0.99963510 0.99924135
1262034644 0.0000000 0.99975014 0.99946064
1262237921 0.0000000 0.99982959 0.99964732
1262343689 0.0000000 0.99966234 0.99928033
1262367286 0.0000000 0.99989569 0.99977970
1262622742 0.0000000 0.96086442 0.91630697
1262633257 0.0000000 0.99994731 0.99986744
1263881366 0.0000000 0.99994040 0.99984258
1265523000 0.0000000 0.99992579 0.99980503
1265599504 0.0000000 0.99971747 0.99941403
1265691729 0.0000000 0.99983865 0.99960804
1265942558 0.0000000 0.99881995 0.99764037
1266289887 0.0000000 0.99966067 0.99922925
1266816064 0.0000000 0.99994349 0.99980593
1267146477 0.0000000 0.99986243 0.99969989
1267162697 0.0000000 0.99976403 0.99950188
1267661932 0.0000000 0.99814481 0.99607319
1267662287 0.0000000 0.99988788 0.99974626
1267686434 0.0000000 0.99983358 0.99961162
1267690576 0.0000000 0.99995577 0.99983096
1268040382 0.0000000 0.99991912 0.99984002
1268902896 0.0000000 0.99984497 0.99965197
1268931240 0.0000000 0.99977797 0.99947482
1269644874 0.0000000 0.99986023 0.99971676
1270335780 0.0000000 0.99925196 0.99847281
1270813793 0.0000000 0.99988651 0.99973989
1270961850 0.0000000 0.99989295 0.99973834
1270999307 0.0000000 0.99611503 0.99215090
1271168968 0.0000000 0.99990642 0.99973321
1271191748 0.0000000 0.99993801 0.99980205
1271987388 0.0000000 0.99982327 0.99960607
1272194052 0.0000000 0.99988174 0.99970460
1272250791 0.0000000 0.99992657 0.99980748
1272823213 0.0000000 0.99990374 0.99974906
1274901407 0.0000000 0.99974555 0.99948019
1276535865 0.0000000 0.99994642 0.99987280
1276561877 0.0000000 0.99996156 0.99986565
1276823323 0.0000000 0.99992722 0.99981803
1277440084 0.0000000 0.99975204 0.99949312
1277575551 0.0000000 0.99994677 0.99987072
1277670806 0.0000000 0.99985939 0.99962181
1278097892 0.0000000 0.99995214 0.99987787
1278515743 0.0000000 0.99872458 0.99738586
1278618217 0.0000000 0.99997234 0.99987280
1278636079 0.0000000 0.99992520 0.99984699
1279357457 0.0000000 0.99989694 0.99979198
1279458204 0.0000000 0.99994385 0.99983096
1280029930 0.0000000 0.99994069 0.99985904
1280553485 0.0000000 0.99929971 0.99858093
1280563997 0.0000000 0.99984527 0.99967200
1280587745 0.0000000 0.99991798 0.99981970
1281476617 0.0000000 0.99981540 0.99958688
1283157909 0.0000000 0.99994528 0.99986476
1283540817 0.0000000 0.99980694 0.99959856
1284039008 0.0000000 0.99976385 0.99950826
1284244867 0.0000000 0.99987549 0.99974078
1284952628 0.0000000 0.99989218 0.99978858
1285350982 0.0000000 0.99925387 0.99849874
1285695233 0.0000000 0.99995279 0.99989104
1285876560 0.0000000 0.99982995 0.99965101
1286047392 0.0000000 0.99986964 0.99971962
1286198915 0.0000000 0.99992955 0.99984586
1286865806 0.0000000 0.99890971 0.99778914
1287036373 0.0000000 0.99971670 0.99936622
1289221280 0.0000000 0.99994487 0.99985474
1289567329 0.0000000 0.99992979 0.99982715
1289576340 0.0000000 0.99993086 0.99983752
1290342705 0.0000000 0.99996454 0.99988765
1290784424 0.0000000 0.99993223 0.99980420
1290799240 0.0000000 0.99880916 0.99756527
1291601652 0.0000000 0.99994111 0.99985284
1291689974 0.0000000 0.99990004 0.99977922
1291927327 0.0000000 0.99631578 0.99247152
1292000461 0.0000000 0.98717463 0.97368973
1294804388 0.0000000 0.99987799 0.99963498
1296507195 0.0000000 0.99992061 0.99967337
1296548191 0.0000000 0.99995661 0.99970818
1297058102 0.0000000 0.99987406 0.99968165
1297342916 0.0000000 0.99942684 0.99879789
1297754297 0.0000000 0.99991632 0.99969864
1298970247 0.0000000 0.99723178 0.99435318
1299845150 0.0000000 0.99897230 0.99788922
1300123317 0.0000000 0.99981165 0.99955773
1300281136 0.0000000 0.99975216 0.99943417
1300608051 0.0000000 0.99993426 0.99974090
1301123952 0.0000000 0.99965084 0.99926853
1301458951 0.0000000 0.99987584 0.99966586
1301964194 0.0000000 0.99954140 0.99905694
1302916270 0.0000000 0.99987090 0.99970424
1302961193 0.0000000 0.99939060 0.99866885
1303685617 0.0000000 0.99930036 0.99837857
1304080155 0.0000000 0.99949431 0.99895656
1304082768 0.0000000 0.99994671 0.99981719
1304152538 0.0000000 0.99993300 0.99984676
1304437954 0.0000000 0.99994272 0.99982727
1304717510 0.0000000 0.99985409 0.99967271
1304757333 0.0000000 0.99988025 0.99971962
1306028051 0.0000000 0.99993068 0.99977219
1306098435 0.0000000 0.99992174 0.99981874
1306261925 0.0000000 0.99978596 0.99955183
1307034472 0.0000000 0.99992561 0.99975038
1307669122 0.0000000 0.99988574 0.99974132
1308478735 0.0000000 0.99981433 0.99961281
1309048281 0.0000000 0.99982703 0.99961036
1309094354 0.0000000 0.75273013 0.40400225
1309326569 0.0000000 0.98325235 0.96557462
1309474048 0.0000000 0.99974692 0.99947703
1309601047 0.0000000 0.99956155 0.99907100
1309696244 0.0000000 0.99914265 0.99825537
1309953539 0.0000000 0.99990213 0.99972183
1310469430 0.0000000 0.99987710 0.99974042
1310541580 0.0000000 0.99965602 0.99930567
1310928323 0.0000000 0.99988759 0.99972701
1311000534 0.0000000 0.99980903 0.99961168
1311084070 0.0000000 0.99987000 0.99974114
1311142337 0.0000000 0.99988687 0.99973243
1311692424 0.0000000 0.99605620 0.99198377
1313100452 0.0000000 0.99983901 0.99966109
1314264913 0.0000000 0.99987078 0.99971408
1314789752 0.0000000 0.99988639 0.99970943
1315538819 0.0000000 0.99991143 0.99977988
1315635988 0.0000000 0.99620992 0.99224806
1315804512 0.0000000 0.99976158 0.99951249
1316643513 0.0000000 0.99990636 0.99980098
1316653258 0.0000000 0.99988562 0.99975657
1317835272 0.0000000 0.91377419 0.80287886
1318175665 0.0000000 0.99990743 0.99977708
1318478724 0.0000000 0.99962234 0.99922627
1319945023 0.0000000 0.99987149 0.99972486
1320074224 0.0000000 0.99982387 0.99963063
1320721143 0.0000000 0.99992907 0.99979061
1321061921 0.0000000 0.99977785 0.99952054
1322787324 0.0000000 0.99987835 0.99973029
1322993584 0.0000000 0.99980116 0.99959362
1323861170 0.0000000 0.99977601 0.99953550
1323909341 0.0000000 0.99915785 0.99828273
1324582798 0.0000000 0.99982935 0.99960041
1325660397 0.0000000 0.99988985 0.99974185
1326181267 0.0000000 0.99911183 0.99819279
1326728445 0.0000000 0.99865395 0.99710000
1327107001 0.0000000 0.99984497 0.99962348
1327480583 0.0000000 0.99976873 0.99951684
1327824459 0.0000000 0.99978375 0.99945992
1328324062 0.0000000 0.99987960 0.99963969
1328459111 0.0000000 0.99985123 0.99955201
1330223700 0.0000000 0.99996316 0.99977636
1330883534 0.0000000 0.99967325 0.99923003
1332071890 0.0000000 0.99976122 0.99950290
1332086295 0.0000000 0.99762917 0.99518514
1332373478 0.0000000 0.99984521 0.99968100
1333258441 0.0000000 0.99956542 0.99901098
1333828758 0.0000000 0.99989903 0.99971831
1333921411 0.0000000 0.99991816 0.99965733
1334227165 0.0000000 0.99980128 0.99958676
1334800688 0.0000000 0.99994200 0.99979556
1335409258 0.0000000 0.97033018 0.93735558
1335538115 0.0000000 0.99983799 0.99965680
1338362741 0.0000000 0.99987561 0.99970353
1338842309 0.0000000 0.99989349 0.99973160
1338890190 0.0000000 0.99991471 0.99975556
1338944914 0.0000000 0.99994123 0.99979448
1338944979 0.0000000 0.99992549 0.99972832
1338945045 0.0000000 0.99862283 0.99708492
1339216879 0.0000000 0.99991822 0.99980801
1339275618 0.0000000 0.99994969 0.99985182
1339278860 0.0000000 0.99990112 0.99973691
1339309409 0.0000000 0.99989361 0.99972874
1339575740 0.0000000 0.99990356 0.99972594
1339598466 0.0000000 0.99975240 0.99946487
1339646879 0.0000000 0.99986959 0.99971902
1339690513 0.0000000 0.99992549 0.99978912
1339923712 0.0000000 0.99992412 0.99975204
1341299876 0.0000000 0.99961215 0.99913549
1341924177 0.0000000 0.99964744 0.99923402
1342405200 0.0000000 0.99824828 0.99648148
1344277570 0.0000000 0.99944478 0.99884498
1344910008 0.0000000 0.99976587 0.99948174
1344941743 0.0000000 0.99988347 0.99973887
1345138860 0.0000000 0.99982655 0.99961954
1345234802 0.0000000 0.99991661 0.99980831
1346380382 0.0000000 0.96454239 0.92527783
1346415099 0.0000000 0.99989587 0.99975926
1346415834 0.0000000 0.99984318 0.99965948
1346788818 0.0000000 0.99994361 0.99982393
1346816730 0.0000000 0.99968678 0.99935538
1348523853 0.0000000 0.99976826 0.99950659
1350722979 0.0000000 0.99981111 0.99961436
1350800865 0.0000000 0.99806601 0.99610907
1351161077 0.0000000 0.99990636 0.99981004
1352122829 0.0000000 0.99984348 0.99967849
1352554787 0.0000000 0.99626297 0.99237502
1353431341 0.0000000 0.99990183 0.99976575
1353536726 0.0000000 0.99983257 0.99962747
1354158772 0.0000000 0.99974585 0.99947780
1354470336 0.0000000 0.99990463 0.99973559
1354477411 0.0000000 0.99988264 0.99973369
1354976814 0.0000000 0.99989927 0.99970901
1355221924 -0.50000000 0.45320246 -36227.262
1356243184 0.0000000 0.99971640 0.99936360
1356319072 0.0000000 0.99979526 0.99956751
1356487597 0.0000000 0.99985206 0.99963629
1356883405 0.0000000 0.99993914 0.99981833
1357128106 0.0000000 0.99989671 0.99962866
1357236484 0.0000000 0.99987739 0.99965614
1357270197 0.0000000 0.99979419 0.99951535
1357331931 0.0000000 0.99977100 0.99950331
1357541346 0.0000000 0.99992234 0.99975598
1357994057 0.0000000 0.99976099 0.99941486
1358411441 0.0000000 0.99989527 0.99975085
1358708986 0.0000000 0.99989039 0.99972451
1359776392 0.0000000 0.99988794 0.99970299
1361064727 0.0000000 0.99982864 0.99953848
1361239965 0.0000000 0.99988437 0.99969184
1361256759 0.0000000 0.99987006 0.99966002
1361373628 0.0000000 0.99983120 0.99956495
1361471757 0.0000000 0.99991602 0.99971789
1361665659 0.0000000 0.99885309 0.99767053
1362386544 0.0000000 0.99977124 0.99950522
1362609444 0.0000000 0.99967253 0.99931985
1362627405 0.0000000 0.99992687 0.99974167
1362643640 0.0000000 0.99982941 0.99959207
1363079024 0.0000000 0.99990046 0.99972111
1363764120 0.0000000 0.99984509 0.99955684
1364349799 0.0000000 0.67783123 -0.86502171
1364349845 0.0000000 0.99995387 0.99976474
1364355002 0.0000000 0.99986482 0.99967080
1364690983 0.0000000 0.99885160 0.99759561
1365625224 0.0000000 0.99993163 0.99970621
1366061297 0.0000000 0.98864514 0.97671682
1366432589 0.0000000 0.99974990 0.99944884
1366513671 0.0000000 0.99979264 0.99953288
1369110346 0.0000000 0.99990070 0.99968612
1369124755 0.0000000 0.99986792 0.99969244
1369791239 0.0000000 0.99973238 0.99938595
1369883683 0.0000000 0.99984056 0.99963742
1370118743 0.0000000 0.99986303 0.99965358
1370151783 0.0000000 0.39494440 -5.8113375
1370623082 0.0000000 0.99993581 0.99979311
1372241957 0.0000000 0.99885172 0.99757457
1372463510 0.0000000 0.99993908 0.99978900
1373829868 0.0000000 0.99982655 0.99963278
1373895699 0.0000000 0.99989021 0.99972397
1373969495 0.0000000 0.99990898 0.99978662
1374677225 0.0000000 0.99988914 0.99974102
1374679935 0.0000000 0.99992079 0.99977428
1376837821 0.0000000 0.99975067 0.99947852
1377205321 0.0000000 0.99899107 0.99790323
1377355603 0.0000000 0.99988723 0.99976712
1377407246 0.0000000 0.99692696 0.99378771
1378247005 0.0000000 0.99973822 0.99936962
1378467231 0.0000000 0.99990773 0.99976325
1379475197 0.0000000 0.99970317 0.99934447
1380542719 0.0000000 0.99280089 0.98494124
1381466759 0.0000000 0.99933362 0.99865770
1381684855 0.0000000 0.99956572 0.99913150
1382170436 0.0000000 0.99787796 0.99574071
1382919848 0.0000000 0.99963850 0.99925786
1383069011 0.0000000 0.99937516 0.99867636
1383085061 0.0000000 0.99948627 0.99894571
1383220929 0.0000000 0.99988604 0.99968159
1383227120 0.0000000 0.99986547 0.99968827
1383227831 0.0000000 0.99985313 0.99970978
1383234448 0.0000000 0.99986607 0.99970555
1383263545 0.0000000 0.99988139 0.99972820
1383450194 0.0000000 0.99985719 0.99970323
1383519374 0.0000000 0.99990737 0.99979758
1383809110 0.0000000 0.99987829 0.99969226
1383809501 0.0000000 0.99984360 0.99966544
1383989687 0.0000000 0.99959171 0.99915433
1384145710 0.0000000 0.99987626 0.99968833
1384544358 0.0000000 0.99985284 0.99970227
1385019362 0.0000000 0.99949139 0.99894392
1386347977 0.0000000 0.98685491 0.97328496
1386357780 0.0000000 0.99974376 0.99942666
1387916955 0.0000000 0.99987948 0.99971205
1389034180 0.0000000 0.99991560 0.99978274
1389204911 0.0000000 0.99991924 0.99974716
1389717867 0.0000000 0.99749672 0.99497312
1389724692 0.0000000 0.99991179 0.99973750
1389729005 0.0000000 0.99987763 0.99969369
1389740803 0.0000000 0.99975145 0.99943686
1389904819 0.0000000 0.99958003 0.99906564
1390517490 0.0000000 0.99971187 0.99936801
1390619771 0.0000000 0.99985325 0.99964219
1391790286 0.0000000 0.99966413 0.99931026
1393014317 0.0000000 0.99992591 0.99976581
1393065064 0.0000000 0.99966151 0.99927485
1393759985 0.0000000 0.99885446 0.99766588
1393791078 0.0000000 0.99988270 0.99972451
1394913876 0.0000000 0.99990612 0.99966294
1395061976 0.0000000 0.99990660 0.99961144
1395231566 0.0000000 0.99991143 0.99966162
1397097485 0.0000000 0.99985445 0.99960840
1397746253 0.0000000 0.99964416 0.99920845
1398443585 0.0000000 0.99983567 0.99963742
1399207416 0.0000000 0.99993527 0.99974811
1399278483 0.0000000 0.99951649 0.99891734
1399745740 0.0000000 0.99943113 0.99871475
1399746271 0.0000000 0.99987441 0.99963528
1400631673 0.0000000 0.99992758 0.99972898
1401021673 0.0000000 0.99987406 0.99967384
1401296286 0.0000000 0.99951577 0.99890864
1402085900 0.0000000 0.99711156 0.99420881
1402313583 0.0000000 0.99972880 0.99939895
1402624068 0.0000000 0.98892599 0.97719485
1402784563 0.0000000 0.99985445 0.99965733
1403034553 0.0000000 0.99981403 0.99961686
1403317269 0.0000000 0.99983048 0.99964702
1403439974 0.0000000 0.99981439 0.99961984
1404774365 0.0000000 0.99984592 0.99959040
1404925818 0.0000000 0.99969244 0.99934888
1405577514 0.0000000 0.99992275 0.99976730
1407296767 0.0000000 0.99975353 0.99947941
1407544588 0.0000000 0.95369297 0.90118277
1408047770 0.0000000 0.99979484 0.99954873
1410046387 0.0000000 0.99965435 0.99923283
1410325949 0.0000000 0.99971873 0.99938893
1410382444 0.0000000 0.99912792 0.99819481
1411247643 0.0000000 0.99979132 0.99957657
1411641303 0.0000000 0.99947691 0.99893236
1412009058 0.0000000 0.99815929 0.99627602
1412705290 0.0000000 0.99985135 0.99969989
1413207959 0.0000000 0.97080600 0.93961805
1414298821 0.0000000 0.99978501 0.99956369
1416419181 0.0000000 0.99992985 0.99978727
1416419227 0.0000000 0.99993289 0.99982345
1416540553 0.0000000 0.99981892 0.99960881
1417557685 0.0000000 0.99973345 0.99943668
1417655668 0.0000000 0.99959177 0.99917549
1418245419 0.0000000 0.99992788 0.99979758
1418533563 0.0000000 0.99967599 0.99933404
1419682925 0.0000000 0.99932927 0.99862546
1419947441 0.0000000 0.99872011 0.99741524
1419995164 0.0000000 0.99987054 0.99967736
1420012476 0.0000000 0.99984193 0.99965018
1420437226 0.0000000 0.99981552 0.99958134
1420606112 0.0000000 0.99988192 0.99969447
1420742654 0.0000000 0.99219167 0.98411804
1421435535 0.0000000 0.99989307 0.99966151
1421639313 0.0000000 0.99982017 0.99958795
1422083726 0.0000000 0.99986446 0.99957860
1422374758 0.0000000 0.99889255 0.99756473
1422958210 0.0000000 0.99920231 0.99837798
1423037687 0.0000000 0.99974215 0.99942827
1423603888 0.0000000 0.90453178 0.77697903
1423726535 0.0000000 0.99980301 0.99954170
1423857991 0.0000000 0.99990541 0.99970353
1424969403 0.0000000 0.99984831 0.99968272
1426114954 0.0000000 0.99914908 0.99820161
1426344314 0.0000000 0.99972415 0.99938107
1426852891 0.0000000 0.99954587 0.99897534
1427105631 0.0000000 0.99996418 0.99985105
1427483378 0.0000000 0.99958861 0.99909437
1428208678 0.0000000 0.99873811 0.99740726
1428320250 0.0000000 0.99987489 0.99970877
1428945237 0.0000000 0.99984562 0.99969125
1429127316 0.0000000 0.99287224 0.98532665
1429494176 0.0000000 0.99993914 0.99976015
1429494550 0.0000000 0.99981260 0.99953836
1429528847 0.0000000 0.99992746 0.99979407
1429530313 0.0000000 0.99990761 0.99973905
1429531199 0.0000000 0.99990833 0.99975187
1429992097 0.0000000 0.99992102 0.99974096
1430658547 0.0000000 0.99983519 0.99959099
1431333501 0.0000000 0.99990183 0.99973708
1431387795 0.0000000 0.99986708 0.99969137
1431628549 0.0000000 0.99979448 0.99955356
1432588969 0.0000000 0.99986517 0.99966925
1432601816 0.0000000 0.99985164 0.99965769
1432799863 0.0000000 0.99976104 0.99945152
1434467768 0.0000000 0.99982107 0.99960876
1434867330 0.0000000 0.99982792 0.99964863
1435335400 0.0000000 0.99974823 0.99949092
1438066750 0.0000000 0.99980706 0.99959195
1438936857 0.0000000 0.99934465 0.99865955
1439209234 0.0000000 0.94323808 0.87766582
1439418087 0.0000000 0.99634922 0.99259841
1439474882 0.0000000 0.99990946 0.99977535
1439699200 0.0000000 0.98944777 0.97849572
1441113885 0.0000000 0.99990892 0.99978364
1441128847 0.0000000 0.99984068 0.99963701
1441160293 0.0000000 0.99977416 0.99948394
1441898607 0.0000000 0.99984187 0.99964720
1442339782 0.0000000 0.99984682 0.99966359
1442345855 0.0000000 0.99992234 0.99978822
1442345878 0.0000000 0.99992216 0.99979442
1442408939 0.0000000 0.99992836 0.99979717
1442410226 0.0000000 0.99972814 0.99938041
1442413798 0.0000000 0.99976653 0.99948013
1443074281 0.0000000 0.99977094 0.99952185
1443555465 0.0000000 0.99981141 0.99960643
1444648487 0.0000000 0.99989355 0.99976605
1444736944 0.0000000 0.99990457 0.99980456
1444953165 0.0000000 0.99982554 0.99962115
1444953267 0.0000000 0.99974209 0.99946326
1445014914 0.0000000 0.99956197 0.99911076
1445221055 0.0000000 0.99993289 0.99977648
1445233331 0.0000000 0.99988019 0.99969661
1445239215 0.0000000 0.99984252 0.99961245
1446412182 0.0000000 0.99992537 0.99982190
1446412281 0.0000000 0.99981320 0.99954736
1446509184 0.0000000 0.99987108 0.99963808
1446509190 0.0000000 0.99987274 0.99964112
1446714386 0.0000000 0.99980652 0.99960899
1447167192 0.0000000 0.99956971 0.99905264
1447255999 0.0000000 0.99983084 0.99965715
1447277516 0.0000000 0.99953592 0.99904799
1448316095 0.0000000 0.98205858 0.96312863
1448671943 0.0000000 0.99951059 0.99900633
1449033717 0.0000000 0.99989635 0.99976170
1449035580 0.0000000 0.99982756 0.99961698
1449153073 0.0000000 0.99987829 0.99974030
1449935242 0.0000000 0.99980748 0.99960893
1450510821 0.0000000 0.97529542 0.94898355
1450536811 0.0000000 0.99710590 0.99404788
1450992022 0.0000000 0.99986768 0.99971181
1451199638 0.0000000 0.99932742 0.99864548
1451327726 0.0000000 0.99932200 0.99863881
1451523194 0.0000000 0.99544013 0.99068648
1451829690 0.0000000 0.99984866 0.99965268
1451928000 0.0000000 0.99847627 0.99692035
1452487977 0.0000000 0.99982172 0.99961483
1453169606 0.0000000 0.99990261 0.99974924
1453824336 0.0000000 0.99847049 0.99675852
1454422761 0.0000000 0.99993223 0.99977928
1454702246 0.0000000 0.99992609 0.99974829
1454702308 0.0000000 0.99994242 0.99967104
1454702406 0.0000000 0.99991727 0.99961424
1454702512 0.0000000 0.99987417 0.99954271
1454978820 0.0000000 0.99993241 0.99970520
1455590759 0.0000000 0.99989688 0.99968624
1455595494 0.0000000 0.99992800 0.99975300
1455757779 0.0000000 0.99992561 0.99973899
1455758311 0.0000000 0.99993700 0.99976254
1456215987 0.0000000 0.99969560 0.99928021
1456541993 0.0000000 0.99978578 0.99941826
1457201466 0.0000000 0.99960196 0.99913597
1457276938 0.0000000 0.99716955 0.99417996
1459152479 0.0000000 0.99981678 0.99952710
1459502085 0.0000000 0.99508965 0.99002349
1459988008 0.0000000 0.99737042 0.99464357
1460294506 0.0000000 0.99824792 0.99645942
1460353509 0.0000000 0.99991834 0.99972469
1460804146 0.0000000 0.99990195 0.99960709
1461082597 0.0000000 0.99965125 0.99926126
1461607991 0.0000000 0.99976975 0.99939716
1461770234 0.0000000 0.99995947 0.99977106
1461770257 0.0000000 0.99996078 0.99977386
1461770858 0.0000000 0.99996525 0.99982119
1461781146 0.0000000 0.99989545 0.99974746
1461806086 0.0000000 0.99974680 0.99940068
1462056417 0.0000000 0.99986118 0.99959368
1462199340 0.0000000 0.99989343 0.99969465
1462521203 0.0000000 0.99984324 0.99964488
1462632669 0.0000000 0.99987859 0.99966264
1462675593 0.0000000 0.99983776 0.99967355
1463023035 0.0000000 0.99993670 0.99978435
1463023251 0.0000000 0.99977958 0.99943739
1463023282 0.0000000 0.99975616 0.99940377
1463027395 0.0000000 0.99994981 0.99983108
1463127852 0.0000000 0.99989742 0.99971205
1463195522 0.0000000 0.99985152 0.99957144
1463196768 0.0000000 0.99989694 0.99966800
1463530965 0.0000000 0.99984562 0.99968213
1463863900 0.0000000 0.99993581 0.99980772
1463882779 0.0000000 0.99990112 0.99975640
1464184475 0.0000000 0.99805915 0.99591619
1464544116 0.0000000 0.99977887 0.99951059
1464576767 0.0000000 0.99986434 0.99964476
1464630651 0.0000000 0.99971676 0.99941796
1464672226 0.0000000 0.99992466 0.99976814
1466204142 0.0000000 0.99937385 0.99871129
1466383187 0.0000000 0.99982154 0.99963748
1466409210 0.0000000 0.99965125 0.99927753
1466715930 0.0000000 0.99987239 0.99970353
1467361422 0.0000000 0.99973166 0.99942607
1469019333 0.0000000 0.99980688 0.99960107
1469592155 0.0000000 0.99986517 0.99969345
1471008941 0.0000000 0.99932957 0.99861813
1471908408 0.0000000 0.99973166 0.99943161
1472660934 0.0000000 0.99985176 0.99969500
1473440050 0.0000000 0.99941075 0.99878585
1475055492 0.0000000 0.99980766 0.99960864
1475769120 0.0000000 0.99993098 0.99984264
1477370752 0.0000000 0.99989790 0.99977410
1478519786 0.0000000 0.99988383 0.99972719
1478903131 0.0000000 0.99991012 0.99975085
1480024554 0.0000000 0.99990797 0.99977487
1480377579 0.0000000 0.99970967 0.99938965
1480507474 0.0000000 0.99992061 0.99980366
1481256588 0.0000000 0.99982220 0.99963295
1481811269 0.0000000 0.99993426 0.99977088
1483057851 0.0000000 0.99985617 0.99968672
1483513641 0.0000000 0.99979252 0.99957079
1484155863 0.0000000 0.99982649 0.99959642
1484797338 0.0000000 0.99557287 0.99102837
1484900187 0.0000000 0.99934518 0.99864495
1485329586 0.0000000 0.99979335 0.99958462
1486746772 0.0000000 0.99993294 0.99975359
1487420859 0.0000000 0.99950248 0.99894089
1487652197 0.0000000 0.98963529 0.97864866
1488212310 0.0000000 0.99978226 0.99953252
1488924651 0.0000000 0.99984193 0.99960405
1489967289 0.0000000 0.99974644 0.99934256
1490066029 0.0000000 0.83787698 0.57532644
1490805242 0.0000000 0.99974692 0.99940491
1492112471 0.0000000 0.99991989 0.99977136
1492367656 0.0000000 0.99986053 0.99967009
1493517442 0.0000000 0.99990720 0.99968767
1493960850 0.0000000 0.99975133 0.99947798
1493986611 0.0000000 0.97599536 0.94989890
1494889974 0.0000000 0.99990571 0.99972713
1494932580 0.0000000 0.99836159 0.99640197
1495631454 0.0000000 0.99988377 0.99973124
1495691291 0.0000000 0.99986202 0.99967283
1495956669 0.0000000 0.99791420 0.99580657
1495999757 0.0000000 0.99979764 0.99940681
1496582686 0.0000000 0.99986148 0.99962932
1497967350 0.0000000 0.96727473 0.93004179
1498029939 0.0000000 0.99984324 0.99965435
1500318986 0.0000000 0.99968922 0.99936426
1501139292 0.0000000 0.99954545 0.99903327
1501845585 0.0000000 0.99988484 0.99966741
1502294736 0.0000000 0.99978334 0.99955398
1502416734 0.0000000 0.99987751 0.99973613
1502582915 0.0000000 0.99988073 0.99973416
1504364658 0.0000000 0.99955046 0.99909270
1505096741 0.0000000 0.99943447 0.99884969
1505687994 0.0000000 0.99980009 0.99957955
1505917796 0.0000000 0.99991608 0.99982232
1506232185 0.0000000 0.99963337 0.99916941
1506549399 0.0000000 0.99926263 0.99849737
1507505391 0.0000000 0.99981070 0.99957621
1507747520 0.0000000 0.99980640 0.99959022
1508582157 0.0000000 0.99860114 0.99716395
1509318944 0.0000000 0.99991703 0.99975747
1509677295 0.0000000 0.99989939 0.99977565
1509677339 0.0000000 0.99990147 0.99977976
1509752088 0.0000000 0.99986416 0.99971777
1510398879 0.0000000 0.99988174 0.99976176
1510402973 0.0000000 0.99990749 0.99980175
1510440860 0.0000000 0.99933469 0.99862927
1510947032 0.0000000 0.99938774 0.99865228
1511360409 0.0000000 0.99991614 0.99976850
1511470532 0.0000000 0.99992830 0.99983102
1512230735 0.0000000 0.99883580 0.99764699
1512377977 0.0000000 0.99976575 0.99946612
1512704669 0.0000000 0.99985456 0.99965233
1513120660 0.0000000 0.99960393 0.99912035
1516168751 0.0000000 0.99984986 0.99968588
1516984288 0.0000000 0.99982232 0.99952388
1517686257 0.0000000 0.99985838 0.99960762
1517749972 0.0000000 0.99993175 0.99971813
1517752600 0.0000000 0.99995399 0.99971181
1517752662 0.0000000 0.99992603 0.99965596
1517753127 0.0000000 0.99978149 0.99947542
1517753452 0.0000000 0.99993390 0.99967563
1517753522 0.0000000 0.99993539 0.99967688
1517753592 0.0000000 0.99993330 0.99967724
1517753815 0.0000000 0.99990422 0.99965525
1517758427 0.0000000 0.99983114 0.99953485
1517763262 0.0000000 0.99988627 0.99964064
1517821602 0.0000000 0.99988651 0.99960440
1517823894 0.0000000 0.99987173 0.99958730
1517846321 0.0000000 0.99994355 0.99975777
1517852233 0.0000000 0.99982643 0.99953598
1517893754 0.0000000 0.99990398 0.99965078
1517906208 0.0000000 0.99986660 0.99959552
1517932241 0.0000000 0.99993849 0.99968481
1517932280 0.0000000 0.99994463 0.99967927
1517932282 0.0000000 0.99994993 0.99967378
1517932427 0.0000000 0.99989498 0.99968642
1517932434 0.0000000 0.99989420 0.99968773
1517932492 0.0000000 0.99986362 0.99964666
1517933877 0.0000000 0.99990904 0.99968719
1517940013 0.0000000 0.99994051 0.99973089
1517940459 0.0000000 0.99993598 0.99972391
1517944528 0.0000000 0.99993020 0.99967122
1517945796 0.0000000 0.99990714 0.99967331
1517950582 0.0000000 0.99989742 0.99961793
1517958702 0.0000000 0.99991918 0.99968600
1517960631 0.0000000 0.99992496 0.99968129
1517969882 0.0000000 0.99994302 0.99966514
1517974578 0.0000000 0.99993235 0.99973768
1517998787 0.0000000 0.99980867 0.99947816
1518001985 0.0000000 0.99992937 0.99965793
1518008800 0.0000000 0.99991512 0.99963427
1518008880 0.0000000 0.99981493 0.99948519
1518013159 0.0000000 0.99986964 0.99954486
1518016890 0.0000000 0.99993879 0.99964863
1518016916 0.0000000 0.99994689 0.99968290
1518051257 0.0000000 0.99989116 0.99968171
1518059164 0.0000000 0.99988776 0.99967217
1518142443 0.0000000 0.99990314 0.99972576
1518201789 0.0000000 0.99990040 0.99965441
1518248929 0.0000000 0.99990553 0.99960864
1518858396 0.0000000 0.99948019 0.99885833
1518981709 0.0000000 0.99985766 0.99967438
1519051621 0.0000000 0.99990255 0.99973667
1519254641 0.0000000 0.99986035 0.99962109
1519583320 0.0000000 0.99995399 0.99973035
1519962147 0.0000000 0.99983954 0.99958998
1520098551 0.0000000 0.99989861 0.99959713
1520329330 0.0000000 0.99977595 0.99943155
1521024527 0.0000000 0.99991959 0.99968773
1521537776 0.0000000 0.99993211 0.99973541
1521728871 0.0000000 0.99986839 0.99967152
1522232997 0.0000000 0.99978858 0.99948484
1522282670 0.0000000 0.99988472 0.99969751
1522598524 0.0000000 0.99981058 0.99957478
1523432369 0.0000000 0.99958801 0.99908286
1523886539 0.0000000 0.99986541 0.99961466
1524201906 0.0000000 0.99958277 0.99897730
1524248877 0.0000000 0.99848378 0.99695158
1524308214 0.0000000 0.99974418 0.99942118
1524503432 0.0000000 0.99985564 0.99967146
1524721460 0.0000000 0.99980229 0.99946898
1524721601 0.0000000 0.99968356 0.99921608
1524808553 0.0000000 0.99983037 0.99954873
1525218424 0.0000000 0.99991757 0.99964726
1526098666 0.0000000 0.99982101 0.99960703
1527728598 0.0000000 0.99988580 0.99967301
1527904870 0.0000000 0.99990278 0.99977744
1528731725 0.0000000 0.99983382 0.99955469
1528750347 0.0000000 0.99988991 0.99961776
1528856173 0.0000000 0.99720299 0.99423653
1529096035 0.0000000 0.99980664 0.99960166
1529334375 0.0000000 0.99821889 0.99640751
1529522338 0.0000000 0.99975348 0.99945390
1530516370 0.0000000 0.99987853 0.99973488
1530516385 0.0000000 0.99987870 0.99973339
1530609654 0.0000000 0.99991524 0.99976850
1531312909 0.0000000 0.99985307 0.99958652
1531507119 0.0000000 0.99989444 0.99972874
1532050755 0.0000000 0.99968255 0.99932367
1533217098 0.0000000 0.99992234 0.99981022
1533504622 0.0000000 0.99905121 0.99805355
1533801692 0.0000000 0.99895000 0.99781102
1534500582 0.0000000 0.99986506 0.99972111
1534551317 0.0000000 0.99990529 0.99976516
1535572403 0.0000000 0.99943042 0.99877012
1536641006 0.0000000 0.99983430 0.99965084
1536700815 0.0000000 0.99958539 0.99915326
1538633849 0.0000000 0.99907011 0.99809951
1538766649 0.0000000 0.99233073 0.98446977
1539072778 0.0000000 0.99976254 0.99946946
1539164591 0.0000000 0.99977994 0.99944210
1540269298 0.0000000 0.99992603 0.99978614
1540310644 0.0000000 0.99992895 0.99978280
1541624711 0.0000000 0.99985743 0.99968046
1541712486 0.0000000 0.99912959 0.99822265
1542328459 0.0000000 0.99980742 0.99956745
1542608341 0.0000000 0.99985939 0.99969625
1542638415 0.0000000 0.99954677 0.99898893
1542645094 0.0000000 0.99968284 0.99932146
1543190243 0.0000000 0.99991989 0.99974561
1543191316 0.0000000 0.99937916 0.99872744
1543236658 0.0000000 0.99976152 0.99946713
1543238642 0.0000000 0.99916142 0.99823445
1543314575 0.0000000 0.99968636 0.99928027
1544368541 0.0000000 0.99985707 0.99969012
1544439487 0.0000000 0.99978948 0.99951828
1544621063 0.0000000 0.99986923 0.99972624
1544908865 0.0000000 0.99988300 0.99973446
1545710204 0.0000000 0.99981779 0.99954116
1546538568 0.0000000 0.99990958 0.99973160
1546949806 0.0000000 0.99986398 0.99967122
1548127166 0.0000000 0.99991655 0.99974209
1548825695 0.0000000 0.99989629 0.99970615
1548861293 0.0000000 0.99990678 0.99971122
1549366351 0.0000000 0.99957365 0.99904990
1549558324 0.0000000 0.99991322 0.99973828
1550239687 0.0000000 0.99991053 0.99975711
1551558867 0.0000000 0.99321300 0.98628294
1552012334 0.0000000 0.99991369 0.99972820
1552127531 0.0000000 0.99015719 0.97995764
1552421955 0.0000000 0.99990565 0.99975073
1552451554 0.0000000 0.99979311 0.99957204
1552511242 0.0000000 0.99988329 0.99971163
1552697151 0.0000000 0.99987233 0.99969226
1552968094 0.0000000 0.99970770 0.99939454
1553256348 0.0000000 0.99973184 0.99939322
1553414210 0.0000000 0.99917620 0.99831522
1554087275 0.0000000 0.99981183 0.99957514
1554172029 0.0000000 0.99697155 0.99380618
1554256375 0.0000000 0.99992090 0.99978006
1554343015 0.0000000 0.99993956 0.99977094
1554382610 0.0000000 0.99979722 0.99956971
1554499495 0.0000000 0.99978727 0.99949557
1554706689 0.0000000 0.99981165 0.99949855
1554822801 0.0000000 0.99990803 0.99971038
1554841453 0.0000000 0.99987829 0.99968946
1554850672 0.0000000 0.99991179 0.99972057
1555563667 0.0000000 0.99993873 0.99974900
1556793883 0.0000000 0.99983662 0.99961209
1556970683 0.0000000 0.99810660 0.99616975
1557330527 0.0000000 0.99981487 0.99957192
1557737721 0.0000000 0.99980515 0.99959379
1558197514 0.0000000 0.99977303 0.99949747
1558379328 0.0000000 0.99755478 0.99496585
1558489044 0.0000000 0.99983174 0.99965513
1558591969 0.0000000 0.99985152 0.99969715
1559317998 0.0000000 0.99986619 0.99971730
1559641578 0.0000000 0.99991214 0.99977112
1559762840 0.0000000 0.99987888 0.99971318
1560870606 0.0000000 0.98823911 0.97556108
1561237205 0.0000000 0.99929327 0.99858010
1561242160 0.0000000 0.99932861 0.99863636
1561825206 0.0000000 0.99954665 0.99906546
1561837452 0.0000000 0.99987358 0.99971485
1562610935 0.0000000 0.99960834 0.99913687
1562880116 0.0000000 0.99990344 0.99971503
1563275550 0.0000000 0.99973315 0.99939275
1563531230 0.0000000 0.99978513 0.99949926
1563768365 0.0000000 0.99711710 0.99402809
1563850922 0.0000000 0.99904907 0.99802101
1564123196 0.0000000 0.99967122 0.99932575
1564190683 0.0000000 0.99991190 0.99978143
1564649429 0.0000000 0.99926335 0.99846876
1564753988 0.0000000 0.99988353 0.99970657
1564784683 0.0000000 0.99992013 0.99972636
1565054388 0.0000000 0.99993408 0.99980283
1565055090 0.0000000 0.99990064 0.99976289
1565213283 0.0000000 0.99995434 0.99984026
1565218942 0.0000000 0.99958539 0.99913412
1565905300 0.0000000 0.99987638 0.99975252
1566053525 0.0000000 0.99986553 0.99966872
1566053530 0.0000000 0.99986571 0.99966848
1566074882 0.0000000 0.99943751 0.99882424
1566101114 0.0000000 0.99989957 0.99975538
1566598377 0.0000000 0.95956188 0.91555464
1566648618 0.0000000 0.99849796 0.99697131
1567237819 0.0000000 0.99978793 0.99951541
1567471650 0.0000000 0.99990243 0.99975336
1567604000 0.0000000 0.99939555 0.99878007
1567917359 0.0000000 0.99959046 0.99912727
1568005668 0.0000000 0.99965703 0.99928278
1568095682 0.0000000 0.99990571 0.99972105
1569863578 0.0000000 0.99979210 0.99955577
1570468626 0.0000000 0.99978578 0.99949235
1571312673 0.0000000 0.99992752 0.99980807
1571861758 0.0000000 0.98939401 0.97831476
1572218883 0.0000000 0.99962491 0.99921411
1573491297 0.0000000 0.99714410 0.99412847
1573495893 0.0000000 0.99911839 0.99821168
1574645562 0.0000000 0.99988407 0.99966437
1575564604 0.0000000 0.99037260 0.98017192
1575660753 0.0000000 0.99972248 0.99943155
1577769501 0.0000000 0.98522097 0.96952420
1577819410 0.0000000 0.99992633 0.99978244
1578293635 0.0000000 0.99987048 0.99971348
1578510402 0.0000000 0.99965090 0.99925768
1579404154 0.0000000 0.99958485 0.99906397
1579703564 0.0000000 0.99953312 0.99903190
1580749376 0.0000000 0.99982655 0.99962652
1581076659 0.0000000 0.99973041 0.99941170
1581616159 0.0000000 0.99989349 0.99962753
1581629921 0.0000000 0.99972135 0.99935871
1581764406 0.0000000 0.99994260 0.99973309
1581764700 0.0000000 0.99989676 0.99971366
1581794413 0.0000000 0.99991554 0.99970073
1582090065 0.0000000 0.98902839 0.97654915
1582113307 0.0000000 0.97636932 0.95075309
1582546233 0.0000000 0.99981356 0.99958438
1582592414 0.0000000 0.99961668 0.99913555
1582629242 0.0000000 0.99985403 0.99959314
1582695255 0.0000000 0.99980158 0.99959266
1584677477 0.0000000 0.99965382 0.99923199
1585787701 0.0000000 0.96267205 0.92124802
1586304460 0.0000000 0.99729925 0.99447173
1586389759 0.0000000 0.99975616 0.99946404
1586537097 0.0000000 0.99991542 0.99969405
1586691401 0.0000000 0.99989522 0.99973220
1587481331 0.0000000 0.99968112 0.99931312
1588476280 0.0000000 0.99986684 0.99968994
1589003116 0.0000000 0.99967915 0.99933064
1589548020 0.0000000 0.98433608 0.96736860
1589756010 0.0000000 0.99976802 0.99950552
1589910785 0.0000000 0.99626082 0.99230188
1590311534 0.0000000 0.96668577 0.92845321
1590359490 0.0000000 0.99991286 0.99972153
1590694463 0.0000000 0.99995118 0.99986702
1590843750 0.0000000 0.99986577 0.99971247
1591494563 0.0000000 0.99983639 0.99966496
1591839506 0.0000000 0.99979734 0.99958670
1591921295 0.0000000 0.99984634 0.99965441
1592079539 0.0000000 0.99995220 0.99985164
1592349420 0.0000000 0.99961793 0.99920076
1593214064 0.0000000 0.99988866 0.99973887
1593241888 0.0000000 0.99961740 0.99922800
1593407313 0.0000000 0.99971110 0.99940741
1593435168 0.0000000 0.99988103 0.99972838
1593519432 0.0000000 0.99955457 0.99908262
1594227272 0.0000000 0.99983549 0.99963456
1594265063 0.0000000 0.99983209 0.99965239
1594267923 0.0000000 0.99983317 0.99964052
1594526768 0.0000000 0.99939358 0.99875420
1594546164 0.0000000 0.99247909 0.98453301
1595767949 0.0000000 0.99997282 0.99986780
1597107665 0.0000000 0.99968469 0.99934787
1597123796 0.0000000 0.99777776 0.99552852
1597187246 0.0000000 0.99952787 0.99895614
1597774608 0.0000000 0.99737507 0.99455792
1597797181 0.0000000 0.99980444 0.99954534
1597806811 0.0000000 0.99965984 0.99924642
1598480108 0.0000000 0.99982798 0.99963886
1598847265 0.0000000 0.99060822 0.98101735
1599036279 0.0000000 0.99972236 0.99941981
1600306672 0.0000000 0.99985784 0.99970537
1600646088 0.0000000 0.99967068 0.99930662
1600833602 0.0000000 0.99981821 0.99962431
1601017581 0.0000000 0.99936694 0.99872690
1601326254 0.0000000 0.99993712 0.99982446
1601342057 0.0000000 0.99989909 0.99976188
1601440640 0.0000000 0.99989176 0.99976933
1601863505 0.0000000 0.99981165 0.99961531
1602517184 0.0000000 0.99981767 0.99961615
1602946993 0.0000000 0.99867404 0.99730587
1602947159 0.0000000 0.92915368 0.84137547
1603087586 0.0000000 0.99653959 0.99292654
1603396062 0.0000000 0.98243421 0.96369326
1603674483 0.0000000 0.99944764 0.99888963
1604358861 0.0000000 0.99961585 0.99916983
1604426346 0.0000000 0.99869978 0.99735606
1604601372 0.0000000 0.99986947 0.99972975
1604626818 0.0000000 0.99986267 0.99969500
1605130406 0.0000000 0.99986345 0.99965560
1605130534 0.0000000 0.99953038 0.99900198
1605266102 0.0000000 0.99935091 0.99865514
1605511152 0.0000000 0.99982429 0.99962240
1605551866 0.0000000 0.99954993 0.99905062
1605557664 0.0000000 0.99968004 0.99929720
1605621503 0.0000000 0.99864066 0.99714124
1605662576 0.0000000 0.99916863 0.99829704
1606582085 0.0000000 0.97441071 0.94700974
1606657334 0.0000000 0.99990225 0.99975806
1607578178 0.0000000 0.99987566 0.99972028
1607606398 0.0000000 0.99994475 0.99979270
1607606851 0.0000000 0.99938834 0.99875844
1607624108 0.0000000 0.99988627 0.99974716
1608317519 0.0000000 0.99459618 0.98911315
1608385359 0.0000000 0.97425044 0.94540125
1609436522 0.0000000 0.99891853 0.99783021
1609594007 0.0000000 0.99979341 0.99948734
1610162996 0.0000000 0.81622142 0.47831011
1610192153 0.0000000 0.99987209 0.99971539
1610249009 0.0000000 0.99979824 0.99959296
1610838659 0.0000000 0.99993283 0.99975049
1611559538 0.0000000 0.99982613 0.99961805
1611565557 0.0000000 0.99950671 0.99900079
1611574763 0.0000000 0.99966449 0.99930131
1611584686 0.0000000 0.99299657 0.98555738
1611818971 0.0000000 0.99991065 0.99971223
