988100797 0.0000000 0.99824572 0.99213976
988336953 0.0000000 0.99987251 0.99519199
989765823 0.0000000 0.99982357 0.99514109
990117114 0.0000000 0.74012387 0.29055917
990630314 0.0000000 0.99972874 0.99515587
991455252 0.0000000 0.95075548 0.90282387
991634551 0.0000000 0.99904132 0.99400181
991995645 0.0000000 0.89339083 0.77498847
992208377 0.0000000 0.99982762 0.99522090
992209870 0.0000000 0.99988884 0.99536753
992438274 0.0000000 0.99992424 0.99531627
992486125 0.0000000 0.99995053 0.99569255
992592933 0.0000000 0.99949569 0.99426079
992927775 0.0000000 0.98092061 0.95796591
992929419 0.0000000 0.99095935 0.97538012
993581187 0.0000000 0.30650380 -7.1724014
993854508 0.0000000 0.54799592 -0.93998075
993874057 0.0000000 0.83842742 0.65061313
994007634 0.0000000 0.89923108 0.79839510
994692047 0.0000000 0.99973559 0.98575294
995024004 0.0000000 0.99103177 0.97176188
995162867 0.0000000 0.99875146 0.98391569
995890516 0.0000000 0.99989611 0.98566717
996113981 0.0000000 0.93966997 0.88293415
997156421 0.0000000 7.21205175E-02 -195.81123
998326679 0.0000000 0.99981803 0.98642874
999257596 0.0000000 0.98724872 0.96683168
1000062111 0.0000000 0.98449421 0.96102142
1000197538 0.0000000 0.99952841 0.98576427
1000766684 0.0000000 0.99978185 0.98654521
1001410293 0.0000000 0.98203713 0.95720828
1004092959 0.0000000 0.65723932 -8.72950554E-02
1004454253 0.0000000 0.18524948 -22.894346
1004863535 0.0000000 0.82444996 0.61386502
1005352632 0.0000000 0.13860612 -40.135189
1006580783 0.0000000 0.17870975 -23.936674
1007019252 0.0000000 0.22275382 -15.447813
1007572713 0.0000000 5.09510934E-02 -469.84970
1007712455 0.0000000 0.43071103 -2.6326385
1007972664 0.0000000 0.64440793 -0.10657001
1008715277 0.0000000 0.15364851 -30.518776
1008836107 0.0000000 0.10042387 -70.383553
1008890954 0.0000000 9.83841792E-02 -81.600471
1009057225 0.0000000 0.38097376 -3.6992927
1009168145 0.0000000 0.14051388 -42.998432
1009442091 0.0000000 0.45718405 -2.1146290
1009500099 0.0000000 0.65843630 -7.73289204E-02
1010371507 0.0000000 0.49596864 -1.5301929
1010509239 0.0000000 0.77702373 0.45463765
1011026056 0.0000000 0.19976032 -18.483110
1011031830 0.0000000 0.36651391 -4.3316655
1011063499 0.0000000 0.10031598 -105.35716
1011682027 0.0000000 0.13406792 -48.291592
1012271064 0.0000000 0.64732116 -0.13088787
1012580587 0.0000000 0.22052418 -14.452258
1013484445 0.0000000 0.99810839 0.98668081
1013485377 0.0000000 0.74341190 0.32380497
1013486436 0.0000000 0.62354028 -0.29607093
1014927282 0.0000000 0.99805784 0.99606293
1014972465 0.0000000 0.99978644 0.99955642
1015232666 0.0000000 0.99987656 0.99974310
1016105151 0.0000000 0.99983180 0.99962556
1016468323 0.0000000 0.99862319 0.99722362
1017159906 0.0000000 0.99898654 0.99793392
1017557569 0.0000000 0.99996209 0.99991119
1017557822 0.0000000 0.99990690 0.99978912
1017594576 0.0000000 0.99939823 0.99876565
1017816456 0.0000000 0.99983287 0.99964267
1017857170 0.0000000 0.99995154 0.99987620
1017925489 0.0000000 0.99930459 0.99859518
1018065946 0.0000000 0.99854165 0.99704373
1018137582 0.0000000 0.99542743 0.99070495
1018221645 0.0000000 0.99969238 0.99935359
1018414606 0.0000000 0.99804252 0.99604696
1018800484 0.0000000 0.99919105 0.99833971
1018898180 0.0000000 0.99862206 0.99719054
1019054808 0.0000000 0.99792373 0.99578571
1019292480 0.0000000 0.99992591 0.99985093
1019488470 0.0000000 0.99987292 0.99971378
1019673665 0.0000000 0.99547738 0.99080026
1020000226 0.0000000 0.99991828 0.99982566
1021004232 0.0000000 0.99992329 0.99983841
1021024958 0.0000000 0.99318123 0.98617381
1021028934 0.0000000 0.99975169 0.99948436
1021434365 0.0000000 0.99994540 0.99988139
1021434812 0.0000000 0.99904227 0.99805933
1021435155 0.0000000 0.99857265 0.99711853
1021437004 0.0000000 0.99810529 0.99617964
1021437761 0.0000000 0.99940604 0.99876934
1021888184 0.0000000 0.99968827 0.99936014
1022604314 0.0000000 0.99997002 0.99320364
1022741620 0.0000000 0.99991393 0.99282801
1022779647 0.0000000 0.99992180 0.99281335
1024000827 0.0000000 0.99987650 0.99306083
1024039343 0.0000000 0.99991614 0.99284351
1024059173 0.0000000 0.99986196 0.99288577
1024224102 0.0000000 0.99932659 0.99207568
1024232773 0.0000000 0.99932003 0.99192780
1024881141 0.0000000 0.99986064 0.99247694
1026036068 0.0000000 0.99984097 0.99263012
1026372982 0.0000000 0.99996042 0.99315554
1026373076 0.0000000 0.99996650 0.99320126
1026374005 0.0000000 0.99976867 0.99274486
1026378668 0.0000000 0.99950427 0.99216187
1026562025 0.0000000 0.99989897 0.99288273
1026925041 0.0000000 0.99987286 0.99282962
1026933281 0.0000000 0.99991846 0.99299061
1026967951 0.0000000 0.99966383 0.99231917
1028885460 0.0000000 0.99908191 0.99154115
1028970195 0.0000000 0.99992895 0.99305618
1029367736 0.0000000 0.99887061 0.99126595
1030006163 0.0000000 0.99888009 0.99127835
1030375930 0.0000000 0.99984449 0.99271137
1030554334 0.0000000 0.99997014 0.99306256
1030628193 0.0000000 0.99992955 0.99298918
1030651553 0.0000000 0.99984092 0.99282551
1030859781 0.0000000 0.99994570 0.99295229
1030864055 0.0000000 0.99994951 0.99300897
1031310121 0.0000000 0.99997008 0.99280107
1031439572 0.0000000 0.99991727 0.99282879
1031647094 0.0000000 0.99984866 0.99281681
1032052013 0.0000000 0.99990714 0.99309826
1032134610 0.0000000 0.99996191 0.99291384
1032294371 0.0000000 0.99928606 0.99181491
1032315669 0.0000000 0.99885452 0.99129039
1032907402 0.0000000 0.99996126 0.99317890
1033103267 0.0000000 0.99991530 0.99315017
1033374913 0.0000000 0.99993169 0.99298292
1033690544 0.0000000 0.99629581 0.98663247
1033947513 0.0000000 0.99887180 0.99148685
1034070514 0.0000000 0.99869436 0.99079388
1034480608 0.0000000 0.99980205 0.99280787
1034923400 0.0000000 0.99980015 0.99272668
1034928298 0.0000000 0.99959999 0.99258351
1035149152 0.0000000 0.99991041 0.99312025
1035153178 0.0000000 0.99976170 0.99265981
1035197382 0.0000000 0.99977219 0.99253166
1035991040 0.0000000 0.99713516 0.98799282
1036098952 0.0000000 0.99969548 0.99244678
1036697273 0.0000000 0.99884373 0.99109870
1036697648 0.0000000 0.99978191 0.99285823
1036886824 0.0000000 0.99991614 0.99273652
1038324582 0.0000000 0.99974597 0.99248755
1038746116 0.0000000 0.99965066 0.99241197
1039232712 0.0000000 0.99937177 0.99215353
1039743025 0.0000000 0.99988365 0.99318707
1040450954 0.0000000 0.99964201 0.99256480
1040520314 0.0000000 0.99979520 0.99260795
1040644457 0.0000000 0.99990678 0.99313408
1040799690 0.0000000 0.99990314 0.99286348
1041632855 0.0000000 0.99525696 0.98511344
1042809813 0.0000000 0.99994099 0.99230838
1043607562 0.0000000 0.99979115 0.99199116
1044768063 0.0000000 0.99994481 0.99249339
1044817061 0.0000000 0.99969977 0.99207872
1045633623 0.0000000 0.99979740 0.99201477
1046065971 0.0000000 0.99921757 0.99123102
1046575544 0.0000000 0.99986327 0.99237967
1048808323 0.0000000 0.99950391 0.99182206
1049310522 0.0000000 0.99986649 0.99246311
1049353173 0.0000000 0.99984962 0.99229801
1051845960 0.0000000 0.99864519 0.99032557
1051900153 0.0000000 0.99412507 0.98247683
1052394722 0.0000000 0.88223815 0.75483638
1052961462 0.0000000 0.99981177 0.99248976
1053904321 0.0000000 0.99982870 0.99207234
1054395492 0.0000000 0.99988198 0.99219644
1054853585 0.0000000 0.99900132 0.99092937
1055123570 0.0000000 0.99996489 0.99262941
1055135284 0.0000000 0.99991912 0.99245691
1055234432 0.0000000 0.99994725 0.99248654
1055390332 0.0000000 0.99993157 0.99245840
1055425274 0.0000000 0.99980545 0.99239284
1055472531 0.0000000 0.99688905 0.98745960
1055510426 0.0000000 0.99974126 0.99218243
1055788418 0.0000000 0.99993885 0.99264753
1055803080 0.0000000 0.99992901 0.99259377
1056357316 0.0000000 0.99971032 0.99204659
1057028486 0.0000000 0.99155855 0.97861642
1057319282 0.0000000 0.99966848 0.99190503
1058108790 0.0000000 0.99966502 0.99194849
1058496080 0.0000000 0.99974591 0.99207062
1059102630 0.0000000 0.99980050 0.99214584
1059590191 0.0000000 0.99988008 0.99264616
1059850488 0.0000000 0.99824995 0.98946631
1059910523 0.0000000 0.99989986 0.99228042
1059994404 0.0000000 0.99984723 0.99239081
1060172588 0.0000000 0.99997389 0.99272919
1060619413 0.0000000 0.99990433 0.99243510
1061586322 0.0000000 0.99920732 0.99102437
1062262342 0.0000000 0.99926376 0.99134856
1062859632 0.0000000 0.99742430 0.98836535
1063234506 0.0000000 0.99992555 0.99231762
1063264037 0.0000000 0.99959666 0.99185055
1064365712 0.0000000 0.99663717 0.98675239
1064533379 0.0000000 0.99946171 0.99174547
1065785029 0.0000000 0.99919593 0.99141192
1065790269 0.0000000 0.99982667 0.99212277
1065847269 0.0000000 0.99425417 0.98268455
1068127124 0.0000000 0.99987024 0.99210495
1068356150 0.0000000 0.99906647 0.99098593
1068595355 0.15000001 9.52130929E-02 -3.3665576
1068804765 172.55000 3.86834443E-02 -19.709602
1068825242 19.000000 5.69068417E-02 -18.828442
1069412363 0.0000000 0.98695427 0.97129285
1070682432 0.0000000 0.87542087 0.73432028
1070692497 0.0000000 0.99982178 0.99450523
1070921046 0.0000000 0.99979568 0.99545139
1071031093 0.0000000 0.99965757 0.99458861
1071031176 0.0000000 0.99984217 0.99422324
1071031375 0.0000000 0.99986559 0.99463338
1071031628 0.0000000 0.99984169 0.99430537
1071031695 0.0000000 0.99983180 0.99441928
1071031744 0.0000000 0.99983311 0.99442297
1071031844 0.0000000 0.99983698 0.99444383
1071031926 0.0000000 0.99971652 0.99460256
1071033611 0.0000000 0.99980354 0.99419224
1071033625 0.0000000 0.99979252 0.99413973
1071035006 0.0000000 0.99959201 0.99355125
1071038489 0.0000000 0.99964726 0.99393702
1071042579 0.0000000 0.99965072 0.99368721
1071043831 0.0000000 0.99946308 0.99338472
1071046005 0.0000000 0.99976188 0.99371892
1071046239 0.0000000 0.99857110 0.99229807
1071074159 0.0000000 0.99963033 0.99383253
1071095531 0.0000000 0.99969554 0.99432439
1071100910 0.0000000 0.99972975 0.99380171
1071109335 0.0000000 0.99958193 0.99374425
1071169499 0.0000000 0.99968117 0.99375170
1071182968 0.0000000 0.99974078 0.99377447
1071183209 0.0000000 0.99972713 0.99380821
1071183435 0.0000000 0.99959147 0.99356741
1071443800 0.0000000 0.99775249 0.99101222
1071583019 0.0000000 0.99975383 0.99356872
1071584001 0.0000000 0.99958211 0.99279112
1071678445 0.0000000 0.99971539 0.99370807
1071725608 0.0000000 0.99964762 0.99381077
1072705310 0.0000000 0.99876273 0.99284011
1072926918 0.0000000 0.99968183 0.99386793
1073300844 0.0000000 0.99892700 0.99259430
1073475853 0.0000000 0.89868391 0.79193246
1073756920 0.0000000 0.99629098 0.98840952
1073986141 0.0000000 0.99965841 0.99383819
1073994067 0.0000000 0.99658155 0.98860705
1075317204 0.0000000 0.99955177 0.99363810
1075317446 0.0000000 0.99952102 0.99319011
1075318489 0.0000000 0.99952888 0.99383944
1075466599 0.0000000 0.99808091 0.99187279
1075865039 0.0000000 0.99933952 0.99280018
1076851926 0.0000000 0.99980867 0.99602717
1076884025 0.0000000 0.99964952 0.99451882
1077531525 0.0000000 0.99976164 0.99410915
1077584107 0.0000000 0.99957985 0.99425030
1078321829 0.0000000 0.99967957 0.99367154
1079154231 0.0000000 0.99938369 0.99363881
1080241624 0.0000000 0.99958938 0.99368566
1081488818 0.0000000 0.99975276 0.99458361
1082397083 0.0000000 0.99961191 0.99350268
1082563195 0.0000000 0.99790508 0.99120891
1082729069 0.0000000 0.99946213 0.99318457
1082820030 0.0000000 0.99950331 0.99430072
1083398171 0.0000000 0.99972355 0.99385738
1083961065 0.0000000 0.99956912 0.99912918
1084003366 0.0000000 0.99956816 0.99910414
1084082541 0.0000000 0.99970067 0.99938172
1084133207 0.0000000 0.99962187 0.99921519
1084597670 0.0000000 0.99907881 0.99809057
1084687448 0.0000000 0.99966908 0.99932331
1084950252 0.0000000 0.99942672 0.99884576
1085103239 0.0000000 0.99904639 0.99804968
1085390106 0.0000000 0.99902207 0.99801904
1086195389 0.0000000 0.99922174 0.99838293
1086315872 0.0000000 0.99943584 0.99884248
1086883086 0.0000000 0.99965221 0.99926782
1087613581 0.0000000 0.99953848 0.99906117
1089099122 0.0000000 0.99943632 0.99881929
1089113880 0.0000000 0.99938148 0.99874032
1089371968 0.0000000 0.99961764 0.99909842
1090478200 0.0000000 0.99948227 0.99890161
1091970746 0.0000000 0.99897051 0.99783778
1092861100 0.0000000 0.99850959 0.99695057
1093118276 0.0000000 0.99676389 0.99344218
1093908136 0.0000000 0.99731809 0.99451649
1095475955 0.0000000 0.99928564 0.99849200
1097813330 0.0000000 0.99955732 0.99910986
1098848984 0.0000000 0.99629509 0.99245197
1099928102 0.0000000 0.99874628 0.99746835
1099929295 0.0000000 0.99957180 0.99913335
1099929521 0.0000000 0.99940455 0.99880081
1099931589 0.0000000 0.99856776 0.99709409
1099942690 0.0000000 0.99955744 0.99909484
1100098082 0.0000000 0.99837649 0.99419159
1100139404 0.0000000 0.99969590 0.99939531
1100237223 0.0000000 0.99865651 0.99728632
1100955874 0.0000000 0.99669915 0.99331629
1103674687 0.0000000 0.99969709 0.99939686
1105287429 0.0000000 0.91210485 0.79769766
1105405102 0.0000000 0.99966156 0.99926221
1105536640 0.0000000 0.99973518 0.99946272
1105765351 0.0000000 0.99886346 0.99748129
1106056455 0.0000000 0.99385530 0.98743820
1106207236 0.0000000 0.99965429 0.99929696
1106226863 0.0000000 0.99924290 0.99842036
1106317701 0.0000000 0.99957740 0.99914443
1106377004 0.0000000 0.99905157 0.99807376
1106829094 0.0000000 0.99947488 0.99888140
1107166208 0.0000000 0.99946392 0.99888951
1107223187 0.0000000 0.99962103 0.99923784
1107233798 0.0000000 0.99953574 0.99897581
1107286746 0.0000000 0.99196404 0.98348665
1107388387 0.0000000 0.99918610 0.99834955
1107601144 0.0000000 0.99956113 0.99909055
1107601252 0.0000000 0.99954361 0.99904782
1108162580 0.0000000 0.99941546 0.99876440
1108757898 0.0000000 0.99964958 0.99927294
1108761568 0.0000000 0.99921405 0.99842209
1110049611 0.0000000 0.99969715 0.99936146
1110049680 0.0000000 0.99969363 0.99935341
1110050185 0.0000000 0.99940550 0.99875885
1110050874 0.0000000 0.99908227 0.99810797
1110568232 0.0000000 0.99908572 0.99810570
1111274786 0.0000000 0.99956602 0.99902701
1113182839 0.0000000 0.99907821 0.99806470
1113208093 0.0000000 0.99951237 0.99900699
1113260515 0.0000000 0.99944335 0.99885780
1113331351 0.0000000 0.99952966 0.99904078
1114345058 0.0000000 0.99822557 0.99640244
1114872497 0.0000000 0.99964768 0.99929351
1114872533 0.0000000 0.99954849 0.99908614
1114872543 0.0000000 0.99962282 0.99924427
1114981677 0.0000000 0.99902141 0.99798054
1115167250 0.0000000 0.99955583 0.99908698
1115753263 0.0000000 0.99941397 0.99882394
1115910658 0.0000000 0.99906373 0.99805158
1115942660 0.0000000 0.99928486 0.99848199
1116353193 0.0000000 0.99855053 0.99697196
1117405041 0.0000000 0.99929953 0.99852312
1117642805 0.0000000 0.99958169 0.99912578
1118162704 0.0000000 0.99944121 0.99885756
1118367166 0.0000000 0.99409688 0.98783875
1118396676 0.0000000 0.97375649 0.94414294
1118501300 0.0000000 0.94628936 0.88431048
1118677980 0.0000000 0.97448230 0.94657695
1118868304 0.0000000 0.68133575 -0.17932355
1119087065 0.0000000 0.99957132 0.99910623
1119729025 0.0000000 0.99887598 0.99773556
1119876655 0.0000000 0.98789692 0.97487932
1121472051 0.0000000 0.99983990 0.99966705
1121864763 0.0000000 0.99978685 0.99955875
1122385024 0.0000000 0.99981868 0.99959135
1122618639 0.0000000 0.99929017 0.99856734
1122777951 0.0000000 0.99967909 0.99932665
1123439949 0.0000000 0.99781358 0.99552077
1125373372 0.0000000 0.99773026 0.99545586
1125685516 0.0000000 0.99874598 0.99746472
1125969360 0.0000000 0.99987245 0.99973977
1127055473 0.0000000 0.99757904 0.99513263
1127456637 0.0000000 0.99989390 0.99977410
1127471662 0.0000000 0.99989635 0.99977541
1127494190 0.0000000 0.99987090 0.99972564
1127760620 0.0000000 0.99958700 0.99915713
1128153007 0.0000000 0.99742353 0.99472976
1128174696 0.0000000 0.99971384 0.99940401
1128475640 0.0000000 0.99984229 0.99965471
1128528995 0.0000000 0.99825680 0.99647814
1128891916 0.0000000 0.98075294 0.95973223
1128923244 0.0000000 0.99959636 0.99916232
1129069430 0.0000000 0.96817172 0.93308175
1129155495 0.0000000 0.99268454 0.98508537
1129246313 0.0000000 0.99562758 0.99118179
1129324370 0.0000000 0.99960339 0.99918586
1129391464 0.0000000 0.99980831 0.99960917
1129907016 0.0000000 0.97822374 0.95497042
1130249327 0.0000000 0.99794209 0.99583036
1131428965 0.0000000 0.99986410 0.99970126
1131431840 0.0000000 0.99693471 0.99381191
1132062095 0.0000000 0.99984580 0.99967158
1132132485 0.0000000 0.99977303 0.99953789
1132148341 0.0000000 0.99969780 0.99939221
1132166999 0.0000000 0.99924034 0.99848092
1132661855 0.0000000 0.99959195 0.99915922
1132975230 0.0000000 0.99972403 0.99939352
1133111580 0.0000000 0.99923742 0.99842918
1133304109 0.0000000 0.99979120 0.99956256
1133601723 0.0000000 0.99678701 0.99351764
1133908462 0.0000000 0.99980706 0.99960345
1134710133 0.0000000 0.99963588 0.99925154
1135808248 0.0000000 0.99981964 0.99962938
1135976852 0.0000000 0.99957633 0.99912375
1136739698 0.0000000 0.99973261 0.99945521
1137913657 0.0000000 0.99970603 0.99940300
1137989937 0.0000000 0.99974859 0.99949020
1137990003 0.0000000 0.99965525 0.99929535
1138288259 0.0000000 0.99508923 0.99002630
1139284609 0.0000000 0.96721572 0.93165863
1139326915 0.0000000 0.99853730 0.99701190
1140725945 0.0000000 0.99987310 0.99972826
1140746150 0.0000000 0.99965137 0.99928516
1141877248 0.0000000 0.99992198 0.99982852
1142029462 0.0000000 0.99921459 0.99838543
1142229311 0.0000000 0.99842411 0.99679250
1142709582 0.0000000 0.99938136 0.99872178
1143536168 0.0000000 0.99941266 0.99880922
1143616861 0.0000000 0.99825931 0.99647158
1143885739 0.0000000 0.99988037 0.99976027
1143885924 0.0000000 0.99979538 0.99958479
1143888020 0.0000000 0.99979347 0.99958074
1144129163 0.0000000 0.99970001 0.99936378
1144133312 0.0000000 0.99972093 0.99942678
1144179006 0.0000000 0.99985343 0.99968809
1144806135 0.0000000 0.99962908 0.99923193
1145140855 0.0000000 0.99987125 0.99974567
1145323561 0.0000000 0.99974090 0.99945730
1146215126 0.0000000 0.99985665 0.99971044
1146944291 0.0000000 0.75810367 0.22138339
1146966782 0.0000000 0.99968314 0.99935001
1147258751 0.0000000 0.99984515 0.99967676
1149411961 0.0000000 0.99982190 0.99964935
1149467938 0.0000000 0.99879050 0.99754018
1149638545 0.0000000 0.99330091 0.98629874
1149771133 0.0000000 0.99948138 0.99891627
1150128882 0.0000000 0.99933404 0.99865675
1151387381 0.0000000 0.99858993 0.99711484
1154072410 0.0000000 0.99984550 0.99969369
1154182305 0.0000000 0.99964166 0.99925011
1155212722 0.0000000 0.99975693 0.99950731
1155340266 0.0000000 0.99983245 0.99966401
1155354114 0.0000000 0.99889648 0.99777490
1155443514 0.0000000 0.99947023 0.99892312
1156044082 0.0000000 0.99644679 0.99282944
1156698676 0.0000000 0.99978173 0.99954969
1158266854 0.0000000 0.99813884 0.99622047
1159598968 0.0000000 0.99860609 0.99714285
1159684577 0.0000000 0.99983203 0.99965996
1160388105 0.0000000 0.99987423 0.99973977
1160392104 0.0000000 0.99983770 0.99967051
1160549032 0.0000000 0.99912065 0.99823171
1160664389 0.0000000 0.99988019 0.99975622
1163299258 0.0000000 0.99964100 0.99925125
1163456967 0.0000000 0.99966645 0.99928892
1163641819 0.0000000 0.99975526 0.99949235
1164570370 0.0000000 0.99886912 0.99769074
1165358160 0.0000000 0.99977446 0.99951041
1165368969 0.0000000 0.99915391 0.99824190
1166094636 0.0000000 0.99932134 0.99861526
1166561075 0.0000000 0.99908388 0.99812573
1166894907 0.0000000 0.99976844 0.99952567
1167121204 0.0000000 0.99984092 0.99967682
1167135981 0.0000000 0.99986786 0.99973118
1167136317 0.0000000 0.99986470 0.99971181
1167136455 0.0000000 0.99986356 0.99971175
1167136825 0.0000000 0.99964631 0.99928254
1167144800 0.0000000 0.99901098 0.99798912
1167147704 0.0000000 0.99980915 0.99961877
1167154513 0.0000000 0.99962932 0.99924231
1167186639 0.0000000 0.99988472 0.99977022
1167298740 0.0000000 0.99593729 0.99173039
1167318376 0.0000000 0.96217650 0.91942132
1167324678 0.0000000 0.99728858 0.99449712
1167592780 0.0000000 0.99515045 0.99016762
1167604646 0.0000000 0.99863541 0.99723589
1168792515 0.0000000 0.99965429 0.99930274
1168917035 0.0000000 0.99984789 0.99969620
1169006425 0.0000000 0.99949157 0.99893188
1169712716 0.0000000 0.99155360 0.98277456
1169722755 0.0000000 0.99986571 0.99969614
1170262059 0.0000000 0.99717677 0.99425918
1170524118 0.0000000 0.99812615 0.99609441
1171366614 0.0000000 0.99823713 0.99641824
1171423577 0.0000000 0.99942273 0.99883205
1171423831 0.0000000 0.99966198 0.99932224
1171832699 0.0000000 0.99960256 0.99919534
1172178017 0.0000000 0.99945688 0.99887538
1173308237 0.0000000 0.99970621 0.99938095
1173368256 0.0000000 0.99728572 0.99440271
1174197233 0.0000000 0.99757540 0.99504405
1175309106 0.0000000 0.99599057 0.99183619
1175583473 0.0000000 0.99921930 0.99832749
1176242685 0.0000000 0.99537593 0.99056661
1177115546 0.0000000 0.99977958 0.99954301
1177175308 0.0000000 0.99689543 0.99374861
1178992210 0.0000000 0.99875486 0.99746466
1180238725 0.0000000 0.99659866 0.99306411
1180618796 0.0000000 0.99767315 0.99531370
1181939353 0.0000000 0.99973834 0.99946970
1182196765 0.0000000 0.99389654 0.98757076
1182265663 0.0000000 0.99908090 0.99811417
1182396227 0.0000000 0.99958503 0.99914765
1182398897 0.0000000 0.99974895 0.99949688
1184629372 0.0000000 0.99979156 0.99952573
1185198002 0.0000000 0.99988264 0.99976456
1185799546 0.0000000 0.99408132 0.98809999
1185861072 0.0000000 0.99690437 0.99368697
1186620947 0.0000000 0.99985355 0.99970818
1186786330 0.0000000 0.99915570 0.99825555
1188350129 0.0000000 0.99948686 0.99895793
1188356416 0.0000000 0.99981719 0.99962920
1188908193 0.0000000 0.99973488 0.99944311
1188950111 0.0000000 0.99389702 0.98750991
1189101086 0.0000000 0.99985707 0.99971676
1189101321 0.0000000 0.99980283 0.99959683
1189194674 0.0000000 0.99892992 0.99781752
1190442424 0.0000000 0.99969375 0.99927855
1191742755 0.0000000 0.99955523 0.99896586
1192071901 0.0000000 0.99984449 0.99961644
1192632000 0.0000000 0.99987322 0.99955547
1193967194 0.0000000 0.99606985 0.99180156
1194476053 0.0000000 0.99931687 0.99851817
1196283913 0.0000000 0.99948186 0.99895078
1196818902 0.0000000 0.99987268 0.99974424
1196950527 0.0000000 0.99953151 0.99902016
1197715613 0.0000000 0.99947190 0.99890906
1198522115 0.0000000 0.99990392 0.99979538
1200543890 0.0000000 0.71913391 5.51333427E-02
1200856359 0.0000000 0.99939233 0.99875963
1201442068 0.0000000 0.99417424 0.98816329
1203280382 0.0000000 0.99974221 0.99948150
1203409866 0.0000000 0.99863017 0.99724478
1203790455 0.0000000 0.99985141 0.99968946
1204138448 0.0000000 0.99174345 0.98312199
1204304285 0.0000000 0.99971586 0.99942571
1204490434 0.0000000 0.78838354 0.39254725
1204651907 0.0000000 0.99988729 0.99975109
1204651936 0.0000000 0.99981493 0.99962229
1204670552 0.0000000 0.99978542 0.99954289
1207186072 0.0000000 0.99670714 0.99335402
1208187584 0.0000000 0.99985141 0.99969667
1208931881 0.0000000 0.99982941 0.99964130
1208975321 0.0000000 0.99975544 0.99950796
1208982088 0.0000000 0.99983150 0.99966085
1208988255 0.0000000 0.99981958 0.99964201
1208988552 0.0000000 0.99982768 0.99964625
1209105937 0.0000000 0.99978882 0.99956697
1209216223 0.0000000 0.99310631 0.98613775
1209291757 0.0000000 0.99907112 0.99813461
1209339084 0.0000000 0.99982136 0.99963915
1209362380 0.0000000 0.99984723 0.99968213
1209543825 0.0000000 0.98651201 0.97245634
1209563099 0.0000000 0.99866539 0.99730480
1209583346 0.0000000 0.99686742 0.99374008
1209820628 0.0000000 0.99906445 0.99811739
1209877317 0.0000000 0.99866670 0.99730814
1210448520 0.0000000 0.99983609 0.99966609
1210560189 0.0000000 0.99917316 0.99833292
1210633064 0.0000000 0.99978781 0.99956805
1210703275 0.0000000 0.99978870 0.99957889
1212285435 0.0000000 0.99983197 0.99966562
1212339563 0.0000000 0.99983519 0.99966300
1213107823 0.0000000 0.99514270 0.99026817
1213158817 0.0000000 0.99946988 0.99892664
1213486164 0.0000000 0.99974304 0.99944538
1214086760 0.0000000 0.99955475 0.99908906
1214128508 0.0000000 0.99975461 0.99949604
1214211456 0.0000000 0.97417134 0.94682974
1214561217 0.0000000 0.99812096 0.99623841
1215221786 0.0000000 0.98329455 0.96628422
1215745668 0.0000000 0.99861544 0.99722302
1215812106 0.0000000 0.99973416 0.99945045
1215812707 0.0000000 0.99899369 0.99798656
1215839910 0.0000000 0.99955267 0.99908793
1215843106 0.0000000 0.99975443 0.99948555
1215961116 0.0000000 0.99986500 0.99972826
1216126809 0.0000000 0.99787390 0.99574345
1216904067 0.0000000 0.99930012 0.99858141
1217616949 0.0000000 0.99984312 0.99968505
1218233114 0.0000000 0.99981773 0.99960691
1218994676 0.0000000 0.99970299 0.99916309
1219291482 0.0000000 0.99465758 0.98933262
1219301591 0.0000000 0.99968362 0.99923265
1219723710 0.0000000 0.99739021 0.99472684
1219772880 0.0000000 0.99981242 0.99942362
1219869253 0.0000000 0.99985617 0.99957687
1220179542 0.0000000 0.99977738 0.99940151
1220742036 0.0000000 0.99943072 0.99849039
1220946193 0.0000000 0.99987781 0.99962300
1221047734 0.0000000 0.99697250 0.99394393
1222614737 0.0000000 0.99880463 0.99747527
1225404477 0.0000000 0.99985480 0.99964255
1225442295 0.0000000 0.99979872 0.99953735
1228187814 0.0000000 0.99943143 0.99860978
1228684717 0.0000000 0.99976593 0.99937123
1229260451 0.0000000 0.99907106 0.99784970
1229658996 0.0000000 0.99080783 0.98169827
1229990683 0.0000000 0.99971008 0.99929696
1230216280 0.0000000 0.99918765 0.99820286
1230600687 0.0000000 0.99863541 0.99721217
1230860391 0.0000000 0.99884933 0.99759120
1231020274 0.0000000 0.99974710 0.99943274
1231041233 0.0000000 0.99935985 0.99861407
1232714291 0.0000000 0.99922287 0.99837720
1232804891 0.0000000 0.99762863 0.99523151
1233928332 0.0000000 0.99959177 0.99901110
1234166319 0.0000000 0.80594784 0.47782093
1234201315 0.0000000 0.98530465 0.97049230
1234214675 0.0000000 0.99972838 0.99939626
1236731039 0.0000000 0.99921459 0.99841404
1236854628 0.0000000 0.99891698 0.99783021
1237014105 0.0000000 0.99939919 0.99878162
1237159221 0.0000000 0.99741989 0.99475569
1237164701 0.0000000 0.99773711 0.99544382
1237551366 0.0000000 0.99916500 0.99831468
1237619839 0.0000000 0.99587315 0.99172604
1239235949 0.0000000 0.99964696 0.99924737
1239971868 0.0000000 0.99967772 0.99935126
1240678955 0.0000000 0.99921268 0.99840868
1242397863 0.0000000 0.99863410 0.99724191
1242709695 0.0000000 0.99748874 0.99497551
1243376855 0.0000000 0.99974048 0.99947339
1244248765 0.0000000 0.99696231 0.99387968
1245087845 0.0000000 0.99880022 0.99756205
1245407408 0.0000000 0.99936420 0.99870926
1245469469 0.0000000 0.99970269 0.99938047
1245877793 0.0000000 0.99946153 0.99891800
1245881452 0.0000000 0.99900258 0.99798936
1246167876 0.0000000 0.99939674 0.99878412
1246181696 0.0000000 0.99976861 0.99952573
1246182765 0.0000000 0.99948585 0.99895978
1246208530 0.0000000 0.99936348 0.99870169
1246208539 0.0000000 0.99936658 0.99870664
1246598451 0.0000000 0.99927539 0.99853784
1246598488 0.0000000 0.99910593 0.99818832
1246614635 0.0000000 0.99923253 0.99843895
1246985947 0.0000000 0.99926567 0.99843711
1247508302 0.0000000 0.99977183 0.99952942
1247516932 0.0000000 0.99972773 0.99945658
1247654255 0.0000000 0.99984372 0.99962455
1247741293 0.0000000 0.99974555 0.99945402
1247769767 0.0000000 0.99969989 0.99938631
1248159491 0.0000000 0.99966502 0.99927789
1248570012 0.0000000 0.99983490 0.99966037
1248588659 0.0000000 0.78453088 0.47642118
1248872986 0.0000000 0.99957687 0.99914551
1248886386 0.0000000 0.99969494 0.99935240
1249212887 0.0000000 0.99967241 0.99933314
1250467545 0.0000000 0.99973321 0.99943346
1250503855 0.0000000 0.99968094 0.99936455
1250504106 0.0000000 0.99968415 0.99936539
1250601456 0.0000000 0.99972367 0.99944597
1250639275 0.0000000 0.99932730 0.99865186
1250703707 0.0000000 0.99892646 0.99771488
1250777890 0.0000000 0.99967265 0.99929118
1250888264 0.0000000 0.99974370 0.99947208
1250911490 0.0000000 0.99670911 0.99341005
1252249816 0.0000000 0.99709904 0.99417478
1252757125 0.0000000 0.99952585 0.99901086
1254591366 0.0000000 0.99981081 0.99958569
1254664936 0.0000000 0.99912345 0.99823654
1255243328 0.0000000 0.99956244 0.99907935
1256244384 0.0000000 0.99958330 0.99910754
1256252705 0.0000000 0.99971241 0.99934328
1256431794 0.0000000 0.99186969 0.98376685
1257413577 0.0000000 0.99981809 0.99955601
1257413887 0.0000000 0.99960876 0.99917883
1257420861 0.0000000 0.99983376 0.99966270
1257678569 0.0000000 0.99934846 0.99861944
1258065617 0.0000000 0.99961549 0.99911863
1258296469 0.0000000 0.99962282 0.99922597
1258824471 0.0000000 0.99966741 0.99913573
1258926370 0.0000000 0.99889612 0.99774355
1260564405 0.0000000 0.99975210 0.99942100
1260692005 0.0000000 0.99984080 0.99961281
1261227736 0.0000000 0.77698278 0.31329310
1261227864 0.0000000 0.99979222 0.99957287
1261228557 0.0000000 0.99967629 0.99913102
1261232031 0.0000000 0.99971867 0.99933439
1261235533 0.0000000 0.99968356 0.99908322
1261275144 0.0000000 0.99958187 0.99898475
1261713375 0.0000000 0.99949217 0.99895298
1261922241 0.0000000 0.99857795 0.99713224
1262034644 0.0000000 0.99790233 0.99571419
1262237921 0.0000000 0.99947995 0.99886334
1262343689 0.0000000 0.99769521 0.99531603
1262367286 0.0000000 0.99959165 0.99913871
1262622742 0.0000000 0.76048684 0.26863235
1262633257 0.0000000 0.99975753 0.99945027
1263881366 0.0000000 0.99965489 0.99928480
1265523000 0.0000000 0.99974775 0.99949235
1265599504 0.0000000 0.99958593 0.99909067
1265691729 0.0000000 0.99914235 0.99827456
1265942558 0.0000000 0.99982691 0.99964631
1266289887 0.0000000 0.99788839 0.99575973
1266816064 0.0000000 0.99978870 0.99957204
1267146477 0.0000000 0.99946982 0.99874276
1267162697 0.0000000 0.99902558 0.99795932
1267661932 0.0000000 0.99966758 0.99932498
1267662287 0.0000000 0.99961966 0.99915946
1267686434 0.0000000 0.99959731 0.99911767
1267690576 0.0000000 0.99979395 0.99951077
1268040382 0.0000000 0.99981517 0.99957281
1268902896 0.0000000 0.99946707 0.99889332
1268931240 0.0000000 0.99898952 0.99797320
1269644874 0.0000000 0.99972790 0.99939948
1270335780 0.0000000 0.99633217 0.99265140
1270813793 0.0000000 0.99949074 0.99892908
1270961850 0.0000000 0.99964446 0.99923956
1270999307 0.0000000 0.98081160 0.96061802
1271168968 0.0000000 0.99973631 0.99943024
1271191748 0.0000000 0.99968767 0.99932182
1271987388 0.0000000 0.98989516 0.96776205
1272194052 0.0000000 0.99290800 0.97262698
1272250791 0.0000000 0.99869788 0.98263872
1272823213 0.0000000 0.99551451 0.97530001
1274901407 0.0000000 0.99661243 0.97231174
1276535865 0.0000000 0.99919546 0.98846030
1276561877 0.0000000 0.99961156 0.99041754
1276823323 0.0000000 0.99850363 0.98793936
1277440084 0.0000000 0.96993726 0.93765879
1277575551 0.0000000 0.99712604 0.98486817
1277670806 0.0000000 0.98810673 0.97066396
1278097892 0.0000000 0.99892420 0.98291218
1278515743 0.0000000 0.96336424 0.92377907
1278618217 0.0000000 0.99860871 0.98376244
1278636079 0.0000000 0.99867278 0.98157853
1279357457 0.0000000 0.99862045 0.98090833
1279458204 0.0000000 0.99778169 0.97934473
1280029930 0.0000000 0.99867344 0.97426277
1280553485 0.0000000 0.92296803 0.85100055
1280563997 0.0000000 0.98962468 0.94996607
1280587745 0.0000000 0.92823952 0.86009288
1281476617 0.0000000 0.96806961 0.91430181
1282408680 0.0000000 0.99809682 0.97640961
1282415961 0.0000000 0.72384858 0.30615652
1282416480 0.0000000 0.89883059 0.80679935
1283157909 0.0000000 0.96934468 0.93271828
1283540817 0.0000000 0.98281091 0.94659084
1284039008 0.0000000 0.89681178 0.80263561
1284244867 0.0000000 0.92168212 0.84872270
1284952628 0.0000000 0.99456191 0.95617586
1285350982 0.0000000 0.94399273 0.88037783
1285695233 0.0000000 0.96293622 0.90992022
1285876560 0.0000000 0.63162923 -1.47272348E-02
1286047392 0.0000000 0.92880124 0.85857844
1286198915 0.0000000 0.99866676 0.95735329
1286865806 0.0000000 0.47790316 -1.2864809
1287036373 0.0000000 0.64071333 5.03015518E-03
1289221280 0.0000000 0.99910563 0.95544082
1289567329 0.0000000 0.99814910 0.95440483
1289576340 0.0000000 0.98738974 0.93915147
1290342705 0.0000000 0.99928194 0.95947951
1290784424 0.0000000 0.98088813 0.93276763
1290799240 0.0000000 0.93108881 0.85950172
1291601652 0.0000000 0.99928480 0.95252597
1291689974 0.0000000 0.99800175 0.95343614
1291927327 0.0000000 0.67246395 0.19241583
1292000461 0.0000000 0.22010034 -10.175603
1294804388 0.0000000 0.66383213 0.14299577
1296507195 0.0000000 0.95873410 0.90025401
1296548191 0.0000000 0.99338132 0.94886065
1297058102 0.0000000 0.98543209 0.93384868
1297342916 0.0000000 0.69048107 0.29411656
1297754297 0.0000000 0.98291314 0.93586290
1298970247 0.0000000 0.54688954 -0.43571424
1299845150 0.0000000 0.75302690 0.48374540
1300123317 0.0000000 0.78644371 0.57081902
1300281136 0.0000000 0.98247254 0.93198186
1300608051 0.0000000 0.99791729 0.95577908
1301123952 0.0000000 0.70214629 0.32688940
1301458951 0.0000000 0.99515593 0.94484913
1301964194 0.0000000 0.93267000 0.85951144
1302916270 0.0000000 0.99487346 0.94517785
1302961193 0.0000000 0.87376648 0.76266557
1303685617 0.0000000 0.56469417 -0.37930405
1304080155 0.0000000 0.47664699 -1.1198757
1304082768 0.0000000 0.92380941 0.84732580
1304152538 0.0000000 0.99743372 0.94568110
1304437954 0.0000000 0.98027384 0.92160380
1304717510 0.0000000 0.99846482 0.94096595
1304757333 0.0000000 0.71024710 0.36759746
1306028051 0.0000000 0.99771768 0.94506967
1306098435 0.0000000 0.99683243 0.94220895
1306261925 0.0000000 0.99430031 0.93754303
1307034472 0.0000000 0.99184614 0.94208646
1307669122 0.0000000 0.99807674 0.94850796
1308478735 0.0000000 0.89946216 0.80782598
1309048281 0.0000000 0.78424913 0.56770575
1309094354 0.0000000 0.99868041 0.94962621
1309326569 0.0000000 0.16278651 -17.128036
1309474048 0.0000000 0.89510810 0.79998952
1309601047 0.0000000 0.53185356 -0.59642673
1309696244 0.0000000 0.83222699 0.68302590
1309953539 0.0000000 0.98369700 0.93148720
1310469430 0.0000000 0.99953640 0.95346898
1310541580 0.0000000 0.87115496 0.75742471
1310928323 0.0000000 0.98282653 0.93236512
1311000534 0.0000000 0.98433286 0.93556476
1311084070 0.0000000 0.99822432 0.95225257
1311142337 0.0000000 0.77081335 0.53530395
1311692424 0.0000000 0.82446015 0.65978634
1313100452 0.0000000 0.96073246 0.90535939
1314264913 0.0000000 0.99566728 0.95135069
1314789752 0.0000000 0.96694237 0.91154063
1315538819 0.0000000 0.95489281 0.89666861
1315635988 0.0000000 0.54255503 -0.50333619
1315804512 0.0000000 0.87094438 0.75762904
1316643513 0.0000000 0.99779928 0.95460713
1316653258 0.0000000 0.99763453 0.95131695
1317835272 0.0000000 0.14098834 -29.247789
1318175665 0.0000000 0.97223157 0.92026550
1318478724 0.0000000 0.78981841 0.58299834
1319945023 0.0000000 0.96000582 0.90327603
1320074224 0.0000000 0.93236738 0.86035115
1320721143 0.0000000 0.99918193 0.95341867
1321061921 0.0000000 0.97020233 0.91407728
1322787324 0.0000000 0.99970728 0.99882174
1322993584 0.0000000 0.99901104 0.99739760
1323861170 0.0000000 0.99948817 0.99826592
1323909341 0.0000000 0.99947530 0.99837101
1324582798 0.0000000 0.99946839 0.99823284
1325660397 0.0000000 0.99956721 0.99876505
1326181267 0.0000000 0.99508250 0.98979038
1326728445 0.0000000 0.99108481 0.98223144
1327107001 0.0000000 0.99947709 0.99850029
1327480583 0.0000000 0.99850059 0.99641716
1327824459 0.0000000 0.99560863 0.99013954
1328324062 0.0000000 0.99941218 0.99695635
1328459111 0.0000000 0.99804938 0.99447465
1330223700 0.0000000 0.99978447 0.99747711
1330883534 0.0000000 0.98472911 0.96905035
1332071890 0.0000000 0.99200726 0.98160833
1332086295 0.0000000 0.95869368 0.91832715
1332373478 0.0000000 0.99943358 0.99498838
1333258441 0.0000000 0.99366564 0.98554450
1333828758 0.0000000 0.99827212 0.99365127
1333921411 0.0000000 0.99965197 0.99649322
1334227165 0.0000000 0.99918264 0.99457264
1334800688 0.0000000 0.99975711 0.99644375
1335409258 0.0000000 0.77006215 0.39608270
1335538115 0.0000000 0.99963176 0.99527246
1338362741 0.0000000 0.99966228 0.99579620
1338842309 0.0000000 0.99917495 0.99545240
1338890190 0.0000000 0.99859709 0.99491751
1338944914 0.0000000 0.99963844 0.99683422
1338944979 0.0000000 0.99965894 0.99745631
1338945045 0.0000000 0.99847454 0.99490893
1339216879 0.0000000 0.99928713 0.99557567
1339275618 0.0000000 0.99972647 0.99718535
1339278860 0.0000000 0.99740762 0.99217147
1339309409 0.0000000 0.99929947 0.99448782
1339575740 0.0000000 0.99851543 0.99486291
1339598466 0.0000000 0.99308956 0.98489171
1339646879 0.0000000 0.99947262 0.99623138
1339690513 0.0000000 0.99971372 0.99737471
1339702255 0.0000000 0.99965131 0.99688441
1339923712 0.0000000 0.99979949 0.99704456
1341299876 0.0000000 0.99828726 0.99378854
1341924177 0.0000000 0.98657161 0.97250426
1342405200 0.0000000 0.99041718 0.97933722
1344277570 0.0000000 0.99664068 0.99111933
1344910008 0.0000000 0.99863088 0.99494165
1344941743 0.0000000 0.99969989 0.99605614
1345138860 0.0000000 0.99910164 0.99526078
1345234802 0.0000000 0.81148851 0.59689951
1346380382 0.0000000 0.75522637 0.32519215
1346415099 0.0000000 0.99931335 0.99648142
1346415834 0.0000000 0.99847645 0.99494970
1346788818 0.0000000 0.99946350 0.99663508
1346816730 0.0000000 0.99297011 0.98454893
1348523853 0.0000000 0.99955410 0.99627322
1350722979 0.0000000 0.99942058 0.99601537
1350800865 0.0000000 0.98436749 0.96848375
1351161077 0.0000000 0.99968433 0.99675280
1352122829 0.0000000 0.99975610 0.99633747
1352554787 0.0000000 0.93902469 0.87812907
1353431341 0.0000000 0.99948150 0.99641711
1353536726 0.0000000 0.99888492 0.99535674
1354158772 0.0000000 0.99880844 0.99479634
1354470336 0.0000000 0.99977726 0.99682176
1354477411 0.0000000 0.99956745 0.99647766
1354976814 0.0000000 0.99822551 0.99451804
1355221924 0.0000000 0.99952453 0.99624723
1356243184 0.0000000 0.99263048 0.98027033
1356319072 0.0000000 0.99888408 0.99051714
1356487597 0.0000000 0.99812210 0.98833120
1356883405 0.0000000 0.99968868 0.99184901
1357128106 0.0000000 0.99852693 0.98943692
1357236484 0.0000000 0.99837613 0.98848408
1357270197 0.0000000 0.99753964 0.98697972
1357331931 0.0000000 0.99670035 0.98452967
1357541346 0.0000000 0.99959248 0.99040276
1357994057 0.0000000 0.99418885 0.98018813
1358411441 0.0000000 0.99806315 0.98720622
1358708986 0.0000000 0.99876708 0.98816729
1359776392 0.0000000 0.99979812 0.98907954
1361064727 0.0000000 0.98850858 0.97114617
1361239965 0.0000000 0.99904609 0.98681676
1361256759 0.0000000 0.99610198 0.98259330
1361373628 0.0000000 0.99882418 0.98494673
1361471757 0.0000000 0.99837118 0.98637688
1361665659 0.0000000 0.91808480 0.84018266
1362386544 0.0000000 0.99862587 0.98614496
1362609444 0.0000000 0.96000487 0.92027402
1362627405 0.0000000 0.99972963 0.98985702
1362643640 0.0000000 0.99620253 0.98288661
1363079024 0.0000000 0.99510819 0.98112649
1363764120 0.0000000 0.96253246 0.92544210
1364349799 0.0000000 0.99971384 0.99200892
1364349845 0.0000000 0.99973005 0.99196649
1364355002 0.0000000 0.99863857 0.98881078
1364690983 0.0000000 0.94253838 0.88793778
1365625224 0.0000000 0.99901742 0.99012923
1366061297 0.0000000 0.66819954 -2.48939991E-02
1366432589 0.0000000 0.97734427 0.95191038
1366513671 0.0000000 0.98733085 0.96875751
1369110346 0.0000000 0.99863124 0.98809135
1369124755 0.0000000 0.99911767 0.98934859
1369791239 0.0000000 0.98462528 0.96397668
1369883683 0.0000000 0.99833775 0.98661888
1370118743 0.0000000 0.98168069 0.95940691
1370151783 0.0000000 0.99150604 0.98191398
1370623082 0.0000000 0.99964702 0.98875487
1372241957 0.0000000 0.96530950 0.93021673
1372463510 0.0000000 0.99935573 0.98967224
1373829868 0.0000000 0.99871379 0.98724806
1373895699 0.0000000 0.99709779 0.98451054
1373969495 0.0000000 0.99972719 0.99036717
1374677225 0.0000000 0.99964052 0.99224579
1374679935 0.0000000 0.99946314 0.99211931
1376837821 0.0000000 0.98966783 0.97326887
1377205321 0.0000000 0.96461654 0.92985404
1377355603 0.0000000 0.99953592 0.99020255
1377407246 0.0000000 0.79985338 0.52282572
1378247005 0.0000000 0.99349487 0.98021144
1378467231 0.0000000 0.99890625 0.98924607
1379475197 0.0000000 0.86106527 0.70539314
1380542719 0.0000000 0.99893081 0.98949093
1381466759 0.0000000 0.96078306 0.92243314
1381684855 0.0000000 0.99718678 0.98486054
1382170436 0.0000000 0.95881897 0.91870576
1382919848 0.0000000 0.98606682 0.96782762
1383069011 0.0000000 0.97660875 0.95089662
1383085061 0.0000000 0.94896978 0.90042877
1383220929 0.0000000 0.60402232 4.44781780E-03
1383227120 0.0000000 0.99953419 0.99058497
1383227831 0.0000000 0.99948269 0.99095809
1383234448 0.0000000 0.99963784 0.99141908
1383263545 0.0000000 0.99906886 0.98904145
1383450194 0.0000000 0.99878186 0.98825788
1383519374 0.0000000 0.99956793 0.98952472
1383809110 0.0000000 0.97699165 0.95161527
1383809501 0.0000000 0.97792333 0.95362431
1383989687 0.0000000 0.98469156 0.96409094
1384145710 0.0000000 0.98462391 0.96480227
1384544358 0.0000000 0.99867851 0.98783273
1385019362 0.0000000 0.90255868 0.80683386
1386347977 0.0000000 0.56587344 -0.73911536
1386357780 0.0000000 0.96656191 0.93319315
1387916955 0.0000000 0.99862856 0.98718244
1389034180 0.0000000 0.99531764 0.98309624
1389204911 0.0000000 0.99935085 0.98919171
1389717867 0.0000000 0.99971610 0.99018472
1389724692 0.0000000 0.99953705 0.98961180
1389729005 0.0000000 0.99973857 0.98948419
1389740803 0.0000000 0.99871641 0.98764652
1389904819 0.0000000 0.98707342 0.96847278
1390517490 0.0000000 0.99426782 0.97897553
1390619771 0.0000000 0.99973577 0.98888248
1391790286 0.0000000 0.94601262 0.89493108
1393014317 0.0000000 0.99951249 0.98905337
1393065064 0.0000000 0.98458928 0.96377331
1393759985 0.0000000 0.99668640 0.98491186
1393791078 0.0000000 0.99875361 0.98821121
1394913876 0.0000000 0.99748623 0.98556906
1395061976 0.0000000 0.99871862 0.98791993
1395231566 0.0000000 0.99973339 0.98978382
1397097485 0.0000000 0.99685371 0.98353058
1397746253 0.0000000 0.97246784 0.94283152
1398443585 0.0000000 0.99977636 0.99928951
1399207416 0.0000000 0.99973780 0.99935311
1399278483 0.0000000 0.99530220 0.99061763
1399745740 0.0000000 0.99825287 0.99643993
1399746271 0.0000000 0.99951911 0.99879175
1400631673 0.0000000 0.80090660 0.30624908
1401021673 0.0000000 0.99971271 0.99917072
1401296286 0.0000000 0.98806536 0.97611696
1402085900 0.0000000 0.94962865 0.89480978
1402313583 0.0000000 0.99727011 0.99445754
1402624068 0.0000000 0.84791303 0.62344325
1402784563 0.0000000 0.99972749 0.99914652
1403034553 0.0000000 0.99860048 0.99681258
1403317269 0.0000000 0.99938029 0.99856222
1403439974 0.0000000 0.99973494 0.99905568
1404774365 0.0000000 0.99946141 0.99866229
1404925818 0.0000000 0.99910885 0.99804395
1405577514 0.0000000 0.99971110 0.99907148
1407296767 0.0000000 0.99934685 0.99840981
1407544588 0.0000000 0.68460536 -7.08248615E-02
1408047770 0.0000000 0.99888301 0.99757761
1410046387 0.0000000 0.99909395 0.99815273
1410325949 0.0000000 0.99925023 0.99849159
1410382444 0.0000000 0.99814695 0.99628210
1411247643 0.0000000 0.99976677 0.99952596
1411641303 0.0000000 0.99970728 0.99940789
1412009058 0.0000000 0.99408877 0.98813111
1412705290 0.0000000 0.99979872 0.99958849
1413207959 -57.950001 5.00936061E-02 -8.90766382E-02
1414298821 0.0000000 0.99963790 0.99919420
1416419181 0.0000000 0.99214745 0.98420280
1416419227 0.0000000 0.99111289 0.98229194
1416540553 0.0000000 0.99162823 0.98320651
1417557685 0.0000000 0.99304831 0.98560113
1417655668 0.0000000 0.99163485 0.98281538
1418245419 0.0000000 0.99286419 0.98485363
1418533563 0.0000000 0.99211210 0.98425895
1419682925 0.0000000 0.99016309 0.97883201
1419947441 0.0000000 0.98974282 0.97881538
1419995164 0.0000000 0.99053532 0.97952449
1420012476 0.0000000 0.99241161 0.98345602
1420437226 0.0000000 0.99163508 0.98211932
1420606112 0.0000000 0.99227226 0.98424596
1420742654 0.0000000 0.98414308 0.96741432
1421435535 0.0000000 0.99233484 0.98434508
1421639313 0.0000000 0.99252945 0.98493147
1422083726 0.0000000 0.99182743 0.98361176
1422374758 0.0000000 0.98928869 0.97755730
1422958210 0.0000000 0.99168551 0.98319507
1423037687 0.0000000 0.98722315 0.97251052
1423603888 0.0000000 0.94637847 0.88486898
1423726535 0.0000000 0.99078673 0.98123789
1423857991 0.0000000 0.98885244 0.97777218
1424969403 0.0000000 0.98947269 0.97863209
1426114954 0.0000000 0.98964417 0.97891438
1426344314 0.0000000 0.99175912 0.98228717
1426852891 0.0000000 0.99235445 0.98265499
1427105631 0.0000000 0.99210072 0.98416466
1427483378 0.0000000 0.99094540 0.98187536
1428208678 0.0000000 0.99018610 0.97931284
1428320250 0.0000000 0.99018896 0.97982633
1428945237 0.0000000 0.99346274 0.98614532
1429127316 0.0000000 0.99054402 0.98063070
1429494176 0.0000000 0.99070901 0.98125637
1429494550 0.0000000 0.99069798 0.98109847
1429528847 0.0000000 0.99063885 0.98069817
1429530313 0.0000000 0.98762029 0.97506511
1429531199 0.0000000 0.99024910 0.98048270
1429992097 0.0000000 0.99075574 0.98121738
1430658547 0.0000000 0.98792684 0.97507095
1431333501 0.0000000 0.99059999 0.97594249
1431387795 0.0000000 0.99105680 0.98084021
1431628549 0.0000000 0.99205571 0.98193109
1432588969 0.0000000 0.99219179 0.98359257
1432601816 0.0000000 0.99024433 0.98056865
1432799863 0.0000000 0.98705071 0.97390449
1434467768 0.0000000 0.99321318 0.98643476
1434867330 0.0000000 0.99077016 0.98146182
1435335400 0.0000000 0.99289906 0.98549128
1438066750 0.0000000 0.99117386 0.98147058
1438936857 0.0000000 0.99050361 0.97985387
1439209234 0.0000000 0.95896924 0.91284645
1439418087 0.0000000 0.98911816 0.97798073
1439474882 0.0000000 0.98960918 0.97890747
1439699200 0.0000000 0.98890495 0.97679901
1441113885 0.0000000 0.99289262 0.98537093
1441128847 0.0000000 0.99170941 0.98264843
1441160293 0.0000000 0.99108517 0.98180985
1441898607 0.0000000 0.99101460 0.98171836
1442339782 0.0000000 0.99177450 0.98306644
1442345855 0.0000000 0.99296123 0.98583347
1442345878 0.0000000 0.99292296 0.98576248
1442408939 0.0000000 0.99486142 0.98948717
1442410226 0.0000000 0.99239582 0.98454350
1442413798 0.0000000 0.99178499 0.98272133
1443074281 0.0000000 0.99167395 0.98320919
1443555465 0.0000000 0.98768473 0.97088850
1444648487 0.0000000 0.98797679 0.97574979
1444736944 0.0000000 0.99200374 0.98389417
1444953165 0.0000000 0.99211925 0.98388863
1444953267 0.0000000 0.99149787 0.98240441
1445014914 0.0000000 0.99376053 0.98678213
1445221055 0.0000000 0.99116969 0.98213589
1445233331 0.0000000 0.99301076 0.98540765
1445239215 0.0000000 0.99292773 0.98481029
1446412182 0.0000000 0.99180228 0.98176903
1446412281 0.0000000 0.99217618 0.98432261
1446509184 0.0000000 0.99349070 0.98611069
1446509190 0.0000000 0.99349236 0.98611432
1446714386 0.0000000 0.98977363 0.97887462
1447167192 0.0000000 0.99005717 0.97991693
1447255999 0.0000000 0.99033886 0.98022056
1447277516 0.0000000 0.99316096 0.98575526
1448316095 0.0000000 0.98809779 0.97537249
1448671943 0.0000000 0.99158621 0.98300612
1449033717 0.0000000 0.99140608 0.98129648
1449035580 0.0000000 0.99157506 0.98163807
1449153073 0.0000000 0.99122524 0.98183304
1449935242 0.0000000 0.98731363 0.96673435
1450510821 0.0000000 0.97369123 0.94461381
1450536811 0.0000000 0.99036551 0.98032552
1450992022 0.0000000 0.99151516 0.98306310
1451199638 0.0000000 0.99308711 0.98435980
1451327726 0.0000000 0.98924893 0.97653580
1451523194 0.0000000 0.98853272 0.97699791
1451829690 0.0000000 0.98961186 0.97747558
1451928000 0.0000000 0.99088240 0.98090911
1452487977 0.0000000 0.99164069 0.98064721
1453169606 0.0000000 0.98979479 0.97939640
1453824336 0.0000000 0.98736244 0.97461313
1454422761 0.0000000 0.98852485 0.97588044
1454702246 0.0000000 0.99167424 0.98317587
1454702308 0.0000000 0.99461740 0.98926002
1454702406 0.0000000 0.99335855 0.98640251
1454702512 0.0000000 0.99272954 0.98481244
1454978820 0.0000000 0.99337149 0.98556840
1455590759 0.0000000 0.99064440 0.98051387
1455595494 0.0000000 0.99136162 0.98257613
1455757779 0.0000000 0.99311423 0.98610950
1455758311 0.0000000 0.99143499 0.98257524
1456215987 0.0000000 0.98986918 0.97898680
1456541993 0.0000000 0.99076170 0.98154920
1457201466 0.0000000 0.98867524 0.97597700
1457276938 0.0000000 0.99112511 0.98228341
1459152479 0.0000000 0.99268168 0.98455262
1459502085 0.0000000 0.99117100 0.98228645
1459988008 0.0000000 0.99027359 0.98012590
1460294506 0.0000000 0.99000132 0.97963631
1460353509 0.0000000 0.99223614 0.98382878
1460804146 0.0000000 0.99078447 0.98115492
1461082597 0.0000000 0.98899072 0.97754872
1461607991 0.0000000 0.98929983 0.97808105
1461770234 0.0000000 0.99447411 0.98827899
1461770257 0.0000000 0.99444956 0.98823404
1461770858 0.0000000 0.99238044 0.98470700
1461781146 -5.00000007E-02 0.37915894 -0.51248181
1461806086 0.0000000 0.99229860 0.98419958
1462056417 0.0000000 0.99118882 0.98156059
1462199340 0.0000000 0.99234933 0.98259759
1462521203 0.0000000 0.99352175 0.98667371
1462632669 0.0000000 0.99420470 0.98756385
1462675593 0.0000000 0.99016243 0.97933084
1463023035 0.0000000 0.99314487 0.98623580
1463023251 0.0000000 0.99453032 0.98842138
1463023282 0.0000000 0.99357003 0.98684311
1463027395 0.0000000 0.99266016 0.98455113
1463127852 0.0000000 0.99261802 0.98421997
1463195522 0.0000000 0.99210298 0.98354304
1463196768 0.0000000 0.99164742 0.98229992
1463530965 0.0000000 0.98548806 0.96967530
1463863900 0.0000000 0.99033880 0.98076349
1463882779 0.0000000 0.99268854 0.98525715
1464184475 0.0000000 0.99113810 0.98230577
1464544116 0.0000000 0.99012011 0.97990108
1464576767 0.0000000 0.99121851 0.98150015
1464630651 0.0000000 0.98960638 0.97803622
1464672226 0.0000000 0.99293494 0.98231441
1466204142 0.0000000 0.99017018 0.98027802
1466383187 0.0000000 0.99097091 0.98199874
1466409210 0.0000000 0.99013788 0.97911650
1466715930 0.0000000 0.99169123 0.98284709
1467361422 0.0000000 0.99262649 0.98453665
1469019333 0.0000000 0.99334782 0.98463321
1469592155 0.0000000 0.99006182 0.97910351
1471008941 0.0000000 0.98724312 0.97265518
1471908408 0.0000000 0.99055904 0.98003387
1472660934 0.0000000 0.99326724 0.98564649
1473440050 0.0000000 0.98811048 0.97613198
1475055492 0.0000000 0.99285704 0.98373771
1475769120 0.0000000 0.99069160 0.98144197
1477370752 0.0000000 0.99233186 0.98450112
1478519786 0.0000000 0.99367440 0.98737907
1478903131 0.0000000 0.99206346 0.98360276
1480024554 0.0000000 0.99028045 0.98021126
1480377579 0.0000000 0.99415159 0.98831183
1480507474 0.0000000 0.98958391 0.97926611
1481256588 0.0000000 0.99238330 0.98417783
1481811269 0.0000000 0.99171245 0.98348325
1483057851 0.0000000 0.99065083 0.97910172
1483513641 0.0000000 0.99235922 0.98386025
1484155863 0.0000000 0.98996836 0.98001641
1484797338 0.0000000 0.98940694 0.97886246
1484900187 0.0000000 0.99051303 0.98054647
1485329586 0.0000000 0.99296761 0.98548371
1486746772 0.0000000 0.99222577 0.98439872
1487420859 0.0000000 0.99293703 0.98585242
1487652197 0.0000000 0.97303325 0.94185913
1488212310 0.0000000 0.99158102 0.98263943
1488924651 0.0000000 0.99386364 0.98745829
1489967289 0.0000000 0.99190968 0.98370826
1490066029 0.0000000 0.98376828 0.96677482
1490805242 0.0000000 0.99213338 0.98378348
1492112471 0.0000000 0.99197984 0.98238581
1492367656 0.0000000 0.99295563 0.98593366
1493517442 0.0000000 0.99115050 0.98216236
1493960850 0.0000000 0.98795134 0.97471464
1493986611 0.0000000 0.97532898 0.94848651
1494889974 0.0000000 0.98671204 0.97359532
1494932580 0.0000000 0.99155891 0.98200136
1495631454 0.0000000 0.99588859 0.99113488
1495691291 0.0000000 0.99432832 0.98866260
1495956669 0.0000000 0.98931670 0.97785485
1495999757 0.0000000 0.99347162 0.98622823
1496582686 0.0000000 0.99117458 0.98212707
1497967350 0.0000000 0.97739595 0.95131320
1498029939 0.0000000 0.99121934 0.97979492
1500318986 0.0000000 0.99355751 0.98709655
1501139292 0.0000000 0.98971295 0.97899771
1501845585 0.0000000 0.99295557 0.98420841
1502294736 0.0000000 0.99083126 0.98108691
1502416734 0.0000000 0.98363739 0.96385729
1502582915 0.0000000 0.99159253 0.98230189
1504364658 0.0000000 0.99146897 0.98293477
1505096741 0.0000000 0.99319649 0.98532760
1505687994 0.0000000 0.99458045 0.98841184
1505917796 0.0000000 0.99383420 0.98755771
1506232185 0.0000000 0.99045712 0.98057711
1506549399 0.0000000 0.99219888 0.98418224
1507505391 0.0000000 0.99010438 0.98004889
1507747520 0.0000000 0.99099195 0.98056352
1508582157 0.0000000 0.99048662 0.98046035
1509318944 0.0000000 0.99177659 0.98348290
1509677295 0.0000000 0.99203503 0.98408651
1509677339 0.0000000 0.99217206 0.98436266
1509752088 0.0000000 0.99144161 0.98261565
1510398879 0.0000000 0.99213696 0.98425138
1510402973 0.0000000 0.99437809 0.98670477
1510440860 0.0000000 0.99053746 0.98012471
1510947032 0.0000000 0.99174201 0.98349673
1511360409 0.0000000 0.99428469 0.98854661
1511470532 0.0000000 0.99666506 0.99106628
1512230735 0.0000000 0.99114275 0.98165900
1512377977 0.0000000 0.99335408 0.98653358
1512704669 0.0000000 0.99384594 0.98707730
1513120660 0.0000000 0.99225599 0.98432070
1516168751 0.0000000 0.99020725 0.97922206
1516984288 0.0000000 0.99308908 0.98586631
1517686257 0.0000000 0.99288940 0.98536414
1517749972 0.0000000 0.99231923 0.98427224
1517752600 0.0000000 0.99194062 0.98278326
1517752662 0.0000000 0.99243313 0.98358470
1517753127 0.0000000 0.99068296 0.98094743
1517753452 0.0000000 0.99246931 0.98481315
1517753522 0.0000000 0.99251294 0.98491108
1517753592 0.0000000 0.99257839 0.98503566
1517753815 0.0000000 0.99383235 0.98734576
1517758427 0.0000000 0.99255979 0.98464644
1517763262 0.0000000 0.99191529 0.98346400
1517821602 0.0000000 0.99225008 0.98343128
1517823894 0.0000000 0.99176168 0.98144239
1517846321 0.0000000 0.99264079 0.98390031
1517852233 0.0000000 0.99135822 0.98171908
1517893754 0.0000000 0.99011284 0.97904992
1517906208 0.0000000 0.99367028 0.98657662
1517932241 0.0000000 0.99324197 0.98646420
1517932280 0.0000000 0.99295336 0.98594558
1517932282 0.0000000 0.99295050 0.98588794
1517932427 0.0000000 0.99391359 0.98736227
1517932434 0.0000000 0.99390042 0.98729670
1517932492 0.0000000 0.99436051 0.98836350
1517933877 0.0000000 0.99203241 0.98325419
1517940013 0.0000000 0.98976547 0.97958601
1517940459 0.0000000 0.99310076 0.98623121
1517944528 0.0000000 0.99465871 0.98910218
1517945796 0.0000000 0.99325448 0.98604459
1517950582 0.0000000 0.99201524 0.98303753
1517958702 0.0000000 0.98973614 0.97948861
1517960631 0.0000000 0.99213314 0.98373574
1517969882 0.0000000 0.98899841 0.97746944
1517974578 0.0000000 0.99061728 0.98102540
1517998787 0.0000000 0.99100333 0.98033714
1518001985 0.0000000 0.99251318 0.98487633
1518008800 0.0000000 0.99434590 0.98863423
1518008880 0.0000000 0.99393690 0.98689115
1518013159 0.0000000 0.99366605 0.98692214
1518016890 0.0000000 0.99239969 0.98455477
1518016916 0.0000000 0.99228126 0.98434198
1518051257 0.0000000 0.99398386 0.98781198
1518059164 0.0000000 0.99418175 0.98760194
1518142443 0.0000000 0.99409336 0.98744738
1518201789 0.0000000 0.99044460 0.98020369
1518248929 0.0000000 0.99226207 0.98322976
1518858396 0.0000000 0.99150562 0.98265690
1518981709 0.0000000 0.99184817 0.98307341
1519051621 0.0000000 0.99067700 0.98117161
1519254641 0.0000000 0.99397963 0.98552471
1519583320 0.0000000 0.99403840 0.98811102
1519962147 0.0000000 0.99033695 0.97892565
1520098551 0.0000000 0.99348122 0.98650080
1520329330 0.0000000 0.99163741 0.98257643
1521024527 0.0000000 0.99223709 0.98382634
1521537776 0.0000000 0.99438429 0.98826194
1521728871 0.0000000 0.99474496 0.98951298
1522232997 0.0000000 0.99035645 0.97876942
1522282670 0.0000000 0.99219292 0.98389840
1522598524 0.0000000 0.99521351 0.98837721
1523432369 0.0000000 0.99335003 0.98584288
1523886539 0.0000000 0.98772532 0.97555012
1524201906 0.0000000 0.99367243 0.98635310
1524248877 0.0000000 0.98665237 0.97185379
1524308214 0.0000000 0.98022866 0.96083117
1524503432 0.0000000 0.98927480 0.97837454
1524721460 0.0000000 0.99385387 0.98758882
1524721601 0.0000000 0.99270558 0.98534054
1524808553 0.0000000 0.99242544 0.98458469
1525218424 0.0000000 0.99202174 0.98254299
1526098666 0.0000000 0.99362987 0.98675656
1527728598 0.0000000 0.99052107 0.98091245
1527904870 0.0000000 0.99493772 0.98948097
1528731725 0.0000000 0.99243528 0.98450732
1528750347 0.0000000 0.99295753 0.98592770
1528856173 0.0000000 0.99035662 0.98033428
1529096035 0.0000000 0.98967856 0.97753775
1529334375 0.0000000 0.98793638 0.97494215
1529522338 0.0000000 0.99181622 0.98268378
1530516370 0.0000000 0.99245095 0.98341197
1530516385 0.0000000 0.99245310 0.98341471
1530609654 0.0000000 0.99383390 0.98755944
1531312909 0.0000000 0.99319088 0.98599827
1531507119 0.0000000 0.98998570 0.97983593
1532050755 0.0000000 0.99115562 0.98215020
1533217098 0.0000000 0.99280918 0.98551363
1533504622 0.0000000 0.98975778 0.97814137
1533801692 0.0000000 0.99178499 0.98285258
1534500582 0.0000000 0.99169457 0.98341554
1534551317 0.0000000 0.99377906 0.98754185
1535572403 0.0000000 0.99024832 0.97954667
1535660064 0.0000000 0.99142611 0.98155475
1536498994 0.0000000 0.99172217 0.98306042
1536641006 0.0000000 0.99222696 0.98355323
1536700815 0.0000000 0.99034512 0.97920591
1538633849 0.0000000 0.99276650 0.98524374
1538766649 0.0000000 0.99007738 0.98010701
1539072778 0.0000000 0.99118823 0.98238564
1539164591 0.0000000 0.99286479 0.98449194
1540269298 0.0000000 0.99162310 0.98320007
1540310644 0.0000000 0.99300230 0.98599249
1541624711 0.0000000 0.99230516 0.98466802
1541712486 0.0000000 0.99230814 0.98454499
1542328459 0.0000000 0.99209249 0.98388791
1542608341 0.0000000 0.99064630 0.98114622
1542638415 0.0000000 0.99381179 0.98726410
1542645094 0.0000000 0.99243605 0.98353851
1543190243 0.0000000 0.99451947 0.98867482
1543191316 0.0000000 0.99028933 0.97955865
1543236658 0.0000000 0.99124211 0.98228580
1543238642 0.0000000 0.98930621 0.97809798
1543314575 0.0000000 0.99359363 0.98702848
1544368541 0.0000000 0.99158722 0.98240566
1544439487 0.0000000 0.98612720 0.97180551
1544621063 0.0000000 0.99351406 0.98564672
1544908865 0.0000000 0.98913020 0.97602111
1545710204 0.0000000 0.99183363 0.98255509
1546538568 0.0000000 0.99210131 0.98398352
1546949806 0.0000000 0.98365748 0.96757507
1548127166 0.0000000 0.99010450 0.98001105
1548825695 0.0000000 0.99249721 0.98436719
1548861293 0.0000000 0.99188262 0.98349226
1549366351 0.0000000 0.99205488 0.98415327
1549558324 0.0000000 0.99350142 0.98678362
1550239687 0.0000000 0.98547399 0.97083539
1551558867 0.0000000 0.98360980 0.96520740
1552012334 0.0000000 0.99111301 0.98157579
1552127531 0.0000000 0.97188634 0.93895572
1552421955 0.0000000 0.99318719 0.98507971
1552451554 0.0000000 0.99150211 0.98267537
1552511242 0.0000000 0.99008894 0.97996348
1552697151 0.0000000 0.97492129 0.94814545
1552968094 0.0000000 0.99072665 0.98014367
1553256348 0.0000000 0.99237877 0.98280662
1553414210 0.0000000 0.98992074 0.97848707
1554087275 0.0000000 0.99066526 0.98120987
1554172029 0.0000000 0.99032223 0.97923291
1554256375 0.0000000 0.99231446 0.98467970
1554343015 0.0000000 0.98946345 0.97866583
1554382610 0.0000000 0.99377042 0.98749834
1554499495 0.0000000 0.99378407 0.98746258
1554706689 0.0000000 0.99088746 0.98164898
1554822801 0.0000000 0.99337500 0.98666781
1554841453 0.0000000 0.99239188 0.98425013
1554850672 0.0000000 0.99095452 0.97964478
1555563667 0.0000000 0.99405003 0.98780590
1556793883 0.0000000 0.99255657 0.98464644
1556970683 0.0000000 0.99036247 0.98027110
1557330527 0.0000000 0.99184906 0.98342061
1557737721 0.0000000 0.98975897 0.97845966
1558197514 0.0000000 0.99307126 0.98504293
1558379328 0.0000000 0.98774534 0.97292829
1558489044 0.0000000 0.99253112 0.98401755
1558591969 0.0000000 0.99393237 0.98703307
1559317998 0.0000000 0.99216288 0.98433971
1559641578 0.0000000 0.99055016 0.97945303
1559762840 0.0000000 0.99465406 0.98813009
1560870606 0.0000000 0.98372668 0.96596706
1561237205 0.0000000 0.99081594 0.98145485
1561242160 0.0000000 0.99169785 0.98324066
1561825206 0.0000000 0.98979372 0.97832537
1561837452 0.0000000 0.99099356 0.98121339
1562610935 0.0000000 0.99162996 0.98299217
1562880116 0.0000000 0.99177504 0.98344100
1563275550 0.0000000 0.98842931 0.97513485
1563531230 0.0000000 0.99138063 0.98126680
1563768365 0.0000000 0.98804909 0.97550076
1563850922 0.0000000 0.98877650 0.97531003
1564123196 0.0000000 0.99145037 0.98096544
1564190683 0.0000000 0.99278933 0.98547018
1564649429 0.0000000 0.99101454 0.98191375
1564753988 0.0000000 0.99398655 0.98747605
1564784683 0.0000000 0.99024206 0.98051220
1565054388 0.0000000 0.99450785 0.98868930
1565055090 0.0000000 0.99376965 0.98702067
1565213283 0.0000000 0.99093044 0.98163003
1565218942 0.0000000 0.99015522 0.97935814
1565905300 0.0000000 0.99390930 0.98638320
1566053525 0.0000000 0.99678367 0.99277604
1566053530 0.0000000 0.99678367 0.99277622
1566074882 0.0000000 0.99018019 0.98013532
1566101114 0.0000000 0.99363071 0.98684567
1566598377 0.0000000 0.97957027 0.95794153
1566648618 0.0000000 0.98468089 0.96764463
1567237819 0.0000000 0.99380744 0.98388636
1567471650 0.0000000 0.99527645 0.99048913
1567604000 0.0000000 0.98941869 0.97857052
1567917359 0.0000000 0.99259681 0.98503596
1568005668 0.0000000 0.99053502 0.98003209
1568095682 0.0000000 0.98997504 0.97994536
1569863578 0.0000000 0.98938799 0.97888219
1570468626 0.0000000 0.99189943 0.98346293
1571312673 0.0000000 0.98726791 0.97455543
1571861758 0.0000000 0.97015244 0.93701714
1572218883 0.0000000 0.99133205 0.98135114
1573491297 0.0000000 0.98836815 0.97655326
1573495893 0.0000000 0.98893046 0.97725481
1574645562 0.0000000 0.99432892 0.98798841
1575564604 0.0000000 0.99063766 0.98003805
1575660753 0.0000000 0.99379534 0.98729873
1576495557 0.0000000 0.99266529 0.98461199
1577769501 0.0000000 0.98576760 0.97135133
1577819410 0.0000000 0.99169844 0.98320413
1578293635 0.0000000 0.98946130 0.97893333
1578510402 0.0000000 0.98955190 0.97865212
1579404154 0.0000000 0.98882490 0.97688812
1579703564 0.0000000 0.99312025 0.98626763
1580749376 0.0000000 0.98740590 0.97461665
1581076659 0.0000000 0.99162793 0.98261350
1581616159 0.0000000 0.99156225 0.98271638
1581629921 0.0000000 0.99141544 0.98282605
1581764406 0.0000000 0.98971099 0.97784650
1581764700 0.0000000 0.99319637 0.98601848
1581794413 0.0000000 0.99419409 0.98823762
1582090065 0.0000000 0.99307692 0.98619074
1582113307 0.0000000 0.99368054 0.98669416
1582546233 0.0000000 0.99513137 0.98988730
1582592414 0.0000000 0.99163777 0.98293871
1582629242 0.0000000 0.99059516 0.98096335
1582695255 0.0000000 0.99225140 0.98366243
1584677477 0.0000000 0.99144417 0.98206389
1585787701 0.0000000 0.97732097 0.95247149
1586304460 0.0000000 0.99210596 0.98094016
1586389759 0.0000000 0.99299818 0.98480481
1586537097 0.0000000 0.99043572 0.98073035
1586691401 0.0000000 0.99279839 0.98191810
1587481331 0.0000000 0.99225420 0.98347789
1588476280 0.0000000 0.97528327 0.95116359
1589003116 0.0000000 0.99408519 0.98805630
1589548020 0.0000000 0.96567160 0.92620063
1589756010 0.0000000 0.99171972 0.98329902
1589910785 0.0000000 0.98657513 0.97232544
1590311534 0.0000000 0.88838911 0.72876638
1590359490 0.0000000 0.99160159 0.98325878
1590694463 0.0000000 0.99268413 0.98536962
1590843750 0.0000000 0.98816746 0.97610277
1591494563 0.0000000 0.98989075 0.97928649
1591839506 0.0000000 0.99126279 0.98229116
1591921295 0.0000000 0.99282748 0.98546904
1592079539 0.0000000 0.99244171 0.98465365
1592349420 0.0000000 0.98941243 0.97797078
1593214064 0.0000000 0.99088430 0.98094642
1593241888 0.0000000 0.99233830 0.98437810
1593407313 0.0000000 0.98815590 0.97642368
1593435168 0.0000000 0.99380463 0.98757201
1593519432 0.0000000 0.98828816 0.97634208
1594227272 0.0000000 0.99444354 0.98805237
1594265063 0.0000000 0.99278933 0.98561078
1594267923 0.0000000 0.99146152 0.98298234
1594526768 0.0000000 0.98897463 0.97776794
1594546164 0.0000000 0.98001271 0.96023941
1595767949 0.0000000 0.99269938 0.98522729
1597107665 0.0000000 0.98642731 0.97032368
1597123796 0.0000000 0.98083675 0.95910221
1597187246 0.0000000 0.98699754 0.97234851
1597774608 0.0000000 0.98034304 0.96092433
1597797181 0.0000000 0.98750502 0.97432297
1597806811 0.0000000 0.98808843 0.97630441
1598480108 0.0000000 0.98655176 0.97196025
1598847265 0.0000000 0.96359098 0.91825640
1599036279 0.0000000 0.98724073 0.97397411
1600306672 0.0000000 0.98435348 0.96746844
1600833602 0.0000000 0.97234148 0.94391370
1601017581 0.0000000 0.96888608 0.93820912
1601326254 0.0000000 0.98822582 0.97656399
1601342057 0.0000000 0.98393512 0.96792328
1601440640 0.0000000 0.98853314 0.97375298
1601863505 0.0000000 0.98552501 0.97115529
1602517184 0.0000000 0.98641032 0.97231001
1602946993 0.0000000 0.99042660 0.98094481
1602947159 0.0000000 0.98826313 0.97653860
1603087586 0.0000000 0.97972167 0.95916188
1603396062 0.0000000 0.98493809 0.96845055
1603674483 0.0000000 0.99904311 0.99805731
1604358861 0.0000000 0.99961674 0.99911761
1604426346 0.0000000 0.99918258 0.99827975
1604601372 0.0000000 0.99992812 0.99977338
1604626818 0.0000000 0.99983269 0.99964184
1605130406 0.0000000 0.99983251 0.99950743
1605130534 0.0000000 0.99937361 0.99859160
1605266102 0.0000000 0.99923259 0.99823475
1605511152 0.0000000 0.99986464 0.99964911
1605551866 0.0000000 0.99926662 0.99837971
1605557664 0.0000000 0.99964970 0.99915606
1605621503 0.0000000 0.99576050 0.99111784
1605662576 0.0000000 0.99913818 0.99823660
1606582085 0.0000000 0.98685300 0.97261423
1606657334 0.0000000 0.99990612 0.99975389
1607578178 0.0000000 0.99991775 0.99980539
1607606398 0.0000000 0.99991947 0.99973691
1607606851 0.0000000 0.99929994 0.99851227
1607624108 0.0000000 0.99988544 0.99973410
1608317519 0.0000000 0.99798650 0.99589473
1608385359 0.0000000 0.98202080 0.96270710
1609436522 0.0000000 0.99864793 0.99723756
1609594007 0.0000000 0.99975598 0.99936026
1610162996 0.0000000 0.75737375 0.22756237
1610192153 0.0000000 0.99989349 0.99975550
1610249009 0.0000000 0.99994326 0.99985111
1610838659 0.0000000 0.99986929 0.99956274
1611559538 0.0000000 0.99989212 0.99966830
1611565557 0.0000000 0.99976420 0.99944514
1611574763 0.0000000 0.99969745 0.99936175
1611584686 0.0000000 0.99623036 0.99209023
1611818971 0.0000000 0.99986720 0.99962103
