988100797 0.0000000 0.99720198 0.99362826
988336953 0.0000000 0.99992639 0.99842668
989765823 0.0000000 0.99979573 0.99847168
990117114 0.0000000 0.68519646 -3.93449068E-02
990630314 0.0000000 0.99962807 0.99811417
991455252 0.0000000 0.93514419 0.86316377
991634551 0.0000000 0.99915385 0.99695182
991995645 0.0000000 0.85511529 0.66180193
992208377 0.0000000 0.99980330 0.99836522
992209870 0.0000000 0.99988216 0.99846131
992438274 0.0000000 0.99985838 0.99831957
992486125 0.0000000 0.99994606 0.99844122
992592933 0.0000000 0.99909699 0.99728745
992927775 0.0000000 0.97668242 0.95321167
992929419 0.0000000 0.99234909 0.98191512
993581187 0.0000000 0.26179427 -9.9751396
993854508 0.0000000 0.39864159 -3.6324205
993874057 0.0000000 0.75875282 0.35660696
994007634 0.0000000 0.91559887 0.82706952
994692047 0.0000000 0.99963784 0.99100834
995024004 0.0000000 0.98886126 0.97313130
995162867 0.0000000 0.99810278 0.98836499
995890516 0.0000000 0.99972481 0.99274510
996113981 0.0000000 0.92114234 0.84439594
997156421 0.0000000 6.77973032E-02 -141.89587
998326679 0.0000000 0.99946189 0.99165112
999257596 0.0000000 0.96085489 0.92315990
1000062111 0.0000000 0.97008049 0.94057167
1000197538 0.0000000 0.99911791 0.98991251
1000766684 0.0000000 0.99975705 0.99141574
1001410293 0.0000000 0.96928298 0.93851227
1004092959 0.0000000 0.55788982 -0.94172788
1004454253 0.0000000 0.13469301 -47.081684
1004863535 0.0000000 0.76364249 0.37715584
1005352632 0.0000000 0.12745079 -51.857853
1006580783 0.0000000 0.17289902 -32.437634
1007019252 0.0000000 0.18786393 -19.115290
1007572713 0.0000000 4.06155735E-02 -608.33240
1007712455 0.0000000 0.41547227 -3.1295714
1007972664 0.0000000 0.66350669 -9.36847925E-02
1008715277 0.0000000 0.15514211 -37.978985
1008836107 0.0000000 7.56057501E-02 -120.72617
1008890954 0.0000000 9.34961662E-02 -133.37387
1009057225 0.0000000 0.32680634 -5.4435463
1009168145 0.0000000 8.46981406E-02 -64.508110
1009442091 0.0000000 0.49067011 -1.6701338
1009500099 0.0000000 0.54245907 -1.0724409
1010371507 0.0000000 0.49179545 -1.8602180
1010509239 0.0000000 0.68010986 2.23277807E-02
1011026056 0.0000000 0.14062364 -40.766247
1011031830 0.0000000 0.27892992 -9.6374321
1011063499 0.0000000 5.78051098E-02 -205.44312
1011682027 0.0000000 0.13886376 -55.498940
1012271064 0.0000000 0.63171786 -0.32394838
1012580587 0.0000000 0.15815130 -32.118244
1013484445 0.0000000 0.99543858 0.98626155
1013485377 0.0000000 0.61716503 -0.43616796
1013486436 0.0000000 0.51892221 -1.3411770
1014927282 0.0000000 0.99565399 0.99129444
1014972465 0.0000000 0.99966687 0.99931234
1015232666 0.0000000 0.99988818 0.99974078
1016105151 0.0000000 0.99855542 0.99709326
1016468323 0.0000000 0.99520332 0.99042517
1017159906 0.0000000 0.99727559 0.99454784
1017557569 0.0000000 0.99991292 0.99981040
1017557822 0.0000000 0.99986535 0.99972308
1017594576 0.0000000 0.99858344 0.99715161
1017816456 0.0000000 0.99960786 0.99919039
1017857170 0.0000000 0.99988312 0.99973822
1017925489 0.0000000 0.99867392 0.99734163
1018065946 0.0000000 0.99676841 0.99350768
1018137582 0.0000000 0.99042702 0.98040819
1018221645 0.0000000 0.99943334 0.99885041
1018414606 0.0000000 0.99489844 0.98975086
1018800484 0.0000000 0.99834526 0.99667168
1018898180 0.0000000 0.99665236 0.99330419
1019054808 0.0000000 0.99614263 0.99228102
1019292480 0.0000000 0.99989599 0.99978977
1019488470 0.0000000 0.99961704 0.99920315
1019673665 0.0000000 0.99187189 0.98363531
1020000226 0.0000000 0.99984556 0.99969023
1021004232 0.0000000 0.99986756 0.99972945
1021024958 0.0000000 0.97846931 0.95568597
1021028934 0.0000000 0.99953312 0.99905753
1021434365 0.0000000 0.99991471 0.99979526
1021434812 0.0000000 0.99791688 0.99582750
1021435155 0.0000000 0.99721074 0.99442202
1021437004 0.0000000 0.99619228 0.99239212
1021437761 0.0000000 0.99878734 0.99754369
1021888184 0.0000000 0.99945921 0.99888557
1022604314 0.0000000 0.99993944 0.99848717
1022741620 0.0000000 0.99986970 0.99822521
1022779647 0.0000000 0.99984711 0.99831182
1024000827 0.0000000 0.99983352 0.99823779
1024039343 0.0000000 0.99981624 0.99845684
1024059173 0.0000000 0.99974912 0.99822360
1024224102 0.0000000 0.99918669 0.99708229
1024232773 0.0000000 0.99917269 0.99709046
1024881141 0.0000000 0.99986953 0.99842656
1026036068 0.0000000 0.99983579 0.99832702
1026372982 0.0000000 0.99990612 0.99836707
1026373076 0.0000000 0.99990064 0.99838102
1026374005 0.0000000 0.99961257 0.99781811
1026378668 0.0000000 0.99921346 0.99708951
1026562025 0.0000000 0.99982595 0.99817955
1026925041 0.0000000 0.99980229 0.99821627
1026933281 0.0000000 0.99989003 0.99835062
1026967951 0.0000000 0.99941659 0.99772960
1028885460 0.0000000 0.99862808 0.99610215
1028970195 0.0000000 0.99989396 0.99823195
1029367736 0.0000000 0.99848861 0.99574965
1030006163 0.0000000 0.99857181 0.99584872
1030375930 0.0000000 0.99967086 0.99800730
1030554334 0.0000000 0.99990714 0.99826670
1030628193 0.0000000 0.99990052 0.99800986
1030651553 0.0000000 0.99977344 0.99818558
1030859781 0.0000000 0.99988413 0.99821693
1030864055 0.0000000 0.99989057 0.99827129
1031310121 0.0000000 0.99993026 0.99824321
1031439572 0.0000000 0.99987113 0.99819469
1031647094 0.0000000 0.99980885 0.99819106
1032052013 0.0000000 0.99986553 0.99827975
1032134610 0.0000000 0.99990577 0.99812746
1032294371 0.0000000 0.99907762 0.99696606
1032315669 0.0000000 0.99897116 0.99657482
1032907402 0.0000000 0.99995315 0.99841726
1033103267 0.0000000 0.99987239 0.99802554
1033374913 0.0000000 0.99986494 0.99819058
1033690544 0.0000000 0.99640030 0.99173599
1033947513 0.0000000 0.99881494 0.99625593
1034070514 0.0000000 0.99840748 0.99574804
1034480608 0.0000000 0.99969161 0.99791342
1034923400 0.0000000 0.99974692 0.99802190
1034928298 0.0000000 0.99950540 0.99766552
1035149152 0.0000000 0.99986267 0.99811560
1035153178 0.0000000 0.99974895 0.99813825
1035197382 0.0000000 0.99949938 0.99771625
1035991040 0.0000000 0.99596763 0.99079895
1036098952 0.0000000 0.99958146 0.99771398
1036697273 0.0000000 0.99860340 0.99582243
1036697648 0.0000000 0.99966502 0.99763554
1036886824 0.0000000 0.99984515 0.99807000
1038324582 0.0000000 0.99959582 0.99774909
1038746116 0.0000000 0.99951994 0.99751025
1039232712 0.0000000 0.99925542 0.99692380
1039743025 0.0000000 0.99980229 0.99814051
1040450954 0.0000000 0.99962986 0.99785811
1040520314 0.0000000 0.99970907 0.99794787
1040644457 0.0000000 0.99988121 0.99830216
1040799690 0.0000000 0.99986160 0.99808210
1041632855 0.0000000 0.99368984 0.98687339
1042809813 0.0000000 0.99986124 0.99773449
1043607562 0.0000000 0.99970019 0.99764371
1044768063 0.0000000 0.99992174 0.99780017
1044817061 0.0000000 0.99947715 0.99722928
1045633623 0.0000000 0.99966264 0.99780184
1046065971 0.0000000 0.99888158 0.99630910
1046575544 0.0000000 0.99980944 0.99781382
1048808323 0.0000000 0.99922335 0.99704450
1049310522 0.0000000 0.99982005 0.99766731
1049353173 0.0000000 0.99981660 0.99796581
1051845960 0.0000000 0.99830043 0.99525547
1051900153 0.0000000 0.99303508 0.98546404
1052394722 0.0000000 0.82857221 0.59841239
1052961462 0.0000000 0.99979651 0.99782950
1053904321 0.0000000 0.99964911 0.99786162
1054395492 0.0000000 0.99982560 0.99806643
1054853585 0.0000000 0.99891078 0.99642009
1055123570 0.0000000 0.99992877 0.99817854
1055135284 0.0000000 0.99987161 0.99814445
1055234432 0.0000000 0.99993545 0.99824464
1055390332 0.0000000 0.99982631 0.99795401
1055425274 0.0000000 0.99978131 0.99778694
1055472531 0.0000000 0.99536955 0.99005437
1055510426 0.0000000 0.99956328 0.99741173
1055788418 0.0000000 0.99990726 0.99804974
1055803080 0.0000000 0.99988526 0.99811953
1056357316 0.0000000 0.99959946 0.99769539
1057028486 0.0000000 0.98929328 0.97830933
1057319282 0.0000000 0.99967515 0.99778402
1058108790 0.0000000 0.99952120 0.99730915
1058496080 0.0000000 0.99975139 0.99783695
1059102630 0.0000000 0.99978769 0.99797833
1059590191 0.0000000 0.99982363 0.99782062
1059850488 0.0000000 0.99742001 0.99366266
1059910523 0.0000000 0.99987173 0.99808758
1059994404 0.0000000 0.99982423 0.99806523
1060172588 0.0000000 0.99994242 0.99808776
1060619413 0.0000000 0.99989706 0.99807459
1061586322 0.0000000 0.99877793 0.99630487
1062262342 0.0000000 0.99890947 0.99622238
1062859632 0.0000000 0.99722975 0.99325180
1063234506 0.0000000 0.99986112 0.99805963
1063264037 0.0000000 0.99944329 0.99754244
1064365712 0.0000000 0.99616557 0.99110669
1064533379 0.0000000 0.99932534 0.99707103
1065785029 0.0000000 0.99946886 0.99736637
1065790269 0.0000000 0.99975306 0.99783254
1065847269 0.0000000 0.99428040 0.98789871
1068127124 0.0000000 0.99982268 0.99816263
1068356150 0.0000000 0.99836916 0.99529856
1068595355 -31.750000 8.26496184E-02 -0.41235113
1068804765 109.20000 4.61885817E-02 -3.2467656
1068825242 247.15001 7.29864091E-02 -0.60930586
1069412363 0.0000000 0.99927634 0.99767536
1070682432 0.0000000 0.98689651 0.97391188
1070692497 0.0000000 0.99989992 0.99912399
1070921046 0.0000000 0.99986303 0.99902374
1071031093 0.0000000 0.99976659 0.99879992
1071031176 0.0000000 0.99994773 0.99894440
1071031375 0.0000000 0.99994421 0.99905473
1071031628 0.0000000 0.99995470 0.99904460
1071031695 0.0000000 0.99995643 0.99907166
1071031744 0.0000000 0.99995559 0.99907565
1071031844 0.0000000 0.99995595 0.99908429
1071031926 0.0000000 0.99994522 0.99910796
1071033611 0.0000000 0.99996537 0.99901742
1071033625 0.0000000 0.99996614 0.99901265
1071035006 0.0000000 0.99994189 0.99896544
1071038489 0.0000000 0.99994153 0.99899679
1071042579 0.0000000 0.99994504 0.99908680
1071043831 0.0000000 0.99993217 0.99895710
1071046005 0.0000000 0.99994510 0.99903435
1071046239 0.0000000 0.99984443 0.99887729
1071074159 0.0000000 0.99992985 0.99897289
1071095531 0.0000000 0.99989420 0.99893802
1071100910 0.0000000 0.99994832 0.99894649
1071109335 0.0000000 0.99992424 0.99900377
1071169499 0.0000000 0.99993986 0.99901509
1071182968 0.0000000 0.99997550 0.99897444
1071183209 0.0000000 0.99997175 0.99892443
1071183435 0.0000000 0.99993998 0.99892408
1071443800 0.0000000 0.99981457 0.99850965
1071583019 0.0000000 0.99995703 0.99898714
1071584001 0.0000000 0.99993980 0.99895173
1071678445 0.0000000 0.99995714 0.99899226
1071725608 0.0000000 0.99996930 0.99903095
1072705310 0.0000000 0.99983424 0.99878961
1072926918 0.0000000 0.99991775 0.99885279
1073300844 0.0000000 0.99991989 0.99891365
1073475853 0.0000000 0.85824972 0.66290689
1073756920 0.0000000 0.99545676 0.99039429
1073986141 0.0000000 0.99993223 0.99874753
1073994067 0.0000000 0.99337530 0.98655051
1075317204 0.0000000 0.99996954 0.99900270
1075317446 0.0000000 0.99990898 0.99890018
1075318489 0.0000000 0.99992871 0.99885803
1075466599 0.0000000 0.99790257 0.99514437
1075865039 0.0000000 0.99995834 0.99890560
1076851926 0.0000000 0.99989629 0.99881041
1076884025 0.0000000 0.99993104 0.99882054
1077531525 0.0000000 0.99990529 0.99883872
1077584107 0.0000000 0.99983096 0.99909258
1078321829 0.0000000 0.99994266 0.99900937
1079154231 0.0000000 0.99992472 0.99909383
1080241624 0.0000000 0.99989182 0.99889672
1081488818 0.0000000 0.99987817 0.99922127
1082397083 0.0000000 0.99987334 0.99908382
1082563195 0.0000000 0.99706072 0.99360049
1082729069 0.0000000 0.99994045 0.99900001
1082820030 0.0000000 0.99988639 0.99924940
1083398171 0.0000000 0.99994540 0.99898291
1083961065 0.0000000 0.99997056 0.99993378
1084003366 0.0000000 0.99992567 0.99984050
1084082541 0.0000000 0.99981833 0.99961787
1084133207 0.0000000 0.99989444 0.99978107
1084597670 0.0000000 0.99940246 0.99879384
1084687448 0.0000000 0.99993867 0.99987727
1084950252 0.0000000 0.99996585 0.99992794
1085103239 0.0000000 0.99922562 0.99844199
1085390106 0.0000000 0.99950451 0.99900275
1086195389 0.0000000 0.99988049 0.99975497
1086315872 0.0000000 0.99964547 0.99928713
1086883086 0.0000000 0.99993169 0.99985820
1087613581 0.0000000 0.99989015 0.99978030
1089099122 0.0000000 0.99981219 0.99962348
1089113880 0.0000000 0.99983513 0.99965960
1089371968 0.0000000 0.99978983 0.99952155
1090478200 0.0000000 0.99954778 0.99906492
1091970746 0.0000000 0.99910939 0.99819010
1092861100 0.0000000 0.99828136 0.99652749
1093118276 0.0000000 0.99493426 0.98974299
1093908136 0.0000000 0.99712002 0.99421930
1095475955 0.0000000 0.99924242 0.99846560
1097813330 0.0000000 0.99995780 0.99992216
1098848984 0.0000000 0.99437791 0.98863882
1099928102 0.0000000 0.99871600 0.99742645
1099929295 0.0000000 0.99996322 0.99992055
1099929521 0.0000000 0.99970722 0.99940002
1099931589 0.0000000 0.99852443 0.99703652
1099942690 0.0000000 0.99991590 0.99982709
1100098082 0.0000000 0.99779290 0.99522692
1100139404 0.0000000 0.99994850 0.99989516
1100237223 0.0000000 0.99823534 0.99644679
1100955874 0.0000000 0.99453616 0.98901284
1103674687 0.0000000 0.99991727 0.99983555
1105287429 0.0000000 0.89887887 0.76002371
1105405102 0.0000000 0.99990684 0.99980253
1105536640 0.0000000 0.99991566 0.99981862
1105765351 0.0000000 0.99873531 0.99742430
1106056455 0.0000000 0.99087185 0.98139203
1106207236 0.0000000 0.99994951 0.99988967
1106226863 0.0000000 0.99960411 0.99919099
1106317701 0.0000000 0.99990785 0.99981165
1106377004 0.0000000 0.99926913 0.99852896
1106829094 0.0000000 0.99961090 0.99920225
1107166208 0.0000000 0.99966222 0.99930203
1107223187 0.0000000 0.99992222 0.99984366
1107233798 0.0000000 0.99971151 0.99939090
1107286746 0.0000000 0.98884666 0.97714782
1107388387 0.0000000 0.99924165 0.99847186
1107601144 0.0000000 0.99991566 0.99982846
1107601252 0.0000000 0.99991161 0.99981326
1108162580 0.0000000 0.99962354 0.99921745
1108757898 0.0000000 0.99995095 0.99989837
1108761568 0.0000000 0.99993730 0.99986225
1110049611 0.0000000 0.99996299 0.99992520
1110049680 0.0000000 0.99996179 0.99991846
1110050185 0.0000000 0.99946374 0.99892324
1110050874 0.0000000 0.99907583 0.99814320
1110568232 0.0000000 0.99905080 0.99809480
1111274786 0.0000000 0.99982762 0.99964386
1113182839 0.0000000 0.99918216 0.99832672
1113208093 0.0000000 0.99986279 0.99971128
1113260515 0.0000000 0.99971402 0.99940395
1113331351 0.0000000 0.99951077 0.99901009
1114345058 0.0000000 0.99726731 0.99450761
1114872497 0.0000000 0.99997199 0.99994361
1114872533 0.0000000 0.99996614 0.99992740
1114872543 0.0000000 0.99997133 0.99993640
1114981677 0.0000000 0.99910438 0.99819589
1115167250 0.0000000 0.99985564 0.99969208
1115753263 0.0000000 0.99994284 0.99987298
1115910658 0.0000000 0.99953079 0.99903768
1115942660 0.0000000 0.99949217 0.99896604
1116353193 0.0000000 0.99833804 0.99662626
1117405041 0.0000000 0.99994278 0.99987566
1117642805 0.0000000 0.99978262 0.99955726
1118162704 0.0000000 0.99968046 0.99934936
1118367166 0.0000000 0.99090701 0.98146355
1118396676 0.0000000 0.96269244 0.92191231
1118501300 0.0000000 0.92899662 0.84604132
1118677980 0.0000000 0.96373409 0.92294216
1118868304 0.0000000 0.60321891 -0.81054056
1119087065 0.0000000 0.99990875 0.99981165
1119729025 0.0000000 0.99811774 0.99623466
1119876655 0.0000000 0.98431486 0.96742910
1121472051 0.0000000 0.99987537 0.99973929
1121864763 0.0000000 0.99983805 0.99967515
1122385024 0.0000000 0.99980241 0.99959236
1122618639 0.0000000 0.99925441 0.99849927
1122777951 0.0000000 0.99969035 0.99936819
1123439949 0.0000000 0.99710208 0.99410212
1125373372 0.0000000 0.99754792 0.99506551
1125685516 0.0000000 0.99842447 0.99681157
1125969360 0.0000000 0.99996072 0.99992418
1127055473 0.0000000 0.99698436 0.99392772
1127456637 0.0000000 0.99993497 0.99986690
1127471662 0.0000000 0.99987179 0.99972218
1127494190 0.0000000 0.99995446 0.99990654
1127760620 0.0000000 0.99994177 0.99988663
1128153007 0.0000000 0.99771011 0.99539900
1128174696 0.0000000 0.99976891 0.99952126
1128475640 0.0000000 0.99972850 0.99934822
1128528995 0.0000000 0.99804813 0.99607629
1128891916 0.0000000 0.97430366 0.94675434
1128923244 0.0000000 0.99942189 0.99883199
1129069430 0.0000000 0.94592136 0.88111329
1129155495 0.0000000 0.99278748 0.98541903
1129246313 0.0000000 0.99608839 0.99219275
1129324370 0.0000000 0.99957794 0.99914354
1129391464 0.0000000 0.99994892 0.99989283
1129907016 0.0000000 0.97165132 0.94167066
1130249327 0.0000000 0.99744129 0.99481636
1131428965 0.0000000 0.99990737 0.99979931
1131431840 0.0000000 0.99577880 0.99142534
1132062095 0.0000000 0.99993038 0.99985427
1132132485 0.0000000 0.99980503 0.99960071
1132148341 0.0000000 0.99976325 0.99951619
1132166999 0.0000000 0.99917954 0.99834824
1132661855 0.0000000 0.99956542 0.99911863
1132975230 0.0000000 0.99995035 0.99990010
1133111580 0.0000000 0.99893212 0.99783766
1133304109 0.0000000 0.99984884 0.99968946
1133601723 0.0000000 0.99605465 0.99200898
1133908462 0.0000000 0.99992728 0.99984980
1134710133 0.0000000 0.99965757 0.99929988
1135808248 0.0000000 0.99992365 0.99984103
1135976852 0.0000000 0.99965948 0.99930620
1136739698 0.0000000 0.99990183 0.99979705
1137913657 0.0000000 0.99969482 0.99938595
1137989937 0.0000000 0.99972248 0.99943739
1137990003 0.0000000 0.99952817 0.99905264
1138288259 0.0000000 0.99372405 0.98740298
1139284609 0.0000000 0.96868324 0.93311042
1139326915 0.0000000 0.99755996 0.99508005
1140725945 0.0000000 0.99990618 0.99979961
1140746150 0.0000000 0.99972558 0.99944109
1141877248 0.0000000 0.99995488 0.99990362
1142029462 0.0000000 0.99878359 0.99754339
1142229311 0.0000000 0.99852532 0.99704462
1142709582 0.0000000 0.99908370 0.99813324
1143536168 0.0000000 0.99928230 0.99854428
1143616861 0.0000000 0.99808353 0.99613684
1143885739 0.0000000 0.99998266 0.99996197
1143885924 0.0000000 0.99989432 0.99978888
1143888020 0.0000000 0.99996090 0.99991816
1144129163 0.0000000 0.99987036 0.99973094
1144133312 0.0000000 0.99985504 0.99970424
1144179006 0.0000000 0.99988902 0.99977595
1144806135 0.0000000 0.99954706 0.99907380
1145140855 0.0000000 0.99997431 0.99994624
1145323561 0.0000000 0.99979520 0.99956280
1146215126 0.0000000 0.99995548 0.99990946
1146944291 0.0000000 0.65804166 -0.36852002
1146966782 0.0000000 0.99982071 0.99962699
1147258751 0.0000000 0.99987590 0.99974149
1149411961 0.0000000 0.99995965 0.99992067
1149467938 0.0000000 0.99881285 0.99762511
1149638545 0.0000000 0.99206668 0.98387575
1149771133 0.0000000 0.99901587 0.99802113
1150128882 0.0000000 0.99895382 0.99788624
1151387381 0.0000000 0.99746853 0.99486440
1154072410 0.0000000 0.99995422 0.99990654
1154182305 0.0000000 0.99992222 0.99984407
1155212722 0.0000000 0.99993229 0.99986315
1155340266 0.0000000 0.99994522 0.99988955
1155354114 0.0000000 0.99856740 0.99712270
1155443514 0.0000000 0.99944770 0.99889338
1156044082 0.0000000 0.99717647 0.99433976
1156698676 0.0000000 0.99989706 0.99978924
1158266854 0.0000000 0.99686295 0.99367929
1159598968 0.0000000 0.99832505 0.99660707
1159684577 0.0000000 0.99991673 0.99981987
1160388105 0.0000000 0.99994206 0.99987948
1160392104 0.0000000 0.99995428 0.99991190
1160549032 0.0000000 0.99931061 0.99861723
1160664389 0.0000000 0.99994165 0.99988717
1163299258 0.0000000 0.99965352 0.99928141
1163456967 0.0000000 0.99976051 0.99949884
1163641819 0.0000000 0.99986380 0.99971157
1164570370 0.0000000 0.99874043 0.99742651
1165358160 0.0000000 0.99979812 0.99957675
1165368969 0.0000000 0.99883348 0.99754965
1166094636 0.0000000 0.99897504 0.99794453
1166561075 0.0000000 0.99881947 0.99763793
1166894907 0.0000000 0.99985236 0.99968755
1167121204 0.0000000 0.99995589 0.99990582
1167135981 0.0000000 0.99997526 0.99994779
1167136317 0.0000000 0.99997360 0.99994379
1167136455 0.0000000 0.99997377 0.99994379
1167136825 0.0000000 0.99968660 0.99937087
1167144800 0.0000000 0.99911791 0.99822831
1167147704 0.0000000 0.99989980 0.99979711
1167154513 0.0000000 0.99974769 0.99948502
1167186639 0.0000000 0.99996310 0.99992436
1167298740 0.0000000 0.99567419 0.99124116
1167318376 0.0000000 0.93937677 0.86430883
1167324678 0.0000000 0.99684435 0.99365246
1167592780 0.0000000 0.99406219 0.98793530
1167604646 0.0000000 0.99823022 0.99644899
1168792515 0.0000000 0.99966913 0.99933368
1168917035 0.0000000 0.99992412 0.99984223
1169006425 0.0000000 0.99948603 0.99890816
1169712716 0.0000000 0.98971260 0.97915989
1169722755 0.0000000 0.99995929 0.99991596
1170262059 0.0000000 0.99575460 0.99140906
1170524118 0.0000000 0.99796140 0.99589628
1171366614 0.0000000 0.99752265 0.99501479
1171423577 0.0000000 0.99958521 0.99916047
1171423831 0.0000000 0.99968457 0.99935293
1171832699 0.0000000 0.99971724 0.99942178
1172178017 0.0000000 0.99951249 0.99902242
1173308237 0.0000000 0.99980801 0.99960971
1173368256 0.0000000 0.99574143 0.99140006
1174197233 0.0000000 0.99680448 0.99352503
1175309106 0.0000000 0.99331808 0.98635399
1175583473 0.0000000 0.99850768 0.99697638
1176242685 0.0000000 0.99323696 0.98631281
1177115546 0.0000000 0.99983943 0.99967468
1177175308 0.0000000 0.99705404 0.99407142
1178992210 0.0000000 0.99845225 0.99687135
1180238725 0.0000000 0.99421471 0.98829108
1180618796 0.0000000 0.99756891 0.99509919
1181939353 0.0000000 0.99994659 0.99989039
1182196765 0.0000000 0.99214333 0.98392773
1182265663 0.0000000 0.99850869 0.99699420
1182396227 0.0000000 0.99959588 0.99916238
1182398897 0.0000000 0.99982309 0.99964631
1184629372 0.0000000 0.99991637 0.99983191
1185198002 0.0000000 0.99994773 0.99989569
1185799546 0.0000000 0.99410474 0.98814517
1185861072 0.0000000 0.99648851 0.99282354
1186620947 0.0000000 0.99998170 0.99996305
1186786330 0.0000000 0.99871564 0.99742562
1188350129 0.0000000 0.99954373 0.99908602
1188356416 0.0000000 0.99990648 0.99980515
1188908193 0.0000000 0.99969006 0.99931282
1188950111 0.0000000 0.99181759 0.98312783
1189101086 0.0000000 0.99995053 0.99989742
1189101321 0.0000000 0.99988025 0.99975765
1189194674 0.0000000 0.99833792 0.99664098
1190442424 0.0000000 0.99971241 0.99936664
1191742755 0.0000000 0.99925327 0.99839348
1192071901 0.0000000 0.99985456 0.99967158
1192632000 0.0000000 0.99991715 0.99980909
1193967194 0.0000000 0.99336010 0.98630160
1194476053 0.0000000 0.99924248 0.99844688
1196283913 0.0000000 0.99980688 0.99956232
1196818902 0.0000000 0.99995100 0.99985433
1196950527 0.0000000 0.99959975 0.99903697
1197715613 0.0000000 0.99928296 0.99838078
1198522115 0.0000000 0.99993247 0.99982810
1200543890 0.0000000 0.77762532 0.32064730
1200856359 0.0000000 0.99947095 0.99885273
1201442068 0.0000000 0.99549454 0.99079740
1203280382 0.0000000 0.99995893 0.99988300
1203409866 0.0000000 0.99847895 0.99689883
1203790455 0.0000000 0.99994040 0.99983162
1204138448 0.0000000 0.99515891 0.99016726
1204304285 0.0000000 0.99986559 0.99969655
1204490434 0.0000000 0.87817645 0.69978714
1204651907 0.0000000 0.99996525 0.99990994
1204651936 0.0000000 0.99996120 0.99988967
1204670552 0.0000000 0.99992520 0.99980950
1207186072 0.0000000 0.99767178 0.99501300
1208187584 0.0000000 0.99994761 0.99986666
1208931881 0.0000000 0.99993700 0.99984437
1208975321 0.0000000 0.99995303 0.99986583
1208982088 0.0000000 0.99992275 0.99980855
1208988255 0.0000000 0.99993175 0.99978894
1208988552 0.0000000 0.99993968 0.99983072
1209105937 0.0000000 0.99982047 0.99956256
1209216223 0.0000000 0.99477953 0.98925829
1209291757 0.0000000 0.99916458 0.99827272
1209339084 0.0000000 0.99986827 0.99965215
1209362380 0.0000000 0.99991149 0.99976176
1209543825 0.0000000 0.98725975 0.97348523
1209563099 0.0000000 0.99884087 0.99750423
1209583346 0.0000000 0.99805367 0.99605423
1209820628 0.0000000 0.99934292 0.99862021
1209877317 0.0000000 0.99872786 0.99722022
1210448520 0.0000000 0.99993771 0.99984032
1210560189 0.0000000 0.99944824 0.99885058
1210633064 0.0000000 0.99987882 0.99971843
1210703275 0.0000000 0.99994993 0.99986738
1212285435 0.0000000 0.99995667 0.99989325
1212339563 0.0000000 0.99993896 0.99985987
1213107823 0.0000000 0.99646831 0.99282700
1213158817 0.0000000 0.99966699 0.99931115
1213486164 0.0000000 0.99991232 0.99978465
1214086760 0.0000000 0.99976492 0.99947166
1214128508 0.0000000 0.99990833 0.99973661
1214211456 0.0000000 0.97500557 0.94750118
1214561217 0.0000000 0.99838531 0.99665982
1215221786 0.0000000 0.99021405 0.97988284
1215745668 0.0000000 0.99890250 0.99772108
1215812106 0.0000000 0.99991232 0.99979341
1215812707 0.0000000 0.99952155 0.99898988
1215839910 0.0000000 0.99971527 0.99937862
1215843106 0.0000000 0.99987203 0.99971777
1215961116 0.0000000 0.99995685 0.99989974
1216126809 0.0000000 0.99874961 0.99745375
1216904067 0.0000000 0.96307272 0.92736316
1217616949 0.0000000 0.99991411 0.99971890
1218233114 0.0000000 0.99991721 0.99980348
1218994676 0.0000000 0.99976599 0.99950725
1219291482 0.0000000 0.99548501 0.99085218
1219301591 0.0000000 0.99978954 0.99956059
1219723710 0.0000000 0.99836785 0.99670053
1219772880 0.0000000 0.99988407 0.99975634
1219869253 0.0000000 0.99987221 0.99972969
1220179542 0.0000000 0.99986070 0.99970388
1220742036 0.0000000 0.99953449 0.99899423
1220946193 0.0000000 0.99990189 0.99978042
1221047734 0.0000000 0.99796861 0.99589568
1222614737 0.0000000 0.99925697 0.99845517
1225404477 0.0000000 0.99982285 0.99950141
1225442295 0.0000000 0.99988568 0.99967527
1228187814 0.0000000 0.99991751 0.99982190
1228684717 0.0000000 0.99991739 0.99981910
1229260451 0.0000000 0.99958891 0.99914891
1229658996 0.0000000 0.99254930 0.98462731
1229990683 0.0000000 0.99995255 0.99988210
1230216280 0.0000000 0.99986649 0.99968159
1230600687 0.0000000 0.99944198 0.99881750
1230860391 0.0000000 0.99935418 0.99866456
1231020274 0.0000000 0.99991810 0.99980271
1231041233 0.0000000 0.99962986 0.99922061
1232714291 0.0000000 0.99976766 0.99944168
1232804891 0.0000000 0.99907362 0.99804223
1233928332 0.0000000 0.99984819 0.99961239
1234166319 0.0000000 0.89294940 0.74586833
1234201315 0.0000000 0.99422956 0.98793179
1234214675 0.0000000 0.99994987 0.99983627
1236731039 0.0000000 0.99925935 0.99843442
1236854628 0.0000000 0.99909812 0.99813867
1237014105 0.0000000 0.99951434 0.99898601
1237159221 0.0000000 0.99801111 0.99589276
1237164701 0.0000000 0.99827695 0.99651092
1237551366 0.0000000 0.99907148 0.99805826
1237619839 0.0000000 0.99655253 0.99290627
1239235949 0.0000000 0.99992704 0.99980301
1239971868 0.0000000 0.99988651 0.99973786
1240678955 0.0000000 0.99944425 0.99883062
1242397863 0.0000000 0.99941272 0.99876368
1242709695 0.0000000 0.99822479 0.99633121
1243376855 0.0000000 0.99990845 0.99970305
1244248765 0.0000000 0.99727410 0.99437362
1245087845 0.0000000 0.99888784 0.99770701
1245407408 0.0000000 0.99960715 0.99919820
1245469469 0.0000000 0.99988937 0.99977219
1245877793 0.0000000 0.99976015 0.99950415
1245881452 0.0000000 0.99913740 0.99825573
1246167876 0.0000000 0.99972594 0.99942982
1246181696 0.0000000 0.99991155 0.99981785
1246182765 0.0000000 0.99977946 0.99955118
1246208530 0.0000000 0.99964446 0.99927950
1246208539 0.0000000 0.99964631 0.99928206
1246598451 0.0000000 0.99951720 0.99900103
1246598488 0.0000000 0.99942440 0.99880803
1246614635 0.0000000 0.99949062 0.99896657
1246985947 0.0000000 0.99962890 0.99924463
1247508302 0.0000000 0.99990988 0.99981403
1247516932 0.0000000 0.99988687 0.99977535
1247654255 0.0000000 0.99991393 0.99982691
1247741293 0.0000000 0.99991685 0.99983746
1247769767 0.0000000 0.99990189 0.99979806
1248159491 0.0000000 0.99987477 0.99972719
1248570012 0.0000000 0.99991417 0.99982589
1248588659 0.0000000 0.69928133 0.28732055
1248872986 0.0000000 0.99981660 0.99960738
1248886386 0.0000000 0.99994427 0.99985182
1249212887 0.0000000 0.99989533 0.99977207
1250467545 0.0000000 0.99992883 0.99983454
1250503855 0.0000000 0.99991065 0.99980444
1250504106 0.0000000 0.99989820 0.99976307
1250601456 0.0000000 0.99985790 0.99968410
1250639275 0.0000000 0.99955529 0.99908209
1250703707 0.0000000 0.99904090 0.99802554
1250777890 0.0000000 0.99984241 0.99965751
1250888264 0.0000000 0.99993879 0.99984652
1250911490 0.0000000 0.99668533 0.99310464
1252249816 0.0000000 0.99798775 0.99587083
1252757125 0.0000000 0.99981678 0.99961454
1254591366 0.0000000 0.99994481 0.99988198
1254664936 0.0000000 0.99949247 0.99895513
1255243328 0.0000000 0.99975473 0.99948901
1256244384 0.0000000 0.99979436 0.99958211
1256252705 0.0000000 0.99986434 0.99970460
1256431794 0.0000000 0.99547255 0.99073255
1257413577 0.0000000 0.99995923 0.99991786
1257413887 0.0000000 0.99982136 0.99962777
1257420861 0.0000000 0.99992210 0.99984580
1257678569 0.0000000 0.99961549 0.99919885
1258065617 0.0000000 0.99979603 0.99956292
1258296469 0.0000000 0.99979067 0.99956846
1258824471 0.0000000 0.99974304 0.99939257
1258926370 0.0000000 0.99939901 0.99877840
1260564405 0.0000000 0.99989861 0.99979514
1260692005 0.0000000 0.99992198 0.99984139
1261227736 0.0000000 0.80432200 0.50492823
1261227864 0.0000000 0.99995488 0.99990094
1261228557 0.0000000 0.99984354 0.99966037
1261232031 0.0000000 0.99982560 0.99964678
1261235533 0.0000000 0.99989796 0.99976778
1261275144 0.0000000 0.99985152 0.99968737
1261713375 0.0000000 0.99969584 0.99937946
1261922241 0.0000000 0.99901450 0.99801284
1262034644 0.0000000 0.99887651 0.99773341
1262237921 0.0000000 0.99967271 0.99932092
1262343689 0.0000000 0.99875504 0.99746507
1262367286 0.0000000 0.99979186 0.99955845
1262622742 0.0000000 0.85669446 0.62982309
1262633257 0.0000000 0.99989027 0.99977195
1263881366 0.0000000 0.99990588 0.99978709
1265523000 0.0000000 0.99991459 0.99976635
1265599504 0.0000000 0.99982655 0.99956483
1265691729 0.0000000 0.99967408 0.99927115
1265942558 0.0000000 0.99994862 0.99984866
1266289887 0.0000000 0.99901217 0.99783999
1266816064 0.0000000 0.99988943 0.99970520
1267146477 0.0000000 0.99993813 0.99979407
1267162697 0.0000000 0.99979877 0.99951780
1267661932 0.0000000 0.99995184 0.99986094
1267662287 0.0000000 0.99992508 0.99980015
1267686434 0.0000000 0.99991542 0.99978137
1267690576 0.0000000 0.99994844 0.99987233
1268040382 0.0000000 0.99992096 0.99983793
1268902896 0.0000000 0.99975073 0.99944961
1268931240 0.0000000 0.99936450 0.99866086
1269644874 0.0000000 0.99990076 0.99975878
1270335780 0.0000000 0.99608755 0.99211198
1270813793 0.0000000 0.99960279 0.99918652
1270961850 0.0000000 0.99989510 0.99978954
1270999307 0.0000000 0.97923404 0.95714056
1271168968 0.0000000 0.99991256 0.99981892
1271191748 0.0000000 0.99993682 0.99985486
1271987388 0.0000000 0.99945241 0.99890077
1272194052 0.0000000 0.99977231 0.99953145
1272250791 0.0000000 0.99992198 0.99984139
1272823213 0.0000000 0.99980581 0.99960482
1274901407 0.0000000 0.99974906 0.99947947
1276535865 0.0000000 0.99986172 0.99959475
1276561877 0.0000000 0.99990958 0.99971610
1276823323 0.0000000 0.99983406 0.99959588
1277440084 0.0000000 0.99753582 0.99502999
1277575551 0.0000000 0.99981290 0.99940956
1277670806 0.0000000 0.99921697 0.99835086
1278097892 0.0000000 0.99993664 0.99978012
1278515743 0.0000000 0.99735647 0.99462926
1278618217 0.0000000 0.99986976 0.99962693
1278636079 0.0000000 0.99979198 0.99939466
1279357457 0.0000000 0.99972326 0.99928117
1279458204 0.0000000 0.99354118 0.98711443
1280029930 0.0000000 0.99992830 0.99977773
1280553485 0.0000000 0.98956352 0.97920626
1280563997 0.0000000 0.99001074 0.98000342
1280587745 0.0000000 0.99468714 0.98937845
1281476617 0.0000000 0.94038022 0.87213886
1282408680 0.0000000 0.99982709 0.99886847
1282415961 0.0000000 0.82393128 0.54437017
1282416480 0.0000000 0.95284295 0.90280271
1283157909 0.0000000 0.99205142 0.98411947
1283540817 0.0000000 0.94901705 0.89553469
1284039008 0.0000000 0.93859738 0.87185377
1284244867 0.0000000 0.97685087 0.95403564
1284952628 0.0000000 0.99951142 0.99784040
1285350982 0.0000000 0.97035974 0.94074023
1285695233 0.0000000 0.99781960 0.99484253
1285876560 0.0000000 0.94863796 0.89520758
1286047392 0.0000000 0.99418187 0.98771000
1286198915 0.0000000 0.99927384 0.99751973
1286865806 0.0000000 0.62508887 -0.53177536
1287036373 0.0000000 0.95101911 0.89935398
1289221280 0.0000000 0.99981886 0.99829823
1289567329 0.0000000 0.99769706 0.99440855
1289576340 0.0000000 0.99595618 0.99137264
1290342705 0.0000000 0.99990666 0.99858886
1290784424 0.0000000 0.98176855 0.96373534
1290799240 0.0000000 0.72140640 0.17046809
1291601652 0.0000000 0.99971586 0.99811137
1291689974 0.0000000 0.99776059 0.99464715
1291927327 0.0000000 0.67449969 -0.13337958
1292000461 130.65001 9.17082503E-02 -214.94641
1294804388 0.0000000 0.91687685 0.82403564
1296507195 0.0000000 0.99789280 0.99469179
1296548191 0.0000000 0.99966556 0.99831331
1297058102 0.0000000 0.98758477 0.97521031
1297342916 0.0000000 0.71620059 0.12148261
1297754297 0.0000000 0.96459603 0.92860878
1298970247 0.0000000 0.91848022 0.82379508
1299845150 0.0000000 0.94592804 0.88906229
1300123317 0.0000000 0.98664623 0.97337991
1300281136 0.0000000 0.99618542 0.99193025
1300608051 0.0000000 0.99985486 0.99849737
1301123952 0.0000000 0.96893537 0.93820888
1301458951 0.0000000 0.99963087 0.99792981
1301964194 0.0000000 0.99446499 0.98801637
1302916270 0.0000000 0.99945438 0.99584925
1302961193 0.0000000 0.98368043 0.96506935
1303685617 0.0000000 0.95297533 0.90803933
1304080155 0.0000000 0.94501072 0.89275128
1304082768 0.0000000 0.99626106 0.98521107
1304152538 0.0000000 0.99969447 0.99099892
1304437954 0.0000000 0.99959213 0.99096143
1304717510 0.0000000 0.99975508 0.99220246
1304757333 0.0000000 0.97554833 0.95023584
1306028051 0.0000000 0.99977809 0.99145216
1306098435 0.0000000 0.99968249 0.99002534
1306261925 0.0000000 0.99781758 0.98700476
1307034472 0.0000000 0.99915677 0.99089807
1307669122 0.0000000 0.99958819 0.99514019
1308478735 0.0000000 0.99636686 0.99002326
1309048281 0.0000000 0.99686646 0.99103391
1309094354 0.0000000 0.99982917 0.99609005
1309326569 0.0000000 0.77722883 0.43211395
1309474048 0.0000000 0.99676675 0.99110466
1309601047 0.0000000 0.89610124 0.77444535
1309696244 0.0000000 0.99421602 0.98647988
1309953539 0.0000000 0.99904269 0.99539489
1310469430 0.0000000 0.99987131 0.99737537
1310541580 0.0000000 0.99574000 0.99008811
1310928323 0.0000000 0.99958324 0.99719191
1311000534 0.0000000 0.99954528 0.99738497
1311084070 0.0000000 0.99978644 0.99763918
1311142337 0.0000000 0.98899716 0.97757721
1311692424 0.0000000 0.98689395 0.97358948
1313100452 0.0000000 0.99742812 0.99307102
1314264913 0.0000000 0.99978173 0.99728644
1314789752 0.0000000 0.99834400 0.99488169
1315538819 0.0000000 0.99831146 0.99475163
1315635988 0.0000000 0.94560719 0.89091241
1315804512 0.0000000 0.99690515 0.99201536
1316643513 0.0000000 0.99972600 0.99706489
1316653258 0.0000000 0.99969113 0.99675113
1317835272 0.0000000 0.45209908 -2.8472600
1318175665 0.0000000 0.99864328 0.99480480
1318478724 0.0000000 0.98542339 0.97020805
1319945023 0.0000000 0.99774575 0.99240208
1320074224 0.0000000 0.99540287 0.98776913
1320721143 0.0000000 0.99983341 0.99580413
1321061921 0.0000000 0.99748611 0.99148762
1322787324 0.0000000 0.99991381 0.99973881
1322993584 0.0000000 0.99924034 0.99839723
1323861170 0.0000000 0.99961364 0.99913323
1323909341 0.0000000 0.99966055 0.99924558
1324582798 0.0000000 0.99966383 0.99923646
1325660397 0.0000000 0.99976945 0.99939752
1326181267 0.0000000 0.99585617 0.99172246
1326728445 0.0000000 0.99447232 0.98897308
1327107001 0.0000000 0.99959731 0.99905366
1327480583 0.0000000 0.99883705 0.99761569
1327824459 0.0000000 0.99842840 0.99683094
1328324062 0.0000000 0.99975842 0.99943155
1328459111 0.0000000 0.99948364 0.99888927
1330223700 0.0000000 0.99994099 0.99981177
1330883534 0.0000000 0.98956698 0.97918993
1332071890 0.0000000 0.99836719 0.99671119
1332086295 0.0000000 0.98743021 0.97453088
1332373478 0.0000000 0.99990320 0.99979961
1333258441 0.0000000 0.99820602 0.99641269
1333828758 0.0000000 0.99954426 0.99906796
1333921411 0.0000000 0.99984318 0.99966633
1334227165 0.0000000 0.99979377 0.99957550
1334800688 0.0000000 0.99990696 0.99977577
1335409258 0.0000000 0.93240941 0.85206103
1335538115 0.0000000 0.99984199 0.99967659
1338362741 0.0000000 0.99988729 0.99976909
1338842309 0.0000000 0.99976099 0.99948764
1338890190 0.0000000 0.99955136 0.99906343
1338944914 0.0000000 0.99991429 0.99981326
1338944979 0.0000000 0.99988729 0.99975824
1338945045 0.0000000 0.99973345 0.99944204
1339216879 0.0000000 0.99988079 0.99975443
1339275618 0.0000000 0.99990124 0.99978101
1339278860 0.0000000 0.99912333 0.99822807
1339309409 0.0000000 0.99953616 0.99902952
1339575740 0.0000000 0.99948734 0.99896407
1339598466 0.0000000 0.99848086 0.99695122
1339646879 0.0000000 0.99983788 0.99960428
1339690513 0.0000000 0.99986815 0.99970442
1339702255 0.0000000 0.99987936 0.99971664
1339923712 0.0000000 0.99992287 0.99979985
1341299876 0.0000000 0.99944448 0.99884474
1341924177 0.0000000 0.99639380 0.99279535
1342405200 0.0000000 0.99810266 0.99619222
1344277570 0.0000000 0.99878424 0.99754840
1344910008 0.0000000 0.99956238 0.99911511
1344941743 0.0000000 0.99986285 0.99972385
1345138860 0.0000000 0.99968880 0.99933082
1345234802 0.0000000 0.74070954 0.51410139
1346380382 0.0000000 0.90616578 0.78696430
1346415099 0.0000000 0.99967664 0.99932730
1346415834 0.0000000 0.99946582 0.99888915
1346788818 0.0000000 0.99987435 0.99971384
1346816730 0.0000000 0.99808490 0.99616176
1348523853 0.0000000 0.99988133 0.99974191
1350722979 0.0000000 0.99977213 0.99945682
1350800865 0.0000000 0.99471545 0.98945349
1351161077 0.0000000 0.99990100 0.99970281
1352122829 0.0000000 0.99990028 0.99961680
1352554787 0.0000000 0.98332298 0.96640432
1353431341 0.0000000 0.99987739 0.99965644
1353536726 0.0000000 0.99962258 0.99909127
1354158772 0.0000000 0.99961120 0.99909431
1354470336 0.0000000 0.99991661 0.99967426
1354477411 0.0000000 0.99989015 0.99961340
1354976814 0.0000000 0.99936515 0.99857640
1355221924 0.0000000 0.99983990 0.99947011
1356243184 0.0000000 0.99887502 0.99762976
1356319072 0.0000000 0.99967617 0.99926782
1356487597 0.0000000 0.99971682 0.99928522
1356883405 0.0000000 0.99988329 0.99968374
1357128106 0.0000000 0.99978489 0.99946523
1357236484 0.0000000 0.99975735 0.99937075
1357270197 0.0000000 0.99964017 0.99913025
1357331931 0.0000000 0.99944526 0.99872643
1357541346 0.0000000 0.99985266 0.99955320
1357994057 0.0000000 0.99919736 0.99826074
1358411441 0.0000000 0.99972075 0.99929672
1358708986 0.0000000 0.99976301 0.99941361
1359776392 0.0000000 0.99990708 0.99968928
1361064727 0.0000000 0.99895525 0.99781197
1361239965 0.0000000 0.99987745 0.99955982
1361256759 0.0000000 0.99968106 0.99927527
1361373628 0.0000000 0.99983186 0.99955457
1361471757 0.0000000 0.99979889 0.99936134
1361665659 0.0000000 0.99143535 0.98284316
1362386544 0.0000000 0.99974430 0.99938107
1362609444 0.0000000 0.99642193 0.99282867
1362627405 0.0000000 0.99991500 0.99971849
1362643640 0.0000000 0.99958736 0.99907178
1363079024 0.0000000 0.99946517 0.99876064
1363764120 0.0000000 0.99654669 0.99300265
1364349799 0.0000000 0.99990088 0.99969876
1364349845 0.0000000 0.99992311 0.99973363
1364355002 0.0000000 0.99980497 0.99942744
1364690983 0.0000000 0.99284613 0.98573542
1365625224 0.0000000 0.99983603 0.99957681
1366061297 0.0000000 0.93948632 0.87013173
1366432589 0.0000000 0.99744469 0.99485081
1366513671 0.0000000 0.99826425 0.99645913
1369110346 0.0000000 0.99980479 0.99950588
1369124755 0.0000000 0.99982882 0.99952757
1369791239 0.0000000 0.99851495 0.99701536
1369883683 0.0000000 0.98030877 0.95993209
1370118743 0.0000000 0.99321699 0.98637587
1370151783 0.0000000 0.98988152 0.97662801
1370623082 0.0000000 0.99984902 0.99965954
1372241957 0.0000000 0.98806000 0.97591478
1372463510 0.0000000 0.99978697 0.99956620
1373829868 0.0000000 0.99982691 0.99962384
1373895699 0.0000000 0.99937683 0.99873888
1373969495 0.0000000 0.99993259 0.99980074
1374677225 0.0000000 0.99987626 0.99958408
1374679935 0.0000000 0.99987453 0.99965417
1376837821 0.0000000 0.99883157 0.99759090
1377205321 0.0000000 0.99562293 0.99125093
1377355603 0.0000000 0.99992055 0.99972296
1377407246 0.0000000 0.96788925 0.93333834
1378247005 0.0000000 0.99923706 0.99838257
1378467231 0.0000000 0.99985325 0.99962366
1379475197 0.0000000 0.98304582 0.96588582
1380542719 0.0000000 0.99981809 0.99956191
1381466759 0.0000000 0.99651998 0.99304008
1381684855 0.0000000 0.99958342 0.99910825
1382170436 0.0000000 0.99410117 0.98821455
1382919848 0.0000000 0.99844605 0.99684089
1383069011 0.0000000 0.99699992 0.99397326
1383085061 0.0000000 0.99427193 0.98849016
1383220929 0.0000000 0.58373135 -0.11981905
1383227120 0.0000000 0.99986547 0.99964768
1383227831 0.0000000 0.99988586 0.99968153
1383234448 0.0000000 0.99991119 0.99975008
1383263545 0.0000000 0.99980801 0.99953598
1383450194 0.0000000 0.99981713 0.99952322
1383519374 0.0000000 0.99986869 0.99965358
1383809110 0.0000000 0.99442685 0.98884636
1383809501 0.0000000 0.99719900 0.99438727
1383989687 0.0000000 0.99837208 0.99672323
1384145710 0.0000000 0.99875265 0.99748236
1384544358 0.0000000 0.99980539 0.99956805
1385019362 0.0000000 0.98908144 0.97809362
1386347977 0.0000000 0.84893489 0.61958098
1386357780 0.0000000 0.99725586 0.99451154
1387916955 0.0000000 0.99971843 0.99940765
1389034180 0.0000000 0.99868774 0.99737072
1389204911 0.0000000 0.99989712 0.99979395
1389717867 0.0000000 0.99987906 0.99969590
1389724692 0.0000000 0.99992335 0.99983054
1389729005 0.0000000 0.99995935 0.99990910
1389740803 0.0000000 0.99987245 0.99972975
1389904819 0.0000000 0.99307817 0.98614287
1390517490 0.0000000 0.99893749 0.99786401
1390619771 0.0000000 0.99990469 0.99978441
1391790286 0.0000000 0.98881352 0.97727197
1393014317 0.0000000 0.99984443 0.99967521
1393065064 0.0000000 0.99810070 0.99611628
1393759985 0.0000000 0.99865460 0.99727464
1393791078 0.0000000 0.99951994 0.99903911
1394913876 0.0000000 0.99876082 0.99750632
1395061976 0.0000000 0.99580491 0.99158430
1395231566 0.0000000 0.99987549 0.99975067
1397097485 0.0000000 0.99925947 0.99851078
1397746253 0.0000000 0.98555857 0.97050369
1398443585 0.0000000 0.99986696 0.99970657
1399207416 0.0000000 0.99969810 0.99935234
1399278483 0.0000000 0.93930888 0.86963844
1399745740 0.0000000 0.98967427 0.97904623
1399746271 0.0000000 0.99869931 0.99737746
1400631673 0.0000000 0.78908420 0.42587525
1401021673 0.0000000 0.99991709 0.99982291
1401296286 0.0000000 0.98708451 0.97341651
1402085900 0.0000000 0.86542279 0.66668868
1402313583 0.0000000 0.97556132 0.94994682
1402624068 0.0000000 0.60544676 -0.64545667
1402784563 0.0000000 0.99923038 0.99842286
1403034553 0.0000000 0.99122399 0.98229229
1403317269 0.0000000 0.99716961 0.99428499
1403439974 0.0000000 0.99956244 0.99906546
1404774365 0.0000000 0.99584424 0.99168974
1404925818 0.0000000 0.99492836 0.98980999
1405577514 0.0000000 0.99974108 0.99944669
1407296767 0.0000000 0.99575841 0.99151701
1407544588 0.0000000 0.38438809 -4.4469013
1408047770 0.0000000 0.99399418 0.98797220
1410046387 0.0000000 0.98053873 0.95960027
1410325949 0.0000000 0.92159122 0.82783550
1410382444 0.0000000 0.97631568 0.95192891
1411247643 0.0000000 0.99976075 0.99946940
1411641303 0.0000000 0.99991798 0.99982566
1412009058 0.0000000 0.95213312 0.89833844
1412705290 0.0000000 0.99983066 0.99959630
1413207959 -33.900002 4.21762392E-02 -0.11552787
1414298821 0.0000000 0.99953002 0.99896020
1416419181 0.0000000 0.99990100 0.99977356
1416419227 0.0000000 0.99989957 0.99977493
1416540553 0.0000000 0.99985665 0.99968785
1417557685 0.0000000 0.99984854 0.99968719
1417655668 0.0000000 0.99925852 0.99849463
1418245419 0.0000000 0.99992448 0.99982512
1418533563 0.0000000 0.99971652 0.99938583
1419682925 0.0000000 0.99900770 0.99798936
1419947441 0.0000000 0.99725133 0.99441636
1419995164 0.0000000 0.99982101 0.99962252
1420012476 0.0000000 0.99984145 0.99966252
1420437226 0.0000000 0.99965441 0.99929029
1420606112 0.0000000 0.99990970 0.99981093
1420742654 0.0000000 0.99188149 0.98343164
1421435535 0.0000000 0.99969274 0.99935466
1421639313 0.0000000 0.99978232 0.99953848
1422083726 0.0000000 0.99966508 0.99929804
1422374758 0.0000000 0.99747241 0.99482971
1422958210 0.0000000 0.99879783 0.99754763
1423037687 0.0000000 0.99858570 0.99713361
1423603888 0.0000000 0.90242016 0.76488674
1423726535 0.0000000 0.99969631 0.99936968
1423857991 0.0000000 0.99992859 0.99980789
1424969403 0.0000000 0.99966156 0.99930215
1426114954 0.0000000 0.99781686 0.99551207
1426344314 0.0000000 0.99956203 0.99909550
1426852891 0.0000000 0.99932295 0.99859989
1427105631 0.0000000 0.99944752 0.99889112
1427483378 0.0000000 0.99974287 0.99943370
1428208678 0.0000000 0.99666023 0.99315286
1428320250 0.0000000 0.99980903 0.99960238
1428945237 0.0000000 0.99989474 0.99977857
1429127316 0.0000000 0.99987441 0.99969769
1429494176 0.0000000 0.99991763 0.99981242
1429494550 0.0000000 0.99978393 0.99954349
1429528847 0.0000000 0.99990654 0.99981105
1429530313 0.0000000 0.99991411 0.99981391
1429531199 0.0000000 0.99992710 0.99983311
1429992097 0.0000000 0.99989235 0.99975705
1430658547 0.0000000 0.99981815 0.99959457
1431333501 0.0000000 0.99991965 0.99980289
1431387795 0.0000000 0.99982005 0.99959630
1431628549 0.0000000 0.99982643 0.99961579
1432588969 0.0000000 0.99991858 0.99976718
1432601816 0.0000000 0.99987072 0.99973655
1432799863 0.0000000 0.99976385 0.99947649
1434467768 0.0000000 0.99980575 0.99953246
1434867330 0.0000000 0.99983019 0.99964279
1435335400 0.0000000 0.99976599 0.99946654
1438066750 0.0000000 0.99978876 0.99955946
1438936857 0.0000000 0.99795258 0.99582821
1439209234 0.0000000 0.95849776 0.91141236
1439418087 0.0000000 0.99721003 0.99435347
1439474882 0.0000000 0.99989265 0.99977607
1439699200 0.0000000 0.98875636 0.97695518
1441113885 0.0000000 0.99988019 0.99976379
1441128847 0.0000000 0.99981046 0.99961632
1441160293 0.0000000 0.99925876 0.99850053
1441898607 0.0000000 0.99982309 0.99963427
1442339782 0.0000000 0.99983484 0.99965620
1442345855 0.0000000 0.99990231 0.99980885
1442345878 0.0000000 0.99990207 0.99980938
1442408939 0.0000000 0.99991888 0.99983823
1442410226 0.0000000 0.99942458 0.99883896
1442413798 0.0000000 0.99956548 0.99911356
1443074281 0.0000000 0.99985832 0.99970478
1443555465 0.0000000 0.99967104 0.99931681
1444648487 0.0000000 0.99990475 0.99978703
1444736944 0.0000000 0.99979305 0.99957216
1444953165 0.0000000 0.99971265 0.99942279
1444953267 0.0000000 0.99954808 0.99908787
1445014914 0.0000000 0.99938393 0.99875706
1445221055 0.0000000 0.99991536 0.99982280
1445233331 0.0000000 0.99944800 0.99889296
1445239215 0.0000000 0.99948967 0.99897909
1446412182 0.0000000 0.99993026 0.99983829
1446412281 0.0000000 0.99990535 0.99980104
1446509184 0.0000000 0.99969101 0.99937826
1446509190 0.0000000 0.99969363 0.99938333
1446714386 0.0000000 0.99973327 0.99945569
1447167192 0.0000000 0.99827743 0.99656075
1447255999 0.0000000 0.99976665 0.99952054
1447277516 0.0000000 0.99858189 0.99714613
1448316095 0.0000000 0.99111032 0.98177862
1448671943 0.0000000 0.99893838 0.99783486
1449033717 0.0000000 0.99979907 0.99958313
1449035580 0.0000000 0.99969161 0.99937356
1449153073 0.0000000 0.99990499 0.99980259
1449935242 0.0000000 0.99977046 0.99953771
1450510821 0.0000000 0.97165829 0.94040662
1450536811 0.0000000 0.99708247 0.99406779
1450992022 0.0000000 0.99985075 0.99969685
1451199638 0.0000000 0.99902636 0.99793684
1451327726 0.0000000 0.99952602 0.99899846
1451523194 0.0000000 0.99749017 0.99482352
1451829690 0.0000000 0.99952483 0.99901450
1451928000 0.0000000 0.99848247 0.99692070
1452487977 0.0000000 0.99986255 0.99970114
1453169606 0.0000000 0.99992561 0.99980909
1453824336 0.0000000 0.99710590 0.99410200
1454422761 0.0000000 0.99990904 0.99979347
1454702246 0.0000000 0.99994797 0.99986058
1454702308 0.0000000 0.99993569 0.99985790
1454702406 0.0000000 0.99992651 0.99979514
1454702512 0.0000000 0.99987632 0.99971527
1454978820 0.0000000 0.99991792 0.99980658
1455590759 0.0000000 0.99992776 0.99981517
1455595494 0.0000000 0.99994993 0.99985486
1455757779 0.0000000 0.99993628 0.99983990
1455758311 0.0000000 0.99991900 0.99979216
1456215987 0.0000000 0.99965852 0.99925739
1456541993 0.0000000 0.99973851 0.99942493
1457201466 0.0000000 0.99932498 0.99856246
1457276938 0.0000000 0.99963874 0.99921429
1459152479 0.0000000 0.99968249 0.99926317
1459502085 0.0000000 0.98461789 0.96820217
1459988008 0.0000000 0.99545735 0.99061781
1460294506 0.0000000 0.99742389 0.99463552
1460353509 0.0000000 0.99985498 0.99968749
1460804146 0.0000000 0.99981552 0.99957669
1461082597 0.0000000 0.99453014 0.98871052
1461607991 0.0000000 0.99871957 0.99731833
1461770234 0.0000000 0.99992722 0.99982345
1461770257 0.0000000 0.99992752 0.99982429
1461770858 0.0000000 0.99987817 0.99972063
1461781146 0.0000000 0.34695607 -9.81720686E-02
1461806086 0.0000000 0.99849159 0.99692023
1462056417 0.0000000 0.99950105 0.99893981
1462199340 0.0000000 0.99959368 0.99913013
1462521203 0.0000000 0.99985534 0.99967659
1462632669 0.0000000 0.99968278 0.99931651
1462675593 0.0000000 0.99980092 0.99953490
1463023035 0.0000000 0.99994266 0.99985725
1463023251 0.0000000 0.99918187 0.99826396
1463023282 0.0000000 0.99898291 0.99787617
1463027395 0.0000000 0.99992549 0.99977440
1463127852 0.0000000 0.99983692 0.99962610
1463195522 0.0000000 0.99943495 0.99878472
1463196768 0.0000000 0.99990016 0.99977940
1463530965 0.0000000 0.99983680 0.99955344
1463863900 0.0000000 0.99992234 0.99980521
1463882779 0.0000000 0.99982822 0.99959981
1464184475 0.0000000 0.95484787 0.90242386
1464544116 0.0000000 0.99977243 0.99950296
1464576767 0.0000000 0.99939656 0.99875039
1464630651 0.0000000 0.99962389 0.99919075
1464672226 0.0000000 0.99992669 0.99978399
1466204142 0.0000000 0.99797595 0.99582970
1466383187 0.0000000 0.99988598 0.99969798
1466409210 0.0000000 0.99921924 0.99836749
1466715930 0.0000000 0.99986368 0.99969071
1467361422 0.0000000 0.99976885 0.99949431
1469019333 0.0000000 0.99973005 0.99937207
1469592155 0.0000000 0.99978918 0.99953473
1471008941 0.0000000 0.99544454 0.99070239
1471908408 0.0000000 0.99968606 0.99934536
1472660934 0.0000000 0.99976194 0.99949467
1473440050 0.0000000 0.99964678 0.99925739
1475055492 0.0000000 0.99972183 0.99938488
1475769120 0.0000000 0.99992728 0.99981344
1477370752 0.0000000 0.99990129 0.99979800
1478519786 0.0000000 0.99985498 0.99970597
1478903131 0.0000000 0.99988014 0.99975830
1480024554 0.0000000 0.99988234 0.99976373
1480377579 0.0000000 0.99960166 0.99918801
1480507474 0.0000000 0.99991077 0.99980879
1481256588 0.0000000 0.99979514 0.99958599
1481811269 0.0000000 0.99993241 0.99985772
1483057851 0.0000000 0.99971855 0.99942815
1483513641 0.0000000 0.99969262 0.99935073
1484155863 0.0000000 0.99977982 0.99953616
1484797338 0.0000000 0.99493253 0.98972523
1484900187 0.0000000 0.99873167 0.99743211
1485329586 0.0000000 0.99961835 0.99917436
1486746772 0.0000000 0.99992061 0.99981952
1487420859 0.0000000 0.99978614 0.99955153
1487652197 0.0000000 0.97758460 0.95397675
1488212310 0.0000000 0.99980432 0.99956477
1488924651 0.0000000 0.99977678 0.99952078
1489967289 0.0000000 0.99908805 0.99814647
1490066029 0.0000000 0.98337537 0.96550387
1490805242 0.0000000 0.99970990 0.99935693
1492112471 0.0000000 0.99979424 0.99955690
1492367656 0.0000000 0.99985331 0.99966687
1493517442 0.0000000 0.99994493 0.99983901
1493960850 0.0000000 0.99986488 0.99966824
1493986611 0.0000000 0.97097433 0.93772095
1494889974 0.0000000 0.99991667 0.99973863
1494932580 0.0000000 0.99798805 0.99583185
1495631454 0.0000000 0.99987346 0.99974656
1495691291 0.0000000 0.99981272 0.99958807
1495956669 0.0000000 0.99622709 0.99207056
1495999757 0.0000000 0.99956965 0.99909323
1496582686 0.0000000 0.99977815 0.99951428
1497967350 0.0000000 0.97511202 0.94764388
1498029939 0.0000000 0.99979329 0.99954301
1500318986 0.0000000 0.99976170 0.99946374
1501139292 0.0000000 0.99963045 0.99919778
1501845585 0.0000000 0.99988306 0.99968600
1502294736 0.0000000 0.99986565 0.99970388
1502416734 0.0000000 0.99979722 0.99958849
1502582915 0.0000000 0.99983335 0.99963576
1504364658 0.0000000 0.99963850 0.99924242
1505096741 0.0000000 0.99927968 0.99847066
1505687994 0.0000000 0.99987411 0.99973470
1505917796 0.0000000 0.99983829 0.99965423
1506232185 0.0000000 0.99958712 0.99913323
1506549399 0.0000000 0.99949723 0.99891627
1507505391 0.0000000 0.99984568 0.99966395
1507747520 0.0000000 0.99960691 0.99919397
1508582157 0.0000000 0.99922335 0.99839765
1509318944 0.0000000 0.99988431 0.99974388
1509677295 0.0000000 0.99990153 0.99979204
1509677339 0.0000000 0.99989671 0.99978453
1509752088 0.0000000 0.99986368 0.99972749
1510398879 0.0000000 0.99984813 0.99966782
1510402973 0.0000000 0.99986005 0.99969482
1510440860 0.0000000 0.99838310 0.99667430
1510947032 0.0000000 0.99958599 0.99915427
1511360409 0.0000000 0.99992085 0.99983424
1511470532 0.0000000 0.99991113 0.99980128
1512230735 0.0000000 0.99789971 0.99573427
1512377977 0.0000000 0.99978966 0.99955320
1512704669 0.0000000 0.99983466 0.99966425
1513120660 0.0000000 0.99949509 0.99894446
1516168751 0.0000000 0.99972963 0.99939203
1516984288 0.0000000 0.99986988 0.99969506
1517686257 0.0000000 0.99983263 0.99962592
1517749972 0.0000000 0.99992633 0.99982345
1517752600 0.0000000 0.99993169 0.99983120
1517752662 0.0000000 0.99995303 0.99987257
1517753127 0.0000000 0.99972677 0.99941641
1517753452 0.0000000 0.99992806 0.99983793
1517753522 0.0000000 0.99992800 0.99983859
1517753592 0.0000000 0.99992698 0.99983621
1517753815 0.0000000 0.99988174 0.99972379
1517758427 0.0000000 0.99983007 0.99962938
1517763262 0.0000000 0.99974984 0.99947017
1517821602 0.0000000 0.99986446 0.99968904
1517823894 0.0000000 0.99982142 0.99961483
1517846321 0.0000000 0.99992460 0.99982977
1517852233 0.0000000 0.99973458 0.99944901
1517893754 0.0000000 0.99992615 0.99981922
1517906208 0.0000000 0.99988067 0.99974072
1517932241 0.0000000 0.99992692 0.99983186
1517932280 0.0000000 0.99993247 0.99983758
1517932282 0.0000000 0.99992627 0.99982059
1517932427 0.0000000 0.99992532 0.99982649
1517932434 0.0000000 0.99992567 0.99982560
1517932492 0.0000000 0.99991238 0.99980432
1517933877 0.0000000 0.99990565 0.99978507
1517940013 0.0000000 0.99993211 0.99982947
1517940459 0.0000000 0.99989790 0.99973929
1517944528 0.0000000 0.99991983 0.99981695
1517945796 0.0000000 0.99992418 0.99982303
1517950582 0.0000000 0.99991626 0.99980503
1517958702 0.0000000 0.99991423 0.99976957
1517960631 0.0000000 0.99991089 0.99979186
1517969882 0.0000000 0.99991417 0.99976438
1517974578 0.0000000 0.99991858 0.99980116
1517998787 0.0000000 0.99972922 0.99940735
1518001985 0.0000000 0.99987996 0.99973691
1518008800 0.0000000 0.99992990 0.99982417
1518008880 0.0000000 0.99984443 0.99965459
1518013159 0.0000000 0.99990630 0.99978900
1518016890 0.0000000 0.99992597 0.99978977
1518016916 0.0000000 0.99992746 0.99979198
1518051257 0.0000000 0.99991292 0.99980986
1518059164 0.0000000 0.99989045 0.99974662
1518142443 0.0000000 0.99991167 0.99979919
1518201789 0.0000000 0.99990928 0.99979562
1518248929 0.0000000 0.99984080 0.99963915
1518858396 0.0000000 0.99982285 0.99957246
1518981709 0.0000000 0.99981993 0.99961764
1519051621 0.0000000 0.99984103 0.99965274
1519254641 0.0000000 0.99986190 0.99966729
1519583320 0.0000000 0.99992645 0.99983573
1519962147 0.0000000 0.99978727 0.99954450
1520098551 0.0000000 0.99987710 0.99970555
1520329330 0.0000000 0.99947441 0.99890596
1521024527 0.0000000 0.99872953 0.99744695
1521537776 0.0000000 0.99983817 0.99964058
1521728871 0.0000000 0.99955803 0.99909443
1522232997 0.0000000 0.99949652 0.99894464
1522282670 0.0000000 0.99988550 0.99973190
1522598524 0.0000000 0.99950272 0.99887812
1523432369 0.0000000 0.99934328 0.99855900
1523886539 0.0000000 0.99988592 0.99966067
1524201906 0.0000000 0.99794716 0.99568474
1524248877 0.0000000 0.98210263 0.96243876
1524308214 0.0000000 0.99983180 0.99959600
1524503432 0.0000000 0.99963611 0.99924922
1524721460 0.0000000 0.99926168 0.99844784
1524721601 0.0000000 0.99842674 0.99674565
1524808553 0.0000000 0.99901545 0.99792236
1525218424 0.0000000 0.99986267 0.99967253
1526098666 0.0000000 0.99869823 0.99729902
1527728598 0.0000000 0.99992895 0.99979848
1527904870 0.0000000 0.99993891 0.99986577
1528731725 0.0000000 0.99982798 0.99962544
1528750347 0.0000000 0.99986964 0.99969667
1528856173 0.0000000 0.99769080 0.99520272
1529096035 0.0000000 0.99981511 0.99957007
1529334375 0.0000000 0.99807578 0.99606901
1529522338 0.0000000 0.99967492 0.99930245
1530516370 0.0000000 0.99990797 0.99975759
1530516385 0.0000000 0.99990761 0.99975729
1530609654 0.0000000 0.99990577 0.99976891
1531312909 0.0000000 0.99983096 0.99959964
1531507119 0.0000000 0.99991709 0.99977773
1532050755 0.0000000 0.99960101 0.99914920
1533217098 0.0000000 0.99989384 0.99975497
1533504622 0.0000000 0.99765211 0.99517864
1533801692 0.0000000 0.99883330 0.99758136
1534500582 0.0000000 0.99991316 0.99981445
1534551317 0.0000000 0.99992931 0.99985993
1535572403 0.0000000 0.99739498 0.99471498
1535660064 0.0000000 0.99856764 0.99700099
1536498994 0.0000000 0.99972349 0.99939358
1536641006 0.0000000 0.99984634 0.99966049
1536700815 0.0000000 0.99966085 0.99928862
1538633849 0.0000000 0.99947113 0.99888313
1538766649 0.0000000 0.99435216 0.98830503
1539072778 0.0000000 0.99985093 0.99964511
1539164591 0.0000000 0.99937356 0.99870348
1540269298 0.0000000 0.99991447 0.99980909
1540310644 0.0000000 0.99988818 0.99976891
1541624711 0.0000000 0.99982715 0.99957931
1541712486 0.0000000 0.99876362 0.99750352
1542328459 0.0000000 0.99962914 0.99921155
1542608341 0.0000000 0.99981922 0.99963105
1542638415 0.0000000 0.99945474 0.99887842
1542645094 0.0000000 0.99916381 0.99827904
1543190243 0.0000000 0.99993294 0.99982345
1543191316 0.0000000 0.99769479 0.99529749
1543236658 0.0000000 0.99909455 0.99814987
1543238642 0.0000000 0.99421138 0.98811269
1543314575 0.0000000 0.99930298 0.99857342
1544368541 0.0000000 0.99979353 0.99956948
1544439487 0.0000000 0.99988294 0.99972987
1544621063 0.0000000 0.99991530 0.99981397
1544908865 0.0000000 0.99984604 0.99967343
1545710204 0.0000000 0.99969548 0.99935210
1546538568 0.0000000 0.99992508 0.99981672
1546949806 0.0000000 0.99992418 0.99979949
1548127166 0.0000000 0.99989045 0.99974132
1548825695 0.0000000 0.99985391 0.99969131
1548861293 0.0000000 0.99984443 0.99962085
1549366351 0.0000000 0.99908590 0.99812782
1549558324 0.0000000 0.99991739 0.99980903
1550239687 0.0000000 0.99985510 0.99969143
1551558867 0.0000000 0.98947006 0.97809631
1552012334 0.0000000 0.99993217 0.99982405
1552127531 0.0000000 0.97500384 0.94737422
1552421955 0.0000000 0.99984634 0.99966967
1552451554 0.0000000 0.99987525 0.99973166
1552511242 0.0000000 0.99991167 0.99976367
1552697151 0.0000000 0.99986356 0.99970788
1552968094 0.0000000 0.99951047 0.99895048
1553256348 0.0000000 0.99957150 0.99908048
1553414210 0.0000000 0.99897611 0.99788338
1554087275 0.0000000 0.99958402 0.99909049
1554172029 0.0000000 0.99662030 0.99297816
1554256375 0.0000000 0.99994820 0.99984080
1554343015 0.0000000 0.99994689 0.99985188
1554382610 0.0000000 0.99981564 0.99955535
1554499495 0.0000000 0.99982560 0.99956149
1554706689 0.0000000 0.99978828 0.99949038
1554822801 0.0000000 0.99992460 0.99982047
1554841453 0.0000000 0.99992263 0.99980897
1554850672 0.0000000 0.99988300 0.99973673
1555563667 0.0000000 0.99989015 0.99972838
1556793883 0.0000000 0.99973005 0.99941707
1556970683 0.0000000 0.99733090 0.99457473
1557330527 0.0000000 0.99928701 0.99850166
1557737721 0.0000000 0.99973518 0.99940455
1558197514 0.0000000 0.99975234 0.99946475
1558379328 0.0000000 0.99481082 0.98942482
1558489044 0.0000000 0.99972540 0.99927950
1558591969 0.0000000 0.99986243 0.99967283
1559317998 0.0000000 0.99993283 0.99981302
1559641578 0.0000000 0.99993336 0.99979496
1559762840 0.0000000 0.99989891 0.99977285
1560870606 0.0000000 0.97835356 0.95507610
1561237205 0.0000000 0.99941319 0.99879628
1561242160 0.0000000 0.99963504 0.99923813
1561825206 0.0000000 0.99907362 0.99811041
1561837452 0.0000000 0.99987346 0.99966300
1562610935 0.0000000 0.99981856 0.99960411
1562880116 0.0000000 0.99985820 0.99968547
1563275550 0.0000000 0.99951088 0.99898422
1563531230 0.0000000 0.99981129 0.99954844
1563768365 0.0000000 0.99742454 0.99472380
1563850922 0.0000000 0.99729991 0.99445224
1564123196 0.0000000 0.99935192 0.99866241
1564190683 0.0000000 0.99992555 0.99981630
1564649429 0.0000000 0.99733585 0.99456489
1564753988 0.0000000 0.99993479 0.99986261
1564784683 0.0000000 0.99992669 0.99984998
1565054388 0.0000000 0.99992764 0.99984646
1565055090 0.0000000 0.99990845 0.99981207
1565213283 0.0000000 0.99994189 0.99988252
1565218942 0.0000000 0.99906224 0.99811244
1565905300 0.0000000 0.99985695 0.99969941
1566053525 0.0000000 0.99990028 0.99979556
1566053530 0.0000000 0.99990028 0.99979544
1566074882 0.0000000 0.99897552 0.99794424
1566101114 0.0000000 0.99991369 0.99982959
1566598377 0.0000000 0.97296882 0.94408095
1566648618 0.0000000 0.99160719 0.98305637
1567237819 0.0000000 0.99987829 0.99974507
1567471650 0.0000000 0.99990946 0.99980378
1567604000 0.0000000 0.99934375 0.99867648
1567917359 0.0000000 0.99846888 0.99692911
1568005668 0.0000000 0.99965763 0.99930668
1568095682 0.0000000 0.99985737 0.99970520
1569863578 0.0000000 0.99985182 0.99968505
1570468626 0.0000000 0.99926209 0.99851108
1571312673 0.0000000 0.99991167 0.99981260
1571861758 0.0000000 0.97319728 0.94459653
1572218883 0.0000000 0.99904799 0.99807793
1573491297 0.0000000 0.99771041 0.99536926
1573495893 0.0000000 0.99820250 0.99638522
1574645562 0.0000000 0.99985117 0.99970490
1575564604 0.0000000 0.99398071 0.98774457
1575660753 0.0000000 0.99961305 0.99922663
1576495557 0.0000000 0.99986434 0.99971557
1577769501 0.0000000 0.98515511 0.97014564
1577819410 0.0000000 0.99991071 0.99981159
1578293635 0.0000000 0.99991184 0.99981469
1578510402 0.0000000 0.99967897 0.99934661
1579404154 0.0000000 0.99918509 0.99836552
1579703564 0.0000000 0.99954647 0.99907953
1580749376 0.0000000 0.99981076 0.99962252
1581076659 0.0000000 0.99948257 0.99894458
1581616159 0.0000000 0.99981815 0.99963719
1581629921 0.0000000 0.99978292 0.99955601
1581764406 0.0000000 0.99991977 0.99983883
1581764700 0.0000000 0.99992174 0.99982911
1581794413 0.0000000 0.99993539 0.99986523
1582090065 0.0000000 0.99988401 0.99976391
1582113307 0.0000000 0.99978334 0.99954528
1582546233 0.0000000 0.99987382 0.99973643
1582592414 0.0000000 0.99895918 0.99790877
1582629242 0.0000000 0.99989814 0.99979675
1582695255 0.0000000 0.99983829 0.99967122
1584677477 0.0000000 0.99882877 0.99764585
1585787701 0.0000000 0.92405075 0.82637107
1586304460 0.0000000 0.99920720 0.99831527
1586389759 0.0000000 0.99967462 0.99931759
1586537097 0.0000000 0.99990571 0.99976689
1586691401 0.0000000 0.99990916 0.99980819
1587481331 0.0000000 0.99949723 0.99892366
1588476280 0.0000000 0.99991369 0.99977911
1589003116 0.0000000 0.99975020 0.99942809
1589548020 0.0000000 0.95298898 0.89858669
1589756010 0.0000000 0.99966061 0.99925333
1589910785 0.0000000 0.99383986 0.98734498
1590311534 0.0000000 0.84382504 0.59194934
1590359490 0.0000000 0.99984354 0.99966455
1590694463 0.0000000 0.99981487 0.99958527
1590843750 0.0000000 0.99985528 0.99967861
1591494563 0.0000000 0.99984908 0.99966979
1591839506 0.0000000 0.99966145 0.99921215
1591921295 0.0000000 0.99975365 0.99946231
1592079539 0.0000000 0.99989235 0.99977034
1592349420 0.0000000 0.99855834 0.99704158
1593214064 0.0000000 0.99991339 0.99979073
1593241888 0.0000000 0.99954456 0.99906361
1593407313 0.0000000 0.99964851 0.99924451
1593435168 0.0000000 0.99979311 0.99954772
1593519432 0.0000000 0.99973792 0.99940550
1594227272 0.0000000 0.99951351 0.99895644
1594265063 0.0000000 0.99949455 0.99896014
1594267923 0.0000000 0.99883997 0.99759597
1594526768 0.0000000 0.99449474 0.98859292
1594546164 0.0000000 0.95599973 0.90465951
1595767949 0.0000000 0.99989873 0.99979496
1597107665 0.0000000 0.99920952 0.99825430
1597123796 0.0000000 0.99824643 0.99626482
1597187246 0.0000000 0.99936706 0.99859130
1597774608 0.0000000 0.99718255 0.99403822
1597797181 0.0000000 0.99977118 0.99944866
1597806811 0.0000000 0.99983740 0.99958748
1598480108 0.0000000 0.99982327 0.99955493
1598847265 0.0000000 0.96699750 0.92900670
1599036279 0.0000000 0.99983037 0.99948972
1600306672 0.0000000 0.99989402 0.99966311
1600833602 0.0000000 0.99987447 0.99965096
1601017581 0.0000000 0.99988943 0.99961305
1601326254 0.0000000 0.99991798 0.99977773
1601342057 0.0000000 0.99987584 0.99968410
1601440640 0.0000000 0.99984163 0.99963063
1601863505 0.0000000 0.99986923 0.99966866
1602517184 0.0000000 0.99963307 0.99917430
1602946993 0.0000000 0.99993861 0.99979246
1602947159 0.0000000 0.99985236 0.99960828
1603087586 0.0000000 0.99176770 0.98286277
1603396062 0.0000000 0.97706306 0.95144010
1603674483 0.0000000 0.99867445 0.99711704
1604358861 0.0000000 0.99959785 0.99910563
1604426346 0.0000000 0.99903500 0.99794626
1604601372 0.0000000 0.99991900 0.99971515
1604626818 0.0000000 0.99991536 0.99972379
1605130406 0.0000000 0.99990183 0.99972135
1605130534 0.0000000 0.99949741 0.99889606
1605266102 0.0000000 0.99914795 0.99820286
1605511152 0.0000000 0.99987441 0.99962109
1605551866 0.0000000 0.99945080 0.99883091
1605557664 0.0000000 0.99960893 0.99914575
1605621503 0.0000000 0.99618751 0.99216872
1605662576 0.0000000 0.99906081 0.99796247
1606582085 0.0000000 0.97939658 0.95651901
1606657334 0.0000000 0.99988222 0.99970078
1607578178 0.0000000 0.99991524 0.99976236
1607606398 0.0000000 0.99992913 0.99977678
1607606851 0.0000000 0.99903905 0.99794245
1607624108 0.0000000 0.99991781 0.99971557
1608317519 0.0000000 0.99687272 0.99352556
1608385359 0.0000000 0.97837400 0.95459366
1609436522 0.0000000 0.99784136 0.99545068
1609594007 0.0000000 0.99976033 0.99941784
1610162996 0.0000000 0.78290790 0.37626213
1610192153 0.0000000 0.99987721 0.99961382
1610249009 0.0000000 0.99995971 0.99986941
1610838659 0.0000000 0.99995083 0.99981695
1611559538 0.0000000 0.99988687 0.99964035
1611565557 0.0000000 0.99969298 0.99920267
1611574763 0.0000000 0.99954468 0.99892896
1611584686 0.0000000 0.99483299 0.98922539
1611818971 0.0000000 0.99994093 0.99975967
