988100797 0.0000000 0.99858111 0.99171203
988336953 0.0000000 0.99967849 0.99257326
989765823 0.0000000 0.99977076 0.99379742
990117114 0.0000000 0.75888485 0.35429978
990630314 0.0000000 0.99976462 0.99355960
991455252 0.0000000 0.96892142 0.93848151
991634551 0.0000000 0.99926388 0.99276596
991995645 0.0000000 0.91429079 0.82670116
992208377 0.0000000 0.99974048 0.99301505
992209870 0.0000000 0.99978751 0.99369568
992438274 0.0000000 0.99981546 0.99416018
992486125 0.0000000 0.99980426 0.99394894
992592933 0.0000000 0.99967730 0.99411619
992927775 0.0000000 0.99141210 0.97496283
992929419 0.0000000 0.99676406 0.98268384
993581187 0.0000000 0.42091465 -2.6703029
993854508 0.0000000 0.64051837 -0.15786946
993874057 0.0000000 0.89335752 0.78764594
994007634 0.0000000 0.97286069 0.94310749
994692047 0.0000000 0.99957258 0.98422575
995024004 0.0000000 0.99164045 0.97144294
995162867 0.0000000 0.99881566 0.98311138
995890516 0.0000000 0.99981874 0.98339725
996113981 0.0000000 0.95062029 0.90280664
997156421 0.0000000 7.22924024E-02 -141.54736
998326679 0.0000000 0.99964708 0.98539698
999257596 0.0000000 0.98719180 0.96581882
1000062111 0.0000000 0.99179941 0.97307032
1000197538 0.0000000 0.99933535 0.98502886
1000766684 0.0000000 0.99969190 0.98505396
1001410293 0.0000000 0.98983312 0.96926600
1004092959 0.0000000 0.74226153 0.33986241
1004454253 0.0000000 0.22058858 -14.984153
1004863535 0.0000000 0.86866271 0.72855330
1005352632 0.0000000 0.15803069 -30.815392
1006580783 0.0000000 0.19550800 -18.214003
1007019252 0.0000000 0.27337280 -9.0993376
1007572713 0.0000000 4.44243290E-02 -271.34348
1007712455 0.0000000 0.51072443 -1.2565279
1007972664 0.0000000 0.75237292 0.37512815
1008715277 0.0000000 0.18795218 -21.017897
1008836107 0.0000000 0.12896335 -44.109375
1008890954 0.0000000 0.11290197 -65.144501
1009057225 0.0000000 0.47231549 -1.8631485
1009168145 0.0000000 0.16737689 -27.406012
1009442091 0.0000000 0.60383362 -0.40422225
1009500099 0.0000000 0.71591586 0.23446625
1010371507 0.0000000 0.55607939 -0.77266335
1010509239 0.0000000 0.83471674 0.64449048
1011026056 0.0000000 0.23685043 -13.194696
1011031830 0.0000000 0.34911790 -4.6326594
1011063499 0.0000000 0.12390501 -64.767921
1011682027 0.0000000 0.15252572 -32.935860
1012271064 0.0000000 0.77471840 0.45577854
1012580587 0.0000000 0.29984230 -6.7662740
1013484445 0.0000000 0.99838901 0.98642027
1013485377 0.0000000 0.84144706 0.65834701
1013486436 0.0000000 0.77618146 0.45814884
1014927282 0.0000000 0.99728912 0.99457747
1014972465 0.0000000 0.99965042 0.99928474
1015232666 0.0000000 0.99939746 0.99877709
1016105151 0.0000000 0.99969941 0.99934983
1016468323 0.0000000 0.99865741 0.99729276
1017159906 0.0000000 0.99900448 0.99798685
1017557569 0.0000000 0.99984044 0.99967825
1017557822 0.0000000 0.99980843 0.99961466
1017594576 0.0000000 0.99931294 0.99861121
1017816456 0.0000000 0.99976432 0.99952561
1017857170 0.0000000 0.99983388 0.99966216
1017925489 0.0000000 0.99917912 0.99834901
1018065946 0.0000000 0.99874604 0.99748319
1018137582 0.0000000 0.99661809 0.99320191
1018221645 0.0000000 0.99966484 0.99932438
1018414606 0.0000000 0.99832332 0.99662948
1018800484 0.0000000 0.99926943 0.99852121
1018898180 0.0000000 0.99869841 0.99738055
1019054808 0.0000000 0.99857640 0.99711889
1019292480 0.0000000 0.99984545 0.99969530
1019488470 0.0000000 0.99982333 0.99962664
1019673665 0.0000000 0.99721938 0.99440187
1020000226 0.0000000 0.99982738 0.99965304
1021004232 0.0000000 0.99984974 0.99969304
1021024958 0.0000000 0.99435651 0.98857653
1021028934 0.0000000 0.99971843 0.99942642
1021434365 0.0000000 0.99983120 0.99966639
1021434812 0.0000000 0.99859393 0.99718577
1021435155 0.0000000 0.99887514 0.99773014
1021437004 0.0000000 0.99856186 0.99709314
1021437761 0.0000000 0.99940431 0.99880534
1021888184 0.0000000 0.99962795 0.99923623
1022604314 0.0000000 0.99984515 0.99481118
1022741620 0.0000000 0.99981570 0.99458122
1022779647 0.0000000 0.99987447 0.99491334
1024000827 0.0000000 0.99973768 0.99466240
1024039343 0.0000000 0.99981308 0.99440670
1024059173 0.0000000 0.99983382 0.99458498
1024224102 0.0000000 0.99928665 0.99362886
1024232773 0.0000000 0.99904096 0.99337780
1024881141 0.0000000 0.99981117 0.99479377
1026036068 0.0000000 0.99972445 0.99441326
1026372982 0.0000000 0.99988657 0.99465328
1026373076 0.0000000 0.99980462 0.99487501
1026374005 0.0000000 0.99975312 0.99452275
1026378668 0.0000000 0.99952471 0.99393445
1026562025 0.0000000 0.99985343 0.99453640
1026925041 0.0000000 0.99981123 0.99467057
1026933281 0.0000000 0.99979055 0.99465537
1026967951 0.0000000 0.99965727 0.99424785
1028885460 0.0000000 0.99924225 0.99367106
1028970195 0.0000000 0.99979603 0.99494702
1029367736 0.0000000 0.99868578 0.99276364
1030006163 0.0000000 0.99913388 0.99342579
1030375930 0.0000000 0.99975419 0.99479985
1030554334 0.0000000 0.99987072 0.99535960
1030628193 0.0000000 0.99986529 0.99464709
1030651553 0.0000000 0.99974298 0.99444151
1030859781 0.0000000 0.99984866 0.99489689
1030864055 0.0000000 0.99984854 0.99459994
1031310121 0.0000000 0.99977517 0.99591529
1031439572 0.0000000 0.99981707 0.99460995
1031647094 0.0000000 0.99974144 0.99448681
1032052013 0.0000000 0.99982494 0.99479061
1032134610 0.0000000 0.99988347 0.99516863
1032294371 0.0000000 0.99943489 0.99390656
1032315669 0.0000000 0.99917829 0.99379152
1032907402 0.0000000 0.99967945 0.99490774
1033103267 0.0000000 0.99980932 0.99381185
1033374913 0.0000000 0.99983609 0.99494624
1033690544 0.0000000 0.99704671 0.99020064
1033947513 0.0000000 0.99906749 0.99326390
1034070514 0.0000000 0.99866641 0.99268413
1034480608 0.0000000 0.99966550 0.99464190
1034923400 0.0000000 0.99967438 0.99468738
1034928298 0.0000000 0.99935484 0.99406594
1035149152 0.0000000 0.99979550 0.99425358
1035153178 0.0000000 0.99955934 0.99402934
1035197382 0.0000000 0.99968362 0.99443954
1035991040 0.0000000 0.99768198 0.99069226
1036098952 0.0000000 0.99955767 0.99407119
1036697273 0.0000000 0.99914688 0.99294627
1036697648 0.0000000 0.99974036 0.99402064
1036886824 0.0000000 0.99983221 0.99434805
1038324582 0.0000000 0.99967974 0.99398530
1038746116 0.0000000 0.99956799 0.99402279
1039232712 0.0000000 0.99940890 0.99405533
1039743025 0.0000000 0.99987108 0.99467236
1040450954 0.0000000 0.99941218 0.99405867
1040520314 0.0000000 0.99968493 0.99405706
1040644457 0.0000000 0.99986309 0.99498838
1040799690 0.0000000 0.99978650 0.99430072
1041632855 0.0000000 0.99501622 0.98575079
1042809813 0.0000000 0.99970663 0.99402523
1043607562 0.0000000 0.99960017 0.99388617
1044768063 0.0000000 0.99976331 0.99449426
1044817061 0.0000000 0.99954867 0.99373180
1045633623 0.0000000 0.99965459 0.99399430
1046065971 0.0000000 0.99911475 0.99318165
1046575544 0.0000000 0.99977487 0.99376231
1048808323 0.0000000 0.99938726 0.99334562
1049310522 0.0000000 0.99980623 0.99393374
1049353173 0.0000000 0.99968398 0.99426782
1051845960 0.0000000 0.99850380 0.99186522
1051900153 0.0000000 0.99473637 0.98543566
1052394722 0.0000000 0.87320006 0.72481227
1052961462 0.0000000 0.99965358 0.99392343
1053904321 0.0000000 0.99970073 0.99382502
1054395492 0.0000000 0.99986434 0.99449241
1054853585 0.0000000 0.99888843 0.99250758
1055123570 0.0000000 0.99980259 0.99435151
1055135284 0.0000000 0.99980211 0.99457985
1055234432 0.0000000 0.99981546 0.99462765
1055390332 0.0000000 0.99986094 0.99438238
1055425274 0.0000000 0.99971408 0.99404627
1055472531 0.0000000 0.99684685 0.98911256
1055510426 0.0000000 0.99967599 0.99385160
1055788418 0.0000000 0.99986058 0.99398679
1055803080 0.0000000 0.99980611 0.99398404
1056357316 0.0000000 0.99967510 0.99386007
1057028486 0.0000000 0.99310708 0.98264956
1057319282 0.0000000 0.99959326 0.99396735
1058108790 0.0000000 0.99955934 0.99397194
1058496080 0.0000000 0.99969637 0.99426985
1059102630 0.0000000 0.99971485 0.99398375
1059590191 0.0000000 0.99975502 0.99383128
1059850488 0.0000000 0.99869365 0.99225050
1059910523 0.0000000 0.99983078 0.99428201
1059994404 0.0000000 0.99970794 0.99414229
1060172588 0.0000000 0.99981403 0.99441534
1060619413 0.0000000 0.99979305 0.99417710
1061586322 0.0000000 0.99915034 0.99345100
1062262342 0.0000000 0.99937898 0.99339521
1062859632 0.0000000 0.99814039 0.99151462
1063234506 0.0000000 0.99984157 0.99445701
1063264037 0.0000000 0.99952275 0.99357414
1064365712 0.0000000 0.99709451 0.98991883
1064533379 0.0000000 0.99948967 0.99358183
1065785029 0.0000000 0.99922222 0.99347496
1065790269 0.0000000 0.99969977 0.99358499
1065847269 0.0000000 0.99552006 0.98682094
1068127124 0.0000000 0.99982065 0.99390465
1068356150 0.0000000 0.99872142 0.99201453
1068595355 -30.800001 9.12948251E-02 -1.4952469
1068804765 0.0000000 6.74373358E-02 -13.590960
1068825242 -6.3000002 5.77498861E-02 -11.774978
1069412363 0.0000000 0.99920148 0.99451464
1070682432 0.0000000 0.99014574 0.97844267
1070692497 0.0000000 0.99969214 0.99543458
1070921046 0.0000000 0.99942660 0.99418986
1071031093 0.0000000 0.99961460 0.99553239
1071031176 0.0000000 0.99969232 0.99560875
1071031375 0.0000000 0.99959779 0.99496728
1071031628 0.0000000 0.99968630 0.99552727
1071031695 0.0000000 0.99971157 0.99538827
1071031744 0.0000000 0.99970853 0.99537802
1071031844 0.0000000 0.99970293 0.99534589
1071031926 0.0000000 0.99981201 0.99528593
1071033611 0.0000000 0.99975055 0.99560225
1071033625 0.0000000 0.99976104 0.99564958
1071035006 0.0000000 0.99984604 0.99596119
1071038489 0.0000000 0.99980652 0.99568421
1071042579 0.0000000 0.99970120 0.99588633
1071043831 0.0000000 0.99971163 0.99565989
1071046005 0.0000000 0.99979466 0.99598265
1071046239 0.0000000 0.99974650 0.99549735
1071074159 0.0000000 0.99977535 0.99571168
1071095531 0.0000000 0.99978566 0.99526191
1071100910 0.0000000 0.99981534 0.99594623
1071109335 0.0000000 0.99974215 0.99560261
1071169499 0.0000000 0.99969393 0.99587119
1071182968 0.0000000 0.99981886 0.99586481
1071183209 0.0000000 0.99980867 0.99589670
1071183435 0.0000000 0.99975467 0.99588168
1071443800 0.0000000 0.99957073 0.99512911
1071583019 0.0000000 0.99984145 0.99619681
1071584001 0.0000000 0.99990368 0.99634218
1071678445 0.0000000 0.99981803 0.99589086
1071725608 0.0000000 0.99978685 0.99568719
1072705310 0.0000000 0.99965632 0.99498665
1072926918 0.0000000 0.99977714 0.99626297
1073300844 0.0000000 0.99976730 0.99578673
1073475853 0.0000000 0.93886811 0.87788105
1073756920 0.0000000 0.99673688 0.99034852
1073986141 0.0000000 0.99963897 0.99543113
1073994067 0.0000000 0.99302816 0.98383296
1075317204 0.0000000 0.99976856 0.99577409
1075317446 0.0000000 0.99971986 0.99592656
1075318489 0.0000000 0.99975735 0.99553126
1075466599 0.0000000 0.99804765 0.99243152
1075865039 0.0000000 0.99983561 0.99612737
1076851926 0.0000000 0.99974811 0.99372721
1076884025 0.0000000 0.99968719 0.99505943
1077531525 0.0000000 0.99954307 0.99540132
1077584107 0.0000000 0.99967504 0.99524528
1078321829 0.0000000 0.99962479 0.99585187
1079154231 0.0000000 0.99983084 0.99574995
1080241624 0.0000000 0.99966931 0.99568737
1081488818 0.0000000 0.99951017 0.99510115
1082397083 0.0000000 0.99969023 0.99617076
1082563195 0.0000000 0.99763405 0.99195701
1082729069 0.0000000 0.99979287 0.99617904
1082820030 0.0000000 0.99977988 0.99579591
1083398171 0.0000000 0.99965298 0.99604052
1083961065 0.0000000 0.99976689 0.99947459
1084003366 0.0000000 0.99973613 0.99946624
1084082541 0.0000000 0.99953109 0.99897921
1084133207 0.0000000 0.99972630 0.99944210
1084597670 0.0000000 0.99951178 0.99901038
1084687448 0.0000000 0.99966311 0.99930835
1084950252 0.0000000 0.99983227 0.99962866
1085103239 0.0000000 0.99945134 0.99887675
1085390106 0.0000000 0.99925810 0.99845517
1086195389 0.0000000 0.99986523 0.99971735
1086315872 0.0000000 0.99960190 0.99919182
1086883086 0.0000000 0.99967402 0.99934137
1087613581 0.0000000 0.99971765 0.99939644
1089099122 0.0000000 0.99964994 0.99930251
1089113880 0.0000000 0.99974030 0.99945426
1089371968 0.0000000 0.99977565 0.99954474
1090478200 0.0000000 0.99949020 0.99893665
1091970746 0.0000000 0.99936759 0.99872279
1092861100 0.0000000 0.99868977 0.99735051
1093118276 0.0000000 0.99745888 0.99480814
1093908136 0.0000000 0.99844116 0.99685818
1095475955 0.0000000 0.99956089 0.99911016
1097813330 0.0000000 0.99977475 0.99952185
1098848984 0.0000000 0.99709278 0.99410725
1099928102 0.0000000 0.99916220 0.99830031
1099929295 0.0000000 0.99979031 0.99956512
1099929521 0.0000000 0.99949229 0.99896324
1099931589 0.0000000 0.99912071 0.99820364
1099942690 0.0000000 0.99976254 0.99950302
1100098082 0.0000000 0.99879032 0.99707216
1100139404 0.0000000 0.99971336 0.99940276
1100237223 0.0000000 0.99896044 0.99785191
1100955874 0.0000000 0.99751353 0.99492204
1103674687 0.0000000 0.99971884 0.99934345
1105287429 0.0000000 0.92213726 0.82394123
1105405102 0.0000000 0.99973696 0.99947137
1105536640 0.0000000 0.99958134 0.99909675
1105765351 0.0000000 0.99932635 0.99862272
1106056455 0.0000000 0.99499315 0.98993927
1106207236 0.0000000 0.99973494 0.99945426
1106226863 0.0000000 0.99953544 0.99904972
1106317701 0.0000000 0.99977171 0.99952745
1106377004 0.0000000 0.99936718 0.99871993
1106829094 0.0000000 0.99962354 0.99922073
1107166208 0.0000000 0.99961007 0.99908483
1107223187 0.0000000 0.99973094 0.99943048
1107233798 0.0000000 0.99964601 0.99927104
1107286746 0.0000000 0.99521255 0.99036896
1107388387 0.0000000 0.99931264 0.99859959
1107601144 0.0000000 0.99974710 0.99949020
1107601252 0.0000000 0.99975258 0.99949867
1108162580 0.0000000 0.99968165 0.99933249
1108757898 0.0000000 0.99977487 0.99953485
1108761568 0.0000000 0.99990082 0.99976778
1110049611 0.0000000 0.99971199 0.99942231
1110049680 0.0000000 0.99971384 0.99942648
1110050185 0.0000000 0.99934286 0.99867922
1110050874 0.0000000 0.99922645 0.99842900
1110568232 0.0000000 0.99934620 0.99867290
1111274786 0.0000000 0.99971247 0.99941891
1113182839 0.0000000 0.99949539 0.99897993
1113208093 0.0000000 0.99971747 0.99940449
1113260515 0.0000000 0.99959832 0.99915344
1113331351 0.0000000 0.99949354 0.99884284
1114345058 0.0000000 0.99876732 0.99750459
1114872497 0.0000000 0.99973148 0.99942803
1114872533 0.0000000 0.99981451 0.99956959
1114872543 0.0000000 0.99974030 0.99946702
1114981677 0.0000000 0.99938881 0.99875754
1115167250 0.0000000 0.99969864 0.99937028
1115753263 0.0000000 0.99985451 0.99966484
1115910658 0.0000000 0.99980998 0.99959427
1115942660 0.0000000 0.99954897 0.99909264
1116353193 0.0000000 0.99913245 0.99824172
1117405041 0.0000000 0.99988663 0.99970108
1117642805 0.0000000 0.99963784 0.99926460
1118162704 0.0000000 0.99958551 0.99915582
1118367166 0.0000000 0.99391854 0.98766387
1118396676 0.0000000 0.98121333 0.96044308
1118501300 0.0000000 0.96580088 0.92684549
1118677980 0.0000000 0.98115051 0.96082646
1118868304 0.0000000 0.77717680 0.32248342
1119087065 0.0000000 0.99975783 0.99951392
1119729025 0.0000000 0.99906540 0.99809414
1119876655 0.0000000 0.98947436 0.97882098
1121472051 0.0000000 0.99990374 0.99975407
1121864763 0.0000000 0.99981815 0.99962831
1122385024 0.0000000 0.99985534 0.99969763
1122618639 0.0000000 0.99951524 0.99901628
1122777951 0.0000000 0.99975622 0.99948937
1123439949 0.0000000 0.99861056 0.99717009
1125373372 0.0000000 0.99866438 0.99726313
1125685516 0.0000000 0.99923438 0.99844754
1125969360 0.0000000 0.99990523 0.99980360
1127055473 0.0000000 0.99825400 0.99645853
1127456637 0.0000000 0.99986333 0.99972141
1127471662 0.0000000 0.99984103 0.99967569
1127494190 0.0000000 0.99990237 0.99979353
1127760620 0.0000000 0.99929875 0.99802399
1128153007 0.0000000 0.99806941 0.99610591
1128174696 0.0000000 0.99982798 0.99964094
1128475640 0.0000000 0.99988550 0.99975443
1128528995 0.0000000 0.99881750 0.99761909
1128891916 0.0000000 0.98298150 0.96461982
1128923244 0.0000000 0.99964625 0.99927789
1129069430 0.0000000 0.96705145 0.93095642
1129155495 0.0000000 0.99484611 0.98946631
1129246313 0.0000000 0.99666190 0.99325091
1129324370 0.0000000 0.99969488 0.99937516
1129391464 0.0000000 0.99992722 0.99984741
1129907016 0.0000000 0.98194474 0.96239179
1130249327 0.0000000 0.99852139 0.99699849
1131428965 0.0000000 0.99987394 0.99968231
1131431840 0.0000000 0.99778789 0.99553829
1132062095 0.0000000 0.99984723 0.99967808
1132132485 0.0000000 0.99983132 0.99963969
1132148341 0.0000000 0.99984312 0.99966747
1132166999 0.0000000 0.99962658 0.99921966
1132661855 0.0000000 0.99974096 0.99946523
1132975230 0.0000000 0.99995822 0.99987602
1133111580 0.0000000 0.99947888 0.99894607
1133304109 0.0000000 0.99984318 0.99968004
1133601723 0.0000000 0.99757063 0.99510348
1133908462 0.0000000 0.99990809 0.99981004
1134710133 0.0000000 0.99968940 0.99937010
1135808248 0.0000000 0.99989194 0.99977511
1135976852 0.0000000 0.99970740 0.99939710
1136739698 0.0000000 0.99994606 0.99989259
1137913657 0.0000000 0.99981791 0.99963474
1137989937 0.0000000 0.99979174 0.99958068
1137990003 0.0000000 0.99967664 0.99933815
1138288259 0.0000000 0.99622327 0.99234313
1139284609 0.0000000 0.97446448 0.94735992
1139326915 0.0000000 0.99892658 0.99783552
1140725945 0.0000000 0.99982530 0.99963748
1140746150 0.0000000 0.99980783 0.99960738
1141877248 0.0000000 0.99981916 0.99963444
1142029462 0.0000000 0.99939007 0.99876416
1142229311 0.0000000 0.99839264 0.99675399
1142709582 0.0000000 0.99953759 0.99906027
1143536168 0.0000000 0.99954665 0.99907744
1143616861 0.0000000 0.99877584 0.99751681
1143885739 0.0000000 0.99988621 0.99975467
1143885924 0.0000000 0.99981743 0.99962765
1143888020 0.0000000 0.99991882 0.99981928
1144129163 0.0000000 0.99985659 0.99969870
1144133312 0.0000000 0.99985582 0.99969417
1144179006 0.0000000 0.99985892 0.99971020
1144806135 0.0000000 0.99966949 0.99930698
1145140855 0.0000000 0.99990046 0.99978858
1145323561 0.0000000 0.99980336 0.99957365
1146215126 0.0000000 0.99989444 0.99978691
1146944291 0.0000000 0.76580191 0.27606463
1146966782 0.0000000 0.99979359 0.99957973
1147258751 0.0000000 0.99984002 0.99966753
1149411961 0.0000000 0.99991763 0.99981821
1149467938 0.0000000 0.99933195 0.99865639
1149638545 0.0000000 0.99340129 0.98666817
1149771133 0.0000000 0.99964339 0.99926627
1150128882 0.0000000 0.99950910 0.99895918
1151387381 0.0000000 0.99909681 0.99818587
1154072410 0.0000000 0.99990946 0.99981350
1154182305 0.0000000 0.99997562 0.99991703
1155212722 0.0000000 0.99993670 0.99985600
1155340266 0.0000000 0.99991107 0.99982643
1155354114 0.0000000 0.99931037 0.99860173
1155443514 0.0000000 0.99973339 0.99945444
1156044082 0.0000000 0.99745858 0.99485087
1156698676 0.0000000 0.99991536 0.99982774
1158266854 0.0000000 0.99861002 0.99719065
1159598968 0.0000000 0.99867332 0.99733436
1159684577 0.0000000 0.99986821 0.99972135
1160388105 0.0000000 0.99986070 0.99971688
1160392104 0.0000000 0.99988401 0.99976379
1160549032 0.0000000 0.99943918 0.99887162
1160664389 0.0000000 0.99987805 0.99975049
1163299258 0.0000000 0.99979401 0.99955612
1163456967 0.0000000 0.99981451 0.99961573
1163641819 0.0000000 0.99984664 0.99969095
1164570370 0.0000000 0.99931109 0.99860072
1165358160 0.0000000 0.99984473 0.99967498
1165368969 0.0000000 0.99937385 0.99872160
1166094636 0.0000000 0.99922121 0.99842328
1166561075 0.0000000 0.99915892 0.99830550
1166894907 0.0000000 0.99981892 0.99962556
1167121204 0.0000000 0.99991655 0.99981439
1167135981 0.0000000 0.99990356 0.99980080
1167136317 0.0000000 0.99990714 0.99980569
1167136455 0.0000000 0.99990839 0.99980575
1167136825 0.0000000 0.99965763 0.99931377
1167144800 0.0000000 0.99933743 0.99865162
1167147704 0.0000000 0.99987173 0.99972457
1167154513 0.0000000 0.99969244 0.99937725
1167186639 0.0000000 0.99988806 0.99976975
1167298740 0.0000000 0.99688989 0.99372596
1167318376 0.0000000 0.96319652 0.92189717
1167324678 0.0000000 0.99781251 0.99560708
1167592780 0.0000000 0.99609131 0.99208415
1167604646 0.0000000 0.99939370 0.99876040
1168792515 0.0000000 0.99970293 0.99938595
1168917035 0.0000000 0.99988043 0.99974787
1169006425 0.0000000 0.99985391 0.99968898
1169712716 0.0000000 0.99455768 0.98894173
1169722755 0.0000000 0.99990827 0.99981993
1170262059 0.0000000 0.99729782 0.99454558
1170524118 0.0000000 0.99890602 0.99780804
1171366614 0.0000000 0.99889827 0.99776512
1171423577 0.0000000 0.99956912 0.99912983
1171423831 0.0000000 0.99968386 0.99933577
1171832699 0.0000000 0.99968129 0.99934435
1172178017 0.0000000 0.99965394 0.99929416
1173308237 0.0000000 0.99986821 0.99973756
1173368256 0.0000000 0.99822402 0.99643779
1174197233 0.0000000 0.99823219 0.99643391
1175309106 0.0000000 0.99644411 0.99277765
1175583473 0.0000000 0.99954385 0.99908072
1176242685 0.0000000 0.99610388 0.99215448
1177115546 0.0000000 0.99982977 0.99964881
1177175308 0.0000000 0.99803907 0.99600846
1178992210 0.0000000 0.99917442 0.99829805
1180238725 0.0000000 0.99664593 0.99319202
1180618796 0.0000000 0.99784422 0.99567288
1181939353 0.0000000 0.99994957 0.99987787
1182196765 0.0000000 0.99578732 0.99146444
1182265663 0.0000000 0.99938291 0.99873799
1182396227 0.0000000 0.99971575 0.99939841
1182398897 0.0000000 0.99981898 0.99962938
1184629372 0.0000000 0.99993110 0.99986035
1185198002 0.0000000 0.99987417 0.99972063
1185799546 0.0000000 0.99617469 0.99226660
1185861072 0.0000000 0.99836940 0.99669623
1186620947 0.0000000 0.99991041 0.99980330
1186786330 0.0000000 0.99936914 0.99872482
1188350129 0.0000000 0.99957269 0.99912661
1188356416 0.0000000 0.99985504 0.99970746
1188908193 0.0000000 0.99981219 0.99959701
1188950111 0.0000000 0.99524111 0.99034661
1189101086 0.0000000 0.99989992 0.99977589
1189101321 0.0000000 0.99987841 0.99974346
1189194674 0.0000000 0.99904341 0.99804693
1190442424 0.0000000 0.99976563 0.99945968
1191742755 0.0000000 0.99967593 0.99931353
1192071901 0.0000000 0.99981105 0.99956447
1192632000 0.0000000 0.99987662 0.99975133
1193967194 0.0000000 0.99715668 0.99418700
1194476053 0.0000000 0.99945915 0.99886835
1196283913 0.0000000 0.99986458 0.99969113
1196818902 0.0000000 0.99989849 0.99974948
1196950527 0.0000000 0.99985850 0.99969369
1197715613 0.0000000 0.99971145 0.99937159
1198522115 0.0000000 0.99979156 0.99954379
1200543890 0.0000000 0.85827649 0.63824451
1200856359 0.0000000 0.99968237 0.99928170
1201442068 0.0000000 0.99779779 0.99545550
1203280382 0.0000000 0.99994677 0.99981987
1203409866 0.0000000 0.99910432 0.99813175
1203790455 0.0000000 0.99989486 0.99972761
1204138448 0.0000000 0.99743330 0.99476081
1204304285 0.0000000 0.99987984 0.99970824
1204490434 0.0000000 0.93894625 0.86444855
1204651907 0.0000000 0.99990064 0.99967831
1204651936 0.0000000 0.99992126 0.99977982
1204670552 0.0000000 0.99986893 0.99963194
1207186072 0.0000000 0.99877095 0.99747020
1208187584 0.0000000 0.99989831 0.99975663
1208931881 0.0000000 0.99985105 0.99957788
1208975321 0.0000000 0.99990815 0.99971211
1208982088 0.0000000 0.99990267 0.99976909
1208988255 0.0000000 0.99990451 0.99974328
1208988552 0.0000000 0.99991423 0.99977684
1209105937 0.0000000 0.99978262 0.99948043
1209216223 0.0000000 0.99690253 0.99359971
1209291757 0.0000000 0.99951625 0.99892139
1209339084 0.0000000 0.99986094 0.99964362
1209362380 0.0000000 0.99985403 0.99964899
1209543825 0.0000000 0.99335742 0.98621702
1209563099 0.0000000 0.99939287 0.99871838
1209583346 0.0000000 0.99864101 0.99712819
1209820628 0.0000000 0.99958694 0.99908370
1209877317 0.0000000 0.99907619 0.99805945
1210448520 0.0000000 0.99988234 0.99968857
1210560189 0.0000000 0.99957222 0.99903250
1210633064 0.0000000 0.99987406 0.99968255
1210703275 0.0000000 0.99991280 0.99975717
1212285435 0.0000000 0.99991852 0.99978316
1212339563 0.0000000 0.99989843 0.99975181
1213107823 0.0000000 0.99831963 0.99651915
1213158817 0.0000000 0.99968952 0.99929070
1213486164 0.0000000 0.99992257 0.99974549
1214086760 0.0000000 0.99979204 0.99951071
1214128508 0.0000000 0.99988914 0.99970359
1214211456 0.0000000 0.97220200 0.94415838
1214561217 0.0000000 0.99933219 0.99858350
1215221786 0.0000000 0.99211061 0.98361492
1215745668 0.0000000 0.99927932 0.99850029
1215812106 0.0000000 0.99986678 0.99967009
1215812707 0.0000000 0.99962497 0.99914473
1215839910 0.0000000 0.99972963 0.99935645
1215843106 0.0000000 0.99977678 0.99943107
1215961116 0.0000000 0.99988818 0.99971998
1216126809 0.0000000 0.99904853 0.99798727
1216904067 0.0000000 0.99972993 0.99939299
1217616949 0.0000000 0.99983501 0.99957502
1218233114 0.0000000 0.99989837 0.99971473
1218994676 0.0000000 0.99990630 0.99980038
1219291482 0.0000000 0.99761957 0.99521315
1219301591 0.0000000 0.99990243 0.99980015
1219723710 0.0000000 0.99887627 0.99774718
1219772880 0.0000000 0.99996960 0.99992931
1219869253 0.0000000 0.99997324 0.99994487
1220179542 0.0000000 0.99994928 0.99989212
1220742036 0.0000000 0.99978083 0.99955010
1220946193 0.0000000 0.99995893 0.99990678
1221047734 0.0000000 0.99886858 0.99768889
1222614737 0.0000000 0.99963528 0.99923491
1225404477 0.0000000 0.99997324 0.99992973
1225442295 0.0000000 0.99994355 0.99985212
1228187814 0.0000000 0.99978417 0.99956280
1228684717 0.0000000 0.99977100 0.99951762
1229260451 0.0000000 0.99965888 0.99930602
1229658996 0.0000000 0.99694705 0.99388975
1229990683 0.0000000 0.99978614 0.99954259
1230216280 0.0000000 0.99989992 0.99978268
1230600687 0.0000000 0.99950856 0.99900919
1230860391 0.0000000 0.99938345 0.99874747
1231020274 0.0000000 0.99980760 0.99956846
1231041233 0.0000000 0.99961585 0.99921447
1232714291 0.0000000 0.99980634 0.99946636
1232804891 0.0000000 0.99899465 0.99785209
1233928332 0.0000000 0.99974895 0.99948698
1234166319 0.0000000 0.93913090 0.86275011
1234201315 0.0000000 0.99667066 0.99318469
1234214675 0.0000000 0.99971098 0.99930871
1236731039 0.0000000 0.99950546 0.99899274
1236854628 0.0000000 0.99945843 0.99887377
1237014105 0.0000000 0.99949157 0.99897087
1237159221 0.0000000 0.99871421 0.99735337
1237164701 0.0000000 0.99876058 0.99741495
1237551366 0.0000000 0.99945474 0.99889666
1237619839 0.0000000 0.99872446 0.99743086
1239235949 0.0000000 0.99985111 0.99969155
1239971868 0.0000000 0.99981201 0.99963039
1240678955 0.0000000 0.99961883 0.99919921
1242397863 0.0000000 0.99943542 0.99881643
1242709695 0.0000000 0.99908882 0.99815589
1243376855 0.0000000 0.99973732 0.99942547
1244248765 0.0000000 0.99840635 0.99679315
1245087845 0.0000000 0.99902987 0.99802274
1245407408 0.0000000 0.99967641 0.99933755
1245469469 0.0000000 0.99979138 0.99957556
1245877793 0.0000000 0.99978936 0.99956363
1245881452 0.0000000 0.99958581 0.99916399
1246167876 0.0000000 0.99969906 0.99939317
1246181696 0.0000000 0.99977869 0.99955952
1246182765 0.0000000 0.99972534 0.99944550
1246208530 0.0000000 0.99959940 0.99919254
1246208539 0.0000000 0.99960196 0.99919540
1246598451 0.0000000 0.99965525 0.99930465
1246598488 0.0000000 0.99962854 0.99924153
1246614635 0.0000000 0.99963188 0.99925584
1246985947 0.0000000 0.99972004 0.99941838
1247508302 0.0000000 0.99981207 0.99960709
1247516932 0.0000000 0.99975365 0.99950534
1247654255 0.0000000 0.99946123 0.99890256
1247741293 0.0000000 0.99980360 0.99959296
1247769767 0.0000000 0.99979687 0.99958628
1248159491 0.0000000 0.99974638 0.99945259
1248570012 0.0000000 0.99966443 0.99932498
1248588659 0.0000000 0.49348834 -1.3263118
1248872986 0.0000000 0.99970704 0.99940193
1248886386 0.0000000 0.99984002 0.99961907
1249212887 0.0000000 0.99981749 0.99962610
1250467545 0.0000000 0.99979264 0.99957460
1250503855 0.0000000 0.99983752 0.99967051
1250504106 0.0000000 0.99977237 0.99954051
1250601456 0.0000000 0.99971455 0.99941808
1250639275 0.0000000 0.99968868 0.99938232
1250703707 0.0000000 0.99939233 0.99877203
1250777890 0.0000000 0.99972218 0.99940127
1250888264 0.0000000 0.99976701 0.99948817
1250911490 0.0000000 0.99852425 0.99702913
1252249816 0.0000000 0.99863195 0.99720609
1252757125 0.0000000 0.99975437 0.99949324
1254591366 0.0000000 0.99976820 0.99949676
1254664936 0.0000000 0.99959934 0.99918866
1255243328 0.0000000 0.99963921 0.99926358
1256244384 0.0000000 0.99969679 0.99938798
1256252705 0.0000000 0.99967074 0.99932694
1256431794 0.0000000 0.99649185 0.99298513
1257413577 0.0000000 0.99975389 0.99947548
1257413887 0.0000000 0.99965519 0.99929535
1257420861 0.0000000 0.99969715 0.99939102
1257678569 0.0000000 0.99965817 0.99929506
1258065617 0.0000000 0.99971616 0.99942458
1258296469 0.0000000 0.99982274 0.99963182
1258824471 0.0000000 0.99966162 0.99930519
1258926370 0.0000000 0.99956721 0.99912202
1260564405 0.0000000 0.99968451 0.99936616
1260692005 0.0000000 0.99958742 0.99917501
1261227736 0.0000000 0.70558667 -0.40769327
1261227864 0.0000000 0.99976933 0.99951077
1261228557 0.0000000 0.99973249 0.99945527
1261232031 0.0000000 0.99963313 0.99925506
1261235533 0.0000000 0.99984080 0.99967438
1261275144 0.0000000 0.99979919 0.99956477
1261713375 0.0000000 0.99964809 0.99928898
1261922241 0.0000000 0.99947715 0.99892557
1262034644 0.0000000 0.99952888 0.99902397
1262237921 0.0000000 0.99966705 0.99931175
1262343689 0.0000000 0.99930024 0.99857992
1262367286 0.0000000 0.99978036 0.99952626
1262622742 0.0000000 0.90047395 0.76806056
1262633257 0.0000000 0.99974269 0.99948782
1263881366 0.0000000 0.99986076 0.99971497
1265523000 0.0000000 0.99979562 0.99956793
1265599504 0.0000000 0.99981177 0.99961168
1265691729 0.0000000 0.99972671 0.99938893
1265942558 0.0000000 0.99972910 0.99940318
1266289887 0.0000000 0.99929714 0.99851543
1266816064 0.0000000 0.99972785 0.99939620
1267146477 0.0000000 0.99989331 0.99973184
1267162697 0.0000000 0.99984205 0.99965143
1267661932 0.0000000 0.99986637 0.99967694
1267662287 0.0000000 0.99982411 0.99963236
1267686434 0.0000000 0.99983299 0.99962598
1267690576 0.0000000 0.99977362 0.99945533
1268040382 0.0000000 0.99962664 0.99918795
1268902896 0.0000000 0.99968010 0.99933457
1268931240 0.0000000 0.99948096 0.99892402
1269644874 0.0000000 0.99976975 0.99953294
1270335780 0.0000000 0.99837267 0.99672818
1270813793 0.0000000 0.99964064 0.99926454
1270961850 0.0000000 0.99985564 0.99970669
1270999307 0.0000000 0.99450850 0.98895788
1271168968 0.0000000 0.99981546 0.99959588
1271191748 0.0000000 0.99986815 0.99969333
1271987388 0.0000000 0.99963599 0.99925900
1272194052 0.0000000 0.99982959 0.99960893
1272250791 0.0000000 0.99982554 0.99963099
1272823213 0.0000000 0.99976146 0.99946511
1274901407 0.0000000 0.99970818 0.99940372
1276535865 0.0000000 0.99982148 0.99964011
1276561877 0.0000000 0.99984807 0.99969196
1276823323 0.0000000 0.99973178 0.99945617
1277440084 0.0000000 0.99920583 0.99834448
1277575551 0.0000000 0.99979323 0.99950975
1277670806 0.0000000 0.99957049 0.99912220
1278097892 0.0000000 0.99979568 0.99959821
1278515743 0.0000000 0.99900120 0.99795812
1278618217 0.0000000 0.99977928 0.99956280
1278636079 0.0000000 0.99972272 0.99937737
1279357457 0.0000000 0.99978793 0.99955165
1279458204 0.0000000 0.99981695 0.99962240
1280029930 0.0000000 0.99986523 0.99971795
1280553485 0.0000000 0.99930495 0.99860102
1280563997 0.0000000 0.99963701 0.99919403
1280587745 0.0000000 0.99945861 0.99886417
1281476617 0.0000000 0.99975157 0.99949014
1282408680 0.0000000 0.99976987 0.99949926
1282415961 0.0000000 0.99782795 0.99565029
1282416480 0.0000000 0.99932015 0.99862933
1283157909 0.0000000 0.99964452 0.99928451
1283540817 0.0000000 0.99969465 0.99927980
1284039008 0.0000000 0.99902636 0.99801767
1284244867 0.0000000 0.99919832 0.99834442
1284952628 0.0000000 0.99981880 0.99962503
1285350982 0.0000000 0.99978393 0.99954736
1285695233 0.0000000 0.99964333 0.99928045
1285876560 0.0000000 0.99887383 0.99772501
1286047392 0.0000000 0.99964458 0.99927521
1286198915 0.0000000 0.99990040 0.99975455
1286865806 0.0000000 0.99567819 0.99133462
1287036373 0.0000000 0.99805081 0.99595600
1289221280 0.0000000 0.99978817 0.99948430
1289567329 0.0000000 0.99975741 0.99950856
1289576340 0.0000000 0.99979842 0.99956799
1290342705 0.0000000 0.99979919 0.99956787
1290784424 0.0000000 0.99973613 0.99943990
1290799240 0.0000000 0.99950331 0.99899590
1291601652 0.0000000 0.99978876 0.99957252
1291689974 0.0000000 0.99981928 0.99963582
1291927327 0.0000000 0.99814451 0.99625796
1292000461 0.0000000 0.98513895 0.96983337
1294804388 0.0000000 0.99950719 0.99895799
1296507195 0.0000000 0.99972004 0.99935406
1296548191 0.0000000 0.99975902 0.99945909
1297058102 0.0000000 0.99979097 0.99957991
1297342916 0.0000000 0.99914312 0.99827117
1297754297 0.0000000 0.99981225 0.99951982
1298970247 0.0000000 0.99561912 0.99121851
1299845150 0.0000000 0.99809611 0.99618202
1300123317 0.0000000 0.99923688 0.99845409
1300281136 0.0000000 0.99971557 0.99941361
1300608051 0.0000000 0.99977404 0.99954641
1301123952 0.0000000 0.99874872 0.99745035
1301458951 0.0000000 0.99980670 0.99957293
1301964194 0.0000000 0.99949723 0.99890989
1302916270 0.0000000 0.99976265 0.99950999
1302961193 0.0000000 0.99946129 0.99890935
1303685617 0.0000000 0.99907684 0.99811405
1304080155 0.0000000 0.99858171 0.99716055
1304082768 0.0000000 0.99975508 0.99947745
1304152538 0.0000000 0.99979943 0.99959511
1304437954 0.0000000 0.99974155 0.99948043
1304717510 0.0000000 0.99992108 0.99976456
1304757333 0.0000000 0.99919015 0.99834448
1306028051 0.0000000 0.99980652 0.99942905
1306098435 0.0000000 0.99968809 0.99934208
1306261925 0.0000000 0.99981713 0.99958467
1307034472 0.0000000 0.99980110 0.99945199
1307669122 0.0000000 0.99978828 0.99952012
1308478735 0.0000000 0.99965453 0.99928325
1309048281 0.0000000 0.99970019 0.99937487
1309094354 0.0000000 0.99967051 0.99920130
1309326569 0.0000000 0.99087727 0.98082519
1309474048 0.0000000 0.99967623 0.99932504
1309601047 0.0000000 0.99795836 0.99572021
1309696244 0.0000000 0.99957114 0.99911320
1309953539 0.0000000 0.99978733 0.99942523
1310469430 0.0000000 0.99977821 0.99949634
1310541580 0.0000000 0.99962968 0.99923158
1310928323 0.0000000 0.99974996 0.99946129
1311000534 0.0000000 0.99980503 0.99959582
1311084070 0.0000000 0.99970317 0.99940592
1311142337 0.0000000 0.99940234 0.99877787
1311692424 0.0000000 0.99889916 0.99776202
1313100452 0.0000000 0.99970847 0.99936938
1314264913 0.0000000 0.99984884 0.99969733
1314789752 0.0000000 0.99971688 0.99942225
1315538819 0.0000000 0.99982041 0.99962801
1315635988 0.0000000 0.99713778 0.99424607
1315804512 0.0000000 0.99971020 0.99939841
1316643513 0.0000000 0.99978638 0.99956065
1316653258 0.0000000 0.99976319 0.99945778
1317835272 0.0000000 0.88668746 0.73351073
1318175665 0.0000000 0.99974746 0.99948221
1318478724 0.0000000 0.99927598 0.99853617
1319945023 0.0000000 0.99975240 0.99949098
1320074224 0.0000000 0.99963421 0.99920338
1320721143 0.0000000 0.99972486 0.99944222
1321061921 0.0000000 0.99975592 0.99950212
1322787324 0.0000000 0.99980026 0.99960089
1322993584 0.0000000 0.99963772 0.99924165
1323861170 0.0000000 0.99971527 0.99939138
1323909341 0.0000000 0.99974579 0.99945521
1324582798 0.0000000 0.99973232 0.99945790
1325660397 0.0000000 0.99969554 0.99938369
1326181267 0.0000000 0.99873447 0.99745697
1326728445 0.0000000 0.99832928 0.99664634
1327107001 0.0000000 0.99968702 0.99936652
1327480583 0.0000000 0.99961871 0.99920917
1327824459 0.0000000 0.99933314 0.99865174
1328324062 0.0000000 0.99979788 0.99959546
1328459111 0.0000000 0.99959129 0.99916959
1330223700 0.0000000 0.99975461 0.99948788
1330883534 0.0000000 0.99925399 0.99848795
1332071890 0.0000000 0.99936044 0.99868584
1332086295 0.0000000 0.99679661 0.99351901
1332373478 0.0000000 0.99989080 0.99972981
1333258441 0.0000000 0.99959755 0.99915802
1333828758 0.0000000 0.99967331 0.99932611
1333921411 0.0000000 0.99980623 0.99956971
1334227165 0.0000000 0.99968398 0.99921858
1334800688 0.0000000 0.99976724 0.99946600
1335409258 0.0000000 0.98366714 0.96614581
1335538115 0.0000000 0.99978918 0.99954653
1338362741 0.0000000 0.99980980 0.99950218
1338842309 0.0000000 0.99978524 0.99955142
1338890190 0.0000000 0.99975336 0.99948990
1338944914 0.0000000 0.99987739 0.99965680
1338944979 0.0000000 0.99982035 0.99958277
1338945045 0.0000000 0.99976194 0.99939543
1339216879 0.0000000 0.99972439 0.99934989
1339275618 0.0000000 0.99977922 0.99949765
1339278860 0.0000000 0.99962336 0.99917132
1339309409 0.0000000 0.99971706 0.99942595
1339575740 0.0000000 0.99967676 0.99926311
1339598466 0.0000000 0.99959677 0.99913484
1339646879 0.0000000 0.99973404 0.99938077
1339690513 0.0000000 0.99982888 0.99961573
1339702255 0.0000000 0.99975532 0.99948126
1339923712 0.0000000 0.99970615 0.99932426
1341299876 0.0000000 0.99962729 0.99909806
1341924177 0.0000000 0.99898559 0.99791223
1342405200 0.0000000 0.99910003 0.99815816
1344277570 0.0000000 0.99956125 0.99908769
1344910008 0.0000000 0.99970198 0.99936050
1344941743 0.0000000 0.99970418 0.99938869
1345138860 0.0000000 0.99964291 0.99925929
1345234802 0.0000000 0.96943903 0.90927178
1346380382 0.0000000 0.97653091 0.95081913
1346415099 0.0000000 0.99965024 0.99925685
1346415834 0.0000000 0.99958599 0.99913067
1346788818 0.0000000 0.99979836 0.99952424
1346816730 0.0000000 0.99964154 0.99927026
1348523853 0.0000000 0.99976689 0.99948794
1350722979 0.0000000 0.99970013 0.99939781
1350800865 0.0000000 0.99862838 0.99724895
1351161077 0.0000000 0.99976677 0.99952018
1352122829 0.0000000 0.99931455 0.99862313
1352554787 0.0000000 0.99588811 0.99177277
1353431341 0.0000000 0.99983400 0.99967241
1353536726 0.0000000 0.99971813 0.99943709
1354158772 0.0000000 0.99970150 0.99936652
1354470336 0.0000000 0.99975556 0.99949485
1354477411 0.0000000 0.99975830 0.99951255
1354976814 0.0000000 0.99963641 0.99926412
1355221924 0.0000000 0.99979693 0.99957824
1356243184 0.0000000 0.99953049 0.99903250
1356319072 0.0000000 0.99975705 0.99950719
1356487597 0.0000000 0.99979800 0.99957973
1356883405 0.0000000 0.99979973 0.99959147
1357128106 0.0000000 0.99976897 0.99950624
1357236484 0.0000000 0.99975479 0.99950153
1357270197 0.0000000 0.99973482 0.99946618
1357331931 0.0000000 0.99963957 0.99927443
1357541346 0.0000000 0.99974328 0.99948120
1357994057 0.0000000 0.99965805 0.99930954
1358411441 0.0000000 0.99972039 0.99943364
1358708986 0.0000000 0.99974614 0.99947906
1359776392 0.0000000 0.99967873 0.99934471
1361064727 0.0000000 0.99958289 0.99915540
1361239965 0.0000000 0.99965560 0.99928498
1361256759 0.0000000 0.99982524 0.99962240
1361373628 0.0000000 0.99994069 0.99987227
1361471757 0.0000000 0.99971151 0.99941665
1361665659 0.0000000 0.99796414 0.99591565
1362386544 0.0000000 0.99983805 0.99967402
1362609444 0.0000000 0.99910980 0.99816978
1362627405 0.0000000 0.99978763 0.99957436
1362643640 0.0000000 0.99974257 0.99946666
1363079024 0.0000000 0.99964005 0.99926746
1363764120 0.0000000 0.99911803 0.99822116
1364349799 0.0000000 0.99979144 0.99958336
1364349845 0.0000000 0.99977756 0.99954611
1364355002 0.0000000 0.99944824 0.99888921
1364690983 0.0000000 0.99847984 0.99694574
1365625224 0.0000000 0.99976104 0.99951303
1366061297 0.0000000 0.98894966 0.97759628
1366432589 0.0000000 0.99945199 0.99889594
1366513671 0.0000000 0.99957550 0.99909711
1369110346 0.0000000 0.99975359 0.99948627
1369124755 0.0000000 0.99985576 0.99971271
1369791239 0.0000000 0.99959904 0.99918264
1369883683 0.0000000 0.99974447 0.99948084
1370118743 0.0000000 0.99962717 0.99919993
1370151783 0.0000000 0.99719930 0.99389166
1370623082 0.0000000 0.99984384 0.99955368
1372241957 0.0000000 0.99904072 0.99797624
1372463510 0.0000000 0.99982256 0.99957657
1373829868 0.0000000 0.99977440 0.99949688
1373895699 0.0000000 0.99985212 0.99959236
1373969495 0.0000000 0.99976909 0.99953181
1374677225 0.0000000 0.99969190 0.99938965
1374679935 0.0000000 0.99975222 0.99949569
1376837821 0.0000000 0.99963874 0.99924392
1377205321 0.0000000 0.99835378 0.99668968
1377355603 0.0000000 0.99958485 0.99915826
1377407246 0.0000000 0.99254256 0.98501104
1378247005 0.0000000 0.99945754 0.99883026
1378467231 0.0000000 0.99981523 0.99959058
1379475197 0.0000000 0.99755657 0.99505347
1380542719 0.0000000 0.99977410 0.99954385
1381466759 0.0000000 0.99895138 0.99788946
1381684855 0.0000000 0.99972755 0.99945080
1382170436 0.0000000 0.99843007 0.99684036
1382919848 0.0000000 0.99926311 0.99850106
1383069011 0.0000000 0.99888283 0.99770057
1383085061 0.0000000 0.99830145 0.99658519
1383220929 0.0000000 0.59601361 -0.84735906
1383227120 0.0000000 0.99960363 0.99920779
1383227831 0.0000000 0.99984127 0.99967045
1383234448 0.0000000 0.99968839 0.99935925
1383263545 0.0000000 0.99982780 0.99963695
1383450194 0.0000000 0.99976629 0.99953073
1383519374 0.0000000 0.99971223 0.99941909
1383809110 0.0000000 0.99949813 0.99895316
1383809501 0.0000000 0.99957210 0.99912637
1383989687 0.0000000 0.99953157 0.99899638
1384145710 0.0000000 0.99965346 0.99926275
1384544358 0.0000000 0.99980533 0.99958265
1385019362 0.0000000 0.99795008 0.99581778
1386347977 0.0000000 0.98154378 0.96159989
1386357780 0.0000000 0.99950558 0.99897885
1387916955 0.0000000 0.99977291 0.99949962
1389034180 0.0000000 0.99972910 0.99940425
1389204911 0.0000000 0.99974632 0.99948794
1389717867 0.0000000 0.99977976 0.99954373
1389724692 0.0000000 0.99979633 0.99952221
1389729005 0.0000000 0.99979913 0.99953848
1389740803 0.0000000 0.99980807 0.99959874
1389904819 0.0000000 0.99938571 0.99867171
1390517490 0.0000000 0.99960291 0.99918729
1390619771 0.0000000 0.99975246 0.99943566
1391790286 0.0000000 0.99908090 0.99806952
1393014317 0.0000000 0.99979585 0.99951172
1393065064 0.0000000 0.99956071 0.99909830
1393759985 0.0000000 0.99977762 0.99952179
1393791078 0.0000000 0.99974531 0.99945670
1394913876 0.0000000 0.99980736 0.99949360
1395061976 0.0000000 0.99985880 0.99959874
1395231566 0.0000000 0.99978870 0.99944717
1397097485 0.0000000 0.99988258 0.99955332
1397746253 0.0000000 0.99945611 0.99878854
1398443585 0.0000000 0.99978250 0.99949282
1399207416 0.0000000 0.99973369 0.99943900
1399278483 0.0000000 0.99931449 0.99854267
1399745740 0.0000000 0.99963474 0.99919164
1399746271 0.0000000 0.99981683 0.99948847
1400631673 0.0000000 0.88902497 0.78074455
1401021673 0.0000000 0.99980295 0.99958438
1401296286 0.0000000 0.99833649 0.99652421
1402085900 0.0000000 0.99755549 0.99508786
1402313583 0.0000000 0.99943715 0.99879915
1402624068 0.0000000 0.96543556 0.92719853
1402784563 0.0000000 0.99972308 0.99936861
1403034553 0.0000000 0.99955058 0.99908233
1403317269 0.0000000 0.99976212 0.99951220
1403439974 0.0000000 0.99966627 0.99930918
1404774365 0.0000000 0.99978614 0.99945670
1404925818 0.0000000 0.99975002 0.99949485
1405577514 0.0000000 0.99977618 0.99947846
1407296767 0.0000000 0.99976724 0.99951243
1407544588 0.0000000 0.92785490 0.82416928
1408047770 0.0000000 0.99961680 0.99918061
1410046387 0.0000000 0.99940789 0.99877447
1410325949 0.0000000 0.99931741 0.99860919
1410382444 0.0000000 0.99939615 0.99876577
1411247643 0.0000000 0.99980599 0.99960065
1411641303 0.0000000 0.99984515 0.99964625
1412009058 0.0000000 0.99816108 0.99626094
1412705290 0.0000000 0.99971402 0.99942029
1413207959 148.00000 3.55685763E-02 -3.53010893E-02
1414298821 0.0000000 0.99950153 0.99899638
1416419181 0.0000000 0.99462229 0.98891068
1416419227 0.0000000 0.99536061 0.99013567
1416540553 0.0000000 0.99495935 0.98974133
1417557685 0.0000000 0.99535531 0.98904866
1417655668 0.0000000 0.99453688 0.98908806
1418245419 0.0000000 0.99433774 0.98870683
1418533563 0.0000000 0.99474925 0.98945981
1419682925 0.0000000 0.99517554 0.99032307
1419947441 0.0000000 0.99397600 0.98794937
1419995164 0.0000000 0.99521869 0.99044877
1420012476 0.0000000 0.99465686 0.98926032
1420437226 0.0000000 0.99504828 0.99008709
1420606112 0.0000000 0.99448806 0.98886561
1420742654 0.0000000 0.99024963 0.98008579
1421435535 0.0000000 0.99407768 0.98802590
1421639313 0.0000000 0.99441534 0.98869258
1422083726 0.0000000 0.99465734 0.98901117
1422374758 0.0000000 0.99329501 0.98645800
1422958210 0.0000000 0.99390244 0.98772728
1423037687 0.0000000 0.99618375 0.99234867
1423603888 0.0000000 0.94581944 0.88258582
1423726535 0.0000000 0.99513793 0.99017972
1423857991 0.0000000 0.99634904 0.99233127
1424969403 0.0000000 0.99574196 0.99143553
1426114954 0.0000000 0.99439746 0.98866141
1426344314 0.0000000 0.99428505 0.98858637
1426852891 0.0000000 0.99428028 0.98852843
1427105631 0.0000000 0.99463236 0.98804045
1427483378 0.0000000 0.99525058 0.99014586
1428208678 0.0000000 0.99286449 0.98576307
1428320250 0.0000000 0.99559164 0.99110043
1428945237 0.0000000 0.99341410 0.98684263
1429127316 0.0000000 0.99535149 0.99063557
1429494176 0.0000000 0.99562085 0.99093193
1429494550 0.0000000 0.99528599 0.99037606
1429528847 0.0000000 0.99545687 0.99084431
1429530313 0.0000000 0.99662006 0.99303448
1429531199 0.0000000 0.99583107 0.99124050
1429992097 0.0000000 0.99544042 0.99066663
1430658547 0.0000000 0.99644059 0.99281102
1431333501 0.0000000 0.99606621 0.99196106
1431387795 0.0000000 0.99527711 0.99057704
1431628549 0.0000000 0.99463832 0.98928106
1432588969 0.0000000 0.99458861 0.98912340
1432601816 0.0000000 0.99588841 0.99098271
1432799863 0.0000000 0.99672693 0.99320984
1434467768 0.0000000 0.99394542 0.98734528
1434867330 0.0000000 0.99538243 0.99030763
1435335400 0.0000000 0.99394929 0.98780131
1438066750 0.0000000 0.99506438 0.99012947
1438936857 0.0000000 0.99422890 0.98846239
1439209234 0.0000000 0.95613390 0.90624923
1439418087 0.0000000 0.99361336 0.98704022
1439474882 0.0000000 0.99593192 0.99178630
1439699200 0.0000000 0.98601890 0.97200751
1441113885 0.0000000 0.99398512 0.98793137
1441128847 0.0000000 0.99494940 0.98991561
1441160293 0.0000000 0.99441892 0.98864704
1441898607 0.0000000 0.99514717 0.99025065
1442339782 0.0000000 0.99465686 0.98928750
1442345855 0.0000000 0.99395674 0.98754585
1442345878 0.0000000 0.99398988 0.98760515
1442408939 0.0000000 0.99156195 0.98283625
1442410226 0.0000000 0.99394721 0.98772794
1442413798 0.0000000 0.99468970 0.98939496
1443074281 0.0000000 0.99485487 0.98964214
1443555465 0.0000000 0.99709767 0.99368060
1444648487 0.0000000 0.99645656 0.99282688
1444736944 0.0000000 0.99460024 0.98915941
1444953165 0.0000000 0.99437410 0.98870116
1444953267 0.0000000 0.99457437 0.98915142
1445014914 0.0000000 0.99304211 0.98607838
1445221055 0.0000000 0.99513721 0.99005264
1445233331 0.0000000 0.99347693 0.98691714
1445239215 0.0000000 0.99343878 0.98689568
1446412182 0.0000000 0.99531728 0.99059725
1446412281 0.0000000 0.99444157 0.98845446
1446509184 0.0000000 0.99326640 0.98655212
1446509190 0.0000000 0.99326771 0.98655391
1446714386 0.0000000 0.99557388 0.99115938
1447167192 0.0000000 0.99451298 0.98877090
1447255999 0.0000000 0.99560004 0.99121535
1447277516 0.0000000 0.99186623 0.98373371
1448316095 0.0000000 0.99099940 0.98197407
1448671943 0.0000000 0.99402899 0.98786944
1449033717 0.0000000 0.99531573 0.99062008
1449035580 0.0000000 0.99497092 0.98992473
1449153073 0.0000000 0.99548656 0.99097252
1449935242 0.0000000 0.99856061 0.99516147
1450510821 0.0000000 0.98311800 0.96556962
1450536811 0.0000000 0.99211091 0.98399305
1450992022 0.0000000 0.99508268 0.98945570
1451199638 0.0000000 0.99381697 0.98737991
1451327726 0.0000000 0.99601316 0.99200279
1451523194 0.0000000 0.99402803 0.98781604
1451829690 0.0000000 0.99564964 0.99128926
1451928000 0.0000000 0.99424911 0.98848897
1452487977 0.0000000 0.99517924 0.99025500
1453169606 0.0000000 0.99584424 0.99142826
1453824336 0.0000000 0.99357492 0.98656303
1454422761 0.0000000 0.99632263 0.99259055
1454702246 0.0000000 0.99491543 0.98936695
1454702308 0.0000000 0.99267977 0.98341006
1454702406 0.0000000 0.99369889 0.98698783
1454702512 0.0000000 0.99400336 0.98783565
1454978820 0.0000000 0.99367392 0.98734933
1455590759 0.0000000 0.99545515 0.99082941
1455595494 0.0000000 0.99502492 0.98958343
1455757779 0.0000000 0.99387723 0.98717165
1455758311 0.0000000 0.99504513 0.98983610
1456215987 0.0000000 0.99579179 0.99152070
1456541993 0.0000000 0.99572891 0.99013638
1457201466 0.0000000 0.99604392 0.99208927
1457276938 0.0000000 0.99516976 0.98967737
1459152479 0.0000000 0.99409688 0.98818856
1459502085 0.0000000 0.99340636 0.98625851
1459988008 0.0000000 0.99458259 0.98896283
1460294506 0.0000000 0.99504554 0.98991853
1460353509 0.0000000 0.99442393 0.98872048
1460804146 0.0000000 0.99551678 0.99079883
1461082597 0.0000000 0.99378270 0.98726243
1461607991 0.0000000 0.99558085 0.99085850
1461770234 0.0000000 0.99223900 0.98424947
1461770257 0.0000000 0.99226964 0.98430514
1461770858 0.0000000 0.99473619 0.98858339
1461781146 0.0000000 0.76526797 0.38063967
1461806086 0.0000000 0.99426937 0.98822773
1462056417 0.0000000 0.99506670 0.98998791
1462199340 0.0000000 0.99476320 0.98954284
1462521203 0.0000000 0.99351501 0.98679656
1462632669 0.0000000 0.99256492 0.98502976
1462675593 0.0000000 0.99558812 0.99112010
1463023035 0.0000000 0.99409711 0.98714083
1463023251 0.0000000 0.99206305 0.98390090
1463023282 0.0000000 0.99317467 0.98576432
1463027395 0.0000000 0.99421686 0.98829144
1463127852 0.0000000 0.99429280 0.98849607
1463195522 0.0000000 0.99420661 0.98822701
1463196768 0.0000000 0.99471116 0.98931843
1463530965 0.0000000 0.99775440 0.99409765
1463863900 0.0000000 0.99598634 0.99098468
1463882779 0.0000000 0.99423462 0.98799419
1464184475 0.0000000 0.99332684 0.98567390
1464544116 0.0000000 0.99574643 0.99133873
1464576767 0.0000000 0.99504739 0.99000823
1464630651 0.0000000 0.99604177 0.99207902
1464672226 0.0000000 0.99504185 0.98995584
1466204142 0.0000000 0.99386877 0.98700815
1466383187 0.0000000 0.99543911 0.99038625
1466409210 0.0000000 0.99516094 0.99027127
1466715930 0.0000000 0.99495512 0.98978084
1467361422 0.0000000 0.99433488 0.98864961
1469019333 0.0000000 0.99410337 0.98794913
1469592155 0.0000000 0.99550486 0.99096066
1471008941 0.0000000 0.99325836 0.98649228
1471908408 0.0000000 0.99552822 0.99106216
1472660934 0.0000000 0.99349153 0.98699617
1473440050 0.0000000 0.99647623 0.99273747
1475055492 0.0000000 0.99473780 0.98920804
1475769120 0.0000000 0.99578536 0.99057978
1477370752 0.0000000 0.99445236 0.98876047
1478519786 0.0000000 0.99373209 0.98672438
1478903131 0.0000000 0.99459398 0.98915178
1480024554 0.0000000 0.99571902 0.99138600
1480377579 0.0000000 0.99297583 0.98545283
1480507474 0.0000000 0.99604213 0.99158430
1481256588 0.0000000 0.99430513 0.98863918
1481811269 0.0000000 0.99545223 0.99018872
1483057851 0.0000000 0.99590701 0.99163282
1483513641 0.0000000 0.99449027 0.98897541
1484155863 0.0000000 0.99574012 0.99113679
1484797338 0.0000000 0.99118328 0.98171240
1484900187 0.0000000 0.99477732 0.98955578
1485329586 0.0000000 0.99442112 0.98885220
1486746772 0.0000000 0.99439710 0.98842531
1487420859 0.0000000 0.99400872 0.98764884
1487652197 0.0000000 0.98087430 0.96099263
1488212310 0.0000000 0.99481094 0.98962003
1488924651 0.0000000 0.99293804 0.98570067
1489967289 0.0000000 0.99397033 0.98725843
1490066029 0.0000000 0.98886001 0.97748476
1490805242 0.0000000 0.99432796 0.98849070
1492112471 0.0000000 0.99455416 0.98910713
1492367656 0.0000000 0.99394894 0.98694694
1493517442 0.0000000 0.99523139 0.98998088
1493960850 0.0000000 0.99651027 0.99301505
1493986611 0.0000000 0.98388982 0.96697283
1494889974 0.0000000 0.99700028 0.99340802
1494932580 0.0000000 0.99267894 0.98520184
1495631454 0.0000000 0.99370730 0.98229933
1495691291 0.0000000 0.99325919 0.98493379
1495956669 0.0000000 0.99242073 0.98481643
1495999757 0.0000000 0.99289519 0.98552042
1496582686 0.0000000 0.99493593 0.98937356
1497967350 0.0000000 0.97877318 0.95643139
1498029939 0.0000000 0.99546313 0.99088496
1500318986 0.0000000 0.99370676 0.98720592
1501139292 0.0000000 0.99554354 0.99090487
1501845585 0.0000000 0.99452436 0.98901153
1502294736 0.0000000 0.99557000 0.99113810
1502416734 0.0000000 0.99837279 0.99536133
1502582915 0.0000000 0.99498057 0.98997104
1504364658 0.0000000 0.99497831 0.98981589
1505096741 0.0000000 0.99356407 0.98703212
1505687994 0.0000000 0.99220562 0.98446637
1505917796 0.0000000 0.99413568 0.98614132
1506232185 0.0000000 0.99531126 0.99037534
1506549399 0.0000000 0.99423301 0.98839408
1507505391 0.0000000 0.99569368 0.99109733
1507747520 0.0000000 0.99505246 0.99012458
1508582157 0.0000000 0.99501908 0.98998588
1509318944 0.0000000 0.99493182 0.98945796
1509677295 0.0000000 0.99477524 0.98905361
1509677339 0.0000000 0.99471021 0.98888201
1509752088 0.0000000 0.99507374 0.98999935
1510398879 0.0000000 0.99446058 0.98855019
1510402973 0.0000000 0.99293280 0.98555720
1510440860 0.0000000 0.99462640 0.98926604
1510947032 0.0000000 0.99487638 0.98922569
1511360409 0.0000000 0.99284858 0.98481596
1511470532 0.0000000 0.98941112 0.97787488
1512230735 0.0000000 0.99401671 0.98805046
1512377977 0.0000000 0.99329996 0.98633617
1512704669 0.0000000 0.99282944 0.98560810
1513120660 0.0000000 0.99397546 0.98768926
1516168751 0.0000000 0.99565029 0.99129260
1516984288 0.0000000 0.99366975 0.98703867
1517686257 0.0000000 0.99401110 0.98780870
1517749972 0.0000000 0.99423969 0.98816091
1517752600 0.0000000 0.99477357 0.98950821
1517752662 0.0000000 0.99434906 0.98866028
1517753127 0.0000000 0.99519455 0.99018550
1517753452 0.0000000 0.99444616 0.98825932
1517753522 0.0000000 0.99442273 0.98818952
1517753592 0.0000000 0.99436945 0.98808807
1517753815 0.0000000 0.99303192 0.98564899
1517758427 0.0000000 0.99401039 0.98779500
1517763262 0.0000000 0.99468857 0.98912275
1517821602 0.0000000 0.99441552 0.98878419
1517823894 0.0000000 0.99480325 0.98962116
1517846321 0.0000000 0.99417025 0.98835659
1517852233 0.0000000 0.99491656 0.98977226
1517893754 0.0000000 0.99574053 0.99141490
1517906208 0.0000000 0.99311137 0.98611534
1517932241 0.0000000 0.99389070 0.98665029
1517932280 0.0000000 0.99431407 0.98717451
1517932282 0.0000000 0.99479347 0.98749775
1517932427 0.0000000 0.99293965 0.98556656
1517932434 0.0000000 0.99293536 0.98559946
1517932492 0.0000000 0.99228412 0.98417383
1517933877 0.0000000 0.99454474 0.98902905
1517940013 0.0000000 0.99603754 0.99133295
1517940459 0.0000000 0.99413675 0.98717993
1517944528 0.0000000 0.99207753 0.98342174
1517945796 0.0000000 0.99355942 0.98679590
1517950582 0.0000000 0.99468052 0.98926836
1517958702 0.0000000 0.99602580 0.99149591
1517960631 0.0000000 0.99439192 0.98856574
1517969882 0.0000000 0.99614853 0.99207777
1517974578 0.0000000 0.99544388 0.99050087
1517998787 0.0000000 0.99520117 0.99041063
1518001985 0.0000000 0.99443114 0.98827618
1518008800 0.0000000 0.99255317 0.98398715
1518008880 0.0000000 0.99273986 0.98541337
1518013159 0.0000000 0.99328744 0.98616683
1518016890 0.0000000 0.99439919 0.98836672
1518016916 0.0000000 0.99449366 0.98853379
1518051257 0.0000000 0.99310964 0.98550594
1518059164 0.0000000 0.99252468 0.98498881
1518142443 0.0000000 0.99256867 0.98507613
1518201789 0.0000000 0.99547541 0.99076873
1518248929 0.0000000 0.99434865 0.98870260
1518858396 0.0000000 0.99491262 0.98960328
1518981709 0.0000000 0.99482870 0.98961169
1519051621 0.0000000 0.99554574 0.99080044
1519254641 0.0000000 0.99361563 0.98701197
1519583320 0.0000000 0.99354589 0.98515511
1519962147 0.0000000 0.99569219 0.99140745
1520098551 0.0000000 0.99344915 0.98658520
1520329330 0.0000000 0.99452370 0.98894924
1521024527 0.0000000 0.99441099 0.98861140
1521537776 0.0000000 0.99220341 0.98418790
1521728871 0.0000000 0.99267036 0.98359305
1522232997 0.0000000 0.99552196 0.99104846
1522282670 0.0000000 0.99443001 0.98873001
1522598524 0.0000000 0.99194688 0.98358363
1523432369 0.0000000 0.99323708 0.98647499
1523886539 0.0000000 0.99662864 0.99288702
1524201906 0.0000000 0.99252248 0.98507994
1524248877 0.0000000 0.98928064 0.97857237
1524308214 0.0000000 0.99787438 0.99530852
1524503432 0.0000000 0.99600738 0.99162138
1524721460 0.0000000 0.99409735 0.98569250
1524721601 0.0000000 0.99459243 0.98723501
1524808553 0.0000000 0.99381453 0.98710722
1525218424 0.0000000 0.99486911 0.98974955
1526098666 0.0000000 0.99345303 0.98682964
1527728598 0.0000000 0.99550587 0.99052882
1527904870 0.0000000 0.99164981 0.98286676
1528731725 0.0000000 0.99419117 0.98801571
1528750347 0.0000000 0.99429506 0.98753363
1528856173 0.0000000 0.99285436 0.98507047
1529096035 0.0000000 0.99602884 0.99206489
1529334375 0.0000000 0.99567246 0.99130458
1529522338 0.0000000 0.99467933 0.98934484
1530516370 0.0000000 0.99432236 0.98865193
1530516385 0.0000000 0.99432164 0.98865032
1530609654 0.0000000 0.99332482 0.98601550
1531312909 0.0000000 0.99361491 0.98696762
1531507119 0.0000000 0.99591988 0.99158716
1532050755 0.0000000 0.99501133 0.98967659
1533217098 0.0000000 0.99405694 0.98760700
1533504622 0.0000000 0.99466521 0.98933810
1533801692 0.0000000 0.99373782 0.98743480
1534500582 0.0000000 0.99506676 0.98947179
1534551317 0.0000000 0.99355239 0.98607373
1535572403 0.0000000 0.99293309 0.98562765
1535660064 0.0000000 0.99411142 0.98822606
1536498994 0.0000000 0.99506283 0.99010825
1536641006 0.0000000 0.99437487 0.98876095
1536700815 0.0000000 0.99575061 0.99149162
1538633849 0.0000000 0.99348742 0.98678493
1538766649 0.0000000 0.99147195 0.98255527
1539072778 0.0000000 0.99529642 0.99019980
1539164591 0.0000000 0.99320972 0.98643506
1540269298 0.0000000 0.99509859 0.98965263
1540310644 0.0000000 0.99428344 0.98784405
1541624711 0.0000000 0.99286932 0.95925009
1541712486 0.0000000 0.95117044 0.89520806
1542328459 0.0000000 0.98927093 0.94599503
1542608341 0.0000000 0.99324477 0.95533711
1542638415 0.0000000 0.96921498 0.91976309
1542645094 0.0000000 0.96607703 0.90987915
1543190243 0.0000000 0.99187994 0.94805121
1543191316 0.0000000 0.83594745 0.68686008
1543236658 0.0000000 0.91832662 0.83951592
1543238642 0.0000000 0.64402717 6.73226714E-02
1543314575 0.0000000 0.96786177 0.91746223
1544368541 0.0000000 0.99343681 0.94881618
1544439487 0.0000000 0.99696392 0.95130515
1544621063 0.0000000 0.99355513 0.94258881
1544908865 0.0000000 0.99546456 0.95409632
1545710204 0.0000000 0.98476022 0.93104357
1546538568 0.0000000 0.99449074 0.94838488
1546949806 0.0000000 0.99650800 0.96431297
1548127166 0.0000000 0.99425954 0.95221132
1548825695 0.0000000 0.99217159 0.95422864
1548861293 0.0000000 0.99193484 0.94829702
1549366351 0.0000000 0.96522444 0.91149634
1549558324 0.0000000 0.99324989 0.94782627
1550239687 0.0000000 0.99651903 0.96007514
1551558867 0.0000000 0.83602738 0.68232250
1552012334 0.0000000 0.99485874 0.95969164
1552127531 0.0000000 0.60639250 -0.14063406
1552421955 0.0000000 0.99152744 0.95026076
1552451554 0.0000000 0.99401164 0.96447986
1552511242 0.0000000 0.99570364 0.96234149
1552697151 0.0000000 0.99740177 0.97823256
1552968094 0.0000000 0.98898822 0.94670552
1553256348 0.0000000 0.98748267 0.94187230
1553414210 0.0000000 0.97794527 0.93115067
1554087275 0.0000000 0.98770392 0.93718159
1554172029 0.0000000 0.87209892 0.76019967
1554256375 0.0000000 0.99471390 0.95318151
1554343015 0.0000000 0.99588788 0.94981700
1554382610 0.0000000 0.99022180 0.94063121
1554499495 0.0000000 0.98303479 0.93342805
1554706689 0.0000000 0.99135041 0.94356447
1554822801 0.0000000 0.99382323 0.94856912
1554841453 0.0000000 0.99375898 0.94393170
1554850672 0.0000000 0.99433714 0.93893486
1555563667 0.0000000 0.99164629 0.95464909
1556793883 0.0000000 0.98656517 0.93209398
1556970683 0.0000000 0.88594043 0.78458160
1557330527 0.0000000 0.96563452 0.89820421
1557737721 0.0000000 0.98687130 0.91800791
1558197514 0.0000000 0.98705173 0.91504949
1558379328 0.0000000 0.82523251 0.67821270
1558489044 0.0000000 0.99340010 0.91894096
1558591969 0.0000000 0.99294102 0.92294997
1559317998 0.0000000 0.99373299 0.93506110
1559641578 0.0000000 0.99515551 0.93296057
1559762840 0.0000000 0.99132067 0.91744506
1560870606 0.0000000 0.39094335 -2.6225066
1561237205 0.0000000 0.97561270 0.90354764
1561242160 0.0000000 0.98670924 0.91739976
1561825206 0.0000000 0.97006708 0.90982026
1561837452 0.0000000 0.99488044 0.94297737
1562610935 0.0000000 0.99124992 0.93925333
1562880116 0.0000000 0.99289626 0.94307452
1563275550 0.0000000 0.98692447 0.92575097
1563531230 0.0000000 0.99141121 0.93260849
1563768365 0.0000000 0.87530273 0.76608098
1563850922 0.0000000 0.91923505 0.83861715
1564123196 0.0000000 0.97469419 0.91974336
1564190683 0.0000000 0.99295330 0.95148504
1564649429 0.0000000 0.74764609 0.45935452
1564753988 0.0000000 0.99277192 0.94225585
1564784683 0.0000000 0.99560106 0.95058948
1565054388 0.0000000 0.99225444 0.94092590
1565055090 0.0000000 0.99319476 0.93880117
1565213283 0.0000000 0.99480927 0.94679171
1565218942 0.0000000 0.95976406 0.89327508
1565905300 0.0000000 0.99334639 0.93001097
1566053525 0.0000000 0.98728132 0.92185533
1566053530 0.0000000 0.98728430 0.92185920
1566074882 0.0000000 0.95211971 0.88917601
1566101114 0.0000000 0.99262965 0.93781573
1566598377 0.0000000 0.53128678 -0.50035322
1566648618 0.0000000 0.74116224 0.45499820
1567237819 0.0000000 0.99255186 0.92373288
1567471650 0.0000000 0.99127400 0.93745846
1567604000 0.0000000 0.97576255 0.91564536
1567917359 0.0000000 0.92149752 0.84058076
1568005668 0.0000000 0.98396981 0.92287099
1568095682 0.0000000 0.99464118 0.94469070
1569863578 0.0000000 0.99267203 0.94208390
1570468626 0.0000000 0.96179229 0.90186167
1571312673 0.0000000 0.99632996 0.94133866
1571861758 0.0000000 0.43713710 -1.2649746
1572218883 0.0000000 0.90941703 0.81867427
1573491297 0.0000000 0.89213490 0.79300845
1573495893 0.0000000 0.92282492 0.83739644
1574645562 0.0000000 0.98658592 0.91785777
1575564604 0.0000000 0.78443986 0.59309369
1575660753 0.0000000 0.98120403 0.90714645
1576495557 0.0000000 0.99123013 0.92083299
1577769501 0.0000000 0.63893348 0.12434977
1577819410 0.0000000 0.99429637 0.92948586
1578293635 0.0000000 0.99523902 0.93361270
1578510402 0.0000000 0.99143350 0.91559100
1579404154 0.0000000 0.96538854 0.89182889
1579703564 0.0000000 0.97841078 0.90723211
1580749376 0.0000000 0.99641842 0.92697132
1581076659 0.0000000 0.97794914 0.89857352
1581616159 0.0000000 0.98731411 0.91575158
1581629921 0.0000000 0.98892814 0.91793638
1581764406 0.0000000 0.99585956 0.92273903
1581764700 0.0000000 0.99370629 0.92181522
1581794413 0.0000000 0.99259156 0.92402464
1582090065 0.0000000 0.99317962 0.92835712
1582113307 0.0000000 0.98405880 0.90572512
1582546233 0.0000000 0.98716980 0.91136181
1582592414 0.0000000 0.94193435 0.85890746
1582629242 0.0000000 0.99505234 0.92519867
1582695255 0.0000000 0.99416894 0.91623110
1584677477 0.0000000 0.83942086 0.70371151
1585787701 0.0000000 0.41362792 -1.3251750
1586304460 0.0000000 0.97795206 0.88859069
1586389759 0.0000000 0.98551089 0.90285897
1586537097 0.0000000 0.99415207 0.92253196
1586691401 0.0000000 0.99389189 0.90754294
1587481331 0.0000000 0.97452092 0.89299095
1588476280 0.0000000 0.99785960 0.94712162
1589003116 0.0000000 0.98802131 0.91149259
1589548020 0.0000000 0.40932366 -1.4866037
1589756010 0.0000000 0.98745626 0.91155446
1589910785 0.0000000 0.78574938 0.59459943
1590311534 0.0000000 0.25128040 -7.7750149
1590359490 0.0000000 0.99315631 0.91941035
1590694463 0.0000000 0.99014574 0.91646326
1590843750 0.0000000 0.99526435 0.91651171
1591494563 0.0000000 0.99453777 0.91404706
1591839506 0.0000000 0.99239433 0.90969926
1591921295 0.0000000 0.99136305 0.90823209
1592079539 0.0000000 0.99470025 0.91731751
1592349420 0.0000000 0.95643020 0.87060320
1593214064 0.0000000 0.99534827 0.92861015
1593241888 0.0000000 0.98354030 0.91212326
1593407313 0.0000000 0.99463147 0.91833717
1593435168 0.0000000 0.99054754 0.91627514
1593519432 0.0000000 0.99477684 0.92265981
1594227272 0.0000000 0.97757345 0.91355562
1594265063 0.0000000 0.98793685 0.91179502
1594267923 0.0000000 0.97945106 0.90258205
1594526768 0.0000000 0.93944472 0.85332245
1594546164 0.0000000 0.67231244 0.29554451
1595767949 0.0000000 0.99448484 0.91826558
1597107665 0.0000000 0.98972929 0.97950572
1597123796 0.0000000 0.99168831 0.98340368
1597187246 0.0000000 0.98898321 0.97801644
1597774608 0.0000000 0.99057060 0.97992182
1597797181 0.0000000 0.98896891 0.97777635
1597806811 0.0000000 0.98898864 0.97632962
1598480108 0.0000000 0.98982608 0.97964078
1598847265 0.0000000 0.97951061 0.95892519
1599036279 0.0000000 0.98979992 0.97958982
1600306672 0.0000000 0.99138790 0.98277074
1600833602 0.0000000 0.99519497 0.99031025
1601017581 0.0000000 0.99611127 0.99080408
1601326254 0.0000000 0.98941493 0.97655064
1601342057 0.0000000 0.99158579 0.98242384
1601440640 0.0000000 0.98939776 0.97878265
1601863505 0.0000000 0.99061251 0.98044282
1602517184 0.0000000 0.98931170 0.97835678
1602946993 0.0000000 0.98637551 0.97041231
1602947159 0.0000000 0.98946285 0.97641766
1603087586 0.0000000 0.98367852 0.96581995
1603396062 0.0000000 0.98955125 0.97830999
1603674483 0.0000000 0.99926078 0.99845511
1604358861 0.0000000 0.99966246 0.99924278
1604426346 0.0000000 0.99929786 0.99855727
1604601372 0.0000000 0.99992555 0.99979609
1604626818 0.0000000 0.99989635 0.99975443
1605130406 0.0000000 0.99984682 0.99964142
1605130534 0.0000000 0.99958408 0.99909514
1605266102 0.0000000 0.99947143 0.99887198
1605511152 0.0000000 0.99988544 0.99969357
1605551866 0.0000000 0.99941981 0.99875486
1605557664 0.0000000 0.99969351 0.99932951
1605621503 0.0000000 0.99768370 0.99515969
1605662576 0.0000000 0.99938953 0.99873173
1606582085 0.0000000 0.98751634 0.97422612
1606657334 0.0000000 0.99991965 0.99977732
1607578178 0.0000000 0.99992460 0.99981147
1607606398 0.0000000 0.99993068 0.99976206
1607606851 0.0000000 0.99947232 0.99885309
1607624108 0.0000000 0.99993014 0.99976498
1608317519 0.0000000 0.99837589 0.99661165
1608385359 0.0000000 0.98543209 0.96982718
1609436522 0.0000000 0.99904490 0.99803513
1609594007 0.0000000 0.99979895 0.99948227
1610162996 0.0000000 0.80350024 0.42657161
1610192153 0.0000000 0.99992549 0.99976766
1610249009 0.0000000 0.99982995 0.99960685
1610838659 0.0000000 0.99991775 0.99977231
1611559538 0.0000000 0.99989945 0.99973124
1611565557 0.0000000 0.99979234 0.99953270
1611574763 0.0000000 0.99966836 0.99930799
1611584686 0.0000000 0.99608988 0.99199563
1611818971 0.0000000 0.99989510 0.99970841
