1309048281 0.0000000 0.99996322 0.99992639
1309094354 0.0000000 0.99975300 0.99940008
1309326569 0.0000000 0.99966484 0.99931395
1309474048 0.0000000 0.99993736 0.99987155
1311692424 0.0000000 0.99980444 0.99959773
1317835272 -165.60001 0.17822945 5.05834818E-03
1318175665 0.0000000 0.99953657 0.99904352
1318478724 0.0000000 0.99951965 0.99903452
1319945023 0.0000000 0.99957502 0.99908650
1320074224 0.0000000 0.99964595 0.99928880
1320721143 0.0000000 0.99943829 0.99887383
1321061921 0.0000000 0.99963886 0.99926943
1322787324 0.0000000 0.99955702 0.99911064
1322993584 0.0000000 0.99955374 0.99910414
1323861170 0.0000000 0.99968308 0.99936301
1323909341 0.0000000 0.99947822 0.99894696
1324582798 0.0000000 0.99951655 0.99902630
1325660397 0.0000000 0.99977750 0.99955642
1326181267 0.0000000 0.99951226 0.99900907
1326728445 0.0000000 0.99948633 0.99897546
1327107001 0.0000000 0.99961507 0.99922031
1327480583 5.00000007E-02 0.62556970 -6757431.5
1327824459 0.0000000 0.99959242 0.99917293
1328324062 0.0000000 0.99950564 0.99900693
1328459111 0.0000000 0.99963236 0.99925303
1330223700 0.0000000 0.99958736 0.99902231
1330883534 0.0000000 0.99948430 0.99893951
1332071890 0.0000000 0.99975353 0.99933571
1332086295 0.0000000 0.99974763 0.99924827
1332373478 0.0000000 0.99976283 0.99932659
1333258441 0.0000000 0.99969929 0.99917853
1333828758 0.0000000 0.99988937 0.99962157
1333921411 0.0000000 0.99969071 0.99897474
1334227165 0.0000000 0.99967605 0.99899733
1334800688 0.0000000 0.99971795 0.99913973
1335409258 0.0000000 0.99775916 0.99507660
1335538115 0.0000000 0.99983931 0.99946237
1338362741 0.0000000 0.99979019 0.99921805
1338842309 0.0000000 0.99976009 0.99936497
1338890190 0.0000000 0.99976301 0.99931830
1338944914 0.0000000 0.99961960 0.99879009
1338944979 0.0000000 0.99968743 0.99870992
1338945045 0.0000000 0.99976373 0.99907857
1339216879 0.0000000 0.99972934 0.99911249
1339275618 0.0000000 0.99969584 0.99896097
1339278860 0.0000000 0.99974036 0.99930263
1339309409 0.0000000 0.99973702 0.99932104
1339575740 0.0000000 0.99980032 0.99913293
1339598466 0.0000000 0.99981117 0.99938363
1339646879 0.0000000 0.99971098 0.99921739
1339690513 0.0000000 0.99962616 0.99904174
1339702255 0.0000000 0.99971741 0.99927288
1339923712 0.0000000 0.99455357 0.98814386
1341299876 0.0000000 0.99979675 0.99939823
1341924177 0.0000000 0.99984354 0.99950039
1342405200 0.0000000 0.99919897 0.99811083
1344277570 0.0000000 0.99973148 0.99931657
1344910008 0.0000000 0.99970484 0.99920821
1344941743 0.0000000 0.99976552 0.99930030
1345138860 0.0000000 0.99977970 0.99939293
1345234802 0.0000000 0.99981177 0.99914324
1346380382 0.0000000 0.99736696 0.99448109
1346415099 0.0000000 0.99981242 0.99929816
1346415834 0.0000000 0.99984765 0.99946964
1346788818 0.0000000 0.99970216 0.99907970
1346816730 0.0000000 0.99978381 0.99933994
1348523853 0.0000000 0.99976146 0.99927229
1350722979 0.0000000 0.99974084 0.99932414
1350800865 -17.400000 0.13794632 2.85285711E-03
1351161077 0.0000000 0.99983788 0.99959099
1352122829 0.0000000 0.99973094 0.99920738
1352554787 0.0000000 0.99952680 0.99891680
1353431341 0.0000000 0.99979532 0.99934477
1353536726 0.0000000 0.99980944 0.99938816
1354158772 0.0000000 0.99976593 0.99937743
1354470336 0.0000000 0.99968487 0.99925733
1354477411 0.0000000 0.99976528 0.99945784
1354976814 0.0000000 0.99972534 0.99897796
1355221924 0.0000000 0.99966526 0.99917996
1356243184 0.0000000 0.99980283 0.99953157
1356319072 0.0000000 0.99979270 0.99943388
1356487597 0.0000000 0.99978888 0.99939579
1356883405 0.0000000 0.99974239 0.99919820
1357128106 0.0000000 0.99982828 0.99941069
1357236484 0.0000000 0.99971807 0.99911076
1357270197 0.0000000 0.99976146 0.99935251
1357331931 0.0000000 0.99979877 0.99952185
1357541346 0.0000000 0.99980491 0.99943149
1357994057 0.0000000 0.99979371 0.99946594
1358411441 0.0000000 0.99983686 0.99955201
1358708986 0.0000000 0.99977046 0.99941379
1359776392 0.0000000 0.99691403 0.99326926
1361064727 0.0000000 0.99820709 0.99573839
1361239965 0.0000000 0.99852967 0.99635243
1361256759 0.0000000 0.99812716 0.99566227
1361373628 0.0000000 0.99822295 0.99581152
1361471757 0.0000000 0.99865216 0.99671018
1361665659 0.0000000 0.99715543 0.99363369
1362386544 0.0000000 0.99774754 0.99492353
1362609444 0.0000000 0.99738014 0.99304253
1362627405 0.0000000 0.92387259 0.82801324
1362643640 0.0000000 0.99843860 0.99604046
1363079024 0.0000000 0.99799192 0.99400306
1363764120 0.0000000 0.99848056 0.99593365
1364349799 0.0000000 0.68608564 -2.3009887
1364349845 0.0000000 0.99752176 0.99443591
1364355002 0.0000000 0.99891627 0.99733865
1364690983 0.0000000 0.99824184 0.99508458
1365625224 0.0000000 0.99807119 0.99529034
1366061297 0.0000000 0.99554741 0.99085867
1366432589 0.0000000 0.99614483 0.99196053
1366513671 0.0000000 0.99713778 0.99303907
1369110346 0.0000000 0.99744511 0.99483299
1369124755 0.0000000 0.99791980 0.99507862
1369791239 0.0000000 0.99822134 0.99641114
1369883683 0.0000000 0.99797398 0.99496442
1370118743 0.0000000 0.99821544 0.99618775
1370151783 0.0000000 0.54939002 -3.1363368
1370623082 0.0000000 0.99801135 0.99547660
1372241957 0.0000000 0.99832678 0.99624383
1372463510 0.0000000 0.99865407 0.99701369
1373829868 0.0000000 0.99889308 0.99744523
1373895699 0.0000000 0.99789488 0.99529153
1373969495 0.0000000 0.99823797 0.99581099
1374677225 0.0000000 0.99778706 0.99482077
1374679935 0.0000000 0.99826080 0.99612373
1376837821 0.0000000 0.99835420 0.99553376
1377205321 0.0000000 0.99842751 0.99626935
1377355603 0.0000000 0.68223339 0.36583722
1377407246 0.0000000 0.99697328 0.99219906
1378247005 0.0000000 0.99858820 0.99648672
1378467231 0.0000000 0.99806279 0.99545741
1379475197 0.0000000 0.99848330 0.99568737
1380542719 0.0000000 0.99843633 0.99672699
1381466759 0.0000000 0.99812615 0.99580199
1381684855 0.0000000 0.99652004 0.99261725
1382170436 0.0000000 0.99795812 0.99499381
1382919848 0.0000000 0.99795383 0.99516845
1383069011 0.0000000 0.99855846 0.99692708
1383085061 0.0000000 0.99731648 0.99451977
1383220929 0.0000000 0.82647812 -0.57633376
1383227120 0.0000000 0.99835390 0.99620575
1383227831 0.0000000 0.99844736 0.99624592
1383234448 0.0000000 0.99772263 0.99444824
1383263545 0.0000000 0.99624085 0.99153739
1383450194 0.0000000 0.99720991 0.99418527
1383519374 0.0000000 0.99816597 0.99441308
1383809110 0.0000000 0.99815130 0.99587113
1383809501 0.0000000 0.99764818 0.99476165
1383989687 0.0000000 0.99812615 0.99509603
1384145710 0.0000000 0.99805582 0.99499303
1384544358 0.0000000 0.99773359 0.99475229
1385019362 0.0000000 0.99762726 0.99426144
1386347977 0.0000000 0.99692613 0.99317950
1386357780 0.0000000 0.99806046 0.99563110
1387916955 0.0000000 0.99875939 0.99658614
1389034180 0.0000000 0.99785882 0.99496162
1389204911 0.0000000 0.99774188 0.99488980
1389717867 0.0000000 0.99888325 0.99458838
1389724692 0.0000000 0.99840981 0.99665278
1389729005 0.0000000 0.99864143 0.99709862
1389740803 0.0000000 0.99861169 0.99711776
1389904819 0.0000000 0.99798328 0.99480414
1390517490 0.0000000 0.99796259 0.99451506
1390619771 0.0000000 0.99855012 0.99652499
1391790286 0.0000000 0.99777013 0.99483132
1393014317 0.0000000 0.99789935 0.99442989
1393065064 0.0000000 0.99770576 0.99493986
1393759985 0.0000000 0.99792856 0.99489433
1393791078 0.0000000 0.99821186 0.99582094
1394913876 0.0000000 0.99796426 0.99511671
1395061976 0.0000000 0.99791080 0.99432969
1395231566 0.0000000 0.99815780 0.99554974
1397097485 0.0000000 0.99881619 0.99645698
1397746253 0.0000000 0.99842465 0.99603873
1398443585 0.0000000 0.99878073 0.99632972
1399207416 0.0000000 0.99721509 0.99332857
1399278483 0.0000000 0.99853724 0.99624944
1399745740 0.0000000 0.99748147 0.99431372
1399746271 0.0000000 0.99740994 0.99422598
1400631673 0.0000000 0.96137565 0.92116934
1401021673 0.0000000 0.99885869 0.99759454
1401296286 0.0000000 0.99826503 0.99595475
1402085900 0.0000000 0.98689628 0.97155875
1402313583 0.0000000 0.74394494 0.14497310
1402624068 0.0000000 0.99757469 0.99428755
1402784563 0.0000000 0.99744868 0.99443412
1403034553 0.0000000 0.99772096 0.99402523
1403317269 0.0000000 0.99749517 0.99459773
1403439974 0.0000000 0.99798614 0.99510396
1404774365 0.0000000 0.99809164 0.99582577
1404925818 0.0000000 0.99786687 0.99512529
1405577514 0.0000000 0.99802393 0.99542826
1407296767 0.0000000 0.99853641 0.99620050
1407544588 0.0000000 0.99395603 0.98658288
1408047770 0.0000000 0.99824649 0.99612749
1410046387 0.0000000 0.99781108 0.99509531
1410325949 0.0000000 0.99782079 0.99491364
1410382444 0.0000000 0.99786121 0.99537075
1411247643 0.0000000 0.99697906 0.99270082
1411641303 0.0000000 0.99854773 0.99663246
1412009058 0.0000000 0.99816620 0.99561363
1412705290 0.0000000 0.99730659 0.99420953
1413207959 0.0000000 0.99613553 0.99153173
1414298821 0.0000000 0.99565601 0.99055088
1416419181 0.0000000 0.99886096 0.99713320
1416419227 0.0000000 0.99893385 0.99749684
1416540553 0.0000000 0.99868906 0.99658018
1417557685 0.0000000 0.99814272 0.99551862
1417655668 0.0000000 0.99595547 0.99098438
1418245419 0.0000000 0.99387783 0.98672521
1418533563 0.0000000 0.99551821 0.99077457
1419682925 0.0000000 0.99597627 0.98930687
1419947441 0.0000000 0.99477154 0.98744613
1419995164 0.0000000 0.99697775 0.99309224
1420012476 0.0000000 0.99606365 0.99037200
1420437226 0.0000000 0.99534488 0.98929119
1420606112 0.0000000 0.99664026 0.99265212
1420742654 0.0000000 0.99583000 0.98987091
1421435535 0.0000000 0.99683833 0.99259561
1421639313 0.0000000 0.99720287 0.99355179
1422083726 0.0000000 0.99652797 0.99191856
1422374758 0.0000000 0.99580103 0.99071240
1422958210 0.0000000 0.99513716 0.98915720
1423037687 0.0000000 0.99631822 0.99176216
1423603888 0.0000000 0.98745769 0.97296208
1423726535 0.0000000 0.99534374 0.98988801
1423857991 0.0000000 0.99740857 0.99342674
1424969403 0.0000000 0.99552041 0.98968333
1426114954 0.0000000 0.99585146 0.99010497
1426344314 0.0000000 0.99614215 0.99031997
1426852891 0.0000000 0.99684566 0.99291974
1427105631 0.0000000 0.60103089 -3.6132035
1427483378 0.0000000 0.99735522 0.99311477
1428208678 0.0000000 0.99629760 0.99114180
1428320250 0.0000000 0.99428147 0.98696816
1428945237 0.0000000 0.88256979 0.72074771
1429127316 0.0000000 0.99669683 0.99201846
1429494176 0.0000000 0.99695629 0.99377453
1429494550 0.0000000 0.99687392 0.99281752
1429528847 0.0000000 0.99514729 0.98938942
1429530313 0.0000000 0.99662107 0.99219191
1429531199 0.0000000 0.99609745 0.99159038
1429992097 0.0000000 0.99586815 0.99040419
1430658547 0.0000000 0.99641681 0.99103796
1431333501 0.0000000 0.99686062 0.99349111
1431387795 0.0000000 0.99503106 0.98897517
1431628549 0.0000000 0.99681574 0.99331284
1432588969 0.0000000 0.99725449 0.99442935
1432601816 0.0000000 0.99699795 0.99282509
1432799863 0.0000000 0.99632710 0.99195772
1434467768 0.0000000 0.99537474 0.99009383
1434867330 0.0000000 0.99552542 0.99014199
1435335400 0.0000000 0.99551350 0.99033904
1438066750 0.0000000 0.99754417 0.99317133
1438936857 0.0000000 0.99614489 0.99175364
1439209234 0.0000000 0.98721951 0.97229230
1439418087 0.0000000 0.99514145 0.98928934
1439474882 0.0000000 0.99609524 0.99139023
1439699200 0.0000000 0.99652481 0.99010831
1441113885 0.0000000 0.99805993 0.99611908
1441128847 0.0000000 0.99624515 0.99163973
1441160293 0.0000000 0.99717057 0.99311078
1441898607 0.0000000 0.99668860 0.99227905
1442339782 0.0000000 0.99621153 0.99170280
1442345855 0.0000000 0.99676633 0.99266201
1442345878 0.0000000 0.99676061 0.99269360
1442408939 0.0000000 0.99452627 0.98630118
1442410226 0.0000000 0.99644262 0.99230373
1442413798 0.0000000 0.99689239 0.99137783
1443074281 0.0000000 0.99747181 0.99405527
1443555465 0.0000000 0.99019653 0.97953749
1444648487 0.0000000 0.99677575 0.99333864
1444736944 0.0000000 0.99607611 0.98677629
1444953165 0.0000000 0.99648279 0.99235666
1444953267 0.0000000 0.99574697 0.99121660
1445014914 0.0000000 0.99347341 0.98442090
1445221055 0.0000000 0.99568224 0.99116826
1445233331 0.0000000 0.99694133 0.99349654
1445239215 0.0000000 0.99682349 0.99323946
1446412182 0.0000000 0.99602753 0.99195617
1446412281 0.0000000 0.99706328 0.99413002
1446509184 0.0000000 0.99645090 0.99202228
1446509190 0.0000000 0.99645096 0.99202234
1446714386 0.0000000 0.99598491 0.98992443
1447167192 0.0000000 0.99522382 0.98927420
1447255999 0.0000000 0.99532741 0.98978615
1447277516 0.0000000 0.99660248 0.99158043
1448316095 0.0000000 0.99481338 0.98764235
1448671943 0.0000000 0.99700648 0.99272078
1449033717 0.0000000 0.99481928 0.98864114
1449035580 0.0000000 0.99467301 0.98875946
1449153073 0.0000000 0.99717724 0.99287945
1449935242 0.0000000 0.99757153 0.99444193
1450510821 0.0000000 0.99463344 0.98787963
1450536811 0.0000000 0.99644089 0.99218953
1450992022 0.0000000 0.98609024 0.96596879
1451199638 0.0000000 0.99535966 0.98978758
1451327726 0.0000000 0.99615568 0.99133486
1451523194 0.0000000 0.99626750 0.99102652
1451829690 0.0000000 0.99607903 0.98977464
1451928000 0.0000000 0.99615413 0.99010831
1452487977 0.0000000 0.99759507 0.99297994
1453169606 0.0000000 0.99631804 0.99236572
1453824336 0.0000000 0.99599826 0.99171233
1454422761 0.0000000 0.99681193 0.99320710
1454702246 0.0000000 0.99757564 0.99435461
1454702308 0.0000000 0.99693382 0.99387532
1454702406 0.0000000 0.99647421 0.99286753
1454702512 0.0000000 0.99708509 0.99411106
1454978820 0.0000000 0.99645466 0.99282068
1455590759 0.0000000 0.99696434 0.99346524
1455595494 0.0000000 0.99735397 0.99440140
1455757779 0.0000000 0.99672300 0.99292564
1455758311 0.0000000 0.99755329 0.99429083
1456215987 0.0000000 0.99613094 0.99142760
1456541993 0.0000000 0.99675512 0.99256986
1457201466 0.0000000 0.99697477 0.99321628
1457276938 0.0000000 0.99371451 0.98680544
1459152479 0.0000000 0.99800688 0.99444705
1459502085 0.0000000 0.99536753 0.98899573
1459988008 0.0000000 0.99597532 0.99062967
1460294506 0.0000000 0.99562037 0.99002928
1460353509 0.0000000 0.99586344 0.98836553
1460804146 0.0000000 0.99638140 0.99145931
1461082597 0.0000000 0.99616700 0.99147332
1461607991 0.0000000 0.99681973 0.99347764
1461770234 0.0000000 0.99654025 0.99268001
1461770257 0.0000000 0.99652898 0.99267602
1461770858 0.0000000 0.99706203 0.99340928
1461781146 0.0000000 0.99778414 0.99549794
1461806086 0.0000000 0.99602377 0.99126226
1462056417 0.0000000 0.99622470 0.99193633
1462199340 0.0000000 0.99713236 0.99366891
1462521203 0.0000000 0.99517530 0.98830009
1462632669 0.0000000 0.99664992 0.99257618
1462675593 0.0000000 0.87963837 0.54702878
1463023035 0.0000000 0.99784815 0.99559271
1463023251 0.0000000 0.99661660 0.99250048
1463023282 0.0000000 0.99664521 0.99263728
1463027395 0.0000000 0.99708748 0.99341375
1463127852 0.0000000 0.99529088 0.98909479
1463195522 0.0000000 0.99628496 0.99225980
1463196768 0.0000000 0.99377018 0.98707879
1463530965 0.0000000 0.99495631 0.98752975
1463863900 0.0000000 0.99686956 0.99304295
1463882779 0.0000000 0.99698079 0.99282849
1464184475 0.0000000 0.99592376 0.98923767
1464544116 0.0000000 0.99813747 0.99435371
1464576767 0.0000000 0.99759841 0.99490917
1464630651 0.0000000 0.99517596 0.98870474
1464672226 0.0000000 0.99501449 0.98937637
1466204142 0.0000000 0.99504280 0.98907000
1466383187 0.0000000 0.99542248 0.98919600
1466409210 0.0000000 0.99669635 0.99264473
1466715930 0.0000000 0.99575150 0.99061042
1467361422 0.0000000 0.99655020 0.99229467
1469019333 0.0000000 0.99755001 0.99444455
1469592155 0.0000000 0.99660259 0.99255669
1471008941 0.0000000 0.99656928 0.99275434
1471908408 0.0000000 0.99607778 0.99066329
1472660934 0.0000000 0.99637800 0.99206138
1473440050 0.0000000 0.99669403 0.99240983
1475055492 0.0000000 0.99579418 0.99082100
1475769120 0.0000000 0.99602526 0.99158931
1477370752 0.0000000 0.99583411 0.99090528
1478519786 0.0000000 0.99574101 0.99105674
1478903131 0.0000000 0.99650633 0.99268997
1480024554 0.0000000 0.99618012 0.99222517
1480377579 0.0000000 0.99714053 0.99326336
1480507474 0.0000000 0.99644977 0.99205506
1481256588 0.0000000 0.99652708 0.99238676
1481811269 0.0000000 0.99677634 0.99326468
1483057851 0.0000000 0.99438965 0.98758543
1483513641 0.0000000 0.99629784 0.99228072
1484155863 0.0000000 0.99775195 0.99445915
1484797338 0.0000000 0.99583012 0.99029666
1484900187 0.0000000 0.99648631 0.99206120
1485329586 0.0000000 0.99407113 0.98807961
1486746772 0.0000000 0.99731332 0.99432814
1487420859 0.0000000 0.99704230 0.99227250
1487652197 0.0000000 0.99553347 0.98952806
1488212310 0.0000000 0.99674571 0.99188501
1488924651 0.0000000 0.99661136 0.99177527
1489967289 0.0000000 0.99721444 0.99330765
1490066029 0.0000000 0.99243551 0.98251343
1490805242 0.0000000 0.99674469 0.99118787
1492112471 0.0000000 0.99621505 0.99233311
1492367656 0.0000000 0.99754411 0.99410391
1493517442 0.0000000 0.99671900 0.99252009
1493960850 0.0000000 0.99531621 0.98916256
1493986611 0.0000000 0.99415386 0.98661768
1494889974 0.0000000 0.99724740 0.99434710
1494932580 0.0000000 0.99574012 0.99033773
1495631454 0.0000000 0.99706304 0.99299198
1495691291 0.0000000 0.99614936 0.99162018
1495956669 0.0000000 0.99546188 0.99015564
1495999757 0.0000000 0.99628282 0.99144322
1496582686 0.0000000 0.99714857 0.99391562
1497967350 0.0000000 0.99335021 0.98567003
1498029939 0.0000000 0.99686462 0.99298650
1500318986 0.0000000 0.99534005 0.98960286
1501139292 0.0000000 0.99724054 0.99339092
1501845585 0.0000000 0.99575990 0.99092978
1502294736 0.0000000 0.99408811 0.98648518
1502416734 0.0000000 0.99637854 0.99196142
1502582915 0.0000000 0.99723172 0.99328071
1504364658 0.0000000 0.99775118 0.99402672
1505096741 0.0000000 0.99589998 0.99095559
1505687994 0.0000000 0.99408895 0.98622835
1505917796 0.0000000 0.99602276 0.99156463
1506232185 0.0000000 0.99605858 0.99146587
1506549399 0.0000000 0.99713409 0.99336082
1507505391 0.0000000 0.99590456 0.99096036
1507747520 0.0000000 0.99703091 0.99304360
1508582157 0.0000000 0.99567550 0.99084657
1509318944 0.0000000 0.99627680 0.99199939
1509677295 0.0000000 0.99659562 0.99056834
1509677339 0.0000000 0.99651301 0.99021983
1509752088 0.0000000 0.99541491 0.98965222
1510398879 0.0000000 0.99717695 0.99298835
1510402973 0.0000000 0.99702954 0.99342227
1510440860 0.0000000 0.99646038 0.99206614
1510947032 0.0000000 0.99672914 0.99312490
1511360409 0.0000000 0.99615806 0.99133092
1511470532 0.0000000 0.99544340 0.99031514
1512230735 0.0000000 0.99144137 0.98119658
1512377977 0.0000000 0.99734914 0.99407804
1512704669 0.0000000 0.99556649 0.98995024
1513120660 0.0000000 0.99609876 0.99207175
1516168751 0.0000000 0.99574918 0.99055308
1516984288 0.0000000 0.99661213 0.99290925
1517686257 0.0000000 0.99573565 0.99096209
1517749972 0.0000000 0.99494529 0.98862392
1517752600 0.0000000 0.99646360 0.99247611
1517752662 0.0000000 0.99599659 0.99189055
1517753127 0.0000000 0.99602878 0.99070203
1517753452 0.0000000 0.99691427 0.99315906
1517753522 0.0000000 0.99703437 0.99335724
1517753592 0.0000000 0.99708003 0.99345607
1517753815 0.0000000 0.99755925 0.99454355
1517758427 0.0000000 0.99746823 0.99458337
1517763262 0.0000000 0.99753439 0.99452490
1517821602 0.0000000 0.99761593 0.99507976
1517823894 0.0000000 0.99689484 0.99324262
1517846321 0.0000000 0.99553192 0.99036461
1517852233 0.0000000 0.99681687 0.99337417
1517893754 0.0000000 0.99522072 0.98929054
1517906208 0.0000000 0.99621069 0.99162775
1517932241 0.0000000 0.99480969 0.98905057
1517932280 0.0000000 0.99525779 0.99051815
1517932282 0.0000000 0.99520522 0.99041170
1517932427 0.0000000 0.99613607 0.99190921
1517932434 0.0000000 0.99614537 0.99193138
1517932492 0.0000000 0.99590492 0.99172544
1517933877 0.0000000 0.99647760 0.99192667
1517940013 0.0000000 0.99635422 0.99232888
1517940459 0.0000000 0.99746555 0.99492788
1517944528 0.0000000 0.99689442 0.99373966
1517945796 0.0000000 0.99683553 0.99284023
1517950582 0.0000000 0.99563515 0.99061245
1517958702 0.0000000 0.99418402 0.98704654
1517960631 0.0000000 0.99675775 0.99352276
1517969882 0.0000000 0.99640954 0.99260467
1517974578 0.0000000 0.99597996 0.99172705
1517998787 0.0000000 0.99590945 0.99130487
1518001985 0.0000000 0.99577004 0.99080509
1518008800 0.0000000 0.99604762 0.99210745
1518008880 0.0000000 0.99579710 0.99157846
1518013159 0.0000000 0.99670810 0.99336749
1518016890 0.0000000 0.99638253 0.99274963
1518016916 0.0000000 0.99751049 0.99502832
1518051257 0.0000000 0.99776012 0.99502265
1518059164 0.0000000 0.99689412 0.99332386
1518142443 0.0000000 0.99581152 0.98865211
1518201789 0.0000000 0.99508727 0.98841155
1518248929 0.0000000 0.99443263 0.98600399
1518858396 0.0000000 0.99598485 0.99072021
1518981709 0.0000000 0.99627703 0.98851997
1519051621 0.0000000 0.99621916 0.99155343
1519254641 0.0000000 0.99637699 0.99098933
1519583320 0.0000000 0.99741316 0.99442029
1519962147 0.0000000 0.99662846 0.99267900
1520098551 0.0000000 0.99634331 0.99236941
1520329330 0.0000000 0.99684924 0.99263453
1521024527 0.0000000 0.99674559 0.99303305
1521537776 0.0000000 0.99713653 0.99363172
1521728871 0.0000000 0.99711376 0.99389464
1522232997 0.0000000 0.99563152 0.99036735
1522282670 0.0000000 0.65103096 1.02275610E-02
1522598524 0.0000000 0.99625361 0.99224621
1523432369 0.0000000 0.99638999 0.99134797
1523886539 0.0000000 0.99660629 0.99249291
1524201906 0.0000000 0.99560744 0.98950887
1524248877 0.0000000 0.99457914 0.98726147
1524308214 0.0000000 0.99573779 0.99044418
1524503432 0.0000000 0.99595511 0.99099189
1524721460 0.0000000 0.99735886 0.99388933
1524721601 0.0000000 0.99718899 0.99366438
1524808553 0.0000000 0.99630529 0.99239588
1525218424 0.0000000 0.99646723 0.99280924
1526098666 0.0000000 0.99596184 0.99031454
1527728598 0.0000000 0.99673182 0.99296075
1527904870 0.0000000 0.92997503 0.85844982
1528731725 0.0000000 0.99753493 0.99386913
1528750347 0.0000000 0.99751550 0.99423623
1528856173 0.0000000 0.99714518 0.99343061
1529096035 0.0000000 0.99661094 0.99209100
1529334375 0.0000000 0.99504060 0.98940074
1529522338 0.0000000 0.99685198 0.99338830
1530516370 0.0000000 0.99690574 0.99337804
1530516385 0.0000000 0.99690586 0.99337798
1530609654 0.0000000 0.99731392 0.99445516
1531312909 0.0000000 0.99734145 0.99418467
1531507119 0.0000000 0.99662149 0.99319357
1532050755 0.0000000 0.99708754 0.99269956
1533217098 0.0000000 0.99829876 0.99497181
1533801692 0.0000000 0.99661070 0.99300224
1534500582 0.0000000 0.80529499 0.52178729
1534551317 0.0000000 0.72370315 -0.75349462
1535572403 0.0000000 0.99681437 0.99222541
1535660064 0.0000000 0.99579853 0.99067855
1536498994 0.0000000 0.99585724 0.99109209
1536641006 0.0000000 0.99531573 0.98926270
1536700815 0.0000000 0.99554724 0.99044043
1538633849 0.0000000 0.99718302 0.99259681
1538766649 0.0000000 0.99708253 0.99260014
1539072778 0.0000000 0.99678230 0.99328160
1539164591 0.0000000 0.99762595 0.99394965
1540269298 0.0000000 0.99493647 0.98907739
1540310644 0.0000000 0.99659008 0.99307311
1541624711 0.0000000 0.99612772 0.99079549
1541712486 0.0000000 0.99539292 0.98937613
1542328459 0.0000000 0.99358135 0.98553324
1542608341 0.0000000 0.99700379 0.99244767
1542638415 0.0000000 0.99748337 0.99460638
1542645094 0.0000000 0.99539405 0.99023819
1543190243 0.0000000 0.99632162 0.99198598
1543191316 0.0000000 0.99655646 0.99213296
1543236658 0.0000000 0.99730736 0.99369240
1543238642 0.0000000 0.99652737 0.99238628
1543314575 0.0000000 0.99613279 0.99191320
1544368541 0.0000000 0.99564904 0.99022472
1544439487 0.0000000 0.99726880 0.99396592
1544621063 0.0000000 0.99703062 0.99276656
1544908865 0.0000000 0.99636537 0.99115789
1545710204 0.0000000 0.99702430 0.99358439
1546538568 0.0000000 0.99548990 0.99023551
1546949806 0.0000000 0.99664277 0.99225259
1548127166 0.0000000 0.99693596 0.99275768
1548825695 0.0000000 0.99554062 0.99064898
1548861293 0.0000000 0.99618852 0.99220955
1549366351 0.0000000 0.99589634 0.99065965
1549558324 0.0000000 0.99719352 0.99354780
1550239687 0.0000000 0.99665189 0.99056929
1551558867 0.0000000 0.99548614 0.98897350
1552012334 0.0000000 0.99622566 0.99137223
1552127531 0.0000000 0.99467278 0.98708743
1552421955 0.0000000 0.99676490 0.99193877
1552451554 0.0000000 0.99593723 0.98996693
1552511242 0.0000000 0.99694145 0.99338794
1552697151 0.0000000 0.99780321 0.99443346
1552968094 0.0000000 0.99575597 0.98901558
1553256348 0.0000000 0.99623287 0.99159390
1553414210 0.0000000 0.99574220 0.98946393
1554087275 0.0000000 0.99658883 0.99137270
1554172029 0.0000000 0.99627596 0.99027413
1554256375 0.0000000 0.99741066 0.99479890
1554343015 0.0000000 0.99681288 0.99361318
1554382610 0.0000000 0.99512529 0.98842472
1554499495 0.0000000 0.99730039 0.99296910
1554706689 0.0000000 0.99713111 0.99237686
1554822801 0.0000000 0.99410266 0.98653889
1554841453 0.0000000 0.99616790 0.99104029
1554850672 0.0000000 0.99769604 0.99410284
1555563667 0.0000000 0.76796842 -0.42759728
1556793883 0.0000000 0.99643755 0.99244821
1556970683 0.0000000 0.99703467 0.99224663
1557330527 0.0000000 0.99702835 0.99259764
1557737721 0.0000000 0.99635917 0.99172401
1558197514 0.0000000 0.99686873 0.99201268
1558379328 0.0000000 0.99615419 0.99070513
1558489044 0.0000000 0.99523926 0.99007511
1558591969 0.0000000 0.99479580 0.98907036
1559317998 0.0000000 0.99680144 0.99322397
1559641578 0.0000000 0.99665827 0.99256736
1559762840 0.0000000 0.99661016 0.99140620
1560870606 0.0000000 0.99526143 0.98826826
1561237205 0.0000000 0.99497014 0.98886889
1561242160 0.0000000 0.99500102 0.98903382
1561825206 0.0000000 0.99518538 0.98907602
1561837452 0.0000000 0.99661630 0.99103624
1562610935 0.0000000 0.99632466 0.99204785
1562880116 0.0000000 0.99645948 0.99247438
1563275550 0.0000000 0.99610120 0.99066973
1563531230 0.0000000 0.99685824 0.99282640
1563768365 0.0000000 0.99637073 0.99218863
1563850922 0.0000000 0.99720913 0.99354649
1564123196 0.0000000 0.99544537 0.98802477
1564190683 0.0000000 0.99667901 0.99274862
1564649429 0.0000000 0.99656773 0.99258071
1564753988 0.0000000 0.99759734 0.99326855
1564784683 0.0000000 0.99746794 0.99396211
1565054388 0.0000000 0.99691570 0.99378735
1565055090 0.0000000 0.99646759 0.99253285
1565213283 0.0000000 0.99751580 0.99480444
1565218942 0.0000000 0.99467117 0.98807526
1565905300 0.0000000 0.99672574 0.99149591
1566053525 0.0000000 0.99571949 0.99022835
1566053530 0.0000000 0.99571937 0.99022835
1566074882 0.0000000 0.99691147 0.99309599
1566101114 0.0000000 0.99574727 0.99070346
1566598377 0.0000000 0.99290556 0.98371899
1566648618 0.0000000 0.99432075 0.98815113
1567237819 0.0000000 0.99627930 0.99216002
1567471650 0.0000000 0.99530995 0.99056607
1567604000 0.0000000 0.99578136 0.99044609
1567917359 0.0000000 0.99536693 0.98942512
1568005668 0.0000000 0.99723047 0.99323940
1568095682 0.0000000 0.99679905 0.99355537
1569863578 0.0000000 0.99672031 0.99243361
1570468626 0.0000000 0.99671155 0.99263334
1571312673 0.0000000 0.99634188 0.99207723
1571861758 0.0000000 0.99491584 0.98858011
1572218883 0.0000000 0.99603230 0.99072558
1573491297 0.0000000 0.99573040 0.99040836
1573495893 0.0000000 0.99681336 0.99195850
1574645562 0.0000000 0.99665004 0.99214429
1575564604 0.0000000 0.99587613 0.99064773
1575660753 0.0000000 0.99535084 0.98922682
1576495557 0.0000000 0.99537057 0.99043816
1577769501 0.0000000 0.99619901 0.99081773
1577819410 0.0000000 0.99677104 0.99275148
1578293635 0.0000000 0.99655092 0.99239206
1578510402 0.0000000 0.99474448 0.98869830
1579404154 0.0000000 0.99611473 0.99145448
1579703564 0.0000000 0.99546027 0.98969471
1580749376 0.0000000 0.99641734 0.99118412
1581076659 0.0000000 0.99713522 0.99107468
1581616159 0.0000000 0.99594468 0.99016094
1581629921 0.0000000 0.99705946 0.99255419
1581764406 0.0000000 0.99696928 0.99377590
1581764700 0.0000000 0.99629134 0.99122995
1581794413 0.0000000 0.99692005 0.99350494
1582090065 0.0000000 0.99514902 0.98978275
1582113307 0.0000000 0.99788719 0.99564838
1582546233 0.0000000 0.99800658 0.99452817
1582592414 0.0000000 0.99670482 0.99204665
1582629242 0.0000000 0.99772632 0.99412376
1582695255 0.0000000 0.99684668 0.99236780
1584677477 0.0000000 0.99464685 0.98881578
1585787701 0.0000000 0.99329215 0.98562884
1586304460 0.0000000 0.99449164 0.98801988
1586389759 0.0000000 0.99626422 0.99176937
1586537097 0.0000000 0.99580878 0.99084061
1586691401 0.0000000 0.99693859 0.99243784
1587481331 0.0000000 0.99572575 0.99007416
1588476280 0.0000000 0.99639535 0.99169493
1589003116 0.0000000 0.99241167 0.98187274
1589548020 0.0000000 0.99517715 0.98746359
1589756010 0.0000000 0.99512231 0.98850781
1589910785 0.0000000 0.99592048 0.99136394
1590311534 0.0000000 0.99378115 0.98685127
1590359490 0.0000000 0.99654752 0.99132335
1590694463 0.0000000 0.99583817 0.99042469
1590843750 0.0000000 0.99162197 0.98315519
1591494563 0.0000000 0.99549264 0.99059242
1591839506 0.0000000 0.99539870 0.98987591
1591921295 0.0000000 0.99552065 0.99026340
1592079539 0.0000000 0.99764776 0.99329728
1592349420 0.0000000 0.99591410 0.99149466
1593214064 0.0000000 0.99749029 0.99411076
1593241888 0.0000000 0.99613702 0.99077785
1593407313 0.0000000 0.99424207 0.98574221
1593435168 0.0000000 0.99565792 0.98999113
1593519432 0.0000000 0.99338114 0.98648000
1594227272 0.0000000 0.99777162 0.99488437
1594265063 0.0000000 0.99711573 0.99403894
1594267923 0.0000000 0.99749684 0.99437064
1594526768 0.0000000 0.99386251 0.98628581
1594546164 0.0000000 0.99616164 0.99136257
1595767949 0.0000000 0.99770945 0.99206579
1597107665 0.0000000 0.99625683 0.99178278
1597123796 0.0000000 0.99703294 0.99368787
1597187246 0.0000000 0.99588180 0.99127865
1597774608 0.0000000 0.99597794 0.99155658
1597797181 0.0000000 0.99684691 0.99273002
1597806811 0.0000000 0.99717236 0.99381870
1598480108 0.0000000 0.99671274 0.99246013
1598847265 0.0000000 0.99405003 0.98428047
1600306672 0.0000000 0.99697661 0.99335855
1600646088 0.0000000 0.99627709 0.99202746
1600833602 0.0000000 0.99612808 0.99135900
1601017581 0.0000000 0.99469095 0.98919731
1601326254 0.0000000 0.99739790 0.99467951
1601342057 0.0000000 0.99714917 0.99336267
1601440640 0.0000000 0.99622929 0.99201065
1601863505 0.0000000 0.99741882 0.99384266
1602517184 0.0000000 0.99755818 0.99412215
1602946993 0.0000000 0.99654597 0.99235606
1602947159 0.0000000 0.99699306 0.99347705
1603087586 0.0000000 0.99591136 0.99122417
1603396062 0.0000000 0.99496210 0.98920637
1603674483 0.0000000 0.99439108 0.98742151
1604358861 0.0000000 0.99688190 0.99288094
1604426346 0.0000000 0.99632531 0.99237674
1604601372 0.0000000 0.99783462 0.99392051
1604626818 0.0000000 0.99603337 0.99184924
1605130406 0.0000000 0.99663109 0.99289548
1605130534 0.0000000 0.99675632 0.99335796
1605266102 0.0000000 0.99620700 0.99138236
1605511152 0.0000000 0.99680907 0.99296576
1605551866 0.0000000 0.99675447 0.99346405
1605557664 0.0000000 0.99625045 0.99211717
1605621503 0.0000000 0.99683231 0.99335450
1605662576 0.0000000 0.99288082 0.98469079
1606582085 0.0000000 0.99393874 0.98586971
1606657334 0.0000000 0.99652696 0.99240750
1607578178 0.0000000 0.99602157 0.99019808
1607606398 0.0000000 0.99662787 0.99292487
1607606851 0.0000000 0.99698341 0.99237627
1607624108 0.0000000 0.99473029 0.98809826
1608317519 0.0000000 0.99571002 0.99067444
1608385359 0.0000000 0.99314070 0.98399687
1609436522 0.0000000 0.99363691 0.98561025
1609594007 0.0000000 0.99642068 0.99254632
1610162996 0.0000000 0.94304049 0.87837821
1610192153 0.0000000 0.99450898 0.98716241
1610249009 0.0000000 0.99527264 0.99029315
1610838659 0.0000000 0.99633193 0.99205208
1611559538 0.0000000 0.99509209 0.98962897
1611565557 0.0000000 0.99524629 0.98926497
1611574763 0.0000000 0.99340534 0.98570198
1611584686 0.0000000 0.99655133 0.99187559
1611818971 0.0000000 0.99735153 0.99449807
