1309048281 0.0000000 0.94865018 0.89277363
1309094354 0.0000000 0.99965113 0.99875724
1309326569 0.0000000 0.39111647 -4.1069407
1309474048 0.0000000 0.99564540 0.99087727
1311692424 0.0000000 0.76057041 0.28559661
1317835272 -25.000000 0.25237867 6.64216280E-02
1318175665 0.0000000 0.99832541 0.99664772
1318478724 0.0000000 0.99861491 0.99718601
1319945023 0.0000000 0.99882132 0.99729025
1320074224 0.0000000 0.99854177 0.99707365
1320721143 0.0000000 0.99879795 0.99755532
1321061921 0.0000000 0.99823564 0.99642915
1322787324 0.0000000 0.99846560 0.99688762
1322993584 0.0000000 0.99892932 0.99781168
1323861170 0.0000000 0.99842781 0.99666053
1323909341 0.0000000 0.99879003 0.99755758
1324582798 0.0000000 0.99876785 0.99741620
1325660397 0.0000000 0.99784470 0.99542391
1326181267 0.0000000 0.99895489 0.99776280
1326728445 0.0000000 0.99814171 0.99608076
1327107001 0.0000000 0.99847460 0.99664932
1327480583 5.00000007E-02 0.77833623 -1483362.9
1327824459 0.0000000 0.99883097 0.99744004
1328324062 0.0000000 0.99864686 0.99719256
1328459111 0.0000000 0.99786055 0.99564821
1330223700 0.0000000 0.99803573 0.99603289
1330883534 0.0000000 0.99868125 0.99735409
1332071890 0.0000000 0.99953198 0.99832261
1332086295 0.0000000 0.99819756 0.99559945
1332373478 0.0000000 0.99965262 0.99781847
1333258441 0.0000000 0.99934936 0.99796116
1333828758 0.0000000 0.99921244 0.99733192
1333921411 0.0000000 0.99936795 0.99845511
1334227165 0.0000000 0.99953365 0.99877387
1334800688 0.0000000 0.99959964 0.99843812
1335409258 0.0000000 0.99465185 0.98801166
1335538115 0.0000000 0.99938327 0.99782795
1338362741 0.0000000 0.99912125 0.99776977
1338842309 0.0000000 0.99962002 0.99858123
1338890190 0.0000000 0.99932975 0.99812734
1338944914 0.0000000 0.99935639 0.99837601
1338944979 0.0000000 0.99929011 0.99848068
1338945045 0.0000000 0.99917704 0.99811929
1339216879 0.0000000 0.99914187 0.99780536
1339275618 0.0000000 0.99937701 0.99813771
1339278860 0.0000000 0.99963140 0.99837071
1339309409 0.0000000 0.99948478 0.99829865
1339575740 0.0000000 0.99891871 0.99737853
1339598466 0.0000000 0.99908847 0.99737203
1339646879 0.0000000 0.99954796 0.99844670
1339690513 0.0000000 0.99948514 0.99843121
1339702255 0.0000000 0.99942476 0.99808842
1339923712 0.0000000 0.99914342 0.99803370
1341299876 0.0000000 0.99876684 0.99687541
1341924177 0.0000000 0.99890518 0.99691653
1342405200 0.0000000 0.99948263 0.99865526
1344277570 0.0000000 0.99912703 0.99759650
1344910008 0.0000000 0.99916750 0.99782795
1344941743 0.0000000 0.99922067 0.99793899
1345138860 0.0000000 0.99935061 0.99815172
1345234802 0.0000000 0.99854624 0.99696189
1346380382 0.0000000 0.99470079 0.98764551
1346415099 0.0000000 0.99862391 0.99698520
1346415834 0.0000000 0.99853635 0.99627805
1346788818 0.0000000 0.99914360 0.99800336
1346816730 0.0000000 0.99896717 0.99750769
1348523853 0.0000000 0.99892813 0.99731731
1350722979 0.0000000 0.99932408 0.99796528
1350800865 -16.600000 0.15208893 2.28571892E-03
1351161077 0.0000000 0.99900568 0.99659598
1352122829 0.0000000 0.99929357 0.99832726
1352554787 0.0000000 0.99831200 0.99597496
1353431341 0.0000000 0.99885744 0.99720615
1353536726 0.0000000 0.99867195 0.99678612
1354158772 0.0000000 0.99889165 0.99706149
1354470336 0.0000000 0.99937510 0.99821788
1354477411 0.0000000 0.99934673 0.99769604
1354976814 0.0000000 0.99898887 0.99785107
1355221924 0.0000000 0.99945319 0.99812710
1356243184 0.0000000 0.99919069 0.99724996
1356319072 0.0000000 0.99900025 0.99687159
1356487597 0.0000000 0.99887222 0.99705607
1356883405 0.0000000 0.99901706 0.99770188
1357128106 0.0000000 0.99855298 0.99624002
1357236484 0.0000000 0.99912661 0.99790871
1357270197 0.0000000 0.99909347 0.99763495
1357331931 0.0000000 0.99938059 0.99766195
1357541346 0.0000000 0.99905401 0.99739116
1357994057 0.0000000 0.99910384 0.99724323
1358411441 0.0000000 0.99893212 0.99670982
1358708986 0.0000000 0.99908894 0.99746048
1359776392 0.0000000 0.99653757 0.99288863
1361064727 0.0000000 0.99399978 0.98799217
1361239965 0.0000000 0.99323952 0.98651719
1361256759 0.0000000 0.99454600 0.98889655
1361373628 0.0000000 0.99434477 0.98864299
1361471757 0.0000000 0.99254495 0.98500371
1361665659 0.0000000 0.99604183 0.99208784
1362386544 0.0000000 0.99532831 0.99058449
1362609444 0.0000000 0.99678081 0.99334460
1362627405 0.0000000 0.98582888 0.97182345
1362643640 0.0000000 0.99364883 0.98732859
1363079024 0.0000000 0.99603295 0.99182749
1363764120 0.0000000 0.99384838 0.98765188
1364349799 0.0000000 0.58483356 -3.0103374
1364349845 0.0000000 0.99570894 0.99102116
1364355002 0.0000000 0.98893994 0.97797412
1364690983 0.0000000 0.99492335 0.98971701
1365625224 0.0000000 0.99475998 0.98928171
1366061297 0.0000000 0.99434751 0.98863488
1366432589 0.0000000 0.99732089 0.99453753
1366513671 0.0000000 0.99668252 0.99328279
1369110346 0.0000000 0.99602652 0.99172384
1369124755 0.0000000 0.99602365 0.99196857
1369791239 0.0000000 0.99386996 0.98734856
1369883683 0.0000000 0.99579883 0.99138761
1370118743 0.0000000 0.99444896 0.98891187
1370151783 0.0000000 0.71008468 -1.4748180
1370623082 0.0000000 0.99490410 0.98968679
1372241957 0.0000000 0.99401319 0.98801154
1372463510 0.0000000 0.99246383 0.98427701
1373829868 0.0000000 0.99098563 0.98199701
1373895699 0.0000000 0.99520034 0.99040824
1373969495 0.0000000 0.99421370 0.98845583
1374677225 0.0000000 0.99553925 0.99109405
1374679935 0.0000000 0.99404722 0.98789883
1376837821 0.0000000 0.99493176 0.98943204
1377205321 0.0000000 0.99361849 0.98726702
1377355603 0.0000000 0.97578704 0.95123070
1377407246 0.0000000 0.99727225 0.99430758
1378247005 0.0000000 0.99335665 0.98675811
1378467231 0.0000000 0.99504715 0.99007809
1379475197 0.0000000 0.99477679 0.98892879
1380542719 0.0000000 0.99279052 0.98562169
1381466759 0.0000000 0.99468875 0.98937887
1381684855 0.0000000 0.99689895 0.99378318
1382170436 0.0000000 0.99528950 0.99014580
1382919848 0.0000000 0.99529111 0.99048442
1383069011 0.0000000 0.99258196 0.98491722
1383085061 0.0000000 0.99606121 0.99200743
1383220929 0.0000000 0.71252668 -0.58355880
1383227120 0.0000000 0.99382770 0.98769194
1383227831 0.0000000 0.99381995 0.98754239
1383234448 0.0000000 0.99585986 0.99171990
1383263545 0.0000000 0.99730498 0.99458361
1383450194 0.0000000 0.99595994 0.99188709
1383519374 0.0000000 0.99622750 0.99162316
1383809110 0.0000000 0.99442875 0.98886997
1383809501 0.0000000 0.99563926 0.99129623
1383989687 0.0000000 0.99526364 0.99020040
1384145710 0.0000000 0.99546283 0.99080253
1384544358 0.0000000 0.99580514 0.99155146
1385019362 0.0000000 0.99618179 0.99217778
1386347977 0.0000000 0.99373329 0.98749566
1386357780 0.0000000 0.99479121 0.98951030
1387916955 0.0000000 0.99290001 0.98561144
1389034180 0.0000000 0.99533343 0.99047661
1389204911 0.0000000 0.99524736 0.99043006
1389717867 0.0000000 0.99661273 0.99084485
1389724692 0.0000000 0.99381447 0.98612314
1389729005 0.0000000 0.99278605 0.98430544
1389740803 0.0000000 0.99302542 0.98440927
1389904819 0.0000000 0.99552798 0.99099612
1390517490 0.0000000 0.99561918 0.99105746
1390619771 0.0000000 0.99277312 0.98545444
1391790286 0.0000000 0.99527615 0.99055398
1393014317 0.0000000 0.99555314 0.99112600
1393065064 0.0000000 0.99499846 0.98998737
1393759985 0.0000000 0.99490082 0.98980767
1393791078 0.0000000 0.99403030 0.98792696
1394913876 0.0000000 0.99505109 0.98997831
1395061976 0.0000000 0.99568731 0.99139744
1395231566 0.0000000 0.99449652 0.98880887
1397097485 0.0000000 0.99242258 0.98460227
1397746253 0.0000000 0.99367946 0.98738885
1398443585 0.0000000 0.99284017 0.98509389
1399207416 0.0000000 0.99623394 0.99247646
1399278483 0.0000000 0.99294668 0.98592967
1399745740 0.0000000 0.99557382 0.99102813
1399746271 0.0000000 0.99578005 0.99136776
1400631673 0.0000000 0.97293991 0.93343103
1401021673 0.0000000 0.99116927 0.98001796
1401296286 0.0000000 0.99365950 0.98712027
1402085900 0.0000000 0.99470383 0.98938239
1402313583 0.0000000 0.99409258 0.98812932
1402624068 0.0000000 0.99459779 0.98921597
1402784563 0.0000000 0.99573487 0.99135768
1403034553 0.0000000 0.99607593 0.99173826
1403317269 0.0000000 0.99561703 0.99124306
1403439974 0.0000000 0.99490821 0.98973626
1404774365 0.0000000 0.99431914 0.98817545
1404925818 0.0000000 0.99493557 0.98989093
1405577514 0.0000000 0.99460191 0.98919266
1407296767 0.0000000 0.99380398 0.98741317
1407544588 0.0000000 0.98963207 0.97934085
1408047770 0.0000000 0.99366599 0.98708326
1410046387 0.0000000 0.99520713 0.99029136
1410325949 0.0000000 0.99515325 0.99032575
1410382444 0.0000000 0.99454689 0.98903400
1411247643 0.0000000 0.99685508 0.99352056
1411641303 0.0000000 0.99285984 0.98576373
1412009058 0.0000000 0.99355507 0.98709327
1412705290 0.0000000 0.99583811 0.99166030
1413207959 0.0000000 0.98846751 0.97705531
1414298821 0.0000000 0.99739975 0.99454004
1416419181 0.0000000 0.99125737 0.98259056
1416419227 0.0000000 0.99043590 0.98077619
1416540553 0.0000000 0.99249566 0.98445332
1417557685 0.0000000 0.99445730 0.98875010
1417655668 0.0000000 0.99037111 0.98057067
1418245419 0.0000000 0.99347395 0.98692375
1418533563 0.0000000 0.99043685 0.98091942
1419682925 0.0000000 0.99232817 0.98373967
1419947441 0.0000000 0.99304003 0.98581427
1419995164 0.0000000 0.98736030 0.97485387
1420012476 0.0000000 0.99077982 0.98141176
1420437226 0.0000000 0.99184543 0.98372155
1420606112 0.0000000 0.98785126 0.97564864
1420742654 0.0000000 0.98880172 0.97763377
1421435535 0.0000000 0.98805958 0.97625357
1421639313 0.0000000 0.98596305 0.97211361
1422083726 0.0000000 0.98860741 0.97728831
1422374758 0.0000000 0.98992288 0.97961259
1422958210 0.0000000 0.99127424 0.98258692
1423037687 0.0000000 0.98935521 0.97879171
1423603888 0.0000000 0.97610158 0.95218486
1423726535 0.0000000 0.99144447 0.98286438
1423857991 0.0000000 0.98577011 0.97170192
1424969403 0.0000000 0.99131256 0.98264402
1426114954 0.0000000 0.99104077 0.98212278
1426344314 0.0000000 0.99106288 0.98195428
1426852891 0.0000000 0.98705250 0.97416127
1427105631 0.0000000 0.87680060 0.47928995
1427483378 0.0000000 0.98685491 0.97351092
1428208678 0.0000000 0.99006134 0.98006624
1428320250 0.0000000 0.99322277 0.98647749
1428945237 0.0000000 0.98763847 0.97477770
1429127316 0.0000000 0.98872262 0.97753018
1429494176 0.0000000 0.98714519 0.97150826
1429494550 0.0000000 0.98755288 0.97520167
1429528847 0.0000000 0.99170905 0.98320681
1429530313 0.0000000 0.98835003 0.97675145
1429531199 0.0000000 0.98972034 0.97903401
1429992097 0.0000000 0.99070746 0.98146123
1430658547 0.0000000 0.99004233 0.98010796
1431333501 0.0000000 0.98668128 0.97238511
1431387795 0.0000000 0.99194115 0.98392749
1431628549 0.0000000 0.98686439 0.97340280
1432588969 0.0000000 0.98575610 0.96919143
1432601816 0.0000000 0.98747182 0.97504586
1432799863 0.0000000 0.98915195 0.97829151
1434467768 0.0000000 0.99118292 0.98244327
1434867330 0.0000000 0.99120152 0.98247385
1435335400 0.0000000 0.99102211 0.98211777
1438066750 0.0000000 0.98786443 0.97374386
1438936857 0.0000000 0.98937666 0.97885501
1439209234 0.0000000 0.98480874 0.96984231
1439418087 0.0000000 0.98996693 0.98000318
1439474882 0.0000000 0.98998022 0.98004270
1439699200 0.0000000 0.99029440 0.97833186
1441113885 0.0000000 0.98227763 0.95694822
1441128847 0.0000000 0.98947853 0.97906202
1441160293 0.0000000 0.98744029 0.97484398
1441898607 0.0000000 0.98910809 0.97823346
1442339782 0.0000000 0.98960584 0.97929275
1442345855 0.0000000 0.98803347 0.97620803
1442345878 0.0000000 0.98801726 0.97617882
1442408939 0.0000000 0.99375850 0.98735738
1442410226 0.0000000 0.98894799 0.97801155
1442413798 0.0000000 0.99048358 0.97985375
1443074281 0.0000000 0.98590356 0.97159946
1443555465 0.0000000 0.98446989 0.96819341
1444648487 0.0000000 0.98736763 0.97421455
1444736944 0.0000000 0.99479496 0.98723674
1444953165 0.0000000 0.98870850 0.97753859
1444953267 0.0000000 0.99018216 0.98035884
1445014914 0.0000000 0.99462759 0.98890120
1445221055 0.0000000 0.99065226 0.98050100
1445233331 0.0000000 0.98699242 0.97375798
1445239215 0.0000000 0.98737961 0.97458923
1446412182 0.0000000 0.98983955 0.97865421
1446412281 0.0000000 0.98781157 0.97162449
1446509184 0.0000000 0.98902631 0.97816390
1446509190 0.0000000 0.98902613 0.97816390
1446714386 0.0000000 0.99174196 0.98265672
1447167192 0.0000000 0.99193478 0.98391855
1447255999 0.0000000 0.99140507 0.98284870
1447277516 0.0000000 0.99042165 0.98016644
1448316095 0.0000000 0.99143773 0.98258233
1448671943 0.0000000 0.98768884 0.97516680
1449033717 0.0000000 0.99251634 0.98507375
1449035580 0.0000000 0.99248707 0.98493999
1449153073 0.0000000 0.98802471 0.97557044
1449935242 0.0000000 0.98453295 0.96927255
1450510821 0.0000000 0.98414344 0.96853244
1450536811 0.0000000 0.98712057 0.97429818
1450992022 0.0000000 0.99745810 0.99477458
1451199638 0.0000000 0.99154466 0.98305172
1451327726 0.0000000 0.99002206 0.98007417
1451523194 0.0000000 0.98848468 0.97677815
1451829690 0.0000000 0.99189472 0.98315620
1451928000 0.0000000 0.99082249 0.98108745
1452487977 0.0000000 0.98824090 0.97476858
1453169606 0.0000000 0.98876143 0.97674394
1453824336 0.0000000 0.98857671 0.97592968
1454422761 0.0000000 0.98718923 0.97347891
1454702246 0.0000000 0.98398232 0.96792477
1454702308 0.0000000 0.98877585 0.97183663
1454702406 0.0000000 0.98910582 0.97505581
1454702512 0.0000000 0.98697776 0.96980566
1454978820 0.0000000 0.98908496 0.97562206
1455590759 0.0000000 0.98667479 0.97276282
1455595494 0.0000000 0.98471051 0.96809042
1455757779 0.0000000 0.98786306 0.97522062
1455758311 0.0000000 0.98427689 0.96870923
1456215987 0.0000000 0.98940945 0.97885394
1456541993 0.0000000 0.98765314 0.97528231
1457201466 0.0000000 0.98670697 0.97357470
1457276938 0.0000000 0.99335206 0.98644203
1459152479 0.0000000 0.98377067 0.96700627
1459502085 0.0000000 0.99148363 0.98287588
1459988008 0.0000000 0.99003106 0.98007375
1460294506 0.0000000 0.99091196 0.98184127
1460353509 0.0000000 0.99255323 0.98462796
1460804146 0.0000000 0.98930508 0.97872132
1461082597 0.0000000 0.98930913 0.97868037
1461607991 0.0000000 0.98745352 0.97255826
1461770234 0.0000000 0.98825669 0.97577047
1461770257 0.0000000 0.98830849 0.97581655
1461770858 0.0000000 0.98618335 0.97226292
1461781146 0.0000000 0.98232722 0.96081185
1461806086 0.0000000 0.98965031 0.97936416
1462056417 0.0000000 0.98906624 0.97789061
1462199340 0.0000000 0.98557085 0.97122252
1462521203 0.0000000 0.99268323 0.98525035
1462632669 0.0000000 0.98779780 0.97568882
1462675593 0.0000000 0.44700995 -2.9808185
1463023035 0.0000000 0.98200315 0.95941681
1463023251 0.0000000 0.98808783 0.97620815
1463023282 0.0000000 0.98793823 0.97586298
1463027395 0.0000000 0.98620170 0.97233176
1463127852 0.0000000 0.99172759 0.98351032
1463195522 0.0000000 0.98892403 0.97724593
1463196768 0.0000000 0.99355298 0.98674381
1463530965 0.0000000 0.99327558 0.98628354
1463863900 0.0000000 0.98738694 0.97471005
1463882779 0.0000000 0.98772979 0.97556764
1464184475 0.0000000 0.99163121 0.98278809
1464544116 0.0000000 0.98549384 0.96843439
1464576767 0.0000000 0.98284066 0.96534330
1464630651 0.0000000 0.99221706 0.98422533
1464672226 0.0000000 0.99177718 0.98313522
1466204142 0.0000000 0.99211901 0.98428994
1466383187 0.0000000 0.99203652 0.98380262
1466409210 0.0000000 0.98778319 0.97571945
1466715930 0.0000000 0.99068648 0.98144770
1467361422 0.0000000 0.98834348 0.97682124
1469019333 0.0000000 0.98416656 0.96832007
1469592155 0.0000000 0.98821467 0.97656798
1471008941 0.0000000 0.98788154 0.97587562
1471908408 0.0000000 0.99096793 0.98145163
1472660934 0.0000000 0.98899424 0.97806364
1473440050 0.0000000 0.98836035 0.97678840
1475055492 0.0000000 0.99070257 0.98137850
1475769120 0.0000000 0.98991174 0.97961396
1477370752 0.0000000 0.99058211 0.98125255
1478519786 0.0000000 0.99034387 0.98070467
1478903131 0.0000000 0.98849052 0.97657198
1480024554 0.0000000 0.98952717 0.97795779
1480377579 0.0000000 0.98704273 0.97406292
1480507474 0.0000000 0.98911053 0.97833407
1481256588 0.0000000 0.98863763 0.97738767
1481811269 0.0000000 0.98727441 0.97378981
1483057851 0.0000000 0.99296087 0.98596621
1483513641 0.0000000 0.98838276 0.97670716
1484155863 0.0000000 0.98373950 0.96737397
1484797338 0.0000000 0.98990601 0.97971487
1484900187 0.0000000 0.98881352 0.97773737
1485329586 0.0000000 0.99248183 0.98463970
1486746772 0.0000000 0.98493367 0.96865064
1487420859 0.0000000 0.98869777 0.97695446
1487652197 0.0000000 0.99037308 0.98077434
1488212310 0.0000000 0.98923552 0.97801942
1488924651 0.0000000 0.98900491 0.97802556
1489967289 0.0000000 0.98657423 0.97331274
1490066029 0.0000000 0.98359734 0.96746272
1490805242 0.0000000 0.99013555 0.97974879
1492112471 0.0000000 0.98968059 0.97720212
1492367656 0.0000000 0.98430920 0.96876442
1493517442 0.0000000 0.98798943 0.97604275
1493960850 0.0000000 0.99202639 0.98400122
1493986611 0.0000000 0.97929913 0.95901561
1494889974 0.0000000 0.98524880 0.96849608
1494932580 0.0000000 0.99081093 0.98159564
1495631454 0.0000000 0.98736298 0.97467542
1495691291 0.0000000 0.98934674 0.97879875
1495956669 0.0000000 0.99069530 0.98145807
1495999757 0.0000000 0.98957312 0.97919732
1496582686 0.0000000 0.98606586 0.97175395
1497967350 0.0000000 0.98232347 0.96487612
1498029939 0.0000000 0.98791343 0.97596544
1500318986 0.0000000 0.99169648 0.98318356
1501139292 0.0000000 0.98741484 0.97460282
1501845585 0.0000000 0.99027812 0.98063749
1502294736 0.0000000 0.99388164 0.98757553
1502416734 0.0000000 0.98929596 0.97870058
1502582915 0.0000000 0.98713338 0.97392941
1504364658 0.0000000 0.98595971 0.97031540
1505096741 0.0000000 0.99033219 0.98053592
1505687994 0.0000000 0.99394345 0.98763502
1505917796 0.0000000 0.98973727 0.97930604
1506232185 0.0000000 0.98979062 0.97966194
1506549399 0.0000000 0.98666418 0.97314334
1507505391 0.0000000 0.99040878 0.98091245
1507747520 0.0000000 0.98800659 0.97583413
1508582157 0.0000000 0.99021369 0.98049212
1509318944 0.0000000 0.98924255 0.97840190
1509677295 0.0000000 0.99135458 0.98140073
1509677339 0.0000000 0.99170089 0.98205459
1509752088 0.0000000 0.99150532 0.98298615
1510398879 0.0000000 0.98813325 0.97512567
1510402973 0.0000000 0.98633975 0.97276771
1510440860 0.0000000 0.98877388 0.97741818
1510947032 0.0000000 0.98732829 0.97470808
1511360409 0.0000000 0.98994368 0.97990936
1511470532 0.0000000 0.99115896 0.98238635
1512230735 0.0000000 0.99559039 0.99088544
1512377977 0.0000000 0.98627126 0.97249418
1512704669 0.0000000 0.99185419 0.98357105
1513120660 0.0000000 0.98938084 0.97833514
1516168751 0.0000000 0.99137217 0.98273116
1516984288 0.0000000 0.98795569 0.97570527
1517686257 0.0000000 0.99038690 0.98085773
1517749972 0.0000000 0.99248761 0.98501098
1517752600 0.0000000 0.98841912 0.97680587
1517752662 0.0000000 0.98976541 0.97881782
1517753127 0.0000000 0.99109101 0.98179096
1517753452 0.0000000 0.98746800 0.97507519
1517753522 0.0000000 0.98708230 0.97432214
1517753592 0.0000000 0.98687494 0.97391170
1517753815 0.0000000 0.98406386 0.96836865
1517758427 0.0000000 0.98498976 0.97017938
1517763262 0.0000000 0.98455942 0.96934348
1517821602 0.0000000 0.98329264 0.96544898
1517823894 0.0000000 0.98787189 0.97588760
1517846321 0.0000000 0.99106848 0.98221135
1517852233 0.0000000 0.98701096 0.97399956
1517893754 0.0000000 0.99199718 0.98403424
1517906208 0.0000000 0.98981428 0.97973305
1517932241 0.0000000 0.98665076 0.97241652
1517932280 0.0000000 0.99236393 0.98183841
1517932282 0.0000000 0.99244231 0.98198903
1517932427 0.0000000 0.98932153 0.97856194
1517932434 0.0000000 0.98929691 0.97850901
1517932492 0.0000000 0.98998165 0.97930902
1517933877 0.0000000 0.98920488 0.97842509
1517940013 0.0000000 0.98892623 0.97761476
1517940459 0.0000000 0.98621988 0.96695042
1517944528 0.0000000 0.98744541 0.97296268
1517945796 0.0000000 0.98806167 0.97625846
1517950582 0.0000000 0.99083167 0.98170483
1517958702 0.0000000 0.99360937 0.98722684
1517960631 0.0000000 0.98831862 0.97407788
1517969882 0.0000000 0.98884940 0.97719443
1517974578 0.0000000 0.98985511 0.97928011
1517998787 0.0000000 0.99057162 0.98122448
1518001985 0.0000000 0.99061638 0.98130661
1518008800 0.0000000 0.99020845 0.97849858
1518008880 0.0000000 0.99053019 0.97999907
1518013159 0.0000000 0.98962426 0.97495157
1518016890 0.0000000 0.99004018 0.97638339
1518016916 0.0000000 0.98546714 0.96605706
1518051257 0.0000000 0.98267496 0.96563858
1518059164 0.0000000 0.98751521 0.97516567
1518142443 0.0000000 0.99304456 0.98503196
1518201789 0.0000000 0.99283141 0.98558652
1518248929 0.0000000 0.99411392 0.98793310
1518858396 0.0000000 0.99056482 0.98108077
1518981709 0.0000000 0.99378133 0.98546118
1519051621 0.0000000 0.98968118 0.97946823
1519254641 0.0000000 0.99074090 0.98088241
1519583320 0.0000000 0.98441505 0.96869653
1519962147 0.0000000 0.98771548 0.97556490
1520098551 0.0000000 0.98878241 0.97740936
1520329330 0.0000000 0.98843443 0.97682697
1521024527 0.0000000 0.98767024 0.97531337
1521537776 0.0000000 0.98594469 0.97207403
1521728871 0.0000000 0.98558635 0.97131854
1522232997 0.0000000 0.99108523 0.98223072
1522282670 0.0000000 0.74633831 0.17504805
1522598524 0.0000000 0.98857588 0.97711045
1523432369 0.0000000 0.99012214 0.97995406
1523886539 0.0000000 0.98814416 0.97642177
1524201906 0.0000000 0.99184668 0.98329765
1524248877 0.0000000 0.99332684 0.98632300
1524308214 0.0000000 0.99084342 0.98170960
1524503432 0.0000000 0.99051946 0.98108947
1524721460 0.0000000 0.98554403 0.97129560
1524721601 0.0000000 0.98607028 0.97231925
1524808553 0.0000000 0.98881334 0.97680378
1525218424 0.0000000 0.98863095 0.97599131
1526098666 0.0000000 0.99136168 0.98202878
1527728598 0.0000000 0.98755020 0.97513241
1527904870 0.0000000 0.98882705 0.97675729
1528731725 0.0000000 0.98678041 0.97285378
1528750347 0.0000000 0.98549372 0.97114336
1528856173 0.0000000 0.98582196 0.97158849
1529096035 0.0000000 0.98926568 0.97811735
1529334375 0.0000000 0.99205196 0.98410779
1529522338 0.0000000 0.98682803 0.97371542
1530516370 0.0000000 0.98670566 0.97352010
1530516385 0.0000000 0.98670584 0.97352004
1530609654 0.0000000 0.98505837 0.97001904
1531312909 0.0000000 0.98487431 0.96996415
1531507119 0.0000000 0.98782873 0.97471762
1532050755 0.0000000 0.98899257 0.97697055
1533217098 0.0000000 0.98569316 0.96705663
1533801692 0.0000000 0.98742956 0.97487438
1534500582 0.0000000 0.73886710 0.47822964
1534551317 0.0000000 0.81181687 0.49510098
1535572403 0.0000000 0.98936814 0.97816879
1535660064 0.0000000 0.99069089 0.98091578
1536498994 0.0000000 0.99021715 0.98022693
1536641006 0.0000000 0.99249053 0.98430783
1536700815 0.0000000 0.99133849 0.98240405
1538633849 0.0000000 0.98824674 0.97493309
1538766649 0.0000000 0.98641241 0.97118336
1539072778 0.0000000 0.98629850 0.97247356
1539164591 0.0000000 0.98436594 0.96847963
1540269298 0.0000000 0.99147362 0.98283970
1540310644 0.0000000 0.98754358 0.97346717
1541624711 0.0000000 0.98996675 0.97976464
1541712486 0.0000000 0.99135017 0.98259872
1542328459 0.0000000 0.99371243 0.98727638
1542608341 0.0000000 0.98788685 0.97534359
1542638415 0.0000000 0.98279405 0.96539736
1542645094 0.0000000 0.99048513 0.98102427
1543190243 0.0000000 0.98828459 0.97655624
1543191316 0.0000000 0.98754901 0.97498512
1543236658 0.0000000 0.98481911 0.96972126
1543238642 0.0000000 0.98688877 0.97394121
1543314575 0.0000000 0.98838735 0.97650796
1544368541 0.0000000 0.99052119 0.98113388
1544439487 0.0000000 0.98438460 0.96899736
1544621063 0.0000000 0.98666471 0.97332472
1544908865 0.0000000 0.98925197 0.97847283
1545710204 0.0000000 0.98538393 0.97062397
1546538568 0.0000000 0.99046171 0.98083329
1546949806 0.0000000 0.98763406 0.97540027
1548127166 0.0000000 0.98673081 0.97361720
1548825695 0.0000000 0.99008572 0.97981870
1548861293 0.0000000 0.98853034 0.97545952
1549366351 0.0000000 0.98994237 0.97990650
1549558324 0.0000000 0.98500377 0.97021288
1550239687 0.0000000 0.99008548 0.97942495
1551558867 0.0000000 0.98928368 0.97824806
1552012334 0.0000000 0.98882890 0.97774762
1552127531 0.0000000 0.99114907 0.98206860
1552421955 0.0000000 0.98826456 0.97641432
1552451554 0.0000000 0.99062377 0.98096097
1552511242 0.0000000 0.98587286 0.97148561
1552697151 0.0000000 0.98289728 0.96570468
1552968094 0.0000000 0.99150193 0.98244041
1553256348 0.0000000 0.98891056 0.97792196
1553414210 0.0000000 0.99061579 0.98100972
1554087275 0.0000000 0.98913550 0.97780043
1554172029 0.0000000 0.98925430 0.97829467
1554256375 0.0000000 0.98493361 0.96444941
1554343015 0.0000000 0.98763013 0.97162557
1554382610 0.0000000 0.99180740 0.98352206
1554499495 0.0000000 0.98630005 0.97219598
1554706689 0.0000000 0.98718059 0.97406942
1554822801 0.0000000 0.99281985 0.98569649
1554841453 0.0000000 0.98932439 0.97875601
1554850672 0.0000000 0.98359311 0.96717697
1555563667 0.0000000 0.70839721 -0.57776129
1556793883 0.0000000 0.98779196 0.97531146
1556970683 0.0000000 0.98697782 0.97297037
1557330527 0.0000000 0.98674184 0.97334486
1557737721 0.0000000 0.98868245 0.97744876
1558197514 0.0000000 0.98847866 0.97662425
1558379328 0.0000000 0.98917699 0.97815502
1558489044 0.0000000 0.99062961 0.98132110
1558591969 0.0000000 0.99063867 0.98130929
1559317998 0.0000000 0.98640394 0.97243190
1559641578 0.0000000 0.98732948 0.97476780
1559762840 0.0000000 0.98906261 0.97761858
1560870606 0.0000000 0.98906749 0.97788733
1561237205 0.0000000 0.99185330 0.98370183
1561242160 0.0000000 0.99169028 0.98342472
1561825206 0.0000000 0.99207658 0.98410469
1561837452 0.0000000 0.99005818 0.97952414
1562610935 0.0000000 0.98819953 0.97639370
1562880116 0.0000000 0.98770714 0.97510725
1563275550 0.0000000 0.99020112 0.97994369
1563531230 0.0000000 0.98703873 0.97424215
1563768365 0.0000000 0.98638815 0.97283149
1563850922 0.0000000 0.98585612 0.97188014
1564123196 0.0000000 0.99285042 0.98492199
1564190683 0.0000000 0.98711860 0.97417665
1564649429 0.0000000 0.98704296 0.97421300
1564753988 0.0000000 0.98688716 0.97223586
1564784683 0.0000000 0.98452306 0.96921766
1565054388 0.0000000 0.98834294 0.97061133
1565055090 0.0000000 0.98761839 0.97502524
1565213283 0.0000000 0.98262078 0.96401453
1565218942 0.0000000 0.99276090 0.98548651
1565905300 0.0000000 0.98979467 0.97802794
1566053525 0.0000000 0.99080443 0.98162550
1566053530 0.0000000 0.99080443 0.98162556
1566074882 0.0000000 0.98579377 0.97176975
1566101114 0.0000000 0.98999578 0.98008007
1566598377 0.0000000 0.98456448 0.96913499
1566648618 0.0000000 0.99187845 0.98375463
1567237819 0.0000000 0.98795271 0.97585064
1567471650 0.0000000 0.99070287 0.98065424
1567604000 0.0000000 0.99050397 0.98091996
1567917359 0.0000000 0.99162292 0.98327953
1568005668 0.0000000 0.98632497 0.97242367
1568095682 0.0000000 0.98696220 0.97195023
1569863578 0.0000000 0.98773003 0.97549129
1570468626 0.0000000 0.98711735 0.97438812
1571312673 0.0000000 0.98830491 0.97663516
1571861758 0.0000000 0.99058872 0.98115367
1572218883 0.0000000 0.99031717 0.98045450
1573491297 0.0000000 0.98897433 0.97806978
1573495893 0.0000000 0.98873651 0.97655648
1574645562 0.0000000 0.98842007 0.97689736
1575564604 0.0000000 0.98719507 0.97449809
1575660753 0.0000000 0.99156892 0.98281515
1576495557 0.0000000 0.99062920 0.98082906
1577769501 0.0000000 0.98633134 0.97207886
1577819410 0.0000000 0.98697722 0.97412151
1578293635 0.0000000 0.98729932 0.97472113
1578510402 0.0000000 0.99119550 0.98243171
1579404154 0.0000000 0.98883301 0.97760773
1579703564 0.0000000 0.99094468 0.98193264
1580749376 0.0000000 0.98921692 0.97815949
1581076659 0.0000000 0.99081504 0.97881871
1581616159 0.0000000 0.99044937 0.98094571
1581629921 0.0000000 0.98728836 0.97412467
1581764406 0.0000000 0.98577994 0.96933728
1581764700 0.0000000 0.98909110 0.97827411
1581794413 0.0000000 0.98566628 0.97058380
1582090065 0.0000000 0.99085563 0.98146790
1582113307 0.0000000 0.97517288 0.94828391
1582546233 0.0000000 0.98249435 0.96387202
1582592414 0.0000000 0.98801988 0.97591877
1582629242 0.0000000 0.98310339 0.96628845
1582695255 0.0000000 0.98726153 0.97416228
1584677477 0.0000000 0.99155259 0.98286885
1585787701 0.0000000 0.98308468 0.96639359
1586304460 0.0000000 0.99189788 0.98379642
1586389759 0.0000000 0.98848802 0.97710252
1586537097 0.0000000 0.98955494 0.97898883
1586691401 0.0000000 0.98728019 0.97441477
1587481331 0.0000000 0.99084622 0.98155546
1588476280 0.0000000 0.98838896 0.97690910
1589003116 0.0000000 0.99513561 0.98986381
1589548020 0.0000000 0.99109298 0.98119640
1589756010 0.0000000 0.99220145 0.98372185
1589910785 0.0000000 0.98666060 0.97298986
1590311534 0.0000000 0.98556203 0.97091055
1590359490 0.0000000 0.98911953 0.97797126
1590694463 0.0000000 0.99031371 0.98058856
1590843750 0.0000000 0.99449569 0.98864084
1591494563 0.0000000 0.99027288 0.98059326
1591839506 0.0000000 0.99063069 0.98120242
1591921295 0.0000000 0.99008560 0.98019207
1592079539 0.0000000 0.98717183 0.97196400
1592349420 0.0000000 0.98916006 0.97829300
1593214064 0.0000000 0.98430246 0.96863270
1593241888 0.0000000 0.99056715 0.98054147
1593407313 0.0000000 0.99420619 0.98736542
1593435168 0.0000000 0.99081874 0.98128927
1593519432 0.0000000 0.99318129 0.98639655
1594227272 0.0000000 0.98291135 0.96564931
1594265063 0.0000000 0.98416334 0.96839398
1594267923 0.0000000 0.98353553 0.96697503
1594526768 0.0000000 0.99346203 0.98683554
1594546164 0.0000000 0.98666257 0.97337025
1595767949 0.0000000 0.99061120 0.97700083
1597107665 0.0000000 0.98902708 0.97811335
1597123796 0.0000000 0.98381495 0.96761149
1597187246 0.0000000 0.98920387 0.97844315
1597774608 0.0000000 0.98761123 0.97535652
1597797181 0.0000000 0.98761010 0.97494864
1597806811 0.0000000 0.98516810 0.97034490
1598480108 0.0000000 0.98728758 0.97440529
1598847265 0.0000000 0.99382973 0.98682755
1600306672 0.0000000 0.98610073 0.97230917
1600646088 0.0000000 0.98819405 0.97650534
1600833602 0.0000000 0.98937488 0.97868842
1601017581 0.0000000 0.99117547 0.98241359
1601326254 0.0000000 0.98308235 0.96483654
1601342057 0.0000000 0.98608822 0.97223914
1601440640 0.0000000 0.98840791 0.97686869
1601863505 0.0000000 0.98494041 0.96919215
1602517184 0.0000000 0.98481387 0.96869534
1602946993 0.0000000 0.98786962 0.97585517
1602947159 0.0000000 0.98551732 0.97122061
1603087586 0.0000000 0.98850960 0.97714013
1603396062 0.0000000 0.98589391 0.97190917
1603674483 0.0000000 0.99342924 0.98669636
1604358861 0.0000000 0.98696995 0.97404361
1604426346 0.0000000 0.98736173 0.97472340
1604601372 0.0000000 0.98718381 0.97161114
1604626818 0.0000000 0.98854041 0.97695100
1605130406 0.0000000 0.98713267 0.97412127
1605130534 0.0000000 0.98609626 0.97127652
1605266102 0.0000000 0.98883820 0.97775650
1605511152 0.0000000 0.98675233 0.97368145
1605551866 0.0000000 0.98630792 0.97081804
1605557664 0.0000000 0.98803109 0.97595406
1605621503 0.0000000 0.98585886 0.97136724
1605662576 0.0000000 0.99396110 0.98776293
1606582085 0.0000000 0.98678958 0.97322661
1606657334 0.0000000 0.98758674 0.97531283
1607578178 0.0000000 0.99099243 0.98150462
1607606398 0.0000000 0.98652238 0.97268891
1607606851 0.0000000 0.98843360 0.97603130
1607624108 0.0000000 0.99224478 0.98447388
1608317519 0.0000000 0.98860323 0.97731769
1608385359 0.0000000 0.98771977 0.97548676
1609436522 0.0000000 0.99407470 0.98800671
1609594007 0.0000000 0.98783052 0.97512090
1610162996 0.0000000 0.92334521 0.80408794
1610192153 0.0000000 0.99261355 0.98508292
1610249009 0.0000000 0.99061382 0.98091692
1610838659 0.0000000 0.98819065 0.97630364
1611559538 0.0000000 0.99093682 0.98177052
1611565557 0.0000000 0.99137253 0.98268431
1611574763 0.0000000 0.99311346 0.98624367
1611584686 0.0000000 0.98619765 0.97244126
1611818971 0.0000000 0.98349524 0.96573102
