1309048281 0.0000000 0.99975026 0.99949771
1309094354 0.0000000 0.99966210 0.99930745
1309326569 0.0000000 0.99776834 0.99554265
1309474048 0.0000000 0.99975544 0.99944264
1311692424 0.0000000 0.99891192 0.99781561
1317835272 -163.15001 0.15078285 2.40164995E-03
1318175665 0.0000000 0.99994045 0.99987221
1318478724 0.0000000 0.99984336 0.99967390
1319945023 0.0000000 0.99993795 0.99986559
1320074224 0.0000000 0.99988168 0.99973613
1320721143 0.0000000 0.99994731 0.99987966
1321061921 0.0000000 0.99992663 0.99985170
1322787324 0.0000000 0.99993145 0.99986112
1322993584 0.0000000 0.99986082 0.99969012
1323861170 0.0000000 0.99983811 0.99966735
1323909341 0.0000000 0.99991298 0.99979413
1324582798 0.0000000 0.99991363 0.99982387
1325660397 0.0000000 0.99990934 0.99981588
1326181267 0.0000000 0.99977988 0.99948353
1326728445 0.0000000 0.99954098 0.99907482
1327107001 0.0000000 0.99993634 0.99986154
1327480583 5.00000007E-02 0.30037716 -24291.705
1327824459 0.0000000 0.99988490 0.99975979
1328324062 0.0000000 0.99995428 0.99989730
1328459111 0.0000000 0.99991632 0.99982744
1330223700 0.0000000 0.99995971 0.99991280
1330883534 0.0000000 0.99961722 0.99921411
1332071890 0.0000000 0.99940640 0.99827588
1332086295 0.0000000 0.98021591 0.95760870
1332373478 0.0000000 0.99968845 0.99914211
1333258441 0.0000000 0.96582246 0.92440885
1333828758 0.0000000 0.99890924 0.99753696
1333921411 0.0000000 0.99975216 0.99920899
1334227165 0.0000000 0.99789989 0.99519283
1334800688 0.0000000 0.99989486 0.99958611
1335409258 0.0000000 0.59101266 -1.0704687
1335538115 0.0000000 0.99969131 0.99906451
1338362741 0.0000000 0.99818981 0.99587905
1338842309 0.0000000 0.99916506 0.99795318
1338890190 0.0000000 0.99878246 0.99719828
1338944914 0.0000000 0.99989206 0.99954414
1338944979 0.0000000 0.99981672 0.99945414
1338945045 0.0000000 0.99418640 0.98802382
1339216879 0.0000000 0.99940336 0.99856740
1339275618 0.0000000 0.99990892 0.99959153
1339278860 0.0000000 0.99941897 0.99861723
1339309409 0.0000000 0.99958301 0.99866515
1339575740 0.0000000 0.99934840 0.99856001
1339598466 0.0000000 0.99901438 0.99775702
1339646879 0.0000000 0.99978024 0.99921227
1339690513 0.0000000 0.99988496 0.99939084
1339702255 0.0000000 0.99963266 0.99885756
1339923712 0.0000000 0.99973679 0.99936384
1341299876 0.0000000 0.96513891 0.92121679
1341924177 0.0000000 0.99517363 0.98891538
1342405200 0.0000000 0.98691326 0.97098768
1344277570 0.0000000 0.99477696 0.98804623
1344910008 0.0000000 0.99875516 0.99669647
1344941743 0.0000000 0.99986076 0.99880636
1345138860 0.0000000 0.99972028 0.99861956
1345234802 0.0000000 0.99992681 0.99896312
1346380382 0.0000000 0.85280210 0.59250146
1346415099 0.0000000 0.99980444 0.99871111
1346415834 0.0000000 0.99968362 0.99849248
1346788818 0.0000000 0.99982178 0.99894762
1346816730 0.0000000 0.99916601 0.99743861
1348523853 0.0000000 0.99955338 0.99820656
1350722979 0.0000000 0.99981761 0.99883163
1350800865 -13.150001 0.15052205 1.27577782E-03
1351161077 0.0000000 0.99979782 0.99883783
1352122829 0.0000000 0.99985474 0.99894482
1352554787 0.0000000 0.98722506 0.97204489
1353431341 0.0000000 0.99988234 0.99897611
1353536726 0.0000000 0.99969494 0.99851519
1354158772 0.0000000 0.99956292 0.99831146
1354470336 0.0000000 0.99987137 0.99906641
1354477411 0.0000000 0.99984431 0.99879491
1354976814 0.0000000 0.99965221 0.99838102
1355221924 0.0000000 0.99989194 0.99906552
1356243184 0.0000000 0.99981201 0.99894470
1356319072 0.0000000 0.99923801 0.99751478
1356487597 0.0000000 0.99894243 0.99704599
1356883405 0.0000000 0.99989760 0.99892312
1357128106 0.0000000 0.99980378 0.99873561
1357236484 0.0000000 0.99986899 0.99891061
1357270197 0.0000000 0.99964261 0.99842501
1357331931 0.0000000 0.99955899 0.99827325
1357541346 0.0000000 0.99983829 0.99894184
1357994057 0.0000000 0.99877679 0.99663991
1358411441 0.0000000 0.99989593 0.99908614
1358708986 0.0000000 0.99986053 0.99893326
1359776392 0.0000000 0.99991608 0.99954951
1361064727 0.0000000 0.99990726 0.99951637
1361239965 0.0000000 0.99988586 0.99946862
1361256759 0.0000000 0.99992841 0.99948519
1361373628 0.0000000 0.99986523 0.99941975
1361471757 0.0000000 0.99992752 0.99952483
1361665659 0.0000000 0.99961990 0.99900961
1362386544 0.0000000 0.99989444 0.99948430
1362609444 0.0000000 0.99985498 0.99954945
1362627405 0.0000000 0.88217503 0.76587033
1362643640 0.0000000 0.99989283 0.99948269
1363079024 0.0000000 0.99990278 0.99958408
1363764120 0.0000000 0.89561713 0.74265790
1364349799 0.0000000 0.60655212 -0.51222110
1364349845 0.0000000 0.99989116 0.99929672
1364355002 0.0000000 0.99950862 0.99881113
1364690983 0.0000000 0.99749631 0.99444944
1365625224 0.0000000 0.99995315 0.99950087
1366061297 0.0000000 0.99486274 0.98908937
1366432589 0.0000000 0.99978328 0.99932307
1366513671 0.0000000 0.99982417 0.99943584
1369110346 0.0000000 0.99987966 0.99940294
1369124755 0.0000000 0.99992597 0.99962282
1369791239 0.0000000 0.40274471 -4.5471630
1369883683 0.0000000 0.87101471 0.67084193
1370118743 0.0000000 0.99989098 0.99949801
1370151783 0.0000000 0.35187170 -2.3940403
1370623082 0.0000000 0.99993908 0.99955457
1372241957 0.0000000 0.99988985 0.99951810
1372463510 0.0000000 0.99995190 0.99961573
1373829868 0.0000000 0.99988228 0.99955273
1373895699 0.0000000 0.99988925 0.99964887
1373969495 0.0000000 0.99990892 0.99965072
1374677225 0.0000000 0.99986440 0.99951851
1374679935 0.0000000 0.99991405 0.99958366
1376837821 0.0000000 0.99986237 0.99960363
1377205321 0.0000000 0.99978149 0.99939662
1377355603 -0.34999999 0.25652578 -3.11489105E-02
1377407246 0.0000000 0.99928278 0.99850416
1378247005 0.0000000 0.99991298 0.99968588
1378467231 0.0000000 0.99993634 0.99969643
1379475197 0.0000000 0.99986309 0.99970561
1380542719 0.0000000 0.99986959 0.99966627
1381466759 0.0000000 0.99981141 0.99956954
1381684855 0.0000000 0.99987060 0.99970961
1382170436 0.0000000 0.99922520 0.99836302
1382919848 0.0000000 0.99967211 0.99923974
1383069011 0.0000000 0.99984777 0.99957991
1383085061 0.0000000 0.99978495 0.99947435
1383220929 0.0000000 0.50508523 -2.1692646
1383227120 0.0000000 0.99991262 0.99973530
1383227831 0.0000000 0.99991941 0.99976712
1383234448 0.0000000 0.99990994 0.99972141
1383263545 0.0000000 0.99986660 0.99958831
1383450194 0.0000000 0.99993175 0.99980342
1383519374 0.0000000 0.99987882 0.99972123
1383809110 0.0000000 0.99990410 0.99969119
1383809501 0.0000000 0.99986535 0.99968958
1383989687 0.0000000 0.99972063 0.99937254
1384145710 0.0000000 0.99990809 0.99974024
1384544358 0.0000000 0.99987072 0.99967641
1385019362 0.0000000 0.99978697 0.99949884
1386347977 0.0000000 0.99429488 0.98814344
1386357780 0.0000000 0.99988222 0.99961257
1387916955 0.0000000 0.99988228 0.99965662
1389034180 0.0000000 0.99986446 0.99954122
1389204911 0.0000000 0.99991250 0.99963403
1389717867 0.0000000 0.99982560 0.99944335
1389724692 0.0000000 0.99992990 0.99959886
1389729005 0.0000000 0.99993098 0.99961662
1389740803 0.0000000 0.99989158 0.99950528
1389904819 0.0000000 0.99981320 0.99954820
1390517490 0.0000000 0.99977130 0.99937874
1390619771 0.0000000 0.99990964 0.99961364
1391790286 0.0000000 0.99979389 0.99939007
1393014317 0.0000000 0.99992961 0.99960196
1393065064 0.0000000 0.99987870 0.99955970
1393759985 0.0000000 0.99977756 0.99948412
1393791078 0.0000000 0.99991107 0.99973077
1394913876 0.0000000 0.99992490 0.99952722
1395061976 0.0000000 0.99990296 0.99951261
1395231566 0.0000000 0.99994338 0.99955505
1397097485 0.0000000 0.99989736 0.99962085
1397746253 0.0000000 0.99981004 0.99941957
1398443585 0.0000000 0.99990398 0.99964273
1399207416 0.0000000 0.99987489 0.99960679
1399278483 0.0000000 0.99981207 0.99940479
1399745740 0.0000000 0.30771142 -10.219223
1399746271 0.0000000 0.60429460 -0.93412435
1400631673 0.0000000 0.90229851 0.80522317
1401021673 0.0000000 0.99993223 0.99963194
1401296286 0.0000000 0.99959570 0.99899733
1402085900 0.0000000 0.99883521 0.99760216
1402313583 0.0000000 0.99977624 0.99948382
1402624068 0.0000000 0.99564880 0.99111682
1402784563 0.0000000 0.99987888 0.99966866
1403034553 0.0000000 0.99986380 0.99969494
1403317269 0.0000000 0.99983674 0.99960881
1403439974 0.0000000 0.99985319 0.99966103
1404774365 0.0000000 0.99990845 0.99966127
1404925818 0.0000000 0.99985367 0.99963206
1405577514 0.0000000 0.81992096 0.47131383
1407296767 0.0000000 0.99979663 0.99957061
1407544588 0.0000000 0.93826067 0.86648989
1408047770 0.0000000 0.41677910 -3.6387959
1410046387 0.0000000 0.86504942 0.66141057
1410325949 0.0000000 0.97354347 0.94367635
1410382444 0.0000000 0.67562127 -0.16827691
1411247643 0.0000000 0.99674410 0.99318588
1411641303 0.0000000 0.99556100 0.99063063
1412009058 0.0000000 0.53064734 -1.5160604
1412705290 0.0000000 0.99912453 0.99803340
1413207959 0.0000000 0.14816335 -70.136192
1414298821 0.0000000 0.83791256 0.57394338
1416419181 0.0000000 0.98606747 0.97108823
1416419227 0.0000000 0.97580528 0.94831890
1416540553 0.0000000 0.96460122 0.92274362
1417557685 0.0000000 0.93669647 0.85776222
1417655668 0.0000000 0.99986857 0.99961913
1418245419 0.0000000 0.99998719 0.99978054
1418533563 0.0000000 0.99992251 0.99970293
1419682925 0.0000000 0.99987900 0.99955618
1419947441 0.0000000 0.99976766 0.99931306
1419995164 0.0000000 0.99997556 0.99971509
1420012476 0.0000000 0.99997389 0.99971139
1420437226 0.0000000 0.99995697 0.99971300
1420606112 0.0000000 0.99998534 0.99971819
1420742654 0.0000000 0.99690080 0.99340463
1421435535 0.0000000 0.99997956 0.99969721
1421639313 0.0000000 0.99993038 0.99965817
1422083726 0.0000000 0.99992841 0.99959719
1422374758 0.0000000 0.99944162 0.99854076
1422958210 0.0000000 0.99974102 0.99920481
1423037687 0.0000000 0.99997097 0.99967390
1423603888 0.0000000 0.95932072 0.91092646
1423726535 0.0000000 0.99996305 0.99964899
1423857991 0.0000000 0.99999040 0.99969471
1424969403 0.0000000 0.99995571 0.99968708
1426114954 0.0000000 0.99990374 0.99950325
1426344314 0.0000000 0.99995697 0.99964160
1426852891 0.0000000 0.99979025 0.99930650
1427105631 -0.55000001 0.32746288 -0.71108425
1427483378 0.0000000 0.99985975 0.99944317
1428208678 0.0000000 0.99980742 0.99935019
1428320250 0.0000000 0.99997383 0.99968749
1428945237 0.0000000 0.61806053 0.34380031
1429127316 0.0000000 0.99989295 0.99951142
1429494176 0.0000000 0.99999666 0.99968195
1429494550 0.0000000 0.99996376 0.99965751
1429528847 0.0000000 0.99999261 0.99970490
1429530313 0.0000000 0.99999171 0.99969351
1429531199 0.0000000 0.99999446 0.99969202
1429992097 0.0000000 0.99999511 0.99969858
1430658547 0.0000000 0.99997222 0.99967206
1431333501 0.0000000 0.99997699 0.99973303
1431387795 0.0000000 0.99997371 0.99974149
1431628549 0.0000000 0.99995857 0.99971157
1432588969 0.0000000 0.99997693 0.99973768
1432601816 0.0000000 0.99995130 0.99969691
1432799863 0.0000000 0.99992692 0.99964285
1434467768 0.0000000 0.99994463 0.99973905
1434867330 0.0000000 0.99994951 0.99973851
1435335400 0.0000000 0.99994439 0.99975795
1438066750 0.0000000 0.99997628 0.99981320
1438936857 0.0000000 0.99972844 0.99932754
1439209234 0.0000000 0.97321236 0.94299126
1439418087 0.0000000 0.99782991 0.99540865
1439474882 0.0000000 0.99998552 0.99980551
1439699200 0.0000000 0.99539596 0.99042201
1441113885 0.0000000 0.99999160 0.99982291
1441128847 0.0000000 0.99995893 0.99980175
1441160293 0.0000000 0.99995220 0.99974108
1441898607 0.0000000 0.99996448 0.99981159
1442339782 0.0000000 0.99997050 0.99983865
1442345855 0.0000000 0.99999171 0.99982864
1442345878 0.0000000 0.99999309 0.99982947
1442408939 0.0000000 0.99999630 0.99980974
1442410226 0.0000000 0.99993652 0.99974436
1442413798 0.0000000 0.99997789 0.99980277
1443074281 0.0000000 0.99992990 0.99974185
1443555465 0.0000000 0.98186457 0.95987493
1444648487 0.0000000 0.99997663 0.99981391
1444736944 0.0000000 0.99996972 0.99984598
1444953165 0.0000000 0.99996650 0.99981678
1444953267 0.0000000 0.99995232 0.99979854
1445014914 0.0000000 0.99990392 0.99968112
1445221055 0.0000000 0.99999464 0.99982107
1445233331 0.0000000 0.99996936 0.99978536
1445239215 0.0000000 0.99996299 0.99976641
1446412182 0.0000000 0.99998415 0.99981874
1446412281 0.0000000 0.99995893 0.99974656
1446509184 0.0000000 0.99998248 0.99978727
1446509190 0.0000000 0.99998224 0.99978709
1446714386 0.0000000 0.99993205 0.99978590
1447167192 0.0000000 0.99993616 0.99972737
1447255999 0.0000000 0.99993348 0.99976313
1447277516 0.0000000 0.99973434 0.99934387
1448316095 0.0000000 0.99538678 0.99049151
1448671943 0.0000000 0.99992996 0.99969715
1449033717 0.0000000 0.99997836 0.99980456
1449035580 0.0000000 0.99996400 0.99981904
1449153073 0.0000000 0.99996930 0.99979740
1449935242 0.0000000 0.99996114 0.99979407
1450510821 0.0000000 0.99011242 0.97941142
1450536811 0.0000000 0.99857837 0.99686950
1450992022 0.0000000 0.99987066 0.99964678
1451199638 0.0000000 0.99984753 0.99955207
1451327726 0.0000000 0.99984622 0.99952263
1451523194 0.0000000 0.99805868 0.99590927
1451829690 0.0000000 0.99995399 0.99974078
1451928000 0.0000000 0.99901867 0.99781072
1452487977 0.0000000 0.99997503 0.99978536
1453169606 0.0000000 0.99997789 0.99973506
1453824336 0.0000000 0.99918276 0.99802446
1454422761 0.0000000 0.99998814 0.99969566
1454702246 0.0000000 0.99997938 0.99966323
1454702308 0.0000000 0.99999362 0.99969089
1454702406 0.0000000 0.99999404 0.99966097
1454702512 0.0000000 0.99994868 0.99957538
1454978820 0.0000000 0.99999452 0.99969333
1455590759 0.0000000 0.99997705 0.99966955
1455595494 0.0000000 0.99998158 0.99966252
1455757779 0.0000000 0.99998361 0.99967539
1455758311 0.0000000 0.99998367 0.99968362
1456215987 0.0000000 0.99993610 0.99960482
1456541993 0.0000000 0.99991632 0.99953485
1457201466 0.0000000 0.99991280 0.99957323
1457276938 0.0000000 0.99977404 0.99926692
1459152479 0.0000000 0.99997157 0.99966353
1459502085 0.0000000 0.99930245 0.99831539
1459988008 0.0000000 0.99956524 0.99889028
1460294506 0.0000000 0.99971682 0.99919641
1460353509 0.0000000 0.99998587 0.99969715
1460804146 0.0000000 0.99996823 0.99965984
1461082597 0.0000000 0.99985498 0.99942851
1461607991 0.0000000 0.99991858 0.99949569
1461770234 0.0000000 0.99999934 0.99969751
1461770257 0.0000000 0.99999160 0.99969780
1461770858 0.0000000 0.99998581 0.99967879
1461781146 0.0000000 0.99998724 0.99973160
1461806086 0.0000000 0.99995142 0.99964267
1462056417 0.0000000 0.99998164 0.99971670
1462199340 0.0000000 0.99997878 0.99974382
1462521203 0.0000000 0.99995589 0.99972391
1462632669 0.0000000 0.99997091 0.99971014
1462675593 0.0000000 0.62795043 0.37505621
1463023035 0.0000000 0.99999601 0.99970323
1463023251 0.0000000 0.99995500 0.99966496
1463023282 0.0000000 0.99994969 0.99965245
1463027395 0.0000000 0.99999589 0.99969637
1463127852 0.0000000 0.99998796 0.99968928
1463195522 0.0000000 0.99997848 0.99967718
1463196768 0.0000000 0.99998569 0.99971902
1463530965 0.0000000 0.99997091 0.99976265
1463863900 0.0000000 0.99998742 0.99971229
1463882779 0.0000000 0.99996930 0.99969858
1464184475 0.0000000 0.99956167 0.99886000
1464544116 0.0000000 0.99992615 0.99969786
1464576767 0.0000000 0.99997759 0.99975830
1464630651 0.0000000 0.99990636 0.99966383
1464672226 0.0000000 0.99999684 0.99970746
1466204142 0.0000000 0.99985647 0.99951184
1466383187 0.0000000 0.99994314 0.99976891
1466409210 0.0000000 0.99990469 0.99963427
1466715930 0.0000000 0.99996352 0.99975085
1467361422 0.0000000 0.99992639 0.99968225
1469019333 0.0000000 0.99993837 0.99974799
1469592155 0.0000000 0.99997067 0.99979568
1471008941 0.0000000 0.99978286 0.99942064
1471908408 0.0000000 0.99988151 0.99965268
1472660934 0.0000000 0.99995774 0.99979740
1473440050 0.0000000 0.99981856 0.99951023
1475055492 0.0000000 0.99992996 0.99977398
1475769120 0.0000000 0.99999136 0.99983317
1477370752 0.0000000 0.99997109 0.99981940
1478519786 0.0000000 0.99996024 0.99983317
1478903131 0.0000000 0.99998367 0.99979866
1480024554 0.0000000 0.99998230 0.99980241
1480377579 0.0000000 0.99987608 0.99962223
1480507474 0.0000000 0.99997061 0.99978656
1481256588 0.0000000 0.99995530 0.99978447
1481811269 0.0000000 0.99998373 0.99976701
1483057851 0.0000000 0.99996209 0.99974370
1483513641 0.0000000 0.99995798 0.99976265
1484155863 0.0000000 0.99992901 0.99966800
1484797338 0.0000000 0.99857295 0.99688482
1484900187 0.0000000 0.99983221 0.99945372
1485329586 0.0000000 0.99991751 0.99965101
1486746772 0.0000000 0.99998868 0.99972469
1487420859 0.0000000 0.99988121 0.99953550
1487652197 0.0000000 0.99765927 0.99488425
1488212310 0.0000000 0.99994409 0.99968791
1488924651 0.0000000 0.99997085 0.99969894
1489967289 0.0000000 0.99994999 0.99963498
1490066029 0.0000000 0.98138285 0.95932227
1490805242 0.0000000 0.99990439 0.99954367
1492112471 0.0000000 0.99998277 0.99967903
1492367656 0.0000000 0.99993128 0.99964607
1493517442 0.0000000 0.99998218 0.99970245
1493960850 0.0000000 0.99994761 0.99970692
1493986611 0.0000000 0.98492664 0.96764719
1494889974 0.0000000 0.99998695 0.99974346
1494932580 0.0000000 0.99991000 0.99951762
1495631454 0.0000000 0.99996203 0.99974024
1495691291 0.0000000 0.99993610 0.99972022
1495956669 0.0000000 0.99958152 0.99896866
1495999757 0.0000000 0.99997866 0.99971193
1496582686 0.0000000 0.99997884 0.99973780
1497967350 0.0000000 0.97904253 0.95607418
1498029939 0.0000000 0.99996305 0.99976945
1500318986 0.0000000 0.99990755 0.99973196
1501139292 0.0000000 0.99983490 0.99955523
1501845585 0.0000000 0.99993068 0.99975175
1502294736 0.0000000 0.99996006 0.99985594
1502416734 0.0000000 0.99997234 0.99979669
1502582915 0.0000000 0.99994081 0.99976623
1504364658 0.0000000 0.99991983 0.99975383
1505096741 0.0000000 0.99988431 0.99966455
1505687994 0.0000000 0.99994254 0.99979782
1505917796 0.0000000 0.99999011 0.99983466
1506232185 0.0000000 0.99991518 0.99970728
1506549399 0.0000000 0.99981356 0.99951637
1507505391 0.0000000 0.99992108 0.99972200
1507747520 0.0000000 0.99995768 0.99980867
1508582157 0.0000000 0.99967128 0.99923539
1509318944 0.0000000 0.99998367 0.99980277
1509677295 0.0000000 0.99997073 0.99981672
1509677339 0.0000000 0.99997175 0.99981934
1509752088 0.0000000 0.99996489 0.99983555
1510398879 0.0000000 0.99993747 0.99978161
1510402973 0.0000000 0.99995077 0.99979228
1510440860 0.0000000 0.99985629 0.99959344
1510947032 0.0000000 0.99976790 0.99943614
1511360409 0.0000000 0.99998069 0.99988794
1511470532 0.0000000 0.99996322 0.99985927
1512230735 0.0000000 0.99968755 0.99932706
1512377977 0.0000000 0.99991709 0.99977976
1512704669 0.0000000 0.99996376 0.99987310
1513120660 0.0000000 0.99990356 0.99974418
1516168751 0.0000000 0.99996513 0.99984723
1516984288 0.0000000 0.99995756 0.99978548
1517686257 0.0000000 0.99995792 0.99983108
1517749972 0.0000000 0.99997932 0.99984711
1517752600 0.0000000 0.99998754 0.99984640
1517752662 0.0000000 0.99998307 0.99984485
1517753127 0.0000000 0.99995577 0.99984062
1517753452 0.0000000 0.99998623 0.99985343
1517753522 0.0000000 0.99998754 0.99985492
1517753592 0.0000000 0.99998796 0.99985480
1517753815 0.0000000 0.99998194 0.99984705
1517758427 0.0000000 0.99997103 0.99983746
1517763262 0.0000000 0.99995995 0.99983603
1517821602 0.0000000 0.99998277 0.99982029
1517823894 0.0000000 0.99996489 0.99984252
1517846321 0.0000000 0.99996996 0.99984175
1517852233 0.0000000 0.99996209 0.99983585
1517893754 0.0000000 0.99998254 0.99985862
1517906208 0.0000000 0.99996775 0.99982935
1517932241 0.0000000 0.99467868 0.98936450
1517932280 0.0000000 0.99999440 0.99981612
1517932282 0.0000000 0.99999404 0.99981755
1517932427 0.0000000 0.99997020 0.99984193
1517932434 0.0000000 0.99997050 0.99984211
1517932492 0.0000000 0.99997038 0.99983597
1517933877 0.0000000 0.99998200 0.99985009
1517940013 0.0000000 0.99999017 0.99983835
1517940459 0.0000000 0.99998999 0.99984312
1517944528 0.0000000 0.99999475 0.99984092
1517945796 0.0000000 0.99998385 0.99984527
1517950582 0.0000000 0.99997479 0.99981052
1517958702 0.0000000 0.99997026 0.99982375
1517960631 0.0000000 0.99998552 0.99983096
1517969882 0.0000000 0.99998504 0.99982798
1517974578 0.0000000 0.99998432 0.99984133
1517998787 0.0000000 0.99995011 0.99981189
1518001985 0.0000000 0.99998653 0.99985534
1518008800 0.0000000 0.99998826 0.99983478
1518008880 0.0000000 0.99995357 0.99979919
1518013159 0.0000000 0.99998349 0.99983084
1518016890 0.0000000 1.0000024 0.99982864
1518016916 0.0000000 0.99999821 0.99983013
1518051257 0.0000000 0.99997443 0.99985290
1518059164 0.0000000 0.99997181 0.99983251
1518142443 0.0000000 0.99996614 0.99984038
1518201789 0.0000000 0.99998009 0.99985266
1518248929 0.0000000 0.99997431 0.99981982
1518858396 0.0000000 0.99984020 0.99954921
1518981709 0.0000000 0.99993885 0.99979407
1519051621 0.0000000 0.99998719 0.99983323
1519254641 0.0000000 0.99995703 0.99982750
1519583320 0.0000000 0.99999058 0.99982339
1519962147 0.0000000 0.99993199 0.99975133
1520098551 0.0000000 0.99998033 0.99982440
1520329330 0.0000000 0.99993908 0.99974841
1521024527 0.0000000 0.99997294 0.99981821
1521537776 0.0000000 0.99997604 0.99980092
1521728871 0.0000000 0.99995303 0.99979901
1522232997 0.0000000 0.99995190 0.99978358
1522282670 0.30000001 0.28668895 -0.11956131
1522598524 0.0000000 0.99995077 0.99978030
1523432369 0.0000000 0.99987137 0.99962664
1523886539 0.0000000 0.99994951 0.99977243
1524201906 0.0000000 0.99980730 0.99947721
1524248877 0.0000000 0.99969876 0.99926245
1524308214 0.0000000 0.99992883 0.99974597
1524503432 0.0000000 0.99995089 0.99979538
1524721460 0.0000000 0.99990869 0.99966228
1524721601 0.0000000 0.99982679 0.99947554
1524808553 0.0000000 0.99992824 0.99968106
1525218424 0.0000000 0.99999052 0.99982405
1526098666 0.0000000 0.99993205 0.99978429
1527728598 0.0000000 0.99994653 0.99977189
1527904870 0.0000000 0.74495822 0.51371837
1528731725 0.0000000 0.99997425 0.99986953
1528750347 0.0000000 0.99998045 0.99986422
1528856173 0.0000000 0.99886918 0.99760741
1529096035 0.0000000 0.99996990 0.99986100
1529334375 0.0000000 0.99963266 0.99919683
1529522338 0.0000000 0.99993289 0.99977082
1530516370 0.0000000 0.99993187 0.99981934
1530516385 0.0000000 0.99993145 0.99981904
1530609654 0.0000000 0.99995649 0.99984205
1531312909 0.0000000 0.99989700 0.99969548
1531507119 0.0000000 0.99996507 0.99984211
1532050755 0.0000000 0.99987650 0.99968874
1533217098 0.0000000 0.99997872 0.99989611
1533801692 0.0000000 0.99959433 0.99911261
1534500582 0.0000000 0.58221006 0.33413947
1534551317 -0.20000000 0.36008367 -0.99621320
1535572403 0.0000000 0.99988258 0.99966830
1535660064 0.0000000 0.99982011 0.99959451
1536498994 0.0000000 0.99987298 0.99971884
1536641006 0.0000000 0.99994433 0.99987024
1536700815 0.0000000 0.99983376 0.99964017
1538633849 0.0000000 0.99984461 0.99957895
1538766649 0.0000000 0.99749368 0.99479890
1539072778 0.0000000 0.99991524 0.99969405
1539164591 0.0000000 0.99994171 0.99972641
1540269298 0.0000000 0.99999684 0.99980593
1540310644 0.0000000 0.99999440 0.99981517
1541624711 0.0000000 0.99994177 0.99975002
1541712486 0.0000000 0.99971390 0.99926698
1542328459 0.0000000 0.99990642 0.99972486
1542608341 0.0000000 0.99996108 0.99977958
1542638415 0.0000000 0.99994570 0.99971694
1542645094 0.0000000 0.99992114 0.99971384
1543190243 0.0000000 0.99998713 0.99978906
1543191316 0.0000000 0.99957746 0.99897677
1543236658 0.0000000 0.99987465 0.99959093
1543238642 0.0000000 0.99940288 0.99862957
1543314575 0.0000000 0.99982852 0.99946213
1544368541 0.0000000 0.99998021 0.99982274
1544439487 0.0000000 0.99994737 0.99974847
1544621063 0.0000000 0.99997920 0.99982303
1544908865 0.0000000 0.99998742 0.99978852
1545710204 0.0000000 0.99992156 0.99962276
1546538568 0.0000000 0.99998081 0.99974936
1546949806 0.0000000 0.99997181 0.99977040
1548127166 0.0000000 0.99997246 0.99972403
1548825695 0.0000000 0.99997181 0.99972922
1548861293 0.0000000 0.99997270 0.99967897
1549366351 0.0000000 0.99990320 0.99958795
1549558324 0.0000000 0.99996769 0.99971050
1550239687 0.0000000 0.99998325 0.99977154
1551558867 0.0000000 0.99659204 0.99279308
1552012334 0.0000000 0.99998075 0.99971122
1552127531 0.0000000 0.99791360 0.99551678
1552421955 0.0000000 0.99997091 0.99973309
1552451554 0.0000000 0.99997312 0.99976975
1552511242 0.0000000 0.99996704 0.99969566
1552697151 0.0000000 0.99993771 0.99968034
1552968094 0.0000000 0.99994117 0.99965960
1553256348 0.0000000 0.99994862 0.99970466
1553414210 0.0000000 0.99988854 0.99952787
1554087275 0.0000000 0.99995917 0.99969351
1554172029 0.0000000 0.99893266 0.99751830
1554256375 0.0000000 0.99999809 0.99972063
1554343015 0.0000000 0.99999416 0.99971783
1554382610 0.0000000 0.99991858 0.99964768
1554499495 0.0000000 0.99990702 0.99959755
1554706689 0.0000000 0.99993151 0.99963611
1554822801 0.0000000 0.99997425 0.99972117
1554841453 0.0000000 0.99997997 0.99974483
1554850672 0.0000000 0.99997228 0.99975109
1555563667 0.0000000 0.32293352 -0.45490253
1556793883 0.0000000 0.99997205 0.99974161
1556970683 0.0000000 0.99925506 0.99831754
1557330527 0.0000000 0.99993855 0.99966264
1557737721 0.0000000 0.99994630 0.99971759
1558197514 0.0000000 0.99995947 0.99972004
1558379328 0.0000000 0.99951059 0.99883598
1558489044 0.0000000 0.99993259 0.99971366
1558591969 0.0000000 0.99986070 0.99959952
1559317998 0.0000000 0.99996382 0.99970555
1559641578 0.0000000 0.99997985 0.99977607
1559762840 0.0000000 0.99996674 0.99977630
1560870606 0.0000000 0.99489909 0.98919308
1561237205 0.0000000 0.99985147 0.99961156
1561242160 0.0000000 0.99983358 0.99953675
1561825206 0.0000000 0.99991524 0.99967402
1561837452 0.0000000 0.99997181 0.99979383
1562610935 0.0000000 0.99994534 0.99971080
1562880116 0.0000000 0.99997258 0.99975866
1563275550 0.0000000 0.99988812 0.99965930
1563531230 0.0000000 0.99994063 0.99970269
1563768365 0.0000000 0.99883670 0.99743629
1563850922 0.0000000 0.99977207 0.99935222
1564123196 0.0000000 0.99993604 0.99971783
1564190683 0.0000000 0.99998307 0.99978441
1564649429 0.0000000 0.99945617 0.99874538
1564753988 0.0000000 0.99997121 0.99985963
1564784683 0.0000000 0.99997848 0.99982542
1565054388 0.0000000 0.99999237 0.99982673
1565055090 0.0000000 0.99997509 0.99980778
1565213283 0.0000000 0.99999815 0.99980074
1565218942 0.0000000 0.99989599 0.99964452
1565905300 0.0000000 0.99989635 0.99968100
1566053525 0.0000000 0.99996251 0.99981403
1566053530 0.0000000 0.99996257 0.99981403
1566074882 0.0000000 0.99972594 0.99930453
1566101114 0.0000000 0.99996495 0.99982208
1566598377 0.0000000 0.97838593 0.95358676
1566648618 0.0000000 0.99950528 0.99886006
1567237819 0.0000000 0.99991769 0.99971747
1567471650 0.0000000 0.99996173 0.99981040
1567604000 0.0000000 0.99980688 0.99952847
1567917359 0.0000000 0.99994624 0.99975771
1568005668 0.0000000 0.99989015 0.99965370
1568095682 0.0000000 0.99998599 0.99982429
1569863578 0.0000000 0.99990040 0.99965173
1570468626 0.0000000 0.99995005 0.99975562
1571312673 0.0000000 0.99998456 0.99981850
1571861758 0.0000000 0.99784243 0.99540114
1572218883 0.0000000 0.99993056 0.99972367
1573491297 0.0000000 0.99885416 0.99748307
1573495893 0.0000000 0.99978268 0.99939036
1574645562 0.0000000 0.99997503 0.99976265
1575564604 0.0000000 0.99695247 0.99352932
1575660753 0.0000000 0.99989891 0.99963301
1576495557 0.0000000 0.99998146 0.99973285
1577769501 0.0000000 0.99459779 0.98869061
1577819410 0.0000000 0.99998331 0.99977446
1578293635 0.0000000 0.99995077 0.99966806
1578510402 0.0000000 0.99990398 0.99965739
1579404154 0.0000000 0.99977070 0.99928856
1579703564 0.0000000 0.99982083 0.99941373
1580749376 0.0000000 0.99995869 0.99973744
1581076659 0.0000000 0.99993891 0.99967927
1581616159 0.0000000 0.99998218 0.99970174
1581629921 0.0000000 0.99990368 0.99955666
1581764406 0.0000000 0.99999046 0.99967867
1581764700 0.0000000 0.99998212 0.99972188
1581794413 0.0000000 0.99998719 0.99970466
1582090065 0.0000000 0.99997580 0.99970508
1582113307 0.0000000 0.99979532 0.99945366
1582546233 0.0000000 0.99995619 0.99966377
1582592414 0.0000000 0.99991518 0.99958903
1582629242 0.0000000 0.99999577 0.99969083
1582695255 0.0000000 0.99994028 0.99973780
1584677477 0.0000000 0.99994892 0.99964637
1585787701 0.0000000 0.98398608 0.96602410
1586304460 0.0000000 0.99979097 0.99939066
1586389759 0.0000000 0.99995762 0.99969375
1586537097 0.0000000 0.99997699 0.99968410
1586691401 0.0000000 0.99996847 0.99969178
1587481331 0.0000000 0.99990094 0.99963301
1588476280 0.0000000 0.99998134 0.99971628
1589003116 0.0000000 0.99992001 0.99966037
1589548020 0.0000000 0.99506909 0.98965722
1589756010 0.0000000 0.99987406 0.99960613
1589910785 0.0000000 0.99844122 0.99659145
1590311534 0.0000000 0.99239761 0.98370790
1590359490 0.0000000 0.99998593 0.99975777
1590694463 0.0000000 0.99996477 0.99973363
1590843750 0.0000000 0.99997044 0.99982953
1591494563 0.0000000 0.99996579 0.99979454
1591839506 0.0000000 0.99993414 0.99975234
1591921295 0.0000000 0.99992537 0.99973100
1592079539 0.0000000 0.99995637 0.99973732
1592349420 0.0000000 0.99991351 0.99965304
1593214064 0.0000000 0.99997246 0.99977672
1593241888 0.0000000 0.99985856 0.99958521
1593407313 0.0000000 0.99992681 0.99979293
1593435168 0.0000000 0.99994725 0.99977100
1593519432 0.0000000 0.99983788 0.99957949
1594227272 0.0000000 0.99993521 0.99979633
1594265063 0.0000000 0.99995446 0.99976856
1594267923 0.0000000 0.99991691 0.99972743
1594526768 0.0000000 0.99989063 0.99964476
1594546164 0.0000000 0.99787498 0.99551916
1595767949 0.0000000 0.99998611 0.99981833
1597107665 0.0000000 0.99992537 0.99973267
1597123796 0.0000000 0.99914205 0.99808019
1597187246 0.0000000 0.99983281 0.99948996
1597774608 0.0000000 0.99881935 0.99748558
1597797181 0.0000000 0.99983054 0.99953961
1597806811 0.0000000 0.99991614 0.99973345
1598480108 0.0000000 0.99995899 0.99980307
1598847265 0.0000000 0.99658227 0.99293274
1600306672 0.0000000 0.99995685 0.99983841
1600646088 0.0000000 0.99987185 0.99962288
1600833602 0.0000000 0.99995047 0.99980915
1601017581 0.0000000 0.99984837 0.99960625
1601326254 0.0000000 0.99998671 0.99981821
1601342057 0.0000000 0.99995816 0.99978727
1601440640 0.0000000 0.99998426 0.99982983
1601863505 0.0000000 0.99989963 0.99970245
1602517184 0.0000000 0.99995649 0.99980593
1602946993 0.0000000 0.99997777 0.99982274
1602947159 0.0000000 0.99991500 0.99969941
1603087586 0.0000000 0.99932700 0.99848682
1603396062 0.0000000 0.99228978 0.98410517
1603674483 0.0000000 0.99991262 0.99971741
1604358861 0.0000000 0.99993306 0.99971998
1604426346 0.0000000 0.99955368 0.99896616
1604601372 0.0000000 0.99996459 0.99984342
1604626818 0.0000000 0.99994940 0.99977726
1605130406 0.0000000 0.99995804 0.99975908
1605130534 0.0000000 0.99977911 0.99939507
1605266102 0.0000000 0.99966550 0.99917203
1605511152 0.0000000 0.99994707 0.99975586
1605551866 0.0000000 0.99975216 0.99935114
1605557664 0.0000000 0.99984735 0.99951524
1605621503 0.0000000 0.99975604 0.99932855
1605662576 0.0000000 0.99976206 0.99941444
1606582085 0.0000000 0.98741603 0.97363079
1606657334 0.0000000 0.99997270 0.99978024
1607578178 0.0000000 0.99997711 0.99979919
1607606398 0.0000000 0.99988621 0.99959201
1607606851 0.0000000 0.99986136 0.99956924
1607624108 0.0000000 0.99998260 0.99979031
1608317519 0.0000000 0.99846357 0.99672729
1608385359 0.0000000 0.99079478 0.98095375
1609436522 0.0000000 0.99983704 0.99952906
1609594007 0.0000000 0.99996156 0.99971211
1610162996 0.0000000 0.83587343 0.54377151
1610192153 0.0000000 0.99997652 0.99976057
1610249009 0.0000000 0.99993736 0.99970025
1610838659 0.0000000 0.99998420 0.99972361
1611559538 0.0000000 0.99995154 0.99968749
1611565557 0.0000000 0.99985772 0.99952143
1611574763 0.0000000 0.99991298 0.99961954
1611584686 0.0000000 0.99798220 0.99559277
1611818971 0.0000000 0.99998063 0.99972111
