1480377579 0.0000000 0.98717928 0.96895063
1480507474 0.0000000 0.99113882 0.97849542
1481256588 0.0000000 0.99430066 0.98495007
1481811269 0.0000000 0.99299312 0.98124260
1483057851 0.0000000 0.99506617 0.98893523
1483513641 0.0000000 0.98141265 0.93855673
1484155863 0.0000000 0.98981369 0.97349191
1484797338 0.0000000 0.97805929 0.95084995
1484900187 0.0000000 0.96863091 0.90624774
1485329586 0.0000000 0.97901797 0.91307598
1486746772 0.0000000 0.99504268 0.98886454
1487420859 0.0000000 0.98750556 0.96709782
1487652197 0.0000000 0.98347861 0.95680392
1488212310 0.0000000 0.98239541 0.95800382
1488924651 0.0000000 0.97420961 0.91128665
1489967289 0.0000000 0.98571748 0.95163226
1490066029 0.0000000 0.98198849 0.96095276
1490805242 0.0000000 0.98675412 0.96369195
1492112471 0.0000000 0.99533552 0.98406625
1492367656 0.0000000 0.98959243 0.97533208
1493517442 0.0000000 0.99239087 0.98092866
1493960850 0.0000000 0.98281610 0.94090545
1493986611 0.0000000 0.85580355 0.61216265
1494889974 0.0000000 0.99203533 0.98149121
1494932580 0.0000000 0.99011040 0.97680211
1495631454 0.0000000 0.98637348 0.96787626
1495691291 0.0000000 0.98901165 0.97514677
1495956669 0.0000000 0.96529394 0.91068029
1495999757 0.0000000 0.98972124 0.97173798
1496582686 0.0000000 0.98592561 0.96890157
1497967350 0.0000000 0.96352476 0.92137390
1498029939 0.0000000 0.98148513 0.93105811
1500318986 0.0000000 0.96381241 0.88894933
1501139292 0.0000000 0.98833740 0.96802443
1501845585 0.0000000 0.99070907 0.97720629
1502294736 0.0000000 0.98252589 0.94055015
1502416734 0.0000000 0.99417120 0.98233879
1502582915 0.0000000 0.98727459 0.96257973
1504364658 0.0000000 0.98326766 0.95090580
1505096741 0.0000000 0.98811239 0.96245432
1505687994 0.0000000 0.98834199 0.96704596
1505917796 0.0000000 0.99131215 0.97495437
1506232185 0.0000000 0.98660743 0.96265060
1506549399 0.0000000 0.98568314 0.96699464
1507505391 0.0000000 0.99160117 0.98008114
1507747520 0.0000000 0.99049228 0.96000445
1508582157 0.0000000 0.97910130 0.93305337
1509318944 0.0000000 0.99144495 0.97922736
1509677295 0.0000000 0.99446446 0.98740774
1509677339 0.0000000 0.99446404 0.98740447
1509752088 0.0000000 0.98835266 0.96764994
1510398879 0.0000000 0.98588663 0.96723980
1510402973 0.0000000 0.98888445 0.96857089
1510440860 0.0000000 0.97176242 0.91355121
1510947032 0.0000000 0.99246943 0.98083305
1511360409 0.0000000 0.99426126 0.98730373
1511470532 0.0000000 0.98927057 0.96751833
1512230735 0.0000000 0.96747708 0.91284168
1512377977 0.0000000 0.99355227 0.98310047
1512704669 0.0000000 0.97977597 0.92375827
1513120660 0.0000000 0.98854744 0.96779990
1516168751 0.0000000 0.95587522 0.84127712
1516984288 0.0000000 0.99269360 0.98187131
1517686257 0.0000000 0.98515701 0.95969003
1517749972 0.0000000 0.99079376 0.97876894
1517752600 0.0000000 0.99304807 0.98340803
1517752662 0.0000000 0.99373555 0.98657107
1517753127 0.0000000 0.98324329 0.94901443
1517753452 0.0000000 0.99394304 0.98276293
1517753522 0.0000000 0.99430555 0.98370945
1517753592 0.0000000 0.99470907 0.98492610
1517753815 0.0000000 0.99472809 0.98480213
1517758427 0.0000000 0.99118346 0.96948367
1517763262 0.0000000 0.98957580 0.97029561
1517821602 0.0000000 0.99378890 0.97915584
1517823894 0.0000000 0.98981351 0.97146142
1517846321 0.0000000 0.99240607 0.97985607
1517852233 0.0000000 0.98562700 0.94134110
1517893754 0.0000000 0.99096769 0.97820252
1517906208 0.0000000 0.99065900 0.97170538
1517932241 0.0000000 0.99324149 0.98464525
1517932280 0.0000000 0.99387294 0.98617947
1517932282 0.0000000 0.99407476 0.98656905
1517932427 0.0000000 0.99088895 0.97952855
1517932434 0.0000000 0.99110734 0.97994041
1517932492 0.0000000 0.99078238 0.97896540
1517933877 0.0000000 0.99071950 0.97529924
1517940013 0.0000000 0.99006176 0.97637933
1517940459 0.0000000 0.98987484 0.97381502
1517944528 0.0000000 0.99409920 0.98772103
1517945796 0.0000000 0.98753697 0.96735638
1517950582 0.0000000 0.99227136 0.98139912
1517958702 0.0000000 0.99567497 0.98841506
1517960631 0.0000000 0.99192464 0.97953397
1517969882 0.0000000 0.99573755 0.98910522
1517974578 0.0000000 0.99120921 0.97939104
1517998787 0.0000000 0.98926932 0.96286696
1518001985 0.0000000 0.99020243 0.97660673
1518008800 0.0000000 0.99261361 0.97947466
1518008880 0.0000000 0.98879975 0.96999621
1518013159 0.0000000 0.99413240 0.98483783
1518016890 0.0000000 0.99579018 0.98531091
1518016916 0.0000000 0.99580961 0.98535830
1518051257 0.0000000 0.98824281 0.97239238
1518059164 0.0000000 0.98854327 0.96242750
1518142443 0.0000000 0.98825711 0.96171904
1518201789 0.0000000 0.99247664 0.98304123
1518248929 0.0000000 0.99089992 0.97298175
1518858396 0.0000000 0.98980606 0.96965444
1518981709 0.0000000 0.98609602 0.95304406
1519051621 0.0000000 0.97632921 0.90722793
1519254641 0.0000000 0.98632592 0.95827252
1519583320 0.0000000 0.98833853 0.97311723
1519962147 0.0000000 0.98262584 0.95538336
1520098551 0.0000000 0.99132770 0.97910160
1520329330 0.0000000 0.97889256 0.93975866
1521024527 0.0000000 0.99142236 0.97720891
1521537776 0.0000000 0.98955989 0.97608584
1521728871 0.0000000 0.98671937 0.96516633
1522232997 0.0000000 0.98357803 0.94998062
1522282670 0.0000000 0.98998654 0.97581148
1522598524 0.0000000 0.98446649 0.96081644
1523432369 0.0000000 0.97978199 0.93568361
1523886539 0.0000000 0.99125928 0.97377378
1524201906 0.0000000 0.97986674 0.92466134
1524248877 0.0000000 0.97763491 0.91528666
1524308214 0.0000000 0.98386592 0.94134009
1524503432 0.0000000 0.98667145 0.96041876
1524721460 0.0000000 0.98989314 0.97505015
1524721601 0.0000000 0.98844218 0.97136790
1524808553 0.0000000 0.98880070 0.97151661
1525218424 0.0000000 0.99178135 0.97703367
1526098666 0.0000000 0.97559041 0.92003840
1527728598 0.0000000 0.99262285 0.98268366
1527904870 0.0000000 0.99049944 0.96437132
1528731725 0.0000000 0.98906904 0.96258634
1528750347 0.0000000 0.99236488 0.97934163
1528856173 0.0000000 0.97204679 0.93099821
1529096035 0.0000000 0.98297137 0.95606750
1529334375 0.0000000 0.96839619 0.90758526
1529522338 0.0000000 0.98977858 0.97256821
1530516370 0.0000000 0.98757637 0.96991384
1530516385 0.0000000 0.98760092 0.96996754
1530609654 0.0000000 0.99417531 0.98593551
1531312909 0.0000000 0.98979664 0.97453511
1531507119 0.0000000 0.99208832 0.98314387
1532050755 0.0000000 0.98867816 0.97048718
1533217098 0.0000000 0.26097220 -0.40511489
1533504622 0.0000000 0.64766413 7.76302218E-02
1533801692 0.0000000 0.57048440 -0.11418939
1534500582 0.0000000 0.46460891 -0.63826513
1534551317 0.0000000 0.35418385 -0.35880363
1535572403 0.0000000 0.98892188 0.94564873
1535660064 0.0000000 0.98995215 0.94688267
1536498994 0.0000000 0.99209571 0.97787577
1536641006 0.0000000 0.99362481 0.97016644
1536700815 0.0000000 0.98078817 0.91173255
1538633849 0.0000000 0.97716075 0.93867993
1538766649 0.0000000 0.97222006 0.93435681
1539072778 0.0000000 0.99614328 0.98839229
1539164591 0.0000000 0.99380225 0.98175353
1540269298 0.0000000 0.99704242 0.99057889
1540310644 0.0000000 0.99769014 0.98988479
1541624711 0.0000000 0.99144715 0.96266055
1541712486 0.0000000 0.98915088 0.95756119
1542328459 0.0000000 0.97568452 0.90599799
1542608341 0.0000000 0.99091899 0.96299064
1542638415 0.0000000 0.98571920 0.93807417
1542645094 0.0000000 0.98781234 0.93785489
1543190243 0.0000000 0.99759847 0.99036968
1543191316 0.0000000 0.98475903 0.95628154
1543236658 0.0000000 0.99225599 0.97373515
1543238642 0.0000000 0.98674899 0.96165013
1543314575 0.0000000 0.99366170 0.97825998
1544368541 0.0000000 0.99434513 0.97266990
1544439487 0.0000000 0.99331331 0.97821301
1544621063 0.0000000 0.99549180 0.97899520
1544908865 0.0000000 0.99269253 0.96363795
1545710204 0.0000000 0.99538219 0.98452914
1546538568 0.0000000 0.99690837 0.99064612
1546949806 0.0000000 0.99604988 0.98119336
1548127166 0.0000000 0.99563098 0.98208588
1548825695 0.0000000 0.99585915 0.98055625
1548861293 0.0000000 0.99696100 0.98886645
1549366351 0.0000000 0.98443621 0.92434943
1549558324 0.0000000 0.99716139 0.98812020
1550239687 0.0000000 0.98944288 0.95514011
1551558867 0.0000000 0.98054129 0.94815123
1552012334 0.0000000 0.99624079 0.98758203
1552127531 0.0000000 0.98070025 0.94394410
1552421955 0.0000000 0.99084514 0.96239519
1552451554 0.0000000 0.99017817 0.95624554
1552511242 0.0000000 0.99578953 0.98593980
1552697151 0.0000000 0.99341565 0.97401887
1552968094 0.0000000 0.98734975 0.93512857
1553256348 0.0000000 0.97458768 0.90323079
1553414210 0.0000000 0.98765242 0.96181297
1554087275 0.0000000 0.99033332 0.95839435
1554172029 0.0000000 0.98783606 0.96464348
1554256375 0.0000000 0.99782747 0.99383152
1554343015 0.0000000 0.99727809 0.98941016
1554382610 0.0000000 0.99126458 0.95706481
1554499495 0.0000000 0.99298942 0.97752571
1554706689 0.0000000 0.99549627 0.98330981
1554822801 0.0000000 0.99721509 0.98578632
1554841453 0.0000000 0.99599731 0.98406303
1554850672 0.0000000 0.99532586 0.97217369
1555563667 0.0000000 0.98644310 0.95127267
1556793883 0.0000000 0.99201071 0.96664548
1556970683 0.0000000 0.97528177 0.93150532
1557330527 0.0000000 0.99425656 0.97579849
1557737721 0.0000000 0.99153686 0.95392728
1558197514 0.0000000 0.99604249 0.98114145
1558379328 0.0000000 0.99117601 0.97397077
1558489044 0.0000000 0.99450833 0.97067553
1558591969 0.0000000 0.99428761 0.97458094
1559317998 0.0000000 0.99530876 0.98478073
1559641578 0.0000000 0.99465561 0.98085082
1559762840 0.0000000 0.99354452 0.96636242
1560870606 0.0000000 0.88725847 0.70207810
1561237205 0.0000000 0.99008340 0.96525639
1561242160 0.0000000 0.99279475 0.97303116
1561825206 0.0000000 0.98155403 0.94142568
1561837452 0.0000000 0.99218076 0.96228296
1562610935 0.0000000 0.99419290 0.97742105
1562880116 0.0000000 0.99531770 0.98268986
1563275550 0.0000000 0.97532433 0.89412373
1563531230 0.0000000 0.99539608 0.98361433
1563768365 0.0000000 0.98530400 0.96367228
1563850922 0.0000000 0.99600983 0.97618639
1564123196 0.0000000 0.99003863 0.94872999
1564190683 0.0000000 0.99723148 0.98734063
1564649429 0.0000000 0.98977554 0.97074658
1564753988 0.0000000 0.99539924 0.98231369
1564784683 0.0000000 0.99625653 0.98806566
1565054388 0.0000000 0.99815476 0.99192441
1565055090 0.0000000 0.99613273 0.98341972
1565213283 0.0000000 0.96543807 0.84044302
1565218942 0.0000000 0.98528332 0.93241435
1565905300 0.0000000 0.99294764 0.96982133
1566053525 0.0000000 0.99446625 0.97714055
1566053530 0.0000000 0.99446917 0.97714680
1566074882 0.0000000 0.99438548 0.98066026
1566101114 0.0000000 0.99545878 0.97983897
1566598377 0.0000000 0.97623068 0.94402921
1566648618 0.0000000 0.99083418 0.97277993
1567237819 0.0000000 0.99397886 0.97339684
1567471650 0.0000000 0.99584860 0.98571420
1567604000 0.0000000 0.98965442 0.95950556
1567917359 0.0000000 0.98652416 0.94762588
1568005668 0.0000000 0.99548632 0.98488981
1568095682 0.0000000 0.99687833 0.98695111
1569863578 0.0000000 0.98608589 0.96228796
1570468626 0.0000000 0.99406314 0.96799338
1571312673 0.0000000 0.99722725 0.98884618
1571861758 0.0000000 0.98142380 0.93371862
1572218883 0.0000000 0.99172980 0.96800572
1573491297 0.0000000 0.99500060 0.98434746
1573495893 0.0000000 0.98628038 0.94992977
1574645562 0.0000000 0.99719518 0.98590523
1575564604 0.0000000 0.98803020 0.96908206
1575660753 0.0000000 0.98298031 0.93917197
1576495557 0.0000000 0.99385250 0.97901469
1577769501 0.0000000 0.99170482 0.97952026
1577819410 0.0000000 0.99676484 0.98664588
1578293635 0.0000000 0.99688822 0.98569292
1578510402 0.0000000 0.99075705 0.96199661
1579404154 0.0000000 0.99314129 0.97768354
1579703564 0.0000000 0.99034417 0.95851386
1580749376 0.0000000 0.99105287 0.96962345
1581076659 0.0000000 0.97740954 0.86940551
1581616159 0.0000000 0.99464792 0.97555947
1581629921 0.0000000 0.99433899 0.98003465
1581764406 0.0000000 0.99823445 0.99176556
1581764700 0.0000000 0.99621373 0.97589326
1581794413 0.0000000 0.99641210 0.98305362
1582090065 0.0000000 0.99774319 0.98971033
1582113307 0.0000000 0.99042916 0.95545882
1582546233 0.0000000 0.99628788 0.98086113
1582592414 0.0000000 0.98849773 0.94535929
1582629242 0.0000000 0.99168921 0.96868342
1582695255 0.0000000 0.99384218 0.96761256
1584677477 0.0000000 0.99264967 0.96484476
1585787701 0.0000000 0.97650623 0.94080383
1586304460 0.0000000 0.97569162 0.89997149
1586389759 0.0000000 0.99538380 0.98010361
1586537097 0.0000000 0.99728769 0.98944640
1586691401 0.0000000 0.99345541 0.96723759
1587481331 0.0000000 0.98473549 0.94003075
1588476280 0.0000000 0.99625134 0.98766667
1589003116 0.0000000 0.98697358 0.93758970
1589548020 0.0000000 0.94642043 0.86313617
1589756010 0.0000000 0.98514003 0.93927985
1589910785 0.0000000 0.98395777 0.96044594
1590311534 0.0000000 0.97228342 0.93182838
1590359490 0.0000000 0.99589854 0.98045617
1590694463 0.0000000 0.99354935 0.97482467
1590843750 0.0000000 0.98869061 0.94826889
1591494563 0.0000000 0.99276847 0.97013366
1591839506 0.0000000 0.98717964 0.94229561
1591921295 0.0000000 0.99242246 0.96468812
1592079539 0.0000000 0.99032772 0.95669508
1592349420 0.0000000 0.98346478 0.91344583
1593214064 0.0000000 0.99741238 0.98873436
1593241888 0.0000000 0.99139559 0.96135658
1593407313 0.0000000 0.98826563 0.94522572
1593435168 0.0000000 0.98603004 0.93381029
1593519432 0.0000000 0.98965919 0.96812844
1594227272 0.0000000 0.99299014 0.97617745
1594265063 0.0000000 0.98843813 0.94119227
1594267923 0.0000000 0.98814791 0.94454384
1594526768 0.0000000 0.99166846 0.97789258
1595767949 0.0000000 0.99546367 0.97991711
1597107665 0.0000000 0.98813349 0.93729484
1597123796 0.0000000 0.98382711 0.95622474
1597187246 0.0000000 0.99049622 0.96208763
1597774608 0.0000000 0.97474289 0.93417150
1597797181 0.0000000 0.99334317 0.97480720
1597806811 0.0000000 0.99283957 0.97489405
1598480108 0.0000000 0.99334085 0.96662056
1598847265 0.0000000 0.97717255 0.93680483
1599036279 0.0000000 0.98555452 0.95040882
1600306672 0.0000000 0.99335176 0.97747958
1600646088 0.0000000 0.99405968 0.98029447
1600833602 0.0000000 0.99278069 0.97390205
1601017581 0.0000000 0.98874092 0.95635170
1601326254 0.0000000 0.99759883 0.99078572
1601342057 0.0000000 0.99689847 0.98917836
1601440640 0.0000000 0.99619836 0.97888148
1601863505 0.0000000 0.99475139 0.98393869
1602517184 0.0000000 0.99069214 0.96338588
1602946993 0.0000000 0.99731743 0.98833549
1602947159 0.0000000 0.99611789 0.98588109
1603087586 0.0000000 0.99491155 0.98118198
1603396062 0.0000000 0.99033213 0.97462362
1603674483 0.0000000 0.98823237 0.93761259
1604358861 0.0000000 0.99454325 0.97349191
1604426346 0.0000000 0.99297231 0.97949493
1604601372 0.0000000 0.99489146 0.97614610
1604626818 0.0000000 0.99597335 0.97838426
1605130406 0.0000000 0.99768138 0.98958963
1605130534 0.0000000 0.99724072 0.98912102
1605266102 0.0000000 0.99501091 0.98313791
1605511152 0.0000000 0.99705893 0.98781770
1605551866 0.0000000 0.99506509 0.98585260
1605557664 0.0000000 0.99350274 0.97918159
1605621503 0.0000000 0.99680942 0.98546356
1605662576 0.0000000 0.98410225 0.94414747
1606582085 0.0000000 0.99167645 0.98008919
1606657334 0.0000000 0.99504560 0.97702450
1607578178 0.0000000 0.99721807 0.98608106
1607606398 0.0000000 0.99623716 0.98536551
1607606851 0.0000000 0.98733598 0.95660967
1607624108 0.0000000 0.99123639 0.95849633
1608317519 0.0000000 0.99152648 0.97757125
1608385359 0.0000000 0.99199718 0.98073924
1609436522 0.0000000 0.98475349 0.92899197
1609594007 0.0000000 0.99444264 0.97705787
1610162996 0.0000000 0.98725408 0.96856052
1610192153 0.0000000 0.99570429 0.97525132
1610249009 0.0000000 0.99292618 0.97135216
1610838659 0.0000000 0.99740744 0.99118811
1611559538 0.0000000 0.99082989 0.96320009
1611565557 0.0000000 0.98951513 0.96865076
1611574763 0.0000000 0.99587071 0.97025466
1611584686 0.0000000 0.97732407 0.94024718
1611818971 0.0000000 0.99576712 0.98398143
