1480377579 0.0000000 0.98934180 0.96086353
1480507474 0.0000000 0.99274260 0.97371012
1481256588 0.0000000 0.98571724 0.94364262
1481811269 0.0000000 0.99149787 0.97699147
1483057851 0.0000000 0.98816580 0.93932849
1483513641 0.0000000 0.98016155 0.90462303
1484155863 0.0000000 0.98883969 0.96194667
1484797338 0.0000000 0.98121679 0.94832003
1484900187 0.0000000 0.96473229 0.88645136
1485329586 0.0000000 0.97587955 0.90910786
1486746772 0.0000000 0.98879284 0.96503979
1487420859 0.0000000 0.98972285 0.96445262
1487652197 0.0000000 0.98012334 0.93422824
1488212310 0.0000000 0.98917168 0.94635028
1488924651 0.0000000 0.98729384 0.92040843
1489967289 0.0000000 0.98812890 0.95065320
1490066029 0.0000000 0.98337531 0.95667946
1490805242 0.0000000 0.98558903 0.95204866
1492112471 0.0000000 0.98561442 0.96565312
1492367656 0.0000000 0.99226445 0.96312720
1493517442 0.0000000 0.99235106 0.96164584
1493960850 0.0000000 0.99065894 0.95962739
1493986611 0.0000000 0.88455164 0.67141628
1494889974 0.0000000 0.99202693 0.97581410
1494932580 0.0000000 0.99278480 0.96857601
1495631454 0.0000000 0.99263662 0.96652675
1495691291 0.0000000 0.99214244 0.96334714
1495956669 0.0000000 0.97760761 0.93076909
1495999757 0.0000000 0.99153614 0.96120244
1496582686 0.0000000 0.99249625 0.95811987
1497967350 0.0000000 0.96299642 0.90724277
1498029939 0.0000000 0.97812831 0.91122717
1500318986 0.0000000 0.98667419 0.92643702
1501139292 0.0000000 0.98540121 0.95247263
1501845585 0.0000000 0.99154800 0.96646398
1502294736 0.0000000 0.98601341 0.94702131
1502416734 0.0000000 0.98544484 0.94825357
1502582915 0.0000000 0.98851132 0.95567966
1504364658 0.0000000 0.98782891 0.94895041
1505096741 0.0000000 0.98177624 0.89507657
1505687994 0.0000000 0.98422891 0.94556600
1505917796 0.0000000 0.98946917 0.96696699
1506232185 0.0000000 0.98615193 0.93869323
1506549399 0.0000000 0.98987246 0.95608723
1507505391 0.0000000 0.99097091 0.96337968
1507747520 0.0000000 0.99038512 0.96829218
1508582157 0.0000000 0.98363888 0.92664695
1509318944 0.0000000 0.98738635 0.95116079
1509677295 0.0000000 0.99060678 0.95749652
1509677339 0.0000000 0.99061197 0.95750397
1509752088 0.0000000 0.99007094 0.96263355
1510398879 0.0000000 0.98959690 0.96066195
1510402973 0.0000000 0.98827642 0.96192902
1510440860 0.0000000 0.98621500 0.93311185
1510947032 0.0000000 0.98830408 0.95047861
1511360409 0.0000000 0.99233878 0.96140903
1511470532 0.0000000 0.98831856 0.95886630
1512230735 0.0000000 0.96984088 0.90451503
1512377977 0.0000000 0.98647147 0.95923722
1512704669 0.0000000 0.97948700 0.89560235
1513120660 0.0000000 0.98924232 0.95326799
1516168751 0.0000000 0.96885538 0.87885106
1516984288 0.0000000 0.99261892 0.97389388
1517686257 0.0000000 0.98836184 0.92525184
1517749972 0.0000000 0.99124002 0.96406621
1517752600 0.0000000 0.99012691 0.95960903
1517752662 0.0000000 0.99051052 0.96702719
1517753127 0.0000000 0.98131275 0.92618728
1517753452 0.0000000 0.98573488 0.95276368
1517753522 0.0000000 0.98598415 0.95422125
1517753592 0.0000000 0.98582959 0.95289326
1517753815 0.0000000 0.98645061 0.93691468
1517758427 0.0000000 0.98620588 0.95603579
1517763262 0.0000000 0.98692214 0.94561172
1517821602 0.0000000 0.98812389 0.95842695
1517823894 0.0000000 0.99000794 0.95088363
1517846321 0.0000000 0.98830736 0.94991922
1517852233 0.0000000 0.98340040 0.93147695
1517893754 0.0000000 0.98945862 0.95268977
1517906208 0.0000000 0.98802012 0.95766193
1517932241 0.0000000 0.99231386 0.96926874
1517932280 0.0000000 0.99237990 0.96887839
1517932282 0.0000000 0.99242908 0.96851921
1517932427 0.0000000 0.99083495 0.96613067
1517932434 0.0000000 0.99059778 0.96421480
1517932492 0.0000000 0.99024940 0.96846426
1517933877 0.0000000 0.98971969 0.95277572
1517940013 0.0000000 0.99176180 0.97335017
1517940459 0.0000000 0.99067265 0.96900725
1517944528 0.0000000 0.99232697 0.97163296
1517945796 0.0000000 0.99260771 0.97338265
1517950582 0.0000000 0.99164003 0.96740371
1517958702 0.0000000 0.98604256 0.94823307
1517960631 0.0000000 0.98963118 0.96533322
1517969882 0.0000000 0.98938525 0.95612484
1517974578 0.0000000 0.99275929 0.96768057
1517998787 0.0000000 0.98887926 0.96345121
1518001985 0.0000000 0.99192894 0.96809196
1518008800 0.0000000 0.98831189 0.95281446
1518008880 0.0000000 0.99133223 0.96455467
1518013159 0.0000000 0.98891926 0.96238959
1518016890 0.0000000 0.98217142 0.95601261
1518016916 0.0000000 0.98217529 0.95610130
1518051257 0.0000000 0.99243242 0.95653117
1518059164 0.0000000 0.98674464 0.94713682
1518142443 0.0000000 0.98712486 0.93235254
1518201789 0.0000000 0.99190980 0.96329790
1518248929 0.0000000 0.98540366 0.94758457
1518858396 0.0000000 0.98775280 0.96545601
1518981709 0.0000000 0.98409212 0.92156643
1519051621 0.0000000 0.96700048 0.85721868
1519254641 0.0000000 0.98835552 0.95899951
1519583320 0.0000000 0.99108481 0.96186596
1519962147 0.0000000 0.98696983 0.95405322
1520098551 0.0000000 0.98943794 0.94098252
1520329330 0.0000000 0.99267387 0.95900857
1521024527 0.0000000 0.98876572 0.95678180
1521537776 0.0000000 0.99313998 0.97461331
1521728871 0.0000000 0.98931378 0.95793015
1522232997 0.0000000 0.98539656 0.93234313
1522282670 0.0000000 0.98950797 0.95498008
1522598524 0.0000000 0.99158818 0.96311426
1523432369 0.0000000 0.98143333 0.92417312
1523886539 0.0000000 0.99001610 0.97033352
1524201906 0.0000000 0.96898353 0.85968101
1524248877 0.0000000 0.98213392 0.93807447
1524308214 0.0000000 0.98406619 0.93229371
1524503432 0.0000000 0.98718935 0.94698030
1524721460 0.0000000 0.98628062 0.95354056
1524721601 0.0000000 0.98368520 0.94846779
1524808553 0.0000000 0.98742431 0.96365643
1525218424 0.0000000 0.98938060 0.96069384
1526098666 0.0000000 0.98655045 0.93078423
1527728598 0.0000000 0.99035507 0.96797752
1527904870 0.0000000 0.98608679 0.95105559
1528731725 0.0000000 0.98834878 0.96083963
1528750347 0.0000000 0.99101752 0.96639830
1528856173 0.0000000 0.97828496 0.93710715
1529096035 0.0000000 0.98102409 0.91434366
1529334375 0.0000000 0.96616489 0.89373243
1529522338 0.0000000 0.98816347 0.95537603
1530516370 0.0000000 0.98813790 0.95542455
1530516385 0.0000000 0.98814070 0.95543236
1530609654 0.0000000 0.98987252 0.97066611
1531312909 0.0000000 0.98918450 0.96747923
1531507119 0.0000000 0.99315047 0.97602773
1532050755 0.0000000 0.99184632 0.97557944
1533217098 0.0000000 0.84920657 0.61007595
1533504622 0.0000000 0.61638713 0.18003237
1533801692 0.0000000 0.69748461 0.40508115
1534500582 0.0000000 0.77482325 0.58426625
1534551317 0.0000000 0.80660015 0.57543981
1535572403 0.0000000 0.98827761 0.93184638
1535660064 0.0000000 0.99216008 0.97063172
1536498994 0.0000000 0.99576479 0.98066211
1536641006 0.0000000 0.99439085 0.96951312
1536700815 0.0000000 0.98463374 0.93426573
1538633849 0.0000000 0.96924770 0.92419130
1538766649 0.0000000 0.98147160 0.95699239
1539072778 0.0000000 0.99774283 0.99066150
1539164591 0.0000000 0.99675649 0.98830169
1540269298 0.0000000 0.99737048 0.99178421
1540310644 0.0000000 0.99791318 0.99295592
1541624711 0.0000000 0.99508584 0.98004586
1541712486 0.0000000 0.98934835 0.96282822
1542328459 0.0000000 0.96124190 0.88318086
1542608341 0.0000000 0.99150276 0.96992093
1542638415 0.0000000 0.98813778 0.94991368
1542645094 0.0000000 0.99048811 0.95988899
1543190243 0.0000000 0.99801183 0.99293929
1543191316 0.0000000 0.98844737 0.96667027
1543236658 0.0000000 0.99548799 0.98421711
1543238642 0.0000000 0.99123418 0.97407788
1543314575 0.0000000 0.99639595 0.98625898
1544368541 0.0000000 0.99537486 0.98096710
1544439487 0.0000000 0.99598372 0.98255444
1544621063 0.0000000 0.99551439 0.98244238
1544908865 0.0000000 0.99805385 0.98430300
1545710204 0.0000000 0.99564230 0.98625135
1546538568 0.0000000 0.99853981 0.99273902
1546949806 0.0000000 0.99713939 0.98810971
1548127166 0.0000000 0.99759352 0.99038523
1548825695 0.0000000 0.99591970 0.98632693
1548861293 0.0000000 0.99754083 0.99139327
1549366351 0.0000000 0.98559207 0.93447602
1549558324 0.0000000 0.99705541 0.98785931
1550239687 0.0000000 0.99307907 0.96521753
1551558867 0.0000000 0.98598534 0.96197921
1552012334 0.0000000 0.99819303 0.99144435
1552127531 0.0000000 0.98411095 0.95754296
1552421955 0.0000000 0.99633867 0.98473865
1552451554 0.0000000 0.99535817 0.97730297
1552511242 0.0000000 0.99695855 0.98789930
1552697151 0.0000000 0.99457258 0.97975618
1552968094 0.0000000 0.98868221 0.95955950
1553256348 0.0000000 0.97256815 0.90709466
1553414210 0.0000000 0.99319309 0.97252560
1554087275 0.0000000 0.99214649 0.96941203
1554172029 0.0000000 0.99190837 0.97734654
1554256375 0.0000000 0.99880558 0.99419159
1554343015 0.0000000 0.99861574 0.99454069
1554382610 0.0000000 0.99528170 0.97948879
1554499495 0.0000000 0.99582797 0.98508263
1554706689 0.0000000 0.99721831 0.98904872
1554822801 0.0000000 0.99650729 0.98805451
1554841453 0.0000000 0.99558890 0.98211145
1554850672 0.0000000 0.99663758 0.98341936
1555563667 0.0000000 0.99628562 0.98744243
1556793883 0.0000000 0.99087417 0.96158290
1556970683 0.0000000 0.98377770 0.95763147
1557330527 0.0000000 0.99745524 0.98400950
1557737721 0.0000000 0.99086922 0.96639878
1558197514 0.0000000 0.99652588 0.98584324
1558379328 0.0000000 0.99092966 0.97518969
1558489044 0.0000000 0.99429595 0.97247279
1558591969 0.0000000 0.99486017 0.97406578
1559317998 0.0000000 0.99778557 0.99074697
1559641578 0.0000000 0.99655223 0.98734790
1559762840 0.0000000 0.99398154 0.97550815
1560870606 0.0000000 0.92011684 0.79922211
1561237205 0.0000000 0.99174643 0.96998894
1561242160 0.0000000 0.99611038 0.98003316
1561825206 0.0000000 0.98706961 0.95059204
1561837452 0.0000000 0.99651498 0.98122758
1562610935 0.0000000 0.99501759 0.98346359
1562880116 0.0000000 0.99657243 0.98793900
1563275550 0.0000000 0.98733699 0.94932425
1563531230 0.0000000 0.99511671 0.98274010
1563768365 0.0000000 0.98815787 0.97131109
1563850922 0.0000000 0.99644566 0.98642242
1564123196 0.0000000 0.99420756 0.97113234
1564190683 0.0000000 0.99766445 0.99174821
1564649429 0.0000000 0.99426979 0.98210841
1564753988 0.0000000 0.99830687 0.99357015
1564784683 0.0000000 0.99872655 0.99389839
1565054388 0.0000000 0.99797702 0.99257112
1565055090 0.0000000 0.99686885 0.98726374
1565213283 0.0000000 0.98300439 0.92384976
1565218942 0.0000000 0.98160750 0.93350148
1565905300 0.0000000 0.99439979 0.97944033
1566053525 0.0000000 0.99632317 0.98531705
1566053530 0.0000000 0.99632335 0.98531723
1566074882 0.0000000 0.99582446 0.98791516
1566101114 0.0000000 0.99831456 0.99203366
1566598377 0.0000000 0.98218715 0.95788956
1566648618 0.0000000 0.99068540 0.97012961
1567237819 0.0000000 0.99475741 0.98062122
1567471650 0.0000000 0.99775004 0.99116093
1567604000 0.0000000 0.99013156 0.96666867
1567917359 0.0000000 0.98676968 0.94461292
1568005668 0.0000000 0.99657404 0.98258126
1568095682 0.0000000 0.99780929 0.99099541
1569863578 0.0000000 0.98936754 0.97316486
1570468626 0.0000000 0.99607265 0.98410022
1571312673 0.0000000 0.99743235 0.98897952
1571861758 0.0000000 0.98559964 0.95652419
1572218883 0.0000000 0.99389666 0.96577674
1573491297 0.0000000 0.99260741 0.97718823
1573495893 0.0000000 0.98933870 0.96330857
1574645562 0.0000000 0.99692512 0.98886073
1575564604 0.0000000 0.98936969 0.97362977
1575660753 0.0000000 0.98411697 0.94614446
1576495557 0.0000000 0.99512219 0.98415095
1577769501 0.0000000 0.99314845 0.98405159
1577819410 0.0000000 0.99763310 0.98774165
1578293635 0.0000000 0.99788100 0.99250913
1578510402 0.0000000 0.99004978 0.95458275
1579404154 0.0000000 0.99707669 0.98978072
1579703564 0.0000000 0.99184775 0.96822542
1580749376 0.0000000 0.99440318 0.97600716
1581076659 0.0000000 0.97885656 0.91903287
1581616159 0.0000000 0.99502629 0.98077524
1581629921 0.0000000 0.99537200 0.98547429
1581764406 0.0000000 0.99704796 0.98985273
1581764700 0.0000000 0.99593210 0.97962415
1581794413 0.0000000 0.99725825 0.99027342
1582090065 0.0000000 0.99704909 0.98820895
1582113307 0.0000000 0.99676102 0.98028225
1582546233 0.0000000 0.99557668 0.98378789
1582592414 0.0000000 0.99197102 0.96843565
1582629242 0.0000000 0.99601150 0.98654199
1582695255 0.0000000 0.99486476 0.97722346
1584677477 0.0000000 0.99229413 0.97196376
1585787701 0.0000000 0.97963154 0.95458257
1586304460 0.0000000 0.97848988 0.92675638
1586389759 0.0000000 0.99609965 0.97907394
1586537097 0.0000000 0.99820966 0.99347174
1586691401 0.0000000 0.99586040 0.98497099
1587481331 0.0000000 0.98764747 0.94289798
1588476280 0.0000000 0.99657947 0.98698276
1589003116 0.0000000 0.98763448 0.95371866
1589548020 0.0000000 0.97278261 0.92425525
1589756010 0.0000000 0.98629075 0.94257718
1589910785 0.0000000 0.98980248 0.97402459
1590311534 0.0000000 0.98001844 0.94578493
1590359490 0.0000000 0.99391520 0.97893929
1590694463 0.0000000 0.99593687 0.98124892
1590843750 0.0000000 0.99055749 0.95601702
1591494563 0.0000000 0.99593234 0.98007172
1591839506 0.0000000 0.99659699 0.97229248
1591921295 0.0000000 0.99529099 0.97732639
1592079539 0.0000000 0.99728560 0.97791398
1592349420 0.0000000 0.98834550 0.94876742
1593214064 0.0000000 0.99850571 0.99283785
1593241888 0.0000000 0.99479920 0.97459823
1593407313 0.0000000 0.98915762 0.95351732
1593435168 0.0000000 0.99108046 0.95740783
1593519432 0.0000000 0.99011266 0.96947658
1594227272 0.0000000 0.99590719 0.98097610
1594265063 0.0000000 0.99133044 0.96213579
1594267923 0.0000000 0.99039382 0.96332937
1594526768 0.0000000 0.99503475 0.97956562
1595767949 0.0000000 0.99681967 0.98317724
1597107665 0.0000000 0.98907244 0.95413184
1597123796 0.0000000 0.98907650 0.97146749
1597187246 0.0000000 0.99359858 0.97308820
1597774608 0.0000000 0.98132849 0.95332253
1597797181 0.0000000 0.99463338 0.98044020
1597806811 0.0000000 0.99681026 0.98649985
1598480108 0.0000000 0.99484700 0.97935909
1598847265 0.0000000 0.98376602 0.95551407
1599036279 0.0000000 0.98994792 0.96419251
1600306672 0.0000000 0.99694473 0.98350346
1600646088 0.0000000 0.99585253 0.98365164
1600833602 0.0000000 0.99462372 0.97697395
1601017581 0.0000000 0.98745811 0.95312870
1601326254 0.0000000 0.99797553 0.99235159
1601342057 0.0000000 0.99688232 0.99008185
1601440640 0.0000000 0.99782467 0.98957676
1601863505 0.0000000 0.99647188 0.98686957
1602517184 0.0000000 0.98624897 0.95680559
1602946993 0.0000000 0.99848074 0.99392861
1602947159 0.0000000 0.99791211 0.99295640
1603087586 0.0000000 0.99473017 0.98193920
1603396062 0.0000000 0.99365389 0.98550826
1603674483 0.0000000 0.98529750 0.94944650
1604358861 0.0000000 0.99462420 0.97795069
1604426346 0.0000000 0.99565572 0.98784351
1604601372 0.0000000 0.99518752 0.97884834
1604626818 0.0000000 0.99793631 0.99095207
1605130406 0.0000000 0.99739343 0.99182314
1605130534 0.0000000 0.99739498 0.99212128
1605266102 0.0000000 0.99567550 0.98709530
1605511152 0.0000000 0.99758130 0.99250901
1605551866 0.0000000 0.99549466 0.98824656
1605557664 0.0000000 0.99522197 0.98528051
1605621503 0.0000000 0.99653035 0.98931396
1605662576 0.0000000 0.98306161 0.93461114
1606582085 0.0000000 0.99384606 0.98566407
1606657334 0.0000000 0.99400866 0.97988498
1607578178 0.0000000 0.99665147 0.98864704
1607606398 0.0000000 0.99588341 0.98304254
1607606851 0.0000000 0.99048579 0.97080445
1607624108 0.0000000 0.98981792 0.96912467
1608317519 0.0000000 0.99391323 0.98525131
1608385359 0.0000000 0.99359119 0.98511600
1609436522 0.0000000 0.99023551 0.95195335
1609594007 0.0000000 0.99656707 0.98537046
1610162996 0.0000000 0.99157840 0.98030120
1610192153 0.0000000 0.99737555 0.98555374
1610249009 0.0000000 0.99654782 0.97975278
1610838659 0.0000000 0.99825776 0.99342430
1611559538 0.0000000 0.99642658 0.98269576
1611565557 0.0000000 0.99334204 0.97841758
1611574763 0.0000000 0.99757624 0.99033886
1611584686 0.0000000 0.98009956 0.95163065
1611818971 0.0000000 0.99744678 0.99060488
