1480377579 0.0000000 0.99312621 0.98470211
1480507474 0.0000000 0.99931270 0.99821317
1481256588 0.0000000 0.99825603 0.99546456
1481811269 0.0000000 0.99968892 0.99899715
1483057851 0.0000000 0.99837023 0.99560314
1483513641 0.0000000 0.99528772 0.98506808
1484155863 0.0000000 0.99736845 0.99364352
1484797338 0.0000000 0.96994394 0.93350089
1484900187 0.0000000 0.99575031 0.98112035
1485329586 0.0000000 0.99641508 0.98749942
1486746772 0.0000000 0.99971497 0.99909127
1487420859 0.0000000 0.99615246 0.99071038
1487652197 0.0000000 0.99033624 0.97922081
1488212310 0.0000000 0.99746084 0.99265695
1488924651 0.0000000 0.99542016 0.98625273
1489967289 0.0000000 0.99737442 0.99339956
1490066029 0.0000000 0.97891533 0.95444703
1490805242 0.0000000 0.99129945 0.98079717
1492112471 0.0000000 0.99925536 0.99802631
1492367656 0.0000000 0.99770224 0.99453443
1493517442 0.0000000 0.99956518 0.99869961
1493960850 0.0000000 0.99695373 0.99277902
1493986611 0.0000000 0.79413402 0.41388553
1494889974 0.0000000 0.99955952 0.99881190
1494932580 0.0000000 0.99946529 0.99852389
1495631454 0.0000000 0.99856591 0.99652189
1495691291 0.0000000 0.99807101 0.99550015
1495956669 0.0000000 0.98238766 0.95716470
1495999757 0.0000000 0.99940908 0.99844772
1496582686 0.0000000 0.99852210 0.99578935
1497967350 0.0000000 0.94870877 0.88962460
1498029939 0.0000000 0.99700534 0.99147296
1500318986 0.0000000 0.99418944 0.98283887
1501139292 0.0000000 0.99212050 0.98245758
1501845585 0.0000000 0.99951357 0.99857450
1502294736 0.0000000 0.99702889 0.99175829
1502416734 0.0000000 0.99872375 0.99696600
1502582915 0.0000000 0.99526411 0.98869908
1504364658 0.0000000 0.99259901 0.98267758
1505096741 0.0000000 0.99716002 0.99162239
1505687994 0.0000000 0.99715090 0.99268031
1505917796 0.0000000 0.99936289 0.99831915
1506232185 0.0000000 0.99740881 0.99338913
1506549399 0.0000000 0.99374771 0.98610687
1507505391 0.0000000 0.99783832 0.99504071
1507747520 0.0000000 0.99845487 0.99643046
1508582157 0.0000000 0.99263716 0.98167902
1509318944 0.0000000 0.99846441 0.99591845
1509677295 0.0000000 0.99957281 0.99875498
1509677339 0.0000000 0.99957424 0.99875432
1509752088 0.0000000 0.99867713 0.99650377
1510398879 0.0000000 0.99783289 0.99480617
1510402973 0.0000000 0.99881101 0.99687678
1510440860 0.0000000 0.99253953 0.97857875
1510947032 0.0000000 0.99863088 0.99619895
1511360409 0.0000000 0.99960786 0.99883270
1511470532 0.0000000 0.99848098 0.99618179
1512230735 0.0000000 0.98823786 0.97063303
1512377977 0.0000000 0.99734044 0.99388582
1512704669 0.0000000 0.99570698 0.98662609
1513120660 0.0000000 0.99805856 0.99479693
1516168751 0.0000000 0.99277228 0.98039335
1516984288 0.0000000 0.99903023 0.99759966
1517686257 0.0000000 0.99801660 0.99402797
1517749972 0.0000000 0.99920821 0.99775034
1517752600 0.0000000 0.99924821 0.99808049
1517752662 0.0000000 0.99957454 0.99875844
1517753127 0.0000000 0.99757504 0.99306285
1517753452 0.0000000 0.99919236 0.99782908
1517753522 0.0000000 0.99932575 0.99819279
1517753592 0.0000000 0.99937516 0.99828136
1517753815 0.0000000 0.99897909 0.99702686
1517758427 0.0000000 0.99848020 0.99613225
1517763262 0.0000000 0.99814624 0.99469501
1517821602 0.0000000 0.99925220 0.99788046
1517823894 0.0000000 0.99828202 0.99586058
1517846321 0.0000000 0.99886018 0.99684143
1517852233 0.0000000 0.99687219 0.99063271
1517893754 0.0000000 0.99896228 0.99722910
1517906208 0.0000000 0.99892050 0.99710357
1517932241 0.0000000 0.99945515 0.99848199
1517932280 0.0000000 0.99951881 0.99866331
1517932282 0.0000000 0.99952072 0.99865079
1517932427 0.0000000 0.99922973 0.99799776
1517932434 0.0000000 0.99920809 0.99794006
1517932492 0.0000000 0.99922293 0.99790305
1517933877 0.0000000 0.99878728 0.99681395
1517940013 0.0000000 0.99943775 0.99849683
1517940459 0.0000000 0.99946260 0.99846309
1517944528 0.0000000 0.99969804 0.99913734
1517945796 0.0000000 0.99933302 0.99819696
1517950582 0.0000000 0.99936503 0.99834549
1517958702 0.0000000 0.99910301 0.99763966
1517960631 0.0000000 0.99926019 0.99800986
1517969882 0.0000000 0.99956542 0.99873316
1517974578 0.0000000 0.99920118 0.99797916
1517998787 0.0000000 0.99874359 0.99703920
1518001985 0.0000000 0.99940294 0.99831337
1518008800 0.0000000 0.99911326 0.99759573
1518008880 0.0000000 0.99859339 0.99638748
1518013159 0.0000000 0.99935025 0.99840993
1518016890 0.0000000 0.99961513 0.99892026
1518016916 0.0000000 0.99961102 0.99891806
1518051257 0.0000000 0.99892950 0.99698758
1518059164 0.0000000 0.99852407 0.99600250
1518142443 0.0000000 0.99816191 0.99427992
1518201789 0.0000000 0.99941260 0.99837959
1518248929 0.0000000 0.99871016 0.99616712
1518858396 0.0000000 0.99362606 0.98600805
1518981709 0.0000000 0.99543411 0.98831666
1519051621 0.0000000 0.99466920 0.98331910
1519254641 0.0000000 0.99780315 0.99450254
1519583320 0.0000000 0.99902028 0.99723029
1519962147 0.0000000 0.99759859 0.99227989
1520098551 0.0000000 0.99885184 0.99681729
1520329330 0.0000000 0.99792200 0.99481881
1521024527 0.0000000 0.99927950 0.99795920
1521537776 0.0000000 0.99944305 0.99851370
1521728871 0.0000000 0.99725568 0.99372756
1522232997 0.0000000 0.99681401 0.99082112
1522282670 0.0000000 0.99833614 0.99582517
1522598524 0.0000000 0.99590135 0.99090469
1523432369 0.0000000 0.98897052 0.97506052
1523886539 0.0000000 0.99849272 0.99654543
1524201906 0.0000000 0.99449742 0.98092419
1524248877 0.0000000 0.98879182 0.97251737
1524308214 0.0000000 0.99312651 0.98186970
1524503432 0.0000000 0.99826992 0.99415672
1524721460 0.0000000 0.99235088 0.98321128
1524721601 0.0000000 0.98581427 0.96917808
1524808553 0.0000000 0.99377429 0.98662531
1525218424 0.0000000 0.99869192 0.99679810
1526098666 0.0000000 0.99633896 0.98828721
1527728598 0.0000000 0.99864453 0.99693829
1527904870 0.0000000 0.99815363 0.99551082
1528731725 0.0000000 0.99865901 0.99679744
1528750347 0.0000000 0.99917656 0.99796712
1528856173 0.0000000 0.96710998 0.92615753
1529096035 0.0000000 0.99716043 0.99137515
1529334375 0.0000000 0.98810536 0.96844304
1529522338 0.0000000 0.99863958 0.99623567
1530516370 0.0000000 0.99704999 0.99306136
1530516385 0.0000000 0.99705303 0.99307030
1530609654 0.0000000 0.99933219 0.99831897
1531312909 0.0000000 0.99257165 0.98412365
1531507119 0.0000000 0.99865299 0.99688065
1532050755 0.0000000 0.99609578 0.99132043
1533217098 0.0000000 0.99884319 0.99716085
1533504622 0.0000000 0.99324125 0.98110372
1533801692 0.0000000 0.97193849 0.94008690
1534500582 0.0000000 0.99857855 0.99636388
1534551317 0.0000000 0.99942666 0.99843913
1535572403 0.0000000 0.99518621 0.98835862
1535660064 0.0000000 0.99570590 0.98863047
1536498994 0.0000000 0.99859518 0.99654853
1536641006 0.0000000 0.99830019 0.99566245
1536700815 0.0000000 0.99554342 0.98405498
1538633849 0.0000000 0.95216668 0.89001417
1538766649 0.0000000 0.93882608 0.86464417
1539072778 0.0000000 0.99845153 0.99651223
1539164591 0.0000000 0.99895108 0.99725467
1540269298 0.0000000 0.99952751 0.99842215
1540310644 0.0000000 0.99969655 0.99901152
1541624711 0.0000000 0.99752480 0.99316972
1541712486 0.0000000 0.99739319 0.99013782
1542328459 0.0000000 0.99533212 0.98079908
1542608341 0.0000000 0.99795812 0.99222952
1542638415 0.0000000 0.99710071 0.99110687
1542645094 0.0000000 0.99664378 0.98810005
1543190243 0.0000000 0.99984360 0.99942452
1543191316 0.0000000 0.98192209 0.96094233
1543236658 0.0000000 0.99559671 0.99027145
1543238642 0.0000000 0.98455155 0.96648908
1543314575 0.0000000 0.99484384 0.98911017
1544368541 0.0000000 0.99830598 0.99552578
1544439487 0.0000000 0.99643892 0.99230963
1544621063 0.0000000 0.99923939 0.99795443
1544908865 0.0000000 0.99928421 0.99797362
1545710204 0.0000000 0.99607939 0.99165010
1546538568 0.0000000 0.99964309 0.99900275
1546949806 0.0000000 0.99894357 0.99739736
1548127166 0.0000000 0.99842483 0.99613231
1548825695 0.0000000 0.99912870 0.99750894
1548861293 0.0000000 0.99897176 0.99762195
1549366351 0.0000000 0.99694860 0.99172688
1549558324 0.0000000 0.99913311 0.99782956
1550239687 0.0000000 0.99770927 0.99296278
1551558867 0.0000000 0.95080113 0.89418334
1552012334 0.0000000 0.99950230 0.99871027
1552127531 0.0000000 0.98018688 0.95639896
1552421955 0.0000000 0.99917740 0.99812847
1552451554 0.0000000 0.99770498 0.99400610
1552511242 0.0000000 0.99879658 0.99722075
1552697151 0.0000000 0.99674201 0.99267930
1552968094 0.0000000 0.99696928 0.99066454
1553256348 0.0000000 0.99694669 0.98785710
1553414210 0.0000000 0.99709833 0.99244308
1554087275 0.0000000 0.99782622 0.99421072
1554172029 0.0000000 0.98498511 0.96773922
1554256375 0.0000000 0.99993312 0.99969864
1554343015 0.0000000 0.99985534 0.99950838
1554382610 0.0000000 0.99785835 0.99404824
1554499495 0.0000000 0.99397534 0.98694474
1554706689 0.0000000 0.99783260 0.99522448
1554822801 0.0000000 0.99952126 0.99871987
1554841453 0.0000000 0.99933797 0.99830139
1554850672 0.0000000 0.99909371 0.99767387
1555563667 0.0000000 0.99964279 0.99896109
1556793883 0.0000000 0.99862063 0.99526554
1556970683 0.0000000 0.97356391 0.94058400
1557330527 0.0000000 0.99868798 0.99619508
1557737721 0.0000000 0.99725354 0.99258763
1558197514 0.0000000 0.99907184 0.99762255
1558379328 0.0000000 0.99095219 0.97970247
1558489044 0.0000000 0.99835712 0.99563122
1558591969 0.0000000 0.99833065 0.99570465
1559317998 0.0000000 0.99883628 0.99729133
1559641578 0.0000000 0.99930805 0.99820179
1559762840 0.0000000 0.99767160 0.99389488
1560870606 0.0000000 0.82601273 0.52988553
1561237205 0.0000000 0.99727881 0.99148124
1561242160 0.0000000 0.99808151 0.99458617
1561825206 0.0000000 0.99596530 0.98977655
1561837452 0.0000000 0.99891353 0.99679816
1562610935 0.0000000 0.99861020 0.99611402
1562880116 0.0000000 0.99905396 0.99748605
1563275550 0.0000000 0.99476284 0.98369557
1563531230 0.0000000 0.99748248 0.99420708
1563768365 0.0000000 0.97377789 0.94489479
1563850922 0.0000000 0.99738616 0.99440879
1564123196 0.0000000 0.99696511 0.99225116
1564190683 0.0000000 0.99957746 0.99888259
1564649429 0.0000000 0.98902410 0.97664130
1564753988 0.0000000 0.99924177 0.99803782
1564784683 0.0000000 0.99951750 0.99878705
1565054388 0.0000000 0.99976212 0.99926555
1565055090 0.0000000 0.99910533 0.99772847
1565213283 0.0000000 0.96043414 0.91646749
1565218942 0.0000000 0.99731374 0.99093580
1565905300 0.0000000 0.99749786 0.99367630
1566053525 0.0000000 0.99838120 0.99617940
1566053530 0.0000000 0.99839562 0.99620950
1566074882 0.0000000 0.99411595 0.98755598
1566101114 0.0000000 0.99951953 0.99861616
1566598377 0.0000000 0.95229274 0.89338768
1566648618 0.0000000 0.98390627 0.96541309
1567237819 0.0000000 0.99653012 0.99245727
1567471650 0.0000000 0.99816793 0.99436682
1567604000 0.0000000 0.99719405 0.99408418
1567917359 0.0000000 0.99754322 0.99313647
1568005668 0.0000000 0.99394023 0.98545516
1568095682 0.0000000 0.99938262 0.99437124
1569863578 0.0000000 0.97105682 0.94273716
1570468626 0.0000000 0.99890387 0.99415523
1571312673 0.0000000 0.99958581 0.99289060
1571861758 0.0000000 0.93819815 0.87850118
1572218883 0.0000000 0.99759179 0.99168932
1573491297 0.0000000 0.97221047 0.94313043
1573495893 0.0000000 0.99212509 0.98103565
1574645562 0.0000000 0.99904394 0.99100959
1575564604 0.0000000 0.96090943 0.92323983
1575660753 0.0000000 0.99374163 0.98665130
1576495557 0.0000000 0.99905014 0.99051189
1577769501 0.0000000 0.94502455 0.89305699
1577819410 0.0000000 0.99918526 0.99007303
1578293635 0.0000000 0.99756008 0.98751312
1578510402 0.0000000 0.99525821 0.98787081
1579404154 0.0000000 0.98203748 0.96144110
1579703564 0.0000000 0.99726474 0.99168593
1580749376 0.0000000 0.99851155 0.99127841
1581076659 0.0000000 0.99463099 0.98849875
1581616159 0.0000000 0.99862283 0.99161118
1581629921 0.0000000 0.98861766 0.97338545
1581764406 0.0000000 0.99974889 0.99164224
1581764700 0.0000000 0.99883473 0.99101764
1581794413 0.0000000 0.99916369 0.99133837
1582090065 0.0000000 0.99934661 0.99099267
1582113307 0.0000000 0.99638885 0.98772180
1582546233 0.0000000 0.99509346 0.98500061
1582592414 0.0000000 0.99593341 0.99053526
1582629242 0.0000000 0.99902445 0.99209988
1582695255 0.0000000 0.99777180 0.99093437
1584677477 0.0000000 0.99719310 0.99214762
1585787701 0.0000000 0.85586292 0.68329191
1586304460 0.0000000 0.99284452 0.98540455
1586389759 0.0000000 0.99899763 0.99129236
1586537097 0.0000000 0.99908030 0.99072349
1586691401 0.0000000 0.99844164 0.99227053
1587481331 0.0000000 0.99613041 0.98872441
1588476280 0.0000000 0.99933976 0.99178201
1589003116 0.0000000 0.98082340 0.96182513
1589548020 0.0000000 0.78674531 0.47791016
1589756010 0.0000000 0.99255574 0.98344576
1589910785 0.0000000 0.91395360 0.82322156
1590311534 0.0000000 0.82763875 0.59929359
1590359490 0.0000000 0.99861139 0.99185687
1590694463 0.0000000 0.99608046 0.98701078
1590843750 0.0000000 0.99708980 0.99134231
1591494563 0.0000000 0.99859196 0.99204212
1591839506 0.0000000 0.99770337 0.99247271
1591921295 0.0000000 0.99662584 0.98854887
1592079539 0.0000000 0.99765295 0.99168301
1592349420 0.0000000 0.99538821 0.98866558
1593214064 0.0000000 0.99915266 0.99197847
1593241888 0.0000000 0.99755549 0.99278748
1593407313 0.0000000 0.99654377 0.99130160
1593435168 0.0000000 0.99691206 0.99220788
1593519432 0.0000000 0.98199296 0.96305603
1594227272 0.0000000 0.99681872 0.99268067
1594265063 0.0000000 0.99681789 0.99132180
1594267923 0.0000000 0.99702948 0.99169254
1594526768 0.0000000 0.99602628 0.99089539
1595767949 0.0000000 0.99895328 0.99724573
1597107665 0.0000000 0.99600601 0.98812872
1597123796 0.0000000 0.97578543 0.94934821
1597187246 0.0000000 0.99744487 0.99282932
1597774608 0.0000000 0.96317077 0.91964412
1597797181 0.0000000 0.99334919 0.98605239
1597806811 0.0000000 0.99684048 0.99285543
1598480108 0.0000000 0.99851680 0.99570125
1598847265 0.0000000 0.96935159 0.93292308
1599036279 0.0000000 0.99400544 0.98496944
1600306672 0.0000000 0.99806648 0.99537557
1600646088 0.0000000 0.99582165 0.99062240
1600833602 0.0000000 0.99751127 0.99373019
1601017581 0.0000000 0.99583232 0.98874146
1601326254 0.0000000 0.99970716 0.99919599
1601342057 0.0000000 0.99838799 0.99629962
1601440640 0.0000000 0.99929881 0.99798959
1601863505 0.0000000 0.99757963 0.99436212
1602517184 0.0000000 0.99874234 0.99624908
1602946993 0.0000000 0.99973637 0.99918997
1602947159 0.0000000 0.99840510 0.99635369
1603087586 0.0000000 0.99047071 0.97907299
1603396062 0.0000000 0.98486358 0.96863753
1603674483 0.0000000 0.99672544 0.98922908
1604358861 0.0000000 0.99852628 0.99584085
1604426346 0.0000000 0.99365890 0.98636127
1604601372 0.0000000 0.99857432 0.99612564
1604626818 0.0000000 0.99899596 0.99765456
1605130406 0.0000000 0.99905264 0.99768698
1605130534 0.0000000 0.99788773 0.99539858
1605266102 0.0000000 0.99497515 0.98920673
1605511152 0.0000000 0.99861592 0.99659860
1605551866 0.0000000 0.99328101 0.98516333
1605557664 0.0000000 0.99359298 0.98609221
1605621503 0.0000000 0.99777019 0.99489188
1605662576 0.0000000 0.99224025 0.97587848
1606582085 0.0000000 0.98711944 0.97266996
1606657334 0.0000000 0.99870247 0.99656123
1607578178 0.0000000 0.99939603 0.99848413
1607606398 0.0000000 0.99893814 0.99720424
1607606851 0.0000000 0.99536967 0.98591447
1607624108 0.0000000 0.99703914 0.99138492
1608317519 0.0000000 0.98856735 0.97594517
1608385359 0.0000000 0.98511618 0.96897662
1609436522 0.0000000 0.99639714 0.98857337
1609594007 0.0000000 0.99884820 0.99700546
1610162996 0.0000000 0.98254120 0.96033627
1610192153 0.0000000 0.99898285 0.99700570
1610249009 0.0000000 0.99858582 0.99643821
1610838659 0.0000000 0.99960458 0.99881244
1611559538 0.0000000 0.99860948 0.99589896
1611565557 0.0000000 0.99748814 0.99338090
1611574763 0.0000000 0.99889898 0.99682307
1611584686 0.0000000 0.94883442 0.88418317
1611818971 0.0000000 0.99863094 0.99682331
