1125373372 0.0000000 0.99782515 0.99562669
1125685516 0.0000000 0.99961829 0.99913663
1125969360 0.0000000 0.99988544 0.99965161
1127055473 0.0000000 0.99950862 0.99896073
1127456637 0.0000000 0.99980724 0.99954116
1127471662 0.0000000 0.99965936 0.99921650
1127494190 0.0000000 0.99988341 0.99968851
1127760620 0.0000000 0.99990016 0.99972320
1128153007 0.0000000 0.99966794 0.99927491
1128174696 0.0000000 0.99980026 0.99954492
1128475640 0.0000000 0.99938583 0.99867415
1128528995 0.0000000 0.99985236 0.99959427
1128891916 0.0000000 0.99306178 0.98596847
1128923244 0.0000000 0.99968588 0.99932331
1129069430 0.0000000 0.98422921 0.96812946
1129155495 0.0000000 0.99775016 0.99550104
1129246313 0.0000000 0.99798298 0.99594456
1129324370 0.0000000 0.99986947 0.99964654
1129391464 0.0000000 0.99987274 0.99969441
1129907016 0.0000000 0.99442732 0.98884451
1130249327 0.0000000 0.99967539 0.99925649
1131428965 0.0000000 0.99987036 0.99967450
1131431840 0.0000000 0.99972367 0.99933815
1132062095 0.0000000 0.99985009 0.99960113
1132132485 0.0000000 0.99967486 0.99926931
1132148341 0.0000000 0.99986386 0.99964106
1132166999 0.0000000 0.99966329 0.99924529
1132661855 0.0000000 0.99961340 0.99920613
1132975230 0.0000000 0.99989098 0.99972028
1133111580 0.0000000 0.99956357 0.99909866
1133304109 0.0000000 0.99983752 0.99961632
1133601723 0.0000000 0.99960911 0.99915636
1133908462 0.0000000 0.99978745 0.99951953
1134710133 0.0000000 0.99978721 0.99951011
1135808248 0.0000000 0.99989796 0.99974459
1135976852 0.0000000 0.99977994 0.99949455
1136739698 0.0000000 0.99987864 0.99969602
1137913657 0.0000000 0.99988860 0.99971110
1137989937 0.0000000 0.99984789 0.99962032
1137990003 0.0000000 0.99976426 0.99947184
1138288259 0.0000000 0.99974269 0.99937779
1139284609 0.0000000 0.96968669 0.93740308
1139326915 0.0000000 0.99966145 0.99927288
1140725945 0.0000000 0.99978197 0.99946761
1140746150 0.0000000 0.99992329 0.99975765
1141877248 0.0000000 0.99968010 0.99931806
1142029462 0.0000000 0.99951720 0.99898386
1142229311 0.0000000 0.99990708 0.99974674
1142709582 0.0000000 0.99958122 0.99908656
1143536168 0.0000000 0.99984109 0.99963403
1143616861 0.0000000 0.99963635 0.99919456
1143885739 0.0000000 0.99997306 0.99988270
1143885924 0.0000000 0.99988621 0.99972290
1143888020 0.0000000 0.99989885 0.99975252
1144129163 0.0000000 0.99970913 0.99934703
1144133312 0.0000000 0.99973780 0.99939448
1144179006 0.0000000 0.99988568 0.99974853
1144806135 -34.000000 5.78016490E-02 -26913268.
1145140855 -142.80000 5.48143350E-02 -3.35422239E+10
1145323561 -150.20000 5.14463484E-02 -61370692.
1146215126 0.0000000 0.99992675 0.99984676
1146944291 0.0000000 0.78384018 0.38663793
1146966782 0.0000000 0.99992496 0.99985212
1147258751 0.0000000 0.99992383 0.99983519
1149411961 0.0000000 0.99994040 0.99987757
1149638545 0.0000000 0.99982905 0.99964154
1149771133 0.0000000 0.99888748 0.99776316
1151387381 0.0000000 0.99972028 0.99942482
1154072410 0.0000000 0.99994588 0.99987662
1155212722 0.0000000 0.99989879 0.99978650
1156044082 0.0000000 0.99672252 0.99335253
1156698676 0.0000000 0.99995005 0.99989849
1158266854 0.0000000 0.99981970 0.99961609
1159598968 0.0000000 0.99993336 0.99986166
1159684577 0.0000000 0.99995369 0.99990153
1160388105 0.0000000 0.99996597 0.99992812
1160392104 0.0000000 0.99996829 0.99993497
1160549032 0.0000000 0.99968147 0.99936652
1160664389 0.0000000 0.99996853 0.99992818
1163299258 0.0000000 0.99992710 0.99984550
1163456967 0.0000000 0.99994111 0.99987334
1163641819 0.0000000 0.99993670 0.99986053
1164570370 0.0000000 0.99992073 0.99983191
1165358160 0.0000000 0.99993908 0.99987304
1165368969 0.0000000 0.99990398 0.99979407
1166094636 0.0000000 0.99994087 0.99985844
1166561075 0.0000000 0.99995404 0.99990952
1166894907 0.0000000 0.99997526 0.99995059
1167121204 0.0000000 0.99990910 0.99980581
1167135981 0.0000000 0.99997181 0.99993873
1167136317 0.0000000 0.99996614 0.99992442
1167136455 0.0000000 0.99996626 0.99992448
1167136825 0.0000000 0.99985754 0.99971241
1167144800 0.0000000 0.99972075 0.99942738
1167147704 0.0000000 0.99994254 0.99988192
1167154513 0.0000000 0.99989885 0.99978608
1167186639 0.0000000 0.99996156 0.99991888
1167298740 0.0000000 0.99853003 0.99704885
1167318376 0.0000000 0.93684989 0.86078876
1167324678 0.0000000 0.99889225 0.99777502
1167592780 0.0000000 0.99606860 0.99212372
1167604646 0.0000000 0.99989939 0.99977750
1168792515 0.0000000 0.99980283 0.99959254
1168917035 0.0000000 0.99994528 0.99988276
1169006425 0.0000000 0.99993837 0.99987006
1169712716 0.0000000 0.99718910 0.99436700
1169722755 0.0000000 0.99997658 0.99995136
1170262059 0.0000000 0.99884582 0.99768090
1170524118 0.0000000 0.99935484 0.99871165
1171366614 0.0000000 0.99941766 0.99882531
1171423577 0.0000000 0.99986541 0.99972087
1171423831 0.0000000 0.99988705 0.99976063
1171832699 0.0000000 0.99992812 0.99985409
1172178017 0.0000000 0.99993652 0.99986899
1173308237 0.0000000 0.99993616 0.99986547
1173368256 0.0000000 0.99990940 0.99980944
1174197233 0.0000000 0.99896294 0.99791914
1175309106 0.0000000 0.99981892 0.99961686
1175583473 0.0000000 0.99977922 0.99953282
1176242685 0.0000000 0.99966455 0.99930334
1177115546 0.0000000 0.99990976 0.99981803
1177175308 0.0000000 0.99933773 0.99866873
1178992210 0.0000000 0.99993616 0.99986315
1180238725 0.0000000 0.99761915 0.99520439
1180618796 0.0000000 0.99917662 0.99834436
1181939353 0.0000000 0.99992865 0.99984515
1182196765 0.0000000 0.99949265 0.99895197
1182265663 0.0000000 0.99901938 0.99801213
1182396227 0.0000000 0.99990731 0.99981070
1182398897 0.0000000 0.99993855 0.99987435
1184629372 0.0000000 0.99994886 0.99989659
1185198002 0.0000000 0.99397314 0.98797941
1185799546 0.0000000 0.99727464 0.99451220
1185861072 0.0000000 0.99988610 0.99975508
1186620947 0.0000000 0.99997312 0.99993908
1186786330 0.0000000 0.99989611 0.99977499
1188350129 0.0000000 0.99984097 0.99967664
1188356416 0.0000000 0.99995470 0.99990696
1188908193 0.0000000 0.99995065 0.99989504
1188950111 0.0000000 0.99723929 0.99446791
1189101086 0.0000000 0.96305597 0.92531532
1189101321 0.0000000 0.99993551 0.99985939
1189194674 0.0000000 0.99980962 0.99959743
1190442424 0.0000000 0.99995482 0.99990505
1191742755 0.0000000 0.99988657 0.99976319
1192071901 0.0000000 0.99996328 0.99992836
1192632000 0.0000000 0.99995363 0.99990678
1193967194 0.0000000 0.99913299 0.99825901
1194476053 0.0000000 0.99993253 0.99985039
1196283913 0.0000000 0.99996728 0.99993402
1196818902 0.0000000 0.99996328 0.99992383
1196950527 0.0000000 0.99991900 0.99983060
1197715613 0.0000000 0.99953312 0.99905485
1198522115 0.0000000 0.99994540 0.99988943
1200543890 0.0000000 0.88166547 0.71094656
1200856359 0.0000000 0.99897575 0.99793720
1201442068 0.0000000 0.99968505 0.99935436
1203280382 0.0000000 0.99996984 0.99993259
1203409866 0.0000000 0.99906135 0.99811655
1203790455 0.0000000 0.99987227 0.99972457
1204138448 0.0000000 0.99995869 0.99990785
1204304285 0.0000000 0.99996656 0.99991155
1204490434 0.0000000 0.99730974 0.99460554
1204651907 0.0000000 0.99994940 0.99990326
1204651936 0.0000000 0.99994791 0.99990201
1204670552 0.0000000 0.99926871 0.99853027
1207186072 0.0000000 0.99960327 0.99917507
1208187584 0.0000000 0.99996310 0.99991626
1208931881 0.0000000 0.99995232 0.99990046
1208975321 0.0000000 0.99997586 0.99994010
1208982088 0.0000000 0.99983257 0.99965578
1208988255 0.0000000 0.99995142 0.99989599
1208988552 0.0000000 0.99989730 0.99978602
1209105937 0.0000000 0.99960423 0.99920046
1209216223 0.0000000 0.99329710 0.98627228
1209291757 0.0000000 0.99897635 0.99795395
1209339084 0.0000000 0.99995130 0.99989402
1209362380 0.0000000 0.99980062 0.99960172
1209543825 0.0000000 0.99919605 0.99836797
1209563099 0.0000000 0.99976724 0.99951732
1209583346 0.0000000 0.99841106 0.99682254
1209820628 0.0000000 0.99988079 0.99975276
1209877317 0.0000000 0.99981678 0.99959606
1210448520 0.0000000 0.99995720 0.99991918
1210560189 0.0000000 0.99952441 0.99904138
1210633064 0.0000000 0.99993217 0.99984843
1210703275 0.0000000 0.99996334 0.99991894
1212285435 0.0000000 0.99998617 0.99996471
1212339563 0.0000000 0.99996537 0.99992591
1213107823 0.0000000 0.99857861 0.99715376
1213158817 0.0000000 0.99973929 0.99947792
1213486164 0.0000000 0.99995112 0.99988538
1214086760 0.0000000 0.99967152 0.99931729
1214128508 0.0000000 0.99988276 0.99974775
1214211456 0.0000000 0.95920116 0.91498452
1214561217 0.0000000 0.99819064 0.99637210
1215221786 0.0000000 0.99714750 0.99429238
1215745668 0.0000000 0.99992418 0.99983495
1215812106 0.0000000 0.99991035 0.99981171
1215812707 0.0000000 0.99948400 0.99895567
1215839910 0.0000000 0.99993211 0.99987084
1215843106 0.0000000 0.99992836 0.99985361
1215961116 0.0000000 0.99996620 0.99992174
1216126809 0.0000000 0.99873573 0.99746203
1216904067 0.0000000 0.99985725 0.99970239
1217616949 0.0000000 0.94105881 0.88143289
1218233114 0.0000000 0.99995750 0.99990612
1218994676 0.0000000 0.99994904 0.99988502
1219291482 0.0000000 0.99936634 0.99870104
1219301591 0.0000000 0.99987400 0.99974996
1219869253 0.0000000 0.99986887 0.99972820
1220179542 0.0000000 0.99977624 0.99954653
1220742036 0.0000000 0.99994594 0.99988681
1220946193 0.0000000 0.99995387 0.99990845
1221047734 0.0000000 0.99984109 0.99967688
1222614737 0.0000000 0.99987417 0.99973953
1225404477 0.0000000 0.99982417 0.99963075
1225442295 0.0000000 0.99980938 0.99960619
1228187814 0.0000000 0.99996454 0.99992734
1228684717 0.0000000 0.99996591 0.99992615
1229260451 0.0000000 0.99958754 0.99915200
1229658996 0.0000000 0.98993295 0.97960985
1229990683 0.0000000 0.99996561 0.99992502
1230216280 0.0000000 0.99982381 0.99962986
1230600687 0.0000000 0.99994922 0.99989480
1230860391 0.0000000 0.99928224 0.99853766
1231020274 0.0000000 0.99997127 0.99993801
1231041233 0.0000000 0.99990416 0.99979156
1232714291 0.0000000 0.99996024 0.99989569
1232804891 0.0000000 0.99996042 0.99989039
1233928332 0.0000000 0.99993634 0.99985015
1234166319 0.0000000 0.99837118 0.99663037
1234201315 0.0000000 0.99858129 0.99712187
1234214675 0.0000000 0.99997109 0.99992216
1236731039 0.0000000 0.99988186 0.99973989
1236854628 0.0000000 0.99986148 0.99969500
1237014105 0.0000000 0.99995422 0.99986285
1237159221 0.0000000 0.99995530 0.99988002
1237164701 0.0000000 0.99996567 0.99990124
1237551366 0.0000000 0.99990386 0.99976999
1237619839 0.0000000 0.99986356 0.99964374
1239235949 0.0000000 0.99993920 0.99982899
1239971868 0.0000000 0.99992687 0.99973375
1240678955 0.0000000 0.99992317 0.99979693
1242397863 0.0000000 0.99994642 0.99987334
1242709695 0.0000000 0.99993086 0.99980897
1243376855 0.0000000 0.99995768 0.99988604
1244248765 0.0000000 0.99988729 0.99970871
1245087845 0.0000000 0.99990612 0.99973953
1245407408 0.0000000 0.99994028 0.99985796
1245469469 0.0000000 0.99995583 0.99989724
1245877793 0.0000000 0.99995863 0.99989963
1245881452 0.0000000 0.99993664 0.99985397
1246167876 0.0000000 0.99995685 0.99988925
1246181696 0.0000000 0.99994230 0.99985886
1246182765 0.0000000 0.99992603 0.99976957
1246208530 0.0000000 0.99994177 0.99985319
1246208539 0.0000000 0.99994212 0.99985313
1246598451 0.0000000 0.99995512 0.99989116
1246598488 0.0000000 0.99995667 0.99989080
1246614635 0.0000000 0.99995244 0.99988484
1246985947 0.0000000 0.99994510 0.99987072
1247508302 0.0000000 0.99994630 0.99988806
1247516932 0.0000000 0.99995410 0.99990016
1247654255 0.0000000 0.99994552 0.99985200
1247741293 0.0000000 0.99996269 0.99990487
1247769767 0.0000000 0.99996269 0.99990064
1248159491 0.0000000 0.99995321 0.99988437
1248570012 0.0000000 0.99996442 0.99990314
1248588659 0.0000000 0.99996716 0.99992466
1248872986 0.0000000 0.99995363 0.99987924
1248886386 0.0000000 0.99995840 0.99989057
1249212887 0.0000000 0.99993926 0.99982131
1250467545 0.0000000 0.99996060 0.99990994
1250503855 0.0000000 0.99996781 0.99991983
1250504106 0.0000000 0.99995631 0.99989504
1250601456 0.0000000 0.99995339 0.99988210
1250639275 0.0000000 0.99994218 0.99986017
1250703707 0.0000000 0.99987364 0.99969447
1250777890 0.0000000 0.99995786 0.99989098
1250888264 0.0000000 0.99996978 0.99992841
1250911490 0.0000000 0.99983126 0.99959010
1252249816 0.0000000 0.99956101 0.99910027
1252757125 0.0000000 0.99995434 0.99989468
1254591366 0.0000000 0.99995345 0.99986279
1254664936 0.0000000 0.99995911 0.99987876
1255243328 0.0000000 0.99994195 0.99986959
1256244384 0.0000000 0.99995482 0.99986565
1256252705 0.0000000 0.99996632 0.99991047
1256431794 0.0000000 0.99987352 0.99969381
1257413577 0.0000000 0.91479260 0.76437867
1257413887 0.0000000 0.99989104 0.99972910
1257420861 0.0000000 0.99756646 0.99496633
1257678569 0.0000000 0.99995011 0.99985701
1258065617 0.0000000 0.99994302 0.99986011
1258296469 0.0000000 0.99996978 0.99990702
1258824471 0.0000000 0.99993563 0.99982440
1258926370 0.0000000 0.99997973 0.99991775
1260564405 0.0000000 0.99995911 0.99989229
1260692005 0.0000000 0.99995655 0.99988627
1261227736 0.0000000 0.87083018 0.68465197
1261227864 0.0000000 0.99997354 0.99993002
1261228557 0.0000000 0.99992996 0.99982548
1261232031 0.0000000 0.99994671 0.99984646
1261235533 0.0000000 0.99993664 0.99984294
1261275144 0.0000000 0.99996144 0.99990034
1261713375 0.0000000 0.99993044 0.99983531
1261922241 0.0000000 0.99996406 0.99989104
1262034644 0.0000000 0.99995363 0.99986589
1262237921 0.0000000 0.99995381 0.99987257
1262343689 0.0000000 0.99991304 0.99978006
1262367286 0.0000000 0.99996263 0.99989271
1262622742 0.0000000 0.99670845 0.99323124
1262633257 0.0000000 0.99994588 0.99986142
1263881366 0.0000000 0.99995965 0.99988794
1265523000 0.0000000 0.99996424 0.99989718
1265599504 0.0000000 0.99993563 0.99980217
1265691729 0.0000000 0.99993759 0.99985027
1265942558 0.0000000 0.99992061 0.99976778
1266289887 0.0000000 0.99995857 0.99990571
1266816064 0.0000000 0.99997401 0.99992841
1267146477 0.0000000 0.99995518 0.99985260
1267162697 0.0000000 0.99993724 0.99982792
1267661932 0.0000000 0.99858940 0.99703133
1267662287 0.0000000 0.99995661 0.99987686
1267686434 0.0000000 0.99995649 0.99987721
1267690576 0.0000000 0.99997294 0.99993372
1268040382 0.0000000 0.99993998 0.99982321
1268902896 0.0000000 0.99995989 0.99987012
1268931240 0.0000000 0.99996001 0.99988222
1269644874 0.0000000 0.99995530 0.99983960
1270335780 0.0000000 0.99991977 0.99979645
1270813793 0.0000000 0.99995720 0.99984086
1270961850 0.0000000 0.99995577 0.99988490
1270999307 0.0000000 0.99975729 0.99943614
1271168968 0.0000000 0.99995822 0.99990100
1271191748 0.0000000 0.99997026 0.99992383
1271987388 0.0000000 0.99995571 0.99987680
1272194052 0.0000000 0.99993485 0.99984050
1272250791 0.0000000 0.99997854 0.99994773
1272823213 0.0000000 0.99995911 0.99989575
1274901407 0.0000000 0.99993420 0.99978912
1276535865 0.0000000 0.99995953 0.99991709
1276561877 0.0000000 0.94858152 0.89018589
1276823323 0.0000000 0.99997056 0.99992800
1277440084 0.0000000 0.99994189 0.99981576
1277575551 0.0000000 0.99996752 0.99990010
1277670806 0.0000000 0.99996990 0.99993598
1278097892 0.0000000 0.99997401 0.99993056
1278515743 0.0000000 0.99951452 0.99896926
1278618217 0.0000000 0.99996585 0.99990171
1278636079 0.0000000 0.99994528 0.99983621
1279357457 0.0000000 0.99996597 0.99989772
1279458204 0.0000000 0.99996424 0.99991983
1280029930 0.0000000 0.99998116 0.99994189
1280553485 0.0000000 0.99989545 0.99975640
1280563997 0.0000000 0.99995691 0.99981612
1280587745 0.0000000 0.99996477 0.99989736
1281476617 0.0000000 0.99992287 0.99982709
1282408680 0.0000000 0.99996001 0.99988937
1282415961 0.0000000 0.99994868 0.99987602
1282416480 0.0000000 0.99995732 0.99988317
1283157909 0.0000000 0.99997538 0.99994308
1283540817 0.0000000 0.99992996 0.99983221
1284039008 0.0000000 0.99995035 0.99986905
1284244867 0.0000000 0.99996758 0.99990141
1284952628 0.0000000 0.99994552 0.99986631
1285350982 0.0000000 0.99985641 0.99966586
1285695233 0.0000000 0.99995989 0.99989134
1285876560 0.0000000 0.99995697 0.99988037
1286047392 0.0000000 0.99995840 0.99986821
1286198915 0.0000000 0.99996328 0.99989843
1286865806 0.0000000 0.99991828 0.99979126
1287036373 0.0000000 0.99979734 0.99956769
1289221280 0.0000000 0.99995816 0.99988800
1289567329 0.0000000 0.99996251 0.99990517
1289576340 0.0000000 0.99996513 0.99990946
1290342705 0.0000000 0.99996519 0.99989432
1290784424 0.0000000 0.99995106 0.99988544
1290799240 0.0000000 0.99993467 0.99985039
1291601652 0.0000000 0.99996936 0.99990940
1291689974 0.0000000 0.99996984 0.99991661
1291927327 0.0000000 0.99849755 0.99694461
1292000461 0.0000000 0.99506742 0.98989427
1294804388 0.0000000 0.99997038 0.99993020
1296507195 0.0000000 0.99997747 0.99993670
1296548191 0.0000000 0.99996233 0.99989343
1297058102 0.0000000 0.99994940 0.99986988
1297342916 0.0000000 0.99987984 0.99968559
1297754297 0.0000000 0.99996918 0.99990338
1298970247 0.0000000 0.99972546 0.99936783
1299845150 0.0000000 0.99971777 0.99935216
1300123317 0.0000000 0.99989825 0.99974734
1300281136 0.0000000 0.99993050 0.99981910
1300608051 0.0000000 0.99997526 0.99992210
1301123952 0.0000000 0.99992764 0.99979001
1301458951 0.0000000 0.99995905 0.99990636
1301964194 0.0000000 0.99991888 0.99975330
1302916270 0.0000000 0.99996191 0.99988538
1302961193 0.0000000 0.99987185 0.99970913
1303685617 0.0000000 0.99967587 0.99929988
1304080155 0.0000000 0.99993414 0.99982035
1304082768 0.0000000 0.99996209 0.99989748
1304152538 0.0000000 0.99993509 0.99984229
1304437954 0.0000000 0.99993008 0.99979860
1304717510 0.0000000 0.99995607 0.99988228
1304757333 0.0000000 0.99994737 0.99981707
1306028051 0.0000000 0.99995369 0.99988180
1306098435 0.0000000 0.99994928 0.99982649
1306261925 0.0000000 0.99994510 0.99983776
1307034472 0.0000000 0.99996495 0.99989694
1307669122 0.0000000 0.99995685 0.99988878
1308478735 0.0000000 0.99995452 0.99984366
1309048281 0.0000000 0.99995089 0.99987024
1309094354 0.0000000 0.99996585 0.99987733
1309326569 0.0000000 0.99769241 0.99528944
1309474048 0.0000000 0.99992925 0.99978989
1309601047 0.0000000 0.99983197 0.99962592
1309696244 0.0000000 0.99995947 0.99985904
1309953539 0.0000000 0.99996346 0.99989223
1310469430 0.0000000 0.99996817 0.99989939
1310541580 0.0000000 0.99992895 0.99978977
1310928323 0.0000000 0.99993688 0.99983841
1311000534 0.0000000 0.99994278 0.99984795
1311084070 0.0000000 0.99993896 0.99986863
1311142337 0.0000000 0.99995661 0.99990350
1311692424 0.0000000 0.99920994 0.99837887
1313100452 0.0000000 0.99993157 0.99981713
1314789752 0.0000000 0.99993819 0.99979943
1315538819 0.0000000 0.99997789 0.99989218
1315635988 0.0000000 0.99849826 0.99687737
1315804512 0.0000000 0.99993336 0.99977988
1316643513 0.0000000 0.99995971 0.99985981
1316653258 0.0000000 0.99995577 0.99983662
1317835272 0.0000000 0.93562663 0.85526836
1318175665 0.0000000 0.99996400 0.99984735
1318478724 0.0000000 0.99989647 0.99971479
1319945023 0.0000000 0.99997866 0.99988872
1320074224 0.0000000 0.99995393 0.99984139
1320721143 0.0000000 0.99997693 0.99989510
1321061921 0.0000000 0.99996912 0.99985760
1322787324 0.0000000 0.99995220 0.99984765
1322993584 0.0000000 0.99996489 0.99986541
1323861170 0.0000000 0.99992967 0.99977845
1323909341 0.0000000 0.99996275 0.99983853
1324582798 0.0000000 0.99996132 0.99984872
1325660397 0.0000000 0.99994826 0.99986315
1326181267 0.0000000 0.99987787 0.99969149
1326728445 0.0000000 0.99940985 0.99871600
1327107001 0.0000000 0.99994886 0.99982733
1327480583 0.0000000 0.99995959 0.99982500
1327824459 0.0000000 0.82282454 0.50969726
1328324062 0.0000000 0.98576784 0.96999043
1328459111 0.0000000 0.84999228 0.61232102
1330223700 0.0000000 0.99990112 0.99964255
1330883534 0.0000000 0.99977291 0.99933535
1332071890 0.0000000 0.99989069 0.99968088
1332086295 0.0000000 0.99903321 0.99797982
1332373478 0.0000000 0.99983239 0.99958801
1333258441 0.0000000 0.99982262 0.99953490
1333828758 0.0000000 0.99984860 0.99955833
1333921411 0.0000000 0.99983531 0.99951696
1334227165 0.0000000 0.99980617 0.99955088
1334800688 0.0000000 0.99977714 0.99942476
1335409258 0.0000000 0.98776114 0.97444266
1335538115 0.0000000 0.99987084 0.99966615
1338362741 0.0000000 0.99989074 0.99967039
1338842309 0.0000000 0.99981880 0.99946445
1338890190 0.0000000 0.99981827 0.99949181
1338944914 0.0000000 0.99991375 0.99974298
1338944979 0.0000000 0.99992216 0.99973750
1338945045 0.0000000 0.99986589 0.99961269
1339216879 0.0000000 0.99991018 0.99973494
1339275618 0.0000000 0.84210795 0.70088744
1339278860 0.0000000 0.99983609 0.99964994
1339309409 0.0000000 0.99988186 0.99962103
1339575740 0.0000000 0.99987328 0.99960172
1339598466 0.0000000 0.99986023 0.99962711
1339646879 0.0000000 0.99992537 0.99980628
1339690513 0.0000000 0.99992818 0.99978447
1339702255 0.0000000 0.99991298 0.99969667
1339923712 0.0000000 0.99992073 0.99971914
1341299876 0.0000000 0.99984747 0.99936575
1341924177 0.0000000 0.99985182 0.99951732
1342405200 0.0000000 0.99965549 0.99895000
1344277570 0.0000000 0.99973798 0.99916381
1344910008 0.0000000 0.99986112 0.99949127
1344941743 0.0000000 0.99983883 0.99916673
1345138860 0.0000000 0.99986482 0.99935722
1345234802 0.0000000 0.99991047 0.99940348
1346380382 0.0000000 0.98754746 0.97361946
1346415099 0.0000000 0.99982631 0.99935484
1346415834 0.0000000 0.99983197 0.99933600
1346788818 0.0000000 0.99984920 0.99934381
1346816730 0.0000000 0.99985969 0.99940813
1348523853 0.0000000 0.99985766 0.99941647
1350722979 0.0000000 0.99987483 0.99962097
1350800865 0.0000000 0.99864429 0.99687791
1351161077 0.0000000 0.99987990 0.99946201
1352122829 0.0000000 0.99989253 0.99950916
1352554787 0.0000000 0.99861139 0.99680567
1353431341 0.0000000 0.99987799 0.99949539
1353536726 0.0000000 0.99985117 0.99944478
1354158772 0.0000000 0.99982035 0.99940735
1354470336 0.0000000 0.99986833 0.99940193
1354477411 0.0000000 0.99986303 0.99950123
1354976814 0.0000000 0.99984145 0.99934697
1355221924 0.0000000 0.99988908 0.99940979
1356243184 0.0000000 0.99990791 0.99948561
1356319072 0.0000000 0.99985659 0.99941790
1356487597 0.0000000 0.99986923 0.99941957
1356883405 0.0000000 0.99985570 0.99941087
1357128106 0.0000000 0.99987978 0.99951375
1357236484 0.0000000 0.99988174 0.99948114
1357270197 0.0000000 0.99985456 0.99941921
1357331931 0.0000000 0.99983174 0.99939787
1357541346 0.0000000 0.99989718 0.99939770
1357994057 0.0000000 0.99986839 0.99950314
1358411441 0.0000000 0.99988633 0.99958259
1358708986 0.0000000 0.99986070 0.99948162
1359776392 0.0000000 0.99988163 0.99952471
1361064727 0.0000000 0.99991131 0.99949253
1361239965 0.0000000 0.99981797 0.99934459
1361256759 0.0000000 0.99989104 0.99941278
1361373628 0.0000000 0.99982816 0.99937266
1361471757 0.0000000 0.99986815 0.99942714
1361665659 0.0000000 0.99981517 0.99939632
1362386544 0.0000000 0.99984646 0.99939722
1362609444 0.0000000 0.99984682 0.99940729
1362627405 0.0000000 0.99989516 0.99943304
1362643640 0.0000000 0.99989438 0.99943370
1363079024 0.0000000 0.99987310 0.99953204
1363764120 0.0000000 0.99987143 0.99945372
1364349799 0.0000000 0.72734839 0.37240094
1364349845 0.0000000 0.99987662 0.99931467
1364355002 0.0000000 0.99982274 0.99914336
1364690983 0.0000000 0.99957424 0.99878484
1365625224 0.0000000 0.99984962 0.99941951
1366061297 0.0000000 0.98874384 0.97596687
1366432589 0.0000000 0.99983585 0.99934930
1366513671 0.0000000 0.99979997 0.99931043
1369110346 0.0000000 0.99986881 0.99932897
1369124755 0.0000000 0.99988949 0.99941570
1369791239 0.0000000 0.99983114 0.99937361
1369883683 0.0000000 0.99990165 0.99954522
1370118743 0.0000000 0.99991268 0.99947077
1370151783 5.00000007E-02 0.73603743 9.60484743E-02
1370623082 0.0000000 0.99984223 0.99924552
1372241957 0.0000000 0.99985230 0.99932843
1372463510 0.0000000 0.99980253 0.99917763
1373829868 0.0000000 0.99979258 0.99938273
1373895699 0.0000000 0.99984264 0.99946034
1373969495 0.0000000 0.99989986 0.99951947
1374677225 0.0000000 0.99987698 0.99942404
1374679935 0.0000000 0.99983776 0.99931508
1376837821 0.0000000 0.99983966 0.99932420
1377205321 0.0000000 0.99975824 0.99922675
1377355603 0.0000000 0.99977106 0.99897218
1377407246 0.0000000 0.99968380 0.99917024
1378247005 0.0000000 0.99986333 0.99940866
1378467231 0.0000000 0.99990368 0.99946308
1379475197 0.0000000 0.99982071 0.99939579
1380542719 0.0000000 0.99982631 0.99935251
1381466759 0.0000000 0.99979854 0.99932039
1381684855 0.0000000 0.99987185 0.99948335
1382170436 0.0000000 0.99889678 0.99747503
1382919848 0.0000000 0.99983227 0.99935442
1383069011 0.0000000 0.99980676 0.99927104
1383085061 0.0000000 0.99988568 0.99949628
1383220929 5.00000007E-02 0.77796543 0.33932441
1383227120 0.0000000 0.99988443 0.99945945
1383227831 0.0000000 0.99990684 0.99950367
1383234448 0.0000000 0.99992424 0.99945152
1383263545 0.0000000 0.99989843 0.99943054
1383450194 0.0000000 0.99992234 0.99944925
1383519374 0.0000000 0.99982113 0.99929249
1383809110 0.0000000 0.99990547 0.99952221
1383809501 0.0000000 0.99985451 0.99945754
1383989687 0.0000000 0.99979436 0.99925423
1384145710 0.0000000 0.99987906 0.99954057
1384544358 0.0000000 0.99986643 0.99948829
1385019362 0.0000000 0.99987602 0.99945956
1386347977 0.0000000 0.99282736 0.98465592
1386357780 0.0000000 0.99987805 0.99950933
1387916955 0.0000000 0.99985462 0.99946493
1389034180 0.0000000 0.99981701 0.99918395
1389204911 0.0000000 0.99985677 0.99935848
1389717867 0.0000000 0.99985558 0.99936950
1389724692 0.0000000 0.99984479 0.99932534
1389729005 0.0000000 0.99985737 0.99934244
1389740803 0.0000000 0.99982655 0.99934191
1389904819 0.0000000 0.99985671 0.99950773
1390517490 0.0000000 0.99968809 0.99920583
1390619771 0.0000000 0.99990994 0.99957746
1391790286 0.0000000 0.99979180 0.99926502
1393014317 0.0000000 0.99987531 0.99951851
1393065064 0.0000000 0.99982923 0.99935824
1393759985 0.0000000 0.99980193 0.99924189
1393791078 0.0000000 0.99987328 0.99955910
1394913876 0.0000000 0.99987942 0.99944288
1395061976 0.0000000 0.99987400 0.99937749
1395231566 0.0000000 0.99984002 0.99923593
1397097485 0.0000000 0.99988365 0.99948168
1397746253 0.0000000 0.99980074 0.99928766
1398443585 0.0000000 0.99980563 0.99923944
1399207416 0.0000000 0.99989128 0.99943882
1399278483 0.0000000 0.99983746 0.99926138
1399745740 0.0000000 0.99981362 0.99929088
1399746271 0.0000000 0.99989784 0.99949294
1400631673 0.0000000 0.92687428 0.79279327
1401021673 0.0000000 0.99985862 0.99934798
1401296286 0.0000000 0.99964088 0.99895281
1402085900 0.0000000 0.99973142 0.99925774
1402313583 0.0000000 0.99979734 0.99928582
1402624068 0.0000000 0.99933994 0.99837941
1402784563 0.0000000 0.99988526 0.99943060
1403034553 0.0000000 0.99985230 0.99948293
1403317269 0.0000000 0.99990016 0.99949992
1403439974 0.0000000 0.99989301 0.99949318
1404774365 0.0000000 0.99991435 0.99951655
1404925818 0.0000000 0.99990147 0.99933100
1405577514 0.0000000 0.99990678 0.99949700
1407296767 0.0000000 0.99979579 0.99928045
1407544588 0.0000000 0.97876245 0.95465404
1408047770 0.0000000 0.99981588 0.99935323
1410046387 0.0000000 0.99988282 0.99938613
1410325949 0.0000000 0.99982798 0.99938881
1410382444 0.0000000 0.99968737 0.99904042
1411247643 0.0000000 0.99990380 0.99946481
1411641303 0.0000000 0.99988329 0.99951917
1412009058 0.0000000 0.99934995 0.99838227
1412705290 0.0000000 0.99988687 0.99942112
1413207959 0.0000000 0.97871369 0.95526552
1414298821 0.0000000 0.99987864 0.99942583
1416419181 0.0000000 0.99988228 0.99947363
1416419227 0.0000000 0.99985284 0.99926960
1416540553 0.0000000 0.99979597 0.99924654
1417557685 0.0000000 0.99987459 0.99949825
1417655668 0.0000000 0.99981970 0.99946970
1418245419 0.0000000 0.99988109 0.99945384
1418533563 0.0000000 0.99978352 0.99930072
1419682925 0.0000000 0.99988520 0.99965990
1419947441 0.0000000 0.99978572 0.99942315
1419995164 0.0000000 0.99991506 0.99959731
1420012476 0.0000000 0.99990380 0.99955428
1420437226 0.0000000 0.99989998 0.99956334
1420606112 0.0000000 0.99988365 0.99956697
1420742654 0.0000000 0.99739140 0.99435312
1421435535 0.0000000 0.99986422 0.99933851
1421639313 0.0000000 0.99986345 0.99941546
1422083726 0.0000000 0.99981505 0.99927819
1422374758 0.0000000 0.99944013 0.99855781
1422958210 0.0000000 0.99976242 0.99927270
1423037687 0.0000000 0.99989426 0.99953949
1423603888 0.0000000 0.95472300 0.90016478
1423726535 0.0000000 0.99988419 0.99950606
1423857991 0.0000000 0.99988091 0.99949652
1424969403 0.0000000 0.99988008 0.99958920
1426114954 0.0000000 0.99983495 0.99937207
1426344314 0.0000000 0.99985647 0.99944794
1426852891 0.0000000 0.99980283 0.99919426
1427105631 0.0000000 0.85757762 0.38445711
1427483378 0.0000000 0.99984139 0.99937141
1428208678 0.0000000 0.99978238 0.99941272
1428320250 0.0000000 0.99987745 0.99947786
1428945237 0.0000000 0.99983579 0.99920017
1429127316 0.0000000 0.99983197 0.99938202
1429494176 0.0000000 0.99991947 0.99938786
1429494550 0.0000000 0.99982375 0.99931389
1429528847 0.0000000 0.99987793 0.99933916
1429530313 0.0000000 0.99984562 0.99936056
1429531199 0.0000000 0.99986291 0.99934119
1429992097 0.0000000 0.99984223 0.99929988
1430658547 0.0000000 0.99986792 0.99930382
1431333501 0.0000000 0.99990898 0.99952525
1431387795 0.0000000 0.99981892 0.99916190
1431628549 0.0000000 0.99989808 0.99950111
1432588969 0.0000000 0.99988210 0.99936521
1432601816 0.0000000 0.99986845 0.99941057
1432799863 0.0000000 0.99985439 0.99943018
1434467768 0.0000000 0.99989587 0.99938118
1434867330 0.0000000 0.99985588 0.99942899
1435335400 0.0000000 0.99985784 0.99949652
1438066750 0.0000000 0.99991518 0.99945140
1438936857 0.0000000 0.99982893 0.99931777
1439209234 0.0000000 0.97597623 0.94857007
1439418087 0.0000000 0.99744576 0.99425983
1439474882 0.0000000 0.99986833 0.99935889
1439699200 0.0000000 0.98728991 0.97321510
1441113885 0.0000000 0.99757016 0.99464339
1441128847 0.0000000 0.99984848 0.99938142
1441160293 0.0000000 0.99985570 0.99939179
1441898607 0.0000000 0.99988902 0.99952245
1442339782 0.0000000 0.99987197 0.99953282
1442345855 0.0000000 0.99988055 0.99952585
1442345878 0.0000000 0.99986440 0.99948567
1442408939 0.0000000 0.99991041 0.99949461
1442410226 0.0000000 0.99986297 0.99948591
1442413798 0.0000000 0.99989349 0.99950421
1443074281 0.0000000 0.99983859 0.99931061
1443555465 0.0000000 0.99982995 0.99948645
1444648487 0.0000000 0.99990267 0.99949348
1444736944 0.0000000 0.99992537 0.99953318
1444953165 0.0000000 0.99988383 0.99954093
1444953267 0.0000000 0.99985331 0.99949932
1445014914 0.0000000 0.99988133 0.99953723
1445221055 0.0000000 0.99990410 0.99942017
1445233331 0.0000000 0.99986905 0.99955493
1445239215 0.0000000 0.99986887 0.99953645
1446412182 0.0000000 0.99989754 0.99955720
1446412281 0.0000000 0.99979359 0.99923307
1446509184 0.0000000 0.99985582 0.99937057
1446509190 0.0000000 0.99985409 0.99936801
1446714386 0.0000000 0.99991363 0.99953473
1447167192 0.0000000 0.99985939 0.99935228
1447255999 0.0000000 0.99988812 0.99953735
1447277516 0.0000000 0.99980301 0.99932086
1448316095 0.0000000 0.99546933 0.99036354
1448671943 0.0000000 0.99986070 0.99944973
1449033717 0.0000000 0.99985379 0.99945927
1449035580 0.0000000 0.99984324 0.99941373
1449153073 0.0000000 0.99987435 0.99944776
1449935242 0.0000000 0.99984479 0.99928474
1450510821 0.0000000 0.99156874 0.98193347
1450536811 0.0000000 0.99878919 0.99723488
1450992022 0.0000000 0.99972337 0.99923921
1451199638 0.0000000 0.99982840 0.99947977
1451327726 0.0000000 0.99979413 0.99930835
1451523194 0.0000000 0.99842167 0.99634105
1451829690 0.0000000 0.99982673 0.99948716
1451928000 0.0000000 0.99892008 0.99746603
1452487977 0.0000000 0.99989575 0.99922758
1453169606 0.0000000 0.99985647 0.99939072
1453824336 0.0000000 0.99904388 0.99759746
1454422761 0.0000000 0.99952412 0.99859214
1454702246 0.0000000 0.99978822 0.99924153
1454702308 0.0000000 0.99970460 0.99909586
1454702406 0.0000000 0.99980044 0.99924260
1454702512 0.0000000 0.99980795 0.99935716
1454978820 0.0000000 0.99984342 0.99935549
1455590759 0.0000000 0.99977463 0.99908489
1455595494 0.0000000 0.99978524 0.99914396
1455757779 0.0000000 0.99975467 0.99927890
1455758311 0.0000000 0.99970055 0.99907917
1456215987 0.0000000 0.99976462 0.99922204
1456541993 0.0000000 0.99975669 0.99922389
1457201466 0.0000000 0.99982810 0.99936903
1457276938 0.0000000 0.99967569 0.99895656
1459152479 0.0000000 0.99987769 0.99947411
1459502085 0.0000000 0.99963504 0.99883533
1459988008 0.0000000 0.99973226 0.99909818
1460294506 0.0000000 0.99981564 0.99928582
1460353509 0.0000000 0.99976754 0.99919689
1460804146 0.0000000 0.99984878 0.99929094
1461082597 0.0000000 0.99973506 0.99908102
1461607991 0.0000000 0.99979210 0.99920642
1461770234 0.0000000 0.99980390 0.99912751
1461770257 0.0000000 0.99980217 0.99910998
1461770858 0.0000000 0.99986076 0.99915236
1461781146 0.0000000 0.99988890 0.99928337
1461806086 0.0000000 0.99977374 0.99905699
1462056417 0.0000000 0.99979353 0.99918699
1462199340 0.0000000 0.99985391 0.99947488
1462521203 0.0000000 0.99989361 0.99923074
1462632669 0.0000000 0.99981308 0.99932075
1462675593 0.0000000 0.99977374 0.99932337
1463023035 0.0000000 0.99981856 0.99851537
1463023251 0.0000000 0.99983513 0.99928772
1463023282 0.0000000 0.99983448 0.99927980
1463027395 0.0000000 0.99986643 0.99899000
1463127852 0.0000000 0.99980021 0.99904227
1463195522 0.0000000 0.99982494 0.99929333
1463196768 0.0000000 0.99987280 0.99943238
1463530965 0.0000000 0.99981350 0.99931157
1463863900 0.0000000 0.99980932 0.99928725
1463882779 0.0000000 0.99982721 0.99926841
1464184475 0.0000000 0.99911338 0.99787998
1464544116 0.0000000 0.99982625 0.99938834
1464576767 0.0000000 0.99985892 0.99947488
1464630651 0.0000000 0.99983579 0.99930787
1464672226 0.0000000 0.97384667 0.94683480
1466204142 0.0000000 0.99979508 0.99939412
1466383187 0.0000000 0.99981481 0.99929297
1466409210 0.0000000 0.99983221 0.99936217
1466715930 0.0000000 0.99987376 0.99945253
1467361422 0.0000000 0.99979031 0.99926698
1469019333 0.0000000 0.99973053 0.99935716
1469592155 0.0000000 0.99984521 0.99945897
1471008941 0.0000000 0.99980980 0.99933058
1471908408 0.0000000 0.99978268 0.99928147
1472660934 0.0000000 0.99987859 0.99951446
1473440050 0.0000000 0.99976659 0.99916011
1475055492 0.0000000 0.99979866 0.99942899
1475769120 0.0000000 0.99977112 0.99919790
1477370752 0.0000000 0.99978966 0.99925178
1478519786 0.0000000 0.99982053 0.99937493
1478903131 0.0000000 0.99984217 0.99925417
1480024554 0.0000000 0.99982995 0.99923897
1480377579 0.0000000 0.99974453 0.99909323
1480507474 0.0000000 0.99985403 0.99924886
1481256588 0.0000000 0.99984860 0.99946505
1481811269 0.0000000 0.99983120 0.99939883
1483057851 0.0000000 0.99986875 0.99954492
1483513641 0.0000000 0.99979335 0.99932343
1484155863 0.0000000 0.99982619 0.99938917
1484797338 0.0000000 0.99847609 0.99660093
1484900187 0.0000000 0.99978352 0.99927753
1485329586 0.0000000 0.99985307 0.99947912
1486746772 0.0000000 0.99979675 0.99929744
1487420859 0.0000000 0.99972737 0.99915040
1487652197 0.0000000 0.99897361 0.99770826
1488212310 0.0000000 0.99986118 0.99943781
1488924651 0.0000000 0.99982107 0.99923748
1489967289 0.0000000 0.99984896 0.99933177
1490066029 0.0000000 0.98629630 0.97052228
1490805242 0.0000000 0.99976879 0.99920857
1492112471 0.0000000 0.99972427 0.99897867
1492367656 0.0000000 0.99973387 0.99912989
1493517442 0.0000000 0.99980724 0.99928683
1493960850 0.0000000 0.99986154 0.99933273
1493986611 0.0000000 0.98373252 0.96514922
1494889974 0.0000000 0.99985003 0.99936134
1494932580 0.0000000 0.99982095 0.99925536
1495631454 0.0000000 0.99980778 0.99939394
1495691291 0.0000000 0.99982065 0.99937081
1495956669 0.0000000 0.99968415 0.99904650
1495999757 0.0000000 0.99983519 0.99933678
1496582686 0.0000000 0.99981469 0.99915701
1497967350 0.0000000 0.97863013 0.95345974
1498029939 0.0000000 0.99987268 0.99942541
1500318986 0.0000000 0.99987185 0.99937558
1501139292 0.0000000 0.99971026 0.99906141
1501845585 0.0000000 0.99980634 0.99921227
1502294736 0.0000000 0.99986285 0.99928546
1502416734 0.0000000 0.99983811 0.99920392
1502582915 0.0000000 0.99984717 0.99932039
1504364658 0.0000000 0.99981940 0.99937701
1505096741 0.0000000 0.99984825 0.99947786
1505687994 0.0000000 0.99983656 0.99922878
1505917796 0.0000000 0.99985850 0.99930197
1506232185 0.0000000 0.99973845 0.99907142
1506549399 0.0000000 0.99973750 0.99923122
1507505391 0.0000000 0.99981809 0.99933797
1507747520 0.0000000 0.99976200 0.99933612
1508582157 0.0000000 0.99979478 0.99919915
1509318944 0.0000000 0.99985522 0.99925673
1509677295 0.0000000 0.99980545 0.99938220
1509677339 0.0000000 0.99979144 0.99934798
1509752088 0.0000000 0.99979722 0.99922317
1510398879 0.0000000 0.99978763 0.99922961
1510402973 0.0000000 0.99976689 0.99934900
1510440860 0.0000000 0.99985653 0.99947107
1510947032 0.0000000 0.99976146 0.99916130
1511360409 0.0000000 0.99976557 0.99929959
1511470532 0.0000000 0.99980593 0.99939179
1512230735 0.0000000 0.99972415 0.99922186
1512377977 0.0000000 0.99979466 0.99930298
1512704669 0.0000000 0.99981296 0.99944258
1513120660 0.0000000 0.99979126 0.99922299
1516168751 0.0000000 0.99984932 0.99950165
1516984288 0.0000000 0.99977803 0.99933451
1517686257 0.0000000 0.99980956 0.99930704
1517749972 0.0000000 0.99984944 0.99927759
1517752600 0.0000000 0.99978322 0.99913794
1517752662 0.0000000 0.99977279 0.99909711
1517753127 0.0000000 0.99980271 0.99931729
1517753452 0.0000000 0.99985045 0.99925071
1517753522 0.0000000 0.99985141 0.99924415
1517753592 0.0000000 0.99984950 0.99923831
1517753815 0.0000000 0.99984461 0.99918526
1517758427 0.0000000 0.99985337 0.99953657
1517763262 0.0000000 0.99979597 0.99931502
1517821602 0.0000000 0.99979395 0.99921620
1517823894 0.0000000 0.99983168 0.99951488
1517846321 0.0000000 0.99977267 0.99932081
1517852233 0.0000000 0.99982166 0.99935114
1517893754 0.0000000 0.99976742 0.99912262
1517906208 0.0000000 0.99980128 0.99928087
1517932241 0.0000000 0.92951018 0.85654974
1517932280 0.0000000 0.99983329 0.99928027
1517932282 0.0000000 0.99978292 0.99920034
1517932427 0.0000000 0.99984986 0.99942553
1517932434 0.0000000 0.99985033 0.99942541
1517932492 0.0000000 0.99985474 0.99941176
1517933877 0.0000000 0.99984181 0.99947411
1517940013 0.0000000 0.99982798 0.99929130
1517940459 0.0000000 0.99988681 0.99922901
1517944528 0.0000000 0.99981809 0.99937558
1517945796 0.0000000 0.99985301 0.99950284
1517950582 0.0000000 0.99986994 0.99943340
1517958702 0.0000000 0.99981856 0.99934542
1517960631 0.0000000 0.99985200 0.99918956
1517969882 0.0000000 0.99979359 0.99916077
1517974578 0.0000000 0.99982029 0.99934632
1517998787 0.0000000 0.99964195 0.99897790
1518001985 0.0000000 0.99984151 0.99938768
1518008800 0.0000000 0.99983323 0.99930561
1518008880 0.0000000 0.99978805 0.99930394
1518013159 0.0000000 0.99980134 0.99933010
1518016890 0.0000000 0.99984848 0.99941796
1518016916 0.0000000 0.99982661 0.99941576
1518051257 0.0000000 0.99985600 0.99948460
1518059164 0.0000000 0.99983424 0.99943078
1518142443 0.0000000 0.99983567 0.99936384
1518201789 0.0000000 0.99979413 0.99922299
1518248929 0.0000000 0.99980813 0.99941069
1518858396 0.0000000 0.99970216 0.99916238
1518981709 0.0000000 0.99977350 0.99938327
1519051621 0.0000000 0.99981719 0.99933171
1519254641 0.0000000 0.99986947 0.99925894
1519583320 0.0000000 0.99975896 0.99923009
1519962147 0.0000000 0.99979734 0.99928236
1520098551 0.0000000 0.99982351 0.99926907
1520329330 0.0000000 0.99983722 0.99947774
1521024527 0.0000000 0.99986088 0.99945432
1521537776 0.0000000 0.99979478 0.99932313
1521728871 0.0000000 0.99981052 0.99932712
1522232997 0.0000000 0.99983561 0.99943286
1522282670 0.0000000 0.99987024 0.99920034
1522598524 0.0000000 0.99979627 0.99908113
1523432369 0.0000000 0.99977750 0.99925679
1523886539 0.0000000 0.99980354 0.99932432
1524201906 0.0000000 0.99980807 0.99944806
1524248877 0.0000000 0.99965322 0.99908626
1524308214 0.0000000 0.99975145 0.99892539
1524503432 0.0000000 0.99980050 0.99931496
1524721460 0.0000000 0.99977249 0.99928570
1524721601 0.0000000 0.99972808 0.99918813
1524808553 0.0000000 0.99979240 0.99924511
1525218424 0.0000000 0.99969620 0.99918461
1526098666 0.0000000 0.99988180 0.99945050
1527728598 0.0000000 0.99980533 0.99934703
1527904870 0.0000000 0.99966216 0.99870527
1528731725 0.0000000 0.99980593 0.99941301
1528750347 0.0000000 0.99983364 0.99941683
1528856173 0.0000000 0.99891275 0.99740207
1529096035 0.0000000 0.99984223 0.99940819
1529334375 0.0000000 0.99963504 0.99897689
1529522338 0.0000000 0.99972445 0.99894238
1530516370 0.0000000 0.99977666 0.99926776
1530516385 0.0000000 0.99977666 0.99926764
1530609654 0.0000000 0.99976653 0.99929261
1531312909 0.0000000 0.99981374 0.99929649
1531507119 0.0000000 0.99979639 0.99921364
1532050755 0.0000000 0.99974823 0.99913377
1533217098 0.0000000 0.99984890 0.99929887
1533504622 0.0000000 0.99979329 0.99945801
1533801692 0.0000000 0.99939227 0.99840713
1534500582 0.0000000 0.99972296 0.99923396
1534551317 0.0000000 0.99396563 0.98746824
1535572403 0.0000000 0.99983317 0.99926019
1535660064 0.0000000 0.99980372 0.99935043
1536498994 0.0000000 0.99980968 0.99931419
1536641006 0.0000000 0.99985087 0.99939007
1536700815 0.0000000 0.99979925 0.99937356
