1125373372 0.0000000 0.99940187 0.99861324
1125685516 0.0000000 0.99990773 0.99963146
1125969360 0.0000000 0.99997699 0.99973834
1127055473 0.0000000 0.99984616 0.99948680
1127456637 0.0000000 0.99990648 0.99960279
1127471662 0.0000000 0.99990708 0.99955809
1127494190 0.0000000 0.99992180 0.99955320
1127760620 0.0000000 0.99993283 0.99963772
1128153007 0.0000000 0.99987638 0.99954730
1128174696 0.0000000 0.99992675 0.99966741
1128475640 0.0000000 0.99989611 0.99959850
1128528995 0.0000000 0.99993628 0.99967194
1128891916 0.0000000 0.99828798 0.99648929
1128923244 0.0000000 0.99987400 0.99962425
1129069430 0.0000000 0.99587488 0.99169749
1129155495 0.0000000 0.99943346 0.99871153
1129246313 0.0000000 0.99966615 0.99917698
1129324370 0.0000000 0.99990767 0.99944979
1129391464 0.0000000 0.99993312 0.99970818
1129907016 0.0000000 0.99882466 0.99753654
1130249327 0.0000000 0.99988288 0.99958295
1131428965 0.0000000 0.99993348 0.99961960
1131431840 0.0000000 0.99987781 0.99955398
1132062095 0.0000000 0.99994910 0.99972522
1132132485 0.0000000 0.99987060 0.99954683
1132148341 0.0000000 0.99992687 0.99964440
1132166999 0.0000000 0.99987209 0.99957585
1132661855 0.0000000 0.99991739 0.99969971
1132975230 0.0000000 0.99993902 0.99962252
1133111580 0.0000000 0.99987972 0.99964261
1133304109 0.0000000 0.99993360 0.99969453
1133601723 0.0000000 0.99984753 0.99953830
1133908462 0.0000000 0.99986809 0.99952680
1134710133 0.0000000 0.99990481 0.99962139
1135808248 0.0000000 0.99989927 0.99964422
1135976852 0.0000000 0.99990845 0.99964827
1136739698 0.0000000 0.99992329 0.99961591
1137913657 0.0000000 0.99994624 0.99972850
1137989937 0.0000000 0.99996072 0.99975145
1137990003 0.0000000 0.99993581 0.99969077
1138288259 0.0000000 0.99990100 0.99958080
1139284609 0.0000000 0.98606229 0.97205430
1139326915 0.0000000 0.99987382 0.99964345
1140725945 0.0000000 0.99988824 0.99957544
1140746150 0.0000000 0.99995333 0.99975866
1141877248 0.0000000 0.99992007 0.99967641
1142029462 0.0000000 0.99981242 0.99945986
1142229311 0.0000000 0.99993914 0.99971044
1142709582 0.0000000 0.99994427 0.99970371
1143536168 0.0000000 0.99992555 0.99969822
1143616861 0.0000000 0.99988586 0.99960202
1143885739 0.0000000 0.99991304 0.99977982
1143885924 0.0000000 0.99992335 0.99968219
1143888020 0.0000000 0.99993646 0.99972302
1144129163 0.0000000 0.99993610 0.99967819
1144133312 0.0000000 0.99992579 0.99973780
1144179006 0.0000000 0.99992061 0.99969774
1144806135 11.850000 5.55631928E-02 -83953096.
1145140855 -137.05000 5.73408864E-02 -2.01010053E+11
1145323561 -118.50000 5.22327833E-02 -1.99399664E+08
1146215126 0.0000000 0.99995637 0.99964154
1146944291 0.0000000 0.92057467 0.82566339
1146966782 0.0000000 0.99994445 0.99964440
1147258751 0.0000000 0.99985462 0.99944681
1149411961 0.0000000 0.99995095 0.99963331
1149638545 0.0000000 0.99992210 0.99956316
1149771133 0.0000000 0.99950922 0.99877620
1151387381 0.0000000 0.99993044 0.99959254
1154072410 0.0000000 0.99997056 0.99964947
1155212722 0.0000000 0.99994290 0.99962234
1156044082 0.0000000 0.99854112 0.99690443
1156698676 0.0000000 0.99994487 0.99963021
1158266854 0.0000000 0.99990445 0.99952888
1159598968 0.0000000 0.99993241 0.99967843
1159684577 0.0000000 0.99997085 0.99963230
1160388105 0.0000000 0.99996698 0.99967265
1160392104 0.0000000 0.99997091 0.99970555
1160549032 0.0000000 0.99992567 0.99959683
1160664389 0.0000000 0.99997503 0.99964595
1163299258 0.0000000 0.99994648 0.99963599
1163456967 0.0000000 0.99996108 0.99964231
1163641819 0.0000000 0.99993676 0.99958384
1164570370 0.0000000 0.99992257 0.99962074
1165358160 0.0000000 0.99995834 0.99969441
1165368969 0.0000000 0.99991465 0.99957937
1166094636 0.0000000 0.99996948 0.99963558
1166561075 0.0000000 0.99993533 0.99954879
1166894907 0.0000000 0.99993175 0.99954247
1167121204 0.0000000 0.99995106 0.99957216
1167135981 0.0000000 0.99995524 0.99963731
1167136317 0.0000000 0.99996382 0.99971771
1167136455 0.0000000 0.99996489 0.99971759
1167136825 0.0000000 0.99990386 0.99952006
1167144800 0.0000000 0.99986380 0.99945879
1167147704 0.0000000 0.99996847 0.99969673
1167154513 0.0000000 0.99994826 0.99965519
1167186639 0.0000000 0.99996305 0.99970359
1167298740 0.0000000 0.99957496 0.99888211
1167318376 0.0000000 0.98295820 0.96567237
1167324678 0.0000000 0.99977750 0.99930841
1167592780 0.0000000 0.99866503 0.99715537
1167604646 0.0000000 0.99994212 0.99965394
1168792515 0.0000000 0.99991709 0.99949145
1168917035 0.0000000 0.99996632 0.99964195
1169006425 0.0000000 0.99994814 0.99959368
1169712716 0.0000000 0.99928451 0.99833381
1169722755 0.0000000 0.99997288 0.99963522
1170262059 0.0000000 0.99963397 0.99902964
1170524118 0.0000000 0.99974209 0.99917734
1171366614 0.0000000 0.99987805 0.99946409
1171423577 0.0000000 0.99993318 0.99960250
1171423831 0.0000000 0.99995577 0.99965805
1171832699 0.0000000 0.99993002 0.99959934
1172178017 0.0000000 0.99990898 0.99961579
1173308237 0.0000000 0.99995732 0.99961716
1173368256 0.0000000 0.99990171 0.99958676
1174197233 0.0000000 0.99954826 0.99878317
1175309106 0.0000000 0.99987286 0.99946070
1175583473 0.0000000 0.99995464 0.99963933
1176242685 0.0000000 0.99978405 0.99937379
1177115546 0.0000000 0.99995399 0.99964339
1177175308 0.0000000 0.99981302 0.99936295
1178992210 0.0000000 0.99993008 0.99958223
1180238725 0.0000000 0.99944353 0.99863541
1180618796 0.0000000 0.99971414 0.99918532
1181939353 0.0000000 0.99993640 0.99961793
1182196765 0.0000000 0.99979329 0.99938989
1182265663 0.0000000 0.99956608 0.99886817
1182396227 0.0000000 0.99994063 0.99963361
1182398897 0.0000000 0.99993527 0.99960595
1184629372 0.0000000 0.99992478 0.99956578
1185198002 0.0000000 0.99573535 0.99146914
1185799546 0.0000000 0.99955434 0.99889725
1185861072 0.0000000 0.99991983 0.99963731
1186620947 0.0000000 0.99996787 0.99962169
1186786330 0.0000000 0.99994147 0.99956924
1188350129 0.0000000 0.99989241 0.99944484
1188356416 0.0000000 0.99994600 0.99962729
1188908193 0.0000000 0.99994403 0.99956208
1188950111 0.0000000 0.99889100 0.99753433
1189101086 0.0000000 0.97581685 0.94095141
1189101321 0.0000000 0.99997538 0.99966562
1189194674 0.0000000 0.99990124 0.99956906
1190442424 0.0000000 0.99994683 0.99964213
1191742755 0.0000000 0.99994373 0.99963051
1192071901 0.0000000 0.99994165 0.99964100
1192632000 0.0000000 0.99993229 0.99952501
1193967194 0.0000000 0.99956208 0.99890351
1194476053 0.0000000 0.99994922 0.99955845
1196283913 0.0000000 0.99994791 0.99956119
1196818902 0.0000000 0.99995196 0.99961072
1196950527 0.0000000 0.99994230 0.99959892
1197715613 0.0000000 0.99982345 0.99938434
1198522115 0.0000000 0.99993688 0.99960428
1200543890 0.0000000 0.96121848 0.92011100
1200856359 0.0000000 0.99936503 0.99847943
1201442068 0.0000000 0.99988461 0.99949414
1203280382 0.0000000 0.99996024 0.99964237
1203409866 0.0000000 0.99958968 0.99891287
1203790455 0.0000000 0.99993002 0.99960035
1204138448 0.0000000 0.99996090 0.99956620
1204304285 0.0000000 0.99996382 0.99964470
1204490434 0.0000000 0.99940699 0.99856502
1204651907 0.0000000 0.99996477 0.99966949
1204651936 0.0000000 0.99996603 0.99967003
1204670552 0.0000000 0.99981910 0.99937153
1207186072 0.0000000 0.99986529 0.99948579
1208187584 0.0000000 0.99995065 0.99966609
1208931881 0.0000000 0.99994630 0.99963313
1208975321 0.0000000 0.99995232 0.99964154
1208982088 0.0000000 0.99994320 0.99961758
1208988255 0.0000000 0.99994040 0.99963605
1208988552 0.0000000 0.99995637 0.99966079
1209105937 0.0000000 0.99990618 0.99956125
1209216223 0.0000000 0.99811512 0.99609786
1209291757 0.0000000 0.99973220 0.99917382
1209339084 0.0000000 0.99994165 0.99956656
1209362380 0.0000000 0.99991947 0.99959940
1209543825 0.0000000 0.99969548 0.99916804
1209563099 0.0000000 0.99986362 0.99952328
1209583346 0.0000000 0.99960744 0.99900788
1209820628 0.0000000 0.99991232 0.99962294
1209877317 0.0000000 0.99978894 0.99936682
1210448520 0.0000000 0.99996394 0.99969083
1210560189 0.0000000 0.99981731 0.99939686
1210633064 0.0000000 0.99996156 0.99964017
1210703275 0.0000000 0.99994665 0.99964541
1212285435 0.0000000 0.99993408 0.99964434
1212339563 0.0000000 0.99995196 0.99965495
1213107823 0.0000000 0.99959558 0.99888349
1213158817 0.0000000 0.99988067 0.99954396
1213486164 0.0000000 0.99995846 0.99963444
1214086760 0.0000000 0.99984497 0.99937141
1214128508 0.0000000 0.99994642 0.99956214
1214211456 0.0000000 0.99029267 0.98066270
1214561217 0.0000000 0.99923962 0.99822235
1215221786 0.0000000 0.99917120 0.99807304
1215745668 0.0000000 0.99995345 0.99956769
1215812106 0.0000000 0.99995190 0.99963254
1215812707 0.0000000 0.99989170 0.99949867
1215839910 0.0000000 0.99994659 0.99965310
1215843106 0.0000000 0.99993986 0.99962294
1215961116 0.0000000 0.99996144 0.99966353
1216126809 0.0000000 0.99967897 0.99910361
1216904067 0.0000000 0.99994320 0.99967039
1217616949 0.0000000 0.98348248 0.95951235
1218233114 0.0000000 0.99994540 0.99959177
1218994676 0.0000000 0.99994749 0.99960297
1219291482 0.0000000 0.99978518 0.99932885
1219301591 0.0000000 0.99991643 0.99957764
1219869253 0.0000000 0.99990302 0.99950784
1220179542 0.0000000 0.99990761 0.99952692
1220742036 0.0000000 0.99993497 0.99963230
1220946193 0.0000000 0.99993229 0.99964386
1221047734 0.0000000 0.99993438 0.99953091
1222614737 0.0000000 0.99989802 0.99959058
1225404477 0.0000000 0.99986899 0.99941909
1225442295 0.0000000 0.99994206 0.99962777
1228187814 0.0000000 0.99994624 0.99962348
1228684717 0.0000000 0.99994862 0.99962842
1229260451 0.0000000 0.99980259 0.99934018
1229658996 0.0000000 0.99701244 0.99395627
1229990683 0.0000000 0.99996984 0.99970663
1230216280 0.0000000 0.99990904 0.99945784
1230600687 0.0000000 0.99996287 0.99965918
1230860391 0.0000000 0.99970692 0.99919456
1231020274 0.0000000 0.99995869 0.99963039
1231041233 0.0000000 0.99995875 0.99962521
1232714291 0.0000000 0.99994898 0.99981338
1232804891 0.0000000 0.99993002 0.99975753
1233928332 0.0000000 0.99993980 0.99977654
1234166319 0.0000000 0.99920571 0.99839020
1234201315 0.0000000 0.99956411 0.99901909
1234214675 0.0000000 0.99996674 0.99984127
1236731039 0.0000000 0.99994802 0.99977314
1236854628 0.0000000 0.99995142 0.99979132
1237014105 0.0000000 0.99994612 0.99980724
1237159221 0.0000000 0.99995619 0.99978191
1237164701 0.0000000 0.99993587 0.99975008
1237551366 0.0000000 0.99991810 0.99973732
1237619839 0.0000000 0.99993896 0.99981701
1239235949 0.0000000 0.99992728 0.99975902
1239971868 0.0000000 0.99985516 0.99965173
1240678955 0.0000000 0.99994415 0.99980956
1242397863 0.0000000 0.99993563 0.99976432
1242709695 0.0000000 0.99992871 0.99975771
1243376855 0.0000000 0.99994946 0.99979728
1244248765 0.0000000 0.99990869 0.99975967
1245087845 0.0000000 0.99991542 0.99977905
1245407408 0.0000000 0.99995452 0.99981850
1245469469 0.0000000 0.99994600 0.99977624
1245877793 0.0000000 0.99997169 0.99981910
1245881452 0.0000000 0.99997538 0.99984992
1246167876 0.0000000 0.99993300 0.99980152
1246181696 0.0000000 0.99996573 0.99982578
1246182765 0.0000000 0.99995333 0.99985027
1246208530 0.0000000 0.99995607 0.99980742
1246208539 0.0000000 0.99995631 0.99980730
1246598451 0.0000000 0.99995339 0.99979508
1246598488 0.0000000 0.99996352 0.99980766
1246614635 0.0000000 0.99996340 0.99980915
1246985947 0.0000000 0.99995261 0.99978286
1247508302 0.0000000 0.99996299 0.99983323
1247516932 0.0000000 0.99996531 0.99982554
1247654255 0.0000000 0.99993193 0.99968803
1247741293 0.0000000 0.99995637 0.99978656
1247769767 0.0000000 0.99995440 0.99981481
1248159491 0.0000000 0.99993455 0.99973774
1248570012 0.0000000 0.99995327 0.99981523
1248588659 0.0000000 0.99995720 0.99980128
1248872986 0.0000000 0.99995005 0.99980807
1248886386 0.0000000 0.99996644 0.99984103
1249212887 0.0000000 0.99992502 0.99975532
1250467545 0.0000000 0.99996257 0.99980569
1250503855 0.0000000 0.99995178 0.99977881
1250504106 0.0000000 0.99996030 0.99981570
1250601456 0.0000000 0.99994349 0.99979544
1250639275 0.0000000 0.99994618 0.99977642
1250703707 0.0000000 0.99987358 0.99964809
1250777890 0.0000000 0.99994558 0.99976552
1250888264 0.0000000 0.99995077 0.99980074
1250911490 0.0000000 0.99990243 0.99970877
1252249816 0.0000000 0.99991697 0.99972749
1252757125 0.0000000 0.99995959 0.99980903
1254591366 0.0000000 0.99993950 0.99980575
1254664936 0.0000000 0.99992919 0.99977320
1255243328 0.0000000 0.99994880 0.99975997
1256244384 0.0000000 0.99995697 0.99984372
1256252705 0.0000000 0.99993747 0.99975276
1256431794 0.0000000 0.99985498 0.99963993
1257413577 0.0000000 0.91840917 0.73326313
1257413887 0.0000000 0.99994171 0.99978763
1257420861 0.0000000 0.99888754 0.99772990
1257678569 0.0000000 0.99992263 0.99977195
1258065617 0.0000000 0.99988180 0.99964327
1258296469 0.0000000 0.99995172 0.99985367
1258824471 0.0000000 0.99995607 0.99985445
1258926370 0.0000000 0.99991649 0.99970645
1260564405 0.0000000 0.99996960 0.99987954
1260692005 0.0000000 0.99993050 0.99968195
1261227736 0.0000000 0.86944288 0.48342669
1261227864 0.0000000 0.99995506 0.99980724
1261228557 0.0000000 0.99986821 0.99964666
1261232031 0.0000000 0.99992514 0.99978715
1261235533 0.0000000 0.99994856 0.99978620
1261275144 0.0000000 0.99995553 0.99980408
1261713375 0.0000000 0.99995953 0.99982995
1261922241 0.0000000 0.99991226 0.99969625
1262034644 0.0000000 0.99991328 0.99977124
1262237921 0.0000000 0.99990904 0.99972540
1262343689 0.0000000 0.99994397 0.99982148
1262367286 0.0000000 0.99992740 0.99975538
1262622742 0.0000000 0.99869376 0.99737829
1262633257 0.0000000 0.99995750 0.99983639
1263881366 0.0000000 0.99994349 0.99981058
1265523000 0.0000000 0.99996430 0.99986607
1265599504 0.0000000 0.99989992 0.99974364
1265691729 0.0000000 0.99993438 0.99979818
1265942558 0.0000000 0.99992126 0.99984193
1266289887 0.0000000 0.99996102 0.99979460
1266816064 0.0000000 0.99995828 0.99979216
1267146477 0.0000000 0.99992985 0.99978185
1267162697 0.0000000 0.99993449 0.99978715
1267661932 0.0000000 0.99840659 0.99662584
1267662287 0.0000000 0.99994951 0.99983245
1267686434 0.0000000 0.99994677 0.99980056
1267690576 0.0000000 0.99995923 0.99981993
1268040382 0.0000000 0.99992049 0.99979419
1268902896 0.0000000 0.99991727 0.99975318
1268931240 0.0000000 0.99994934 0.99981135
1269644874 0.0000000 0.99991745 0.99980998
1270335780 0.0000000 0.99991214 0.99974483
1270813793 0.0000000 0.99992925 0.99978960
1270961850 0.0000000 0.99995571 0.99980426
1270999307 0.0000000 0.99984741 0.99962354
1271168968 0.0000000 0.99997157 0.99983102
1271191748 0.0000000 0.99995810 0.99979621
1271987388 0.0000000 0.99992758 0.99977165
1272194052 0.0000000 0.99994415 0.99982119
1272250791 0.0000000 0.99994868 0.99973202
1272823213 0.0000000 0.99994308 0.99977696
1274901407 0.0000000 0.99992371 0.99977779
1276535865 0.0000000 0.99996346 0.99979275
1276561877 0.0000000 0.95945716 0.90229976
1276823323 0.0000000 0.99995583 0.99977094
1277440084 0.0000000 0.99993026 0.99979931
1277575551 0.0000000 0.99995464 0.99984103
1277670806 0.0000000 0.99997419 0.99981713
1278097892 0.0000000 0.99996734 0.99982905
1278515743 0.0000000 0.99977815 0.99943775
1278618217 0.0000000 0.99995637 0.99982828
1278636079 0.0000000 0.99995524 0.99983907
1279357457 0.0000000 0.99995452 0.99981493
1279458204 0.0000000 0.99996674 0.99980402
1280029930 0.0000000 0.99996305 0.99980897
1280553485 0.0000000 0.99991155 0.99972880
1280563997 0.0000000 0.99990559 0.99976879
1280587745 0.0000000 0.99994838 0.99977350
1281476617 0.0000000 0.99995100 0.99978429
1282408680 0.0000000 0.99995476 0.99978977
1282415961 0.0000000 0.99996668 0.99983859
1282416480 0.0000000 0.99995518 0.99978131
1283157909 0.0000000 0.99996173 0.99976557
1283540817 0.0000000 0.99993557 0.99975073
1284039008 0.0000000 0.99994504 0.99979013
1284244867 0.0000000 0.99994123 0.99976391
1284952628 0.0000000 0.99993956 0.99977624
1285350982 0.0000000 0.99991363 0.99971324
1285695233 0.0000000 0.99993575 0.99980843
1285876560 0.0000000 0.99974483 0.99935001
1286047392 0.0000000 0.99994832 0.99980855
1286198915 0.0000000 0.99993944 0.99977529
1286865806 0.0000000 0.99737948 0.99471104
1287036373 0.0000000 0.98402548 0.96821690
1289221280 0.0000000 0.99989563 0.99967593
1289567329 0.0000000 0.99994147 0.99977964
1289576340 0.0000000 0.99985588 0.99960440
1290342705 0.0000000 0.99993861 0.99980450
1290784424 0.0000000 0.99987215 0.99960583
1290799240 0.0000000 0.99798644 0.99592203
1291601652 0.0000000 0.99995023 0.99980164
1291689974 0.0000000 0.99970740 0.99927616
1291927327 0.0000000 0.99100310 0.98204422
1292000461 0.0000000 0.94779205 0.88995415
1294804388 0.0000000 0.99993265 0.99972004
1296507195 0.0000000 0.99993747 0.99975854
1296548191 0.0000000 0.99994802 0.99981225
1297058102 0.0000000 0.99988991 0.99971092
1297342916 0.0000000 0.99553692 0.99105978
1297754297 0.0000000 0.99809784 0.99616307
1298970247 0.0000000 0.99065894 0.98130429
1299845150 0.0000000 0.97855419 0.95647007
1300123317 0.0000000 0.99674189 0.99348187
1300281136 0.0000000 0.99685961 0.99369627
1300608051 0.0000000 0.99994117 0.99980342
1301123952 0.0000000 0.99833834 0.99663556
1301458951 0.0000000 0.99995530 0.99978352
1301964194 0.0000000 0.99394059 0.98781633
1302916270 0.0000000 0.99976647 0.99945623
1302961193 0.0000000 0.98860520 0.97724986
1303685617 0.0000000 0.98498821 0.96976125
1304080155 0.0000000 0.99711901 0.99423206
1304082768 0.0000000 0.99908453 0.99812359
1304152538 0.0000000 0.99994928 0.99982554
1304437954 0.0000000 0.99991339 0.99976993
1304717510 0.0000000 0.99864370 0.99720114
1304757333 0.0000000 0.99926335 0.99844146
1306028051 0.0000000 0.99989289 0.99970192
1306098435 0.0000000 0.99996781 0.99984038
1306261925 0.0000000 0.99909830 0.99809921
1307034472 0.0000000 0.99849230 0.99689227
1307669122 0.0000000 0.99984485 0.99954236
1308478735 0.0000000 0.99980360 0.99952775
1309048281 0.0000000 0.99982661 0.99954188
1309094354 0.0000000 0.99993700 0.99979258
1309326569 0.0000000 0.96770179 0.93241656
1309474048 0.0000000 0.99963927 0.99919480
1309601047 0.0000000 0.99098361 0.98197538
1309696244 0.0000000 0.99942130 0.99878281
1309953539 0.0000000 0.99992359 0.99977648
1310469430 0.0000000 0.99993205 0.99974614
1310541580 0.0000000 0.99897450 0.99789882
1310928323 0.0000000 0.99979538 0.99947971
1311000534 0.0000000 0.99934393 0.99861157
1311084070 0.0000000 0.99992186 0.99974275
1311142337 0.0000000 0.99974126 0.99937868
1311692424 0.0000000 0.98427910 0.96822494
1313100452 0.0000000 0.99992609 0.99974650
1314789752 0.0000000 0.99996948 0.99983495
1315538819 0.0000000 0.99996227 0.99980485
1315635988 0.0000000 0.99966556 0.99921566
1315804512 0.0000000 0.99995697 0.99983954
1316643513 0.0000000 0.99995041 0.99983889
1316653258 0.0000000 0.99993831 0.99978375
1317835272 0.0000000 0.98327518 0.96607435
1318175665 0.0000000 0.99995297 0.99976707
1318478724 0.0000000 0.99995703 0.99982756
1319945023 0.0000000 0.99994349 0.99979335
1320074224 0.0000000 0.99993289 0.99976712
1320721143 0.0000000 0.99995989 0.99980670
1321061921 0.0000000 0.99997199 0.99985021
1322787324 0.0000000 0.99996924 0.99984878
1322993584 0.0000000 0.99992645 0.99979979
1323861170 0.0000000 0.99994600 0.99981928
1323909341 0.0000000 0.99995786 0.99983603
1324582798 0.0000000 0.99996400 0.99984711
1325660397 0.0000000 0.99994224 0.99984342
1326181267 0.0000000 0.99993914 0.99978197
1326728445 0.0000000 0.99985254 0.99960876
1327107001 0.0000000 0.99997085 0.99987710
1327480583 0.0000000 0.99992281 0.99974710
1327824459 0.0000000 0.99995536 0.99983972
1328324062 0.0000000 0.99996018 0.99982613
1328459111 0.0000000 0.99995846 0.99980110
1330223700 0.0000000 0.99996418 0.99991184
1330883534 0.0000000 0.99993718 0.99973196
1332071890 0.0000000 0.99990433 0.99976355
1332086295 0.0000000 0.99971080 0.99936050
1332373478 0.0000000 0.99993300 0.99981064
1333258441 0.0000000 0.99994332 0.99980938
1333828758 0.0000000 0.99990797 0.99975109
1333921411 0.0000000 0.99993712 0.99980497
1334227165 0.0000000 0.99990964 0.99976492
1334800688 0.0000000 0.99996328 0.99988204
1335409258 0.0000000 0.99674994 0.99348086
1335538115 0.0000000 0.99990958 0.99976397
1338362741 0.0000000 0.99943298 0.99879843
1338842309 0.0000000 0.99792796 0.99579817
1338890190 0.0000000 0.99875414 0.99740326
1338944914 0.0000000 0.99977374 0.99950510
1338944979 0.0000000 0.99944305 0.99884403
1338945045 0.0000000 0.98575872 0.97145110
1339216879 0.0000000 0.99708170 0.99412674
1339275618 0.0000000 0.97213131 0.91044039
1339278860 0.0000000 0.99755448 0.99507624
1339309409 0.0000000 0.99853355 0.99698168
1339575740 0.0000000 0.98031294 0.96038038
1339598466 0.0000000 0.99469471 0.98937273
1339646879 0.0000000 0.99880159 0.99754632
1339690513 0.0000000 0.99994260 0.99982893
1339702255 0.0000000 0.99977636 0.99942029
1339923712 0.0000000 0.99988663 0.99971098
1341299876 0.0000000 0.99977881 0.99942213
1341924177 0.0000000 0.99980718 0.99955279
1342405200 0.0000000 0.99966896 0.99927187
1344277570 0.0000000 0.99979484 0.99947262
1344910008 0.0000000 0.99974877 0.99944401
1344941743 0.0000000 0.99984407 0.99942523
1345138860 0.0000000 0.99982637 0.99943185
1345234802 0.0000000 0.99988288 0.99958986
1346380382 0.0000000 0.99509537 0.99021024
1346415099 0.0000000 0.99985540 0.99961203
1346415834 0.0000000 0.99986881 0.99963576
1346788818 0.0000000 0.99986392 0.99966854
1346816730 0.0000000 0.99974632 0.99937445
1348523853 0.0000000 0.99983394 0.99960887
1350722979 0.0000000 0.99985749 0.99964440
1350800865 0.0000000 0.99940139 0.99874377
1351161077 0.0000000 0.99980944 0.99955523
1352122829 0.0000000 0.99971920 0.99934345
1352554787 0.0000000 0.99957681 0.99907780
1353431341 0.0000000 0.99982125 0.99958491
1353536726 0.0000000 0.99975127 0.99938536
1354158772 0.0000000 0.99982280 0.99958748
1354470336 0.0000000 0.99972987 0.99934411
1354477411 0.0000000 0.99966514 0.99926025
1354976814 0.0000000 0.99980366 0.99954021
1355221924 0.0000000 0.99980766 0.99959379
1356243184 0.0000000 0.99984050 0.99953789
1356319072 0.0000000 0.99981141 0.99953473
1356487597 0.0000000 0.99970800 0.99932134
1356883405 0.0000000 0.99979907 0.99955046
1357128106 0.0000000 0.99982828 0.99959910
1357236484 0.0000000 0.99964815 0.99923736
1357270197 0.0000000 0.99979305 0.99942875
1357331931 0.0000000 0.99981922 0.99960774
1357541346 0.0000000 0.99980891 0.99944901
1357994057 0.0000000 0.99973345 0.99932224
1358411441 0.0000000 0.99980724 0.99956971
1358708986 0.0000000 0.99974012 0.99943608
1359776392 0.0000000 0.99976718 0.99945956
1361064727 0.0000000 0.99979365 0.99951094
1361239965 0.0000000 0.99976379 0.99945372
1361256759 0.0000000 0.99980593 0.99952447
1361373628 0.0000000 0.99979329 0.99954903
1361471757 0.0000000 0.99983078 0.99964291
1361665659 0.0000000 0.99980235 0.99959475
1362386544 0.0000000 0.99979013 0.99953908
1362609444 0.0000000 0.99977088 0.99948561
1362627405 0.0000000 0.99970371 0.99933213
1362643640 0.0000000 0.99979788 0.99953824
1363079024 0.0000000 0.99970198 0.99935818
1363764120 0.0000000 0.99983454 0.99960840
1364349799 5.00000007E-02 0.85389584 -0.20122898
1364349845 0.0000000 0.99985045 0.99963319
1364355002 0.0000000 0.99982768 0.99941790
1364690983 0.0000000 0.99974293 0.99946529
1365625224 0.0000000 0.99987030 0.99970281
1366061297 0.0000000 0.99744618 0.99488103
1366432589 0.0000000 0.99982846 0.99960732
1366513671 0.0000000 0.99978787 0.99949026
1369110346 0.0000000 0.99984092 0.99957246
1369124755 0.0000000 0.99985230 0.99962026
1369791239 0.0000000 0.99976617 0.99944872
1369883683 0.0000000 0.99977219 0.99944711
1370118743 0.0000000 0.99983323 0.99955279
1370151783 5.00000007E-02 0.87059271 0.29812562
1370623082 0.0000000 0.99981463 0.99942821
1372241957 0.0000000 0.99977982 0.99948806
1372463510 0.0000000 0.99985474 0.99964052
1373829868 0.0000000 0.99985665 0.99969131
1373895699 0.0000000 0.99976856 0.99942678
1373969495 0.0000000 0.99981517 0.99950027
1374677225 0.0000000 0.99978620 0.99950612
1374679935 0.0000000 0.99983734 0.99965245
1376837821 0.0000000 0.99984419 0.99958628
1377205321 0.0000000 0.99975818 0.99949753
1377355603 0.0000000 0.99990582 0.99974072
1377407246 0.0000000 0.99979931 0.99956006
1378247005 0.0000000 0.99981058 0.99958205
1378467231 0.0000000 0.99974579 0.99943668
1379475197 0.0000000 0.99982965 0.99957514
1380542719 0.0000000 0.99978739 0.99952096
1381466759 0.0000000 0.99982959 0.99954987
1381684855 0.0000000 0.99973667 0.99940717
1382170436 0.0000000 0.99953079 0.99900621
1382919848 0.0000000 0.99979061 0.99951953
1383069011 0.0000000 0.99975514 0.99946243
1383085061 0.0000000 0.99969304 0.99921882
1383220929 5.00000007E-02 0.88157248 0.24877876
1383227120 0.0000000 0.99987358 0.99965024
1383227831 0.0000000 0.99986488 0.99966550
1383234448 0.0000000 0.99980789 0.99948370
1383263545 0.0000000 0.99989122 0.99971610
1383450194 0.0000000 0.99979985 0.99947125
1383519374 0.0000000 0.99982375 0.99950212
1383809110 0.0000000 0.99977463 0.99943089
1383809501 0.0000000 0.99982184 0.99947196
1383989687 0.0000000 0.99979240 0.99947160
1384145710 0.0000000 0.99974877 0.99944615
1384544358 0.0000000 0.99979293 0.99952590
1385019362 0.0000000 0.99967963 0.99921900
1386347977 0.0000000 0.99796343 0.99589199
1386357780 0.0000000 0.99971604 0.99933738
1387916955 0.0000000 0.99983674 0.99965554
1389034180 0.0000000 0.99977028 0.99950755
1389204911 0.0000000 0.99981236 0.99950647
1389717867 0.0000000 0.99984848 0.99967861
1389724692 0.0000000 0.99988908 0.99975365
1389729005 0.0000000 0.99987364 0.99971735
1389740803 0.0000000 0.99986130 0.99968493
1389904819 0.0000000 0.99975789 0.99948436
1390517490 0.0000000 0.99981582 0.99944270
1390619771 0.0000000 0.99965614 0.99930489
1391790286 0.0000000 0.99981445 0.99955320
1393014317 0.0000000 0.99971652 0.99936020
1393065064 0.0000000 0.99968523 0.99931335
1393759985 0.0000000 0.99975288 0.99943817
1393791078 0.0000000 0.99984127 0.99965519
1394913876 0.0000000 0.99983281 0.99963433
1395061976 0.0000000 0.99977541 0.99939030
1395231566 0.0000000 0.99983376 0.99954712
1397097485 0.0000000 0.99973857 0.99936736
1397746253 0.0000000 0.99982542 0.99956548
1398443585 0.0000000 0.99987632 0.99967265
1399207416 0.0000000 0.99984384 0.99954450
1399278483 0.0000000 0.99981141 0.99946719
1399745740 0.0000000 0.99975383 0.99936628
1399746271 0.0000000 0.99973661 0.99932253
1400631673 0.0000000 0.94976944 0.85340935
1401021673 0.0000000 0.99985927 0.99966180
1401296286 0.0000000 0.99980879 0.99958444
1402085900 0.0000000 0.99960387 0.99918431
1402313583 0.0000000 0.99982500 0.99962413
1402624068 0.0000000 0.99943882 0.99871975
1402784563 0.0000000 0.99976808 0.99946356
1403034553 0.0000000 0.99972892 0.99941653
1403317269 0.0000000 0.99981320 0.99955678
1403439974 0.0000000 0.99974859 0.99942499
1404774365 0.0000000 0.99975038 0.99939549
1404925818 0.0000000 0.99983352 0.99957752
1405577514 0.0000000 0.99975491 0.99944931
1407296767 0.0000000 0.99977666 0.99948132
1407544588 0.0000000 0.98941278 0.97877938
1408047770 0.0000000 0.99982506 0.99959475
1410046387 0.0000000 0.99978203 0.99940521
1410325949 0.0000000 0.99978417 0.99950743
1410382444 0.0000000 0.99973339 0.99938524
1411247643 0.0000000 0.99978262 0.99939495
1411641303 0.0000000 0.99985343 0.99963921
1412009058 0.0000000 0.99953330 0.99899089
1412705290 0.0000000 0.99983215 0.99954534
1413207959 0.0000000 0.99120307 0.98242617
1414298821 0.0000000 0.99972844 0.99939179
1416419181 0.0000000 0.99979317 0.99947369
1416419227 0.0000000 0.99986774 0.99958992
1416540553 0.0000000 0.99989581 0.99977911
1417557685 0.0000000 0.99975932 0.99944407
1417655668 0.0000000 0.99975890 0.99942052
1418245419 0.0000000 0.99982095 0.99957210
1418533563 0.0000000 0.99977016 0.99950069
1419682925 0.0000000 0.99978477 0.99956709
1419947441 0.0000000 0.99977416 0.99950498
1419995164 0.0000000 0.99966186 0.99917310
1420012476 0.0000000 0.99960887 0.99919975
1420437226 0.0000000 0.99979091 0.99950719
1420606112 0.0000000 0.99983311 0.99965173
1420742654 0.0000000 0.99916601 0.99832648
1421435535 0.0000000 0.99989986 0.99975103
1421639313 0.0000000 0.99985892 0.99965185
1422083726 0.0000000 0.99980968 0.99942207
1422374758 0.0000000 0.99975294 0.99948227
1422958210 0.0000000 0.99970680 0.99935645
1423037687 0.0000000 0.99971253 0.99939889
1423603888 0.0000000 0.97748536 0.95427018
1423726535 0.0000000 0.99983793 0.99962401
1423857991 0.0000000 0.99984616 0.99966323
1424969403 0.0000000 0.99974030 0.99947476
1426114954 0.0000000 0.99971116 0.99939609
1426344314 0.0000000 0.99980879 0.99955696
1426852891 0.0000000 0.99982536 0.99946934
1427105631 5.00000007E-02 0.81820560 -0.77317297
1427483378 0.0000000 0.99978912 0.99953580
1428208678 0.0000000 0.99967790 0.99934483
1428320250 0.0000000 0.99974275 0.99945098
1428945237 0.0000000 0.99973571 0.99947119
1429127316 0.0000000 0.99978918 0.99953091
1429494176 0.0000000 0.99981570 0.99951702
1429494550 0.0000000 0.99984020 0.99959397
1429528847 0.0000000 0.99985176 0.99965519
1429530313 0.0000000 0.99979943 0.99953687
1429531199 0.0000000 0.99973452 0.99936581
1429992097 0.0000000 0.99983686 0.99960291
1430658547 0.0000000 0.99984503 0.99956810
1431333501 0.0000000 0.99979240 0.99956834
1431387795 0.0000000 0.99980372 0.99947566
1431628549 0.0000000 0.99974674 0.99946380
1432588969 0.0000000 0.99983066 0.99956566
1432601816 0.0000000 0.99972737 0.99938315
1432799863 0.0000000 0.99981070 0.99955243
1434467768 0.0000000 0.99985778 0.99958271
1434867330 0.0000000 0.99978435 0.99951613
1435335400 0.0000000 0.99978912 0.99955225
1438066750 0.0000000 0.99968874 0.99915659
1438936857 0.0000000 0.99978507 0.99949998
1439209234 0.0000000 0.99046218 0.98075873
1439418087 0.0000000 0.99927747 0.99848586
1439474882 0.0000000 0.99985051 0.99956864
1439699200 0.0000000 0.99637163 0.99274540
1441113885 0.0000000 0.99916238 0.99816686
1441128847 0.0000000 0.99980587 0.99949032
1441160293 0.0000000 0.99979222 0.99951613
1441898607 0.0000000 0.99978793 0.99950993
1442339782 0.0000000 0.99977732 0.99950337
1442345855 0.0000000 0.99983233 0.99963045
1442345878 0.0000000 0.99985027 0.99966544
1442408939 0.0000000 0.99965101 0.99911058
1442410226 0.0000000 0.99980748 0.99956393
1442413798 0.0000000 0.99979341 0.99944556
1443074281 0.0000000 0.99981052 0.99956071
1443555465 0.0000000 0.99985510 0.99962026
1444648487 0.0000000 0.99980968 0.99955696
1444736944 0.0000000 0.99979401 0.99952871
1444953165 0.0000000 0.99983555 0.99961627
1444953267 0.0000000 0.99985284 0.99966300
1445014914 0.0000000 0.99970597 0.99940336
1445221055 0.0000000 0.99975389 0.99939191
1445233331 0.0000000 0.99975508 0.99947965
1445239215 0.0000000 0.99977976 0.99952084
1446412182 0.0000000 0.99976844 0.99950093
1446412281 0.0000000 0.99983054 0.99961656
1446509184 0.0000000 0.99984223 0.99962109
1446509190 0.0000000 0.99984241 0.99962103
1446714386 0.0000000 0.99970466 0.99928451
1447167192 0.0000000 0.99983609 0.99955398
1447255999 0.0000000 0.99982345 0.99962372
1447277516 0.0000000 0.99969107 0.99935204
1448316095 0.0000000 0.99808758 0.99616194
1448671943 0.0000000 0.99888772 0.99775803
1449033717 0.0000000 0.99909180 0.99812883
1449035580 0.0000000 0.99905711 0.99805856
1449153073 0.0000000 0.99925846 0.99827325
1449935242 0.0000000 0.99911487 0.99798518
1450510821 0.0000000 0.99692798 0.99386042
1450536811 0.0000000 0.99860203 0.99715620
1450992022 0.0000000 0.99929732 0.99857634
1451199638 0.0000000 0.99907833 0.99807537
1451327726 0.0000000 0.99876142 0.99752009
1451523194 0.0000000 0.99840826 0.99676090
1451829690 0.0000000 0.99901551 0.99802607
1451928000 0.0000000 0.99915117 0.99815828
1452487977 0.0000000 0.99923879 0.99838936
1453169606 0.0000000 0.99921191 0.99824739
1453824336 0.0000000 0.99900371 0.99789995
1454422761 0.0000000 0.99929702 0.99849123
1454702246 0.0000000 0.99919981 0.99828142
1454702308 0.0000000 0.99908084 0.99812287
1454702406 0.0000000 0.99915099 0.99820232
1454702512 0.0000000 0.99934047 0.99867362
1454978820 0.0000000 0.99823934 0.99646145
1455590759 0.0000000 0.99904251 0.99803698
1455595494 0.0000000 0.99916965 0.99810940
1455757779 0.0000000 0.99912667 0.99795556
1455758311 0.0000000 0.99883372 0.99754745
1456215987 0.0000000 0.99898213 0.99795640
1456541993 0.0000000 0.99918878 0.99822021
1457201466 0.0000000 0.99902332 0.99800211
1457276938 0.0000000 0.99911183 0.99821192
1459152479 0.0000000 0.99871624 0.99742544
1459502085 0.0000000 0.99826431 0.99650168
1459988008 0.0000000 0.99853659 0.99705905
1460294506 0.0000000 0.99839878 0.99679381
1460353509 0.0000000 0.99916506 0.99819803
1460804146 0.0000000 0.99930006 0.99846548
1461082597 0.0000000 0.99912494 0.99824989
1461607991 0.0000000 0.99912244 0.99808890
1461770234 0.0000000 0.99886316 0.99756831
1461770257 0.0000000 0.99890363 0.99765307
1461770858 0.0000000 0.99901754 0.99803811
1461781146 0.0000000 0.99931079 0.99854511
1461806086 0.0000000 0.99929172 0.99840486
1462056417 0.0000000 0.99857384 0.99715239
1462199340 0.0000000 0.99863428 0.99727041
1462521203 0.0000000 0.99919355 0.99827343
1462632669 0.0000000 0.99898040 0.99796265
1462675593 0.0000000 0.99914622 0.99810487
1463023035 0.0000000 0.99950951 0.99902177
1463023251 0.0000000 0.99921679 0.99841523
1463023282 0.0000000 0.99922085 0.99841899
1463027395 0.0000000 0.99916458 0.99831283
1463127852 0.0000000 0.99941272 0.99880487
1463195522 0.0000000 0.99873161 0.99740905
1463196768 0.0000000 0.99919385 0.99838507
1463530965 0.0000000 0.99922645 0.99844527
1463863900 0.0000000 0.99942046 0.99876338
1463882779 0.0000000 0.99930209 0.99851531
1464184475 0.0000000 0.99918967 0.99835533
1464544116 0.0000000 0.99889320 0.99777126
1464576767 0.0000000 0.99908137 0.99816018
1464630651 0.0000000 0.99897647 0.99794078
1464672226 0.0000000 0.99541593 0.99075079
1466204142 0.0000000 0.99863780 0.99707174
1466383187 0.0000000 0.99889213 0.99771124
1466409210 0.0000000 0.99852979 0.99703300
1466715930 0.0000000 0.99885595 0.99770921
1467361422 0.0000000 0.99891883 0.99784052
1469019333 0.0000000 0.99877805 0.99750412
1469592155 0.0000000 0.99881774 0.99752116
1471008941 0.0000000 0.99868417 0.99717355
1471908408 0.0000000 0.99897099 0.99793869
1472660934 0.0000000 0.99837512 0.99666649
1473440050 0.0000000 0.99927700 0.99842060
1475055492 0.0000000 0.99894172 0.99750978
1475769120 0.0000000 0.99936867 0.99836785
1477370752 0.0000000 0.99910796 0.99801451
1478519786 0.0000000 0.99896163 0.99790388
1478903131 0.0000000 0.99896443 0.99789715
1480024554 0.0000000 0.99916798 0.99833161
1480377579 0.0000000 0.99928170 0.99842888
1480507474 0.0000000 0.99912643 0.99808151
1481256588 0.0000000 0.99887937 0.99768192
1481811269 0.0000000 0.99911153 0.99813735
1483057851 0.0000000 0.99866122 0.99710250
1483513641 0.0000000 0.99936694 0.99872911
1484155863 0.0000000 0.99885863 0.99771148
1484797338 0.0000000 0.99846464 0.99672312
1484900187 0.0000000 0.99917495 0.99834645
1485329586 0.0000000 0.99894482 0.99786860
1486746772 0.0000000 0.99899119 0.99794149
1487420859 0.0000000 0.99913460 0.99823177
1487652197 0.0000000 0.99840987 0.99680811
1488212310 0.0000000 0.99882698 0.99763429
1488924651 0.0000000 0.99885899 0.99770284
1489967289 0.0000000 0.99891621 0.99778563
1490066029 0.0000000 0.99422163 0.98847014
1490805242 0.0000000 0.99906808 0.99806869
1492112471 0.0000000 0.99910021 0.99748892
1492367656 0.0000000 0.99936092 0.99866229
1493517442 0.0000000 0.99896771 0.99772656
1493960850 0.0000000 0.99877876 0.99744928
1493986611 0.0000000 0.99373674 0.98750705
1494889974 0.0000000 0.99908602 0.99811858
1494932580 0.0000000 0.99906230 0.99797738
1495631454 0.0000000 0.99865967 0.99729580
1495691291 0.0000000 0.99866635 0.99729699
1495956669 0.0000000 0.99892551 0.99782974
1495999757 0.0000000 0.99918914 0.99824142
1496582686 0.0000000 0.99935019 0.99867493
1497967350 0.0000000 0.99420351 0.98843539
1498029939 0.0000000 0.99881554 0.99762273
1500318986 0.0000000 0.99913234 0.99815947
1501139292 0.0000000 0.99897432 0.99785644
1501845585 0.0000000 0.99931067 0.99861348
1502294736 0.0000000 0.99919325 0.99806726
1502416734 0.0000000 0.99917907 0.99800104
1502582915 0.0000000 0.99863130 0.99708307
1504364658 0.0000000 0.99895197 0.99789637
1505096741 0.0000000 0.99876481 0.99751395
1505687994 0.0000000 0.99953598 0.99883789
1505917796 0.0000000 0.99914032 0.99815947
1506232185 0.0000000 0.99900550 0.99800801
1506549399 0.0000000 0.99836862 0.99670666
1507505391 0.0000000 0.99906617 0.99793380
1507747520 0.0000000 0.99871176 0.99733543
1508582157 0.0000000 0.99884844 0.99750400
1509318944 0.0000000 0.99879444 0.99745691
1509677295 0.0000000 0.99913526 0.99824941
1509677339 0.0000000 0.99914086 0.99825913
1509752088 0.0000000 0.99913406 0.99820268
1510398879 0.0000000 0.99924082 0.99845380
1510402973 0.0000000 0.99919587 0.99829990
1510440860 0.0000000 0.99830788 0.99661005
1510947032 0.0000000 0.99876517 0.99752742
1511360409 0.0000000 0.99916238 0.99821210
1511470532 0.0000000 0.99920833 0.99835962
1512230735 0.0000000 0.99904531 0.99790359
1512377977 0.0000000 0.99919343 0.99830085
1512704669 0.0000000 0.99944067 0.99887294
1513120660 0.0000000 0.99872339 0.99745047
1516168751 0.0000000 0.99891382 0.99782079
1516984288 0.0000000 0.99931818 0.99860531
1517686257 0.0000000 0.99876028 0.99747592
1517749972 0.0000000 0.99902618 0.99804878
1517752600 0.0000000 0.99914819 0.99826187
1517752662 0.0000000 0.99892014 0.99780440
1517753127 0.0000000 0.99881822 0.99763411
1517753452 0.0000000 0.99905276 0.99810594
1517753522 0.0000000 0.99908686 0.99817425
1517753592 0.0000000 0.99908704 0.99816740
1517753815 0.0000000 0.99903888 0.99798578
1517758427 0.0000000 0.99862808 0.99722791
1517763262 0.0000000 0.99861914 0.99716890
1517821602 0.0000000 0.99905246 0.99809307
1517823894 0.0000000 0.99886692 0.99773204
1517846321 0.0000000 0.99903262 0.99806976
1517852233 0.0000000 0.99908328 0.99813861
1517893754 0.0000000 0.99903852 0.99806619
1517906208 0.0000000 0.99885070 0.99769509
1517932241 0.0000000 0.98177224 0.95625883
1517932280 0.0000000 0.99846405 0.99669200
1517932282 0.0000000 0.99839705 0.99665838
1517932427 0.0000000 0.99893725 0.99786735
1517932434 0.0000000 0.99893320 0.99786061
1517932492 0.0000000 0.99876702 0.99745619
1517933877 0.0000000 0.99894202 0.99754393
1517940013 0.0000000 0.99883324 0.99761254
1517940459 0.0000000 0.99900705 0.99797451
1517944528 0.0000000 0.99842662 0.99684006
1517945796 0.0000000 0.99889302 0.99778295
1517950582 0.0000000 0.99852663 0.99705511
1517958702 0.0000000 0.99830180 0.99658608
1517960631 0.0000000 0.99914300 0.99816507
1517969882 0.0000000 0.99904507 0.99805117
1517974578 0.0000000 0.99903095 0.99805206
1517998787 0.0000000 0.99910820 0.99821371
1518001985 0.0000000 0.99861193 0.99717611
1518008800 0.0000000 0.99880987 0.99760741
1518008880 0.0000000 0.99900848 0.99801290
1518013159 0.0000000 0.99901521 0.99796909
1518016890 0.0000000 0.99901837 0.99803281
1518016916 0.0000000 0.99922180 0.99842739
1518051257 0.0000000 0.99805146 0.99603027
1518059164 0.0000000 0.99864191 0.99727905
1518142443 0.0000000 0.99877173 0.99752635
1518201789 0.0000000 0.99901795 0.99803329
1518248929 0.0000000 0.99822104 0.99643934
1518858396 0.0000000 0.99921054 0.99826473
1518981709 0.0000000 0.99916780 0.99833059
1519051621 0.0000000 0.99812996 0.99608237
1519254641 0.0000000 0.99898261 0.99771965
1519583320 0.0000000 0.99917871 0.99832970
1519962147 0.0000000 0.99859554 0.99718791
1520098551 0.0000000 0.99881428 0.99759495
1520329330 0.0000000 0.99849898 0.99671507
1521024527 0.0000000 0.99867827 0.99735504
1521537776 0.0000000 0.99897045 0.99787825
1521728871 0.0000000 0.99886519 0.99772787
1522232997 0.0000000 0.99899256 0.99798673
1522282670 0.0000000 0.99710929 0.99421901
1522598524 0.0000000 0.99913520 0.99815440
1523432369 0.0000000 0.99896741 0.99778992
1523886539 0.0000000 0.99915481 0.99822438
1524201906 0.0000000 0.99893469 0.99782258
1524248877 0.0000000 0.99870163 0.99736398
1524308214 0.0000000 0.99949837 0.99891335
1524503432 0.0000000 0.99893898 0.99782389
1524721460 0.0000000 0.99903727 0.99800247
1524721601 0.0000000 0.99907809 0.99806416
1524808553 0.0000000 0.99897605 0.99794084
1525218424 0.0000000 0.99924111 0.99847662
1526098666 0.0000000 0.99907947 0.99815762
1527728598 0.0000000 0.99925083 0.99844807
1527904870 0.0000000 0.99934512 0.99867868
1528731725 0.0000000 0.99869227 0.99734962
1528750347 0.0000000 0.99890482 0.99777305
1528856173 0.0000000 0.99887329 0.99757278
1529096035 0.0000000 0.99895775 0.99790210
1529334375 0.0000000 0.99912620 0.99794835
1529522338 0.0000000 0.99923199 0.99845260
1530516370 0.0000000 0.99918598 0.99834484
1530516385 0.0000000 0.99918574 0.99834472
1530609654 0.0000000 0.99932063 0.99857497
1531312909 0.0000000 0.99904662 0.99797207
1531507119 0.0000000 0.99922502 0.99825084
1532050755 0.0000000 0.99923629 0.99838656
1533217098 0.0000000 0.99921364 0.99824470
1533504622 0.0000000 0.99896365 0.99785662
1533801692 0.0000000 0.99915361 0.99820030
1534500582 0.0000000 0.99929148 0.99857628
1534551317 0.0000000 0.99379587 0.98477715
1535572403 0.0000000 0.99920130 0.99824935
1535660064 0.0000000 0.99899560 0.99796742
1536498994 0.0000000 0.99935514 0.99870312
1536641006 0.0000000 0.99819434 0.99635178
1536700815 0.0000000 0.99878240 0.99753720
