1125373372 0.0000000 0.99938649 0.99856973
1125685516 0.0000000 0.99988979 0.99954772
1125969360 0.0000000 0.99997878 0.99979389
1127055473 0.0000000 0.99985856 0.99954879
1127456637 0.0000000 0.99988198 0.99955720
1127471662 0.0000000 0.99986380 0.99951953
1127494190 0.0000000 0.99988866 0.99955732
1127760620 0.0000000 0.99989396 0.99952233
1128153007 0.0000000 0.99990070 0.99953181
1128174696 0.0000000 0.99991119 0.99961150
1128475640 0.0000000 0.99978054 0.99920332
1128528995 0.0000000 0.99992728 0.99966878
1128891916 0.0000000 0.99792314 0.99565530
1128923244 0.0000000 0.99988669 0.99956310
1129069430 0.0000000 0.99533242 0.99066377
1129155495 0.0000000 0.99945325 0.99869114
1129246313 0.0000000 0.99957472 0.99890471
1129324370 0.0000000 0.99989372 0.99959970
1129391464 0.0000000 0.99994326 0.99968559
1129907016 0.0000000 0.99833596 0.99643224
1130249327 0.0000000 0.99985147 0.99946380
1131428965 0.0000000 0.99982637 0.99938887
1131431840 0.0000000 0.99987143 0.99952865
1132062095 0.0000000 0.99991602 0.99959189
1132132485 0.0000000 0.99985015 0.99944514
1132148341 0.0000000 0.99993759 0.99967670
1132166999 0.0000000 0.99989939 0.99961978
1132661855 0.0000000 0.99989289 0.99955857
1132975230 0.0000000 0.99992996 0.99959129
1133111580 0.0000000 0.99985224 0.99942124
1133304109 0.0000000 0.99993849 0.99967241
1133601723 0.0000000 0.99981195 0.99932599
1133908462 0.0000000 0.99987841 0.99949348
1134710133 0.0000000 0.99991375 0.99963039
1135808248 0.0000000 0.99992108 0.99962395
1135976852 0.0000000 0.99989480 0.99953634
1136739698 0.0000000 0.99987459 0.99955308
1137913657 0.0000000 0.99995279 0.99974394
1137989937 0.0000000 0.99995309 0.99976665
1137990003 0.0000000 0.99994999 0.99972343
1138288259 0.0000000 0.99991620 0.99967808
1139284609 0.0000000 0.98592597 0.97181463
1139326915 0.0000000 0.99984753 0.99948567
1140725945 0.0000000 0.99988949 0.99952477
1140746150 0.0000000 0.99994886 0.99974537
1141877248 0.0000000 0.99990273 0.99960440
1142029462 0.0000000 0.99981892 0.99945408
1142229311 0.0000000 0.99991256 0.99964893
1142709582 0.0000000 0.99993229 0.99972552
1143536168 0.0000000 0.99996036 0.99974972
1143616861 0.0000000 0.99991930 0.99966609
1143885739 0.0000000 0.99994397 0.99973702
1143885924 0.0000000 0.99990708 0.99966460
1143888020 0.0000000 0.99993956 0.99970156
1144129163 0.0000000 0.99992996 0.99971569
1144133312 0.0000000 0.99990767 0.99967784
1144179006 0.0000000 0.99996716 0.99975032
1144806135 -156.35001 5.50393872E-02 -74965896.
1145140855 -180.90001 5.30020893E-02 -1.79215663E+11
1145323561 -53.500000 5.20727970E-02 -2.22973584E+08
1146215126 0.0000000 0.99992299 0.99980843
1146944291 0.0000000 0.89748102 0.76217788
1146966782 0.0000000 0.99987322 0.99972045
1147258751 0.0000000 0.99975389 0.99951094
1149411961 0.0000000 0.99987304 0.99969637
1149638545 0.0000000 0.99987364 0.99966550
1149771133 0.0000000 0.99946475 0.99888235
1151387381 0.0000000 0.99986756 0.99969703
1154072410 0.0000000 0.99996579 0.99989414
1155212722 0.0000000 0.99983960 0.99960786
1156044082 0.0000000 0.99815959 0.99629188
1156698676 0.0000000 0.99991179 0.99979633
1158266854 0.0000000 0.99985468 0.99965483
1159598968 0.0000000 0.99989843 0.99973434
1159684577 0.0000000 0.99988532 0.99970782
1160388105 0.0000000 0.99987024 0.99969286
1160392104 0.0000000 0.99989849 0.99968892
1160549032 0.0000000 0.99986655 0.99967450
1160664389 0.0000000 0.99991906 0.99975014
1163299258 0.0000000 0.99985307 0.99960822
1163456967 0.0000000 0.99996293 0.99984896
1163641819 0.0000000 0.99988407 0.99973738
1164570370 0.0000000 0.99984562 0.99961525
1165358160 0.0000000 0.99988061 0.99967784
1165368969 0.0000000 0.99984646 0.99964643
1166094636 0.0000000 0.99992186 0.99980801
1166561075 0.0000000 0.99987382 0.99964094
1166894907 0.0000000 0.99984872 0.99962735
1167121204 0.0000000 0.99983978 0.99962169
1167135981 0.0000000 0.99990427 0.99977535
1167136317 0.0000000 0.99991697 0.99981606
1167136455 0.0000000 0.99991679 0.99981582
1167136825 0.0000000 0.99980652 0.99954152
1167144800 0.0000000 0.99981856 0.99958926
1167147704 0.0000000 0.99989617 0.99972123
1167154513 0.0000000 0.99988574 0.99973243
1167186639 0.0000000 0.99992007 0.99976361
1167298740 0.0000000 0.99938142 0.99864936
1167318376 0.0000000 0.98603338 0.97198355
1167324678 0.0000000 0.99970555 0.99934793
1167592780 0.0000000 0.99861515 0.99718034
1167604646 0.0000000 0.99984306 0.99963248
1168792515 0.0000000 0.99990457 0.99972814
1168917035 0.0000000 0.99992949 0.99982381
1169006425 0.0000000 0.99984163 0.99962658
1169712716 0.0000000 0.99900895 0.99797773
1169722755 0.0000000 0.99988890 0.99974185
1170262059 0.0000000 0.99956447 0.99902201
1170524118 0.0000000 0.99967575 0.99929345
1171366614 0.0000000 0.99984449 0.99962604
1171423577 0.0000000 0.99985015 0.99966401
1171423831 0.0000000 0.99988985 0.99972826
1171832699 0.0000000 0.99987233 0.99969935
1172178017 0.0000000 0.99987572 0.99970210
1173308237 0.0000000 0.99989241 0.99973184
1173368256 0.0000000 0.99984187 0.99960607
1174197233 0.0000000 0.99943471 0.99882883
1175309106 0.0000000 0.99984157 0.99960846
1175583473 0.0000000 0.99992388 0.99980408
1176242685 0.0000000 0.99977160 0.99949712
1177115546 0.0000000 0.99985325 0.99962616
1177175308 0.0000000 0.99972594 0.99942338
1178992210 0.0000000 0.99985832 0.99964988
1180238725 0.0000000 0.99925423 0.99845642
1180618796 0.0000000 0.99971116 0.99937677
1181939353 0.0000000 0.99982983 0.99958301
1182196765 0.0000000 0.99965221 0.99923509
1182265663 0.0000000 0.99947804 0.99889255
1182396227 0.0000000 0.99987864 0.99966854
1182398897 0.0000000 0.99986738 0.99969423
1184629372 0.0000000 0.99985439 0.99967092
1185198002 0.0000000 0.99965531 0.99929953
1185799546 0.0000000 0.99928868 0.99855542
1185861072 0.0000000 0.99985766 0.99966908
1186620947 0.0000000 0.99991620 0.99976289
1186786330 0.0000000 0.99992651 0.99980915
1188350129 0.0000000 0.99980915 0.99955827
1188356416 0.0000000 0.99987477 0.99969351
1188908193 0.0000000 0.99990410 0.99977779
1188950111 0.0000000 0.99880761 0.99759114
1189101086 0.0000000 0.99342704 0.98545408
1189101321 0.0000000 0.99992692 0.99981827
1189194674 0.0000000 0.99981701 0.99958843
1190442424 0.0000000 0.99986708 0.99964076
1191742755 0.0000000 0.99992180 0.99977487
1192071901 0.0000000 0.99985933 0.99957842
1192632000 0.0000000 0.99974048 0.99938768
1193967194 0.0000000 0.99944991 0.99881727
1194476053 0.0000000 0.99992692 0.99982250
1196283913 0.0000000 0.99991089 0.99973118
1196818902 0.0000000 0.99991155 0.99977452
1196950527 0.0000000 0.99979007 0.99946141
1197715613 0.0000000 0.99977934 0.99946076
1198522115 0.0000000 0.99990743 0.99972671
1200543890 0.0000000 0.95757151 0.91104007
1200856359 0.0000000 0.99950087 0.99884450
1201442068 0.0000000 0.99978387 0.99948633
1203280382 0.0000000 0.99987316 0.99971205
1203409866 0.0000000 0.99962586 0.99920177
1203790455 0.0000000 0.99986595 0.99966216
1204138448 0.0000000 0.99988949 0.99969506
1204304285 0.0000000 0.99991208 0.99979454
1204490434 0.0000000 0.99956250 0.99905676
1204651907 0.0000000 0.99991608 0.99976665
1204651936 0.0000000 0.99992055 0.99977636
1204670552 0.0000000 0.99967909 0.99929404
1207186072 0.0000000 0.99972594 0.99940592
1208187584 0.0000000 0.99988788 0.99969947
1208931881 0.0000000 0.99991292 0.99980152
1208975321 0.0000000 0.99984980 0.99966770
1208982088 0.0000000 0.99979901 0.99954945
1208988255 0.0000000 0.99984968 0.99957711
1208988552 0.0000000 0.99986964 0.99968535
1209105937 0.0000000 0.99975199 0.99945641
1209216223 0.0000000 0.99800384 0.99598378
1209291757 0.0000000 0.99960178 0.99915111
1209339084 0.0000000 0.99983817 0.99963850
1209362380 0.0000000 0.99980134 0.99955225
1209543825 0.0000000 0.99954212 0.99898165
1209563099 0.0000000 0.99975157 0.99945182
1209583346 0.0000000 0.99948382 0.99892598
1209820628 0.0000000 0.99984586 0.99962240
1209877317 0.0000000 0.99963373 0.99921578
1210448520 0.0000000 0.99990046 0.99975652
1210560189 0.0000000 0.99972409 0.99939191
1210633064 0.0000000 0.99993581 0.99985039
1210703275 0.0000000 0.99986696 0.99966520
1212285435 0.0000000 0.99980092 0.99960083
1212339563 0.0000000 0.99991512 0.99976212
1213107823 0.0000000 0.99954414 0.99899226
1213158817 0.0000000 0.99983531 0.99962085
1213486164 0.0000000 0.99985868 0.99967462
1214086760 0.0000000 0.99976617 0.99948806
1214128508 0.0000000 0.99978048 0.99948919
1214211456 0.0000000 0.98791337 0.97556734
1214561217 0.0000000 0.99917430 0.99834460
1215221786 0.0000000 0.99920183 0.99836588
1215745668 0.0000000 0.99986380 0.99967915
1215812106 0.0000000 0.99987191 0.99969167
1215812707 0.0000000 0.99975652 0.99948323
1215839910 0.0000000 0.99987692 0.99971414
1215843106 0.0000000 0.99992657 0.99981129
1215961116 0.0000000 0.99991173 0.99978608
1216126809 0.0000000 0.99943364 0.99882555
1216904067 0.0000000 0.99988741 0.99971962
1217616949 0.0000000 0.99740559 0.99481803
1218233114 0.0000000 0.99988109 0.99970192
1218994676 0.0000000 0.99988216 0.99969727
1219291482 0.0000000 0.99972159 0.99939418
1219301591 0.0000000 0.99988449 0.99973810
1219869253 0.0000000 0.99979997 0.99954987
1220179542 0.0000000 0.99981594 0.99951786
1220742036 0.0000000 0.99989671 0.99971426
1220946193 0.0000000 0.99989533 0.99974257
1221047734 0.0000000 0.99989641 0.99975896
1222614737 0.0000000 0.99984747 0.99961162
1225404477 0.0000000 0.99980742 0.99958760
1225442295 0.0000000 0.99986809 0.99966556
1228187814 0.0000000 0.99985766 0.99965376
1228684717 0.0000000 0.99988741 0.99974805
1229260451 0.0000000 0.99976742 0.99947226
1229658996 0.0000000 0.99641782 0.99283952
1229990683 0.0000000 0.99989974 0.99975836
1230216280 0.0000000 0.99974960 0.99940544
1230600687 0.0000000 0.99991614 0.99977112
1230860391 0.0000000 0.99960077 0.99911946
1231020274 0.0000000 0.99989921 0.99975437
1231041233 0.0000000 0.99992037 0.99980485
1232714291 0.0000000 0.99985904 0.99972630
1232804891 0.0000000 0.99985743 0.99971324
1233928332 0.0000000 0.99983627 0.99966908
1234166319 0.0000000 0.99953300 0.99904579
1234201315 0.0000000 0.99940139 0.99879986
1234214675 0.0000000 0.99993300 0.99986345
1236731039 0.0000000 0.99987572 0.99975216
1236854628 0.0000000 0.99989355 0.99978548
1237014105 0.0000000 0.99988252 0.99973541
1237159221 0.0000000 0.99989152 0.99977595
1237164701 0.0000000 0.99991119 0.99981284
1237551366 0.0000000 0.99982101 0.99963820
1237619839 0.0000000 0.99987173 0.99972767
1239235949 0.0000000 0.99982494 0.99965245
1239971868 0.0000000 0.99971414 0.99942034
1240678955 0.0000000 0.99984932 0.99968982
1242397863 0.0000000 0.99989480 0.99978435
1242709695 0.0000000 0.99990165 0.99980068
1243376855 0.0000000 0.99987954 0.99975157
1244248765 0.0000000 0.99982452 0.99964476
1245087845 0.0000000 0.99982136 0.99963617
1245407408 0.0000000 0.99992132 0.99984235
1245469469 0.0000000 0.99990559 0.99980456
1245877793 0.0000000 0.99992740 0.99985319
1245881452 0.0000000 0.99994141 0.99988031
1246167876 0.0000000 0.99984783 0.99969327
1246181696 0.0000000 0.99992168 0.99984145
1246182765 0.0000000 0.99983603 0.99966997
1246208530 0.0000000 0.99986160 0.99972117
1246208539 0.0000000 0.99986118 0.99972081
1246598451 0.0000000 0.99993569 0.99986631
1246598488 0.0000000 0.99992341 0.99984509
1246614635 0.0000000 0.99992245 0.99984324
1246985947 0.0000000 0.99993873 0.99987626
1247508302 0.0000000 0.99995065 0.99990219
1247516932 0.0000000 0.99995744 0.99991012
1247654255 0.0000000 0.99986374 0.99972039
1247741293 0.0000000 0.99993056 0.99986422
1247769767 0.0000000 0.99991637 0.99983573
1248159491 0.0000000 0.99984902 0.99969465
1248570012 0.0000000 0.99991667 0.99983394
1248588659 0.0000000 0.99987131 0.99973881
1248872986 0.0000000 0.99990225 0.99980682
1248886386 0.0000000 0.99991614 0.99982232
1249212887 0.0000000 0.99981993 0.99963892
1250467545 0.0000000 0.99994349 0.99989069
1250503855 0.0000000 0.99988687 0.99977726
1250504106 0.0000000 0.99986660 0.99973351
1250601456 0.0000000 0.99990553 0.99980670
1250639275 0.0000000 0.99985027 0.99969387
1250703707 0.0000000 0.99974072 0.99947113
1250777890 0.0000000 0.99991226 0.99982160
1250888264 0.0000000 0.99990487 0.99980998
1250911490 0.0000000 0.99982136 0.99963182
1252249816 0.0000000 0.99985409 0.99969685
1252757125 0.0000000 0.99990976 0.99981934
1254591366 0.0000000 0.99988627 0.99977458
1254664936 0.0000000 0.99982768 0.99965608
1255243328 0.0000000 0.99987197 0.99973863
1256244384 0.0000000 0.99988776 0.99977237
1256252705 0.0000000 0.99992234 0.99984217
1256431794 0.0000000 0.99982393 0.99963909
1257413577 0.0000000 0.92213362 0.74414456
1257413887 0.0000000 0.99984449 0.99968690
1257420861 0.0000000 0.99980664 0.99958122
1257678569 0.0000000 0.99983132 0.99966747
1258065617 0.0000000 0.99985200 0.99969661
1258296469 0.0000000 0.99988145 0.99976283
1258824471 0.0000000 0.99985927 0.99971956
1258926370 0.0000000 0.99981672 0.99963051
1260564405 0.0000000 0.99989647 0.99979192
1260692005 0.0000000 0.99985737 0.99971271
1261227736 0.0000000 0.83567554 0.38140154
1261227864 0.0000000 0.99994916 0.99989253
1261228557 0.0000000 0.99980146 0.99959677
1261232031 0.0000000 0.99983197 0.99966913
1261235533 0.0000000 0.99986690 0.99969554
1261275144 0.0000000 0.99988198 0.99975866
1261713375 0.0000000 0.99994272 0.99988419
1261922241 0.0000000 0.99987197 0.99973953
1262034644 0.0000000 0.99984211 0.99968714
1262237921 0.0000000 0.99969548 0.99938971
1262343689 0.0000000 0.99986261 0.99972355
1262367286 0.0000000 0.99983406 0.99966812
1262622742 0.0000000 0.99877548 0.99750656
1262633257 0.0000000 0.99989611 0.99978769
1263881366 0.0000000 0.99984175 0.99967682
1265523000 0.0000000 0.99991977 0.99983728
1265599504 0.0000000 0.99976379 0.99951035
1265691729 0.0000000 0.99990404 0.99980050
1265942558 0.0000000 0.99988258 0.99976140
1266289887 0.0000000 0.99992466 0.99984664
1266816064 0.0000000 0.99992186 0.99983460
1267146477 0.0000000 0.99985558 0.99971265
1267162697 0.0000000 0.99989450 0.99978971
1267661932 0.0000000 0.99990129 0.99974692
1267662287 0.0000000 0.99987835 0.99975181
1267686434 0.0000000 0.99985337 0.99971497
1267690576 0.0000000 0.99990368 0.99979860
1268040382 0.0000000 0.99981564 0.99962997
1268902896 0.0000000 0.99984658 0.99969321
1268931240 0.0000000 0.99987990 0.99976259
1269644874 0.0000000 0.99974114 0.99948263
1270335780 0.0000000 0.99981898 0.99963129
1270813793 0.0000000 0.99990618 0.99980277
1270961850 0.0000000 0.99990630 0.99980527
1270999307 0.0000000 0.99977553 0.99954885
1271168968 0.0000000 0.99992102 0.99983966
1271191748 0.0000000 0.99990267 0.99980652
1271987388 0.0000000 0.99986070 0.99972266
1272194052 0.0000000 0.99989790 0.99979192
1272250791 0.0000000 0.99989957 0.99976748
1272823213 0.0000000 0.99988031 0.99976158
1274901407 0.0000000 0.99980074 0.99959940
1276535865 0.0000000 0.99992239 0.99982458
1276561877 0.0000000 0.98299772 0.94920987
1276823323 0.0000000 0.99990267 0.99980497
1277440084 0.0000000 0.99980134 0.99960017
1277575551 0.0000000 0.99992788 0.99985605
1277670806 0.0000000 0.99990267 0.99980092
1278097892 0.0000000 0.99987429 0.99974829
1278515743 0.0000000 0.99953908 0.99907362
1278618217 0.0000000 0.99991405 0.99982697
1278636079 0.0000000 0.99990976 0.99981713
1279357457 0.0000000 0.99986112 0.99972457
1279458204 0.0000000 0.99993199 0.99985534
1280029930 0.0000000 0.99990147 0.99980289
1280553485 0.0000000 0.99988329 0.99976707
1280563997 0.0000000 0.99962729 0.99924356
1280587745 0.0000000 0.99986643 0.99973434
1281476617 0.0000000 0.99989289 0.99978405
1282408680 0.0000000 0.99982131 0.99964184
1282415961 0.0000000 0.99988300 0.99976635
1282416480 0.0000000 0.99988598 0.99977213
1283157909 0.0000000 0.99993277 0.99986386
1283540817 0.0000000 0.99988580 0.99976641
1284039008 0.0000000 0.99988127 0.99975187
1284244867 0.0000000 0.99988306 0.99976575
1284952628 0.0000000 0.99982435 0.99965084
1285350982 0.0000000 0.99985325 0.99969870
1285695233 0.0000000 0.99989408 0.99978316
1285876560 0.0000000 0.99992341 0.99983919
1286047392 0.0000000 0.99987656 0.99974543
1286198915 0.0000000 0.99989396 0.99978578
1286865806 0.0000000 0.99984419 0.99968487
1287036373 0.0000000 0.99986303 0.99972385
1289221280 0.0000000 0.99984115 0.99968070
1289567329 0.0000000 0.99992907 0.99986041
1289576340 0.0000000 0.99989325 0.99978536
1290342705 0.0000000 0.99991488 0.99982774
1290784424 0.0000000 0.99994075 0.99988371
1290799240 0.0000000 0.99992198 0.99984163
1291601652 0.0000000 0.99982119 0.99963385
1291689974 0.0000000 0.99986720 0.99973303
1291927327 0.0000000 0.99954605 0.99908644
1292000461 0.0000000 0.99791116 0.99581730
1294804388 0.0000000 0.99990118 0.99980074
1296507195 0.0000000 0.99989289 0.99977928
1296548191 0.0000000 0.99990821 0.99981797
1297058102 0.0000000 0.99988550 0.99976683
1297342916 0.0000000 0.99985576 0.99971038
1297754297 0.0000000 0.99991781 0.99983335
1298970247 0.0000000 0.99980462 0.99958980
1299845150 0.0000000 0.99972904 0.99945772
1300123317 0.0000000 0.99984616 0.99968839
1300281136 0.0000000 0.99986529 0.99972099
1300608051 0.0000000 0.99991626 0.99981970
1301123952 0.0000000 0.99985850 0.99971282
1301458951 0.0000000 0.99992067 0.99983943
1301964194 0.0000000 0.99982190 0.99963349
1302916270 0.0000000 0.99992472 0.99985003
1302961193 0.0000000 0.99991590 0.99982816
1303685617 0.0000000 0.99980009 0.99959677
1304080155 0.0000000 0.99984682 0.99969459
1304082768 0.0000000 0.99989289 0.99978501
1304152538 0.0000000 0.99994618 0.99989235
1304437954 0.0000000 0.99983299 0.99966449
1304717510 0.0000000 0.99989796 0.99979115
1304757333 0.0000000 0.99984366 0.99968332
1306028051 0.0000000 0.99993199 0.99986255
1306098435 0.0000000 0.99990600 0.99978983
1306261925 0.0000000 0.99979264 0.99958414
1307034472 0.0000000 0.99989390 0.99979150
1307669122 0.0000000 0.99981725 0.99963260
1308478735 0.0000000 0.99985641 0.99970943
1309048281 0.0000000 0.99991888 0.99983490
1309094354 0.0000000 0.99984497 0.99968511
1309326569 0.0000000 0.99912351 0.99824041
1309474048 0.0000000 0.99982554 0.99965227
1309601047 0.0000000 0.99979603 0.99958736
1309696244 0.0000000 0.99989313 0.99979264
1309953539 0.0000000 0.99989957 0.99980009
1310469430 0.0000000 0.99983859 0.99966758
1310541580 0.0000000 0.99983573 0.99967360
1310928323 0.0000000 0.99989712 0.99979335
1311000534 0.0000000 0.99985951 0.99971652
1311084070 0.0000000 0.99990261 0.99978387
1311142337 0.0000000 0.99991596 0.99983257
1311692424 0.0000000 0.99954194 0.99907517
1313100452 0.0000000 0.99982315 0.99964237
1314789752 0.0000000 0.99976313 0.99951142
1315538819 0.0000000 0.99981302 0.99960434
1315635988 0.0000000 0.99945349 0.99889851
1315804512 0.0000000 0.99981672 0.99963391
1316643513 0.0000000 0.99972636 0.99942666
1316653258 0.0000000 0.99970442 0.99940699
1317835272 0.0000000 0.97304475 0.94362766
1318175665 0.0000000 0.99984282 0.99958491
1318478724 0.0000000 0.99978632 0.99957138
1319945023 0.0000000 0.99982214 0.99964094
1320074224 0.0000000 0.99982053 0.99963892
1320721143 0.0000000 0.99985361 0.99970472
1321061921 0.0000000 0.99987912 0.99975526
1322787324 0.0000000 0.99972618 0.99943715
1322993584 0.0000000 0.99972731 0.99945432
1323861170 0.0000000 0.99984765 0.99969417
1323909341 0.0000000 0.99983209 0.99960667
1324582798 0.0000000 0.99989897 0.99973536
1325660397 0.0000000 0.99980676 0.99957389
1326181267 0.0000000 0.99979162 0.99958110
1326728445 0.0000000 0.99966800 0.99932390
1327107001 0.0000000 0.99984699 0.99967557
1327480583 0.0000000 0.99969274 0.99938190
1327824459 0.0000000 0.99980706 0.99960423
1328324062 0.0000000 0.99982774 0.99965310
1328459111 0.0000000 0.99978393 0.99952096
1330223700 0.0000000 0.99995738 0.99990588
1330883534 0.0000000 0.99993390 0.99984860
1332071890 0.0000000 0.99984962 0.99968630
1332086295 0.0000000 0.99971026 0.99941987
1332373478 0.0000000 0.99985182 0.99969679
1333258441 0.0000000 0.99987948 0.99974710
1333828758 0.0000000 0.99990398 0.99979234
1333921411 0.0000000 0.99995971 0.99990517
1334227165 0.0000000 0.99989390 0.99978918
1334800688 0.0000000 0.99994820 0.99988806
1335409258 0.0000000 0.99651766 0.99296069
1335538115 0.0000000 0.99986351 0.99971670
1338362741 0.0000000 0.99990916 0.99981111
1338842309 0.0000000 0.99994463 0.99988031
1338890190 0.0000000 0.99996221 0.99991626
1338944914 0.0000000 0.99994558 0.99988776
1338944979 0.0000000 0.99993014 0.99985212
1338945045 0.0000000 0.99992704 0.99985313
1339216879 0.0000000 0.99989522 0.99978602
1339275618 0.0000000 0.93924302 0.81256086
1339278860 0.0000000 0.99993610 0.99987006
1339309409 0.0000000 0.99987465 0.99972606
1339575740 0.0000000 0.99996167 0.99991125
1339598466 0.0000000 0.99991924 0.99983382
1339646879 0.0000000 0.99988872 0.99975598
1339690513 0.0000000 0.99990439 0.99979943
1339702255 0.0000000 0.99990004 0.99979973
1339923712 0.0000000 0.99991661 0.99983108
1341299876 0.0000000 0.99988157 0.99975419
1341924177 0.0000000 0.99987495 0.99974316
1342405200 0.0000000 0.99965984 0.99930507
1344277570 0.0000000 0.99983478 0.99964249
1344910008 0.0000000 0.99989033 0.99977070
1344941743 0.0000000 0.99988550 0.99967128
1345138860 0.0000000 0.99989730 0.99974012
1345234802 0.0000000 0.99967378 0.99928004
1346380382 0.0000000 0.99507922 0.99010932
1346415099 0.0000000 0.99988198 0.99975789
1346415834 0.0000000 0.99985397 0.99971652
1346788818 0.0000000 0.99984217 0.99968386
1346816730 0.0000000 0.99988520 0.99975175
1348523853 0.0000000 0.99980730 0.99961126
1350722979 0.0000000 0.99978489 0.99956733
1350800865 0.0000000 0.99945068 0.99889332
1351161077 0.0000000 0.99984318 0.99968362
1352122829 0.0000000 0.99983442 0.99964118
1352554787 0.0000000 0.99950182 0.99900162
1353431341 0.0000000 0.99985051 0.99969977
1353536726 0.0000000 0.99991250 0.99980509
1354158772 0.0000000 0.99977928 0.99955350
1354470336 0.0000000 0.99990177 0.99978882
1354477411 0.0000000 0.99990141 0.99978977
1354976814 0.0000000 0.99990183 0.99979913
1355221924 0.0000000 0.99986953 0.99973869
1356243184 0.0000000 0.99975890 0.99951041
1356319072 0.0000000 0.99984616 0.99968755
1356487597 0.0000000 0.99991137 0.99981481
1356883405 0.0000000 0.99988192 0.99976242
1357128106 0.0000000 0.99989682 0.99979001
1357236484 0.0000000 0.99992788 0.99984378
1357270197 0.0000000 0.99990004 0.99975425
1357331931 0.0000000 0.99984634 0.99969244
1357541346 0.0000000 0.99986041 0.99970204
1357994057 0.0000000 0.99991548 0.99981147
1358411441 0.0000000 0.99986440 0.99972582
1358708986 0.0000000 0.99990028 0.99979383
1359776392 0.0000000 0.99986458 0.99972707
1361064727 0.0000000 0.99980158 0.99959838
1361239965 0.0000000 0.99987000 0.99972755
1361256759 0.0000000 0.99981457 0.99962020
1361373628 0.0000000 0.99987131 0.99974346
1361471757 0.0000000 0.99990338 0.99980295
1361665659 0.0000000 0.99982369 0.99964952
1362386544 0.0000000 0.99984711 0.99969375
1362609444 0.0000000 0.99979717 0.99959260
1362627405 0.0000000 0.99987257 0.99971920
1362643640 0.0000000 0.99982107 0.99963850
1363079024 0.0000000 0.99987698 0.99974495
1363764120 0.0000000 0.99986494 0.99972719
1364349799 5.00000007E-02 0.83474177 -3.53332758E-02
1364349845 0.0000000 0.99984944 0.99969393
1364355002 0.0000000 0.99987650 0.99971420
1364690983 0.0000000 0.99975914 0.99951148
1365625224 0.0000000 0.99983466 0.99966723
1366061297 0.0000000 0.99757904 0.99512035
1366432589 0.0000000 0.99985212 0.99970502
1366513671 0.0000000 0.99989891 0.99979335
1369110346 0.0000000 0.99984431 0.99967414
1369124755 0.0000000 0.99978864 0.99956524
1369791239 0.0000000 0.99990326 0.99978811
1369883683 0.0000000 0.99978328 0.99955851
1370118743 0.0000000 0.99974108 0.99947900
1370151783 0.0000000 0.91467267 0.65608525
1370623082 0.0000000 0.99990255 0.99975938
1372241957 0.0000000 0.99988186 0.99976766
1372463510 0.0000000 0.99989915 0.99978918
1373829868 0.0000000 0.99986017 0.99972218
1373895699 0.0000000 0.99991512 0.99980372
1373969495 0.0000000 0.99986333 0.99971735
1374677225 0.0000000 0.99986047 0.99970633
1374679935 0.0000000 0.99984676 0.99969405
1376837821 0.0000000 0.99985993 0.99971145
1377205321 0.0000000 0.99981081 0.99962109
1377355603 0.0000000 0.99983174 0.99966371
1377407246 0.0000000 0.99975896 0.99950975
1378247005 0.0000000 0.99983293 0.99966550
1378467231 0.0000000 0.99989259 0.99978447
1379475197 0.0000000 0.99985993 0.99971259
1380542719 0.0000000 0.99987608 0.99974990
1381466759 0.0000000 0.99982643 0.99962068
1381684855 0.0000000 0.99982256 0.99964249
1382170436 0.0000000 0.99949467 0.99898291
1382919848 0.0000000 0.99982572 0.99964374
1383069011 0.0000000 0.99981719 0.99963623
1383085061 0.0000000 0.99985570 0.99968529
1383220929 0.0000000 0.93288237 0.76471680
1383227120 0.0000000 0.99979967 0.99959362
1383227831 0.0000000 0.99975818 0.99950051
1383234448 0.0000000 0.99973559 0.99943888
1383263545 0.0000000 0.99977094 0.99952275
1383450194 0.0000000 0.99979323 0.99958748
1383519374 0.0000000 0.99985832 0.99963623
1383809110 0.0000000 0.99984407 0.99966574
1383809501 0.0000000 0.99985129 0.99967939
1383989687 0.0000000 0.99986285 0.99971420
1384145710 0.0000000 0.99988604 0.99977100
1384544358 0.0000000 0.99988437 0.99976498
1385019362 0.0000000 0.99987209 0.99974054
1386347977 0.0000000 0.99686825 0.99369764
1386357780 0.0000000 0.99991053 0.99980253
1387916955 0.0000000 0.99984866 0.99968684
1389034180 0.0000000 0.99990678 0.99980879
1389204911 0.0000000 0.99986053 0.99970317
1389717867 0.0000000 0.99981976 0.99963707
1389724692 0.0000000 0.99983895 0.99966586
1389729005 0.0000000 0.99984807 0.99967963
1389740803 0.0000000 0.99982131 0.99964219
1389904819 0.0000000 0.99983382 0.99966192
1390517490 0.0000000 0.99991572 0.99980402
1390619771 0.0000000 0.99987853 0.99974263
1391790286 0.0000000 0.99984878 0.99967790
1393014317 0.0000000 0.99992388 0.99982643
1393065064 0.0000000 0.99978757 0.99955142
1393759985 0.0000000 0.99976647 0.99953294
1393791078 0.0000000 0.99987668 0.99974722
1394913876 0.0000000 0.99983013 0.99965924
1395061976 0.0000000 0.99990374 0.99975473
1395231566 0.0000000 0.99987626 0.99972469
1397097485 0.0000000 0.99987721 0.99973428
1397746253 0.0000000 0.99985784 0.99970776
1398443585 0.0000000 0.99982983 0.99965405
1399207416 0.0000000 0.99977058 0.99948716
1399278483 0.0000000 0.99986821 0.99972022
1399745740 0.0000000 0.99985003 0.99966532
1399746271 0.0000000 0.99987060 0.99971491
1400631673 0.0000000 0.97029257 0.91603422
1401021673 0.0000000 0.99987400 0.99974346
1401296286 0.0000000 0.99978465 0.99956638
1402085900 0.0000000 0.99992198 0.99984032
1402313583 0.0000000 0.99980760 0.99960524
1402624068 0.0000000 0.99978930 0.99954891
1402784563 0.0000000 0.99982864 0.99965262
1403034553 0.0000000 0.99985558 0.99969876
1403317269 0.0000000 0.99978513 0.99956888
1403439974 0.0000000 0.99977386 0.99954265
1404774365 0.0000000 0.99990153 0.99979872
1404925818 0.0000000 0.99980378 0.99960327
1405577514 0.0000000 0.99985713 0.99971139
1407296767 0.0000000 0.99982375 0.99964398
1407544588 0.0000000 0.99213374 0.98407561
1408047770 0.0000000 0.99981326 0.99962401
1410046387 0.0000000 0.99985743 0.99970114
1410325949 0.0000000 0.99989283 0.99978417
1410382444 0.0000000 0.99978894 0.99955940
1411247643 0.0000000 0.99973595 0.99946398
1411641303 0.0000000 0.99979860 0.99959880
1412009058 0.0000000 0.99956596 0.99912834
1412705290 0.0000000 0.99976432 0.99952221
1413207959 0.0000000 0.99404329 0.98789138
1414298821 0.0000000 0.99985433 0.99970680
1416419181 0.0000000 0.99988931 0.99975961
1416419227 0.0000000 0.99985158 0.99968225
1416540553 0.0000000 0.99982625 0.99963355
1417557685 0.0000000 0.99984056 0.99967432
1417655668 0.0000000 0.99982935 0.99964643
1418245419 0.0000000 0.99986684 0.99973124
1418533563 0.0000000 0.99971056 0.99941421
1419682925 0.0000000 0.99989331 0.99979079
1419947441 0.0000000 0.99977374 0.99953598
1419995164 0.0000000 0.99991536 0.99981612
1420012476 0.0000000 0.99990904 0.99981332
1420437226 0.0000000 0.99984127 0.99968129
1420606112 0.0000000 0.99987280 0.99974424
1420742654 0.0000000 0.99900889 0.99801660
1421435535 0.0000000 0.99982005 0.99962866
1421639313 0.0000000 0.99975967 0.99951643
1422083726 0.0000000 0.99988204 0.99971718
1422374758 0.0000000 0.99973470 0.99947000
1422958210 0.0000000 0.99977511 0.99954468
1423037687 0.0000000 0.99990869 0.99981338
1423603888 0.0000000 0.97825247 0.95523077
1423726535 0.0000000 0.99983853 0.99967605
1423857991 0.0000000 0.99982679 0.99965268
1424969403 0.0000000 0.99985343 0.99969834
1426114954 0.0000000 0.99987656 0.99975437
1426344314 0.0000000 0.99986368 0.99972749
1426852891 0.0000000 0.99984634 0.99965799
1427105631 0.0000000 0.83251190 0.23645341
1427483378 0.0000000 0.99976236 0.99951607
1428208678 0.0000000 0.99992639 0.99984938
1428320250 0.0000000 0.99991983 0.99983925
1428945237 0.0000000 0.99985152 0.99969155
1429127316 0.0000000 0.99978298 0.99955928
1429494176 0.0000000 0.99984401 0.99967211
1429494550 0.0000000 0.99987566 0.99973881
1429528847 0.0000000 0.99977219 0.99954271
1429530313 0.0000000 0.99989200 0.99976915
1429531199 0.0000000 0.99992830 0.99983305
1429992097 0.0000000 0.99991000 0.99981022
1430658547 0.0000000 0.99984282 0.99965250
1431333501 0.0000000 0.99984199 0.99968022
1431387795 0.0000000 0.99987811 0.99972463
1431628549 0.0000000 0.99978423 0.99956828
1432588969 0.0000000 0.99983788 0.99966383
1432601816 0.0000000 0.99990815 0.99980539
1432799863 0.0000000 0.99989295 0.99978489
1434467768 0.0000000 0.99968326 0.99933428
1434867330 0.0000000 0.99988872 0.99977016
1435335400 0.0000000 0.99985528 0.99970245
1438066750 0.0000000 0.99989825 0.99974597
1438936857 0.0000000 0.99977452 0.99953777
1439209234 0.0000000 0.98969394 0.97884816
1439418087 0.0000000 0.99910611 0.99819016
1439474882 0.0000000 0.99986452 0.99970430
1439699200 0.0000000 0.99561894 0.99114400
1441113885 0.0000000 0.99989814 0.99965596
1441128847 0.0000000 0.99989796 0.99976677
1441160293 0.0000000 0.99986434 0.99971598
1441898607 0.0000000 0.99989086 0.99977535
1442339782 0.0000000 0.99988639 0.99977285
1442345855 0.0000000 0.99985671 0.99971318
1442345878 0.0000000 0.99985588 0.99971092
1442408939 0.0000000 0.99991393 0.99978727
1442410226 0.0000000 0.99988031 0.99974823
1442413798 0.0000000 0.99986070 0.99968892
1443074281 0.0000000 0.99981230 0.99962461
1443555465 0.0000000 0.99987006 0.99968684
1444648487 0.0000000 0.99984550 0.99969757
1444736944 0.0000000 0.99979997 0.99960184
1444953165 0.0000000 0.99982715 0.99965250
1444953267 0.0000000 0.99982452 0.99965096
1445014914 0.0000000 0.99986273 0.99972028
1445221055 0.0000000 0.99988198 0.99973851
1445233331 0.0000000 0.99990171 0.99980050
1445239215 0.0000000 0.99989957 0.99978870
1446412182 0.0000000 0.99988800 0.99977064
1446412281 0.0000000 0.99988323 0.99976128
1446509184 0.0000000 0.99985862 0.99971092
1446509190 0.0000000 0.99985862 0.99971074
1446714386 0.0000000 0.99985290 0.99970502
1447167192 0.0000000 0.99980903 0.99960017
1447255999 0.0000000 0.99978423 0.99956787
1447277516 0.0000000 0.99985927 0.99971312
1448316095 0.0000000 0.99859083 0.99718642
1448671943 0.0000000 0.99863344 0.99726146
1449033717 0.0000000 0.99855584 0.99706799
1449035580 0.0000000 0.99855673 0.99707997
1449153073 0.0000000 0.99831754 0.99637586
1449935242 0.0000000 0.99865270 0.99716192
1450510821 0.0000000 0.99555802 0.99108154
1450536811 0.0000000 0.99833810 0.99665225
1450992022 0.0000000 0.99730134 0.99458504
1451199638 0.0000000 0.99821943 0.99630904
1451327726 0.0000000 0.99881637 0.99762028
1451523194 0.0000000 0.99789160 0.99574763
1451829690 0.0000000 0.99829519 0.99658042
1451928000 0.0000000 0.99766153 0.99514967
1452487977 0.0000000 0.99850547 0.99700671
1453169606 0.0000000 0.99820727 0.99621940
1453824336 0.0000000 0.99815530 0.99619949
1454422761 0.0000000 0.99818349 0.99618763
1454702246 0.0000000 0.99830341 0.99625385
1454702308 0.0000000 0.99850798 0.99696714
1454702406 0.0000000 0.99845928 0.99681467
1454702512 0.0000000 0.99779606 0.99558985
1454978820 0.0000000 0.99920338 0.99839407
1455590759 0.0000000 0.99852926 0.99704969
1455595494 0.0000000 0.99858278 0.99689436
1455757779 0.0000000 0.99864757 0.99684352
1455758311 0.0000000 0.99890351 0.99767864
1456215987 0.0000000 0.99871117 0.99741364
1456541993 0.0000000 0.99829334 0.99635953
1457201466 0.0000000 0.99841160 0.99678051
1457276938 0.0000000 0.99828619 0.99656337
1459152479 0.0000000 0.99868822 0.99737859
1459502085 0.0000000 0.99911219 0.99820560
1459988008 0.0000000 0.99888462 0.99776667
1460294506 0.0000000 0.99901879 0.99803525
1460353509 0.0000000 0.99821597 0.99627173
1460804146 0.0000000 0.99798501 0.99583519
1461082597 0.0000000 0.99837255 0.99673170
1461607991 0.0000000 0.99856782 0.99696475
1461770234 0.0000000 0.99887264 0.99761987
1461770257 0.0000000 0.99883652 0.99754715
1461770858 0.0000000 0.99890381 0.99779457
1461781146 0.0000000 0.99818188 0.99633408
1461806086 0.0000000 0.99811202 0.99599087
1462056417 0.0000000 0.99901986 0.99803394
1462199340 0.0000000 0.99896634 0.99792409
1462521203 0.0000000 0.99845815 0.99689502
1462632669 0.0000000 0.99852258 0.99703968
1462675593 0.0000000 0.99861532 0.99691451
1463023035 0.0000000 0.99714172 0.99423873
1463023251 0.0000000 0.99819541 0.99639004
1463023282 0.0000000 0.99819452 0.99638778
1463027395 0.0000000 0.99857676 0.99714679
1463127852 0.0000000 0.99778920 0.99557614
1463195522 0.0000000 0.99890375 0.99777699
1463196768 0.0000000 0.99840611 0.99680716
1463530965 0.0000000 0.99817866 0.99636233
1463863900 0.0000000 0.99736929 0.99465704
1463882779 0.0000000 0.99794090 0.99581367
1464184475 0.0000000 0.99761504 0.99523234
1464544116 0.0000000 0.99849796 0.99699295
1464576767 0.0000000 0.99859154 0.99718940
1464630651 0.0000000 0.99849570 0.99699384
1464672226 0.0000000 0.98057002 0.94540226
1466204142 0.0000000 0.99901897 0.99786097
1466383187 0.0000000 0.99849498 0.99698937
1466409210 0.0000000 0.99897897 0.99795699
1466715930 0.0000000 0.99881679 0.99762899
1467361422 0.0000000 0.99874502 0.99747318
1469019333 0.0000000 0.99854320 0.99702621
1469592155 0.0000000 0.99874699 0.99738818
1471008941 0.0000000 0.99903852 0.99795771
1471908408 0.0000000 0.99858785 0.99713737
1472660934 0.0000000 0.99905896 0.99809968
1473440050 0.0000000 0.99790019 0.99577790
1475055492 0.0000000 0.99885446 0.99736738
1475769120 0.0000000 0.99848354 0.99640363
1477370752 0.0000000 0.99860221 0.99706048
1478519786 0.0000000 0.99863678 0.99727446
1478903131 0.0000000 0.99899721 0.99785680
1480024554 0.0000000 0.99859065 0.99713713
1480377579 0.0000000 0.99803931 0.99603355
1480507474 0.0000000 0.99858534 0.99712950
1481256588 0.0000000 0.99859416 0.99716306
1481811269 0.0000000 0.99852604 0.99699569
1483057851 0.0000000 0.99904716 0.99793226
1483513641 0.0000000 0.99742436 0.99484599
1484155863 0.0000000 0.99870282 0.99738353
1484797338 0.0000000 0.99814820 0.99615097
1484900187 0.0000000 0.99830270 0.99659044
1485329586 0.0000000 0.99845266 0.99690646
1486746772 0.0000000 0.99867022 0.99732894
1487420859 0.0000000 0.99820751 0.99641132
1487652197 0.0000000 0.99867910 0.99735576
1488212310 0.0000000 0.99876809 0.99753493
1488924651 0.0000000 0.99902791 0.99802947
1489967289 0.0000000 0.99872029 0.99743843
1490066029 0.0000000 0.99289179 0.98563296
1490805242 0.0000000 0.99821341 0.99640405
1492112471 0.0000000 0.99908251 0.99758142
1492367656 0.0000000 0.99771059 0.99539256
1493517442 0.0000000 0.99875021 0.99734747
1493960850 0.0000000 0.99873871 0.99746776
1493986611 0.0000000 0.99179411 0.98329395
1494889974 0.0000000 0.99853253 0.99704868
1494932580 0.0000000 0.99854249 0.99702662
1495631454 0.0000000 0.99877393 0.99754477
1495691291 0.0000000 0.99891460 0.99774396
1495956669 0.0000000 0.99844265 0.99688268
1495999757 0.0000000 0.99816489 0.99624300
1496582686 0.0000000 0.99839157 0.99648219
1497967350 0.0000000 0.99195868 0.98381954
1498029939 0.0000000 0.99883378 0.99766457
1500318986 0.0000000 0.99830610 0.99656475
1501139292 0.0000000 0.99851203 0.99702197
1501845585 0.0000000 0.99832839 0.99656624
1502294736 0.0000000 0.99812782 0.99610549
1502416734 0.0000000 0.99855059 0.99686009
1502582915 0.0000000 0.99901468 0.99799854
1504364658 0.0000000 0.99854046 0.99703157
1505096741 0.0000000 0.99871600 0.99743247
1505687994 0.0000000 0.99724358 0.99414217
1505917796 0.0000000 0.99850202 0.99697584
1506232185 0.0000000 0.99872351 0.99743760
1506549399 0.0000000 0.99907851 0.99815339
1507505391 0.0000000 0.99858510 0.99704808
1507747520 0.0000000 0.99885499 0.99768764
1508582157 0.0000000 0.99873531 0.99745381
1509318944 0.0000000 0.99902952 0.99803329
1509677295 0.0000000 0.99824786 0.99650431
1509677339 0.0000000 0.99825031 0.99650949
1509752088 0.0000000 0.99818295 0.99636775
1510398879 0.0000000 0.99819976 0.99638546
1510402973 0.0000000 0.99816799 0.99627143
1510440860 0.0000000 0.99913520 0.99827152
1510947032 0.0000000 0.99903071 0.99802774
1511360409 0.0000000 0.99833125 0.99656713
1511470532 0.0000000 0.99805194 0.99608207
1512230735 0.0000000 0.99831468 0.99639255
1512377977 0.0000000 0.99819940 0.99638021
1512704669 0.0000000 0.99685067 0.99368906
1513120660 0.0000000 0.99902803 0.99802786
1516168751 0.0000000 0.99847484 0.99695587
1516984288 0.0000000 0.99771452 0.99542630
1517686257 0.0000000 0.99888259 0.99775434
1517749972 0.0000000 0.99878436 0.99756408
1517752600 0.0000000 0.99851584 0.99693710
1517752662 0.0000000 0.99884081 0.99767411
1517753127 0.0000000 0.99871492 0.99742723
1517753452 0.0000000 0.99875921 0.99749583
1517753522 0.0000000 0.99872035 0.99742609
1517753592 0.0000000 0.99871933 0.99742359
1517753815 0.0000000 0.99875700 0.99749553
1517758427 0.0000000 0.99886352 0.99769378
1517763262 0.0000000 0.99885941 0.99769950
1517821602 0.0000000 0.99858499 0.99717689
1517823894 0.0000000 0.99859244 0.99718690
1517846321 0.0000000 0.99851412 0.99703294
1517852233 0.0000000 0.99853116 0.99704522
1517893754 0.0000000 0.99868000 0.99735451
1517906208 0.0000000 0.99884576 0.99768817
1517932241 0.0000000 0.97894734 0.93947268
1517932280 0.0000000 0.99840945 0.99677956
1517932282 0.0000000 0.99820536 0.99639440
1517932427 0.0000000 0.99873328 0.99745905
1517932434 0.0000000 0.99873781 0.99746698
1517932492 0.0000000 0.99908715 0.99812162
1517933877 0.0000000 0.99908924 0.99793077
1517940013 0.0000000 0.99903494 0.99801302
1517940459 0.0000000 0.99898899 0.99787015
1517944528 0.0000000 0.99915552 0.99830240
1517945796 0.0000000 0.99881113 0.99762881
1517950582 0.0000000 0.99908727 0.99816763
1517958702 0.0000000 0.99916583 0.99832016
1517960631 0.0000000 0.99903345 0.99781328
1517969882 0.0000000 0.99864119 0.99727845
1517974578 0.0000000 0.99854529 0.99708462
1517998787 0.0000000 0.99845701 0.99691874
1518001985 0.0000000 0.99908799 0.99812222
1518008800 0.0000000 0.99892527 0.99781233
1518008880 0.0000000 0.99860656 0.99721551
1518013159 0.0000000 0.99889839 0.99770242
1518016890 0.0000000 0.99862146 0.99724954
1518016916 0.0000000 0.99825507 0.99649292
1518051257 0.0000000 0.99933499 0.99864602
1518059164 0.0000000 0.99888086 0.99776375
1518142443 0.0000000 0.99890637 0.99774504
1518201789 0.0000000 0.99866915 0.99730051
1518248929 0.0000000 0.99913973 0.99827570
1518858396 0.0000000 0.99814916 0.99611956
1518981709 0.0000000 0.99795312 0.99584353
1519051621 0.0000000 0.99918038 0.99829739
1519254641 0.0000000 0.99848324 0.99693775
1519583320 0.0000000 0.99806046 0.99612421
1519962147 0.0000000 0.99896908 0.99794346
1520098551 0.0000000 0.99891502 0.99782628
1520329330 0.0000000 0.99908656 0.99802876
1521024527 0.0000000 0.99907619 0.99815023
1521537776 0.0000000 0.99859673 0.99715227
1521728871 0.0000000 0.99863029 0.99722844
1522232997 0.0000000 0.99843913 0.99687421
1522282670 0.0000000 0.99959624 0.99919116
1522598524 0.0000000 0.99894768 0.99744308
1523432369 0.0000000 0.99846685 0.99687904
1523886539 0.0000000 0.99831188 0.99656814
1524201906 0.0000000 0.99847043 0.99690348
1524248877 0.0000000 0.99870640 0.99731892
1524308214 0.0000000 0.99721169 0.99441373
1524503432 0.0000000 0.99867183 0.99731457
1524721460 0.0000000 0.99840194 0.99676383
1524721601 0.0000000 0.99834490 0.99663574
1524808553 0.0000000 0.99866670 0.99733007
1525218424 0.0000000 0.99838567 0.99674785
1526098666 0.0000000 0.99840730 0.99679291
1527728598 0.0000000 0.99815887 0.99628192
1527904870 0.0000000 0.99775237 0.99549025
1528731725 0.0000000 0.99869579 0.99738187
1528750347 0.0000000 0.99857432 0.99714291
1528856173 0.0000000 0.99809241 0.99601269
1529096035 0.0000000 0.99862522 0.99725330
1529334375 0.0000000 0.99841011 0.99649817
1529522338 0.0000000 0.99855453 0.99703199
1530516370 0.0000000 0.99819142 0.99637872
1530516385 0.0000000 0.99819189 0.99637866
1530609654 0.0000000 0.99784482 0.99563563
1531312909 0.0000000 0.99842185 0.99681270
1531507119 0.0000000 0.99834454 0.99656200
1532050755 0.0000000 0.99803287 0.99604738
1533217098 0.0000000 0.99820334 0.99635386
1533504622 0.0000000 0.99834627 0.99660242
1533801692 0.0000000 0.99794513 0.99578893
1534500582 0.0000000 0.99758482 0.99517035
1534551317 0.0000000 0.99784672 0.99570352
1535572403 0.0000000 0.99827671 0.99653190
1535660064 0.0000000 0.99826020 0.99652314
1536498994 0.0000000 0.99774700 0.99546248
1536641006 0.0000000 0.99916291 0.99832904
1536700815 0.0000000 0.99870932 0.99740064
