1393759985 0.0000000 0.67275143 -0.99770617
1393791078 0.0000000 0.96648473 0.92442232
1394913876 0.0000000 0.98204792 0.96203327
1395061976 0.0000000 0.97209769 0.94051903
1395231566 0.0000000 0.98154855 0.96213275
1397097485 0.0000000 0.97355127 0.94578272
1397746253 0.0000000 0.97825187 0.95492101
1398443585 0.0000000 0.94678330 0.87492001
1399207416 0.0000000 0.85951322 0.53636229
1399278483 0.0000000 0.94308233 0.87579036
1399745740 0.0000000 0.95843595 0.91018313
1399746271 0.0000000 0.96227646 0.91796142
1400631673 0.0000000 0.98782873 0.97570544
1402085900 0.0000000 0.70823956 -1.5996175
1402313583 0.0000000 0.95661443 0.90304005
1402624068 0.0000000 0.84660900 0.52023494
1402784563 0.0000000 0.98121297 0.96193957
1403034553 0.0000000 0.78445202 0.11774254
1403317269 0.0000000 0.76571697 -0.31106532
1403439974 0.0000000 0.71588314 -1.0802293
1404774365 0.0000000 0.98834997 0.97576398
1404925818 0.0000000 0.93114030 0.83106226
1405577514 0.0000000 0.97843432 0.95286918
1407296767 0.0000000 0.93403620 0.84486550
1407544588 0.0000000 0.51227021 -2.2057674
1408047770 0.0000000 0.97631460 0.94931638
1410046387 0.0000000 0.98581159 0.97139949
1410325949 0.0000000 0.88518631 0.66641057
1410382444 0.0000000 0.93141037 0.83779645
1411247643 0.0000000 0.89422065 0.67314982
1411641303 0.0000000 0.96871889 0.93521547
1412009058 0.0000000 0.84613585 0.56019485
1412705290 0.0000000 0.86301625 0.58942044
1413207959 0.0000000 0.66395175 -0.20198262
1414298821 0.0000000 0.71740460 -3.7028542
1416419181 0.0000000 0.95486134 0.89876735
1416419227 0.0000000 0.99224091 0.98416942
1416540553 0.0000000 0.96585846 0.92262447
1417557685 0.0000000 0.93463552 0.84098637
1417655668 0.0000000 0.73522043 -0.60691190
1418245419 0.0000000 0.86541164 0.59105027
1418533563 0.0000000 0.77319980 -3.04096937E-02
1419682925 0.0000000 0.81526506 0.12254977
1419947441 0.0000000 0.79214311 -0.20899987
1419995164 0.0000000 0.81861097 0.23348236
1420012476 0.0000000 0.85270953 0.43261284
1420437226 0.0000000 0.78616887 -0.22178483
1420606112 0.0000000 0.85709828 0.55601978
1420742654 0.0000000 0.85601610 0.63116014
1421435535 0.0000000 0.95381939 0.90065569
1421639313 0.0000000 0.92842734 0.80271506
1422083726 0.0000000 0.95973229 0.90939701
1422374758 0.0000000 0.96549344 0.92443830
1422958210 0.0000000 0.79878598 -5.98403215E-02
1423037687 0.0000000 0.77077091 -0.32564723
1423603888 0.0000000 0.44432074 -3.9465513
1423726535 0.0000000 0.81518161 5.07895947E-02
1423857991 0.0000000 0.98496240 0.96773529
1424969403 0.0000000 0.79827386 -2.38840580E-02
1426114954 0.0000000 0.73348677 -1.8991613
1426344314 0.0000000 0.89324397 0.71028113
1426852891 0.0000000 0.93097878 0.83139634
1427105631 0.0000000 0.96497232 0.91953248
1427483378 0.0000000 0.92178941 0.79742444
1428208678 0.0000000 0.78440785 -0.29429710
1428320250 0.0000000 0.83401495 0.46701479
1428945237 0.0000000 0.90348929 0.73287845
1429127316 0.0000000 0.94766581 0.88022590
1429494176 0.0000000 0.99256158 0.98512042
1429494550 0.0000000 0.98157626 0.96253878
1429528847 0.0000000 0.94579023 0.86687577
1429530313 0.0000000 0.98706186 0.97380227
1429531199 0.0000000 0.98990577 0.97980440
1429992097 0.0000000 0.99014938 0.97937459
1430658547 0.0000000 0.97791314 0.95405316
1431333501 0.0000000 0.93888688 0.84584874
1431387795 0.0000000 0.89822805 0.71796483
1431628549 0.0000000 0.93321288 0.81234288
1432588969 0.0000000 0.99228603 0.98448598
1432601816 0.0000000 0.93820590 0.84873998
1432799863 0.0000000 0.98050201 0.96010870
1434467768 0.0000000 0.84867901 0.48724174
1434867330 0.0000000 0.97888321 0.95662820
1435335400 0.0000000 0.89995664 0.70108414
1438066750 0.0000000 0.81017900 0.23839241
1438936857 0.0000000 0.83528060 -4.98092175E-03
1441113885 0.0000000 0.96275431 0.91113299
1441128847 0.0000000 0.93861473 0.85434866
1441160293 0.0000000 0.85811454 0.59170961
1441898607 0.0000000 0.82782912 0.40879047
1442339782 0.0000000 0.95129478 0.88748062
1442345855 0.0000000 0.98044020 0.96062517
1442345878 0.0000000 0.99033445 0.98074931
1442408939 0.0000000 0.98061419 0.96063501
1442410226 0.0000000 0.88534057 0.66355073
1442413798 0.0000000 0.88550878 0.67105436
1443074281 0.0000000 0.94455218 0.87120748
1444648487 0.0000000 0.97131175 0.93929279
1444736944 0.0000000 0.88857645 0.66677952
1444953165 0.0000000 0.91006458 0.76016855
1444953267 0.0000000 0.85181475 0.53924638
1445014914 0.0000000 0.75726807 -0.87394714
1445221055 0.0000000 0.94379425 0.86961788
1445233331 0.0000000 0.96101254 0.91956961
1445239215 0.0000000 0.97474647 0.94796741
1446412182 0.0000000 0.98230869 0.96232450
1446412281 0.0000000 0.99578196 0.99151957
1446509184 0.0000000 0.89249766 0.69152892
1446509190 0.0000000 0.89250010 0.69153833
1446714386 0.0000000 0.82258511 0.40041286
1447167192 0.0000000 0.83234346 0.44276875
1447255999 0.0000000 0.77388531 -0.12471652
1447277516 0.0000000 0.81703740 0.16856104
1448316095 0.0000000 0.73111659 6.18172288E-02
1448671943 0.0000000 0.91595727 0.73960793
1449033717 0.0000000 0.92451704 0.81807828
1449035580 0.0000000 0.90961510 0.76665795
1449153073 0.0000000 0.95922601 0.90688115
1449935242 0.0000000 0.95458192 0.88868010
1450510821 0.0000000 0.75625503 0.25844193
1450536811 0.0000000 0.89709711 0.75111568
1450992022 0.0000000 0.83359873 0.27319729
1451199638 0.0000000 0.73893774 -1.8385293
1451327726 0.0000000 0.94921494 0.88301051
1451523194 0.0000000 0.81809521 0.44038403
1451829690 0.0000000 0.82928848 0.40532911
1451928000 0.0000000 0.85572660 0.60511196
1452487977 0.0000000 0.93856752 0.85091782
1453169606 0.0000000 0.96667844 0.92585164
1453824336 0.0000000 0.93964195 0.86594868
1454422761 0.0000000 0.95731515 0.90228528
1454702246 0.0000000 0.99625516 0.99247450
1454702308 0.0000000 0.99670261 0.99340814
1454702406 0.0000000 0.99897373 0.99784535
1454702512 0.0000000 0.99877864 0.99753910
1454978820 0.0000000 0.98914564 0.97805738
1455590759 0.0000000 0.99291837 0.98562753
1455595494 0.0000000 0.99630547 0.99260920
1455757779 0.0000000 0.99650139 0.99300426
1455758311 0.0000000 0.99583662 0.99165618
1456215987 0.0000000 0.93851441 0.85882676
1456541993 0.0000000 0.97771418 0.95174122
1457201466 0.0000000 0.75861710 -1.0027206
1457276938 0.0000000 0.91782999 0.78546023
1459152479 0.0000000 0.95806944 0.90207726
1459502085 0.0000000 0.79718035 0.15868038
1459988008 0.0000000 0.84822160 0.51210105
1460294506 0.0000000 0.81108469 0.23574740
1460353509 0.0000000 0.92702931 0.81746560
1460804146 0.0000000 0.96020436 0.90699595
1461082597 0.0000000 0.94254869 0.86048257
1461607991 0.0000000 0.98648870 0.97232813
1461770234 0.0000000 0.98394865 0.96692842
1461770257 0.0000000 0.98662591 0.97273612
1461770858 0.0000000 0.97239530 0.94092345
1461781146 0.0000000 0.98056626 0.95796496
1461806086 0.0000000 0.82967257 0.39393491
1462056417 0.0000000 0.92616880 0.80953199
1462199340 0.0000000 0.96462488 0.91895175
1462521203 0.0000000 0.88215637 0.65937173
1462632669 0.0000000 0.91496587 0.77567542
1462675593 0.0000000 0.93268692 0.82026786
1463023035 0.0000000 0.95468462 0.89736050
1463023251 0.0000000 0.75251949 -0.49933934
1463023282 0.0000000 0.74408060 -0.93020010
1463027395 0.0000000 0.89158112 0.69262600
1463127852 0.0000000 0.74916464 -0.64195275
1463195522 0.0000000 0.97174275 0.93661821
1463196768 0.0000000 0.84584266 0.47580683
1463530965 0.0000000 0.78705084 -8.10902119E-02
1463863900 0.0000000 0.99037629 0.97986436
1463882779 0.0000000 0.97586060 0.94698715
1464184475 0.0000000 0.84365356 0.55843794
1464544116 0.0000000 0.96986902 0.93224013
1464576767 0.0000000 0.94201821 0.85090625
1464630651 0.0000000 0.87528193 0.62604070
1464672226 0.0000000 0.90997845 0.74704039
1466204142 0.0000000 0.81231403 0.15716213
1466383187 0.0000000 0.81457877 0.25521195
1466409210 0.0000000 0.86461157 0.57562089
1466715930 0.0000000 0.95716149 0.90367508
1467361422 0.0000000 0.93014205 0.82851845
1469019333 0.0000000 0.82022321 0.19474924
1469592155 0.0000000 0.84826905 0.47907358
1471008941 0.0000000 0.85173768 0.39442223
1471908408 0.0000000 0.90952355 0.77496582
1472660934 0.0000000 0.86450028 0.49754679
1473440050 0.0000000 0.92052424 0.80461454
1475055492 0.0000000 0.78636956 -0.46273088
1475769120 0.0000000 0.99440753 0.98869610
1477370752 0.0000000 0.97569442 0.94785863
1478519786 0.0000000 0.96244442 0.91842240
1478903131 0.0000000 0.99114233 0.98234433
1480024554 0.0000000 0.99086100 0.98179948
1480377579 0.0000000 0.93451387 0.84867251
1480507474 0.0000000 0.98280698 0.96448606
1481256588 0.0000000 0.82394987 0.30767989
1481811269 0.0000000 0.99498510 0.98998845
1483057851 0.0000000 0.74068278 -0.48789060
1483513641 0.0000000 0.86628914 0.52880597
1484155863 0.0000000 0.98359102 0.96507627
1484797338 0.0000000 0.80977416 0.43583137
1484900187 0.0000000 0.83443087 0.33791119
1485329586 0.0000000 0.82969797 0.38985670
1486746772 0.0000000 0.99542993 0.99087232
1487420859 0.0000000 0.95457816 0.89617389
1487652197 0.0000000 0.82911879 0.19835520
1488212310 0.0000000 0.92702591 0.82393128
1488924651 0.0000000 0.88491708 0.64618355
1489967289 0.0000000 0.83839953 0.44856346
1490066029 0.0000000 0.63414335 -0.54357636
1490805242 0.0000000 0.95010483 0.88197517
1492112471 0.0000000 0.94433784 0.88056588
1492367656 0.0000000 0.97910249 0.95729107
1493517442 0.0000000 0.98987359 0.97833538
1493960850 0.0000000 0.87977523 0.63936186
1493986611 0.0000000 0.37878412 -6.0232239
1494889974 0.0000000 0.98834479 0.97589570
1494932580 0.0000000 0.98461682 0.96680635
1495631454 0.0000000 0.97077447 0.93501377
1495691291 0.0000000 0.95497483 0.89384902
1495956669 0.0000000 0.76570272 -1.3763227
1495999757 0.0000000 0.98733819 0.97342145
1496582686 0.0000000 0.91132271 0.77587509
1497967350 0.0000000 0.55622387 -1.0393801
1498029939 0.0000000 0.82824451 0.43768454
1500318986 0.0000000 0.79251963 -2.29132175E-03
1501139292 0.0000000 0.94273466 0.86451942
1501845585 0.0000000 0.95448446 0.89315248
1502294736 0.0000000 0.89503610 0.68825042
1502416734 0.0000000 0.97126561 0.93847704
1504364658 0.0000000 0.90968245 0.75339305
1505096741 0.0000000 0.80500388 -1.5692227
1505687994 0.0000000 0.87322998 0.59868109
1505917796 0.0000000 0.96771109 0.92797107
1506232185 0.0000000 0.89998132 0.73511219
1506549399 0.0000000 0.78697205 -0.18316424
1507505391 0.0000000 0.96734893 0.92800933
1507747520 0.0000000 0.70740086 -1.1181633
1508582157 0.0000000 0.83217096 0.41081685
1509318944 0.0000000 0.95440668 0.89860404
1509677295 0.0000000 0.99070740 0.98111099
1509677339 0.0000000 0.99094635 0.98164600
1509752088 0.0000000 0.93716860 0.84233129
1510398879 0.0000000 0.87182420 0.61530781
1510402973 0.0000000 0.92352748 0.79533815
1510440860 0.0000000 0.75078958 -0.84435701
1510947032 0.0000000 0.95544761 0.89992505
1511360409 0.0000000 0.97195143 0.93823099
1511470532 0.0000000 0.93665463 0.84075081
1512230735 0.0000000 0.73873264 -2.2364583
1512377977 0.0000000 0.97626311 0.95011455
1512704669 0.0000000 0.87037647 0.55598056
1513120660 0.0000000 0.94904166 0.88432634
1516168751 0.0000000 0.84791815 0.41997665
1516984288 0.0000000 0.99091709 0.98155808
1517686257 0.0000000 0.94018793 0.84557116
1517749972 0.0000000 0.96607232 0.92465240
1517752600 0.0000000 0.98330420 0.96454239
1517752662 0.0000000 0.97318661 0.93990600
1517753127 0.0000000 0.86436868 0.51573497
1517753452 0.0000000 0.97802889 0.95228684
1517753522 0.0000000 0.98325241 0.96435630
1517753592 0.0000000 0.98417634 0.96635437
1517753815 0.0000000 0.98134494 0.95920217
1517758427 0.0000000 0.92635733 0.81425637
1517763262 0.0000000 0.90256208 0.73844337
1517821602 0.0000000 0.98403943 0.96658206
1517823894 0.0000000 0.97197104 0.94130921
1517846321 0.0000000 0.93657738 0.83306575
1517852233 0.0000000 0.90755510 0.72878015
1517893754 0.0000000 0.96178716 0.91052276
1517906208 0.0000000 0.97095573 0.93580878
1517932241 0.0000000 0.98740107 0.97423148
1517932280 0.0000000 0.99174702 0.98355383
1517932282 0.0000000 0.99132591 0.98272693
1517932427 0.0000000 0.95799839 0.90367591
1517932434 0.0000000 0.95722908 0.90152365
1517932492 0.0000000 0.96214485 0.91341078
1517933877 0.0000000 0.96481824 0.91964024
1517940013 0.0000000 0.98530775 0.96980286
1517940459 0.0000000 0.97739881 0.95202518
1517944528 0.0000000 0.99605924 0.99211222
1517945796 0.0000000 0.98514903 0.96991819
1517950582 0.0000000 0.97051156 0.93389976
1517958702 0.0000000 0.98607183 0.97124803
1517960631 0.0000000 0.94435799 0.86297798
1517969882 0.0000000 0.98595226 0.97190881
1517974578 0.0000000 0.95753527 0.90529561
1517998787 0.0000000 0.93958664 0.85893488
1518001985 0.0000000 0.97900540 0.95572752
1518008800 0.0000000 0.97156596 0.93836659
1518008880 0.0000000 0.97046584 0.93203938
1518013159 0.0000000 0.98943186 0.97748756
1518016890 0.0000000 0.99233276 0.98450303
1518016916 0.0000000 0.99374408 0.98728293
1518051257 0.0000000 0.97768623 0.95156384
1518059164 0.0000000 0.96162140 0.90268254
1518142443 0.0000000 0.93392086 0.82814562
1518201789 0.0000000 0.99181557 0.98185563
1518248929 0.0000000 0.95978510 0.91071117
1518858396 0.0000000 0.93346798 0.83671921
1518981709 0.0000000 0.91922688 0.77084827
1519051621 0.0000000 0.70837063 -2.0522916
1519254641 0.0000000 0.89238745 0.68240345
1519583320 0.0000000 0.91825122 0.77856946
1519962147 0.0000000 0.93495655 0.84426808
1520098551 0.0000000 0.96124983 0.91236424
1520329330 0.0000000 0.74747169 -0.42146659
1521024527 0.0000000 0.97657073 0.94859630
1521537776 0.0000000 0.98863512 0.97658992
1521728871 0.0000000 0.93978673 0.84707338
1522598524 0.0000000 0.79129863 7.86147118E-02
1523432369 0.0000000 0.87681454 0.60979253
1523886539 0.0000000 0.95280999 0.88795245
1524201906 0.0000000 0.86657196 0.58454370
1524248877 0.0000000 0.72562826 -1.9206741
1524308214 0.0000000 0.87897062 0.60704339
1524503432 0.0000000 0.96984452 0.93545169
1524721460 0.0000000 0.97394669 0.94343024
1524721601 0.0000000 0.95388192 0.89651811
1524808553 0.0000000 0.97531289 0.94740188
1525218424 0.0000000 0.97746384 0.95113617
1526098666 0.0000000 0.82556903 0.20092064
1527728598 0.0000000 0.98569834 0.97023320
1527904870 0.0000000 0.85323602 0.54209721
1528731725 0.0000000 0.97888553 0.95232254
1528750347 0.0000000 0.99090934 0.98003107
1528856173 0.0000000 0.84102446 0.56216753
1529096035 0.0000000 0.76022846 -0.72106385
1529334375 0.0000000 0.77041143 -1.1277232
1529522338 0.0000000 0.94624829 0.87641555
1530516370 0.0000000 0.93662298 0.84095228
1530516385 0.0000000 0.93659401 0.84085339
1530609654 0.0000000 0.99222863 0.98395884
1531312909 0.0000000 0.98104078 0.95930600
1531507119 0.0000000 0.98612106 0.97121078
1532050755 0.0000000 0.96840233 0.93114424
1533217098 0.0000000 0.96011472 0.90701765
1533504622 0.0000000 0.79327720 -0.26225793
1533801692 0.0000000 0.91162449 0.78237873
1534500582 0.0000000 0.87849891 0.58952385
1534551317 0.0000000 0.96175569 0.91041845
1535572403 0.0000000 0.86034667 0.49815100
1535660064 0.0000000 0.75562209 -1.5858891
1536498994 0.0000000 0.77413487 -0.29351616
1536641006 0.0000000 0.93172276 0.82265270
1536700815 0.0000000 0.83306020 0.43042845
1538633849 0.0000000 0.92663711 0.80145884
1538766649 0.0000000 0.66009843 -0.36741233
1539072778 0.0000000 0.92427695 0.80566728
1539164591 0.0000000 0.89731044 0.70771801
1540269298 0.0000000 0.99825555 0.99645597
1540310644 0.0000000 0.99831390 0.99652207
1541624711 0.0000000 0.90006995 0.71578753
1541712486 0.0000000 0.96103406 0.91498095
1542328459 0.0000000 0.79340214 -0.32960320
1542608341 0.0000000 0.94691604 0.87044102
1542638415 0.0000000 0.82579899 0.45903027
1542645094 0.0000000 0.74938667 -0.16315722
1543190243 0.0000000 0.99068904 0.97995037
1543191316 0.0000000 0.88277805 0.63360202
1543236658 0.0000000 0.95724338 0.89277339
1543238642 0.0000000 0.91844434 0.77414387
1543314575 0.0000000 0.96553314 0.92475849
1544368541 0.0000000 0.93730474 0.85108489
1544439487 0.0000000 0.92026186 0.79442948
1544621063 0.0000000 0.94149005 0.86199200
1544908865 0.0000000 0.93975353 0.84740269
1545710204 0.0000000 0.98332930 0.96463943
1546538568 0.0000000 0.99641043 0.99278271
1546949806 0.0000000 0.95334709 0.89102685
1548127166 0.0000000 0.98043215 0.95788735
1548825695 0.0000000 0.93627065 0.84121931
1548861293 0.0000000 0.98748434 0.97379565
1549366351 0.0000000 0.75687563 -7.67639875E-02
1549558324 0.0000000 0.98525256 0.96982253
1550239687 0.0000000 0.82704747 0.35490078
1551558867 0.0000000 0.76881534 0.21935081
1552012334 0.0000000 0.98198545 0.96140695
1552127531 0.0000000 0.74270284 -1.1688702
1552421955 0.0000000 0.92151856 0.79708821
1552451554 0.0000000 0.84101677 0.46870095
1552511242 0.0000000 0.94335741 0.86402059
1552697151 0.0000000 0.92408729 0.80474234
1552968094 0.0000000 0.82019573 -0.70865703
1553256348 0.0000000 0.80218655 -1.6616769
1553414210 0.0000000 0.76716423 -1.7281814
1554087275 0.0000000 0.80730891 -0.55266750
1554172029 0.0000000 0.91342384 0.79365027
1554256375 0.0000000 0.99820054 0.99639624
1554343015 0.0000000 0.99569017 0.99139726
1554382610 0.0000000 0.87023777 0.56763506
1554499495 0.0000000 0.96225989 0.91503966
1554706689 0.0000000 0.98046476 0.95814520
1554822801 0.0000000 0.96425122 0.91888040
1554841453 0.0000000 0.94871193 0.87762243
1554850672 0.0000000 0.97060752 0.93388957
1555563667 0.0000000 0.99100488 0.98204601
1556793883 0.0000000 0.87444156 0.59342539
1556970683 0.0000000 0.85491079 0.53535271
1557330527 0.0000000 0.82508504 9.78415012E-02
1557737721 0.0000000 0.83497083 0.13065773
1558197514 0.0000000 0.97976321 0.95731854
1558379328 0.0000000 0.73501730 -1.3972607
1558489044 0.0000000 0.94173509 0.85355741
1558591969 0.0000000 0.96938062 0.92651123
1559317998 0.0000000 0.98570979 0.97010446
1559641578 0.0000000 0.97493690 0.94483995
1559762840 0.0000000 0.92396915 0.79807150
1560870606 0.0000000 0.54154974 -1.3550031
1561237205 0.0000000 0.92118633 0.79698551
1561242160 0.0000000 0.96324939 0.91871655
1561825206 0.0000000 0.76880974 -1.1974194
1561837452 0.0000000 0.96108305 0.91712189
1562610935 0.0000000 0.94869870 0.87840354
1562880116 0.0000000 0.98922795 0.97811627
1563275550 0.0000000 0.76010996 -0.75234795
1563531230 0.0000000 0.94160730 0.85984588
1563768365 0.0000000 0.87135345 0.65367162
1563850922 0.0000000 0.86908251 0.61823785
1564123196 0.0000000 0.87709713 0.57446575
1564190683 0.0000000 0.99241513 0.98457372
1564649429 0.0000000 0.93167961 0.83331859
1564753988 0.0000000 0.97501343 0.94637376
1564784683 0.0000000 0.99209106 0.98339003
1565054388 0.0000000 0.99474561 0.98946422
1565055090 0.0000000 0.98803926 0.97525448
1565213283 0.0000000 0.93612409 0.85352010
1565218942 0.0000000 0.83295214 0.11927146
1565905300 0.0000000 0.85749865 0.57766867
1566053525 0.0000000 0.97491574 0.94421458
1566053530 0.0000000 0.97492194 0.94422704
1566074882 0.0000000 0.95616311 0.89996666
1566101114 0.0000000 0.98132294 0.96014112
1566598377 0.0000000 0.64373612 -0.42646313
1566648618 0.0000000 0.84514803 -6.45833015E-02
1567237819 0.0000000 0.92310113 0.80614555
1567471650 0.0000000 0.95954108 0.90841043
1567604000 0.0000000 0.92148608 0.80383259
1567917359 0.0000000 0.81278282 0.23978490
1568005668 0.0000000 0.97441006 0.94433969
1568095682 0.0000000 0.98980594 0.97835970
1569863578 0.0000000 0.97392201 0.94355035
1570468626 0.0000000 0.84206909 0.49348915
1571312673 0.0000000 0.98972094 0.97872168
1571861758 0.0000000 0.71432918 -0.40409815
1572218883 0.0000000 0.86939079 0.61486727
1573491297 0.0000000 0.91873598 0.81674248
1573495893 0.0000000 0.78472257 -0.14674199
1574645562 0.0000000 0.98729557 0.97328663
1575564604 0.0000000 0.86247355 0.61766911
1575660753 0.0000000 0.73327851 -1.8775761
1576495557 0.0000000 0.87099230 0.58668351
1577769501 0.0000000 0.86305356 0.65217996
1577819410 0.0000000 0.97032857 0.93329871
1578293635 0.0000000 0.96596402 0.92221546
1578510402 0.0000000 0.77798080 -0.13167286
1579404154 0.0000000 0.97364414 0.94318879
1579703564 0.0000000 0.95426595 0.89125592
1580749376 0.0000000 0.88361967 0.64280748
1581076659 0.0000000 0.77985466 -0.15176642
1581616159 0.0000000 0.94328934 0.86110276
1581629921 0.0000000 0.94958341 0.87721497
1581764406 0.0000000 0.99214852 0.98346370
1581764700 0.0000000 0.97507060 0.94455510
1581794413 0.0000000 0.97573245 0.94744092
1582090065 0.0000000 0.96066105 0.91321558
1582113307 0.0000000 0.89893067 0.65135837
1582546233 0.0000000 0.95927531 0.89946645
1582592414 0.0000000 0.84005910 0.40029991
1582629242 0.0000000 0.89683294 0.70691073
1582695255 0.0000000 0.87589210 0.57058632
1584677477 0.0000000 0.89792371 0.68231148
1585787701 0.0000000 0.60581112 -0.81768215
1586304460 0.0000000 0.78317571 -0.16790712
1586389759 0.0000000 0.92684978 0.80947196
1586537097 0.0000000 0.99074894 0.98033404
1586691401 0.0000000 0.89425576 0.71943647
1587481331 0.0000000 0.77106059 -0.21807468
1588476280 0.0000000 0.91469979 0.77883524
1589003116 0.0000000 0.79947501 4.87557650E-02
1589548020 0.0000000 0.70635492 -2.5509863
1589756010 0.0000000 0.73824739 -0.84110069
1589910785 0.0000000 0.87734181 0.69119096
1590311534 0.0000000 0.71723431 -2.8047600
1590359490 0.0000000 0.84189188 0.50399679
1590694463 0.0000000 0.92670703 0.79293251
1590843750 0.0000000 0.81474096 0.20553130
1591494563 0.0000000 0.86845422 0.56332302
1591839506 0.0000000 0.83831215 -0.53839922
1591921295 0.0000000 0.91133428 0.75022465
1592079539 0.0000000 0.89804840 0.72759950
1592349420 0.0000000 0.84201187 0.39052755
1593214064 0.0000000 0.98987991 0.97825366
1593241888 0.0000000 0.96172518 0.91353118
1593407313 0.0000000 0.75775427 -0.45779872
1593435168 0.0000000 0.83275843 0.44727468
1593519432 0.0000000 0.76761764 -0.25163114
1594227272 0.0000000 0.90196455 0.72127742
1594265063 0.0000000 0.79552120 5.02808094E-02
1594267923 0.0000000 0.80173194 0.13861156
1594526768 0.0000000 0.72118962 -1.0340855
1594546164 0.0000000 0.72306210 5.44282198E-02
1595767949 0.0000000 0.95391101 0.89597636
1597107665 0.0000000 0.81996107 0.11775213
1597123796 0.0000000 0.86784077 0.64182156
1597187246 0.0000000 0.91616434 0.78470451
1597774608 0.0000000 0.90024847 0.75374067
1597797181 0.0000000 0.97081566 0.93747264
1597806811 0.0000000 0.97253191 0.94015867
1598480108 0.0000000 0.89937484 0.69077027
1598847265 0.0000000 0.78850448 0.21915543
1599036279 0.0000000 0.81988096 0.23146963
1600306672 0.0000000 0.95348227 0.88317931
1600646088 0.0000000 0.92259210 0.80259639
1600833602 0.0000000 0.91169155 0.75207758
1601017581 0.0000000 0.77584761 -0.11439383
1601326254 0.0000000 0.99528491 0.99045813
1601342057 0.0000000 0.98524052 0.96827543
1601440640 0.0000000 0.86317879 0.53433847
1601863505 0.0000000 0.96681893 0.92284679
1602517184 0.0000000 0.79945511 0.19995785
1602946993 0.0000000 0.98609602 0.97099555
1602947159 0.0000000 0.97555459 0.94814467
1603087586 0.0000000 0.78870243 0.13450336
1603396062 0.0000000 0.81967610 0.50987113
1603674483 0.0000000 0.75381225 -0.25207770
1604358861 0.0000000 0.96020800 0.90929133
1604426346 0.0000000 0.91775548 0.78671205
1604601372 0.0000000 0.94374216 0.85325009
1604626818 0.0000000 0.94816309 0.88154334
1605130406 0.0000000 0.99163824 0.98273933
1605130534 0.0000000 0.98651546 0.97230411
1605266102 0.0000000 0.96875447 0.93091041
1605511152 0.0000000 0.94896835 0.88472706
1605551866 0.0000000 0.96199536 0.91602874
1605557664 0.0000000 0.97129595 0.93801481
1605621503 0.0000000 0.96193159 0.91557455
1605662576 0.0000000 0.75844997 -0.95390844
1606582085 0.0000000 0.80889899 0.48032337
1606657334 0.0000000 0.96330208 0.91648889
1607578178 0.0000000 0.93313146 0.83343339
1607606398 0.0000000 0.90172368 0.71561146
1607606851 0.0000000 0.74512625 -0.96685016
1607624108 0.0000000 0.87333286 0.61915118
1608317519 0.0000000 0.86910111 0.63336825
1608385359 0.0000000 0.84647506 0.59700441
1609436522 0.0000000 0.80234683 -0.42908156
1609594007 0.0000000 0.97562915 0.94827169
1610162996 0.0000000 0.71919799 0.15442103
1610192153 0.0000000 0.86739975 0.47023600
1610249009 0.0000000 0.94600195 0.87011778
1610838659 0.0000000 0.98740762 0.97344184
1611559538 0.0000000 0.92131734 0.79053581
1611565557 0.0000000 0.79867172 0.20081460
1611574763 0.0000000 0.79940975 -2.2277963
1611584686 0.0000000 0.84821826 0.60099149
1611818971 0.0000000 0.99122828 0.98152351
