1393759985 0.0000000 0.43113485 -6.3085499
1393791078 0.0000000 0.68279713 -0.27739382
1394913876 0.0000000 0.78644365 0.38972431
1395061976 -5.00000007E-02 0.90072364 0.69068229
1395231566 0.0000000 0.42592701 -1.1647284
1397097485 0.0000000 0.81840438 0.56711334
1397746253 5.00000007E-02 0.42688707 -1.2890658
1398443585 0.0000000 0.33028874 -5.2000451
1399207416 0.0000000 0.54843152 -2.6779008
1399278483 0.0000000 0.39496407 -6.7830505
1399745740 0.0000000 0.73126996 0.20876533
1399746271 0.0000000 0.73495066 0.19703639
1400631673 0.0000000 0.84558171 0.62787485
1402085900 0.0000000 0.31919262 -13.272898
1402313583 0.0000000 0.84762204 0.49114645
1402624068 0.0000000 0.63129514 -1.4352520
1402784563 0.0000000 0.85624790 0.64226449
1403034553 0.0000000 0.40516797 -4.5412393
1403317269 0.0000000 0.34499457 -7.0175714
1403439974 0.0000000 0.38240990 -9.2322960
1404774365 0.0000000 0.74946594 0.48474282
1404925818 0.0000000 0.60345286 -0.46391320
1405577514 0.0000000 0.90997308 0.70659369
1407296767 0.0000000 0.81082541 -5.09123802E-02
1407544588 0.0000000 0.29286894 -10.547520
1408047770 0.0000000 0.92612594 0.78785390
1410046387 0.0000000 0.92500895 0.76616538
1410325949 0.0000000 0.71147734 -1.2952499
1410382444 0.0000000 0.70571780 -0.56758118
1411247643 0.0000000 0.69415504 -2.5905409
1411641303 0.0000000 0.89656395 0.60417354
1412009058 0.0000000 0.67592615 -1.1524494
1412705290 0.0000000 0.71121025 -1.9008770
1413207959 0.0000000 0.18773647 -35.781609
1414298821 0.0000000 0.34737521 -24.954504
1416419181 0.0000000 0.62998956 -0.97915268
1416419227 0.0000000 0.94071037 0.84748858
1416540553 0.0000000 0.79254168 8.20550919E-02
1417557685 0.0000000 0.79933959 -0.19925630
1417655668 0.0000000 0.50870949 -10.781059
1418245419 0.0000000 0.64134097 -1.8657234
1418533563 0.0000000 0.31369758 -33.115734
1419682925 0.0000000 0.57615483 -4.3947916
1419947441 0.0000000 0.55822778 -9.6577864
1419995164 0.0000000 0.59605461 -5.8577018
1420012476 0.0000000 0.53256625 -4.5452714
1420437226 0.0000000 0.52921987 -8.2092600
1420606112 0.0000000 0.68470663 -0.88359213
1420742654 0.0000000 0.53301126 -2.9689255
1421435535 0.0000000 0.79243797 0.12286913
1421639313 0.0000000 0.73621976 -1.3600559
1422083726 0.0000000 0.82729763 0.31412065
1422374758 0.0000000 0.86947262 0.59184563
1422958210 0.0000000 0.50325078 -7.4924412
1423037687 0.0000000 0.57020080 -6.6503778
1423603888 23.450001 0.12171072 -86.146896
1423726535 0.0000000 0.50061786 -6.5830007
1423857991 0.0000000 0.91191173 0.69781595
1424969403 0.0000000 0.56857455 -8.8980827
1426114954 0.0000000 0.44972268 -12.364667
1426344314 0.0000000 0.70359606 -1.0108504
1426852891 0.0000000 0.67973930 -1.0028872
1427105631 0.0000000 0.82715404 0.33800900
1427483378 0.0000000 0.74483192 -0.42615700
1428208678 0.0000000 0.51050037 -7.4040499
1428320250 0.0000000 0.61855614 -1.5404046
1428945237 0.0000000 0.66848356 -1.5833232
1429127316 0.0000000 0.75047606 -0.24825895
1429494176 0.0000000 0.97738683 0.94132471
1429494550 0.0000000 0.93991423 0.82750487
1429528847 0.0000000 0.75457191 -0.27649152
1429530313 0.0000000 0.95331877 0.86396778
1429531199 0.0000000 0.97214943 0.91928494
1429992097 0.0000000 0.92414659 0.76322049
1430658547 0.0000000 0.93141794 0.78573787
1431333501 0.0000000 0.76578581 -0.15716803
1431387795 0.0000000 0.70712155 -0.63523960
1431628549 0.0000000 0.79555666 -1.00837946E-02
1432588969 0.0000000 0.95113671 0.85958260
1432601816 0.0000000 0.73969740 -0.41405118
1432799863 0.0000000 0.88701636 0.59504038
1434467768 0.0000000 0.66957468 -2.1287034
1434867330 0.0000000 0.91365874 0.70964444
1435335400 0.0000000 0.69091284 -0.98888659
1438066750 0.0000000 0.52833396 -11.068264
1438936857 0.0000000 0.59908181 -6.2254868
1441113885 0.0000000 0.83865130 0.32402045
1441128847 0.0000000 0.75081277 -0.36748838
1441160293 0.0000000 0.54841053 -2.4822297
1441898607 0.0000000 0.67146260 -2.5888093
1442339782 0.0000000 0.85243803 0.31768334
1442345855 0.0000000 0.92335963 0.74273038
1442345878 0.0000000 0.93130732 0.80783069
1442408939 0.0000000 0.90970981 0.70828187
1442410226 0.0000000 0.70103145 -0.82461309
1442413798 0.0000000 0.78399229 -0.25579345
1443074281 0.0000000 0.80635440 8.40469599E-02
1444648487 0.0000000 0.87407577 0.53358197
1444736944 0.0000000 0.67338336 -1.4634693
1444953165 0.0000000 0.79477394 -0.24495029
1444953267 0.0000000 0.73509336 -0.47575533
1445014914 0.0000000 0.52528864 -14.204938
1445221055 0.0000000 0.75682437 3.32551003E-02
1445233331 0.0000000 0.78425771 0.16972542
1445239215 0.0000000 0.76721680 -2.85379887E-02
1446412182 0.0000000 0.89023894 0.63449323
1446412281 0.0000000 0.98280674 0.95351541
1446509184 0.0000000 0.61390877 -2.0199060
1446509190 0.0000000 0.61391175 -2.0198622
1446714386 0.0000000 0.61339206 -1.5002685
1447167192 0.0000000 0.53503746 -6.5414991
1447255999 0.0000000 0.44777304 -8.4896860
1447277516 0.0000000 0.49214467 -4.6537662
1448316095 0.0000000 0.16450191 -138.90410
1448671943 0.0000000 0.71430874 -1.5168352
1449033717 0.0000000 0.74036336 -0.32359231
1449035580 0.0000000 0.75295657 -0.29071212
1449153073 0.0000000 0.84356344 0.33772105
1449935242 0.0000000 0.83987796 0.27300864
1450510821 0.0000000 0.66083372 -0.82150173
1450536811 0.0000000 0.85169798 0.45235455
1450992022 0.0000000 0.57815349 -9.3622599
1451199638 0.0000000 0.34873819 -23.008181
1451327726 0.0000000 0.74064273 -0.25547659
1451523194 0.0000000 0.67832178 -0.89515889
1451829690 0.0000000 0.60250801 -5.2066555
1451928000 0.0000000 0.76533651 -4.76102829E-02
1452487977 0.0000000 0.79422772 -4.52809334E-02
1453169606 0.0000000 0.78928411 -2.88552046E-02
1453824336 0.0000000 0.90946883 0.73486221
1454422761 0.0000000 0.85274464 0.47770345
1454702246 0.0000000 0.98621261 0.96453369
1454702308 0.0000000 0.98943102 0.97286904
1454702406 0.0000000 0.99901390 0.99645442
1454702512 0.0000000 0.99746013 0.99339390
1454978820 0.0000000 0.93853366 0.81616402
1455590759 0.0000000 0.97102213 0.90495151
1455595494 0.0000000 0.97510237 0.93540227
1455757779 0.0000000 0.98238736 0.95048130
1455758311 0.0000000 0.98314977 0.95257378
1456215987 0.0000000 0.79052836 -0.13315356
1456541993 0.0000000 0.93908715 0.81121171
1457201466 0.0000000 0.46938288 -14.139827
1457276938 0.0000000 0.67451012 -0.95262206
1459152479 0.0000000 0.86689085 0.38545346
1459502085 0.0000000 0.61892468 -3.2504926
1459988008 0.0000000 0.67683744 -1.6895511
1460294506 0.0000000 0.57201779 -4.7172241
1460353509 0.0000000 0.76876605 -0.24451292
1460804146 0.0000000 0.83010012 0.20701265
1461082597 0.0000000 0.80788475 0.14841795
1461607991 0.0000000 0.97263020 0.92860293
1461770234 0.0000000 0.92339349 0.77078396
1461770257 0.0000000 0.93631715 0.82165307
1461770858 0.0000000 0.87224776 0.54299712
1461781146 0.0000000 0.90442199 0.60939896
1461806086 0.0000000 0.63254505 -1.9017711
1462056417 0.0000000 0.73344672 -0.76422095
1462199340 0.0000000 0.83568579 0.27150774
1462521203 0.0000000 0.69467598 -1.7358806
1462632669 0.0000000 0.66862774 -1.1827567
1462675593 0.0000000 0.78552550 -0.67536235
1463023035 0.0000000 0.80581939 0.25611269
1463023251 0.0000000 0.42938370 -9.8295898
1463023282 0.0000000 0.39218128 -12.954290
1463027395 0.0000000 0.61662918 -1.9477365
1463127852 5.00000007E-02 0.30373135 -13.630939
1463195522 0.0000000 0.86716354 0.43230957
1463196768 0.0000000 0.71265405 -1.6380103
1463530965 0.0000000 0.57026529 -6.6685700
1463863900 0.0000000 0.96256185 0.88183975
1463882779 0.0000000 0.89989287 0.61223650
1464184475 0.0000000 0.81801492 0.19374508
1464544116 0.0000000 0.88767958 0.48488051
1464576767 0.0000000 0.79926306 -0.22454858
1464630651 0.0000000 0.63809967 -2.6884158
1464672226 0.0000000 0.69923896 -0.95897090
1466204142 0.0000000 0.54051095 -5.7582493
1466383187 0.0000000 0.62109655 -4.1959181
1466409210 0.0000000 0.63403547 -1.1171279
1466715930 0.0000000 0.77821416 0.11182415
1467361422 0.0000000 0.74583572 -0.36722684
1469019333 0.0000000 0.67087477 -13.404506
1469592155 0.0000000 0.60801643 -2.5746739
1471008941 0.0000000 0.68979955 -2.5348160
1471908408 0.0000000 0.66513044 -1.1549940
1472660934 0.0000000 0.70193481 -1.4525237
1473440050 0.0000000 0.84444594 0.33532149
1475055492 0.0000000 0.60079408 -7.7482500
1475769120 0.0000000 0.97555381 0.92926121
1477370752 0.0000000 0.89758319 0.63120955
1478519786 0.0000000 0.84768367 0.30611485
1478903131 0.0000000 0.96205747 0.87835073
1480024554 0.0000000 0.95519716 0.86524057
1480377579 0.0000000 0.83231348 0.26274663
1480507474 0.0000000 0.91813576 0.73178804
1481256588 0.0000000 0.63117516 -2.9373214
1481811269 0.0000000 0.97734606 0.93764681
1483057851 0.0000000 0.43350613 -6.4559093
1483513641 0.0000000 0.61809063 -3.9075336
1484155863 0.0000000 0.91231531 0.66869563
1484797338 0.0000000 0.70154196 -0.73361850
1484900187 0.0000000 0.52141291 -6.0134983
1485329586 0.0000000 0.61951458 -3.6211338
1486746772 0.0000000 0.96346545 0.89716387
1487420859 0.0000000 0.86030191 0.33970517
1487652197 0.0000000 0.58673322 -6.6108856
1488212310 0.0000000 0.76375407 -5.51917553E-02
1488924651 0.0000000 0.65721905 -2.4608536
1489967289 0.0000000 0.47837943 -10.319283
1490066029 22.850000 0.10360985 -5693.4297
1490805242 0.0000000 0.14787862 -114.74467
1492112471 0.0000000 0.56854767 -1.8623853
1492367656 0.0000000 0.28876677 -12.790627
1493517442 0.0000000 0.86243731 0.54693723
1493960850 0.0000000 0.61643374 -2.9300981
1493986611 -37.650002 8.45371559E-02 -645.88177
1494889974 0.0000000 0.93502057 0.81495470
1494932580 0.0000000 0.92151392 0.75973487
1495631454 0.0000000 0.84420794 0.21386129
1495691291 0.0000000 0.79175746 -3.22525501E-02
1495956669 0.0000000 0.50497317 -24.691933
1495999757 0.0000000 0.94565880 0.83925509
1496582686 0.0000000 0.80112326 -0.32389832
1497967350 0.0000000 0.50608498 -2.8001783
1498029939 0.0000000 0.61025488 -2.4394410
1500318986 0.0000000 0.60943818 -6.0573587
1501139292 0.0000000 0.87273443 0.42846239
1501845585 0.0000000 0.84520572 0.32758057
1502294736 0.0000000 0.72045445 -1.7891045
1502416734 0.0000000 0.88484597 0.57980585
1504364658 0.0000000 0.78045422 -0.71331811
1505096741 0.0000000 0.26569197 -44.070442
1505687994 0.0000000 0.62098092 -3.6442542
1505917796 0.0000000 0.81477225 0.29589099
1506232185 0.0000000 0.73518974 -0.47450364
1506549399 0.0000000 0.46023369 -6.3426247
1507505391 0.0000000 0.88054472 0.58867848
1507747520 0.0000000 0.43681622 -9.2654486
1508582157 0.0000000 0.71816647 -1.4084079
1509318944 0.0000000 0.82598138 0.31153518
1509677295 0.0000000 0.94784123 0.83358186
1509677339 0.0000000 0.94860959 0.83614135
1509752088 0.0000000 0.76966918 -0.34659588
1510398879 0.0000000 0.60831904 -2.9410312
1510402973 0.0000000 0.77394390 -0.34207654
1510440860 0.0000000 0.48863226 -9.4938221
1510947032 0.0000000 0.87636352 0.60242116
1511360409 0.0000000 0.84820431 0.44161779
1511470532 0.0000000 0.77129811 -0.25990784
1512230735 0.0000000 0.41249549 -21.440792
1512377977 0.0000000 0.90379989 0.66947973
1512704669 0.0000000 0.61804414 -2.8958733
1513120660 0.0000000 0.82592946 0.31356502
1516168751 0.0000000 0.54667026 -6.1835504
1516984288 0.0000000 0.96552062 0.90324301
1517686257 0.0000000 0.80613697 -0.26773858
1517749972 0.0000000 0.82821345 0.31689793
1517752600 0.0000000 0.88665104 0.62840927
1517752662 0.0000000 0.87551349 0.52142406
1517753127 0.0000000 0.61568993 -4.1927299
1517753452 0.0000000 0.87881452 0.57807684
1517753522 0.0000000 0.90655994 0.70258176
1517753592 0.0000000 0.90900725 0.70678931
1517753815 0.0000000 0.88706654 0.52967608
1517758427 0.0000000 0.73337042 -0.69344616
1517763262 0.0000000 0.70914018 -0.91311479
1517821602 0.0000000 0.89595467 0.62781930
1517823894 0.0000000 0.89447093 0.59052682
1517846321 0.0000000 0.75839692 -0.39293087
1517852233 0.0000000 0.80615783 -1.1742158
1517893754 0.0000000 0.80923748 -1.68013573E-02
1517906208 0.0000000 0.84860235 0.37518901
1517932241 0.0000000 0.93635911 0.80809993
1517932280 0.0000000 0.95873916 0.88545555
1517932282 0.0000000 0.96355128 0.90258330
1517932427 0.0000000 0.82416004 0.28669924
1517932434 0.0000000 0.82302570 0.27811056
1517932492 0.0000000 0.80421996 0.14205760
1517933877 0.0000000 0.83472836 0.29972833
1517940013 0.0000000 0.89296013 0.65143818
1517940459 0.0000000 0.88217580 0.57636476
1517944528 0.0000000 0.98007935 0.94674349
1517945796 0.0000000 0.94659972 0.82626235
1517950582 0.0000000 0.87549996 0.58230352
1517958702 0.0000000 0.92924321 0.76753384
1517960631 0.0000000 0.81352180 0.15568703
1517969882 0.0000000 0.94622511 0.84060723
1517974578 0.0000000 0.85440195 0.42247856
1517998787 0.0000000 0.79142511 0.19711637
1518001985 0.0000000 0.92679828 0.74138892
1518008800 0.0000000 0.86571026 0.42743772
1518008880 0.0000000 0.85711700 0.35083401
1518013159 0.0000000 0.96310794 0.88328290
1518016890 0.0000000 0.94947737 0.85862744
1518016916 0.0000000 0.95642936 0.87760502
1518051257 0.0000000 0.90542555 0.62821531
1518059164 0.0000000 0.82900405 -6.09636307E-03
1518142443 0.0000000 0.78508890 -0.43541682
1518201789 0.0000000 0.94750518 0.81854671
1518248929 0.0000000 0.85097080 0.45461410
1518858396 0.0000000 0.80706096 8.70302916E-02
1518981709 0.0000000 0.74601692 -0.91918290
1519051621 0.0000000 0.51105714 -7.6544991
1519254641 0.0000000 0.70742452 -1.5694511
1519583320 0.0000000 0.77811432 -8.55584145E-02
1519962147 0.0000000 0.81245404 0.26186997
1520098551 0.0000000 0.83362329 0.22099549
1520329330 0.0000000 0.57146752 -3.3596935
1521024527 0.0000000 0.90536147 0.65333158
1521537776 0.0000000 0.92739898 0.78293091
1521728871 0.0000000 0.73919278 -1.0388694
1522598524 0.0000000 0.57318741 -4.1451883
1523432369 0.0000000 0.71903908 -1.4562213
1523886539 0.0000000 0.79146928 1.93604231E-02
1524201906 0.0000000 0.69527626 -1.3993855
1524248877 0.0000000 0.46055108 -19.440790
1524308214 0.0000000 0.68806475 -2.1713881
1524503432 0.0000000 0.86851847 0.48760575
1524721460 0.0000000 0.92565382 0.75607938
1524721601 0.0000000 0.90425551 0.67577231
1524808553 0.0000000 0.93826097 0.81117380
1525218424 0.0000000 0.93042374 0.77054012
1526098666 0.0000000 0.66117984 -3.6544075
1527728598 0.0000000 0.94610369 0.84932399
1527904870 0.0000000 0.69704270 -1.7161329
1528731725 0.0000000 0.91635901 0.66284549
1528750347 0.0000000 0.97159505 0.89510465
1528856173 0.0000000 0.78145528 1.20182633E-02
1529096035 0.0000000 0.52757120 -7.2678585
1529334375 0.0000000 0.49854404 -13.243010
1529522338 0.0000000 0.82104021 0.31706357
1530516370 0.0000000 0.75819993 -0.47203755
1530516385 0.0000000 0.75822651 -0.47195089
1530609654 0.0000000 0.94262171 0.82825136
1531312909 0.0000000 0.95665759 0.86865801
1531507119 0.0000000 0.92273515 0.76808625
1532050755 0.0000000 0.89254230 0.60090280
1533217098 0.0000000 0.80277103 -0.10372710
1533504622 0.0000000 0.48479488 -8.5934114
1533801692 0.0000000 0.78598052 4.12578583E-02
1534500582 0.0000000 0.66224641 -2.2707186
1534551317 0.0000000 0.77122849 -0.31290066
1535572403 0.0000000 0.56352752 -5.6544747
1535660064 0.0000000 0.44572705 -16.439075
1536498994 0.0000000 0.56265807 -5.7961779
1536641006 0.0000000 0.79735351 -7.55202770E-02
1536700815 0.0000000 0.61197650 -3.1762505
1538633849 0.0000000 0.79276085 -0.33874500
1538766649 0.0000000 0.61248779 -1.8482428
1539072778 0.0000000 0.78315687 8.27968121E-04
1539164591 0.0000000 0.46059835 -5.8525290
1540269298 0.0000000 0.99331039 0.98353243
1540310644 0.0000000 0.99576533 0.98819572
1541624711 0.0000000 0.70284265 -0.95960248
1541712486 0.0000000 0.86832803 0.50991297
1542328459 0.0000000 0.50885826 -9.8756037
1542608341 0.0000000 0.77859467 -0.20993161
1542638415 0.0000000 0.65997905 -2.7400029
1542645094 0.0000000 0.58275914 -4.7268043
1543190243 0.0000000 0.95038319 0.86521518
1543191316 0.0000000 0.69627225 -1.3493423
1543236658 0.0000000 0.85209829 0.29683775
1543238642 0.0000000 0.76851106 -0.33350551
1543314575 0.0000000 0.88663393 0.61125225
1544368541 0.0000000 0.77327484 -0.16416109
1544439487 0.0000000 0.74133772 -0.62100255
1544621063 0.0000000 0.79550636 0.10837138
1544908865 0.0000000 0.76350623 -0.39515579
1545710204 0.0000000 0.94557709 0.82212889
1546538568 0.0000000 0.97915763 0.93884712
1546949806 0.0000000 0.76457208 -0.33956981
1548127166 0.0000000 0.91283625 0.69698322
1548825695 0.0000000 0.70807272 -0.46667469
1548861293 0.0000000 0.91657299 0.75718307
1549366351 0.0000000 0.52808028 -8.5218897
1549558324 0.0000000 0.91785377 0.72401595
1550239687 0.0000000 0.61454034 -4.3442879
1551558867 0.0000000 0.70311999 -0.66573513
1552012334 0.0000000 0.90362090 0.69548512
1552127531 0.0000000 0.47787809 -15.103077
1552421955 0.0000000 0.73697406 -0.60177422
1552451554 0.0000000 0.65806735 -2.5534201
1552511242 0.0000000 0.76062506 -6.04232550E-02
1552697151 0.0000000 0.77438802 -0.18309534
1552968094 0.0000000 0.44649312 -16.139160
1553256348 0.0000000 0.52768201 -18.175377
1553414210 0.0000000 0.41635591 -40.733749
1554087275 0.0000000 0.54640663 -13.137707
1554172029 0.0000000 0.83680367 0.33528602
1554256375 0.0000000 0.99550956 0.98595876
1554343015 0.0000000 0.98763543 0.95965964
1554382610 0.0000000 0.67553574 -1.8855155
1554499495 0.0000000 0.87194461 0.51501179
1554706689 0.0000000 0.93646276 0.78326088
1554822801 0.0000000 0.87006772 0.55046618
1554841453 0.0000000 0.79314715 3.23915482E-02
1554850672 0.0000000 0.90913767 0.64326137
1555563667 0.0000000 0.97586036 0.92617226
1556793883 0.0000000 0.66339880 -3.3360968
1556970683 0.0000000 0.71027416 -1.4230950
1557330527 0.0000000 0.57652843 -4.8178210
1557737721 0.0000000 0.57239771 -5.3406105
1558197514 0.0000000 0.93339771 0.79606783
1558379328 0.0000000 0.44811809 -15.924627
1558489044 0.0000000 0.75755632 -0.39452684
1558591969 0.0000000 0.85370380 0.28634554
1559317998 0.0000000 0.93433964 0.79502648
1559641578 0.0000000 0.87859935 0.52478558
1559762840 0.0000000 0.70089215 -1.2496905
1560870606 0.0000000 0.56504530 -1.8499737
1561237205 0.0000000 0.74006814 -0.52178752
1561242160 0.0000000 0.85262358 0.38146985
1561825206 0.0000000 0.36870214 -17.903444
1561837452 0.0000000 0.86620039 0.37127614
1562610935 0.0000000 0.75798327 -0.12914836
1562880116 0.0000000 0.92658645 0.79203492
1563275550 0.0000000 0.53835982 -13.903020
1563531230 0.0000000 0.80007935 9.48233604E-02
1563768365 0.0000000 0.83803785 0.42107832
1563850922 0.0000000 0.66639477 -1.6364658
1564123196 0.0000000 0.68118751 -0.99877489
1564190683 0.0000000 0.96768069 0.91074020
1564649429 0.0000000 0.80614048 0.25696915
1564753988 0.0000000 0.88237554 0.60703093
1564784683 0.0000000 0.97447920 0.92184150
1565054388 0.0000000 0.98131967 0.94965994
1565055090 0.0000000 0.93249601 0.78177547
1565213283 0.0000000 0.85918760 0.53712177
1565218942 0.0000000 0.58207494 -8.1175146
1565905300 0.0000000 0.66258413 -1.6838224
1566053525 0.0000000 0.88808554 0.58696759
1566053530 0.0000000 0.88809633 0.58700585
1566074882 0.0000000 0.81431538 0.27983820
1566101114 0.0000000 0.90727460 0.69612825
1566598377 0.0000000 0.49033141 -2.0800107
1566648618 0.0000000 0.51726431 -8.9582796
1567237819 0.0000000 0.75807452 -0.24624240
1567471650 0.0000000 0.80998379 0.20008701
1567604000 0.0000000 0.73294246 -0.63637435
1567917359 0.0000000 0.58321321 -5.0926738
1568005668 0.0000000 0.92147505 0.71820968
1568095682 0.0000000 0.95779520 0.87126392
1569863578 0.0000000 0.89982367 0.66029215
1570468626 0.0000000 0.55586022 -4.3666158
1571312673 0.0000000 0.96479166 0.89326757
1571861758 0.0000000 0.55503279 -12.133131
1572218883 0.0000000 0.66971689 -1.6036081
1573491297 0.0000000 0.91937208 0.76429266
1573495893 0.0000000 0.56005549 -5.0007081
1574645562 0.0000000 0.94708258 0.83183277
1575564604 0.0000000 0.68117177 -1.2615011
1575660753 0.0000000 0.49792019 -8.7627659
1576495557 0.0000000 0.62572747 -1.6703966
1577769501 0.0000000 0.74597615 3.28316092E-02
1577819410 0.0000000 0.88669193 0.61804545
1578293635 0.0000000 0.80145043 0.24053460
1578510402 0.0000000 0.59120727 -7.9039421
1579404154 0.0000000 0.93628126 0.81168818
1579703564 0.0000000 0.82312399 0.18701380
1580749376 0.0000000 0.70011276 -1.3989725
1581076659 0.0000000 0.55541110 -7.8120241
1581616159 0.0000000 0.81691253 9.73588824E-02
1581629921 0.0000000 0.78575432 -0.14329875
1581764406 0.0000000 0.96542764 0.89957887
1581764700 0.0000000 0.93644714 0.76426947
1581794413 0.0000000 0.86926448 0.51906240
1582090065 0.0000000 0.86685485 0.54298598
1582113307 0.0000000 0.71716690 -2.1223040
1582546233 0.0000000 0.82148498 0.16012424
1582592414 0.0000000 0.70437402 -3.3182511
1582629242 0.0000000 0.74476391 -0.34694004
1582695255 0.0000000 0.75488490 -1.2942924
1584677477 0.0000000 0.70017654 -1.7095101
1585787701 0.0000000 0.52901137 -2.1234276
1586304460 0.0000000 0.59099048 -5.0163245
1586389759 0.0000000 0.75438291 -0.29007638
1586537097 0.0000000 0.95500368 0.87377322
1586691401 0.0000000 0.77180195 -0.12840247
1587481331 0.0000000 0.55155003 -9.5667143
1588476280 0.0000000 0.69734257 -0.68356586
1589003116 0.0000000 0.59085113 -5.5478907
1589548020 0.0000000 0.46745747 -18.114790
1589756010 0.0000000 0.55182415 -9.7403107
1589910785 0.0000000 0.79891050 0.21460497
1590311534 0.0000000 0.33111474 -42.481396
1590359490 0.0000000 0.65759575 -2.5918889
1590694463 0.0000000 0.71462798 -0.91600072
1590843750 0.0000000 0.66067767 -3.0177765
1591494563 0.0000000 0.68539357 -1.3492577
1591839506 0.0000000 0.57979614 -15.711914
1591921295 0.0000000 0.72093582 -0.77010381
1592079539 0.0000000 0.66499788 -1.3100963
1592349420 0.0000000 0.68579030 -1.6910946
1593214064 0.0000000 0.95662957 0.86443460
1593241888 0.0000000 0.82624847 0.19313318
1593407313 0.0000000 0.54784209 -6.4953675
1593435168 0.0000000 0.67683238 -0.97818315
1593519432 0.0000000 0.56840402 -4.3720164
1594227272 0.0000000 0.73681909 -0.91299236
1594265063 0.0000000 0.66095036 -3.4393015
1594267923 0.0000000 0.59751463 -3.9804606
1594526768 0.0000000 0.47603983 -7.1205578
1594546164 0.0000000 0.65718561 -1.4393508
1595767949 0.0000000 0.81645507 0.31983638
1597107665 0.0000000 0.58129191 -8.1963110
1597123796 0.0000000 0.82789290 0.36746025
1597187246 0.0000000 0.79051536 -0.17035639
1597774608 0.0000000 0.81100458 0.30844587
1597797181 0.0000000 0.89599752 0.64378244
1597806811 0.0000000 0.85092747 0.41477972
1598480108 0.0000000 0.67561561 -1.3248158
1598847265 0.0000000 0.65572989 -2.2849844
1599036279 0.0000000 0.60741633 -6.3303609
1600306672 0.0000000 0.84811014 0.20355529
1600646088 0.0000000 0.74105126 -0.40640211
1600833602 0.0000000 0.76513404 -0.89454591
1601017581 0.0000000 0.59885919 -2.8898535
1601326254 0.0000000 0.97849572 0.93865162
1601342057 0.0000000 0.92252523 0.76868969
1601440640 0.0000000 0.61746830 -2.3038058
1601863505 0.0000000 0.84588987 0.22764504
1602517184 0.0000000 0.57204807 -2.4088790
1602946993 0.0000000 0.92352194 0.76932204
1602947159 0.0000000 0.88270432 0.62238634
1603087586 0.0000000 0.53316206 -2.7616706
1603396062 0.0000000 0.75215459 5.79856038E-02
1603674483 0.0000000 0.62437963 -6.5615377
1604358861 0.0000000 0.83175886 0.24187213
1604426346 0.0000000 0.81439602 0.11210722
1604601372 0.0000000 0.83541912 8.73573422E-02
1604626818 0.0000000 0.71222049 -0.39582145
1605130406 0.0000000 0.96616197 0.90254658
1605130534 0.0000000 0.96007395 0.89413530
1605266102 0.0000000 0.92039174 0.73913664
1605511152 0.0000000 0.86668575 0.52119821
1605551866 0.0000000 0.89126700 0.68819582
1605557664 0.0000000 0.93062216 0.77709901
1605621503 0.0000000 0.87131530 0.54115903
1605662576 0.0000000 0.47579312 -13.425342
1606582085 0.0000000 0.70680970 -0.35159111
1606657334 0.0000000 0.82716662 0.26602381
1607578178 0.0000000 0.71513790 -0.57204437
1607606398 0.0000000 0.76146924 -0.16768885
1607606851 0.0000000 0.41206929 -10.611085
1607624108 0.0000000 0.64466721 -1.5405166
1608317519 0.0000000 0.73583704 -0.41292512
1608385359 0.0000000 0.79609507 0.34510481
1609436522 0.0000000 0.55207419 -8.4032965
1609594007 0.0000000 0.88075006 0.59493148
1610162996 0.0000000 0.60908651 -0.62300265
1610192153 0.0000000 0.58741921 -3.9716668
1610249009 0.0000000 0.79914540 -3.91616821E-02
1610838659 0.0000000 0.93640286 0.81239390
1611559538 0.0000000 0.76843590 -0.21838689
1611565557 0.0000000 0.56724823 -2.3404469
1611574763 0.0000000 0.47739726 -41.961555
1611584686 0.0000000 0.73366994 -0.26614022
1611818971 0.0000000 0.97416818 0.91460019
