1393759985 0.0000000 0.40093824 -17.442703
1393791078 0.0000000 0.55926561 -4.0604801
1394913876 0.0000000 0.63940924 -1.2092609
1395061976 5.00000007E-02 0.75198174 -0.88350856
1395231566 -0.34999999 0.24447177 -0.92640066
1397097485 0.0000000 0.67223299 -2.0746505
1397746253 -3.3500001 0.29564124 -1.4400547
1398443585 0.0000000 0.27794951 -2.5648868
1399207416 0.0000000 0.57677937 -24.175047
1399278483 1.1000000 0.18601805 -1.4711373
1399745740 0.0000000 0.60514969 -4.4042091
1399746271 0.0000000 0.57193744 -3.6485920
1400631673 0.0000000 0.73894924 -0.30596232
1402085900 0.0000000 0.57184666 -40.262863
1402313583 0.0000000 0.70639139 -1.5281310
1402624068 0.0000000 0.69438678 -23.496578
1402784563 0.0000000 0.63569063 -0.89363170
1403034553 0.0000000 0.44353443 -29.234613
1403317269 0.0000000 0.44804153 -30.852139
1403439974 0.0000000 0.46887690 -44.054691
1404774365 0.0000000 0.43483055 -1.0569429
1404925818 0.0000000 0.38624290 -9.3440075
1405577514 0.0000000 0.71857905 -0.98700929
1407296767 0.0000000 0.74752933 -2.1305761
1407544588 0.0000000 0.50953490 -4.3529654
1408047770 0.0000000 0.80284709 0.11881703
1410046387 0.0000000 0.79623878 -0.14645982
1410325949 0.0000000 0.63972980 -9.0773716
1410382444 0.0000000 0.60603273 -4.8760271
1411247643 0.0000000 0.66083848 -19.994360
1411641303 0.0000000 0.75796574 -0.81972694
1412009058 0.0000000 0.69740188 -4.7399945
1412705290 0.0000000 0.64632249 -16.542028
1413207959 0.0000000 0.55413127 -2.3720326
1414298821 0.0000000 0.41846132 -23.703487
1416419181 0.0000000 0.69265640 -2.5290184
1416419227 0.0000000 0.84150070 0.45020860
1416540553 0.0000000 0.69572324 -1.9070215
1417557685 0.0000000 0.70440876 -4.1646085
1417655668 0.0000000 0.68603349 -27.532539
1418245419 0.0000000 0.70447457 -9.1468248
1418533563 0.0000000 0.70424461 -21.836012
1419682925 0.0000000 0.64682943 -10.977968
1419947441 0.0000000 0.69569296 -21.497095
1419995164 0.0000000 0.75217342 -8.7386169
1420012476 0.0000000 0.62247235 -12.691656
1420437226 0.0000000 0.71103334 -18.048462
1420606112 0.0000000 0.57560146 -12.250404
1420742654 0.0000000 0.66837806 -2.5533738
1421435535 0.0000000 0.67990321 -4.0338058
1421639313 0.0000000 0.65319735 -7.9860334
1422083726 0.0000000 0.70791161 -1.2852826
1422374758 0.0000000 0.83813548 0.37415183
1422958210 0.0000000 0.62388462 -17.042198
1423037687 0.0000000 0.73137736 -25.312803
1423603888 0.0000000 0.42378137 -7.1577330
1423726535 0.0000000 0.61806899 -29.700235
1423857991 0.0000000 0.79102504 -0.12237537
1424969403 0.0000000 0.71995342 -18.063171
1426114954 0.0000000 0.58283341 -25.250673
1426344314 0.0000000 0.68366611 -9.3906803
1426852891 0.0000000 0.64582747 -3.0001283
1427105631 0.0000000 0.64089340 -3.1683159
1427483378 0.0000000 0.68299109 -3.3675671
1428208678 0.0000000 0.67347503 -20.622837
1428320250 0.0000000 0.63068402 -7.3754053
1428945237 0.0000000 0.64742357 -5.2054143
1429127316 0.0000000 0.67522085 -2.0315006
1429494176 0.0000000 0.91666162 0.74436659
1429494550 0.0000000 0.78744823 -0.16476488
1429528847 0.0000000 0.63893700 -5.9777007
1429530313 0.0000000 0.87472314 0.47453666
1429531199 0.0000000 0.85878211 0.44117284
1429992097 0.0000000 0.83110785 0.21529484
1430658547 0.0000000 0.73920757 -0.62309802
1431333501 0.0000000 0.70266849 -2.1892426
1431387795 0.0000000 0.61289680 -6.7277241
1431628549 0.0000000 0.69730175 -2.6940689
1432588969 0.0000000 0.87264442 0.49794495
1432601816 0.0000000 0.67446887 -2.7603881
1432799863 0.0000000 0.75824332 -0.78591943
1434467768 0.0000000 0.67581397 -16.613693
1434867330 0.0000000 0.76419181 -0.70964146
1435335400 0.0000000 0.65350705 -8.1847630
1438066750 0.0000000 0.62762463 -19.879141
1438936857 0.0000000 0.73448575 -13.792347
1441113885 0.0000000 0.64449501 -4.0203438
1441128847 0.0000000 0.61670077 -4.6690927
1441160293 0.0000000 0.61840117 -6.6826415
1441898607 0.0000000 0.63329673 -16.605675
1442339782 0.0000000 0.68752724 -3.3783288
1442345855 0.0000000 0.73282617 -0.90348148
1442345878 0.0000000 0.71018004 -0.98471475
1442408939 0.0000000 0.75904429 -0.41851521
1442410226 0.0000000 0.61792570 -17.080473
1442413798 0.0000000 0.66275853 -12.254210
1443074281 0.0000000 0.69794971 -3.3528495
1444648487 0.0000000 0.73868906 -0.94182956
1444736944 0.0000000 0.62540364 -9.4599953
1444953165 0.0000000 0.67134351 -9.4021320
1444953267 0.0000000 0.59534699 -6.8338022
1445014914 0.0000000 0.67291731 -18.990305
1445221055 0.0000000 0.68183166 -2.4278724
1445233331 0.0000000 0.67766386 -1.9678195
1445239215 0.0000000 0.70656264 -1.9112017
1446412182 0.0000000 0.73854077 -0.72664464
1446412281 0.0000000 0.92986792 0.78138196
1446509184 0.0000000 0.62719399 -6.6837525
1446509190 0.0000000 0.62719393 -6.6837130
1446714386 0.0000000 0.53564465 -9.6863890
1447167192 0.0000000 0.69757843 -20.166573
1447255999 0.0000000 0.66474688 -15.063955
1447277516 0.0000000 0.60730445 -5.5845985
1448316095 0.0000000 0.59052193 -8.8299875
1448671943 0.0000000 0.70272207 -9.7779369
1449033717 0.0000000 0.62169492 -3.8182926
1449035580 0.0000000 0.62086254 -5.7688146
1449153073 0.0000000 0.70192504 -2.2308822
1449935242 0.0000000 0.70899606 -2.5452423
1450510821 0.0000000 0.61241579 -1.0246394
1450536811 0.0000000 0.71975237 -1.0124657
1450992022 0.0000000 0.68155074 -15.105665
1451199638 0.0000000 0.65668935 -25.905556
1451327726 0.0000000 0.63499081 -2.9270546
1451523194 0.0000000 0.63867962 -4.3092141
1451829690 0.0000000 0.68358976 -14.067573
1451928000 0.0000000 0.67572564 -3.0322704
1452487977 0.0000000 0.67292112 -2.7052073
1453169606 0.0000000 0.64055783 -2.9553983
1453824336 0.0000000 0.84430981 0.42275852
1454422761 0.0000000 0.70519191 -1.3545871
1454702246 0.0000000 0.92848933 0.77642679
1454702308 0.0000000 0.93777126 0.81087780
1454702406 0.0000000 0.99697965 0.99015009
1454702512 0.0000000 0.99508494 0.98703921
1454978820 0.0000000 0.71399641 -0.87535262
1455590759 0.0000000 0.86973691 0.41611385
1455595494 0.0000000 0.92467612 0.76830494
1455757779 0.0000000 0.94632775 0.83168399
1455758311 0.0000000 0.90614045 0.67456657
1456215987 0.0000000 0.67921740 -5.8052335
1456541993 0.0000000 0.84348786 0.30914044
1457201466 0.0000000 0.56440139 -19.059666
1457276938 0.0000000 0.60498393 -4.3676105
1459152479 0.0000000 0.72896272 -1.6686056
1459502085 0.0000000 0.63025242 -11.011631
1459988008 0.0000000 0.66612452 -13.272099
1460294506 0.0000000 0.62719744 -20.437147
1460353509 0.0000000 0.68851745 -3.4360781
1460804146 0.0000000 0.66568309 -3.2147822
1461082597 0.0000000 0.70267314 -2.5714979
1461607991 0.0000000 0.85857433 0.49110240
1461770234 0.0000000 0.81937385 0.18713272
1461770257 0.0000000 0.77681828 -0.18319166
1461770858 0.0000000 0.68530840 -1.9013767
1461781146 0.0000000 0.76389575 -0.76321518
1461806086 0.0000000 0.56490701 -8.9958429
1462056417 0.0000000 0.65962720 -3.6603289
1462199340 0.0000000 0.73089790 -1.0334926
1462521203 0.0000000 0.62267876 -8.9569435
1462632669 0.0000000 0.58574325 -3.8598413
1462675593 0.0000000 0.68440592 -5.5934801
1463023035 0.0000000 0.73419482 -0.36540508
1463023251 0.0000000 0.71920347 -21.789417
1463023282 0.0000000 0.73740047 -26.583126
1463027395 0.0000000 0.65617526 -8.2605896
1463127852 0.0000000 0.66568619 -15.140793
1463195522 0.0000000 0.71687186 -1.2043173
1463196768 0.0000000 0.63734359 -11.169973
1463530965 0.0000000 0.63989854 -19.553465
1463863900 0.0000000 0.87632120 0.40064359
1463882779 0.0000000 0.76292849 -0.86133015
1464184475 0.0000000 0.70159703 -1.8888359
1464544116 0.0000000 0.71350539 -2.8153479
1464576767 0.0000000 0.62323958 -5.8942041
1464630651 0.0000000 0.64176935 -10.651986
1464672226 0.0000000 0.76144785 -2.8803110
1466204142 0.0000000 0.65409726 -12.869135
1466383187 0.0000000 0.58739704 -14.621948
1466409210 0.0000000 0.65877372 -9.9121084
1466715930 0.0000000 0.67584729 -1.3022161
1467361422 0.0000000 0.65741289 -4.3345785
1469019333 0.0000000 0.79072839 -22.388502
1469592155 0.0000000 0.61045390 -5.8616128
1471008941 0.0000000 0.71212941 -13.315422
1471908408 0.0000000 0.68159270 -6.8578248
1472660934 0.0000000 0.65095687 -8.5468607
1473440050 0.0000000 0.69843954 -2.5633922
1475055492 0.0000000 0.65521705 -16.693245
1475769120 0.0000000 0.87344229 0.51793289
1477370752 0.0000000 0.69602138 -2.2740049
1478519786 0.0000000 0.68520063 -3.6076665
1478903131 0.0000000 0.83593094 0.18196821
1480024554 0.0000000 0.85382682 0.36130524
1480377579 0.0000000 0.68504214 -3.2975707
1480507474 0.0000000 0.75060260 -0.59852052
1481256588 0.0000000 0.67937148 -10.510629
1481811269 0.0000000 0.90505522 0.67716438
1483057851 0.0000000 0.60169625 -12.195426
1483513641 0.0000000 0.69539601 -25.408821
1484155863 0.0000000 0.75819755 -0.92079413
1484797338 0.0000000 0.62645096 -3.3782768
1484900187 0.0000000 0.57865518 -13.355117
1485329586 0.0000000 0.63386494 -13.419183
1486746772 0.0000000 0.90543270 0.67585951
1487420859 0.0000000 0.69073892 -4.0689368
1487652197 0.0000000 0.68653458 -10.165419
1488212310 0.0000000 0.62822485 -4.6332765
1488924651 0.0000000 0.73724711 -12.332830
1489967289 0.0000000 0.67314011 -17.262476
1490066029 0.0000000 0.51281297 -3.0331130
1490805242 0.0000000 0.71850979 -1.9766722
1492112471 0.0000000 0.63229406 -2.0969565
1492367656 0.0000000 0.71978402 -1.3319747
1493517442 0.0000000 0.85540944 0.31196004
1493960850 0.0000000 0.66910470 -11.258586
1493986611 0.0000000 0.47129297 -13.685180
1494889974 0.0000000 0.78137249 -0.11325002
1494932580 0.0000000 0.79683787 -2.70427465E-02
1495631454 0.0000000 0.68868047 -2.4959521
1495691291 0.0000000 0.68880284 -2.0015395
1495956669 0.0000000 0.53378487 -29.198267
1495999757 0.0000000 0.81604719 0.14124072
1496582686 0.0000000 0.63524467 -4.6281929
1497967350 0.0000000 0.51149106 -4.1287951
1498029939 0.0000000 0.72824073 -9.1838770
1500318986 0.0000000 0.70072621 -23.580191
1501139292 0.0000000 0.76590466 -0.98253202
1501845585 0.0000000 0.69988531 -2.4676497
1502294736 0.0000000 0.68038756 -12.615618
1502416734 0.0000000 0.71165937 -1.5134571
1504364658 0.0000000 0.67894721 -6.6790977
1505096741 0.0000000 0.64552063 -37.842659
1505687994 0.0000000 0.62916124 -13.760952
1505917796 0.0000000 0.69469696 -0.97753501
1506232185 0.0000000 0.65068525 -4.6849432
1506549399 0.0000000 0.59557676 -16.931593
1507505391 0.0000000 0.68264490 -1.7941284
1507747520 0.0000000 0.63496047 -14.940464
1508582157 0.0000000 0.61995649 -14.132649
1509318944 0.0000000 0.66208690 -2.5986679
1509677295 0.0000000 0.86991167 0.44127876
1509677339 0.0000000 0.87218696 0.45359719
1509752088 0.0000000 0.65199256 -3.5776997
1510398879 0.0000000 0.62698561 -9.6291275
1510402973 0.0000000 0.64892149 -5.1809077
1510440860 0.0000000 0.67036122 -18.470881
1510947032 0.0000000 0.70178354 -1.2603621
1511360409 0.0000000 0.77778476 -0.14689195
1511470532 0.0000000 0.70200711 -2.4846287
1512230735 0.0000000 0.61262625 -35.807365
1512377977 0.0000000 0.72136116 -1.3287082
1512704669 0.0000000 0.71156877 -11.442402
1513120660 0.0000000 0.70846301 -1.3059950
1516168751 0.0000000 0.78397113 -16.897190
1516984288 0.0000000 0.91125631 0.68973637
1517686257 0.0000000 0.66322845 -7.0988178
1517749972 0.0000000 0.64154398 -2.8177321
1517752600 0.0000000 0.74471372 -0.77290869
1517752662 0.0000000 0.67109913 -2.3596923
1517753127 0.0000000 0.64962596 -19.105648
1517753452 0.0000000 0.69098562 -1.4908903
1517753522 0.0000000 0.72967148 -0.67556262
1517753592 0.0000000 0.72281033 -0.76801181
1517753815 0.0000000 0.66552991 -2.6016095
1517758427 0.0000000 0.67368245 -5.3791203
1517763262 0.0000000 0.63197833 -5.4206371
1517821602 0.0000000 0.78532606 -0.21722579
1517823894 0.0000000 0.79451698 -0.25634766
1517846321 0.0000000 0.63543212 -6.4058013
1517852233 0.0000000 0.65167761 -13.808414
1517893754 0.0000000 0.63739222 -4.2310753
1517906208 0.0000000 0.68199480 -2.2984180
1517932241 0.0000000 0.74304217 -0.57690263
1517932280 0.0000000 0.84264135 0.38244444
1517932282 0.0000000 0.88475853 0.59623742
1517932427 0.0000000 0.65453124 -3.0935602
1517932434 0.0000000 0.65305358 -3.3614864
1517932492 0.0000000 0.65913403 -2.5586357
1517933877 0.0000000 0.72809702 -1.3471720
1517940013 0.0000000 0.69720447 -1.8107560
1517940459 0.0000000 0.70188349 -1.3463569
1517944528 0.0000000 0.92273468 0.76534128
1517945796 0.0000000 0.80651313 -7.30006695E-02
1517950582 0.0000000 0.75199038 -0.51196730
1517958702 0.0000000 0.79064888 -0.23230827
1517960631 0.0000000 0.63036776 -7.8555260
1517969882 0.0000000 0.74128783 -0.45989811
1517974578 0.0000000 0.67394298 -1.9669445
1517998787 0.0000000 0.61941469 -5.1222506
1518001985 0.0000000 0.78057742 -0.28751540
1518008800 0.0000000 0.66667950 -3.0149369
1518008880 0.0000000 0.71657294 -2.0571048
1518013159 0.0000000 0.85359794 0.37925106
1518016890 0.0000000 0.79718298 0.11069030
1518016916 0.0000000 0.80578768 0.16362017
1518051257 0.0000000 0.70377642 -1.7394032
1518059164 0.0000000 0.61824328 -8.7790775
1518142443 0.0000000 0.68510568 -10.485748
1518201789 0.0000000 0.78854299 -0.27983177
1518248929 0.0000000 0.72328186 -1.0642481
1518858396 0.0000000 0.66761601 -3.0646324
1518981709 0.0000000 0.68282360 -9.6749420
1519051621 0.0000000 0.72002763 -38.168053
1519254641 0.0000000 0.64602232 -10.506763
1519583320 0.0000000 0.60981536 -5.1151638
1519962147 0.0000000 0.65503991 -5.4743662
1520098551 0.0000000 0.63315755 -4.9635549
1520329330 0.0000000 0.68881822 -7.2196894
1521024527 0.0000000 0.68020105 -1.8902569
1521537776 0.0000000 0.82766020 0.29845780
1521728871 0.0000000 0.67281502 -5.7802010
1522598524 0.0000000 0.55909646 -8.2984648
1523432369 0.0000000 0.65526313 -8.8140574
1523886539 0.0000000 0.62509537 -3.9146290
1524201906 0.0000000 0.70708376 -11.912416
1524248877 0.0000000 0.72678757 -34.477516
1524308214 0.0000000 0.65555114 -15.421211
1524503432 0.0000000 0.70267749 -2.3183875
1524721460 0.0000000 0.76135087 -0.53836179
1524721601 0.0000000 0.72104561 -1.2079504
1524808553 0.0000000 0.81056815 2.40473151E-02
1525218424 0.0000000 0.79856759 -1.64530277E-02
1526098666 0.0000000 0.63437635 -20.445919
1527728598 0.0000000 0.84897637 0.42499352
1527904870 0.0000000 0.70603949 -3.1091509
1528731725 0.0000000 0.75447106 -0.83374226
1528750347 0.0000000 0.86660975 0.41784799
1528856173 0.0000000 0.69186360 -1.8499975
1529096035 0.0000000 0.69008565 -6.5652361
1529334375 0.0000000 0.72999263 -28.847364
1529522338 0.0000000 0.70177305 -0.97772515
1530516370 0.0000000 0.65822047 -5.0354085
1530516385 0.0000000 0.65821654 -5.0338736
1530609654 0.0000000 0.87766695 0.55517507
1531312909 0.0000000 0.87256509 0.46212065
1531507119 0.0000000 0.78634173 -1.24849081E-02
1532050755 0.0000000 0.73275918 -0.80625212
1533217098 0.0000000 0.72334629 -2.2033165
1533504622 0.0000000 0.64293623 -24.464252
1533801692 0.0000000 0.62590379 -4.3497243
1534500582 0.0000000 0.64675695 -5.2787814
1534551317 0.0000000 0.64312845 -3.6212544
1535572403 0.0000000 0.67858768 -17.640799
1535660064 0.0000000 0.65286130 -18.301130
1536498994 0.0000000 0.69182009 -19.772478
1536641006 0.0000000 0.69258898 -6.3271155
1536700815 0.0000000 0.66247785 -24.160503
1538633849 0.0000000 0.67322594 -5.5887904
1538766649 0.0000000 0.58285427 -4.9790754
1539072778 0.0000000 0.66786796 -1.8046238
1539164591 0.0000000 0.67631191 -8.2915058
1540269298 0.0000000 0.97386879 0.93000758
1540310644 0.0000000 0.97904164 0.93904561
1541624711 0.0000000 0.64210767 -5.8610301
1541712486 0.0000000 0.67224550 -3.5976253
1542328459 0.0000000 0.69100219 -17.430592
1542608341 0.0000000 0.67435563 -3.6246319
1542638415 0.0000000 0.69634092 -13.219050
1542645094 0.0000000 0.61357522 -27.656399
1543190243 0.0000000 0.88368183 0.56843913
1543191316 0.0000000 0.66213387 -5.1294928
1543236658 0.0000000 0.76032549 -1.3106575
1543238642 0.0000000 0.71254605 -2.0887864
1543314575 0.0000000 0.77119941 -0.45371449
1544368541 0.0000000 0.62577701 -3.6517258
1544439487 0.0000000 0.64381522 -6.4983449
1544621063 0.0000000 0.59208101 -5.4802175
1544908865 0.0000000 0.64264983 -8.5368385
1545710204 0.0000000 0.78301454 -0.31083679
1546538568 0.0000000 0.94335884 0.83048809
1546949806 0.0000000 0.68222493 -4.5191498
1548127166 0.0000000 0.73070896 -1.2106822
1548825695 0.0000000 0.62284660 -3.5996742
1548861293 0.0000000 0.79300708 4.60313559E-02
1549366351 0.0000000 0.63881159 -15.880882
1549558324 0.0000000 0.82968646 0.23380733
1550239687 0.0000000 0.59904820 -18.089325
1551558867 0.0000000 0.63111669 -4.3001747
1552012334 0.0000000 0.73574597 -0.59583688
1552127531 0.0000000 0.69993961 -24.260990
1552421955 0.0000000 0.71525830 -7.2882500
1552451554 0.0000000 0.65937686 -12.366035
1552511242 0.0000000 0.64997703 -2.3855205
1552697151 0.0000000 0.64514089 -5.3020411
1552968094 0.0000000 0.63581008 -19.626556
1553256348 0.0000000 0.66056567 -28.982695
1553414210 0.0000000 0.57355869 -44.158756
1554087275 0.0000000 0.75379628 -20.930483
1554172029 0.0000000 0.66371894 -2.3566232
1554256375 0.0000000 0.98030335 0.94636434
1554343015 0.0000000 0.93807274 0.78028035
1554382610 0.0000000 0.61551857 -13.866951
1554499495 0.0000000 0.75124991 -0.71457469
1554706689 0.0000000 0.78823262 -0.21007216
1554822801 0.0000000 0.71406662 -1.1037290
1554841453 0.0000000 0.67820525 -2.5672259
1554850672 0.0000000 0.73319846 -1.3099627
1555563667 0.0000000 0.92060977 0.69392526
1556793883 0.0000000 0.68541670 -12.972110
1556970683 0.0000000 0.69893706 -6.3519888
1557330527 0.0000000 0.65826732 -12.911835
1557737721 0.0000000 0.67362130 -17.286289
1558197514 0.0000000 0.79071301 -0.25587034
1558379328 0.0000000 0.49918923 -25.210997
1558489044 0.0000000 0.62842214 -4.9684258
1558591969 0.0000000 0.70564646 -2.1284907
1559317998 0.0000000 0.80214763 -4.88299131E-02
1559641578 0.0000000 0.68602777 -2.9070394
1559762840 0.0000000 0.64493680 -6.0573587
1560870606 0.0000000 0.60222232 -1.6464305
1561237205 0.0000000 0.63211304 -5.9298458
1561242160 0.0000000 0.68045342 -2.3739238
1561825206 0.0000000 0.65977460 -17.938671
1561837452 0.0000000 0.68993872 -3.8768926
1562610935 0.0000000 0.68759167 -1.6787159
1562880116 0.0000000 0.78836668 3.51755023E-02
1563275550 0.0000000 0.69918352 -29.087807
1563531230 0.0000000 0.71383584 -1.4613125
1563768365 0.0000000 0.70898235 -0.96363878
1563850922 0.0000000 0.68595564 -9.4655685
1564123196 0.0000000 0.69558597 -11.910524
1564190683 0.0000000 0.84902847 0.39776748
1564649429 0.0000000 0.70194381 -1.1774244
1564753988 0.0000000 0.72542524 -0.57309699
1564784683 0.0000000 0.86868763 0.47469646
1565054388 0.0000000 0.89579749 0.64531010
1565055090 0.0000000 0.78925693 -0.18518507
1565213283 0.0000000 0.63781029 -2.5777330
1565218942 0.0000000 0.72476941 -21.700676
1565905300 0.0000000 0.65513951 -11.104401
1566053525 0.0000000 0.74454892 -0.99171650
1566053530 0.0000000 0.74454713 -0.99171710
1566074882 0.0000000 0.72303969 -0.87155020
1566101114 0.0000000 0.71053511 -1.0889263
1566598377 0.0000000 0.52920210 -2.5915992
1566648618 0.0000000 0.62639147 -19.316872
1567237819 0.0000000 0.63632560 -4.1108170
1567471650 0.0000000 0.68393737 -2.2123036
1567604000 0.0000000 0.67574435 -6.0363708
1567917359 0.0000000 0.67464799 -17.141308
1568005668 0.0000000 0.83579350 6.63205385E-02
1568095682 0.0000000 0.79241049 -7.16485977E-02
1569863578 0.0000000 0.77933043 -0.41349566
1570468626 0.0000000 0.57344049 -7.6526299
1571312673 0.0000000 0.85748118 0.36760437
1571861758 0.0000000 0.77335322 -29.214605
1572218883 0.0000000 0.66171241 -9.7659092
1573491297 0.0000000 0.85903436 0.43365645
1573495893 0.0000000 0.76801270 -24.489780
1574645562 0.0000000 0.80058563 -0.17672920
1575564604 0.0000000 0.65701866 -6.6690564
1575660753 0.0000000 0.64620703 -22.451935
1576495557 0.0000000 0.62326288 -7.9679060
1577769501 0.0000000 0.69265884 -0.80408120
1577819410 0.0000000 0.71204114 -1.3894122
1578293635 0.0000000 0.72033912 -0.75791132
1578510402 0.0000000 0.68622804 -19.929764
1579404154 0.0000000 0.78684384 -4.12693024E-02
1579703564 0.0000000 0.68574703 -2.9138219
1580749376 0.0000000 0.64449096 -8.5586262
1581076659 0.0000000 0.68088669 -19.249252
1581616159 0.0000000 0.69505394 -4.3488717
1581629921 0.0000000 0.68994224 -2.8345873
1581764406 0.0000000 0.82392097 0.14192176
1581764700 0.0000000 0.74226207 -1.5263801
1581794413 0.0000000 0.67319131 -2.3179157
1582090065 0.0000000 0.72623271 -0.71999228
1582113307 0.0000000 0.66163707 -8.1129198
1582546233 0.0000000 0.61124825 -7.5936089
1582592414 0.0000000 0.70950294 -8.0544529
1582629242 0.0000000 0.57758880 -7.3491659
1582695255 0.0000000 0.68829185 -9.1358328
1584677477 0.0000000 0.67247158 -9.4056511
1585787701 0.0000000 0.53802890 -2.9791529
1586304460 0.0000000 0.64826214 -19.442150
1586389759 0.0000000 0.63630891 -9.6383715
1586537097 0.0000000 0.88597250 0.59251678
1586691401 0.0000000 0.61960346 -5.9235873
1587481331 0.0000000 0.64770240 -25.375395
1588476280 0.0000000 0.58189881 -6.9579792
1589003116 0.0000000 0.64476717 -19.760021
1589548020 0.0000000 0.63060147 -25.652901
1589756010 0.0000000 0.67413503 -23.624063
1589910785 0.0000000 0.66987759 -1.6110463
1590311534 0.0000000 0.36797449 -20.740423
1590359490 0.0000000 0.64909244 -13.441009
1590694463 0.0000000 0.66701055 -3.5721369
1590843750 0.0000000 0.64554662 -12.280576
1591494563 0.0000000 0.64099073 -8.3594379
1591839506 0.0000000 0.64153624 -26.888058
1591921295 0.0000000 0.62290418 -7.2139111
1592079539 0.0000000 0.61474800 -8.0995798
1592349420 0.0000000 0.71017373 -9.5561562
1593214064 0.0000000 0.87786925 0.50805485
1593241888 0.0000000 0.69831049 -2.0861325
1593407313 0.0000000 0.70620030 -29.936840
1593435168 0.0000000 0.65320683 -14.022126
1593519432 0.0000000 0.55616331 -15.665070
1594227272 0.0000000 0.64104694 -8.8445454
1594265063 0.0000000 0.60433918 -17.122009
1594267923 0.0000000 0.62281817 -17.009666
1594526768 0.0000000 0.58042979 -14.384557
1594546164 0.0000000 0.64387470 -5.6637020
1595767949 0.0000000 0.66845882 -1.5245655
1597107665 0.0000000 0.76201820 -22.447855
1597123796 0.0000000 0.74998409 -0.57192779
1597187246 0.0000000 0.66732150 -4.6194992
1597774608 0.0000000 0.65539056 -1.8448691
1597797181 0.0000000 0.78093231 -0.45580125
1597806811 0.0000000 0.71290529 -1.6362908
1598480108 0.0000000 0.68386406 -9.2658920
1598847265 0.0000000 0.72864497 -10.345209
1599036279 0.0000000 0.64835823 -15.971100
1600306672 0.0000000 0.69332826 -4.1830106
1600646088 0.0000000 0.60155499 -5.3110280
1600833602 0.0000000 0.65906984 -7.9230242
1601017581 0.0000000 0.56368989 -16.409946
1601326254 0.0000000 0.91083914 0.68858796
1601342057 0.0000000 0.78132510 -0.19368351
1601440640 0.0000000 0.67749649 -8.9955587
1601863505 0.0000000 0.73156309 -1.6586742
1602517184 0.0000000 0.54538351 -7.8060656
1602946993 0.0000000 0.84385008 0.35454476
1602947159 0.0000000 0.76238358 -0.30987000
1603087586 0.0000000 0.61135048 -4.3121920
1603396062 0.0000000 0.73992217 1.10899806E-02
1603674483 0.0000000 0.69622016 -16.764582
1604358861 0.0000000 0.70218956 -2.1988273
1604426346 0.0000000 0.65361887 -4.4599342
1604601372 0.0000000 0.68869495 -4.1711016
1604626818 0.0000000 0.60636789 -5.7060299
1605130406 0.0000000 0.88535601 0.55586010
1605130534 0.0000000 0.88565761 0.59744954
1605266102 0.0000000 0.82807505 0.17441559
1605511152 0.0000000 0.71066880 -1.1394784
1605551866 0.0000000 0.72829199 -0.45527077
1605557664 0.0000000 0.81149995 6.12566471E-02
1605621503 0.0000000 0.74215198 -0.54983592
1605662576 0.0000000 0.72747642 -29.844248
1606582085 0.0000000 0.63142723 -1.0877249
1606657334 0.0000000 0.63711798 -3.3546715
1607578178 0.0000000 0.61221635 -5.2846189
1607606398 0.0000000 0.69348103 -3.5140691
1607606851 0.0000000 0.44245008 -18.148026
1607624108 0.0000000 0.66415739 -1.8524458
1608317519 0.0000000 0.63048935 -4.2515779
1608385359 0.0000000 0.75087982 7.63916373E-02
1609436522 0.0000000 0.61190701 -15.229321
1609594007 0.0000000 0.73013270 -0.79067731
1610162996 0.0000000 0.63601261 -0.89490259
1610192153 0.0000000 0.63543028 -9.3102226
1610249009 0.0000000 0.65681469 -3.4948387
1610838659 0.0000000 0.77391708 -0.15212822
1611559538 0.0000000 0.67023909 -4.1724544
1611565557 0.0000000 0.60205781 -10.319051
1611574763 0.0000000 0.54609084 -49.422134
1611584686 0.0000000 0.62380052 -2.7802761
1611818971 0.0000000 0.89800912 0.56066579
