837775762 0.0000000 0.99187881 0.98360735
837925917 0.0000000 0.73257738 0.14772147
838427199 0.0000000 0.97056359 0.94018734
838671653 0.0000000 0.99967462 0.99925905
838750993 0.0000000 0.97731304 0.95313179
839270473 0.0000000 0.99859285 0.99714887
839658185 0.0000000 0.99874610 0.99733835
841593341 0.0000000 0.87342250 0.69402492
841947167 0.0000000 0.83960330 0.58504224
841966927 0.0000000 0.99985957 0.99945700
841967337 0.0000000 0.99397469 0.98796666
841967424 0.0000000 0.99042922 0.98082727
841967717 0.0000000 0.99290055 0.98580462
841969564 0.0000000 0.99895203 0.99774826
841973148 0.0000000 0.99724245 0.99448180
841975496 0.0000000 0.99974924 0.99933738
841976432 0.0000000 0.99767733 0.99534017
841976527 0.0000000 0.99393654 0.98790497
841989993 0.0000000 0.99384463 0.98772019
841990035 0.0000000 0.99385506 0.98773843
841990674 0.0000000 0.99543697 0.99075359
841998277 0.0000000 0.99771065 0.99534124
842009672 0.0000000 0.99971086 0.99923539
842020651 0.0000000 0.99424297 0.98848122
842035262 0.0000000 0.99756563 0.99505466
842036992 0.0000000 0.97575998 0.95080721
842056074 0.0000000 0.99849641 0.99686724
842122037 0.0000000 0.99150944 0.98306692
842211144 0.0000000 0.99344546 0.98691922
842213633 0.0000000 0.99853772 0.99695158
842233958 0.0000000 0.96892375 0.93616891
842984365 0.0000000 0.98230433 0.96425790
846839283 0.0000000 0.99923337 0.99835294
847935551 0.0000000 0.99925339 0.99847585
855524541 0.0000000 0.98514980 0.96931845
855593408 0.0000000 0.99473453 0.98945624
855822594 0.0000000 0.99926144 0.99839753
856345761 0.0000000 0.98106277 0.96146482
857058283 0.0000000 0.97361976 0.94607073
857344712 0.0000000 0.93268514 0.85446173
857979217 0.0000000 0.98732787 0.97457391
858004916 0.0000000 0.94567782 0.88332808
859199163 0.0000000 0.99940276 0.99877930
859246340 0.0000000 0.99359637 0.98717934
860953513 0.0000000 0.99961567 0.99919111
861140002 0.0000000 0.98987979 0.97977328
861746294 0.0000000 0.87932283 0.70452559
862185572 0.0000000 0.98482668 0.96909648
862608623 0.0000000 0.97568035 0.94929743
862627573 0.0000000 0.99983883 0.99951857
863479085 0.0000000 0.94938314 0.89017034
863693027 0.0000000 0.94226396 0.87489140
863763297 0.0000000 0.96209592 0.92192280
864384080 0.0000000 0.99494177 0.98988396
864454998 0.0000000 0.91257674 0.80284250
865120897 0.0000000 0.96123362 0.91938484
866316320 0.0000000 0.97815919 0.95569414
866599410 0.0000000 0.99863905 0.99724764
866972164 0.0000000 0.99967128 0.99916899
867426807 0.0000000 0.98764926 0.97512102
868041450 0.0000000 0.99958295 0.99907440
868379187 0.0000000 0.98787040 0.97549456
868522793 0.0000000 0.99542159 0.99080086
868964733 0.0000000 0.99946386 0.99885511
873735427 0.0000000 0.97343427 0.94521457
876594265 0.0000000 0.99929392 0.99827367
877094056 0.0000000 0.99955159 0.99906516
877518611 0.0000000 0.82068205 0.51728475
877518986 0.0000000 0.99976337 0.99940926
877546907 0.0000000 0.90268171 0.77176172
877747215 0.0000000 0.97108227 0.94111347
879910270 0.0000000 0.99584740 0.99167633
880343225 0.0000000 0.98176897 0.96239871
885153411 0.0000000 0.94146001 0.87906051
885163200 0.0000000 0.99721968 0.99443698
885338978 0.0000000 0.99852353 0.99661046
886836052 0.0000000 0.99151069 0.98278970
887739663 0.0000000 0.98617244 0.97168976
887763450 0.0000000 0.98014444 0.95973116
888302731 0.0000000 0.98458409 0.96892279
888303585 0.0000000 0.96702826 0.93162251
889317344 0.0000000 0.99903536 0.99800032
889596008 0.0000000 0.99829751 0.99658251
889636914 0.0000000 0.99866229 0.99730748
893747340 0.0000000 0.97255272 0.94302076
894067552 0.0000000 0.99241865 0.98486376
894087462 0.0000000 0.99622256 0.99244773
894238216 0.0000000 0.99973065 0.99921954
894747219 0.0000000 0.99393702 0.98788357
895144921 0.0000000 0.92195088 0.82360530
895222228 0.0000000 0.99572110 0.99140114
895422961 0.0000000 0.93757313 0.86492246
895825584 0.0000000 0.81313419 0.50213379
896509358 0.0000000 0.99313760 0.98629677
899724834 0.0000000 0.93756914 0.86545670
900181394 0.0000000 0.91428268 0.80678785
900651074 0.0000000 0.99989766 0.99948996
900701079 0.0000000 0.98950380 0.97901243
900781359 0.0000000 0.99644625 0.99288398
900871111 0.0000000 0.99518663 0.99002171
900952524 0.0000000 0.97240448 0.94404852
901305843 0.0000000 0.99989974 0.99946284
901786541 0.0000000 0.99917072 0.99829972
901877006 0.0000000 0.98018962 0.95992357
902801269 0.0000000 0.99957758 0.99886614
902970331 0.0000000 0.70139021 -5.09107113E-02
903265983 0.0000000 0.99968070 0.99895722
904013371 0.0000000 0.90067828 0.77590626
904905650 0.0000000 0.99764335 0.99507576
905363640 0.0000000 0.99893165 0.99784625
905409966 0.0000000 0.99847078 0.99688494
905583188 0.0000000 0.92376226 0.82838625
905664888 0.0000000 0.99888909 0.99762911
905697214 0.0000000 0.74473888 0.22117400
905921771 0.0000000 0.99630803 0.99256033
906395377 0.0000000 0.97875160 0.95717096
906915742 0.0000000 0.86798251 0.67256129
906973039 0.0000000 0.98198724 0.96384662
907937571 0.0000000 0.99966639 0.99908727
908081794 0.0000000 0.98720193 0.97396624
908297657 0.0000000 0.98270154 0.96507269
910076797 0.0000000 0.99945360 0.99886197
911341652 0.0000000 0.99977362 0.99914116
911471402 0.0000000 0.99834293 0.99656492
912019233 0.0000000 0.88393134 0.72550881
912118339 0.0000000 0.93031561 0.84936363
912320478 0.0000000 0.95564783 0.90425730
913597143 0.0000000 0.98634183 0.97263879
914291346 0.0000000 0.99581760 0.99164313
914495847 0.0000000 0.71399277 6.27411604E-02
916122256 0.0000000 0.99843013 0.99682683
918942477 0.0000000 0.98965901 0.97906274
919479225 0.0000000 0.99624443 0.99233043
919691338 0.0000000 0.99958587 0.99896294
920174684 0.0000000 0.93955088 0.86901033
920668347 0.0000000 0.99829113 0.99651891
928999079 0.0000000 0.99924749 0.99842691
929863441 0.0000000 0.99957913 0.99901998
930302321 0.0000000 0.93922383 0.86857563
930322043 0.0000000 0.78732163 0.42191726
931355593 0.0000000 0.99964768 0.99913186
931356389 0.0000000 0.99929959 0.99848145
931484211 0.0000000 0.99891049 0.99775243
931653898 0.0000000 0.98851025 0.97709066
931724710 0.0000000 0.97966099 0.95916718
932244360 0.0000000 0.79953748 0.45367318
933800631 0.0000000 0.99319726 0.98630524
933854825 0.0000000 0.87798297 0.71567833
934006193 0.0000000 0.82083964 0.51719058
934098882 0.0000000 0.92410588 0.83129740
935191073 0.0000000 0.99486440 0.98961145
936973100 0.0000000 0.99962801 0.99919236
937489447 0.0000000 0.85579902 0.65013051
937498321 0.0000000 0.91950530 0.82053649
937850952 0.0000000 0.99988449 0.99947709
937851087 0.0000000 0.99988234 0.99947602
937851114 0.0000000 0.99987966 0.99947155
937852034 0.0000000 0.99960089 0.99907136
937852082 0.0000000 0.99959069 0.99904758
937852199 0.0000000 0.99876690 0.99742126
937852375 0.0000000 0.99891937 0.99771047
937852466 0.0000000 0.99818659 0.99631572
937852536 0.0000000 0.99799800 0.99592125
937852553 0.0000000 0.99769467 0.99533236
937852632 0.0000000 0.99571967 0.99144781
937852755 0.0000000 0.99440736 0.98882532
937852918 0.0000000 0.99393314 0.98790437
937853175 0.0000000 0.99703366 0.99402016
937853264 0.0000000 0.99751818 0.99496335
937853449 0.0000000 0.99741244 0.99474418
937853490 0.0000000 0.99724633 0.99440449
937853610 0.0000000 0.99892497 0.99767292
937853764 0.0000000 0.99935913 0.99858063
937853824 0.0000000 0.99930495 0.99847466
937853935 0.0000000 0.99903059 0.99797302
937855132 0.0000000 0.99468303 0.98937339
937855190 0.0000000 0.99412239 0.98827904
937855723 0.0000000 0.99920386 0.99826068
937855970 0.0000000 0.99770939 0.99538410
937856091 0.0000000 0.99635535 0.99270505
937856432 0.0000000 0.99976665 0.99937367
937856582 0.0000000 0.99913782 0.99818927
937856696 0.0000000 0.99491411 0.98983711
937857472 0.0000000 0.99934876 0.99849772
937857635 0.0000000 0.99981636 0.99936968
937857736 0.0000000 0.99982655 0.99938309
937858091 0.0000000 0.99763477 0.99522322
937858229 0.0000000 0.99659544 0.99320197
937858299 0.0000000 0.99318337 0.98637927
937858683 0.0000000 0.99915463 0.99813443
937858919 0.0000000 0.99928683 0.99837548
937859055 0.0000000 0.99678254 0.99354964
937859058 0.0000000 0.99679327 0.99357170
937859360 0.0000000 0.99695659 0.99391961
937860003 0.0000000 0.99939746 0.99863875
937860228 0.0000000 0.99917251 0.99817234
937861680 0.0000000 0.99572396 0.99146384
937861835 0.0000000 0.99206167 0.98411649
937862125 0.0000000 0.99813461 0.99626344
937862129 0.0000000 0.99813008 0.99625480
937862604 0.0000000 0.99926966 0.99834394
937862618 0.0000000 0.99927670 0.99836266
937862674 0.0000000 0.99914986 0.99814379
937862876 0.0000000 0.99778992 0.99549496
937862971 0.0000000 0.99371523 0.98745078
937863682 0.0000000 0.99957627 0.99902797
937863889 0.0000000 0.99985242 0.99942905
937863998 0.0000000 0.99985176 0.99942905
937864487 0.0000000 0.99980259 0.99921566
937864632 0.0000000 0.99769902 0.99536121
937865735 0.0000000 0.99711257 0.99419820
937865950 0.0000000 0.99953687 0.99898392
937866166 0.0000000 0.99953151 0.99896562
937866835 0.0000000 0.99590510 0.99180043
937867652 0.0000000 0.99490941 0.98983896
937867681 0.0000000 0.99531585 0.99064571
937867902 0.0000000 0.98912662 0.97822136
937868205 0.0000000 0.99862468 0.99721646
937868332 0.0000000 0.99814856 0.99624717
937868436 0.0000000 0.99780160 0.99552476
937868503 0.0000000 0.99772280 0.99536735
937869493 0.0000000 0.99965668 0.99915189
937871167 0.0000000 0.99708343 0.99409759
937871201 0.0000000 0.99691880 0.99378192
937873187 0.0000000 0.98847193 0.97698551
937874740 0.0000000 0.99869353 0.99722314
937876659 0.0000000 0.99859303 0.99716884
937876714 0.0000000 0.99855697 0.99707711
937876716 0.0000000 0.99855083 0.99706441
937877828 0.0000000 0.99840564 0.99660826
937880685 0.0000000 0.99382418 0.98767239
937881277 0.0000000 0.99724871 0.99448442
937881940 0.0000000 0.98942488 0.97890741
937882703 0.0000000 0.99244916 0.98493445
937882889 0.0000000 0.99298507 0.98598164
937884360 0.0000000 0.99015850 0.98040485
937884709 0.0000000 0.99912924 0.99813604
937889984 0.0000000 0.97436440 0.94760656
937891573 0.0000000 0.99570423 0.99135852
937893215 0.0000000 0.97456485 0.94867033
937894754 0.0000000 0.98690450 0.97379804
937895787 0.0000000 0.98535454 0.97059059
937897562 0.0000000 0.99915588 0.99817580
937899652 0.0000000 0.97942364 0.95842701
937899965 0.0000000 0.99378377 0.98759073
937900997 0.0000000 0.99863446 0.99716729
937905017 0.0000000 0.98768967 0.97534561
937906571 0.0000000 0.99347031 0.98695558
937906576 0.0000000 0.99345505 0.98691732
937906909 0.0000000 0.98723590 0.97431141
937912062 0.0000000 0.99955153 0.99895900
937913974 0.0000000 0.99775398 0.99549460
937924161 0.0000000 0.99670702 0.99341452
937924333 0.0000000 0.99590319 0.99181288
937924804 0.0000000 0.99822748 0.99620748
937927690 0.0000000 0.99937582 0.99859685
937930575 0.0000000 0.96439511 0.92696035
937935515 0.0000000 0.99858946 0.99707031
937937917 0.0000000 0.99953741 0.99883509
937952221 0.0000000 0.99722868 0.99434096
937959280 0.0000000 0.98009390 0.95715290
937959944 0.0000000 0.99683076 0.99362534
937960318 0.0000000 0.98431820 0.96862525
937961383 0.0000000 0.99979270 0.99942124
937961470 0.0000000 0.99955040 0.99872988
937963728 0.0000000 0.99447691 0.98897386
937966769 0.0000000 0.99506450 0.99011797
937969738 0.0000000 0.99575895 0.99146158
937972066 0.0000000 0.98575836 0.97153091
937980603 0.0000000 0.98950243 0.97905576
937998845 0.0000000 0.96699917 0.93301183
938002595 0.0000000 0.99986368 0.99947166
938002640 0.0000000 0.99986386 0.99947041
938003747 0.0000000 0.99717098 0.99426031
938005885 0.0000000 0.97674477 0.95289946
938007171 0.0000000 0.97463113 0.94844770
938032475 0.0000000 0.96094161 0.91809267
938047564 0.0000000 0.99832159 0.99642575
938047578 0.0000000 0.99829525 0.99637508
938065369 0.0000000 0.99947095 0.99883783
938090674 0.0000000 0.99958891 0.99901950
938102991 0.0000000 0.98351133 0.96713477
938112638 0.0000000 0.99664587 0.99324840
938122741 0.0000000 0.99810266 0.99610722
938131047 0.0000000 0.66940683 -0.17446864
938134070 0.0000000 0.98730075 0.97466266
938144305 0.0000000 0.99789703 0.99567115
938154802 0.0000000 0.97940630 0.95876598
938182940 0.0000000 0.99502403 0.99002266
938233153 0.0000000 0.99713272 0.99413443
938239989 0.0000000 0.97937775 0.95874935
938249011 0.0000000 0.99977350 0.99932909
938280361 0.0000000 0.99707174 0.99410713
938292712 0.0000000 0.99940467 0.99860686
938296447 0.0000000 0.99865758 0.99715358
938301077 0.0000000 0.98452479 0.96912938
938303569 0.0000000 0.99987179 0.99934727
938324751 0.0000000 0.98870105 0.97746158
938335124 0.0000000 0.99375802 0.98751611
938405002 0.0000000 0.99818462 0.99617958
938405506 0.0000000 0.99829674 0.99624670
938415640 0.0000000 0.99793714 0.99566996
938417299 0.0000000 0.99873775 0.99724025
938433307 0.0000000 0.99929368 0.99842447
938455800 0.0000000 0.99543142 0.99083179
938474998 0.0000000 0.99132788 0.98260885
938497922 0.0000000 0.99935877 0.99856943
938498029 0.0000000 0.99933898 0.99851894
938533419 0.0000000 0.99946570 0.99876332
938538992 0.0000000 0.98755741 0.97495335
938559689 0.0000000 0.98942477 0.97892964
938653443 0.0000000 0.99841255 0.99671632
938661090 0.0000000 0.97742647 0.95475894
938684670 0.0000000 0.93768597 0.86716306
938684985 0.0000000 0.99930292 0.99851274
938685159 0.0000000 0.99935889 0.99860203
938718118 0.0000000 0.98974681 0.97954494
938752742 0.0000000 0.92049485 0.82440233
938782450 0.0000000 0.99950242 0.99879283
938800412 0.0000000 0.99583763 0.99167073
938840074 0.0000000 0.99154472 0.98313332
938875726 0.0000000 0.99504304 0.99005622
938884454 0.0000000 0.99411762 0.98826665
938902620 0.0000000 0.99858242 0.99700511
938928221 0.0000000 0.99173743 0.98349082
938929942 0.0000000 0.98601800 0.97178543
938985195 0.0000000 0.99640542 0.99277717
938985199 0.0000000 0.99643612 0.99283725
938994192 0.0000000 0.99911702 0.99802941
939039975 0.0000000 0.99961001 0.99914032
939086024 0.0000000 0.99796611 0.99583840
939125897 0.0000000 0.99939609 0.99851882
939128833 0.0000000 0.98163801 0.96316206
939181528 0.0000000 0.99652070 0.99300128
939182868 0.0000000 0.98997515 0.97990173
939182938 0.0000000 0.98563838 0.97110879
939314050 0.0000000 0.98886019 0.97783357
939350917 0.0000000 0.99488497 0.98975801
939430120 0.0000000 0.98722619 0.97444618
939441491 0.0000000 0.99716330 0.99418962
939669011 0.0000000 0.99319816 0.98641872
939738651 0.0000000 0.93935448 0.86598444
939778786 0.0000000 0.99933892 0.99846900
940013295 0.0000000 0.99334466 0.98325545
940077118 0.0000000 0.99804330 0.99351060
940223787 0.0000000 0.96725088 0.91967046
940260686 0.0000000 0.99816298 0.99342996
940262445 0.0000000 0.99953216 0.99592900
940262518 0.0000000 0.99951875 0.99595422
940269334 0.0000000 0.99863797 0.99476820
940402039 0.0000000 0.94427025 0.85955012
940468923 0.0000000 0.97341841 0.93688923
940476855 0.0000000 0.99424559 0.98423922
940539108 0.0000000 0.99750358 0.99251401
940558736 0.0000000 0.99978751 0.99731654
940559247 0.0000000 0.99854910 0.99443865
940560205 0.0000000 0.99850816 0.99473077
940561817 0.0000000 0.99994165 0.99812937
940581254 0.0000000 0.99942148 0.99671537
940615024 0.0000000 0.99924743 0.99585795
940698483 0.0000000 0.99923682 0.99572283
940709625 0.0000000 0.91675627 0.78551006
940713046 0.0000000 0.99957705 0.99693036
940716409 0.0000000 0.99819642 0.99391067
940732771 0.0000000 0.98847222 0.96893173
941169407 0.0000000 0.89302468 0.71120465
941240702 0.0000000 0.92576510 0.81228435
941266965 0.0000000 0.98258203 0.95945060
941268765 0.0000000 0.99046636 0.97569793
941272069 0.0000000 0.99984437 0.99752873
941272235 0.0000000 0.96599281 0.91970378
941288463 0.0000000 0.99118763 0.97815138
941443051 0.0000000 0.98893958 0.97257942
941478782 0.0000000 0.99980265 0.99750382
942522421 0.0000000 0.91834199 0.79199690
942522833 0.0000000 0.98905730 0.97264385
942650721 0.0000000 0.99874830 0.99518174
942663367 0.0000000 0.99582338 0.98808694
942689449 0.0000000 0.99705410 0.99056208
942824109 0.0000000 0.99973786 0.99752653
942824158 0.0000000 0.99949545 0.99693966
943068575 0.0000000 0.99606228 0.98981309
943611150 0.0000000 0.98891300 0.97305864
943821740 0.0000000 0.99955863 0.99617350
943824350 0.0000000 0.99880159 0.99431026
943825521 0.0000000 0.25556275 -14.108409
944504073 0.0000000 0.88784289 0.69137943
944668884 0.0000000 0.88962042 0.70277452
946059252 0.0000000 0.99807650 0.99247712
946556672 0.0000000 0.99925095 0.99453902
946866008 0.0000000 0.99973154 0.99709582
947114226 0.0000000 0.99779052 0.99213010
947114473 0.0000000 0.98671675 0.96632063
947647037 0.0000000 0.99664772 0.98931324
947656074 0.0000000 0.98533612 0.96415234
948054125 0.0000000 0.99139559 0.97873837
948390129 0.0000000 0.99892431 0.99491864
948631348 0.0000000 0.99731702 0.99099129
949249486 0.0000000 0.73806328 0.11074078
949263715 0.0000000 0.99497563 0.98562396
949566570 0.0000000 0.84277713 0.56506252
949603687 0.0000000 0.99973470 0.99677521
949879457 0.0000000 0.99234158 0.97958231
950650398 0.0000000 0.99986970 0.99751896
951234151 0.0000000 0.99800205 0.98690218
951353069 0.0000000 0.93058336 0.82757115
951459176 0.0000000 0.99855638 0.99420089
951553401 0.0000000 0.99940556 0.99624944
952578524 0.0000000 0.99978954 0.99728751
953167073 0.0000000 0.99968970 0.99730039
953212255 0.0000000 0.99941081 0.99584150
953455846 0.0000000 0.87441772 0.66693115
953488627 0.0000000 0.99851638 0.99381137
953907196 0.0000000 0.90724778 0.75471568
954673370 0.0000000 0.99037266 0.97687525
955161703 0.0000000 0.99934077 0.99581742
955676198 0.0000000 0.98735321 0.96780884
956035742 0.0000000 0.90052658 0.74588001
956153058 0.0000000 0.99855977 0.99493873
956694214 0.0000000 0.99670404 0.99050462
956994415 0.0000000 0.95080006 0.88120943
957620512 0.0000000 0.99626768 0.98899877
957716288 0.0000000 0.99956650 0.99598771
957743265 0.0000000 0.99274105 0.98171657
958533946 0.0000000 0.99956042 0.99726081
958534040 0.0000000 0.99821806 0.99472427
958587166 0.0000000 0.99957818 0.99631810
958663136 0.0000000 0.99886614 0.99568790
960256179 0.0000000 0.92827225 0.82361639
960661409 0.0000000 0.99982083 0.99790996
960661589 0.0000000 0.99663460 0.99163568
960661674 0.0000000 0.99086112 0.97837329
960662889 0.0000000 0.99432915 0.98454583
960754280 0.0000000 0.99128604 0.97914422
961116366 0.0000000 0.88410515 0.68800950
961368290 0.0000000 0.99567622 0.98756975
961399971 0.0000000 0.99051994 0.97652566
961451784 0.0000000 0.99904346 0.99505389
961469614 0.0000000 0.37205040 -6.5795293
962192101 0.0000000 0.98610765 0.96463394
962853138 0.0000000 0.99828905 0.99322987
962873883 0.0000000 0.99740911 0.99147946
962965068 0.0000000 0.97886252 0.94828397
963001962 0.0000000 0.88585943 0.69718587
963210193 0.0000000 0.91071147 0.77069795
963217977 0.0000000 0.99005526 0.97403628
963509765 0.0000000 0.97322345 0.93744308
963525670 0.0000000 0.99264532 0.98211706
963533252 0.0000000 0.99882621 0.99595386
963559100 0.0000000 0.98146361 0.95829481
963567650 0.0000000 0.98864204 0.97366846
963568050 0.0000000 0.99459153 0.98503667
963585926 0.0000000 0.78573823 0.32179821
963615874 0.0000000 0.99414992 0.98587132
963717707 0.0000000 0.99986494 0.99796510
963816639 0.0000000 0.99364614 0.98492426
963981993 0.0000000 0.99398661 0.98537511
964476636 0.0000000 0.99594671 0.98918241
964816087 0.0000000 0.99978805 0.99780762
965205271 0.0000000 0.99892509 0.99594122
965442747 0.0000000 0.98220795 0.95687550
965555500 0.0000000 0.97885871 0.95022297
965617867 0.0000000 0.99267691 0.97921675
966082949 0.0000000 0.99522942 0.98642749
966754777 0.0000000 0.99888867 0.99521178
966768493 0.0000000 0.99960285 0.99656284
966768672 0.0000000 0.99958271 0.99630493
966798273 0.0000000 0.99853694 0.99473232
966876143 0.0000000 0.99930090 0.99547148
966991756 0.0000000 0.99957997 0.99705124
967018437 0.0000000 0.98589039 0.96452159
967800278 0.0000000 0.99769789 0.99269289
968576086 0.0000000 0.99963188 0.99762976
968669370 0.0000000 0.97837216 0.94744712
968735354 0.0000000 0.80811971 0.47442520
968815712 0.0000000 0.99298787 0.97931570
968976446 0.0000000 0.99683237 0.99137354
969144830 0.0000000 0.99900800 0.99519807
969145452 0.0000000 0.99751800 0.99194092
969456259 0.0000000 0.85983187 0.60236782
969516246 0.0000000 0.98771548 0.97027725
970270882 0.0000000 0.99858761 0.99415052
970691362 0.0000000 0.96389019 0.91349906
972371517 0.0000000 0.98989713 0.97501785
972935645 0.0000000 0.98765975 0.96983266
974678829 0.0000000 0.96533406 0.91969013
974978532 0.0000000 0.90192592 0.73400104
975495633 0.0000000 0.99915731 0.99603075
975505300 0.0000000 0.97934693 0.94873673
976442918 0.0000000 0.99856883 0.99442065
976476644 0.0000000 0.99982661 0.99748683
976653172 0.0000000 0.99669045 0.99020308
977484180 0.0000000 0.98765385 0.97523201
977800861 0.0000000 0.99536866 0.99064171
977801150 0.0000000 0.82779658 0.55056143
977994086 0.0000000 0.99857056 0.99704397
978113008 0.0000000 0.99724776 0.99450010
978169408 0.0000000 0.99515778 0.99018055
978205372 0.0000000 0.98569244 0.97088283
978476098 0.0000000 0.96210480 0.91945720
979067787 0.0000000 0.98901153 0.97774577
979069110 0.0000000 0.97900802 0.95604742
979202219 0.0000000 0.99614727 0.99227607
979204150 0.0000000 0.99557066 0.99105805
979609386 0.0000000 0.99567145 0.99126154
980206038 0.0000000 0.99111694 0.98213339
980698596 0.0000000 0.48430553 -2.3716896
981386039 0.0000000 0.98331082 0.96548259
981653649 0.0000000 0.99659222 0.99307370
982365189 0.0000000 0.99860466 0.99717689
982527910 0.0000000 0.99937439 0.99865937
982955906 0.0000000 0.99676925 0.99340832
983077277 0.0000000 0.94033372 0.87032300
983464670 0.0000000 0.99987894 0.99972326
986938306 0.0000000 0.99830198 0.99638414
988100797 0.0000000 0.99789572 0.99578178
988336953 0.0000000 0.99923468 0.99817872
989765823 0.0000000 0.99921542 0.99808174
990117114 0.0000000 0.94165671 0.87606722
990630314 0.0000000 0.99923617 0.99810219
992208377 0.0000000 0.99922311 0.99799067
992209870 0.0000000 0.99937534 0.99874330
992438274 0.0000000 0.99918592 0.99808908
992486125 0.0000000 0.99934179 0.99834585
992592933 0.0000000 0.99891365 0.99781948
992927775 0.0000000 0.99936235 0.99853349
992929419 0.0000000 0.99911815 0.99790603
993581187 0.0000000 0.99908805 0.99807417
993854508 0.0000000 0.99923319 0.99825734
993874057 0.0000000 0.99916798 0.99802166
994007634 0.0000000 0.99928552 0.99841201
994692047 0.0000000 0.99927139 0.99822682
995024004 0.0000000 0.99867356 0.99685508
995162867 0.0000000 0.99858963 0.99718189
995890516 0.0000000 0.99893296 0.99773371
996113981 0.0000000 0.99881089 0.99755204
997156421 0.0000000 0.99928129 0.99817318
998326679 0.0000000 0.99933654 0.99841648
999257596 0.0000000 0.99885482 0.99743623
1000062111 0.0000000 0.99804682 0.99602681
1000197538 0.0000000 0.99914348 0.99794185
1000766684 0.0000000 0.99930543 0.99844319
1001410293 0.0000000 0.99814302 0.99598658
1001954970 0.0000000 0.99857312 0.99696290
1004092959 0.0000000 0.99947000 0.99866474
1004454253 0.0000000 0.99881047 0.99741840
1004863535 0.0000000 0.99917579 0.99795949
1005352632 0.0000000 0.99880540 0.99734169
1006580783 0.0000000 0.99898243 0.99783719
1007019252 0.0000000 0.99907881 0.99794751
1007572713 0.0000000 0.99824232 0.99638242
1007712455 0.0000000 0.99936730 0.99868929
1007972664 0.0000000 0.99927729 0.99839288
1008464695 0.0000000 0.99896431 0.99782157
1008648180 0.0000000 0.99930203 0.99817193
1008649429 0.0000000 0.99883080 0.99746525
1008650819 0.0000000 0.99902081 0.99768585
1008651467 0.0000000 0.99924117 0.99821448
1008652414 0.0000000 0.99924809 0.99816328
1008671685 0.0000000 0.99909115 0.99799728
1008686668 0.0000000 0.99815220 0.99622160
1008715277 0.0000000 0.99849212 0.99682069
1008786983 0.0000000 0.99922991 0.99819946
1008836107 0.0000000 0.99826795 0.99623924
1008890954 0.0000000 0.99733829 0.99461824
1009057225 0.0000000 0.99930412 0.99823231
1009168145 0.0000000 0.99893087 0.99757719
1009442091 0.0000000 0.92948115 0.63811553
1009500099 0.0000000 0.99922919 0.99796712
1010371507 0.0000000 0.99932569 0.99857360
1010509239 0.0000000 0.99945098 0.99815941
1011026056 0.0000000 0.99898177 0.99754041
1011031830 0.0000000 0.99952471 0.99845248
1011063499 0.0000000 0.99792600 0.99583590
1011682027 0.0000000 0.99921012 0.99803901
1012271064 0.0000000 0.99900365 0.99773860
1012580587 0.0000000 0.99912965 0.99815893
1013484445 0.0000000 0.99927324 0.99837589
1013485377 0.0000000 0.99911803 0.99815536
1013486436 0.0000000 0.99925637 0.99825978
1014927282 0.0000000 0.99792391 0.99573231
1014972465 0.0000000 0.99921244 0.99826610
1015232666 0.0000000 0.99898070 0.99793440
1016105151 0.0000000 0.99924272 0.99827844
1016468323 0.0000000 0.99850428 0.99670118
1017159906 0.0000000 0.99852455 0.99688739
1017557569 0.0000000 0.99915618 0.99792004
1017557822 0.0000000 0.99935883 0.99846756
1017594576 0.0000000 0.99863988 0.99701798
1017816456 0.0000000 0.99925464 0.99814165
1017857170 0.0000000 0.99917781 0.99799818
1017925489 0.0000000 0.99887919 0.99754387
1018065946 0.0000000 0.99856848 0.99696165
1018137582 0.0000000 0.99613047 0.99226213
1018221645 0.0000000 0.99901694 0.99787956
1018414606 0.0000000 0.99799430 0.99592829
1018800484 0.0000000 0.99848336 0.99672097
1018898180 0.0000000 0.99935299 0.99854052
1019054808 0.0000000 0.99794757 0.99567026
1019292480 0.0000000 0.99900812 0.99792391
1019488470 0.0000000 0.99912846 0.99795777
1019673665 0.0000000 0.99902976 0.99803227
1020000226 0.0000000 0.99926054 0.99798769
1021004232 0.0000000 0.99927932 0.99844444
1021024958 0.0000000 0.99887365 0.99755508
1021028934 0.0000000 0.99914914 0.99800593
1021434365 0.0000000 0.99939239 0.99811363
1021434812 0.0000000 0.72593635 0.11554742
1021435155 0.0000000 0.98766249 0.97540700
1021437004 0.0000000 0.99809515 0.99573100
1021437761 0.0000000 0.99880362 0.99721450
1021888184 0.0000000 0.99905157 0.99769700
1022604314 0.0000000 0.99922192 0.99806553
1022741620 0.0000000 0.99924785 0.99832875
1022779647 0.0000000 0.99949545 0.99888837
1024000827 0.0000000 0.99928898 0.99833709
1024039343 0.0000000 0.99924195 0.99812418
1024059173 0.0000000 0.99924827 0.99838305
1024224102 0.0000000 0.99904418 0.99764246
1024232773 0.0000000 0.99874079 0.99711150
1024881141 0.0000000 0.99915147 0.99823070
1026036068 0.0000000 0.99906021 0.99796695
1026372982 0.0000000 0.99928164 0.99829400
1026373076 0.0000000 0.99912912 0.99787343
1026374005 0.0000000 0.99901962 0.99784428
1026378668 0.0000000 0.99868309 0.99726099
1026925041 0.0000000 0.99920881 0.99829549
1026933281 0.0000000 0.99938422 0.99861753
1026967951 0.0000000 0.99949098 0.99820393
1028885460 0.0000000 0.99850667 0.99686974
1028970195 0.0000000 0.99916828 0.99780375
1029367736 0.0000000 0.99448121 0.98896039
1030006163 0.0000000 0.99793202 0.99583000
1030375930 0.0000000 0.99912214 0.99817228
1030554334 0.0000000 0.99936813 0.99853450
1030628193 0.0000000 0.99931878 0.99832779
1030651553 0.0000000 0.99926502 0.99813527
1030859781 0.0000000 0.99922252 0.99817210
1030864055 0.0000000 0.99927646 0.99842149
1031310121 0.0000000 0.99957836 0.99855435
1031439572 0.0000000 0.99937689 0.99849832
1031647094 0.0000000 0.99921787 0.99832398
1032052013 0.0000000 0.99923253 0.99841172
1032134610 0.0000000 0.99936360 0.99846220
1032294371 0.0000000 0.99879080 0.99757773
1032315669 0.0000000 0.99932212 0.99857110
1032907402 0.0000000 0.99072969 0.98148608
1033103267 0.0000000 0.99909019 0.99806845
1033374913 0.0000000 0.99922609 0.99844044
1033690544 0.0000000 0.99572372 0.99144715
1033947513 0.0000000 0.99904948 0.99788654
1034070514 0.0000000 0.99840587 0.99675328
1034480608 0.0000000 0.99944341 0.99879682
1034923400 0.0000000 0.99901915 0.99796599
1034928298 0.0000000 0.99884349 0.99757791
1035149152 0.0000000 0.99926877 0.99840462
1035153178 0.0000000 0.99904716 0.99796253
1035197382 0.0000000 0.99906021 0.99811554
1035991040 0.0000000 0.99783713 0.99562973
1036098952 0.0000000 0.99916470 0.99822861
1036697273 0.0000000 0.99820048 0.99639946
1036697648 0.0000000 0.99922895 0.99836528
1036886824 0.0000000 0.99934053 0.99852151
1038324582 0.0000000 0.99922973 0.99838728
1039232712 0.0000000 0.99926245 0.99840194
1039743025 0.0000000 0.99942535 0.99884444
1040450954 0.0000000 0.99920565 0.99834025
1040520314 0.0000000 0.99922091 0.99833834
1040644457 0.0000000 0.99926174 0.99850744
1040799690 0.0000000 0.99932390 0.99854833
1041632855 0.0000000 0.99544507 0.99089307
1042809813 0.0000000 0.99878222 0.99747908
1043607562 0.0000000 0.99909180 0.99811149
1044768063 0.0000000 0.99893802 0.99752867
1044817061 0.0000000 0.99910849 0.99811435
1045633623 0.0000000 0.99937850 0.99874616
1046065971 0.0000000 0.99928987 0.99835193
1046575544 0.0000000 0.99887055 0.99769592
1048808323 0.0000000 0.99875706 0.99749130
1049310522 0.0000000 0.99933726 0.99856174
1049353173 0.0000000 0.99854773 0.99704266
1051845960 0.0000000 0.99906033 0.99777830
1051900153 0.0000000 0.99398363 0.98799205
1052394722 0.0000000 0.99223489 0.98452240
1052961462 0.0000000 0.99897259 0.99772918
1053904321 0.0000000 0.99908912 0.99816799
1054395492 0.0000000 0.99940342 0.99869996
1055123570 0.0000000 0.99929249 0.99836218
1055135284 0.0000000 0.99917424 0.99822009
1055234432 0.0000000 0.99931812 0.99841899
1055390332 0.0000000 0.99900711 0.99801612
1055425274 0.0000000 0.99929136 0.99846780
1055472531 0.0000000 0.99694264 0.99386710
1055510426 0.0000000 0.99889940 0.99777538
1055788418 0.0000000 0.99897653 0.99783027
1055803080 0.0000000 0.99916047 0.99828804
1056357316 0.0000000 0.99887180 0.99774885
1057028486 0.0000000 0.99797982 0.99579328
1057319282 0.0000000 0.99925220 0.99823225
1058108790 0.0000000 0.99898475 0.99778503
1058496080 0.0000000 0.99921846 0.99832875
1059102630 0.0000000 0.99904299 0.99799639
1059590191 0.0000000 0.99925935 0.99832875
1059850488 0.0000000 0.99757999 0.99500024
1059910523 0.0000000 0.99923134 0.99842209
1059994404 0.0000000 0.99957538 0.99868226
1060172588 0.0000000 0.99944609 0.99877220
1060619413 0.0000000 0.99918568 0.99825811
1061586322 0.0000000 0.99838543 0.99676311
1062262342 0.0000000 0.99845678 0.99685758
1062859632 0.0000000 0.99927950 0.99838537
1063234506 0.0000000 0.99932629 0.99841017
1063264037 0.0000000 0.99875879 0.99742585
1064365712 0.0000000 0.99899477 0.99780405
1064533379 0.0000000 0.99836212 0.99664509
1065785029 0.0000000 0.99883139 0.99766755
1065790269 0.0000000 0.99919415 0.99834490
1065847269 0.0000000 0.99794257 0.99587041
1067505195 0.0000000 0.99880266 0.99755895
1068127124 0.0000000 0.99872947 0.99745148
1068356150 0.0000000 0.99831921 0.99652201
1068595355 0.0000000 0.99915546 0.99816185
1068804765 0.0000000 0.99917948 0.99832410
1068825242 0.0000000 0.99907309 0.99806720
1069412363 0.0000000 0.99897933 0.99784797
1070682432 0.0000000 0.99811423 0.99606836
1070692497 0.0000000 0.99920851 0.99813783
1070921046 0.0000000 0.99917001 0.99826181
1071031093 5.00000007E-02 0.71710199 -2.9801841
1071031176 0.0000000 0.99932832 0.99849564
1071031375 0.0000000 0.99917710 0.99835199
1071031628 0.0000000 0.99927729 0.99851632
1071031695 0.0000000 0.99932438 0.99859387
1071031744 0.0000000 0.99934834 0.99864149
1071031844 0.0000000 0.99940705 0.99881339
1071031926 0.0000000 0.99924314 0.99847323
1071033611 0.0000000 0.99908918 0.99805230
1071033625 0.0000000 0.99907482 0.99801582
1071035006 0.0000000 0.99934781 0.99863946
1071038489 0.0000000 0.99931139 0.99842238
1071042579 0.0000000 0.99955153 0.99903744
1071043831 0.0000000 0.99932611 0.99852180
1071046005 0.0000000 0.99895537 0.99742860
1071046239 0.0000000 0.99937707 0.99870312
1071074159 0.0000000 0.99928647 0.99839389
1071095531 0.0000000 0.99931866 0.99863595
1071100910 0.0000000 0.99865574 0.99688745
1071109335 0.0000000 0.99921155 0.99830931
1071169499 0.0000000 0.99946755 0.99884576
1071182968 0.0000000 0.99937540 0.99874747
1071183209 0.0000000 0.99912655 0.99804109
1071183435 0.0000000 0.99919736 0.99809951
1071443800 0.0000000 0.99930656 0.99845058
1071583019 0.0000000 0.99935246 0.99867874
1071584001 0.0000000 0.99933726 0.99866408
1071678445 0.0000000 0.99953014 0.99855405
1071725608 0.0000000 0.99308366 0.98559523
1072705310 0.0000000 0.99938816 0.99843985
1072926918 0.0000000 0.99923557 0.99834168
1073475853 0.0000000 0.99908990 0.99817067
1073756920 0.0000000 0.99531806 0.99065202
1075317204 0.0000000 0.99951094 0.99901873
1075317446 0.0000000 0.99936020 0.99864346
1075318489 0.0000000 0.99934769 0.99866223
1075466599 0.0000000 0.99741840 0.99477774
1076851926 0.0000000 0.99890876 0.99771547
1076884025 0.0000000 0.99924457 0.99826890
1077531525 0.0000000 0.99916530 0.99817801
1077584107 0.0000000 0.99821591 0.99639893
1078321829 0.0000000 0.99694794 0.99388045
1079154231 0.0000000 0.99915421 0.99830747
1080241624 0.0000000 0.99941003 0.99874330
1081488818 0.0000000 0.99880064 0.99751157
1082397083 0.0000000 0.99901599 0.99801952
1082563195 0.0000000 0.99895662 0.99773681
1082729069 0.0000000 0.99826211 0.99636590
1082820030 0.0000000 0.99922317 0.99838656
1083398171 0.0000000 0.99921513 0.99829280
1083961065 0.0000000 0.99822497 0.99635506
1084003366 0.0000000 0.99924028 0.99838090
1084082541 0.0000000 0.99934387 0.99866158
1084133207 0.0000000 0.99920684 0.99828708
1084597670 0.0000000 0.99922508 0.99819487
1084687448 0.0000000 0.99947447 0.99888623
1084950252 0.0000000 0.84203929 0.51071906
1085103239 0.0000000 0.99926621 0.99840301
1085390106 0.0000000 0.99864244 0.99723303
1086195389 0.0000000 0.99908984 0.99803162
1086315872 0.0000000 0.99917877 0.99806982
1086883086 0.0000000 0.99929154 0.99844366
1087613581 0.0000000 0.99912429 0.99816048
1089099122 0.0000000 0.99929392 0.99848217
1089113880 0.0000000 0.99900424 0.99800968
1089371968 0.0000000 0.99901509 0.99798757
1090478200 0.0000000 0.99869752 0.99739569
1091970746 0.0000000 0.99868226 0.99729818
1092861100 0.0000000 0.99944824 0.99882054
1093118276 0.0000000 0.99782538 0.99559307
1093908136 0.0000000 0.99844110 0.99680036
1095475955 0.0000000 0.99910671 0.99819708
1097813330 0.0000000 0.99931604 0.99852949
1098848984 0.0000000 0.99890876 0.99779320
1099928102 0.0000000 0.99875951 0.99744600
1099929295 0.0000000 0.99927545 0.99842376
1099929521 0.0000000 0.99904728 0.99801773
1099931589 0.0000000 0.99859273 0.99714249
1099942690 0.0000000 0.99905121 0.99802232
1100098082 0.0000000 0.99925977 0.99845630
1100139404 0.0000000 0.99939090 0.99865645
1100237223 0.0000000 0.99846548 0.99688250
1100955874 0.0000000 0.99814332 0.99628139
1103674687 0.0000000 0.99920034 0.99839610
1105287429 0.0000000 0.99562782 0.99060106
1105405102 0.0000000 0.99908185 0.99815965
1105536640 0.0000000 0.99905938 0.99806565
1105765351 0.0000000 0.99862403 0.99724263
1106056455 0.0000000 0.99558139 0.99116832
1106207236 0.0000000 0.99901664 0.99802428
1106226863 0.0000000 0.99915147 0.99829900
1106317701 0.0000000 0.99883592 0.99754643
1106377004 0.0000000 0.99904865 0.99806929
1106829094 0.0000000 0.99902785 0.99804384
1107166208 0.0000000 0.99918801 0.99833149
1107223187 0.0000000 0.99901092 0.99800122
1107233798 0.0000000 0.99903667 0.99805427
1107286746 0.0000000 0.99512273 0.99022460
1107388387 0.0000000 0.99875689 0.99746740
1107601144 0.0000000 0.99904227 0.99803513
1107601252 0.0000000 0.99902713 0.99800080
1108162580 0.0000000 0.99877775 0.99752456
1108757898 0.0000000 0.99884516 0.99760872
1108761568 0.0000000 0.99891406 0.99781990
1110049611 0.0000000 0.99894768 0.99789715
1110049680 0.0000000 0.99893469 0.99786824
1110050185 0.0000000 0.99905533 0.99810368
1110050874 0.0000000 0.99849671 0.99699330
1110568232 0.0000000 0.99886113 0.99761343
1111274786 0.0000000 0.99898338 0.99797845
1113182839 0.0000000 0.99906933 0.99810797
1113208093 0.0000000 0.99926597 0.99851316
1113260515 0.0000000 0.99923414 0.99842048
1113331351 0.0000000 0.99925089 0.99849057
1114345058 0.0000000 0.99959755 0.99900776
1114872497 0.0000000 0.99912679 0.99818909
1114872533 0.0000000 0.99912876 0.99819487
1114872543 0.0000000 0.99912441 0.99819756
1114981677 0.0000000 0.99879193 0.99755716
1115167250 0.0000000 0.99905688 0.99799895
1115753263 0.0000000 0.99895436 0.99757415
1115910658 0.0000000 0.99944454 0.99886823
1115942660 0.0000000 0.99900651 0.99799770
1116353193 0.0000000 0.99857670 0.99709594
1117405041 0.0000000 0.99904895 0.99806190
1117642805 0.0000000 0.99927449 0.99854463
1118162704 0.0000000 0.99905396 0.99809593
1118367166 0.0000000 0.99926478 0.99852496
1118396676 0.0000000 0.99898446 0.99795133
1118501300 0.0000000 0.99892491 0.99778223
1118677980 0.0000000 0.99865049 0.99726582
1118868304 0.0000000 0.98311895 0.96603745
1119087065 0.0000000 0.99939078 0.99870306
1119729025 0.0000000 0.99853784 0.99708086
1119876655 0.0000000 0.99871844 0.99730164
1121472051 0.0000000 0.99937612 0.99875343
1121864763 0.0000000 0.99907398 0.99813718
1122385024 0.0000000 0.99913716 0.99823445
1122618639 0.0000000 0.99919468 0.99836653
1122777951 0.0000000 0.99915409 0.99829859
1123439949 0.0000000 0.99773586 0.99535882
1125373372 0.0000000 0.99926865 0.99851841
1125685516 0.0000000 0.99831438 0.99649411
1125969360 0.0000000 0.99948215 0.99889350
1127055473 0.0000000 0.99772525 0.99545443
1127456637 0.0000000 0.99915338 0.99830353
1127471662 0.0000000 0.99876988 0.99726975
1127494190 0.0000000 0.99913901 0.99826914
1127760620 0.0000000 0.99923992 0.99847561
1128153007 0.0000000 0.99837738 0.99674916
1128174696 0.0000000 0.99922913 0.99844301
1128475640 0.0000000 0.99843007 0.99660736
1128528995 0.0000000 0.99892527 0.99783278
1128891916 0.0000000 0.99800116 0.99580729
1128923244 0.0000000 0.99894112 0.99775636
1129069430 0.0000000 0.99713570 0.99409121
1129155495 0.0000000 0.99901438 0.99797195
1129246313 0.0000000 0.99901509 0.99800390
1129324370 0.0000000 0.99960446 0.99916285
1129391464 0.0000000 0.99946010 0.99887884
1129907016 0.0000000 0.99803054 0.99604917
1130249327 0.0000000 0.99773759 0.99542505
1131428965 0.0000000 0.99877536 0.99745488
1131431840 0.0000000 0.99660730 0.99320894
1132062095 0.0000000 0.99944645 0.99884200
1132132485 0.0000000 0.99882531 0.99759912
1132148341 0.0000000 0.99920475 0.99841130
1132166999 0.0000000 0.99920714 0.99839807
1132661855 0.0000000 0.99889582 0.99777275
1132975230 0.0000000 0.99943620 0.99864441
1133111580 0.0000000 0.99876612 0.99752158
1133304109 0.0000000 0.99677533 0.99355370
1133601723 0.0000000 0.99528873 0.99052131
1133908462 0.0000000 0.99682444 0.99361891
1134710133 0.0000000 0.99975711 0.99923211
1135808248 0.0000000 0.99949276 0.99877936
1135976852 0.0000000 0.99983579 0.99941796
1136739698 0.0000000 0.99974835 0.99924499
1137913657 0.0000000 0.99962020 0.99903113
1137989937 0.0000000 0.99945825 0.99890071
1137990003 0.0000000 0.99946743 0.99891114
1138288259 0.0000000 0.99717021 0.99413735
1139284609 0.0000000 0.99772513 0.99527037
1140725945 0.0000000 0.99970698 0.99917024
1140746150 0.0000000 0.99975067 0.99917209
1141877248 0.0000000 0.99977350 0.99944979
1142029462 0.0000000 0.99940783 0.99879885
1142229311 0.0000000 0.99802017 0.99601603
1142709582 0.0000000 0.99951369 0.99893498
1143536168 -26.500000 6.04091026E-02 -11588756.
1143616861 46.299999 5.44894710E-02 -5028812.0
1143885739 -236.05000 7.11070001E-02 -9.36612746E+13
1143885924 -171.65001 5.50241247E-02 -1.66855508E+11
1143888020 -35.750000 5.97899854E-02 -1.89395485E+11
1144129163 -213.75000 5.81012405E-02 -8.44640420E+10
1144133312 -166.40001 5.09434044E-02 -1.27107695E+11
1144179006 -130.45000 5.40398806E-02 -3.33724256E+08
1144806135 -193.10001 5.94604611E-02 -8.94556160E+08
1145140855 0.0000000 0.92946333 0.84319091
1145323561 0.0000000 0.96451902 0.92748165
1146215126 0.0000000 0.99971944 0.99919897
1146944291 0.0000000 0.98908955 0.97784823
1146966782 0.0000000 0.99970788 0.99912363
1147258751 0.0000000 0.99897647 0.99793959
1149411961 0.0000000 0.99244148 0.97934508
1149467938 0.0000000 0.98962379 0.97508502
1149638545 0.0000000 0.98745447 0.96976483
1149771133 0.0000000 0.99202085 0.98170978
1150128882 0.0000000 0.99286479 0.97880054
1151387381 0.0000000 0.99022859 0.97730261
1154072410 0.0000000 0.97596931 0.94368416
1154182305 0.0000000 0.98463374 0.95984095
1155212722 0.0000000 0.99873382 0.99739587
1155340266 0.0000000 0.99933755 0.99867785
1155354114 0.0000000 0.99919921 0.99839610
1155443514 0.0000000 0.99921137 0.99841499
1156044082 0.0000000 0.99831551 0.99640697
1156698676 0.0000000 0.99949390 0.99895960
1158266854 0.0000000 0.99794149 0.99587888
1159598968 0.0000000 0.99833047 0.99654412
1159684577 0.0000000 0.99913359 0.99826205
1160388105 0.0000000 0.99943781 0.99881959
1160392104 0.0000000 0.99960643 0.99900645
1160549032 0.0000000 0.99939108 0.99871063
1160664389 0.0000000 0.99961776 0.99907976
1163299258 0.0000000 0.99913317 0.99824107
1163456967 0.0000000 0.99917942 0.99829859
1163641819 0.0000000 0.99899697 0.99797398
1164570370 0.0000000 0.99912459 0.99824136
1165358160 0.0000000 0.99914593 0.99827814
1165368969 0.0000000 0.99812597 0.99609119
1166094636 0.0000000 0.99932647 0.99845743
1166561075 0.0000000 0.99925739 0.99831527
1166894907 0.0000000 0.99963647 0.99907196
1167121204 0.0000000 0.99944299 0.99884212
1167135981 0.0000000 0.99950314 0.99882686
1167136317 0.0000000 0.97059363 0.92951983
1167136455 0.0000000 0.97060680 0.92954963
1167136825 0.0000000 0.99937379 0.99865294
1167144800 0.0000000 0.99954277 0.99891853
1167147704 0.0000000 0.99955124 0.99901855
1167154513 0.0000000 0.99969852 0.99907249
1167186639 0.0000000 0.99954879 0.99885905
1167298740 0.0000000 0.99916792 0.99827552
1167318376 0.0000000 0.99681389 0.99328077
1167324678 0.0000000 0.99959630 0.99891877
1167592780 0.0000000 0.99926472 0.99837917
1167604646 0.0000000 0.99845409 0.99685162
1168792515 0.0000000 0.99945617 0.99874109
1168917035 0.0000000 0.99950725 0.99894822
1169006425 0.0000000 0.99856997 0.99685198
1169712716 0.0000000 0.99946994 0.99876368
1169722755 0.0000000 0.99942607 0.99878818
1170262059 0.0000000 0.99887508 0.99772972
1170524118 0.0000000 0.99941975 0.99875253
1171366614 0.0000000 0.99846578 0.99691635
1171832699 0.0000000 0.99969608 0.99921596
1172178017 0.0000000 0.99917036 0.99823838
1173308237 0.0000000 0.99957997 0.99904341
1173368256 0.0000000 0.99815142 0.99628520
1174197233 0.0000000 0.99913800 0.99826431
1175309106 0.0000000 0.99642462 0.99276006
1175583473 0.0000000 0.99918538 0.99836433
1176242685 0.0000000 0.99668640 0.99327707
1177115546 0.0000000 0.99966007 0.99923688
1177175308 0.0000000 0.99952704 0.99883282
1178992210 0.0000000 0.99879396 0.99755889
1180238725 0.0000000 0.99950355 0.99895072
1180618796 0.0000000 0.99950331 0.99897695
1181939353 0.0000000 0.99896306 0.99790639
1182196765 0.0000000 0.99682862 0.99359864
1182265663 0.0000000 0.99878371 0.99754512
1182396227 0.0000000 0.99894673 0.99784005
1182398897 0.0000000 0.99964088 0.99912351
1184629372 0.0000000 0.99913186 0.99825978
1185198002 0.0000000 0.99935317 0.99867779
1185799546 0.0000000 0.99951696 0.99870414
1185861072 0.0000000 0.99779272 0.99556333
1186620947 0.0000000 0.82306051 5.70501089E-02
1186786330 0.0000000 0.99884295 0.99768412
1188350129 0.0000000 0.99971563 0.99927884
1188356416 0.0000000 0.99965471 0.99916536
1188908193 0.0000000 0.99910158 0.99818504
1188950111 0.0000000 0.99889398 0.99777883
1189101086 0.0000000 0.99949086 0.99892646
1189101321 0.0000000 0.99934071 0.99864542
1189194674 0.0000000 0.99823779 0.99627513
1190442424 0.0000000 0.99892175 0.99783224
1191742755 0.0000000 0.99816430 0.99630785
1192071901 0.0000000 0.99905646 0.99810427
1192632000 0.0000000 0.99898404 0.99786806
1193967194 0.0000000 0.99671119 0.99339139
1194476053 0.0000000 0.99851912 0.99699229
1196283913 0.0000000 0.99877161 0.99743670
1196818902 0.0000000 0.99894792 0.99778068
1196950527 0.0000000 0.99857122 0.99661577
1197715613 0.0000000 0.99587911 0.99014282
1198522115 0.0000000 0.99931902 0.99861193
1200543890 0.0000000 0.98568463 0.97046530
1200856359 0.0000000 0.99805558 0.99526322
1201442068 0.0000000 0.99439687 0.98876929
1203280382 0.0000000 0.99963915 0.99927652
1203409866 0.0000000 0.99641329 0.99274760
1203790455 0.0000000 0.99960661 0.99919337
1204138448 0.0000000 0.99875426 0.99748379
1204304285 0.0000000 0.99927986 0.99853891
1204490434 0.0000000 0.94823819 0.88958955
1204651907 0.0000000 0.99906671 0.99812943
1204651936 0.0000000 0.99958301 0.99915189
1204670552 0.0000000 0.99931449 0.99860179
1207186072 0.0000000 0.99139130 0.98186845
1208187584 0.0000000 0.99903613 0.99806017
1212285435 0.0000000 0.99976283 0.99932373
1212339563 0.0000000 0.99961776 0.99920964
1213107823 0.0000000 0.99850327 0.99699050
1213158817 0.0000000 0.99961203 0.99921352
1213486164 0.0000000 0.99888343 0.99742323
1214086760 0.0000000 0.99936903 0.99873251
1214128508 0.0000000 0.99925846 0.99846303
1214561217 0.0000000 0.99814671 0.99620527
1215221786 0.0000000 0.98389596 0.96743047
1215745668 0.0000000 0.99791867 0.99582833
1215812106 0.0000000 0.99965221 0.99920255
1215812707 0.0000000 0.99962342 0.99915910
1215839910 0.0000000 0.99837494 0.99673826
1215843106 0.0000000 0.99859941 0.99717844
1215961116 0.0000000 0.99968857 0.99921948
1216126809 0.0000000 0.99944931 0.99877983
1216904067 0.0000000 0.99847734 0.99695301
1217616949 0.0000000 0.99912256 0.99821579
1218233114 0.0000000 0.99961251 0.99917847
1218994676 0.0000000 0.99793404 0.99544847
1219291482 0.0000000 0.99219996 0.98427153
1219301591 0.0000000 0.99899763 0.99792850
1219723710 0.0000000 0.99185658 0.98327821
1219772880 0.0000000 0.99830383 0.99571288
1219869253 0.0000000 0.99898845 0.99782830
1220179542 0.0000000 0.99811345 0.99560338
1220742036 0.0000000 0.99760455 0.99508536
1220946193 0.0000000 0.99937218 0.99873358
1221047734 0.0000000 0.99630797 0.99261427
1222614737 0.0000000 0.99781454 0.99556112
1225404477 0.0000000 0.99913228 0.99818057
1225442295 0.0000000 0.99907482 0.99813527
1228187814 0.0000000 0.99933273 0.99866134
1228684717 0.0000000 0.99963635 0.99914497
1229260451 0.0000000 0.99818027 0.99627197
1229658996 0.0000000 0.99503696 0.98910743
1229990683 0.0000000 0.99942863 0.99882311
1230216280 0.0000000 0.99808919 0.99487895
1230600687 0.0000000 0.99887282 0.99772722
1230860391 0.0000000 0.99893236 0.99781805
1231020274 0.0000000 0.99975646 0.99938226
1231041233 0.0000000 0.99892730 0.99781907
1232714291 0.0000000 0.99973851 0.99936700
1232804891 0.0000000 0.99794763 0.99589229
1233928332 0.0000000 0.99885446 0.99768776
1234166319 0.0000000 0.90083569 0.76768559
1234201315 0.0000000 0.99888265 0.99774510
1234214675 0.0000000 0.99964070 0.99927545
1236731039 0.0000000 0.99935895 0.99781936
1236854628 0.0000000 0.99899852 0.99702299
1237014105 0.0000000 0.99929184 0.99775869
1237159221 0.0000000 0.99887252 0.99704927
1237164701 0.0000000 0.99931169 0.99816942
1237551366 0.0000000 0.99898279 0.99671996
1237619839 0.0000000 0.99855065 0.99592447
1239235949 0.0000000 0.99938685 0.99767119
1239971868 0.0000000 0.99959314 0.99842650
1240678955 0.0000000 0.99913830 0.99745476
1242397863 0.0000000 0.99960709 0.99878752
1242709695 0.0000000 0.99904335 0.99706185
1243376855 0.0000000 0.99975580 0.99901772
1244248765 0.0000000 0.99801755 0.99482530
1245087845 0.0000000 0.99865377 0.99629515
1245407408 0.0000000 0.99918723 0.99778807
1245469469 0.0000000 0.99938452 0.99802691
1245877793 0.0000000 0.99922365 0.99719733
1245881452 0.0000000 0.99906975 0.99726796
1246167876 0.0000000 0.99961603 0.99870735
1246181696 0.0000000 0.99979520 0.99911749
1246182765 0.0000000 0.99948013 0.99841094
1246208530 0.0000000 0.99895310 0.99719918
1246208539 0.0000000 0.99895495 0.99720353
1246598451 0.0000000 0.99916261 0.99746495
1246598488 0.0000000 0.99918032 0.99750829
1246614635 0.0000000 0.99876535 0.99667400
1246985947 0.0000000 0.99953479 0.99818742
1247508302 0.0000000 0.99977678 0.99929541
1247516932 0.0000000 0.99967808 0.99893403
1247654255 0.0000000 0.99924487 0.99748373
1247741293 0.0000000 0.99956512 0.99863589
1247769767 0.0000000 0.99957502 0.99845779
1248159491 0.0000000 0.99409163 0.98706251
1248570012 0.0000000 0.99950403 0.99822563
1248588659 0.0000000 0.99957186 0.99844396
1248872986 0.0000000 0.99954718 0.99859601
1248886386 0.0000000 0.99972445 0.99913836
1249212887 0.0000000 0.99944246 0.99828029
1250467545 0.0000000 0.99962950 0.99886960
1250503855 0.0000000 0.99966174 0.99884903
1250504106 0.0000000 0.99966180 0.99883378
1250601456 0.0000000 0.99956006 0.99870420
1250639275 0.0000000 0.99943459 0.99837488
1250703707 0.0000000 0.99822778 0.99489802
1250777890 0.0000000 0.99935740 0.99797660
1250888264 0.0000000 0.99963892 0.99908638
1250911490 0.0000000 0.99640411 0.99158227
1252249816 0.0000000 0.99954534 0.99865246
1252757125 0.0000000 0.99954462 0.99854237
1254591366 0.0000000 0.99973142 0.99910837
1254664936 0.0000000 0.99923968 0.99781364
1255243328 0.0000000 0.99968076 0.99910343
1256244384 0.0000000 0.99957889 0.99862683
1256252705 0.0000000 0.99909198 0.99727601
1256431794 0.0000000 0.99762684 0.99282044
1257413577 0.0000000 0.99955857 0.99887156
1257413887 0.0000000 0.99951452 0.99852169
1257420861 0.0000000 0.99978256 0.99949610
1257678569 0.0000000 0.99955171 0.99854445
1258065617 0.0000000 0.99909151 0.99680603
1258296469 0.0000000 0.99949676 0.99843788
1258824471 0.0000000 0.99916708 0.99732441
1258926370 0.0000000 0.99935424 0.99811989
1260564405 0.0000000 0.99967390 0.99897343
1260692005 0.0000000 0.99944472 0.99831337
1261227736 0.0000000 0.99981344 0.99929905
1261227864 0.0000000 0.99979961 0.99937254
1261228557 0.0000000 0.99935329 0.99765348
1261232031 0.0000000 0.99921310 0.99757057
1261235533 0.0000000 0.99899465 0.99680853
1261275144 0.0000000 0.99921679 0.99722797
1261713375 0.0000000 0.99955243 0.99855703
1261922241 0.0000000 0.99888748 0.99679965
1262034644 0.0000000 0.99926883 0.99781305
1262237921 0.0000000 0.99953550 0.99822801
1262343689 0.0000000 0.99894148 0.99662870
1262367286 0.0000000 0.99942100 0.99798679
1262622742 0.0000000 0.95704788 0.90174127
1262633257 0.0000000 0.99947691 0.99842966
1263881366 0.0000000 0.99959660 0.99858588
1265523000 0.0000000 0.99964464 0.99857289
1265599504 0.0000000 0.99906623 0.99686539
1265691729 0.0000000 0.99980086 0.99929398
1265942558 0.0000000 0.99954492 0.99836355
1266289887 0.0000000 0.99905652 0.99751401
1266816064 0.0000000 0.99965739 0.99864250
1267146477 0.0000000 0.99950027 0.99824691
1267162697 0.0000000 0.99888933 0.99657667
1267661932 0.0000000 0.91218883 0.63379973
1267662287 0.0000000 0.99966115 0.99821389
1267686434 0.0000000 0.99968648 0.99879372
1267690576 0.0000000 0.99969667 0.99874979
1268040382 0.0000000 0.99957395 0.99859005
1268902896 0.0000000 0.99933332 0.99780840
1268931240 0.0000000 0.99913096 0.99745643
1269644874 0.0000000 0.99945474 0.99810231
1270335780 0.0000000 0.99803776 0.99525738
1270813793 0.0000000 0.99942589 0.99820948
1270961850 0.0000000 0.99954087 0.99828833
1270999307 0.0000000 0.99107832 0.97979891
1271168968 0.0000000 0.99968010 0.99882132
1271191748 0.0000000 0.99979663 0.99919909
1271987388 0.0000000 0.99952888 0.99835593
1272194052 0.0000000 0.99971271 0.99899775
1272250791 0.0000000 0.99946177 0.99828809
1272823213 0.0000000 0.99943376 0.99817550
1274901407 0.0000000 0.99906814 0.99684280
1276535865 0.0000000 0.99965471 0.99879837
1276561877 0.0000000 0.99972278 0.99913269
1276823323 0.0000000 0.99972260 0.99908608
1277440084 0.0000000 0.99932283 0.99855983
1277575551 0.0000000 0.99996251 0.99983668
1277670806 0.0000000 0.99980760 0.99947476
1278097892 0.0000000 0.99998420 0.99990708
1278515743 0.0000000 0.99993432 0.99983609
1278618217 0.0000000 0.99997562 0.99984252
1278636079 0.0000000 0.99997663 0.99987203
1279357457 0.0000000 0.99996698 0.99990851
1279458204 0.0000000 0.99996001 0.99984276
1280029930 0.0000000 0.99572253 0.99143499
1280553485 0.0000000 0.99974310 0.99945241
1280563997 0.0000000 0.99979526 0.99954826
1280587745 0.0000000 0.99997473 0.99987161
1281476617 0.0000000 0.99977559 0.99951285
1282408680 0.0000000 0.99996960 0.99989355
1282415961 0.0000000 0.99971598 0.99931538
1282416480 0.0000000 0.99990165 0.99971741
1283157909 0.0000000 0.99996060 0.99981415
1283540817 0.0000000 0.99988335 0.99973071
1284039008 0.0000000 0.99966359 0.99924999
1284244867 0.0000000 0.99971056 0.99936217
1284952628 0.0000000 0.99996179 0.99989235
1285350982 0.0000000 0.99990177 0.99976206
1285695233 0.0000000 0.99996167 0.99984294
1285876560 0.0000000 0.99966961 0.99928403
1286047392 0.0000000 0.99996406 0.99985707
1286198915 0.0000000 0.99998409 0.99989629
1286865806 0.0000000 0.99702680 0.99392307
1289221280 0.0000000 0.99999207 0.99988431
1289567329 0.0000000 0.99998099 0.99988639
1289576340 0.0000000 0.99998790 0.99988180
1290342705 0.0000000 0.99999404 0.99987805
1290784424 0.0000000 0.99994266 0.99974734
1290799240 0.0000000 0.99990153 0.99973226
1291601652 0.0000000 0.99997807 0.99988687
1291689974 0.0000000 0.99998850 0.99990714
1291927327 0.0000000 0.99992681 0.99973524
1292000461 0.0000000 0.99951571 0.99890113
1294804388 0.0000000 0.99957806 0.99896330
1296507195 0.0000000 0.99996167 0.99973458
1296548191 0.0000000 0.99998778 0.99978220
1297058102 0.0000000 0.99988824 0.99959677
1297342916 0.0000000 0.99882156 0.99745697
1297754297 0.0000000 0.99999005 0.99975795
1298970247 0.0000000 0.99736500 0.99445480
1299845150 0.0000000 0.99918199 0.99824190
1300123317 0.0000000 0.99996728 0.99979758
1300281136 0.0000000 0.99999541 0.99978048
1300608051 0.0000000 0.99998784 0.99979252
1301123952 0.0000000 0.99931139 0.99848032
1301458951 0.0000000 0.99996227 0.99974227
1301964194 0.0000000 0.99949360 0.99887115
1302916270 0.0000000 0.99997121 0.99977618
1302961193 0.0000000 0.99884319 0.99745023
1303685617 0.0000000 0.99995619 0.99969506
1304080155 0.0000000 0.99960047 0.99906123
1304082768 0.0000000 0.99998158 0.99978644
1304152538 0.0000000 0.99998015 0.99979532
1304437954 0.0000000 0.99997008 0.99981320
1304717510 0.0000000 0.99997866 0.99982703
1304757333 0.0000000 0.99950796 0.99885017
1306028051 0.0000000 0.99998593 0.99975717
1306098435 0.0000000 0.99995190 0.99975389
1306261925 0.0000000 0.99992561 0.99972838
1307034472 0.0000000 0.99997830 0.99982548
1307669122 0.0000000 0.99997085 0.99984974
1308478735 0.0000000 0.99977255 0.99944693
1309048281 0.0000000 0.99976957 0.99944156
1309094354 0.0000000 0.99998307 0.99985617
1309326569 0.0000000 0.99867088 0.99711460
1309474048 0.0000000 0.99959606 0.99916106
1309601047 0.0000000 0.99995631 0.99981183
1309696244 0.0000000 0.99970627 0.99934345
1309953539 0.0000000 0.99995178 0.99981105
1310469430 0.0000000 0.99998176 0.99985260
1310541580 0.0000000 0.99948221 0.99882817
1310928323 0.0000000 0.99976355 0.99940294
1311000534 0.0000000 0.99994802 0.99983805
1311084070 0.0000000 0.99995881 0.99983507
1311142337 0.0000000 0.99976021 0.99941617
1311692424 0.0000000 0.99500847 0.98957407
1313100452 0.0000000 0.99991894 0.99979824
1314264913 0.0000000 0.99997395 0.99987262
1314789752 0.0000000 0.99998540 0.99987882
1315538819 0.0000000 0.99998164 0.99991202
1315635988 0.0000000 0.99988455 0.99968374
1315804512 0.0000000 0.99993432 0.99984550
1316643513 0.0000000 0.99996817 0.99986720
1316653258 0.0000000 0.99994516 0.99986780
1317835272 0.0000000 0.97917455 0.95610631
1318175665 0.0000000 0.99995327 0.99988002
1318478724 0.0000000 0.99940842 0.99874032
1319945023 0.0000000 0.99998045 0.99986047
1320074224 0.0000000 0.99985403 0.99964887
1320721143 0.0000000 0.99998981 0.99986869
1321061921 0.0000000 0.99987984 0.99969226
1322787324 0.0000000 0.99998254 0.99989355
1322993584 0.0000000 0.99985766 0.99965566
1323861170 0.0000000 0.99984068 0.99963057
1323909341 0.0000000 0.99981487 0.99952090
1324582798 0.0000000 0.99992162 0.99974668
1325660397 0.0000000 0.99988651 0.99956506
1326181267 0.0000000 0.99935675 0.99855775
1326728445 0.0000000 0.99990201 0.99962026
1327107001 0.0000000 0.99991608 0.99968380
1327480583 0.0000000 0.99967206 0.99920821
1327824459 0.0000000 0.99954110 0.99888086
1328324062 0.0000000 0.99995834 0.99970728
1328459111 0.0000000 0.99998575 0.99980175
1330223700 0.0000000 0.73330629 7.66494274E-02
1330883534 0.0000000 0.99975413 0.99935699
1332071890 0.0000000 0.99925816 0.99832803
1332086295 0.0000000 0.99961382 0.99905920
1332373478 0.0000000 0.99995637 0.99984139
1333258441 0.0000000 0.99996680 0.99976349
1333828758 0.0000000 0.99992621 0.99968123
1333921411 0.0000000 0.99998349 0.99976438
1334227165 0.0000000 0.99997562 0.99976385
1334800688 0.0000000 0.99998933 0.99978334
1335409258 0.0000000 0.99841356 0.99663734
1335538115 0.0000000 0.99992460 0.99977332
1338362741 0.0000000 0.99998939 0.99988550
1338842309 0.0000000 0.99994355 0.99978423
1338890190 0.0000000 0.99996370 0.99980211
1338944914 0.0000000 0.99999529 0.99981380
1338944979 0.0000000 0.99999297 0.99981028
1338945045 0.0000000 0.99998248 0.99980485
1339216879 0.0000000 0.99998629 0.99988258
1339275618 0.0000000 0.99998635 0.99982232
1339278860 0.0000000 0.99988449 0.99964905
1339309409 0.0000000 0.99990171 0.99976075
1339575740 0.0000000 0.99991083 0.99959916
1339598466 0.0000000 0.99936932 0.99850988
1339646879 0.0000000 0.99992108 0.99969673
1339690513 0.0000000 0.99998975 0.99980867
1339702255 0.0000000 0.99997789 0.99979013
1339923712 0.0000000 0.99998677 0.99983543
1341299876 0.0000000 0.99987906 0.99965215
1341924177 0.0000000 0.99917996 0.99818403
1342405200 0.0000000 0.99993551 0.99978161
1344277570 0.0000000 0.99984473 0.99959534
1344910008 0.0000000 0.99988103 0.99973202
1344941743 0.0000000 0.99996644 0.99985582
1345138860 0.0000000 0.99974513 0.99942374
1345234802 0.0000000 0.99998319 0.99989790
1346380382 0.0000000 0.99907106 0.99805403
1346415099 0.0000000 0.99997365 0.99985558
1346415834 0.0000000 0.99991906 0.99976194
1346788818 0.0000000 0.99998075 0.99991041
1346816730 0.0000000 0.99985749 0.99967843
1348523853 0.0000000 0.99998343 0.99991626
1350722979 0.0000000 0.99994910 0.99985272
1350800865 0.0000000 0.99987298 0.99967468
1351161077 0.0000000 0.99998504 0.99989635
1352122829 0.0000000 0.99991053 0.99977666
1352554787 0.0000000 0.99967271 0.99927163
1353431341 0.0000000 0.99998444 0.99988824
1353536726 0.0000000 0.99993992 0.99978447
1354158772 0.0000000 0.99996877 0.99991077
1354470336 0.0000000 0.99998724 0.99983263
1354477411 0.0000000 0.99997616 0.99981612
1354976814 0.0000000 0.99992508 0.99973166
1355221924 0.0000000 0.99994552 0.99980676
1356243184 0.0000000 0.99984407 0.99955374
1356319072 0.0000000 0.99996561 0.99986720
1356487597 0.0000000 0.99990922 0.99974841
1356883405 0.0000000 0.99998719 0.99986637
1357128106 0.0000000 0.99992615 0.99969041
1357236484 0.0000000 0.99988890 0.99961507
1357270197 0.0000000 0.99991930 0.99975473
1357331931 0.0000000 0.99990612 0.99971634
1357541346 0.0000000 0.99997967 0.99984413
1357994057 0.0000000 0.99972045 0.99931020
1358411441 0.0000000 0.99993539 0.99973214
1358708986 0.0000000 0.99996388 0.99982059
1359776392 0.0000000 0.99997795 0.99984741
1361064727 0.0000000 0.99987549 0.99960160
1361239965 0.0000000 0.99997061 0.99984771
1361256759 0.0000000 0.99997675 0.99988633
1361373628 0.0000000 0.99997580 0.99986476
1361471757 0.0000000 0.99997222 0.99979341
1361665659 0.0000000 0.99833363 0.99654973
1362386544 0.0000000 0.99996489 0.99987948
1362609444 0.0000000 0.99943167 0.99879444
1362627405 0.0000000 0.99999118 0.99981380
1362643640 0.0000000 0.99992770 0.99972379
1363079024 0.0000000 0.99995404 0.99981529
1363764120 0.0000000 0.99944121 0.99868816
1364349799 0.0000000 0.99999201 0.99980986
1364349845 0.0000000 0.99999475 0.99981213
1364355002 0.0000000 0.99994516 0.99976897
1364690983 0.0000000 0.99996305 0.99980825
1365625224 0.0000000 0.99998873 0.99981683
1366061297 0.0000000 0.99956810 0.99904513
1366432589 0.0000000 0.99962109 0.99913424
1366513671 0.0000000 0.99989903 0.99971271
1369110346 0.0000000 0.99994469 0.99970073
1369124755 0.0000000 0.99998057 0.99982440
1369791239 0.0000000 0.99984032 0.99956191
1369883683 0.0000000 0.99994999 0.99980521
1370118743 0.0000000 0.99997503 0.99984515
1370151783 0.0000000 0.99999362 0.99981582
1370623082 0.0000000 0.99999011 0.99982959
1372241957 0.0000000 0.99949682 0.99885279
1372463510 0.0000000 0.99998099 0.99985528
1373829868 0.0000000 0.99995899 0.99989730
1373895699 0.0000000 0.99997073 0.99987268
1373969495 0.0000000 0.99998766 0.99988449
1374677225 0.0000000 0.99995410 0.99980909
1374679935 0.0000000 0.99996912 0.99981523
1376837821 0.0000000 0.99963421 0.99919438
1377205321 0.0000000 0.99887258 0.99758595
1377355603 0.0000000 0.99991834 0.99976367
1377407246 0.0000000 0.99487859 0.98957294
1378247005 0.0000000 0.99981564 0.99952334
1378467231 0.0000000 0.99998665 0.99987733
1379475197 0.0000000 0.99923718 0.99836355
1380542719 0.0000000 0.99997479 0.99985892
1381466759 0.0000000 0.99908209 0.99806339
1381684855 0.0000000 0.99995786 0.99986964
1382170436 0.0000000 0.99985445 0.99966204
1382919848 0.0000000 0.99966949 0.99922723
1383069011 0.0000000 0.99934918 0.99852419
1383085061 0.0000000 0.99719518 0.99416584
1383220929 0.0000000 0.99999249 0.99985713
1383227120 0.0000000 0.99994648 0.99981201
1383227831 0.0000000 0.99995464 0.99983597
1383234448 0.0000000 0.99998182 0.99985725
1383263545 0.0000000 0.99995166 0.99982810
1383450194 0.0000000 0.99994332 0.99977303
1383519374 0.0000000 0.99996006 0.99985689
1383809110 0.0000000 0.99956775 0.99899048
1383809501 0.0000000 0.99985945 0.99959517
1383989687 0.0000000 0.99966031 0.99923444
1384145710 0.0000000 0.99995798 0.99980569
1384544358 0.0000000 0.99994868 0.99982685
1385019362 0.0000000 0.99771857 0.99530113
1386347977 0.0000000 0.99955857 0.99900872
1386357780 0.0000000 0.99993640 0.99977547
1387916955 0.0000000 0.99997795 0.99986792
1389034180 0.0000000 0.99985558 0.99947780
1389204911 0.0000000 0.99997640 0.99980694
1389717867 0.0000000 0.99998432 0.99977344
1389724692 0.0000000 0.58073032 -0.49481595
1389729005 0.0000000 0.83131081 0.65308452
1389740803 0.0000000 0.88624483 0.77014554
1389904819 0.0000000 0.99962628 0.99910045
1390517490 0.0000000 0.99982232 0.99952012
1390619771 0.0000000 0.99996120 0.99973685
1391790286 0.0000000 0.99895692 0.99772781
1393014317 0.0000000 0.99998307 0.99974817
1393065064 0.0000000 0.99985486 0.99962801
1393759985 0.0000000 0.99991840 0.99972540
1393791078 0.0000000 0.99996436 0.99975663
1394913876 0.0000000 0.99999464 0.99976075
1395061976 0.0000000 0.99997753 0.99971527
1395231566 0.0000000 0.99998832 0.99974769
1397097485 0.0000000 0.99998236 0.99977583
1397746253 0.0000000 0.99982631 0.99951488
1398443585 0.0000000 0.99995834 0.99985498
1399207416 0.0000000 0.99997342 0.99978060
1399278483 0.0000000 0.99972212 0.99930459
1399745740 0.0000000 0.99979436 0.99945223
1399746271 0.0000000 0.99995583 0.99973214
1400631673 0.0000000 0.99999094 0.99978977
1401021673 0.0000000 0.99998039 0.99985605
1401296286 0.0000000 0.99995327 0.99973673
1402085900 0.0000000 0.99779379 0.99538082
1402313583 0.0000000 0.99997371 0.99982393
1402624068 0.0000000 0.96537179 0.92643696
1402784563 0.0000000 0.99993169 0.99969643
1403034553 0.0000000 0.99977863 0.99948508
1403317269 0.0000000 0.99993068 0.99978507
1403439974 0.0000000 0.99989003 0.99970734
1404774365 0.0000000 0.99997717 0.99982476
1404925818 0.0000000 0.99996102 0.99987006
1405577514 0.0000000 0.99998069 0.99985969
1407296767 0.0000000 0.99995744 0.99987882
1407544588 0.0000000 0.99806023 0.99603266
1408047770 0.0000000 0.99997711 0.99985540
1410046387 0.0000000 0.99967223 0.99924302
1410325949 0.0000000 0.99969369 0.99930078
1410382444 0.0000000 0.99983412 0.99958569
1411247643 0.0000000 0.99997652 0.99986690
1411641303 0.0000000 0.99998850 0.99993044
1412009058 0.0000000 0.99992996 0.99978966
1412705290 0.0000000 0.99995834 0.99988264
1413207959 0.0000000 0.99311978 0.98592836
1414298821 0.0000000 0.99969679 0.99937040
1416419181 0.0000000 0.99995458 0.99976778
1416419227 0.0000000 0.99995500 0.99976653
1416540553 0.0000000 0.99996895 0.99985319
1417557685 0.0000000 0.99997383 0.99985713
1417655668 0.0000000 0.99947727 0.99890310
1418245419 0.0000000 0.99998695 0.99982136
1418533563 0.0000000 0.99994314 0.99988043
1419682925 0.0000000 0.99893957 0.99772370
1419947441 0.0000000 0.99843270 0.99665618
1419995164 0.0000000 0.99992359 0.99965286
1420012476 0.0000000 0.99995303 0.99977642
1420437226 0.0000000 0.99988288 0.99964207
1420606112 0.0000000 0.99998462 0.99980009
1420742654 0.0000000 0.99947536 0.99875557
1421435535 0.0000000 0.99983650 0.99946088
1421639313 0.0000000 0.99997169 0.99979138
1422083726 0.0000000 0.99997300 0.99974543
1422374758 0.0000000 0.99988806 0.99953854
1422958210 0.0000000 0.99955606 0.99892074
1423037687 0.0000000 0.99972486 0.99927956
1423603888 0.0000000 0.99499363 0.98965389
1423726535 0.0000000 0.99985009 0.99952006
1423857991 0.0000000 0.87950742 0.59606206
1424969403 0.0000000 0.99990249 0.99965179
1426114954 0.0000000 0.99884290 0.99739176
1426344314 0.0000000 0.99965411 0.99912047
1426852891 0.0000000 0.99976069 0.99932516
1427105631 0.0000000 0.99998862 0.99980521
1427483378 0.0000000 0.99998003 0.99982387
1428208678 0.0000000 0.99911427 0.99805665
1428320250 0.0000000 0.99996430 0.99975473
1428945237 0.0000000 0.99996984 0.99978942
1429127316 0.0000000 0.99997032 0.99986219
1429494176 0.0000000 0.99998790 0.99978113
1429494550 0.0000000 0.99994338 0.99970406
1429528847 0.0000000 0.99998498 0.99980778
1429530313 0.0000000 0.99998647 0.99979335
1429531199 0.0000000 0.99998349 0.99978250
1429992097 0.0000000 0.99996984 0.99976993
1430658547 0.0000000 0.99989617 0.99962509
1431333501 0.0000000 0.99998409 0.99974328
1431387795 0.0000000 0.99993730 0.99971366
1431628549 0.0000000 0.99987465 0.99957281
1432588969 0.0000000 0.99998277 0.99982852
1432601816 0.0000000 0.99995077 0.99978328
1432799863 0.0000000 0.99994612 0.99979234
1434467768 0.0000000 0.99980325 0.99949872
1434867330 0.0000000 0.99561113 0.99098516
1435335400 0.0000000 0.99915361 0.99819809
1438066750 0.0000000 0.99991131 0.99969959
1438936857 0.0000000 0.99864614 0.99710059
1439209234 0.0000000 0.99661815 0.99312288
1439418087 0.0000000 0.99988532 0.99966723
1439474882 0.0000000 0.99997622 0.99987072
1439699200 0.0000000 0.99926120 0.99843824
1441113885 0.0000000 0.99998534 0.99988049
1441128847 0.0000000 0.99992549 0.99977839
1441160293 0.0000000 0.99946159 0.99879807
1441898607 0.0000000 0.99987471 0.99968427
1442339782 0.0000000 0.99986595 0.99964607
1442345855 0.0000000 0.99998373 0.99986190
1442345878 0.0000000 0.99998420 0.99986178
1442408939 0.0000000 0.99998099 0.99985123
1442410226 0.0000000 0.99933034 0.99854112
1442413798 0.0000000 0.99962944 0.99916285
1443074281 0.0000000 0.99996555 0.99987870
1443555465 0.0000000 0.99992734 0.99981177
1444648487 0.0000000 0.99976766 0.99944586
1444736944 0.0000000 0.99996632 0.99990493
1444953165 0.0000000 0.99975955 0.99942029
1444953267 0.0000000 0.99960554 0.99911267
1445014914 0.0000000 0.99950898 0.99891317
1445221055 0.0000000 0.99996692 0.99979377
1445233331 0.0000000 0.99966520 0.99920124
1445239215 0.0000000 0.99952769 0.99891675
1446412182 0.0000000 0.99997109 0.99987602
1446412281 0.0000000 0.99980307 0.99954563
1446509184 0.0000000 0.99821091 0.99616152
1446509190 0.0000000 0.99819940 0.99613857
1446714386 0.0000000 0.99992037 0.99978966
1447167192 0.0000000 0.99874580 0.99731976
1447255999 0.0000000 0.99992412 0.99977601
1447277516 0.0000000 0.99586558 0.99140871
1448316095 0.0000000 0.99781656 0.99554586
1448671943 0.0000000 0.99910259 0.99805802
1449033717 0.0000000 0.99756533 0.99489504
1449035580 0.0000000 0.99405962 0.98765057
1449153073 0.0000000 0.99998343 0.99987727
1449935242 0.0000000 0.99997777 0.99983329
1450510821 0.0000000 0.99911565 0.99807966
1450536811 0.0000000 0.99962550 0.99906880
1450992022 0.0000000 0.99992698 0.99970341
1451199638 0.0000000 0.99947977 0.99885106
1451327726 0.0000000 0.99982870 0.99957937
1451523194 0.0000000 0.99980122 0.99951386
1451829690 0.0000000 0.99969834 0.99925417
1451928000 0.0000000 0.99987024 0.99962062
1452487977 0.0000000 0.99998611 0.99982113
1453169606 0.0000000 0.99994308 0.99977273
1453824336 0.0000000 0.99987960 0.99951655
1454422761 0.0000000 0.99999368 0.99974442
1454702246 0.0000000 0.98213971 0.95912367
1454702308 0.0000000 0.99999666 0.99972820
1454702406 0.0000000 0.99999237 0.99972230
1454702512 0.0000000 0.99996072 0.99972105
1454978820 0.0000000 0.99998605 0.99972349
1455590759 0.0000000 0.99997967 0.99978733
1455595494 0.0000000 0.99999046 0.99979395
1455757779 0.0000000 0.99998188 0.99978781
1455758311 0.0000000 0.99998873 0.99976772
1456215987 0.0000000 0.99984366 0.99948275
1456541993 0.0000000 0.99998337 0.99976438
1457201466 0.0000000 0.99943596 0.99870092
1457276938 0.0000000 0.99994236 0.99967194
1459152479 0.0000000 0.99996531 0.99983317
1459502085 0.0000000 0.99987733 0.99957359
1459988008 0.0000000 0.99994779 0.99972665
1460294506 0.0000000 0.99994671 0.99975061
1460353509 0.0000000 0.99998689 0.99978715
1460804146 0.0000000 0.99999046 0.99978393
1461082597 0.0000000 0.99901789 0.99785382
1461607991 0.0000000 0.99997485 0.99973440
1461770234 0.0000000 0.99999005 0.99974966
1461770257 0.0000000 0.99998987 0.99974954
1461770858 0.0000000 0.99997896 0.99973023
1461781146 0.0000000 0.99996036 0.99984711
1461806086 0.0000000 0.99959564 0.99898309
1462056417 0.0000000 0.99987096 0.99953979
1462199340 0.0000000 0.99988830 0.99955374
1462521203 0.0000000 0.99998194 0.99976850
1462632669 0.0000000 0.99989438 0.99959421
1462675593 0.0000000 0.99995935 0.99976295
1463023035 0.0000000 0.99999523 0.99976164
1463023251 0.0000000 0.99990028 0.99957329
1463023282 0.0000000 0.99982816 0.99943811
1463027395 0.0000000 0.99999249 0.99977374
1463127852 0.0000000 0.99997759 0.99973363
1463195522 0.0000000 0.99970704 0.99918652
1463196768 0.0000000 0.99996191 0.99974853
1463530965 0.0000000 0.99997962 0.99981594
1463863900 0.0000000 0.99998736 0.99985057
1463882779 0.0000000 0.99998420 0.99986666
1464184475 0.0000000 0.99992794 0.99968112
1464544116 0.0000000 0.99998307 0.99984944
1464576767 0.0000000 0.99981350 0.99946487
1464630651 0.0000000 0.99989772 0.99972385
1464672226 0.0000000 0.99999326 0.99978364
1466204142 0.0000000 0.99834901 0.99647075
1466383187 0.0000000 0.99995399 0.99982965
1466409210 0.0000000 0.99917573 0.99818128
1466715930 0.0000000 0.99997270 0.99983382
1467361422 0.0000000 0.99987519 0.99969929
1469592155 0.0000000 0.99985987 0.99961555
1471008941 0.0000000 0.99689096 0.99359632
1471908408 0.0000000 0.99984288 0.99963337
1472660934 0.0000000 0.99983811 0.99958956
1473440050 0.0000000 0.99993289 0.99982971
1475055492 0.0000000 0.99994832 0.99984288
1475769120 0.0000000 0.99963254 0.99919319
1477370752 0.0000000 0.99998009 0.99988896
1478519786 0.0000000 0.99997640 0.99986196
1478903131 0.0000000 0.99995953 0.99981207
1480024554 0.0000000 0.99997306 0.99985939
1480377579 0.0000000 0.99995804 0.99986136
1480507474 0.0000000 0.99999356 0.99987596
1481256588 0.0000000 0.99995005 0.99980509
1481811269 0.0000000 0.99999237 0.99984896
1483057851 0.0000000 0.99992567 0.99978352
1483513641 0.0000000 0.99988914 0.99968410
1484155863 0.0000000 0.99997985 0.99981475
1484797338 0.0000000 0.99937636 0.99860650
1484900187 0.0000000 0.99933177 0.99856591
1485329586 0.0000000 0.99989784 0.99971527
1486746772 0.0000000 0.99999386 0.99977702
1487420859 0.0000000 0.99998230 0.99981230
1487652197 0.0000000 0.97526246 0.94690275
1488212310 0.0000000 0.99993163 0.99975944
1488924651 0.0000000 0.99993241 0.99971604
1489967289 0.0000000 0.99945647 0.99868095
1490066029 0.0000000 0.99826002 0.99630499
1490805242 0.0000000 0.99996573 0.99981570
1492112471 0.0000000 0.99989939 0.99952650
1492367656 0.0000000 0.99997407 0.99977010
1493517442 0.0000000 0.99998254 0.99982840
1493960850 0.0000000 0.99994797 0.99980873
1493986611 0.0000000 0.99901468 0.99789417
1494889974 0.0000000 0.99999470 0.99978924
1494932580 0.0000000 0.99795574 0.99568868
1495631454 0.0000000 0.99997789 0.99983418
1495691291 0.0000000 0.99997026 0.99979550
1495956669 0.0000000 0.99434060 0.98824310
1495999757 0.0000000 0.99956661 0.99888355
1496582686 0.0000000 0.99985713 0.99951810
1497967350 0.0000000 0.99764472 0.99517804
1498029939 0.0000000 0.99986488 0.99961627
1500318986 0.0000000 0.99992633 0.99982160
1501139292 0.0000000 0.99995971 0.99983442
1501845585 0.0000000 0.99995595 0.99983895
1502294736 0.0000000 0.99996543 0.99985743
1502416734 0.0000000 0.99997944 0.99990565
1502582915 0.0000000 0.99996579 0.99989480
1504364658 0.0000000 0.99995548 0.99988371
1505096741 0.0000000 0.99949527 0.99896407
1505687994 0.0000000 0.99997765 0.99988431
1505917796 0.0000000 0.99999082 0.99990433
1506232185 0.0000000 0.99958473 0.99908096
1506549399 0.0000000 0.99983007 0.99958676
1507505391 0.0000000 0.99997830 0.99989152
1507747520 0.0000000 0.99986315 0.99963111
1508582157 0.0000000 0.99982232 0.99957281
1509318944 0.0000000 0.99995673 0.99982411
1509677295 0.0000000 0.99998224 0.99990952
1509677339 0.0000000 0.99998772 0.99990672
1509752088 0.0000000 0.99998337 0.99989545
1510398879 0.0000000 0.99997509 0.99987757
1510402973 0.0000000 0.99997795 0.99990606
1510440860 0.0000000 0.99871171 0.99733675
1510947032 0.0000000 0.99984956 0.99957746
1511360409 0.0000000 0.99999219 0.99987429
1511470532 0.0000000 0.99998313 0.99987239
1512230735 0.0000000 0.99872941 0.99734914
1512377977 0.0000000 0.99997568 0.99983692
1512704669 0.0000000 0.99997509 0.99982965
1513120660 0.0000000 0.99953961 0.99894822
1516168751 0.0000000 0.99995357 0.99973154
1516984288 0.0000000 0.99998748 0.99978745
1517686257 0.0000000 0.99992734 0.99962473
1517749972 0.0000000 0.99999160 0.99974471
1517752600 0.0000000 0.99999183 0.99975300
1517752662 0.0000000 0.99999350 0.99974799
1517753127 0.0000000 0.99960083 0.99895853
1517753452 0.0000000 0.99999124 0.99973309
1517753522 0.0000000 0.99999082 0.99973243
1517753592 0.0000000 0.99999124 0.99973303
1517753815 0.0000000 0.99996120 0.99969107
1517758427 0.0000000 0.99984390 0.99945873
1517763262 0.0000000 0.99977213 0.99933696
1517821602 0.0000000 0.99986905 0.99947381
1517823894 0.0000000 0.99974054 0.99927783
1517846321 0.0000000 0.99996477 0.99969894
1517852233 0.0000000 0.99961090 0.99904460
1517893754 0.0000000 0.99997646 0.99970973
1517906208 0.0000000 0.99984843 0.99944383
1517932241 0.0000000 0.99999481 0.99971664
1517932280 0.0000000 0.99999380 0.99971598
1517932282 0.0000000 0.99999404 0.99971563
1517932427 0.0000000 0.99998480 0.99970758
1517932434 0.0000000 0.99998432 0.99971366
1517932492 0.0000000 0.99997896 0.99969548
1517933877 0.0000000 0.99997813 0.99974328
1517940013 0.0000000 0.99999189 0.99970853
1517940459 0.0000000 0.99999493 0.99972802
1517944528 0.0000000 0.99998701 0.99971813
1517945796 0.0000000 0.99995780 0.99967700
1517950582 0.0000000 0.99997854 0.99968344
1517958702 0.0000000 0.99995989 0.99969351
1517960631 0.0000000 0.99998683 0.99972093
1517969882 0.0000000 0.99995893 0.99965394
1517974578 0.0000000 0.99997896 0.99972355
1517998787 0.0000000 0.99966884 0.99911058
1518001985 0.0000000 0.99997240 0.99969167
1518008800 0.0000000 0.99998301 0.99972194
1518008880 0.0000000 0.99995124 0.99964601
1518013159 0.0000000 0.99991709 0.99958223
1518016890 0.0000000 0.99998790 0.99972075
1518016916 0.0000000 0.99998844 0.99972075
1518051257 0.0000000 0.99998480 0.99972558
1518059164 0.0000000 0.99993402 0.99962842
1518142443 0.0000000 0.99994737 0.99971622
1518201789 0.0000000 0.99995399 0.99967170
1518248929 0.0000000 0.99986076 0.99949372
1518858396 0.0000000 0.99995989 0.99979842
1518981709 0.0000000 0.99991405 0.99967766
1519051621 0.0000000 0.99997061 0.99975365
1519254641 0.0000000 0.99998719 0.99978465
1519583320 0.0000000 0.99998826 0.99973506
1519962147 0.0000000 0.99996519 0.99976146
1520098551 0.0000000 0.99995482 0.99965000
1520329330 0.0000000 0.99970901 0.99920028
1521024527 0.0000000 0.99991357 0.99955243
1521537776 0.0000000 0.99998450 0.99978983
1521728871 0.0000000 0.99998081 0.99974787
1522232997 0.0000000 0.99967760 0.99917144
1522282670 0.0000000 0.99997753 0.99975896
1522598524 0.0000000 0.99995065 0.99970925
1523432369 0.0000000 0.99994242 0.99979299
1523886539 0.0000000 0.99998355 0.99982369
1524201906 0.0000000 0.99959087 0.99902499
1524248877 0.0000000 0.99662155 0.99299181
1524308214 0.0000000 0.99997485 0.99979538
1524503432 0.0000000 0.99993664 0.99972790
1524721460 0.0000000 0.99997628 0.99979210
1524721601 0.0000000 0.99998146 0.99977893
1524808553 0.0000000 0.99998605 0.99979907
1525218424 0.0000000 0.99997461 0.99977195
1526098666 0.0000000 0.99991930 0.99970746
1527728598 0.0000000 0.99999171 0.99984467
1527904870 0.0000000 0.99997264 0.99981111
1528731725 0.0000000 0.99979335 0.99944210
1528750347 0.0000000 0.99993473 0.99968666
1528856173 0.0000000 0.99962360 0.99909353
1529096035 0.0000000 0.99995917 0.99982929
1529334375 0.0000000 0.99841505 0.99667603
1529522338 0.0000000 0.99984181 0.99959832
1530516370 0.0000000 0.99997330 0.99985600
1530516385 0.0000000 0.99997354 0.99985594
1530609654 0.0000000 0.99998677 0.99986601
1531312909 0.0000000 0.99995667 0.99979615
1531507119 0.0000000 0.99998683 0.99987942
1532050755 0.0000000 0.99996305 0.99982625
1533217098 0.0000000 0.99996686 0.99983925
1533504622 0.0000000 0.99883282 0.99752182
1533801692 0.0000000 0.99988472 0.99968630
1534500582 0.0000000 0.99997747 0.99986625
1534551317 0.0000000 0.99997890 0.99988389
1535572403 0.0000000 0.99683291 0.99347740
1535660064 0.0000000 0.99859756 0.99713898
1536498994 0.0000000 0.99985367 0.99965703
1536641006 0.0000000 0.99988592 0.99968374
1536700815 0.0000000 0.99971628 0.99937600
1538633849 0.0000000 0.99996084 0.99985445
1538766649 0.0000000 0.99967432 0.99930346
1539072778 0.0000000 0.99998218 0.99987817
1539164591 0.0000000 0.99929875 0.99846786
1540269298 0.0000000 0.99998909 0.99984974
1540310644 0.0000000 0.99998444 0.99985772
1541624711 0.0000000 0.99995631 0.99984884
1541712486 0.0000000 0.99952435 0.99897367
1542328459 0.0000000 0.99976683 0.99946660
1542608341 0.0000000 0.99990839 0.99972165
1542638415 0.0000000 0.99824393 0.99630797
1542645094 0.0000000 0.99927050 0.99842238
1543190243 0.0000000 0.99999076 0.99982888
1543191316 0.0000000 0.99879158 0.99741912
1543236658 0.0000000 0.99988282 0.99961859
1543238642 0.0000000 0.99925995 0.99834657
1543314575 0.0000000 0.99955916 0.99898136
1544368541 0.0000000 0.99996680 0.99982870
1544439487 0.0000000 0.99996996 0.99986035
1544621063 0.0000000 0.99997747 0.99982196
1544908865 0.0000000 0.99998105 0.99986714
1545710204 0.0000000 0.99994403 0.99984980
1546538568 0.0000000 0.98251748 0.96327597
1546949806 0.0000000 0.99997795 0.99981296
1548127166 0.0000000 0.99998152 0.99981582
1548825695 0.0000000 0.99998248 0.99981320
1548861293 0.0000000 0.99998462 0.99976653
1549366351 0.0000000 0.99899095 0.99775493
1549558324 0.0000000 0.99998993 0.99979901
1550239687 0.0000000 0.99994725 0.99973732
1551558867 0.0000000 0.99927604 0.99844486
1552012334 0.0000000 0.99998504 0.99980688
1552127531 0.0000000 0.98284292 0.96381414
1552421955 0.0000000 0.99991333 0.99961716
1552451554 0.0000000 0.99997652 0.99978882
1552511242 0.0000000 0.99998176 0.99979138
1552697151 0.0000000 0.99997836 0.99977827
1552968094 0.0000000 0.99978048 0.99941081
1553256348 0.0000000 0.99972910 0.99930966
1553414210 0.0000000 0.99930304 0.99841374
1554087275 -22.150000 3.96013856E-02 -7.60209560E-03
1554172029 2.7000000 6.20073564E-02 -3.25763226E-03
1554256375 -3.9500000 0.12307794 2.25007534E-04
1554343015 193.30000 6.38763085E-02 3.15189362E-04
1554382610 88.400002 5.64581007E-02 2.43693590E-03
1554499495 -1.7500000 0.10154885 3.69286537E-03
1554706689 31.200001 7.80074671E-02 2.10165977E-03
1554822801 103.85000 0.10714753 1.89912319E-03
1554841453 37.850002 0.10173879 2.72357464E-03
1554850672 146.25000 7.48726428E-02 5.05220890E-03
1555563667 120.10000 0.12820955 1.26075745E-03
1556793883 0.0000000 0.99982995 0.99945003
1556970683 0.0000000 0.99983323 0.99952084
1557330527 0.0000000 0.99928278 0.99831319
1557737721 0.0000000 0.99992436 0.99969774
1558197514 128.95000 7.39541352E-02 -193.78404
1558379328 -74.550003 0.13078487 -29871.748
1558489044 32.150002 6.17042519E-02 -8.2506142
1558591969 33.400002 6.33181557E-02 -7.1224833
1559317998 256.10001 8.45059380E-02 1.89947486E-02
1559641578 262.35001 0.18455334 1.38308406E-02
1559762840 199.35001 8.41782987E-02 -4.0261302
1560870606 70.400002 0.10689517 -30.691269
1561237205 181.20000 4.90867980E-02 -119.35954
1561242160 153.15001 4.33766805E-02 -18.064201
1561825206 158.60001 5.78420833E-02 -23.627628
1561837452 74.200005 8.31110701E-02 -1.54836178E-02
1562610935 175.50000 6.90007731E-02 -3.4288063
1562880116 148.20000 8.16488191E-02 -90.695282
1563275550 181.50000 5.94244003E-02 -2075.9338
1563531230 220.05000 7.79842138E-02 -7.5406055
1563768365 166.75000 0.11930439 -384.96204
1563850922 70.250000 6.72984049E-02 -1984.0956
1564123196 114.00000 9.66425687E-02 -826.16077
1564190683 -8.6999998 0.10986835 -4.1534719
1564649429 76.900002 9.29242671E-02 -23.671328
1564753988 20.300001 0.18369226 -30.496309
1564784683 133.80000 9.58544388E-02 -8.3231611
1565054388 135.10001 0.10990822 -9.55041647E-02
1565055090 161.60001 0.12666970 -6.3540316
1565213283 186.35001 0.16099288 -0.20142496
1565218942 -18.450001 8.35298821E-02 -19052.621
1565905300 243.30000 5.85688576E-02 -0.92544568
1566053525 34.350002 0.13881652 -224.05238
1566053530 34.350002 0.13885465 -224.44080
1566074882 143.25000 0.16637902 -608.27124
1566101114 244.00000 0.10459021 -8.2816763
1566598377 204.35001 0.14762062 -130.33900
1566648618 205.50000 8.84121358E-02 -30964.600
1567237819 24.350000 6.74177408E-02 -3.8090625
1567471650 124.25000 0.12661228 -134.24823
1567604000 -24.050001 6.36458099E-02 -666.06329
1567917359 141.35001 7.22286478E-02 -1725.4302
1568005668 224.85001 0.11209761 -5.0015297
1568095682 193.45000 0.17348769 -327.71823
1569863578 179.65001 6.67198747E-02 -2.89857388E-02
1570468626 95.349998 8.77250358E-02 -1794.7020
1571312673 31.350000 7.75782317E-02 -0.25803328
1571861758 -60.950001 6.48355857E-02 -5200.7944
1572218883 220.60001 9.61310565E-02 -74.829338
1573491297 20.850000 6.31993711E-02 -9.9783039
1573495893 83.450005 6.71690330E-02 -58.795963
1574645562 0.0000000 0.99975789 0.99922723
1575564604 0.0000000 0.99953228 0.99887109
1575660753 0.0000000 0.99970478 0.99931026
1576495557 0.0000000 0.99979091 0.99945843
1577769501 0.0000000 0.99921900 0.99825543
1577819410 0.0000000 0.99981868 0.99945456
1578293635 0.0000000 0.99986339 0.99955952
1578510402 0.0000000 0.99970269 0.99924105
1579404154 0.0000000 0.99975216 0.99907780
1579703564 0.0000000 0.99963421 0.99909770
1580749376 0.0000000 0.99974954 0.99923062
1581076659 0.0000000 0.99948800 0.99874550
1581616159 0.0000000 0.99972415 0.99910641
1581629921 0.0000000 0.99982554 0.99937242
1581764406 0.0000000 0.99988109 0.99955279
1581764700 0.0000000 0.99975604 0.99923652
1581794413 0.0000000 0.99986762 0.99942231
1582090065 0.0000000 0.99976456 0.99917203
1582113307 0.0000000 0.99967343 0.99899095
1582546233 0.0000000 0.99963069 0.99895638
1582592414 0.0000000 0.99952853 0.99865776
1582629242 0.0000000 0.99971950 0.99902469
1582695255 0.0000000 0.99974304 0.99921626
1584677477 0.0000000 0.99920803 0.99810177
1585787701 0.0000000 0.99848181 0.99678028
1586304460 0.0000000 0.99959749 0.99903750
1586389759 0.0000000 0.99961722 0.99897480
1586537097 0.0000000 0.99968833 0.99904877
1586691401 0.0000000 0.99976593 0.99913949
1587481331 0.0000000 0.99932736 0.99835479
1588476280 0.0000000 0.99982393 0.99954951
1589003116 0.0000000 0.99964738 0.99918866
1589548020 0.0000000 0.97674114 0.95120138
1589756010 0.0000000 0.99949747 0.99885100
1589910785 0.0000000 0.99956197 0.99885255
1590311534 0.0000000 0.94610357 0.87590307
1590359490 0.0000000 0.99974263 0.99922931
1590694463 0.0000000 0.99968511 0.99908149
1590843750 0.0000000 0.99969357 0.99923301
1591494563 0.0000000 0.99973947 0.99931669
1591839506 0.0000000 0.99978566 0.99944413
1591921295 0.0000000 0.99976152 0.99937814
1592079539 0.0000000 0.99975646 0.99933511
1592349420 0.0000000 0.99924868 0.99824727
1593214064 0.0000000 0.99983001 0.99962747
1593241888 0.0000000 0.99962884 0.99909240
1593407313 0.0000000 0.99978870 0.99944270
1593435168 0.0000000 0.99978727 0.99946970
1593519432 0.0000000 0.99967206 0.99925029
1594227272 0.0000000 0.99974751 0.99938834
1594265063 0.0000000 0.99979132 0.99942416
1594267923 0.0000000 0.99967581 0.99917495
1594526768 0.0000000 0.99881697 0.99747270
1594546164 0.0000000 0.99889892 0.99764878
1595767949 0.0000000 0.99978435 0.99938792
1597107665 0.0000000 0.99922544 0.99831796
1597123796 0.0000000 0.99974412 0.99916047
1597187246 0.0000000 0.99928546 0.99841380
1597774608 0.0000000 0.99959916 0.99898940
1597797181 0.0000000 0.99978250 0.99936789
1597806811 0.0000000 0.99984258 0.99948233
1598847265 0.0000000 0.97709978 0.95073974
1599036279 0.0000000 0.99981689 0.99954945
1600306672 0.0000000 0.99978709 0.99943793
1600646088 0.0000000 0.99976581 0.99939018
1600833602 0.0000000 0.99977726 0.99946898
1601017581 0.0000000 0.99957639 0.99906981
1601326254 0.0000000 0.99980414 0.99958628
1601342057 0.0000000 0.99973339 0.99937147
1601440640 0.0000000 0.99976760 0.99941146
1601863505 0.0000000 0.99975300 0.99944603
1602517184 0.0000000 0.99958038 0.99901897
1602946993 0.0000000 0.99987549 0.99938488
1602947159 0.0000000 0.99979270 0.99938852
1603087586 0.0000000 0.99222195 0.98398829
1603396062 0.0000000 0.99901253 0.99774379
1603674483 0.0000000 0.99856329 0.99692672
1604358861 0.0000000 0.99933267 0.99855059
1604426346 0.0000000 0.99976581 0.99928266
1604601372 0.0000000 0.99983114 0.99956936
1604626818 0.0000000 0.99980801 0.99943912
1605130406 0.0000000 0.99970067 0.99926645
1605130534 0.0000000 0.99972123 0.99920189
1605266102 0.0000000 0.99974924 0.99918735
1605511152 0.0000000 0.99982756 0.99954605
1605551866 0.0000000 0.99973905 0.99926913
1605557664 0.0000000 0.99978381 0.99931771
1605621503 0.0000000 0.99662441 0.99289191
1605662576 0.0000000 0.99907368 0.99796134
1606582085 0.0000000 0.99791718 0.99571311
1606657334 0.0000000 0.99975258 0.99930364
1607578178 0.0000000 0.99980319 0.99954528
1607606398 0.0000000 0.99980736 0.99934423
1607606851 0.0000000 0.99934632 0.99853837
1607624108 0.0000000 0.99974895 0.99931949
1608317519 0.0000000 0.99945366 0.99846292
1608385359 0.0000000 0.99820989 0.99612564
1609436522 0.0000000 0.99770266 0.99511677
1609594007 0.0000000 0.99961001 0.99901736
1610162996 0.0000000 0.94441915 0.87361866
1610192153 0.0000000 0.99978656 0.99939078
1610249009 0.0000000 0.99970061 0.99920583
1610838659 0.0000000 0.99976403 0.99932498
1611559538 0.0000000 0.99980664 0.99957639
1611565557 0.0000000 0.99981880 0.99961454
1611574763 0.0000000 0.99931306 0.99851960
1611584686 0.0000000 0.99924386 0.99840063
1611818971 0.0000000 0.99964815 0.99915040
