837775762 0.0000000 0.98753464 0.97275436
837925917 0.0000000 0.77759570 0.32939595
838427199 0.0000000 0.96183515 0.91315281
838671653 0.0000000 0.99963301 0.99852073
838750993 0.0000000 0.97090995 0.93620503
839270473 0.0000000 0.99893188 0.99658549
839658185 0.0000000 0.99888211 0.99716067
841593341 0.0000000 0.89702863 0.73894405
841947167 0.0000000 0.81564766 0.46783370
841966927 0.0000000 0.99980956 0.99901968
841967337 0.0000000 0.99392790 0.98670363
841967424 0.0000000 0.98848534 0.97512418
841967717 0.0000000 0.99094212 0.97944057
841969564 0.0000000 0.99904919 0.99756712
841973148 0.0000000 0.99773592 0.99447429
841975496 0.0000000 0.99970096 0.99886060
841976432 0.0000000 0.99723113 0.99354017
841976527 0.0000000 0.99294657 0.98477811
841989993 0.0000000 0.99213052 0.98302841
841990035 0.0000000 0.99217159 0.98312372
841990674 0.0000000 0.99518192 0.98865616
841998277 0.0000000 0.99858844 0.99631172
842009672 0.0000000 0.99967670 0.99874860
842020651 0.0000000 0.99240601 0.98310262
842035262 0.0000000 0.99756038 0.99425548
842036992 0.0000000 0.97635943 0.94861841
842056074 0.0000000 0.99844748 0.99614161
842122037 0.0000000 0.99223709 0.98322159
842211144 0.0000000 0.99296343 0.98427022
842213633 0.0000000 0.99826550 0.99585658
842233958 0.0000000 0.96356785 0.91946906
842984365 0.0000000 0.98941267 0.97705692
846839283 0.0000000 0.99912280 0.99743873
847935551 0.0000000 0.99959522 0.99848711
855524541 0.0000000 0.98519295 0.96609181
855593408 0.0000000 0.99346882 0.98478270
855822594 0.0000000 0.99910963 0.99714947
856345761 0.0000000 0.97742498 0.94955736
857058283 0.0000000 0.97242051 0.93700027
857344712 0.0000000 0.92164391 0.81424290
857979217 0.0000000 0.99092162 0.97962302
858004916 0.0000000 0.93841380 0.85374689
859199163 0.0000000 0.99951452 0.99789935
859246340 0.0000000 0.99244839 0.98284304
860953513 0.0000000 0.99963343 0.99848187
861140002 0.0000000 0.98723042 0.97202873
861746294 0.0000000 0.83730793 0.55360126
862185572 0.0000000 0.98260230 0.96168548
862608623 0.0000000 0.96624643 0.92354077
862627573 0.0000000 0.99984568 0.99921930
863479085 0.0000000 0.91749960 0.79641879
863693027 0.0000000 0.93355131 0.84307939
863763297 0.0000000 0.95362169 0.89426434
864384080 0.0000000 0.99270642 0.98339224
864454998 0.0000000 0.89953065 0.74849349
865120897 0.0000000 0.95928061 0.90809339
866316320 0.0000000 0.96501857 0.92000455
866599410 0.0000000 0.99835396 0.99581295
866972164 0.0000000 0.99969983 0.99887586
867426807 0.0000000 0.97799498 0.95226014
868041450 0.0000000 0.99974948 0.99893558
868379187 0.0000000 0.98372537 0.96503699
868522793 0.0000000 0.99476260 0.98875940
868964733 0.0000000 0.99956542 0.99839568
873735427 0.0000000 0.96581006 0.91396344
876594265 0.0000000 0.99884826 0.95719528
877094056 0.0000000 0.99946672 0.96171212
877518611 0.0000000 0.71199429 0.31679732
877518986 0.0000000 0.99979240 0.95976365
877546907 0.0000000 0.86920094 0.75277269
877747215 0.0000000 0.97478324 0.92676079
879910270 0.0000000 0.99335569 0.88219345
880343225 0.0000000 0.97320116 0.86324775
885153411 0.0000000 0.89417452 0.79955202
885163200 0.0000000 0.99611789 0.88414615
885338978 0.0000000 0.93092203 0.85280412
886836052 0.0000000 0.98825938 0.87915820
887739663 0.0000000 0.98137742 0.87149405
887763450 0.0000000 0.98034370 0.86712813
888302731 0.0000000 0.97897440 0.86809880
888303585 0.0000000 0.95343918 0.84326023
889317344 0.0000000 0.99910760 0.88589215
889596008 0.0000000 0.99832815 0.88560700
889636914 0.0000000 0.99881989 0.88720334
893747340 0.0000000 0.96227849 0.85396957
894067552 0.0000000 0.99394172 0.88037360
894087462 0.0000000 0.99569589 0.88212359
894238216 0.0000000 0.99978244 0.82134861
894747219 0.0000000 0.99459958 0.81930232
895144921 0.0000000 0.91356176 0.75860220
895222228 0.0000000 0.99688303 0.82169175
895422961 0.0000000 0.93104094 0.76725829
895825584 0.0000000 0.85752100 0.73113096
896509358 0.0000000 0.99274123 0.89427334
899724834 0.0000000 0.92613900 0.82338506
900181394 0.0000000 0.89279574 0.77969742
900651074 0.0000000 0.99983096 0.89634478
900701079 0.0000000 0.98866683 0.88756442
900781359 0.0000000 0.99628919 0.89352041
900871111 0.0000000 0.99281198 0.89480060
900952524 0.0000000 0.96832919 0.86615175
901305843 0.0000000 0.99981654 0.89737612
901786541 0.0000000 0.99894994 0.89827764
901877006 0.0000000 0.98623949 0.88473207
902801269 0.0000000 0.99958736 0.89733791
902970331 0.0000000 0.70055395 0.41642463
903265983 0.0000000 0.99989402 0.89534879
904013371 0.0000000 0.90012544 0.78852868
904905650 0.0000000 0.99779421 0.80664158
905363640 0.0000000 0.99831927 0.81622225
905409966 0.0000000 0.99934703 0.80908704
905583188 0.0000000 0.90879053 0.74893332
905664888 0.0000000 0.99903917 0.80908144
905697214 0.0000000 0.70452344 0.48918390
905921771 0.0000000 0.99554724 0.80809999
906395377 0.0000000 0.98083860 0.79745328
906915742 0.0000000 0.84996372 0.68539524
906973039 0.0000000 0.98405921 0.79854125
907937571 0.0000000 0.99964732 0.80848628
908081794 0.0000000 0.98243052 0.80086052
908297657 0.0000000 0.98209184 0.79859978
910076797 0.0000000 0.99967158 0.98692936
911341652 0.0000000 0.99969697 0.98634928
911471402 0.0000000 0.99809009 0.98308367
912019233 0.0000000 0.91526818 0.83490771
912118339 0.0000000 0.95538980 0.91091061
912320478 0.0000000 0.94431883 0.89171851
913597143 0.0000000 0.98732418 0.91605091
914291346 0.0000000 0.99584794 0.92698121
914495847 0.0000000 0.72605884 0.43752742
916122256 0.0000000 0.99803656 0.93164575
918942477 0.0000000 0.98516113 0.91643202
919479225 0.0000000 0.99534208 0.93192959
919691338 0.0000000 0.99952155 0.93123353
920174684 0.0000000 0.93280864 0.85371506
920668347 0.0000000 0.99745065 0.92802590
928999079 0.0000000 0.99937838 0.87572318
929863441 0.0000000 0.99959368 0.84153098
930302321 0.0000000 0.92230743 0.78141624
930322043 0.0000000 0.73247099 0.53168702
931355593 0.0000000 0.99974674 0.83842987
931356389 0.0000000 0.99949610 0.83859462
931484211 0.0000000 0.99874389 0.84059107
931653898 0.0000000 0.98453504 0.82760227
931724710 0.0000000 0.98480034 0.82704425
932244360 0.0000000 0.78198618 0.61127448
933800631 0.0000000 0.99859315 0.85712731
933854825 0.0000000 0.88028616 0.74747849
934006193 0.0000000 0.78161937 0.61057311
934098882 0.0000000 0.88653576 0.75108016
935191073 0.0000000 0.98745662 0.82290179
936973100 0.0000000 0.99968994 0.82568800
937489447 0.0000000 0.85184699 0.72367412
937498321 0.0000000 0.89420223 0.77733773
937850952 0.0000000 0.99989206 0.85224330
937851087 0.0000000 0.99989516 0.85223794
937851114 0.0000000 0.99989426 0.85224336
937852034 0.0000000 0.99974966 0.85115510
937852082 0.0000000 0.99974763 0.85117257
937852199 0.0000000 0.99889153 0.85053241
937852375 0.0000000 0.99909657 0.85103321
937852466 0.0000000 0.99856532 0.85035795
937852536 0.0000000 0.99819368 0.85002792
937852553 0.0000000 0.99805790 0.84970462
937852632 0.0000000 0.99649531 0.84745955
937852755 0.0000000 0.99503797 0.84783763
937852918 0.0000000 0.99495429 0.84727073
937853175 0.0000000 0.99734837 0.84863228
937853264 0.0000000 0.99787158 0.84968716
937853449 0.0000000 0.99794102 0.84900439
937853490 0.0000000 0.99775636 0.84925878
937853610 0.0000000 0.99862736 0.85046148
937853764 0.0000000 0.99916720 0.85092050
937853824 0.0000000 0.99909395 0.85073555
937853935 0.0000000 0.99889684 0.85032171
937855132 0.0000000 0.99520320 0.84693480
937855190 0.0000000 0.99454725 0.84678465
937855723 0.0000000 0.99888355 0.84815419
937855970 0.0000000 0.99776173 0.85048902
937856091 0.0000000 0.99679869 0.85028148
937856432 0.0000000 0.99973679 0.85182065
937856582 0.0000000 0.99908942 0.85142899
937856696 0.0000000 0.99530786 0.84853923
937857472 0.0000000 0.99941075 0.85178673
937857635 0.0000000 0.99986047 0.84980315
937857736 0.0000000 0.99986267 0.84980524
937858091 0.0000000 0.99735117 0.84902573
937858229 0.0000000 0.99639273 0.84968722
937858299 0.0000000 0.99308890 0.84840584
937858683 0.0000000 0.99919194 0.85091329
937858919 0.0000000 0.99930418 0.85135299
937859055 0.0000000 0.99762756 0.85056454
937859058 0.0000000 0.99762815 0.85056144
937859360 0.0000000 0.99713182 0.85192454
937860003 0.0000000 0.99939930 0.85132843
937860228 0.0000000 0.99929339 0.85138309
937861680 0.0000000 0.99650985 0.84908813
937861835 0.0000000 0.99508244 0.84725535
937862125 0.0000000 0.99827099 0.85124445
937862129 0.0000000 0.99827057 0.85124815
937862604 0.0000000 0.99917096 0.85095823
937862618 0.0000000 0.99917823 0.85101259
937862674 0.0000000 0.99904060 0.85153377
937862876 0.0000000 0.99784744 0.85159630
937862971 0.0000000 0.99188876 0.84662986
937863682 0.0000000 0.99980390 0.85034311
937863889 0.0000000 0.98394495 0.85174644
937863998 0.0000000 0.98394644 0.85174531
937864487 0.0000000 0.99974793 0.85003918
937864632 0.0000000 0.99760890 0.84990656
937865735 0.0000000 0.99653345 0.84947199
937865950 0.0000000 0.99953228 0.85190827
937866166 0.0000000 0.99952441 0.85196990
937866835 0.0000000 0.99629581 0.84764946
937867652 0.0000000 0.99447131 0.84814012
937867681 0.0000000 0.99489570 0.84838217
937867902 0.0000000 0.98832303 0.84495997
937868205 0.0000000 0.99869943 0.85094720
937868332 0.0000000 0.99845237 0.84998131
937868436 0.0000000 0.99824107 0.84984225
937868503 0.0000000 0.99810028 0.84954476
937869493 0.0000000 0.99968320 0.85112828
937871167 0.0000000 0.99700767 0.84869623
937871201 0.0000000 0.99706340 0.84878683
937873187 0.0000000 0.98803467 0.84022647
937874740 0.0000000 0.99868220 0.84934998
937876659 0.0000000 0.99895412 0.85313410
937876714 0.0000000 0.99894112 0.85316998
937876716 0.0000000 0.99892944 0.85317832
937877828 0.0000000 0.99847281 0.85017979
937880685 0.0000000 0.99457961 0.84709167
937881277 0.0000000 0.99679619 0.84944189
937881940 0.0000000 0.99395442 0.84549534
937882703 0.0000000 0.99303383 0.84529614
937882889 0.0000000 0.99308282 0.84532189
937884360 0.0000000 0.98836488 0.84435105
937884709 0.0000000 0.99942315 0.84949273
937889984 0.0000000 0.97827411 0.83523762
937891573 0.0000000 0.99454576 0.84730244
937893215 0.0000000 0.96943879 0.82522589
937894754 0.0000000 0.98673123 0.84230018
937895787 0.0000000 0.98803675 0.84091234
937897562 0.0000000 0.99938953 0.85122395
937899652 0.0000000 0.98185474 0.83741301
937899965 0.0000000 0.99671137 0.84951681
937900997 0.0000000 0.99826342 0.85092491
937905017 0.0000000 0.99130332 0.84446108
937906571 0.0000000 0.99240792 0.84724510
937906576 0.0000000 0.99250877 0.84733152
937906909 0.0000000 0.98645687 0.84307837
937912062 0.0000000 0.99953699 0.85222811
937913974 0.0000000 0.99692267 0.84856135
937924161 0.0000000 0.99710345 0.85038751
937924333 0.0000000 0.99679857 0.85027421
937924804 0.0000000 0.99802607 0.84936309
937927690 0.0000000 0.99921042 0.85135067
937930575 0.0000000 0.95381957 0.81449455
937935515 0.0000000 0.99907041 0.85031009
937937917 0.0000000 0.99922019 0.85010594
937952221 0.0000000 0.99800175 0.84927833
937959280 0.0000000 0.94315183 0.84989738
937959944 0.0000000 0.99713880 0.85062248
937960318 0.0000000 0.98533440 0.84098321
937961383 0.0000000 0.99983901 0.85163808
937961470 0.0000000 0.99962294 0.84888238
937963728 0.0000000 0.99371541 0.84732795
937966769 0.0000000 0.99480569 0.84838027
937969738 0.0000000 0.99645120 0.84757769
937972066 0.0000000 0.98277670 0.83515352
937980603 0.0000000 0.98921394 0.84250003
937998845 0.0000000 0.96736968 0.81298578
938002595 0.0000000 0.99984145 0.84100574
938002640 0.0000000 0.99984384 0.84100562
938003747 0.0000000 0.99630153 0.83977163
938005885 0.0000000 0.97970527 0.82943970
938007171 0.0000000 0.97147512 0.82223129
938032475 0.0000000 0.96558279 0.81582999
938047564 0.0000000 0.99851263 0.84021223
938047578 0.0000000 0.99852610 0.84022403
938065369 0.0000000 0.99943972 0.84287310
938090674 0.0000000 0.99964470 0.84125280
938102991 0.0000000 0.98661822 0.83060795
938112638 0.0000000 0.99720371 0.84033477
938122741 0.0000000 0.99862289 0.84511799
938131047 0.0000000 0.70480299 0.47317868
938134070 0.0000000 0.98763686 0.83721954
938144305 0.0000000 0.99860108 0.84392017
938154802 0.0000000 0.99076337 0.83755201
938182940 0.0000000 0.99376196 0.84156513
938233153 0.0000000 0.99724239 0.84219062
938239989 0.0000000 0.98413920 0.83263844
938249011 0.0000000 0.99974829 0.84452116
938280361 0.0000000 0.99807537 0.84410495
938292712 0.0000000 0.99948740 0.84284806
938296447 0.0000000 0.99778575 0.84352237
938301077 0.0000000 0.98553979 0.83205438
938303569 0.0000000 0.99461836 0.84908211
938324751 0.0000000 0.98924506 0.83602154
938335124 0.0000000 0.99539924 0.84406483
938405002 0.0000000 0.99793386 0.84332937
938405506 0.0000000 0.99835706 0.84361964
938415640 0.0000000 0.99870068 0.84396863
938417299 0.0000000 0.99875855 0.84343910
938433307 0.0000000 0.99939960 0.84415197
938455800 0.0000000 0.99650699 0.84405673
938474998 0.0000000 0.99385196 0.84345937
938497922 0.0000000 0.99950486 0.84570116
938498029 0.0000000 0.99950606 0.84570384
938533419 0.0000000 0.99957657 0.84536904
938538992 0.0000000 0.99148995 0.84170824
938559689 0.0000000 0.98972040 0.83696491
938653443 0.0000000 0.99916106 0.84454685
938661090 0.0000000 0.97861266 0.82680571
938684670 0.0000000 0.93914276 0.80221444
938684985 0.0000000 0.99954140 0.84477460
938685159 0.0000000 0.99956983 0.84468144
938718118 0.0000000 0.99033940 0.83679420
938752742 0.0000000 0.90141767 0.75531995
938782450 0.0000000 0.99959046 0.84353942
938800412 0.0000000 0.99648905 0.84227908
938840074 0.0000000 0.99515164 0.84246629
938875726 0.0000000 0.99367201 0.83861315
938884454 0.0000000 0.99399751 0.83943617
938902620 0.0000000 0.99894428 0.84432119
938928221 0.0000000 0.99308026 0.84075344
938929942 0.0000000 0.98954970 0.83972126
938985195 0.0000000 0.99572271 0.84268349
938985199 0.0000000 0.99570495 0.84266621
938994192 0.0000000 0.99929535 0.84432459
939039975 0.0000000 0.99970341 0.84661329
939086024 0.0000000 0.99855542 0.84424901
939125897 0.0000000 0.99948776 0.84522974
939128833 0.0000000 0.98815757 0.83744031
939181528 0.0000000 0.99613279 0.84136724
939182868 0.0000000 0.98909461 0.83928818
939182938 0.0000000 0.98353875 0.83462381
939314050 0.0000000 0.98826247 0.83573741
939350917 0.0000000 0.99570507 0.84365171
939430120 0.0000000 0.98898113 0.83805221
939441491 0.0000000 0.99710244 0.84175485
939669011 0.0000000 0.99458098 0.83918041
939738651 0.0000000 0.96479005 0.81802726
939778786 0.0000000 0.99929380 0.84222978
940013295 0.0000000 0.99367458 0.98584867
940077118 0.0000000 0.99843746 0.99440187
940223787 0.0000000 0.97173649 0.94426656
940260686 0.0000000 0.99852598 0.99470806
940262445 0.0000000 0.99966311 0.99692965
940262518 0.0000000 0.99966931 0.99699140
940269334 0.0000000 0.99847150 0.99450159
940402039 0.0000000 0.94073248 0.87987548
940468923 0.0000000 0.97462016 0.94979042
940476855 0.0000000 0.99427718 0.98716015
940539108 0.0000000 0.99803799 0.99397528
940558736 0.0000000 0.99980414 0.99722642
940559247 0.0000000 0.99880195 0.99492067
940560205 0.0000000 0.99857116 0.99468756
940561817 0.0000000 0.99989307 0.99692965
940581254 0.0000000 0.99956053 0.99616814
940615024 0.0000000 0.99936384 0.99677986
940698483 0.0000000 0.99951553 0.99631917
940709625 0.0000000 0.92894405 0.85132152
940713046 0.0000000 0.99959147 0.99684513
940716409 0.0000000 0.99843520 0.99454051
940732771 0.0000000 0.98896557 0.97757912
941169407 0.0000000 0.89922184 0.78609979
941240702 0.0000000 0.94545662 0.88914651
941266965 0.0000000 0.98590046 0.97143584
941268765 0.0000000 0.98991919 0.97928035
941272069 0.0000000 0.99972761 0.99677855
941272235 0.0000000 0.97012943 0.94113594
941288463 0.0000000 0.99440891 0.98710054
941443051 0.0000000 0.98856717 0.97633153
941478782 0.0000000 0.99985802 0.99720120
942522421 0.0000000 0.96345961 0.92773271
942522833 0.0000000 0.99102712 0.98142064
942650721 0.0000000 0.99921453 0.99562043
942663367 0.0000000 0.99699366 0.99212885
942689449 0.0000000 0.99805492 0.99393421
942824109 0.0000000 0.99975038 0.99700159
942824158 0.0000000 0.99946535 0.99624264
943068575 0.0000000 0.99544305 0.98884350
943611150 0.0000000 0.98961377 0.97830009
943821740 0.0000000 0.99945652 0.99692529
943824350 0.0000000 0.99926639 0.99613297
943825521 0.0000000 0.24787180 -11.684460
944504073 0.0000000 0.91668195 0.82435358
944668884 0.0000000 0.91138381 0.81199235
946059252 0.0000000 0.99871671 0.99563885
946556672 0.0000000 0.99960715 0.99693632
946866008 0.0000000 0.99967933 0.99693108
947114226 0.0000000 0.99834079 0.99451846
947114473 0.0000000 0.98602670 0.97204626
947647037 0.0000000 0.99727637 0.99295330
947656074 0.0000000 0.99033463 0.97949028
948054125 0.0000000 0.99570757 0.98962551
948390129 0.0000000 0.99919564 0.99632239
948631348 0.0000000 0.99830854 0.99493104
949249486 0.0000000 0.77403390 0.37993014
949263715 0.0000000 0.99749982 0.99329591
949566570 0.0000000 0.86678821 0.71264780
949603687 0.0000000 0.99982607 0.99728501
949879457 0.0000000 0.99493569 0.98850423
950650398 0.0000000 0.99970907 0.99691015
951234151 0.0000000 0.99913704 0.99675238
951353069 0.0000000 0.96306795 0.92631167
951459176 0.0000000 0.99810106 0.99439621
951553401 0.0000000 0.99937493 0.99646908
952578524 0.0000000 0.99967062 0.99694192
953167073 0.0000000 0.99981493 0.99685699
953212255 0.0000000 0.99947023 0.99651599
953455846 0.0000000 0.85840809 0.68856734
953488627 0.0000000 0.99879581 0.99516565
953907196 0.0000000 0.90197080 0.78679579
954673370 0.0000000 0.99296242 0.98488218
955161703 0.0000000 0.99966127 0.99712205
955676198 0.0000000 0.98845619 0.97661668
956035742 0.0000000 0.90814018 0.80420417
956153058 0.0000000 0.99916369 0.99584574
956694214 0.0000000 0.99674225 0.99130625
956994415 0.0000000 0.96716076 0.93506414
957620512 0.0000000 0.99619383 0.99096388
957716288 0.0000000 0.99956256 0.99700665
957743265 0.0000000 0.99053568 0.98041892
958533946 0.0000000 0.99961668 0.99626613
958534040 0.0000000 0.99904817 0.99512881
958587166 0.0000000 0.99953651 0.99709743
958663136 0.0000000 0.99852669 0.99487615
960256179 0.0000000 0.94715828 0.89462066
960661409 0.0000000 0.99978513 0.99658036
960661589 0.0000000 0.99751180 0.99184614
960661674 0.0000000 0.99371636 0.98534018
960662889 0.0000000 0.99396229 0.98624432
960754280 0.0000000 0.99144733 0.98195499
961116366 0.0000000 0.88949513 0.76338470
961368290 0.0000000 0.99638617 0.99077332
961399971 0.0000000 0.99010980 0.97888249
961451784 0.0000000 0.99912727 0.99631399
961469614 0.0000000 0.41779226 -3.3038678
962192101 0.0000000 0.99141222 0.98199606
962853138 0.0000000 0.99843645 0.99477959
962873883 0.0000000 0.99799162 0.99404836
962965068 0.0000000 0.98434567 0.96788883
963001962 0.0000000 0.91320300 0.81546748
963210193 0.0000000 0.92042208 0.83556771
963217977 0.0000000 0.99061620 0.98060673
963509765 0.0000000 0.98491931 0.96975034
963525670 0.0000000 0.99339885 0.98532587
963533252 0.0000000 0.99922109 0.99556834
963559100 0.0000000 0.97908735 0.95857280
963567650 0.0000000 0.98721969 0.97375196
963568050 0.0000000 0.99014503 0.97954714
963585926 0.0000000 0.79142070 0.45887011
963615874 0.0000000 0.99420917 0.98644775
963717707 0.0000000 0.99977452 0.99701941
963816639 0.0000000 0.99643344 0.99064171
963981993 0.0000000 0.99594682 0.98939627
964476636 0.0000000 0.99653667 0.99112970
964816087 0.0000000 0.99980402 0.99682659
965205271 0.0000000 0.99898404 0.99540824
965442747 0.0000000 0.98278451 0.96554559
965555500 0.0000000 0.98667133 0.97286797
965617867 0.0000000 0.99470109 0.98802674
966082949 0.0000000 0.99587089 0.98978168
966754777 0.0000000 0.99925083 0.99577528
966768493 0.0000000 0.99966300 0.99663466
966768672 0.0000000 0.99966449 0.99666423
966798273 0.0000000 0.99817961 0.99417704
966876143 0.0000000 0.99949372 0.99649298
966991756 0.0000000 0.99975222 0.99665666
967018437 0.0000000 0.99141711 0.98193622
967800278 0.0000000 0.99775743 0.99319142
968576086 0.0000000 0.99956918 0.99641693
968669370 0.0000000 0.97969496 0.95973939
968735354 0.0000000 0.84589523 0.63420546
968815712 0.0000000 0.99369609 0.98695093
968976446 0.0000000 0.99539059 0.98899740
969144830 0.0000000 0.99938953 0.99585891
969145452 0.0000000 0.99760109 0.99303287
969456259 0.0000000 0.91861379 0.83202869
969516246 0.0000000 0.98950440 0.97824472
970270882 0.0000000 0.99896854 0.99510461
970691362 0.0000000 0.97391796 0.94850808
972371517 0.0000000 0.99011260 0.97947294
972935645 0.0000000 0.98963958 0.97865164
974678829 0.0000000 0.97486538 0.95033431
974978532 0.0000000 0.88968915 0.75646424
975495633 0.0000000 0.99940455 0.99642485
975505300 0.0000000 0.98864007 0.97691196
976442918 0.0000000 0.99919558 0.99564898
976476644 0.0000000 0.99983144 0.99671310
976653172 0.0000000 0.99676669 0.99141270
977484180 0.0000000 0.98970532 0.97913826
977800861 0.0000000 0.99447572 0.98878628
977801150 0.0000000 0.81931388 0.49251103
977994086 0.0000000 0.99882597 0.99759465
978113008 0.0000000 0.99748993 0.99497563
978169408 0.0000000 0.99568748 0.99128163
978205372 0.0000000 0.98591375 0.97071612
978476098 0.0000000 0.96876395 0.93480349
979067787 0.0000000 0.98884869 0.97711074
979069110 0.0000000 0.97841775 0.95514929
979202219 0.0000000 0.99685609 0.99367875
979204150 0.0000000 0.99632466 0.99256575
979609386 0.0000000 0.99603045 0.99191803
980206038 0.0000000 0.99511814 0.99020720
980698596 0.0000000 0.48857462 -2.2149379
981386039 0.0000000 0.99255705 0.98489952
981653649 0.0000000 0.99755216 0.99506253
982365189 0.0000000 0.99907202 0.99812949
982527910 0.0000000 0.99935824 0.99869245
982955906 0.0000000 0.99626678 0.99241281
983077277 0.0000000 0.95108473 0.89645374
983464670 0.0000000 0.99980801 0.99960387
986938306 0.0000000 0.99786842 0.99572128
988100797 0.0000000 0.99729800 0.99457884
988336953 0.0000000 0.99917936 0.99833524
989765823 0.0000000 0.99935639 0.99867982
990117114 0.0000000 0.92634541 0.83998793
990630314 0.0000000 0.99906772 0.99805284
992208377 0.0000000 0.99938124 0.99875885
992209870 0.0000000 0.99881250 0.99721938
992438274 0.0000000 0.99935132 0.99866509
992486125 0.0000000 0.99934500 0.99855369
992592933 0.0000000 0.99883419 0.99765825
992927775 0.0000000 0.99890357 0.99778926
992929419 0.0000000 0.99932098 0.99864048
993581187 0.0000000 0.99935800 0.99868822
993854508 0.0000000 0.99923730 0.99837285
993874057 0.0000000 0.99920404 0.99841315
994007634 0.0000000 0.99883008 0.99766070
994692047 0.0000000 0.99907732 0.99815190
995024004 0.0000000 0.99928159 0.99852777
995162867 0.0000000 0.99956483 0.99889374
995890516 0.0000000 0.99866730 0.99729139
996113981 0.0000000 0.99834651 0.99668849
997156421 0.0000000 0.99911445 0.99816644
998326679 0.0000000 0.99903184 0.99803787
999257596 0.0000000 0.99897498 0.99784464
1000062111 0.0000000 0.99758464 0.99514407
1000197538 0.0000000 0.99933010 0.99849337
1000766684 0.0000000 0.99931961 0.99831676
1001410293 0.0000000 0.99847382 0.99694455
1001954970 0.0000000 0.99807674 0.99613863
1004092959 0.0000000 0.99892288 0.99781138
1004454253 0.0000000 0.99899441 0.99790382
1004863535 0.0000000 0.99937421 0.99864537
1005352632 0.0000000 0.99869388 0.99725544
1006580783 0.0000000 0.99841732 0.99678254
1007019252 0.0000000 0.99907303 0.99801606
1007572713 0.0000000 0.99809188 0.99615526
1007712455 0.0000000 0.99926692 0.99809319
1007972664 0.0000000 0.99885118 0.99764073
1008464695 0.0000000 0.99864608 0.99723649
1008648180 0.0000000 0.99934989 0.99860990
1008649429 0.0000000 0.99876595 0.99743742
1008650819 0.0000000 0.99882829 0.99760646
1008651467 0.0000000 0.99861950 0.99715525
1008652414 0.0000000 0.99934649 0.99854797
1008671685 0.0000000 0.99884206 0.99755478
1008686668 0.0000000 0.99834859 0.99667019
1008715277 0.0000000 0.99821961 0.99636376
1008786983 0.0000000 0.99875700 0.99746293
1008836107 0.0000000 0.99800056 0.99599975
1008890954 0.0000000 0.99733490 0.99465919
1009057225 0.0000000 0.99919105 0.99831837
1009168145 0.0000000 0.99853188 0.99700665
1009442091 0.0000000 0.95028615 0.83324373
1009500099 0.0000000 0.99936873 0.99865919
1010371507 0.0000000 0.99927056 0.99836510
1010509239 0.0000000 0.99938822 0.99875379
1011026056 0.0000000 0.99917501 0.99831080
1011031830 0.0000000 0.99907976 0.99815077
1011063499 0.0000000 0.99709654 0.99419427
1011682027 0.0000000 0.99928397 0.99851799
1012271064 0.0000000 0.99934655 0.99857813
1012580587 0.0000000 0.99846721 0.99685568
1013484445 0.0000000 0.99930197 0.99840659
1013485377 0.0000000 0.99912858 0.99817985
1013486436 0.0000000 0.99909079 0.99815577
1014927282 0.0000000 0.99711788 0.99422717
1014972465 0.0000000 0.99930340 0.99837416
1015232666 0.0000000 0.99894500 0.99783283
1016105151 0.0000000 0.99917001 0.99817699
1016468323 0.0000000 0.99863672 0.99715889
1017159906 0.0000000 0.99826562 0.99644369
1017557569 0.0000000 0.99943006 0.99874318
1017557822 0.0000000 0.99922121 0.99820352
1017594576 0.0000000 0.99868011 0.99727118
1017816456 0.0000000 0.99918908 0.99834144
1017857170 0.0000000 0.99932975 0.99853390
1017925489 0.0000000 0.99874532 0.99738127
1018065946 0.0000000 0.99849552 0.99681473
1018137582 0.0000000 0.99430013 0.98862296
1018221645 0.0000000 0.99891472 0.99776047
1018414606 0.0000000 0.99800301 0.99597204
1018800484 0.0000000 0.99864173 0.99721760
1018898180 0.0000000 0.99895358 0.99782848
1019054808 0.0000000 0.99777770 0.99554014
1019292480 0.0000000 0.99945110 0.99859178
1019488470 0.0000000 0.99925500 0.99837339
1019673665 0.0000000 0.99889243 0.99772674
1020000226 0.0000000 0.99943483 0.99878293
1021004232 0.0000000 0.99897808 0.99787498
1021024958 0.0000000 0.99821782 0.99641126
1021028934 0.0000000 0.99908966 0.99801719
1021434365 0.0000000 0.99942183 0.99882293
1021434812 0.0000000 0.75202161 0.22922105
1021435155 0.0000000 0.98878187 0.97766852
1021437004 0.0000000 0.99839967 0.99675637
1021437761 0.0000000 0.99885893 0.99762636
1021888184 0.0000000 0.99899048 0.99796242
1022604314 0.0000000 0.99938762 0.99866194
1022741620 0.0000000 0.99913514 0.99822229
1022779647 0.0000000 0.99879324 0.99755728
1024000827 0.0000000 0.99918860 0.99820817
1024039343 0.0000000 0.99924642 0.99848688
1024059173 0.0000000 0.99908751 0.99816483
1024224102 0.0000000 0.99874669 0.99747038
1024232773 0.0000000 0.99883676 0.99759007
1024881141 0.0000000 0.99878001 0.99755311
1026036068 0.0000000 0.99876565 0.99745250
1026372982 0.0000000 0.99927527 0.99848187
1026373076 0.0000000 0.99935263 0.99856639
1026374005 0.0000000 0.99890208 0.99778104
1026378668 0.0000000 0.99823028 0.99644560
1026925041 0.0000000 0.99887305 0.99769151
1026933281 0.0000000 0.99915427 0.99811202
1026967951 0.0000000 0.99919289 0.99837208
1028885460 0.0000000 0.99825150 0.99649185
1028970195 0.0000000 0.99937880 0.99872494
1029367736 0.0000000 0.99451792 0.98904371
1030006163 0.0000000 0.99772090 0.99543387
1030375930 0.0000000 0.99908173 0.99800003
1030554334 0.0000000 0.99910784 0.99803257
1030628193 0.0000000 0.99918473 0.99826306
1030651553 0.0000000 0.99909478 0.99815351
1030859781 0.0000000 0.99929130 0.99848783
1030864055 0.0000000 0.99909103 0.99800414
1031310121 0.0000000 0.99914175 0.99823838
1031439572 0.0000000 0.99900740 0.99798137
1031647094 0.0000000 0.99890912 0.99777132
1032052013 0.0000000 0.99910694 0.99810112
1032134610 0.0000000 0.99927956 0.99847245
1032294371 0.0000000 0.99851090 0.99698913
1032315669 0.0000000 0.99915272 0.99816889
1032907402 0.0000000 0.99301833 0.98515755
1033103267 0.0000000 0.99947649 0.99872732
1033374913 0.0000000 0.99915522 0.99795955
1033690544 0.0000000 0.99611962 0.99225050
1033947513 0.0000000 0.99902016 0.99797189
1034070514 0.0000000 0.99823189 0.99634272
1034480608 0.0000000 0.99893802 0.99777395
1034923400 0.0000000 0.99901873 0.99781871
1034928298 0.0000000 0.99862957 0.99712521
1035149152 0.0000000 0.99910092 0.99796844
1035153178 0.0000000 0.99868864 0.99724072
1035197382 0.0000000 0.99891925 0.99781710
1035991040 0.0000000 0.99757183 0.99508810
1036098952 0.0000000 0.99924701 0.99834406
1036697273 0.0000000 0.99714273 0.99421734
1036697648 0.0000000 0.99903572 0.99798721
1036886824 0.0000000 0.99920148 0.99819493
1038324582 0.0000000 0.99907720 0.99797964
1039232712 0.0000000 0.99934590 0.99853003
1039743025 0.0000000 0.99825162 0.99644083
1040450954 0.0000000 0.99944079 0.99870729
1040520314 0.0000000 0.99855769 0.99702448
1040644457 0.0000000 0.99917614 0.99824291
1040799690 0.0000000 0.99900508 0.99797732
1041632855 0.0000000 0.99683028 0.99358439
1042809813 0.0000000 0.99920368 0.99815553
1043607562 0.0000000 0.99918056 0.99822247
1044768063 0.0000000 0.99950022 0.99885648
1044817061 0.0000000 0.99885577 0.99755996
1045633623 0.0000000 0.99836236 0.99650782
1046065971 0.0000000 0.99888653 0.99775475
1046575544 0.0000000 0.99885857 0.99756664
1048808323 0.0000000 0.99791384 0.99583387
1049310522 0.0000000 0.99886870 0.99764019
1049353173 0.0000000 0.99956357 0.99880576
1051845960 0.0000000 0.99913883 0.99823207
1051900153 0.0000000 0.99233991 0.98470259
1052394722 0.0000000 0.99203598 0.98406208
1052961462 0.0000000 0.99934626 0.99841505
1053904321 0.0000000 0.99875331 0.99749851
1054395492 0.0000000 0.99883419 0.99765939
1055123570 0.0000000 0.99923557 0.99826890
1055135284 0.0000000 0.99927783 0.99824345
1055234432 0.0000000 0.99937123 0.99860245
1055390332 0.0000000 0.99895030 0.99784285
1055425274 0.0000000 0.99874127 0.99723452
1055472531 0.0000000 0.99592549 0.99185145
1055510426 0.0000000 0.99829847 0.99653441
1055788418 0.0000000 0.99943501 0.99874258
1055803080 0.0000000 0.99905884 0.99797118
1056357316 0.0000000 0.99855632 0.99708509
1057028486 0.0000000 0.99810708 0.99605006
1057319282 0.0000000 0.99929011 0.99842608
1058108790 0.0000000 0.99886847 0.99754626
1058496080 0.0000000 0.99870938 0.99735230
1059102630 0.0000000 0.99895597 0.99785548
1059590191 0.0000000 0.99892128 0.99778235
1059850488 0.0000000 0.99794585 0.99574524
1059910523 0.0000000 0.99901712 0.99791592
1059994404 0.0000000 0.99903995 0.99807763
1060172588 0.0000000 0.99908513 0.99773628
1060619413 0.0000000 0.99913234 0.99814379
1061586322 0.0000000 0.99801761 0.99599755
1062262342 0.0000000 0.99854302 0.99700367
1062859632 0.0000000 0.99888498 0.99762678
1063234506 0.0000000 0.99905187 0.99809849
1063264037 0.0000000 0.99829161 0.99654204
1064365712 0.0000000 0.99936217 0.99857551
1064533379 0.0000000 0.99826241 0.99648857
1065785029 0.0000000 0.99956411 0.99857950
1065790269 0.0000000 0.99875921 0.99747413
1065847269 0.0000000 0.99802607 0.99604982
1067505195 0.0000000 0.99825656 0.99650264
1068127124 0.0000000 0.99954718 0.99863774
1068356150 0.0000000 0.99803877 0.99599183
1068595355 0.0000000 0.99940956 0.99841738
1068804765 0.0000000 0.99919409 0.99829763
1068825242 0.0000000 0.99914509 0.99815637
1069412363 0.0000000 0.99935770 0.99853557
1070682432 0.0000000 0.99816340 0.99626392
1070692497 0.0000000 0.99763817 0.99527884
1070921046 0.0000000 0.99932945 0.99843144
1071031093 0.0000000 0.72212416 -1.3913403
1071031176 0.0000000 0.99905986 0.99802047
1071031375 0.0000000 0.99898380 0.99788505
1071031628 0.0000000 0.99905717 0.99794775
1071031695 0.0000000 0.99905729 0.99792266
1071031744 0.0000000 0.99903286 0.99785954
1071031844 0.0000000 0.99871993 0.99729586
1071031926 0.0000000 0.99905217 0.99803036
1071033611 0.0000000 0.99942964 0.99867582
1071033625 0.0000000 0.99944872 0.99870592
1071035006 0.0000000 0.99907416 0.99807799
1071038489 0.0000000 0.99911201 0.99820793
1071042579 0.0000000 0.99856001 0.99700838
1071043831 0.0000000 0.99873239 0.99742335
1071046005 0.0000000 0.99812829 0.99610955
1071046239 0.0000000 0.99831760 0.99663186
1071074159 0.0000000 0.99918985 0.99825478
1071095531 0.0000000 0.99854350 0.99702519
1071100910 0.0000000 0.99927253 0.99854225
1071109335 0.0000000 0.99910504 0.99816489
1071169499 0.0000000 0.99833500 0.99661636
1071182968 0.0000000 0.99902087 0.99801719
1071183209 0.0000000 0.99944872 0.99889719
1071183435 0.0000000 0.99947053 0.99894190
1071443800 0.0000000 0.99895287 0.99773538
1071583019 0.0000000 0.99917132 0.99805224
1071584001 0.0000000 0.99912810 0.99792266
1071678445 0.0000000 0.99899435 0.99798018
1071725608 0.0000000 0.98860633 0.97654766
1072705310 0.0000000 0.99903470 0.99803293
1072926918 0.0000000 0.99918127 0.99824178
1073475853 0.0000000 0.99868017 0.99731612
1073756920 0.0000000 0.99566406 0.99132645
1075317204 0.0000000 0.99901599 0.99772090
1075317446 0.0000000 0.99913895 0.99805528
1075318489 0.0000000 0.99904901 0.99786460
1075466599 0.0000000 0.99630558 0.99259585
1076851926 0.0000000 0.99885070 0.99756628
1076884025 0.0000000 0.99915195 0.99817675
1077531525 0.0000000 0.99913633 0.99825662
1077584107 0.0000000 0.99768919 0.99537694
1078321829 0.0000000 0.99802089 0.99593103
1079154231 0.0000000 0.99908870 0.99807918
1080241624 0.0000000 0.99888986 0.99758339
1081488818 0.0000000 0.99897993 0.99781603
1082397083 0.0000000 0.99866396 0.99723005
1082563195 0.0000000 0.99884999 0.99761820
1082729069 0.0000000 0.99959439 0.99879611
1082820030 0.0000000 0.99909955 0.99803776
1083398171 0.0000000 0.99918282 0.99825150
1083961065 0.0000000 0.99975842 0.99908811
1084003366 0.0000000 0.99932337 0.99834621
1084082541 0.0000000 0.99902022 0.99777263
1084133207 0.0000000 0.99927813 0.99835974
1084597670 0.0000000 0.99899697 0.99795640
1084687448 0.0000000 0.99909109 0.99806976
1084950252 0.0000000 0.76085448 -0.18844426
1085103239 0.0000000 0.99911255 0.99812633
1085390106 0.0000000 0.99942231 0.99866980
1086195389 0.0000000 0.99937260 0.99857348
1086315872 0.0000000 0.99929672 0.99845243
1086883086 0.0000000 0.99900097 0.99800020
1087613581 0.0000000 0.99931860 0.99840915
1089099122 0.0000000 0.99903709 0.99778348
1089113880 0.0000000 0.99924582 0.99814469
1089371968 0.0000000 0.99851447 0.99701697
1090478200 0.0000000 0.99822140 0.99637705
1091970746 0.0000000 0.99896938 0.99769628
1092861100 0.0000000 0.99846983 0.99686331
1093118276 0.0000000 0.99751878 0.99502939
1093908136 0.0000000 0.99796271 0.99586362
1095475955 0.0000000 0.99887979 0.99765104
1097813330 0.0000000 0.99932188 0.99842846
1098848984 0.0000000 0.99897528 0.99786073
1099928102 0.0000000 0.99891412 0.99767756
1099929295 0.0000000 0.99925172 0.99824089
1099929521 0.0000000 0.99924922 0.99816078
1099931589 0.0000000 0.99858969 0.99709290
1099942690 0.0000000 0.99933136 0.99848402
1100098082 0.0000000 0.99896502 0.99777764
1100139404 0.0000000 0.99928135 0.99829805
1100237223 0.0000000 0.99854904 0.99700981
1100955874 0.0000000 0.99711812 0.99423552
1103674687 0.0000000 0.99918491 0.99812174
1105287429 0.0000000 0.99481893 0.98951077
1105405102 0.0000000 0.99920666 0.99837154
1105536640 0.0000000 0.99916363 0.99813235
1105765351 0.0000000 0.99875081 0.99746293
1106056455 0.0000000 0.99610132 0.99218017
1106207236 0.0000000 0.99879980 0.99752915
1106226863 0.0000000 0.99902952 0.99805200
1106317701 0.0000000 0.99956125 0.99907303
1106377004 0.0000000 0.99921262 0.99839264
1106829094 0.0000000 0.99901092 0.99795604
1107166208 0.0000000 0.99891752 0.99757844
1107223187 0.0000000 0.99939728 0.99862766
1107233798 0.0000000 0.99895543 0.99785590
1107286746 0.0000000 0.99460703 0.98920524
1107388387 0.0000000 0.99885905 0.99766850
1107601144 0.0000000 0.99935800 0.99862307
1107601252 0.0000000 0.99935883 0.99861956
1108162580 0.0000000 0.99863446 0.99721593
1108757898 0.0000000 0.99961525 0.99916977
1108761568 0.0000000 0.99918491 0.99831480
1110049611 0.0000000 0.99944407 0.99873906
1110049680 0.0000000 0.99944615 0.99874502
1110050185 0.0000000 0.99915332 0.99817485
1110050874 0.0000000 0.99916321 0.99823248
1110568232 0.0000000 0.99835271 0.99669302
1111274786 0.0000000 0.99936229 0.99871409
1113182839 0.0000000 0.99878067 0.99754930
1113208093 0.0000000 0.99912637 0.99820095
1113260515 0.0000000 0.99926573 0.99841356
1113331351 0.0000000 0.99829924 0.99658191
1114345058 0.0000000 0.99901962 0.99801719
1114872497 0.0000000 0.99941748 0.99872547
1114872533 0.0000000 0.99942094 0.99873215
1114872543 0.0000000 0.99941391 0.99871039
1114981677 0.0000000 0.99879956 0.99755239
1115167250 0.0000000 0.99934012 0.99860233
1115753263 0.0000000 0.99936956 0.99862915
1115910658 0.0000000 0.99901998 0.99791437
1115942660 0.0000000 0.99920881 0.99820882
1116353193 0.0000000 0.99882513 0.99759626
1117405041 0.0000000 0.99932373 0.99862057
1117642805 0.0000000 0.99909359 0.99809557
1118162704 0.0000000 0.99938673 0.99859017
1118367166 0.0000000 0.99928242 0.99825948
1118396676 0.0000000 0.99939424 0.99854654
1118501300 0.0000000 0.99891108 0.99769682
1118677980 0.0000000 0.99926662 0.99843407
1118868304 0.0000000 0.98450190 0.96887982
1119087065 0.0000000 0.99929148 0.99849039
1119729025 0.0000000 0.99898791 0.99763322
1119876655 0.0000000 0.99865514 0.99673790
1121472051 0.0000000 0.99930567 0.99850452
1121864763 0.0000000 0.99936378 0.99829453
1122385024 0.0000000 0.99928951 0.99829996
1122618639 0.0000000 0.99926198 0.99825269
1122777951 0.0000000 0.99932086 0.99842507
1123439949 0.0000000 0.99785328 0.99552995
1125373372 0.0000000 0.99923408 0.99810588
1125685516 0.0000000 0.99869221 0.99718481
1125969360 0.0000000 0.99948591 0.99869102
1127055473 0.0000000 0.99813199 0.99608493
1127456637 0.0000000 0.99946302 0.99871767
1127471662 0.0000000 0.99955565 0.99894023
1127494190 0.0000000 0.99942070 0.99857020
1127760620 0.0000000 0.99953610 0.99875915
1128153007 0.0000000 0.99843729 0.99654984
1128174696 0.0000000 0.99918401 0.99810141
1128475640 0.0000000 0.99931031 0.99861062
1128528995 0.0000000 0.99885076 0.99742442
1128891916 0.0000000 0.99792367 0.99547815
1128923244 0.0000000 0.99908733 0.99797481
1129069430 0.0000000 0.99675900 0.99318385
1129155495 0.0000000 0.99915934 0.99777013
1129246313 0.0000000 0.99936169 0.99828726
1129324370 0.0000000 0.99905115 0.99783021
1129391464 0.0000000 0.99943268 0.99864984
1129907016 0.0000000 0.99826252 0.99613935
1130249327 0.0000000 0.99813765 0.99610311
1131428965 0.0000000 0.99955297 0.99866539
1131431840 0.0000000 0.99591428 0.99176151
1132062095 0.0000000 0.99911749 0.99807370
1132132485 0.0000000 0.99954683 0.99881804
1132148341 0.0000000 0.99923170 0.99815667
1132166999 0.0000000 0.99907285 0.99776345
1132661855 0.0000000 0.99945158 0.99857259
1132975230 0.0000000 0.99925905 0.99846077
1133111580 0.0000000 0.99892598 0.99770695
1133304109 0.0000000 0.99606723 0.99188215
1133601723 0.0000000 0.99439120 0.98850387
1133908462 0.0000000 0.99576014 0.99119020
1134710133 0.0000000 0.99990904 0.99945080
1135808248 0.0000000 0.99937034 0.99873805
1135976852 0.0000000 0.99992639 0.99954641
1136739698 0.0000000 0.99985582 0.99940574
1137913657 0.0000000 0.99976289 0.99924666
1137989937 0.0000000 0.99967015 0.99917376
1137990003 0.0000000 0.99962485 0.99904794
1138288259 0.0000000 0.99730092 0.99447119
1139284609 0.0000000 0.99764574 0.99525023
1140725945 0.0000000 0.99981582 0.99937034
1140746150 0.0000000 0.99983609 0.99936599
1141877248 0.0000000 0.99992025 0.99961078
1142029462 0.0000000 0.99958122 0.99896008
1142229311 0.0000000 0.99821132 0.99629766
1142709582 0.0000000 0.99964845 0.99908197
1143536168 -137.15001 4.91396859E-02 -19410452.
1143616861 15.250000 4.80411090E-02 -7231140.5
1143885739 -230.65001 4.46078740E-02 -4.11624364E+14
1143885924 -177.85001 5.45088612E-02 -3.91569441E+11
1143888020 -215.90001 6.48304820E-02 -2.63482147E+11
1144129163 -36.799999 4.86163460E-02 -3.89585674E+10
1144133312 -100.15000 6.71145469E-02 -1.84103371E+11
1144179006 -159.70000 5.44357337E-02 -4.70678528E+08
1144806135 12.800000 6.15661852E-02 -1.13921344E+09
1145140855 0.0000000 0.94705749 0.87848341
1145323561 0.0000000 0.97643989 0.95285416
1146215126 0.0000000 0.99976951 0.99927181
1146944291 0.0000000 0.98572463 0.97139287
1146966782 0.0000000 0.99978554 0.99931121
1147258751 0.0000000 0.99933493 0.99852842
1149411961 0.0000000 0.99639523 0.88967460
1149467938 0.0000000 0.99732262 0.89440513
1149638545 0.0000000 0.99565125 0.89182466
1149771133 0.0000000 0.99620426 0.89469701
1150128882 0.0000000 0.99664766 0.88365519
1151387381 0.0000000 0.99649137 0.89491636
1154072410 0.0000000 0.99449176 0.80085456
1154182305 0.0000000 0.99130559 0.79491460
1155212722 0.0000000 0.99942768 0.99883151
1155340266 0.0000000 0.99958211 0.99903452
1155354114 0.0000000 0.99942231 0.99874502
1155443514 0.0000000 0.99935257 0.99863082
1156044082 0.0000000 0.99916238 0.99828023
1156698676 0.0000000 0.99961942 0.99906099
1158266854 0.0000000 0.99823231 0.99642807
1159598968 0.0000000 0.99878120 0.99753076
1159684577 0.0000000 0.99949259 0.99884886
1160388105 0.0000000 0.99966598 0.99915522
1160392104 0.0000000 0.99980950 0.99939162
1160549032 0.0000000 0.99964315 0.99912196
1160664389 0.0000000 0.99976707 0.99927193
1163299258 0.0000000 0.99913728 0.99821740
1163456967 0.0000000 0.99971324 0.99918163
1163641819 0.0000000 0.99932599 0.99860227
1164570370 0.0000000 0.99900371 0.99794078
1165358160 0.0000000 0.99949545 0.99880999
1165368969 0.0000000 0.99828857 0.99656445
1166094636 0.0000000 0.99961555 0.99892354
1166561075 0.0000000 0.99936837 0.99847853
1166894907 0.0000000 0.99974626 0.99924678
1167121204 0.0000000 0.99952519 0.99882364
1167135981 0.0000000 0.99930936 0.99858516
1167136317 0.0000000 0.96932256 0.92638636
1167136455 0.0000000 0.96933651 0.92641723
1167136825 0.0000000 0.99953318 0.99896240
1167144800 0.0000000 0.99975246 0.99929029
1167147704 0.0000000 0.99978966 0.99935538
1167154513 0.0000000 0.99980998 0.99945408
1167186639 0.0000000 0.99978524 0.99937499
1167298740 0.0000000 0.99954557 0.99894369
1167318376 0.0000000 0.99746156 0.99491870
1167324678 0.0000000 0.99958891 0.99911630
1167592780 0.0000000 0.99946934 0.99891847
1167604646 0.0000000 0.99917394 0.99812990
1168792515 0.0000000 0.99971420 0.99921495
1168917035 0.0000000 0.99973577 0.99918193
1169006425 0.0000000 0.99905699 0.99803525
1169712716 0.0000000 0.99947447 0.99867904
1169722755 0.0000000 0.99945492 0.99874860
1170262059 0.0000000 0.99962103 0.99906743
1170524118 0.0000000 0.99967301 0.99911940
1171366614 0.0000000 0.99889690 0.99769664
1171832699 0.0000000 0.99978906 0.99931413
1172178017 0.0000000 0.99916196 0.99814188
1173308237 0.0000000 0.99960804 0.99896854
1173368256 0.0000000 0.99833959 0.99662060
1174197233 0.0000000 0.99910152 0.99815822
1175309106 0.0000000 0.99626267 0.99252856
1175583473 0.0000000 0.99920434 0.99833173
1176242685 0.0000000 0.99644530 0.99288392
1177115546 0.0000000 0.99964255 0.99902916
1177175308 0.0000000 0.99972922 0.99926072
1178992210 0.0000000 0.99890423 0.99758923
1180238725 0.0000000 0.99942440 0.99880326
1180618796 0.0000000 0.99958551 0.99907625
1181939353 0.0000000 0.99902719 0.99803668
1182196765 0.0000000 0.99686503 0.99373502
1182265663 0.0000000 0.99917221 0.99828553
1182396227 0.0000000 0.99929184 0.99850786
1182398897 0.0000000 0.99975896 0.99938136
1184629372 0.0000000 0.99968785 0.99911839
1185198002 0.0000000 0.99942362 0.99867976
1185799546 0.0000000 0.99967498 0.99913335
1185861072 0.0000000 0.99806499 0.99606842
1186620947 5.00000007E-02 0.73808801 -4.1497984
1186786330 0.0000000 0.99930042 0.99848753
1188350129 0.0000000 0.99973601 0.99935472
1188356416 0.0000000 0.99976069 0.99938476
1188908193 0.0000000 0.99939185 0.99872500
1188950111 0.0000000 0.99915272 0.99826545
1189101086 0.0000000 0.99970424 0.99913716
1189101321 0.0000000 0.99962479 0.99904305
1189194674 0.0000000 0.99803907 0.99597883
1190442424 0.0000000 0.99906683 0.99808514
1191742755 0.0000000 0.99903548 0.99806190
1192071901 0.0000000 0.99954623 0.99901307
1192632000 0.0000000 0.99945998 0.99889094
1193967194 0.0000000 0.99704647 0.99409676
1194476053 0.0000000 0.99841970 0.99679071
1196283913 0.0000000 0.99932396 0.99863726
1196818902 0.0000000 0.99958420 0.99914652
1196950527 0.0000000 0.99898595 0.99794066
1197715613 0.0000000 0.99700630 0.99394000
1198522115 0.0000000 0.99972850 0.99937093
1200543890 0.0000000 0.98808634 0.97575516
1200856359 0.0000000 0.99880826 0.99756187
1201442068 0.0000000 0.99551815 0.99105161
1203280382 0.0000000 0.99975085 0.99940366
1203409866 0.0000000 0.99722385 0.99444741
1203790455 0.0000000 0.99949163 0.99894905
1204138448 0.0000000 0.99890596 0.99773383
1204304285 0.0000000 0.99950618 0.99898279
1204490434 0.0000000 0.94983035 0.89431888
1204651907 0.0000000 0.99986959 0.99966133
1204651936 0.0000000 0.99976128 0.99943405
1204670552 0.0000000 0.99958104 0.99904919
1207186072 0.0000000 0.99037820 0.98015755
1208187584 0.0000000 0.99919617 0.99837905
1212285435 0.0000000 0.99981320 0.99952751
1212339563 0.0000000 0.99973601 0.99937636
1213107823 0.0000000 0.99870986 0.99741089
1213158817 0.0000000 0.99972236 0.99940246
1213486164 0.0000000 0.99963981 0.99915576
1214086760 0.0000000 0.99943656 0.99886763
1214128508 0.0000000 0.99945873 0.99888277
1214561217 0.0000000 0.99811536 0.99621928
1215221786 0.0000000 0.98805553 0.97594458
1215745668 0.0000000 0.99804127 0.99605477
1215812106 0.0000000 0.99984765 0.99959606
1215812707 0.0000000 0.99975479 0.99944431
1215839910 0.0000000 0.99880147 0.99759710
1215843106 0.0000000 0.99888980 0.99770147
1215961116 0.0000000 0.99986863 0.99965256
1216126809 0.0000000 0.99958634 0.99912459
1216904067 0.0000000 0.99843305 0.99685627
1217616949 0.0000000 0.99949324 0.99894869
1218233114 0.0000000 0.99976003 0.99947429
1218994676 0.0000000 0.99822927 0.99642068
1219291482 0.0000000 0.99360859 0.98711956
1219301591 0.0000000 0.99911118 0.99822778
1219723710 0.0000000 0.99158531 0.98299754
1219772880 0.0000000 0.99876630 0.99744129
1219869253 0.0000000 0.99914235 0.99827212
1220179542 0.0000000 0.99906558 0.99813169
1220742036 0.0000000 0.99866879 0.99733001
1220946193 0.0000000 0.99975884 0.99944091
1221047734 0.0000000 0.99681389 0.99359113
1222614737 0.0000000 0.99787450 0.99574524
1225404477 0.0000000 0.99904084 0.99806201
1225442295 0.0000000 0.99969572 0.99927258
1228187814 0.0000000 0.99966455 0.99929047
1228684717 0.0000000 0.99984616 0.99963140
1229260451 0.0000000 0.99877250 0.99753708
1229658996 0.0000000 0.99606282 0.99212998
1229990683 0.0000000 0.99989092 0.99969554
1230216280 0.0000000 0.99876994 0.99743110
1230600687 0.0000000 0.99920124 0.99832952
1230860391 0.0000000 0.99941039 0.99881023
1231020274 0.0000000 0.99979478 0.99952126
1231041233 0.0000000 0.99903446 0.99806422
1232714291 0.0000000 0.99976861 0.99944061
1232804891 0.0000000 0.99839640 0.99674112
1233928332 0.0000000 0.99894625 0.99787748
1234166319 0.0000000 0.88457739 0.72056091
1234201315 0.0000000 0.99897808 0.99792361
1234214675 0.0000000 0.99968863 0.99927342
1236731039 0.0000000 0.99934089 0.99823356
1236854628 0.0000000 0.99912316 0.99757063
1237014105 0.0000000 0.99904728 0.99733680
1237159221 0.0000000 0.99898171 0.99760818
1237164701 0.0000000 0.99927199 0.99809271
1237551366 0.0000000 0.99913239 0.99778336
1237619839 0.0000000 0.99841791 0.99616951
1239235949 0.0000000 0.99943817 0.99836624
1239971868 0.0000000 0.99951679 0.99856251
1240678955 0.0000000 0.99921679 0.99788314
1242397863 0.0000000 0.99957639 0.99863827
1242709695 0.0000000 0.99899060 0.99737465
1243376855 0.0000000 0.99959338 0.99873829
1244248765 0.0000000 0.99783397 0.99492407
1245087845 0.0000000 0.99873346 0.99689364
1245407408 0.0000000 0.99928391 0.99800551
1245469469 0.0000000 0.99930024 0.99800068
1245877793 0.0000000 0.99918544 0.99791312
1245881452 0.0000000 0.99924505 0.99785852
1246167876 0.0000000 0.99949270 0.99857992
1246181696 0.0000000 0.99968702 0.99912447
1246182765 0.0000000 0.99945533 0.99838656
1246208530 0.0000000 0.99898535 0.99741709
1246208539 0.0000000 0.99899113 0.99742657
1246598451 0.0000000 0.99931151 0.99828088
1246598488 0.0000000 0.99932581 0.99831319
1246614635 0.0000000 0.99890041 0.99736208
1246985947 0.0000000 0.99932456 0.99812454
1247508302 0.0000000 0.99976999 0.99922162
1247516932 0.0000000 0.99971855 0.99912244
1247654255 0.0000000 0.99951255 0.99866581
1247741293 0.0000000 0.99962932 0.99875700
1247769767 0.0000000 0.99950492 0.99859613
1248159491 0.0000000 0.99500388 0.98939276
1248570012 0.0000000 0.99970144 0.99915528
1248588659 0.0000000 0.99965745 0.99911124
1248872986 0.0000000 0.99950796 0.99869359
1248886386 0.0000000 0.99973959 0.99912399
1249212887 0.0000000 0.99959558 0.99892908
1250467545 0.0000000 0.99969840 0.99910676
1250503855 0.0000000 0.99960232 0.99893469
1250504106 0.0000000 0.99945289 0.99860829
1250601456 0.0000000 0.99953294 0.99873787
1250639275 0.0000000 0.99934304 0.99823332
1250703707 0.0000000 0.99842483 0.99613637
1250777890 0.0000000 0.99926120 0.99809599
1250888264 0.0000000 0.99973172 0.99888921
1250911490 0.0000000 0.99598002 0.99104393
1252249816 0.0000000 0.99963802 0.99904102
1252757125 0.0000000 0.99937153 0.99837583
1254591366 0.0000000 0.99969387 0.99911869
1254664936 0.0000000 0.99923909 0.99820298
1255243328 0.0000000 0.99963039 0.99887913
1256244384 0.0000000 0.99944723 0.99853963
1256252705 0.0000000 0.99978513 0.99925768
1256431794 0.0000000 0.99749744 0.99410003
1257413577 0.0000000 0.99980110 0.99921650
1257413887 0.0000000 0.99942231 0.99857908
1257420861 0.0000000 0.99984944 0.99915850
1257678569 0.0000000 0.99949110 0.99859190
1258065617 0.0000000 0.99904323 0.99760097
1258296469 0.0000000 0.99957633 0.99881691
1258824471 0.0000000 0.99931461 0.99810344
1258926370 0.0000000 0.99945301 0.99853712
1260564405 0.0000000 0.99954361 0.99877065
1260692005 0.0000000 0.99944437 0.99844462
1261227736 0.0000000 0.99972731 0.99911183
1261227864 0.0000000 0.99983251 0.99941450
1261228557 0.0000000 0.99916232 0.99779791
1261232031 0.0000000 0.99949777 0.99851930
1261235533 0.0000000 0.99907631 0.99769449
1261275144 0.0000000 0.99913090 0.99764192
1261713375 0.0000000 0.99938500 0.99821919
1261922241 0.0000000 0.99906433 0.99765182
1262034644 0.0000000 0.99908638 0.99773365
1262237921 0.0000000 0.99924451 0.99818093
1262343689 0.0000000 0.99866611 0.99680692
1262367286 0.0000000 0.99928582 0.99818283
1262622742 0.0000000 0.95007962 0.88518327
1262633257 0.0000000 0.99953753 0.99845511
1263881366 0.0000000 0.99948967 0.99841326
1265523000 0.0000000 0.99970227 0.99917793
1265599504 0.0000000 0.99901009 0.99721378
1265691729 0.0000000 0.99974895 0.99891376
1265942558 0.0000000 0.99984241 0.99941158
1266289887 0.0000000 0.99941975 0.99839985
1266816064 0.0000000 0.99947608 0.99850261
1267146477 0.0000000 0.99946260 0.99823010
1267162697 0.0000000 0.99890542 0.99703425
1267661932 0.0000000 0.92262787 0.70143390
1267662287 0.0000000 0.99973822 0.99934137
1267686434 0.0000000 0.99935317 0.99790215
1267690576 0.0000000 0.99977034 0.99927503
1268040382 0.0000000 0.99955684 0.99868071
1268902896 0.0000000 0.99942726 0.99830353
1268931240 0.0000000 0.99936974 0.99816865
1269644874 0.0000000 0.99943137 0.99834305
1270335780 0.0000000 0.99739230 0.99410033
1270813793 0.0000000 0.99934065 0.99811196
1270961850 0.0000000 0.99908262 0.99739558
1270999307 0.0000000 0.99066353 0.98003030
1271168968 0.0000000 0.99962360 0.99881262
1271191748 0.0000000 0.99975765 0.99908984
1271987388 0.0000000 0.99946153 0.99844837
1272194052 0.0000000 0.99967527 0.99887204
1272250791 0.0000000 0.99952531 0.99866027
1272823213 0.0000000 0.99984425 0.99949044
1274901407 0.0000000 0.99910748 0.99757177
1276535865 0.0000000 0.99975801 0.99916798
1276561877 0.0000000 0.99985904 0.99936748
1276823323 0.0000000 0.99972981 0.99911821
1277440084 0.0000000 0.99937999 0.99865556
1277575551 0.0000000 0.99995744 0.99981201
1277670806 0.0000000 0.99985695 0.99957329
1278097892 0.0000000 0.99998552 0.99986941
1278515743 0.0000000 0.99993461 0.99979806
1278618217 0.0000000 0.99997777 0.99984455
1278636079 0.0000000 0.99997711 0.99986166
1279357457 0.0000000 0.99995852 0.99987614
1279458204 0.0000000 0.99995542 0.99982917
1280029930 0.0000000 0.98710960 0.97257030
1280553485 0.0000000 0.99967879 0.99929553
1280563997 0.0000000 0.99976236 0.99947047
1280587745 0.0000000 0.99998808 0.99988478
1281476617 0.0000000 0.99979573 0.99952364
1282408680 0.0000000 0.99996334 0.99986041
1282415961 0.0000000 0.99975747 0.99943131
1282416480 0.0000000 0.99991608 0.99974489
1283157909 0.0000000 0.99996102 0.99983835
1283540817 0.0000000 0.99985135 0.99965751
1284039008 0.0000000 0.99969804 0.99931157
1284244867 0.0000000 0.99973667 0.99937999
1284952628 0.0000000 0.99993712 0.99984616
1285350982 0.0000000 0.99989051 0.99971843
1285695233 0.0000000 0.99996275 0.99984270
1285876560 0.0000000 0.99975985 0.99944830
1286047392 0.0000000 0.99997067 0.99985796
1286198915 0.0000000 0.99998051 0.99988407
1286865806 0.0000000 0.99716479 0.99418652
1289221280 0.0000000 0.99998820 0.99987799
1289567329 0.0000000 0.99997061 0.99984890
1289576340 0.0000000 0.99999028 0.99988633
1290342705 0.0000000 0.99999249 0.99986726
1290784424 0.0000000 0.99993068 0.99973679
1290799240 0.0000000 0.99992061 0.99975175
1291601652 0.0000000 0.99996454 0.99985737
1291689974 0.0000000 0.99998039 0.99987590
1291927327 0.0000000 0.99991637 0.99969929
1292000461 0.0000000 0.99946392 0.99879366
1294804388 0.0000000 0.99962062 0.99904150
1296507195 0.0000000 0.99995017 0.99970466
1296548191 0.0000000 0.99998879 0.99976045
1297058102 0.0000000 0.99988323 0.99958718
1297342916 0.0000000 0.99924719 0.99827248
1297754297 0.0000000 0.99999398 0.99977243
1298970247 0.0000000 0.99766719 0.99497342
1299845150 0.0000000 0.99902880 0.99787754
1300123317 0.0000000 0.99997240 0.99974084
1300281136 0.0000000 0.99998349 0.99974501
1300608051 0.0000000 0.99998939 0.99976915
1301123952 0.0000000 0.99935812 0.99852216
1301458951 0.0000000 0.99996114 0.99972582
1301964194 0.0000000 0.99951500 0.99884748
1302916270 0.0000000 0.99996877 0.99976683
1302961193 0.0000000 0.99942207 0.99860150
1303685617 0.0000000 0.99995518 0.99969673
1304080155 0.0000000 0.99962503 0.99908739
1304082768 0.0000000 0.99997300 0.99977171
1304152538 0.0000000 0.99998051 0.99976784
1304437954 0.0000000 0.99995428 0.99975675
1304717510 0.0000000 0.99997485 0.99978733
1304757333 0.0000000 0.99948919 0.99876732
1306028051 0.0000000 0.99998820 0.99978024
1306098435 0.0000000 0.99996632 0.99975216
1306261925 0.0000000 0.99995428 0.99976456
1307034472 0.0000000 0.99996948 0.99978989
1307669122 0.0000000 0.99996150 0.99980533
1308478735 0.0000000 0.99980295 0.99946654
1309048281 0.0000000 0.99976963 0.99942786
1309094354 0.0000000 0.99997675 0.99983418
1309326569 0.0000000 0.99904031 0.99789149
1309474048 0.0000000 0.99970233 0.99934620
1309601047 0.0000000 0.99993896 0.99977034
1309696244 0.0000000 0.99970984 0.99933636
1309953539 0.0000000 0.99994528 0.99977380
1310469430 0.0000000 0.99997687 0.99984306
1310541580 0.0000000 0.99965769 0.99916255
1310928323 0.0000000 0.99983025 0.99954110
1311000534 0.0000000 0.99995381 0.99980110
1311084070 0.0000000 0.99994850 0.99978763
1311142337 0.0000000 0.99984199 0.99957168
1311692424 0.0000000 0.99757493 0.99487609
1313100452 0.0000000 0.99993759 0.99982035
1314264913 0.0000000 0.99997175 0.99987113
1314789752 0.0000000 0.99998099 0.99988919
1315538819 0.0000000 0.99997962 0.99990058
1315635988 0.0000000 0.99986446 0.99964988
1315804512 0.0000000 0.99990702 0.99976903
1316643513 0.0000000 0.99997020 0.99986792
1316653258 0.0000000 0.99990875 0.99977958
1317835272 0.0000000 0.98736936 0.97391325
1318175665 0.0000000 0.99994016 0.99984515
1318478724 0.0000000 0.99945766 0.99881601
1319945023 0.0000000 0.99997616 0.99986005
1320074224 0.0000000 0.99983668 0.99958307
1320721143 0.0000000 0.99998820 0.99987662
1321061921 0.0000000 0.99987209 0.99965733
1322787324 0.0000000 0.99997640 0.99987358
1322993584 0.0000000 0.99986911 0.99964845
1323861170 0.0000000 0.99976426 0.99944067
1323909341 0.0000000 0.99980307 0.99951297
1324582798 0.0000000 0.99992794 0.99973977
1325660397 0.0000000 0.99988091 0.99959147
1326181267 0.0000000 0.99944317 0.99870622
1326728445 0.0000000 0.99991047 0.99963599
1327107001 0.0000000 0.99991083 0.99966514
1327480583 0.0000000 0.99974751 0.99932647
1327824459 0.0000000 0.99965394 0.99911553
1328324062 0.0000000 0.99998194 0.99975520
1328459111 0.0000000 0.99998063 0.99979943
1330223700 0.0000000 0.81388748 -0.49061835
1330883534 0.0000000 0.99976403 0.99935830
1332071890 0.0000000 0.99929279 0.99838376
1332086295 0.0000000 0.99977881 0.99935400
1332373478 0.0000000 0.99993682 0.99980569
1333258441 0.0000000 0.99995381 0.99975359
1333828758 0.0000000 0.99992007 0.99966550
1333921411 0.0000000 0.99997950 0.99977046
1334227165 0.0000000 0.99997437 0.99977189
1334800688 0.0000000 0.99998671 0.99979126
1335409258 0.0000000 0.99867690 0.99717069
1335538115 0.0000000 0.99992764 0.99974203
1338362741 0.0000000 0.99996412 0.99982244
1338842309 0.0000000 0.99992961 0.99975860
1338890190 0.0000000 0.99995559 0.99978805
1338944914 0.0000000 0.99999595 0.99984109
1338944979 0.0000000 0.99999368 0.99984592
1338945045 0.0000000 0.99997407 0.99981064
1339216879 0.0000000 0.99999100 0.99986500
1339275618 0.0000000 0.99998760 0.99983871
1339278860 0.0000000 0.99989527 0.99966288
1339309409 0.0000000 0.99987471 0.99966908
1339575740 0.0000000 0.99991530 0.99966997
1339598466 0.0000000 0.99964851 0.99913245
1339646879 0.0000000 0.99990618 0.99968964
1339690513 0.0000000 0.99998689 0.99983197
1339702255 0.0000000 0.99997598 0.99981797
1339923712 0.0000000 0.99998373 0.99984491
1341299876 0.0000000 0.99987507 0.99962729
1341924177 0.0000000 0.99933815 0.99851543
1342405200 0.0000000 0.99992138 0.99976295
1344277570 0.0000000 0.99988556 0.99967778
1344910008 0.0000000 0.99990463 0.99976981
1344941743 0.0000000 0.99996436 0.99984330
1345138860 0.0000000 0.99970770 0.99934250
1345234802 0.0000000 0.99998236 0.99987918
1346380382 0.0000000 0.99913079 0.99816567
1346415099 0.0000000 0.99996400 0.99983883
1346415834 0.0000000 0.99990773 0.99971718
1346788818 0.0000000 0.99997735 0.99988657
1346816730 0.0000000 0.99981213 0.99958116
1348523853 0.0000000 0.99996513 0.99987209
1350722979 0.0000000 0.99992663 0.99980897
1350800865 0.0000000 0.99988782 0.99968702
1351161077 0.0000000 0.99997962 0.99988705
1352122829 0.0000000 0.99990147 0.99974263
1352554787 0.0000000 0.99961346 0.99912608
1353431341 0.0000000 0.99998724 0.99987698
1353536726 0.0000000 0.99994308 0.99977160
1354158772 0.0000000 0.99992305 0.99971718
1354470336 0.0000000 0.99998540 0.99983573
1354477411 0.0000000 0.99997169 0.99981576
1354976814 0.0000000 0.99992067 0.99966323
1355221924 0.0000000 0.99995518 0.99975550
1356243184 0.0000000 0.99984384 0.99951345
1356319072 0.0000000 0.99995971 0.99978369
1356487597 0.0000000 0.99990606 0.99966037
1356883405 0.0000000 0.99997568 0.99978518
1357128106 0.0000000 0.99991041 0.99962926
1357236484 0.0000000 0.99991411 0.99961072
1357270197 0.0000000 0.99989080 0.99962437
1357331931 0.0000000 0.99987924 0.99959821
1357541346 0.0000000 0.99998033 0.99977922
1357994057 0.0000000 0.99974972 0.99930525
1358411441 0.0000000 0.99992913 0.99966598
1358708986 0.0000000 0.99996108 0.99974132
1359776392 0.0000000 0.99997407 0.99975175
1361064727 0.0000000 0.99987984 0.99953109
1361239965 0.0000000 0.99997908 0.99978065
1361256759 0.0000000 0.99998623 0.99979985
1361373628 0.0000000 0.99996692 0.99977285
1361471757 0.0000000 0.99997222 0.99972659
1361665659 0.0000000 0.99798322 0.99577498
1362386544 0.0000000 0.99996078 0.99981153
1362609444 0.0000000 0.99945259 0.99873453
1362627405 0.0000000 0.99998862 0.99975938
1362643640 0.0000000 0.99993068 0.99965656
1363079024 0.0000000 0.99994403 0.99974400
1363764120 0.0000000 0.99938971 0.99855083
1364349799 0.0000000 0.99999535 0.99977505
1364349845 0.0000000 0.99999803 0.99977267
1364355002 0.0000000 0.99994916 0.99971128
1364690983 0.0000000 0.99995577 0.99973637
1365625224 0.0000000 0.99999058 0.99977654
1366061297 0.0000000 0.99949682 0.99885201
1366432589 0.0000000 0.99964625 0.99911040
1366513671 0.0000000 0.99990326 0.99963409
1369110346 0.0000000 0.99994916 0.99972343
1369124755 0.0000000 0.99998128 0.99980676
1369791239 0.0000000 0.99982512 0.99951309
1369883683 0.0000000 0.99994022 0.99977636
1370118743 0.0000000 0.99996799 0.99981993
1370151783 0.0000000 0.99999630 0.99981993
1370623082 0.0000000 0.99999177 0.99983293
1372241957 0.0000000 0.99961632 0.99911809
1372463510 0.0000000 0.99998474 0.99985111
1373829868 0.0000000 0.99996156 0.99984598
1373895699 0.0000000 0.99996334 0.99983823
1373969495 0.0000000 0.99998015 0.99987692
1374677225 0.0000000 0.99995345 0.99982101
1374679935 0.0000000 0.99996722 0.99982715
1376837821 0.0000000 0.99963063 0.99917579
1377205321 0.0000000 0.99908864 0.99806869
1377355603 0.0000000 0.99994290 0.99979806
1377407246 0.0000000 0.99382991 0.98740947
1378247005 0.0000000 0.99981785 0.99953300
1378467231 0.0000000 0.99998373 0.99987113
1379475197 0.0000000 0.99928170 0.99848270
1380542719 0.0000000 0.99996805 0.99985421
1381466759 0.0000000 0.99906325 0.99796838
1381684855 0.0000000 0.99993408 0.99982315
1382170436 0.0000000 0.99986666 0.99967295
1382919848 0.0000000 0.99971515 0.99931341
1383069011 0.0000000 0.99940079 0.99863410
1383085061 0.0000000 0.99809057 0.99598420
1383220929 0.0000000 0.99999315 0.99986911
1383227120 0.0000000 0.99994135 0.99978846
1383227831 0.0000000 0.99995440 0.99982500
1383234448 0.0000000 0.99998128 0.99985898
1383263545 0.0000000 0.99993902 0.99980402
1383450194 0.0000000 0.99995565 0.99979514
1383519374 0.0000000 0.99995154 0.99983144
1383809110 0.0000000 0.99977386 0.99942583
1383809501 0.0000000 0.99989587 0.99969089
1383989687 0.0000000 0.99960285 0.99909389
1384145710 0.0000000 0.99996287 0.99981403
1384544358 0.0000000 0.99993891 0.99977982
1385019362 0.0000000 0.99771124 0.99517846
1386347977 0.0000000 0.99964738 0.99916422
1386357780 0.0000000 0.99993438 0.99975115
1387916955 0.0000000 0.99994332 0.99973905
1389034180 0.0000000 0.99986506 0.99952477
1389204911 0.0000000 0.99997425 0.99977261
1389717867 0.0000000 0.99998307 0.99978125
1389724692 0.0000000 0.71903372 -4.5288181
1389729005 0.0000000 0.89867157 0.71603578
1389740803 0.0000000 0.99805588 0.99611372
1389904819 0.0000000 0.99965125 0.99911743
1390517490 0.0000000 0.99984264 0.99954259
1390619771 0.0000000 0.99994898 0.99972612
1391790286 0.0000000 0.99909985 0.99796683
1393014317 0.0000000 0.99998242 0.99974525
1393065064 0.0000000 0.99983841 0.99953318
1393759985 0.0000000 0.99991226 0.99970210
1393791078 0.0000000 0.99996233 0.99970376
1394913876 0.0000000 0.99998635 0.99974293
1395061976 0.0000000 0.99997747 0.99971414
1395231566 0.0000000 0.99998516 0.99973726
1397097485 0.0000000 0.99997163 0.99974489
1397746253 0.0000000 0.99983984 0.99949419
1398443585 0.0000000 0.99992830 0.99974918
1399207416 0.0000000 0.99996746 0.99976367
1399278483 0.0000000 0.99970227 0.99924737
1399745740 0.0000000 0.99978793 0.99939716
1399746271 0.0000000 0.99995643 0.99972540
1400631673 0.0000000 0.99998683 0.99979550
1401021673 0.0000000 0.99996561 0.99984008
1401296286 0.0000000 0.99994326 0.99971575
1402085900 0.0000000 0.99797231 0.99574101
1402313583 0.0000000 0.99997872 0.99980873
1402624068 0.0000000 0.97361881 0.94351125
1402784563 0.0000000 0.99994576 0.99973559
1403034553 0.0000000 0.99973112 0.99933720
1403317269 0.0000000 0.99991488 0.99972034
1403439974 0.0000000 0.99988616 0.99966466
1404774365 0.0000000 0.99998510 0.99983513
1404925818 0.0000000 0.99994189 0.99981123
1405577514 0.0000000 0.99997920 0.99984521
1407296767 0.0000000 0.99995333 0.99984014
1407544588 0.0000000 0.99774456 0.99535257
1408047770 0.0000000 0.99997318 0.99984604
1410046387 0.0000000 0.99973178 0.99935371
1410325949 0.0000000 0.99969286 0.99927723
1410382444 0.0000000 0.99987674 0.99966127
1411247643 0.0000000 0.99996555 0.99985218
1411641303 0.0000000 0.99997938 0.99988592
1412009058 0.0000000 0.99991828 0.99976373
1412705290 0.0000000 0.99995589 0.99985147
1413207959 0.0000000 0.99298948 0.98578119
1414298821 0.0000000 0.99973893 0.99943161
1416419181 0.0000000 0.99996448 0.99979562
1416419227 0.0000000 0.99996424 0.99979389
1416540553 0.0000000 0.99996436 0.99982876
1417557685 0.0000000 0.99996161 0.99981362
1417655668 0.0000000 0.99955976 0.99901766
1418245419 0.0000000 0.99998826 0.99983317
1418533563 0.0000000 0.99987823 0.99973869
1419682925 0.0000000 0.99917012 0.99814892
1419947441 0.0000000 0.99876386 0.99732488
1419995164 0.0000000 0.99994069 0.99969280
1420012476 0.0000000 0.99995989 0.99976248
1420437226 0.0000000 0.99986953 0.99959964
1420606112 0.0000000 0.99997902 0.99976760
1420742654 0.0000000 0.99940312 0.99859142
1421435535 0.0000000 0.99985975 0.99948871
1421639313 0.0000000 0.99996680 0.99976820
1422083726 0.0000000 0.99997467 0.99974120
1422374758 0.0000000 0.99990672 0.99959713
1422958210 0.0000000 0.99967450 0.99914163
1423037687 0.0000000 0.99972516 0.99925655
1423603888 0.0000000 0.99398166 0.98733652
1423726535 0.0000000 0.99988377 0.99955267
1423857991 0.0000000 0.77881789 0.10973263
1424969403 0.0000000 0.99987781 0.99959064
1426114954 0.0000000 0.99920613 0.99815500
1426344314 0.0000000 0.99972743 0.99924570
1426852891 0.0000000 0.99980050 0.99939519
1427105631 0.0000000 0.99997973 0.99977773
1427483378 0.0000000 0.99996281 0.99973762
1428208678 0.0000000 0.99895138 0.99764055
1428320250 0.0000000 0.99996686 0.99974209
1428945237 0.0000000 0.99997050 0.99976069
1429127316 0.0000000 0.99995995 0.99983120
1429494176 0.0000000 0.99998689 0.99977672
1429494550 0.0000000 0.99994791 0.99971092
1429528847 0.0000000 0.99997973 0.99977881
1429530313 0.0000000 0.99998480 0.99978328
1429531199 0.0000000 0.99998844 0.99977213
1429992097 0.0000000 0.99997187 0.99977076
1430658547 0.0000000 0.99990094 0.99961913
1431333501 0.0000000 0.99997842 0.99976480
1431387795 0.0000000 0.99994391 0.99971569
1431628549 0.0000000 0.99987358 0.99956590
1432588969 0.0000000 0.99998909 0.99981833
1432601816 0.0000000 0.99993944 0.99973446
1432799863 0.0000000 0.99992722 0.99972850
1434467768 0.0000000 0.99986058 0.99959308
1434867330 0.0000000 0.99728745 0.99436992
1435335400 0.0000000 0.99961329 0.99910051
1438066750 0.0000000 0.99994189 0.99977458
1438936857 0.0000000 0.99843645 0.99674940
1439209234 0.0000000 0.99473518 0.98927182
1439418087 0.0000000 0.99985683 0.99962503
1439474882 0.0000000 0.99997503 0.99985951
1439699200 0.0000000 0.99943429 0.99876350
1441113885 0.0000000 0.99998462 0.99987179
1441128847 0.0000000 0.99992985 0.99976861
1441160293 0.0000000 0.99960798 0.99908781
1441898607 0.0000000 0.99988306 0.99968815
1442339782 0.0000000 0.99989241 0.99969113
1442345855 0.0000000 0.99998361 0.99986291
1442345878 0.0000000 0.99998283 0.99986285
1442408939 0.0000000 0.99998254 0.99985379
1442410226 0.0000000 0.99941760 0.99874437
1442413798 0.0000000 0.99970716 0.99931103
1443074281 0.0000000 0.99997145 0.99985212
1443555465 0.0000000 0.99990147 0.99973840
1444648487 0.0000000 0.99987656 0.99967551
1444736944 0.0000000 0.99995416 0.99987090
1444953165 0.0000000 0.99979568 0.99950665
1444953267 0.0000000 0.99966848 0.99922401
1445014914 0.0000000 0.99949098 0.99887609
1445221055 0.0000000 0.99998248 0.99983531
1445233331 0.0000000 0.99977297 0.99942338
1445239215 0.0000000 0.99972528 0.99931085
1446412182 0.0000000 0.99999124 0.99984944
1446412281 0.0000000 0.99989927 0.99970001
1446509184 0.0000000 0.99926209 0.99838346
1446509190 0.0000000 0.99925846 0.99837554
1446714386 0.0000000 0.99991840 0.99979120
1447167192 0.0000000 0.99880886 0.99741417
1447255999 0.0000000 0.99993801 0.99978232
1447277516 0.0000000 0.99724382 0.99424648
1448316095 0.0000000 0.99863195 0.99719161
1448671943 0.0000000 0.99912530 0.99809241
1449033717 0.0000000 0.99830627 0.99643469
1449035580 0.0000000 0.99689668 0.99356711
1449153073 0.0000000 0.99997336 0.99985349
1449935242 0.0000000 0.99997389 0.99980974
1450510821 0.0000000 0.99918967 0.99816257
1450536811 0.0000000 0.99970049 0.99926394
1450992022 0.0000000 0.99993014 0.99970335
1451199638 0.0000000 0.99959934 0.99904299
1451327726 0.0000000 0.99978495 0.99947035
1451523194 0.0000000 0.99981523 0.99949747
1451829690 0.0000000 0.99976349 0.99938148
1451928000 0.0000000 0.99987346 0.99958420
1452487977 0.0000000 0.99998248 0.99980718
1453169606 0.0000000 0.99988461 0.99969208
1453824336 0.0000000 0.99987167 0.99951756
1454422761 0.0000000 0.99999094 0.99976242
1454702246 0.0000000 0.99270850 0.98139882
1454702308 0.0000000 0.99999720 0.99974835
1454702406 0.0000000 0.99999392 0.99973869
1454702512 0.0000000 0.99996549 0.99971807
1454978820 0.0000000 0.99998778 0.99973786
1455590759 0.0000000 0.99997538 0.99978590
1455595494 0.0000000 0.99998784 0.99978471
1455757779 0.0000000 0.99997979 0.99977553
1455758311 0.0000000 0.99998754 0.99977463
1456215987 0.0000000 0.99983412 0.99946487
1456541993 0.0000000 0.99998754 0.99975890
1457201466 0.0000000 0.99951696 0.99880832
1457276938 0.0000000 0.99990410 0.99960679
1459152479 0.0000000 0.99995726 0.99976230
1459502085 0.0000000 0.99970478 0.99919641
1459988008 0.0000000 0.99993920 0.99968088
1460294506 0.0000000 0.99993420 0.99970025
1460353509 0.0000000 0.99997914 0.99975580
1460804146 0.0000000 0.99997991 0.99975336
1461082597 0.0000000 0.99924773 0.99828303
1461607991 0.0000000 0.99997520 0.99972200
1461770234 0.0000000 0.99999094 0.99976099
1461770257 0.0000000 0.99999154 0.99976099
1461770858 0.0000000 0.99997598 0.99974352
1461781146 0.0000000 0.99996793 0.99977547
1461806086 0.0000000 0.99957031 0.99893868
1462056417 0.0000000 0.99990857 0.99961311
1462199340 0.0000000 0.99991357 0.99961823
1462521203 0.0000000 0.99998212 0.99976659
1462632669 0.0000000 0.99991041 0.99962533
1462675593 0.0000000 0.99996734 0.99975705
1463023035 0.0000000 0.99999142 0.99978018
1463023251 0.0000000 0.99991256 0.99959987
1463023282 0.0000000 0.99987131 0.99950552
1463027395 0.0000000 0.99999511 0.99978620
1463127852 0.0000000 0.99997908 0.99975300
1463195522 0.0000000 0.99976218 0.99930304
1463196768 0.0000000 0.99996334 0.99974042
1463530965 0.0000000 0.99997121 0.99979740
1463863900 0.0000000 0.99999017 0.99982649
1463882779 0.0000000 0.99998504 0.99982423
1464184475 0.0000000 0.99989098 0.99961871
1464544116 0.0000000 0.99997467 0.99985623
1464576767 0.0000000 0.99981886 0.99945271
1464630651 0.0000000 0.99987870 0.99966687
1464672226 0.0000000 0.99999303 0.99980754
1466204142 0.0000000 0.99826235 0.99632680
1466383187 0.0000000 0.99993777 0.99979222
1466409210 0.0000000 0.99921858 0.99828190
1466715930 0.0000000 0.99998009 0.99982554
1467361422 0.0000000 0.99986082 0.99966574
1469592155 0.0000000 0.99987882 0.99963439
1471008941 0.0000000 0.99754822 0.99491787
1471908408 0.0000000 0.99989992 0.99971420
1472660934 0.0000000 0.99984890 0.99960232
1473440050 0.0000000 0.99993151 0.99978620
1475055492 0.0000000 0.99994224 0.99979204
1475769120 0.0000000 0.99879879 0.99741501
1477370752 0.0000000 0.99996781 0.99984294
1478519786 0.0000000 0.99997866 0.99984378
1478903131 0.0000000 0.99996239 0.99979520
1480024554 0.0000000 0.99995500 0.99981117
1480377579 0.0000000 0.99991310 0.99971986
1480507474 0.0000000 0.99997085 0.99981642
1481256588 0.0000000 0.99993676 0.99974835
1481811269 0.0000000 0.99998832 0.99984360
1483057851 0.0000000 0.99992043 0.99972433
1483513641 0.0000000 0.99983889 0.99954665
1484155863 0.0000000 0.99997514 0.99979097
1484797338 0.0000000 0.99952465 0.99885505
1484900187 0.0000000 0.99941552 0.99866217
1485329586 0.0000000 0.99988675 0.99961185
1486746772 0.0000000 0.99999005 0.99975938
1487420859 0.0000000 0.99997199 0.99975151
1487652197 0.0000000 0.97820818 0.95346779
1488212310 0.0000000 0.99991554 0.99966812
1488924651 0.0000000 0.99990916 0.99961835
1489967289 0.0000000 0.99947089 0.99867970
1490066029 0.0000000 0.99825263 0.99617988
1490805242 0.0000000 0.99995756 0.99973196
1492112471 0.0000000 0.99990678 0.99953800
1492367656 0.0000000 0.99996597 0.99972713
1493517442 0.0000000 0.99997663 0.99975568
1493960850 0.0000000 0.99993813 0.99972516
1493986611 0.0000000 0.99873632 0.99724919
1494889974 0.0000000 0.99999309 0.99977034
1494932580 0.0000000 0.99861765 0.99686855
1495631454 0.0000000 0.99997389 0.99980044
1495691291 0.0000000 0.99996382 0.99977016
1495956669 0.0000000 0.99525374 0.99004370
1495999757 0.0000000 0.99965072 0.99904221
1496582686 0.0000000 0.99985665 0.99951351
1497967350 0.0000000 0.99762082 0.99508417
1498029939 0.0000000 0.99986774 0.99958825
1500318986 0.0000000 0.99990904 0.99975872
1501139292 0.0000000 0.99996853 0.99981922
1501845585 0.0000000 0.99995506 0.99979806
1502294736 0.0000000 0.99994576 0.99978966
1502416734 0.0000000 0.99996442 0.99986434
1502582915 0.0000000 0.99993950 0.99980408
1504364658 0.0000000 0.99993700 0.99980563
1505096741 0.0000000 0.99960500 0.99914950
1505687994 0.0000000 0.99997228 0.99984545
1505917796 0.0000000 0.99999106 0.99989313
1506232185 0.0000000 0.99962103 0.99913037
1506549399 0.0000000 0.99980778 0.99951863
1507505391 0.0000000 0.99997818 0.99987435
1507747520 0.0000000 0.99987221 0.99964535
1508582157 0.0000000 0.99984169 0.99957854
1509318944 0.0000000 0.99996454 0.99981236
1509677295 0.0000000 0.99998122 0.99988258
1509677339 0.0000000 0.99998039 0.99988097
1509752088 0.0000000 0.99997860 0.99986351
1510398879 0.0000000 0.99994576 0.99980342
1510402973 0.0000000 0.99996251 0.99984026
1510440860 0.0000000 0.99900973 0.99786884
1510947032 0.0000000 0.99981141 0.99948543
1511360409 0.0000000 0.99998677 0.99984497
1511470532 0.0000000 0.99997365 0.99983984
1512230735 0.0000000 0.99909019 0.99802899
1512377977 0.0000000 0.99997330 0.99979818
1512704669 0.0000000 0.99996960 0.99979258
1513120660 0.0000000 0.99959016 0.99902648
1516168751 0.0000000 0.99994862 0.99968517
1516984288 0.0000000 0.99998134 0.99976289
1517686257 0.0000000 0.99993664 0.99962944
1517749972 0.0000000 0.99998921 0.99972856
1517752600 0.0000000 0.99999142 0.99973261
1517752662 0.0000000 0.99999493 0.99972945
1517753127 0.0000000 0.99969536 0.99909377
1517753452 0.0000000 0.99999058 0.99972796
1517753522 0.0000000 0.99999046 0.99972796
1517753592 0.0000000 0.99999022 0.99972820
1517753815 0.0000000 0.99997079 0.99968785
1517758427 0.0000000 0.99984068 0.99944776
1517763262 0.0000000 0.99977469 0.99929577
1517821602 0.0000000 0.99988025 0.99951547
1517823894 0.0000000 0.99971819 0.99915588
1517846321 0.0000000 0.99996489 0.99969548
1517852233 0.0000000 0.99961197 0.99898767
1517893754 0.0000000 0.99998248 0.99968976
1517906208 0.0000000 0.99985355 0.99945253
1517932241 0.0000000 0.99999714 0.99971837
1517932280 0.0000000 0.99999732 0.99971849
1517932282 0.0000000 0.99999768 0.99971867
1517932427 0.0000000 0.99999046 0.99970227
1517932434 0.0000000 0.99999034 0.99970192
1517932492 0.0000000 0.99998134 0.99969548
1517933877 0.0000000 0.99997354 0.99969482
1517940013 0.0000000 0.99998975 0.99970388
1517940459 0.0000000 0.99999422 0.99971777
1517944528 0.0000000 0.99998856 0.99971855
1517945796 0.0000000 0.99996412 0.99966174
1517950582 0.0000000 0.99997741 0.99969167
1517958702 0.0000000 0.99996036 0.99967635
1517960631 0.0000000 0.99998838 0.99970013
1517969882 0.0000000 0.99996662 0.99966109
1517974578 0.0000000 0.99998200 0.99970639
1517998787 0.0000000 0.99970829 0.99914962
1518001985 0.0000000 0.99997914 0.99969119
1518008800 0.0000000 0.99998647 0.99971104
1518008880 0.0000000 0.99993950 0.99960083
1518013159 0.0000000 0.99991453 0.99956203
1518016890 0.0000000 0.99999595 0.99971944
1518016916 0.0000000 0.99999601 0.99971938
1518051257 0.0000000 0.99998587 0.99970299
1518059164 0.0000000 0.99993360 0.99959469
1518142443 0.0000000 0.99993825 0.99964029
1518201789 0.0000000 0.99994618 0.99963623
1518248929 0.0000000 0.99985808 0.99946141
1518858396 0.0000000 0.99995989 0.99973917
1518981709 0.0000000 0.99990827 0.99961227
1519051621 0.0000000 0.99997401 0.99970806
1519254641 0.0000000 0.99997252 0.99971360
1519583320 0.0000000 0.99998581 0.99970442
1519962147 0.0000000 0.99995667 0.99967450
1520098551 0.0000000 0.99996221 0.99964589
1520329330 0.0000000 0.99977750 0.99930823
1521024527 0.0000000 0.99991339 0.99956810
1521537776 0.0000000 0.99998301 0.99976307
1521728871 0.0000000 0.99996483 0.99970371
1522232997 0.0000000 0.99971920 0.99922812
1522282670 0.0000000 0.99998093 0.99971753
1522598524 0.0000000 0.99996030 0.99967313
1523432369 0.0000000 0.99994606 0.99974740
1523886539 0.0000000 0.99997067 0.99976635
1524201906 0.0000000 0.99957168 0.99894410
1524248877 0.0000000 0.99619156 0.99202228
1524308214 0.0000000 0.99997157 0.99973834
1524503432 0.0000000 0.99992281 0.99964809
1524721460 0.0000000 0.99997318 0.99976033
1524721601 0.0000000 0.99998313 0.99975431
1524808553 0.0000000 0.99998772 0.99976230
1525218424 0.0000000 0.99996984 0.99973857
1526098666 0.0000000 0.99991894 0.99965441
1527728598 0.0000000 0.99998403 0.99977565
1527904870 0.0000000 0.99997139 0.99976724
1528731725 0.0000000 0.99975777 0.99933517
1528750347 0.0000000 0.99990696 0.99963176
1528856173 0.0000000 0.99974734 0.99930483
1529096035 0.0000000 0.99994165 0.99975640
1529334375 0.0000000 0.99876571 0.99735850
1529522338 0.0000000 0.99980885 0.99951297
1530516370 0.0000000 0.99996752 0.99982250
1530516385 0.0000000 0.99996775 0.99982256
1530609654 0.0000000 0.99997765 0.99984658
1531312909 0.0000000 0.99995983 0.99978614
1531507119 0.0000000 0.99998742 0.99982184
1532050755 0.0000000 0.99996531 0.99981201
1533217098 0.0000000 0.99996901 0.99981618
1533504622 0.0000000 0.99911511 0.99808669
1533801692 0.0000000 0.99985486 0.99958366
1534500582 0.0000000 0.99998045 0.99984777
1534551317 0.0000000 0.99998051 0.99984753
1535572403 0.0000000 0.99767363 0.99514163
1535660064 0.0000000 0.99842370 0.99670148
1536498994 0.0000000 0.99981523 0.99956143
1536641006 0.0000000 0.99988347 0.99965721
1536700815 0.0000000 0.99970973 0.99932837
1538633849 0.0000000 0.99995315 0.99980295
1538766649 0.0000000 0.99967837 0.99924940
1539072778 0.0000000 0.99996477 0.99981886
1539164591 0.0000000 0.99957925 0.99902320
1540269298 0.0000000 0.99998313 0.99983644
1540310644 0.0000000 0.99998307 0.99984348
1541624711 0.0000000 0.99993998 0.99977565
1541712486 0.0000000 0.99948239 0.99882257
1542328459 0.0000000 0.99980193 0.99946660
1542608341 0.0000000 0.99990833 0.99967325
1542638415 0.0000000 0.99887949 0.99755383
1542645094 0.0000000 0.99931097 0.99845481
1543190243 0.0000000 0.99998832 0.99982351
1543191316 0.0000000 0.99919790 0.99819666
1543236658 0.0000000 0.99988693 0.99962723
1543238642 0.0000000 0.99938065 0.99858612
1543314575 0.0000000 0.99971223 0.99924725
1544368541 0.0000000 0.99995798 0.99977046
1544439487 0.0000000 0.99995756 0.99980289
1544621063 0.0000000 0.99997383 0.99978828
1544908865 0.0000000 0.99996924 0.99980736
1545710204 0.0000000 0.99992311 0.99973661
1546538568 0.0000000 0.89210713 0.76126158
1546949806 0.0000000 0.99997538 0.99977708
1548127166 0.0000000 0.99997735 0.99975628
1548825695 0.0000000 0.99998373 0.99977869
1548861293 0.0000000 0.99998242 0.99975121
1549366351 0.0000000 0.99894679 0.99761057
1549558324 0.0000000 0.99997711 0.99976641
1550239687 0.0000000 0.99995232 0.99970424
1551558867 0.0000000 0.99906784 0.99799919
1552012334 0.0000000 0.99998617 0.99980658
1552127531 0.0000000 0.98446625 0.96763229
1552421955 0.0000000 0.99992114 0.99964994
1552451554 0.0000000 0.99996674 0.99978143
1552511242 0.0000000 0.99998075 0.99979144
1552697151 0.0000000 0.99998093 0.99977809
1552968094 0.0000000 0.99981707 0.99947393
1553256348 0.0000000 0.99977636 0.99935436
1553414210 0.0000000 0.99946195 0.99873781
1554087275 23.250000 5.76215722E-02 -3.03030014E-04
1554172029 119.50000 6.18034415E-02 1.66529417E-03
1554256375 0.45000002 0.14738917 1.04069710E-04
1554343015 154.90001 6.35355040E-02 1.25467777E-04
1554382610 55.049999 8.77966583E-02 3.44187021E-03
1554499495 -4.5000000 6.52869493E-02 1.61021948E-03
1554706689 65.250000 9.08917934E-02 2.30777264E-03
1554822801 -27.800001 6.54516593E-02 4.98294830E-04
1554841453 103.35000 6.57536611E-02 1.01178885E-03
1554850672 208.75000 7.95297250E-02 1.67579651E-02
1555563667 120.60000 0.16329575 3.77595425E-04
1556793883 0.0000000 0.99983996 0.99951273
1556970683 0.0000000 0.99979013 0.99940974
1557330527 0.0000000 0.99952680 0.99884230
1557737721 0.0000000 0.99990970 0.99969226
1558197514 135.70000 0.13156411 -344.33456
1558379328 -73.150002 0.11279804 -43275.805
1558489044 41.549999 9.03253928E-02 -10.177968
1558591969 68.599998 6.70035332E-02 -12.759582
1559317998 0.20000000 0.14054652 1.96664333E-02
1559641578 0.34999999 0.17028601 1.12910271E-02
1559762840 24.850000 6.65995255E-02 -13.106534
1560870606 69.200005 0.11248281 -39.825832
1561237205 33.299999 6.12976924E-02 -542.38995
1561242160 -13.900001 5.67717999E-02 -85.832977
1561825206 84.849998 6.02267087E-02 -45.976597
1561837452 47.299999 7.32137859E-02 -2.48301029E-02
1562610935 118.55000 7.95632973E-02 -7.2228003
1562880116 87.750000 9.36386660E-02 -172.89952
1563275550 136.70000 7.04100206E-02 -4094.5146
1563531230 158.15001 8.91508758E-02 -24.865747
1563768365 160.65001 0.10419407 -754.17633
1563850922 74.849998 7.54207224E-02 -3306.8198
1564123196 131.35001 0.10461225 -1347.9872
1564190683 -4.8000002 9.65543985E-02 -7.8435612
1564649429 125.35000 8.91297832E-02 -19.880669
1564753988 -58.799999 0.15296519 -77.396873
1564784683 10.950000 9.77841169E-02 -31.053776
1565054388 106.50000 0.13037719 -0.20758379
1565055090 162.25000 0.11248253 -11.015524
1565213283 175.70000 0.21430035 -0.30961061
1565218942 7.2500000 7.06787556E-02 -37054.836
1565905300 20.350000 6.34644926E-02 -7.8379850
1566053525 33.350002 0.13913366 -324.44946
1566053530 33.350002 0.13925397 -325.03229
1566074882 151.70000 0.13979691 -1004.6937
1566101114 15.000000 0.11574763 -49.992474
1566598377 203.60001 0.15813288 -266.68756
1566648618 178.75000 9.79998931E-02 -43693.195
1567237819 136.60001 7.08277076E-02 -3.2742610
1567471650 107.30000 0.14417617 -192.67004
1567604000 -23.450001 7.01741576E-02 -1408.4436
1567917359 140.60001 7.53645748E-02 -3699.5823
1568005668 226.60001 0.11220749 -8.5953894
1568095682 202.05000 0.15724258 -547.69342
1569863578 38.900002 5.89367487E-02 -2.77780294E-02
1570468626 -47.100002 0.11918407 -3145.4917
1571312673 -46.100002 8.09832513E-02 -0.24352407
1571861758 -53.549999 5.42684793E-02 -8905.6963
1572218883 217.90001 8.66910145E-02 -121.99458
1573491297 90.800003 8.39272588E-02 -9.0739975
1573495893 23.250000 7.02577233E-02 -116.40871
1574645562 0.0000000 0.99919266 0.99811625
1575564604 0.0000000 0.99618119 0.99205714
1575660753 0.0000000 0.99919754 0.99817044
1576495557 0.0000000 0.99977475 0.99909860
1577769501 0.0000000 0.99888843 0.99757081
1577819410 0.0000000 0.99976498 0.99919629
1578293635 0.0000000 0.99975020 0.99914563
1578510402 0.0000000 0.99963987 0.99915373
1579404154 0.0000000 0.99981201 0.99939245
1579703564 0.0000000 0.99960744 0.99897033
1580749376 0.0000000 0.99985784 0.99941391
1581076659 0.0000000 0.99930614 0.99839723
1581616159 0.0000000 0.99972773 0.99910861
1581629921 0.0000000 0.99979138 0.99932986
1581764406 0.0000000 0.99975216 0.99890286
1581764700 0.0000000 0.99983358 0.99922854
1581794413 0.0000000 0.99971700 0.99902231
1582090065 0.0000000 0.99976164 0.99921894
1582113307 0.0000000 0.99973387 0.99912810
1582546233 0.0000000 0.99956375 0.99877757
1582592414 0.0000000 0.99940175 0.99853081
1582629242 0.0000000 0.99986750 0.99939382
1582695255 0.0000000 0.99981266 0.99938679
1584677477 0.0000000 0.99904299 0.99775088
1585787701 0.0000000 0.99752158 0.99481130
1586304460 0.0000000 0.99945676 0.99879509
1586389759 0.0000000 0.99925232 0.99829936
1586537097 0.0000000 0.99991238 0.99949229
1586691401 0.0000000 0.99982291 0.99948227
1587481331 0.0000000 0.99889755 0.99762541
1588476280 0.0000000 0.99977326 0.99927551
1589003116 0.0000000 0.99958146 0.99899423
1589548020 0.0000000 0.96882212 0.93281734
1589756010 0.0000000 0.99932593 0.99850023
1589910785 0.0000000 0.99909037 0.99782825
1590311534 0.0000000 0.93120629 0.84558845
1590359490 0.0000000 0.99978465 0.99931008
1590694463 0.0000000 0.99981248 0.99943560
1590843750 0.0000000 0.99974090 0.99926889
1591494563 0.0000000 0.99961036 0.99918580
1591839506 0.0000000 0.99973178 0.99945235
1591921295 0.0000000 0.99960697 0.99918967
1592079539 0.0000000 0.99985075 0.99964952
1592349420 0.0000000 0.99658370 0.99316120
1593214064 0.0000000 0.99985796 0.99931914
1593241888 0.0000000 0.99959069 0.99912548
1593407313 0.0000000 0.99963403 0.99922353
1593435168 0.0000000 0.99971545 0.99934435
1593519432 0.0000000 0.99975312 0.99946189
1594227272 0.0000000 0.99971724 0.99942774
1594265063 0.0000000 0.99966103 0.99927354
1594267923 0.0000000 0.99956888 0.99904156
1594526768 0.0000000 0.99860364 0.99710631
1594546164 0.0000000 0.99818856 0.99628359
1595767949 0.0000000 0.99980938 0.99950761
1597107665 0.0000000 0.99869144 0.99733824
1597123796 0.0000000 0.99975616 0.99949235
1597187246 0.0000000 0.99915868 0.99820668
1597774608 0.0000000 0.99937165 0.99871010
1597797181 0.0000000 0.99975026 0.99947160
1597806811 0.0000000 0.99971420 0.99939024
1598847265 0.0000000 0.96194291 0.91872376
1599036279 0.0000000 0.99960655 0.99919313
1600306672 0.0000000 0.99982595 0.99954206
1600646088 0.0000000 0.99979532 0.99957645
1600833602 0.0000000 0.99981272 0.99960709
1601017581 0.0000000 0.99919575 0.99829620
1601326254 0.0000000 0.99987286 0.99942976
1601342057 0.0000000 0.99987203 0.99965000
1601440640 0.0000000 0.99981779 0.99953502
1601863505 0.0000000 0.99980742 0.99947912
1602517184 0.0000000 0.99921739 0.99834794
1602946993 0.0000000 0.99984455 0.99966061
1602947159 0.0000000 0.99974507 0.99940866
1603087586 0.0000000 0.90963352 0.79186594
1603396062 0.0000000 0.99586171 0.99139136
1603674483 0.0000000 0.99789810 0.99564815
1604358861 0.0000000 0.99564767 0.99094456
1604426346 0.0000000 0.99923712 0.99842906
1604601372 0.0000000 0.99981189 0.99945635
1604626818 0.0000000 0.99978739 0.99949092
1605130406 0.0000000 0.99986088 0.99956900
1605130534 0.0000000 0.99976993 0.99943852
1605266102 0.0000000 0.99964988 0.99922234
1605511152 0.0000000 0.99969065 0.99929124
1605551866 0.0000000 0.99961179 0.99910057
1605557664 0.0000000 0.99976921 0.99943376
1605621503 0.0000000 0.98645502 0.97176331
1605662576 0.0000000 0.99812835 0.99620748
1606582085 0.0000000 0.97508544 0.94780856
1606657334 0.0000000 0.99918520 0.99828982
1607578178 0.0000000 0.99978763 0.99947894
1607606398 0.0000000 0.99984223 0.99956930
1607606851 0.0000000 0.99574137 0.99121356
1607624108 0.0000000 0.99979252 0.99946785
1608317519 0.0000000 0.99847597 0.99688625
1608385359 0.0000000 0.99407560 0.98774725
1609436522 0.0000000 0.98229569 0.96337032
1609594007 0.0000000 0.99920976 0.99826890
1610162996 0.0000000 0.78729475 0.35884356
1610192153 0.0000000 0.99962640 0.99917322
1610249009 0.0000000 0.99975806 0.99935311
1610838659 0.0000000 0.99985623 0.99946386
1611559538 0.0000000 0.99973029 0.99924773
1611565557 0.0000000 0.99944466 0.99879360
1611574763 0.0000000 0.99836236 0.99661529
1611584686 0.0000000 0.99063802 0.98040873
1611818971 0.0000000 0.99990851 0.99964809
