837775762 0.0000000 0.98923409 0.97596991
837925917 0.0000000 0.75922972 0.19536781
838427199 0.0000000 0.96533614 0.92217743
838671653 0.0000000 0.99949354 0.99804771
838750993 0.0000000 0.96287727 0.91595083
839270473 0.0000000 0.99794424 0.99453825
839658185 0.0000000 0.99817353 0.99557751
841593341 0.0000000 0.84561682 0.59700567
841947167 0.0000000 0.71069056 -1.14127398E-02
841966927 0.0000000 0.99980557 0.99880731
841967337 0.0000000 0.98939341 0.97599024
841967424 0.0000000 0.98238945 0.96043134
841967717 0.0000000 0.98380506 0.96309590
841969564 0.0000000 0.99798989 0.99468958
841973148 0.0000000 0.99550647 0.98900026
841975496 0.0000000 0.99950868 0.99803305
841976432 0.0000000 0.99517733 0.98851329
841976527 0.0000000 0.98663491 0.96973097
841989993 0.0000000 0.98648369 0.97045714
841990035 0.0000000 0.98650479 0.97050673
841990674 0.0000000 0.99328023 0.98411751
841998277 0.0000000 0.99538684 0.98916239
842009672 0.0000000 0.99946958 0.99816227
842020651 0.0000000 0.98832411 0.97346604
842035262 0.0000000 0.99599075 0.99057710
842036992 0.0000000 0.95988584 0.90784550
842056074 0.0000000 0.99732780 0.99348736
842122037 0.0000000 0.98247981 0.96117097
842211144 0.0000000 0.98093349 0.95738780
842213633 0.0000000 0.99630874 0.99125588
842233958 0.0000000 0.94198239 0.86260664
842984365 0.0000000 0.97608095 0.94713622
846839283 0.0000000 0.99830866 0.99589187
847935551 0.0000000 0.99853891 0.99562019
855524541 0.0000000 0.97566211 0.94358432
855593408 0.0000000 0.98798430 0.97289908
855822594 0.0000000 0.99841225 0.99583864
856345761 0.0000000 0.95819503 0.90424973
857058283 0.0000000 0.96384257 0.91802377
857344712 0.0000000 0.86043668 0.64663994
857979217 0.0000000 0.98258424 0.96126574
858004916 0.0000000 0.92189920 0.81002164
859199163 0.0000000 0.99803406 0.99364960
859246340 0.0000000 0.98594052 0.96821141
860953513 0.0000000 0.99915826 0.99734873
861140002 0.0000000 0.97581899 0.94558829
861746294 0.0000000 0.74667221 0.16000420
862185572 0.0000000 0.98003393 0.95496511
862608623 0.0000000 0.96312892 0.91652000
862627573 0.0000000 0.99966615 0.99867094
863479085 0.0000000 0.91941226 0.80274022
863693027 0.0000000 0.88935113 0.72486520
863763297 0.0000000 0.92342240 0.81553864
864384080 0.0000000 0.97636789 0.94843471
864454998 0.0000000 0.87058198 0.65360254
865120897 0.0000000 0.90106040 0.75795424
866316320 0.0000000 0.95294422 0.89190328
866599410 0.0000000 0.99731570 0.99355406
866972164 0.0000000 0.99931121 0.99789476
867426807 0.0000000 0.97184372 0.93583614
868041450 0.0000000 0.99925011 0.99745518
868379187 0.0000000 0.97258586 0.93912178
868522793 0.0000000 0.99070531 0.97941774
868964733 0.0000000 0.99913096 0.99741828
873735427 0.0000000 0.94379061 0.86998528
876594265 0.0000000 0.99764353 0.99450564
877094056 0.0000000 0.99872410 0.99615598
877518611 0.0000000 0.67384666 -0.25404143
877518986 0.0000000 0.99954480 0.99809039
877546907 0.0000000 0.84907806 0.58455300
877747215 0.0000000 0.93512863 0.84610909
879910270 0.0000000 0.98812729 0.97330540
880343225 0.0000000 0.96819979 0.92646706
885153411 0.0000000 0.72253376 0.38683629
885163200 0.0000000 0.99409717 0.98661190
885338978 0.0000000 0.78991258 0.57610351
886836052 0.0000000 0.98349422 0.96243972
887739663 0.0000000 0.97135842 0.93488985
887763450 0.0000000 0.95047575 0.88616580
888302731 0.0000000 0.97265917 0.93861943
888303585 0.0000000 0.93690383 0.85314310
889317344 0.0000000 0.99751908 0.99391317
889596008 0.0000000 0.99541098 0.98925197
889636914 0.0000000 0.99811947 0.99482793
893747340 0.0000000 0.93592775 0.84740549
894067552 0.0000000 0.98665690 0.97046345
894087462 0.0000000 0.99182731 0.98136300
894238216 0.0000000 0.99947417 0.99819297
894747219 0.0000000 0.99047655 0.97892219
895144921 0.0000000 0.90761518 0.77146310
895222228 0.0000000 0.99171245 0.98184705
895422961 0.0000000 0.92484397 0.82194227
895825584 0.0000000 0.76479381 0.26589888
896509358 0.0000000 0.98877639 0.97527969
899724834 0.0000000 0.91154784 0.78332525
900181394 0.0000000 0.83250487 0.55146164
900651074 0.0000000 0.99965328 0.99870408
900701079 0.0000000 0.98104066 0.95754957
900781359 0.0000000 0.97967559 0.95391542
900871111 0.0000000 0.98196667 0.95823097
900952524 0.0000000 0.92784184 0.83374745
901305843 0.0000000 0.99964476 0.99876058
901786541 0.0000000 0.99813437 0.99521875
901877006 0.0000000 0.94497842 0.88087046
902801269 0.0000000 0.99903423 0.99738199
902970331 0.0000000 0.65123624 -0.45327318
903265983 0.0000000 0.99944782 0.99791932
904013371 0.0000000 0.83895421 0.57776093
904905650 0.0000000 0.99546170 0.98973560
905363640 0.0000000 0.99774295 0.99379069
905409966 0.0000000 0.99800855 0.99477386
905583188 0.0000000 0.90197766 0.74866235
905664888 0.0000000 0.99811369 0.99510062
905697214 0.0000000 0.61562139 -0.70320570
905921771 0.0000000 0.99242038 0.98331815
906395377 0.0000000 0.96489388 0.92174566
906915742 0.0000000 0.83442450 0.52738565
906973039 0.0000000 0.96630150 0.92275989
907937571 0.0000000 0.99927235 0.99784029
908081794 0.0000000 0.97945952 0.95372158
908297657 0.0000000 0.97563487 0.94511414
910076797 0.0000000 0.99916816 0.99749297
911341652 0.0000000 0.99915910 0.99685150
911471402 0.0000000 0.99618602 0.99128693
912019233 0.0000000 0.86037236 0.62462997
912118339 0.0000000 0.92924553 0.83689559
912320478 0.0000000 0.94441831 0.87128276
913597143 0.0000000 0.97455680 0.94346881
914291346 0.0000000 0.99098772 0.98016769
914495847 0.0000000 0.74830073 0.15347850
916122256 0.0000000 0.99683297 0.99221325
918942477 0.0000000 0.97785032 0.95035207
919479225 0.0000000 0.99522793 0.98744804
919691338 0.0000000 0.99920541 0.99765939
920174684 0.0000000 0.91748273 0.79791141
920668347 0.0000000 0.99719423 0.99289966
928999079 0.0000000 0.99881041 0.99673373
929863441 0.0000000 0.99917811 0.99745113
930302321 0.0000000 0.83781415 0.54806149
930322043 0.0000000 0.64740092 -0.48029280
931355593 0.0000000 0.99934953 0.99764419
931356389 0.0000000 0.99861526 0.99590087
931484211 0.0000000 0.99806929 0.99498504
931653898 0.0000000 0.97580761 0.94604725
931724710 0.0000000 0.97198796 0.93703341
932244360 0.0000000 0.62854135 -0.72937131
933800631 0.0000000 0.99852175 0.99556071
933854825 0.0000000 0.77301353 0.34136701
934006193 0.0000000 0.71033192 -4.17373180E-02
934098882 0.0000000 0.81667244 0.46259153
935191073 0.0000000 0.98944700 0.97592360
936973100 0.0000000 0.99936110 0.99792969
937489447 0.0000000 0.80741924 0.46015531
937498321 0.0000000 0.87927723 0.67385978
937850952 0.0000000 0.99976987 0.99902433
937851087 0.0000000 0.99976891 0.99902296
937851114 0.0000000 0.99976814 0.99902117
937852034 0.0000000 0.99920344 0.99766624
937852082 0.0000000 0.99920857 0.99767703
937852199 0.0000000 0.99810475 0.99499851
937852375 0.0000000 0.99844909 0.99577701
937852466 0.0000000 0.99755812 0.99388111
937852536 0.0000000 0.99703580 0.99287164
937852553 0.0000000 0.99694639 0.99265635
937852632 0.0000000 0.99347425 0.98537153
937852755 0.0000000 0.99075097 0.97943342
937852918 0.0000000 0.99167669 0.98147863
937853175 0.0000000 0.99503249 0.98872185
937853264 0.0000000 0.99577969 0.99027079
937853449 0.0000000 0.99591929 0.99071765
937853490 0.0000000 0.99638855 0.99174494
937853610 0.0000000 0.99786842 0.99491566
937853764 0.0000000 0.99867409 0.99653822
937853824 0.0000000 0.99847031 0.99613178
937853935 0.0000000 0.99797785 0.99501914
937855132 0.0000000 0.99054503 0.97910756
937855190 0.0000000 0.98952121 0.97686005
937855723 0.0000000 0.99824971 0.99539334
937855970 0.0000000 0.99570793 0.99012148
937856091 0.0000000 0.99370188 0.98568231
937856432 0.0000000 0.99944210 0.99808717
937856582 0.0000000 0.99825907 0.99553144
937856696 0.0000000 0.99001038 0.97776467
937857472 0.0000000 0.99898851 0.99726903
937857635 0.0000000 0.99953634 0.99848640
937857736 0.0000000 0.99953717 0.99848282
937858091 0.0000000 0.99582434 0.99021387
937858229 0.0000000 0.99498355 0.98829067
937858299 0.0000000 0.99113739 0.97999245
937858683 0.0000000 0.99783558 0.99486601
937858919 0.0000000 0.99821311 0.99558973
937859055 0.0000000 0.99486566 0.98837507
937859058 0.0000000 0.99477106 0.98817778
937859360 0.0000000 0.99439019 0.98743993
937860003 0.0000000 0.99876553 0.99675429
937860228 0.0000000 0.99842680 0.99610656
937861680 0.0000000 0.99326706 0.98479980
937861835 0.0000000 0.98800254 0.97354341
937862125 0.0000000 0.99730963 0.99346131
937862129 0.0000000 0.99731874 0.99348015
937862604 0.0000000 0.99856853 0.99639392
937862618 0.0000000 0.99865752 0.99654782
937862674 0.0000000 0.99834561 0.99587065
937862876 0.0000000 0.99606735 0.99076235
937862971 0.0000000 0.98786169 0.97331631
937863682 0.0000000 0.99930155 0.99765408
937863889 0.0000000 0.99712712 0.99347776
937863998 0.0000000 0.99712700 0.99347764
937864487 0.0000000 0.99949521 0.99829751
937864632 0.0000000 0.99636877 0.99169534
937865735 0.0000000 0.99543309 0.98929024
937865950 0.0000000 0.99918252 0.99758768
937866166 0.0000000 0.99916941 0.99756527
937866835 0.0000000 0.99350750 0.98555756
937867652 0.0000000 0.99287796 0.98406512
937867681 0.0000000 0.99239773 0.98291498
937867902 0.0000000 0.98462623 0.96604300
937868205 0.0000000 0.99746609 0.99377728
937868332 0.0000000 0.99705338 0.99303788
937868436 0.0000000 0.99644619 0.99195451
937868503 0.0000000 0.99621707 0.99151868
937869493 0.0000000 0.99927539 0.99773365
937871167 0.0000000 0.99440211 0.98749566
937871201 0.0000000 0.99459374 0.98791713
937873187 0.0000000 0.97587889 0.94674361
937874740 0.0000000 0.99823511 0.99560672
937876659 0.0000000 0.99739373 0.99322212
937876714 0.0000000 0.99730653 0.99300504
937876716 0.0000000 0.99729955 0.99298906
937877828 0.0000000 0.99754655 0.99413371
937880685 0.0000000 0.99200553 0.98231250
937881277 0.0000000 0.99588609 0.99040645
937881940 0.0000000 0.98487186 0.96648186
937882703 0.0000000 0.98204762 0.96194118
937882889 0.0000000 0.98350561 0.96518469
937884360 0.0000000 0.98299247 0.96215159
937884709 0.0000000 0.99862617 0.99649739
937889984 0.0000000 0.95637482 0.90426016
937891573 0.0000000 0.99049705 0.97891468
937893215 0.0000000 0.95036489 0.88485491
937894754 0.0000000 0.98151696 0.95870405
937895787 0.0000000 0.98049933 0.95668012
937897562 0.0000000 0.99839371 0.99613792
937899652 0.0000000 0.97832721 0.95282573
937899965 0.0000000 0.99326319 0.98492306
937900997 0.0000000 0.99666852 0.99218005
937905017 0.0000000 0.98538744 0.96781528
937906571 0.0000000 0.98904318 0.97490108
937906576 0.0000000 0.98928499 0.97543007
937906909 0.0000000 0.97843826 0.95239627
937912062 0.0000000 0.99918115 0.99745619
937913974 0.0000000 0.99599302 0.99043989
937924161 0.0000000 0.99532288 0.98931044
937924333 0.0000000 0.99456948 0.98767084
937924804 0.0000000 0.99651617 0.99177146
937927690 0.0000000 0.99895722 0.99698979
937930575 0.0000000 0.93763995 0.85361964
937935515 0.0000000 0.99787414 0.99490219
937937917 0.0000000 0.99844956 0.99625039
937952221 0.0000000 0.99669832 0.99216759
937959280 0.0000000 0.88680285 0.75977468
937959944 0.0000000 0.99452090 0.98736763
937960318 0.0000000 0.97270972 0.94042826
937961383 0.0000000 0.99965584 0.99875522
937961470 0.0000000 0.99927598 0.99800378
937963728 0.0000000 0.98937261 0.97683704
937966769 0.0000000 0.99202895 0.98245072
937969738 0.0000000 0.99204022 0.98238903
937972066 0.0000000 0.96989465 0.93367440
937980603 0.0000000 0.98514360 0.96715367
937998845 0.0000000 0.95842946 0.90181470
938002595 0.0000000 0.99973196 0.99893486
938002640 0.0000000 0.99973285 0.99893492
938003747 0.0000000 0.99364370 0.98569989
938005885 0.0000000 0.97045690 0.93494099
938007171 0.0000000 0.96193725 0.91275656
938032475 0.0000000 0.94955015 0.88531572
938047564 0.0000000 0.99746042 0.99375325
938047578 0.0000000 0.99748868 0.99381536
938065369 0.0000000 0.99870992 0.99640441
938090674 0.0000000 0.99927151 0.99760765
938102991 0.0000000 0.97933787 0.95377362
938112638 0.0000000 0.99326658 0.98508626
938122741 0.0000000 0.99744052 0.99384534
938131047 0.0000000 0.55652857 -1.2120986
938134070 0.0000000 0.97873449 0.95338655
938144305 0.0000000 0.99694133 0.99261719
938154802 0.0000000 0.96710235 0.92675710
938182940 0.0000000 0.99412036 0.98645437
938233153 0.0000000 0.99374920 0.98594803
938239989 0.0000000 0.96875745 0.93097121
938249011 0.0000000 0.99949312 0.99817300
938280361 0.0000000 0.99404222 0.98661071
938292712 0.0000000 0.99931866 0.99782646
938296447 0.0000000 0.99752927 0.99382037
938301077 0.0000000 0.97313243 0.93785608
938303569 0.0000000 0.99653131 0.99214453
938324751 0.0000000 0.97683316 0.94935066
938335124 0.0000000 0.98941940 0.97696453
938405002 0.0000000 0.99536461 0.98983526
938405506 0.0000000 0.99579185 0.99058294
938415640 0.0000000 0.99498868 0.98853236
938417299 0.0000000 0.99696016 0.99302077
938433307 0.0000000 0.99843746 0.99617916
938455800 0.0000000 0.99080318 0.97962171
938474998 0.0000000 0.98556423 0.96845996
938497922 0.0000000 0.99928677 0.99767727
938498029 0.0000000 0.99928439 0.99765295
938533419 0.0000000 0.99865007 0.99641359
938538992 0.0000000 0.97893989 0.95315766
938559689 0.0000000 0.97602302 0.94682497
938653443 0.0000000 0.99789965 0.99488646
938661090 0.0000000 0.96319729 0.91897374
938684670 0.0000000 0.89515609 0.74744594
938684985 0.0000000 0.99900466 0.99725115
938685159 0.0000000 0.99901217 0.99725181
938718118 0.0000000 0.98691255 0.97119766
938752742 0.0000000 0.85146254 0.62033230
938782450 0.0000000 0.99892664 0.99690783
938800412 0.0000000 0.99407452 0.98663896
938840074 0.0000000 0.99019361 0.97820777
938875726 0.0000000 0.98671192 0.96973187
938884454 0.0000000 0.98949903 0.97690427
938902620 0.0000000 0.99750012 0.99440706
938928221 0.0000000 0.98513567 0.96629286
938929942 0.0000000 0.98196054 0.95999849
938985195 0.0000000 0.99156946 0.98121488
938985199 0.0000000 0.99167073 0.98143703
938994192 0.0000000 0.99857396 0.99616766
939039975 0.0000000 0.99914926 0.99726427
939086024 0.0000000 0.99689215 0.99260008
939125897 0.0000000 0.99889934 0.99711692
939128833 0.0000000 0.97709537 0.94808722
939181528 0.0000000 0.99422300 0.98699313
939182868 0.0000000 0.98466504 0.96640164
939182938 0.0000000 0.97772062 0.95119196
939314050 0.0000000 0.98262876 0.96099412
939350917 0.0000000 0.99272883 0.98357999
939430120 0.0000000 0.97796309 0.95185262
939441491 0.0000000 0.99529940 0.98921633
939669011 0.0000000 0.99021667 0.97842544
939738651 0.0000000 0.95812559 0.90478623
939778786 0.0000000 0.99866790 0.99665928
940013295 0.0000000 0.98802078 0.97443748
940077118 0.0000000 0.99767745 0.99510217
940223787 0.0000000 0.94193822 0.86520648
940260686 0.0000000 0.99617988 0.99188012
940262445 0.0000000 0.99921751 0.99820989
940262518 0.0000000 0.99917555 0.99815732
940269334 0.0000000 0.99757063 0.99462330
940402039 0.0000000 0.92435873 0.82646596
940468923 0.0000000 0.95397282 0.89818174
940476855 0.0000000 0.99102855 0.98092818
940539108 0.0000000 0.99574131 0.99121261
940558736 0.0000000 0.99969918 0.99921572
940559247 0.0000000 0.99827290 0.99613649
940560205 0.0000000 0.99788606 0.99539059
940561817 0.0000000 0.99956191 0.99896252
940581254 0.0000000 0.99911731 0.99794972
940615024 0.0000000 0.99850255 0.99658585
940698483 0.0000000 0.99932528 0.99825060
940709625 0.0000000 0.90448797 0.76646161
940713046 0.0000000 0.99895841 0.99777061
940716409 0.0000000 0.99629778 0.99229360
940732771 0.0000000 0.98381484 0.96457779
941169407 0.0000000 0.85161895 0.60709733
941240702 0.0000000 0.91168696 0.79089504
941266965 0.0000000 0.97745496 0.95174187
941268765 0.0000000 0.98757291 0.97334737
941272069 0.0000000 0.99948716 0.99860173
941272235 0.0000000 0.94859159 0.88591558
941288463 0.0000000 0.98953813 0.97806096
941443051 0.0000000 0.97701943 0.95113838
941478782 0.0000000 0.99960339 0.99913549
942522421 0.0000000 0.94513083 0.87606937
942522833 0.0000000 0.98661584 0.97152644
942650721 0.0000000 0.99887675 0.99739170
942663367 0.0000000 0.99354798 0.98630804
942689449 0.0000000 0.99539405 0.99013251
942824109 0.0000000 0.99934429 0.99845594
942824158 0.0000000 0.99872357 0.99722779
943068575 0.0000000 0.98959059 0.97806132
943611150 0.0000000 0.98535150 0.96968114
943821740 0.0000000 0.99908715 0.99793714
943824350 0.0000000 0.99885750 0.99726564
943825521 0.0000000 0.23480944 -13.910844
944504073 0.0000000 0.84570676 0.59179389
944668884 0.0000000 0.88074869 0.69568950
946059252 0.0000000 0.99510729 0.98988247
946556672 0.0000000 0.99909276 0.99780005
946866008 0.0000000 0.99922842 0.99822259
947114226 0.0000000 0.99559194 0.99048561
947114473 0.0000000 0.97340626 0.94155359
947647037 0.0000000 0.99708903 0.99367446
947656074 0.0000000 0.98355490 0.96507174
948054125 0.0000000 0.99035418 0.97994453
948390129 0.0000000 0.99803382 0.99577445
948631348 0.0000000 0.99625140 0.99200314
949249486 0.0000000 0.64445329 -0.46554363
949263715 0.0000000 0.99322200 0.98538315
949566570 0.0000000 0.80131847 0.44289231
949603687 0.0000000 0.99948466 0.99862087
949879457 0.0000000 0.99093676 0.98072410
950650398 0.0000000 0.99953651 0.99875766
951234151 0.0000000 0.99837840 0.99593687
951353069 0.0000000 0.91485870 0.80091238
951459176 0.0000000 0.99612653 0.99161017
951553401 0.0000000 0.99880046 0.99720520
952578524 0.0000000 0.99964643 0.99898225
953167073 0.0000000 0.99951524 0.99865514
953212255 0.0000000 0.99904239 0.99759167
953455846 0.0000000 0.81266475 0.45874238
953488627 0.0000000 0.99802595 0.99538374
953907196 0.0000000 0.87314677 0.67638779
954673370 0.0000000 0.98476636 0.96836030
955161703 0.0000000 0.99906778 0.99770194
955676198 0.0000000 0.98496574 0.96801710
956035742 0.0000000 0.87955219 0.70204258
956153058 0.0000000 0.99773645 0.99515969
956694214 0.0000000 0.99154502 0.98202550
956994415 0.0000000 0.90019989 0.76756442
957620512 0.0000000 0.99498159 0.98921776
957716288 0.0000000 0.99938947 0.99852306
957743265 0.0000000 0.97397316 0.94355726
958533946 0.0000000 0.99899781 0.99769104
958534040 0.0000000 0.99640441 0.99231929
958587166 0.0000000 0.99934781 0.99834937
958663136 0.0000000 0.99830306 0.99637461
960256179 0.0000000 0.89033186 0.73371589
960661409 0.0000000 0.99987817 0.99961388
960661589 0.0000000 0.99646670 0.99263448
960661674 0.0000000 0.98778975 0.97478151
960662889 0.0000000 0.98920280 0.97702014
960754280 0.0000000 0.98260063 0.96333683
961116366 0.0000000 0.85668612 0.63888550
961368290 0.0000000 0.99589252 0.99127638
961399971 0.0000000 0.98957729 0.97815555
961451784 0.0000000 0.99879581 0.99729931
961469614 0.0000000 0.40324089 -4.0440102
962192101 0.0000000 0.94395369 0.87523019
962853138 0.0000000 0.99538618 0.99006659
962873883 0.0000000 0.99229401 0.98371071
962965068 0.0000000 0.90670282 0.78272790
963001962 0.0000000 0.71738714 5.33003211E-02
963210193 0.0000000 0.77493042 0.30384606
963217977 0.0000000 0.97930050 0.95570809
963509765 0.0000000 0.92518055 0.82688051
963525670 0.0000000 0.97036195 0.93620485
963533252 0.0000000 0.99753207 0.99495232
963559100 0.0000000 0.91810632 0.81327021
963567650 0.0000000 0.96350795 0.92195809
963568050 0.0000000 0.98060739 0.95796484
963585926 0.0000000 0.64999086 -0.45396197
963615874 0.0000000 0.98214298 0.96325648
963717707 0.0000000 0.99980718 0.99946672
963816639 0.0000000 0.97807562 0.95370686
963981993 0.0000000 0.99133497 0.98178381
964476636 0.0000000 0.98837745 0.97563553
964816087 0.0000000 0.99977243 0.99938077
965205271 0.0000000 0.99490970 0.98930818
965442747 0.0000000 0.94907111 0.88535577
965555500 0.0000000 0.97372401 0.94334209
965617867 0.0000000 0.98580420 0.96997076
966082949 0.0000000 0.97555572 0.94723040
966754777 0.0000000 0.99714094 0.99374270
966768493 0.0000000 0.99931633 0.99833995
966768672 0.0000000 0.99921304 0.99808800
966798273 0.0000000 0.98976666 0.97793424
966876143 0.0000000 0.99823475 0.99610484
966991756 0.0000000 0.99922264 0.99813873
967018437 0.0000000 0.96565807 0.92524856
967800278 0.0000000 0.98817128 0.97466922
968576086 0.0000000 0.99889916 0.99759167
968669370 0.0000000 0.91169178 0.79166681
968735354 0.0000000 0.52392989 -1.6894617
968815712 0.0000000 0.98186404 0.96040845
968976446 0.0000000 0.96657526 0.92934287
969144830 0.0000000 0.99650174 0.99234653
969145452 0.0000000 0.99126041 0.98137772
969456259 0.0000000 0.72240716 5.81474304E-02
969516246 0.0000000 0.95116210 0.89166915
970270882 0.0000000 0.99581718 0.99100351
970691362 0.0000000 0.86691535 0.66703254
972371517 0.0000000 0.94945562 0.88607734
972935645 0.0000000 0.97368705 0.94460154
974678829 0.0000000 0.91007549 0.78952104
974978532 0.0000000 0.79653138 0.41398209
975495633 0.0000000 0.99803156 0.99566668
975505300 0.0000000 0.97356761 0.94227064
976442918 0.0000000 0.99682689 0.99300051
976476644 0.0000000 0.99916106 0.99782604
976653172 0.0000000 0.99495620 0.98935276
977484180 0.0000000 0.98423398 0.96867073
977800861 0.0000000 0.98810828 0.97630966
977801150 0.0000000 0.67665136 -9.07186270E-02
977994086 0.0000000 0.99813867 0.99580175
978113008 0.0000000 0.99634677 0.99232095
978169408 0.0000000 0.99491686 0.98964006
978205372 0.0000000 0.98332071 0.96679306
978476098 0.0000000 0.94305474 0.88023448
979067787 0.0000000 0.96650106 0.93286729
979069110 0.0000000 0.91177130 0.80662560
979202219 0.0000000 0.99156064 0.98315459
979204150 0.0000000 0.98751175 0.97511858
979609386 0.0000000 0.99323291 0.98639685
980206038 0.0000000 0.98929477 0.97864068
980698596 0.0000000 0.42283592 -3.5770116
981386039 0.0000000 0.98532313 0.97066355
981653649 0.0000000 0.99522507 0.99034381
982365189 0.0000000 0.99758202 0.99475926
982527910 0.0000000 0.99913579 0.99761420
982955906 0.0000000 0.99399686 0.98791319
983077277 0.0000000 0.89996934 0.77308136
983464670 0.0000000 0.99968719 0.99863482
986938306 0.0000000 0.99661773 0.99255896
988100797 0.0000000 0.99669570 0.99298489
988336953 0.0000000 0.99982893 0.99856925
989765823 0.0000000 0.99973142 0.99836332
990117114 0.0000000 0.85677207 0.66116345
990630314 0.0000000 0.99943352 0.99776840
992208377 0.0000000 0.99973500 0.99836361
992209870 0.0000000 0.99984473 0.99835962
992438274 0.0000000 0.99986124 0.99867499
992486125 0.0000000 0.99995172 0.99879920
992592933 0.0000000 0.99907285 0.99777567
992927775 0.0000000 0.99979502 0.99860811
992929419 0.0000000 0.99982977 0.99865907
993581187 0.0000000 0.99985242 0.99873483
993854508 0.0000000 0.99949771 0.99803734
993874057 0.0000000 0.99971884 0.99854565
994007634 0.0000000 0.99954605 0.99800253
994692047 0.0000000 0.99974662 0.99849272
995024004 0.0000000 0.99938828 0.99779636
995162867 0.0000000 0.99972284 0.99856144
995890516 0.0000000 0.99948114 0.99831009
996113981 0.0000000 0.99887258 0.99694514
997156421 0.0000000 0.99957538 0.99813133
998326679 0.0000000 0.99965286 0.99828881
999257596 0.0000000 0.99901760 0.99697149
1000062111 0.0000000 0.99678206 0.99291152
1000197538 0.0000000 0.99970978 0.99820274
1000766684 0.0000000 0.99994373 0.99865198
1001410293 0.0000000 0.99729270 0.99373132
1001954970 0.0000000 0.99764872 0.99447125
1004092959 0.0000000 0.99966776 0.99827105
1004454253 0.0000000 0.99862140 0.99614716
1004863535 0.0000000 0.99989402 0.99844891
1005352632 0.0000000 0.99851054 0.99570656
1006580783 0.0000000 0.99927276 0.99739397
1007019252 0.0000000 0.99944580 0.99772102
1007572713 0.0000000 0.99746537 0.99430293
1007712455 0.0000000 0.99982530 0.99840820
1007972664 0.0000000 0.99972111 0.99818611
1008464695 0.0000000 0.99904698 0.99706882
1008648180 0.0000000 0.99995214 0.99851906
1008649429 0.0000000 0.99880069 0.99642193
1008650819 0.0000000 0.99908549 0.99700743
1008651467 0.0000000 0.99922806 0.99718875
1008652414 0.0000000 0.99983978 0.99837643
1008671685 0.0000000 0.99919784 0.99719459
1008686668 0.0000000 0.99778050 0.99449831
1008715277 0.0000000 0.99780720 0.99457461
1008786983 0.0000000 0.99932408 0.99731082
1008836107 0.0000000 0.99634916 0.99209774
1008890954 0.0000000 0.99565709 0.99070239
1009057225 0.0000000 0.99968356 0.99803954
1009168145 0.0000000 0.99839616 0.99554443
1009442091 0.0000000 0.76051527 0.57825255
1009500099 0.0000000 0.99987257 0.99840552
1010371507 0.0000000 0.99985629 0.99847782
1010509239 0.0000000 0.99993783 0.99855828
1011026056 0.0000000 0.99916732 0.99707013
1011031830 0.0000000 0.99985307 0.99833977
1011063499 0.0000000 0.99640805 0.99211484
1011682027 0.0000000 0.99969542 0.99819744
1012271064 0.0000000 0.99984384 0.99843532
1012580587 0.0000000 0.99896044 0.99676090
1013484445 0.0000000 0.99986207 0.99839073
1013485377 0.0000000 0.99965245 0.99814337
1013486436 0.0000000 0.99959111 0.99810272
1014927282 0.0000000 0.99675649 0.99280679
1014972465 0.0000000 0.99983019 0.99852663
1015232666 0.0000000 0.99950606 0.99795765
1016105151 0.0000000 0.99975562 0.99825394
1016468323 0.0000000 0.99730402 0.99361497
1017159906 0.0000000 0.99759990 0.99419558
1017557569 0.0000000 0.99996507 0.99856913
1017557822 0.0000000 0.99995732 0.99852914
1017594576 0.0000000 0.99851513 0.99584544
1017816456 0.0000000 0.99958098 0.99781948
1017857170 0.0000000 0.99989778 0.99839246
1017925489 0.0000000 0.99890000 0.99664402
1018065946 0.0000000 0.99764228 0.99414986
1018137582 0.0000000 0.99370927 0.98699129
1018221645 0.0000000 0.99904937 0.99690145
1018414606 0.0000000 0.99747610 0.99419200
1018800484 0.0000000 0.99804401 0.99497670
1018898180 0.0000000 0.99955267 0.99797618
1019054808 0.0000000 0.99575126 0.99082720
1019292480 0.0000000 0.99991488 0.99844736
1019488470 0.0000000 0.99960691 0.99785197
1019673665 0.0000000 0.99950081 0.99808681
1020000226 0.0000000 0.99990416 0.99847990
1021004232 0.0000000 0.99968678 0.99834114
1021024958 0.0000000 0.99781400 0.99487776
1021028934 0.0000000 0.99947059 0.99769109
1021434365 0.0000000 0.99995834 0.99853528
1021434812 0.0000000 0.53426766 -1.1198664
1021435155 0.0000000 0.97381330 0.94824833
1021437004 0.0000000 0.99648374 0.99186808
1021437761 0.0000000 0.99890530 0.99656546
1021888184 0.0000000 0.99915081 0.99707347
1022604314 0.0000000 0.99994028 0.99847746
1022741620 0.0000000 0.99978328 0.99834114
1022779647 0.0000000 0.99974406 0.99827814
1024000827 0.0000000 0.99964672 0.99798882
1024039343 0.0000000 0.99977279 0.99833190
1024059173 0.0000000 0.99947852 0.99775922
1024224102 0.0000000 0.99880517 0.99648303
1024232773 0.0000000 0.99877578 0.99628359
1024881141 0.0000000 0.99944210 0.99785858
1026036068 0.0000000 0.99931353 0.99736184
1026372982 0.0000000 0.99979424 0.99838686
1026373076 0.0000000 0.99993032 0.99848616
1026374005 0.0000000 0.99913085 0.99710476
1026378668 0.0000000 0.99814171 0.99520779
1026925041 0.0000000 0.99954933 0.99799854
1026933281 0.0000000 0.99979627 0.99840617
1026967951 0.0000000 0.99978131 0.99813616
1028885460 0.0000000 0.99757934 0.99456173
1028970195 0.0000000 0.99980986 0.99835092
1029367736 0.0000000 0.99102324 0.98175013
1030006163 0.0000000 0.99720263 0.99369800
1030375930 0.0000000 0.99917495 0.99741518
1030554334 0.0000000 0.99989009 0.99860859
1030628193 0.0000000 0.99973619 0.99834025
1030651553 0.0000000 0.99959946 0.99804139
1030859781 0.0000000 0.99975699 0.99822122
1030864055 0.0000000 0.99976861 0.99836415
1031310121 0.0000000 0.99990976 0.99854553
1031439572 0.0000000 0.99976528 0.99828446
1031647094 0.0000000 0.99965304 0.99807715
1032052013 0.0000000 0.99964917 0.99692464
1032134610 0.0000000 0.99993932 0.99770445
1032294371 0.0000000 0.99872637 0.99470580
1032315669 0.0000000 0.99961150 0.99687195
1032907402 0.0000000 0.98254824 0.96070689
1033103267 0.0000000 0.99984330 0.99750119
1033374913 0.0000000 0.99984342 0.99730152
1033690544 0.0000000 0.99172956 0.97924471
1033947513 0.0000000 0.99791300 0.99306452
1034070514 0.0000000 0.99757159 0.99220121
1034480608 0.0000000 0.99978983 0.99677080
1034923400 0.0000000 0.99935532 0.99625772
1034928298 0.0000000 0.99860799 0.99453092
1035149152 0.0000000 0.99963844 0.99705404
1035153178 0.0000000 0.99912757 0.99575841
1035197382 0.0000000 0.99946493 0.99614674
1035991040 0.0000000 0.99674720 0.99024355
1036098952 0.0000000 0.99980146 0.99728143
1036697273 0.0000000 0.99691516 0.99075300
1036697648 0.0000000 0.99952793 0.99681300
1036886824 0.0000000 0.99980259 0.99724030
1038324582 0.0000000 0.99943197 0.99633765
1039232712 0.0000000 0.99980938 0.99708879
1039743025 0.0000000 0.99942917 0.99562627
1040450954 0.0000000 0.99987674 0.99722016
1040520314 0.0000000 0.99942482 0.99541366
1040644457 0.0000000 0.99968219 0.99651951
1040799690 0.0000000 0.99972534 0.99680942
1041632855 0.0000000 0.99407327 0.98406917
1042809813 0.0000000 0.99979895 0.99702096
1043607562 0.0000000 0.99964541 0.99640042
1044768063 0.0000000 0.99983048 0.99726415
1044817061 0.0000000 0.99937093 0.99615693
1045633623 0.0000000 0.99938536 0.99602276
1046065971 0.0000000 0.99968684 0.99678326
1046575544 0.0000000 0.99940681 0.99618816
1048808323 0.0000000 0.99866551 0.99431610
1049310522 0.0000000 0.99961555 0.99697608
1049353173 0.0000000 0.99982679 0.99699467
1051845960 0.0000000 0.99964428 0.99673623
1051900153 0.0000000 0.97570443 0.94061130
1052394722 0.0000000 0.98195040 0.95611548
1052961462 0.0000000 0.99969304 0.99709815
1053904321 0.0000000 0.99913412 0.99501401
1054395492 0.0000000 0.99974680 0.99722683
1055123570 0.0000000 0.99991387 0.99751061
1055135284 0.0000000 0.99975497 0.99715012
1055234432 0.0000000 0.99991429 0.99755806
1055390332 0.0000000 0.99945664 0.99597293
1055425274 0.0000000 0.99935383 0.99638200
1055472531 0.0000000 0.99116129 0.97784746
1055510426 0.0000000 0.99893224 0.99516398
1055788418 0.0000000 0.99970281 0.99689782
1055803080 0.0000000 0.99968201 0.99675834
1056357316 0.0000000 0.99894601 0.99457508
1057028486 0.0000000 0.99594581 0.98871100
1057319282 0.0000000 0.99977756 0.99715143
1058108790 0.0000000 0.99903709 0.99547362
1058496080 0.0000000 0.99946797 0.99647105
1059102630 0.0000000 0.99944174 0.99644291
1059590191 0.0000000 0.99945194 0.99635941
1059850488 0.0000000 0.99671948 0.99065828
1059910523 0.0000000 0.99966359 0.99687284
1059994404 0.0000000 0.99988627 0.99733520
1060172588 0.0000000 0.99993610 0.99758267
1060619413 0.0000000 0.99980706 0.99718761
1061586322 0.0000000 0.99847335 0.99373275
1062262342 0.0000000 0.99801719 0.99309832
1062859632 0.0000000 0.99969083 0.99702185
1063234506 0.0000000 0.99958414 0.99616933
1063264037 0.0000000 0.99881142 0.99451071
1064365712 0.0000000 0.99974304 0.99707198
1064533379 0.0000000 0.99834079 0.99387324
1065785029 0.0000000 0.99979830 0.99709332
1065790269 0.0000000 0.99944657 0.99561590
1065847269 0.0000000 0.99860948 0.99424297
1067505195 0.0000000 0.99693906 0.99053979
1068127124 0.0000000 0.99989104 0.99732041
1068356150 0.0000000 0.99781233 0.99258363
1068595355 0.0000000 0.99989927 0.99743032
1068804765 0.0000000 0.99963051 0.99614578
1068825242 0.0000000 0.99950731 0.99622488
1069412363 0.0000000 0.99964648 0.99667537
1070682432 0.0000000 0.99801934 0.99308795
1070692497 0.0000000 0.99962652 0.99628770
1070921046 0.0000000 0.99984914 0.99728370
1071031093 5.00000007E-02 0.62525916 -1.7019360
1071031176 0.0000000 0.99978870 0.99699771
1071031375 0.0000000 0.99935710 0.99501848
1071031628 0.0000000 0.99961239 0.99647892
1071031695 0.0000000 0.99972451 0.99702507
1071031744 0.0000000 0.99973232 0.99707127
1071031844 0.0000000 0.99974841 0.99684227
1071031926 0.0000000 0.99957824 0.99649733
1071033611 0.0000000 0.99988604 0.99751586
1071033625 0.0000000 0.99988985 0.99754846
1071035006 0.0000000 0.99976951 0.99707711
1071038489 0.0000000 0.99969351 0.99679625
1071042579 0.0000000 0.99982446 0.99733377
1071043831 0.0000000 0.99970192 0.99690443
1071046005 0.0000000 0.99981260 0.99721259
1071046239 0.0000000 0.99940604 0.99508667
1071074159 0.0000000 0.99982923 0.99738383
1071095531 0.0000000 0.99960726 0.99667937
1071100910 0.0000000 0.99949479 0.99572504
1071109335 0.0000000 0.99971920 0.99674392
1071169499 0.0000000 0.99979079 0.99690747
1071182968 0.0000000 0.99974006 0.99689937
1071183209 0.0000000 0.99983871 0.99722421
1071183435 0.0000000 0.99985003 0.99728912
1071443800 0.0000000 0.99969298 0.99705631
1071583019 0.0000000 0.99973911 0.99704462
1071584001 0.0000000 0.99948722 0.99649650
1071678445 0.0000000 0.99990118 0.99737710
1071725608 0.0000000 0.97876418 0.95338833
1072705310 0.0000000 0.99963748 0.99661285
1072926918 0.0000000 0.99981374 0.99715757
1073475853 0.0000000 0.99923056 0.99572301
1073756920 0.0000000 0.99125457 0.97804087
1075317204 0.0000000 0.99976963 0.99658883
1075317446 0.0000000 0.99971330 0.99663419
1075318489 0.0000000 0.99969476 0.99658531
1075466599 0.0000000 0.99682319 0.99062651
1076851926 0.0000000 0.99900657 0.99559790
1076884025 0.0000000 0.99974328 0.99711859
1077531525 0.0000000 0.99958766 0.99617028
1077584107 0.0000000 0.99702543 0.99050373
1078321829 0.0000000 0.99559170 0.98824233
1079154231 0.0000000 0.99968094 0.99686545
1080241624 0.0000000 0.99975878 0.99716067
1081488818 0.0000000 0.99899608 0.99517131
1082397083 0.0000000 0.99941689 0.99474263
1082563195 0.0000000 0.99895334 0.99441737
1082729069 0.0000000 0.99980307 0.99703580
1082820030 0.0000000 0.99970502 0.99691200
1083398171 0.0000000 0.99990106 0.99754506
1083961065 0.0000000 0.99988049 0.99726713
1084003366 0.0000000 0.99994934 0.99761260
1084082541 0.0000000 0.99973053 0.99676108
1084133207 0.0000000 0.99984294 0.99730736
1084597670 0.0000000 0.99953407 0.99643886
1084687448 0.0000000 0.99979901 0.99735898
1084950252 0.0000000 0.81293988 0.47902828
1085103239 0.0000000 0.99976343 0.99711549
1085390106 0.0000000 0.99959248 0.99605560
1086195389 0.0000000 0.99987358 0.99728066
1086315872 0.0000000 0.99975556 0.99708426
1086883086 0.0000000 0.99971080 0.99685830
1087613581 0.0000000 0.99991548 0.99756795
1089099122 0.0000000 0.99984270 0.99735945
1089113880 0.0000000 0.99971479 0.99669856
1089371968 0.0000000 0.99922258 0.99544346
1090478200 0.0000000 0.99887300 0.99498588
1091970746 0.0000000 0.99909937 0.99563169
1092861100 0.0000000 0.99957764 0.99653327
1093118276 0.0000000 0.99646997 0.98943406
1093908136 0.0000000 0.99695867 0.99064434
1095475955 0.0000000 0.99947786 0.99634242
1097813330 0.0000000 0.99989974 0.99753338
1098848984 0.0000000 0.99916613 0.99515313
1099928102 0.0000000 0.99868232 0.99471635
1099929295 0.0000000 0.99995190 0.99763501
1099929521 0.0000000 0.99983507 0.99735624
1099931589 0.0000000 0.99829799 0.99370164
1099942690 0.0000000 0.99980879 0.99727345
1100098082 0.0000000 0.99976426 0.99714655
1100139404 0.0000000 0.99993914 0.99753350
1100237223 0.0000000 0.99835843 0.99410146
1100955874 0.0000000 0.99717832 0.99144650
1103674687 0.0000000 0.99973744 0.99704838
1105287429 0.0000000 0.99387115 0.98271412
1105405102 0.0000000 0.99961388 0.99572372
1105536640 0.0000000 0.99969232 0.99653059
1105765351 0.0000000 0.99871302 0.99432540
1106056455 0.0000000 0.99422944 0.98410416
1106207236 0.0000000 0.99892241 0.99453050
1106226863 0.0000000 0.99962842 0.99611807
1106317701 0.0000000 0.99979275 0.99654800
1106377004 0.0000000 0.99963391 0.99575067
1106829094 0.0000000 0.99922383 0.99501586
1107166208 0.0000000 0.99957025 0.99608666
1107223187 0.0000000 0.99973321 0.99666852
1107233798 0.0000000 0.99939311 0.99548751
1107286746 0.0000000 0.99146950 0.97826403
1107388387 0.0000000 0.99883008 0.99426007
1107601144 0.0000000 0.99966139 0.99622738
1107601252 0.0000000 0.99965501 0.99624473
1108162580 0.0000000 0.99930519 0.99553722
1108757898 0.0000000 0.99971676 0.99607700
1108761568 0.0000000 0.99950582 0.99571842
1110049611 0.0000000 0.99962598 0.99600619
1110049680 0.0000000 0.99961394 0.99602044
1110050185 0.0000000 0.99927980 0.99538535
1110050874 0.0000000 0.99882591 0.99439889
1110568232 0.0000000 0.99906272 0.99457759
1111274786 0.0000000 0.99939954 0.99575055
1113182839 0.0000000 0.99833173 0.99339837
1113208093 0.0000000 0.99963039 0.99599481
1113260515 0.0000000 0.99979568 0.99678421
1113331351 0.0000000 0.99880654 0.99461472
1114345058 0.0000000 0.99971962 0.99644458
1114872497 0.0000000 0.99987459 0.99702775
1114872533 0.0000000 0.99987108 0.99703974
1114872543 0.0000000 0.99987239 0.99705315
1114981677 0.0000000 0.99904114 0.99541342
1115167250 0.0000000 0.99960893 0.99659413
1115753263 0.0000000 0.99991423 0.99782175
1115910658 0.0000000 0.99939930 0.99613690
1115942660 0.0000000 0.99857652 0.99404830
1116353193 0.0000000 0.99871761 0.99433964
1117405041 0.0000000 0.99966496 0.99672759
1117642805 0.0000000 0.99957454 0.99630564
1118162704 0.0000000 0.99971139 0.99669075
1118367166 0.0000000 0.99961853 0.99638355
1118396676 0.0000000 0.99963063 0.99650115
1118501300 0.0000000 0.99873734 0.99403054
1118677980 0.0000000 0.99905604 0.99517864
1118868304 0.0000000 0.96235496 0.90788472
1119087065 0.0000000 0.99972951 0.99661052
1119729025 0.0000000 0.99860555 0.99474055
1119876655 0.0000000 0.99858999 0.99407297
1121472051 0.0000000 0.99959522 0.99643433
1121864763 0.0000000 0.99968046 0.99665403
1122385024 0.0000000 0.99957716 0.99651992
1122618639 0.0000000 0.99935216 0.99589574
1122777951 0.0000000 0.99938118 0.99593717
1123439949 0.0000000 0.99714220 0.99103767
1125373372 0.0000000 0.99948305 0.99588603
1125685516 0.0000000 0.99811727 0.99316257
1125969360 0.0000000 0.99992603 0.99734509
1127055473 0.0000000 0.99710202 0.99122167
1127456637 0.0000000 0.99975431 0.99713773
1127471662 0.0000000 0.99954987 0.99688452
1127494190 0.0000000 0.99963087 0.99687064
1127760620 0.0000000 0.99983889 0.99727023
1128153007 0.0000000 0.99748969 0.99206978
1128174696 0.0000000 0.99960607 0.99665195
1128475640 0.0000000 0.99846327 0.99345690
1128528995 0.0000000 0.99805528 0.99325651
1128891916 0.0000000 0.99710459 0.99059558
1128923244 0.0000000 0.99906373 0.99502879
1129069430 0.0000000 0.99478853 0.98548812
1129155495 0.0000000 0.99929637 0.99577487
1129246313 0.0000000 0.99889493 0.99495673
1129324370 0.0000000 0.99983352 0.99701333
1129391464 0.0000000 0.99990225 0.99736315
1129907016 0.0000000 0.99724865 0.99138194
1130249327 0.0000000 0.99688524 0.99036300
1131428965 0.0000000 0.99945480 0.99563915
1131431840 0.0000000 0.99495947 0.98608530
1132062095 0.0000000 0.99961334 0.99661547
1132132485 0.0000000 0.99957550 0.99608302
1132148341 0.0000000 0.99947113 0.99637103
1132166999 0.0000000 0.99935031 0.99635184
1132661855 0.0000000 0.99949932 0.99619663
1132975230 0.0000000 0.99973959 0.99698573
1133111580 0.0000000 0.99878806 0.99469942
1133304109 0.0000000 0.99975753 0.99729925
1133601723 0.0000000 0.99773711 0.99294734
1133908462 0.0000000 0.99959475 0.99707991
1134710133 0.0000000 0.99981487 0.99684572
1135808248 0.0000000 0.99958044 0.99631733
1135976852 0.0000000 0.99990088 0.99704140
1136739698 0.0000000 0.99986243 0.99747550
1137913657 0.0000000 0.99940073 0.99605709
1137989937 0.0000000 0.99933714 0.99531704
1137990003 0.0000000 0.99937540 0.99584919
1138288259 0.0000000 0.99541306 0.98696512
1139284609 0.0000000 0.99731171 0.98956388
1140725945 0.0000000 0.99967760 0.99683499
1140746150 0.0000000 0.99974662 0.99690896
1141877248 0.0000000 0.99985939 0.99702138
1142029462 0.0000000 0.99915868 0.99502611
1142229311 0.0000000 0.99619538 0.98812008
1142709582 0.0000000 0.99908668 0.99510163
1143536168 -34.549999 5.42802438E-02 -6067448.5
1143616861 -135.85001 5.49861006E-02 -3556920.3
1143885739 -167.00000 4.61485088E-02 -4.34517899E+13
1143885924 -135.35001 6.19866773E-02 -1.87550548E+11
1143888020 -180.85001 4.97850627E-02 -1.34948569E+11
1144129163 -279.39999 5.75085618E-02 -4.17771315E+10
1144133312 -12.600000 5.53704351E-02 -6.22104494E+10
1144179006 56.650002 5.88915385E-02 -1.51301600E+08
1144806135 -24.850000 5.82635887E-02 -7.68921408E+08
1145140855 0.0000000 0.94964904 0.89832890
1145323561 0.0000000 0.99969858 0.99654347
1146215126 0.0000000 0.99993360 0.99722457
1146944291 0.0000000 0.97503465 0.93753207
1146966782 0.0000000 0.99995148 0.99727565
1147258751 0.0000000 0.99959719 0.99585402
1149411961 0.0000000 0.99963862 0.99783552
1149467938 0.0000000 0.99977601 0.99855059
1149638545 0.0000000 0.99327612 0.98466730
1149771133 0.0000000 0.99948645 0.99771541
1150128882 0.0000000 0.99942070 0.99688125
1151387381 0.0000000 0.99808592 0.99474341
1154072410 0.0000000 0.99992239 0.99891472
1154182305 0.0000000 0.99975139 0.99850196
1155212722 0.0000000 0.99940783 0.99515170
1155340266 0.0000000 0.99978113 0.99634016
1155354114 0.0000000 0.99965781 0.99580574
1155443514 0.0000000 0.99945194 0.99535906
1156044082 0.0000000 0.99947518 0.99476624
1156698676 0.0000000 0.99979281 0.99668527
1158266854 0.0000000 0.99709344 0.99015445
1159598968 0.0000000 0.99890882 0.99401873
1159684577 0.0000000 0.99975014 0.99643445
1160388105 0.0000000 0.99988216 0.99665844
1160392104 0.0000000 0.99991632 0.99685842
1160549032 0.0000000 0.99980909 0.99655163
1160664389 0.0000000 0.99992877 0.99711710
1163299258 0.0000000 0.99953049 0.99611938
1163456967 0.0000000 0.99968839 0.99614918
1163641819 0.0000000 0.99962562 0.99577904
1164570370 0.0000000 0.99887717 0.99402428
1165358160 0.0000000 0.99962342 0.99624318
1165368969 0.0000000 0.99870831 0.99316388
1166094636 0.0000000 0.99949002 0.99620962
1166561075 0.0000000 0.99913800 0.99564314
1166894907 0.0000000 0.99982810 0.99681449
1167121204 0.0000000 0.99974269 0.99654728
1167135981 0.0000000 0.99993944 0.99680489
1167136317 0.0000000 0.95625508 0.88658267
1167136455 0.0000000 0.95627356 0.88663816
1167136825 0.0000000 0.99983943 0.99663591
1167144800 0.0000000 0.99988747 0.99701387
1167147704 0.0000000 0.99991840 0.99701196
1167154513 0.0000000 0.99993670 0.99709630
1167186639 0.0000000 0.99990314 0.99678385
1167298740 0.0000000 0.99965304 0.99594700
1167318376 0.0000000 0.99629670 0.98802996
1167324678 0.0000000 0.99975789 0.99631160
1167592780 0.0000000 0.99945313 0.99553311
1167604646 0.0000000 0.99797642 0.99240047
1168792515 0.0000000 0.99968648 0.99651855
1168917035 0.0000000 0.99987388 0.99694514
1169006425 0.0000000 0.99911827 0.99391812
1169712716 0.0000000 0.99919033 0.99526465
1169722755 0.0000000 0.99982518 0.99659866
1170262059 0.0000000 0.99944907 0.99539053
1170524118 0.0000000 0.99971741 0.99635917
1171366614 0.0000000 0.99833888 0.99322075
1171832699 0.0000000 0.99994946 0.99713093
1172178017 0.0000000 0.99896777 0.99476117
1173308237 0.0000000 0.99973416 0.99633676
1173368256 0.0000000 0.99738020 0.99127078
1174197233 0.0000000 0.99937868 0.99517554
1175309106 0.0000000 0.99240464 0.97866732
1175583473 0.0000000 0.99909264 0.99516267
1176242685 0.0000000 0.99342537 0.98206341
1177115546 0.0000000 0.99985164 0.99649137
1177175308 0.0000000 0.99982530 0.99679369
1178992210 0.0000000 0.99853897 0.99397296
1180238725 0.0000000 0.99965036 0.99592209
1180618796 0.0000000 0.99979615 0.99675250
1181939353 0.0000000 0.99922138 0.99420547
1182196765 0.0000000 0.99403119 0.98332691
1182265663 0.0000000 0.99930507 0.99550295
1182396227 0.0000000 0.99942696 0.99547082
1182398897 0.0000000 0.99988937 0.99677938
1184629372 0.0000000 0.99972063 0.99624437
1185198002 0.0000000 0.99979162 0.99661958
1185799546 0.0000000 0.99928254 0.99558097
1185861072 0.0000000 0.99619812 0.98777682
1186620947 0.0000000 0.56505740 -0.57297695
1186786330 0.0000000 0.99842912 0.99351758
1188350129 0.0000000 0.99988955 0.99698120
1188356416 0.0000000 0.99993777 0.99710816
1188908193 0.0000000 0.99954349 0.99583131
1188950111 0.0000000 0.99920672 0.99451530
1189101086 0.0000000 0.99987155 0.99678785
1189101321 0.0000000 0.99972594 0.99627793
1189194674 0.0000000 0.99766219 0.99124306
1190442424 0.0000000 0.99853104 0.99704349
1191742755 0.0000000 0.99742293 0.99477708
1192071901 0.0000000 0.99926478 0.99852127
1192632000 0.0000000 0.99957848 0.99913400
1193967194 0.0000000 0.99324304 0.98631239
1194476053 0.0000000 0.99554688 0.99107629
1196283913 0.0000000 0.99945074 0.99884868
1196818902 0.0000000 0.99965423 0.99929368
1196950527 0.0000000 0.99919528 0.99833918
1197715613 0.0000000 0.99580878 0.99114949
1198522115 0.0000000 0.99982941 0.99964511
1200543890 0.0000000 0.96727943 0.93079275
1200856359 0.0000000 0.99919403 0.99833423
1201442068 0.0000000 0.98728299 0.97414386
1203280382 0.0000000 0.99991584 0.99982285
1203409866 0.0000000 0.99319983 0.98614120
1203790455 0.0000000 0.99973035 0.99945903
1204138448 0.0000000 0.99758816 0.99517596
1204304285 0.0000000 0.99943727 0.99887460
1204490434 0.0000000 0.88460177 0.72672343
1204651907 0.0000000 0.99989253 0.99978906
1204651936 0.0000000 0.99988538 0.99976462
1204670552 0.0000000 0.99980885 0.99961025
1207186072 0.0000000 0.98922569 0.97763962
1208187584 0.0000000 0.99961245 0.99918503
1212285435 0.0000000 0.99997634 0.99994594
1212339563 0.0000000 0.99988937 0.99977160
1213107823 0.0000000 0.99685872 0.99366480
1213158817 0.0000000 0.99980330 0.99960309
1213486164 0.0000000 0.99982315 0.99961972
1214086760 0.0000000 0.99969405 0.99935180
1214128508 0.0000000 0.99957108 0.99911493
1214561217 0.0000000 0.99709183 0.99411863
1215221786 0.0000000 0.95854527 0.91165143
1215745668 0.0000000 0.99533749 0.99061620
1215812106 0.0000000 0.99990243 0.99980426
1215812707 0.0000000 0.99962473 0.99924409
1215839910 0.0000000 0.99691200 0.99381721
1215843106 0.0000000 0.99797493 0.99593627
1215961116 0.0000000 0.99996388 0.99992025
1216126809 0.0000000 0.99877501 0.99754369
1216904067 0.0000000 0.99701893 0.99398464
1217616949 0.0000000 0.99970859 0.99940813
1218233114 0.0000000 0.99986523 0.99972796
1218994676 0.0000000 0.99817592 0.99630862
1219291482 0.0000000 0.98603195 0.97135794
1219301591 0.0000000 0.99877584 0.99754065
1219723710 0.0000000 0.98570263 0.97101313
1219772880 0.0000000 0.99900162 0.99777967
1219869253 0.0000000 0.99933326 0.99862796
1220179542 0.0000000 0.99920142 0.99812144
1220742036 0.0000000 0.99693406 0.99374533
1220946193 0.0000000 0.99982530 0.99965078
1221047734 0.0000000 0.99198639 0.98387307
1222614737 0.0000000 0.99621189 0.99236447
1225404477 0.0000000 0.99938172 0.99867851
1225442295 0.0000000 0.99975902 0.99950564
1228187814 0.0000000 0.99982327 0.99964541
1228684717 0.0000000 0.99989784 0.99978364
1229260451 0.0000000 0.99798203 0.99593800
1229658996 0.0000000 0.99360698 0.98675990
1229990683 0.0000000 0.99991745 0.99983376
1230216280 0.0000000 0.99896747 0.99783045
1230600687 0.0000000 0.99882466 0.99764705
1230860391 0.0000000 0.99951446 0.99902397
1231020274 0.0000000 0.99990189 0.99979573
1231041233 0.0000000 0.99880946 0.99760371
1232714291 0.0000000 0.99986625 0.99972975
1232804891 0.0000000 0.99667186 0.99326164
1233928332 0.0000000 0.99881887 0.99759048
1234166319 0.0000000 0.83804566 0.56801653
1234201315 0.0000000 0.99830776 0.99659044
1234214675 0.0000000 0.99981964 0.99963671
1236731039 0.0000000 0.99905711 0.99794871
1236854628 0.0000000 0.99901199 0.99781281
1237014105 0.0000000 0.99918598 0.99822176
1237159221 0.0000000 0.99822074 0.99627745
1237164701 0.0000000 0.99856341 0.99694079
1237551366 0.0000000 0.99901265 0.99777043
1237619839 0.0000000 0.99768078 0.99503011
1239235949 0.0000000 0.99960375 0.99900037
1239971868 0.0000000 0.99974585 0.99938273
1240678955 0.0000000 0.99916852 0.99822932
1242397863 0.0000000 0.99959391 0.99901384
1242709695 0.0000000 0.99900138 0.99783367
1243376855 0.0000000 0.99984217 0.99958754
1244248765 0.0000000 0.99746561 0.99470961
1245087845 0.0000000 0.99828035 0.99643362
1245407408 0.0000000 0.99915993 0.99819326
1245469469 0.0000000 0.99947941 0.99886882
1245877793 0.0000000 0.99948865 0.99882764
1245881452 0.0000000 0.99896753 0.99765903
1246167876 0.0000000 0.99956435 0.99903911
1246181696 0.0000000 0.99987853 0.99969393
1246182765 0.0000000 0.99961466 0.99910975
1246208530 0.0000000 0.99859810 0.99702668
1246208539 0.0000000 0.99859446 0.99702120
1246598451 0.0000000 0.99896598 0.99774790
1246598488 0.0000000 0.99893922 0.99769932
1246614635 0.0000000 0.99751103 0.99482906
1246985947 0.0000000 0.99971259 0.99937999
1247508302 0.0000000 0.99995166 0.99981773
1247516932 0.0000000 0.99983656 0.99962074
1247654255 0.0000000 0.99977487 0.99948251
1247741293 0.0000000 0.99975204 0.99941140
1247769767 0.0000000 0.99973643 0.99940109
1248159491 0.0000000 0.98864305 0.97653377
1248570012 0.0000000 0.99987501 0.99966717
1248588659 0.0000000 0.99985057 0.99961048
1248872986 0.0000000 0.99947101 0.99885929
1248886386 0.0000000 0.99990308 0.99973094
1249212887 0.0000000 0.99974966 0.99940884
1250467545 0.0000000 0.99987972 0.99967575
1250503855 0.0000000 0.99987590 0.99968654
1250504106 0.0000000 0.99984825 0.99961042
1250601456 0.0000000 0.99968666 0.99926686
1250639275 0.0000000 0.99965322 0.99924684
1250703707 0.0000000 0.99787706 0.99543327
1250777890 0.0000000 0.99965936 0.99915230
1250888264 0.0000000 0.99953753 0.99896061
1250911490 0.0000000 0.99188679 0.98339349
1252249816 0.0000000 0.99960947 0.99915493
1252757125 0.0000000 0.99968690 0.99933720
1254591366 0.0000000 0.99988836 0.99974424
1254664936 0.0000000 0.99936479 0.99867463
1255243328 0.0000000 0.99985594 0.99965400
1256244384 0.0000000 0.99975604 0.99944127
1256252705 0.0000000 0.99976736 0.99949598
1256431794 0.0000000 0.99791795 0.99545199
1257413577 0.0000000 0.99991357 0.99975568
1257413887 0.0000000 0.99977601 0.99952155
1257420861 0.0000000 0.99990523 0.99977815
1257678569 0.0000000 0.99971789 0.99936372
1258065617 0.0000000 0.99940628 0.99867189
1258296469 0.0000000 0.99973285 0.99941039
1258824471 0.0000000 0.99950355 0.99883652
1258926370 0.0000000 0.99945164 0.99881196
1260564405 0.0000000 0.99980581 0.99954897
1260692005 0.0000000 0.99972028 0.99935532
1261227736 0.0000000 0.99991924 0.99977517
1261227864 0.0000000 0.99998188 0.99988097
1261228557 0.0000000 0.99959785 0.99910551
1261232031 0.0000000 0.99962783 0.99914074
1261235533 0.0000000 0.99937183 0.99856776
1261275144 0.0000000 0.99949396 0.99881405
1261713375 0.0000000 0.99970108 0.99930757
1261922241 0.0000000 0.99901152 0.99788332
1262034644 0.0000000 0.99906790 0.99804819
1262237921 0.0000000 0.99957740 0.99907482
1262343689 0.0000000 0.99896556 0.99761581
1262367286 0.0000000 0.99968690 0.99924749
1262622742 0.0000000 0.93651271 0.85666186
1262633257 0.0000000 0.99978954 0.99943209
1263881366 0.0000000 0.99982381 0.99953818
1265523000 0.0000000 0.99985290 0.99955589
1265599504 0.0000000 0.99953836 0.99886036
1265691729 0.0000000 0.99993974 0.99975026
1265942558 0.0000000 0.99989426 0.99967051
1266289887 0.0000000 0.99902338 0.99785173
1266816064 0.0000000 0.99983984 0.99958670
1267146477 0.0000000 0.99968231 0.99917781
1267162697 0.0000000 0.99919021 0.99802190
1267661932 0.0000000 0.83639681 0.67358983
1267662287 0.0000000 0.99985224 0.99953789
1267686434 0.0000000 0.99976033 0.99935699
1267690576 0.0000000 0.99996370 0.99976277
1268040382 0.0000000 0.99985665 0.99957323
1268902896 0.0000000 0.99958408 0.99903345
1268931240 0.0000000 0.99908292 0.99802577
1269644874 0.0000000 0.99978876 0.99944931
1270335780 0.0000000 0.99435067 0.98830491
1270813793 0.0000000 0.99949521 0.99885380
1270961850 0.0000000 0.99976301 0.99936819
1270999307 0.0000000 0.98086894 0.95995420
1271168968 0.0000000 0.99985170 0.99960184
1271191748 0.0000000 0.99995679 0.99980825
1271987388 0.0000000 0.99942654 0.99873084
1272194052 0.0000000 0.99989390 0.99970174
1272250791 0.0000000 0.99982005 0.99953079
1272823213 0.0000000 0.99988747 0.99963146
1274901407 0.0000000 0.99947554 0.99876040
1276535865 0.0000000 0.99986076 0.99961048
1276561877 0.0000000 0.99996018 0.99983966
1276823323 0.0000000 0.99977326 0.99941260
1277440084 0.0000000 0.99881363 0.99755549
1277575551 0.0000000 0.99991012 0.99974000
1277670806 0.0000000 0.99958760 0.99905074
1278097892 0.0000000 0.99995583 0.99986064
1278515743 0.0000000 0.99985921 0.99970102
1278618217 0.0000000 0.99992943 0.99979657
1278636079 0.0000000 0.99993342 0.99979651
1279357457 0.0000000 0.99990332 0.99978822
1279458204 0.0000000 0.99990833 0.99976045
1280029930 0.0000000 0.98532218 0.96984655
1280553485 0.0000000 0.99926037 0.99846768
1280563997 0.0000000 0.99957401 0.99911720
1280587745 0.0000000 0.99996549 0.99986702
1281476617 0.0000000 0.99949992 0.99896210
1282408680 0.0000000 0.99992108 0.99980551
1282415961 0.0000000 0.99922913 0.99835569
1282416480 0.0000000 0.99981779 0.99957848
1283157909 0.0000000 0.99989086 0.99971074
1283540817 0.0000000 0.99973929 0.99946123
1284039008 0.0000000 0.99912679 0.99819243
1284244867 0.0000000 0.99944890 0.99885529
1284952628 0.0000000 0.99990278 0.99978930
1285350982 0.0000000 0.99976611 0.99950385
1285695233 0.0000000 0.99990755 0.99976587
1285876560 0.0000000 0.99928582 0.99852633
1286047392 0.0000000 0.99991381 0.99977815
1286198915 0.0000000 0.99994165 0.99982846
1286865806 0.0000000 0.99478269 0.98952514
1289221280 0.0000000 0.99995595 0.99983388
1289567329 0.0000000 0.99992323 0.99979079
1289576340 0.0000000 0.99994493 0.99980611
1290342705 0.0000000 0.99996859 0.99986160
1290784424 0.0000000 0.99981141 0.99951673
1290799240 0.0000000 0.99977934 0.99950236
1291601652 0.0000000 0.99992639 0.99978822
1291689974 0.0000000 0.99995124 0.99987936
1291927327 0.0000000 0.99976474 0.99942952
1292000461 0.0000000 0.99852931 0.99696690
1294804388 0.0000000 0.99897021 0.99775267
1296507195 0.0000000 0.99988168 0.99960148
1296548191 0.0000000 0.99996477 0.99975473
1297058102 0.0000000 0.99971044 0.99930274
1297342916 0.0000000 0.99757695 0.99496627
1297754297 0.0000000 0.99996233 0.99973714
1298970247 0.0000000 0.99588335 0.99145615
1299845150 0.0000000 0.99850559 0.99686468
1300123317 0.0000000 0.99991637 0.99972963
1300281136 0.0000000 0.99995303 0.99984503
1300608051 0.0000000 0.99995881 0.99976224
1301123952 0.0000000 0.99879825 0.99749714
1301458951 0.0000000 0.99986249 0.99958563
1301964194 0.0000000 0.99934745 0.99857390
1302916270 0.0000000 0.99990952 0.99969989
1302961193 0.0000000 0.99803805 0.99584579
1303685617 0.0000000 0.99983060 0.99947101
1304080155 0.0000000 0.99943697 0.99880171
1304082768 0.0000000 0.99994284 0.99976784
1304152538 0.0000000 0.99993932 0.99974865
1304437954 0.0000000 0.99991399 0.99972999
1304717510 0.0000000 0.99994421 0.99976373
1304757333 0.0000000 0.99900091 0.99787116
1306028051 0.0000000 0.99995303 0.99974668
1306098435 0.0000000 0.99987948 0.99962276
1306261925 0.0000000 0.99987870 0.99963659
1307034472 0.0000000 0.99993348 0.99980521
1307669122 0.0000000 0.99991012 0.99975252
1308478735 0.0000000 0.99950242 0.99893498
1309048281 0.0000000 0.99947774 0.99888778
1309094354 0.0000000 0.99992543 0.99978393
1309326569 0.0000000 0.99700063 0.99385941
1309474048 0.0000000 0.99946523 0.99889195
1309601047 0.0000000 0.99987054 0.99968600
1309696244 0.0000000 0.99943227 0.99880707
1309953539 0.0000000 0.99986881 0.99965239
1310469430 0.0000000 0.99992561 0.99977738
1310541580 0.0000000 0.99899876 0.99782622
1310928323 0.0000000 0.99961293 0.99915636
1311000534 0.0000000 0.99988008 0.99970621
1311084070 0.0000000 0.99987471 0.99968833
1311142337 0.0000000 0.99947304 0.99888206
1311692424 0.0000000 0.99285799 0.98533350
1313100452 0.0000000 0.99988091 0.99974197
1314264913 0.0000000 0.99993390 0.99981761
1314789752 0.0000000 0.99992615 0.99980134
1315538819 0.0000000 0.99994230 0.99984837
1315635988 0.0000000 0.99962956 0.99917543
1315804512 0.0000000 0.99983025 0.99965733
1316643513 0.0000000 0.99992889 0.99981672
1316653258 0.0000000 0.99987239 0.99972665
1317835272 0.0000000 0.96887147 0.93486977
1318175665 0.0000000 0.99987459 0.99974704
1318478724 0.0000000 0.99885243 0.99763983
1319945023 0.0000000 0.99994344 0.99983710
1320074224 0.0000000 0.99965280 0.99923927
1320721143 0.0000000 0.99996662 0.99984545
1321061921 0.0000000 0.99972379 0.99940902
1322787324 0.0000000 0.99994284 0.99985468
1322993584 0.0000000 0.99964380 0.99922591
1323861170 0.0000000 0.99964672 0.99923772
1323909341 0.0000000 0.99960953 0.99916720
1324582798 0.0000000 0.99982142 0.99956918
1325660397 0.0000000 0.99971169 0.99929637
1326181267 0.0000000 0.99854743 0.99695814
1326728445 0.0000000 0.99974203 0.99936873
1327107001 0.0000000 0.99976385 0.99940580
1327480583 0.0000000 0.99946469 0.99883395
1327824459 0.0000000 0.99943787 0.99876750
1328324062 0.0000000 0.99990940 0.99967617
1328459111 0.0000000 0.99994808 0.99978304
1330223700 0.0000000 0.80031329 0.58595270
1330883534 0.0000000 0.99947912 0.99886084
1332071890 0.0000000 0.99820215 0.99626714
1332086295 0.0000000 0.99912131 0.99814147
1332373478 0.0000000 0.99991536 0.99975789
1333258441 0.0000000 0.99989277 0.99966729
1333828758 0.0000000 0.99979019 0.99946153
1333921411 0.0000000 0.99994415 0.99974531
1334227165 0.0000000 0.99992996 0.99967724
1334800688 0.0000000 0.99994606 0.99975389
1335409258 0.0000000 0.99718535 0.99425334
1335538115 0.0000000 0.99986100 0.99966246
1338362741 0.0000000 0.99992275 0.99977994
1338842309 0.0000000 0.99984550 0.99961609
1338890190 0.0000000 0.99988991 0.99970788
1338944914 0.0000000 0.99997085 0.99981713
1338944979 0.0000000 0.99997276 0.99983335
1338945045 0.0000000 0.99995369 0.99980575
1339216879 0.0000000 0.99994552 0.99980938
1339275618 0.0000000 0.99996364 0.99983019
1339278860 0.0000000 0.99973625 0.99939716
1339309409 0.0000000 0.99980837 0.99957681
1339575740 0.0000000 0.99981254 0.99950606
1339598466 0.0000000 0.99880123 0.99744529
1339646879 0.0000000 0.99980307 0.99952710
1339690513 0.0000000 0.99995983 0.99981672
1339702255 0.0000000 0.99992430 0.99974644
1339923712 0.0000000 0.99994534 0.99981666
1341299876 0.0000000 0.99970609 0.99931961
1341924177 0.0000000 0.99829102 0.99640810
1342405200 0.0000000 0.99975741 0.99947673
1344277570 0.0000000 0.99968004 0.99930066
1344910008 0.0000000 0.99979675 0.99958807
1344941743 0.0000000 0.99989063 0.99973577
1345138860 0.0000000 0.99948549 0.99892724
1345234802 0.0000000 0.99993271 0.99982423
1346380382 0.0000000 0.99705201 0.99406034
1346415099 0.0000000 0.99988878 0.99968696
1346415834 0.0000000 0.99969488 0.99931598
1346788818 0.0000000 0.99993950 0.99983674
1346816730 0.0000000 0.99965614 0.99928355
1348523853 0.0000000 0.99992102 0.99980968
1350722979 0.0000000 0.99987119 0.99972236
1350800865 0.0000000 0.99965888 0.99926543
1351161077 0.0000000 0.99996024 0.99988508
1352122829 0.0000000 0.99980986 0.99958938
1352554787 0.0000000 0.99927300 0.99851727
1353431341 0.0000000 0.99994808 0.99983829
1353536726 0.0000000 0.99982786 0.99958086
1354158772 0.0000000 0.99990445 0.99979675
1354470336 0.0000000 0.99996179 0.99981874
1354477411 0.0000000 0.99992251 0.99974358
1354976814 0.0000000 0.99977648 0.99938494
1355221924 0.0000000 0.99987066 0.99961919
1356243184 0.0000000 0.99948245 0.99882627
1356319072 0.0000000 0.99990118 0.99975270
1356487597 0.0000000 0.99979240 0.99946213
1356883405 0.0000000 0.99994284 0.99975854
1357128106 0.0000000 0.99973506 0.99931127
1357236484 0.0000000 0.99972379 0.99925917
1357270197 0.0000000 0.99980092 0.99947125
1357331931 0.0000000 0.99975353 0.99937361
1357541346 0.0000000 0.99994826 0.99977124
1357994057 0.0000000 0.99935400 0.99849910
1358411441 0.0000000 0.99980605 0.99946618
1358708986 0.0000000 0.99990499 0.99967974
1359776392 0.0000000 0.99993116 0.99971759
1361064727 0.0000000 0.99966627 0.99914676
1361239965 0.0000000 0.99990213 0.99965930
1361256759 0.0000000 0.99992710 0.99972600
1361373628 0.0000000 0.99991006 0.99975544
1361471757 0.0000000 0.99990946 0.99964255
1361665659 0.0000000 0.99744910 0.99477303
1362386544 0.0000000 0.99993616 0.99979007
1362609444 0.0000000 0.99902707 0.99794114
1362627405 0.0000000 0.99997014 0.99977916
1362643640 0.0000000 0.99980092 0.99943674
1363079024 0.0000000 0.99989069 0.99965626
1363764120 0.0000000 0.99858832 0.99697417
1364349799 0.0000000 0.99997312 0.99975872
1364349845 0.0000000 0.99996960 0.99975985
1364355002 0.0000000 0.99985337 0.99953818
1364690983 0.0000000 0.99988270 0.99965090
1365625224 0.0000000 0.99995804 0.99972469
1366061297 0.0000000 0.99889493 0.99767745
1366432589 0.0000000 0.99907738 0.99803489
1366513671 0.0000000 0.99976295 0.99942547
1369110346 0.0000000 0.99982524 0.99952048
1369124755 0.0000000 0.99994373 0.99979335
1369791239 0.0000000 0.99960148 0.99910581
1369883683 0.0000000 0.99986786 0.99968565
1370118743 0.0000000 0.99992692 0.99977803
1370151783 0.0000000 0.99996608 0.99978131
1370623082 0.0000000 0.99996608 0.99981374
1372241957 0.0000000 0.99851477 0.99688762
1372463510 0.0000000 0.99995273 0.99981397
1373829868 0.0000000 0.99989653 0.99978054
1373895699 0.0000000 0.99989080 0.99974751
1373969495 0.0000000 0.99994075 0.99981821
1374677225 0.0000000 0.99987781 0.99970531
1374679935 0.0000000 0.99991584 0.99974912
1376837821 0.0000000 0.99919027 0.99832392
1377205321 0.0000000 0.99746156 0.99471933
1377355603 0.0000000 0.99980271 0.99951780
1377407246 0.0000000 0.98809463 0.97560698
1378247005 0.0000000 0.99948835 0.99888217
1378467231 0.0000000 0.99995452 0.99984556
1379475197 0.0000000 0.99809515 0.99608964
1380542719 0.0000000 0.99991459 0.99977702
1381466759 0.0000000 0.99798900 0.99586606
1381684855 0.0000000 0.99985188 0.99969375
1382170436 0.0000000 0.99968970 0.99935549
1382919848 0.0000000 0.99915683 0.99820393
1383069011 0.0000000 0.99845791 0.99674606
1383085061 0.0000000 0.99519676 0.99018472
1383220929 0.0000000 0.99996012 0.99983609
1383227120 0.0000000 0.99983907 0.99962050
1383227831 0.0000000 0.99986506 0.99966431
1383234448 0.0000000 0.99993253 0.99979365
1383263545 0.0000000 0.99984831 0.99965703
1383450194 0.0000000 0.99980414 0.99953175
1383519374 0.0000000 0.99989223 0.99974364
1383809110 0.0000000 0.99893713 0.99777365
1383809501 0.0000000 0.99957746 0.99906623
1383989687 0.0000000 0.99906379 0.99804509
1384145710 0.0000000 0.99988109 0.99966389
1384544358 0.0000000 0.99986494 0.99968803
1385019362 0.0000000 0.99570847 0.99114984
1386347977 0.0000000 0.99913245 0.99821299
1386357780 0.0000000 0.99979228 0.99948764
1387916955 0.0000000 0.99992770 0.99981612
1389034180 0.0000000 0.99958223 0.99897128
1389204911 0.0000000 0.99991351 0.99974990
1389717867 0.0000000 0.99994320 0.99973762
1389724692 0.0000000 0.47805229 -1.6613500
1389729005 0.0000000 0.65685457 0.31371099
1389740803 0.0000000 0.90385550 0.81557053
1389904819 0.0000000 0.99925327 0.99834704
1390517490 0.0000000 0.99961799 0.99914122
1390619771 0.0000000 0.99989069 0.99965584
1391790286 0.0000000 0.99820495 0.99620050
1393014317 0.0000000 0.99993968 0.99973398
1393065064 0.0000000 0.99977499 0.99947804
1393759985 0.0000000 0.99982536 0.99955839
1393791078 0.0000000 0.99992341 0.99972522
1394913876 0.0000000 0.99996310 0.99976349
1395061976 0.0000000 0.99992257 0.99965972
1395231566 0.0000000 0.99994987 0.99973333
1397097485 0.0000000 0.99992985 0.99971098
1397746253 0.0000000 0.99965280 0.99916333
1398443585 0.0000000 0.99986601 0.99963886
1399207416 0.0000000 0.99991792 0.99971521
1399278483 0.0000000 0.99934405 0.99857742
1399745740 0.0000000 0.99948996 0.99885154
1399746271 0.0000000 0.99987131 0.99960250
1400631673 0.0000000 0.99995536 0.99976629
1401021673 0.0000000 0.99992037 0.99972790
1401296286 0.0000000 0.99980032 0.99946505
1402085900 0.0000000 0.99608833 0.99201661
1402313583 0.0000000 0.99989516 0.99969023
1402624068 0.0000000 0.94100410 0.86652505
1402784563 0.0000000 0.99982017 0.99950701
1403034553 0.0000000 0.99949563 0.99893445
1403317269 0.0000000 0.99983472 0.99962354
1403439974 0.0000000 0.99982464 0.99961877
1404774365 0.0000000 0.99992198 0.99974614
1404925818 0.0000000 0.99988097 0.99969524
1405577514 0.0000000 0.99993008 0.99979806
1407296767 0.0000000 0.99989855 0.99978614
1407544588 0.0000000 0.99643886 0.99281973
1408047770 0.0000000 0.99991477 0.99973971
1410046387 0.0000000 0.99927390 0.99847883
1410325949 0.0000000 0.99922794 0.99840188
1410382444 0.0000000 0.99956727 0.99906915
1411247643 0.0000000 0.99990767 0.99976277
1411641303 0.0000000 0.99994409 0.99985123
1412009058 0.0000000 0.99981481 0.99959087
1412705290 0.0000000 0.99989110 0.99976462
1413207959 0.0000000 0.99201828 0.98380059
1414298821 0.0000000 0.99946582 0.99891418
1416419181 0.0000000 0.99990648 0.99971366
1416419227 0.0000000 0.99990702 0.99971163
1416540553 0.0000000 0.99993485 0.99982363
1417557685 0.0000000 0.99989736 0.99975389
1417655668 0.0000000 0.99906999 0.99807781
1418245419 0.0000000 0.99995947 0.99982613
1418533563 0.0000000 0.99989051 0.99977368
1419682925 0.0000000 0.99816883 0.99613059
1419947441 0.0000000 0.99683154 0.99335361
1419995164 0.0000000 0.99969083 0.99921119
1420012476 0.0000000 0.99989170 0.99971992
1420437226 0.0000000 0.99971032 0.99931437
1420606112 0.0000000 0.99994212 0.99973863
1420742654 0.0000000 0.99829018 0.99638838
1421435535 0.0000000 0.99960262 0.99903905
1421639313 0.0000000 0.99992067 0.99969906
1422083726 0.0000000 0.99991196 0.99968380
1422374758 0.0000000 0.99968880 0.99917483
1422958210 0.0000000 0.99912405 0.99808562
1423037687 0.0000000 0.99936563 0.99856228
1423603888 0.0000000 0.99046880 0.98043942
1423726535 0.0000000 0.99966878 0.99912667
1423857991 0.0000000 0.78326601 0.52119559
1424969403 0.0000000 0.99971998 0.99930155
1426114954 0.0000000 0.99696678 0.99364728
1426344314 0.0000000 0.99913323 0.99803972
1426852891 0.0000000 0.99946040 0.99872941
1427105631 0.0000000 0.99994200 0.99974746
1427483378 0.0000000 0.99992073 0.99971598
1428208678 0.0000000 0.99840164 0.99663526
1428320250 0.0000000 0.99989748 0.99960947
1428945237 0.0000000 0.99992514 0.99970096
1429127316 0.0000000 0.99989831 0.99973971
1429494176 0.0000000 0.99995399 0.99975699
1429494550 0.0000000 0.99984628 0.99956083
1429528847 0.0000000 0.99994367 0.99973303
1429530313 0.0000000 0.99995631 0.99975318
1429531199 0.0000000 0.99995828 0.99975747
1429992097 0.0000000 0.99993598 0.99975199
1430658547 0.0000000 0.99972349 0.99929971
1431333501 0.0000000 0.99993575 0.99971873
1431387795 0.0000000 0.99980593 0.99947757
1431628549 0.0000000 0.99958271 0.99901116
1432588969 0.0000000 0.99994254 0.99977243
1432601816 0.0000000 0.99985743 0.99961436
1432799863 0.0000000 0.99982619 0.99956053
1434467768 0.0000000 0.99962676 0.99918801
1434867330 0.0000000 0.99175084 0.98301947
1435335400 0.0000000 0.99879134 0.99752116
1438066750 0.0000000 0.99981880 0.99955893
1438936857 0.0000000 0.99500567 0.98976749
1439209234 0.0000000 0.99277705 0.98533195
1439418087 0.0000000 0.99950182 0.99893129
1439474882 0.0000000 0.99992675 0.99979234
1439699200 0.0000000 0.99831903 0.99658316
1441113885 0.0000000 0.99993795 0.99976104
1441128847 0.0000000 0.99980944 0.99952817
1441160293 0.0000000 0.99909329 0.99805397
1441898607 0.0000000 0.99969167 0.99932349
1442339782 0.0000000 0.99969202 0.99930847
1442345855 0.0000000 0.99994570 0.99978435
1442345878 0.0000000 0.99994528 0.99978423
1442408939 0.0000000 0.99994195 0.99978292
1442410226 0.0000000 0.99850243 0.99690861
1442413798 0.0000000 0.99904376 0.99799258
1443074281 0.0000000 0.99988860 0.99972957
1443555465 0.0000000 0.99981189 0.99959654
1444648487 0.0000000 0.99957007 0.99904436
1444736944 0.0000000 0.99991095 0.99977446
1444953165 0.0000000 0.99947482 0.99885380
1444953267 0.0000000 0.99903321 0.99796343
1445014914 0.0000000 0.99888605 0.99766815
1445221055 0.0000000 0.99994236 0.99976391
1445233331 0.0000000 0.99942422 0.99875319
1445239215 0.0000000 0.99941945 0.99868697
1446412182 0.0000000 0.99994648 0.99975562
1446412281 0.0000000 0.99975240 0.99940485
1446509184 0.0000000 0.99828935 0.99638343
1446509190 0.0000000 0.99829113 0.99638677
1446714386 0.0000000 0.99981350 0.99956018
1447167192 0.0000000 0.99656212 0.99291682
1447255999 0.0000000 0.99981922 0.99956650
1447277516 0.0000000 0.99183476 0.98314774
1448316095 0.0000000 0.99722570 0.99431497
1448671943 0.0000000 0.99825740 0.99635398
1449033717 0.0000000 0.99600106 0.99166292
1449035580 0.0000000 0.98951989 0.97815603
1449153073 0.0000000 0.99993891 0.99977720
1449935242 0.0000000 0.99990404 0.99968654
1450510821 0.0000000 0.99732161 0.99448150
1450536811 0.0000000 0.99895042 0.99769133
1450992022 0.0000000 0.99975801 0.99935466
1451199638 0.0000000 0.99919707 0.99829930
1451327726 0.0000000 0.99946636 0.99882007
1451523194 0.0000000 0.99973083 0.99941397
1451829690 0.0000000 0.99942738 0.99871820
1451928000 0.0000000 0.99969900 0.99929690
1452487977 0.0000000 0.99993747 0.99972093
1453169606 0.0000000 0.99982059 0.99953645
1453824336 0.0000000 0.99968880 0.99913210
1454422761 0.0000000 0.99996245 0.99968255
1454702246 0.0000000 0.98474944 0.96784455
1454702308 0.0000000 0.99997729 0.99968159
1454702406 0.0000000 0.99994570 0.99964511
1454702512 0.0000000 0.99991870 0.99966490
1454978820 0.0000000 0.99995720 0.99965620
1455590759 0.0000000 0.99994111 0.99972451
1455595494 0.0000000 0.99994850 0.99965858
1455757779 0.0000000 0.99994195 0.99969679
1455758311 0.0000000 0.99995172 0.99969327
1456215987 0.0000000 0.99958521 0.99890971
1456541993 0.0000000 0.99992740 0.99964243
1457201466 0.0000000 0.99895245 0.99769729
1457276938 0.0000000 0.99980783 0.99944121
1459152479 0.0000000 0.99991488 0.99971491
1459502085 0.0000000 0.99943036 0.99862206
1459988008 0.0000000 0.99986559 0.99957210
1460294506 0.0000000 0.99988317 0.99961865
1460353509 0.0000000 0.99994445 0.99968326
1460804146 0.0000000 0.99992847 0.99963427
1461082597 0.0000000 0.99826866 0.99633300
1461607991 0.0000000 0.99989259 0.99954289
1461770234 0.0000000 0.99995333 0.99968874
1461770257 0.0000000 0.99995214 0.99968874
1461770858 0.0000000 0.99991190 0.99956918
1461781146 0.0000000 0.99990726 0.99968809
1461806086 0.0000000 0.99896377 0.99765414
1462056417 0.0000000 0.99967659 0.99912739
1462199340 0.0000000 0.99974799 0.99933517
1462521203 0.0000000 0.99991524 0.99964190
1462632669 0.0000000 0.99971884 0.99923021
1462675593 0.0000000 0.99987930 0.99958485
1463023035 0.0000000 0.99995929 0.99970716
1463023251 0.0000000 0.99982160 0.99940950
1463023282 0.0000000 0.99972129 0.99918586
1463027395 0.0000000 0.99995452 0.99969673
1463127852 0.0000000 0.99987912 0.99955446
1463195522 0.0000000 0.99932104 0.99841374
1463196768 0.0000000 0.99987555 0.99958283
1463530965 0.0000000 0.99992621 0.99971193
1463863900 0.0000000 0.99994349 0.99973685
1463882779 0.0000000 0.99991852 0.99971384
1464184475 0.0000000 0.99973774 0.99931753
1464544116 0.0000000 0.99994439 0.99973512
1464576767 0.0000000 0.99946666 0.99870616
1464630651 0.0000000 0.99981588 0.99956214
1464672226 0.0000000 0.99996251 0.99978167
1466204142 0.0000000 0.99523002 0.98997211
1466383187 0.0000000 0.99989921 0.99974900
1466409210 0.0000000 0.99781120 0.99522239
1466715930 0.0000000 0.99991935 0.99972409
1467361422 0.0000000 0.99970579 0.99935496
1469592155 0.0000000 0.99967659 0.99918580
1471008941 0.0000000 0.99431008 0.98840570
1471908408 0.0000000 0.99975413 0.99944562
1472660934 0.0000000 0.99967092 0.99925947
1473440050 0.0000000 0.99985594 0.99966168
1475055492 0.0000000 0.99984348 0.99964017
1475769120 0.0000000 0.99737060 0.99453050
1477370752 0.0000000 0.99993318 0.99979132
1478519786 0.0000000 0.99991989 0.99977434
1478903131 0.0000000 0.99987113 0.99960840
1480024554 0.0000000 0.99988919 0.99968553
1480377579 0.0000000 0.99987525 0.99972022
1480507474 0.0000000 0.99995786 0.99980718
1481256588 0.0000000 0.99983859 0.99955970
1481811269 0.0000000 0.99994057 0.99978757
1483057851 0.0000000 0.99981606 0.99954414
1483513641 0.0000000 0.99963433 0.99915993
1484155863 0.0000000 0.99992317 0.99966294
1484797338 0.0000000 0.99899381 0.99785620
1484900187 0.0000000 0.99857002 0.99698007
1485329586 0.0000000 0.99976629 0.99941802
1486746772 0.0000000 0.99995095 0.99968183
1487420859 0.0000000 0.99993086 0.99970615
1487652197 0.0000000 0.95873165 0.90893453
1488212310 0.0000000 0.99985492 0.99958956
1488924651 0.0000000 0.99983484 0.99946910
1489967289 0.0000000 0.99842840 0.99646425
1490066029 0.0000000 0.99603456 0.99175799
1490805242 0.0000000 0.99987042 0.99966043
1492112471 0.0000000 0.99971515 0.99915755
1492367656 0.0000000 0.99989992 0.99960548
1493517442 0.0000000 0.99995202 0.99971211
1493960850 0.0000000 0.99986511 0.99961102
1493986611 0.0000000 0.99763924 0.99510205
1494889974 0.0000000 0.99995750 0.99968863
1494932580 0.0000000 0.99674433 0.99309331
1495631454 0.0000000 0.99991751 0.99973118
1495691291 0.0000000 0.99990290 0.99965876
1495956669 0.0000000 0.99224150 0.98400581
1495999757 0.0000000 0.99915677 0.99810410
1496582686 0.0000000 0.99963880 0.99906868
1497967350 0.0000000 0.99514800 0.99010158
1498029939 0.0000000 0.99969131 0.99924880
1500318986 0.0000000 0.99981898 0.99960136
1501139292 0.0000000 0.99989390 0.99962217
1501845585 0.0000000 0.99988407 0.99971545
1502294736 0.0000000 0.99987102 0.99965632
1502416734 0.0000000 0.99989527 0.99970764
1502582915 0.0000000 0.99990720 0.99979311
1504364658 0.0000000 0.99987042 0.99970847
1505096741 0.0000000 0.99919069 0.99833262
1505687994 0.0000000 0.99991989 0.99974197
1505917796 0.0000000 0.99994272 0.99975693
1506232185 0.0000000 0.99902081 0.99792117
1506549399 0.0000000 0.99945736 0.99882138
1507505391 0.0000000 0.99992353 0.99975055
1507747520 0.0000000 0.99972409 0.99931329
1508582157 0.0000000 0.99967378 0.99927568
1509318944 0.0000000 0.99988633 0.99966156
1509677295 0.0000000 0.99992132 0.99970031
1509677339 0.0000000 0.99991196 0.99969172
1509752088 0.0000000 0.99992019 0.99975759
1510398879 0.0000000 0.99987501 0.99964905
1510402973 0.0000000 0.99990827 0.99973530
1510440860 0.0000000 0.99775636 0.99536127
1510947032 0.0000000 0.99941003 0.99867141
1511360409 0.0000000 0.99993485 0.99967599
1511470532 0.0000000 0.99993473 0.99972069
1512230735 0.0000000 0.99740809 0.99461967
1512377977 0.0000000 0.99989629 0.99963570
1512704669 0.0000000 0.99990827 0.99961901
1513120660 0.0000000 0.99907231 0.99800420
1516168751 0.0000000 0.99985486 0.99952972
1516984288 0.0000000 0.99986941 0.99946040
1517686257 0.0000000 0.99980807 0.99936563
1517749972 0.0000000 0.99994355 0.99959385
1517752600 0.0000000 0.99994957 0.99964428
1517752662 0.0000000 0.99995792 0.99964315
1517753127 0.0000000 0.99912339 0.99796456
1517753452 0.0000000 0.99995786 0.99966806
1517753522 0.0000000 0.99995911 0.99966794
1517753592 0.0000000 0.99995929 0.99966687
1517753815 0.0000000 0.99986494 0.99946100
1517758427 0.0000000 0.99959761 0.99896252
1517763262 0.0000000 0.99944758 0.99863052
1517821602 0.0000000 0.99965489 0.99899352
1517823894 0.0000000 0.99937505 0.99844116
1517846321 0.0000000 0.99988568 0.99954075
1517852233 0.0000000 0.99917752 0.99814248
1517893754 0.0000000 0.99993002 0.99955171
1517906208 0.0000000 0.99966562 0.99909031
1517932241 0.0000000 0.99996918 0.99966484
1517932280 0.0000000 0.99996811 0.99966472
1517932282 0.0000000 0.99996835 0.99966586
1517932427 0.0000000 0.99995452 0.99967694
1517932434 0.0000000 0.99995226 0.99965519
1517932492 0.0000000 0.99993056 0.99960184
1517933877 0.0000000 0.99990296 0.99956167
1517940013 0.0000000 0.99995494 0.99964756
1517940459 0.0000000 0.99993634 0.99960107
1517944528 0.0000000 0.99994409 0.99962670
1517945796 0.0000000 0.99986571 0.99942917
1517950582 0.0000000 0.99991894 0.99963897
1517958702 0.0000000 0.99987119 0.99947643
1517960631 0.0000000 0.99989784 0.99951047
1517969882 0.0000000 0.99990577 0.99954611
1517974578 0.0000000 0.99992633 0.99956036
1517998787 0.0000000 0.99936414 0.99841678
1518001985 0.0000000 0.99992156 0.99958700
1518008800 0.0000000 0.99992687 0.99953222
1518008880 0.0000000 0.99983960 0.99934316
1518013159 0.0000000 0.99978989 0.99931133
1518016890 0.0000000 0.99996114 0.99964660
1518016916 0.0000000 0.99996108 0.99964672
1518051257 0.0000000 0.99994862 0.99965036
1518059164 0.0000000 0.99980903 0.99932671
1518142443 0.0000000 0.99986517 0.99948680
1518201789 0.0000000 0.99976444 0.99921387
1518248929 0.0000000 0.99956334 0.99882913
1518858396 0.0000000 0.99993336 0.99977249
1518981709 0.0000000 0.99982965 0.99947238
1519051621 0.0000000 0.99990320 0.99957436
1519254641 0.0000000 0.99994695 0.99972361
1519583320 0.0000000 0.99994606 0.99959177
1519962147 0.0000000 0.99990314 0.99960750
1520098551 0.0000000 0.99987924 0.99946898
1520329330 0.0000000 0.99942714 0.99855250
1521024527 0.0000000 0.99976724 0.99925381
1521537776 0.0000000 0.99994069 0.99967867
1521728871 0.0000000 0.99990290 0.99952775
1522232997 0.0000000 0.99920660 0.99817151
1522282670 0.0000000 0.99991971 0.99961317
1522598524 0.0000000 0.99983525 0.99939114
1523432369 0.0000000 0.99989063 0.99968529
1523886539 0.0000000 0.99993581 0.99966264
1524201906 0.0000000 0.99891573 0.99763370
1524248877 0.0000000 0.99526387 0.99017841
1524308214 0.0000000 0.99992210 0.99966234
1524503432 0.0000000 0.99980211 0.99942434
1524721460 0.0000000 0.99992204 0.99971169
1524721601 0.0000000 0.99992269 0.99966979
1524808553 0.0000000 0.99993098 0.99959219
1525218424 0.0000000 0.99991900 0.99965459
1526098666 0.0000000 0.99981171 0.99944788
1527728598 0.0000000 0.99994457 0.99972230
1527904870 0.0000000 0.99989629 0.99958962
1528731725 0.0000000 0.99940473 0.99859440
1528750347 0.0000000 0.99973583 0.99927545
1528856173 0.0000000 0.99892271 0.99761224
1529096035 0.0000000 0.99989074 0.99967974
1529334375 0.0000000 0.99737906 0.99458069
1529522338 0.0000000 0.99962276 0.99916047
1530516370 0.0000000 0.99989140 0.99970818
1530516385 0.0000000 0.99989176 0.99970841
1530609654 0.0000000 0.99990809 0.99967164
1531312909 0.0000000 0.99990457 0.99971801
1531507119 0.0000000 0.99993563 0.99975717
1532050755 0.0000000 0.99986714 0.99961036
1533217098 0.0000000 0.99989295 0.99963313
1533504622 0.0000000 0.99791616 0.99566025
1533801692 0.0000000 0.99977213 0.99945492
1534500582 0.0000000 0.99993443 0.99975359
1534551317 0.0000000 0.99993646 0.99976623
1535572403 0.0000000 0.99473655 0.98902637
1535660064 0.0000000 0.99792635 0.99575794
1536498994 0.0000000 0.99969298 0.99934340
1536641006 0.0000000 0.99964899 0.99916655
1536700815 0.0000000 0.99944329 0.99879700
1538633849 0.0000000 0.99990880 0.99976575
1538766649 0.0000000 0.99934673 0.99864966
1539072778 0.0000000 0.99992001 0.99975580
1539164591 0.0000000 0.99920964 0.99826008
1540269298 0.0000000 0.99994147 0.99974352
1540310644 0.0000000 0.99993593 0.99974453
1541624711 0.0000000 0.99989712 0.99971575
1541712486 0.0000000 0.99910027 0.99808681
1542328459 0.0000000 0.99966806 0.99926060
1542608341 0.0000000 0.99975961 0.99936807
1542638415 0.0000000 0.99634248 0.99238813
1542645094 0.0000000 0.99857712 0.99693620
1543190243 0.0000000 0.99995220 0.99970073
1543191316 0.0000000 0.99800771 0.99586588
1543236658 0.0000000 0.99970210 0.99925530
1543238642 0.0000000 0.99836224 0.99651402
1543314575 0.0000000 0.99918365 0.99814010
1544368541 0.0000000 0.99989468 0.99967152
1544439487 0.0000000 0.99989074 0.99970162
1544621063 0.0000000 0.99992406 0.99965459
1544908865 0.0000000 0.99992549 0.99970162
1545710204 0.0000000 0.99980944 0.99960536
1546538568 0.0000000 0.90071535 0.80887407
1546949806 0.0000000 0.99991238 0.99967754
1548127166 0.0000000 0.99992967 0.99967402
1548825695 0.0000000 0.99994832 0.99967009
1548861293 0.0000000 0.99993396 0.99965960
1549366351 0.0000000 0.99784333 0.99535048
1549558324 0.0000000 0.99993205 0.99960768
1550239687 0.0000000 0.99984950 0.99949306
1551558867 0.0000000 0.99815410 0.99620712
1552012334 0.0000000 0.99994534 0.99973112
1552127531 0.0000000 0.97196782 0.94028169
1552421955 0.0000000 0.99977869 0.99936861
1552451554 0.0000000 0.99992156 0.99970531
1552511242 0.0000000 0.99991888 0.99969375
1552697151 0.0000000 0.99991262 0.99965799
1552968094 0.0000000 0.99958807 0.99902970
1553256348 0.0000000 0.99948746 0.99883884
1553414210 0.0000000 0.99875957 0.99731135
1554087275 44.650002 3.17219496E-02 -6.07264042E-03
1554172029 25.400000 6.63285479E-02 -1.47604942E-03
1554256375 -5.00000007E-02 0.17593329 2.72452831E-04
1554343015 41.299999 7.04795420E-02 1.42037868E-04
1554382610 150.50000 5.41975498E-02 2.73770094E-03
1554499495 -9.9000006 6.52304515E-02 2.00700760E-03
1554706689 172.75000 6.30948395E-02 1.88833475E-03
1554822801 78.800003 7.81475678E-02 1.28799677E-03
1554841453 105.05000 8.19899589E-02 2.46351957E-03
1554850672 129.50000 8.05200264E-02 1.77294016E-03
1555563667 153.85001 0.16281910 5.84661961E-04
1556793883 0.0000000 0.99962080 0.99906051
1556970683 0.0000000 0.99976420 0.99940962
1557330527 0.0000000 0.99852985 0.99684447
1557737721 0.0000000 0.99980682 0.99946350
1558197514 139.65001 6.44748658E-02 -157.94234
1558379328 -76.950005 0.10482080 -24450.600
1558489044 157.95000 6.20834157E-02 -3.9997663
1558591969 78.950005 5.29637188E-02 -7.0900917
1559317998 268.10001 8.08998346E-02 1.19458437E-02
1559641578 258.89999 0.14980061 1.11256838E-02
1559762840 203.35001 7.66238198E-02 -5.6831031
1560870606 61.600002 6.62994459E-02 -85.523483
1561237205 14.750000 4.11307067E-02 -299.86539
1561242160 126.35000 4.50171046E-02 -23.575909
1561825206 -44.400002 5.80109283E-02 -94.812744
1561837452 6.7500000 5.17824553E-02 -6.42139912E-02
1562610935 175.50000 5.80587946E-02 -9.2253809
1562880116 88.000000 8.15111175E-02 -133.17349
1563275550 87.750000 4.54570614E-02 -3868.7769
1563531230 213.50000 7.05978870E-02 -8.4937611
1563768365 181.75000 0.10190040 -503.48587
1563850922 106.25000 7.79481530E-02 -3221.2534
1564123196 109.45000 0.10241387 -943.48596
1564190683 -12.400001 0.13485244 -6.0628247
1564649429 62.200001 0.10236637 -70.219864
1564753988 31.600000 0.14845651 -32.647411
1564784683 76.150002 0.10095852 -22.367435
1565054388 101.20000 0.12116451 -0.35024488
1565055090 154.25000 0.13719840 -11.738032
1565213283 178.50000 0.19675080 -0.12454772
1565218942 76.349998 6.12489916E-02 -10761.651
1565905300 154.50000 5.60111254E-02 -3.0257936
1566053525 32.250000 0.15310889 -314.00177
1566053530 32.250000 0.15303388 -315.27591
1566074882 151.05000 0.20299868 -651.97980
1566101114 -34.100002 9.71103683E-02 -31.834023
1566598377 203.15001 8.66537988E-02 -205.08331
1566648618 186.70000 0.12525980 -39156.926
1567237819 43.799999 7.20548406E-02 -3.4862967
1567471650 120.50000 0.13720572 -140.33469
1567604000 -22.300001 4.96991202E-02 -690.37024
1567917359 143.65001 6.96472079E-02 -2819.0190
1568005668 226.30000 0.10393959 -6.3713689
1568095682 173.30000 0.15067011 -438.16647
1569863578 5.9000001 7.15966672E-02 -0.23602891
1570468626 111.05000 8.90813991E-02 -2147.5510
1571312673 75.750000 0.10895773 -0.52077067
1571861758 18.000000 4.85025942E-02 -4796.5317
1572218883 110.45000 5.95059022E-02 -184.12756
1573491297 4.5000000 7.66508579E-02 -33.936451
1573495893 105.00000 6.16139285E-02 -156.76498
1574645562 0.0000000 0.99923998 4.09827828E-02
1575564604 0.0000000 0.99848825 0.99681866
1575660753 0.0000000 0.99964726 0.99922186
1576495557 0.0000000 0.99989367 0.99963433
1577769501 0.0000000 0.99836177 0.99660510
1577819410 0.0000000 0.99992400 0.99969494
1578293635 0.0000000 0.99996060 0.99976301
1578510402 0.0000000 0.99974239 0.99935997
1579404154 0.0000000 0.99987656 0.99959451
1579703564 0.0000000 0.99956191 0.99900937
1580749376 0.0000000 0.99995166 0.99974304
1581076659 0.0000000 0.99935782 0.99856520
1581616159 0.0000000 0.99982184 0.99944079
1581629921 0.0000000 0.99992126 0.99971306
1581764406 0.0000000 0.99999034 0.99974924
1581764700 0.0000000 0.99996579 0.99970335
1581794413 0.0000000 0.99997759 0.99973428
1582090065 0.0000000 0.99986696 0.99953240
1582113307 0.0000000 0.99979001 0.99938965
1582546233 0.0000000 0.99949169 0.99877506
1582592414 0.0000000 0.99925911 0.99831992
1582629242 0.0000000 0.99998212 0.99973315
1582695255 0.0000000 0.99986362 0.99956822
1584677477 0.0000000 0.99880093 0.99741518
1585787701 0.0000000 0.99707228 0.99396884
1586304460 0.0000000 0.99950039 0.99886590
1586389759 0.0000000 0.99958360 0.99902642
1586537097 0.0000000 0.99997568 0.99977952
1586691401 0.0000000 0.99991345 0.99967796
1587481331 0.0000000 0.99924147 0.99832803
1588476280 0.0000000 0.99994951 0.99974597
1589003116 0.0000000 0.99959552 0.99909019
1589548020 0.0000000 0.94663972 0.88205731
1589756010 0.0000000 0.99931228 0.99852186
1589910785 0.0000000 0.99925768 0.99833918
1590311534 0.0000000 0.89189237 0.74386454
1590359490 0.0000000 0.99987054 0.99959421
1590694463 0.0000000 0.99984252 0.99966407
1590843750 0.0000000 0.99976385 0.99950004
1591494563 0.0000000 0.99972796 0.99943817
1591839506 0.0000000 0.99981737 0.99962741
1591921295 0.0000000 0.99973321 0.99945152
1592079539 0.0000000 0.99994701 0.99989086
1592349420 0.0000000 0.99823618 0.99644423
1593214064 0.0000000 0.99995786 0.99991179
1593241888 0.0000000 0.99952352 0.99903691
1593407313 0.0000000 0.99984211 0.99964780
1593435168 0.0000000 0.99983698 0.99965554
1593519432 0.0000000 0.99978757 0.99950629
1594227272 0.0000000 0.99982107 0.99963135
1594265063 0.0000000 0.99981761 0.99962217
1594267923 0.0000000 0.99955225 0.99909639
1594526768 0.0000000 0.99791706 0.99583024
1594546164 0.0000000 0.99789196 0.99578232
1595767949 0.0000000 0.99995518 0.99989855
1597107665 0.0000000 0.99822265 0.99643743
1597123796 0.0000000 0.99970180 0.99938226
1597187246 0.0000000 0.99868900 0.99737394
1597774608 0.0000000 0.99938393 0.99874389
1597797181 0.0000000 0.99991393 0.99981177
1597806811 0.0000000 0.99991965 0.99983263
1598847265 0.0000000 0.95375454 0.89942318
1599036279 0.0000000 0.99991947 0.99983186
1600306672 0.0000000 0.99995130 0.99987179
1600646088 0.0000000 0.99989891 0.99978620
1600833602 0.0000000 0.99988461 0.99975395
1601017581 0.0000000 0.99961632 0.99919152
1601326254 0.0000000 0.99997133 0.99989927
1601342057 0.0000000 0.99994016 0.99987173
1601440640 0.0000000 0.99995905 0.99986851
1601863505 0.0000000 0.99990606 0.99979353
1602517184 0.0000000 0.99944508 0.99881768
1602946993 0.0000000 0.99996132 0.99989563
1602947159 0.0000000 0.99994212 0.99986088
1603087586 0.0000000 0.98620313 0.97167432
1603396062 0.0000000 0.99716592 0.99418205
1603674483 0.0000000 0.99734569 0.99460644
1604358861 0.0000000 0.99943084 0.99882138
1604426346 0.0000000 0.99984467 0.99967146
1604601372 0.0000000 0.99994320 0.99986720
1604626818 0.0000000 0.99994278 0.99985492
1605130406 0.0000000 0.99996179 0.99986494
1605130534 0.0000000 0.99986994 0.99968517
1605266102 0.0000000 0.99981999 0.99957448
1605511152 0.0000000 0.99991620 0.99982226
1605551866 0.0000000 0.99984604 0.99965268
1605557664 0.0000000 0.99991369 0.99976790
1605621503 0.0000000 0.99152642 0.98256487
1605662576 0.0000000 0.99845892 0.99685735
1606582085 0.0000000 0.99755204 0.99507380
1606657334 0.0000000 0.99988514 0.99972779
1607578178 0.0000000 0.99989951 0.99976075
1607606398 0.0000000 0.99997097 0.99983466
1607606851 0.0000000 0.99885857 0.99759793
1607624108 0.0000000 0.99993718 0.99981600
1608317519 0.0000000 0.99917442 0.99830455
1608385359 0.0000000 0.99577236 0.99123001
1609436522 0.0000000 0.99635214 0.99250412
1609594007 0.0000000 0.99955732 0.99900949
1610162996 0.0000000 0.92076463 0.81812274
1610192153 0.0000000 0.99992281 0.99975514
1610249009 0.0000000 0.99989557 0.99969989
1610838659 0.0000000 0.99997467 0.99980325
1611559538 0.0000000 0.99995601 0.99976718
1611565557 0.0000000 0.99989980 0.99969494
1611574763 0.0000000 0.99936849 0.99859846
1611584686 0.0000000 0.99895746 0.99769342
1611818971 0.0000000 0.99992454 0.99978310
