842984365 5.00000007E-02 0.93774796 0.86582321
844156464 0.0000000 0.98198223 0.95759374
844853345 0.0000000 0.97946185 0.95006955
844879870 0.0000000 0.98042214 0.95452994
846839283 5.00000007E-02 0.89204514 0.74185514
847935551 0.0000000 0.96700776 0.92557687
848996543 0.0000000 0.96793830 0.92631388
849080713 0.0000000 0.90058059 0.74164385
850676186 0.0000000 0.86013222 0.63385189
850877408 0.0000000 0.95639217 0.90378058
850908023 0.0000000 0.96701479 0.92562628
851184320 5.00000007E-02 0.71468383 -6.12510443E-02
851550736 0.0000000 0.94786561 0.88350141
851807286 0.0000000 0.86768955 0.65658593
852186702 5.00000007E-02 0.94706059 0.88678330
852329204 0.0000000 0.98078114 0.95439601
852460456 0.0000000 0.98677975 0.96766275
852489653 0.0000000 0.95942563 0.90899062
852515472 0.0000000 0.82739675 0.46507704
853272363 0.0000000 0.58717853 -1.0837383
853376840 0.0000000 0.97369027 0.94046342
853407944 5.00000007E-02 0.93688059 0.86385334
853607627 0.0000000 0.96504307 0.91785991
853739580 5.00000007E-02 0.60912675 -0.61501372
854306280 5.00000007E-02 0.82702446 0.51188421
855524541 5.00000007E-02 0.76220059 0.33150023
855593408 0.0000000 0.92195714 0.80629081
855822594 5.00000007E-02 0.91268098 0.79942358
856345761 5.00000007E-02 0.76676935 0.25096136
857058283 0.0000000 0.84417528 0.55008614
857344712 5.00000007E-02 0.68340296 -0.19199359
857979217 0.0000000 0.95596868 0.89676017
858004916 0.0000000 0.84258127 0.55548263
859199163 5.00000007E-02 0.92855632 0.83693850
859246340 0.0000000 0.91283876 0.77622855
860953513 0.0000000 0.96572077 0.92344666
861140002 0.0000000 0.95461947 0.89487112
861746294 5.00000007E-02 0.88724142 0.74274755
862185572 5.00000007E-02 0.83565927 0.56435883
863479085 5.00000007E-02 0.57667357 -1.1812439
863693027 5.00000007E-02 0.60175604 -0.76186478
863763297 0.0000000 0.74300617 0.26026690
867426807 0.0000000 0.96796024 0.92663532
868041450 0.0000000 0.98747510 0.96912974
868379187 0.0000000 0.96001703 0.90447116
868522793 0.0000000 0.98501796 0.96341103
868964733 0.0000000 0.96936136 0.93017220
870283927 0.0000000 0.78266209 0.32701731
870770473 0.0000000 0.89588779 0.74285042
872088689 5.00000007E-02 0.56608945 -1.1005535
872425059 0.0000000 0.97687662 0.94682628
872437680 5.00000007E-02 0.95430392 0.90158820
872449116 0.0000000 0.98261642 0.95962626
872491072 5.00000007E-02 0.95017451 0.89190787
872492263 0.0000000 0.98725146 0.96863240
873735427 0.0000000 0.82041347 0.50962460
875433266 0.0000000 0.70866948 -6.20958805E-02
875453385 5.00000007E-02 0.35802409 -7.2049761
876594265 0.0000000 0.98253429 0.95848781
877094056 0.0000000 0.95141691 0.89140767
877518611 0.0000000 0.48999125 -2.5137005
877518986 5.00000007E-02 0.93989658 0.87039208
877546907 5.00000007E-02 0.49377334 -2.4309764
877747215 0.0000000 0.84617978 0.57347250
879374205 0.0000000 0.80719799 0.42885381
879481790 0.0000000 0.98444664 0.96172643
879910270 0.0000000 0.87721604 0.70515442
880343225 5.00000007E-02 0.55741513 -1.2631633
882844545 0.0000000 0.92146438 0.80709195
883382199 5.00000007E-02 0.92433584 0.84122884
884800485 0.0000000 0.96270418 0.91634101
884800633 0.0000000 0.96470356 0.92023778
885153411 0.0000000 0.97711086 0.94633400
885163200 0.0000000 0.94925702 0.87895131
885338978 0.0000000 0.97426492 0.93996614
886836052 5.00000007E-02 0.82424152 0.49789947
887739663 5.00000007E-02 0.64586747 -0.38890624
887763450 0.0000000 0.74443293 0.11591369
888302731 0.0000000 0.89537418 0.72075570
888303585 5.00000007E-02 0.73007339 6.55155778E-02
889317344 5.00000007E-02 0.94641328 0.88422114
889596008 5.00000007E-02 0.92961949 0.84521037
889636914 5.00000007E-02 0.92638510 0.84392375
892980386 0.0000000 0.73115939 4.74219918E-02
893747340 5.00000007E-02 0.68119466 -0.20626283
894067552 5.00000007E-02 0.90185905 0.79847634
894087462 0.0000000 0.96237594 0.91362292
894238216 0.0000000 0.97706580 0.94681162
894747219 0.0000000 0.95837492 0.90107989
895144921 5.00000007E-02 0.49709508 -2.0246363
895222228 5.00000007E-02 0.83041561 0.51622754
895422961 0.0000000 0.61366767 -0.98792362
895825584 5.00000007E-02 0.52470630 -1.9425521
896509358 0.0000000 0.93557894 0.84944785
900181394 0.0000000 0.61788666 -0.72346020
900651074 0.0000000 0.99090517 0.97612345
900701079 0.0000000 0.90325242 0.74116820
900781359 0.0000000 0.93121415 0.82356918
900871111 5.00000007E-02 0.85572374 0.65514171
900952524 0.0000000 0.92540896 0.80973232
901305843 0.0000000 0.98263347 0.95843309
901786541 5.00000007E-02 0.86565149 0.69278228
901877006 0.0000000 0.85348111 0.60584939
902801269 0.0000000 0.98019779 0.95208704
902970331 5.00000007E-02 0.26415738 -9.6291275
903265983 0.0000000 0.97791785 0.94635642
904013371 0.0000000 0.78978819 0.34397000
904905650 0.0000000 0.94306123 0.86265373
905363640 0.0000000 0.86057585 0.66082728
905409966 0.0000000 0.94471425 0.87564176
905583188 0.0000000 0.62593967 -0.55166388
905664888 0.0000000 0.97641832 0.94537097
905697214 0.0000000 0.33824852 -6.2706947
905921771 0.0000000 0.83914638 0.55185485
906395377 0.0000000 0.72948867 6.88795447E-02
906915742 5.00000007E-02 0.53249454 -1.7875764
906973039 0.0000000 0.96422160 0.91956913
907937571 5.00000007E-02 0.95793015 0.90939850
908081794 5.00000007E-02 0.54200834 -1.2415500
908297657 5.00000007E-02 0.94156080 0.87490833
908665869 0.0000000 0.71599913 4.30253744E-02
910076797 5.00000007E-02 0.91369933 0.82342106
911341652 0.0000000 0.98665184 0.96728009
911471402 0.0000000 0.92832094 0.82473803
912019233 5.00000007E-02 0.51343334 -1.7437041
912118339 0.0000000 0.78716838 0.27761334
912320478 0.0000000 0.49075651 -1.7731495
913597143 0.0000000 0.90436625 0.76885396
914291346 0.0000000 0.94137782 0.85773134
914495847 0.0000000 0.46860105 -2.7377572
916122256 0.0000000 0.91893709 0.81538755
918942477 0.0000000 0.93606687 0.85161835
919479225 0.0000000 0.95388710 0.89911485
919691338 0.0000000 0.98882020 0.97118133
920174684 0.0000000 0.62788922 -0.48634267
920668347 0.0000000 0.91328388 0.78971946
933800631 0.0000000 0.97739822 0.94518620
933854825 5.00000007E-02 0.42644191 -3.9592600
934098882 5.00000007E-02 0.86300999 0.69486332
935191073 5.00000007E-02 0.84806150 0.67992222
936973100 5.00000007E-02 0.95834947 0.90910196
937489447 5.00000007E-02 0.94839931 0.88640916
937498321 5.00000007E-02 0.96399528 0.91820896
937849635 5.00000007E-02 0.78192240 0.42727333
937849780 0.0000000 0.99510717 0.98475015
937849895 0.0000000 0.99434727 0.98387611
937850123 0.0000000 0.99224687 0.97969979
937850235 0.0000000 0.99224818 0.97967720
937850335 0.0000000 0.99209100 0.97921824
937850368 0.0000000 0.99047101 0.97627676
937850539 0.0000000 0.99494427 0.98507875
937850621 0.0000000 0.99494779 0.98508698
937850754 0.0000000 0.99533778 0.98584217
937850952 0.0000000 0.99085164 0.97629333
937851087 0.0000000 0.99099666 0.97662437
937851114 0.0000000 0.99099487 0.97662073
937851342 0.0000000 0.99438310 0.98406500
937851377 0.0000000 0.99438465 0.98406577
937851631 0.0000000 0.98660672 0.96670014
937851688 0.0000000 0.98455441 0.96188509
937851725 0.0000000 0.98450631 0.96181065
937851747 0.0000000 0.98628122 0.96570146
937851902 0.0000000 0.98793632 0.96960568
937851944 0.0000000 0.98797625 0.96963513
937851970 0.0000000 0.98802394 0.96974230
937852034 0.0000000 0.98796493 0.96943384
937852082 0.0000000 0.98491341 0.96239477
937852199 0.0000000 0.97967392 0.94786316
937852375 0.0000000 0.98014200 0.95134419
937852466 0.0000000 0.96528059 0.92037368
937852536 0.0000000 0.95947075 0.90704805
937852553 0.0000000 0.95351863 0.88971490
937852632 0.0000000 0.93218505 0.83038050
937852755 0.0000000 0.93529898 0.84256446
937852918 0.0000000 0.90689141 0.77372766
937853175 0.0000000 0.91936469 0.78850639
937853264 0.0000000 0.94627684 0.86940515
937853449 0.0000000 0.95261341 0.88705635
937853490 0.0000000 0.95247984 0.88722885
937853610 0.0000000 0.95883584 0.89933109
937853764 0.0000000 0.97866344 0.94644386
937853824 0.0000000 0.97963196 0.94881594
937853935 0.0000000 0.97624153 0.93926179
937855132 0.0000000 0.92126513 0.81546366
937855190 0.0000000 0.91548878 0.80133474
937855723 0.0000000 0.97118878 0.93186742
937855970 0.0000000 0.93989575 0.85353750
937856091 0.0000000 0.90897751 0.76770574
937856432 0.0000000 0.98943496 0.97293997
937856582 0.0000000 0.98140061 0.95423549
937856696 5.00000007E-02 0.91503322 0.77941567
937857472 0.0000000 0.98200077 0.95680815
937857635 0.0000000 0.98769927 0.96877521
937857736 0.0000000 0.98759151 0.96848255
937858091 0.0000000 0.92276824 0.81014144
937858229 0.0000000 0.89444166 0.72589684
937858299 0.0000000 0.88372201 0.68323255
937858683 0.0000000 0.95169932 0.87632346
937858919 0.0000000 0.97855514 0.94618195
937859055 0.0000000 0.90313309 0.74559605
937859058 0.0000000 0.90241009 0.74305224
937859360 0.0000000 0.87640429 0.68460870
937860003 0.0000000 0.98005056 0.95099896
937860228 0.0000000 0.98216248 0.95515186
937861680 0.0000000 0.88357115 0.68491626
937861835 0.0000000 0.85774952 0.58836603
937862125 0.0000000 0.97488183 0.93903899
937862129 0.0000000 0.97486889 0.93907803
937862604 0.0000000 0.98340929 0.95838231
937862618 0.0000000 0.98345160 0.95847905
937862674 0.0000000 0.98268735 0.95698923
937862876 0.0000000 0.96384954 0.91592300
937862971 0.0000000 0.91545171 0.78505248
937863682 0.0000000 0.98024803 0.95182496
937863889 0.0000000 0.99250054 0.98001778
937863998 0.0000000 0.99251384 0.98004049
937864487 0.0000000 0.99267626 0.98088026
937864632 0.0000000 0.97390473 0.93774885
937865735 0.0000000 0.95595741 0.89229685
937865950 0.0000000 0.98551655 0.96474040
937866166 0.0000000 0.98615617 0.96564120
937866835 0.0000000 0.93792415 0.83820832
937867652 0.0000000 0.87602627 0.66197586
937867681 0.0000000 0.89114869 0.71104622
937867902 0.0000000 0.84900004 0.55257487
937868205 0.0000000 0.96110064 0.90507352
937868332 0.0000000 0.96961993 0.92261738
937868436 0.0000000 0.96410066 0.90600961
937868503 0.0000000 0.96559191 0.91018653
937869493 0.0000000 0.98894304 0.97170502
937871167 0.0000000 0.95486313 0.88815653
937871201 0.0000000 0.95485628 0.88839173
937873187 0.0000000 0.85558242 0.61381710
937874740 0.0000000 0.97689593 0.94265628
937876659 0.0000000 0.96432662 0.90488976
937876714 0.0000000 0.96577787 0.90908986
937876716 0.0000000 0.96527135 0.90761179
937877828 0.0000000 0.97670484 0.94078320
937880685 0.0000000 0.83820224 0.52830911
937881277 0.0000000 0.96078676 0.90320718
937881940 0.0000000 0.94564009 0.86416185
937882703 0.0000000 0.89889079 0.73154140
937882889 0.0000000 0.91593057 0.78556758
937884360 0.0000000 0.93647337 0.83441889
937884709 0.0000000 0.97865313 0.94801283
937889984 0.0000000 0.79665059 0.28710824
937891573 0.0000000 0.96247357 0.90907598
937893215 0.0000000 0.82669449 0.47939354
937894754 5.00000007E-02 0.74866128 7.40148425E-02
937895787 0.0000000 0.83684969 0.49059469
937897562 0.0000000 0.98146015 0.95511496
937899652 0.0000000 0.87477487 0.63918424
937899965 0.0000000 0.96292973 0.90960956
937900997 0.0000000 0.96941072 0.92590702
937905017 5.00000007E-02 0.76761651 0.27553564
937906571 0.0000000 0.92406905 0.80661875
937906576 0.0000000 0.92366290 0.80518734
937906909 0.0000000 0.66572917 -0.51877952
937912062 0.0000000 0.97550631 0.94173789
937913974 0.0000000 0.87986797 0.68762755
937924161 0.0000000 0.92470330 0.80522746
937924333 0.0000000 0.92292118 0.79605818
937924804 0.0000000 0.94297051 0.86068404
937927690 0.0000000 0.98468882 0.96076173
937930575 5.00000007E-02 0.85792804 0.55952519
937935515 0.0000000 0.99019057 0.97391707
937937917 0.0000000 0.98320842 0.95871878
937952221 0.0000000 0.98668218 0.96497804
937959280 0.0000000 0.99334317 0.98265702
937959944 0.0000000 0.95892751 0.90191275
937960318 0.0000000 0.85460913 0.58353883
937961383 0.0000000 0.99215883 0.97906995
937961470 0.0000000 0.99476272 0.98453873
937963728 0.0000000 0.82604998 0.52188629
937966769 0.0000000 0.97226316 0.93204463
937969738 0.0000000 0.97010243 0.92909610
937972066 0.0000000 0.90277582 0.74696702
937980603 0.0000000 0.91727495 0.78872705
937998845 5.00000007E-02 0.82246071 0.44630051
938002595 0.0000000 0.98917919 0.97269797
938002640 0.0000000 0.98919803 0.97273135
938003747 5.00000007E-02 0.92289007 0.81492478
938005885 5.00000007E-02 0.82918715 0.48868233
938007171 0.0000000 0.78768659 0.34539193
938032475 0.0000000 0.85321403 0.60125673
938047564 0.0000000 0.97088790 0.92807025
938047578 0.0000000 0.97097719 0.92849016
938065369 0.0000000 0.97189122 0.93594760
938090674 0.0000000 0.97826809 0.94871694
938102991 0.0000000 0.85446227 0.59217018
938112638 0.0000000 0.91116804 0.77862084
938122741 0.0000000 0.97742307 0.94288003
938131047 0.0000000 0.31022543 -7.2918730
938134070 0.0000000 0.78692180 0.35808241
938144305 0.0000000 0.95370537 0.88665396
938154802 0.0000000 0.81294686 0.40706640
938182940 0.0000000 0.90526736 0.77597386
938233153 0.0000000 0.96487111 0.91499770
938239989 5.00000007E-02 0.86584115 0.64443398
938249011 0.0000000 0.98894888 0.97119045
938280361 0.0000000 0.89340854 0.70803601
938292712 0.0000000 0.98023492 0.95262325
938296447 0.0000000 0.97602665 0.94297683
938301077 0.0000000 0.80367637 0.39045590
938303569 0.0000000 0.99059081 0.97585338
938324751 0.0000000 0.86728352 0.64789736
938335124 0.0000000 0.91818726 0.78699577
938405002 0.0000000 0.97575825 0.94203776
938405506 0.0000000 0.97386748 0.93529880
938415640 0.0000000 0.98385149 0.95840597
938417299 0.0000000 0.98889083 0.97143984
938433307 0.0000000 0.98469293 0.96325898
938455800 0.0000000 0.96271116 0.90965325
938474998 0.0000000 0.94734555 0.87123710
938497922 0.0000000 0.98097378 0.95417631
938498029 0.0000000 0.98062795 0.95300621
938533419 0.0000000 0.98537093 0.96183109
938538992 5.00000007E-02 0.84500194 0.53805625
938559689 0.0000000 0.90723377 0.74633408
938653443 0.0000000 0.95550972 0.88894814
938661090 0.0000000 0.73955595 4.77167368E-02
938684670 0.0000000 0.58104885 -1.2409439
938684985 0.0000000 0.97433454 0.94085461
938685159 0.0000000 0.97853005 0.94958669
938718118 0.0000000 0.74484891 0.15875763
938752742 0.0000000 0.62734467 -0.83151710
938782450 0.0000000 0.98807508 0.96967310
938800412 0.0000000 0.92922717 0.82567400
938840074 0.0000000 0.91193229 0.75728393
938875726 5.00000007E-02 0.87318635 0.66085804
938884454 0.0000000 0.94963419 0.87960649
938902620 5.00000007E-02 0.95501935 0.90402752
938928221 5.00000007E-02 0.89581472 0.78756136
938929942 0.0000000 0.76604789 0.20043200
938985195 0.0000000 0.87300456 0.64079952
938985199 0.0000000 0.87173861 0.63625181
938994192 0.0000000 0.97342175 0.93519181
939039975 0.0000000 0.97516447 0.94099903
939086024 0.0000000 0.95988029 0.90538180
939125897 0.0000000 0.98678362 0.96632028
939128833 0.0000000 0.90336454 0.74533224
939181528 0.0000000 0.93156219 0.83005190
939182868 0.0000000 0.85030687 0.57016736
939182938 0.0000000 0.84689534 0.55615795
939314050 5.00000007E-02 0.90048462 0.75543749
939350917 0.0000000 0.92457402 0.80996102
939430120 5.00000007E-02 0.87077069 0.63169897
939441491 0.0000000 0.94793785 0.87491906
939669011 0.0000000 0.91723436 0.78708315
939738651 5.00000007E-02 0.49813071 -2.1759784
939778786 0.0000000 0.98588973 0.96453273
940013295 0.0000000 0.92983550 0.82629162
940077118 0.0000000 0.95961070 0.90485084
940223787 0.0000000 0.88198334 0.70202541
940260686 0.0000000 0.98134017 0.95469111
940262445 0.0000000 0.98441029 0.96129549
940262518 0.0000000 0.98408723 0.96045655
940269334 0.0000000 0.98476201 0.96098006
940402039 5.00000007E-02 0.86881781 0.74153650
940468923 0.0000000 0.80804616 0.46171892
940476855 0.0000000 0.95392764 0.89215511
940539108 0.0000000 0.97923267 0.94945896
940558736 0.0000000 0.99065566 0.97598112
940559247 0.0000000 0.94876945 0.87711853
940560205 0.0000000 0.94924504 0.87196201
940561817 0.0000000 0.98893666 0.97152442
940581254 0.0000000 0.97717816 0.94424617
940615024 0.0000000 0.95948893 0.90425831
940698483 0.0000000 0.98040181 0.95141232
940709625 0.0000000 0.66541862 -0.33495390
940713046 0.0000000 0.98119932 0.95129693
940716409 0.0000000 0.95470577 0.88097417
940732771 0.0000000 0.85437042 0.60842878
941169407 0.0000000 0.64052981 -0.72320890
941240702 5.00000007E-02 0.69447047 -0.17034602
941266965 0.0000000 0.91809696 0.80005902
941268765 0.0000000 0.82225823 0.47508579
941272069 0.0000000 0.98524624 0.96273994
941272235 0.0000000 0.91248739 0.77725589
941288463 0.0000000 0.94349778 0.86220974
941443051 5.00000007E-02 0.89088315 0.72498524
941478782 0.0000000 0.98521715 0.96437788
941664850 0.0000000 0.96567249 0.91885859
941738364 0.0000000 0.95302314 0.89104617
941862074 0.0000000 0.97601551 0.94225758
942100720 0.0000000 0.94318289 0.87768084
942368989 0.0000000 0.97387624 0.93690526
942522421 0.0000000 0.81187856 0.46933168
942522833 0.0000000 0.91361421 0.79894328
942650721 0.0000000 0.98677164 0.96515369
942663367 0.0000000 0.85711700 0.59516031
942689449 0.0000000 0.91618258 0.78859270
942824109 0.0000000 0.97818679 0.94866675
942824158 0.0000000 0.97816831 0.94854599
943068575 0.0000000 0.87312734 0.66021764
943611150 0.0000000 0.94052249 0.86041653
943821740 0.0000000 0.97712743 0.94493586
943824350 0.0000000 0.98390079 0.96014851
943825521 5.00000007E-02 0.47291201 -3.8987479
944504073 0.0000000 0.53742641 -1.1890111
944668884 5.00000007E-02 0.49099758 -2.1089661
946059252 0.0000000 0.95300084 0.88513207
946556672 0.0000000 0.95756114 0.90618008
946866008 0.0000000 0.97283161 0.93804199
947114226 5.00000007E-02 0.91335517 0.77335334
947114473 5.00000007E-02 0.60559946 -1.0094540
947647037 0.0000000 0.91772068 0.79394341
947656074 5.00000007E-02 0.79351228 0.31542003
948054125 0.0000000 0.79648930 0.36027551
948390129 0.0000000 0.98320508 0.95797771
948631348 0.0000000 0.93512446 0.84123999
949249486 5.00000007E-02 0.56640363 -1.4007323
949263715 0.0000000 0.95767480 0.89550734
949566570 5.00000007E-02 0.68301511 -0.41361237
949603687 0.0000000 0.97222346 0.93510503
949879457 5.00000007E-02 0.89914095 0.74418294
950224447 0.0000000 0.50777394 -1.9958115
950650398 0.0000000 0.98769969 0.96951598
951234151 5.00000007E-02 0.92208087 0.83540487
951353069 0.0000000 0.84904468 0.61314619
951459176 0.0000000 0.97480136 0.94144571
951553401 5.00000007E-02 0.95614451 0.90323138
952578524 0.0000000 0.96795726 0.92633373
953167073 0.0000000 0.96001559 0.90868276
953212255 0.0000000 0.97158104 0.93429494
953455846 0.0000000 0.75565755 0.12200630
953488627 0.0000000 0.96393156 0.91592586
953907196 5.00000007E-02 0.58727223 -1.2173083
954673370 5.00000007E-02 0.84115845 0.55329406
955161703 0.0000000 0.97052753 0.93261510
955676198 0.0000000 0.84966743 0.61917925
956035742 5.00000007E-02 0.65904969 -0.54881847
956153058 0.0000000 0.97802329 0.94735855
956694214 0.0000000 0.96008247 0.90215683
956994415 0.0000000 0.65578455 -0.54197133
957620512 0.0000000 0.96020764 0.90963507
957716288 5.00000007E-02 0.95749247 0.90639359
957743265 5.00000007E-02 0.85073727 0.53706372
958533946 0.0000000 0.99284565 0.98047471
958534040 0.0000000 0.99392635 0.98294181
958587166 5.00000007E-02 0.94679326 0.88191122
958663136 0.0000000 0.98777759 0.96847880
960256179 0.0000000 0.69398248 -0.26167786
960661409 0.0000000 0.99114501 0.97647172
960661589 0.0000000 0.99453646 0.98409349
960661674 0.0000000 0.97945106 0.94936281
960662889 5.00000007E-02 0.84697264 0.55128574
960754280 0.0000000 0.90891558 0.73934352
961116366 0.0000000 0.68197936 -0.16159570
961368290 0.0000000 0.94250613 0.85964268
961399971 0.0000000 0.92847985 0.82142425
961451784 0.0000000 0.97830182 0.95020181
961469614 0.0000000 0.25759688 -16.617527
962192101 0.0000000 0.87458658 0.68011606
962853138 0.0000000 0.93828607 0.85066235
962873883 5.00000007E-02 0.92999476 0.82890010
962965068 0.0000000 0.79760355 0.37353617
963001962 5.00000007E-02 0.55250871 -1.3416772
963210193 5.00000007E-02 0.51617932 -1.8619101
963217977 0.0000000 0.83753884 0.56232798
963509765 0.0000000 0.86174232 0.61822009
963525670 0.0000000 0.92156518 0.80173892
963533252 0.0000000 0.98718989 0.96867597
963559100 0.0000000 0.81653124 0.42935061
963567650 0.0000000 0.91178137 0.75273305
963568050 5.00000007E-02 0.88035053 0.75954074
963585926 0.0000000 0.24669138 -7.0644865
963615874 0.0000000 0.95583761 0.89372766
963717707 0.0000000 0.98813623 0.96942949
963816639 0.0000000 0.95121449 0.87960285
963981993 0.0000000 0.94225800 0.86249411
964476636 0.0000000 0.95521277 0.89587039
964816087 0.0000000 0.99318534 0.98076200
965205271 0.0000000 0.98292750 0.95779616
965442747 0.0000000 0.88603425 0.70820004
965555500 0.0000000 0.88036412 0.67297393
965617867 0.0000000 0.92322075 0.80626124
966082949 0.0000000 0.92632228 0.82299745
966754777 0.0000000 0.97318053 0.93646979
966768493 0.0000000 0.98153442 0.95558411
966768672 0.0000000 0.97699112 0.94607460
966798273 0.0000000 0.93020135 0.82481980
966876143 0.0000000 0.97053164 0.92733634
966991756 0.0000000 0.96666938 0.92485243
967018437 0.0000000 0.78996336 0.42663729
967800278 0.0000000 0.96192867 0.90655196
968576086 0.0000000 0.99209231 0.97898036
968669370 0.0000000 0.68095875 -0.10527790
968735354 0.0000000 0.52485728 -2.3205168
968815712 5.00000007E-02 0.84899902 0.70709932
968976446 0.0000000 0.89822924 0.73545158
969144830 0.0000000 0.92437088 0.81708205
969145452 0.0000000 0.96935326 0.92999953
969456259 0.0000000 0.50403351 -2.0507922
969516246 0.0000000 0.96659285 0.92383695
970270882 0.0000000 0.94636571 0.87178057
970691362 0.0000000 0.70089209 -3.21578979E-02
972371517 0.0000000 0.85372591 0.58120894
972935645 0.0000000 0.77076596 0.26343119
974678829 0.0000000 0.76974314 0.23511505
974978532 5.00000007E-02 0.66878963 -0.33932149
975495633 0.0000000 0.97395629 0.93797153
975505300 5.00000007E-02 0.82288301 0.49193591
976442918 0.0000000 0.95437443 0.88878232
976476644 0.0000000 0.97950310 0.95140034
976653172 0.0000000 0.98056287 0.95432448
977484180 0.0000000 0.91099280 0.76453197
977800861 0.0000000 0.95743191 0.90695661
977801150 5.00000007E-02 0.89357936 0.76071233
977994086 5.00000007E-02 0.96091884 0.91367960
978113008 0.0000000 0.96372724 0.91422760
978169408 0.0000000 0.96397275 0.91742927
978205372 0.0000000 0.91935813 0.80189365
978476098 0.0000000 0.74383897 0.17010802
979067787 0.0000000 0.89037049 0.72503948
979069110 5.00000007E-02 0.75153083 0.24977124
979202219 0.0000000 0.94970417 0.88367003
979204150 0.0000000 0.85442573 0.58381879
979609386 0.0000000 0.93321455 0.83660138
980206038 0.0000000 0.94782138 0.87536079
980698596 5.00000007E-02 0.66271436 -3.70498896E-02
981386039 5.00000007E-02 0.94705296 0.88132000
981653649 0.0000000 0.88157314 0.69071448
982365189 0.0000000 0.98166031 0.95412523
982527910 0.0000000 0.97069299 0.93027109
982955906 5.00000007E-02 0.89044774 0.73251820
983077277 0.0000000 0.87218899 0.66072768
983464670 0.0000000 0.99157161 0.97662646
986938306 0.0000000 0.62172687 -0.87552798
988100797 0.0000000 0.33545947 -7.2795515
988336953 0.0000000 0.98441452 0.96137428
989765823 5.00000007E-02 0.87879336 0.68257666
990117114 5.00000007E-02 0.19488598 -25.817616
990630314 5.00000007E-02 0.79346448 0.38482589
991455252 5.00000007E-02 0.24714483 -12.161367
991634551 0.0000000 0.92577720 0.81799507
991995645 5.00000007E-02 0.73411906 0.38020295
992208377 0.0000000 0.95768046 0.90039599
992209870 0.0000000 0.97910464 0.94991982
992438274 0.0000000 0.98486507 0.96280175
992486125 0.0000000 0.99198210 0.97818708
992592933 5.00000007E-02 0.92272621 0.83015025
992927775 0.0000000 0.98414755 0.96176702
992929419 0.0000000 0.98680699 0.96695793
993581187 0.0000000 0.96550351 0.92165631
993854508 5.00000007E-02 0.83409607 0.53621817
993874057 0.0000000 0.93102199 0.83133852
994007634 0.0000000 0.96484840 0.91657364
994692047 0.0000000 0.93897432 0.85855794
995024004 0.0000000 0.67385882 -0.23891890
995162867 0.0000000 0.95916325 0.90464234
995890516 5.00000007E-02 0.83965510 0.52966309
996113981 5.00000007E-02 0.60159117 -1.2934980
997156421 5.00000007E-02 0.96644992 0.91868401
998326679 0.0000000 0.96121353 0.90565109
999257596 0.0000000 0.97275138 0.93040937
1000062111 0.0000000 0.95428473 0.88581467
1000197538 0.0000000 0.98659015 0.96099967
1000766684 0.0000000 0.99068987 0.97032136
1001410293 0.0000000 0.96643883 0.91741318
1001954970 0.0000000 0.95963103 0.89942473
1004092959 0.0000000 0.98017544 0.94710290
1004454253 0.0000000 0.96971649 0.92402422
1004863535 0.0000000 0.98844606 0.96528006
1005352632 0.0000000 0.99019158 0.96914858
1006580783 5.00000007E-02 0.95742333 0.89817262
1007019252 0.0000000 0.98200303 0.95117211
1007572713 5.00000007E-02 0.88944697 0.77267414
1007712455 0.0000000 0.98688602 0.96163720
1007972664 0.0000000 0.98701578 0.96189362
1008464695 0.0000000 0.95795047 0.90773582
1008648180 0.0000000 0.98975462 0.97404635
1008649429 0.0000000 0.96791154 0.92690623
1008650819 0.0000000 0.97986299 0.95271307
1008651467 0.0000000 0.96706498 0.92543548
1008652414 0.0000000 0.98249239 0.95869541
1008671685 0.0000000 0.97527242 0.94207197
1008686668 0.0000000 0.97877604 0.95010191
1008715277 0.0000000 0.98015285 0.95333314
1008786983 0.0000000 0.97508466 0.94300634
1008836107 0.0000000 0.97372311 0.93965936
1008890954 0.0000000 0.97247422 0.93597138
1009057225 0.0000000 0.97851831 0.95019573
1009168145 0.0000000 0.97800386 0.94910675
1009442091 0.0000000 0.98223507 0.95824373
1009500099 0.0000000 0.98517179 0.96404445
1010371507 0.0000000 0.97645944 0.94549668
1010509239 0.0000000 0.98737401 0.96871173
1011026056 0.0000000 0.97296894 0.93819427
1011031830 0.0000000 0.98533815 0.96416652
1011063499 5.00000007E-02 0.92620403 0.82107240
1011682027 5.00000007E-02 0.95690507 0.90601814
1012271064 5.00000007E-02 0.94858509 0.88813400
1012580587 5.00000007E-02 0.94700199 0.88107097
1013484445 0.0000000 0.98164898 0.95665896
1013485377 0.0000000 0.96072662 0.91195375
1013486436 0.0000000 0.96509528 0.92201883
1014927282 0.0000000 0.96893138 0.92899179
1014972465 0.0000000 0.98593885 0.96592283
1015232666 0.0000000 0.97609377 0.94538260
1016105151 0.0000000 0.98488408 0.96387953
1016468323 0.0000000 0.98965019 0.97361422
1017159906 0.0000000 0.95605510 0.90001088
1017557569 0.0000000 0.99220031 0.97934705
1017557822 0.0000000 0.99722224 0.99019408
1017594576 0.0000000 0.96632630 0.92155063
1017816456 0.0000000 0.97943336 0.95203322
1017857170 0.0000000 0.98726773 0.96862000
1017925489 0.0000000 0.97514540 0.94068795
1018065946 0.0000000 0.95911640 0.90649521
1018137582 0.0000000 0.85580146 0.58281690
1018221645 0.0000000 0.97720569 0.94614530
1018414606 0.0000000 0.94402611 0.87461269
1019673665 5.00000007E-02 0.91830719 0.83043230
1020000226 0.0000000 0.98605347 0.96559167
1021004232 0.0000000 0.96333200 0.91943425
1021024958 5.00000007E-02 0.91009837 0.81529027
1021028934 0.0000000 0.98228532 0.95817256
1021434365 0.0000000 0.98982036 0.97412658
1021434812 0.0000000 0.98307312 0.95851028
1021435155 0.0000000 0.96910989 0.92736173
1021437004 0.0000000 0.97527844 0.94088554
1021437761 0.0000000 0.97879595 0.94867790
1021888184 0.0000000 0.97600418 0.94212699
1022604314 0.0000000 0.98345608 0.96054637
1022741620 0.0000000 0.96830946 0.92922717
1022779647 0.0000000 0.95126748 0.89600801
1024000827 0.0000000 0.98884475 0.97214955
1024039343 0.0000000 0.95690095 0.90515208
1024059173 0.0000000 0.95386839 0.89862525
1026036068 0.0000000 0.94359338 0.87344354
1026372982 0.0000000 0.98466057 0.96336049
1026373076 0.0000000 0.99126875 0.97724652
1026374005 0.0000000 0.95611751 0.90355110
1026378668 0.0000000 0.95876837 0.90746838
1026562025 0.0000000 0.96895123 0.92953706
1026925041 0.0000000 0.98569274 0.96519327
1026933281 0.0000000 0.97829765 0.94974989
1026967951 5.00000007E-02 0.90512639 0.80395484
1028885460 0.0000000 0.97252905 0.93711728
1028970195 0.0000000 0.98597819 0.96601844
1029367736 0.0000000 0.97748065 0.94655013
1030006163 5.00000007E-02 0.94210023 0.87030184
1030375930 0.0000000 0.98107588 0.95553893
1030554334 5.00000007E-02 0.95859557 0.91080993
1030628193 0.0000000 0.98808998 0.97073305
1030651553 0.0000000 0.97081220 0.93345904
1030859781 0.0000000 0.98182112 0.95725727
1030864055 0.0000000 0.98658925 0.96752250
1032052013 0.0000000 0.97169113 0.93598866
1032134610 0.0000000 0.98727244 0.96882427
1032294371 0.0000000 0.95072186 0.88904178
1032315669 5.00000007E-02 0.97359651 0.94117910
1032907402 0.0000000 0.98923272 0.97309744
1033103267 0.0000000 0.98087907 0.95508492
1033374913 0.0000000 0.98818660 0.97066593
1033690544 0.0000000 0.93582338 0.84726888
1033947513 0.0000000 0.97544175 0.94234174
1034070514 0.0000000 0.97703695 0.94676322
1034480608 5.00000007E-02 0.93808502 0.86907202
1034923400 0.0000000 0.97425479 0.93984008
1034928298 0.0000000 0.98112088 0.95426685
1035149152 0.0000000 0.97792935 0.94834304
1035153178 0.0000000 0.97748101 0.94710857
1035197382 0.0000000 0.96145689 0.91501445
1035991040 0.0000000 0.93069589 0.83745956
1036098952 0.0000000 0.97127277 0.93590671
1036886824 0.0000000 0.96887988 0.92958111
1038324582 0.0000000 0.97092992 0.93376619
1038746116 0.0000000 0.96580416 0.92274654
1039232712 0.0000000 0.98000890 0.95329338
1039743025 5.00000007E-02 0.93898511 0.86891890
1040450954 0.0000000 0.98539412 0.96491551
1040520314 5.00000007E-02 0.93278259 0.85668719
1040644457 5.00000007E-02 0.94882661 0.88878524
1040799690 0.0000000 0.96383154 0.91964370
1041632855 0.0000000 0.95466554 0.89806551
1042809813 0.0000000 0.97297657 0.93829030
1043607562 0.0000000 0.97859049 0.94988430
1044768063 0.0000000 0.98387176 0.96160567
1044817061 0.0000000 0.96403426 0.91960907
1045633623 5.00000007E-02 0.93674010 0.86219639
1046065971 5.00000007E-02 0.85100281 0.71335101
1046575544 5.00000007E-02 0.94690287 0.88330460
1048808323 5.00000007E-02 0.96244234 0.91623247
1049310522 0.0000000 0.96171266 0.91471952
1049353173 0.0000000 0.98006755 0.95316947
1051845960 0.0000000 0.96045053 0.91240573
1051900153 0.0000000 0.90455151 0.77249485
1052394722 5.00000007E-02 0.91401321 0.82336873
1052961462 0.0000000 0.99067760 0.97578090
1053904321 5.00000007E-02 0.92840415 0.84891176
1054395492 5.00000007E-02 0.94571406 0.88366276
1054853585 0.0000000 0.97421187 0.94079882
1055123570 0.0000000 0.98335463 0.96051389
1055135284 0.0000000 0.98690015 0.96745735
1055234432 0.0000000 0.97103000 0.93396461
1055390332 5.00000007E-02 0.93475491 0.86067855
1055425274 0.0000000 0.97323519 0.93758470
1055472531 5.00000007E-02 0.94988668 0.88915110
1055510426 5.00000007E-02 0.95895696 0.90934181
1055788418 5.00000007E-02 0.95594877 0.90405428
1055803080 0.0000000 0.96084195 0.91371191
1056357316 5.00000007E-02 0.95573705 0.90447164
1057028486 5.00000007E-02 0.90322602 0.80369866
1057319282 5.00000007E-02 0.95061028 0.89257681
1058108790 0.0000000 0.95362115 0.89230031
1058496080 0.0000000 0.94358891 0.87593973
1059102630 0.0000000 0.95120132 0.89173770
1059590191 0.0000000 0.97740304 0.94859600
1059850488 0.0000000 0.86554813 0.63835967
1059910523 0.0000000 0.97101218 0.93533689
1059994404 5.00000007E-02 0.93977052 0.87030530
1060172588 0.0000000 0.98633504 0.96673089
1060619413 0.0000000 0.97790563 0.94898969
1061586322 5.00000007E-02 0.92627901 0.84243453
1062262342 5.00000007E-02 0.90963340 0.79094988
1062859632 0.0000000 0.97277313 0.93880850
1063234506 0.0000000 0.96094561 0.91454184
1063264037 5.00000007E-02 0.92578816 0.83826590
1064365712 0.0000000 0.94047725 0.87273371
1064533379 0.0000000 0.93017036 0.83969843
1065785029 5.00000007E-02 0.96313959 0.91991460
1065790269 5.00000007E-02 0.93280387 0.85734272
1065847269 5.00000007E-02 0.92328507 0.83337498
1067505195 5.00000007E-02 0.95396119 0.89822501
1068127124 0.0000000 0.98260844 0.95867229
1068356150 0.0000000 0.96910435 0.92857063
1068595355 0.0000000 0.98354781 0.96070921
1068804765 0.0000000 0.95485902 0.90115279
1068825242 0.0000000 0.97697729 0.94709957
1069412363 0.0000000 0.96887541 0.92915326
1070682432 0.0000000 0.93012559 0.84966457
1070692497 5.00000007E-02 0.95172024 0.89517349
1070921046 0.0000000 0.97937131 0.95097375
1071031093 0.0000000 0.91995472 0.81461775
1071031176 0.0000000 0.99423712 0.98333776
1071031375 0.0000000 0.98710334 0.96902579
1071031628 0.0000000 0.97203666 0.93651891
1071031695 0.0000000 0.97463131 0.94176060
1071031744 0.0000000 0.97659606 0.94583839
1071031844 0.0000000 0.97447920 0.94137996
1071031926 0.0000000 0.97864920 0.95035070
1071033611 0.0000000 0.97854781 0.94972360
1071033625 0.0000000 0.97854859 0.94972450
1071035006 5.00000007E-02 0.94400102 0.87827480
1071038489 5.00000007E-02 0.95244282 0.89555275
1071042579 0.0000000 0.96952772 0.93071890
1071043831 0.0000000 0.98144066 0.95616430
1071046005 0.0000000 0.97781128 0.94909787
1071046239 5.00000007E-02 0.93973720 0.87161553
1071074159 0.0000000 0.96772122 0.92748797
1071095531 5.00000007E-02 0.96406430 0.92077732
1071100910 0.0000000 0.96197051 0.91549218
1071109335 0.0000000 0.96114880 0.91344130
1071169499 0.0000000 0.95406651 0.89843357
1071182968 0.0000000 0.97912198 0.95147228
1071183209 0.0000000 0.98050654 0.95396179
1071183435 0.0000000 0.98007435 0.95297652
1071443800 0.0000000 0.97793281 0.94868785
1071583019 0.0000000 0.97488064 0.94190168
1071584001 0.0000000 0.96131384 0.91458082
1071678445 0.0000000 0.95929486 0.90986305
1071725608 0.0000000 0.98391742 0.96147835
1072705310 0.0000000 0.97358835 0.93995714
1093908136 0.0000000 0.84450048 0.60155571
1105405102 0.0000000 0.96635664 0.92455447
1105536640 0.0000000 0.98383039 0.96121174
1105765351 0.0000000 0.96278900 0.91714609
1106056455 0.0000000 0.89668411 0.78409088
1106207236 0.0000000 0.99096918 0.97647893
1106226863 5.00000007E-02 0.90836978 0.81205797
1106317701 0.0000000 0.98619360 0.96632421
1106377004 5.00000007E-02 0.95048541 0.89370388
1106829094 0.0000000 0.95886910 0.90943331
1107166208 5.00000007E-02 0.94121128 0.87451184
1107223187 0.0000000 0.98487127 0.96364415
1107233798 0.0000000 0.94601673 0.88127822
1107286746 0.0000000 0.93680018 0.86062837
1107601144 0.0000000 0.98361731 0.96060592
1107601252 0.0000000 0.98405105 0.96154481
1108162580 0.0000000 0.95626616 0.90294766
1108757898 0.0000000 0.98428077 0.96221244
1108761568 0.0000000 0.95575923 0.90438318
1110049611 0.0000000 0.99263161 0.98009604
1110049680 0.0000000 0.99270421 0.98023480
1110050185 0.0000000 0.98691154 0.96792066
1110050874 0.0000000 0.98155451 0.95714200
1110568232 5.00000007E-02 0.95308739 0.89787197
1111274786 0.0000000 0.96013260 0.91087580
1113182839 0.0000000 0.96094102 0.91214710
1113208093 5.00000007E-02 0.95212531 0.89588326
1113260515 0.0000000 0.98018783 0.95322096
1113331351 0.0000000 0.95548522 0.90171844
1114345058 5.00000007E-02 0.92370719 0.83544600
1114872497 0.0000000 0.98912024 0.97253829
1114872533 0.0000000 0.98912126 0.97253966
1114872543 0.0000000 0.98915845 0.97261757
1114981677 0.0000000 0.96264392 0.91583645
1115167250 0.0000000 0.97088468 0.93319142
1115753263 0.0000000 0.96422553 0.92074347
1115910658 0.0000000 0.95383406 0.89743257
1115942660 0.0000000 0.98160243 0.95608312
1117405041 5.00000007E-02 0.94297487 0.88005435
1117642805 0.0000000 0.97416061 0.94147664
1118162704 0.0000000 0.98872286 0.97158426
1118367166 0.0000000 0.98795563 0.96999013
1118396676 0.0000000 0.98483753 0.96319932
1118501300 0.0000000 0.97244382 0.93809927
1118677980 0.0000000 0.94927210 0.88757861
1118868304 0.0000000 0.90877485 0.78168273
1119087065 0.0000000 0.98434281 0.96222049
1119729025 0.0000000 0.96515554 0.92066073
1119876655 5.00000007E-02 0.95789152 0.90801442
1122618639 0.0000000 0.98283082 0.95933151
1122777951 0.0000000 0.97405219 0.94079238
1125373372 5.00000007E-02 0.86758018 0.74189776
1125685516 5.00000007E-02 0.95375854 0.89652544
1125969360 0.0000000 0.99087936 0.97651601
1127055473 0.0000000 0.96591377 0.92214596
1127456637 0.0000000 0.95792335 0.90716469
1127471662 5.00000007E-02 0.96381760 0.92104644
1127494190 0.0000000 0.95798802 0.90736383
1127760620 0.0000000 0.96970850 0.93170989
1128153007 0.0000000 0.95621383 0.89697319
1128174696 0.0000000 0.96938980 0.93089598
1128475640 5.00000007E-02 0.89570808 0.79033971
1128528995 0.0000000 0.96490812 0.91566420
1128891916 5.00000007E-02 0.95955449 0.91141278
1128923244 0.0000000 0.97353941 0.94007552
1129069430 5.00000007E-02 0.93751276 0.86618745
1129155495 5.00000007E-02 0.97577560 0.94495392
1129246313 0.0000000 0.97726625 0.94790840
1129324370 5.00000007E-02 0.94368851 0.87841392
1129391464 0.0000000 0.98501176 0.96391582
1129907016 0.0000000 0.98514760 0.96421623
1130249327 5.00000007E-02 0.94500542 0.87847221
1131428965 0.0000000 0.97814143 0.94978523
1131431840 5.00000007E-02 0.92822713 0.83650547
1132062095 0.0000000 0.98681939 0.96714973
1132132485 5.00000007E-02 0.87156677 0.74442005
1132148341 0.0000000 0.96262217 0.91701370
1132166999 5.00000007E-02 0.95349336 0.89779258
1132661855 5.00000007E-02 0.95614606 0.90404421
1132975230 0.0000000 0.97123843 0.93502498
1133111580 5.00000007E-02 0.97396684 0.94000721
1133304109 0.0000000 0.97570330 0.94452459
1133601723 0.0000000 0.95933330 0.90640461
1133908462 5.00000007E-02 0.94584787 0.88234103
1134710133 0.0000000 0.97677356 0.94666839
1135808248 0.0000000 0.96227330 0.91724521
1135976852 5.00000007E-02 0.93915439 0.86966282
1136739698 5.00000007E-02 0.95866567 0.90912807
1137913657 0.0000000 0.98277837 0.95868498
1137989937 5.00000007E-02 0.96035564 0.91281921
1137990003 5.00000007E-02 0.96099430 0.91424429
1138288259 0.0000000 0.97331572 0.93818241
1139284609 5.00000007E-02 0.88041657 0.76186883
1139326915 5.00000007E-02 0.96027976 0.90999287
1140725945 0.0000000 0.96696073 0.92463249
1140746150 0.0000000 0.98675442 0.96667492
1141877248 0.0000000 0.98236507 0.95789176
1142029462 0.0000000 0.96556109 0.92251205
1142229311 0.0000000 0.97425473 0.93879724
1142709582 0.0000000 0.97976065 0.95259058
1143536168 0.0000000 0.97990704 0.95044744
1143616861 0.0000000 0.95438236 0.89548731
1143885739 0.0000000 0.95505720 0.90338522
1143885924 0.0000000 0.99485767 0.98479187
1143888020 0.0000000 0.99041486 0.97547489
1144129163 0.0000000 0.98603785 0.96562856
1144133312 0.0000000 0.98177010 0.95695883
1144179006 0.0000000 0.97812229 0.94880617
1144806135 5.00000007E-02 0.92023700 0.83314562
1145140855 0.0000000 0.97160763 0.93541443
1145323561 0.0000000 0.97391188 0.94004172
1146215126 0.0000000 0.98718095 0.96810699
1146944291 5.00000007E-02 0.87180090 0.74813795
1146966782 0.0000000 0.96748108 0.92555851
1147258751 5.00000007E-02 0.95333272 0.89728534
1149411961 0.0000000 0.96006978 0.91092515
1149467938 0.0000000 0.96595114 0.92296147
1149638545 0.0000000 0.97488809 0.94173568
1149771133 5.00000007E-02 0.93782759 0.86632615
1150128882 5.00000007E-02 0.89534718 0.78689969
1151387381 0.0000000 0.92164034 0.81231898
1154072410 0.0000000 0.99079472 0.97606856
1154182305 0.0000000 0.97409153 0.94085157
1155212722 5.00000007E-02 0.93420941 0.85964644
1155340266 5.00000007E-02 0.95131963 0.89202750
1155354114 5.00000007E-02 0.91841376 0.83144343
1155443514 0.0000000 0.97010016 0.93174887
1156044082 5.00000007E-02 0.89881742 0.79287815
1156698676 0.0000000 0.98736954 0.96905738
1158266854 5.00000007E-02 0.93822771 0.86000782
1159598968 0.0000000 0.95642215 0.90041661
1159684577 0.0000000 0.97281003 0.93768871
1160388105 5.00000007E-02 0.95074880 0.89388770
1160392104 0.0000000 0.97576374 0.94423109
1160549032 5.00000007E-02 0.96749866 0.92674810
1160664389 0.0000000 0.98947418 0.97304618
1163299258 5.00000007E-02 0.94018739 0.86909050
1163456967 0.0000000 0.97966230 0.95161682
1163641819 5.00000007E-02 0.97007352 0.93294388
1164570370 5.00000007E-02 0.95129633 0.89314306
1165358160 0.0000000 0.96097910 0.91344815
1165368969 5.00000007E-02 0.94272399 0.87557364
1166094636 0.0000000 0.98783100 0.97002965
1166561075 0.0000000 0.97845709 0.94857800
1166894907 0.0000000 0.98561805 0.96441579
1167121204 0.0000000 0.95918554 0.90861571
1167135981 5.00000007E-02 0.54364061 -5.3330951
1167136317 5.00000007E-02 0.51990765 -5.6198721
1167136455 5.00000007E-02 0.51993781 -5.6181598
1167136825 0.0000000 0.95939612 0.90984589
1167144800 0.0000000 0.96271634 0.91682744
1167147704 5.00000007E-02 0.92536944 0.84546530
1167154513 0.0000000 0.97383207 0.93946958
1167186639 0.0000000 0.96127516 0.91352153
1167298740 5.00000007E-02 0.91749144 0.82849896
1167318376 5.00000007E-02 0.85016930 0.70983356
1167324678 5.00000007E-02 0.95003688 0.89251035
1167592780 5.00000007E-02 0.87647581 0.75413811
1167604646 0.0000000 0.97295409 0.93773687
1168792515 0.0000000 0.98672485 0.96688002
1168917035 0.0000000 0.98597795 0.96549559
1169006425 0.0000000 0.96264780 0.91758382
1169712716 0.0000000 0.97391284 0.93949449
1169722755 0.0000000 0.98576552 0.96553767
1170262059 5.00000007E-02 0.93031114 0.85231149
1170524118 0.0000000 0.94943523 0.88794363
1171366614 0.0000000 0.96400392 0.91837287
1171423577 0.0000000 0.96233231 0.91691524
1171423831 0.0000000 0.97006583 0.93255031
1171832699 0.0000000 0.97236496 0.93729007
1172178017 0.0000000 0.96622765 0.92254925
1173308237 0.0000000 0.98684359 0.96697694
1173368256 0.0000000 0.96394581 0.91764897
1174197233 5.00000007E-02 0.94169623 0.87381041
1175309106 5.00000007E-02 0.91201770 0.80645531
1175583473 0.0000000 0.95612973 0.90297973
1176242685 0.0000000 0.96897310 0.92858541
1177115546 0.0000000 0.98072946 0.95448399
1177175308 0.0000000 0.96244019 0.91549706
1178992210 0.0000000 0.95145369 0.88693905
1180238725 5.00000007E-02 0.93602365 0.86160815
1180618796 5.00000007E-02 0.95020056 0.89137465
1181939353 5.00000007E-02 0.93039447 0.85093880
1182196765 5.00000007E-02 0.92485404 0.82611549
1182265663 0.0000000 0.95591187 0.90019280
1182396227 5.00000007E-02 0.94327593 0.87776613
1182398897 0.0000000 0.96745354 0.92636931
1184629372 0.0000000 0.96324855 0.91744828
1185198002 0.0000000 0.98173517 0.95601797
1185799546 0.0000000 0.98029619 0.95389199
1185861072 0.0000000 0.94695920 0.87829429
1186620947 0.0000000 0.98787349 0.96881127
1186786330 -38.600002 1.30565893E-02 -2076.1116
1188350129 0.0000000 0.96703845 0.92482615
1188356416 0.0000000 0.98006910 0.95319146
1188908193 0.0000000 0.95313525 0.89550477
1188950111 5.00000007E-02 0.83330393 0.68617523
1189101086 0.0000000 0.98682296 0.96727985
1189101321 0.0000000 0.98793560 0.96972096
1189194674 5.00000007E-02 0.93491155 0.85906142
1190442424 0.0000000 0.97148931 0.93275893
1191742755 5.00000007E-02 0.95668107 0.90466696
1192071901 0.0000000 0.97222900 0.93535012
1192632000 0.0000000 0.96761262 0.92641824
1203790455 5.00000007E-02 0.95294327 0.89580417
1204138448 0.0000000 0.98649669 0.96580517
1204304285 0.0000000 0.98408443 0.96091694
1204490434 0.0000000 0.97251540 0.93335050
1204651907 0.0000000 0.98368633 0.96024323
1204651936 0.0000000 0.98371631 0.96030641
1204670552 0.0000000 0.97530115 0.94268173
1220742036 0.0000000 0.99666286 0.99283284
1220946193 0.0000000 0.99994248 0.99978971
1221047734 0.0000000 0.99768806 0.99516922
1222614737 0.0000000 0.99771792 0.99511123
1225404477 0.0000000 0.99958372 0.99898070
1225442295 0.0000000 0.99970460 0.99931741
1228187814 0.0000000 0.99992591 0.99968880
1228684717 0.0000000 0.99992800 0.99968666
1229260451 0.0000000 0.99890488 0.99758852
1229658996 0.0000000 0.99838710 0.99655294
1229990683 0.0000000 0.99994153 0.99971253
1230216280 0.0000000 0.99933296 0.99844640
1230600687 0.0000000 0.99959236 0.99898726
1230860391 0.0000000 0.99988353 0.99962312
1231020274 0.0000000 0.99991328 0.99964434
1231041233 0.0000000 0.99949270 0.99872786
1232714291 0.0000000 0.99993008 0.99969941
1232804891 0.0000000 0.99867409 0.99700511
1233928332 0.0000000 0.99966049 0.99906027
1234166319 0.0000000 0.98628712 0.97131586
1234201315 0.0000000 0.99993134 0.99969041
1234214675 0.0000000 0.99995410 0.99967998
1236731039 0.0000000 0.99962372 0.99902183
1236854628 0.0000000 0.99881977 0.99738419
1237014105 0.0000000 0.99725997 0.99426889
1237159221 0.0000000 0.99866819 0.99703050
1237164701 0.0000000 0.99915379 0.99816006
1237551366 0.0000000 0.99930012 0.99838626
1237619839 0.0000000 0.99195248 0.98287261
1239235949 0.0000000 0.99977356 0.99928159
1239971868 0.0000000 0.99992192 0.99962825
1240678955 0.0000000 0.99551809 0.99043578
1242397863 0.0000000 0.99939215 0.99855649
1242709695 0.0000000 0.99647290 0.99234670
1243376855 0.0000000 0.99987268 0.99943870
1244248765 0.0000000 0.99295336 0.98512030
1245087845 0.0000000 0.99774456 0.99503964
1245407408 0.0000000 0.99942893 0.99872118
1245469469 0.0000000 0.99988747 0.99959892
1245877793 0.0000000 0.99986678 0.99958652
1245881452 0.0000000 0.99970394 0.99923205
1246167876 0.0000000 0.99926430 0.99829513
1246181696 0.0000000 0.99993449 0.99971336
1246182765 0.0000000 0.99959695 0.99903911
1246208530 0.0000000 0.99906886 0.99788946
1246208539 0.0000000 0.99906814 0.99788904
1246598451 0.0000000 0.99985856 0.99953759
1246598488 0.0000000 0.99985790 0.99953520
1246614635 0.0000000 0.99983996 0.99947703
1246985947 0.0000000 0.99987549 0.99951845
1247508302 0.0000000 0.99995834 0.99978447
1247516932 0.0000000 0.99991816 0.99970067
1247654255 0.0000000 0.99970829 0.99922627
1247741293 0.0000000 0.99994111 0.99973404
1247769767 0.0000000 0.99994838 0.99973053
1248159491 0.0000000 0.99950910 0.99885768
1248570012 0.0000000 0.99996632 0.99982154
1248588659 0.0000000 0.99993378 0.99970788
1248872986 0.0000000 0.99917412 0.99816871
1248886386 0.0000000 0.99994367 0.99974871
1249212887 0.0000000 0.99983764 0.99957132
1250601456 0.0000000 0.99993974 0.99972612
1250639275 0.0000000 0.99984604 0.99950838
1250703707 0.0000000 0.99813539 0.99599010
1250777890 0.0000000 0.99993271 0.99973506
1250888264 0.0000000 0.99991149 0.99950695
1250911490 0.0000000 0.99070549 0.97976112
1252249816 0.0000000 0.99987262 0.99959606
1252757125 0.0000000 0.99986184 0.99951643
1254591366 0.0000000 0.99993104 0.99970627
1254664936 0.0000000 0.99884188 0.99754435
1255243328 0.0000000 0.99990118 0.99969828
1256244384 0.0000000 0.99964660 0.99914831
1256252705 0.0000000 0.99989462 0.99961847
1256431794 0.0000000 0.99536657 0.99030435
1257420861 0.0000000 0.99995470 0.99973947
1257678569 0.0000000 0.99947703 0.99877238
1258065617 0.0000000 0.99853253 0.99678224
1258296469 0.0000000 0.99970442 0.99922383
1258824471 0.0000000 0.99964231 0.99905837
1258926370 0.0000000 0.99840111 0.99652064
1260564405 0.0000000 0.99989045 0.99959069
1260692005 0.0000000 0.99924064 0.99822426
1261227736 0.0000000 0.99994618 0.99965554
1261227864 0.0000000 0.99995899 0.99975485
1261228557 0.0000000 0.99885088 0.99739295
1261232031 0.0000000 0.99959534 0.99883807
1261235533 0.0000000 0.99902397 0.99780911
1261275144 0.0000000 0.99953961 0.99873471
1261713375 0.0000000 0.99985224 0.99942249
1261922241 0.0000000 0.99750012 0.99450773
1262034644 0.0000000 0.99705952 0.99371004
1262237921 0.0000000 0.99846405 0.99646610
1262343689 0.0000000 0.99754012 0.99469823
1262367286 0.0000000 0.99970812 0.99911779
1262622742 0.0000000 0.98205155 0.96137452
1262633257 0.0000000 0.99989969 0.99955761
1263881366 0.0000000 0.99993354 0.99957460
1265523000 0.0000000 0.99996096 0.99972308
1265599504 0.0000000 0.99932951 0.99816847
1265691729 0.0000000 0.99993962 0.99966025
1265942558 0.0000000 0.99992836 0.99967307
1266289887 0.0000000 0.99896485 0.99760598
1266816064 0.0000000 0.99991244 0.99947828
1267146477 0.0000000 0.99993008 0.99956602
1267162697 0.0000000 0.99959558 0.99884009
1267661932 0.0000000 0.99993694 0.99962580
1267662287 0.0000000 0.99991065 0.99952865
1267686434 0.0000000 0.99993515 0.99963713
1267690576 0.0000000 0.99993283 0.99966812
1268040382 0.0000000 0.99984753 0.99942666
1268902896 0.0000000 0.99888855 0.99733454
1268931240 0.0000000 0.99793130 0.99548751
1269644874 0.0000000 0.99976897 0.99917352
1290784424 0.0000000 0.99969280 0.99918401
1290799240 0.0000000 0.99977911 0.99928832
1291601652 0.0000000 0.99991858 0.99962634
1291689974 0.0000000 0.99991328 0.99966455
1291927327 0.0000000 0.99991781 0.99963105
1292000461 0.0000000 0.99989921 0.99962854
1294804388 0.0000000 0.99867326 0.99701965
1296507195 0.0000000 0.99980319 0.99930209
1296548191 0.0000000 0.99995232 0.99968278
1297058102 0.0000000 0.99913013 0.99786216
1297342916 0.0000000 0.99123818 0.98177332
1297754297 0.0000000 0.99993247 0.99959272
1298970247 0.0000000 0.99271721 0.98434746
1299845150 0.0000000 0.99718350 0.99369472
1300123317 0.0000000 0.99990225 0.99953860
1300281136 0.0000000 0.99988902 0.99950522
1300608051 0.0000000 0.99993402 0.99961853
1301123952 0.0000000 0.99465817 0.98849523
1301458951 0.0000000 0.99954039 0.99876386
1301964194 0.0000000 0.99592990 0.99104446
1302916270 0.0000000 0.99994284 0.99959987
1302961193 0.0000000 0.99914771 0.99782526
1303685617 0.0000000 0.99994147 0.99955231
1304080155 0.0000000 0.99729586 0.99415696
1304082768 0.0000000 0.99988371 0.99938434
1304152538 0.0000000 0.99993092 0.99963987
1304437954 0.0000000 0.99986160 0.99940741
1304717510 0.0000000 0.99986905 0.99940079
1304757333 0.0000000 0.99729592 0.99405956
1306028051 0.0000000 0.99948341 0.99860984
1306098435 0.0000000 0.99947220 0.99864107
1306261925 0.0000000 0.99921280 0.99798578
1307034472 0.0000000 0.99946320 0.99879372
1307669122 0.0000000 0.99966025 0.99891281
1308478735 0.0000000 0.99805254 0.99557739
1309048281 0.0000000 0.99839860 0.99640149
1309094354 0.0000000 0.99976808 0.99928361
1309326569 0.0000000 0.99922073 0.99745405
1309474048 0.0000000 0.99639302 0.99213845
1309601047 0.0000000 0.99972296 0.99912244
1309696244 0.0000000 0.99652600 0.99226147
1309953539 0.0000000 0.99928361 0.99809831
1310469430 0.0000000 0.99953961 0.99885052
1310541580 0.0000000 0.99955148 0.99870867
1310928323 0.0000000 0.99881053 0.99721426
1311000534 0.0000000 0.99960613 0.99894637
1311084070 0.0000000 0.99919158 0.99782014
1311142337 0.0000000 0.99944687 0.99833924
1311692424 0.0000000 0.99972248 0.99912804
1314264913 0.0000000 0.99954724 0.99869055
1314789752 0.0000000 0.99956858 0.99872243
1315538819 0.0000000 0.99953818 0.99899369
1315635988 0.0000000 0.99966758 0.99911869
1315804512 0.0000000 0.99946260 0.99848437
1316643513 0.0000000 0.99952614 0.99877310
1316653258 0.0000000 0.99921197 0.99811339
1317835272 0.0000000 0.99908489 0.99776804
1318175665 0.0000000 0.99983448 0.99949944
1318478724 0.0000000 0.99815553 0.99588472
1319945023 0.0000000 0.99984479 0.99955326
1320074224 0.0000000 0.99783021 0.99523520
1320721143 0.0000000 0.99983937 0.99953806
1321061921 0.0000000 0.99956816 0.99888134
1322787324 0.0000000 0.99983346 0.99936044
1322993584 0.0000000 0.99865061 0.99682039
1323861170 0.0000000 0.99822730 0.99584240
1323909341 0.0000000 0.99895650 0.99762356
1324582798 0.0000000 0.99970573 0.99903876
1325660397 0.0000000 0.99867052 0.99696052
1326181267 0.0000000 0.99660933 0.99223256
1326728445 0.0000000 0.99980122 0.99928319
1327107001 0.0000000 0.99952120 0.99866790
1327480583 0.0000000 0.99731529 0.99399161
1327824459 0.0000000 0.99924099 0.99802870
1328324062 0.0000000 0.99976307 0.99920022
1328459111 0.0000000 0.99988616 0.99934572
1330223700 0.0000000 0.99976617 0.99931026
1330883534 0.0000000 0.99928707 0.99805713
1332071890 0.0000000 0.99450105 0.98822802
1332086295 0.0000000 0.99932712 0.99819702
1332373478 0.0000000 0.99975556 0.99915892
1333258441 0.0000000 0.99977762 0.99920845
1333828758 0.0000000 0.99933493 0.99836272
1333921411 0.0000000 0.99989408 0.99951279
1334227165 0.0000000 0.99975693 0.99927688
1334800688 0.0000000 0.99985641 0.99933624
1335409258 0.0000000 0.99911749 0.99775612
1335538115 0.0000000 0.99965364 0.99880582
1338362741 0.0000000 0.99981427 0.99931204
1338842309 0.0000000 0.99967867 0.99907112
1338890190 0.0000000 0.99984378 0.99940926
1338944914 0.0000000 0.99987870 0.99940979
1338944979 0.0000000 0.99991626 0.99960303
1338945045 0.0000000 0.99987096 0.99953884
1339216879 0.0000000 0.99984354 0.99946851
1339275618 0.0000000 0.99980348 0.99946988
1339278860 0.0000000 0.99937063 0.99844408
1339309409 0.0000000 0.99950850 0.99864417
1339575740 0.0000000 0.99958724 0.99902344
1339598466 0.0000000 0.99901205 0.99774849
1339646879 0.0000000 0.99934453 0.99848455
1339690513 0.0000000 0.99984539 0.99957573
1339702255 0.0000000 0.99977058 0.99931061
1339923712 0.0000000 0.99982208 0.99940467
1341299876 0.0000000 0.99964905 0.99909914
1341924177 0.0000000 0.96853954 0.93212950
1342405200 0.0000000 0.99962550 0.99893397
1344277570 0.0000000 0.99960375 0.99901408
1344910008 0.0000000 0.99983305 0.99942285
1344941743 0.0000000 0.99977332 0.99933344
1345138860 0.0000000 0.99798518 0.99570763
1345234802 0.0000000 0.99982160 0.99948984
1346380382 0.0000000 0.99971586 0.99919832
1346415099 0.0000000 0.99942422 0.99861217
1346415834 0.0000000 0.99832046 0.99637598
1346788818 0.0000000 0.99980313 0.99928451
1346816730 0.0000000 0.99951828 0.99883288
1348523853 0.0000000 0.99979228 0.99930519
1350722979 0.0000000 0.99953878 0.99882585
1350800865 0.0000000 0.99985129 0.99946606
1351161077 0.0000000 0.99976063 0.99922323
1352122829 0.0000000 0.99929237 0.99841094
1352554787 0.0000000 0.99973547 0.99925339
1353431341 0.0000000 0.99982703 0.99940318
1353536726 0.0000000 0.99984491 0.99938428
1354158772 0.0000000 0.99991924 0.99959105
1354470336 0.0000000 0.99982941 0.99938488
1354477411 0.0000000 0.99969184 0.99912488
1354976814 0.0000000 0.99988359 0.99953681
1355221924 0.0000000 0.99966675 0.99907124
1356243184 0.0000000 0.99857068 0.99684745
1356319072 0.0000000 0.99984050 0.99941981
1356487597 0.0000000 0.99979818 0.99920166
1356883405 0.0000000 0.99984014 0.99954873
1357128106 0.0000000 0.99936879 0.99843705
1357236484 0.0000000 0.99909472 0.99775398
1357270197 0.0000000 0.99972731 0.99916673
1357331931 0.0000000 0.99888760 0.99743271
1357541346 0.0000000 0.99981999 0.99932581
1357994057 0.0000000 0.99953449 0.99874961
1358411441 0.0000000 0.99962717 0.99899632
1358708986 0.0000000 0.99970579 0.99911946
1359776392 0.0000000 0.99988145 0.99947619
1361064727 0.0000000 0.99957079 0.99901301
1361239965 0.0000000 0.99971944 0.99923635
1361256759 0.0000000 0.99977380 0.99934691
1361373628 0.0000000 0.99933100 0.99834377
1361471757 0.0000000 0.99969643 0.99916148
1361665659 0.0000000 0.99466789 0.98867303
1362386544 0.0000000 0.99977273 0.99911976
1362609444 0.0000000 0.99632436 0.99203223
1362627405 0.0000000 0.99984586 0.99947381
1362643640 0.0000000 0.99939293 0.99851888
1363079024 0.0000000 0.99956167 0.99873179
1363764120 0.0000000 0.99705911 0.99345160
1364349799 0.0000000 0.99991071 0.99949962
1364349845 0.0000000 0.99991173 0.99950051
1364355002 0.0000000 0.99945319 0.99865162
1364690983 0.0000000 0.99976522 0.99910676
1365625224 0.0000000 0.99980086 0.99941975
1366061297 0.0000000 0.99959588 0.99885035
1366432589 0.0000000 0.99674141 0.99308276
1366513671 0.0000000 0.99899495 0.99759239
1369110346 0.0000000 0.99972022 0.99922931
1369124755 0.0000000 0.99986506 0.99944615
1369791239 0.0000000 0.99964148 0.99894196
1369883683 0.0000000 0.99955755 0.99867386
1370118743 0.0000000 0.99984813 0.99939293
1370151783 0.0000000 0.99991816 0.99961072
1370623082 0.0000000 0.99988723 0.99961895
1372241957 0.0000000 0.99802911 0.99572641
1372463510 0.0000000 0.99987763 0.99951428
1373829868 0.0000000 0.99981070 0.99943382
1373895699 0.0000000 0.99986893 0.99960607
1373969495 0.0000000 0.99982840 0.99949998
1374677225 0.0000000 0.99962509 0.99900097
1374679935 0.0000000 0.99972218 0.99921161
1376837821 0.0000000 0.99902570 0.99765503
1377205321 0.0000000 0.99782777 0.99536562
1377355603 0.0000000 0.99955982 0.99889702
1377407246 0.0000000 0.97745436 0.95175964
1378247005 0.0000000 0.99846625 0.99672526
1378467231 0.0000000 0.99988919 0.99961799
1379475197 0.0000000 0.99691880 0.99344701
1380542719 0.0000000 0.99966455 0.99924928
1381466759 0.0000000 0.99396211 0.98728245
1381684855 0.0000000 0.99987704 0.99964559
1382170436 0.0000000 0.99980587 0.99945188
1382919848 0.0000000 0.99644756 0.99240196
1383069011 0.0000000 0.99605846 0.99159616
1383085061 0.0000000 0.99724859 0.99402297
1383220929 0.0000000 0.99984694 0.99951237
1383227120 0.0000000 0.99924529 0.99827325
1383227831 0.0000000 0.99928194 0.99833077
1383234448 0.0000000 0.99976701 0.99933988
1383263545 0.0000000 0.99943739 0.99862409
1383450194 0.0000000 0.99953651 0.99877459
1383519374 0.0000000 0.99945909 0.99863064
1383809110 0.0000000 0.99900138 0.99778020
1383809501 0.0000000 0.99871248 0.99703366
1383989687 0.0000000 0.99869430 0.99691629
1384145710 0.0000000 0.99969143 0.99922287
1384544358 0.0000000 0.99978572 0.99925333
1385019362 0.0000000 0.99380863 0.98706663
1386347977 0.0000000 0.99980217 0.99932396
1386357780 0.0000000 0.99968946 0.99907851
1387916955 0.0000000 0.99981594 0.99924445
1389034180 0.0000000 0.99956685 0.99890602
1389204911 0.0000000 0.99985743 0.99957740
1389717867 0.0000000 0.99991345 0.99962980
1389724692 0.0000000 0.99983197 0.99928439
1389729005 0.0000000 0.99986118 0.99938536
1389740803 0.0000000 0.99969065 0.99888623
1389904819 0.0000000 0.99785680 0.99523461
1390517490 0.0000000 0.99940312 0.99850643
1390619771 0.0000000 0.99959582 0.99893028
1391790286 0.0000000 0.99721962 0.99397218
1393014317 0.0000000 0.99983722 0.99937874
1393065064 0.0000000 0.99946314 0.99861372
1393759985 0.0000000 0.99917388 0.99786252
1393791078 0.0000000 0.99983901 0.99930835
1394913876 0.0000000 0.99985349 0.99940628
1395061976 0.0000000 0.99988842 0.99937820
1395231566 0.0000000 0.99983639 0.99931115
1397097485 0.0000000 0.99987495 0.99937475
1397746253 0.0000000 0.99946254 0.99841475
1398443585 0.0000000 0.99951690 0.99870682
1399207416 0.0000000 0.99980587 0.99927241
1399278483 0.0000000 0.99911445 0.99763185
1399745740 0.0000000 0.99972987 0.99912518
1399746271 0.0000000 0.99983406 0.99938321
1400631673 0.0000000 0.99979776 0.99930394
1401021673 0.0000000 0.99985152 0.99940264
1401296286 0.0000000 0.99984282 0.99946243
1402085900 0.0000000 0.98335773 0.96476853
1402313583 0.0000000 0.99983251 0.99934000
1402624068 0.0000000 0.98896211 0.97582352
1402784563 0.0000000 0.99950171 0.99873304
1403034553 0.0000000 0.99745190 0.99439967
1403317269 0.0000000 0.99929690 0.99826509
1403439974 0.0000000 0.99917603 0.99795198
1404774365 0.0000000 0.99985123 0.99947941
1404925818 0.0000000 0.99966663 0.99881023
1405577514 0.0000000 0.99979013 0.99934423
1407296767 0.0000000 0.99967158 0.99887282
1407544588 0.0000000 0.99931443 0.99831784
1408047770 0.0000000 0.99976450 0.99934387
1410046387 0.0000000 0.99930465 0.99839103
1410325949 0.0000000 0.99863708 0.99698555
1410382444 0.0000000 0.99934083 0.99834186
1411247643 0.0000000 0.99946433 0.99857652
1411641303 0.0000000 0.99986255 0.99952447
1412009058 0.0000000 0.99976110 0.99929160
1412705290 0.0000000 0.99981469 0.99932975
1413207959 0.0000000 0.99899656 0.99766791
1414298821 0.0000000 0.99879986 0.99714983
1416419181 0.0000000 0.99975258 0.99928439
1416419227 0.0000000 0.99975300 0.99928510
1416540553 0.0000000 0.99977559 0.99923158
1417557685 0.0000000 0.99982226 0.99935091
1417655668 0.0000000 0.99731970 0.99407339
1418245419 0.0000000 0.99991000 0.99956870
1418533563 0.0000000 0.99958974 0.99860233
1419682925 0.0000000 0.99577910 0.99096626
1419947441 0.0000000 0.99490464 0.98905820
1419995164 0.0000000 0.99943125 0.99853009
1420012476 0.0000000 0.99972677 0.99907553
1420437226 0.0000000 0.99873805 0.99696386
1420606112 0.0000000 0.99983150 0.99941415
1420742654 0.0000000 0.99965829 0.99903524
1421435535 0.0000000 0.99923337 0.99806571
1421639313 0.0000000 0.99979270 0.99908918
1422083726 0.0000000 0.99969655 0.99913776
1422374758 0.0000000 0.99980462 0.99936002
1422958210 0.0000000 0.99775714 0.99490720
1423037687 0.0000000 0.99690789 0.99333197
1423603888 0.0000000 0.99753547 0.99435401
1423726535 0.0000000 0.99891198 0.99741489
1423857991 0.0000000 0.99988365 0.99934769
1424969403 0.0000000 0.99898762 0.99747932
1426114954 0.0000000 0.99385762 0.98680967
1426344314 0.0000000 0.99698645 0.99349314
1426852891 0.0000000 0.99900442 0.99767590
1427105631 0.0000000 0.99985164 0.99939209
1427483378 0.0000000 0.99982989 0.99916202
1428208678 0.0000000 0.99440908 0.98792487
1428320250 0.0000000 0.99973208 0.99910289
1428945237 0.0000000 0.99962282 0.99893194
1429127316 0.0000000 0.99983716 0.99924749
1429494176 0.0000000 0.99989098 0.99952954
1429494550 0.0000000 0.99985099 0.99934423
1429528847 0.0000000 0.99982387 0.99927950
1429530313 0.0000000 0.99988061 0.99948621
1429531199 0.0000000 0.99988782 0.99951154
1429992097 0.0000000 0.99986970 0.99942428
1430658547 0.0000000 0.99953771 0.99870807
1431333501 0.0000000 0.99976450 0.99918967
1431628549 0.0000000 0.99837291 0.99651515
1432588969 0.0000000 0.99980694 0.99946135
1432601816 0.0000000 0.99980187 0.99917668
1432799863 0.0000000 0.99981374 0.99922448
1434467768 0.0000000 0.99949598 0.99873042
1434867330 0.0000000 0.99978137 0.99917644
1435335400 0.0000000 0.99972332 0.99911755
1438066750 0.0000000 0.99949157 0.99882936
1438936857 0.0000000 0.99367326 0.98632294
1439209234 0.0000000 0.99865508 0.99703372
1439418087 0.0000000 0.99983937 0.99945700
1439474882 0.0000000 0.99990278 0.99955350
1439699200 0.0000000 0.99959880 0.99888736
1441113885 0.0000000 0.99979508 0.99938953
1441128847 0.0000000 0.99989039 0.99958742
1441160293 0.0000000 0.99448299 0.98857212
1441898607 0.0000000 0.97638613 0.94751215
1442339782 0.0000000 0.99919140 0.99809617
1442345855 0.0000000 0.99983060 0.99943376
1442345878 0.0000000 0.99983084 0.99943417
1442408939 0.0000000 0.99976665 0.99935633
1442410226 0.0000000 0.98081529 0.95969462
1442413798 0.0000000 0.76574677 6.58406615E-02
1443074281 0.0000000 0.99978113 0.99937433
1443555465 0.0000000 0.99872577 0.99717647
1444648487 0.0000000 0.99984336 0.99943155
1444736944 0.0000000 0.99980062 0.99936056
1444953165 0.0000000 0.99906516 0.99784571
1444953267 0.0000000 0.99855614 0.99675888
1445014914 0.0000000 0.99789137 0.99546558
1445221055 0.0000000 0.99980080 0.99944270
1445233331 0.0000000 0.99879831 0.99731153
1445239215 0.0000000 0.99831533 0.99602109
1446412182 0.0000000 0.99981523 0.99939573
1446412281 0.0000000 0.99984747 0.99953926
1446509184 0.0000000 0.99951023 0.99880433
1446509190 0.0000000 0.99951780 0.99881989
1446714386 0.0000000 0.99936891 0.99836057
1447167192 0.0000000 0.99630290 0.99228621
1447255999 0.0000000 0.99973369 0.99931777
1447277516 0.0000000 0.99296129 0.98506629
1448316095 0.0000000 0.99712890 0.99375612
1448671943 0.0000000 0.99693918 0.99343437
1449033717 0.0000000 0.99947637 0.99868828
1449035580 0.0000000 0.99852580 0.99659550
1449153073 0.0000000 0.99982673 0.99940157
1449935242 0.0000000 0.99950910 0.99873984
1450510821 0.0000000 0.99928850 0.99819183
1450536811 0.0000000 0.99976403 0.99933606
1450992022 0.0000000 0.99936479 0.99840504
1451199638 0.0000000 0.99703175 0.99360842
1451327726 0.0000000 0.99904144 0.99776828
1451523194 0.0000000 0.99987084 0.99945885
1451829690 0.0000000 0.99786752 0.99511248
1451928000 0.0000000 0.99981844 0.99930191
1452487977 0.0000000 0.99985027 0.99944597
1453169606 0.0000000 0.99986535 0.99939740
1453824336 0.0000000 0.99985552 0.99950981
1454422761 0.0000000 0.99975473 0.99915040
1454702246 0.0000000 0.99983531 0.99946749
1454702308 0.0000000 0.99981791 0.99929625
1454702406 0.0000000 0.99985915 0.99943745
1454702512 0.0000000 0.99978566 0.99930614
1454978820 0.0000000 0.99985522 0.99950337
1455590759 0.0000000 0.99973309 0.99924064
1455595494 0.0000000 0.99981409 0.99944258
1455757779 0.0000000 0.99988031 0.99952567
1455758311 0.0000000 0.99983817 0.99939680
1456215987 0.0000000 0.99954021 0.99865794
1456541993 0.0000000 0.99980158 0.99927664
1457201466 0.0000000 0.99532712 0.98998511
1457276938 0.0000000 0.99972284 0.99906754
1459152479 0.0000000 0.99977940 0.99928206
1459502085 0.0000000 0.99870861 0.99688643
1459988008 0.0000000 0.99960953 0.99867481
1460294506 0.0000000 0.99968576 0.99884474
1460353509 0.0000000 0.99982256 0.99929327
1460804146 0.25000000 0.60356092 -699926.75
1461082597 0.0000000 0.99751705 0.99439859
1461607991 0.0000000 0.99976605 0.99923623
1461770234 0.25000000 0.43182549 -168.01695
1461770257 0.25000000 0.43977162 -173.11693
1461770858 1.8000001 0.39070582 0.16423965
1462199340 0.0000000 0.99947804 0.99854046
1462521203 0.0000000 0.99985826 0.99939358
1462632669 0.0000000 0.99937826 0.99845958
1462675593 0.0000000 0.99963105 0.99895203
1463023035 0.0000000 0.99986190 0.99948442
1463023251 0.0000000 0.99976754 0.99928200
1463023282 0.0000000 0.99968773 0.99917418
1463027395 0.0000000 0.99986106 0.99950969
1463127852 0.0000000 0.99984437 0.99943548
1463195522 0.0000000 0.99917549 0.99802935
1463196768 0.0000000 0.99975765 0.99927807
1463530965 0.0000000 0.99979943 0.99934530
1463863900 0.0000000 0.99978340 0.99925935
1463882779 0.0000000 0.99976444 0.99927610
1464184475 0.0000000 0.99973857 0.99911189
1464544116 0.0000000 0.99970365 0.99906129
1464576767 0.0000000 0.99869573 0.99708980
1464630651 0.0000000 0.99944043 0.99844670
1464672226 0.0000000 0.99989164 0.99950445
1466204142 0.0000000 0.99602771 0.99161690
1466383187 0.0000000 0.99975431 0.99922442
1466409210 0.0000000 0.99577302 0.99082845
1466715930 0.0000000 0.99987620 0.99954987
1467361422 0.0000000 0.99973416 0.99916101
1469019333 0.0000000 0.99272257 0.98462057
1469592155 0.0000000 0.99919945 0.99806738
1471008941 0.0000000 0.89914596 0.76033008
1471908408 0.0000000 0.99945450 0.99869543
1472660934 0.0000000 0.99900067 0.99774915
1473440050 0.0000000 0.99975252 0.99931073
1475055492 0.0000000 0.99972916 0.99930155
1475769120 0.0000000 0.99987280 0.99950224
1477370752 0.0000000 0.99986845 0.99952847
1478519786 0.0000000 0.99972588 0.99926656
1478903131 0.0000000 0.99986935 0.99951053
1480024554 0.0000000 0.99985725 0.99954969
1480377579 0.0000000 0.99979240 0.99935132
1480507474 0.0000000 0.99987060 0.99946660
1481256588 0.0000000 0.99962020 0.99900681
1481811269 0.0000000 0.99987268 0.99951297
1483057851 0.0000000 0.99892110 0.99743903
1483513641 0.0000000 0.99809819 0.99562162
1484155863 0.0000000 0.99971581 0.99920517
1484797338 0.0000000 0.99941307 0.99853826
1484900187 0.0000000 0.99667537 0.99281675
1485329586 0.0000000 0.99923557 0.99813300
1486746772 0.0000000 0.99984127 0.99945337
1487420859 0.0000000 0.99973601 0.99913853
1487652197 0.0000000 0.98874176 0.97574639
1488212310 0.0000000 0.99966162 0.99900377
1488924651 0.0000000 0.99964041 0.99883103
1489967289 0.0000000 0.99659961 0.99274832
1490066029 0.0000000 0.99972612 0.99917823
1490805242 0.0000000 0.99975926 0.99914962
1492112471 0.0000000 0.99958318 0.99884123
1492367656 0.0000000 0.99974263 0.99918461
1493517442 0.0000000 0.99987328 0.99942672
1493960850 0.0000000 0.99974960 0.99905419
1493986611 0.0000000 0.99977458 0.99920785
1494889974 0.0000000 0.99988633 0.99955511
1494932580 0.0000000 0.99801701 0.99574882
1495631454 0.0000000 0.99980903 0.99940664
1495691291 0.0000000 0.99969077 0.99912614
1495956669 0.0000000 0.98867160 0.97575271
1495999757 0.0000000 0.99936849 0.99847388
1496582686 0.0000000 0.99968916 0.99905920
1497967350 0.0000000 0.99973965 0.99923277
1498029939 0.0000000 0.99904525 0.99764752
1500318986 0.0000000 0.99929535 0.99820435
1501139292 0.0000000 0.99980229 0.99943131
1501845585 0.0000000 0.99987912 0.99942356
1502294736 0.0000000 0.99959981 0.99892533
1502416734 0.0000000 0.99979812 0.99934667
1502582915 0.0000000 0.99983454 0.99942327
1504364658 0.0000000 0.99982399 0.99942654
1505096741 0.0000000 0.99703997 0.99352223
1505687994 0.0000000 0.99969000 0.99898136
1505917796 0.0000000 0.99989390 0.99957895
1506232185 0.0000000 0.99905205 0.99794072
1506549399 0.0000000 0.99910843 0.99800450
1507505391 0.0000000 0.99980336 0.99941033
1507747520 0.0000000 0.99913377 0.99810421
1508582157 0.0000000 0.99966276 0.99906164
1509318944 0.0000000 0.99984312 0.99952322
1509677295 0.0000000 0.99987704 0.99956644
1509677339 0.0000000 0.99987918 0.99957472
1509752088 0.0000000 0.99983841 0.99950373
1510398879 0.0000000 0.99968910 0.99919987
1510402973 0.0000000 0.99987262 0.99955201
1510440860 0.0000000 0.99570715 0.99092877
1510947032 0.0000000 0.99953181 0.99884772
1511360409 0.0000000 0.99987572 0.99965149
1511470532 0.0000000 0.99973983 0.99920905
1512230735 0.0000000 0.99487323 0.98920262
1512377977 0.0000000 0.99984080 0.99938637
1512704669 0.0000000 0.99966955 0.99907064
1513120660 0.0000000 0.99884886 0.99739867
1516168751 0.0000000 0.99947453 0.99857408
1516984288 0.0000000 0.99969870 0.99922186
1517686257 0.0000000 0.99943322 0.99849874
1517749972 0.0000000 0.99985343 0.99933016
1517752600 0.0000000 0.99986482 0.99945122
1517752662 0.0000000 0.99986547 0.99945533
1517753127 0.0000000 0.99867439 0.99690020
1517753452 0.0000000 0.99986273 0.99946165
1517753522 0.0000000 0.99986267 0.99946165
1517753592 0.0000000 0.99986070 0.99946094
1517753815 0.0000000 0.99971646 0.99907053
1517758427 0.0000000 0.99917936 0.99799293
1517763262 0.0000000 0.99864125 0.99687892
1517821602 0.0000000 0.99937451 0.99838179
1517823894 0.0000000 0.99856275 0.99662244
1517846321 0.0000000 0.99965459 0.99910623
1517852233 0.0000000 0.99823940 0.99610746
1517893754 0.0000000 0.99975920 0.99920982
1517906208 0.0000000 0.99907619 0.99767411
1517932241 0.0000000 0.99987340 0.99946630
1517932280 0.0000000 0.99987268 0.99946600
1517932282 0.0000000 0.99987274 0.99946600
1517932427 0.0000000 0.99986953 0.99951911
1517932434 0.0000000 0.99986064 0.99948335
1517932492 0.0000000 0.99979311 0.99927616
1517933877 0.0000000 0.99973190 0.99908996
1517940013 0.0000000 0.99983335 0.99933136
1517940459 0.0000000 0.99989295 0.99953729
1517944528 0.0000000 0.99987429 0.99939555
1517945796 0.0000000 0.99952751 0.99866641
1517950582 0.0000000 0.99974006 0.99917364
1517958702 0.0000000 0.99962759 0.99883771
1517960631 0.0000000 0.99979162 0.99936080
1517969882 0.0000000 0.99977595 0.99919331
1517974578 0.0000000 0.99978632 0.99921811
1517998787 0.0000000 0.99842572 0.99637568
1518001985 0.0000000 0.99977827 0.99913460
1518008800 0.0000000 0.99979585 0.99927056
1518008880 0.0000000 0.99977839 0.99924278
1518013159 0.0000000 0.99954909 0.99879801
1518016890 0.0000000 0.99986774 0.99937457
1518016916 0.0000000 0.99986857 0.99937475
1518051257 0.0000000 0.99978489 0.99921817
1518059164 0.0000000 0.99916422 0.99779570
1518142443 0.0000000 0.99925900 0.99804103
1518201789 0.0000000 0.99938416 0.99836022
1518248929 0.0000000 0.99889702 0.99735117
1518858396 0.0000000 0.99980247 0.99921089
1518981709 0.0000000 0.99881870 0.99721497
1519051621 0.0000000 0.99976873 0.99918336
1519254641 0.0000000 0.99988556 0.99940830
1519583320 0.0000000 0.99980074 0.99932116
1519962147 0.0000000 0.99980587 0.99919438
1520098551 0.0000000 0.99968690 0.99908906
1520329330 0.0000000 0.99797738 0.99544036
1521024527 0.0000000 0.99950200 0.99864316
1521537776 0.0000000 0.99986351 0.99936980
1521728871 0.0000000 0.99963647 0.99885291
1522232997 0.0000000 0.99746960 0.99411207
1522282670 0.0000000 0.99982655 0.99935406
1522598524 0.0000000 0.99946451 0.99851239
1523432369 0.0000000 0.99966359 0.99887657
1523886539 0.0000000 0.99981385 0.99929827
1524201906 0.0000000 0.99689817 0.99338609
1524248877 0.0000000 0.98981577 0.97797710
1524308214 0.0000000 0.99974453 0.99919689
1524503432 0.0000000 0.99977666 0.99905288
1524721460 0.0000000 0.99982244 0.99927020
1524721601 0.0000000 0.99981689 0.99923760
1524808553 0.0000000 0.99980098 0.99921590
1525218424 0.0000000 0.99988961 0.99954462
1526098666 0.0000000 0.99926722 0.99817502
1527728598 0.0000000 0.99985331 0.99948055
1527904870 0.0000000 0.99971002 0.99915332
1528731725 0.0000000 0.99784833 0.99528384
1528750347 0.0000000 0.99260420 0.98401773
1528856173 0.0000000 0.99979538 0.99937868
1529096035 0.0000000 0.99699116 0.99357921
1529334375 0.0000000 0.98635656 0.97070080
1529522338 0.0000000 0.99958855 0.99895591
1530516370 0.0000000 0.99986863 0.99960929
1530516385 0.0000000 0.99986887 0.99960899
1530609654 0.0000000 0.99984521 0.99953425
1531312909 0.0000000 0.99961543 0.99898654
1531507119 0.0000000 0.99981356 0.99935162
1532050755 0.0000000 0.99985665 0.99953651
1533217098 0.0000000 0.99975055 0.99927366
1533504622 0.0000000 0.99357367 0.98643941
1533801692 0.0000000 0.99968565 0.99892372
1534500582 0.0000000 0.99981952 0.99938846
1534551317 0.0000000 0.99982673 0.99938345
1536498994 0.0000000 0.99805117 0.99577099
1536641006 0.0000000 0.99890125 0.99749476
1536700815 0.0000000 0.99827713 0.99611902
1538633849 0.0000000 0.99985319 0.99935555
1538766649 0.0000000 0.99961811 0.99890667
1539072778 0.0000000 0.99981856 0.99939191
1539164591 0.0000000 0.99798977 0.99574399
1540269298 0.0000000 0.99990475 0.99966234
1540310644 0.0000000 0.99988288 0.99956548
1541624711 0.0000000 0.99982059 0.99941182
1541712486 0.0000000 0.99830365 0.99632001
1542328459 0.0000000 0.99865288 0.99702203
1542608341 0.0000000 0.99969584 0.99906248
1542638415 0.0000000 0.99749827 0.99466681
1542645094 0.0000000 0.99541497 0.99025649
1543190243 0.0000000 0.99984068 0.99948436
1543191316 0.0000000 0.99670327 0.99286026
1543236658 0.0000000 0.99919176 0.99812251
1543238642 0.0000000 0.99619961 0.99195969
1543314575 0.0000000 0.99884152 0.99739367
1544368541 0.0000000 0.99980402 0.99933654
1544439487 0.0000000 0.99971598 0.99915266
1544621063 0.0000000 0.99972355 0.99915016
1544908865 0.0000000 0.99989903 0.99952102
1545710204 0.0000000 0.99986923 0.99951565
1546538568 0.0000000 0.99986130 0.99950409
1546949806 0.0000000 0.99987602 0.99943238
1548127166 0.0000000 0.99982953 0.99943304
1548825695 0.0000000 0.99988812 0.99943131
1548861293 0.0000000 0.99984366 0.99931747
1549366351 0.0000000 0.99060285 0.98042691
1549558324 0.0000000 0.99985677 0.99944437
1550239687 0.0000000 0.99946421 0.99850172
1551558867 0.0000000 0.99950159 0.99871910
1552012334 0.0000000 0.99978745 0.99925011
1552127531 0.0000000 0.99388224 0.98724532
1552421955 0.0000000 0.99920505 0.99806124
1552451554 0.0000000 0.99984902 0.99943614
1552511242 0.0000000 0.99980265 0.99932009
1552697151 0.0000000 0.99942881 0.99853063
1552968094 0.0000000 0.99714035 0.99348891
1553256348 0.0000000 0.99720901 0.99373120
1553414210 0.0000000 0.99571019 0.99084693
1554087275 0.0000000 0.99582815 0.99086320
1554172029 0.0000000 0.99963880 0.99903744
1554256375 0.0000000 0.99984312 0.99954152
1554343015 0.0000000 0.99982721 0.99946934
1554382610 0.0000000 0.99942929 0.99843854
1554499495 0.0000000 0.99983329 0.99944669
1554706689 0.0000000 0.99989396 0.99954766
1554822801 0.0000000 0.99983984 0.99938309
1554841453 0.0000000 0.99970388 0.99905246
1554850672 0.0000000 0.99963474 0.99899834
1555563667 0.0000000 0.99988961 0.99949598
1556793883 0.0000000 0.99874258 0.99703991
1556970683 0.0000000 0.99974704 0.99914271
1557330527 0.0000000 0.99709576 0.99358499
1557737721 0.0000000 0.99899435 0.99777400
1558197514 0.0000000 0.99939859 0.99851114
1558379328 0.0000000 0.99288917 0.98479551
1558489044 0.0000000 0.99963367 0.99900246
1558591969 0.0000000 0.99954486 0.99870569
1559317998 0.0000000 0.99983418 0.99944252
1559641578 0.0000000 0.99985826 0.99943250
1559762840 0.0000000 0.99897891 0.99756801
1560870606 0.0000000 0.99953192 0.99869400
1561237205 0.0000000 0.99815536 0.99587804
1561242160 0.0000000 0.99904847 0.99780184
1561825206 0.0000000 0.99392754 0.98692489
1561837452 0.0000000 0.99984580 0.99946934
1562610935 0.0000000 0.99973571 0.99925596
1562880116 0.0000000 0.99984717 0.99943537
1563275550 0.0000000 0.99720824 0.99395621
1563531230 0.0000000 0.99988163 0.99956322
1563768365 0.0000000 0.99977964 0.99938285
1563850922 0.0000000 0.98656809 0.97223431
1564123196 0.0000000 0.99781591 0.99526465
1564190683 0.0000000 0.99983448 0.99950039
1564649429 0.0000000 0.99750847 0.99457389
1564753988 0.0000000 0.99979341 0.99930829
1564784683 0.0000000 0.99985087 0.99949944
1565054388 0.0000000 0.99985427 0.99951077
1565055090 0.0000000 0.99969119 0.99915028
1565213283 0.0000000 0.99983799 0.99953645
1565218942 0.0000000 0.96752745 0.92851055
1565905300 0.0000000 0.99953687 0.99879873
1566053525 0.0000000 0.99932498 0.99840736
1566053530 0.0000000 0.99931347 0.99838370
1566074882 0.0000000 0.99851930 0.99677080
1566101114 0.0000000 0.99980277 0.99941087
1566598377 0.0000000 0.99828857 0.99623835
1566648618 0.0000000 0.99763697 0.99490374
1567237819 0.0000000 0.99986398 0.99951565
1567471650 0.0000000 0.99971825 0.99928939
1567604000 0.0000000 0.99833167 0.99632168
1567917359 0.0000000 0.99684250 0.99321800
1568005668 0.0000000 0.99981660 0.99942094
1568095682 0.0000000 0.99938786 0.99856746
1569863578 0.0000000 0.99974781 0.99935532
1570468626 0.0000000 0.99880803 0.99742550
1571312673 0.0000000 0.99991292 0.99964905
1571861758 0.0000000 0.98153692 0.95965677
1572218883 0.0000000 0.99461281 0.98874050
1573491297 0.0000000 0.99973369 0.99925148
1573495893 0.0000000 0.99382669 0.98703963
1574645562 0.0000000 0.99899292 0.99776596
1575564604 0.0000000 0.99771857 0.99506503
1575660753 0.0000000 0.99786210 0.99525839
1576495557 0.0000000 0.99968922 0.99909806
1577769501 0.0000000 0.99966902 0.99896210
1577819410 0.0000000 0.99959278 0.99894083
1578293635 0.0000000 0.99969965 0.99920273
1578510402 0.0000000 0.99881083 0.99711186
1579404154 0.0000000 0.99986500 0.99930644
1579703564 0.0000000 0.99940079 0.99828410
1580749376 0.0000000 0.99985337 0.99934375
1581076659 0.0000000 0.99813759 0.99588585
1581616159 0.0000000 0.99969858 0.99913925
1581629921 0.0000000 0.99984324 0.99933630
1581764406 0.0000000 0.99984401 0.99942505
1581764700 0.0000000 0.99978012 0.99922931
1581794413 0.0000000 0.99985659 0.99952441
1582090065 0.0000000 0.99957961 0.99888372
1582113307 0.0000000 0.99827462 0.99615324
1582546233 0.0000000 0.99847537 0.99660230
1582592414 0.0000000 0.99823731 0.99598670
1582629242 0.0000000 0.99989855 0.99956334
1582695255 0.0000000 0.99936330 0.99829972
1584677477 0.0000000 0.99680072 0.99280125
1585787701 0.0000000 0.99956959 0.99882293
1586304460 0.0000000 0.99920309 0.99807125
1586537097 0.0000000 0.99979907 0.99930203
1586691401 0.0000000 0.99977005 0.99921417
1587481331 0.0000000 0.99449414 0.98819447
1588476280 0.0000000 0.99982953 0.99923509
1589003116 0.0000000 0.99683344 0.99281031
1589548020 0.0000000 0.98638284 0.97156525
1589756010 0.0000000 0.99482805 0.98883152
1589910785 0.0000000 0.99982291 0.99939293
1590311534 0.0000000 0.97718400 0.95223248
1590359490 0.0000000 0.99970388 0.99918300
1590694463 0.0000000 0.99943024 0.99863249
1590843750 0.0000000 0.99881142 0.99726564
1591494563 0.0000000 0.99922007 0.99807274
1591839506 0.0000000 0.99968296 0.99906570
1591921295 0.0000000 0.99919647 0.99794620
1592079539 0.0000000 0.99987507 0.99950993
1592349420 0.0000000 0.99689460 0.99311894
1593214064 0.0000000 0.99985677 0.99947637
1593241888 0.0000000 0.99959439 0.99884903
1593407313 0.0000000 0.99926138 0.99802643
1593435168 0.0000000 0.99967027 0.99906802
1593519432 0.0000000 0.99907947 0.99778074
1594227272 0.0000000 0.99922431 0.99821526
1594265063 0.0000000 0.99940556 0.99852902
1594267923 0.0000000 0.99889868 0.99744439
1594526768 0.0000000 0.99407983 0.98741961
1594546164 0.0000000 0.99963009 0.99901682
1595767949 0.0000000 0.99985516 0.99943620
1597107665 0.0000000 0.99764562 0.99508148
1597123796 0.0000000 0.99987787 0.99949908
1597187246 0.0000000 0.99948537 0.99877781
1597774608 0.0000000 0.99976140 0.99928427
1597797181 0.0000000 0.99963534 0.99908870
1597806811 0.0000000 0.99973315 0.99929988
1598480108 0.0000000 0.99963248 0.99907827
1598847265 0.0000000 0.97602117 0.94750530
1599036279 0.0000000 0.99984604 0.99933237
1600306672 0.0000000 0.99980950 0.99938768
1600646088 0.0000000 0.99984401 0.99941945
1600833602 0.0000000 0.99975705 0.99924189
1601017581 0.0000000 0.99849463 0.99658144
1601326254 0.0000000 0.99984795 0.99934793
1601342057 0.0000000 0.99981189 0.99931747
1601440640 0.0000000 0.99987817 0.99955493
1601863505 0.0000000 0.99980211 0.99946845
1602517184 0.0000000 0.99860352 0.99693191
1602946993 0.0000000 0.99983931 0.99953562
1602947159 0.0000000 0.99965316 0.99913073
1603087586 0.0000000 0.99403399 0.98734343
1603396062 0.0000000 0.99879789 0.99728566
1603674483 0.0000000 0.99079615 0.98066360
1604358861 0.0000000 0.99941128 0.99843794
1604426346 0.0000000 0.99976999 0.99926996
1604601372 0.0000000 0.99984056 0.99936384
1604626818 0.0000000 0.99981546 0.99940532
1605130406 0.0000000 0.99985242 0.99951899
1605130534 0.0000000 0.99980032 0.99941957
1605266102 0.0000000 0.99987447 0.99946374
1605511152 0.0000000 0.99978924 0.99938738
1605551866 0.0000000 0.99979717 0.99936414
1605557664 0.0000000 0.99983323 0.99947804
1605621503 0.0000000 0.99631804 0.99210739
1605662576 0.0000000 0.99562871 0.99080563
1606582085 0.0000000 0.99950534 0.99871773
1606657334 0.0000000 0.99981791 0.99936312
1607578178 0.0000000 0.99985284 0.99945515
1607606398 0.0000000 0.99986255 0.99952799
1607606851 0.0000000 0.99851996 0.99667490
1607624108 0.0000000 0.99986947 0.99947363
1608317519 0.0000000 0.99953103 0.99878222
1609436522 0.0000000 0.99296463 0.98515642
1609594007 0.0000000 0.99947947 0.99847984
1610162996 0.0000000 0.98918062 0.97739726
1610192153 0.0000000 0.99981135 0.99918133
1610249009 0.0000000 0.99955732 0.99874157
1610838659 0.0000000 0.99984813 0.99928916
1611559538 0.0000000 0.99989659 0.99954164
1611565557 0.0000000 0.99981558 0.99927425
1611574763 0.0000000 0.99787736 0.99535269
1611584686 0.0000000 0.99975246 0.99914813
1611818971 0.0000000 0.99987763 0.99937057
