842984365 0.0000000 0.95110703 0.89529288
844156464 0.0000000 0.98590350 0.96727920
844853345 0.0000000 0.97875166 0.95264137
844879870 0.0000000 0.97914749 0.95342004
846839283 5.00000007E-02 0.87353873 0.68675566
847935551 0.0000000 0.97132885 0.93603045
848996543 0.0000000 0.97466099 0.94298208
849080713 0.0000000 0.88980508 0.72215509
850676186 0.0000000 0.87677574 0.65763992
850877408 0.0000000 0.95871097 0.90790528
850908023 0.0000000 0.97388983 0.93949246
851184320 0.0000000 0.73310387 2.59701014E-02
851550736 0.0000000 0.93350506 0.84383345
851807286 0.0000000 0.85398990 0.61874187
852186702 0.0000000 0.94972730 0.89375275
852329204 0.0000000 0.98228824 0.95969093
852460456 0.0000000 0.98507917 0.96388602
852489653 0.0000000 0.95448184 0.90022564
852515472 0.0000000 0.77049762 0.24700969
853272363 0.0000000 0.45764503 -3.3985939
853376840 0.0000000 0.98365635 0.96153802
853407944 0.0000000 0.95333946 0.89850986
853607627 0.0000000 0.96275932 0.91217667
853739580 0.0000000 0.59197217 -1.3005664
854306280 5.00000007E-02 0.72768766 0.10861135
855524541 5.00000007E-02 0.63870859 -0.25199926
855593408 0.0000000 0.86690104 0.64558804
855822594 0.0000000 0.89079177 0.73166597
856345761 0.0000000 0.69896531 -9.12618637E-02
857058283 0.0000000 0.79073387 0.36072659
857344712 0.0000000 0.55943489 -1.4665148
857979217 0.0000000 0.94842172 0.87615204
858004916 0.0000000 0.77664191 0.29242879
859199163 0.0000000 0.91050684 0.78720868
859246340 0.0000000 0.87942195 0.66266578
860953513 0.0000000 0.96485555 0.92167699
861140002 0.0000000 0.94153142 0.86044109
861746294 5.00000007E-02 0.85312474 0.62443054
862185572 0.0000000 0.76332062 0.26062065
862608623 0.0000000 0.48963860 -2.0358529
863479085 5.00000007E-02 0.42986625 -3.9413152
863693027 0.0000000 0.52161098 -1.7747345
863763297 0.0000000 0.62446076 -0.45210052
867426807 0.0000000 0.97132736 0.93623805
868041450 0.0000000 0.98846567 0.97254395
868379187 0.0000000 0.94757909 0.86902755
868522793 0.0000000 0.98628813 0.96919847
868964733 0.0000000 0.97639823 0.94631445
870283927 5.00000007E-02 0.71911150 4.90781665E-02
870770473 0.0000000 0.87849438 0.69031584
872088689 0.0000000 0.48031157 -2.7165112
872425059 0.0000000 0.97851360 0.95118910
872437680 0.0000000 0.96304029 0.91879320
872449116 0.0000000 0.98360419 0.96132767
872491072 0.0000000 0.95720762 0.90479112
872492263 0.0000000 0.98704100 0.96928680
873735427 0.0000000 0.76742065 0.25664997
875433266 0.0000000 0.70876628 -9.61450338E-02
875453385 0.0000000 0.29726335 -10.623621
876594265 0.0000000 0.98512089 0.96522671
877094056 0.0000000 0.95284003 0.89309740
877518611 5.00000007E-02 0.39540499 -5.6750178
877518986 0.0000000 0.95488966 0.90091181
877546907 0.0000000 0.39507705 -4.6954894
877747215 0.0000000 0.86839342 0.64030141
879374205 5.00000007E-02 0.83430678 0.49967116
879481790 0.0000000 0.98439378 0.96228081
879910270 5.00000007E-02 0.81614137 0.51816440
880343225 5.00000007E-02 0.47990671 -1.6852856
882844545 0.0000000 0.89935595 0.74491727
883382199 5.00000007E-02 0.91974103 0.83314490
884800485 0.0000000 0.96908915 0.93142676
884800633 0.0000000 0.97039938 0.93442678
885153411 0.0000000 0.98184043 0.95782566
885163200 0.0000000 0.94312084 0.86882496
885338978 0.0000000 0.98034751 0.95422447
886836052 0.0000000 0.75765055 0.18954968
887739663 5.00000007E-02 0.62374038 -0.83164263
887763450 5.00000007E-02 0.74035490 0.15985525
888302731 0.0000000 0.84539622 0.57817304
888303585 0.0000000 0.63002509 -0.56183052
889317344 5.00000007E-02 0.95246923 0.90055472
889596008 5.00000007E-02 0.92233115 0.83053207
889636914 5.00000007E-02 0.93392169 0.85889602
892980386 0.0000000 0.76105577 0.17900592
893747340 5.00000007E-02 0.58170813 -0.86425793
894067552 5.00000007E-02 0.89332461 0.79020959
894087462 0.0000000 0.96877700 0.92766458
894238216 0.0000000 0.98585051 0.96759313
894747219 0.0000000 0.94906384 0.87860137
895144921 5.00000007E-02 0.39561853 -4.2858763
895222228 0.0000000 0.84466392 0.56008190
895422961 0.0000000 0.46951112 -2.9435055
895825584 0.0000000 0.42414257 -2.9402084
896509358 5.00000007E-02 0.88278943 0.72443199
900181394 5.00000007E-02 0.50884467 -1.9221590
900651074 0.0000000 0.99226916 0.98139834
900701079 0.0000000 0.87946385 0.68357551
900781359 0.0000000 0.95429713 0.89018577
900871111 5.00000007E-02 0.78997600 0.45821971
900952524 0.0000000 0.88242614 0.67957997
901305843 0.0000000 0.98708338 0.96987951
901786541 5.00000007E-02 0.84199321 0.59739614
901877006 0.0000000 0.85462624 0.60140139
902801269 0.0000000 0.98432297 0.96442550
902970331 0.0000000 0.27673897 -14.934605
903265983 0.0000000 0.97672236 0.94825822
904013371 0.0000000 0.72990960 6.47991896E-03
904905650 0.0000000 0.94736689 0.86998963
905363640 0.0000000 0.86843783 0.68097699
905409966 0.0000000 0.94809276 0.88390338
905583188 0.0000000 0.64786434 -0.48587656
905664888 0.0000000 0.97680730 0.94769996
905697214 0.0000000 0.27553806 -9.0705547
905921771 0.0000000 0.76928627 0.27661306
906395377 5.00000007E-02 0.77431041 0.26053077
906915742 0.0000000 0.44343808 -2.7065656
906973039 0.0000000 0.97035354 0.93274236
907937571 0.0000000 0.97001219 0.93442208
908081794 5.00000007E-02 0.51112598 -1.4925275
908297657 5.00000007E-02 0.92828596 0.84745961
908665869 0.0000000 0.63785875 -0.49980164
910076797 5.00000007E-02 0.90552557 0.80497032
911341652 0.0000000 0.98937786 0.97467923
911471402 0.0000000 0.91316402 0.78960294
912019233 5.00000007E-02 0.52090067 -1.4278796
912118339 0.0000000 0.68340313 -0.22749650
912320478 0.0000000 0.45268375 -3.0388656
913597143 0.0000000 0.83028758 0.54099059
914291346 0.0000000 0.91987956 0.80784851
914495847 0.0000000 0.40041581 -4.5888853
916122256 0.0000000 0.88103783 0.71311021
918942477 0.0000000 0.91657239 0.78736365
919479225 0.0000000 0.94626373 0.88569182
919691338 0.0000000 0.98745918 0.97056454
920174684 0.0000000 0.61788446 -0.65103626
920668347 0.0000000 0.90935493 0.77303934
933800631 0.0000000 0.97753227 0.94855458
933854825 5.00000007E-02 0.44635582 -2.9491410
934098882 5.00000007E-02 0.84535933 0.64406282
935191073 5.00000007E-02 0.81554937 0.59935212
936973100 5.00000007E-02 0.95634186 0.90709370
937489447 0.0000000 0.95645481 0.90397596
937498321 0.0000000 0.96921825 0.93188822
937849635 5.00000007E-02 0.84928733 0.63931918
937849780 0.0000000 0.99677241 0.99174035
937849895 0.0000000 0.99430507 0.98552501
937850123 0.0000000 0.99181968 0.97921407
937850235 0.0000000 0.99184650 0.97926557
937850335 0.0000000 0.99293125 0.98145556
937850368 0.0000000 0.99304527 0.98245335
937850539 0.0000000 0.99581701 0.98891562
937850621 0.0000000 0.99581867 0.98891568
937850754 0.0000000 0.99530905 0.98836040
937850952 0.0000000 0.99319798 0.98322970
937851087 0.0000000 0.99325973 0.98334956
937851114 0.0000000 0.99325705 0.98334545
937851342 0.0000000 0.99409080 0.98471451
937851377 0.0000000 0.99408889 0.98470581
937851631 0.0000000 0.98777229 0.97028756
937851688 0.0000000 0.98581129 0.96587354
937851725 0.0000000 0.98647463 0.96775168
937851747 0.0000000 0.98773247 0.97109300
937851902 0.0000000 0.98842221 0.97221899
937851944 0.0000000 0.98851424 0.97238392
937851970 0.0000000 0.98855019 0.97248203
937852034 0.0000000 0.98795611 0.97107142
937852082 0.0000000 0.98306561 0.95906180
937852199 0.0000000 0.97762722 0.94974667
937852375 0.0000000 0.97949976 0.95375347
937852466 0.0000000 0.96738690 0.92452842
937852536 0.0000000 0.95840019 0.90284491
937852553 0.0000000 0.95153975 0.88666779
937852632 0.0000000 0.93542886 0.83739883
937852755 0.0000000 0.93100399 0.82486629
937852918 0.0000000 0.89180428 0.71042961
937853175 0.0000000 0.93557519 0.84402865
937853264 0.0000000 0.95716476 0.90027231
937853449 0.0000000 0.96346855 0.91531813
937853490 0.0000000 0.96338612 0.91525626
937853610 0.0000000 0.96797407 0.91991264
937853764 0.0000000 0.97611684 0.94128305
937853824 0.0000000 0.97947955 0.94905680
937853935 0.0000000 0.97262144 0.93351567
937855132 0.0000000 0.92311311 0.80904984
937855190 0.0000000 0.92025131 0.80190367
937855723 0.0000000 0.97825766 0.94954377
937855970 0.0000000 0.93952620 0.86075616
937856091 0.0000000 0.90888202 0.78228021
937856432 0.0000000 0.98943269 0.97466612
937856582 0.0000000 0.98168302 0.95631444
937856696 0.0000000 0.92784035 0.81149960
937857472 0.0000000 0.98554075 0.96497369
937857635 0.0000000 0.98921508 0.97423267
937857736 0.0000000 0.98921293 0.97420794
937858091 0.0000000 0.92703199 0.81992841
937858229 0.0000000 0.91358328 0.77683800
937858299 0.0000000 0.90528578 0.74774331
937858683 0.0000000 0.95652491 0.89663112
937858919 0.0000000 0.98007351 0.95334500
937859055 0.0000000 0.90658164 0.75974590
937859058 0.0000000 0.90240437 0.74966419
937859360 0.0000000 0.88934213 0.72576588
937860003 0.0000000 0.97991270 0.95331669
937860228 0.0000000 0.98438281 0.96286511
937861680 0.0000000 0.90989316 0.77518177
937861835 0.0000000 0.88008338 0.68920922
937862125 0.0000000 0.97813052 0.94742650
937862129 0.0000000 0.97813612 0.94749790
937862604 0.0000000 0.98523492 0.96554899
937862618 0.0000000 0.98526353 0.96561038
937862674 0.0000000 0.98516160 0.96546924
937862876 0.0000000 0.96329808 0.91603369
937862971 0.0000000 0.90427631 0.76034546
937863682 0.0000000 0.98700756 0.96897465
937863889 0.0000000 0.99333662 0.98333210
937863998 0.0000000 0.99334490 0.98335207
937864487 0.0000000 0.99376482 0.98378211
937864632 0.0000000 0.98108989 0.95503056
937865735 0.0000000 0.95659506 0.89843303
937865950 0.0000000 0.98644572 0.96860600
937866166 0.0000000 0.98714149 0.97019297
937866835 0.0000000 0.95090622 0.87909561
937867652 0.0000000 0.89393026 0.73016965
937867681 0.0000000 0.90556413 0.76239246
937867902 0.0000000 0.85271537 0.57406473
937868205 0.0000000 0.96918398 0.92863655
937868332 0.0000000 0.97718936 0.94859421
937868436 0.0000000 0.97457260 0.94339746
937868503 0.0000000 0.97389007 0.94177485
937869493 0.0000000 0.98724854 0.97047764
937871167 0.0000000 0.94932395 0.87773067
937871201 0.0000000 0.95073396 0.88162756
937873187 0.0000000 0.89245194 0.71517462
937874740 0.0000000 0.97221786 0.93443251
937876659 0.0000000 0.96934032 0.93009907
937876714 0.0000000 0.96918672 0.92948717
937876716 0.0000000 0.96882081 0.92855597
937877828 0.0000000 0.98399150 0.96263468
937880685 0.0000000 0.85671079 0.60101610
937881277 0.0000000 0.96750420 0.92533362
937881940 0.0000000 0.95365649 0.89226633
937882703 0.0000000 0.91683394 0.77495009
937882889 0.0000000 0.92788833 0.80850154
937884360 0.0000000 0.94253349 0.86016768
937884709 0.0000000 0.97806823 0.94905120
937889984 0.0000000 0.76883513 0.24967766
937891573 0.0000000 0.96060795 0.90338397
937893215 0.0000000 0.82258564 0.49150550
937894754 0.0000000 0.75980484 0.21905404
937895787 0.0000000 0.83637279 0.53102511
937897562 0.0000000 0.98303920 0.96064299
937899652 0.0000000 0.87478203 0.67454875
937899965 0.0000000 0.96719122 0.92276448
937900997 0.0000000 0.96566069 0.92264491
937905017 5.00000007E-02 0.81093812 0.44462538
937906571 0.0000000 0.93750316 0.84783053
937906576 0.0000000 0.93731827 0.84724182
937906909 5.00000007E-02 0.60820258 -0.88265038
937912062 0.0000000 0.97109330 0.93282294
937913974 0.0000000 0.89031076 0.73078573
937924161 0.0000000 0.92811280 0.81509328
937924333 0.0000000 0.91930348 0.78880405
937924804 0.0000000 0.93331736 0.83126694
937927690 0.0000000 0.98495615 0.96554768
937930575 0.0000000 0.84575248 0.55631709
937935515 0.0000000 0.99118268 0.97874439
937937917 0.0000000 0.98800570 0.97122020
937952221 0.0000000 0.98264569 0.95980287
937959280 0.0000000 0.99398601 0.98357284
937959944 0.0000000 0.94399381 0.86777031
937960318 5.00000007E-02 0.80958784 0.41286147
937961383 0.0000000 0.99338025 0.98368281
937961470 0.0000000 0.99494296 0.98701638
937963728 0.0000000 0.78085494 0.33949518
937966769 0.0000000 0.95739579 0.90441138
937969738 0.0000000 0.96892935 0.92779863
937972066 0.0000000 0.78963387 0.35250413
937980603 0.0000000 0.89122337 0.71603251
937998845 0.0000000 0.79874909 0.35730988
938002595 0.0000000 0.98852611 0.97230846
938002640 0.0000000 0.98855865 0.97238523
938003747 0.0000000 0.88943189 0.72895098
938005885 0.0000000 0.75304812 0.13493705
938007171 0.0000000 0.76699454 0.25493777
938032475 0.0000000 0.79210478 0.33521688
938047564 0.0000000 0.97062653 0.93231314
938047578 0.0000000 0.97074264 0.93257552
938065369 0.0000000 0.97507620 0.94299304
938090674 0.0000000 0.98333365 0.96130097
938102991 0.0000000 0.84989566 0.56882095
938112638 0.0000000 0.92845303 0.82967198
938122741 0.0000000 0.97838420 0.95123541
938131047 0.0000000 0.39395407 -6.8964705
938134070 0.0000000 0.82264638 0.41560781
938144305 0.0000000 0.94607037 0.87214756
938154802 0.0000000 0.83378524 0.51131594
938182940 0.0000000 0.89551938 0.72393239
938233153 0.0000000 0.96885395 0.92702031
938239989 0.0000000 0.82937068 0.51037204
938249011 0.0000000 0.98974335 0.97592622
938280361 0.0000000 0.80628663 0.39200616
938292712 0.0000000 0.98170036 0.95788360
938296447 0.0000000 0.96560121 0.92239410
938301077 0.0000000 0.71223778 -7.12239742E-02
938303569 0.0000000 0.99131912 0.97982550
938324751 0.0000000 0.84597701 0.59143579
938335124 0.0000000 0.90589559 0.76386893
938405002 0.0000000 0.98072863 0.95407629
938405506 0.0000000 0.97784042 0.94937003
938415640 0.0000000 0.97818720 0.94904464
938417299 0.0000000 0.98507327 0.96577615
938433307 0.0000000 0.98826605 0.97307569
938455800 0.0000000 0.95094299 0.88186169
938474998 0.0000000 0.92317164 0.81283593
938497922 0.0000000 0.97456342 0.94197828
938498029 0.0000000 0.97416162 0.94086576
938533419 0.0000000 0.98640513 0.96784276
938538992 0.0000000 0.79182023 0.35868573
938559689 0.0000000 0.89046276 0.71614099
938653443 0.0000000 0.96865386 0.92742711
938661090 0.0000000 0.69274068 -0.16643977
938684670 5.00000007E-02 0.56543827 -1.0577052
938684985 0.0000000 0.97949451 0.95281130
938685159 0.0000000 0.98175359 0.95725524
938718118 0.0000000 0.76567501 0.20586771
938752742 0.0000000 0.59158510 -0.83717108
938782450 0.0000000 0.98831081 0.97221339
938800412 0.0000000 0.93631291 0.84511971
938840074 0.0000000 0.90091079 0.73778987
938875726 0.0000000 0.88006765 0.69404590
938884454 0.0000000 0.94466013 0.87080121
938902620 0.0000000 0.97106308 0.93552202
938928221 5.00000007E-02 0.89814210 0.79230571
938929942 0.0000000 0.77594018 0.33033347
938985195 0.0000000 0.88241911 0.67779791
938985199 0.0000000 0.88182223 0.67613161
938994192 0.0000000 0.97518313 0.94417191
939039975 0.0000000 0.97173178 0.93537486
939086024 0.0000000 0.96460950 0.91486555
939125897 0.0000000 0.97844076 0.95150948
939128833 0.0000000 0.89700496 0.72495866
939181528 0.0000000 0.95210236 0.88862908
939182868 0.0000000 0.86393368 0.63181925
939182938 0.0000000 0.86028963 0.62139487
939314050 5.00000007E-02 0.89056212 0.74614859
939350917 0.0000000 0.90364683 0.76669908
939430120 0.0000000 0.81758428 0.43907225
939441491 0.0000000 0.94818199 0.87835419
939669011 0.0000000 0.89653444 0.74038798
939738651 0.0000000 0.50334972 -2.1704335
939778786 0.0000000 0.98569375 0.96730828
940013295 0.0000000 0.88619506 0.71170938
940077118 0.0000000 0.96111238 0.91099298
940223787 0.0000000 0.88118809 0.70150840
940260686 0.0000000 0.98007727 0.95287836
940262445 0.0000000 0.98740488 0.97062677
940262518 0.0000000 0.98753643 0.97118181
940269334 0.0000000 0.97906893 0.95164788
940402039 5.00000007E-02 0.84493929 0.68768966
940468923 0.0000000 0.81775689 0.48981684
940476855 0.0000000 0.95228326 0.88990158
940539108 0.0000000 0.98018944 0.95328170
940558736 0.0000000 0.99226803 0.98111969
940559247 0.0000000 0.94230723 0.85889250
940560205 0.0000000 0.94138104 0.86653936
940561817 0.0000000 0.99095374 0.97815609
940581254 0.0000000 0.98093271 0.95419645
940615024 0.0000000 0.95013636 0.88463145
940698483 0.0000000 0.97791374 0.94990885
940709625 0.0000000 0.58777130 -0.90062332
940713046 0.0000000 0.98448724 0.96401620
940716409 0.0000000 0.95754457 0.89972717
940732771 0.0000000 0.80483615 0.43164927
941169407 5.00000007E-02 0.57847136 -0.92991769
941240702 0.0000000 0.71976286 -8.52535963E-02
941266965 0.0000000 0.92225844 0.78618044
941268765 0.0000000 0.85968095 0.60737193
941272069 0.0000000 0.98570257 0.96689332
941272235 0.0000000 0.91254216 0.76250821
941288463 0.0000000 0.95079648 0.88389623
941443051 0.0000000 0.90297574 0.74282217
941478782 0.0000000 0.98650098 0.96806812
941664850 0.0000000 0.97257733 0.93659884
941738364 0.0000000 0.95148414 0.88475299
941862074 0.0000000 0.97420031 0.94219291
942100720 0.0000000 0.96036285 0.91465640
942368989 0.0000000 0.96328712 0.91602272
942522421 0.0000000 0.82925808 0.54489756
942522833 0.0000000 0.92162037 0.81954074
942650721 0.0000000 0.98773867 0.97248006
942663367 0.0000000 0.87378794 0.66266590
942689449 0.0000000 0.93038613 0.83487296
942824109 0.0000000 0.97947067 0.95051777
942824158 0.0000000 0.97975159 0.95110530
943068575 0.0000000 0.86855948 0.65727425
943611150 0.0000000 0.93631494 0.84464645
943821740 0.0000000 0.97683531 0.94545579
943824350 0.0000000 0.98388696 0.96204603
943825521 5.00000007E-02 0.36594120 -5.3324528
944504073 0.0000000 0.47680148 -2.5307209
944668884 0.0000000 0.49828032 -2.3427525
946059252 0.0000000 0.96334022 0.91370517
946556672 0.0000000 0.96634513 0.92412907
946866008 0.0000000 0.98046303 0.95353037
947114226 0.0000000 0.91083544 0.78058040
947114473 0.0000000 0.63893586 -0.53588772
947647037 0.0000000 0.91711742 0.79012346
947656074 0.0000000 0.75549179 0.16935056
948054125 0.0000000 0.85238278 0.57708597
948390129 0.0000000 0.98289919 0.95876473
948631348 0.0000000 0.92007029 0.80475283
949249486 0.0000000 0.52090555 -2.0610368
949263715 0.0000000 0.94632363 0.86933905
949566570 0.0000000 0.57579243 -1.5111470
949603687 0.0000000 0.97481853 0.94014597
949879457 0.0000000 0.88979685 0.71414948
950224447 5.00000007E-02 0.43610579 -3.5505686
950650398 0.0000000 0.98945522 0.97344351
951234151 5.00000007E-02 0.91393894 0.81696856
951353069 0.0000000 0.80379927 0.39637065
951459176 0.0000000 0.97510475 0.94398421
951553401 0.0000000 0.95884967 0.91127253
952578524 0.0000000 0.96842957 0.92863870
953167073 0.0000000 0.95641851 0.90069228
953212255 0.0000000 0.97084332 0.93310159
953455846 5.00000007E-02 0.64893728 -0.58284545
953488627 0.0000000 0.95589948 0.89395118
953907196 0.0000000 0.55438787 -1.6574180
954673370 0.0000000 0.74388534 0.11329091
955161703 0.0000000 0.97376114 0.93935621
955676198 0.0000000 0.82196009 0.50652343
956035742 5.00000007E-02 0.62544459 -0.51760054
956153058 0.0000000 0.97366846 0.93820763
956694214 0.0000000 0.95584249 0.89428103
956994415 5.00000007E-02 0.70377779 -0.16766059
957620512 0.0000000 0.94392115 0.86258721
957716288 0.0000000 0.97090346 0.93387729
957743265 0.0000000 0.73759019 8.02782178E-02
958533946 0.0000000 0.99267566 0.98169434
958534040 0.0000000 0.99302208 0.98200452
958587166 0.0000000 0.94527352 0.87799585
958663136 0.0000000 0.98758787 0.96965814
960256179 0.0000000 0.65777600 -0.71693838
960661409 0.0000000 0.99213409 0.98101836
960661589 0.0000000 0.99482334 0.98631734
960661674 0.0000000 0.98380679 0.96134895
960662889 0.0000000 0.87638068 0.66774404
960754280 0.0000000 0.92103326 0.79424584
961116366 0.0000000 0.64049393 -0.61841893
961368290 0.0000000 0.90021938 0.75451207
961399971 0.0000000 0.89860606 0.75471389
961451784 0.0000000 0.98082089 0.95448619
961469614 5.00000007E-02 0.16013964 -28.212610
962192101 0.0000000 0.82211852 0.53959942
962853138 0.0000000 0.93926758 0.84746796
962873883 0.0000000 0.95413607 0.89271241
962965068 0.0000000 0.84554785 0.55113870
963001962 5.00000007E-02 0.54678571 -1.6056237
963210193 5.00000007E-02 0.46372852 -2.3417916
963217977 0.0000000 0.78391254 0.37668043
963509765 0.0000000 0.85148638 0.56175780
963525670 0.0000000 0.92617458 0.81994760
963533252 0.0000000 0.98869455 0.97264296
963559100 0.0000000 0.86629719 0.61947012
963567650 0.0000000 0.90854764 0.76338130
963568050 5.00000007E-02 0.85450691 0.71351165
963585926 0.0000000 0.32476497 -6.5420909
963615874 0.0000000 0.96106642 0.90656102
963717707 0.0000000 0.98730403 0.97069573
963816639 0.0000000 0.95411849 0.89315540
963981993 0.0000000 0.94992489 0.88264775
964476636 0.0000000 0.96809000 0.92640370
964816087 0.0000000 0.99436498 0.98591948
965205271 0.0000000 0.97119123 0.93084955
965442747 0.0000000 0.88324404 0.71027362
965555500 0.0000000 0.87989944 0.64745849
965617867 0.0000000 0.93504655 0.84531212
966082949 0.0000000 0.93354642 0.83518535
966754777 0.0000000 0.97518581 0.94284457
966768493 0.0000000 0.98656791 0.96807617
966768672 0.0000000 0.98095709 0.95461786
966798273 0.0000000 0.95214492 0.88869619
966876143 0.0000000 0.97231299 0.93408114
966991756 0.0000000 0.96823949 0.92854905
967018437 5.00000007E-02 0.75282913 0.20334190
967800278 0.0000000 0.96954244 0.92807657
968576086 0.0000000 0.99059361 0.97681248
968669370 5.00000007E-02 0.76981676 0.25918812
968735354 5.00000007E-02 0.49992841 -1.8697028
968815712 5.00000007E-02 0.87240541 0.74166596
968976446 0.0000000 0.87200922 0.67169237
969144830 0.0000000 0.95389116 0.89010507
969145452 0.0000000 0.97241014 0.93642300
969456259 0.0000000 0.48328236 -2.9220440
969516246 5.00000007E-02 0.95386362 0.89749396
970270882 0.0000000 0.95253408 0.88134158
970691362 5.00000007E-02 0.64214593 -0.60927761
972371517 0.0000000 0.87016946 0.65871626
972935645 0.0000000 0.72042704 -4.76312637E-03
974678829 0.0000000 0.74535316 0.12327600
974978532 0.0000000 0.57270211 -1.0363793
975495633 0.0000000 0.97963101 0.95318931
975505300 0.0000000 0.81583768 0.47028202
976442918 0.0000000 0.94916576 0.88242567
976476644 0.0000000 0.98184621 0.95873708
976653172 0.0000000 0.98143905 0.95514512
977484180 0.0000000 0.91860664 0.79524446
977800861 0.0000000 0.97265524 0.94062084
977801150 5.00000007E-02 0.88290614 0.72284460
977994086 0.0000000 0.96132779 0.91153491
978113008 0.0000000 0.96015429 0.90837812
978169408 0.0000000 0.97172821 0.93745822
978205372 0.0000000 0.86738497 0.65821731
978476098 5.00000007E-02 0.66060388 -0.40776026
979067787 0.0000000 0.85708207 0.61200374
979069110 0.0000000 0.73035175 2.81467438E-02
979202219 0.0000000 0.92964202 0.82538778
979204150 0.0000000 0.81001407 0.45203841
979609386 0.0000000 0.92607361 0.81250781
980206038 0.0000000 0.92073959 0.81028998
980698596 5.00000007E-02 0.63325173 -0.37068164
981386039 0.0000000 0.95547360 0.89922452
981653649 0.0000000 0.85760307 0.60979283
982365189 0.0000000 0.97961766 0.95390970
982527910 0.0000000 0.96807188 0.92593312
982955906 5.00000007E-02 0.87674093 0.68286145
983077277 0.0000000 0.84138149 0.56076109
983464670 0.0000000 0.98972595 0.97587150
986938306 5.00000007E-02 0.52460068 -1.3828959
988100797 5.00000007E-02 0.31321108 -9.8564587
988336953 0.0000000 0.98059565 0.95375687
989765823 0.0000000 0.86984026 0.64480793
990117114 5.00000007E-02 0.22915293 -26.363153
990630314 0.0000000 0.80725610 0.36939561
991455252 0.0000000 0.25360739 -20.779205
991634551 0.0000000 0.94331270 0.86217099
991995645 5.00000007E-02 0.67467916 0.15191555
992208377 0.0000000 0.94993055 0.88492697
992209870 0.0000000 0.97764164 0.94712013
992438274 0.0000000 0.98483413 0.96491253
992486125 0.0000000 0.99340665 0.98368508
992592933 5.00000007E-02 0.91983116 0.82517618
992927775 0.0000000 0.98436731 0.96325988
992929419 0.0000000 0.98790824 0.97038329
993581187 0.0000000 0.96923745 0.93050146
993854508 0.0000000 0.83541733 0.53195190
993874057 0.0000000 0.93169320 0.83706051
994007634 0.0000000 0.95278895 0.89097273
994692047 0.0000000 0.93358999 0.84141123
995024004 0.0000000 0.67615491 -0.46027017
995162867 0.0000000 0.96178973 0.91164333
995890516 5.00000007E-02 0.80775893 0.43756741
996113981 0.0000000 0.48853263 -1.9002247
997156421 0.0000000 0.97602057 0.93980396
998326679 0.0000000 0.97191286 0.93081892
999257596 0.0000000 0.97812641 0.94372410
1000062111 0.0000000 0.95239633 0.88638383
1000197538 0.0000000 0.98921549 0.96830505
1000766684 0.0000000 0.99099267 0.97214955
1001410293 0.0000000 0.97040534 0.92615402
1001954970 0.0000000 0.95990378 0.90197903
1004092959 0.0000000 0.97551298 0.93865734
1004454253 0.0000000 0.97442031 0.93491095
1004863535 0.0000000 0.98824084 0.96641582
1005352632 0.0000000 0.99013996 0.96977568
1006580783 0.0000000 0.96383977 0.91546661
1007019252 0.0000000 0.98329467 0.95506048
1007572713 5.00000007E-02 0.87701440 0.75382102
1007712455 0.0000000 0.99012810 0.96940857
1007972664 0.0000000 0.98948312 0.96862608
1008464695 0.0000000 0.96389276 0.92386144
1008648180 0.0000000 0.98974782 0.97761530
1008649429 0.0000000 0.97352272 0.94377482
1008650819 0.0000000 0.98025775 0.95744109
1008651467 0.0000000 0.97343743 0.94393414
1008652414 0.0000000 0.98420978 0.96608996
1008671685 0.0000000 0.97542715 0.94781351
1008686668 0.0000000 0.97551024 0.94798464
1008715277 0.0000000 0.97938627 0.95591897
1008786983 0.0000000 0.97674137 0.95069706
1008836107 0.0000000 0.97164154 0.93911052
1008890954 0.0000000 0.97325623 0.94213325
1009057225 0.0000000 0.98130757 0.96009046
1009168145 0.0000000 0.97975373 0.95686710
1009442091 0.0000000 0.98261994 0.96331769
1009500099 0.0000000 0.98648983 0.97060066
1010371507 0.0000000 0.98246604 0.96227604
1010509239 0.0000000 0.98658901 0.97082609
1011026056 0.0000000 0.97658306 0.95037746
1011031830 0.0000000 0.98524475 0.96801549
1011063499 0.0000000 0.93014371 0.84395820
1011682027 0.0000000 0.96007532 0.91775584
1012271064 0.0000000 0.95872265 0.91462761
1012580587 5.00000007E-02 0.94706309 0.88741887
1013484445 0.0000000 0.98305511 0.96385038
1013485377 0.0000000 0.96685630 0.93041945
1013486436 0.0000000 0.97061974 0.93894541
1014927282 0.0000000 0.97815675 0.95293474
1014972465 0.0000000 0.98965579 0.97705907
1015232666 0.0000000 0.97706693 0.95120984
1016105151 0.0000000 0.98515397 0.96780753
1016468323 0.0000000 0.98893797 0.97580659
1017159906 0.0000000 0.95364249 0.89890188
1017557569 0.0000000 0.99172145 0.98169744
1017557822 0.0000000 0.99731755 0.99330890
1017594576 0.0000000 0.96953624 0.93481314
1017816456 0.0000000 0.98081136 0.95899165
1017857170 0.0000000 0.98878336 0.97549069
1017925489 0.0000000 0.97716933 0.95008707
1018065946 0.0000000 0.96445692 0.92441881
1018137582 0.0000000 0.86515421 0.65342546
1018221645 0.0000000 0.98069388 0.95855439
1018414606 0.0000000 0.93576074 0.86227882
1019673665 5.00000007E-02 0.91023600 0.82255733
1020000226 0.0000000 0.98567986 0.96864110
1021004232 0.0000000 0.95709896 0.91271180
1021024958 5.00000007E-02 0.91817176 0.83691269
1021028934 0.0000000 0.98356366 0.96440738
1021434365 0.0000000 0.99164420 0.98129117
1021434812 0.0000000 0.98335260 0.96381658
1021435155 0.0000000 0.97333503 0.94267994
1021437004 0.0000000 0.97313213 0.94207203
1021437761 0.0000000 0.98094523 0.95884264
1021888184 0.0000000 0.97823942 0.95339322
1022604314 0.0000000 0.98679763 0.97151333
1022741620 0.0000000 0.97119981 0.93963724
1022779647 0.0000000 0.95775998 0.91448015
1024000827 0.0000000 0.98968184 0.97722250
1024039343 0.0000000 0.96367019 0.92450345
1024059173 0.0000000 0.94976783 0.89714038
1026036068 0.0000000 0.95183611 0.89658290
1026372982 0.0000000 0.98767519 0.97350532
1026373076 0.0000000 0.99152541 0.98104095
1026374005 0.0000000 0.95942253 0.91560543
1026378668 0.0000000 0.96461815 0.92549771
1026562025 0.0000000 0.97670746 0.95096016
1026925041 0.0000000 0.98564303 0.96917951
1026933281 0.0000000 0.98312145 0.96418476
1026967951 5.00000007E-02 0.92105228 0.84305173
1028885460 0.0000000 0.97272378 0.94192970
1028970195 0.0000000 0.98834109 0.97432607
1029367736 0.0000000 0.98068911 0.95800155
1030006163 0.0000000 0.95291883 0.89957130
1030375930 0.0000000 0.97966391 0.95701665
1030554334 0.0000000 0.96088964 0.91995555
1030628193 0.0000000 0.98268181 0.96258771
1030651553 0.0000000 0.97618598 0.94985867
1030859781 0.0000000 0.97956097 0.95630586
1030864055 0.0000000 0.98592925 0.96985453
1032052013 0.0000000 0.97641760 0.95029944
1032134610 0.0000000 0.98690522 0.97169274
1032294371 0.0000000 0.95555866 0.90311718
1032315669 0.0000000 0.97522163 0.94844681
1032907402 0.0000000 0.98975587 0.97795874
1033103267 0.0000000 0.98103178 0.95952213
1033374913 0.0000000 0.98814940 0.97397441
1033690544 0.0000000 0.91777617 0.80285800
1033947513 0.0000000 0.98076260 0.95914739
1034070514 0.0000000 0.97654128 0.94930357
1034480608 5.00000007E-02 0.93951309 0.87820607
1034923400 0.0000000 0.97996598 0.95633394
1034928298 0.0000000 0.98106146 0.95841426
1035149152 0.0000000 0.98117822 0.95972347
1035153178 0.0000000 0.97875935 0.95424873
1035197382 5.00000007E-02 0.94995743 0.89872271
1035991040 5.00000007E-02 0.91838527 0.81160849
1036098952 0.0000000 0.96721727 0.93237615
1036886824 0.0000000 0.96978933 0.93672979
1038324582 0.0000000 0.97651982 0.95016170
1038746116 0.0000000 0.97181648 0.94058406
1039232712 0.0000000 0.98229837 0.96227705
1039743025 0.0000000 0.93698096 0.87176067
1040450954 0.0000000 0.99055713 0.97920197
1040520314 5.00000007E-02 0.92804164 0.85477358
1040644457 0.0000000 0.95651281 0.90975344
1040799690 0.0000000 0.96109712 0.91935480
1041632855 0.0000000 0.96780139 0.93019629
1042809813 0.0000000 0.97945851 0.95593333
1043607562 0.0000000 0.97953910 0.95615280
1044768063 0.0000000 0.98349255 0.96487492
1044817061 0.0000000 0.96940100 0.93605614
1045633623 0.0000000 0.94208342 0.88078189
1046065971 0.0000000 0.84196550 0.70289588
1046575544 0.0000000 0.95254761 0.90127993
1048808323 0.0000000 0.96454531 0.92674446
1049310522 0.0000000 0.96982193 0.93653244
1049353173 0.0000000 0.98095149 0.95851874
1051845960 0.0000000 0.97045875 0.93806607
1051900153 0.0000000 0.92571908 0.83271241
1052394722 5.00000007E-02 0.91627485 0.83387214
1052961462 0.0000000 0.99163997 0.98114818
1053904321 5.00000007E-02 0.93948859 0.87752843
1054395492 0.0000000 0.95585930 0.90952021
1054853585 0.0000000 0.97521389 0.94781739
1055123570 0.0000000 0.98573548 0.96917272
1055135284 0.0000000 0.98889565 0.97518784
1055234432 0.0000000 0.98081827 0.95869499
1055390332 5.00000007E-02 0.93741316 0.87323016
1055425274 0.0000000 0.97669536 0.95039761
1055472531 0.0000000 0.96210194 0.92057103
1055510426 5.00000007E-02 0.95644093 0.90938073
1055788418 0.0000000 0.96199346 0.92127872
1055803080 0.0000000 0.96593630 0.92906272
1056357316 0.0000000 0.94751441 0.89286637
1057028486 5.00000007E-02 0.90626884 0.81448573
1057319282 0.0000000 0.96131355 0.91905308
1058108790 0.0000000 0.96303833 0.91995609
1058496080 0.0000000 0.95183837 0.89931434
1059102630 0.0000000 0.96567500 0.92811131
1059590191 0.0000000 0.98032945 0.95836997
1059850488 0.0000000 0.88235956 0.71783996
1059910523 0.0000000 0.97104424 0.93907386
1059994404 0.0000000 0.96167392 0.91994500
1060172588 0.0000000 0.98784500 0.97340351
1060619413 0.0000000 0.98225528 0.96177143
1061586322 5.00000007E-02 0.93837428 0.87248045
1062262342 0.0000000 0.90738267 0.79513615
1062859632 0.0000000 0.97931647 0.95583016
1063234506 0.0000000 0.95194262 0.90174389
1063264037 5.00000007E-02 0.92812783 0.85179478
1064365712 0.0000000 0.95546442 0.90873557
1064533379 0.0000000 0.94322383 0.87692863
1065785029 0.0000000 0.97381335 0.94517320
1065790269 5.00000007E-02 0.94836247 0.89430636
1065847269 5.00000007E-02 0.91795975 0.83003253
1067505195 0.0000000 0.95513493 0.90661383
1068127124 0.0000000 0.98565882 0.96871716
1068356150 0.0000000 0.97123283 0.93752825
1068595355 0.0000000 0.98661089 0.97100860
1068804765 0.0000000 0.96303511 0.92333680
1068825242 0.0000000 0.97973764 0.95693642
1069412363 0.0000000 0.96809548 0.93160886
1070682432 0.0000000 0.93698770 0.87213421
1070692497 5.00000007E-02 0.94352782 0.88492072
1070921046 0.0000000 0.97809595 0.95321453
1071031093 0.0000000 0.98446733 0.96669471
1071031176 0.0000000 0.98861557 0.97510666
1071031375 0.0000000 0.98918563 0.97658497
1071031628 0.0000000 0.97509056 0.94766867
1071031695 0.0000000 0.97740954 0.95221782
1071031744 0.0000000 0.97943211 0.95628077
1071031844 0.0000000 0.97805572 0.95345271
1071031926 0.0000000 0.98018867 0.95764351
1071033611 0.0000000 0.98554027 0.96840459
1071033625 0.0000000 0.98554081 0.96840483
1071035006 0.0000000 0.95476931 0.90669513
1071038489 0.0000000 0.96397609 0.92516696
1071042579 0.0000000 0.97651750 0.95021832
1071043831 0.0000000 0.98369873 0.96479583
1071046005 0.0000000 0.97917414 0.95589602
1071046239 5.00000007E-02 0.94445217 0.88683558
1071074159 0.0000000 0.97244567 0.94198996
1071095531 0.0000000 0.96777517 0.93278009
1071100910 0.0000000 0.97563142 0.94836622
1071109335 0.0000000 0.96740562 0.93165559
1071169499 0.0000000 0.96622032 0.92885739
1071182968 0.0000000 0.98094094 0.95910859
1071183209 0.0000000 0.98277426 0.96276265
1071183435 0.0000000 0.98335671 0.96389806
1071443800 0.0000000 0.98315018 0.96396965
1071583019 0.0000000 0.97871977 0.95424330
1071584001 0.0000000 0.96544319 0.92827439
1071678445 0.0000000 0.95729589 0.91193140
1071725608 0.0000000 0.98601776 0.96932280
1072705310 0.0000000 0.97303450 0.94333577
1093908136 5.00000007E-02 0.88331145 0.73358232
1105405102 0.0000000 0.96781653 0.93232852
1105536640 0.0000000 0.98744929 0.97232264
1105765351 0.0000000 0.96781474 0.93282449
1106056455 0.0000000 0.88670534 0.77607965
1106207236 0.0000000 0.98885804 0.97518075
1106226863 0.0000000 0.93843967 0.87648201
1106317701 0.0000000 0.98766351 0.97278351
1106377004 0.0000000 0.94789094 0.89362305
1106829094 0.0000000 0.95988631 0.91722810
1107166208 5.00000007E-02 0.94839770 0.89366215
1107223187 0.0000000 0.98716098 0.97193629
1107233798 0.0000000 0.95105374 0.89894724
1107286746 0.0000000 0.92488956 0.84748244
1107601144 0.0000000 0.98562366 0.96856260
1107601252 0.0000000 0.98601562 0.96935934
1108162580 0.0000000 0.95392156 0.90522456
1108757898 0.0000000 0.98604494 0.96942222
1108761568 0.0000000 0.95342684 0.90463549
1110049611 0.0000000 0.99316716 0.98436981
1110049680 0.0000000 0.99323392 0.98448616
1110050185 0.0000000 0.98780984 0.97341520
1110050874 0.0000000 0.97714531 0.95221508
1110568232 0.0000000 0.95860559 0.91450727
1111274786 0.0000000 0.96433282 0.92530394
1113182839 0.0000000 0.96735287 0.93153811
1113208093 5.00000007E-02 0.95184273 0.90109259
1113260515 0.0000000 0.98152137 0.95976758
1113331351 0.0000000 0.96122152 0.91842234
1114345058 0.0000000 0.92832100 0.85506761
1114872497 0.0000000 0.99065983 0.97914886
1114872533 0.0000000 0.99066186 0.97915310
1114872543 0.0000000 0.99070960 0.97925150
1114981677 0.0000000 0.96995050 0.93644226
1115167250 0.0000000 0.97833294 0.95352942
1115753263 0.0000000 0.96229762 0.92181242
1115910658 0.0000000 0.96393669 0.92403239
1115942660 0.0000000 0.98407876 0.96525013
1117405041 0.0000000 0.94727534 0.89283651
1117642805 0.0000000 0.97674388 0.95092261
1118162704 0.0000000 0.99169159 0.98150313
1118367166 0.0000000 0.99099791 0.97988951
1118396676 0.0000000 0.98556715 0.96854812
1118501300 0.0000000 0.97772276 0.95312929
1118677980 0.0000000 0.95496523 0.90680397
1118868304 0.0000000 0.93982446 0.86183512
1119087065 0.0000000 0.98739171 0.97233081
1119729025 0.0000000 0.97115248 0.93884802
1119876655 0.0000000 0.96714652 0.93175912
1122618639 0.0000000 0.98211694 0.96132267
1122777951 0.0000000 0.97528368 0.94744581
1125373372 5.00000007E-02 0.86665440 0.74465716
1125685516 0.0000000 0.96255559 0.92173672
1125969360 0.0000000 0.99201316 0.98241520
1127055473 0.0000000 0.96749824 0.93099064
1127456637 0.0000000 0.96737570 0.93237680
1127471662 0.0000000 0.96708512 0.93161017
1127494190 0.0000000 0.97107697 0.93962538
1127760620 0.0000000 0.97863781 0.95485497
1128153007 0.0000000 0.95087475 0.89364719
1128174696 0.0000000 0.97431296 0.94632190
1128475640 5.00000007E-02 0.87084126 0.75275046
1128528995 0.0000000 0.97296411 0.93753946
1128891916 0.0000000 0.96248430 0.92278373
1128923244 0.0000000 0.97319174 0.94394124
1129069430 5.00000007E-02 0.94625169 0.89069414
1129155495 0.0000000 0.97818458 0.95408982
1129246313 0.0000000 0.98146588 0.96039897
1129324370 5.00000007E-02 0.94726539 0.89271259
1129391464 0.0000000 0.98826832 0.97435880
1129907016 0.0000000 0.98495847 0.96753430
1130249327 0.0000000 0.94687289 0.88817227
1131428965 0.0000000 0.97424465 0.94588840
1131431840 0.0000000 0.91555011 0.81382799
1132062095 0.0000000 0.98781127 0.97305405
1132132485 5.00000007E-02 0.88404560 0.77619338
1132148341 0.0000000 0.97108626 0.93974209
1132166999 0.0000000 0.96390349 0.92531550
1132661855 0.0000000 0.96223688 0.92182773
1132975230 0.0000000 0.97736609 0.95243382
1133111580 0.0000000 0.97873276 0.95435518
1133304109 0.0000000 0.98087418 0.95975614
1133601723 0.0000000 0.95198941 0.89492089
1133908462 0.0000000 0.95221305 0.90140915
1134710133 0.0000000 0.97168422 0.94114357
1135808248 0.0000000 0.97684699 0.95104045
1135976852 5.00000007E-02 0.93383753 0.86726570
1136739698 0.0000000 0.96691304 0.93104565
1137913657 0.0000000 0.98551404 0.96838748
1137989937 0.0000000 0.96047467 0.91800940
1137990003 0.0000000 0.96148878 0.91993248
1138288259 0.0000000 0.97239655 0.93958348
1139284609 5.00000007E-02 0.88575870 0.77875030
1139326915 0.0000000 0.96637082 0.92749453
1140725945 0.0000000 0.97222733 0.94056058
1140746150 0.0000000 0.98926872 0.97616988
1141877248 0.0000000 0.98920822 0.97629762
1142029462 0.0000000 0.97075558 0.93798953
1142229311 0.0000000 0.97552168 0.94670498
1142709582 0.0000000 0.98430508 0.96570659
1143536168 0.0000000 0.97927308 0.95449317
1143616861 0.0000000 0.95420319 0.90013099
1143885739 0.0000000 0.98438835 0.96562850
1143885924 0.0000000 0.99545676 0.98932546
1143888020 0.0000000 0.98683357 0.97134763
1144129163 0.0000000 0.98338866 0.96403408
1144133312 0.0000000 0.98379844 0.96509480
1144179006 0.0000000 0.98452872 0.96656489
1144806135 5.00000007E-02 0.92813206 0.85490274
1145140855 0.0000000 0.97701460 0.95117843
1145323561 0.0000000 0.97735572 0.95170856
1146215126 0.0000000 0.99033219 0.97859085
1146944291 5.00000007E-02 0.87498325 0.75824189
1146966782 0.0000000 0.97997433 0.95715106
1147258751 0.0000000 0.96126127 0.91898906
1149411961 0.0000000 0.96498024 0.92615885
1149467938 0.0000000 0.97636777 0.94948703
1149638545 0.0000000 0.97711152 0.95087415
1149771133 5.00000007E-02 0.94495434 0.88623708
1150128882 5.00000007E-02 0.88137460 0.76811028
1151387381 0.0000000 0.94583887 0.88122272
1154072410 0.0000000 0.99009794 0.97790962
1154182305 0.0000000 0.97641587 0.94965297
1155212722 5.00000007E-02 0.92637908 0.85154581
1155340266 0.0000000 0.96413255 0.92423093
1155354114 5.00000007E-02 0.90872425 0.81973493
1155443514 0.0000000 0.97255838 0.94097376
1156044082 0.0000000 0.88065588 0.76820993
1156698676 0.0000000 0.98930967 0.97630966
1158266854 0.0000000 0.94864178 0.88776004
1159598968 0.0000000 0.96182144 0.91754341
1159684577 0.0000000 0.97871608 0.95437908
1160388105 0.0000000 0.96385801 0.92473710
1160392104 0.0000000 0.97592902 0.94897598
1160549032 0.0000000 0.97571868 0.94848335
1160664389 0.0000000 0.99007821 0.97779292
1163299258 5.00000007E-02 0.94891405 0.89322889
1163456967 0.0000000 0.98466307 0.96643484
1163641819 0.0000000 0.98475772 0.96713942
1164570370 0.0000000 0.94832808 0.89095312
1165358160 0.0000000 0.96453834 0.92593008
1165368969 5.00000007E-02 0.94758666 0.89154649
1166094636 0.0000000 0.98827666 0.97379345
1166561075 0.0000000 0.98456377 0.96612740
1166894907 0.0000000 0.98770386 0.97292030
1167121204 0.0000000 0.96003968 0.91606277
1167135981 5.00000007E-02 0.66454130 -1.0911736
1167136317 0.10000000 0.60719067 -5.2913260
1167136455 0.10000000 0.60722876 -5.2896390
1167136825 0.0000000 0.95127398 0.89879072
1167144800 0.0000000 0.96643156 0.92908514
1167147704 5.00000007E-02 0.96066129 0.91866082
1167154513 0.0000000 0.97294408 0.94245082
1167186639 0.0000000 0.97462630 0.94575018
1167298740 5.00000007E-02 0.91545695 0.83028936
1167318376 5.00000007E-02 0.83429492 0.69019699
1167324678 0.0000000 0.96475244 0.92620963
1167592780 5.00000007E-02 0.78960484 0.61732811
1167604646 0.0000000 0.97624236 0.94919896
1168792515 0.0000000 0.98747772 0.97221625
1168917035 0.0000000 0.98615533 0.96944147
1169006425 0.0000000 0.96314752 0.92308551
1169712716 0.0000000 0.98333734 0.96362293
1169722755 0.0000000 0.98645872 0.97044569
1170262059 5.00000007E-02 0.93446201 0.86521208
1170524118 0.0000000 0.95433772 0.90459478
1171366614 0.0000000 0.97163457 0.93898654
1171423577 0.0000000 0.96796805 0.93374431
1171423831 0.0000000 0.97164583 0.94112366
1171832699 0.0000000 0.96991938 0.93654430
1172178017 0.0000000 0.97388673 0.94369769
1173308237 0.0000000 0.98660690 0.97013599
1173368256 0.0000000 0.96869808 0.93134785
1174197233 5.00000007E-02 0.93534786 0.86743712
1175309106 5.00000007E-02 0.92331553 0.83896101
1175583473 0.0000000 0.96466619 0.92524344
1176242685 0.0000000 0.97140062 0.93847972
1177115546 0.0000000 0.98367435 0.96476245
1177175308 0.0000000 0.97229165 0.94127619
1178992210 0.0000000 0.95274061 0.89838624
1180238725 0.0000000 0.94956130 0.89531577
1180618796 0.0000000 0.93857300 0.87436318
1181939353 5.00000007E-02 0.92175645 0.84258693
1182196765 0.0000000 0.93028653 0.83775222
1182265663 0.0000000 0.96014231 0.91555440
1182396227 5.00000007E-02 0.93798476 0.87307388
1182398897 0.0000000 0.97899216 0.95497036
1184629372 0.0000000 0.96873707 0.93410486
1185198002 0.0000000 0.98084772 0.95886862
1185799546 0.0000000 0.97724843 0.95189613
1185861072 0.0000000 0.94380361 0.87713188
1186620947 0.0000000 0.98678470 0.97072643
1186786330 0.0000000 0.95555842 0.90726376
1188350129 0.0000000 0.97232378 0.94118929
1188356416 0.0000000 0.98354995 0.96440983
1188908193 0.0000000 0.97025520 0.93692088
1188950111 5.00000007E-02 0.84731609 0.71243465
1189101086 0.0000000 0.98777068 0.97286373
1189101321 0.0000000 0.98877341 0.97507858
1189194674 0.0000000 0.94661891 0.88774472
1190442424 0.0000000 0.97356194 0.94306248
1191742755 5.00000007E-02 0.95688576 0.91148460
1192071901 0.0000000 0.97277683 0.94173795
1192632000 0.0000000 0.97554469 0.94770789
1203790455 0.0000000 0.96040046 0.91701829
1204138448 0.0000000 0.98663652 0.96985489
1204304285 0.0000000 0.98567635 0.96836716
1204490434 0.0000000 0.97710598 0.94689870
1204651907 0.0000000 0.98532653 0.96764857
1204651936 0.0000000 0.98535138 0.96769685
1204670552 0.0000000 0.98430341 0.96575016
1220742036 0.0000000 0.99396217 0.98771453
1220946193 0.0000000 0.99995565 0.99986297
1221047734 0.0000000 0.99776584 0.99548244
1222614737 0.0000000 0.99798393 0.99590296
1225404477 0.0000000 0.99949211 0.99897462
1225442295 0.0000000 0.99980682 0.99958760
1228187814 0.0000000 0.99995393 0.99988395
1228684717 0.0000000 0.99996233 0.99991018
1229260451 0.0000000 0.99895322 0.99784327
1229658996 0.0000000 0.99798864 0.99596059
1229990683 0.0000000 0.99994558 0.99985391
1230216280 0.0000000 0.99947971 0.99895090
1230600687 0.0000000 0.99961931 0.99918795
1230860391 0.0000000 0.99984598 0.99968797
1231020274 0.0000000 0.99994093 0.99982601
1231041233 0.0000000 0.99931377 0.99859381
1232714291 0.0000000 0.99997264 0.99987662
1232804891 0.0000000 0.99875659 0.99741584
1233928332 0.0000000 0.99957347 0.99909723
1234166319 0.0000000 0.98588461 0.97013313
1234201315 0.0000000 0.99988431 0.99972880
1234214675 0.0000000 0.99995983 0.99988306
1236731039 0.0000000 0.99951804 0.99894720
1236854628 0.0000000 0.99868727 0.99734646
1237014105 0.0000000 0.99787748 0.99568486
1237159221 0.0000000 0.99890882 0.99770683
1237164701 0.0000000 0.99889231 0.99766833
1237551366 0.0000000 0.99900013 0.99793535
1237619839 0.0000000 0.99129945 0.98221248
1239235949 0.0000000 0.99958497 0.99915141
1239971868 0.0000000 0.99980050 0.99956679
1240678955 0.0000000 0.99619299 0.99224263
1242397863 0.0000000 0.99942809 0.99880219
1242709695 0.0000000 0.99548233 0.99074352
1243376855 0.0000000 0.99983072 0.99966884
1244248765 0.0000000 0.99270254 0.98514301
1245087845 0.0000000 0.99738866 0.99468815
1245407408 0.0000000 0.99933946 0.99864334
1245469469 0.0000000 0.99983311 0.99962634
1245877793 0.0000000 0.99980676 0.99959159
1245881452 0.0000000 0.99967700 0.99930817
1246167876 0.0000000 0.99905980 0.99806684
1246181696 0.0000000 0.99990928 0.99977911
1246182765 0.0000000 0.99968141 0.99930954
1246208530 0.0000000 0.99911785 0.99818593
1246208539 0.0000000 0.99911839 0.99818695
1246598451 0.0000000 0.99986863 0.99969792
1246598488 0.0000000 0.99986970 0.99969900
1246614635 0.0000000 0.99984080 0.99965167
1246985947 0.0000000 0.99973363 0.99944782
1247508302 0.0000000 0.99995673 0.99988186
1247516932 0.0000000 0.99988431 0.99974424
1247654255 0.0000000 0.99960053 0.99917275
1247741293 0.0000000 0.99991959 0.99981600
1247769767 0.0000000 0.99991733 0.99981093
1248159491 0.0000000 0.99932271 0.99861044
1248570012 0.0000000 0.99995065 0.99983555
1248588659 0.0000000 0.99994504 0.99985981
1248872986 0.0000000 0.99926949 0.99847621
1248886386 0.0000000 0.99984902 0.99965066
1249212887 0.0000000 0.99983692 0.99964243
1250601456 0.0000000 0.99995917 0.99987382
1250639275 0.0000000 0.99977255 0.99950200
1250703707 0.0000000 0.99745208 0.99486792
1250777890 0.0000000 0.99989879 0.99976379
1250888264 0.0000000 0.99982446 0.99964136
1250911490 0.0000000 0.98715061 0.97404307
1252249816 0.0000000 0.99981576 0.99962634
1252757125 0.0000000 0.99974340 0.99946606
1254591366 0.0000000 0.99992537 0.99983174
1254664936 0.0000000 0.99852914 0.99698716
1255243328 0.0000000 0.99968445 0.99933475
1256244384 0.0000000 0.99941748 0.99882692
1256252705 0.0000000 0.99984550 0.99968505
1256431794 0.0000000 0.99335003 0.98645663
1257420861 0.0000000 0.99994409 0.99950933
1257678569 0.0000000 0.99898332 0.99793917
1258065617 0.0000000 0.99751168 0.99501616
1258296469 0.0000000 0.99942482 0.99883676
1258824471 0.0000000 0.99929810 0.99853939
1258926370 0.0000000 0.99840254 0.99665177
1260564405 0.0000000 0.99983656 0.99962175
1260692005 0.0000000 0.99876875 0.99742848
1261227736 0.0000000 0.99996716 0.99987364
1261227864 0.0000000 0.99997693 0.99988335
1261228557 0.0000000 0.99781013 0.99554235
1261232031 0.0000000 0.99921876 0.99840397
1261235533 0.0000000 0.99852067 0.99700916
1261275144 0.0000000 0.99896550 0.99787879
1261713375 0.0000000 0.99974310 0.99944007
1261922241 0.0000000 0.99496526 0.98981953
1262034644 0.0000000 0.99742341 0.99469101
1262237921 0.0000000 0.99869299 0.99733317
1262343689 0.0000000 0.99665952 0.99320918
1262367286 0.0000000 0.99961275 0.99913454
1262622742 0.0000000 0.97804552 0.95374680
1262633257 0.0000000 0.99986732 0.99967670
1263881366 0.0000000 0.99987280 0.99970704
1265523000 0.0000000 0.99994391 0.99978197
1265599504 0.0000000 0.99856180 0.99705660
1265691729 0.0000000 0.99994969 0.99983084
1265942558 0.0000000 0.99995786 0.99980450
1266289887 0.0000000 0.99904478 0.99791372
1266816064 0.0000000 0.99985647 0.99963647
1267146477 0.0000000 0.99987465 0.99968618
1267162697 0.0000000 0.99916828 0.99828225
1267661932 0.0000000 0.99996287 0.99983734
1267662287 0.0000000 0.99987078 0.99968052
1267686434 0.0000000 0.99990642 0.99974847
1267690576 0.0000000 0.99992979 0.99979538
1268040382 0.0000000 0.99983978 0.99962467
1268902896 0.0000000 0.99862659 0.99711317
1268931240 0.0000000 0.99790019 0.99554992
1269644874 0.0000000 0.99962842 0.99923342
1290784424 0.0000000 0.99976623 0.99949771
1290799240 0.0000000 0.99960846 0.99920571
1291601652 0.0000000 0.99984372 0.99967295
1291689974 0.0000000 0.99982226 0.99963713
1291927327 0.0000000 0.99985248 0.99969423
1292000461 0.0000000 0.99985987 0.99970734
1294804388 0.0000000 0.99853456 0.99685699
1296507195 0.0000000 0.99971676 0.99937057
1296548191 0.0000000 0.99995339 0.99980140
1297058102 0.0000000 0.99911994 0.99816543
1297342916 0.0000000 0.98949635 0.97792852
1297754297 0.0000000 0.99996847 0.99984336
1298970247 0.0000000 0.99253607 0.98478818
1299845150 0.0000000 0.99668813 0.99305946
1300123317 0.0000000 0.99983823 0.99960458
1300281136 0.0000000 0.99985212 0.99962968
1300608051 0.0000000 0.99996668 0.99982983
1301123952 0.0000000 0.99584877 0.99148214
1301458951 0.0000000 0.99958581 0.99904788
1301964194 0.0000000 0.99617630 0.99227935
1302916270 0.0000000 0.99992067 0.99971443
1302961193 0.0000000 0.99903989 0.99798745
1303685617 0.0000000 0.99994266 0.99980688
1304080155 0.0000000 0.99751455 0.99496007
1304082768 0.0000000 0.99978763 0.99954170
1304152538 0.0000000 0.99990165 0.99967909
1304437954 0.0000000 0.99982029 0.99958622
1304717510 0.0000000 0.99981278 0.99960291
1304757333 0.0000000 0.99691659 0.99369657
1306028051 0.0000000 0.99972898 0.99937630
1306098435 0.0000000 0.99950308 0.99890631
1306261925 0.0000000 0.99864906 0.99727118
1307034472 0.0000000 0.99964142 0.99910945
1307669122 0.0000000 0.99935049 0.99869257
1308478735 0.0000000 0.99792522 0.99574852
1309048281 0.0000000 0.99816817 0.99626178
1309094354 0.0000000 0.99924886 0.99846190
1309326569 0.0000000 0.99910879 0.99808240
1309474048 0.0000000 0.99602669 0.99197543
1309601047 0.0000000 0.99939144 0.99877220
1309696244 0.0000000 0.99659181 0.99318504
1309953539 0.0000000 0.99941379 0.99881387
1310469430 0.0000000 0.99966097 0.99929357
1310541580 0.0000000 0.99950582 0.99899429
1310928323 0.0000000 0.99847436 0.99689853
1311000534 0.0000000 0.99951178 0.99898559
1311084070 0.0000000 0.99936503 0.99872601
1311142337 0.0000000 0.99940777 0.99881083
1311692424 0.0000000 0.99870861 0.99742204
1314264913 0.0000000 0.99939305 0.99878013
1314789752 0.0000000 0.99917752 0.99835503
1315538819 0.0000000 0.99963683 0.99922025
1315635988 0.0000000 0.99920386 0.99840122
1315804512 0.0000000 0.99918604 0.99834645
1316643513 0.0000000 0.99955297 0.99908990
1316653258 0.0000000 0.99911731 0.99822986
1317835272 0.0000000 0.99852186 0.99703807
1318175665 0.0000000 0.99977010 0.99952602
1318478724 0.0000000 0.99824309 0.99646091
1319945023 0.0000000 0.99983203 0.99959564
1320074224 0.0000000 0.99813128 0.99622524
1320721143 0.0000000 0.99989277 0.99971205
1321061921 0.0000000 0.99952543 0.99903333
1322787324 0.0000000 0.99971449 0.99941957
1322993584 0.0000000 0.99820608 0.99641424
1323861170 0.0000000 0.99777353 0.99551332
1323909341 0.0000000 0.99898905 0.99787170
1324582798 0.0000000 0.99964607 0.99926758
1325660397 0.0000000 0.99901503 0.99795532
1326181267 0.0000000 0.99760890 0.99506867
1326728445 0.0000000 0.99971092 0.99939412
1327107001 0.0000000 0.99931473 0.99861926
1327480583 0.0000000 0.99704558 0.99402636
1327824459 0.0000000 0.99917728 0.99826980
1328324062 0.0000000 0.99980998 0.99956131
1328459111 0.0000000 0.99965829 0.99930561
1330223700 0.0000000 0.99991262 0.99969947
1330883534 0.0000000 0.99877626 0.99755168
1332071890 0.0000000 0.99090469 0.98107183
1332086295 0.0000000 0.99926752 0.99851602
1332373478 0.0000000 0.99967265 0.99931180
1333258441 0.0000000 0.99986303 0.99964696
1333828758 0.0000000 0.99944425 0.99877179
1333921411 0.0000000 0.99981511 0.99954993
1334227165 0.0000000 0.99978292 0.99944961
1334800688 0.0000000 0.99985939 0.99964774
1335409258 0.0000000 0.99853563 0.99706858
1335538115 0.0000000 0.99955213 0.99906951
1338362741 0.0000000 0.99979866 0.99956113
1338842309 0.0000000 0.99956638 0.99910557
1338890190 0.0000000 0.99959695 0.99918324
1338944914 0.0000000 0.99986058 0.99969184
1338944979 0.0000000 0.99986124 0.99968117
1338945045 0.0000000 0.99984676 0.99963272
1339216879 0.0000000 0.99981743 0.99957955
1339275618 0.0000000 0.99990553 0.99971795
1339278860 0.0000000 0.99926460 0.99849200
1339309409 0.0000000 0.99948084 0.99892819
1339575740 0.0000000 0.99955177 0.99897569
1339598466 0.0000000 0.99873716 0.99733078
1339646879 0.0000000 0.99916565 0.99825817
1339690513 0.0000000 0.99989754 0.99971145
1339702255 0.0000000 0.99974167 0.99945432
1339923712 0.0000000 0.99984908 0.99965322
1341299876 0.0000000 0.99971056 0.99939424
1341924177 0.0000000 0.97009593 0.93705469
1342405200 0.0000000 0.99940830 0.99880934
1344277570 0.0000000 0.99952930 0.99904311
1344910008 0.0000000 0.99977171 0.99953622
1344941743 0.0000000 0.99970770 0.99938875
1345138860 0.0000000 0.99773961 0.99544507
1345234802 0.0000000 0.99980301 0.99958187
1346380382 0.0000000 0.99954194 0.99907750
1346415099 0.0000000 0.99953634 0.99902964
1346415834 0.0000000 0.99835771 0.99667168
1346788818 0.0000000 0.99984103 0.99967349
1346816730 0.0000000 0.99923211 0.99845070
1348523853 0.0000000 0.99970245 0.99940330
1350722979 0.0000000 0.99933350 0.99865687
1350800865 0.0000000 0.99963760 0.99927598
1351161077 0.0000000 0.99962300 0.99924934
1352122829 0.0000000 0.99936968 0.99869257
1352554787 0.0000000 0.99978417 0.99954861
1353431341 0.0000000 0.99983001 0.99964547
1353536726 0.0000000 0.99970269 0.99940777
1354158772 0.0000000 0.99945670 0.99889797
1354470336 0.0000000 0.99985921 0.99968785
1354477411 0.0000000 0.99977291 0.99951285
1354976814 0.0000000 0.99971604 0.99940860
1355221924 0.0000000 0.99949932 0.99897897
1356243184 0.0000000 0.99900901 0.99789482
1356319072 0.0000000 0.99976611 0.99952376
1356487597 0.0000000 0.99963462 0.99926275
1356883405 0.0000000 0.99988556 0.99967706
1357128106 0.0000000 0.99957538 0.99910700
1357236484 0.0000000 0.99933463 0.99862432
1357270197 0.0000000 0.99956495 0.99912667
1357331931 0.0000000 0.99885237 0.99764496
1357541346 0.0000000 0.99988943 0.99974269
1357994057 0.0000000 0.99935365 0.99867839
1358411441 0.0000000 0.99959058 0.99913913
1358708986 0.0000000 0.99961591 0.99920428
1359776392 0.0000000 0.99972177 0.99942476
1361064727 0.0000000 0.99952269 0.99895722
1361239965 0.0000000 0.99959743 0.99913579
1361256759 0.0000000 0.99978054 0.99949986
1361373628 0.0000000 0.99926043 0.99848706
1361471757 0.0000000 0.99975276 0.99943072
1361665659 0.0000000 0.99621069 0.99223065
1362386544 0.0000000 0.99955970 0.99910587
1362609444 0.0000000 0.99461395 0.98919642
1362627405 0.0000000 0.99991328 0.99974954
1362643640 0.0000000 0.99950814 0.99892843
1363079024 0.0000000 0.99930775 0.99861610
1363764120 0.0000000 0.99686193 0.99350423
1364349799 0.0000000 0.99989146 0.99975896
1364349845 0.0000000 0.99989122 0.99975836
1364355002 0.0000000 0.99950963 0.99897516
1364690983 0.0000000 0.99954581 0.99906957
1365625224 0.0000000 0.99993515 0.99978334
1366061297 0.0000000 0.99923134 0.99844795
1366432589 0.0000000 0.99562418 0.99114138
1366513671 0.0000000 0.99875617 0.99748474
1369110346 0.0000000 0.99967659 0.99927294
1369124755 0.0000000 0.99983042 0.99962842
1369791239 0.0000000 0.99963200 0.99922758
1369883683 0.0000000 0.99934959 0.99869788
1370118743 0.0000000 0.99965131 0.99930233
1370151783 0.0000000 0.99987382 0.99969989
1370623082 0.0000000 0.99987870 0.99968314
1372241957 0.0000000 0.99845999 0.99681228
1372463510 0.0000000 0.99977827 0.99952996
1373829868 0.0000000 0.99976707 0.99951428
1373895699 0.0000000 0.99977529 0.99948210
1373969495 0.0000000 0.99984717 0.99964392
1374677225 0.0000000 0.99970776 0.99936730
1374679935 0.0000000 0.99981040 0.99958175
1376837821 0.0000000 0.99830419 0.99627459
1377205321 0.0000000 0.99605048 0.99206579
1377355603 0.0000000 0.99919516 0.99814349
1377407246 0.0000000 0.95292550 0.90277749
1378247005 0.0000000 0.99813348 0.99613768
1378467231 0.0000000 0.99985570 0.99933243
1379475197 0.0000000 0.99346232 0.98681384
1380542719 0.0000000 0.99971074 0.99916697
1381466759 0.0000000 0.98734576 0.97477895
1381684855 0.0000000 0.99971360 0.99917793
1382170436 0.0000000 0.99960834 0.99854803
1382919848 0.0000000 0.99143916 0.98294663
1383069011 0.0000000 0.99310613 0.98624349
1383085061 0.0000000 0.99374974 0.98747623
1383220929 0.0000000 0.99990892 0.99948889
1383227120 0.0000000 0.99821121 0.99615628
1383227831 0.0000000 0.99845487 0.99657100
1383234448 0.0000000 0.99971169 0.99908429
1383263545 0.0000000 0.99861801 0.99687403
1383450194 0.0000000 0.99932075 0.99826825
1383519374 0.0000000 0.99931359 0.99824202
1383809110 0.0000000 0.99788535 0.99548167
1383809501 0.0000000 0.99677116 0.99327511
1383989687 0.0000000 0.99671745 0.99313712
1384145710 0.0000000 0.99974400 0.99908000
1384544358 0.0000000 0.99950022 0.99852437
1385019362 0.0000000 0.98832768 0.97668862
1386347977 0.0000000 0.99897259 0.99735343
1386357780 0.0000000 0.99940163 0.99839222
1387916955 0.0000000 0.99940914 0.99817061
1389034180 0.0000000 0.99895376 0.99762702
1389204911 0.0000000 0.99989164 0.99955690
1389717867 0.0000000 0.99966443 0.99912202
1389724692 0.0000000 0.99980885 0.99920362
1389729005 0.0000000 0.99979442 0.99920547
1389740803 0.0000000 0.99949217 0.99851608
1389904819 0.0000000 0.99637765 0.99254990
1390517490 0.0000000 0.99766493 0.99492067
1390619771 0.0000000 0.99932855 0.99835098
1391790286 0.0000000 0.99430454 0.98863888
1393014317 0.0000000 0.99965245 0.99898458
1393065064 0.0000000 0.99876451 0.99719864
1393759985 0.0000000 0.99784613 0.99525553
1393791078 0.0000000 0.99981827 0.99937546
1394913876 0.0000000 0.99977106 0.99953485
1395061976 0.0000000 0.99983430 0.99965096
1395231566 0.0000000 0.99988973 0.99977750
1397097485 0.0000000 0.99967587 0.99926275
1397746253 0.0000000 0.99887633 0.99756843
1398443585 0.0000000 0.99912715 0.99807531
1399207416 0.0000000 0.99976534 0.99931723
1399278483 0.0000000 0.99810398 0.99607617
1399745740 0.0000000 0.99943829 0.99872983
1399746271 0.0000000 0.99982429 0.99947959
1400631673 0.0000000 0.99992472 0.99963027
1401021673 0.0000000 0.99982208 0.99942762
1401296286 0.0000000 0.99978286 0.99926835
1402085900 0.0000000 0.96094692 0.91966498
1402313583 0.0000000 0.99959981 0.99877471
1402624068 0.0000000 0.98119271 0.96193057
1402784563 0.0000000 0.99900383 0.99778140
1403034553 0.0000000 0.99277282 0.98558515
1403317269 0.0000000 0.99813610 0.99585950
1403439974 0.0000000 0.99836528 0.99643582
1404774365 0.0000000 0.99979722 0.99921596
1404925818 0.0000000 0.99924785 0.99774486
1405577514 0.0000000 0.99974430 0.99920994
1407296767 0.0000000 0.99954861 0.99809021
1407544588 0.0000000 0.99820679 0.99560934
1408047770 0.0000000 0.99969530 0.99864107
1410046387 0.0000000 0.99842924 0.99624956
1410325949 0.0000000 0.99508226 0.98995149
1410382444 0.0000000 0.98079777 0.96191895
1411247643 0.0000000 0.99926341 0.99747413
1411641303 0.0000000 0.99982172 0.99888045
1412009058 0.0000000 0.99974966 0.99857229
1412705290 0.0000000 0.99952435 0.99820191
1413207959 0.0000000 0.99621332 0.99151635
1414298821 0.0000000 0.99661189 0.99269497
1416419181 0.0000000 0.99977642 0.99901062
1416419227 0.0000000 0.99976915 0.99899548
1416540553 0.0000000 0.99981403 0.99873871
1417557685 0.0000000 0.99940628 0.99791574
1417655668 0.0000000 0.98946887 0.97897500
1418245419 0.0000000 0.99971163 0.99875450
1418533563 0.0000000 0.99904329 0.99647194
1419682925 0.0000000 0.98619765 0.97258055
1419947441 0.0000000 0.98510134 0.97039777
1419995164 0.0000000 0.99866909 0.99669069
1420012476 0.0000000 0.99969536 0.99877441
1420437226 0.0000000 0.99561948 0.99079961
1420606112 0.0000000 0.99984097 0.99908620
1420742654 0.0000000 0.99947876 0.99836046
1421435535 0.0000000 0.99762386 0.99466884
1421639313 0.0000000 0.99922252 0.99751782
1422083726 0.0000000 0.99928492 0.99806112
1422374758 0.0000000 0.99986798 0.99917138
1422958210 0.0000000 0.99238408 0.98459566
1423037687 0.0000000 0.98723871 0.97453612
1423603888 0.0000000 0.99148351 0.98264688
1423726535 0.0000000 0.99642718 0.99248213
1423857991 0.0000000 0.99982721 0.99892449
1424969403 0.0000000 0.99573588 0.99096775
1426114954 0.0000000 0.97472620 0.94952685
1426344314 0.0000000 0.98945850 0.97901815
1426852891 0.0000000 0.99811894 0.99591583
1427105631 0.0000000 0.99982339 0.99891573
1427483378 0.0000000 0.99944371 0.99769902
1428208678 0.0000000 0.98145401 0.96298093
1428320250 0.0000000 0.99915034 0.99766529
1428945237 0.0000000 0.99939102 0.99819064
1429127316 0.0000000 0.99959809 0.99800962
1429494176 0.0000000 0.99987805 0.99910915
1429494550 0.0000000 0.99978322 0.99890983
1429528847 0.0000000 0.99979073 0.99875116
1429530313 0.0000000 0.99986881 0.99907678
1429531199 0.0000000 0.99986261 0.99902636
1429992097 0.0000000 0.99980032 0.99885458
1430658547 0.0000000 0.99893117 0.99714696
1431333501 0.0000000 0.99952531 0.99841034
1431628549 0.0000000 0.99529737 0.99047208
1432588969 0.0000000 0.99986470 0.99924266
1432601816 0.0000000 0.99946928 0.99821740
1432799863 0.0000000 0.99953461 0.99822056
1434467768 0.0000000 0.99863970 0.99670237
1434867330 0.0000000 0.99935102 0.99792629
1435335400 0.0000000 0.99922442 0.99774492
1438066750 0.0000000 0.99868995 0.99703938
1438936857 0.0000000 0.96375573 0.92706031
1439209234 0.0000000 0.99366766 0.98680687
1439418087 0.0000000 0.99957901 0.99831301
1439474882 0.0000000 0.99987036 0.99904525
1439699200 0.0000000 0.99845469 0.99594474
1441113885 0.0000000 0.99987054 0.99919599
1441128847 0.0000000 0.99959117 0.99864799
1441160293 0.0000000 0.99057353 0.98113519
1441898607 0.0000000 0.96030462 0.92166483
1442339782 0.0000000 0.99740148 0.99444437
1442345855 0.0000000 0.99986440 0.99936140
1442345878 0.0000000 0.99986440 0.99936241
1442408939 0.0000000 0.99978286 0.99929029
1442410226 0.0000000 0.95634782 0.90896243
1442413798 0.0000000 0.68359023 -8.59559774E-02
1443074281 0.0000000 0.99976808 0.99916798
1443555465 0.0000000 0.99575591 0.99129409
1444648487 0.0000000 0.99973279 0.99875736
1444736944 0.0000000 0.99972278 0.99880213
1444953165 0.0000000 0.99753380 0.99483442
1444953267 0.0000000 0.99677706 0.99331462
1445014914 0.0000000 0.99662477 0.99299300
1445221055 0.0000000 0.99980927 0.99925220
1445233331 0.0000000 0.99837327 0.99632394
1445239215 0.0000000 0.99785972 0.99549323
1446412182 0.0000000 0.99984384 0.99919885
1446412281 0.0000000 0.99989760 0.99944395
1446509184 0.0000000 0.99902940 0.99774122
1446509190 0.0000000 0.99902964 0.99774569
1446714386 0.0000000 0.99820727 0.99577498
1447167192 0.0000000 0.99296838 0.98597383
1447255999 0.0000000 0.99973559 0.99912751
1447277516 0.0000000 0.98436564 0.96879911
1448316095 0.0000000 0.99021387 0.98050088
1448671943 0.0000000 0.99391699 0.98779631
1449033717 0.0000000 0.99843812 0.99641824
1449035580 0.0000000 0.99595124 0.99163085
1449153073 0.0000000 0.99978572 0.99910629
1449935242 0.0000000 0.99889332 0.99741191
1450510821 0.0000000 0.99886620 0.99737912
1450536811 0.0000000 0.99976021 0.99901748
1450992022 0.0000000 0.99850202 0.99671972
1451199638 0.0000000 0.99062419 0.98129237
1451327726 0.0000000 0.99832529 0.99643135
1451523194 0.0000000 0.99937630 0.99822474
1451829690 0.0000000 0.99383461 0.98763126
1451928000 0.0000000 0.99957609 0.99834424
1452487977 0.0000000 0.99966812 0.99889028
1453169606 0.0000000 0.99986821 0.99936974
1453824336 0.0000000 0.99986094 0.99941343
1454422761 0.0000000 0.99992555 0.99952996
1454702246 0.0000000 0.99991232 0.99955678
1454702308 0.0000000 0.99993443 0.99954462
1454702406 0.0000000 0.99992067 0.99953443
1454702512 0.0000000 0.99991077 0.99953288
1454978820 0.0000000 0.99979967 0.99934691
1455590759 0.0000000 0.99985373 0.99936491
1455595494 0.0000000 0.99989730 0.99940509
1455757779 0.0000000 0.99983191 0.99925619
1455758311 0.0000000 0.99989247 0.99935752
1456215987 0.0000000 0.99917841 0.99796778
1456541993 0.0000000 0.99982601 0.99925023
1457201466 0.0000000 0.99051899 0.98112702
1457276938 0.0000000 0.99921823 0.99808890
1459152479 0.0000000 0.99979872 0.99916536
1459502085 0.0000000 0.99554861 0.99087012
1459988008 0.0000000 0.99905622 0.99726617
1460294506 0.0000000 0.99915051 0.99751329
1460353509 0.0000000 0.99967504 0.99898165
1460804146 0.25000000 0.60353321 -699783.31
1461082597 0.0000000 0.99765605 0.99517947
1461607991 0.0000000 0.99992436 0.99977487
1461770234 0.34999999 0.48299140 -12.645418
1461770257 0.34999999 0.48824218 -13.078624
1461770858 5.00000007E-02 0.52262765 0.22931433
1462199340 0.0000000 0.99934924 0.99856013
1462521203 0.0000000 0.99970800 0.99936318
1462632669 0.0000000 0.99939775 0.99871683
1462675593 0.0000000 0.99961662 0.99916124
1463023035 0.0000000 0.99991828 0.99972159
1463023251 0.0000000 0.99987483 0.99962062
1463023282 0.0000000 0.99983180 0.99952102
1463027395 0.0000000 0.99989063 0.99967116
1463127852 0.0000000 0.99982870 0.99957156
1463195522 0.0000000 0.99916238 0.99821216
1463196768 0.0000000 0.99976385 0.99942398
1463530965 0.0000000 0.99968612 0.99928957
1463863900 0.0000000 0.99983060 0.99962419
1463882779 0.0000000 0.99984568 0.99963242
1464184475 0.0000000 0.99966902 0.99932230
1464544116 0.0000000 0.99963945 0.99923885
1464576767 0.0000000 0.99862373 0.99714208
1464630651 0.0000000 0.99880260 0.99760872
1464672226 0.0000000 0.99986875 0.99965602
1466204142 0.0000000 0.99448454 0.98868340
1466383187 0.0000000 0.99963605 0.99923968
1466409210 0.0000000 0.99369371 0.98702955
1466715930 0.0000000 0.99980450 0.99955535
1467361422 0.0000000 0.99951899 0.99902469
1469019333 0.0000000 0.99421835 0.98827696
1469592155 0.0000000 0.99903494 0.99801588
1471008941 0.0000000 0.92987013 0.84195393
1471908408 0.0000000 0.99926358 0.99850875
1472660934 0.0000000 0.99930829 0.99858636
1473440050 0.0000000 0.99962485 0.99924052
1475055492 0.0000000 0.99973953 0.99945551
1475769120 0.0000000 0.99986935 0.99971431
1477370752 0.0000000 0.99980682 0.99961060
1478519786 0.0000000 0.99987769 0.99972171
1478903131 0.0000000 0.99984372 0.99965185
1480024554 0.0000000 0.99981779 0.99959624
1480377579 0.0000000 0.99966776 0.99932939
1480507474 0.0000000 0.99978721 0.99956208
1481256588 0.0000000 0.99957180 0.99912947
1481811269 0.0000000 0.99987334 0.99971098
1483057851 0.0000000 0.99901098 0.99800944
1483513641 0.0000000 0.99769592 0.99533439
1484155863 0.0000000 0.99976325 0.99947357
1484797338 0.0000000 0.99959189 0.99917638
1484900187 0.0000000 0.99700212 0.99392861
1485329586 0.0000000 0.99864936 0.99724686
1486746772 0.0000000 0.99984705 0.99963832
1487420859 0.0000000 0.99971199 0.99937069
1487652197 0.0000000 0.99192607 0.98335576
1488212310 0.0000000 0.99948150 0.99890798
1488924651 0.0000000 0.99950492 0.99897742
1489967289 0.0000000 0.99694240 0.99355751
1490066029 0.0000000 0.99937660 0.99872345
1490805242 0.0000000 0.99977380 0.99951410
1492112471 0.0000000 0.99948591 0.99884450
1492367656 0.0000000 0.99979258 0.99947464
1493517442 0.0000000 0.99959981 0.99917513
1493960850 0.0000000 0.99950522 0.99899632
1493986611 0.0000000 0.99893939 0.99787146
1494889974 0.0000000 0.99986684 0.99965167
1494932580 0.0000000 0.99780679 0.99538028
1495631454 0.0000000 0.99987870 0.99968970
1495691291 0.0000000 0.99979955 0.99952197
1495956669 0.0000000 0.98672688 0.97247565
1495999757 0.0000000 0.99925297 0.99843335
1496582686 0.0000000 0.99977893 0.99949706
1497967350 0.0000000 0.99961776 0.99922562
1498029939 0.0000000 0.99841076 0.99681067
1500318986 0.0000000 0.99891210 0.99782127
1501139292 0.0000000 0.99971229 0.99941194
1501845585 0.0000000 0.99981672 0.99963218
1502294736 0.0000000 0.99946249 0.99891865
1502416734 0.0000000 0.99978215 0.99955148
1502582915 0.0000000 0.99960810 0.99921048
1504364658 0.0000000 0.99945325 0.99890333
1505096741 0.0000000 0.99616742 0.99233896
1505687994 0.0000000 0.99971366 0.99942607
1505917796 0.0000000 0.99983066 0.99964422
1506232185 0.0000000 0.99877119 0.99751669
1506549399 0.0000000 0.99848300 0.99694353
1507505391 0.0000000 0.99984378 0.99966317
1507747520 0.0000000 0.99921948 0.99837112
1508582157 0.0000000 0.99946243 0.99891609
1509318944 0.0000000 0.99983495 0.99963439
1509677295 0.0000000 0.99982738 0.99963188
1509677339 0.0000000 0.99983019 0.99963576
1509752088 0.0000000 0.99982810 0.99962741
1510398879 0.0000000 0.99982613 0.99959230
1510402973 0.0000000 0.99989009 0.99974000
1510440860 0.0000000 0.99607545 0.99184263
1510947032 0.0000000 0.99960053 0.99916083
1511360409 0.0000000 0.99987084 0.99963504
1511470532 0.0000000 0.99977958 0.99951649
1512230735 0.0000000 0.99524683 0.99025249
1512377977 0.0000000 0.99984926 0.99968863
1512704669 0.0000000 0.99969894 0.99936289
1513120660 0.0000000 0.99900573 0.99794620
1516168751 0.0000000 0.99933439 0.99864459
1516984288 0.0000000 0.99986851 0.99963582
1517686257 0.0000000 0.99956256 0.99895525
1517749972 0.0000000 0.99985439 0.99962896
1517752600 0.0000000 0.99989551 0.99968547
1517752662 0.0000000 0.99989563 0.99968421
1517753127 0.0000000 0.99860793 0.99710375
1517753452 0.0000000 0.99989092 0.99967492
1517753522 0.0000000 0.99989104 0.99967593
1517753592 0.0000000 0.99989170 0.99967736
1517753815 0.0000000 0.99979985 0.99951768
1517758427 0.0000000 0.99913555 0.99815357
1517763262 0.0000000 0.99860513 0.99709111
1517821602 0.0000000 0.99940741 0.99868345
1517823894 0.0000000 0.99852526 0.99694234
1517846321 0.0000000 0.99981725 0.99951530
1517852233 0.0000000 0.99806345 0.99597305
1517893754 0.0000000 0.99986196 0.99962556
1517906208 0.0000000 0.99937665 0.99863428
1517932241 0.0000000 0.99991268 0.99969161
1517932280 0.0000000 0.99991387 0.99969178
1517932282 0.0000000 0.99991429 0.99969178
1517932427 0.0000000 0.99991244 0.99966335
1517932434 0.0000000 0.99991953 0.99969751
1517932492 0.0000000 0.99992865 0.99972731
1517933877 0.0000000 0.99959534 0.99911112
1517940013 0.0000000 0.99992001 0.99973994
1517940459 0.0000000 0.99986255 0.99962187
1517944528 0.0000000 0.99990547 0.99972624
1517945796 0.0000000 0.99974227 0.99939102
1517950582 0.0000000 0.99972504 0.99935067
1517958702 0.0000000 0.99965918 0.99922985
1517960631 0.0000000 0.99977297 0.99939781
1517969882 0.0000000 0.99979156 0.99947768
1517974578 0.0000000 0.99985975 0.99962676
1517998787 0.0000000 0.99829376 0.99648970
1518001985 0.0000000 0.99984175 0.99959338
1518008800 0.0000000 0.99988616 0.99967742
1518008880 0.0000000 0.99989057 0.99968117
1518013159 0.0000000 0.99961013 0.99910879
1518016890 0.0000000 0.99992687 0.99974036
1518016916 0.0000000 0.99992734 0.99974054
1518051257 0.0000000 0.99986911 0.99964625
1518059164 0.0000000 0.99943608 0.99880117
1518142443 0.0000000 0.99900103 0.99797612
1518201789 0.0000000 0.99935961 0.99857944
1518248929 0.0000000 0.99925882 0.99843109
1518858396 0.0000000 0.99969399 0.99935722
1518981709 0.0000000 0.99875730 0.99744529
1519051621 0.0000000 0.99973828 0.99938673
1519254641 0.0000000 0.99968415 0.99934697
1519583320 0.0000000 0.99984890 0.99958289
1519962147 0.0000000 0.99968916 0.99935395
1520098551 0.0000000 0.99974889 0.99932343
1520329330 0.0000000 0.99794650 0.99573690
1521024527 0.0000000 0.99947178 0.99878544
1521537776 0.0000000 0.99986476 0.99964619
1521728871 0.0000000 0.99971753 0.99933410
1522232997 0.0000000 0.99712318 0.99419260
1522282670 0.0000000 0.99987304 0.99964082
1522598524 0.0000000 0.99928844 0.99847865
1523432369 0.0000000 0.99944025 0.99885452
1523886539 0.0000000 0.99978948 0.99951959
1524201906 0.0000000 0.99733609 0.99442714
1524248877 0.0000000 0.98930883 0.97783881
1524308214 0.0000000 0.99941558 0.99876577
1524503432 0.0000000 0.99960726 0.99916756
1524721460 0.0000000 0.99980408 0.99955744
1524721601 0.0000000 0.99978596 0.99952132
1524808553 0.0000000 0.99968165 0.99932867
1525218424 0.0000000 0.99984407 0.99958318
1526098666 0.0000000 0.99896508 0.99788010
1527728598 0.0000000 0.99988663 0.99969536
1527904870 0.0000000 0.99968219 0.99929482
1528731725 0.0000000 0.99824774 0.99645573
1528750347 0.0000000 0.99643320 0.99275219
1528856173 0.0000000 0.99980783 0.99959314
1529096035 0.0000000 0.99760777 0.99510968
1529334375 0.0000000 0.98927969 0.97803086
1529522338 0.0000000 0.99964541 0.99923348
1530516370 0.0000000 0.99981290 0.99952459
1530516385 0.0000000 0.99981362 0.99952435
1530609654 0.0000000 0.99987066 0.99966890
1531312909 0.0000000 0.99968511 0.99931836
1531507119 0.0000000 0.99986589 0.99970567
1532050755 0.0000000 0.99981761 0.99961221
1533217098 0.0000000 0.99979472 0.99955028
1533504622 0.0000000 0.99149829 0.98249114
1533801692 0.0000000 0.99963313 0.99925077
1534500582 0.0000000 0.99982852 0.99962676
1534551317 0.0000000 0.99984801 0.99966896
1536498994 0.0000000 0.99762726 0.99525052
1536641006 0.0000000 0.99878824 0.99755996
1536700815 0.0000000 0.99739212 0.99475873
1538633849 0.0000000 0.99925190 0.99834573
1538766649 0.0000000 0.99920022 0.99837005
1539072778 0.0000000 0.99960107 0.99919778
1539164591 0.0000000 0.99852067 0.99696946
1540269298 0.0000000 0.99986947 0.99968666
1540310644 0.0000000 0.99986738 0.99969184
1541624711 0.0000000 0.99979037 0.99955463
1541712486 0.0000000 0.99758178 0.99511033
1542328459 0.0000000 0.99821621 0.99639404
1542608341 0.0000000 0.99967074 0.99929810
1542638415 0.0000000 0.99717176 0.99419522
1542645094 0.0000000 0.99541068 0.99063790
1543190243 0.0000000 0.99988782 0.99970347
1543191316 0.0000000 0.99671787 0.99334645
1543236658 0.0000000 0.99925238 0.99844241
1543238642 0.0000000 0.99649888 0.99288583
1543314575 0.0000000 0.99876839 0.99749488
1544368541 0.0000000 0.99977398 0.99950093
1544439487 0.0000000 0.99943042 0.99884474
1544621063 0.0000000 0.99974453 0.99946338
1544908865 0.0000000 0.99963534 0.99926072
1545710204 0.0000000 0.99984807 0.99963862
1546538568 0.0000000 0.99989051 0.99970424
1546949806 0.0000000 0.99975353 0.99949312
1548127166 0.0000000 0.99975592 0.99946958
1548825695 0.0000000 0.99986583 0.99967319
1548861293 0.0000000 0.99966341 0.99932665
1549366351 0.0000000 0.98743951 0.97422791
1549558324 0.0000000 0.99986339 0.99966991
1550239687 0.0000000 0.99960536 0.99916142
1551558867 0.0000000 0.99913317 0.99826860
1552012334 0.0000000 0.99989480 0.99975401
1552127531 0.0000000 0.99350494 0.98684263
1552421955 0.0000000 0.99915153 0.99827754
1552451554 0.0000000 0.99979240 0.99953234
1552511242 0.0000000 0.99979013 0.99953085
1552697151 0.0000000 0.99940532 0.99875188
1552968094 0.0000000 0.99736923 0.99464738
1553256348 0.0000000 0.99646360 0.99282002
1553414210 0.0000000 0.99634218 0.99244618
1554087275 0.0000000 0.99668884 0.99326575
1554172029 0.0000000 0.99983728 0.99954122
1554256375 0.0000000 0.99987602 0.99962562
1554343015 0.0000000 0.99989712 0.99969804
1554382610 0.0000000 0.99905515 0.99808991
1554499495 0.0000000 0.99976081 0.99944711
1554706689 0.0000000 0.99981487 0.99957210
1554822801 0.0000000 0.99987191 0.99966890
1554841453 0.0000000 0.99976063 0.99946409
1554850672 0.0000000 0.99951184 0.99891704
1555563667 0.0000000 0.99990791 0.99972063
1556793883 0.0000000 0.99850392 0.99695653
1556970683 0.0000000 0.99952906 0.99905372
1557330527 0.0000000 0.99653852 0.99297208
1557737721 0.0000000 0.99869299 0.99720484
1558197514 0.0000000 0.99907005 0.99813718
1558379328 0.0000000 0.99218935 0.98399830
1558489044 0.0000000 0.99934584 0.99864656
1558591969 0.0000000 0.99956423 0.99910998
1559317998 0.0000000 0.99984431 0.99963385
1559641578 0.0000000 0.99986559 0.99968612
1559762840 0.0000000 0.99900669 0.99798888
1560870606 0.0000000 0.99933910 0.99864560
1561237205 0.0000000 0.99757653 0.99508137
1561242160 0.0000000 0.99831814 0.99663317
1561825206 0.0000000 0.99258423 0.98491007
1561837452 0.0000000 0.99974304 0.99945188
1562610935 0.0000000 0.99972409 0.99941510
1562880116 0.0000000 0.99984407 0.99963242
1563275550 0.0000000 0.99624878 0.99231112
1563531230 0.0000000 0.99978006 0.99953997
1563768365 0.0000000 0.99984556 0.99966663
1563850922 0.0000000 0.98474920 0.96809906
1564123196 0.0000000 0.99726772 0.99447864
1564190683 0.0000000 0.99988961 0.99971586
1564649429 0.0000000 0.99797672 0.99586535
1564753988 0.0000000 0.99982631 0.99960721
1564784683 0.0000000 0.99983841 0.99962330
1565054388 0.0000000 0.99987870 0.99968952
1565055090 0.0000000 0.99968529 0.99932331
1565213283 0.0000000 0.99992830 0.99977452
1565218942 0.0000000 0.96898556 0.93508506
1565905300 0.0000000 0.99968004 0.99932545
1566053525 0.0000000 0.99941164 0.99877542
1566053530 0.0000000 0.99941128 0.99877465
1566074882 0.0000000 0.99843156 0.99678534
1566101114 0.0000000 0.99983764 0.99962246
1566598377 0.0000000 0.99829507 0.99658829
1566648618 0.0000000 0.99775934 0.99542373
1567237819 0.0000000 0.99976397 0.99951607
1567471650 0.0000000 0.99969745 0.99932843
1567604000 0.0000000 0.99778098 0.99556220
1567917359 0.0000000 0.99692345 0.99374938
1568005668 0.0000000 0.99972177 0.99943662
1568095682 0.0000000 0.99927390 0.99851429
1569863578 0.0000000 0.99968654 0.99934322
1570468626 0.0000000 0.99872172 0.99740958
1571312673 0.0000000 0.99987721 0.99973851
1571861758 0.0000000 0.97998279 0.95848703
1572218883 0.0000000 0.99379981 0.98723131
1573491297 0.0000000 0.99964279 0.99927759
1573495893 0.0000000 0.99261481 0.98459429
1574645562 0.0000000 0.99915838 0.99827129
1575564604 0.0000000 0.99837720 0.99668634
1575660753 0.0000000 0.99824327 0.99644846
1576495557 0.0000000 0.99976909 0.99946147
1577769501 0.0000000 0.99951446 0.99900341
1577819410 0.0000000 0.99971431 0.99936342
1578293635 0.0000000 0.99986148 0.99964893
1578510402 0.0000000 0.99881309 0.99758917
1579404154 0.0000000 0.99977821 0.99954778
1579703564 0.0000000 0.99922782 0.99842429
1580749376 0.0000000 0.99977475 0.99950665
1581076659 0.0000000 0.99732161 0.99452776
1581616159 0.0000000 0.99974841 0.99937618
1581629921 0.0000000 0.99978268 0.99954593
1581764406 0.0000000 0.99992758 0.99974930
1581764700 0.0000000 0.99988425 0.99969935
1581794413 0.0000000 0.99984974 0.99957794
1582090065 0.0000000 0.99958599 0.99907541
1582113307 0.0000000 0.99780637 0.99543089
1582546233 0.0000000 0.99876499 0.99742669
1582592414 0.0000000 0.99799484 0.99591732
1582629242 0.0000000 0.99987698 0.99965656
1582695255 0.0000000 0.99926120 0.99844927
1584677477 0.0000000 0.99674743 0.99336737
1585787701 0.0000000 0.99876994 0.99752849
1586304460 0.0000000 0.99889702 0.99775082
1586537097 0.0000000 0.99988079 0.99970639
1586691401 0.0000000 0.99957919 0.99913460
1587481331 0.0000000 0.99236327 0.98441625
1588476280 0.0000000 0.99970978 0.99941790
1589003116 0.0000000 0.99587458 0.99175149
1589548020 0.0000000 0.98639804 0.97208363
1589756010 0.0000000 0.99418926 0.98824191
1589910785 0.0000000 0.99984407 0.99964327
1590311534 0.0000000 0.98141098 0.96016634
1590359490 0.0000000 0.99967629 0.99928743
1590694463 0.0000000 0.99947339 0.99888730
1590843750 0.0000000 0.99895513 0.99784160
1591494563 0.0000000 0.99921846 0.99839026
1591839506 0.0000000 0.99913883 0.99826467
1591921295 0.0000000 0.99880648 0.99759459
1592079539 0.0000000 0.99988842 0.99972409
1592349420 0.0000000 0.99575281 0.99143237
1593214064 0.0000000 0.99982017 0.99956971
1593241888 0.0000000 0.99940288 0.99878353
1593407313 0.0000000 0.99893373 0.99786353
1593435168 0.0000000 0.99951714 0.99901366
1593519432 0.0000000 0.99899465 0.99796909
1594227272 0.0000000 0.99927080 0.99850768
1594265063 0.0000000 0.99939412 0.99875969
1594267923 0.0000000 0.99860048 0.99714005
1594526768 0.0000000 0.99283767 0.98537821
1594546164 0.0000000 0.99925315 0.99848413
1595767949 0.0000000 0.99982828 0.99963266
1597107665 0.0000000 0.99728948 0.99452198
1597123796 0.0000000 0.99962062 0.99924380
1597187246 0.0000000 0.99906129 0.99805993
1597774608 0.0000000 0.99967921 0.99932808
1597797181 0.0000000 0.99970436 0.99938381
1597806811 0.0000000 0.99979091 0.99956024
1598480108 0.0000000 0.99972427 0.99938083
1598847265 0.0000000 0.97630769 0.95103228
1599036279 0.0000000 0.99954540 0.99907148
1600306672 0.0000000 0.99975181 0.99948829
1600646088 0.0000000 0.99970764 0.99940848
1600833602 0.0000000 0.99952072 0.99903256
1601017581 0.0000000 0.99804634 0.99608773
1601326254 0.0000000 0.99975973 0.99951518
1601342057 0.0000000 0.99980968 0.99961722
1601440640 0.0000000 0.99981946 0.99960959
1601863505 0.0000000 0.99980921 0.99954128
1602517184 0.0000000 0.99875534 0.99742705
1602946993 0.0000000 0.99987739 0.99971765
1602947159 0.0000000 0.99973798 0.99944645
1603087586 0.0000000 0.99411929 0.98777109
1603396062 0.0000000 0.99910718 0.99816692
1603674483 0.0000000 0.99274337 0.98516226
1604358861 0.0000000 0.99927711 0.99853390
1604426346 0.0000000 0.99973553 0.99947733
1604601372 0.0000000 0.99976617 0.99952590
1604626818 0.0000000 0.99976760 0.99949980
1605130406 0.0000000 0.99985164 0.99964494
1605130534 0.0000000 0.99986976 0.99969113
1605266102 0.0000000 0.99978918 0.99956369
1605511152 0.0000000 0.99970037 0.99938530
1605551866 0.0000000 0.99960935 0.99921972
1605557664 0.0000000 0.99970055 0.99938548
1605621503 0.0000000 0.99611372 0.99199945
1605662576 0.0000000 0.99620378 0.99230653
1606582085 0.0000000 0.99900723 0.99799049
1606657334 0.0000000 0.99958181 0.99914950
1607578178 0.0000000 0.99967963 0.99932414
1607606398 0.0000000 0.99984086 0.99960244
1607606851 0.0000000 0.99881917 0.99752051
1607624108 0.0000000 0.99975032 0.99944848
1608317519 0.0000000 0.99953592 0.99905151
1609436522 0.0000000 0.99323678 0.98603892
1609594007 0.0000000 0.99956137 0.99907368
1610162996 0.0000000 0.99168956 0.98291141
1610192153 0.0000000 0.99960816 0.99920380
1610249009 0.0000000 0.99961650 0.99919540
1610838659 0.0000000 0.99979913 0.99956304
1611559538 0.0000000 0.99980241 0.99950880
1611565557 0.0000000 0.99947065 0.99892259
1611574763 0.0000000 0.99703091 0.99386632
1611584686 0.0000000 0.99980360 0.99952728
1611818971 0.0000000 0.99966764 0.99929231
