842984365 0.0000000 0.92104542 0.84754080
844156464 0.0000000 0.98445243 0.96892220
844853345 0.0000000 0.97776788 0.95602298
844879870 0.0000000 0.97562695 0.95176369
846839283 0.0000000 0.81246078 0.57671309
847935551 0.0000000 0.95165092 0.90521842
848996543 0.0000000 0.97092223 0.94267380
849080713 0.0000000 0.88417709 0.75234878
850676186 0.0000000 0.86258072 0.67385912
850877408 0.0000000 0.94550329 0.89268231
850908023 0.0000000 0.96616137 0.93338484
851184320 5.00000007E-02 0.73552638 0.25442594
851550736 0.0000000 0.93627071 0.87378865
851807286 0.0000000 0.86085016 0.68313807
852186702 0.0000000 0.94073051 0.88467371
852329204 0.0000000 0.97338372 0.94744921
852460456 0.0000000 0.98625898 0.97253734
852489653 0.0000000 0.95513260 0.91206843
852515472 0.0000000 0.80465442 0.48034751
853272363 5.00000007E-02 0.50057334 -1.3205943
853376840 0.0000000 0.97325760 0.94721526
853407944 0.0000000 0.93451691 0.87252891
853607627 0.0000000 0.96351117 0.92801988
853739580 0.0000000 0.59569210 -0.57347763
854306280 0.0000000 0.76760429 0.41458875
855524541 5.00000007E-02 0.66485238 0.10598540
855593408 0.0000000 0.89044285 0.76331228
855822594 0.0000000 0.88236511 0.75333393
856345761 0.0000000 0.71450824 0.13251448
857058283 5.00000007E-02 0.78171432 0.42929256
857344712 5.00000007E-02 0.59540558 -0.63492012
857979217 0.0000000 0.95511293 0.91128737
858004916 0.0000000 0.81115645 0.52695465
859199163 0.0000000 0.90522438 0.80990928
859246340 0.0000000 0.86265278 0.68008649
860953513 0.0000000 0.95651996 0.91478086
861140002 0.0000000 0.94476682 0.88892144
861746294 5.00000007E-02 0.82383901 0.63292527
862185572 5.00000007E-02 0.75985277 0.39611179
862608623 5.00000007E-02 0.59760511 -0.54410303
863479085 0.0000000 0.47381797 -1.8062363
863693027 5.00000007E-02 0.54316354 -0.97143543
863763297 0.0000000 0.60110980 -0.32682860
867426807 0.0000000 0.97047538 0.94180924
868041450 0.0000000 0.98518890 0.97036672
868379187 0.0000000 0.95432997 0.90601820
868522793 0.0000000 0.98275822 0.96554059
868964733 0.0000000 0.96914095 0.93917775
870283927 0.0000000 0.67332172 -3.72107029E-02
870770473 0.0000000 0.85070008 0.67417967
872088689 5.00000007E-02 0.47239995 -1.9677737
872425059 0.0000000 0.97184289 0.94447184
872437680 0.0000000 0.94517583 0.89298791
872449116 0.0000000 0.97921485 0.95875216
872491072 0.0000000 0.94551021 0.89342314
872492263 0.0000000 0.98490685 0.96979606
873735427 0.0000000 0.78714824 0.45369935
875433266 5.00000007E-02 0.60946196 -0.39095438
875453385 5.00000007E-02 0.27810967 -9.3187037
876594265 0.0000000 0.97969639 0.95980275
877094056 0.0000000 0.92343813 0.84870040
877518611 5.00000007E-02 0.40773726 -4.1874623
877518986 0.0000000 0.93819404 0.87943482
877546907 5.00000007E-02 0.39933941 -3.1771827
877747215 0.0000000 0.79002154 0.44654208
879374205 0.0000000 0.81580383 0.55255902
879481790 0.0000000 0.98394400 0.96806037
879910270 5.00000007E-02 0.83238930 0.63375127
880343225 5.00000007E-02 0.59428859 -0.44281626
882844545 0.0000000 0.89196074 0.76963210
883382199 5.00000007E-02 0.92125851 0.84783381
884800485 0.0000000 0.95303500 0.90802181
884800633 0.0000000 0.95768273 0.91694832
885153411 0.0000000 0.97975028 0.95990157
885163200 0.0000000 0.94205272 0.88397157
885338978 0.0000000 0.97840708 0.95724499
886836052 0.0000000 0.75949615 0.37217486
887739663 5.00000007E-02 0.63700420 -0.11863279
887763450 0.0000000 0.71919203 0.21535200
888302731 0.0000000 0.86656153 0.69971460
888303585 0.0000000 0.68548107 2.99355984E-02
889317344 5.00000007E-02 0.92106467 0.84787929
889596008 5.00000007E-02 0.91182154 0.82779586
889636914 5.00000007E-02 0.90687168 0.82143968
892980386 0.0000000 0.78397506 0.42429221
893747340 5.00000007E-02 0.65053076 -0.11800790
894067552 5.00000007E-02 0.87114108 0.75816381
894087462 0.0000000 0.96546811 0.93149799
894238216 0.0000000 0.97317427 0.94704419
894747219 0.0000000 0.94929862 0.89883393
895144921 5.00000007E-02 0.50312471 -1.4254308
895222228 0.0000000 0.84548503 0.63233960
895422961 0.0000000 0.54722351 -0.88900602
895825584 5.00000007E-02 0.50861204 -2.0175638
896509358 0.0000000 0.89748532 0.78361702
900181394 0.0000000 0.60314274 -0.71526134
900651074 0.0000000 0.99128711 0.98227876
900701079 0.0000000 0.89284867 0.77189076
900781359 0.0000000 0.96173459 0.92370772
900871111 5.00000007E-02 0.82286388 0.60561371
900952524 0.0000000 0.88369954 0.74347687
901305843 0.0000000 0.98139352 0.96306628
901786541 0.0000000 0.86292118 0.71433812
901877006 0.0000000 0.85741985 0.66593182
902801269 0.0000000 0.97990716 0.96019578
902970331 5.00000007E-02 0.26797852 -8.2492104
903265983 0.0000000 0.97805262 0.95648402
904013371 0.0000000 0.72346163 0.13839006
904905650 0.0000000 0.94191110 0.88412923
905363640 5.00000007E-02 0.82110751 0.61890906
905409966 0.0000000 0.93351918 0.87000257
905583188 0.0000000 0.62853223 -0.33310831
905664888 0.0000000 0.97108567 0.94299519
905697214 0.0000000 0.32460317 -5.6565280
905921771 0.0000000 0.78589898 0.44296569
906395377 0.0000000 0.77129149 0.33900613
906915742 0.0000000 0.44232464 -2.5605054
906973039 0.0000000 0.94731510 0.89687639
907937571 0.0000000 0.95225090 0.90675008
908081794 5.00000007E-02 0.56364292 -0.45600784
908297657 0.0000000 0.92621136 0.85737085
908665869 0.0000000 0.75944871 0.23139048
910076797 5.00000007E-02 0.89575773 0.80110985
911341652 0.0000000 0.98270595 0.96557909
911471402 0.0000000 0.89101297 0.76900864
912019233 0.0000000 0.56984514 -0.76490343
912118339 0.0000000 0.72425729 0.20004243
912320478 0.0000000 0.48122743 -1.3461246
913597143 0.0000000 0.86148942 0.66909415
914291346 0.0000000 0.92485613 0.84895569
914495847 0.0000000 0.47677833 -2.0518513
916122256 0.0000000 0.89361119 0.77685153
918942477 0.0000000 0.91717851 0.82912946
919479225 5.00000007E-02 0.89529598 0.80086362
919691338 0.0000000 0.98519605 0.97049838
920174684 0.0000000 0.71590036 -9.23275948E-04
920668347 0.0000000 0.90524656 0.80090368
933800631 -6.0500002 8.27202573E-03 -22869.123
933854825 0.0000000 0.57906497 -0.92469192
934098882 5.00000007E-02 0.84214675 0.68296212
935191073 5.00000007E-02 0.80462885 0.63839889
936973100 0.0000000 0.94841725 0.89940053
937489447 5.00000007E-02 0.93328559 0.86825001
937498321 0.0000000 0.96094668 0.92306030
937849635 5.00000007E-02 0.85910922 0.73070204
937849780 0.0000000 0.99654901 0.99229997
937849895 0.0000000 0.99365592 0.98650110
937850123 0.0000000 0.99157262 0.98282075
937850235 0.0000000 0.99158549 0.98283899
937850335 0.0000000 0.99258888 0.98467195
937850368 0.0000000 0.99400765 0.98735631
937850539 0.0000000 0.99456370 0.98855275
937850621 0.0000000 0.99457163 0.98856962
937850754 0.0000000 0.99505657 0.98946190
937850952 0.0000000 0.99179047 0.98328149
937851087 0.0000000 0.99186587 0.98342031
937851114 0.0000000 0.99186116 0.98340869
937851342 0.0000000 0.99302697 0.98567003
937851377 0.0000000 0.99302310 0.98566365
937851631 0.0000000 0.98243809 0.96515346
937851688 0.0000000 0.97940099 0.95921248
937851725 0.0000000 0.98286521 0.96598709
937851747 0.0000000 0.98448318 0.96915025
937851902 0.0000000 0.98723346 0.97450763
937851944 0.0000000 0.98715115 0.97433698
937851970 0.0000000 0.98711687 0.97426844
937852034 0.0000000 0.98632759 0.97273517
937852082 0.0000000 0.98061633 0.96159261
937852199 0.0000000 0.97469985 0.94993782
937852375 0.0000000 0.97674793 0.95396417
937852466 0.0000000 0.96205080 0.92338681
937852536 0.0000000 0.95193869 0.90326899
937852553 0.0000000 0.94712371 0.89350218
937852632 0.0000000 0.92282981 0.83896530
937852755 0.0000000 0.91219532 0.81883079
937852918 0.0000000 0.88212222 0.73254526
937853175 0.0000000 0.93653876 0.86982900
937853264 0.0000000 0.95494545 0.90961069
937853449 0.0000000 0.95427382 0.90853226
937853490 0.0000000 0.95219046 0.90409803
937853610 0.0000000 0.96033645 0.92139584
937853764 0.0000000 0.97205639 0.94486636
937853824 0.0000000 0.97362596 0.94794023
937853935 0.0000000 0.96797240 0.93681669
937855132 0.0000000 0.92986238 0.85470587
937855190 0.0000000 0.90369582 0.79349500
937855723 0.0000000 0.97526807 0.95112967
937855970 0.0000000 0.94651914 0.89144307
937856091 0.0000000 0.91081411 0.81036174
937856432 0.0000000 0.98594707 0.97200024
937856582 0.0000000 0.97888261 0.95815086
937856696 0.0000000 0.91081864 0.81640816
937857472 0.0000000 0.98700404 0.97399098
937857635 0.0000000 0.98857963 0.97708142
937857736 0.0000000 0.98858327 0.97707671
937858091 0.0000000 0.92860758 0.85188973
937858229 0.0000000 0.91251552 0.81479704
937858299 0.0000000 0.90415162 0.79398161
937858683 0.0000000 0.95874977 0.91741258
937858919 0.0000000 0.97255200 0.94549233
937859055 0.0000000 0.88165116 0.73977649
937859058 0.0000000 0.87604314 0.72569382
937859360 0.0000000 0.86699533 0.71175230
937860003 0.0000000 0.98006850 0.96053463
937860228 0.0000000 0.98505616 0.97027475
937861680 0.0000000 0.89674479 0.78094274
937861835 0.0000000 0.85215127 0.66237354
937862125 0.0000000 0.97230011 0.94492871
937862129 0.0000000 0.97236234 0.94506431
937862604 0.0000000 0.98280400 0.96581948
937862618 0.0000000 0.98276603 0.96573621
937862674 0.0000000 0.98287386 0.96598136
937862876 0.0000000 0.94626755 0.89335358
937862971 0.0000000 0.88639694 0.75879204
937863682 0.0000000 0.98153371 0.96333432
937863889 0.0000000 0.99263960 0.98499924
937863998 0.0000000 0.99265158 0.98502225
937864487 0.0000000 0.99309897 0.98571098
937864632 0.0000000 0.97135913 0.94349504
937865735 0.0000000 0.95547605 0.91098785
937865950 0.0000000 0.97917289 0.95877486
937866166 0.0000000 0.98108697 0.96251404
937866835 0.0000000 0.94056880 0.87724406
937867652 0.0000000 0.90125948 0.78945738
937867681 0.0000000 0.91104507 0.81145930
937867902 0.0000000 0.85173321 0.64990473
937868205 0.0000000 0.95739526 0.91364884
937868332 0.0000000 0.96958220 0.93980515
937868436 0.0000000 0.96811444 0.93693191
937868503 0.0000000 0.96891671 0.93844855
937869493 0.0000000 0.98570299 0.97147101
937871167 0.0000000 0.94916713 0.89602077
937871201 0.0000000 0.95147491 0.90090024
937873187 0.0000000 0.87282932 0.72029668
937874740 0.0000000 0.97763497 0.95549083
937876659 0.0000000 0.96014154 0.91962129
937876714 0.0000000 0.96112889 0.92169970
937876716 0.0000000 0.96109474 0.92176384
937877828 0.0000000 0.97939312 0.95917386
937880685 0.0000000 0.82395476 0.57329166
937881277 0.0000000 0.95923966 0.91727549
937881940 0.0000000 0.94672352 0.89182073
937882703 0.0000000 0.90313464 0.78602117
937882889 0.0000000 0.91230863 0.81180078
937884360 0.0000000 0.93509036 0.86192179
937884709 0.0000000 0.97667551 0.95388108
937889984 5.00000007E-02 0.75106090 0.33247983
937891573 0.0000000 0.96160936 0.92294437
937893215 0.0000000 0.79596978 0.45950603
937894754 0.0000000 0.75568652 0.22616452
937895787 0.0000000 0.78939718 0.49720991
937897562 0.0000000 0.98238230 0.96507347
937899652 0.0000000 0.85542881 0.66605115
937899965 0.0000000 0.96139342 0.92223161
937900997 0.0000000 0.96006352 0.91985077
937905017 0.0000000 0.79138154 0.47147065
937906571 0.0000000 0.92381215 0.84016979
937906576 0.0000000 0.92359966 0.83959866
937906909 5.00000007E-02 0.63250852 -0.33673072
937912062 0.0000000 0.97269952 0.94603688
937913974 0.0000000 0.85023677 0.66462171
937924161 0.0000000 0.93231034 0.85740370
937924333 0.0000000 0.92203462 0.83430821
937924804 0.0000000 0.94076067 0.88158995
937927690 0.0000000 0.97753036 0.95553470
937930575 0.0000000 0.85333258 0.64540088
937935515 0.0000000 0.99035090 0.98047566
937937917 0.0000000 0.98533911 0.97078162
937952221 0.0000000 0.98266274 0.96561986
937959280 0.0000000 0.99166554 0.98304403
937959944 0.0000000 0.93633032 0.86698961
937960318 0.0000000 0.82477951 0.55359113
937961383 0.0000000 0.99191076 0.98351359
937961470 0.0000000 0.99467820 0.98893309
937963728 0.0000000 0.77058876 0.35260576
937966769 0.0000000 0.96373504 0.92701995
937969738 0.0000000 0.96705395 0.93335557
937972066 5.00000007E-02 0.78136265 0.38709408
937980603 0.0000000 0.84630114 0.61668962
937998845 0.0000000 0.77145797 0.40247244
938002595 0.0000000 0.98453146 0.96921432
938002640 0.0000000 0.98457736 0.96929646
938003747 0.0000000 0.89470726 0.77438909
938005885 0.0000000 0.78714466 0.41584963
938007171 0.0000000 0.74344528 0.24082518
938032475 0.0000000 0.81597710 0.53216708
938047564 0.0000000 0.96406764 0.92807382
938047578 0.0000000 0.96420676 0.92832226
938065369 0.0000000 0.96497405 0.93088758
938090674 0.0000000 0.97452700 0.94969195
938102991 0.0000000 0.86114085 0.69280499
938112638 0.0000000 0.93685168 0.87120563
938122741 0.0000000 0.97812384 0.95668852
938131047 0.0000000 0.35518286 -5.4407253
938134070 0.0000000 0.80821306 0.52602541
938144305 0.0000000 0.94172394 0.88090569
938154802 0.0000000 0.83320671 0.57962418
938182940 0.0000000 0.91207784 0.81342459
938233153 0.0000000 0.96537113 0.93134975
938239989 5.00000007E-02 0.86913723 0.68912923
938249011 0.0000000 0.98793960 0.97582489
938280361 0.0000000 0.81666452 0.57760966
938292712 0.0000000 0.97362220 0.94793457
938296447 0.0000000 0.97137463 0.94342571
938301077 0.0000000 0.72964907 0.23793805
938303569 0.0000000 0.99457139 0.98867947
938324751 5.00000007E-02 0.83797443 0.62314618
938335124 0.0000000 0.92328489 0.84371918
938405002 0.0000000 0.97980648 0.95995152
938405506 0.0000000 0.98029315 0.96081990
938415640 0.0000000 0.98321128 0.96669030
938417299 0.0000000 0.98500633 0.97000051
938433307 0.0000000 0.98774904 0.97541910
938455800 0.0000000 0.95871556 0.91816944
938474998 0.0000000 0.94128555 0.88002568
938497922 0.0000000 0.96923673 0.93887001
938498029 0.0000000 0.96818280 0.93668348
938533419 0.0000000 0.98664004 0.97335112
938538992 0.0000000 0.75388211 0.32576305
938559689 0.0000000 0.84239745 0.65422505
938653443 0.0000000 0.96175957 0.92437613
938661090 0.0000000 0.71075559 3.71376872E-02
938684670 0.0000000 0.63478404 -0.41450322
938684985 0.0000000 0.97460651 0.94985604
938685159 0.0000000 0.97846925 0.95739353
938718118 0.0000000 0.78054124 0.42746788
938752742 0.0000000 0.69707555 -0.12690639
938782450 0.0000000 0.98874575 0.97749352
938800412 0.0000000 0.94081914 0.87782568
938840074 0.0000000 0.87527633 0.73067677
938875726 0.0000000 0.87072653 0.69921696
938884454 0.0000000 0.94563514 0.89184666
938902620 0.0000000 0.97097093 0.94278020
938928221 5.00000007E-02 0.89560711 0.80025685
938929942 0.0000000 0.71554333 0.16616285
938985195 0.0000000 0.84297049 0.62316704
938985199 0.0000000 0.84281647 0.62317240
938994192 0.0000000 0.96920705 0.93886691
939039975 0.0000000 0.96680075 0.93452168
939086024 0.0000000 0.96000183 0.91999304
939125897 0.0000000 0.97748840 0.95547950
939128833 0.0000000 0.87904102 0.72577250
939181528 0.0000000 0.94578880 0.89061689
939182868 0.0000000 0.82712317 0.54901898
939182938 0.0000000 0.83015317 0.55135512
939314050 5.00000007E-02 0.89249158 0.77338743
939350917 0.0000000 0.92698103 0.85073519
939430120 0.0000000 0.86327207 0.67923319
939441491 0.0000000 0.95032430 0.89705271
939669011 0.0000000 0.91047341 0.80848593
939738651 0.0000000 0.58315712 -0.66032958
939778786 0.0000000 0.98464340 0.96950459
940013295 0.0000000 0.91941243 0.83228081
940077118 0.0000000 0.95635092 0.91274810
940223787 0.0000000 0.87488806 0.72066200
940260686 0.0000000 0.98296118 0.96614414
940262445 0.0000000 0.97901392 0.95846409
940262518 0.0000000 0.97999126 0.96036619
940269334 0.0000000 0.97816122 0.95675361
940402039 5.00000007E-02 0.78740358 0.61704946
940468923 0.0000000 0.82600325 0.56823182
940476855 0.0000000 0.94672096 0.89256936
940539108 0.0000000 0.97598773 0.95250672
940558736 0.0000000 0.98969173 0.97925305
940559247 0.0000000 0.94355553 0.88509387
940560205 0.0000000 0.94607967 0.88949203
940561817 0.0000000 0.99081010 0.98145163
940581254 0.0000000 0.97735715 0.95515776
940615024 0.0000000 0.94982386 0.90023911
940698483 0.0000000 0.97779816 0.95608377
940709625 5.00000007E-02 0.65282387 -0.18323588
940713046 0.0000000 0.98191077 0.96414483
940716409 0.0000000 0.95425314 0.90813577
940732771 0.0000000 0.79784524 0.48837310
941169407 0.0000000 0.57825059 -1.0195127
941240702 0.0000000 0.71785229 0.15548474
941266965 0.0000000 0.93263668 0.85806692
941268765 0.0000000 0.88676858 0.75503278
941272069 0.0000000 0.98785883 0.97567016
941272235 0.0000000 0.91523802 0.81909925
941288463 0.0000000 0.95617932 0.91175342
941443051 0.0000000 0.91227800 0.81527185
941478782 0.0000000 0.98477465 0.96965033
941664850 0.0000000 0.97303176 0.94647634
941738364 0.0000000 0.94148427 0.88258684
941862074 0.0000000 0.97585970 0.95217860
942100720 0.0000000 0.93722230 0.87804019
942368989 0.0000000 0.97060019 0.94186997
942522421 0.0000000 0.83381826 0.62152636
942522833 0.0000000 0.91570091 0.82747424
942650721 0.0000000 0.98665190 0.97340888
942663367 0.0000000 0.89383042 0.77512902
942689449 0.0000000 0.92652535 0.84760308
942824109 0.0000000 0.97798389 0.95642906
942824158 0.0000000 0.97873616 0.95790344
943068575 0.0000000 0.87496150 0.71823728
943611150 0.0000000 0.91982663 0.82969773
943821740 0.0000000 0.96951061 0.93974733
943824350 0.0000000 0.97888261 0.95820349
943825521 0.0000000 0.42182538 -2.8913784
944504073 5.00000007E-02 0.53207248 -1.1315029
944668884 0.0000000 0.54941994 -1.0733202
946059252 0.0000000 0.96476215 0.92958641
946556672 0.0000000 0.95802569 0.91764331
946866008 0.0000000 0.96838313 0.93772930
947114226 0.0000000 0.90568161 0.79825735
947114473 0.0000000 0.65563881 -0.11501276
947647037 0.0000000 0.91572648 0.82672244
947656074 0.0000000 0.79549879 0.46659613
948054125 0.0000000 0.85431701 0.64996326
948390129 0.0000000 0.97987401 0.96013725
948631348 0.0000000 0.89958334 0.78545249
949249486 0.0000000 0.53242785 -1.2319388
949263715 0.0000000 0.93583357 0.86838520
949566570 0.0000000 0.59356982 -0.88317716
949603687 0.0000000 0.96732461 0.93538821
949879457 0.0000000 0.85548431 0.66095841
950224447 5.00000007E-02 0.44189158 -2.5369787
950650398 0.0000000 0.98727787 0.97458154
951234151 5.00000007E-02 0.90730119 0.82123828
951353069 0.0000000 0.78636199 0.43587458
951459176 0.0000000 0.96937585 0.93960941
951553401 0.0000000 0.95183802 0.90570539
952578524 0.0000000 0.96978933 0.94033939
953167073 0.0000000 0.94506443 0.89204895
953212255 0.0000000 0.97097236 0.94267446
953455846 0.0000000 0.67384595 -8.23978186E-02
953488627 0.0000000 0.95650470 0.91345346
953907196 0.0000000 0.57855672 -0.86848223
954673370 0.0000000 0.75993180 0.26206338
955161703 0.0000000 0.96504551 0.93125373
955676198 0.0000000 0.85006630 0.66589433
956035742 5.00000007E-02 0.64780283 -0.20070326
956153058 0.0000000 0.96314496 0.92657143
956694214 0.0000000 0.96153939 0.92277610
956994415 5.00000007E-02 0.71780032 0.15399379
957620512 0.0000000 0.93990809 0.87898248
957716288 0.0000000 0.94672537 0.89566618
957743265 0.0000000 0.76544631 0.36762047
958533946 0.0000000 0.99096125 0.98163986
958534040 0.0000000 0.99197119 0.98370016
958587166 0.0000000 0.93850815 0.87934339
958663136 0.0000000 0.98110741 0.96250129
960256179 0.0000000 0.65148360 -0.17175651
960661409 0.0000000 0.99016744 0.98007900
960661589 0.0000000 0.99384922 0.98723757
960661674 0.0000000 0.97997594 0.95997167
960662889 0.0000000 0.87020910 0.71801585
960754280 0.0000000 0.89229816 0.76728916
961116366 0.0000000 0.61571723 -0.46208131
961368290 0.0000000 0.90187049 0.79736066
961399971 0.0000000 0.90287691 0.77848607
961451784 0.0000000 0.97244114 0.94562387
961469614 0.0000000 0.17411883 -16.368444
962192101 0.0000000 0.82595897 0.59209818
962853138 0.0000000 0.92982966 0.85943532
962873883 0.0000000 0.93380767 0.86606592
962965068 0.0000000 0.85131955 0.64954710
963001962 0.0000000 0.57519424 -0.70805430
963210193 0.0000000 0.51214659 -1.5330436
963217977 0.0000000 0.80846506 0.55739367
963509765 0.0000000 0.86878580 0.68921930
963525670 0.0000000 0.92479116 0.84626180
963533252 0.0000000 0.98879778 0.97750515
963559100 0.0000000 0.84449422 0.62362921
963567650 0.0000000 0.92364919 0.83645439
963568050 5.00000007E-02 0.86138904 0.73937809
963585926 0.0000000 0.42303327 -3.7607651
963615874 0.0000000 0.95709270 0.91312176
963717707 0.0000000 0.98503900 0.97020990
963816639 0.0000000 0.94919193 0.89609873
963981993 0.0000000 0.93862659 0.87471932
964476636 0.0000000 0.95873982 0.91748565
964816087 0.0000000 0.99345052 0.98639351
965205271 0.0000000 0.96835059 0.93748277
965442747 0.0000000 0.85611749 0.67358601
965555500 0.0000000 0.91166383 0.80947316
965617867 0.0000000 0.91231120 0.81463116
966082949 0.0000000 0.90905905 0.80947149
966754777 0.0000000 0.97392726 0.94842392
966768493 0.0000000 0.98267007 0.96556163
966768672 0.0000000 0.97675425 0.95403016
966798273 0.0000000 0.95907444 0.91769242
966876143 0.0000000 0.96641982 0.93369520
966991756 0.0000000 0.96313345 0.92748749
967018437 0.0000000 0.78986806 0.47774833
967800278 0.0000000 0.96402854 0.92818463
968576086 0.0000000 0.99073809 0.98122728
968669370 0.0000000 0.77547652 0.41196942
968735354 0.0000000 0.54225528 -1.2004404
968815712 5.00000007E-02 0.84642857 0.71396458
968976446 0.0000000 0.86674201 0.69858116
969144830 0.0000000 0.94494945 0.89031011
969145452 0.0000000 0.96238101 0.92578852
969456259 0.0000000 0.54270619 -1.3810873
969516246 0.0000000 0.95906514 0.91971207
970270882 0.0000000 0.95285398 0.90646696
970691362 0.0000000 0.68862724 7.26966262E-02
972371517 0.0000000 0.89706248 0.77645993
972935645 0.0000000 0.78091758 0.38988161
974678829 0.0000000 0.78535724 0.40768433
974978532 0.0000000 0.66604102 -0.19298935
975495633 0.0000000 0.97419679 0.94901329
975505300 0.0000000 0.80081260 0.49800134
976442918 0.0000000 0.95724827 0.91378677
976476644 0.0000000 0.97187626 0.94451535
976653172 0.0000000 0.97582012 0.95214748
977484180 0.0000000 0.89975029 0.78104645
977800861 0.0000000 0.95521528 0.91242826
977801150 0.0000000 0.84340400 0.67581421
977994086 0.0000000 0.95824164 0.91779184
978113008 0.0000000 0.96251625 0.92575037
978169408 0.0000000 0.94915378 0.90015364
978205372 0.0000000 0.90384197 0.79451090
978476098 0.0000000 0.64370555 -0.18523991
979067787 0.0000000 0.85356450 0.65176892
979069110 5.00000007E-02 0.72047210 0.19406915
979202219 0.0000000 0.93726641 0.87115407
979204150 0.0000000 0.79543859 0.48080224
979609386 0.0000000 0.94588012 0.88914990
980206038 0.0000000 0.92194766 0.83847517
980698596 5.00000007E-02 0.57284862 -0.35505283
981386039 0.0000000 0.94140786 0.88492888
981653649 0.0000000 0.87163389 0.70774549
982365189 0.0000000 0.97330314 0.94727367
982527910 0.0000000 0.97590595 0.95236814
982955906 0.0000000 0.87915170 0.75435996
983077277 0.0000000 0.84813738 0.64802545
983464670 0.0000000 0.99044591 0.98078102
986938306 5.00000007E-02 0.64871448 -0.47744453
988100797 5.00000007E-02 0.35850784 -4.8154826
988336953 0.0000000 0.98067755 0.96171808
989765823 0.0000000 0.89448655 0.78406596
990117114 0.0000000 0.27000308 -15.867609
990630314 0.0000000 0.84612072 0.63506424
991455252 5.00000007E-02 0.36087567 -7.0069361
991634551 0.0000000 0.93556398 0.86796796
991995645 5.00000007E-02 0.69662106 0.36989272
992208377 0.0000000 0.94835794 0.89659393
992209870 0.0000000 0.97646487 0.95344579
992438274 0.0000000 0.98197228 0.96419489
992486125 0.0000000 0.99207604 0.98379910
992592933 5.00000007E-02 0.89837056 0.80265176
992927775 0.0000000 0.98224092 0.96466774
992929419 0.0000000 0.98746032 0.97488266
993581187 0.0000000 0.95002145 0.90185452
993854508 0.0000000 0.83292896 0.60991752
993874057 0.0000000 0.94131386 0.88293707
994007634 0.0000000 0.95851183 0.91772634
994692047 0.0000000 0.92691398 0.84965807
995024004 0.0000000 0.68147564 -9.47374105E-02
995162867 0.0000000 0.94825840 0.89867926
995890516 5.00000007E-02 0.84186864 0.65056759
996113981 5.00000007E-02 0.57579666 -0.85096169
997156421 5.00000007E-02 0.95869726 0.91755623
998326679 0.0000000 0.95784879 0.91447818
999257596 0.0000000 0.96142185 0.92049444
1000062111 0.0000000 0.90673542 0.79542518
1000197538 0.0000000 0.98581672 0.97114849
1000766684 0.0000000 0.99007088 0.97990751
1001410293 0.0000000 0.95356053 0.90569067
1001954970 0.0000000 0.92890137 0.84597278
1004092959 0.0000000 0.97485739 0.94900799
1004454253 0.0000000 0.94204986 0.88105923
1004863535 0.0000000 0.98705739 0.97370815
1005352632 0.0000000 0.98569900 0.97092235
1006580783 5.00000007E-02 0.94280732 0.88530844
1007019252 0.0000000 0.97992480 0.95942599
1007572713 5.00000007E-02 0.79578596 0.62900311
1007712455 0.0000000 0.98571408 0.97097182
1007972664 0.0000000 0.98647004 0.97264779
1008464695 0.0000000 0.95412141 0.91020525
1008648180 0.0000000 0.98911488 0.97763079
1008649429 0.0000000 0.95681375 0.91527563
1008650819 0.0000000 0.97628385 0.95306796
1008651467 0.0000000 0.96174508 0.92491424
1008652414 0.0000000 0.98096490 0.96198744
1008671685 0.0000000 0.96457326 0.93038565
1008686668 0.0000000 0.96409047 0.92937493
1008715277 0.0000000 0.97360390 0.94789141
1008786983 0.0000000 0.97057837 0.94201249
1008836107 0.0000000 0.96350133 0.92831266
1008890954 0.0000000 0.95712543 0.91561496
1009057225 0.0000000 0.97302854 0.94669825
1009168145 0.0000000 0.95934492 0.92016947
1009442091 0.0000000 0.97931468 0.95880961
1009500099 0.0000000 0.98149496 0.96315867
1010371507 0.0000000 0.97326356 0.94719189
1010509239 0.0000000 0.98539585 0.97067314
1011026056 0.0000000 0.96814060 0.93728483
1011031830 0.0000000 0.98287779 0.96583581
1011063499 0.0000000 0.87746370 0.74016976
1011682027 0.0000000 0.94601905 0.89494777
1012271064 0.0000000 0.95048428 0.90336150
1012580587 0.0000000 0.92100388 0.84339738
1013484445 0.0000000 0.97854573 0.95738125
1013485377 0.0000000 0.94571459 0.89410847
1013486436 0.0000000 0.94005847 0.88307703
1014927282 0.0000000 0.96410638 0.92941177
1014972465 0.0000000 0.98081803 0.96156341
1015232666 0.0000000 0.96373761 0.92877173
1016105151 0.0000000 0.98194653 0.96394068
1016468323 0.0000000 0.98760164 0.97490788
1017159906 0.0000000 0.92586815 0.85093820
1017557569 0.0000000 0.99097544 0.98146832
1017557822 0.0000000 0.99720919 0.99339497
1017594576 0.0000000 0.95432097 0.90989655
1017816456 0.0000000 0.97667485 0.95362735
1017857170 0.0000000 0.98532718 0.97044086
1017925489 0.0000000 0.96763390 0.93584543
1018065946 0.0000000 0.94341898 0.88769794
1018137582 0.0000000 0.74199563 0.30446112
1018221645 0.0000000 0.96738833 0.93566120
1018414606 0.0000000 0.92115343 0.84463179
1019673665 5.00000007E-02 0.87508470 0.76517725
1020000226 0.0000000 0.98622352 0.97234559
1021004232 0.0000000 0.96020067 0.92198312
1021024958 0.0000000 0.90862656 0.82532084
1021028934 0.0000000 0.97427028 0.94916600
1021434365 0.0000000 0.99079508 0.98105603
1021434812 0.0000000 0.96845758 0.93724942
1021435155 0.0000000 0.95975280 0.92066604
1021437004 0.0000000 0.95305449 0.90662384
1021437761 0.0000000 0.97191632 0.94462115
1021888184 0.0000000 0.96729839 0.93547809
1022604314 0.0000000 0.98717368 0.97392040
1022741620 0.0000000 0.95907825 0.91982675
1022779647 0.0000000 0.93438166 0.87304282
1024000827 0.0000000 0.98687756 0.97332567
1024039343 0.0000000 0.94923216 0.90090692
1024059173 0.0000000 0.93178356 0.86772966
1026036068 0.0000000 0.92538416 0.85034841
1026372982 0.0000000 0.98201001 0.96407109
1026373076 0.0000000 0.98948258 0.97838032
1026374005 0.0000000 0.94945854 0.90131658
1026378668 0.0000000 0.94065213 0.88317698
1026562025 0.0000000 0.96924269 0.93941545
1026925041 0.0000000 0.97893643 0.95798892
1026933281 0.0000000 0.97279096 0.94619882
1026967951 5.00000007E-02 0.90445268 0.81718338
1028885460 0.0000000 0.96263838 0.92655587
1028970195 0.0000000 0.98333794 0.96673805
1029367736 0.0000000 0.96948838 0.93962318
1030006163 0.0000000 0.91126394 0.81927556
1030375930 0.0000000 0.97061020 0.94204295
1030554334 0.0000000 0.95135969 0.90506494
1030628193 0.0000000 0.98009872 0.96049035
1030651553 0.0000000 0.96990502 0.94070655
1030859781 0.0000000 0.97909123 0.95833993
1030864055 0.0000000 0.98407072 0.96786427
1032052013 0.0000000 0.96899515 0.93892980
1032134610 0.0000000 0.98700005 0.97356981
1032294371 0.0000000 0.92629302 0.85513496
1032315669 0.0000000 0.97419304 0.94888622
1032907402 0.0000000 0.98847681 0.97653341
1033103267 0.0000000 0.97857583 0.95751965
1033374913 0.0000000 0.98378593 0.96724522
1033690544 0.0000000 0.85865885 0.67945957
1033947513 0.0000000 0.97172618 0.94424766
1034070514 0.0000000 0.96616936 0.93315214
1034480608 0.0000000 0.92543095 0.85616612
1034923400 0.0000000 0.96528137 0.93167853
1034928298 0.0000000 0.97058541 0.94188976
1035149152 0.0000000 0.97234350 0.94540274
1035153178 0.0000000 0.96329880 0.92782521
1035197382 0.0000000 0.93576336 0.87564069
1035991040 0.0000000 0.86983120 0.72492474
1036098952 0.0000000 0.96416193 0.92945266
1036886824 0.0000000 0.96861964 0.93821466
1038324582 0.0000000 0.96545327 0.93209183
1038746116 0.0000000 0.96168482 0.92474008
1039232712 0.0000000 0.97242022 0.94557065
1039743025 0.0000000 0.92220300 0.84978980
1040450954 0.0000000 0.98564428 0.97103685
1040520314 0.0000000 0.92963433 0.86380547
1040644457 0.0000000 0.94577825 0.89444393
1040799690 0.0000000 0.94481951 0.89263582
1041632855 0.0000000 0.95290220 0.90751165
1042809813 0.0000000 0.97075939 0.94234228
1043607562 0.0000000 0.97230554 0.94525731
1044768063 0.0000000 0.97436881 0.94919741
1044817061 0.0000000 0.96163470 0.92471129
1045633623 0.0000000 0.89841717 0.80339479
1046065971 5.00000007E-02 0.84872210 0.71925962
1046575544 0.0000000 0.92125773 0.84827614
1048808323 0.0000000 0.92084140 0.84714645
1049310522 0.0000000 0.95077080 0.90386707
1049353173 0.0000000 0.97209823 0.94491166
1051845960 0.0000000 0.95975578 0.92111105
1051900153 0.0000000 0.87060744 0.70637500
1052394722 5.00000007E-02 0.88394237 0.78051484
1052961462 0.0000000 0.98869246 0.97690094
1053904321 0.0000000 0.91805863 0.84234822
1054395492 0.0000000 0.94062823 0.88467842
1054853585 0.0000000 0.96159619 0.92463630
1055123570 0.0000000 0.98117685 0.96247345
1055135284 0.0000000 0.98642772 0.97252792
1055234432 0.0000000 0.97561878 0.95172459
1055390332 5.00000007E-02 0.91749555 0.84113228
1055425274 0.0000000 0.97107869 0.94299120
1055472531 0.0000000 0.94669425 0.89487946
1055510426 0.0000000 0.94548517 0.89365423
1055788418 0.0000000 0.95242441 0.90710765
1055803080 0.0000000 0.95046061 0.90335619
1056357316 5.00000007E-02 0.93321359 0.87074447
1057028486 0.0000000 0.83179140 0.69006664
1057319282 0.0000000 0.93206382 0.86860204
1058108790 0.0000000 0.91806954 0.83594161
1058496080 5.00000007E-02 0.91086036 0.82756841
1059102630 0.0000000 0.93622071 0.87545007
1059590191 0.0000000 0.96472830 0.93068403
1059850488 0.0000000 0.68460441 0.19401371
1059910523 0.0000000 0.95559639 0.91315317
1059994404 0.0000000 0.94635499 0.89546877
1060172588 0.0000000 0.98430836 0.96846664
1060619413 0.0000000 0.97525615 0.95096743
1061586322 5.00000007E-02 0.87628448 0.76522815
1062262342 0.0000000 0.78633004 0.56246245
1062859632 0.0000000 0.97013605 0.94106764
1063234506 0.0000000 0.94797224 0.89864564
1063264037 0.0000000 0.87464249 0.75211644
1064365712 0.0000000 0.93933898 0.88219774
1064533379 5.00000007E-02 0.85491949 0.70300674
1065785029 0.0000000 0.95582151 0.91355193
1065790269 5.00000007E-02 0.93062544 0.86582142
1065847269 5.00000007E-02 0.83911151 0.69958496
1067505195 0.0000000 0.87302810 0.76182616
1068127124 0.0000000 0.97632891 0.95299512
1068356150 0.0000000 0.94008791 0.88339114
1068595355 0.0000000 0.98313254 0.96617293
1068804765 0.0000000 0.93929923 0.88209498
1068825242 0.0000000 0.96905887 0.93904173
1069412363 0.0000000 0.96270382 0.92679000
1070682432 0.0000000 0.91667014 0.83945930
1070692497 0.0000000 0.92936969 0.86363924
1070921046 0.0000000 0.96799994 0.93701434
1071031093 0.0000000 0.98086196 0.96189034
1071031176 0.0000000 0.99277174 0.98470706
1071031375 0.0000000 0.98358029 0.96684098
1071031628 0.0000000 0.96633303 0.93375969
1071031695 0.0000000 0.96909320 0.93909192
1071031744 0.0000000 0.97112411 0.94302273
1071031844 0.0000000 0.96633691 0.93379533
1071031926 0.0000000 0.96781558 0.93665808
1071033611 0.0000000 0.98096877 0.96213025
1071033625 0.0000000 0.98096818 0.96212894
1071035006 0.0000000 0.93590081 0.87556422
1071038489 0.0000000 0.94877970 0.90012139
1071042579 0.0000000 0.95912671 0.91991287
1071043831 0.0000000 0.97613502 0.95273751
1071046005 0.0000000 0.96995360 0.94077039
1071046239 0.0000000 0.91787010 0.84208632
1071074159 0.0000000 0.95995420 0.92149353
1071095531 0.0000000 0.94888043 0.90036762
1071100910 0.0000000 0.95915067 0.91996932
1071109335 0.0000000 0.95740175 0.91660893
1071169499 0.0000000 0.95112658 0.90459055
1071182968 0.0000000 0.97266030 0.94591504
1071183209 0.0000000 0.98008275 0.96033210
1071183435 0.0000000 0.98070914 0.96154648
1071443800 0.0000000 0.97782588 0.95607609
1071583019 0.0000000 0.96859032 0.93813872
1071584001 0.0000000 0.95293647 0.90807879
1071678445 0.0000000 0.96171880 0.92490232
1071725608 0.0000000 0.97974575 0.95975751
1072705310 0.0000000 0.96382308 0.92892939
1093908136 0.0000000 0.75016099 0.38741517
1105405102 0.0000000 0.95197576 0.90625423
1105536640 0.0000000 0.97471344 0.94996274
1105765351 0.0000000 0.96452272 0.93029451
1106056455 0.0000000 0.81981540 0.65754771
1106207236 0.0000000 0.98422283 0.96826446
1106226863 0.0000000 0.90770948 0.82365429
1106317701 0.0000000 0.98549026 0.97071671
1106377004 0.0000000 0.93644631 0.87673914
1106829094 0.0000000 0.88887519 0.78961331
1107166208 5.00000007E-02 0.93738055 0.87859201
1107223187 0.0000000 0.98318613 0.96651399
1107233798 0.0000000 0.92330879 0.85090172
1107286746 0.0000000 0.90322787 0.81067240
1107601144 0.0000000 0.97407931 0.94874692
1107601252 0.0000000 0.97324002 0.94712818
1108162580 0.0000000 0.90672582 0.82161409
1108757898 0.0000000 0.98456341 0.96890116
1108761568 0.0000000 0.93084610 0.86643255
1110049611 0.0000000 0.99154192 0.98244953
1110049680 0.0000000 0.99127936 0.98195255
1110050185 0.0000000 0.98642004 0.97255546
1110050874 0.0000000 0.97381502 0.94819462
1110568232 0.0000000 0.93898225 0.88160986
1111274786 0.0000000 0.95695716 0.91575849
1113182839 0.0000000 0.94225526 0.88716143
1113208093 0.0000000 0.94510722 0.89317280
1113260515 0.0000000 0.97177160 0.94427985
1113331351 0.0000000 0.93699443 0.87763822
1114345058 5.00000007E-02 0.91888613 0.84327126
1114872497 0.0000000 0.98812813 0.97589153
1114872533 0.0000000 0.98813152 0.97589731
1114872543 0.0000000 0.98827732 0.97620285
1114981677 0.0000000 0.94291121 0.88832009
1115167250 0.0000000 0.96761137 0.93626225
1115753263 0.0000000 0.95321172 0.90860432
1115910658 0.0000000 0.95031220 0.90289897
1115942660 0.0000000 0.96667713 0.93445855
1117405041 0.0000000 0.93965310 0.88289768
1117642805 0.0000000 0.97638357 0.95308733
1118162704 0.0000000 0.98880863 0.97716427
1118367166 0.0000000 0.98807579 0.97575414
1118396676 0.0000000 0.98175824 0.96362966
1118501300 0.0000000 0.95388353 0.90980637
1118677980 0.0000000 0.94273305 0.88834465
1118868304 0.0000000 0.81280684 0.63019180
1119087065 0.0000000 0.98340654 0.96678460
1119729025 0.0000000 0.94269907 0.88732028
1119876655 5.00000007E-02 0.95281190 0.90781564
1122618639 0.0000000 0.97596133 0.95247585
1122777951 0.0000000 0.97241020 0.94555271
1125373372 5.00000007E-02 0.86790085 0.75229979
1125685516 0.0000000 0.94141120 0.88506722
1125969360 0.0000000 0.99077904 0.98102641
1127055473 0.0000000 0.95699960 0.91546220
1127456637 0.0000000 0.95454693 0.91113752
1127471662 0.0000000 0.95289004 0.90800399
1127494190 0.0000000 0.95596689 0.91385692
1127760620 0.0000000 0.96839088 0.93771005
1128153007 0.0000000 0.92572802 0.85140866
1128174696 0.0000000 0.96137929 0.92424852
1128475640 5.00000007E-02 0.86714882 0.75126719
1128528995 0.0000000 0.91044933 0.81401908
1128891916 5.00000007E-02 0.94585532 0.89463317
1128923244 0.0000000 0.95708543 0.91598940
1129069430 5.00000007E-02 0.92205042 0.84995151
1129155495 0.0000000 0.96868902 0.93826711
1129246313 0.0000000 0.97353303 0.94757342
1129324370 0.0000000 0.93269652 0.86936605
1129391464 0.0000000 0.98491943 0.96969461
1129907016 0.0000000 0.98130566 0.96264470
1130249327 0.0000000 0.90910161 0.82105178
1131428965 0.0000000 0.96056628 0.92267567
1131431840 5.00000007E-02 0.88992274 0.77483261
1132062095 0.0000000 0.98465276 0.96925002
1132132485 0.0000000 0.84180510 0.70757496
1132148341 0.0000000 0.95354307 0.90921831
1132166999 0.0000000 0.95094931 0.90420651
1132661855 0.0000000 0.94310164 0.88935554
1132975230 0.0000000 0.96545208 0.93205923
1133111580 0.0000000 0.96260923 0.92661631
1133304109 0.0000000 0.97258902 0.94585490
1133601723 0.0000000 0.92980170 0.86044300
1133908462 0.0000000 0.93106008 0.86618763
1134710133 0.0000000 0.97460210 0.94974774
1135808248 0.0000000 0.95645070 0.91478539
1135976852 5.00000007E-02 0.91903478 0.84399861
1136739698 0.0000000 0.95457149 0.91119987
1137913657 0.0000000 0.97761399 0.95561421
1137989937 0.0000000 0.95068580 0.90375751
1137990003 0.0000000 0.95200294 0.90625262
1138288259 0.0000000 0.95800740 0.91745645
1139284609 5.00000007E-02 0.82135004 0.67360198
1139326915 0.0000000 0.95675486 0.91444111
1140725945 0.0000000 0.96199864 0.92543149
1140746150 0.0000000 0.98520398 0.97031945
1141877248 0.0000000 0.97703058 0.95449251
1142029462 0.0000000 0.96084714 0.92314029
1142229311 0.0000000 0.96279836 0.92667103
1142709582 0.0000000 0.97556835 0.95169634
1143536168 0.0000000 0.96947777 0.93976510
1143616861 0.0000000 0.93449599 0.86737597
1143885739 0.0000000 0.98740745 0.97457474
1143885924 0.0000000 0.99218923 0.98350912
1143888020 0.0000000 0.98364961 0.96697843
1144129163 0.0000000 0.97623730 0.95279717
1144133312 0.0000000 0.97531378 0.95110166
1144179006 0.0000000 0.97631615 0.95315969
1144806135 5.00000007E-02 0.91645825 0.83934671
1145140855 0.0000000 0.97149611 0.94375873
1145323561 0.0000000 0.96148396 0.92443305
1146215126 0.0000000 0.98481297 0.96940392
1146944291 5.00000007E-02 0.84182692 0.70641661
1146966782 0.0000000 0.96861738 0.93820947
1147258751 0.0000000 0.94420791 0.89139211
1149411961 0.0000000 0.95382255 0.90972936
1149467938 0.0000000 0.96044213 0.92244780
1149638545 0.0000000 0.97124094 0.94328332
1149771133 0.0000000 0.92865324 0.86149359
1150128882 0.0000000 0.89059836 0.79269123
1151387381 0.0000000 0.87212813 0.73303086
1154072410 0.0000000 0.98868668 0.97680175
1154182305 0.0000000 0.96752566 0.93596017
1155212722 0.0000000 0.91272312 0.83229691
1155340266 0.0000000 0.94858032 0.89969563
1155354114 0.0000000 0.90689635 0.82218593
1155443514 0.0000000 0.96060699 0.92275530
1156044082 5.00000007E-02 0.87145215 0.75892186
1156698676 0.0000000 0.98525614 0.97043103
1158266854 0.0000000 0.90743172 0.81277907
1159598968 0.0000000 0.93917388 0.87959439
1159684577 0.0000000 0.96920341 0.93927532
1160388105 5.00000007E-02 0.95291960 0.90803313
1160392104 0.0000000 0.97328424 0.94716740
1160549032 0.0000000 0.97134501 0.94337279
1160664389 0.0000000 0.98790503 0.97544402
1163299258 5.00000007E-02 0.92820078 0.86098570
1163456967 0.0000000 0.97830689 0.95691472
1163641819 0.0000000 0.97087377 0.94247037
1164570370 5.00000007E-02 0.93237799 0.86819923
1165358160 0.0000000 0.94913828 0.90085566
1165368969 0.0000000 0.92759585 0.85944533
1166094636 0.0000000 0.98720551 0.97427338
1166561075 0.0000000 0.97243899 0.94563234
1166894907 0.0000000 0.98433536 0.96864492
1167121204 0.0000000 0.94929475 0.90099454
1167135981 5.00000007E-02 0.53205174 -1.3879795
1167136317 5.00000007E-02 0.54088867 -0.56164718
1167136455 5.00000007E-02 0.54093957 -0.56144202
1167136825 0.0000000 0.94400465 0.89095080
1167144800 0.0000000 0.96577996 0.93272483
1167147704 5.00000007E-02 0.94178665 0.88694322
1167154513 0.0000000 0.96963590 0.94018537
1167186639 0.0000000 0.96001774 0.92162549
1167298740 5.00000007E-02 0.91036075 0.82851231
1167318376 0.0000000 0.78649133 0.61693573
1167324678 0.0000000 0.94728065 0.89733940
1167592780 5.00000007E-02 0.81087375 0.65705460
1167604646 0.0000000 0.97094625 0.94261837
1168792515 0.0000000 0.97946805 0.95925540
1168917035 0.0000000 0.98123133 0.96252733
1169006425 0.0000000 0.94945896 0.90147483
1169712716 0.0000000 0.97173601 0.94423687
1169722755 0.0000000 0.98081541 0.96167332
1170262059 5.00000007E-02 0.92615521 0.85730624
1170524118 0.0000000 0.94613934 0.89503336
1171366614 0.0000000 0.95655853 0.91475260
1171423577 0.0000000 0.96870595 0.93837678
1171423831 0.0000000 0.97504014 0.95067525
1171832699 0.0000000 0.96825373 0.93748468
1172178017 0.0000000 0.95891899 0.91881555
1173308237 0.0000000 0.98683596 0.97327924
1173368256 0.0000000 0.95451111 0.91074967
1174197233 5.00000007E-02 0.92191201 0.84952962
1175309106 5.00000007E-02 0.87796539 0.75672126
1175583473 0.0000000 0.95150203 0.90513051
1176242685 0.0000000 0.96009040 0.92148799
1177115546 0.0000000 0.97463846 0.94969326
1177175308 0.0000000 0.95082211 0.90395868
1178992210 0.0000000 0.92996907 0.86072218
1180238725 5.00000007E-02 0.92161238 0.84891534
1180618796 5.00000007E-02 0.94081533 0.88505960
1181939353 5.00000007E-02 0.90403277 0.81625211
1182196765 0.0000000 0.87749434 0.74817848
1182265663 0.0000000 0.94870275 0.89976943
1182396227 5.00000007E-02 0.92025620 0.84634483
1182398897 0.0000000 0.95608240 0.91407585
1184629372 0.0000000 0.95490134 0.91180789
1185198002 0.0000000 0.97139508 0.94347364
1185799546 0.0000000 0.96444476 0.93009061
1185861072 0.0000000 0.90340847 0.80876374
1186620947 0.0000000 0.98532051 0.97039646
1186786330 5.00000007E-02 0.94254822 0.88825506
1188350129 0.0000000 0.96897930 0.93891764
1188356416 0.0000000 0.98042011 0.96091008
1188908193 0.0000000 0.95006442 0.90250468
1188950111 5.00000007E-02 0.81543076 0.66461945
1189101086 0.0000000 0.98125374 0.96244490
1189101321 0.0000000 0.98527622 0.97039676
1189194674 0.0000000 0.92067146 0.84504437
1190442424 0.0000000 0.95446390 0.90991807
1191742755 5.00000007E-02 0.94989550 0.90238744
1192071901 0.0000000 0.96752751 0.93609744
1192632000 0.0000000 0.96310204 0.92756319
1203790455 0.0000000 0.94039905 0.88409561
1204138448 0.0000000 0.98255199 0.96527112
1204304285 0.0000000 0.98035789 0.96083200
1204490434 0.0000000 0.96198404 0.92480630
1204651907 0.0000000 0.98242217 0.96507347
1204651936 0.0000000 0.98254496 0.96531594
1204670552 0.0000000 0.97573715 0.95198315
1220742036 0.0000000 0.99247009 0.98450786
1220946193 0.0000000 0.99961573 0.99920893
1221047734 0.0000000 0.99509788 0.99008685
1222614737 0.0000000 0.99584818 0.99137539
1225404477 0.0000000 0.99898338 0.99796379
1225442295 0.0000000 0.99953687 0.99906498
1228187814 0.0000000 0.99978745 0.99956656
1228684717 0.0000000 0.99969912 0.99931860
1229260451 0.0000000 0.99760151 0.99514008
1229658996 0.0000000 0.99645436 0.99280208
1229990683 0.0000000 0.99981672 0.99960202
1230216280 0.0000000 0.99894422 0.99782574
1230600687 0.0000000 0.99863786 0.99724770
1230860391 0.0000000 0.99968356 0.99931633
1231020274 0.0000000 0.99969143 0.99933475
1231041233 0.0000000 0.99898785 0.99796003
1232714291 0.0000000 0.99975842 0.99949372
1232804891 0.0000000 0.99760157 0.99508941
1233928332 0.0000000 0.99871981 0.99731815
1234166319 0.0000000 0.97632939 0.94933796
1234201315 0.0000000 0.99960279 0.99919558
1234214675 0.0000000 0.99977213 0.99952894
1236731039 0.0000000 0.99872959 0.99734181
1236854628 0.0000000 0.99731147 0.99456799
1237014105 0.0000000 0.99591106 0.99173850
1237159221 0.0000000 0.99702972 0.99401140
1237164701 0.0000000 0.99773049 0.99541163
1237551366 0.0000000 0.99739259 0.99456012
1237619839 0.0000000 0.98497730 0.96848392
1239235949 0.0000000 0.99919850 0.99838138
1239971868 0.0000000 0.99952656 0.99899518
1240678955 0.0000000 0.99207890 0.98394382
1242397863 0.0000000 0.99867433 0.99730992
1242709695 0.0000000 0.98932296 0.97821379
1243376855 0.0000000 0.99967581 0.99935114
1244248765 0.0000000 0.98676205 0.97300315
1245087845 0.0000000 0.99268878 0.98497742
1245407408 0.0000000 0.99863005 0.99723494
1245469469 0.0000000 0.99964875 0.99928105
1245877793 0.0000000 0.99936563 0.99870557
1245881452 0.0000000 0.99916631 0.99828631
1246167876 0.0000000 0.99812937 0.99615008
1246181696 0.0000000 0.99966258 0.99925929
1246182765 0.0000000 0.99901003 0.99797481
1246208530 0.0000000 0.99761432 0.99508899
1246208539 0.0000000 0.99764514 0.99514848
1246598451 0.0000000 0.99954164 0.99902284
1246598488 0.0000000 0.99954361 0.99902314
1246614635 0.0000000 0.99951667 0.99895644
1246985947 0.0000000 0.99944705 0.99888688
1247508302 0.0000000 0.99981648 0.99961948
1247516932 0.0000000 0.99967563 0.99933338
1247654255 0.0000000 0.99911660 0.99820232
1247741293 0.0000000 0.99969298 0.99937612
1247769767 0.0000000 0.99963796 0.99925536
1248159491 0.0000000 0.99831933 0.99661249
1248570012 0.0000000 0.99974716 0.99947798
1248588659 0.0000000 0.99985951 0.99969155
1248872986 0.0000000 0.99783283 0.99554813
1248886386 0.0000000 0.99969655 0.99937487
1249212887 0.0000000 0.99958944 0.99916065
1250601456 0.0000000 0.99980664 0.99957085
1250639275 0.0000000 0.99948978 0.99896616
1250703707 0.0000000 0.99519682 0.99030823
1250777890 0.0000000 0.99956536 0.99907863
1250888264 0.0000000 0.99977797 0.99954593
1250911490 0.0000000 0.97659373 0.95151603
1252249816 0.0000000 0.99968022 0.99936503
1252757125 0.0000000 0.99946117 0.99891406
1254591366 0.0000000 0.99972409 0.99942535
1254664936 0.0000000 0.99727821 0.99440145
1255243328 0.0000000 0.99940526 0.99880290
1256244384 0.0000000 0.99888664 0.99777275
1256252705 0.0000000 0.99951178 0.99899822
1256431794 0.0000000 0.99083656 0.98110187
1257420861 0.0000000 0.99984747 0.99966490
1257678569 0.0000000 0.99846292 0.99690205
1258065617 0.0000000 0.99683809 0.99363470
1258296469 0.0000000 0.99899560 0.99795949
1258824471 0.0000000 0.99865538 0.99728292
1258926370 0.0000000 0.99661183 0.99302465
1260564405 0.0000000 0.99969697 0.99935853
1260692005 0.0000000 0.99842328 0.99670351
1261227736 0.0000000 0.99981213 0.99959314
1261227864 0.0000000 0.99984682 0.99967855
1261228557 0.0000000 0.99723279 0.99435788
1261232031 0.0000000 0.99866104 0.99711001
1261235533 0.0000000 0.99768460 0.99528372
1261275144 0.0000000 0.99824095 0.99641550
1261713375 0.0000000 0.99942988 0.99878937
1261922241 0.0000000 0.99389774 0.98742628
1262034644 0.0000000 0.99440861 0.98860228
1262237921 0.0000000 0.99766898 0.99523884
1262343689 0.0000000 0.99502033 0.98963624
1262367286 0.0000000 0.99905044 0.99803638
1262622742 0.0000000 0.96119136 0.91606683
1262633257 0.0000000 0.99967277 0.99926674
1263881366 0.0000000 0.99961621 0.99907273
1265523000 0.0000000 0.99972576 0.99941254
1265599504 0.0000000 0.99776399 0.99545485
1265691729 0.0000000 0.99960685 0.99914294
1265942558 0.0000000 0.99979448 0.99952453
1266289887 0.0000000 0.99814814 0.99621201
1266816064 0.0000000 0.99962378 0.99911207
1267146477 0.0000000 0.99966913 0.99926889
1267162697 0.0000000 0.99903101 0.99798542
1267661932 0.0000000 0.99983215 0.99960983
1267662287 0.0000000 0.99967217 0.99925119
1267686434 0.0000000 0.99966758 0.99927294
1267690576 0.0000000 0.99975705 0.99943972
1268040382 0.0000000 0.99958259 0.99905622
1268902896 0.0000000 0.99746555 0.99482781
1268931240 0.0000000 0.99514639 0.98999542
1269644874 0.0000000 0.99924612 0.99837399
1290784424 0.0000000 0.99931997 0.99857908
1290799240 0.0000000 0.99922317 0.99839687
1291601652 0.0000000 0.99966800 0.99929643
1291689974 0.0000000 0.99938798 0.99875188
1291927327 0.0000000 0.99889266 0.99770075
1292000461 0.0000000 0.99899244 0.99796349
1294804388 0.0000000 0.99687964 0.99340302
1296507195 0.0000000 0.99928927 0.99839056
1296548191 0.0000000 0.99975526 0.99942601
1297058102 0.0000000 0.99779910 0.99544823
1297342916 0.0000000 0.97994131 0.95746994
1297754297 0.0000000 0.99974161 0.99942768
1298970247 0.0000000 0.98589998 0.97097075
1299845150 0.0000000 0.99363554 0.98663145
1300123317 0.0000000 0.99941462 0.99880093
1300281136 0.0000000 0.99970013 0.99928075
1300608051 0.0000000 0.99980474 0.99955159
1301123952 0.0000000 0.99151266 0.98256457
1301458951 0.0000000 0.99924165 0.99838471
1301964194 0.0000000 0.99456751 0.98870945
1302916270 0.0000000 0.99970269 0.99935609
1302961193 0.0000000 0.99822271 0.99630105
1303685617 0.0000000 0.99963492 0.99922454
1304080155 0.0000000 0.99447340 0.98870832
1304082768 0.0000000 0.99933326 0.99862969
1304152538 0.0000000 0.99970871 0.99928564
1304437954 0.0000000 0.99941474 0.99875069
1304717510 0.0000000 0.99944752 0.99880230
1304757333 0.0000000 0.99113232 0.98175478
1306028051 0.0000000 0.99975234 0.99940521
1306098435 0.0000000 0.99950409 0.99894601
1306261925 0.0000000 0.99807775 0.99605447
1307034472 0.0000000 0.99949855 0.99874151
1307669122 0.0000000 0.99954528 0.99903572
1308478735 0.0000000 0.99661034 0.99287015
1309048281 0.0000000 0.99719805 0.99429953
1309094354 0.0000000 0.99961412 0.99916786
1309326569 0.0000000 0.99884379 0.99759144
1309474048 0.0000000 0.99262381 0.98498380
1309601047 0.0000000 0.99978894 0.99950057
1309696244 0.0000000 0.99258780 0.98478621
1309953539 0.0000000 0.99905467 0.99807703
1310469430 0.0000000 0.99971730 0.99942267
1310541580 0.0000000 0.99948609 0.99892884
1310928323 0.0000000 0.99800932 0.99590719
1311000534 0.0000000 0.99970812 0.99941200
1311084070 0.0000000 0.99916518 0.99827242
1311142337 0.0000000 0.99946880 0.99886256
1311692424 0.0000000 0.99907619 0.99814010
1314264913 0.0000000 0.99968213 0.99933499
1314789752 0.0000000 0.99846840 0.99692112
1315538819 0.0000000 0.99968731 0.99936283
1315635988 0.0000000 0.99888337 0.99774611
1315804512 0.0000000 0.99910146 0.99816036
1316643513 0.0000000 0.99959862 0.99916756
1316653258 0.0000000 0.99874693 0.99749047
1317835272 0.0000000 0.99467963 0.98918378
1318175665 0.0000000 0.99967933 0.99932694
1318478724 0.0000000 0.99610388 0.99212438
1319945023 0.0000000 0.99974155 0.99946827
1320074224 0.0000000 0.99635530 0.99254185
1320721143 0.0000000 0.99970347 0.99934042
1321061921 0.0000000 0.99917841 0.99828196
1322787324 0.0000000 0.99953198 0.99903286
1322993584 0.0000000 0.99708158 0.99397182
1323861170 0.0000000 0.99620032 0.99221909
1323909341 0.0000000 0.99770397 0.99524039
1324582798 0.0000000 0.99941367 0.99875945
1325660397 0.0000000 0.99761659 0.99514914
1326181267 0.0000000 0.99508560 0.98968017
1326728445 0.0000000 0.99956125 0.99905521
1327107001 0.0000000 0.99916339 0.99827808
1327480583 0.0000000 0.99443179 0.98855132
1327824459 0.0000000 0.99791878 0.99569017
1328324062 0.0000000 0.99958831 0.99902612
1328459111 0.0000000 0.99942136 0.99875498
1330223700 0.0000000 0.99974960 0.99940735
1330883534 0.0000000 0.99783903 0.99549127
1332071890 0.0000000 0.98566210 0.97049177
1332086295 0.0000000 0.99868423 0.99733883
1332373478 0.0000000 0.99937963 0.99869478
1333258441 0.0000000 0.99953926 0.99900055
1333828758 0.0000000 0.99868405 0.99734795
1333921411 0.0000000 0.99969953 0.99929696
1334227165 0.0000000 0.99948382 0.99881554
1334800688 0.0000000 0.99973506 0.99936360
1335409258 0.0000000 0.99805611 0.99605483
1335538115 0.0000000 0.99893665 0.99783367
1338362741 0.0000000 0.99971050 0.99939793
1338842309 0.0000000 0.99922383 0.99835920
1338890190 0.0000000 0.99947077 0.99890554
1338944914 0.0000000 0.99982429 0.99957532
1338944979 0.0000000 0.99967325 0.99926293
1338945045 0.0000000 0.99969715 0.99933821
1339216879 0.0000000 0.99970293 0.99938560
1339275618 0.0000000 0.99966669 0.99925280
1339278860 0.0000000 0.99858534 0.99714088
1339309409 0.0000000 0.99861467 0.99709970
1339575740 0.0000000 0.99915236 0.99824190
1339598466 0.0000000 0.99780619 0.99543238
1339646879 0.0000000 0.99847198 0.99687910
1339690513 0.0000000 0.99976909 0.99953336
1339702255 0.0000000 0.99960482 0.99915081
1339923712 0.0000000 0.99973786 0.99945706
1341299876 0.0000000 0.99937707 0.99872100
1341924177 0.0000000 0.92206138 0.82130039
1342405200 0.0000000 0.99914932 0.99825823
1344277570 0.0000000 0.99900925 0.99796307
1344910008 0.0000000 0.99945414 0.99889320
1344941743 0.0000000 0.99960721 0.99917972
1345138860 0.0000000 0.99617910 0.99227160
1345234802 0.0000000 0.99963015 0.99925333
1346380382 0.0000000 0.99781573 0.99563080
1346415099 0.0000000 0.99908191 0.99810416
1346415834 0.0000000 0.99715728 0.99419045
1346788818 0.0000000 0.99978083 0.99956059
1346816730 0.0000000 0.99854994 0.99707741
1348523853 0.0000000 0.99952847 0.99902493
1350722979 0.0000000 0.99854338 0.99705762
1350800865 0.0000000 0.99917173 0.99817467
1351161077 0.0000000 0.99968237 0.99927968
1352122829 0.0000000 0.99873680 0.99746966
1352554787 0.0000000 0.99920839 0.99839139
1353431341 0.0000000 0.99978226 0.99954683
1353536726 0.0000000 0.99955243 0.99905646
1354158772 0.0000000 0.99923986 0.99846888
1354470336 0.0000000 0.99974948 0.99947339
1354477411 0.0000000 0.99960023 0.99918413
1354976814 0.0000000 0.99942899 0.99875081
1355221924 0.0000000 0.99895620 0.99784452
1356243184 0.0000000 0.99817002 0.99624723
1356319072 0.0000000 0.99957079 0.99909449
1356487597 0.0000000 0.99947214 0.99889344
1356883405 0.0000000 0.99975723 0.99944717
1357128106 0.0000000 0.99897814 0.99786907
1357236484 0.0000000 0.99858618 0.99706084
1357270197 0.0000000 0.99921751 0.99838632
1357331931 0.0000000 0.99752110 0.99489737
1357541346 0.0000000 0.99977320 0.99946851
1357994057 0.0000000 0.99854279 0.99701792
1358411441 0.0000000 0.99910313 0.99815303
1358708986 0.0000000 0.99918783 0.99835110
1359776392 0.0000000 0.99962991 0.99918616
1361064727 0.0000000 0.99890637 0.99772668
1361239965 0.0000000 0.99942333 0.99880099
1361256759 0.0000000 0.99965775 0.99926996
1361373628 0.0000000 0.99841523 0.99677408
1361471757 0.0000000 0.99957955 0.99907887
1361665659 0.0000000 0.99337953 0.98635799
1362386544 0.0000000 0.99919260 0.99831647
1362609444 0.0000000 0.99215472 0.98392355
1362627405 0.0000000 0.99988240 0.99971831
1362643640 0.0000000 0.99884188 0.99757129
1363079024 0.0000000 0.99879426 0.99754184
1363764120 0.0000000 0.99369597 0.98687387
1364349799 0.0000000 0.99983656 0.99957544
1364349845 0.0000000 0.99983430 0.99956822
1364355002 0.0000000 0.99883777 0.99756205
1364690983 0.0000000 0.99953079 0.99905396
1365625224 0.0000000 0.99969780 0.99937898
1366061297 0.0000000 0.99816650 0.99627155
1366432589 0.0000000 0.99143773 0.98238248
1366513671 0.0000000 0.99758631 0.99494261
1369110346 0.0000000 0.99931669 0.99852937
1369124755 0.0000000 0.99979538 0.99954575
1369791239 0.0000000 0.99921644 0.99836999
1369883683 0.0000000 0.99833977 0.99664593
1370118743 0.0000000 0.99928212 0.99853063
1370151783 0.0000000 0.99982083 0.99961352
1370623082 0.0000000 0.99967343 0.99931884
1372241957 0.0000000 0.99567300 0.99091738
1372463510 0.0000000 0.99976104 0.99945736
1373829868 0.0000000 0.99957889 0.99904507
1373895699 0.0000000 0.99961084 0.99920666
1373969495 0.0000000 0.99979895 0.99954778
1374677225 0.0000000 0.99938089 0.99870288
1374679935 0.0000000 0.99957836 0.99910593
1376837821 0.0000000 0.99791402 0.99568802
1377205321 0.0000000 0.99657351 0.99309176
1377355603 0.0000000 0.99905658 0.99808073
1377407246 0.0000000 0.95940256 0.91479969
1378247005 0.0000000 0.99729443 0.99454927
1378467231 0.0000000 0.99958426 0.99912542
1379475197 0.0000000 0.99342275 0.98625755
1380542719 0.0000000 0.99950528 0.99892086
1381466759 0.0000000 0.99037689 0.97971892
1381684855 0.0000000 0.99942607 0.99883962
1382170436 0.0000000 0.99913108 0.99825460
1382919848 0.0000000 0.99242431 0.98455822
1383069011 0.0000000 0.99339825 0.98632938
1383085061 0.0000000 0.99431026 0.98835593
1383220929 0.0000000 0.99981683 0.99958420
1383227120 0.0000000 0.99867141 0.99724531
1383227831 0.0000000 0.99896640 0.99782419
1383234448 0.0000000 0.99971944 0.99939346
1383263545 0.0000000 0.99899977 0.99796110
1383450194 0.0000000 0.99915475 0.99826711
1383519374 0.0000000 0.99916452 0.99824935
1383809110 0.0000000 0.99774379 0.99536961
1383809501 0.0000000 0.99719089 0.99417520
1383989687 0.0000000 0.99708802 0.99405837
1384145710 0.0000000 0.99951625 0.99895310
1384544358 0.0000000 0.99953717 0.99904120
1385019362 0.0000000 0.99067998 0.98086321
1386347977 0.0000000 0.99739867 0.99479681
1386357780 0.0000000 0.99946785 0.99891043
1387916955 0.0000000 0.99941856 0.99879217
1389034180 0.0000000 0.99883699 0.99756986
1389204911 0.0000000 0.99970835 0.99932182
1389717867 0.0000000 0.99961466 0.99910367
1389724692 0.0000000 0.99983233 0.99958980
1389729005 0.0000000 0.99982631 0.99954861
1389740803 0.0000000 0.99966276 0.99926895
1389904819 0.0000000 0.99558270 0.99095464
1390517490 0.0000000 0.99802792 0.99596167
1390619771 0.0000000 0.99921721 0.99830210
1391790286 0.0000000 0.99348408 0.98654920
1393014317 0.0000000 0.99963748 0.99920166
1393065064 0.0000000 0.99855512 0.99699652
1393759985 0.0000000 0.99697202 0.99373311
1393791078 0.0000000 0.99985480 0.99962097
1394913876 0.0000000 0.99964499 0.99922407
1395061976 0.0000000 0.99978364 0.99946862
1395231566 0.0000000 0.99976826 0.99938381
1397097485 0.0000000 0.99962819 0.99919111
1397746253 0.0000000 0.99847174 0.99680251
1398443585 0.0000000 0.99894136 0.99778748
1399207416 0.0000000 0.99949235 0.99881208
1399278483 0.0000000 0.99793363 0.99568641
1399745740 0.0000000 0.99917120 0.99824733
1399746271 0.0000000 0.99962574 0.99919403
1400631673 0.0000000 0.99986917 0.99961233
1401021673 0.0000000 0.99976760 0.99947351
1401296286 0.0000000 0.99951750 0.99892616
1402085900 0.0000000 0.96000189 0.91574770
1402313583 0.0000000 0.99915797 0.99826002
1402624068 0.0000000 0.98397815 0.96684819
1402784563 0.0000000 0.99889994 0.99771655
1403034553 0.0000000 0.99388826 0.98729569
1403317269 0.0000000 0.99807811 0.99606216
1403439974 0.0000000 0.99864393 0.99720412
1404774365 0.0000000 0.99970853 0.99935746
1404925818 0.0000000 0.99894392 0.99779069
1405577514 0.0000000 0.99943990 0.99870622
1407296767 0.0000000 0.99896866 0.99786288
1407544588 0.0000000 0.99779952 0.99552894
1408047770 0.0000000 0.99899673 0.99797010
1410046387 0.0000000 0.99850965 0.99693882
1410325949 0.0000000 0.99562907 0.99110544
1410382444 0.0000000 0.99538249 0.99057859
1411247643 0.0000000 0.99946409 0.99889618
1411641303 0.0000000 0.99973315 0.99944293
1412009058 0.0000000 0.99926722 0.99853051
1412705290 0.0000000 0.99931270 0.99859601
1413207959 0.0000000 0.99746305 0.99491656
1414298821 0.0000000 0.99633706 0.99241626
1416419181 0.0000000 0.99972862 0.99941105
1416419227 0.0000000 0.99972802 0.99941170
1416540553 0.0000000 0.99962163 0.99921787
1417557685 0.0000000 0.99940521 0.99880195
1417655668 0.0000000 0.99344027 0.98665953
1418245419 0.0000000 0.99979985 0.99958396
1418533563 0.0000000 0.99870956 0.99737680
1419682925 0.0000000 0.99124783 0.98184919
1419947441 0.0000000 0.98984951 0.97888166
1419995164 0.0000000 0.99858963 0.99699575
1420012476 0.0000000 0.99950004 0.99887574
1420437226 0.0000000 0.99698383 0.99381858
1420606112 0.0000000 0.99970186 0.99934715
1420742654 0.0000000 0.99913216 0.99819064
1421435535 0.0000000 0.99827546 0.99644578
1421639313 0.0000000 0.99927860 0.99847084
1422083726 0.0000000 0.99931782 0.99853283
1422374758 0.0000000 0.99966294 0.99925643
1422958210 0.0000000 0.99392241 0.98754710
1423037687 0.0000000 0.99244183 0.98450840
1423603888 0.0000000 0.99139726 0.98229396
1423726535 0.0000000 0.99718839 0.99416983
1423857991 0.0000000 0.99975324 0.99945503
1424969403 0.0000000 0.99671996 0.99310040
1426114954 0.0000000 0.98564714 0.96959740
1426344314 0.0000000 0.99135745 0.98197007
1426852891 0.0000000 0.99839741 0.99661827
1427105631 0.0000000 0.99973637 0.99938798
1427483378 0.0000000 0.99921739 0.99834865
1428208678 0.0000000 0.98713827 0.97343916
1428320250 0.0000000 0.99931884 0.99848169
1428945237 0.0000000 0.99938077 0.99845314
1429127316 0.0000000 0.99946469 0.99872726
1429494176 0.0000000 0.99978447 0.99943531
1429494550 0.0000000 0.99971545 0.99923712
1429528847 0.0000000 0.99965084 0.99901122
1429530313 0.0000000 0.99977684 0.99941176
1429531199 0.0000000 0.99977505 0.99933809
1429992097 0.0000000 0.99975675 0.99928987
1430658547 0.0000000 0.99917006 0.99810183
1431333501 0.0000000 0.99965107 0.99910265
1431628549 0.0000000 0.99679685 0.99191475
1432588969 0.0000000 0.99970865 0.99816906
1432601816 0.0000000 0.99948835 0.99798554
1432799863 0.0000000 0.99956602 0.99811465
1434467768 0.0000000 0.99870616 0.99587631
1434867330 0.0000000 0.99943894 0.99739772
1435335400 0.0000000 0.99928802 0.99679142
1438066750 0.0000000 0.99875283 0.99579066
1438936857 0.0000000 0.98611110 0.96873248
1439209234 0.0000000 0.99472392 0.98741162
1439418087 0.0000000 0.99893582 0.99648100
1439474882 0.0000000 0.99981970 0.99841887
1439699200 0.0000000 0.99864024 0.99601233
1441113885 0.0000000 0.99985737 0.99828440
1441128847 0.0000000 0.99960351 0.99801594
1441160293 0.0000000 0.99395764 0.98608702
1441898607 0.0000000 0.92749202 0.82633185
1442339782 0.0000000 0.99814302 0.99445105
1442345855 0.0000000 0.99977738 0.99827290
1442345878 0.0000000 0.99977726 0.99827468
1442408939 0.0000000 0.99970609 0.99801874
1442410226 0.0000000 0.94983345 0.88824284
1442413798 0.0000000 0.57167107 -1.4025300
1443074281 0.0000000 0.99955142 0.99752051
1443555465 0.0000000 0.99670953 0.99188119
1444648487 0.0000000 0.99963701 0.99802011
1444736944 0.0000000 0.99961138 0.99795794
1444953165 0.0000000 0.99734533 0.99294925
1444953267 0.0000000 0.99619097 0.99049854
1445014914 0.0000000 0.99652857 0.99092782
1445221055 0.0000000 0.99977970 0.99842024
1445233331 0.0000000 0.99879587 0.99594188
1445239215 0.0000000 0.99819618 0.99475235
1446412182 0.0000000 0.99969989 0.99812311
1446412281 0.0000000 0.99972951 0.99803251
1446509184 0.0000000 0.99917454 0.99691367
1446509190 0.0000000 0.99918205 0.99693125
1446714386 0.0000000 0.99835569 0.99504453
1447167192 0.0000000 0.99431163 0.98631144
1447255999 0.0000000 0.99942869 0.99757242
1447277516 0.0000000 0.98859984 0.97352111
1448316095 0.0000000 0.99432039 0.98622465
1448671943 0.0000000 0.99586183 0.98966891
1449033717 0.0000000 0.99852175 0.99552500
1449035580 0.0000000 0.99660158 0.99101853
1449153073 0.0000000 0.99967021 0.99802703
1449935242 0.0000000 0.99901271 0.99649179
1450510821 0.0000000 0.99760985 0.99389547
1450536811 0.0000000 0.99922168 0.99752688
1450992022 0.0000000 0.99840099 0.99522960
1451199638 0.0000000 0.99140632 0.97965407
1451327726 0.0000000 0.99835730 0.99507815
1451523194 0.0000000 0.99884188 0.99663359
1451829690 0.0000000 0.99600577 0.99002373
1451928000 0.0000000 0.99892181 0.99675387
1452487977 0.0000000 0.99960983 0.99769223
1453169606 0.0000000 0.99972695 0.99811488
1453824336 0.0000000 0.99978286 0.99809361
1454422761 0.0000000 0.99981779 0.99781704
1454702246 0.0000000 0.99983853 0.99816912
1454702308 0.0000000 0.99983490 0.99799395
1454702406 0.0000000 0.99983555 0.99806440
1454702512 0.0000000 0.99978316 0.99804771
1454978820 0.0000000 0.99975979 0.99768955
1455590759 0.0000000 0.99978125 0.99801856
1455595494 0.0000000 0.99977404 0.99807703
1455757779 0.0000000 0.99983454 0.99789995
1455758311 0.0000000 0.99974823 0.99777120
1456215987 0.0000000 0.99903995 0.99651212
1456541993 0.0000000 0.99961418 0.99730742
1457201466 0.0000000 0.99089599 0.97839034
1457276938 0.0000000 0.99917734 0.99662870
1459152479 0.0000000 0.99964857 0.99759936
1459502085 0.0000000 0.99646086 0.99084640
1459988008 0.0000000 0.99876046 0.99607790
1460294506 0.0000000 0.99878395 0.99620253
1460353509 0.0000000 0.99955201 0.99784291
1460804146 0.25000000 0.60378492 -698732.38
1461082597 0.0000000 0.99504930 0.98985356
1461607991 0.0000000 0.99967200 0.99929821
1461770234 0.0000000 0.83155835 0.63653141
1461770257 0.0000000 0.85034114 0.66384733
1461770858 0.0000000 0.74538630 0.44011086
1462199340 0.0000000 0.99866158 0.99722683
1462521203 0.0000000 0.99943036 0.99878228
1462632669 0.0000000 0.99884105 0.99761432
1462675593 0.0000000 0.99923736 0.99837691
1463023035 0.0000000 0.99978828 0.99949545
1463023251 0.0000000 0.99962306 0.99915922
1463023282 0.0000000 0.99948251 0.99885833
1463027395 0.0000000 0.99984103 0.99963969
1463127852 0.0000000 0.99972141 0.99937391
1463195522 0.0000000 0.99829191 0.99644434
1463196768 0.0000000 0.99932909 0.99862087
1463530965 0.0000000 0.99939686 0.99870485
1463863900 0.0000000 0.99970853 0.99935740
1463882779 0.0000000 0.99968177 0.99929541
1464184475 0.0000000 0.99947351 0.99882150
1464544116 0.0000000 0.99943024 0.99880099
1464576767 0.0000000 0.99681687 0.99354404
1464630651 0.0000000 0.99782008 0.99561405
1464672226 0.0000000 0.99986535 0.99968272
1466204142 0.0000000 0.98430061 0.96707851
1466383187 0.0000000 0.99937028 0.99866635
1466409210 0.0000000 0.98850793 0.97580993
1466715930 0.0000000 0.99974930 0.99944711
1467361422 0.0000000 0.99917477 0.99827921
1469019333 0.0000000 0.98855001 0.97647977
1469592155 0.0000000 0.99817199 0.99628127
1471008941 0.0000000 0.82536203 0.52853477
1471908408 0.0000000 0.99824953 0.99644351
1472660934 0.0000000 0.99799246 0.99595898
1473440050 0.0000000 0.99927688 0.99854022
1475055492 0.0000000 0.99938965 0.99874818
1475769120 0.0000000 0.99972695 0.99943709
1477370752 0.0000000 0.99962842 0.99925035
1478519786 0.0000000 0.99968809 0.99935889
1478903131 0.0000000 0.99975383 0.99950147
1480024554 0.0000000 0.99970436 0.99940425
1480377579 0.0000000 0.99932224 0.99856991
1480507474 0.0000000 0.99971664 0.99941719
1481256588 0.0000000 0.99921381 0.99838173
1481811269 0.0000000 0.99976557 0.99947298
1483057851 0.0000000 0.99807823 0.99608231
1483513641 0.0000000 0.99567062 0.99112183
1484155863 0.0000000 0.99959701 0.99913043
1484797338 0.0000000 0.99930382 0.99856979
1484900187 0.0000000 0.99479383 0.98917663
1485329586 0.0000000 0.99800909 0.99595177
1486746772 0.0000000 0.99982858 0.99957335
1487420859 0.0000000 0.99952281 0.99899554
1487652197 0.0000000 0.98559123 0.96963066
1488212310 0.0000000 0.99925727 0.99849349
1488924651 0.0000000 0.99905771 0.99806231
1489967289 0.0000000 0.99521965 0.99021101
1490066029 0.0000000 0.99810243 0.99610996
1490805242 0.0000000 0.99961865 0.99919039
1492112471 0.0000000 0.99894971 0.99777424
1492367656 0.0000000 0.99960923 0.99913675
1493517442 0.0000000 0.99913567 0.99826908
1493960850 0.0000000 0.99906665 0.99807268
1493986611 0.0000000 0.99795294 0.99588943
1494889974 0.0000000 0.99983174 0.99960095
1494932580 0.0000000 0.99627924 0.99244529
1495631454 0.0000000 0.99979103 0.99952853
1495691291 0.0000000 0.99956429 0.99907297
1495956669 0.0000000 0.97959894 0.95819110
1495999757 0.0000000 0.99896526 0.99792528
1496582686 0.0000000 0.99954408 0.99907058
1497967350 0.0000000 0.99807394 0.99613816
1498029939 0.0000000 0.99735588 0.99460161
1500318986 0.0000000 0.99841869 0.99683714
1501139292 0.0000000 0.99955392 0.99910057
1501845585 0.0000000 0.99988437 0.99975735
1502294736 0.0000000 0.99904221 0.99804789
1502416734 0.0000000 0.99959302 0.99915791
1502582915 0.0000000 0.99904853 0.99810189
1504364658 0.0000000 0.99948055 0.99894816
1505096741 0.0000000 0.99227560 0.98410249
1505687994 0.0000000 0.99952829 0.99903846
1505917796 0.0000000 0.99982309 0.99963784
1506232185 0.0000000 0.99775141 0.99546534
1506549399 0.0000000 0.99655646 0.99302286
1507505391 0.0000000 0.99956352 0.99912912
1507747520 0.0000000 0.99773037 0.99542218
1508582157 0.0000000 0.99911457 0.99821413
1509318944 0.0000000 0.99975038 0.99948293
1509677295 0.0000000 0.99985224 0.99964678
1509677339 0.0000000 0.99985373 0.99965107
1509752088 0.0000000 0.99966615 0.99932098
1510398879 0.0000000 0.99950367 0.99899060
1510402973 0.0000000 0.99981934 0.99963588
1510440860 0.0000000 0.99213028 0.98379576
1510947032 0.0000000 0.99889863 0.99774694
1511360409 0.0000000 0.99982965 0.99965358
1511470532 0.0000000 0.99965394 0.99925488
1512230735 0.0000000 0.99114072 0.98173225
1512377977 0.0000000 0.99967110 0.99926484
1512704669 0.0000000 0.99933243 0.99864239
1513120660 0.0000000 0.99815238 0.99617535
1516168751 0.0000000 0.99873549 0.99739784
1516984288 0.0000000 0.99965447 0.99921823
1517686257 0.0000000 0.99904281 0.99803495
1517749972 0.0000000 0.99979782 0.99957472
1517752600 0.0000000 0.99983698 0.99961036
1517752662 0.0000000 0.99982452 0.99958229
1517753127 0.0000000 0.99705935 0.99389911
1517753452 0.0000000 0.99981815 0.99960685
1517753522 0.0000000 0.99981987 0.99960500
1517753592 0.0000000 0.99982083 0.99960655
1517753815 0.0000000 0.99953419 0.99897486
1517758427 0.0000000 0.99835318 0.99653447
1517763262 0.0000000 0.99701810 0.99379838
1517821602 0.0000000 0.99897629 0.99787623
1517823894 0.0000000 0.99697953 0.99383509
1517846321 0.0000000 0.99949688 0.99894023
1517852233 0.0000000 0.99669749 0.99321455
1517893754 0.0000000 0.99977303 0.99951196
1517906208 0.0000000 0.99857980 0.99704784
1517932241 0.0000000 0.99983519 0.99962008
1517932280 0.0000000 0.99983549 0.99962044
1517932282 0.0000000 0.99983525 0.99962044
1517932427 0.0000000 0.99981958 0.99953425
1517932434 0.0000000 0.99984485 0.99962121
1517932492 0.0000000 0.99985445 0.99957520
1517933877 0.0000000 0.99938416 0.99870819
1517940013 0.0000000 0.99984086 0.99960798
1517940459 0.0000000 0.99979746 0.99955434
1517944528 0.0000000 0.99984211 0.99962389
1517945796 0.0000000 0.99943179 0.99880356
1517950582 0.0000000 0.99949175 0.99892497
1517958702 0.0000000 0.99937195 0.99866074
1517960631 0.0000000 0.99962711 0.99918514
1517969882 0.0000000 0.99963450 0.99919671
1517974578 0.0000000 0.99970144 0.99931735
1517998787 0.0000000 0.99707401 0.99390608
1518001985 0.0000000 0.99965280 0.99926543
1518008800 0.0000000 0.99972379 0.99933338
1518008880 0.0000000 0.99965918 0.99919802
1518013159 0.0000000 0.99892408 0.99776793
1518016890 0.0000000 0.99983448 0.99962074
1518016916 0.0000000 0.99983442 0.99962091
1518051257 0.0000000 0.99970394 0.99930465
1518059164 0.0000000 0.99886465 0.99769777
1518142443 0.0000000 0.99815351 0.99624962
1518201789 0.0000000 0.99897873 0.99783629
1518248929 0.0000000 0.99803472 0.99596965
1518858396 0.0000000 0.99958944 0.99910092
1518981709 0.0000000 0.99698001 0.99383175
1519051621 0.0000000 0.99953693 0.99900323
1519254641 0.0000000 0.99955440 0.99903709
1519583320 0.0000000 0.99970108 0.99932432
1519962147 0.0000000 0.99961126 0.99911362
1520098551 0.0000000 0.99949116 0.99893999
1520329330 0.0000000 0.99594933 0.99170470
1521024527 0.0000000 0.99888009 0.99763495
1521537776 0.0000000 0.99982715 0.99960458
1521728871 0.0000000 0.99943513 0.99878359
1522232997 0.0000000 0.99382395 0.98726141
1522282670 0.0000000 0.99977589 0.99951929
1522598524 0.0000000 0.99841332 0.99674320
1523432369 0.0000000 0.99892360 0.99776638
1523886539 0.0000000 0.99969429 0.99933821
1524201906 0.0000000 0.99332994 0.98657060
1524248877 0.0000000 0.97999150 0.95701194
1524308214 0.0000000 0.99938238 0.99871725
1524503432 0.0000000 0.99939567 0.99871677
1524721460 0.0000000 0.99979192 0.99956173
1524721601 0.0000000 0.99979776 0.99956757
1524808553 0.0000000 0.99950463 0.99899566
1525218424 0.0000000 0.99967903 0.99928486
1526098666 0.0000000 0.99745905 0.99483067
1527728598 0.0000000 0.99979854 0.99957848
1527904870 0.0000000 0.99944884 0.99884456
1528731725 0.0000000 0.99561924 0.99108720
1528750347 0.0000000 0.98337656 0.96544909
1528856173 0.0000000 0.99930322 0.99855965
1529096035 0.0000000 0.99150944 0.98253059
1529334375 0.0000000 0.97709715 0.95215631
1529522338 0.0000000 0.99930239 0.99854493
1530516370 0.0000000 0.99960512 0.99919373
1530516385 0.0000000 0.99960506 0.99919242
1530609654 0.0000000 0.99986541 0.99968994
1531312909 0.0000000 0.99957263 0.99912047
1531507119 0.0000000 0.99982107 0.99957436
1532050755 0.0000000 0.99952996 0.99905920
1533217098 0.0000000 0.99963766 0.99921668
1533504622 0.0000000 0.97811455 0.95498097
1533801692 0.0000000 0.99899626 0.99797088
1534500582 0.0000000 0.99966168 0.99930751
1534551317 0.0000000 0.99980277 0.99958026
1536498994 0.0000000 0.99597406 0.99181253
1536641006 0.0000000 0.99736387 0.99457043
1536700815 0.0000000 0.99557048 0.99093628
1538633849 0.0000000 0.99936509 0.99872684
1538766649 0.0000000 0.99698222 0.99388450
1539072778 0.0000000 0.99940062 0.99867141
1539164591 0.0000000 0.99780947 0.99548507
1540269298 0.0000000 0.99982399 0.99959385
1540310644 0.0000000 0.99983293 0.99958557
1541624711 0.0000000 0.99952924 0.99896902
1541712486 0.0000000 0.99505913 0.98979449
1542328459 0.0000000 0.99779761 0.99548090
1542608341 0.0000000 0.99937034 0.99864388
1542638415 0.0000000 0.99434185 0.98824340
1542645094 0.0000000 0.99172825 0.98296028
1543190243 0.0000000 0.99985111 0.99960828
1543191316 0.0000000 0.99605250 0.99194688
1543236658 0.0000000 0.99854863 0.99703366
1543238642 0.0000000 0.99532318 0.99018401
1543314575 0.0000000 0.99838966 0.99666244
1544368541 0.0000000 0.99965519 0.99917907
1544439487 0.0000000 0.99926454 0.99849123
1544621063 0.0000000 0.99959821 0.99909925
1544908865 0.0000000 0.99963039 0.99922407
1545710204 0.0000000 0.99976307 0.99948388
1546538568 0.0000000 0.99981272 0.99951833
1546949806 0.0000000 0.99972486 0.99930471
1548127166 0.0000000 0.99954480 0.99905258
1548825695 0.0000000 0.99976552 0.99938333
1548861293 0.0000000 0.99952108 0.99899691
1549366351 0.0000000 0.97514141 0.94764113
1549558324 0.0000000 0.99978161 0.99941987
1550239687 0.0000000 0.99840951 0.99659276
1551558867 0.0000000 0.99925292 0.99849463
1552012334 0.0000000 0.99969512 0.99926329
1552127531 0.0000000 0.98774880 0.97461015
1552421955 0.0000000 0.99856740 0.99691850
1552451554 0.0000000 0.99959517 0.99909401
1552511242 0.0000000 0.99957514 0.99902666
1552697151 0.0000000 0.99888158 0.99752355
1552968094 0.0000000 0.99418998 0.98786700
1553256348 0.0000000 0.99304342 0.98574501
1553414210 0.0000000 0.99181122 0.98314178
1554087275 0.0000000 0.99407911 0.98789173
1554172029 0.0000000 0.99942386 0.99879420
1554256375 0.0000000 0.99983609 0.99948841
1554343015 0.0000000 0.99979359 0.99946523
1554382610 0.0000000 0.99833554 0.99650764
1554499495 0.0000000 0.99973243 0.99932116
1554706689 0.0000000 0.99976367 0.99938524
1554822801 0.0000000 0.99980384 0.99949878
1554841453 0.0000000 0.99960506 0.99914265
1554850672 0.0000000 0.99904871 0.99800521
1555563667 0.0000000 0.99987847 0.99964535
1556793883 0.0000000 0.99719685 0.99420267
1556970683 0.0000000 0.99963284 0.99923182
1557330527 0.0000000 0.99446362 0.98847234
1557737721 0.0000000 0.99770290 0.99524444
1558197514 0.0000000 0.99878109 0.99744236
1558379328 0.0000000 0.98586321 0.97036242
1558489044 0.0000000 0.99834490 0.99659872
1558591969 0.0000000 0.99922419 0.99838454
1559317998 0.0000000 0.99970996 0.99938959
1559641578 0.0000000 0.99975991 0.99949372
1559762840 0.0000000 0.99783075 0.99554044
1560870606 0.0000000 0.99852747 0.99703604
1561237205 0.0000000 0.99485421 0.98954827
1561242160 0.0000000 0.99693239 0.99380589
1561825206 0.0000000 0.98651302 0.97187400
1561837452 0.0000000 0.99957997 0.99914294
1562610935 0.0000000 0.99951559 0.99901581
1562880116 0.0000000 0.99969578 0.99933684
1563275550 0.0000000 0.99232191 0.98451132
1563531230 0.0000000 0.99964684 0.99921918
1563768365 0.0000000 0.99951518 0.99902028
1563850922 0.0000000 0.95533144 0.90294814
1564123196 0.0000000 0.99341059 0.98647308
1564190683 0.0000000 0.99972200 0.99942172
1564649429 0.0000000 0.99633509 0.99256963
1564753988 0.0000000 0.99972910 0.99938822
1564784683 0.0000000 0.99978918 0.99954450
1565054388 0.0000000 0.99975228 0.99947637
1565055090 0.0000000 0.99940348 0.99877107
1565213283 0.0000000 0.99984282 0.99964905
1565218942 0.0000000 0.92715329 0.83099914
1565905300 0.0000000 0.99946779 0.99888390
1566053525 0.0000000 0.99824214 0.99642485
1566053530 0.0000000 0.99825031 0.99644119
1566074882 0.0000000 0.99729812 0.99447024
1566101114 0.0000000 0.99969369 0.99939197
1566598377 0.0000000 0.99685204 0.99367380
1566648618 0.0000000 0.99652618 0.99293774
1567237819 0.0000000 0.99965334 0.99928242
1567471650 0.0000000 0.99930203 0.99854827
1567604000 0.0000000 0.99615759 0.99223197
1567917359 0.0000000 0.99310559 0.98590672
1568005668 0.0000000 0.99945122 0.99890512
1568095682 0.0000000 0.99871194 0.99737620
1569863578 0.0000000 0.99958581 0.99916327
1570468626 0.0000000 0.99700814 0.99396157
1571312673 0.0000000 0.99977475 0.99954855
1571861758 0.0000000 0.96688229 0.92797017
1572218883 0.0000000 0.98731363 0.97350812
1573491297 0.0000000 0.99967450 0.99932927
1573495893 0.0000000 0.98635799 0.97190571
1574645562 0.0000000 0.99836624 0.99655968
1575564604 0.0000000 0.99619001 0.99224365
1575660753 0.0000000 0.99688399 0.99363524
1576495557 0.0000000 0.99941123 0.99876565
1577769501 0.0000000 0.99821210 0.99642938
1577819410 0.0000000 0.99939519 0.99875641
1578293635 0.0000000 0.99972373 0.99942511
1578510402 0.0000000 0.99702680 0.99385267
1579404154 0.0000000 0.99972945 0.99933922
1579703564 0.0000000 0.99826491 0.99641520
1580749376 0.0000000 0.99957442 0.99912167
1581076659 0.0000000 0.99534541 0.99056095
1581616159 0.0000000 0.99942261 0.99873394
1581629921 0.0000000 0.99971724 0.99941593
1581764406 0.0000000 0.99986511 0.99971163
1581764700 0.0000000 0.99976790 0.99948865
1581794413 0.0000000 0.99974436 0.99937272
1582090065 0.0000000 0.99900901 0.99793744
1582113307 0.0000000 0.99542534 0.99048615
1582546233 0.0000000 0.99629837 0.99243939
1582592414 0.0000000 0.99530703 0.99038237
1582629242 0.0000000 0.99978608 0.99949872
1582695255 0.0000000 0.99828643 0.99647367
1584677477 0.0000000 0.99319679 0.98590374
1585787701 0.0000000 0.99578834 0.99144465
1586304460 0.0000000 0.99782634 0.99546319
1586537097 0.0000000 0.99958497 0.99907702
1586691401 0.0000000 0.99949002 0.99893838
1587481331 0.0000000 0.98410720 0.96732438
1588476280 0.0000000 0.99961793 0.99913967
1589003116 0.0000000 0.99325162 0.98620671
1589548020 0.0000000 0.97599459 0.94848853
1589756010 0.0000000 0.98882592 0.97706205
1589910785 0.0000000 0.99965316 0.99927199
1590311534 0.0000000 0.96495992 0.92492592
1590359490 0.0000000 0.99953288 0.99900973
1590694463 0.0000000 0.99895334 0.99781561
1590843750 0.0000000 0.99774361 0.99539465
1591494563 0.0000000 0.99834001 0.99661571
1591839506 0.0000000 0.99864471 0.99724841
1591921295 0.0000000 0.99793530 0.99578196
1592079539 0.0000000 0.99981624 0.99960631
1592349420 0.0000000 0.98939556 0.97838503
1593214064 0.0000000 0.99982518 0.99958330
1593241888 0.0000000 0.99842638 0.99668479
1593407313 0.0000000 0.99787933 0.99554998
1593435168 0.0000000 0.99901605 0.99797374
1593519432 0.0000000 0.99756294 0.99499613
1594227272 0.0000000 0.99842727 0.99682033
1594265063 0.0000000 0.99829650 0.99653846
1594267923 0.0000000 0.99689925 0.99367189
1594526768 0.0000000 0.98852527 0.97626817
1594546164 0.0000000 0.99831682 0.99653381
1595767949 0.0000000 0.99972510 0.99941587
1597107665 0.0000000 0.99585074 0.99151611
1597123796 0.0000000 0.99906671 0.99809384
1597187246 0.0000000 0.99810845 0.99617130
1597774608 0.0000000 0.99964470 0.99924105
1597797181 0.0000000 0.99939251 0.99872249
1597806811 0.0000000 0.99961638 0.99916291
1598480108 0.0000000 0.99930644 0.99857718
1598847265 0.0000000 0.96789879 0.93172944
1599036279 0.0000000 0.99939257 0.99875754
1600306672 0.0000000 0.99966270 0.99928552
1600646088 0.0000000 0.99942791 0.99883497
1600833602 0.0000000 0.99936885 0.99871492
1601017581 0.0000000 0.99728346 0.99455494
1601326254 0.0000000 0.99969500 0.99932277
1601342057 0.0000000 0.99977154 0.99952251
1601440640 0.0000000 0.99976838 0.99952835
1601863505 0.0000000 0.99970567 0.99937910
1602517184 0.0000000 0.99762642 0.99519032
1602946993 0.0000000 0.99974155 0.99945468
1602947159 0.0000000 0.99943876 0.99884838
1603087586 0.0000000 0.99016720 0.97956532
1603396062 0.0000000 0.99770600 0.99538350
1603674483 0.0000000 0.98625708 0.97198689
1604358861 0.0000000 0.99819010 0.99630988
1604426346 0.0000000 0.99919206 0.99832088
1604601372 0.0000000 0.99954420 0.99904478
1604626818 0.0000000 0.99965364 0.99927765
1605130406 0.0000000 0.99972838 0.99942631
1605130534 0.0000000 0.99974114 0.99945343
1605266102 0.0000000 0.99962437 0.99924755
1605511152 0.0000000 0.99902248 0.99803352
1605551866 0.0000000 0.99843544 0.99687457
1605557664 0.0000000 0.99922353 0.99844491
1605621503 0.0000000 0.99326098 0.98632556
1605662576 0.0000000 0.99208856 0.98342073
1606582085 0.0000000 0.99765033 0.99516886
1606657334 0.0000000 0.99948490 0.99894875
1607578178 0.0000000 0.99944252 0.99885577
1607606398 0.0000000 0.99980813 0.99955356
1607606851 0.0000000 0.99699235 0.99384475
1607624108 0.0000000 0.99957687 0.99912357
1608317519 0.0000000 0.99899536 0.99797893
1609436522 0.0000000 0.98830640 0.97595119
1609594007 0.0000000 0.99923980 0.99837685
1610162996 0.0000000 0.98745191 0.97388488
1610192153 0.0000000 0.99941266 0.99878472
1610249009 0.0000000 0.99923462 0.99841475
1610838659 0.0000000 0.99974817 0.99938244
1611559538 0.0000000 0.99968773 0.99926704
1611565557 0.0000000 0.99933505 0.99860436
1611574763 0.0000000 0.99336118 0.98624092
1611584686 0.0000000 0.99955434 0.99904865
1611818971 0.0000000 0.99977297 0.99948090
