1338362741 0.0000000 0.99929172 0.99849075
1338842309 0.0000000 0.99931705 0.99857694
1338890190 0.0000000 0.99966878 0.99926615
1338944914 0.0000000 0.99984634 0.99961793
1338944979 0.0000000 0.99983329 0.99954093
1338945045 0.0000000 0.99986690 0.99969339
1339216879 0.0000000 0.99956840 0.99906069
1339275618 0.0000000 0.99984384 0.99960405
1339278860 0.0000000 0.99888074 0.99770993
1339309409 0.0000000 0.99871081 0.99733424
1339575740 0.0000000 0.99446201 0.98895562
1339598466 0.0000000 0.98970664 0.97945458
1339646879 0.0000000 0.99657267 0.99315745
1339690513 0.0000000 0.99982029 0.99957418
1339702255 0.0000000 0.99934441 0.99861550
1339923712 0.0000000 0.99972200 0.99935049
1341299876 0.0000000 0.99936163 0.99865019
1341924177 0.0000000 0.99761599 0.99521387
1342405200 0.0000000 0.99947464 0.99884665
1344277570 0.0000000 0.99836910 0.99671519
1344910008 0.0000000 0.99959230 0.99910194
1344941743 0.0000000 0.99882847 0.99760818
1345138860 0.0000000 0.99001062 0.98004884
1345234802 0.0000000 0.99989671 0.99971354
1346380382 0.0000000 0.99829167 0.99651694
1346415099 0.0000000 0.99268866 0.98541963
1346415834 0.0000000 0.98001552 0.95938289
1346788818 0.0000000 0.99981248 0.99955648
1346816730 0.0000000 0.99870151 0.99735230
1348523853 0.0000000 0.99979806 0.99938571
1350722979 0.0000000 0.99935889 0.99860311
1350800865 0.0000000 0.99934989 0.99864501
1351161077 0.0000000 0.99980980 0.99950498
1352122829 0.0000000 0.99549091 0.99098861
1352554787 0.0000000 0.99964881 0.99924719
1353431341 0.0000000 0.99983716 0.99956799
1353536726 0.0000000 0.99963647 0.99921596
1354158772 0.0000000 0.99981648 0.99951166
1354470336 0.0000000 0.99959469 0.99909890
1354477411 0.0000000 0.99886805 0.99769729
1354976814 0.0000000 0.99973273 0.99942046
1355221924 0.0000000 0.99930203 0.99850583
1356243184 0.0000000 0.99004346 0.98017412
1356319072 0.0000000 0.99981427 0.99948907
1356487597 0.0000000 0.99954927 0.99903405
1356883405 0.0000000 0.99975723 0.99942851
1357128106 0.0000000 0.99784756 0.99565852
1357236484 0.0000000 0.99708110 0.99414891
1357270197 0.0000000 0.99938595 0.99870682
1357331931 0.0000000 0.99840623 0.99676824
1357541346 0.0000000 0.99984455 0.99962133
1357994057 0.0000000 0.99782908 0.99565560
1358411441 0.0000000 0.99930102 0.99847293
1358708986 0.0000000 0.99970418 0.99930006
1359776392 0.0000000 0.99983096 0.99956155
1361064727 0.0000000 0.99429202 0.98861796
1361239965 0.0000000 0.99788344 0.99560660
1361256759 0.0000000 0.99928486 0.99838710
1361373628 0.0000000 0.99892533 0.99760735
1361471757 0.0000000 0.99712312 0.99422354
1361665659 0.0000000 0.99526840 0.99049711
1362386544 0.0000000 0.99982935 0.99934381
1362609444 0.0000000 0.99504012 0.99008042
1362627405 0.0000000 0.99987626 0.99967051
1362643640 0.0000000 0.99381608 0.98767042
1363079024 0.0000000 0.99920154 0.99826568
1363764120 0.0000000 0.99223280 0.98452359
1364349799 0.0000000 0.99986756 0.99961203
1364349845 0.0000000 0.99987191 0.99962509
1364355002 0.0000000 0.99268144 0.98540264
1364690983 0.0000000 0.99988431 0.99956518
1365625224 0.0000000 0.99985218 0.99961478
1366061297 0.0000000 0.99862224 0.99707997
1366432589 0.0000000 0.99600226 0.99198419
1366513671 0.0000000 0.99840152 0.99664867
1369110346 0.0000000 0.99877357 0.99735314
1369124755 0.0000000 0.99981934 0.99933207
1369791239 0.0000000 0.99836761 0.99651819
1369883683 0.0000000 0.99872231 0.99717760
1370118743 0.0000000 0.99978971 0.99916798
1370151783 0.0000000 0.99989092 0.99962866
1370623082 0.0000000 0.99982536 0.99951726
1372241957 0.0000000 0.99476129 0.98952961
1372463510 0.0000000 0.99982458 0.99945647
1373829868 0.0000000 0.99597245 0.99193263
1373895699 0.0000000 0.99975944 0.99915493
1373969495 0.0000000 0.99966240 0.99912333
1374677225 0.0000000 0.99779260 0.99537998
1374679935 0.0000000 0.99814415 0.99615461
1376837821 0.0000000 0.99679238 0.99342132
1377205321 0.0000000 0.99045837 0.98088229
1377355603 0.0000000 0.99088442 0.98179239
1377407246 0.0000000 0.92066604 0.83022630
1378247005 0.0000000 0.92468512 0.84234232
1378467231 0.0000000 0.99977511 0.99697328
1379475197 0.0000000 0.98222810 0.96434993
1380542719 0.0000000 0.98412329 0.96844429
1381466759 0.0000000 0.95103431 0.89905286
1381684855 0.0000000 0.99946105 0.99729639
1382170436 0.0000000 0.99976510 0.99773586
1382919848 0.0000000 0.93587649 0.86212933
1383069011 0.0000000 0.95121354 0.89853740
1383085061 0.0000000 0.96090627 0.91906327
1383220929 0.0000000 0.99986321 0.99936682
1383227120 0.0000000 0.99331886 0.98665982
1383227831 0.0000000 0.99361122 0.98701113
1383234448 0.0000000 0.99938744 0.99834949
1383263545 0.0000000 0.99620950 0.99216318
1383450194 0.0000000 0.99657011 0.99294156
1383519374 0.0000000 0.99548149 0.99072891
1383809110 0.0000000 0.99231768 0.98459846
1383809501 0.0000000 0.99223405 0.98442382
1383989687 0.0000000 0.99305069 0.98599899
1384145710 0.0000000 0.99959838 0.99867809
1384544358 0.0000000 0.99948198 0.99880934
1386347977 0.0000000 0.99859738 0.99716312
1386357780 0.0000000 0.99949211 0.99892819
1387916955 0.0000000 0.99989361 0.99971128
1389034180 0.0000000 0.99933016 0.99863660
1389204911 0.0000000 0.99982435 0.99957514
1389717867 0.0000000 0.99919212 0.99829125
1389724692 0.0000000 0.99977642 0.99949116
1389729005 0.0000000 0.99956411 0.99905717
1389740803 0.0000000 0.99888015 0.99770069
1389904819 0.0000000 0.99654979 0.99305058
1390517490 0.0000000 0.99857891 0.99705470
1390619771 0.0000000 0.99870276 0.99733579
1391790286 0.0000000 0.99487787 0.98977554
1393014317 0.0000000 0.99975955 0.99943841
1393065064 0.0000000 0.99956721 0.99890912
1393759985 0.0000000 0.99961364 0.99902219
1393791078 0.0000000 0.99978250 0.99946886
1394913876 0.0000000 0.99984658 0.99957770
1395061976 0.0000000 0.99977452 0.99947619
1395231566 0.0000000 0.99984837 0.99966496
1397097485 0.0000000 0.99978691 0.99946940
1397746253 0.0000000 0.99916542 0.99826342
1398443585 0.0000000 0.99774414 0.99546027
1399207416 0.0000000 0.99973500 0.99934000
1399278483 0.0000000 0.99698991 0.99398744
1399745740 0.0000000 0.99930513 0.99855310
1399746271 0.0000000 0.99968600 0.99929667
1400631673 0.0000000 0.99986196 0.99965632
1401021673 0.0000000 0.97337896 0.94568390
1401296286 0.0000000 0.99978518 0.99943292
1402085900 0.0000000 0.40360007 -3.9371300
1402313583 0.0000000 0.97788423 0.95482141
1402624068 0.0000000 0.21896653 -17.191736
1402784563 0.0000000 0.54747570 -1.2740967
1403034553 0.0000000 0.30456769 -8.0683994
1403317269 0.0000000 0.68837523 -8.68970156E-02
1403439974 0.0000000 0.85873181 0.64252955
1404774365 0.0000000 0.69517648 4.80794311E-02
1404925818 0.0000000 0.77739400 0.35720527
1405577514 0.0000000 0.99991941 0.99981749
1407296767 0.0000000 0.99488598 0.98975945
1407544588 0.0000000 0.22099954 -16.325386
1408047770 0.0000000 0.94082409 0.87088972
1410046387 0.0000000 0.99967825 0.99922359
1410325949 0.0000000 0.99541706 0.99085283
1410382444 0.0000000 0.99914771 0.99816346
1411247643 0.0000000 0.99966681 0.99924964
1411641303 0.0000000 0.99992460 0.99978173
1412009058 0.0000000 0.99995065 0.99975425
1412705290 0.0000000 0.99975491 0.99940234
1413207959 0.0000000 0.99342591 0.98684692
1414298821 0.0000000 0.99851674 0.99699318
1416419181 0.0000000 0.99945229 0.99882007
1416419227 0.0000000 0.99946922 0.99885142
1416540553 0.0000000 0.99991542 0.99977118
1417557685 0.0000000 0.99966073 0.99925756
1417655668 0.0000000 0.99254537 0.98507661
1418245419 0.0000000 0.99988329 0.99970025
1418533563 0.0000000 0.99941051 0.99877775
1419682925 0.0000000 0.98995912 0.97987288
1419947441 0.0000000 0.99646693 0.99294329
1419995164 0.0000000 0.99924403 0.99844915
1420012476 0.0000000 0.99985987 0.99966401
1420437226 0.0000000 0.99885786 0.99768466
1420606112 0.0000000 0.99982429 0.99959671
1420742654 0.0000000 0.99935597 0.99866980
1421435535 0.0000000 0.99810803 0.99619782
1421639313 0.0000000 0.99942487 0.99881238
1422083726 0.0000000 0.99815798 0.99630356
1422374758 0.0000000 0.99986786 0.99966639
1422958210 0.0000000 0.99823564 0.99644661
1423037687 0.0000000 0.99095601 0.98188645
1423603888 0.0000000 0.98919350 0.97819453
1423726535 0.0000000 0.99614787 0.99230862
1423857991 0.0000000 0.99993289 0.99985123
1424969403 0.0000000 0.99937457 0.99871683
1426114954 0.0000000 0.98761803 0.97468162
1426344314 0.0000000 0.99263692 0.98512596
1426852891 0.0000000 0.99679589 0.99355590
1427105631 0.0000000 0.99976891 0.99952471
1427483378 0.0000000 0.99974501 0.99949032
1428208678 0.0000000 0.99391609 0.98781377
1428320250 0.0000000 0.99949872 0.99899805
1428945237 0.0000000 0.99666899 0.99326682
1429127316 0.0000000 0.99978143 0.99956089
1429494176 0.0000000 0.99977380 0.99954480
1429494550 0.0000000 0.99971175 0.99941880
1429528847 0.0000000 0.99962586 0.99925309
1429530313 0.0000000 0.99978060 0.99956721
1429531199 0.0000000 0.99976015 0.99951494
1429992097 0.0000000 0.99976921 0.99953967
1430658547 0.0000000 0.99896508 0.99792796
1431333501 0.0000000 0.99858791 0.99716777
1431387795 0.0000000 0.99664384 0.99321532
1431628549 0.0000000 0.97653329 0.95029145
1432588969 0.0000000 0.99941999 0.99883723
1432601816 0.0000000 0.99957716 0.99913746
1432799863 0.0000000 0.99949187 0.99898362
1434467768 0.0000000 0.99850690 0.99701995
1434867330 0.0000000 0.99946028 0.99889702
1435335400 0.0000000 0.99958193 0.99911982
1438066750 0.0000000 0.99491620 0.98972780
1438936857 0.0000000 0.98977256 0.97927904
1439209234 0.0000000 0.99169046 0.98340344
1439418087 0.0000000 0.99962568 0.99923146
1439474882 0.0000000 0.99977970 0.99952930
1439699200 0.0000000 0.99871296 0.99735683
1442339782 0.0000000 0.99785078 0.99570686
1442345855 0.0000000 0.99974048 0.99947566
1442345878 0.0000000 0.99974155 0.99947381
1442408939 0.0000000 0.99969637 0.99938929
1442410226 0.0000000 0.99240875 0.98480284
1442413798 0.0000000 0.99410903 0.98816037
1443074281 0.0000000 0.99901682 0.99800766
1443555465 0.0000000 0.99793541 0.99582618
1444648487 0.0000000 0.99968022 0.99926347
1444736944 0.0000000 0.99975049 0.99950141
1444953165 0.0000000 0.99548256 0.99096686
1444953267 0.0000000 0.99442792 0.98885560
1445014914 0.0000000 0.99816376 0.99629509
1445221055 0.0000000 0.99955970 0.99910474
1445233331 0.0000000 0.99844664 0.99689323
1445239215 0.0000000 0.99823910 0.99647582
1446412182 0.0000000 0.99976689 0.99953496
1446412281 0.0000000 0.99973035 0.99944425
1446509184 0.0000000 0.99897856 0.99795753
1446509190 0.0000000 0.99897587 0.99795187
1446714386 0.0000000 0.99913716 0.99826849
1447167192 0.0000000 0.99639261 0.99276799
1447255999 0.0000000 0.99973446 0.99943298
1447277516 0.0000000 0.98515034 0.96986806
1448316095 0.0000000 0.99745727 0.99486828
1448671943 0.0000000 0.99484003 0.98969406
1449033717 0.0000000 0.99889845 0.99779660
1449035580 0.0000000 0.99496859 0.98985583
1449153073 0.0000000 0.99984729 0.99966758
1449935242 0.0000000 0.99831450 0.99660695
1450510821 0.0000000 0.99812657 0.99624652
1450536811 0.0000000 0.99967456 0.99934632
1450992022 0.0000000 0.99322098 0.98628861
1451199638 0.0000000 0.99785048 0.99570614
1451327726 0.0000000 0.99866474 0.99733198
1451523194 0.0000000 0.99980521 0.99956852
1451829690 0.0000000 0.99683750 0.99367338
1451928000 0.0000000 0.99982429 0.99963266
1452487977 0.0000000 0.99979442 0.99957782
1453169606 0.0000000 0.99970710 0.99940103
1453824336 0.0000000 0.99970603 0.99941224
1454422761 0.0000000 0.99982798 0.99965435
1454702246 0.0000000 0.99976230 0.99948967
1454702308 0.0000000 0.99972570 0.99940479
1454702406 0.0000000 0.99977154 0.99951917
1454702512 0.0000000 0.99974394 0.99949080
1454978820 0.0000000 0.99951458 0.99896842
1455590759 0.0000000 0.99874800 0.99743760
1455595494 0.0000000 0.99958122 0.99912363
1455757779 0.0000000 0.99963236 0.99919415
1455758311 0.0000000 0.99957967 0.99910337
1456215987 0.0000000 0.99885368 0.99769181
1456541993 0.0000000 0.99969715 0.99936652
1457201466 0.0000000 0.99345762 0.98658788
1457276938 0.0000000 0.99963659 0.99926674
1459152479 0.0000000 0.99970603 0.99940807
1459502085 0.0000000 0.99811399 0.99620962
1459988008 0.0000000 0.99964863 0.99926972
1460294506 0.0000000 0.99970192 0.99936855
1460353509 0.0000000 0.99972731 0.99942070
1460804146 0.0000000 0.99978000 0.99955583
1461082597 0.0000000 0.99696666 0.99392074
1461607991 0.0000000 0.99973434 0.99946368
1461770234 0.0000000 0.99969411 0.99938607
1461770257 0.0000000 0.99969608 0.99938858
1461770858 0.0000000 0.99958855 0.99915111
1461781146 0.0000000 0.99974614 0.99948072
1461806086 0.0000000 0.99497813 0.98987424
1462056417 0.0000000 0.99839252 0.99674976
1462199340 0.0000000 0.99846870 0.99693203
1462521203 0.0000000 0.99940574 0.99879348
1462632669 0.0000000 0.99859124 0.99716437
1462675593 0.0000000 0.99731630 0.99460614
1463023035 0.0000000 0.99976075 0.99951857
1463023251 0.0000000 0.99972320 0.99944490
1463023282 0.0000000 0.99969816 0.99938560
1463027395 0.0000000 0.99974823 0.99949616
1463127852 0.0000000 0.99971545 0.99942774
1463195522 0.0000000 0.99729401 0.99448752
1463196768 0.0000000 0.99932063 0.99862993
1463530965 0.0000000 0.99972290 0.99942887
1463863900 0.0000000 0.99974757 0.99949366
1463882779 0.0000000 0.99951142 0.99900550
1464184475 0.0000000 0.99806136 0.99611521
1464544116 0.0000000 0.99778235 0.99554974
1464576767 0.0000000 0.99520993 0.99039537
1464630651 0.0000000 0.99931031 0.99858415
1464672226 0.0000000 0.99977934 0.99954754
1466204142 0.0000000 0.98650289 0.97274446
1466383187 0.0000000 0.99976933 0.99950808
1466409210 0.0000000 0.99262244 0.98512667
1466715930 0.0000000 0.99979019 0.99953413
1467361422 0.0000000 0.99943072 0.99878544
1469019333 0.0000000 0.97358000 0.94551033
1469592155 0.0000000 0.99781996 0.99564427
1471008941 0.0000000 0.98697287 0.97359896
1471908408 0.0000000 0.99891824 0.99780697
1472660934 0.0000000 0.99909902 0.99816227
1473440050 0.0000000 0.99985695 0.99957907
1475055492 0.0000000 0.99971211 0.99930120
1475769120 0.0000000 0.99979824 0.99958682
1477370752 0.0000000 0.99976456 0.99946713
1478519786 0.0000000 0.99954599 0.99853706
1478903131 0.0000000 0.99944252 0.99807805
1480024554 0.0000000 0.99962789 0.99877858
1480377579 0.0000000 0.99965620 0.99930692
1480507474 0.0000000 0.99971753 0.99933785
1481256588 0.0000000 0.99911720 0.99755669
1481811269 0.0000000 0.99974328 0.99948019
1483057851 0.0000000 0.99962479 0.99923575
1483513641 0.0000000 0.99775708 0.99550915
1484155863 0.0000000 0.99708885 0.99412680
1484797338 0.0000000 0.99929792 0.99856782
1484900187 0.0000000 0.99576652 0.99152762
1485329586 0.0000000 0.99885964 0.99771076
1486746772 0.0000000 0.99976045 0.99950409
1487420859 0.0000000 0.99975586 0.99950713
1487652197 0.0000000 0.98393345 0.96696794
1488212310 0.0000000 0.99949807 0.99899638
1488924651 0.0000000 0.99935514 0.99870396
1489967289 0.0000000 0.39348063 -4.0136452
1490066029 0.0000000 0.98640406 0.97232980
1490805242 0.0000000 0.99929535 0.99857420
1492112471 0.0000000 0.99728006 -1.80890560E-02
1492367656 0.0000000 0.99629533 -5.08548021E-02
1493517442 0.0000000 0.99831456 5.56762815E-02
1493960850 0.0000000 0.99863738 7.98243284E-03
1493986611 0.0000000 0.99839079 7.44938254E-02
1494889974 0.0000000 0.99838424 -4.72247601E-02
1494932580 0.0000000 0.98707652 -5.80080748E-02
1495631454 0.0000000 0.99836272 -1.30791664E-02
1495691291 0.0000000 0.99598122 -2.23200321E-02
1495956669 0.0000000 0.96972084 -7.70251751E-02
1495999757 0.0000000 0.99692529 -8.69321823E-03
1496582686 0.0000000 0.99712479 1.16384029E-03
1497967350 0.0000000 0.99554896 8.93537402E-02
1498029939 0.0000000 0.99613672 4.14926410E-02
1500318986 0.0000000 0.99548584 0.11671388
1501139292 0.0000000 0.99792463 0.11630446
1501845585 0.0000000 0.99847645 0.10581344
1502294736 0.0000000 0.99698782 2.31882930E-02
1502416734 0.0000000 0.99836469 4.99002934E-02
1502582915 0.0000000 0.99880487 1.29145980E-02
1504364658 0.0000000 0.99833572 0.12121242
1505096741 0.0000000 0.99487793 0.11741197
1505687994 0.0000000 0.99844134 7.01850057E-02
1505917796 0.0000000 0.99866420 3.44030857E-02
1506232185 0.0000000 0.99063534 3.81495357E-02
1506549399 0.0000000 0.99592084 0.12436420
1507505391 0.0000000 0.99796396 0.11997825
1507747520 0.0000000 0.99678439 6.71565533E-02
1508582157 0.0000000 0.99830043 2.84532905E-02
1509318944 0.0000000 0.99866849 4.49826717E-02
1509677295 0.0000000 0.99861383 2.12008357E-02
1509677339 0.0000000 0.99854594 2.02322006E-02
1509752088 0.0000000 0.99852759 1.16015673E-02
1510398879 0.0000000 0.99323899 -3.66966724E-02
1510402973 0.0000000 0.99838662 1.84586048E-02
1510440860 0.0000000 0.98377228 -1.31477118E-02
1510947032 0.0000000 0.99674320 2.09331512E-02
1511360409 0.0000000 0.99860060 1.32188797E-02
1511470532 193.95000 0.14510514 -265.40854
1512230735 0.0000000 0.98770416 1.74105167E-03
1512377977 0.0000000 0.99815291 5.18016219E-02
1512704669 0.0000000 0.99812937 3.63531113E-02
1513120660 0.0000000 0.99250406 2.95222402E-02
1516168751 0.0000000 0.99745524 -1.55050755E-02
1516984288 0.0000000 0.99646056 -4.66601849E-02
1517686257 0.0000000 0.99573439 1.31154060E-02
1517749972 0.0000000 0.99713236 3.69936228E-03
1517752600 0.0000000 0.99862957 3.34894061E-02
1517752662 0.0000000 0.99860817 3.35844159E-02
1517753127 0.0000000 0.99291921 -3.18801403E-03
1517753452 0.0000000 0.99837404 3.35694551E-02
1517753522 0.0000000 0.99842894 3.54995131E-02
1517753592 0.0000000 0.99846840 3.52735519E-02
1517753815 0.0000000 0.99841511 2.90039778E-02
1517758427 0.0000000 0.99100924 -6.27517700E-04
1517763262 0.0000000 0.98894972 -3.58906984E-02
1517821602 0.0000000 0.98894173 -3.42408419E-02
1517823894 0.0000000 0.97475570 -6.10285997E-02
1517846321 0.0000000 0.99723977 3.38036418E-02
1517852233 0.0000000 0.98118109 -4.78706360E-02
1517893754 0.0000000 0.99688292 2.51381993E-02
1517906208 0.0000000 0.99362874 3.10388803E-02
1517932241 0.0000000 0.98301274 0.30540413
1517932280 0.0000000 0.98313695 0.30277562
1517932282 0.0000000 0.98315394 0.30325693
1517932427 0.0000000 0.99342960 0.14074641
1517932434 0.0000000 0.99325097 0.14262158
1517932492 0.0000000 0.99075049 0.15641558
1517933877 0.0000000 0.99706101 4.72075343E-02
1517940013 0.0000000 0.99880892 3.03617716E-02
1517940459 0.0000000 0.99859720 5.08448482E-02
1517944528 0.0000000 0.99848580 2.57422924E-02
1517945796 0.0000000 0.99494916 -1.05618238E-02
1517950582 0.0000000 0.99754637 1.27600431E-02
1517958702 0.0000000 0.99559492 2.65038013E-02
1517960631 0.0000000 0.99717891 8.11126828E-02
1517969882 0.0000000 0.99676645 2.33169198E-02
1517974578 0.0000000 0.99751467 3.35021615E-02
1517998787 0.0000000 0.98684847 -1.11663342E-03
1518001985 0.0000000 0.99740469 4.94068861E-03
1518008800 0.0000000 0.99814939 1.71856880E-02
1518008880 0.0000000 0.99717772 2.35639811E-02
1518013159 0.0000000 0.99489784 1.72457099E-02
1518016890 0.0000000 0.99864227 1.04335546E-02
1518016916 0.0000000 0.99864173 1.03534460E-02
1518051257 0.0000000 0.99809104 1.79340243E-02
1518059164 0.0000000 0.99303705 -2.62374878E-02
1518142443 0.0000000 0.99626493 2.93006897E-02
1518201789 0.0000000 0.99292535 2.10111737E-02
1518248929 0.0000000 0.99041033 -2.16152668E-02
1518858396 0.0000000 0.99864548 8.19956660E-02
1518981709 0.0000000 0.98525733 2.49808431E-02
1519051621 0.0000000 0.99718344 5.96300364E-02
1519254641 0.0000000 0.99857932 6.01536036E-02
1519583320 0.0000000 0.99831569 7.17705488E-02
1519962147 0.0000000 0.99828351 0.10374600
1520098551 0.0000000 0.99658120 4.14492488E-02
1520329330 0.0000000 0.98663902 1.21801496E-02
1521024527 0.0000000 0.99621058 6.31886125E-02
1521537776 0.0000000 0.99843609 5.57208061E-02
1521728871 0.0000000 0.98884654 7.54410028E-03
1522232997 0.0000000 0.98397452 4.73801494E-02
1522282670 0.0000000 0.99594826 8.53055716E-02
1522598524 0.0000000 0.75854826 -2.2846973
1523432369 0.0000000 0.99655193 0.99293315
1523886539 0.0000000 0.99704486 0.99409080
1524201906 0.0000000 0.99024057 0.98017979
1524248877 0.0000000 0.98673666 0.97313875
1524308214 0.0000000 0.99599934 0.99187684
1524503432 0.0000000 0.99628186 0.99248290
1524721460 0.0000000 0.99440891 0.98872191
1524721601 0.0000000 0.99471962 0.98935074
1524808553 0.0000000 0.99467468 0.98924357
1525218424 0.0000000 0.99561822 0.99075085
1526098666 0.0000000 0.99379963 0.98762608
1527728598 0.0000000 0.99502492 0.99006206
1527904870 0.0000000 0.99383229 0.98764765
1528731725 0.0000000 0.99095637 0.98193979
1528750347 0.0000000 0.99471974 0.98932421
1528856173 0.0000000 0.99625093 0.99219322
1529096035 0.0000000 0.99382669 0.98755860
1529334375 0.0000000 0.99127740 0.98255479
1529522338 0.0000000 0.99499393 0.98982859
1530516370 0.0000000 0.99473292 0.98949504
1530516385 0.0000000 0.99474961 0.98952526
1530609654 0.0000000 0.99457514 0.98878032
1531312909 0.0000000 0.99075341 0.98146605
1531507119 0.0000000 0.99540854 0.99077713
1532050755 0.0000000 0.99605942 0.99177659
1533217098 0.0000000 0.99222702 0.98428839
1533504622 0.0000000 0.99335045 0.98673683
1533801692 0.0000000 0.99561220 0.99111873
1534500582 0.0000000 0.99556601 0.99114305
1534551317 0.0000000 0.99598873 0.99193996
1535572403 0.0000000 0.98982126 0.97881663
1535660064 0.0000000 0.98953140 0.97900277
1536498994 0.0000000 0.99397612 0.98796642
1536641006 0.0000000 0.99223161 0.98433822
1536700815 0.0000000 0.99243993 0.98491120
1538633849 0.0000000 0.99243593 0.98487777
1538766649 0.0000000 0.99564707 0.99119657
1539072778 0.0000000 0.99553370 0.99104393
1539164591 0.0000000 0.99259192 0.98486471
1540269298 0.0000000 0.99655157 0.99277765
1540310644 0.0000000 0.99580032 0.99110121
1541624711 0.0000000 0.99593425 0.99183273
1541712486 0.0000000 0.99372000 0.98702103
1542328459 0.0000000 0.99617809 0.99235409
1542608341 0.0000000 0.99634624 0.99240142
1542638415 0.0000000 0.98816025 0.97563744
1542645094 0.0000000 0.98636228 0.97161871
1543190243 0.0000000 0.99609250 0.99213845
1543191316 0.0000000 0.98101747 0.96051210
1543236658 0.0000000 0.98445123 0.96776634
1543238642 0.0000000 0.96736240 0.93058693
1543314575 0.0000000 0.98389751 0.96653092
1544368541 0.0000000 0.99545169 0.99092501
1544439487 0.0000000 0.99647111 0.99293017
1544621063 0.0000000 0.99546337 0.99069005
1544908865 0.0000000 0.99671638 0.99332738
1545710204 0.0000000 0.99464548 0.98930562
1546538568 0.0000000 0.99556446 0.99113292
1546949806 0.0000000 0.99664575 0.99320388
1548127166 0.0000000 0.99232405 0.98361093
1548825695 0.0000000 0.99551302 0.99088955
1548861293 0.0000000 0.99092501 0.98022145
1549366351 0.0000000 0.98175406 0.96170789
1549558324 0.0000000 0.99621212 0.99233985
1550239687 0.0000000 0.99546760 0.99083841
1551558867 0.0000000 0.99600172 -2.90006399E-02
1552012334 0.0000000 0.99493718 0.98911917
1552127531 0.0000000 0.95434022 0.90010393
1552421955 0.0000000 0.99541754 0.99054724
1552451554 0.0000000 0.99405766 0.98815191
1552511242 0.0000000 0.99621457 0.99236321
1552697151 0.0000000 0.99676031 0.99353147
1552968094 0.0000000 0.99514002 0.99010164
1553256348 0.0000000 0.99294215 0.98559409
1553414210 0.0000000 0.99463433 0.98916185
1554087275 0.0000000 0.99439716 0.98830158
1554172029 0.0000000 0.99401271 0.98745275
1554256375 0.0000000 0.99614489 0.99173307
1554343015 0.0000000 0.99331343 0.98611528
1554382610 0.0000000 0.99526763 0.99054444
1554499495 0.0000000 0.99345964 0.98668963
1554706689 0.0000000 0.99660355 0.99231756
1554822801 0.0000000 0.99530756 0.99028462
1554841453 0.0000000 0.99472153 0.98877341
1554850672 0.0000000 0.99479783 0.98952127
1555563667 0.0000000 0.99518716 0.99000180
1556793883 0.0000000 0.99447954 0.98864222
1556970683 0.0000000 0.99565667 0.99102366
1557330527 0.0000000 0.99302661 0.98550415
1557737721 0.0000000 0.99574226 0.99148601
1558197514 0.0000000 0.99593776 0.99167484
1558379328 0.0000000 0.98913705 0.97781509
1558489044 0.0000000 0.99481338 0.98964989
1558591969 0.0000000 0.99607748 0.99216497
1559317998 0.0000000 0.99618125 0.99228626
1559641578 0.0000000 0.99578553 0.99102879
1559762840 0.0000000 0.99282181 0.98563588
1560870606 0.0000000 0.99585718 4.52926159E-02
1561237205 0.0000000 0.99585110 2.11906433E-02
1561242160 0.0000000 0.99579847 1.84468031E-02
1561825206 0.0000000 0.98424816 -0.11829567
1561837452 0.0000000 0.99730557 -1.13114119E-02
1562610935 0.0000000 0.99518108 -4.71552610E-02
1562880116 0.0000000 0.99643052 -7.84550905E-02
1563275550 0.0000000 0.99167740 -1.06899738E-02
1563531230 0.0000000 0.99631059 -4.24339771E-02
1563768365 0.0000000 0.99526912 -4.53361273E-02
1563850922 0.0000000 0.97998965 -9.57424641E-02
1564123196 0.0000000 0.98983216 6.14659190E-02
1564190683 0.0000000 0.99383104 -5.66031933E-02
1564649429 0.0000000 0.98170787 -8.04220438E-02
1564753988 0.0000000 0.99531543 -3.01897526E-03
1564784683 0.0000000 0.99506593 1.19420886E-02
1565054388 0.0000000 0.99423718 2.26120949E-02
1565055090 0.0000000 0.99585885 1.51838660E-02
1565213283 0.0000000 0.99461639 -2.97434330E-02
1565218942 0.0000000 0.98557305 -5.29203415E-02
1565905300 0.0000000 0.99304563 2.30656266E-02
1566053525 0.0000000 0.99329329 -3.25679779E-03
1566053530 0.0000000 0.99329007 -3.72374058E-03
1566074882 0.0000000 0.98444819 -0.10682094
1566101114 0.0000000 0.99587029 -1.20486021E-02
1566598377 0.0000000 0.99292469 1.57103539E-02
1566648618 0.0000000 0.99084461 -3.74635458E-02
1567237819 0.0000000 0.99629474 2.45860815E-02
1567471650 0.0000000 0.99535352 1.31679177E-02
1567604000 0.0000000 0.99330640 -1.42099857E-02
1567917359 0.0000000 0.98595744 -4.02364731E-02
1568005668 0.0000000 0.99631411 -0.10508311
1568095682 0.0000000 0.99312693 1.84148550E-03
1569863578 0.0000000 0.99488771 2.38311887E-02
1570468626 0.0000000 0.99443996 -5.01028299E-02
1571312673 0.0000000 0.99649870 -6.41882420E-02
1571861758 0.0000000 0.92830944 -0.56582260
1572218883 0.0000000 0.98442078 -0.13156164
1573491297 0.0000000 0.99400836 -0.12598908
1573495893 0.0000000 0.97916877 -8.47971439E-02
1574645562 0.0000000 0.99219924 -5.81970215E-02
1575564604 0.0000000 0.99705303 1.52633786E-02
1575660753 0.0000000 0.99569255 -2.02118158E-02
1576495557 0.0000000 0.99318373 -8.15804005E-02
1577769501 0.0000000 0.99583209 -4.95997667E-02
1577819410 0.0000000 0.99262393 -9.52244997E-02
1578293635 0.0000000 0.99532390 2.00044513E-02
1578510402 0.0000000 0.99303365 -1.36682987E-02
1579404154 0.0000000 0.99536258 -1.21411085E-02
1579703564 0.0000000 0.99529445 -1.65102482E-02
1580749376 0.0000000 0.99631113 7.11271167E-02
1581076659 0.0000000 0.99081373 -6.14836216E-02
1581616159 0.0000000 0.99576557 -4.32659388E-02
1581629921 0.0000000 0.99559426 1.63909793E-02
1581764406 0.0000000 0.99719000 -4.85153198E-02
1581764700 0.0000000 0.99506348 -3.54062319E-02
1581794413 0.0000000 0.99429142 4.67706919E-02
1582090065 0.0000000 0.99325615 -9.50906277E-02
1582113307 0.0000000 0.97848547 -0.12044835
1582546233 0.0000000 0.98847723 -4.70156670E-02
1582592414 0.0000000 0.99389768 -9.02391672E-02
1582629242 0.0000000 0.99636185 -3.34945917E-02
1582695255 0.0000000 0.99449521 1.18944049E-02
1584677477 0.0000000 0.98799962 -8.75799656E-02
1585787701 0.0000000 0.99573863 -2.71122456E-02
1586304460 0.0000000 0.99460471 -1.77053213E-02
1586537097 0.0000000 0.99566001 0.98853004
1586691401 0.0000000 0.99657941 0.99303973
1587481331 0.0000000 0.98362029 0.96544725
1588476280 0.0000000 0.99617034 0.99218041
1589003116 0.0000000 0.99427426 0.98840493
1589548020 0.0000000 0.95822334 0.91283488
1589756010 0.0000000 0.98927337 0.97819418
1589910785 0.0000000 0.99677783 0.99344963
1590311534 0.0000000 0.96045434 0.91424549
1590359490 0.0000000 0.99546778 0.99070442
1590694463 0.0000000 0.98689973 0.97367251
1590843750 0.0000000 0.99251968 0.98494619
1591494563 0.0000000 0.99317938 0.98594320
1591839506 0.0000000 0.99547690 0.99096930
1591921295 0.0000000 0.99520314 0.99042505
1592079539 0.0000000 0.99541098 0.99072778
1592349420 0.0000000 0.98989624 0.97920263
1593214064 0.0000000 0.99604696 0.99208617
1593241888 0.0000000 0.99517632 0.99021262
1593407313 0.0000000 0.99616545 0.99228865
1593435168 0.0000000 0.99579269 0.99157292
1593519432 0.0000000 0.99600708 0.99202496
1594227272 0.0000000 0.99347085 0.98694563
1594265063 0.0000000 0.99415255 0.98830497
1594267923 0.0000000 0.99362355 0.98727673
1594526768 0.0000000 0.99152231 0.98290664
1594546164 0.0000000 0.99587595 0.99174082
1595767949 0.0000000 0.99617600 0.99233270
1597107665 0.0000000 0.99095106 0.98188943
1597123796 0.0000000 0.99624741 0.99234730
1597187246 0.0000000 0.99619681 0.99204510
1597774608 0.0000000 0.99194556 0.98369575
1597797181 0.0000000 0.99181229 0.98364633
1597806811 0.0000000 0.99053037 0.98085743
1598480108 0.0000000 0.99572271 0.99142456
1598847265 0.0000000 0.92068177 0.81446981
1599036279 0.0000000 0.99656004 0.99312729
1600306672 0.0000000 0.99693108 0.99384648
1600646088 0.0000000 0.99601704 0.99063653
1600833602 0.0000000 0.99726766 0.99449933
1601017581 0.0000000 0.99139255 0.98253965
1601326254 0.0000000 0.99472445 0.98943239
1601342057 0.0000000 0.99388260 0.98734915
1601440640 0.0000000 0.99506491 0.99011648
1601863505 0.0000000 0.99283510 0.98559451
1602517184 0.0000000 0.99388713 0.98755145
1602946993 0.0000000 0.99526870 0.99054646
1602947159 0.0000000 0.99328667 0.98661560
1603087586 0.0000000 0.98131800 0.95992345
1603396062 0.0000000 0.99243081 0.98480856
1603674483 0.0000000 0.98460042 0.96704668
1604358861 0.0000000 0.99593133 0.99183482
1604426346 0.0000000 0.99638933 0.99233311
1604601372 0.0000000 0.99688709 0.99363899
1604626818 0.0000000 0.99645054 0.99281299
1605130406 0.0000000 0.99653441 0.99276131
1605130534 0.0000000 0.99622273 0.99220115
1605266102 0.0000000 0.99600017 0.99193722
1605511152 0.0000000 0.99567437 0.99134618
1605551866 0.0000000 0.99414039 0.98742127
1605557664 0.0000000 0.99448204 0.98898172
1605621503 0.0000000 0.98499316 0.96785200
1605662576 0.0000000 0.99498898 0.98976201
1606582085 0.0000000 0.99323297 0.98640269
1606657334 0.0000000 0.99637234 0.99273449
1607578178 0.0000000 0.99595612 0.99179834
1607606398 0.0000000 0.99494421 0.98979312
1607606851 0.0000000 0.99493110 0.98959386
1607624108 0.0000000 0.99662298 0.99314743
1608317519 0.0000000 0.99471968 0.98917127
1608385359 0.0000000 0.99517745 0.99010897
1609436522 0.0000000 0.97991395 0.95663893
1609594007 0.0000000 0.99628478 0.99221951
1610162996 0.0000000 0.96203297 0.91607016
1610192153 0.0000000 0.99609500 0.99201053
1610249009 0.0000000 0.99458504 0.98915619
1610838659 0.0000000 0.99661696 0.99322551
1611559538 0.0000000 0.99659663 0.99313319
1611565557 0.0000000 0.99686360 0.99356014
1611574763 0.0000000 0.99452251 0.98875630
1611584686 0.0000000 0.99364257 0.98635864
1611818971 0.0000000 0.99450266 0.98880273
