1338362741 0.0000000 0.99943227 0.99877423
1338842309 0.0000000 0.89330745 0.75434232
1338890190 0.0000000 0.89913994 0.77241880
1338944914 0.0000000 0.99990159 0.99966908
1338944979 0.0000000 0.99962980 0.99917215
1338945045 0.0000000 0.99756986 0.99506092
1339216879 0.0000000 0.75438482 0.25934237
1339275618 0.0000000 0.99952143 0.99892563
1339278860 0.0000000 0.96067399 0.91811073
1339309409 0.0000000 0.99884164 0.99762309
1339575740 0.0000000 0.99635375 0.99268347
1339598466 0.0000000 0.98880243 0.97747803
1339646879 0.0000000 0.99755961 0.99503589
1339690513 0.0000000 0.99991852 0.99969757
1339702255 0.0000000 0.99958295 0.99903607
1339923712 0.0000000 0.99972057 0.99932277
1341299876 0.0000000 0.99938500 0.99867380
1341924177 0.0000000 0.99716270 0.99426872
1342405200 0.0000000 0.99950486 0.99883354
1344277570 0.0000000 0.99854010 0.99700177
1344910008 0.0000000 0.99963921 0.99910837
1344941743 0.0000000 0.99892461 0.99772233
1345138860 0.0000000 0.98110884 0.96153426
1345234802 0.0000000 0.99993080 0.99970198
1346380382 0.0000000 0.99878174 0.99745548
1346415099 0.0000000 0.99361551 0.98725486
1346415834 0.0000000 0.98349589 0.96676582
1346788818 0.0000000 0.99993044 0.99973989
1346816730 0.0000000 0.99841279 0.99674356
1348523853 0.0000000 0.99981976 0.99953353
1350722979 0.0000000 0.99941397 0.99867433
1350800865 0.0000000 0.99905562 0.99792767
1351161077 0.0000000 0.99989426 0.99965960
1352122829 0.0000000 0.99583316 0.99168110
1352554787 0.0000000 0.99972808 0.99918783
1353431341 0.0000000 0.99993223 0.99977738
1353536726 0.0000000 0.99970728 0.99928808
1354158772 0.0000000 0.99983525 0.99959713
1354470336 0.0000000 0.99975246 0.99941850
1354477411 0.0000000 0.99918777 0.99827069
1354976814 0.0000000 0.99968714 0.99924463
1355221924 0.0000000 0.99934357 0.99856538
1356243184 0.0000000 0.99247742 0.98499262
1356319072 0.0000000 0.99993873 0.99979627
1356487597 0.0000000 0.99960440 0.99909157
1356883405 0.0000000 0.99976373 0.99941301
1357128106 0.0000000 0.99803555 0.99605435
1357236484 0.0000000 0.99774396 0.99546880
1357270197 0.0000000 0.99936670 0.99863839
1357331931 0.0000000 0.12049725 -97.428558
1357541346 0.0000000 0.99990422 0.99972755
1357994057 0.0000000 0.99800444 0.99595046
1358411441 0.0000000 0.29498810 -8.9093342
1358708986 0.0000000 0.99980587 0.99954051
1359776392 0.0000000 0.99988574 0.99962950
1361064727 0.0000000 0.99533153 0.99068379
1361239965 0.0000000 0.99784881 0.99566466
1361256759 0.0000000 0.99926090 0.99842769
1361373628 0.0000000 0.99911785 0.99809617
1361471757 0.0000000 0.99797648 0.99587363
1361665659 0.0000000 0.99415016 0.98832196
1362386544 0.0000000 0.99983180 0.99943626
1362609444 0.0000000 0.98284847 0.96576619
1362627405 0.0000000 0.99993587 0.99969435
1362643640 0.0000000 0.99366796 0.98736131
1363079024 0.0000000 0.99932510 0.99855649
1363764120 0.0000000 0.99356413 0.98716885
1364349799 0.0000000 0.99993736 0.99972767
1364349845 0.0000000 0.99994010 0.99973142
1364355002 0.0000000 0.99279970 0.98564023
1364690983 0.0000000 0.99988300 0.99952430
1365625224 0.0000000 0.99994850 0.99975824
1366061297 0.0000000 0.99870038 0.99730563
1366432589 0.0000000 0.99686259 0.99371892
1366513671 0.0000000 0.99834037 0.99658930
1369110346 0.0000000 0.99929243 0.99847025
1369124755 0.0000000 0.99990135 0.99963045
1369791239 0.0000000 0.99880123 0.99752480
1369883683 0.0000000 0.99893290 0.99775374
1370118743 0.0000000 0.99993879 0.99963033
1370151783 0.0000000 0.99994832 0.99975920
1370623082 0.0000000 0.99993068 0.99973798
1372241957 0.0000000 0.99533445 0.99065286
1372463510 0.0000000 0.99990082 0.99965608
1373829868 0.0000000 0.99761009 0.99512500
1373895699 0.0000000 0.99985921 0.99948514
1373969495 0.0000000 0.99975932 0.99938643
1374677225 0.0000000 0.99873114 0.99736059
1374679935 0.0000000 0.99902451 0.99788231
1376837821 0.0000000 0.99731594 0.99453318
1377205321 0.0000000 0.99516445 0.99030513
1377355603 0.0000000 0.99410385 0.98822409
1377407246 0.0000000 0.94995773 0.89620227
1378247005 0.0000000 0.98603368 0.97192866
1378467231 0.0000000 0.99995083 0.99974519
1379475197 0.0000000 0.99636370 0.99264354
1380542719 0.0000000 0.99542648 0.99084187
1381466759 0.0000000 0.98535043 0.97077107
1381684855 0.0000000 0.99978203 0.99931949
1382170436 0.0000000 0.99989802 0.99949837
1382919848 0.0000000 0.96204418 0.92085284
1383069011 0.0000000 0.96718210 0.93257272
1383085061 0.0000000 0.97815830 0.95599365
1383220929 0.0000000 0.99994761 0.99972647
1383227120 0.0000000 0.99581420 0.99159098
1383227831 0.0000000 0.99591738 0.99178779
1383234448 0.0000000 0.99955881 0.99891448
1383263545 0.0000000 0.99766189 0.99526161
1383450194 0.0000000 0.99779040 0.99550378
1383519374 0.0000000 0.99689025 0.99373466
1383809110 0.0000000 0.99748868 0.99492055
1383809501 0.0000000 0.99705112 0.99404734
1383989687 0.0000000 0.99593258 0.99181092
1384145710 0.0000000 0.99981260 0.99944198
1384544358 0.0000000 0.99949181 0.99854207
1386347977 0.0000000 0.99887860 0.99738806
1386357780 0.0000000 0.99958199 0.99879521
1387916955 0.0000000 0.99986017 0.99937880
1389034180 0.0000000 0.99936438 0.99839491
1389204911 0.0000000 0.99988210 0.99940586
1389717867 0.0000000 0.99939889 0.99845928
1389724692 0.0000000 0.99988747 0.99942380
1389729005 0.0000000 0.99969000 0.99900985
1389740803 0.0000000 0.99907529 0.99784464
1389904819 0.0000000 0.99677688 0.99338084
1390517490 0.0000000 0.99859619 0.99685079
1390619771 0.0000000 0.99904966 0.99782985
1391790286 0.0000000 0.99485558 0.98968428
1393014317 0.0000000 0.99974543 0.99917775
1393065064 0.0000000 0.99959195 0.99870127
1393759985 0.0000000 0.99956566 0.99864900
1393791078 0.0000000 0.99985546 0.99925095
1394913876 0.0000000 0.99988317 0.99946666
1395061976 0.0000000 0.99980789 0.99923658
1395231566 0.0000000 0.99991930 0.99949884
1397097485 0.0000000 0.99983543 0.99934894
1397746253 0.0000000 0.99884027 0.99736017
1398443585 0.0000000 0.99701351 0.99389768
1399207416 0.0000000 0.99981713 0.99932557
1399278483 0.0000000 0.99720764 0.99414265
1399745740 0.0000000 0.99932188 0.99826586
1399746271 0.0000000 0.99975109 0.99910420
1400631673 0.0000000 0.99990267 0.99937272
1401021673 0.0000000 0.99980807 0.99924451
1401296286 0.0000000 0.99990863 0.99926466
1402085900 0.0000000 0.98889422 0.97790265
1402313583 0.0000000 0.99992079 0.99935007
1402624068 0.0000000 0.95129502 0.89791822
1402784563 0.0000000 0.99814725 0.99601662
1403034553 0.0000000 0.99690163 0.99364173
1403317269 0.0000000 0.99895293 0.99767411
1403439974 0.0000000 0.99943984 0.99856585
1404774365 0.0000000 0.99986225 0.99930596
1404925818 0.0000000 0.99926060 0.99819940
1405577514 0.0000000 0.99995166 0.99971074
1407296767 0.0000000 0.99997789 0.99963057
1407544588 0.0000000 0.99582124 0.99160320
1408047770 0.0000000 0.99993765 0.99960893
1410046387 0.0000000 0.99974912 0.99921739
1410325949 0.0000000 0.99575096 0.99147528
1410382444 0.0000000 0.99936348 0.99845606
1411247643 0.0000000 0.99976325 0.99923849
1411641303 0.0000000 0.99995452 0.99960923
1412009058 0.0000000 0.99991018 0.99947155
1412705290 0.0000000 0.99982911 0.99939686
1413207959 0.0000000 0.99510360 0.99017370
1414298821 0.0000000 0.99911034 0.99800372
1416419181 0.0000000 0.99975842 0.99931514
1416419227 0.0000000 0.99976438 0.99932867
1416540553 0.0000000 0.99995756 0.99966949
1417557685 0.0000000 0.99970400 0.99913073
1417655668 0.0000000 0.99478698 0.98954821
1418245419 0.0000000 0.99992460 0.99960881
1418533563 0.0000000 0.99947095 0.99870414
1419682925 0.0000000 0.99147260 0.98300028
1419947441 0.0000000 0.99718916 0.99431962
1419995164 0.0000000 0.99950737 0.99883479
1420012476 0.0000000 0.99989098 0.99957049
1420437226 0.0000000 0.99907309 0.99792802
1420606112 0.0000000 0.99992204 0.99960291
1420742654 0.0000000 0.99970329 0.99920684
1421435535 0.0000000 0.99847513 0.99681985
1421639313 0.0000000 0.99945897 0.99869806
1422083726 0.0000000 0.99891704 0.99768168
1422374758 0.0000000 0.99992496 0.99964154
1422958210 0.0000000 0.99813688 0.99612272
1423037687 0.0000000 0.99423683 0.98848212
1423603888 0.0000000 0.99220103 0.98444229
1423726535 0.0000000 0.99724871 0.99445873
1423857991 0.0000000 0.99995977 0.99973482
1424969403 0.0000000 0.99957389 0.99896878
1426114954 0.0000000 0.98950052 0.97907549
1426344314 0.0000000 0.99306500 0.98617375
1426852891 0.0000000 0.99726707 0.99447429
1427105631 0.0000000 0.99979353 0.99936920
1427483378 0.0000000 0.99973524 0.99916744
1428208678 0.0000000 0.99442846 0.98887944
1428320250 0.0000000 0.99950719 0.99883300
1428945237 0.0000000 0.99698025 0.99383420
1429127316 0.0000000 0.99968493 0.99909067
1429494176 0.0000000 0.99978817 0.99945104
1429494550 0.0000000 0.99971741 0.99930948
1429528847 0.0000000 0.99984837 0.99946660
1429530313 0.0000000 0.99975783 0.99934345
1429531199 0.0000000 0.99979943 0.99948877
1429992097 0.0000000 0.99974209 0.99938369
1430658547 0.0000000 0.99890321 0.99761528
1431333501 0.0000000 0.99896920 0.99774194
1431387795 0.0000000 0.99780256 0.99537742
1431628549 0.0000000 0.98292804 0.96589023
1432588969 0.0000000 0.99962848 0.99898428
1432601816 0.0000000 0.99952823 0.99883533
1432799863 0.0000000 0.99930209 0.99837232
1434467768 0.0000000 0.99860239 0.99695146
1434867330 0.0000000 0.99944794 0.99859887
1435335400 0.0000000 0.99944180 0.99842817
1438066750 0.0000000 0.99525279 0.99047655
1438936857 0.0000000 0.99245673 0.98495227
1439209234 0.0000000 0.98871964 0.97755861
1439418087 0.0000000 0.99969071 0.99901682
1439474882 0.0000000 0.99971986 0.99906957
1439699200 0.0000000 0.99798167 0.99573207
1442339782 0.0000000 0.99819928 0.99617380
1442345855 0.0000000 0.99974912 0.99914306
1442345878 0.0000000 0.99974960 0.99914706
1442408939 0.0000000 0.99978292 0.99921763
1442410226 0.0000000 0.99216497 0.98427421
1442413798 0.0000000 0.99534500 0.99065465
1443074281 0.0000000 0.99925101 0.99818170
1443555465 0.0000000 0.99785507 0.99542397
1444648487 0.0000000 0.99983495 0.99938798
1444736944 0.0000000 0.99983430 0.99903953
1444953165 0.0000000 0.99736327 0.99453884
1444953267 0.0000000 0.99659544 0.99309230
1445014914 0.0000000 0.99771971 0.99500781
1445221055 0.0000000 0.99962068 0.99897796
1445233331 0.0000000 0.99878079 0.99743819
1445239215 0.0000000 0.99852896 0.99688751
1446412182 0.0000000 0.99976385 0.99917936
1446412281 0.0000000 0.99977934 0.99942225
1446509184 0.0000000 0.99934727 0.99849159
1446509190 0.0000000 0.99935114 0.99850011
1446714386 0.0000000 0.99870551 0.99717414
1447167192 0.0000000 0.99591511 0.99179012
1447255999 0.0000000 0.99971843 0.99923021
1447277516 0.0000000 0.98747367 0.97493380
1448316095 0.0000000 0.99667078 0.99326396
1448671943 0.0000000 0.99457192 0.98916072
1449033717 0.0000000 0.99895042 0.99765956
1449035580 0.0000000 0.99563295 0.99121374
1449153073 0.0000000 0.99971145 0.99932832
1449935242 0.0000000 0.99843377 0.99673444
1450510821 0.0000000 0.99801040 0.99600613
1450536811 0.0000000 0.99976557 0.99936908
1450992022 0.0000000 0.99421203 0.98845124
1451199638 0.0000000 0.99777877 0.99544936
1451327726 0.0000000 0.99870300 0.99731636
1451523194 0.0000000 0.99957919 0.99901181
1451829690 0.0000000 0.99735653 0.99459350
1451928000 0.0000000 0.99965715 0.99914682
1452487977 0.0000000 0.99971247 0.99917448
1453169606 0.0000000 0.99983323 0.99948090
1453824336 0.0000000 0.99982113 0.99952573
1454422761 0.0000000 0.99974126 0.99945086
1454702246 0.0000000 0.99980307 0.99949175
1454702308 0.0000000 0.99983174 0.99954540
1454702406 0.0000000 0.99975109 0.99942917
1454702512 0.0000000 0.99968475 0.99932015
1454978820 0.0000000 0.99970132 0.99929905
1455590759 0.0000000 0.99932963 0.99856877
1455595494 0.0000000 0.99972564 0.99936593
1455757779 0.0000000 0.99969786 0.99924576
1455758311 0.0000000 0.99970698 0.99928731
1456215987 0.0000000 0.99858028 0.99710238
1456541993 0.0000000 0.99979830 0.99946797
1457201466 0.0000000 0.99396801 0.98797512
1457276938 0.0000000 0.99945962 0.99876499
1459152479 0.0000000 0.99953574 0.99887431
1459502085 0.0000000 0.99824536 0.99640995
1459988008 0.0000000 0.99951696 0.99895149
1460294506 0.0000000 0.99949795 0.99887931
1460353509 0.0000000 0.99979794 0.99940747
1460804146 0.0000000 0.99974972 0.99941266
1461082597 0.0000000 0.99659276 0.99315733
1461607991 0.0000000 0.99980927 0.99951768
1461770234 0.0000000 0.99982435 0.99955934
1461770257 0.0000000 0.99982458 0.99955869
1461770858 0.0000000 0.99967587 0.99917769
1461781146 0.0000000 0.99965304 0.99913293
1461806086 0.0000000 0.99413145 0.98826587
1462056417 0.0000000 0.99831444 0.99654406
1462199340 0.0000000 0.99871272 0.99736297
1462521203 0.0000000 0.99958432 0.99895233
1462632669 0.0000000 0.99847680 0.99687457
1462675593 0.0000000 0.99714154 0.99427122
1463023035 0.0000000 0.99978948 0.99941832
1463023251 0.0000000 0.99979430 0.99939585
1463023282 0.0000000 0.99971366 0.99924111
1463027395 0.0000000 0.99980634 0.99946821
1463127852 0.0000000 0.99972939 0.99931610
1463195522 0.0000000 0.99707007 0.99413306
1463196768 0.0000000 0.99941492 0.99866009
1463530965 0.0000000 0.99961823 0.99910712
1463863900 0.0000000 0.99972415 0.99914426
1463882779 0.0000000 0.99946356 0.99859506
1464184475 0.0000000 0.99914324 0.99803740
1464544116 0.0000000 0.99796605 0.99572051
1464576767 0.0000000 0.99622744 0.99233401
1464630651 0.0000000 0.99886543 0.99747127
1464672226 0.0000000 0.99979544 0.99948317
1466204142 0.0000000 0.98514980 0.97033119
1466383187 0.0000000 0.99961770 0.99898148
1466409210 0.0000000 0.99253178 0.98510003
1466715930 0.0000000 0.99977964 0.99942678
1467361422 0.0000000 0.99930960 0.99839693
1469019333 0.0000000 0.96474278 0.92762929
1469592155 0.0000000 0.99779415 0.99547523
1471008941 0.0000000 0.98982865 0.97966498
1471908408 0.0000000 0.99887133 0.99771202
1472660934 0.0000000 0.99881762 0.99762875
1473440050 0.0000000 0.99956000 0.99903256
1475055492 0.0000000 0.99964732 0.99927658
1475769120 0.0000000 0.99974549 0.99946511
1477370752 0.0000000 0.99975914 0.99943972
1478519786 0.0000000 0.99966860 0.99932981
1478903131 0.0000000 0.99972987 0.99945760
1480024554 0.0000000 0.99974072 0.99948549
1480377579 0.0000000 0.99981195 0.99953651
1480507474 0.0000000 0.99975991 0.99950653
1481256588 0.0000000 0.99946058 0.99890530
1481811269 0.0000000 0.99979639 0.99958575
1483057851 0.0000000 0.99952281 0.99904364
1483513641 0.0000000 0.99708450 0.99416798
1484155863 0.0000000 0.99706882 0.99414390
1484797338 0.0000000 0.99915975 0.99831235
1484900187 0.0000000 0.99562651 0.99121022
1485329586 0.0000000 0.99854428 0.99708170
1486746772 0.0000000 0.99979335 0.99957573
1487420859 0.0000000 0.99964237 0.99927104
1487652197 0.0000000 0.98548168 0.97065920
1488212310 0.0000000 0.99950105 0.99898523
1488924651 0.0000000 0.99943370 0.99886090
1489967289 0.0000000 0.99708557 0.99408710
1490066029 0.0000000 0.99715656 0.99425799
1490805242 0.0000000 0.99965209 0.99930447
1492112471 0.0000000 0.99868006 0.99700928
1492367656 0.0000000 0.99602586 0.99191374
1493517442 0.0000000 0.99859518 0.99709821
1493960850 0.0000000 0.99781430 0.99560124
1493986611 0.0000000 0.99717808 0.99412817
1494889974 0.0000000 0.99894559 0.99779379
1494932580 0.0000000 0.99527586 0.98970950
1495631454 0.0000000 0.99848360 0.99687618
1495691291 0.0000000 0.99711031 0.99397719
1495956669 0.0000000 0.98320401 0.96445477
1495999757 0.0000000 0.99803871 0.99566823
1496582686 0.0000000 0.99816591 0.99607974
1497967350 0.0000000 0.99727911 0.99453688
1498029939 0.0000000 0.99710506 0.99420089
1500318986 0.0000000 0.99777639 0.99551278
1501139292 0.0000000 0.99921393 0.99838847
1501845585 0.0000000 0.99851221 0.99696600
1502294736 0.0000000 0.99758601 0.99513513
1502416734 0.0000000 0.99863398 0.99725395
1502582915 0.0000000 0.99855810 0.99696469
1504364658 0.0000000 0.99750632 0.99492395
1505096741 0.0000000 0.99579966 0.99161536
1505687994 0.0000000 0.99816751 0.99633735
1505917796 0.0000000 0.99871117 0.99741799
1506232185 0.0000000 0.99542135 0.99057305
1506549399 0.0000000 0.99718076 0.99433833
1507505391 0.0000000 0.99909079 0.99813884
1507747520 0.0000000 0.99854577 0.99702513
1508582157 0.0000000 0.99878603 0.99753618
1509318944 0.0000000 0.99848378 0.99680400
1509677295 0.0000000 0.99855554 0.99700975
1509677339 0.0000000 0.99861234 0.99709851
1509752088 0.0000000 0.99875498 0.99748290
1510398879 0.0000000 0.99679202 0.99354148
1510402973 0.0000000 0.99849254 0.99673587
1510440860 0.0000000 0.99374574 0.98740047
1510947032 0.0000000 0.99791825 0.99570525
1511360409 0.0000000 0.99872905 0.99734861
1511470532 0.0000000 0.99817091 0.99627173
1512230735 0.0000000 0.99300015 0.98586196
1512377977 0.0000000 0.99897951 0.99781853
1512704669 0.0000000 0.99852073 0.99691480
1513120660 0.0000000 0.99711752 0.99407685
1516168751 0.0000000 0.99856406 0.99699962
1516984288 0.0000000 0.99795967 0.99584192
1517686257 0.0000000 0.99880928 0.99738520
1517749972 0.0000000 0.99945879 0.99872047
1517752600 0.0000000 0.99887329 0.99742776
1517752662 0.0000000 0.99889296 0.99745357
1517753127 0.0000000 0.99697864 0.99326396
1517753452 0.0000000 0.99903202 0.99769729
1517753522 0.0000000 0.99900359 0.99763554
1517753592 0.0000000 0.99897850 0.99758077
1517753815 0.0000000 0.99866271 0.99696839
1517758427 0.0000000 0.99671233 0.99301147
1517763262 0.0000000 0.99584150 0.99146062
1517821602 0.0000000 0.99677759 0.99313092
1517823894 0.0000000 0.99333292 0.98613983
1517846321 0.0000000 0.99835855 0.99633056
1517852233 0.0000000 0.99261951 0.98493171
1517893754 0.0000000 0.99931127 0.99830878
1517906208 0.0000000 0.99748927 0.99456000
1517932241 0.0000000 0.99908990 0.99794030
1517932280 0.0000000 0.99909306 0.99794328
1517932282 0.0000000 0.99909174 0.99794036
1517932427 0.0000000 0.99864084 0.99666673
1517932434 0.0000000 0.99863791 0.99665934
1517932492 0.0000000 0.99868715 0.99676639
1517933877 0.0000000 0.99817514 0.99606395
1517940013 0.0000000 0.99854922 0.99678731
1517940459 0.0000000 0.99877441 0.99705142
1517944528 0.0000000 0.99878174 0.99727839
1517945796 0.0000000 0.99806672 0.99580365
1517950582 0.0000000 0.99812967 0.99606991
1517958702 0.0000000 0.99817908 0.99601889
1517960631 0.0000000 0.99895191 0.99721527
1517969882 0.0000000 0.99859923 0.99680978
1517974578 0.0000000 0.99860317 0.99686402
1517998787 0.0000000 0.99523807 0.98962617
1518001985 0.0000000 0.99879360 0.99739039
1518008800 0.0000000 0.99858403 0.99701494
1518008880 0.0000000 0.99854124 0.99685049
1518013159 0.0000000 0.99788135 0.99544209
1518016890 0.0000000 0.99885905 0.99754095
1518016916 0.0000000 0.99885815 0.99753952
1518051257 0.0000000 0.99859053 0.99695688
1518059164 0.0000000 0.99749738 0.99470901
1518142443 0.0000000 0.99783880 0.99562019
1518201789 0.0000000 0.99792051 0.99567163
1518248929 0.0000000 0.99690449 0.99366218
1518858396 0.0000000 0.99865103 0.99723083
1518981709 0.0000000 0.99334234 0.98611075
1519051621 0.0000000 0.99889761 0.99760592
1519254641 0.0000000 0.99880832 0.99736714
1519583320 0.0000000 0.99877322 0.99723089
1519962147 0.0000000 0.99854094 0.99687582
1520098551 0.0000000 0.99915326 0.99799693
1520329330 0.0000000 0.99533337 0.99000871
1521024527 0.0000000 0.99775481 0.99529910
1521537776 0.0000000 0.99883956 0.99756283
1521728871 0.0000000 0.99716866 0.99421751
1522232997 0.0000000 0.99402845 0.98744559
1522282670 0.0000000 0.99753875 0.99493957
1522598524 0.0000000 0.98964828 0.97871476
1523432369 0.0000000 0.99509627 0.99018145
1523886539 0.0000000 0.99489653 0.98962885
1524201906 0.0000000 0.99056315 0.98108059
1524248877 0.0000000 0.98160887 0.96321785
1524308214 0.0000000 0.99588549 0.99177992
1524503432 0.0000000 0.99507523 0.99011391
1524721460 0.0000000 0.99722934 0.99437511
1524721601 0.0000000 0.99701965 0.99395776
1524808553 0.0000000 0.99721527 0.99440086
1525218424 0.0000000 0.99667549 0.99336302
1526098666 0.0000000 0.99447751 0.98857713
1527728598 0.0000000 0.99715596 0.99384153
1527904870 0.0000000 0.99483871 0.98930365
1528731725 0.0000000 0.99239498 0.98393166
1528750347 0.0000000 0.99450320 0.98879528
1528856173 0.0000000 0.99601167 0.99199569
1529096035 0.0000000 0.99733853 0.99462759
1529334375 0.0000000 0.99213350 0.98421550
1529522338 0.0000000 0.99621177 0.99242234
1530516370 0.0000000 0.99611449 0.99177986
1530516385 0.0000000 0.99610585 0.99175858
1530609654 0.0000000 0.99714458 0.99429089
1531312909 0.0000000 0.99343598 0.98654127
1531507119 0.0000000 0.99668193 0.99323088
1532050755 0.0000000 0.99640411 0.99278027
1533217098 0.0000000 0.99545962 0.99080205
1533504622 0.0000000 0.99025720 0.98044276
1533801692 0.0000000 0.99654227 0.99281383
1534500582 0.0000000 0.99423903 0.98823178
1534551317 0.0000000 0.99546206 0.99038404
1535572403 0.0000000 0.98841846 0.97691381
1535660064 0.0000000 0.98926514 0.97849643
1536498994 0.0000000 0.99046987 0.98091304
1536641006 0.0000000 0.99044675 0.98058325
1536700815 0.0000000 0.99138248 0.98255658
1538633849 0.0000000 0.99751878 0.99487227
1538766649 0.0000000 0.99619573 0.99231714
1539072778 0.0000000 0.99633104 0.99265116
1539164591 0.0000000 0.99354315 0.98698020
1540269298 0.0000000 0.99587357 0.99176311
1540310644 0.0000000 0.99666089 0.99332941
1541624711 0.0000000 0.99626261 0.99251336
1541712486 0.0000000 0.99346209 0.98696041
1542328459 0.0000000 0.99376613 0.98751342
1542608341 0.0000000 0.99526101 0.99054313
1542638415 0.0000000 0.98866791 0.97680604
1542645094 0.0000000 0.98647046 0.97274423
1543190243 0.0000000 0.99633193 0.99239522
1543191316 0.0000000 0.97836637 0.95547354
1543236658 0.0000000 0.99016213 0.97986150
1543238642 0.0000000 0.97275645 0.94423920
1543314575 0.0000000 0.98554927 0.97028303
1544368541 0.0000000 0.99593073 0.99148309
1544439487 0.0000000 0.99520582 0.99023628
1544621063 0.0000000 0.99626046 0.99244601
1544908865 0.0000000 0.99557143 0.99110389
1545710204 0.0000000 0.99676371 0.99287462
1546538568 0.0000000 0.99648738 0.99242777
1546949806 0.0000000 0.99567050 0.99108601
1548127166 0.0000000 0.92471236 0.83756047
1548825695 0.0000000 0.99679309 0.99336493
1548861293 0.0000000 0.99845147 0.99689811
1549366351 0.0000000 0.98356289 0.96616763
1549558324 0.0000000 0.99609029 0.99166405
1550239687 0.0000000 0.99573839 0.99123186
1551558867 0.0000000 0.99541807 0.99082834
1552012334 0.0000000 0.99721718 0.99439597
1552127531 0.0000000 0.96181649 0.91851884
1552421955 0.0000000 0.99460840 0.98894268
1552451554 0.0000000 0.99765968 0.99470776
1552511242 0.0000000 0.99581432 0.99118441
1552697151 0.0000000 0.99426943 0.98754734
1552968094 0.0000000 0.99400735 0.98784822
1553256348 0.0000000 0.99085450 0.98090899
1553414210 0.0000000 0.99347860 0.98665845
1554087275 0.0000000 0.99458081 0.98906797
1554172029 0.0000000 0.99682486 0.99354059
1554256375 0.0000000 0.99619859 0.99233216
1554343015 0.0000000 0.99785674 0.99556780
1554382610 0.0000000 0.99535495 0.99017996
1554499495 0.0000000 0.99538195 0.99054796
1554706689 0.0000000 0.99621040 0.99235332
1554822801 0.0000000 0.99674946 0.99328429
1554841453 0.0000000 0.99630779 0.99258369
1554850672 0.0000000 0.99625498 0.99219853
1555563667 0.0000000 0.99697614 0.99376708
1556793883 0.0000000 0.99277157 0.98545659
1556970683 0.0000000 0.99505788 0.99004072
1557330527 0.0000000 0.99514174 0.99015409
1557737721 0.0000000 0.99540615 0.99019378
1558197514 0.0000000 0.99451154 0.98901159
1558379328 0.0000000 0.99051505 0.98031110
1558489044 0.0000000 0.99604124 0.99153620
1558591969 0.0000000 0.99367410 0.98651600
1559317998 0.0000000 0.99560487 0.99095798
1559641578 0.0000000 0.99658942 0.99316454
1559762840 0.0000000 0.99467754 0.98866796
1560870606 0.0000000 0.99437076 0.98790914
1561237205 0.0000000 0.99408609 0.98819882
1561242160 0.0000000 0.99530739 0.99063504
1561825206 0.0000000 0.98802584 0.97565484
1561837452 0.0000000 0.99435091 0.98873407
1562610935 0.0000000 0.99629349 0.99258840
1562880116 0.0000000 0.99595642 0.99188000
1563275550 0.0000000 0.99005532 0.97968209
1563531230 0.0000000 0.99654484 0.99276692
1563768365 0.0000000 0.99680430 0.99361473
1563850922 0.0000000 0.97691268 0.95026225
1564123196 0.0000000 0.99615604 0.99134815
1564190683 0.0000000 0.99765718 0.99530631
1564649429 0.0000000 0.98278934 0.96482146
1564753988 0.0000000 0.99612749 0.99197227
1564784683 0.0000000 0.99671066 0.99312246
1565054388 0.0000000 0.99744260 0.99454677
1565055090 0.0000000 0.99480361 0.98918927
1565213283 0.0000000 0.99723428 0.99439663
1565218942 0.0000000 0.98613399 0.97080004
1565905300 0.0000000 0.99374080 0.98691851
1566053525 0.0000000 0.99541759 0.99048233
1566053530 0.0000000 0.99542177 0.99049193
1566074882 0.0000000 0.98780084 0.97555804
1566101114 0.0000000 0.99604642 0.99197412
1566598377 0.0000000 0.99121302 0.98193681
1566648618 0.0000000 0.99240899 0.98482096
1567237819 0.0000000 0.99558651 0.99115884
1567471650 0.0000000 0.99576581 0.99129099
1567604000 0.0000000 0.99290484 0.98574120
1567917359 0.0000000 0.98864269 0.97703379
1568005668 0.0000000 0.99643087 0.99252915
1568095682 0.0000000 0.99489290 0.98958439
1569863578 0.0000000 0.99455220 0.98887539
1570468626 0.0000000 0.99461883 0.98922163
1571312673 0.0000000 0.99579221 0.99159837
1571861758 0.0000000 0.93840307 0.86887240
1572218883 0.0000000 0.98195451 0.96251595
1573491297 0.0000000 0.99767315 0.99529982
1573495893 0.0000000 0.98128957 0.96050030
1574645562 0.0000000 0.99377346 0.98735660
1575564604 0.0000000 0.99313420 0.98629576
1575660753 0.0000000 0.99508911 0.99019599
1576495557 0.0000000 0.99729443 0.99452746
1577769501 0.0000000 0.99542719 0.99087507
1577819410 0.0000000 0.99724972 0.99441814
1578293635 0.0000000 0.99583983 0.99053544
1578510402 0.0000000 0.99404573 0.98765451
1579404154 0.0000000 0.99691302 0.99381483
1579703564 0.0000000 0.99510360 0.99000764
1580749376 0.0000000 0.99653596 0.99152529
1581076659 0.0000000 0.98956323 0.97864902
1581616159 0.0000000 0.99526578 0.99034500
1581629921 0.0000000 0.99690461 0.99345762
1581764406 0.0000000 0.99475604 0.98922676
1581764700 0.0000000 0.99667078 0.99295408
1581794413 0.0000000 0.99751252 0.99388808
1582090065 0.0000000 0.99521434 0.99025774
1582113307 0.0000000 0.97809291 0.95275217
1582546233 0.0000000 0.99329120 0.98560804
1582592414 0.0000000 0.99392623 0.98783481
1582629242 0.0000000 0.99567759 0.99085385
1582695255 0.0000000 0.99566728 0.99067974
1584677477 0.0000000 0.98822200 0.97526699
1585787701 0.0000000 0.99023998 0.98056823
1586304460 0.0000000 0.99174911 0.98281878
1586537097 0.0000000 0.99750400 0.99481958
1586691401 0.0000000 0.99527621 0.99053186
1587481331 0.0000000 0.98212749 0.96364933
1588476280 0.0000000 0.99612921 0.99211210
1589003116 0.0000000 0.99124718 0.98228979
1589548020 0.0000000 0.95921385 0.91271329
1589756010 0.0000000 0.98822540 0.97599781
1589910785 0.0000000 0.99558294 0.99113512
1590311534 0.0000000 0.96018904 0.91370541
1590359490 0.0000000 0.99609119 0.99206293
1590694463 0.0000000 0.98980898 0.97896117
1590843750 0.0000000 0.99084747 0.98101121
1591494563 0.0000000 0.99575001 0.99146062
1591839506 0.0000000 0.99555653 0.99090964
1591921295 0.0000000 0.99354607 0.98658681
1592079539 0.0000000 0.99694818 0.99374235
1592349420 0.0000000 0.99142915 0.98266149
1593214064 0.0000000 0.99613529 0.99196941
1593241888 0.0000000 0.99510705 0.99018782
1593407313 0.0000000 0.99472719 0.98876429
1593435168 0.0000000 0.99578893 0.99154252
1593519432 0.0000000 0.99314547 0.98616529
1594227272 0.0000000 0.99283552 0.98531950
1594265063 0.0000000 0.99647290 0.99241960
1594267923 0.0000000 0.99365669 0.98667383
1594526768 0.0000000 0.99155420 0.98287505
1594546164 0.0000000 0.99575436 0.99147773
1595767949 0.0000000 0.99631149 0.99246854
1597107665 0.0000000 0.99163198 0.98304862
1597123796 0.0000000 0.99610442 0.99221295
1597187246 0.0000000 0.99492729 0.98986548
1597774608 0.0000000 0.99563754 0.99116939
1597797181 0.0000000 0.99609327 0.99202776
1597806811 0.0000000 0.99712390 0.99412793
1598480108 0.0000000 0.99618417 0.99233037
1598847265 0.0000000 0.93456197 0.84641409
1599036279 0.0000000 0.99480659 0.98955810
1600306672 0.0000000 0.99525398 0.99009317
1600646088 0.0000000 0.99769586 0.99361056
1600833602 0.0000000 0.99490470 0.98960406
1601017581 0.0000000 0.99131417 0.98261917
1601326254 0.0000000 0.99733239 0.99457806
1601342057 0.0000000 0.99770719 0.99540502
1601440640 0.0000000 0.99717385 0.99419290
1601863505 0.0000000 0.99538308 0.99058104
1602517184 0.0000000 0.99290699 0.98577082
1602946993 0.0000000 0.99695492 0.99335098
1602947159 0.0000000 0.99620378 0.99194890
1603087586 0.0000000 0.98139042 0.96175450
1603396062 0.0000000 0.99368614 0.98704135
1603674483 0.0000000 0.98506206 0.96992755
1604358861 0.0000000 0.99480379 0.98945695
1604426346 0.0000000 0.99604362 0.99201757
1604601372 0.0000000 0.99533790 0.99068451
1604626818 0.0000000 0.99597734 0.99190021
1605130406 0.0000000 0.99594092 0.99188769
1605130534 0.0000000 0.99619740 0.99237120
1605266102 0.0000000 0.99640375 0.99267340
1605511152 0.0000000 0.99672133 0.99328911
1605551866 0.0000000 0.99761248 0.99521178
1605557664 0.0000000 0.99741912 0.99463582
1605621503 0.0000000 0.98592371 0.97133541
1605662576 0.0000000 0.99070036 0.98143405
1606582085 0.0000000 0.99144971 0.98257935
1606657334 0.0000000 0.99576527 0.99132508
1607578178 0.0000000 0.99627739 0.99244338
1607606398 0.0000000 0.99716002 0.99410367
1607606851 0.0000000 0.99558693 0.99105251
1607624108 0.0000000 0.99531484 0.99051249
1608317519 0.0000000 0.99322027 0.98642027
1608385359 0.0000000 0.99460191 0.98913509
1609436522 0.0000000 0.98183519 0.96286476
1609594007 0.0000000 0.99513000 0.99021661
1610162996 0.0000000 0.97282213 0.94249594
1610192153 0.0000000 0.99602199 0.99199194
1610249009 0.0000000 0.99510264 0.98961568
1610838659 0.0000000 0.99591261 0.99085778
1611559538 0.0000000 0.99557412 0.99072629
1611565557 0.0000000 0.99513721 0.99014395
1611574763 0.0000000 0.99383712 0.98725241
1611584686 0.0000000 0.99549532 0.99096036
1611818971 0.0000000 0.99718177 0.99400461
