1338362741 0.0000000 0.99859530 0.99718618
1338842309 0.0000000 0.99887687 0.99776030
1338890190 0.0000000 0.99964964 0.99929887
1338944914 0.0000000 0.99994445 0.99988472
1338944979 0.0000000 0.99996215 0.99991924
1338945045 0.0000000 0.99991101 0.99981934
1339216879 0.0000000 0.99945241 0.99890441
1339275618 0.0000000 0.99995333 0.99990433
1339278860 0.0000000 0.99843889 0.99686551
1339309409 0.0000000 0.99814391 0.99625880
1339575740 0.0000000 0.99252945 0.98496354
1339598466 0.0000000 0.98665780 0.97297198
1339646879 0.0000000 0.99463671 0.98925412
1339690513 0.0000000 0.99981982 0.99963838
1339702255 0.0000000 0.99902576 0.99804866
1339923712 0.0000000 0.99956053 0.99911296
1341299876 0.0000000 0.99905753 0.99811065
1341924177 0.0000000 0.99627984 0.99255902
1342405200 0.0000000 0.99914694 0.99829811
1344277570 0.0000000 0.99727714 0.99452949
1344910008 0.0000000 0.99965161 0.99929643
1344941743 0.0000000 0.99823189 0.99646324
1345138860 0.0000000 0.97794503 0.95459116
1345234802 0.0000000 0.99985296 0.99969941
1346380382 0.0000000 0.99582416 0.99162740
1346415099 0.0000000 0.98956400 0.97885269
1346415834 0.0000000 0.97133416 0.94015229
1346788818 0.0000000 0.99996150 0.99992156
1346816730 0.0000000 0.99726474 0.99446446
1348523853 0.0000000 0.99971348 0.99942130
1350722979 0.0000000 0.99885589 0.99771178
1350800865 0.0000000 0.99948442 0.99896163
1351161077 0.0000000 0.99992734 0.99984652
1352122829 0.0000000 0.99161738 0.98298329
1352554787 0.0000000 0.99968731 0.99937063
1353431341 0.0000000 0.99994439 0.99988586
1353536726 0.0000000 0.99953717 0.99907428
1354158772 0.0000000 0.99976873 0.99952769
1354470336 0.0000000 0.99954796 0.99908906
1354477411 0.0000000 0.99846458 0.99691361
1354976814 0.0000000 0.99934548 0.99868673
1355221924 0.0000000 0.99825305 0.99648428
1356243184 0.0000000 0.98434776 0.96871489
1356319072 0.0000000 0.99994022 0.99987274
1356487597 0.0000000 0.99946111 0.99892229
1356883405 0.0000000 0.99958426 0.99916303
1357128106 0.0000000 0.99615031 0.99224043
1357236484 0.0000000 0.99544525 0.99082917
1357270197 0.0000000 0.99906313 0.99812216
1357331931 0.0000000 0.99739599 0.99477935
1357541346 0.0000000 0.99991578 0.99983066
1357994057 0.0000000 0.99656671 0.99313521
1358411441 0.0000000 0.99901795 0.99803019
1358708986 0.0000000 0.99970299 0.99940592
1359776392 0.0000000 0.99986511 0.99973440
1361064727 0.0000000 0.99058533 0.98114109
1361239965 0.0000000 0.99489498 0.98978049
1361256759 0.0000000 0.99884319 0.99768668
1361373628 0.0000000 0.99805820 0.99611229
1361471757 0.0000000 0.99495399 0.98987949
1361665659 0.0000000 0.98934120 0.97827828
1362386544 0.0000000 0.99981654 0.99962646
1362609444 0.0000000 0.98588026 0.97098261
1362627405 0.0000000 0.99988866 0.99977452
1362643640 0.0000000 0.98584634 0.97097653
1363079024 0.0000000 0.99837637 0.99675918
1363764120 0.0000000 0.99021143 0.98007125
1364349799 0.0000000 0.99991858 0.99983573
1364349845 0.0000000 0.99991459 0.99982721
1364355002 0.0000000 0.98711950 0.97401255
1364690983 0.0000000 0.99981976 0.99962354
1365625224 0.0000000 0.99994200 0.99988186
1366061297 0.0000000 0.99710572 0.99418050
1366432589 0.0000000 0.99453849 0.98904747
1366513671 0.0000000 0.99751562 0.99500215
1369110346 0.0000000 0.99808222 0.99616706
1369124755 0.0000000 0.99992901 0.99985218
1369791239 0.0000000 0.99801391 0.99602723
1369883683 0.0000000 0.99762994 0.99523902
1370118743 0.0000000 0.99988902 0.99977624
1370151783 0.0000000 0.99992943 0.99984920
1370623082 0.0000000 0.99993986 0.99987102
1372241957 0.0000000 0.99251443 0.98504639
1372463510 0.0000000 0.99992967 0.99985325
1373829868 0.0000000 0.99437892 0.98871744
1373895699 0.0000000 0.99986219 0.99972409
1373969495 0.0000000 0.99961448 0.99922198
1374677225 0.0000000 0.99728221 0.99454540
1374679935 0.0000000 0.99748123 0.99495566
1376837821 0.0000000 0.99578798 0.99154902
1377205321 0.0000000 0.99155962 0.98286581
1377355603 0.0000000 0.98800981 0.97571433
1377407246 0.0000000 0.90699178 0.78405631
1378247005 0.0000000 0.97008806 0.93833941
1378467231 0.0000000 0.99994731 0.99987668
1379475197 0.0000000 0.99407113 0.98809922
1380542719 0.0000000 0.99201727 0.98400354
1381466759 0.0000000 0.97084481 0.94035327
1381684855 0.0000000 0.99969351 0.99937677
1382170436 0.0000000 0.99981868 0.99962342
1382919848 0.0000000 0.92380565 0.82775813
1383069011 0.0000000 0.93993950 0.86781585
1383085061 0.0000000 0.95952165 0.91410893
1383220929 0.0000000 0.99992949 0.99984682
1383227120 0.0000000 0.99197459 0.98386514
1383227831 0.0000000 0.99235147 0.98467737
1383234448 0.0000000 0.99902636 0.99805278
1383263545 0.0000000 0.99491650 0.98985064
1383450194 0.0000000 0.99505377 0.99011821
1383519374 0.0000000 0.99425405 0.98838431
1383809110 0.0000000 0.99216604 0.98412126
1383809501 0.0000000 0.99172539 0.98332119
1383989687 0.0000000 0.99328452 0.98659343
1384145710 0.0000000 0.99955624 0.99911028
1384544358 0.0000000 0.99934471 0.99868065
1386347977 0.0000000 0.99749029 0.99492246
1386357780 0.0000000 0.99937403 0.99874395
1387916955 0.0000000 0.99979228 0.99957675
1389034180 0.0000000 0.99872577 0.99743563
1389204911 0.0000000 0.99990684 0.99980640
1389717867 0.0000000 0.99840504 0.99680579
1389724692 0.0000000 0.99983978 0.99966586
1389729005 0.0000000 0.99937236 0.99873489
1389740803 0.0000000 0.99781668 0.99563414
1389904819 0.0000000 0.99336034 0.98661357
1390517490 0.0000000 0.99687636 0.99374396
1390619771 0.0000000 0.99704659 0.99409366
1391790286 0.0000000 0.99157602 0.98294532
1393014317 0.0000000 0.99968237 0.99935669
1393065064 0.0000000 0.99924129 0.99847978
1393759985 0.0000000 0.99906337 0.99811536
1393791078 0.0000000 0.99991375 0.99981880
1394913876 0.0000000 0.99993080 0.99986267
1395061976 0.0000000 0.99980086 0.99959284
1395231566 0.0000000 0.99993753 0.99986762
1397097485 0.0000000 0.99981833 0.99962991
1397746253 0.0000000 0.99842119 0.99683410
1398443585 0.0000000 0.99488592 0.98971611
1399207416 0.0000000 0.99944413 0.99889207
1399278483 0.0000000 0.99471754 0.98941129
1399745740 0.0000000 0.99894512 0.99788457
1399746271 0.0000000 0.99967545 0.99934703
1400631673 0.0000000 0.99991810 0.99982995
1401021673 0.0000000 0.99972934 0.99945444
1401296286 0.0000000 0.99990940 0.99980778
1402085900 0.0000000 0.98116702 0.96125227
1402313583 0.0000000 0.99982774 0.99964547
1402624068 0.0000000 0.92959392 0.84651273
1402784563 0.0000000 0.99592596 0.99186581
1403034553 0.0000000 0.99170691 0.98328859
1403317269 0.0000000 0.99644941 0.99288011
1403439974 0.0000000 0.99900931 0.99801373
1404774365 0.0000000 0.99987996 0.99974787
1404925818 0.0000000 0.99794227 0.99586827
1405577514 0.0000000 0.99994761 0.99989426
1407296767 0.0000000 0.99993640 0.99986249
1407544588 0.0000000 0.99734712 0.99467307
1408047770 0.0000000 0.99995911 0.99990839
1410046387 0.0000000 0.99976581 0.99949819
1410325949 0.0000000 0.99466103 0.98933607
1410382444 0.0000000 0.99922448 0.99844140
1411247643 0.0000000 0.99965799 0.99929082
1411641303 0.0000000 0.99996787 0.99992365
1412009058 0.0000000 0.99996263 0.99990815
1412705290 0.0000000 0.99969947 0.99938655
1413207959 0.0000000 0.99438757 0.98878646
1414298821 0.0000000 0.99833125 0.99666011
1416419181 0.0000000 0.99957955 0.99914593
1416419227 0.0000000 0.99957746 0.99913943
1416540553 0.0000000 0.99994773 0.99988490
1417557685 0.0000000 0.99957001 0.99913347
1417655668 0.0000000 0.98936057 0.97843277
1418245419 0.0000000 0.99997568 0.99993962
1418533563 0.0000000 0.99900848 0.99803042
1419682925 0.0000000 0.98804158 0.97612906
1419947441 0.0000000 0.99400270 0.98796117
1419995164 0.0000000 0.99864477 0.99729311
1420012476 0.0000000 0.99982470 0.99962872
1420437226 0.0000000 0.99789292 0.99578637
1420606112 0.0000000 0.99984461 0.99967182
1420742654 0.0000000 0.99950111 0.99899012
1421435535 0.0000000 0.99782228 0.99563825
1421639313 0.0000000 0.99901980 0.99803406
1422083726 0.0000000 0.99713820 0.99426556
1422374758 0.0000000 0.99992210 0.99983686
1422958210 0.0000000 0.99654508 0.99305546
1423037687 0.0000000 0.98879564 0.97754318
1423603888 0.0000000 0.98471338 0.96860862
1423726535 0.0000000 0.99421054 0.98818737
1423857991 0.0000000 0.99996585 0.99992472
1424969403 0.0000000 0.99919271 0.99838388
1426114954 0.0000000 0.98291743 0.96489429
1426344314 0.0000000 0.99164957 0.98324895
1426852891 0.0000000 0.99591655 0.99182636
1427105631 0.0000000 0.99993747 0.99984652
1427483378 0.0000000 0.99994653 0.99985373
1428208678 0.0000000 0.99392134 0.98782486
1428320250 0.0000000 0.99945450 0.99888086
1428945237 0.0000000 0.99534696 0.99067837
1429127316 0.0000000 0.99988544 0.99971622
1429494176 0.0000000 0.99995458 0.99989992
1429494550 0.0000000 0.99988675 0.99974626
1429528847 0.0000000 0.99989611 0.99975526
1429530313 0.0000000 0.99995053 0.99989337
1429531199 0.0000000 0.99995667 0.99989408
1429992097 0.0000000 0.99992442 0.99983251
1430658547 0.0000000 0.99887979 0.99774545
1431333501 0.0000000 0.99766266 0.99533522
1431387795 0.0000000 0.99659944 0.99319673
1431628549 0.0000000 0.96859801 0.93478042
1432588969 0.0000000 0.99960464 0.99915284
1432601816 0.0000000 0.99967963 0.99931228
1432799863 0.0000000 0.99951732 0.99899691
1434467768 0.0000000 0.99787229 0.99569553
1434867330 0.0000000 0.99946856 0.99884439
1435335400 0.0000000 0.99953896 0.99895257
1438066750 0.0000000 0.99410003 0.98822910
1438936857 0.0000000 0.98998302 0.97973830
1439209234 0.0000000 0.98199588 0.96367538
1439418087 0.0000000 0.99957019 0.99898833
1439474882 0.0000000 0.99991667 0.99972111
1439699200 0.0000000 0.99873286 0.99737448
1442339782 0.0000000 0.99647939 0.99294418
1442345855 0.0000000 0.99986035 0.99958223
1442345878 0.0000000 0.99986392 0.99958944
1442408939 0.0000000 0.99983919 0.99957389
1442410226 0.0000000 0.98729074 0.97454524
1442413798 0.0000000 0.99010050 0.98028481
1443074281 0.0000000 0.99882239 0.99756843
1443555465 0.0000000 0.99670881 0.99339652
1444648487 0.0000000 0.99993432 0.99960244
1444736944 0.0000000 0.99988931 0.99959677
1444953165 0.0000000 0.99525487 0.99052495
1444953267 0.0000000 0.99389201 0.98782134
1445014914 0.0000000 0.99763113 0.99520594
1445221055 0.0000000 0.99967611 0.99925059
1445233331 0.0000000 0.99787599 0.99568069
1445239215 0.0000000 0.99728996 0.99453282
1446412182 0.0000000 0.99992377 0.99974966
1446412281 0.0000000 0.99990106 0.99973059
1446509184 0.0000000 0.99902278 0.99797535
1446509190 0.0000000 0.99902141 0.99797344
1446714386 0.0000000 0.99805135 0.99604857
1447167192 0.0000000 0.99571007 0.99143904
1447255999 0.0000000 0.99983484 0.99956048
1447277516 0.0000000 0.98179078 0.96332759
1448316095 0.0000000 0.99559808 0.99121177
1448671943 0.0000000 0.99439096 0.98880810
1449033717 0.0000000 0.99788797 0.99572325
1449035580 0.0000000 0.99180537 0.98359931
1449153073 0.0000000 0.99993968 0.99980885
1449935242 0.0000000 0.99733478 0.99466193
1450510821 0.0000000 0.99415761 0.98834163
1450536811 0.0000000 0.99982256 0.99957746
1450992022 0.0000000 0.98894930 0.97780973
1451199638 0.0000000 0.99636531 0.99273282
1451327726 0.0000000 0.99855882 0.99710017
1451523194 0.0000000 0.99985486 0.99964744
1451829690 0.0000000 0.99641192 0.99283218
1451928000 0.0000000 0.99991530 0.99971855
1452487977 0.0000000 0.99989378 0.99971569
1453169606 0.0000000 0.99988377 0.99971604
1453824336 0.0000000 0.99993449 0.99982786
1454422761 0.0000000 0.99993849 0.99985838
1454702246 0.0000000 0.99994093 0.99986315
1454702308 0.0000000 0.99992472 0.99983191
1454702406 0.0000000 0.99993503 0.99986935
1454702512 0.0000000 0.99988586 0.99976021
1454978820 0.0000000 0.99959701 0.99918854
1455590759 0.0000000 0.99880064 0.99759644
1455595494 0.0000000 0.99973506 0.99946254
1455757779 0.0000000 0.99976450 0.99951565
1455758311 0.0000000 0.99969763 0.99937403
1456215987 0.0000000 0.99846250 0.99692190
1456541993 0.0000000 0.99990094 0.99979168
1457201466 0.0000000 0.98867053 0.97724026
1457276938 0.0000000 0.99964559 0.99928612
1459152479 0.0000000 0.99977213 0.99950910
1459502085 0.0000000 0.99758303 0.99516666
1459988008 0.0000000 0.99968332 0.99931014
1460294506 0.0000000 0.99977434 0.99948013
1460353509 0.0000000 0.99985951 0.99968958
1460804146 0.0000000 0.99996549 0.99988186
1461082597 0.0000000 0.99601495 0.99203295
1461607991 0.0000000 0.99994093 0.99982673
1461770234 0.0000000 0.99988991 0.99975365
1461770257 0.0000000 0.99989069 0.99975348
1461770858 0.0000000 0.99963897 0.99926329
1461781146 0.0000000 0.99975729 0.99946940
1461806086 0.0000000 0.99091178 0.98184425
1462056417 0.0000000 0.99753952 0.99508315
1462199340 0.0000000 0.99759597 0.99519157
1462521203 0.0000000 0.99948782 0.99893498
1462632669 0.0000000 0.99777538 0.99551576
1462675593 0.0000000 0.99523765 0.99047983
1463023035 0.0000000 0.99993557 0.99982566
1463023251 0.0000000 0.99992990 0.99982989
1463023282 0.0000000 0.99984705 0.99966395
1463027395 0.0000000 0.99993026 0.99980611
1463127852 0.0000000 0.99986738 0.99968600
1463195522 0.0000000 0.99585825 0.99171722
1463196768 0.0000000 0.99886596 0.99770588
1463530965 0.0000000 0.99975139 0.99940968
1463863900 0.0000000 0.99986386 0.99966443
1463882779 0.0000000 0.99937040 0.99869096
1464184475 0.0000000 0.99846816 0.99689937
1464544116 0.0000000 0.99677378 0.99353474
1464576767 0.0000000 0.99222535 0.98446774
1464630651 0.0000000 0.99876857 0.99747705
1464672226 0.0000000 0.99994081 0.99982446
1466204142 0.0000000 0.97891110 0.95716774
1466383187 0.0000000 0.99982387 0.99949652
1466409210 0.0000000 0.98462790 0.96871078
1466715930 0.0000000 0.99996394 0.99983424
1467361422 0.0000000 0.99922335 0.99832040
1469019333 0.0000000 0.94369596 0.88173252
1469592155 0.0000000 0.99641049 0.99277234
1471008941 0.0000000 0.97953033 0.95895207
1471908408 0.0000000 0.99850297 0.99683148
1472660934 0.0000000 0.99890792 0.99755085
1473440050 0.0000000 0.99989736 0.99929690
1475055492 0.0000000 0.99978554 0.99923772
1475769120 0.0000000 0.99992675 0.99967045
1477370752 0.0000000 0.99991816 0.99958378
1478519786 0.0000000 0.99970597 0.99912357
1478903131 0.0000000 0.99972022 0.99918640
1480024554 0.0000000 0.99983746 0.99956644
1480377579 0.0000000 0.99986881 0.99963289
1480507474 0.0000000 0.99989873 0.99962956
1481256588 0.0000000 0.99949485 0.99883699
1481811269 0.0000000 0.99990296 0.99973333
1483057851 0.0000000 0.99952787 0.99897128
1483513641 0.0000000 0.99557477 0.99117213
1484155863 0.0000000 0.99493736 0.98989010
1484797338 0.0000000 0.99898767 0.99793124
1484900187 0.0000000 0.99322933 0.98648828
1485329586 0.0000000 0.99782270 0.99563253
1486746772 0.0000000 0.99994040 0.99986070
1487420859 0.0000000 0.99988133 0.99967319
1487652197 0.0000000 0.97976238 0.95887184
1488212310 0.0000000 0.99955916 0.99910402
1488924651 0.0000000 0.99933797 0.99865961
1489967289 0.0000000 0.99665272 0.99331439
1490066029 0.0000000 0.99756736 0.99513805
1490805242 0.0000000 0.99976814 0.99950784
1492112471 0.0000000 0.99921381 0.99831092
1492367656 0.0000000 0.99596936 0.99176633
1493517442 0.0000000 0.99996072 0.99988985
1493960850 0.0000000 0.99953175 0.99904406
1493986611 0.0000000 0.99915463 0.99828035
1494889974 0.0000000 0.99997860 0.99988574
1494932580 0.0000000 0.99522185 0.99025506
1495631454 0.0000000 0.99966550 0.99928427
1495691291 0.0000000 0.99708295 0.99397129
1495956669 0.0000000 0.98207402 0.96251643
1495999757 0.0000000 0.99902385 0.99797922
1496582686 0.0000000 0.99914372 0.99823338
1497967350 0.0000000 0.99787813 0.99573433
1498029939 0.0000000 0.99788231 0.99573922
1500318986 0.0000000 0.99856669 0.99712718
1501139292 0.0000000 0.99992108 0.99983311
1501845585 0.0000000 0.99989873 0.99979651
1502294736 0.0000000 0.99849856 0.99699432
1502416734 0.0000000 0.99968612 0.99936593
1502582915 0.0000000 0.99994242 0.99988383
1504364658 0.0000000 0.99975896 0.99947143
1505096741 0.0000000 0.99586362 0.99173862
1505687994 0.0000000 0.99969751 0.99938899
1505917796 0.0000000 0.99996096 0.99991864
1506232185 0.0000000 0.99465191 0.98912323
1506549399 0.0000000 0.99803698 0.99607205
1507505391 0.0000000 0.99993169 0.99986577
1507747520 0.0000000 0.99901062 0.99801385
1508582157 0.0000000 0.99975336 0.99950129
1509318944 0.0000000 0.99985522 0.99970788
1509677295 0.0000000 0.99977422 0.99953657
1509677339 0.0000000 0.99975032 0.99948573
1509752088 0.0000000 0.99989164 0.99976557
1510398879 0.0000000 0.99581426 0.99155426
1510402973 0.0000000 0.99966455 0.99930441
1510440860 0.0000000 0.99086851 0.98142636
1510947032 0.0000000 0.99905437 0.99806142
1511360409 0.0000000 0.99995470 0.99987423
1511470532 0.0000000 0.99911839 0.99816787
1512230735 0.0000000 0.99046332 0.98044479
1512377977 0.0000000 0.99994785 0.99989033
1512704669 0.0000000 0.99968755 0.99934548
1513120660 0.0000000 0.99850810 0.99696344
1516168751 0.0000000 0.99915242 0.99822348
1516984288 0.0000000 0.99855453 0.99703395
1517686257 0.0000000 0.99838078 0.99660575
1517749972 0.0000000 0.99993038 0.99971277
1517752600 0.0000000 0.99997395 0.99981326
1517752662 0.0000000 0.99997413 0.99981320
1517753127 0.0000000 0.99667853 0.99303043
1517753452 0.0000000 0.99993813 0.99974334
1517753522 0.0000000 0.99994606 0.99975586
1517753592 0.0000000 0.99995089 0.99976897
1517753815 0.0000000 0.99986732 0.99958920
1517758427 0.0000000 0.99689758 0.99355149
1517763262 0.0000000 0.99506879 0.98976058
1517821602 0.0000000 0.99771017 0.99517912
1517823894 0.0000000 0.99037480 0.97974390
1517846321 0.0000000 0.99924493 0.99834675
1517852233 0.0000000 0.99189860 0.98315638
1517893754 0.0000000 0.99971491 0.99927181
1517906208 0.0000000 0.99750006 0.99485511
1517932241 0.0000000 0.99998170 0.99981362
1517932280 0.0000000 0.99998158 0.99981451
1517932282 0.0000000 0.99998212 0.99981451
1517932427 0.0000000 0.99998605 0.99982113
1517932434 0.0000000 0.99998593 0.99982041
1517932492 0.0000000 0.99997920 0.99980772
1517933877 0.0000000 0.99895644 0.99777585
1517940013 0.0000000 0.99991447 0.99968696
1517940459 0.0000000 0.99988747 0.99959052
1517944528 0.0000000 0.99990630 0.99967051
1517945796 0.0000000 0.99851185 0.99677825
1517950582 0.0000000 0.99926966 0.99834323
1517958702 0.0000000 0.99843222 0.99665409
1517960631 0.0000000 0.99936318 0.99854958
1517969882 0.0000000 0.99925506 0.99834979
1517974578 0.0000000 0.99941999 0.99868697
1517998787 0.0000000 0.99355650 0.98677802
1518001985 0.0000000 0.99939203 0.99858791
1518008800 0.0000000 0.99962896 0.99907428
1518008880 0.0000000 0.99936414 0.99856609
1518013159 0.0000000 0.99818969 0.99617910
1518016890 0.0000000 0.99995792 0.99975950
1518016916 0.0000000 0.99995911 0.99976099
1518051257 0.0000000 0.99969381 0.99924016
1518059164 0.0000000 0.99697781 0.99368042
1518142443 0.0000000 0.99843806 0.99672163
1518201789 0.0000000 0.99780256 0.99539852
1518248929 0.0000000 0.99625552 0.99219429
1518858396 0.0000000 0.99991506 0.99977642
1518981709 0.0000000 0.99106246 0.98152685
1519051621 0.0000000 0.99953818 0.99897581
1519254641 0.0000000 0.99995029 0.99979711
1519583320 0.0000000 0.99982679 0.99948657
1519962147 0.0000000 0.99974900 0.99940717
1520098551 0.0000000 0.99923396 0.99832046
1520329330 0.0000000 0.99427998 0.98821968
1521024527 0.0000000 0.99894172 0.99774504
1521537776 0.0000000 0.99990278 0.99969965
1521728871 0.0000000 0.99613971 0.99196243
1522232997 0.0000000 0.99374956 0.98712909
1522282670 0.0000000 0.99861324 0.99710149
1522598524 0.0000000 0.98740512 0.97362655
1523432369 0.0000000 0.99920422 0.99839741
1523886539 0.0000000 0.99964797 0.99927163
1524201906 0.0000000 0.98933762 0.97812742
1524248877 0.0000000 0.97970575 0.95821881
1524308214 0.0000000 0.99923718 0.99843317
1524503432 0.0000000 0.99906409 0.99808043
1524721460 0.0000000 0.99975067 0.99947327
1524721601 0.0000000 0.99962878 0.99921614
1524808553 0.0000000 0.99981540 0.99958038
1525218424 0.0000000 0.99977016 0.99949241
1526098666 0.0000000 0.99435931 0.98840612
1527728598 0.0000000 0.99981642 0.99961883
1527904870 0.0000000 0.99566960 0.99121165
1528731725 0.0000000 0.99111909 0.98181462
1528750347 0.0000000 0.99661988 0.99320042
1528856173 0.0000000 0.99983394 0.99965966
1529096035 0.0000000 0.99901795 0.99802327
1529334375 0.0000000 0.99026531 0.98035425
1529522338 0.0000000 0.99865830 0.99730426
1530516370 0.0000000 0.99823469 0.99646676
1530516385 0.0000000 0.99821913 0.99643427
1530609654 0.0000000 0.99943787 0.99884719
1531312909 0.0000000 0.99142092 0.98269683
1531507119 0.0000000 0.99972194 0.99943769
1532050755 0.0000000 0.99985218 0.99967659
1533217098 0.0000000 0.99530232 0.99050450
1533504622 0.0000000 0.99081916 0.98158276
1533801692 0.0000000 0.99951982 0.99903572
1534500582 0.0000000 0.99739885 0.99475789
1534551317 0.0000000 0.99852705 0.99704337
1535572403 0.0000000 0.98937809 0.97856933
1535660064 0.0000000 0.98893321 0.97764528
1536498994 0.0000000 0.99113488 0.98219407
1536641006 0.0000000 0.99136382 0.98262340
1536700815 0.0000000 0.99068427 0.98107451
1538633849 0.0000000 0.99889207 0.99778634
1538766649 0.0000000 0.99864656 0.99729252
1539072778 0.0000000 0.99947280 0.99893957
1539164591 0.0000000 0.99427843 0.98840052
1540269298 0.0000000 0.99989736 0.99979091
1540310644 0.0000000 0.99988854 0.99976975
1541624711 0.0000000 0.99979120 0.99956894
1541712486 0.0000000 0.99583244 0.99160320
1542328459 0.0000000 0.99766636 0.99532521
1542608341 0.0000000 0.99916798 0.99830675
1542638415 0.0000000 0.98498619 0.96790183
1542645094 0.0000000 0.98250312 0.96372706
1543190243 0.0000000 0.99984205 0.99964881
1543191316 0.0000000 0.97144043 0.94040501
1543236658 0.0000000 0.98388362 0.96571600
1543238642 0.0000000 0.96521014 0.92500025
1543314575 0.0000000 0.97912401 0.95604473
1544368541 0.0000000 0.99882007 0.99755418
1544439487 0.0000000 0.99905241 0.99808997
1544621063 0.0000000 0.99903917 0.99802411
1544908865 0.0000000 0.99982262 0.99964249
1545710204 0.0000000 0.99897754 0.99786514
1546538568 0.0000000 0.99933332 0.99860001
1546949806 0.0000000 0.99984938 0.99966019
1548127166 0.0000000 0.88880825 0.78429085
1548825695 0.0000000 0.99984372 0.99962252
1548861293 0.0000000 0.99991423 0.99976707
1549366351 0.0000000 0.97379136 0.94358695
1549558324 0.0000000 0.99949414 0.99890977
1550239687 0.0000000 0.99887514 0.99760473
1551558867 0.0000000 0.99905306 0.99803096
1552012334 0.0000000 0.99986786 0.99959993
1552127531 0.0000000 0.95573747 0.90497816
1552421955 0.0000000 0.99776393 0.99542260
1552451554 0.0000000 0.99969566 0.99935001
1552511242 0.0000000 0.99946177 0.99885446
1552697151 0.0000000 0.99856919 0.99705368
1552968094 0.0000000 0.99538261 0.99064803
1553256348 0.0000000 0.99251175 0.98468274
1553414210 0.0000000 0.99369383 0.98717737
1554087275 0.0000000 0.99567217 0.99121851
1554172029 0.0000000 0.99894929 0.99783945
1554256375 0.0000000 0.99988031 0.99966943
1554343015 0.0000000 0.99984092 0.99957043
1554382610 0.0000000 0.99785322 0.99556613
1554499495 0.0000000 0.99663514 0.99308032
1554706689 0.0000000 0.99951828 0.99899524
1554822801 0.0000000 0.99964935 0.99921620
1554841453 0.0000000 0.99855977 0.99701703
1554850672 0.0000000 0.99817008 0.99621087
1555563667 0.0000000 0.99984848 0.99965239
1556793883 0.0000000 0.99608147 0.99203587
1556970683 0.0000000 0.99854136 0.99703830
1557330527 0.0000000 0.99525088 0.99029940
1557737721 0.0000000 0.99797249 0.99590391
1558197514 0.0000000 0.99781734 0.99553233
1558379328 0.0000000 0.98278266 0.96450627
1558489044 0.0000000 0.99781406 0.99559957
1558591969 0.0000000 0.99775624 0.99545687
1559317998 0.0000000 0.99946666 0.99890947
1559641578 0.0000000 0.99986762 0.99970573
1559762840 0.0000000 0.99533653 0.99050403
1560870606 0.0000000 0.99620324 0.99231690
1561237205 0.0000000 0.99802023 0.99600679
1561242160 0.0000000 0.99874449 0.99748141
1561825206 0.0000000 0.98442566 0.96787953
1561837452 0.0000000 0.99982148 0.99963266
1562610935 0.0000000 0.99925601 0.99849290
1562880116 0.0000000 0.99984527 0.99967337
1563275550 0.0000000 0.99086773 0.98144287
1563531230 0.0000000 0.99976379 0.99952984
1563768365 0.0000000 0.99969089 0.99937999
1563850922 0.0000000 0.94835579 0.88846594
1564123196 0.0000000 0.99149328 0.98229694
1564190683 0.0000000 0.99989742 0.99978292
1564649429 0.0000000 0.97388947 0.94592094
1564753988 0.0000000 0.99871069 0.99741811
1564784683 0.0000000 0.99953771 0.99906206
1565054388 0.0000000 0.99950075 0.99898636
1565055090 0.0000000 0.99808931 0.99617654
1565213283 0.0000000 0.99985188 0.99968570
1565218942 0.0000000 0.98432088 0.96769297
1565905300 0.0000000 0.99415457 0.98813361
1566053525 0.0000000 0.99639720 0.99276638
1566053530 0.0000000 0.99636340 0.99269623
1566074882 0.0000000 0.98245293 0.96348143
1566101114 0.0000000 0.99944049 0.99887854
1566598377 0.0000000 0.99077183 0.98140043
1566648618 0.0000000 0.99271756 0.98541898
1567237819 0.0000000 0.99958700 0.99916476
1567471650 0.0000000 0.99852574 0.99704999
1567604000 0.0000000 0.99431473 0.98856270
1567917359 0.0000000 0.98752433 0.97442657
1568005668 0.0000000 0.99986207 0.99972373
1568095682 0.0000000 0.99580485 0.99142647
1569863578 0.0000000 0.99727106 0.99446064
1570468626 0.0000000 0.99666911 0.99319589
1571312673 0.0000000 0.99981201 0.99961859
1571861758 0.0000000 0.90788072 0.78191519
1572218883 0.0000000 0.98098248 0.96023947
1573491297 0.0000000 0.99971181 0.99937546
1573495893 0.0000000 0.96931416 0.93582237
1574645562 0.0000000 0.99453163 0.98902261
1575564604 0.0000000 0.99770981 0.99542540
1575660753 0.0000000 0.99793386 0.99586403
1576495557 0.0000000 0.99901521 0.99797487
1577769501 0.0000000 0.99784631 0.99558264
1577819410 0.0000000 0.99842477 0.99671936
1578293635 0.0000000 0.99795330 0.99569470
1578510402 0.0000000 0.99255633 0.98468179
1579404154 0.0000000 0.99975818 0.99949378
1579703564 0.0000000 0.99790359 0.99571472
1580749376 0.0000000 0.99954635 0.99898678
1581076659 0.0000000 0.99015880 0.97990137
1581616159 0.0000000 0.99858403 0.99710280
1581629921 0.0000000 0.99980557 0.99956614
1581764406 0.0000000 0.99986321 0.99964488
1581764700 0.0000000 0.99949360 0.99883568
1581794413 0.0000000 0.99936861 0.99860036
1582090065 0.0000000 0.99597776 0.99166656
1582113307 0.0000000 0.96616775 0.92871279
1582546233 0.0000000 0.98666561 0.97235370
1582592414 0.0000000 0.99413884 0.98810297
1582629242 0.0000000 0.99933791 0.99857652
1582695255 0.0000000 0.99737453 0.99457371
1584677477 0.0000000 0.98804480 0.97526979
1585787701 0.0000000 0.99437785 0.98873633
1586304460 0.0000000 0.99452007 0.98872042
1586537097 0.0000000 0.99986511 0.99448812
1586691401 0.0000000 0.99936551 0.99338484
1587481331 0.0000000 0.97404957 0.93305790
1588476280 0.0000000 0.99982363 0.99362046
1589003116 0.0000000 0.99320394 0.97902709
1589548020 0.0000000 0.94099027 0.84996593
1589756010 0.0000000 0.98488384 0.96126235
1589910785 0.0000000 0.99973387 0.99496764
1590311534 0.0000000 0.95130551 0.87195116
1590359490 0.0000000 0.99921089 0.99341726
1590694463 0.0000000 0.98363584 0.95760256
1590843750 0.0000000 0.99270326 0.97918576
1591494563 0.0000000 0.99640524 0.99246085
1591839506 0.0000000 0.99836504 0.99222475
1591921295 0.0000000 0.99516588 0.98506951
1592079539 0.0000000 0.99983341 0.99557179
1592349420 0.0000000 0.98862392 0.97028482
1593214064 0.0000000 0.99948186 0.99893618
1593241888 0.0000000 0.99799633 0.99597007
1593407313 0.0000000 0.99768263 0.99533731
1593435168 0.0000000 0.99908620 0.99817014
1593519432 0.0000000 0.99628276 0.99255371
1594227272 0.0000000 0.99354255 0.98693699
1594265063 0.0000000 0.99705827 0.99399823
1594267923 0.0000000 0.99250489 0.98476660
1594526768 0.0000000 0.99509037 0.99015319
1594546164 0.0000000 0.99937004 0.99868220
1595767949 0.0000000 0.99984986 0.99594116
1597107665 0.0000000 0.99166459 0.98311883
1597123796 0.0000000 0.99979872 0.99959272
1597187246 0.0000000 0.99892110 0.99778485
1597774608 0.0000000 0.99661165 0.99319452
1597797181 0.0000000 0.99550223 0.99076384
1597806811 0.0000000 0.99649227 0.99268383
1598480108 0.0000000 0.99918568 0.99835217
1598847265 0.0000000 0.89670295 0.76596951
1599036279 0.0000000 0.99876797 0.99752837
1600306672 0.0000000 0.99962956 0.99925208
1600646088 0.0000000 0.99968255 0.99936324
1600833602 0.0000000 0.99931729 0.99862379
1601017581 0.0000000 0.99215448 0.98403639
1601326254 0.0000000 0.99986875 0.99972057
1601342057 0.0000000 0.99987245 0.99973637
1601440640 0.0000000 0.99980879 0.99959552
1601863505 0.0000000 0.99597383 0.99189192
1602517184 0.0000000 0.99547929 0.99092054
1602946993 0.0000000 0.99956477 0.99911469
1602947159 0.0000000 0.99742752 0.99476337
1603087586 0.0000000 0.97970361 0.95691025
1603396062 0.0000000 0.99250650 0.98481297
1603674483 0.0000000 0.97832501 0.95450205
1604358861 0.0000000 0.99806535 0.99606580
1604426346 0.0000000 0.99976850 0.99950922
1604601372 0.0000000 0.99978828 0.99956781
1604626818 0.0000000 0.99983174 0.99965721
1605130406 0.0000000 0.99989712 0.99974537
1605130534 0.0000000 0.99985796 0.99967796
1605266102 0.0000000 0.99986887 0.99968922
1605511152 0.0000000 0.99986827 0.99970168
1605551866 0.0000000 0.99982506 0.99962121
1605557664 0.0000000 0.99979383 0.99955738
1605621503 0.0000000 0.98190147 0.96251225
1605662576 0.0000000 0.99267536 0.98516804
1606582085 0.0000000 0.99606377 0.99213243
1606657334 0.0000000 0.99962240 0.99921775
1607578178 0.0000000 0.99962795 0.99923801
1607606398 0.0000000 0.99988061 0.99971050
1607606851 0.0000000 0.99842167 0.99664938
1607624108 0.0000000 0.99976176 0.99951720
1608317519 0.0000000 0.99561691 0.99119109
1608385359 0.0000000 0.99536854 0.99050194
1609436522 0.0000000 0.96917510 0.93404788
1609594007 0.0000000 0.99928862 0.99848557
1610162996 0.0000000 0.95799863 0.90802729
1610192153 0.0000000 0.99969596 0.99936771
1610249009 0.0000000 0.99690926 0.99373817
1610838659 0.0000000 0.99978369 0.99948150
1611559538 0.0000000 0.99980479 0.99952310
1611565557 0.0000000 0.99957770 0.99911785
1611574763 0.0000000 0.99473631 0.98909622
1611584686 0.0000000 0.99544770 0.99061370
1611818971 0.0000000 0.99976403 0.99940228
