1056357316 0.0000000 0.99832684 0.99665064
1057028486 0.0000000 0.99566102 0.99132431
1057319282 0.0000000 0.99950743 0.99899763
1058108790 0.0000000 0.99910593 0.99818331
1058496080 0.0000000 0.99964303 0.99926835
1059102630 0.0000000 0.99944907 0.99888873
1059850488 0.0000000 0.99148726 0.98292345
1059910523 0.0000000 0.99992353 0.99980903
1059994404 0.0000000 0.99975342 0.99947262
1060172588 0.0000000 0.99990928 0.99977893
1060619413 0.0000000 0.99991453 0.99978685
1061586322 0.0000000 0.98656356 0.97312540
1062262342 0.0000000 0.99480540 0.98962396
1062859632 0.0000000 0.99554449 0.99110657
1063234506 0.0000000 0.99996728 0.99989855
1063264037 0.0000000 0.99826699 0.99652952
1064365712 0.0000000 0.99888760 0.99776989
1064533379 0.0000000 0.99870211 0.99738169
1065785029 0.0000000 0.99887496 0.99773520
1065790269 0.0000000 0.99826109 0.99652016
1065847269 0.0000000 0.99021477 0.98047036
1067505195 0.0000000 0.99809253 0.99618065
1068127124 0.0000000 0.99997425 0.99991846
1068356150 0.0000000 0.99877954 0.99753964
1068595355 0.0000000 0.99996412 0.99988919
1068804765 0.0000000 0.99959457 0.99916887
1068825242 0.0000000 0.99984866 0.99965221
1069412363 0.0000000 0.99950308 0.99899340
1070682432 0.0000000 0.99642938 0.99285972
1070692497 0.0000000 0.99979687 0.99957508
1070921046 0.0000000 0.99983257 0.99962789
1071031093 0.0000000 0.99999535 0.99995553
1071031176 0.0000000 0.99999475 0.99995512
1071031375 0.0000000 0.99993342 0.99984038
1071031628 0.0000000 0.99981773 0.99960291
1071031695 0.0000000 0.99981958 0.99961042
1071031744 0.0000000 0.99983078 0.99962384
1071031844 0.0000000 0.99977547 0.99951649
1071031926 0.0000000 0.99956626 0.99910718
1071033611 0.0000000 0.99996531 0.99990451
1071033625 0.0000000 0.99996483 0.99990463
1071035006 0.0000000 0.99908566 0.99813974
1071038489 0.0000000 0.99954581 0.99905568
1071042579 0.0000000 0.99886256 0.99768645
1071043831 0.0000000 0.99946833 0.99890345
1071046005 0.0000000 0.99993783 0.99984777
1071046239 0.0000000 0.99866879 0.99730575
1071074159 0.0000000 0.99935943 0.99869281
1071095531 0.0000000 0.99920547 0.99838048
1071100910 0.0000000 0.99995738 0.99988395
1071109335 0.0000000 0.99902403 0.99803114
1071169499 0.0000000 0.99952847 0.99904144
1071182968 0.0000000 0.99989676 0.99975938
1071183209 0.0000000 0.99987280 0.99970627
1071183435 0.0000000 0.99975812 0.99948263
1071443800 0.0000000 0.99964172 0.99925375
1071583019 0.0000000 0.99988395 0.99973166
1071584001 0.0000000 0.99945593 0.99889964
1071678445 0.0000000 0.99997276 0.99991167
1071725608 0.0000000 0.99971950 0.99942410
1072705310 0.0000000 0.99981463 0.99959296
1072926918 0.0000000 0.99998063 0.99993640
1073300844 0.0000000 0.99950713 0.99897915
1073475853 0.0000000 0.99879187 0.99758059
1073756920 0.0000000 0.99547154 0.99092799
1073986141 0.0000000 0.99978882 0.99955714
1073994067 0.0000000 0.99890459 0.99779063
1075317204 0.0000000 0.99996656 0.99989796
1075317446 0.0000000 0.99928778 0.99856597
1075318489 0.0000000 0.99989957 0.99977201
1075466599 0.0000000 0.99808496 0.99617338
1075865039 0.0000000 0.99998355 0.99993908
1076851926 0.0000000 0.99996823 0.99990749
1076884025 0.0000000 0.99986559 0.99970406
1077531525 0.0000000 0.99951303 0.99900502
1077584107 0.0000000 0.99974793 0.99948591
1078321829 0.0000000 0.99979007 0.99955636
1079154231 0.0000000 0.99946916 0.99891847
1080241624 0.0000000 0.99990964 0.99980223
1081488818 0.0000000 0.99909294 0.99816346
1082397083 0.0000000 0.99916983 0.99832976
1082563195 0.0000000 0.99865067 0.99729472
1082729069 0.0000000 0.99985808 0.99968427
1082820030 0.0000000 0.99989784 0.99976647
1083398171 0.0000000 0.99997973 0.99992591
1083961065 0.0000000 0.99992692 0.99983132
1084003366 0.0000000 0.99995703 0.99988568
1084082541 0.0000000 0.99989581 0.99976939
1084133207 0.0000000 0.99994701 0.99986863
1084597670 0.0000000 0.99944943 0.99885726
1084687448 0.0000000 0.99997640 0.99992466
1084950252 0.0000000 0.99999565 0.99996305
1085103239 0.0000000 0.99753082 0.99506807
1085390106 0.0000000 0.99836040 0.99670881
1086195389 0.0000000 0.99993062 0.99984163
1086315872 0.0000000 0.99929565 0.99856126
1086883086 0.0000000 0.99981081 0.99959064
1087613581 0.0000000 0.99935633 0.99869621
1089099122 0.0000000 0.99980450 0.99956983
1089113880 0.0000000 0.99936634 0.99871069
1089371968 0.0000000 0.99822372 0.99644548
1090478200 0.0000000 0.99931562 0.99861872
1091970746 0.0000000 0.99929869 0.99856180
1092861100 0.0000000 0.99840802 0.99680156
1093118276 0.0000000 0.99146426 0.98285449
1093908136 0.0000000 0.99851179 0.99701774
1097813330 0.0000000 0.99999064 0.99994904
1098848984 0.0000000 0.99909562 0.99818605
1099928102 -129.85001 9.73659679E-02 -12600.019
1099929295 -0.34999999 0.35684618 -3386427.5
1099929521 -1.4500000 0.23498636 -15643201.
1099931589 -132.85001 6.14779331E-02 -2433330.8
1099942690 -0.55000001 8.83121863E-02 -50157552.
1100098082 -0.55000001 0.15049928 -17233768.
1100139404 0.69999999 0.16870430 -5162181.0
1100237223 -1.7000000 0.13894083 -1475897.1
1100955874 0.0000000 0.99707979 0.99415827
1103674687 0.0000000 0.99892581 0.99784935
1105287429 0.0000000 0.99832046 0.99664366
1105405102 0.0000000 0.99974954 0.99949104
1105536640 0.0000000 0.99937433 0.99875051
1105765351 0.0000000 0.99896860 0.99793071
1106056455 0.0000000 0.99440932 0.98870701
1106207236 0.0000000 0.99991751 0.99982995
1106226863 0.0000000 0.99912488 0.99824560
1106317701 0.0000000 0.99991649 0.99981594
1106377004 0.0000000 0.99909538 0.99818951
1106829094 0.0000000 0.99856746 0.99713099
1107166208 0.0000000 0.99950993 0.99901956
1107223187 0.0000000 0.99989194 0.99977553
1107233798 0.0000000 0.99950856 0.99901056
1107286746 0.0000000 0.99705285 0.99410784
1107388387 0.0000000 0.99929422 0.99858636
1107601144 0.0000000 0.99987817 0.99975175
1107601252 0.0000000 0.99984986 0.99969578
1108162580 0.0000000 0.99909478 0.99818879
1108757898 0.0000000 0.99994540 0.99988490
1108761568 0.0000000 0.99893343 0.99785864
1110049611 0.0000000 0.99994093 0.99988234
1110049680 0.0000000 0.99994004 0.99987745
1110050185 0.0000000 0.99968582 0.99936879
1110050874 0.0000000 0.99940372 0.99880368
1110568232 0.0000000 0.99883252 0.99766541
1111274786 0.0000000 0.99964905 0.99929279
1113182839 0.0000000 0.99736112 0.99472994
1113208093 0.0000000 0.99900484 0.99800026
1113260515 0.0000000 0.99990523 0.99981207
1113331351 0.0000000 0.99792945 0.99585265
1114345058 0.0000000 0.99924409 0.99846828
1114872497 0.0000000 0.99993336 0.99986219
1114872533 0.0000000 0.99993253 0.99986207
1114872543 0.0000000 0.99993175 0.99986047
1114981677 0.0000000 0.99883354 0.99766159
1115167250 0.0000000 0.99967808 0.99935335
1115753263 0.0000000 0.99925929 0.99851120
1115910658 0.0000000 0.99610764 0.99222684
1115942660 0.0000000 0.99964195 0.99927360
1116353193 0.0000000 0.99837917 0.99675876
1117405041 0.0000000 0.99988306 0.99976581
1117642805 0.0000000 0.99994457 0.99987876
1118162704 0.0000000 0.99991500 0.99982202
1118367166 0.0000000 0.99989539 0.99978530
1118396676 0.0000000 0.99970561 0.99940139
1118501300 0.0000000 0.99890959 0.99781829
1118677980 0.0000000 0.99899030 0.99798405
1118868304 0.0000000 0.99705893 0.99408454
1119087065 0.0000000 0.99990958 0.99981308
1119729025 0.0000000 0.99735713 0.99471748
1119876655 0.0000000 0.99204928 0.98412347
1121472051 0.0000000 0.99941981 0.99882376
1121864763 0.0000000 0.99989551 0.99976462
1122385024 0.0000000 0.99982244 0.99962908
1122618639 0.0000000 0.99836433 0.99672520
1122777951 0.0000000 0.99920797 0.99840927
1123439949 0.0000000 0.99596035 0.99192905
1125373372 0.0000000 0.99844664 0.99688888
1125685516 0.0000000 0.99711710 0.99423689
1125969360 0.0000000 0.99996328 0.99988240
1127055473 0.0000000 0.99550915 0.99103683
1127456637 0.0000000 0.99928617 0.99856687
1127471662 0.0000000 0.99928468 0.99854320
1127494190 0.0000000 0.99953073 0.99902332
1127760620 0.0000000 0.99994922 0.99987453
1128153007 92.300003 8.67885351E-02 -22.727278
1128174696 10.800000 6.74552843E-02 -3.6314607
1128475640 122.10000 7.01821744E-02 -13.901022
1128528995 -10.650001 0.10519952 -15.396704
1128891916 -9.7500000 9.62642953E-02 -160.17191
1128923244 41.600002 8.24164376E-02 -94.798820
1129069430 -47.250000 5.73875085E-02 -696.71497
1129155495 -53.200001 0.11089054 -115.57479
1129246313 -24.750000 9.61204097E-02 -134.51323
1129324370 16.800001 0.11274700 -31.573093
1129391464 120.10000 6.55994415E-02 -1.84872150E-02
1129907016 -2.1000001 0.10547478 -239.88313
1130249327 87.400002 0.10726888 -736.65302
1131428965 71.250000 8.39681998E-02 -50.372601
1131431840 5.1500001 8.68581235E-02 -212.64996
1132062095 177.75000 9.05272067E-02 -113.50153
1132132485 -0.55000001 5.64645268E-02 -1.5304024
1132148341 -81.500000 9.97277275E-02 -33.190235
1132166999 65.950005 0.11632665 -48.739182
1132661855 -27.250000 8.19102377E-02 -88.200905
1132975230 14.250000 0.10089125 -47.786713
1133111580 -98.099998 9.31269303E-02 -295.32339
1133304109 -52.700001 0.13037258 -483.71945
1133601723 -0.75000000 0.12088069 -4028.0667
1133908462 45.000000 9.62416679E-02 -234.31544
1134710133 55.049999 9.80196148E-02 -164.78871
1135808248 25.300001 0.11533935 -183.13521
1135976852 63.950001 7.08511546E-02 -72.405914
1136739698 148.50000 0.15783128 -34.354458
1137913657 63.900002 9.80493426E-02 -5.1798058
1137989937 -23.300001 0.14634405 -7.6565056
1137990003 -23.350000 0.14234826 -8.8699560
1138288259 24.000000 0.11020098 -21.619400
1139284609 22.500000 0.11884709 -56.854328
1139326915 116.40000 8.25444534E-02 -14.478248
1140725945 0.0000000 0.99663490 0.99307656
1140746150 0.0000000 0.99890465 0.99758130
1141877248 0.0000000 0.99756491 0.99493033
1142029462 0.0000000 0.99472916 0.98931706
1142229311 0.0000000 0.99822700 0.99631310
1142709582 0.0000000 0.99459499 0.98914170
1143536168 0.0000000 0.99829859 0.99640119
1143616861 0.0000000 0.99750119 0.99490470
1143885739 0.0000000 0.99943948 0.99869579
1143885924 0.0000000 0.99947613 0.99881262
1143888020 0.0000000 0.99894869 0.99767160
1144129163 0.0000000 0.99771655 0.99525177
1144133312 0.0000000 0.99879289 0.99741006
1144179006 0.0000000 0.99795407 0.99565971
1144806135 0.0000000 0.99506432 0.99010926
1145140855 0.0000000 0.99929017 0.99828702
1145323561 0.0000000 0.99365354 0.98728389
1146215126 0.0000000 0.99917918 0.99814957
1146944291 0.0000000 0.98804837 0.97613335
1146966782 0.0000000 0.99869633 0.99721175
1147258751 0.0000000 0.99434841 0.98863697
1149411961 0.0000000 0.99909592 0.99802017
1149467938 0.0000000 0.99804842 0.99597555
1149638545 0.0000000 0.99723399 0.99434799
1149771133 0.0000000 0.99654877 0.99303114
1150128882 0.0000000 0.99539721 0.99064815
1151387381 0.0000000 0.99428654 0.98847473
1154072410 0.0000000 0.99946588 0.99864125
1154182305 0.0000000 0.99732125 0.99441171
1155212722 0.0000000 0.99511915 0.99013633
1155340266 0.0000000 0.99884045 0.99743295
1155354114 0.0000000 0.99416864 0.98832250
1155443514 0.0000000 0.99654585 0.99293113
1156044082 0.0000000 0.98958158 0.97927111
1156698676 0.0000000 0.99799365 0.99582994
1158266854 0.0000000 0.99500877 0.98990411
1159598968 0.0000000 0.99556768 0.99109137
1159684577 0.0000000 0.99839485 0.99653774
1160388105 0.0000000 0.99835718 0.99650133
1160392104 0.0000000 0.99863553 0.99703151
1160549032 0.0000000 0.99850631 0.99680007
1160664389 0.0000000 0.99950141 0.99876046
1163299258 0.0000000 0.99594480 0.99178165
1163456967 0.0000000 0.99605989 0.99201822
1163641819 0.0000000 0.99688113 0.99359041
1164570370 0.0000000 0.99317610 0.98630011
1165358160 0.0000000 0.99659425 0.99303621
1165368969 0.0000000 0.99532467 0.99059862
1166094636 0.0000000 0.99909431 0.99798888
1166561075 0.0000000 0.99833518 0.99643278
1166894907 0.0000000 0.99897808 0.99770695
1167121204 0.0000000 0.99714220 0.99414074
1167135981 0.0000000 0.99826831 0.99633205
1167136317 0.0000000 0.99913490 0.99803251
1167136455 0.0000000 0.99913746 0.99803829
1167136825 0.0000000 0.99815845 0.99612612
1167144800 0.0000000 0.99686617 0.99358094
1167147704 0.0000000 0.99620593 0.99228829
1167154513 0.0000000 0.99841410 0.99659646
1167186639 0.0000000 0.99779302 0.99531776
1167298740 0.0000000 0.99761951 0.99505979
1167318376 0.0000000 0.99683291 0.99364799
1167324678 0.0000000 0.99549234 0.99095464
1167592780 0.0000000 0.99383593 0.98769784
1167604646 0.0000000 0.99654800 0.99292487
1168792515 0.0000000 0.99785703 0.99554056
1168917035 0.0000000 0.99889046 0.99756789
1169006425 0.0000000 0.99574095 0.99141538
1169712716 0.0000000 0.99639016 0.99274212
1169722755 0.0000000 0.99901938 0.99781501
1170262059 0.0000000 0.99408680 0.98813927
1170524118 0.0000000 0.99676532 0.99338657
1171366614 0.0000000 0.99184316 0.98375636
1171423577 0.0000000 0.99798548 0.99581629
1171423831 0.0000000 0.99884582 0.99746919
1171832699 0.0000000 0.99744362 0.99470001
1172178017 0.0000000 0.99794722 0.99568212
1173308237 0.0000000 0.99751234 0.99480063
1173368256 0.0000000 0.99565977 0.99122459
1174197233 0.0000000 0.99766833 0.99519920
1175309106 0.0000000 0.99099880 0.98205745
1175583473 0.0000000 0.99802470 0.99590927
1176242685 0.0000000 0.99546170 0.99082989
1177115546 0.0000000 0.99835479 0.99651313
1177175308 0.0000000 0.99717516 0.99420136
1178992210 0.0000000 0.99534321 0.99059290
1180238725 0.0000000 0.99063492 0.98132950
1180618796 0.0000000 0.99489367 0.98975849
1181939353 0.0000000 0.99602091 0.99194181
1182196765 0.0000000 0.97500241 0.94985783
1182265663 0.0000000 0.99010003 0.98029912
1182396227 0.0000000 0.99476761 0.98944509
1182398897 0.0000000 0.99776751 0.99532723
1184629372 0.0000000 0.99768716 0.99520808
1185198002 0.0000000 0.99836230 0.99650854
1185799546 0.0000000 0.98645049 0.97300047
1185861072 0.0000000 0.98882192 0.97776806
1186620947 0.0000000 0.99952728 0.99885857
1186786330 0.0000000 0.99733776 0.99452031
1188350129 0.0000000 0.99839747 0.99656498
1188356416 0.0000000 0.99908757 0.99796265
1188908193 0.0000000 0.99568027 0.99120003
1188950111 0.0000000 0.98754615 0.97523415
1189101086 0.0000000 0.99890637 0.99757844
1189101321 0.0000000 0.99870467 0.99723309
1189194674 0.0000000 0.99315041 0.98626441
1190442424 0.0000000 0.99792212 0.99560726
1191742755 0.0000000 0.99575162 0.99141359
1192071901 0.0000000 0.99692506 0.99357826
1192632000 0.0000000 0.99773717 0.99525458
1193967194 0.0000000 0.99708247 0.99405813
1194476053 0.0000000 0.99800992 0.99582094
1196283913 0.0000000 0.99787790 0.99551249
1196818902 0.0000000 0.99844480 0.99660975
1196950527 0.0000000 0.99129170 0.98264009
1197715613 0.0000000 0.99621207 0.99230766
1198522115 0.0000000 0.99575204 0.99133974
1200543890 0.0000000 0.99679112 0.99355441
1200856359 0.0000000 0.99583274 0.99151921
1201442068 0.0000000 0.99735814 0.99467194
1203280382 0.0000000 0.99942970 0.99865794
1203409866 0.0000000 0.99659407 0.99313891
1203790455 0.0000000 0.99830282 0.99635684
1204138448 0.0000000 0.99832845 0.99648213
1204304285 0.0000000 0.99852931 0.99682283
1204490434 0.0000000 0.99286163 0.98576677
1204651907 0.0000000 0.99791312 0.99563885
1204651936 0.0000000 0.99831790 0.99642473
1204670552 0.0000000 0.99890286 0.99760306
1207186072 0.0000000 0.99466664 0.98931569
1208187584 0.0000000 0.99822140 0.99623412
1208931881 0.0000000 0.99878788 0.99735123
1208975321 0.0000000 0.99918544 0.99818796
1208982088 0.0000000 0.99799329 0.99583697
1208988255 0.0000000 0.99812466 0.99601948
1208988552 0.0000000 0.99892890 0.99760878
1209105937 0.0000000 0.99665266 0.99320275
1209216223 0.0000000 0.99012470 0.98033059
1209291757 0.0000000 0.99241829 0.98487782
1209339084 0.0000000 0.99743724 0.99461555
1209362380 0.0000000 0.99776334 0.99530274
1209543825 0.0000000 0.99012107 0.98017937
1209563099 0.0000000 0.99032062 0.98073816
1209583346 0.0000000 0.99388921 0.98771644
1209820628 0.0000000 0.99451017 0.98895830
1209877317 0.0000000 0.98228115 0.96466941
1210448520 0.0000000 0.99839646 0.99651021
1210560189 0.0000000 0.99650860 0.99286318
1210633064 0.0000000 0.99846852 0.99666446
1210703275 0.0000000 0.99903119 0.99776888
1212285435 0.0000000 0.99879199 0.99732274
1212339563 0.0000000 0.99792534 0.99556381
1213107823 0.0000000 0.98008597 0.96019006
1213158817 0.0000000 0.99859494 0.99692631
1213486164 0.0000000 0.99824369 0.99618095
1214086760 0.0000000 0.99571013 0.99126303
1214128508 0.0000000 0.99461097 0.98915833
1214211456 0.0000000 0.98709875 0.97433996
1214561217 0.0000000 0.99534088 0.99060112
1215221786 0.0000000 0.99674022 0.99325359
1215745668 0.0000000 0.99841434 0.99646604
1215812106 0.0000000 0.99906731 0.99792707
1215812707 0.0000000 0.99763048 0.99510407
1215839910 0.0000000 0.99761099 0.99498737
1215843106 0.0000000 0.99865633 0.99707234
1215961116 0.0000000 0.99928951 0.99833924
1216126809 0.0000000 0.99357712 0.98717821
1216904067 0.0000000 0.99201888 0.98400950
1217616949 0.0000000 0.99806839 0.99584556
1218233114 0.0000000 0.99749219 0.99477637
1218994676 0.0000000 0.99264163 0.98528826
1219291482 0.0000000 0.99637705 0.99261487
1219301591 0.0000000 0.99654174 0.99288607
1219723710 0.0000000 0.98831069 0.97676027
1219772880 0.0000000 0.99279791 0.98558819
1219869253 0.0000000 0.99509144 0.99004394
1220179542 0.0000000 0.99491853 0.98967892
1220742036 0.0000000 0.99487627 0.98959261
1220946193 0.0000000 0.99683267 0.99342686
1221047734 0.0000000 0.99799079 0.99580204
1222614737 0.0000000 0.99753124 0.99483150
1225404477 0.0000000 0.99462360 0.98915935
1225442295 0.0000000 0.99440461 0.98865885
1228187814 0.0000000 0.99901247 0.99766058
1228684717 0.0000000 0.99849159 0.99661624
1229260451 0.0000000 0.99573773 0.99123317
1229658996 0.0000000 0.99297673 0.98600078
1229990683 0.0000000 0.99941510 0.99852329
1230216280 0.0000000 0.99614948 0.99221867
1230600687 0.0000000 0.99841398 0.99653471
1230860391 0.0000000 0.99608666 0.99202478
1231020274 0.0000000 0.99911690 0.99790204
1231041233 0.0000000 0.99673539 0.99327463
1232714291 0.0000000 0.99885291 0.99749941
1232804891 0.0000000 0.99831742 0.99640411
1233928332 0.0000000 0.99694961 0.99366844
1234166319 0.0000000 0.99670786 0.99328285
1234201315 0.0000000 0.99676132 0.99329072
1234214675 0.0000000 0.99929124 0.99832553
1236731039 0.0000000 0.99826407 0.99638313
1236854628 0.0000000 0.99656445 0.99301612
1237014105 0.0000000 0.99822974 0.99631584
1237159221 0.0000000 0.99863976 0.99709785
1237164701 0.0000000 0.99858886 0.99702817
1237551366 0.0000000 0.99710530 0.99407083
1237619839 0.0000000 0.99380499 0.98758233
1239235949 0.0000000 0.99752647 0.99492598
1239971868 0.0000000 0.99598557 0.99191040
1240678955 0.0000000 0.99845105 0.99673009
1242397863 0.0000000 0.99876064 0.99736220
1242709695 0.0000000 0.99658048 0.99299026
1243376855 0.0000000 0.99780381 0.99547958
1244248765 0.0000000 0.99363452 0.98725826
1245087845 0.0000000 0.99428225 0.98851293
1245407408 0.0000000 0.99727809 0.99435329
1245469469 0.0000000 0.99744165 0.99470216
1245877793 0.0000000 0.99719745 0.99420696
1245881452 0.0000000 0.99811172 0.99602836
1246167876 0.0000000 0.99856424 0.99687207
1246181696 0.0000000 0.99911028 0.99795014
1246182765 0.0000000 0.99855042 0.99690348
1246208530 0.0000000 0.99801320 0.99583828
1246208539 0.0000000 0.99801046 0.99583167
1246598451 0.0000000 0.99848664 0.99677461
1246598488 0.0000000 0.99849075 0.99678612
1246614635 0.0000000 0.99752110 0.99483752
1246985947 0.0000000 0.99795884 0.99576688
1247508302 0.0000000 0.99955541 0.99890709
1247516932 0.0000000 0.99927938 0.99834317
1247654255 0.0000000 0.99783230 0.99545187
1247741293 0.0000000 0.99878454 0.99736238
1247769767 0.0000000 0.99722856 0.99430025
1248159491 0.0000000 0.99884981 0.99747843
1248570012 0.0000000 0.99724990 0.99427313
1248588659 0.0000000 0.99904490 0.99786067
1248872986 0.0000000 0.99895543 0.99772710
1248886386 0.0000000 0.99779570 0.99543703
1249212887 0.0000000 0.99564409 0.99122834
1250467545 0.0000000 0.99876434 0.99731034
1250503855 0.0000000 0.99886769 0.99753505
1250504106 0.0000000 0.99911481 0.99803066
1250601456 0.0000000 0.99894750 0.99770749
1250639275 0.0000000 0.99799389 0.99578840
1250703707 0.0000000 0.99396324 0.98786092
1250777890 0.0000000 0.99830741 0.99646610
1250888264 0.0000000 0.99912268 0.99803334
1250911490 0.0000000 0.99085337 0.98179173
1252249816 0.0000000 0.99586558 0.99169225
1252757125 0.0000000 0.99696368 0.99376279
1254591366 0.0000000 0.99875563 0.99731618
1254664936 0.0000000 0.99766904 0.99516356
1255243328 0.0000000 0.99620312 0.99229538
1256244384 0.0000000 0.99844390 0.99667174
1256252705 0.0000000 0.99702215 0.99393070
1256431794 0.0000000 0.99845529 0.99675208
1257413577 0.0000000 0.99670994 0.99331474
1257413887 0.0000000 0.99293286 0.98589689
1257420861 0.0000000 0.99861073 0.99707794
1257678569 0.0000000 0.99587566 0.99162465
1258065617 0.0000000 0.99623483 0.99238425
1258296469 0.0000000 0.99813348 0.99609512
1258824471 0.0000000 0.99590248 0.99171215
1258926370 0.0000000 0.99794221 0.99569643
1260564405 0.0000000 0.99661374 0.99306887
1260692005 0.0000000 0.99819678 0.99623853
1261227736 0.0000000 0.99916172 0.99810451
1261227864 0.0000000 0.99967140 0.99918664
1261228557 0.0000000 0.99661571 0.99310911
1261232031 0.0000000 0.99629056 0.99245483
1261235533 0.0000000 0.99751043 0.99492919
1261275144 0.0000000 0.99594182 0.99177802
1261713375 0.0000000 0.99805039 0.99596304
1261922241 0.0000000 0.99745637 0.99473947
1262034644 0.0000000 0.99721634 0.99428362
1262237921 0.0000000 0.99768394 0.99516618
1262343689 0.0000000 0.99697995 0.99382961
1262367286 0.0000000 0.99763668 0.99511015
1262622742 0.0000000 0.99840719 0.99671483
1262633257 0.0000000 0.99686551 0.99357653
1263881366 0.0000000 0.99777007 0.99536818
1265523000 0.0000000 0.99822903 0.99626398
1265599504 0.0000000 0.99364829 0.98726338
1265691729 0.0000000 0.99803561 0.99591130
1265942558 0.0000000 0.99826026 0.99637473
1266289887 0.0000000 0.99895668 0.99773425
1266816064 0.0000000 0.99859214 0.99702203
1267146477 0.0000000 0.99731773 0.99447280
1267162697 0.0000000 0.99697053 0.99385452
1267661932 0.0000000 0.99781835 0.99550301
1267662287 0.0000000 0.99806327 0.99599725
1267686434 0.0000000 0.99813467 0.99610496
1267690576 0.0000000 0.99907887 0.99797004
1268040382 0.0000000 0.99612981 0.99218708
1268902896 0.0000000 0.99797183 0.99573731
1268931240 0.0000000 0.99841577 0.99665207
1269644874 0.0000000 0.99588525 0.99165493
1270335780 0.0000000 0.99779719 0.99544549
1270813793 0.0000000 0.99648625 0.99280238
1270961850 0.0000000 0.99860114 0.99705869
1270999307 0.0000000 0.99834347 0.99655384
1271168968 0.0000000 0.99908209 0.99798566
1271191748 0.0000000 0.99925184 0.99832380
1271987388 0.0000000 0.99765468 0.99515319
1272194052 0.0000000 0.99854243 0.99689126
1272250791 0.0000000 0.99875981 0.99734545
1272823213 0.0000000 0.99823064 0.99629283
1274901407 0.0000000 0.99531567 0.99052727
1276535865 0.0000000 0.99828362 0.99636167
1276561877 0.0000000 0.99905181 0.99791205
1276823323 0.0000000 0.99885207 0.99749923
1277440084 0.0000000 0.99628401 0.99249160
1277575551 0.0000000 0.99713558 0.99411535
1277670806 0.0000000 0.99897093 0.99771827
1278097892 0.0000000 0.99875438 0.99733973
1278515743 0.0000000 0.99347752 0.98699379
1278618217 0.0000000 0.99919504 0.99819726
1278636079 0.0000000 0.99768150 0.99518168
1279357457 0.0000000 0.99542981 0.99080044
1279458204 0.0000000 0.99863297 0.99707937
1280029930 0.0000000 0.99881864 0.99740386
1280553485 0.0000000 0.99462831 0.98923570
1280563997 0.0000000 0.99409813 0.98815203
1280587745 0.0000000 0.99723512 0.99429548
1281476617 0.0000000 0.99635977 0.99265617
1282408680 0.0000000 0.99862981 0.99710202
1282415961 0.0000000 0.99816322 0.99611503
1282416480 0.0000000 0.99866062 0.99712366
1283157909 0.0000000 0.99919683 0.99819535
1283540817 0.0000000 0.99628270 0.99245393
1284039008 0.0000000 0.99826318 0.99638587
1284244867 0.0000000 0.99701494 0.99378246
1284952628 0.0000000 0.99674582 0.99336994
1285350982 0.0000000 0.99800599 0.99586183
1285695233 0.0000000 0.99902534 0.99787217
1285876560 0.0000000 0.99649501 0.99283725
1286047392 0.0000000 0.99818867 0.99613619
1286198915 0.0000000 0.99890149 0.99759668
1286865806 0.0000000 0.99785465 0.99557817
1287036373 0.0000000 0.99864531 0.99713159
1289221280 0.0000000 0.99821448 0.99623978
1289567329 0.0000000 0.99855947 0.99692416
1289576340 0.0000000 0.99600089 0.99186617
1290342705 0.0000000 0.99903500 0.99789286
1290784424 0.0000000 0.99911463 0.99800694
1290799240 0.0000000 0.99838823 0.99662077
1291601652 0.0000000 0.99768621 0.99520105
1291689974 0.0000000 0.99826407 0.99638700
1291927327 0.0000000 0.99694496 0.99371958
1292000461 0.0000000 0.99705940 0.99405295
1294804388 0.0000000 0.99885786 0.99755329
1296507195 0.0000000 0.99881601 0.99745393
1296548191 0.0000000 0.99908525 0.99801850
1297058102 0.0000000 0.99817181 0.99616253
1297342916 0.0000000 0.99633223 0.99259526
1297754297 0.0000000 0.99923772 0.99834079
1298970247 0.0000000 0.99820417 0.99627000
1299845150 0.0000000 0.99758023 0.99510419
1300123317 0.0000000 0.99454558 0.98904854
1300281136 0.0000000 0.99486989 0.98968780
1300608051 0.0000000 0.99905026 0.99797225
1301123952 0.0000000 0.99744749 0.99480063
1301458951 0.0000000 0.99853641 0.99692345
1301964194 0.0000000 0.99701011 0.99395484
1302916270 0.0000000 0.99810767 0.99607944
1302961193 0.0000000 0.99647939 0.99289584
1303685617 0.0000000 0.99748451 0.99487913
1304080155 0.0000000 0.99438119 0.98871535
1304082768 0.0000000 0.99715197 0.99415588
1304152538 0.0000000 0.99778730 0.99541491
1304437954 0.0000000 0.99794930 0.99570751
1304717510 0.0000000 0.99814886 0.99613094
1304757333 0.0000000 0.99621719 0.99232215
1306028051 0.0000000 0.99926054 0.99832630
1306098435 0.0000000 0.99618435 0.99231017
1306261925 0.0000000 0.99655479 0.99300623
1307034472 0.0000000 0.99811310 0.99609154
1307669122 0.0000000 0.99799359 0.99581349
1308478735 0.0000000 0.99474257 0.98942697
1309048281 0.0000000 0.99695361 0.99378783
1309094354 0.0000000 0.99679649 0.99343342
1309326569 0.0000000 0.99824381 0.99635494
1309474048 0.0000000 0.99274325 0.98549473
1309601047 0.0000000 0.99613881 0.99218756
1309696244 0.0000000 0.99489868 0.98972112
1309953539 0.0000000 0.99841964 0.99665594
1310469430 0.0000000 0.99834359 0.99651039
1310541580 0.0000000 0.99694258 0.99375737
1310928323 0.0000000 0.99792397 0.99568778
1311000534 0.0000000 0.99675685 0.99340779
1311084070 0.0000000 0.99751085 0.99482387
1311142337 0.0000000 0.99846333 0.99674076
1311692424 0.0000000 0.99505472 0.99000496
1313100452 0.0000000 0.99630344 0.99242783
1314264913 0.0000000 0.99849945 0.99682558
1314789752 0.0000000 0.99889600 0.99763870
1315538819 0.0000000 0.99880946 0.99738097
1315635988 0.0000000 0.99757093 0.99494052
1315804512 0.0000000 0.99519086 0.99032444
1316643513 0.0000000 0.99856114 0.99692225
1316653258 0.0000000 0.99670023 0.99328339
1317835272 0.0000000 0.99794900 0.99576354
1318175665 0.0000000 0.99825299 0.99630982
1318478724 0.0000000 0.99602824 0.99195117
1319945023 0.0000000 0.99794775 0.99564981
1320074224 0.0000000 0.99562913 0.99115211
1320721143 0.0000000 0.99794066 0.99571919
1321061921 0.0000000 0.99815613 0.99616724
1322787324 0.0000000 0.99888325 0.99762791
1322993584 0.0000000 0.99497819 0.98988992
1323861170 0.0000000 0.99549133 0.99092615
1323909341 0.0000000 0.99714309 0.99417108
1324582798 0.0000000 0.99813920 0.99613607
1325660397 0.0000000 0.99830276 0.99646962
1326181267 0.0000000 0.99874163 0.99732614
1326728445 0.0000000 0.99808341 0.99607736
1327107001 0.0000000 0.99722689 0.99431235
1327480583 0.0000000 0.99611425 0.99214947
1327824459 0.0000000 0.99848038 0.99677992
1328324062 0.0000000 0.99830151 0.99643916
1328459111 0.0000000 0.99841714 0.99669248
1330223700 0.0000000 0.99894303 0.99771112
1330883534 0.0000000 0.99740201 0.99473119
1332071890 0.0000000 0.99263227 0.98531818
1332086295 0.0000000 0.99682760 0.99357045
1332373478 0.0000000 0.99305713 0.98613989
1333258441 0.0000000 0.99697179 0.99386543
1333828758 0.0000000 0.99833447 0.99647492
1333921411 0.0000000 0.99892855 0.99767125
1334227165 0.0000000 0.99661142 0.99311078
1334800688 0.0000000 0.99852026 0.99683875
1335409258 0.0000000 0.99780220 0.99552435
1335538115 0.0000000 0.99331295 0.98662639
1338362741 0.0000000 0.99867284 0.99714422
1338842309 0.0000000 0.99723649 0.99432129
1338890190 0.0000000 0.99864012 0.99710596
1338944914 0.0000000 0.99932426 0.99851829
1338944979 0.0000000 0.99953836 0.99894983
1338945045 0.0000000 0.99968684 0.99924141
1339216879 0.0000000 0.99876016 0.99734044
1339275618 0.0000000 0.99880928 0.99745005
1339278860 0.0000000 0.99776924 0.99540704
1339309409 0.0000000 0.99585176 0.99163389
1339575740 0.0000000 0.99923474 0.99834073
1339598466 0.0000000 0.99875247 0.99735558
1339646879 0.0000000 0.99790436 0.99560702
1339690513 0.0000000 0.99938124 0.99858767
1339702255 0.0000000 0.99892384 0.99764466
1339923712 0.0000000 0.99935400 0.99854469
1341299876 0.0000000 0.99748880 0.99483627
1341924177 0.0000000 0.99846774 0.99677312
1342405200 0.0000000 0.99606305 0.99209863
1344277570 0.0000000 0.99690729 0.99373955
1344910008 0.0000000 0.99784791 0.99554348
1344941743 0.0000000 0.99715406 0.99419469
1345138860 0.0000000 0.99654418 0.99297106
1345234802 0.0000000 0.99822146 0.99625897
1346380382 0.0000000 0.99385166 0.98769873
1346415099 0.0000000 0.99809331 0.99594766
1346415834 0.0000000 0.99790013 0.99558026
1346788818 0.0000000 0.99901736 0.99788880
1346816730 0.0000000 0.99606746 0.99205256
1348523853 0.0000000 0.99895704 0.99777907
1350722979 0.0000000 0.99590820 0.99172652
1350800865 0.0000000 0.99605304 0.99201280
1351161077 0.0000000 0.99734175 0.99455178
1352122829 0.0000000 0.99678612 0.99348480
1352554787 0.0000000 0.99232054 0.98461568
1353431341 0.0000000 0.99887568 0.99761075
1353536726 0.0000000 0.99796873 0.99580783
1354158772 0.0000000 0.99414158 0.98825359
1354470336 0.0000000 0.99913877 0.99812698
1354477411 0.0000000 0.99878240 0.99741840
1354976814 0.0000000 0.99944413 0.99871832
1355221924 0.0000000 0.99743092 0.99476022
1356243184 0.0000000 0.99889106 0.99764872
1356319072 0.0000000 0.99420917 0.98842496
1356487597 0.0000000 0.99835587 0.99657845
1356883405 0.0000000 0.99918658 0.99823302
1357128106 0.0000000 0.99905962 0.99794805
1357236484 0.0000000 0.99900490 0.99787825
1357270197 0.0000000 0.99823076 0.99631214
1357331931 0.0000000 0.99787271 0.99559498
1357541346 0.0000000 0.99794650 0.99578130
1357994057 0.0000000 0.99800450 0.99585772
1358411441 0.0000000 0.99850506 0.99685669
1358708986 0.0000000 0.99584877 0.99159646
1359776392 0.0000000 0.99730182 0.99446285
1361064727 0.0000000 0.99863726 0.99715543
1361239965 0.0000000 0.99662334 0.99312615
1361256759 0.0000000 0.99749732 0.99489421
1361373628 0.0000000 0.99872065 0.99729490
1361471757 0.0000000 0.99888879 0.99761575
1361665659 0.0000000 0.99782151 0.99558163
1362386544 0.0000000 0.99803603 0.99594259
1362609444 0.0000000 0.99344844 0.98690933
1362627405 0.0000000 0.99900740 0.99786597
1362643640 0.0000000 0.99791098 0.99566048
1363079024 0.0000000 0.99735981 0.99456704
1363764120 0.0000000 0.99248493 0.98501921
1364349799 0.0000000 0.99925083 0.99832934
1364349845 0.0000000 0.99929988 0.99840879
1364355002 0.0000000 0.99802607 0.99592143
1364690983 0.0000000 0.99600112 0.99191117
1365625224 0.0000000 0.99931794 0.99847561
1366061297 0.0000000 0.99201411 0.98408467
1366432589 0.0000000 0.99215400 0.98434746
1366513671 0.0000000 0.99706060 0.99400926
1369110346 0.0000000 0.99912369 0.99806386
1369124755 0.0000000 0.99876881 0.99732506
1369791239 0.0000000 0.99809408 0.99600035
1369883683 0.0000000 0.99641228 0.99268007
1370118743 0.0000000 0.99770671 0.99524337
1370151783 0.0000000 0.99887753 0.99758250
1370623082 0.0000000 0.99927223 0.99834776
1372241957 0.0000000 0.99845779 0.99671918
1372463510 0.0000000 0.99940020 0.99861497
1373829868 0.0000000 0.99861544 0.99704367
1373895699 0.0000000 0.99843079 0.99668241
1373969495 0.0000000 0.99820495 0.99621135
1374677225 0.0000000 0.99882835 0.99745184
1374679935 0.0000000 0.99919128 0.99819613
1376837821 0.0000000 0.99714273 0.99416685
1377205321 0.0000000 0.99520814 0.99036413
1377355603 0.0000000 0.99643224 0.99274558
1377407246 0.0000000 0.99618351 0.99230880
1378247005 0.0000000 0.99827546 0.99635321
1378467231 0.0000000 0.99829239 0.99642611
1379475197 0.0000000 0.99842358 0.99664026
1380542719 0.0000000 0.99493152 0.98982102
1381466759 0.0000000 0.99791181 0.99566996
1381684855 0.0000000 0.99673063 0.99339920
1382170436 0.0000000 0.99684674 0.99358946
1382919848 0.0000000 0.99168742 0.98343307
1383069011 0.0000000 0.99576038 0.99143338
1383085061 0.0000000 0.99754280 0.99499649
1383220929 0.0000000 0.99929684 0.99842626
1383227120 0.0000000 0.99886841 0.99753690
1383227831 0.0000000 0.99873972 0.99727046
1383234448 0.0000000 0.99902546 0.99785411
1383263545 0.0000000 0.99824482 0.99627715
1383450194 0.0000000 0.99876058 0.99736488
1383519374 0.0000000 0.99778086 0.99536353
1383809110 0.0000000 0.99892873 0.99767005
1383809501 0.0000000 0.99850518 0.99681330
1383989687 0.0000000 0.99769366 0.99524063
1384145710 0.0000000 0.99833488 0.99652821
1384544358 0.0000000 0.99679315 0.99345416
1385019362 0.0000000 0.99759406 0.99505621
1386347977 0.0000000 0.99733591 0.99459517
1386357780 0.0000000 0.99831218 0.99649179
1387916955 0.0000000 0.99313396 0.98630238
1389034180 0.0000000 0.99895114 0.99771959
1389204911 0.0000000 0.99799651 0.99587011
1389717867 0.0000000 0.99780130 0.99545616
1389724692 0.0000000 0.99938434 0.99861771
1389729005 0.0000000 0.99918145 0.99822086
1389740803 0.0000000 0.99834967 0.99657226
1389904819 0.0000000 0.99838859 0.99662912
1390517490 0.0000000 0.99655831 0.99305326
1390619771 0.0000000 0.99868822 0.99723428
1391790286 0.0000000 0.99563849 0.99126679
1393014317 0.0000000 0.99852270 0.99688256
1393065064 0.0000000 0.99571615 0.99141139
1393759985 0.0000000 0.99768233 0.99525923
1393791078 0.0000000 0.99689901 0.99369484
1394913876 0.0000000 0.99804151 0.99595749
1395061976 0.0000000 0.99871969 0.99731725
1395231566 0.0000000 0.99885333 0.99757117
1397097485 0.0000000 0.99723488 0.99435705
1397746253 0.0000000 0.99623865 0.99240184
1398443585 0.0000000 0.99695718 0.99381733
1399207416 0.0000000 0.99824059 0.99631017
1399278483 0.0000000 0.99861848 0.99709880
1399745740 0.0000000 0.99653971 0.99301094
1399746271 0.0000000 0.99811131 0.99608618
1400631673 0.0000000 0.99927318 0.99842757
1401021673 0.0000000 0.99934608 0.99852043
1401296286 0.0000000 0.99798793 0.99585450
1402085900 0.0000000 0.99876130 0.99735725
1402313583 0.0000000 0.99836946 0.99658132
1402624068 0.0000000 0.99803191 0.99593616
1402784563 0.0000000 0.99868053 0.99716634
1403034553 0.0000000 0.99347448 0.98696035
1403317269 0.0000000 0.99487096 0.98969406
1403439974 0.0000000 0.99440402 0.98875040
1404774365 0.0000000 0.99896109 0.99773747
1404925818 0.0000000 0.99607468 0.99199617
1405577514 0.0000000 0.99803859 0.99595994
1407296767 0.0000000 0.98971438 0.97953576
1407544588 0.0000000 0.99537951 0.99073696
1408047770 0.0000000 0.99871224 0.99724096
1410046387 0.0000000 0.99837315 0.99656886
1410325949 0.0000000 0.99784273 0.99548566
1410382444 0.0000000 0.99597937 0.99184668
1411247643 0.0000000 0.99696988 0.99381280
1411641303 0.0000000 0.99869210 0.99723721
1412009058 0.0000000 0.99447662 0.98890311
1412705290 0.0000000 0.99788564 0.99566102
1413207959 0.0000000 0.99785221 0.99563152
1414298821 0.0000000 0.99617952 0.99227726
1416419181 0.0000000 0.99942732 0.99868244
1416419227 0.0000000 0.99943113 0.99868494
1416540553 0.0000000 0.99619812 0.99231887
1417557685 0.0000000 0.99748576 0.99485391
1417655668 0.0000000 0.99802589 0.99596125
1418245419 0.0000000 0.99895144 0.99771613
1418533563 0.0000000 0.99545616 0.99085778
1419682925 0.0000000 0.99860197 0.99712890
1419947441 0.0000000 0.99714601 0.99421895
1419995164 0.0000000 0.99786478 0.99556726
1420012476 0.0000000 0.99720663 0.99429774
1420437226 0.0000000 0.99728858 0.99443364
1420606112 0.0000000 0.99827427 0.99636245
1420742654 0.0000000 0.99907684 0.99799961
1421435535 0.0000000 0.99896938 0.99781650
1421639313 0.0000000 0.99762022 0.99507946
1422083726 0.0000000 0.99752539 0.99489182
1422374758 0.0000000 0.99896979 0.99787861
1422958210 0.0000000 0.99590945 0.99179095
1423037687 0.0000000 0.99789560 0.99562830
1423603888 0.0000000 0.99613750 0.99226600
1423726535 0.0000000 0.99782753 0.99549127
1423857991 0.0000000 0.99916273 0.99818414
1424969403 0.0000000 0.99654418 0.99301440
1426114954 0.0000000 0.99851644 0.99690014
1426344314 0.0000000 0.99771571 0.99525535
1426852891 0.0000000 0.99750304 0.99492079
1427105631 0.0000000 0.99875575 0.99734187
1427483378 0.0000000 0.99799472 0.99584067
1428208678 0.0000000 0.99407309 0.98817956
1428320250 0.0000000 0.99814844 0.99611902
1428945237 0.0000000 0.99452567 0.98898202
1429127316 0.0000000 0.99788898 0.99562812
1429494176 0.0000000 0.99941111 0.99864274
1429494550 0.0000000 0.99885970 0.99756193
1429528847 0.0000000 0.99836749 0.99656636
1429530313 0.0000000 0.99876612 0.99732733
1429531199 0.0000000 0.99879390 0.99743235
1429992097 0.0000000 0.99908799 0.99805045
1430658547 0.0000000 0.99839169 0.99662477
1431333501 0.0000000 0.99924409 0.99833322
1431387795 0.0000000 0.99847454 0.99679583
1431628549 0.0000000 0.99632645 0.99255890
1432588969 0.0000000 0.99881697 0.99750042
1432601816 0.0000000 0.99782604 0.99555409
1432799863 0.0000000 0.99795973 0.99583632
1434467768 0.0000000 0.99675077 0.99340934
1434867330 0.0000000 0.99723142 0.99434263
1435335400 0.0000000 0.99598646 0.99191773
1438066750 0.0000000 0.99845916 0.99672502
1438936857 0.0000000 0.99839222 0.99669564
1439209234 0.0000000 0.99795890 0.99585372
1439418087 0.0000000 0.99541938 0.99078560
1439474882 0.0000000 0.99862242 0.99712729
1439699200 0.0000000 0.99579686 0.99151516
1441113885 0.0000000 0.99910671 0.99806762
1441128847 0.0000000 0.99798048 0.99586296
1441160293 0.0000000 0.99882179 0.99749154
1441898607 0.0000000 0.99742764 0.99473786
1442339782 0.0000000 0.99797589 0.99575889
1442345855 0.0000000 0.99899119 0.99784398
1442345878 0.0000000 0.99899209 0.99784517
1442408939 0.0000000 0.99924177 0.99835199
1442410226 0.0000000 0.99814057 0.99616438
1442413798 0.0000000 0.99836838 0.99662948
1443074281 0.0000000 0.99437064 0.98874950
1443555465 0.0000000 0.99486405 0.98968089
1444648487 0.0000000 0.99818748 0.99625641
1444736944 0.0000000 0.99592280 0.99177700
1444953165 0.0000000 0.99820775 0.99625814
1444953267 0.0000000 0.99820143 0.99625802
1445014914 0.0000000 0.99813116 0.99615902
1445221055 0.0000000 0.99955308 0.99899518
1445233331 0.0000000 0.99945521 0.99874896
1445239215 0.0000000 0.99970007 0.99924731
1446412182 0.0000000 0.99982059 0.99947929
1446412281 0.0000000 0.99987984 0.99958408
1446509184 0.0000000 0.99975234 0.99934500
1446509190 0.0000000 0.99975187 0.99934435
1446714386 0.0000000 0.99970812 0.99903542
1447167192 0.0000000 0.99953574 0.99871415
1447255999 0.0000000 0.99970400 0.99901706
1447277516 0.0000000 0.99932921 0.99812680
1448316095 0.0000000 0.99907124 0.99746937
1448671943 0.0000000 0.99953163 0.99857926
1449033717 0.0000000 0.99978292 0.99927324
1449035580 0.0000000 0.99967086 0.99904233
1449153073 0.0000000 0.99986792 0.99947888
1449935242 0.0000000 0.99970901 0.99892837
1450510821 0.0000000 0.99913120 0.99717003
1450536811 0.0000000 0.99917209 0.99707162
1450992022 0.0000000 0.99970335 0.99882680
1451199638 0.0000000 0.99930292 0.99753129
1451327726 0.0000000 0.99952185 0.99808216
1451523194 0.0000000 0.99967504 0.99851722
1451829690 0.0000000 0.99934989 0.99799597
1451928000 0.0000000 0.99910474 0.99730074
1452487977 0.0000000 0.99985480 0.99933761
1453169606 0.0000000 0.99980170 0.99934900
1453824336 0.0000000 0.99884641 0.99647343
1454422761 0.0000000 0.99982971 0.99935782
1454702246 0.0000000 0.96588135 0.91928542
1454702308 0.0000000 0.99990439 0.99964017
1454702406 0.0000000 0.99976385 0.99929303
1454702512 0.0000000 0.99962014 0.99910021
1454978820 0.0000000 0.99982244 0.99936938
1455590759 0.0000000 0.99978822 0.99915260
1455595494 0.0000000 0.99981588 0.99927765
1455757779 0.0000000 0.99982929 0.99943435
1455758311 0.0000000 0.99986368 0.99944353
1456215987 0.0000000 0.99950212 0.99803865
1456541993 0.0000000 0.99970573 0.99871987
1457201466 0.0000000 0.99900860 0.99701774
1457276938 0.0000000 0.99900222 0.99699980
1459152479 0.0000000 0.99969041 0.99866515
1459502085 0.0000000 0.99634284 0.99100679
1459988008 0.0000000 0.99915147 0.99700099
1460294506 0.0000000 0.99889523 0.99665123
1460353509 0.0000000 0.99981987 0.99921376
1460804146 0.0000000 0.99978578 0.99900001
1461082597 0.0000000 0.99917418 0.99727172
1461607991 0.0000000 0.99967140 0.99873620
1461770234 0.0000000 0.99980634 0.99931431
1461770257 0.0000000 0.99980658 0.99931359
1461770858 0.0000000 0.99980098 0.99926788
1461781146 0.0000000 0.99990076 0.99952781
1461806086 0.0000000 0.99926662 0.99771237
1462056417 0.0000000 0.99971741 0.99887484
1462199340 0.0000000 0.99975455 0.99901408
1462521203 0.0000000 0.99970430 0.99896938
1462632669 0.0000000 0.99972838 0.99903506
1462675593 0.0000000 0.99977428 0.99912500
1463023035 0.0000000 0.99984467 0.99960631
1463023251 0.0000000 0.99958181 0.99886596
1463023282 0.0000000 0.99959600 0.99893034
1463027395 0.0000000 0.99984384 0.99948269
1463127852 0.0000000 0.99979293 0.99918556
1463195522 0.0000000 0.99954134 0.99844998
1463196768 0.0000000 0.99972743 0.99903858
1463530965 0.0000000 0.99977320 0.99902970
1463863900 0.0000000 0.99987113 0.99946046
1463882779 0.0000000 0.99983180 0.99923217
1464184475 0.0000000 0.99846840 0.99579161
1464544116 0.0000000 0.99968117 0.99935430
1464576767 0.0000000 0.99978203 0.99955827
1464630651 0.0000000 0.99944091 0.99883610
1464672226 0.0000000 0.99993026 0.99986112
1466204142 0.0000000 0.99775344 0.99549681
1466383187 0.0000000 0.99984324 0.99968624
1466409210 -117.20000 7.70199075E-02 6.61671162E-04
1466715930 0.0000000 0.99992907 0.99984449
1467361422 0.0000000 0.99968964 0.99935597
1469019333 0.0000000 0.99933892 0.99863201
1469592155 0.0000000 0.99986833 0.99973017
1471008941 0.0000000 0.99832565 0.99663240
1471908408 0.0000000 0.99940640 0.99877799
1472660934 0.0000000 0.99856097 0.99708521
1473440050 0.0000000 0.99558836 0.99119431
1475055492 0.0000000 0.99694574 0.99388599
1475769120 0.0000000 0.99964106 0.99925041
1477370752 0.0000000 0.99911565 0.99818206
1478519786 0.0000000 0.99917918 0.99830920
1478903131 0.0000000 0.99923933 0.99843419
1480024554 0.0000000 0.99908280 0.99812537
1480377579 0.0000000 0.99840224 0.99677420
1480507474 0.0000000 0.99932486 0.99861449
1481256588 0.0000000 0.99705178 0.99408329
1481811269 0.0000000 0.99962300 0.99921286
1483057851 0.0000000 0.99773294 0.99543989
1483513641 0.0000000 0.99649334 0.99298429
1484155863 0.0000000 0.99861228 0.99719578
1484797338 0.0000000 0.99742854 0.99486512
1484900187 0.0000000 0.99847472 0.99692279
1485329586 0.0000000 0.99428892 0.98860401
1486746772 0.0000000 0.99917161 0.99831718
1487420859 0.0000000 0.99940175 0.99878496
1487652197 0.0000000 0.99911022 0.99820781
1488212310 0.0000000 0.99920952 0.99842405
1488924651 0.0000000 0.99941325 0.99882358
1489967289 0.0000000 0.99934274 0.99867529
1490066029 0.0000000 0.99836713 0.99671739
1490805242 0.0000000 0.99948710 0.99896890
1492112471 0.0000000 0.99971044 0.99941581
1492367656 0.0000000 0.99937111 0.99873680
1493517442 0.0000000 0.99954194 0.99907434
1493960850 0.0000000 0.99936599 0.99872404
1493986611 0.0000000 0.99694282 0.99389613
1494889974 0.0000000 0.99991274 0.99981099
1494932580 0.0000000 0.99951208 0.99899918
1495631454 0.0000000 0.99957138 0.99911797
1495691291 0.0000000 0.99947238 0.99891925
1495956669 0.0000000 0.99940270 0.99879456
1495999757 0.0000000 0.99972069 0.99942124
1496582686 0.0000000 0.99967158 0.99931645
1497967350 0.0000000 0.99888140 0.99773765
1498029939 0.0000000 0.99880707 0.99759859
1500318986 0.0000000 0.99917084 0.99830037
1501139292 0.0000000 0.99929750 0.99856985
1501845585 0.0000000 0.99973315 0.99943024
1502294736 0.0000000 0.99932855 0.99862045
1502416734 0.0000000 0.99972385 0.99940759
1502582915 0.0000000 0.99886620 0.99769461
1504364658 0.0000000 0.99909681 0.99817085
1505096741 0.0000000 0.99809873 0.99615753
1505687994 0.0000000 0.99956685 0.99909717
1505917796 0.0000000 0.99982578 0.99959511
1506232185 0.0000000 0.99929065 0.99853164
1506549399 0.0000000 0.99803996 0.99607223
1507505391 0.0000000 0.99968088 0.99932146
1507747520 0.0000000 0.99910772 0.99818695
1508582157 0.0000000 0.99934918 0.99866992
1509318944 0.0000000 0.99975580 0.99943817
1509677295 0.0000000 0.99974680 0.99944454
1509677339 0.0000000 0.99974358 0.99943781
1509752088 0.0000000 0.99976164 0.99947697
1510398879 0.0000000 0.99949282 0.99895489
1510402973 0.0000000 0.99950904 0.99896824
1510440860 0.0000000 0.99937367 0.99870121
1510947032 0.0000000 0.99871826 0.99741828
1511360409 0.0000000 0.99968415 0.99930358
1511470532 0.0000000 0.99960321 0.99913311
1512230735 0.0000000 0.99944413 0.99883467
1512377977 0.0000000 0.99953270 0.99903601
1512704669 0.0000000 0.99927527 0.99853915
1513120660 0.0000000 0.99947977 0.99893200
1516168751 0.0000000 0.99945706 0.99891049
1516984288 0.0000000 0.99980301 0.99958944
1517686257 0.0000000 0.99967992 0.99936146
1517749972 0.0000000 0.99983358 0.99965721
1517752600 0.0000000 0.99984902 0.99969828
1517752662 0.0000000 0.99984443 0.99969107
1517753127 0.0000000 0.99953884 0.99907786
1517753452 0.0000000 0.99981916 0.99962604
1517753522 0.0000000 0.99981827 0.99962980
1517753592 0.0000000 0.99982041 0.99963433
1517753815 0.0000000 0.99973321 0.99946934
1517758427 0.0000000 0.99957687 0.99915248
1517763262 0.0000000 0.99948603 0.99897003
1517821602 0.0000000 0.99974668 0.99948001
1517823894 0.0000000 0.99962866 0.99924660
1517846321 0.0000000 0.99976981 0.99952412
1517852233 0.0000000 0.99943316 0.99886751
1517893754 0.0000000 0.99976784 0.99952483
1517906208 0.0000000 0.99963015 0.99925989
1517932241 0.0000000 0.99988240 0.99975383
1517932280 0.0000000 0.99988335 0.99975365
1517932282 0.0000000 0.99988306 0.99975353
1517932427 0.0000000 0.99986887 0.99971914
1517932434 0.0000000 0.99986184 0.99970871
1517932492 0.0000000 0.99979430 0.99958783
1517933877 0.0000000 0.99965036 0.99928302
1517940013 0.0000000 0.99983829 0.99966812
1517940459 0.0000000 0.99983668 0.99966067
1517944528 0.0000000 0.99981827 0.99962682
1517945796 0.0000000 0.99982774 0.99964702
1517950582 0.0000000 0.99974751 0.99949044
1517958702 0.0000000 0.99975693 0.99949831
1517960631 0.0000000 0.99981737 0.99963039
1517969882 0.0000000 0.99978274 0.99955666
1517974578 0.0000000 0.99976599 0.99952394
1517998787 0.0000000 0.99950540 0.99900967
1518001985 0.0000000 0.99983156 0.99964923
1518008800 0.0000000 0.99979192 0.99957335
1518008880 0.0000000 0.99979401 0.99954641
1518013159 0.0000000 0.99974275 0.99947739
1518016890 0.0000000 0.99986243 0.99971581
1518016916 0.0000000 0.99986231 0.99971575
1518051257 0.0000000 0.99976921 0.99952829
1518059164 0.0000000 0.99971688 0.99942273
1518142443 0.0000000 0.99949694 0.99898440
1518201789 0.0000000 0.99967724 0.99932241
1518248929 0.0000000 0.99952066 0.99903756
1518858396 0.0000000 0.99952227 0.99904478
1518981709 0.0000000 0.99912328 0.99824947
1519051621 0.0000000 0.99944055 0.99888748
1519254641 0.0000000 0.99968278 0.99935478
1519583320 0.0000000 0.99979705 0.99958193
1519962147 0.0000000 0.99954176 0.99907655
1520098551 0.0000000 0.99974012 0.99947584
1520329330 0.0000000 0.99953777 0.99906373
1521024527 0.0000000 0.99970537 0.99940705
1521537776 0.0000000 0.99978119 0.99955571
1521728871 0.0000000 0.99946100 0.99891698
1522232997 0.0000000 0.99874914 0.99749511
1522282670 0.0000000 0.99962956 0.99925745
1522598524 0.0000000 0.99926621 0.99851733
1523432369 0.0000000 0.99846518 0.99693304
1523886539 0.0000000 0.99978876 0.99957299
1524201906 0.0000000 0.99891382 0.99782491
1524248877 0.0000000 0.99774510 0.99548429
1524308214 0.0000000 0.99940926 0.99880618
1524503432 0.0000000 0.99924320 0.99847949
1524721460 0.0000000 0.99958336 0.99915928
1524721601 0.0000000 0.99950665 0.99900943
1524808553 0.0000000 0.99965245 0.99930984
1525218424 0.0000000 0.99979383 0.99957943
1526098666 0.0000000 0.99929982 0.99858600
1527728598 0.0000000 0.99979931 0.99957061
1527904870 0.0000000 0.99936265 0.99871987
1528731725 0.0000000 0.99951535 0.99900341
1528750347 0.0000000 0.99969620 0.99938017
1528856173 0.0000000 0.99784398 0.99569535
1529096035 0.0000000 0.99927056 0.99849850
1529334375 0.0000000 0.99951649 0.99900359
1529522338 0.0000000 0.99951625 0.99899733
1530516370 0.0000000 0.99930298 0.99854124
1530516385 0.0000000 0.99930316 0.99854118
1530609654 0.0000000 0.99982995 0.99961257
1531312909 0.0000000 0.99940032 0.99868143
1531507119 0.0000000 0.99981517 0.99953187
1532050755 0.0000000 0.99938357 0.99868065
1533217098 0.0000000 0.99967796 0.99926656
1533504622 0.0000000 0.99539495 0.99078566
1534551317 0.0000000 0.99960214 0.99910557
1535572403 0.0000000 0.99943721 0.99883544
1535660064 0.0000000 0.99903190 0.99803650
1536498994 0.0000000 0.99893612 0.99786407
1536641006 0.0000000 0.99948108 0.99892533
1536700815 0.0000000 0.99907422 0.99813360
1538633849 0.0000000 0.99901766 0.99801540
1538766649 0.0000000 0.99870920 0.99740988
1539072778 0.0000000 0.99959058 0.99914730
1539164591 0.0000000 0.99963498 0.99921250
1540269298 0.0000000 0.99988216 0.99971098
1540310644 0.0000000 0.99987489 0.99970043
1541624711 0.0000000 0.99956000 0.99908710
1541712486 0.0000000 0.99899191 0.99795192
1542328459 0.0000000 0.99891204 0.99781907
1542608341 0.0000000 0.99938667 0.99876148
1542638415 0.0000000 0.99965012 0.99925590
1542645094 0.0000000 0.99945319 0.99885774
1543190243 0.0000000 0.99955630 0.99906760
1543191316 0.0000000 0.99925989 0.99850923
1543236658 0.0000000 0.99931937 0.99854481
1543238642 0.0000000 0.99916714 0.99829525
1543314575 0.0000000 0.99904156 0.99806112
1544368541 0.0000000 0.99965304 0.99927831
1544439487 0.0000000 0.99961352 0.99919540
1544621063 0.0000000 0.99958831 0.99914134
1544908865 0.0000000 0.99947321 0.99894357
1545710204 0.0000000 0.99965382 0.99930054
1546538568 0.0000000 0.99981278 0.99960554
1546949806 0.0000000 0.99977273 0.99953341
1548127166 0.0000000 0.99958873 0.99917322
1548825695 0.0000000 0.99975228 0.99949402
1548861293 0.0000000 0.99954182 0.99908489
1549366351 0.0000000 0.99891776 0.99783230
1549558324 0.0000000 0.99958217 0.99915195
1550239687 0.0000000 0.99949354 0.99898046
1551558867 0.0000000 0.99889499 0.99779254
1552012334 0.0000000 0.99982429 0.99965024
1552127531 0.0000000 0.99888700 0.99777108
1552421955 0.0000000 0.99973780 0.99947077
1552451554 0.0000000 0.99953508 0.99906605
1552511242 0.0000000 0.99963248 0.99925125
1552697151 0.0000000 0.99965614 0.99930632
1552968094 0.0000000 0.99916750 0.99833608
1553256348 0.0000000 0.99921978 0.99843752
1553414210 0.0000000 0.99947399 0.99893957
1554087275 0.0000000 0.99940151 0.99879736
1554172029 0.0000000 0.99888617 0.99776292
1554256375 0.0000000 0.99990493 0.99979895
1554343015 0.0000000 0.99984264 0.99967456
1554382610 0.0000000 0.99920261 0.99840611
1554499495 0.0000000 0.99926567 0.99852401
1554706689 0.0000000 0.99940616 0.99880880
1554822801 0.0000000 0.99981588 0.99962646
1554841453 0.0000000 0.99972457 0.99944121
1554850672 0.0000000 0.99963588 0.99926621
1555563667 0.0000000 0.99980891 0.99961627
1556793883 0.0000000 0.99940085 0.99880022
1556970683 0.0000000 0.99901283 0.99802625
1557330527 0.0000000 0.99951899 0.99903613
1557737721 0.0000000 0.99934924 0.99868536
1558197514 0.0000000 0.99927777 0.99854594
1558379328 0.0000000 0.99946499 0.99892104
1558489044 0.0000000 0.99951535 0.99901432
1558591969 0.0000000 0.99952900 0.99905473
1559317998 0.0000000 0.99976647 0.99950927
1559641578 0.0000000 0.99985707 0.99968714
1559762840 0.0000000 0.99941343 0.99881673
1560870606 0.0000000 0.99823427 0.99646872
1561237205 0.0000000 0.99897146 0.99793488
1561242160 0.0000000 0.99902022 0.99802858
1561825206 0.0000000 0.99853724 0.99707431
1561837452 0.0000000 0.99964762 0.99925435
1562610935 0.0000000 0.99954075 0.99906516
1562880116 0.0000000 0.99973941 0.99946117
1563275550 0.0000000 0.99848276 0.99696147
1563531230 0.0000000 0.99940056 0.99879122
1563768365 0.0000000 0.99941790 0.99880379
1563850922 0.0000000 0.99811149 0.99621975
1564123196 0.0000000 0.99879491 0.99756956
1564190683 0.0000000 0.99976808 0.99948680
1564649429 0.0000000 0.99903959 0.99801058
1564753988 0.0000000 0.99983418 0.99964684
1564784683 0.0000000 0.99987197 0.99970889
1565054388 0.0000000 0.99989814 0.99976557
1565055090 0.0000000 0.99970710 0.99938947
1565213283 0.0000000 0.99984920 0.99964356
1565218942 0.0000000 0.99930686 0.99856919
1565905300 0.0000000 0.99939418 0.99873078
1566053525 0.0000000 0.99961817 0.99919158
1566053530 0.0000000 0.99961787 0.99919146
1566074882 0.0000000 0.99914426 0.99828255
1566101114 0.0000000 0.99976110 0.99950087
1566598377 0.0000000 0.99917740 0.99833226
1566648618 0.0000000 0.99959230 0.99915385
1567237819 0.0000000 0.99973142 0.99943292
1567471650 0.0000000 0.99971205 0.99937570
1567604000 0.0000000 0.99862635 0.99721771
1567917359 0.0000000 0.99864995 0.99726242
1568005668 0.0000000 0.99937785 0.99874836
1568095682 0.0000000 0.99969983 0.99935645
1569863578 0.0000000 0.99964893 0.99926746
1570468626 0.0000000 0.99952257 0.99901527
1571312673 0.0000000 0.99967641 0.99930984
1571861758 0.0000000 0.99841750 0.99680358
1572218883 0.0000000 0.99915397 0.99826461
1573491297 0.0000000 0.99936604 0.99872506
1573495893 0.0000000 0.99895757 0.99789649
1574645562 0.0000000 0.99973375 0.99942577
1575564604 0.0000000 0.99941361 0.99881786
1575660753 0.0000000 0.99927384 0.99854219
1576495557 0.0000000 0.99967051 0.99932581
1577769501 0.0000000 0.99929702 0.99858785
1577819410 0.0000000 0.99971455 0.99943483
1578293635 0.0000000 0.99980652 0.99959475
1578510402 0.0000000 0.99923110 0.99846101
1579404154 0.0000000 0.99933910 0.99867159
1579703564 0.0000000 0.99888390 0.99776447
1580749376 0.0000000 0.99962276 0.99924672
1581076659 0.0000000 0.99927199 0.99853867
1581616159 0.0000000 0.99972606 0.99944073
1581629921 0.0000000 0.99950820 0.99901980
1581764406 0.0000000 0.99985898 0.99972206
1581764700 0.0000000 0.99979484 0.99959385
1581794413 0.0000000 0.99984562 0.99969053
1582090065 0.0000000 0.99971026 0.99941945
1582113307 0.0000000 0.99936873 0.99873412
1582546233 0.0000000 0.99946266 0.99891800
1582592414 0.0000000 0.99870372 0.99740100
1582629242 0.0000000 0.99978995 0.99955738
1582695255 0.0000000 0.99934787 0.99868649
1584677477 0.0000000 0.99931967 0.99863076
1585787701 0.0000000 0.99924350 0.99849063
1586304460 0.0000000 0.99896359 0.99793053
1586389759 0.0000000 0.99933308 0.99866003
1586537097 0.0000000 0.99965340 0.99930334
1586691401 0.0000000 0.99947405 0.99894822
1587481331 0.0000000 0.99898279 0.99795979
1588476280 0.0000000 0.99961078 0.99922174
1589003116 0.0000000 0.99890012 0.99780077
1589548020 0.0000000 0.98723859 0.97400033
1589756010 0.0000000 0.99879342 0.99758601
1589910785 0.0000000 0.99864179 0.99728942
1590311534 0.0000000 0.99837446 0.99675155
1590359490 0.0000000 0.99970263 0.99940163
1590694463 0.0000000 0.99941659 0.99882805
1590843750 0.0000000 0.99948180 0.99896049
1591494563 0.0000000 0.99946320 0.99891406
1591839506 0.0000000 0.99912244 0.99823487
1591921295 0.0000000 0.99935329 0.99869448
1592079539 0.0000000 0.99959505 0.99918157
1592349420 0.0000000 0.99877536 0.99755418
1593214064 0.0000000 0.99977219 0.99952066
1593241888 0.0000000 0.99901503 0.99802637
1593407313 0.0000000 0.99926144 0.99850428
1593435168 0.0000000 0.99940032 0.99877965
1593519432 0.0000000 0.99885756 0.99769670
1594227272 0.0000000 0.99946487 0.99890077
1594265063 0.0000000 0.99933809 0.99866205
1594267923 0.0000000 0.99954343 0.99908209
1594526768 0.0000000 0.99837172 0.99673289
1594546164 0.0000000 0.99701482 0.99404132
1595767949 0.0000000 0.99964482 0.99923748
1597107665 0.0000000 0.99935555 0.99867415
1597123796 0.0000000 0.99957013 0.99911720
1597187246 0.0000000 0.99942839 0.99883467
1597774608 0.0000000 0.99953967 0.99903971
1597797181 0.0000000 0.99949503 0.99894613
1597806811 0.0000000 0.99972290 0.99941564
1598480108 0.0000000 0.99956709 0.99912256
1598847265 0.0000000 0.99899387 0.99796450
1599036279 0.0000000 0.99912441 0.99822712
1600306672 0.0000000 0.99965090 0.99926072
1600646088 0.0000000 0.99929780 0.99856073
1600833602 0.0000000 0.99943197 0.99877220
1601017581 0.0000000 0.99910033 0.99817574
1601326254 0.0000000 0.99989146 0.99975508
1601342057 0.0000000 0.99983174 0.99964082
1601440640 0.0000000 0.99964863 0.99927086
1601863505 0.0000000 0.99939877 0.99876088
1602517184 0.0000000 0.99965018 0.99926430
1602946993 0.0000000 0.99947399 0.99892759
1602947159 0.0000000 0.99956679 0.99910599
1603396062 0.0000000 0.99931425 0.99860752
1604358861 0.0000000 0.99942940 0.99885494
1604426346 0.0000000 0.99954796 0.99908441
1604601372 0.0000000 0.99943417 0.99885684
1604626818 0.0000000 0.99977583 0.99951500
1605130406 0.0000000 0.99974000 0.99945247
1605130534 0.0000000 0.99963427 0.99922538
1605266102 0.0000000 0.99943882 0.99885660
1605511152 0.0000000 0.99913657 0.99824381
1605551866 0.0000000 0.99937326 0.99873728
1605557664 0.0000000 0.99937391 0.99872649
1605621503 0.0000000 0.99878711 0.99756265
1605662576 0.0000000 0.99786383 0.99572349
1606582085 0.0000000 0.99947840 0.99893707
1606657334 0.0000000 0.99973756 0.99945980
1607578178 0.0000000 0.99975842 0.99950796
1607606398 0.0000000 0.99982172 0.99963975
1607606851 0.0000000 0.99957108 0.99914014
1607624108 0.0000000 0.99931335 0.99862188
1608317519 0.0000000 0.99930024 0.99859649
1608385359 0.0000000 0.99932927 0.99864793
1609436522 0.0000000 0.99932563 0.99864346
1609594007 0.0000000 0.99963105 0.99924874
1610162996 0.0000000 0.99919736 0.99839425
1610192153 0.0000000 0.99923593 0.99847513
1610249009 0.0000000 0.99958855 0.99918312
1610838659 0.0000000 0.99982882 0.99965686
1611559538 0.0000000 0.99979091 0.99958026
1611565557 0.0000000 0.99950022 0.99900299
1611574763 0.0000000 0.99929488 0.99857926
1611584686 0.0000000 0.99892080 0.99784392
1611818971 0.0000000 0.99972123 0.99943912
