1056357316 0.0000000 0.99879998 0.99754000
1057028486 0.0000000 0.99644965 0.99289542
1057319282 0.0000000 0.99978262 0.99943036
1058108790 0.0000000 0.99945009 0.99879318
1058496080 0.0000000 0.99985617 0.99957895
1059102630 0.0000000 0.99972355 0.99932122
1059850488 0.0000000 0.99599177 0.99196905
1059910523 0.0000000 0.99989468 0.99965292
1059994404 0.0000000 0.99974829 0.99938017
1060172588 0.0000000 0.99991053 0.99966371
1060619413 0.0000000 0.99989957 0.99966568
1061586322 0.0000000 0.99164492 0.98335946
1062262342 0.0000000 0.99691939 0.99379039
1062859632 0.0000000 0.99718720 0.99434233
1063234506 0.0000000 0.99992812 0.99974746
1063264037 0.0000000 0.99897003 0.99783760
1064365712 0.0000000 0.99934673 0.99861348
1064533379 0.0000000 0.99918073 0.99820089
1065785029 0.0000000 0.99910116 0.99810737
1065790269 0.0000000 0.99864209 0.99720055
1065847269 0.0000000 0.99392343 0.98788452
1067505195 0.0000000 0.99877530 0.99745756
1068127124 0.0000000 0.99992460 0.99971741
1068356150 0.0000000 0.99897873 0.99782670
1068595355 0.0000000 0.99992776 0.99970013
1068804765 0.0000000 0.99958259 0.99903166
1068825242 0.0000000 0.99985707 0.99955046
1069412363 0.0000000 0.99964303 0.99917227
1070682432 0.0000000 0.99582344 0.99166000
1070692497 0.0000000 0.99978465 0.99944645
1070921046 0.0000000 0.99985540 0.99956715
1071031093 0.0000000 0.99990821 0.99969876
1071031176 0.0000000 0.99992353 0.99974382
1071031375 0.0000000 0.99995220 0.99978834
1071031628 0.0000000 0.99983186 0.99954212
1071031695 0.0000000 0.99983513 0.99953943
1071031744 0.0000000 0.99982482 0.99951547
1071031844 0.0000000 0.99978054 0.99941057
1071031926 0.0000000 0.99962419 0.99909270
1071033611 0.0000000 0.99990064 0.99968654
1071033625 0.0000000 0.99990112 0.99968725
1071035006 0.0000000 0.99923718 0.99833930
1071038489 0.0000000 0.99958450 0.99904919
1071042579 0.0000000 0.99897015 0.99787277
1071043831 0.0000000 0.99955219 0.99902189
1071046005 0.0000000 0.99991608 0.99972916
1071046239 0.0000000 0.99886918 0.99763846
1071074159 0.0000000 0.99941128 0.99875283
1071095531 0.0000000 0.99919051 0.99831641
1071100910 0.0000000 0.99991399 0.99972999
1071109335 0.0000000 0.99925470 0.99843752
1071169499 0.0000000 0.99948519 0.99891281
1071182968 0.0000000 0.99987644 0.99962944
1071183209 0.0000000 0.99987632 0.99962944
1071183435 0.0000000 0.99980658 0.99948138
1071443800 0.0000000 0.99979174 0.99947184
1071583019 0.0000000 0.99986392 0.99961692
1071584001 0.0000000 0.99965751 0.99924201
1071678445 0.0000000 0.99994719 0.99980146
1071725608 0.0000000 0.99976462 0.99943185
1072705310 0.0000000 0.99986613 0.99963415
1072926918 0.0000000 0.99990648 0.99971861
1073300844 0.0000000 0.99964190 0.99916488
1073475853 0.0000000 0.99910820 0.99811363
1073756920 0.0000000 0.99632299 0.99263716
1073986141 0.0000000 0.99987191 0.99958360
1073994067 0.0000000 0.99872988 0.99739015
1075317204 0.0000000 0.99992424 0.99975061
1075317446 0.0000000 0.99964541 0.99921250
1075318489 0.0000000 0.99991375 0.99971420
1075466599 0.0000000 0.99816710 0.99627286
1075865039 0.0000000 0.99989754 0.99970788
1076851926 0.0000000 0.99992454 0.99966091
1076884025 0.0000000 0.99989140 0.99966961
1077531525 0.0000000 0.99951077 0.99894035
1077584107 0.0000000 0.99973273 0.99938816
1078321829 0.0000000 0.99976635 0.99941200
1079154231 0.0000000 0.99966174 0.99924976
1080241624 0.0000000 0.99992228 0.99972695
1081488818 0.0000000 0.99951601 0.99889314
1082397083 0.0000000 0.99949741 0.99890226
1082563195 0.0000000 0.99902660 0.99795884
1082729069 0.0000000 0.99975723 0.99937290
1082820030 0.0000000 0.99987495 0.99963176
1083398171 0.0000000 0.99994302 0.99969429
1083961065 0.0000000 0.99989915 0.99966967
1084003366 0.0000000 0.99989915 0.99963880
1084082541 0.0000000 0.99986553 0.99961877
1084133207 0.0000000 0.99992162 0.99972242
1084597670 0.0000000 0.99969608 0.99929881
1084687448 0.0000000 0.99992621 0.99970138
1084950252 0.0000000 0.99994600 0.99976361
1085103239 0.0000000 0.99841195 0.99675733
1085390106 0.0000000 0.99898952 0.99787253
1086195389 0.0000000 0.99990821 0.99970549
1086315872 0.0000000 0.99950570 0.99889964
1086883086 0.0000000 0.99986333 0.99958926
1087613581 0.0000000 0.99951959 0.99885255
1089099122 0.0000000 0.99988997 0.99962187
1089113880 0.0000000 0.99955577 0.99901778
1089371968 0.0000000 0.99894112 0.99781644
1090478200 0.0000000 0.99971497 0.99924064
1091970746 0.0000000 0.99966234 0.99921656
1092861100 0.0000000 0.99836016 0.99662608
1093118276 0.0000000 0.99625129 0.99242967
1093908136 0.0000000 0.99939787 0.99869120
1097813330 0.0000000 0.99993420 0.99969560
1098848984 0.0000000 0.99922776 0.99831289
1099928102 10.600000 0.14602724 -454.22574
1099929295 -0.30000001 0.32375580 -1470276.1
1099929521 -170.15001 0.12509035 -83431.359
1099931589 -63.900002 0.19129476 -348.22177
1099942690 -0.75000000 0.10245032 -97040568.
1100098082 1.0000000 0.12448405 -10125922.
1100139404 -0.20000000 0.28331122 -10145431.
1100237223 -128.00000 9.00397003E-02 -12728.861
1100955874 0.0000000 0.99649715 0.99280602
1103674687 0.0000000 0.99925703 0.99847794
1105287429 0.0000000 0.99660361 0.99315029
1105405102 0.0000000 0.99984771 0.99966097
1105536640 0.0000000 0.99961400 0.99920452
1105765351 0.0000000 0.99937284 0.99874711
1106056455 0.0000000 0.99149066 0.98243791
1106207236 0.0000000 0.99996424 0.99991518
1106226863 0.0000000 0.99942470 0.99883425
1106317701 0.0000000 0.99994892 0.99988556
1106377004 0.0000000 0.99941039 0.99880451
1106829094 0.0000000 0.99933577 0.99865520
1107166208 0.0000000 0.99968600 0.99935436
1107223187 0.0000000 0.99992567 0.99983084
1107233798 0.0000000 0.99977034 0.99952960
1107286746 0.0000000 0.99504989 0.98977929
1107388387 0.0000000 0.99951571 0.99901140
1107601144 0.0000000 0.99992830 0.99984771
1107601252 0.0000000 0.99991566 0.99981833
1108162580 0.0000000 0.99918574 0.99834615
1108757898 0.0000000 0.99996626 0.99989557
1108761568 0.0000000 0.99913502 0.99821937
1110049611 0.0000000 0.99996841 0.99990970
1110049680 0.0000000 0.99996841 0.99991000
1110050185 0.0000000 0.99984527 0.99967337
1110050874 0.0000000 0.99967945 0.99931604
1110568232 0.0000000 0.99903798 0.99802524
1111274786 0.0000000 0.99982113 0.99961627
1113182839 0.0000000 0.99814373 0.99620688
1113208093 0.0000000 0.99919319 0.99834597
1113260515 0.0000000 0.99993223 0.99983627
1113331351 0.0000000 0.99730140 0.99453372
1114345058 0.0000000 0.99948508 0.99892098
1114872497 0.0000000 0.99996293 0.99992067
1114872533 0.0000000 0.99996328 0.99992085
1114872543 0.0000000 0.99996406 0.99992120
1114981677 0.0000000 0.99955177 0.99909008
1115167250 0.0000000 0.99982446 0.99963927
1115753263 0.0000000 0.99931788 0.99861014
1115910658 0.0000000 0.99663132 0.99326074
1115942660 0.0000000 0.99948490 0.99890399
1116353193 0.0000000 0.99900770 0.99798626
1117405041 0.0000000 0.99974340 0.99949354
1117642805 0.0000000 0.99979764 0.99957776
1118162704 0.0000000 0.99979216 0.99952370
1118367166 0.0000000 0.99974984 0.99944305
1118396676 0.0000000 0.99968386 0.99931347
1118501300 0.0000000 0.99914014 0.99820101
1118677980 0.0000000 0.99931085 0.99859536
1118868304 0.0000000 0.99625951 0.99215597
1119087065 0.0000000 0.99978560 0.99956179
1119729025 0.0000000 0.99722952 0.99438977
1119876655 0.0000000 0.99605155 0.99199915
1121472051 0.0000000 0.99938673 0.99877197
1121864763 0.0000000 0.99978977 0.99954110
1122385024 0.0000000 0.99978501 0.99955797
1122618639 0.0000000 0.99840766 0.99678266
1122777951 0.0000000 0.99926043 0.99849200
1123439949 0.0000000 0.99731714 0.99457997
1125373372 0.0000000 0.99883455 0.99766368
1125685516 0.0000000 0.99822897 0.99641001
1125969360 0.0000000 0.99979383 0.99955696
1127055473 0.0000000 0.99497360 0.98981452
1127456637 0.0000000 0.99958950 0.99916148
1127471662 0.0000000 0.99910331 0.99818963
1127494190 0.0000000 0.99950337 0.99900323
1127760620 0.0000000 0.99979031 0.99956846
1128153007 56.650002 0.15527806 -104.17432
1128174696 -39.100002 0.10331915 -7.3205557
1128475640 235.95000 0.15528247 -182.19624
1128528995 126.45000 0.16119060 -116.88298
1128891916 -62.549999 0.11034228 -1453.5522
1128923244 174.45000 7.12204278E-02 -516.63055
1129069430 -26.950001 0.10595286 -4183.2266
1129155495 -112.90000 0.17938980 -5690.7017
1129246313 -47.450001 9.33059454E-02 -2668.9578
1129324370 86.750000 9.80659202E-02 -64.830727
1129391464 -111.20000 9.31372344E-02 -4.0476098
1129907016 93.550003 9.12544727E-02 -694.31995
1130249327 193.65001 9.85480174E-02 -10093.035
1131428965 13.600000 0.11506751 -1820.9014
1131431840 8.1500006 7.99630061E-02 -38659.164
1132062095 63.850002 0.10787576 -323.98349
1132132485 186.00000 0.14513776 -738.01276
1132148341 -68.150002 8.09937119E-02 -1715.7384
1132166999 111.00000 0.11784730 -32021.172
1132661855 119.05000 6.65141121E-02 -1087.4509
1132975230 30.450001 7.92694613E-02 -758.09985
1133111580 -42.400002 9.95989889E-02 -38998.234
1133304109 -9.8000002 9.14418548E-02 -646.27130
1133601723 -21.250000 9.38451141E-02 -49872.246
1133908462 -24.150000 0.10787628 -273.24890
1134710133 182.00000 0.10978372 -47.854828
1135808248 191.35001 0.16903134 -71.141083
1135976852 -25.700001 6.72185943E-02 -80.584419
1136739698 13.400001 0.10132953 -3.1607203
1137913657 -49.100002 8.05477574E-02 -2.7412877
1137989937 -34.500000 0.10561100 -2.9194045
1137990003 -34.450001 0.10064937 -3.1949763
1138288259 88.250000 9.13272947E-02 -25.770733
1139284609 5.0999999 8.34829882E-02 -62.555134
1139326915 25.400000 8.27408060E-02 -21.105946
1140725945 0.0000000 0.99610955 0.99205381
1140746150 0.0000000 0.99894029 0.99772072
1141877248 0.0000000 0.99800265 0.99589020
1142029462 0.0000000 0.99570411 0.99135232
1142229311 0.0000000 0.99830681 0.99652559
1142709582 0.0000000 0.99664211 0.99313664
1143536168 0.0000000 0.99859887 0.99701887
1143616861 0.0000000 0.99621540 0.99241215
1143885739 0.0000000 0.99970210 0.99930173
1143885924 0.0000000 0.99988061 0.99968249
1143888020 0.0000000 0.99914712 0.99815494
1144129163 0.0000000 0.99818420 0.99620831
1144133312 0.0000000 0.99878210 0.99738967
1144179006 0.0000000 0.99823076 0.99624878
1144806135 0.0000000 0.99530345 0.99058771
1145140855 0.0000000 0.99946958 0.99870455
1145323561 0.0000000 0.99383581 0.98767167
1146215126 0.0000000 0.99951631 0.99890488
1146944291 0.0000000 0.97966450 0.95901155
1146966782 0.0000000 0.99869293 0.99721098
1147258751 0.0000000 0.99569196 0.99127460
1149411961 0.0000000 0.99904615 0.99793917
1149467938 0.0000000 0.99840713 0.99669838
1149638545 0.0000000 0.99661320 0.99315923
1149771133 0.0000000 0.99523050 0.99043542
1150128882 0.0000000 0.99595928 0.99175322
1151387381 0.0000000 0.99559206 0.99104768
1154072410 0.0000000 0.99963939 0.99908793
1154182305 0.0000000 0.99812442 0.99605566
1155212722 0.0000000 0.99594671 0.99173653
1155340266 0.0000000 0.99899620 0.99780518
1155354114 0.0000000 0.99524462 0.99039727
1155443514 0.0000000 0.99607998 0.99203318
1156044082 0.0000000 0.99549234 0.99087822
1156698676 0.0000000 0.99878806 0.99736106
1158266854 0.0000000 0.99538964 0.99070740
1159598968 0.0000000 0.99592388 0.99176562
1159684577 0.0000000 0.99863976 0.99707425
1160388105 0.0000000 0.99910903 0.99807608
1160392104 0.0000000 0.99899197 0.99784040
1160549032 0.0000000 0.99898499 0.99780351
1160664389 0.0000000 0.99966729 0.99913871
1163299258 0.0000000 0.99621511 0.99230444
1163456967 0.0000000 0.99745411 0.99476087
1163641819 0.0000000 0.99765539 0.99518687
1164570370 0.0000000 0.99435085 0.98864347
1165358160 0.0000000 0.99628705 0.99241930
1165368969 0.0000000 0.99459761 0.98918176
1166094636 0.0000000 0.99935466 0.99853218
1166561075 0.0000000 0.99835283 0.99655724
1166894907 0.0000000 0.99909556 0.99805361
1167121204 0.0000000 0.99766105 0.99516356
1167135981 0.0000000 0.99837196 0.99657011
1167136317 0.0000000 0.99916667 0.99817532
1167136455 0.0000000 0.99917632 0.99819064
1167136825 0.0000000 0.99952143 0.99886853
1167144800 0.0000000 0.99796468 0.99575895
1167147704 0.0000000 0.99753112 0.99494267
1167154513 0.0000000 0.99886090 0.99751401
1167186639 0.0000000 0.99833852 0.99647766
1167298740 0.0000000 0.99724889 0.99447095
1167318376 0.0000000 0.99588382 0.99176168
1167324678 0.0000000 0.99615961 0.99224913
1167592780 0.0000000 0.99436229 0.98874217
1167604646 0.0000000 0.99667978 0.99321920
1168792515 0.0000000 0.99762535 0.99514806
1168917035 0.0000000 0.99925613 0.99837667
1169006425 0.0000000 0.99554527 0.99104434
1169712716 0.0000000 0.99579680 0.99160486
1169722755 0.0000000 0.99928153 0.99839211
1170262059 0.0000000 0.99573243 0.99138308
1170524118 0.0000000 0.99716127 0.99417913
1171366614 0.0000000 0.99398583 0.98798817
1171423577 0.0000000 0.99839622 0.99666631
1171423831 0.0000000 0.99922591 0.99828637
1171832699 0.0000000 0.99870044 0.99720240
1172178017 0.0000000 0.99825519 0.99637043
1173308237 0.0000000 0.99809510 0.99604809
1173368256 0.0000000 0.99628282 0.99249494
1174197233 0.0000000 0.99664372 0.99323338
1175309106 0.0000000 0.99194294 0.98394340
1175583473 0.0000000 0.99740201 0.99466282
1176242685 0.0000000 0.99430603 0.98861408
1177115546 0.0000000 0.99907792 0.99799955
1177175308 0.0000000 0.99827451 0.99639577
1178992210 0.0000000 0.99666309 0.99321342
1180238725 0.0000000 0.99145609 0.98299664
1180618796 0.0000000 0.99645156 0.99287301
1181939353 0.0000000 0.99718386 0.99423254
1182196765 0.0000000 0.97556949 0.95108104
1182265663 0.0000000 0.99281657 0.98561507
1182396227 0.0000000 0.99584508 0.99152929
1182398897 0.0000000 0.99870068 0.99722064
1184629372 0.0000000 0.99842632 0.99667972
1185198002 0.0000000 0.99843627 0.99667913
1185799546 0.0000000 0.99163038 0.98332667
1185861072 0.0000000 0.99014789 0.98039073
1186620947 0.0000000 0.99969083 0.99921942
1186786330 0.0000000 0.99785352 0.99544972
1188350129 0.0000000 0.99883246 0.99747080
1188356416 0.0000000 0.99931866 0.99845183
1188908193 0.0000000 0.99699211 0.99372631
1188950111 0.0000000 0.99205738 0.98413807
1189101086 0.0000000 0.99907243 0.99795198
1189101321 0.0000000 0.99942529 0.99864465
1189194674 0.0000000 0.99494416 0.98973048
1190442424 0.0000000 0.99839300 0.99658394
1191742755 0.0000000 0.99610448 0.99206930
1192071901 0.0000000 0.99711233 0.99399054
1192632000 0.0000000 0.99813914 0.99608481
1193967194 0.0000000 0.99675399 0.99341589
1194476053 0.0000000 0.99861091 0.99705362
1196283913 0.0000000 0.99817204 0.99616826
1196818902 0.0000000 0.99857092 0.99696326
1196950527 0.0000000 0.99349183 0.98694927
1197715613 0.0000000 0.99392331 0.98788667
1198522115 0.0000000 0.99684513 0.99357218
1200543890 0.0000000 0.99626809 0.99248809
1200856359 0.0000000 0.99549693 0.99085385
1201442068 0.0000000 0.99659652 0.99304515
1203280382 0.0000000 0.99938816 0.99862003
1203409866 0.0000000 0.99632698 0.99264723
1203790455 0.0000000 0.99831891 0.99649715
1204138448 0.0000000 0.99885398 0.99755937
1204304285 0.0000000 0.99853611 0.99686050
1204490434 0.0000000 0.98740733 0.97480887
1204651907 0.0000000 0.99772924 0.99528956
1204651936 0.0000000 0.99776202 0.99535412
1204670552 0.0000000 0.99856186 0.99688256
1207186072 0.0000000 0.99378949 0.98756707
1208187584 0.0000000 0.99886721 0.99759483
1208931881 0.0000000 0.99892259 0.99765092
1208975321 0.0000000 0.99961048 0.99907184
1208982088 0.0000000 0.99795687 0.99577463
1208988255 0.0000000 0.99835134 0.99652499
1208988552 0.0000000 0.99919069 0.99820244
1209105937 0.0000000 0.99694562 0.99373299
1209216223 0.0000000 0.99156809 0.98320150
1209291757 0.0000000 0.99509090 0.99013186
1209339084 0.0000000 0.99751699 0.99482226
1209362380 0.0000000 0.99806517 0.99599987
1209543825 0.0000000 0.98105270 0.96204859
1209563099 0.0000000 0.99099565 0.98205519
1209583346 0.0000000 0.99609649 0.99207127
1209820628 0.0000000 0.99587518 0.99169308
1209877317 0.0000000 0.98767978 0.97550714
1210448520 0.0000000 0.99859619 0.99694663
1210560189 0.0000000 0.99677646 0.99342799
1210633064 0.0000000 0.99879652 0.99735349
1210703275 0.0000000 0.99933773 0.99848646
1212285435 0.0000000 0.99921596 0.99817079
1212339563 0.0000000 0.99877858 0.99726057
1213107823 0.0000000 0.97709268 0.95371902
1213158817 0.0000000 0.99894708 0.99766707
1213486164 0.0000000 0.99817014 0.99609160
1214086760 0.0000000 0.99682063 0.99352199
1214128508 0.0000000 0.99516344 0.99022210
1214211456 0.0000000 0.99119830 0.98245412
1214561217 0.0000000 0.99312490 0.98625249
1215221786 0.0000000 0.99811572 0.99599981
1215745668 0.0000000 0.99897236 0.99775916
1215812106 0.0000000 0.99933606 0.99846703
1215812707 0.0000000 0.99821460 0.99621463
1215839910 0.0000000 0.99828440 0.99624896
1215843106 0.0000000 0.99908137 0.99779534
1215961116 0.0000000 0.99947757 0.99872780
1216126809 0.0000000 0.99438846 0.98874861
1216904067 0.0000000 0.99501252 0.98997402
1217616949 0.0000000 0.99864805 0.99701059
1218233114 0.0000000 0.99862742 0.99698478
1218994676 0.0000000 0.99521923 0.99027920
1219291482 0.0000000 0.99499661 0.98995113
1219301591 0.0000000 0.99706197 0.99400246
1219723710 0.0000000 0.98849988 0.97712117
1219772880 0.0000000 0.99622107 0.99230868
1219869253 0.0000000 0.99642450 0.99268860
1220179542 0.0000000 0.99594826 0.99182796
1220742036 0.0000000 0.99601257 0.99180281
1220946193 0.0000000 0.99819940 0.99612129
1221047734 0.0000000 0.99866384 0.99716133
1222614737 0.0000000 0.99817944 0.99612081
1225404477 0.0000000 0.99602324 0.99189276
1225442295 0.0000000 0.99569607 0.99131984
1228187814 0.0000000 0.99899143 0.99769169
1228684717 0.0000000 0.99856073 0.99681318
1229260451 0.0000000 0.99534702 0.99058151
1229658996 0.0000000 0.99307519 0.98615581
1229990683 0.0000000 0.99941534 0.99857992
1230216280 0.0000000 0.99624401 0.99230629
1230600687 0.0000000 0.99875295 0.99721259
1230860391 0.0000000 0.99722457 0.99424404
1231020274 0.0000000 0.99888372 0.99744451
1231041233 0.0000000 0.99686760 0.99347597
1232714291 0.0000000 0.99933934 0.99847627
1232804891 0.0000000 0.99877918 0.99735141
1233928332 0.0000000 0.99764842 0.99502736
1234166319 0.0000000 0.98993444 0.97996253
1234201315 0.0000000 0.99684292 0.99348426
1234214675 0.0000000 0.99941576 0.99861550
1236731039 0.0000000 0.99834180 0.99658793
1236854628 0.0000000 0.99683625 0.99355763
1237014105 0.0000000 0.99793142 0.99570566
1237159221 0.0000000 0.99908292 0.99802715
1237164701 0.0000000 0.99890429 0.99766850
1237551366 0.0000000 0.99730361 0.99448657
1237619839 0.0000000 0.99452645 0.98899996
1239235949 0.0000000 0.99762052 0.99513465
1239971868 0.0000000 0.99659169 0.99304354
1240678955 0.0000000 0.99763745 0.99515545
1242397863 0.0000000 0.99901861 0.99784434
1242709695 0.0000000 0.99643260 0.99275702
1243376855 0.0000000 0.99859482 0.99703872
1244248765 0.0000000 0.99466914 0.98929894
1245087845 0.0000000 0.99560690 0.99109393
1245407408 0.0000000 0.99773192 0.99525285
1245469469 0.0000000 0.99778444 0.99537337
1245877793 0.0000000 0.99741125 0.99469101
1245881452 0.0000000 0.99843693 0.99672985
1246167876 0.0000000 0.99821413 0.99622023
1246181696 0.0000000 0.99923700 0.99830812
1246182765 0.0000000 0.99878985 0.99739361
1246208530 0.0000000 0.99822205 0.99625707
1246208539 0.0000000 0.99822164 0.99625576
1246598451 0.0000000 0.99823785 0.99626434
1246598488 0.0000000 0.99823684 0.99626297
1246614635 0.0000000 0.99774843 0.99532527
1246985947 0.0000000 0.99828649 0.99641734
1247508302 0.0000000 0.99970323 0.99921930
1247516932 0.0000000 0.99940318 0.99859095
1247654255 0.0000000 0.99828821 0.99633133
1247741293 0.0000000 0.99909627 0.99801648
1247769767 0.0000000 0.99811417 0.99607956
1248159491 0.0000000 0.99905980 0.99785525
1248570012 0.0000000 0.99846661 0.99676132
1248588659 0.0000000 0.99922591 0.99825054
1248872986 0.0000000 0.99913460 0.99809486
1248886386 0.0000000 0.99838144 0.99664903
1249212887 0.0000000 0.99723983 0.99430752
1250467545 0.0000000 0.99904245 0.99788827
1250503855 0.0000000 0.99923128 0.99828225
1250504106 0.0000000 0.99958879 0.99901688
1250601456 0.0000000 0.99931204 0.99847889
1250639275 0.0000000 0.99848783 0.99679899
1250703707 0.0000000 0.99538499 0.99064881
1250777890 0.0000000 0.99904370 0.99792939
1250888264 0.0000000 0.99922293 0.99827617
1250911490 0.0000000 0.99303478 0.98606968
1252249816 0.0000000 0.99711215 0.99411452
1252757125 0.0000000 0.99729711 0.99436337
1254591366 0.0000000 0.99912870 0.99805790
1254664936 0.0000000 0.99720305 0.99423248
1255243328 0.0000000 0.99682349 0.99351734
1256244384 0.0000000 0.99845010 0.99670118
1256252705 0.0000000 0.99794346 0.99575883
1256431794 0.0000000 0.99809062 0.99607456
1257413577 0.0000000 0.99733615 0.99443978
1257413887 0.0000000 0.99554843 0.99095166
1257420861 0.0000000 0.99862403 0.99692482
1257678569 0.0000000 0.99612051 0.99209982
1258065617 0.0000000 0.99651277 0.99296534
1258296469 0.0000000 0.99875134 0.99724764
1258824471 0.0000000 0.99636894 0.99263281
1258926370 0.0000000 0.99678546 0.99343383
1260564405 0.0000000 0.99716371 0.99417651
1260692005 0.0000000 0.99856359 0.99692959
1261227736 0.0000000 0.99927568 0.99836230
1261227864 0.0000000 0.99978638 0.99945217
1261228557 0.0000000 0.99703509 0.99395114
1261232031 0.0000000 0.99648154 0.99281830
1261235533 0.0000000 0.99798614 0.99586421
1261275144 0.0000000 0.99638981 0.99268323
1261713375 0.0000000 0.99812144 0.99611998
1261922241 0.0000000 0.99689037 0.99366915
1262034644 0.0000000 0.99663967 0.99314290
1262237921 0.0000000 0.99760544 0.99507344
1262343689 0.0000000 0.99656981 0.99305928
1262367286 0.0000000 0.99819970 0.99622333
1262622742 0.0000000 0.99732888 0.99462849
1262633257 0.0000000 0.99746639 0.99478227
1263881366 0.0000000 0.99810171 0.99597627
1265523000 0.0000000 0.99895334 0.99775988
1265599504 0.0000000 0.99486190 0.98968971
1265691729 0.0000000 0.99854827 0.99693686
1265942558 0.0000000 0.99818909 0.99618310
1266289887 0.0000000 0.99914151 0.99813503
1266816064 0.0000000 0.99914640 0.99816567
1267146477 0.0000000 0.99787790 0.99562562
1267162697 0.0000000 0.99664968 0.99317712
1267661932 0.0000000 0.99814802 0.99627030
1267662287 0.0000000 0.99911243 0.99810880
1267686434 0.0000000 0.99875897 0.99739927
1267690576 0.0000000 0.99906141 0.99801636
1268040382 0.0000000 0.99707156 0.99408561
1268902896 0.0000000 0.99801642 0.99587137
1268931240 0.0000000 0.99868417 0.99722838
1269644874 0.0000000 0.99670935 0.99328995
1270335780 0.0000000 0.99756396 0.99506080
1270813793 0.0000000 0.99727243 0.99442619
1270961850 0.0000000 0.99901718 0.99792153
1270999307 0.0000000 0.99650115 0.99298894
1271168968 0.0000000 0.99900717 0.99789405
1271191748 0.0000000 0.99924570 0.99832797
1271987388 0.0000000 0.99761647 0.99508595
1272194052 0.0000000 0.99885213 0.99749839
1272250791 0.0000000 0.99915701 0.99818915
1272823213 0.0000000 0.99861270 0.99710619
1274901407 0.0000000 0.99563044 0.99115568
1276535865 0.0000000 0.99856627 0.99694026
1276561877 0.0000000 0.99931693 0.99844825
1276823323 0.0000000 0.99915302 0.99808782
1277440084 0.0000000 0.99640298 0.99268502
1277575551 0.0000000 0.99766105 0.99517667
1277670806 0.0000000 0.99935377 0.99853438
1278097892 0.0000000 0.99895710 0.99777639
1278515743 0.0000000 0.99523097 0.99047220
1278618217 0.0000000 0.99944556 0.99870515
1278636079 0.0000000 0.99777317 0.99536413
1279357457 0.0000000 0.99716157 0.99421555
1279458204 0.0000000 0.99864358 0.99711466
1280029930 0.0000000 0.99894720 0.99771631
1280553485 0.0000000 0.99667364 0.99326688
1280563997 0.0000000 0.99471807 0.98933530
1280587745 0.0000000 0.99742848 0.99475366
1281476617 0.0000000 0.99710923 0.99410683
1282408680 0.0000000 0.99892092 0.99770522
1282415961 0.0000000 0.99891740 0.99766278
1282416480 0.0000000 0.99886072 0.99754447
1283157909 0.0000000 0.99948049 0.99877423
1283540817 0.0000000 0.99681497 0.99346054
1284039008 0.0000000 0.99868375 0.99719834
1284244867 0.0000000 0.99686641 0.99353451
1284952628 0.0000000 0.99737126 0.99453032
1285350982 0.0000000 0.99801677 0.99592352
1285695233 0.0000000 0.99896669 0.99771321
1285876560 0.0000000 0.99687964 0.99361461
1286047392 0.0000000 0.99838364 0.99653828
1286198915 0.0000000 0.99921209 0.99822569
1286865806 0.0000000 0.99652910 0.99293631
1287036373 0.0000000 0.99899119 0.99783784
1289221280 0.0000000 0.99814266 0.99615121
1289567329 0.0000000 0.99854195 0.99688703
1289576340 0.0000000 0.99706042 0.99401450
1290342705 0.0000000 0.99881363 0.99749756
1290784424 0.0000000 0.99920547 0.99820805
1290799240 0.0000000 0.99864835 0.99715477
1291601652 0.0000000 0.99805468 0.99596184
1291689974 0.0000000 0.99823302 0.99636173
1291927327 0.0000000 0.99807197 0.99599320
1292000461 0.0000000 0.99768609 0.99528086
1294804388 0.0000000 0.99898583 0.99784809
1296507195 0.0000000 0.99901801 0.99792910
1296548191 0.0000000 0.99924606 0.99832743
1297058102 0.0000000 0.99842691 0.99669230
1297342916 0.0000000 0.99638057 0.99271619
1297754297 0.0000000 0.99936050 0.99861783
1298970247 0.0000000 0.99691767 0.99383533
1299845150 0.0000000 0.99710339 0.99414122
1300123317 0.0000000 0.99642265 0.99277353
1300281136 0.0000000 0.99639070 0.99269891
1300608051 0.0000000 0.99900693 0.99791038
1301123952 0.0000000 0.99705398 0.99400622
1301458951 0.0000000 0.99862784 0.99711472
1301964194 0.0000000 0.99673021 0.99334288
1302916270 0.0000000 0.99854892 0.99691820
1302961193 0.0000000 0.99789697 0.99568647
1303685617 0.0000000 0.99816304 0.99617636
1304080155 0.0000000 0.99586314 0.99163032
1304082768 0.0000000 0.99820292 0.99631447
1304152538 0.0000000 0.99800491 0.99585974
1304437954 0.0000000 0.99815553 0.99615675
1304717510 0.0000000 0.99869931 0.99724030
1304757333 0.0000000 0.99738514 0.99463254
1306028051 0.0000000 0.99939293 0.99857908
1306098435 0.0000000 0.99644828 0.99279916
1306261925 0.0000000 0.99674755 0.99342489
1307034472 0.0000000 0.99868381 0.99724734
1307669122 0.0000000 0.99836731 0.99662548
1308478735 0.0000000 0.99609095 0.99209464
1309048281 0.0000000 0.99707431 0.99394989
1309094354 0.0000000 0.99702692 0.99384236
1309326569 0.0000000 0.99771601 0.99529225
1309474048 0.0000000 0.99479872 0.98954546
1309601047 0.0000000 0.99781138 0.99551839
1309696244 0.0000000 0.99580234 0.99152309
1309953539 0.0000000 0.99854279 0.99687344
1310469430 0.0000000 0.99828994 0.99642694
1310541580 0.0000000 0.99791741 0.99567902
1310928323 0.0000000 0.99833596 0.99648613
1311000534 0.0000000 0.99709684 0.99412394
1311084070 0.0000000 0.99762136 0.99501169
1311142337 0.0000000 0.99850929 0.99686748
1311692424 0.0000000 0.99572790 0.99129987
1313100452 0.0000000 0.99658477 0.99296510
1314264913 0.0000000 0.99866062 0.99712437
1314789752 0.0000000 0.99893069 0.99770957
1315538819 0.0000000 0.99904299 0.99789017
1315635988 0.0000000 0.99828804 0.99637920
1315804512 0.0000000 0.99713206 0.99411970
1316643513 0.0000000 0.99858969 0.99696720
1316653258 0.0000000 0.99715734 0.99414259
1317835272 0.0000000 0.99709803 0.99415034
1318175665 0.0000000 0.99877083 0.99740875
1318478724 0.0000000 0.99617273 0.99225962
1319945023 0.0000000 0.99810314 0.99595344
1320074224 0.0000000 0.99660593 0.99309731
1320721143 0.0000000 0.99932379 0.99847490
1321061921 0.0000000 0.99856770 0.99698824
1322787324 0.0000000 0.99858624 0.99703968
1322993584 0.0000000 0.99559814 0.99111229
1323861170 0.0000000 0.99534869 0.99062246
1323909341 0.0000000 0.99777573 0.99544972
1324582798 0.0000000 0.99763352 0.99513894
1325660397 0.0000000 0.99872172 0.99723548
1326181267 0.0000000 0.99842268 0.99677283
1326728445 0.0000000 0.99775511 0.99545580
1327107001 0.0000000 0.99729425 0.99441099
1327480583 0.0000000 0.99723005 0.99434584
1327824459 0.0000000 0.99860758 0.99713194
1328324062 0.0000000 0.99869829 0.99727458
1328459111 0.0000000 0.99907511 0.99804521
1330223700 0.0000000 0.99911761 0.99811262
1330883534 0.0000000 0.99821532 0.99632132
1332071890 0.0000000 0.99485713 0.98968863
1332086295 0.0000000 0.99603814 0.99202573
1332373478 0.0000000 0.99472362 0.98941565
1333258441 0.0000000 0.99793273 0.99572319
1333828758 0.0000000 0.99821579 0.99630362
1333921411 0.0000000 0.99915886 0.99814934
1334227165 0.0000000 0.99713963 0.99421990
1334800688 0.0000000 0.99859607 0.99701673
1335409258 0.0000000 0.99758714 0.99513638
1335538115 0.0000000 0.99424350 0.98847717
1338362741 0.0000000 0.99885356 0.99758208
1338842309 0.0000000 0.99758101 0.99501252
1338890190 0.0000000 0.99886203 0.99757016
1338944914 0.0000000 0.99953020 0.99895179
1338944979 0.0000000 0.99965060 0.99919552
1338945045 0.0000000 0.99982321 0.99957252
1339216879 0.0000000 0.99910241 0.99802399
1339275618 0.0000000 0.99890882 0.99765986
1339278860 0.0000000 0.99824494 0.99632871
1339309409 0.0000000 0.99675667 0.99338400
1339575740 0.0000000 0.99946737 0.99877530
1339598466 0.0000000 0.99901289 0.99785066
1339646879 0.0000000 0.99802536 0.99583614
1339690513 0.0000000 0.99957591 0.99894881
1339702255 0.0000000 0.99901301 0.99782038
1339923712 0.0000000 0.99945313 0.99866951
1341299876 0.0000000 0.99777067 0.99540830
1341924177 0.0000000 0.99834257 0.99656171
1342405200 0.0000000 0.99722511 0.99437457
1344277570 0.0000000 0.99713814 0.99412966
1344910008 0.0000000 0.99851406 0.99687731
1344941743 0.0000000 0.99779725 0.99536604
1345138860 0.0000000 0.99709660 0.99385571
1345234802 0.0000000 0.99871743 0.99729854
1346380382 0.0000000 0.99563140 0.99121279
1346415099 0.0000000 0.99878907 0.99737519
1346415834 0.0000000 0.99873990 0.99730104
1346788818 0.0000000 0.99940544 0.99865800
1346816730 0.0000000 0.99649841 0.99282914
1348523853 0.0000000 0.99902254 0.99789774
1350722979 0.0000000 0.99653840 0.99291319
1350800865 0.0000000 0.99659872 0.99305516
1351161077 0.0000000 0.99812818 0.99612355
1352122829 0.0000000 0.99798542 0.99580669
1352554787 0.0000000 0.99394399 0.98785657
1353431341 0.0000000 0.99896592 0.99781436
1353536726 0.0000000 0.99833113 0.99647999
1354158772 0.0000000 0.99386686 0.98775291
1354470336 0.0000000 0.99935055 0.99850756
1354477411 0.0000000 0.99887919 0.99756563
1354976814 0.0000000 0.99942189 0.99870884
1355221924 0.0000000 0.99806488 0.99600333
1356243184 0.0000000 0.99913269 0.99808240
1356319072 0.0000000 0.99223584 0.98452550
1356487597 0.0000000 0.99850404 0.99686819
1356883405 0.0000000 0.99943894 0.99872398
1357128106 0.0000000 0.99927002 0.99840087
1357236484 0.0000000 0.99926049 0.99834573
1357270197 0.0000000 0.99835205 0.99657518
1357331931 0.0000000 0.99724722 0.99436384
1357541346 0.0000000 0.99845660 0.99678439
1357994057 0.0000000 0.99777687 0.99538809
1358411441 0.0000000 0.99882174 0.99747849
1358708986 0.0000000 0.99765921 0.99518371
1359776392 0.0000000 0.99780172 0.99545282
1361064727 0.0000000 0.99913949 0.99813884
1361239965 0.0000000 0.99735439 0.99463463
1361256759 0.0000000 0.99768382 0.99527252
1361373628 0.0000000 0.99883473 0.99750578
1361471757 0.0000000 0.99895298 0.99774420
1361665659 0.0000000 0.99751115 0.99497086
1362386544 0.0000000 0.99808085 0.99604070
1362609444 0.0000000 0.99419576 0.98836577
1362627405 0.0000000 0.99920380 0.99825406
1362643640 0.0000000 0.99827844 0.99639010
1363079024 0.0000000 0.99755579 0.99495548
1363764120 0.0000000 0.99784613 0.99554169
1364349799 0.0000000 0.99929166 0.99844736
1364349845 0.0000000 0.99934524 0.99853790
1364355002 0.0000000 0.99830014 0.99646670
1364690983 0.0000000 0.99758112 0.99503171
1365625224 0.0000000 0.99969006 0.99927831
1366061297 0.0000000 0.99437064 0.98873782
1366432589 0.0000000 0.99589550 0.99168766
1366513671 0.0000000 0.99716586 0.99421579
1369110346 0.0000000 0.99929971 0.99842066
1369124755 0.0000000 0.99869621 0.99720281
1369791239 0.0000000 0.99800575 0.99584240
1369883683 0.0000000 0.99706233 0.99396610
1370118743 0.0000000 0.99843580 0.99667031
1370151783 0.0000000 0.99932748 0.99848330
1370623082 0.0000000 0.99934965 0.99847978
1372241957 0.0000000 0.99907243 0.99801028
1372463510 0.0000000 0.99955738 0.99895132
1373829868 0.0000000 0.99896854 0.99782097
1373895699 0.0000000 0.99881434 0.99747384
1373969495 0.0000000 0.99845088 0.99673247
1374677225 0.0000000 0.99908972 0.99799794
1374679935 0.0000000 0.99927473 0.99836510
1376837821 0.0000000 0.99753875 0.99492115
1377205321 0.0000000 0.99679917 0.99345583
1377355603 0.0000000 0.99691081 0.99362320
1377407246 0.0000000 0.99494350 0.98988581
1378247005 0.0000000 0.99898797 0.99774128
1378467231 0.0000000 0.99908346 0.99802971
1379475197 0.0000000 0.99822778 0.99625158
1380542719 0.0000000 0.99636436 0.99257869
1381466759 0.0000000 0.99834216 0.99657124
1381684855 0.0000000 0.99775022 0.99539876
1382170436 0.0000000 0.99741364 0.99469060
1382919848 0.0000000 0.99347526 0.98696887
1383069011 0.0000000 0.99718451 0.99422348
1383085061 0.0000000 0.99782234 0.99557191
1383220929 0.0000000 0.99962413 0.99909657
1383227120 0.0000000 0.99892360 0.99763638
1383227831 0.0000000 0.99873573 0.99724162
1383234448 0.0000000 0.99913806 0.99809659
1383263545 0.0000000 0.99852473 0.99686784
1383450194 0.0000000 0.99901181 0.99786007
1383519374 0.0000000 0.99723530 0.99426234
1383809110 0.0000000 0.99907994 0.99787223
1383809501 0.0000000 0.99885404 0.99750012
1383989687 0.0000000 0.99734807 0.99455535
1384145710 0.0000000 0.99867243 0.99719173
1384544358 0.0000000 0.99697882 0.99375778
1385019362 0.0000000 0.99741513 0.99474609
1386347977 0.0000000 0.99709904 0.99412584
1386357780 0.0000000 0.99843198 0.99677652
1387916955 0.0000000 0.99584305 0.99163574
1389034180 0.0000000 0.99908525 0.99799341
1389204911 0.0000000 0.99885070 0.99754888
1389717867 0.0000000 0.99867588 0.99721760
1389724692 0.0000000 0.99930179 0.99847925
1389729005 0.0000000 0.99906558 0.99801856
1389740803 0.0000000 0.99861467 0.99712169
1389904819 0.0000000 0.99750668 0.99490470
1390517490 0.0000000 0.99689519 0.99371034
1390619771 0.0000000 0.99876350 0.99738699
1391790286 0.0000000 0.99559516 0.99114460
1393014317 0.0000000 0.99863797 0.99714208
1393065064 0.0000000 0.99693644 0.99377167
1393759985 0.0000000 0.99748957 0.99489856
1393791078 0.0000000 0.99916250 0.99822724
1394913876 0.0000000 0.99869078 0.99723983
1395061976 0.0000000 0.99891376 0.99769872
1395231566 0.0000000 0.99921584 0.99829382
1397097485 0.0000000 0.99760103 0.99503708
1397746253 0.0000000 0.99664801 0.99320441
1398443585 0.0000000 0.99767476 0.99521768
1399207416 0.0000000 0.99839324 0.99659324
1399278483 0.0000000 0.99850273 0.99685562
1399745740 0.0000000 0.99751443 0.99492389
1399746271 0.0000000 0.99841017 0.99669439
1400631673 0.0000000 0.99936801 0.99857903
1401021673 0.0000000 0.99927735 0.99830353
1401296286 0.0000000 0.99857479 0.99697459
1402085900 0.0000000 0.99492949 0.98985362
1402313583 0.0000000 0.99871117 0.99730819
1402624068 0.0000000 0.99852043 0.99696565
1402784563 0.0000000 0.99909407 0.99800378
1403034553 0.0000000 0.99511546 0.99015510
1403317269 0.0000000 0.99533916 0.99063784
1403439974 0.0000000 0.99615288 0.99212408
1404774365 0.0000000 0.99902397 0.99792069
1404925818 0.0000000 0.99634278 0.99258733
1405577514 0.0000000 0.99874562 0.99734342
1407296767 0.0000000 0.99381065 0.98756444
1407544588 0.0000000 0.99664217 0.99323457
1408047770 0.0000000 0.99884140 0.99755377
1410046387 0.0000000 0.99876606 0.99733651
1410325949 0.0000000 0.99797422 0.99577630
1410382444 0.0000000 0.99611455 0.99215347
1411247643 0.0000000 0.99792516 0.99568367
1411641303 0.0000000 0.99887663 0.99760687
1412009058 0.0000000 0.99607325 0.99207371
1412705290 0.0000000 0.99848074 0.99682349
1413207959 0.0000000 0.99757922 0.99510360
1414298821 0.0000000 0.99720287 0.99428904
1416419181 0.0000000 0.99962062 0.99911010
1416419227 0.0000000 0.99962014 0.99911189
1416540553 0.0000000 0.99795157 0.99579054
1417557685 0.0000000 0.99800342 0.99590468
1417655668 0.0000000 0.99768096 0.99527961
1418245419 0.0000000 0.99951935 0.99889922
1418533563 0.0000000 0.99548268 0.99092901
1419682925 0.0000000 0.99769592 0.99532282
1419947441 0.0000000 0.99708772 0.99411333
1419995164 0.0000000 0.99811876 0.99610460
1420012476 0.0000000 0.99781919 0.99548316
1420437226 0.0000000 0.99720609 0.99427187
1420606112 0.0000000 0.99837667 0.99657452
1420742654 0.0000000 0.99876404 0.99744886
1421435535 0.0000000 0.99894685 0.99774128
1421639313 0.0000000 0.99739993 0.99467498
1422083726 0.0000000 0.99784994 0.99558103
1422374758 0.0000000 0.99905276 0.99802309
1422958210 0.0000000 0.99685937 0.99365586
1423037687 0.0000000 0.99692643 0.99375290
1423603888 0.0000000 0.99477690 0.98958224
1423726535 0.0000000 0.99799544 0.99586004
1423857991 0.0000000 0.99926615 0.99844980
1424969403 0.0000000 0.99656940 0.99297333
1426114954 0.0000000 0.99815392 0.99623001
1426344314 0.0000000 0.99813169 0.99613130
1426852891 0.0000000 0.99766117 0.99520081
1427105631 0.0000000 0.99856150 0.99695396
1427483378 0.0000000 0.99816102 0.99621093
1428208678 0.0000000 0.99500793 0.99000633
1428320250 0.0000000 0.99807805 0.99593019
1428945237 0.0000000 0.99544495 0.99076873
1429127316 0.0000000 0.99811786 0.99613106
1429494176 0.0000000 0.99951655 0.99888682
1429494550 0.0000000 0.99947971 0.99885064
1429528847 0.0000000 0.99861991 0.99709243
1429530313 0.0000000 0.99913806 0.99811161
1429531199 0.0000000 0.99924499 0.99836379
1429992097 0.0000000 0.99933672 0.99856281
1430658547 0.0000000 0.99859136 0.99701691
1431333501 0.0000000 0.99959785 0.99904472
1431387795 0.0000000 0.99860924 0.99708116
1431628549 0.0000000 0.99851614 0.99688768
1432588969 0.0000000 0.99921161 0.99832296
1432601816 0.0000000 0.99812198 0.99607992
1432799863 0.0000000 0.99811953 0.99607873
1434467768 0.0000000 0.99713689 0.99414706
1434867330 0.0000000 0.99760091 0.99500155
1435335400 0.0000000 0.99805939 0.99598974
1438066750 0.0000000 0.99872875 0.99726063
1438936857 0.0000000 0.99806470 0.99595469
1439209234 0.0000000 0.99691319 0.99380940
1439418087 0.0000000 0.99681026 0.99350548
1439474882 0.0000000 0.99886465 0.99756593
1439699200 0.0000000 0.99599856 0.99196070
1441113885 0.0000000 0.99922967 0.99829203
1441128847 0.0000000 0.99818546 0.99622703
1441160293 0.0000000 0.99921286 0.99828887
1441898607 0.0000000 0.99764389 0.99512988
1442339782 0.0000000 0.99763358 0.99501854
1442345855 0.0000000 0.99924552 0.99832720
1442345878 0.0000000 0.99924713 0.99832934
1442408939 0.0000000 0.99947006 0.99876863
1442410226 0.0000000 0.99836284 0.99657917
1442413798 0.0000000 0.99824196 0.99634123
1443074281 0.0000000 0.99600923 0.99195707
1443555465 0.0000000 0.99656683 0.99297655
1444648487 0.0000000 0.99874878 0.99742496
1444736944 0.0000000 0.99657744 0.99312484
1444953165 0.0000000 0.98781317 0.97576767
1444953267 0.0000000 0.97984529 0.96008080
1445014914 0.0000000 0.55686289 0.31008071
1445221055 0.0000000 0.99952328 0.99883133
1445233331 0.0000000 0.99679226 0.99332118
1445239215 0.0000000 0.99981844 0.99935490
1446412182 0.0000000 0.99994880 0.99959940
1446412281 0.0000000 0.99992919 0.99963528
1446509184 0.0000000 0.99987280 0.99948120
1446509190 0.0000000 0.99987251 0.99947929
1446714386 0.0000000 0.99990273 0.99941063
1447167192 0.0000000 0.99945652 0.99839276
1447255999 0.0000000 0.99986506 0.99928844
1447277516 0.0000000 0.99930054 0.99795336
1448316095 0.0000000 0.99844080 0.99584681
1448671943 0.0000000 0.99890018 0.99694127
1449033717 0.0000000 0.99986202 0.99932611
1449035580 0.0000000 0.99976569 0.99906498
1449153073 0.0000000 0.99990475 0.99951053
1449935242 0.0000000 0.99968821 0.99872559
1450510821 0.0000000 0.99849504 0.99523532
1450536811 0.0000000 0.99840027 0.99460793
1450992022 0.0000000 0.99972659 0.99876064
1451199638 0.0000000 0.99822068 0.99488086
1451327726 0.0000000 0.99867988 0.99548739
1451523194 0.0000000 0.99933416 0.99774104
1451829690 0.0000000 0.99956208 0.99815845
1451928000 0.0000000 0.99922174 0.99748719
1452487977 0.0000000 0.99982238 0.99912721
1453169606 0.0000000 0.99995840 0.99960351
1453824336 0.0000000 0.99815959 0.99368703
1454422761 0.0000000 0.99990386 0.99936485
1454702246 0.0000000 0.95720631 0.87176448
1454702308 0.0000000 0.99992591 0.99950868
1454702406 0.0000000 0.99994218 0.99959862
1454702512 0.0000000 0.99995321 0.99949288
1454978820 0.0000000 0.99989933 0.99930811
1455590759 0.0000000 0.99981570 0.99914104
1455595494 0.0000000 0.99986988 0.99926233
1455757779 0.0000000 0.99995434 0.99959642
1455758311 0.0000000 0.99990910 0.99947816
1456215987 0.0000000 0.99929672 0.99727112
1456541993 0.0000000 0.99946886 0.99804878
1457201466 0.0000000 0.99922240 0.99707168
1457276938 0.0000000 0.99883366 0.99565864
1459152479 0.0000000 0.99948794 0.99807680
1459502085 0.0000000 0.99360257 0.98453122
1459988008 0.0000000 0.99609947 0.99035627
1460294506 0.0000000 0.99809432 0.99377668
1460353509 0.0000000 0.99990863 0.99929136
1460804146 0.0000000 0.99970794 0.99875611
1461082597 0.0000000 0.99882758 0.99581778
1461607991 0.0000000 0.99971819 0.99858558
1461770234 0.0000000 0.99993324 0.99951655
1461770257 0.0000000 0.99993348 0.99951500
1461770858 0.0000000 0.99990773 0.99941337
1461781146 0.0000000 0.99991012 0.99948210
1461806086 0.0000000 0.99938166 0.99750394
1462056417 0.0000000 0.99976569 0.99880892
1462199340 0.0000000 0.99980837 0.99888241
1462521203 0.0000000 0.99977160 0.99884468
1462632669 0.0000000 0.99975079 0.99860370
1462675593 0.0000000 0.99987841 0.99919391
1463023035 0.0000000 0.99994689 0.99951112
1463023251 0.0000000 0.99993074 0.99932647
1463023282 0.0000000 0.99988902 0.99910277
1463027395 0.0000000 0.99993163 0.99949175
1463127852 0.0000000 0.99986029 0.99924946
1463195522 0.0000000 0.99966407 0.99819267
1463196768 0.0000000 0.99984789 0.99901998
1463530965 0.0000000 0.99983627 0.99902332
1463863900 0.0000000 0.99990875 0.99940318
1463882779 0.0000000 0.99977249 0.99892187
1464184475 0.0000000 0.99855375 0.99530751
1464544116 0.0000000 0.99967897 0.99935257
1464576767 0.0000000 0.99982858 0.99965227
1464630651 0.0000000 0.99963099 0.99925262
1464672226 0.0000000 0.99996424 0.99991000
1466204142 0.0000000 0.99846298 0.99692428
1466383187 0.0000000 0.99991357 0.99982250
1466409210 -83.349998 0.17743339 3.54743004E-03
1466715930 0.0000000 0.99992126 0.99982351
1467361422 0.0000000 0.99979317 0.99957883
1469019333 0.0000000 0.99952304 0.99904627
1469592155 0.0000000 0.99989128 0.99977642
1471008941 0.0000000 0.99720097 0.99436289
1471908408 0.0000000 0.99773699 0.99546546
1472660934 0.0000000 0.99842256 0.99682099
1473440050 0.0000000 0.99601346 0.99198014
1475055492 0.0000000 0.99677706 0.99356741
1475769120 0.0000000 0.99918497 0.99830312
1477370752 0.0000000 0.99915391 0.99790674
1478519786 0.0000000 0.99817604 0.99627507
1478903131 0.0000000 0.99843222 0.99683791
1480024554 0.0000000 0.99840629 0.99681383
1480377579 0.0000000 0.99798882 0.99594611
1480507474 0.0000000 0.99862838 0.99706715
1481256588 0.0000000 0.99589610 0.99179661
1481811269 0.0000000 0.99914628 0.99812555
1483057851 0.0000000 0.99718714 0.99432731
1483513641 0.0000000 0.99537283 0.99072343
1484155863 0.0000000 0.99824929 0.99639732
1484797338 0.0000000 0.99647033 0.99293631
1484900187 0.0000000 0.99726135 0.99450779
1485329586 0.0000000 0.99538505 0.99078226
1486746772 0.0000000 0.99920267 0.99829555
1487420859 0.0000000 0.99301600 0.98500818
1487652197 0.0000000 0.99371302 0.98713636
1488212310 0.0000000 0.99468684 0.98934239
1488924651 0.0000000 0.99164766 0.98333049
1489967289 0.0000000 0.99291974 0.98579246
1490066029 0.0000000 0.99118567 0.98229271
1490805242 0.0000000 0.99219894 0.98429620
1492112471 0.0000000 0.99250317 0.98497111
1492367656 0.0000000 0.99372721 0.98589981
1493517442 0.0000000 0.99334514 0.98669070
1493960850 0.0000000 0.99253011 0.98488122
1493986611 0.0000000 0.99015564 0.98028791
1494889974 0.0000000 0.99239028 0.98468602
1494932580 0.0000000 0.99374133 0.98740238
1495631454 0.0000000 0.99342531 0.98588431
1495691291 0.0000000 0.99212039 0.98341197
1495956669 0.0000000 0.99278420 0.98541182
1495999757 0.0000000 0.99386507 0.98776364
1496582686 0.0000000 0.99378800 0.98746610
1497967350 0.0000000 0.99173921 0.98351991
1498029939 0.0000000 0.99437171 0.98849380
1500318986 0.0000000 0.99162680 0.98305601
1501139292 0.0000000 0.99394774 0.98775256
1501845585 0.0000000 0.99317247 0.98634714
1502294736 0.0000000 0.99287444 0.98567188
1502416734 0.0000000 0.99217629 0.98405772
1502582915 0.0000000 0.99120075 0.98245686
1504364658 0.0000000 0.99270016 0.98542655
1505096741 0.0000000 0.99377435 0.98756826
1505687994 0.0000000 0.99303812 0.98600835
1505917796 0.0000000 0.99133074 0.98217964
1506232185 0.0000000 0.99189520 0.98386014
1506549399 0.0000000 0.98990095 0.97977865
1507505391 0.0000000 0.99117875 0.98233980
1507747520 0.0000000 0.99271154 0.98540282
1508582157 0.0000000 0.99309713 0.98624402
1509318944 0.0000000 0.99326324 0.98638999
1509677295 0.0000000 0.99532586 0.99063236
1509677339 0.0000000 0.99532765 0.99063206
1509752088 0.0000000 0.99431610 0.98845142
1510398879 0.0000000 0.99208492 0.98274463
1510402973 0.0000000 0.99046922 0.97950304
1510440860 0.0000000 0.99312836 0.98627824
1510947032 0.0000000 0.99280900 0.98567003
1511360409 0.0000000 0.99406368 0.98724049
1511470532 0.0000000 0.99457121 0.98780513
1512230735 0.0000000 0.99276930 0.98552716
1512377977 0.0000000 0.99464130 0.98924941
1512704669 0.0000000 0.99373835 0.98740625
1513120660 0.0000000 0.99259686 0.98523521
1516168751 0.0000000 0.99300444 0.98563880
1516984288 0.0000000 0.99584901 0.99169755
1517686257 0.0000000 0.99387449 0.98732471
1517749972 0.0000000 0.99364853 0.98712164
1517752600 0.0000000 0.99172044 0.98349732
1517752662 0.0000000 0.99174446 0.98354185
1517753127 0.0000000 0.99167204 0.98335761
1517753452 0.0000000 0.99092108 0.98186076
1517753522 0.0000000 0.99097615 0.98196787
1517753592 0.0000000 0.99091953 0.98185688
1517753815 0.0000000 0.99185240 0.98373431
1517758427 0.0000000 0.99016911 0.98041499
1517763262 0.0000000 0.99100083 0.98205125
1517821602 0.0000000 0.99216712 0.98438978
1517823894 0.0000000 0.99140835 0.98288506
1517846321 0.0000000 0.99318910 0.98633003
1517852233 0.0000000 0.99232835 0.98454612
1517893754 0.0000000 0.99518603 0.98979390
1517906208 0.0000000 0.97518998 0.95093948
1517932241 0.0000000 0.99369293 0.98676628
1517932280 0.0000000 0.99368840 0.98676747
1517932282 0.0000000 0.99368757 0.98676717
1517932427 0.0000000 0.99226713 0.98458475
1517932434 0.0000000 0.99230158 0.98465449
1517932492 0.0000000 0.99159259 0.98315674
1517933877 0.0000000 0.99038380 0.98066437
1517940013 0.0000000 0.99395603 0.98757249
1517940459 0.0000000 0.98778182 0.97571403
1517944528 0.0000000 0.99166942 0.98261267
1517945796 0.0000000 0.98871785 0.97717112
1517950582 0.0000000 0.99127293 0.98252481
1517958702 0.0000000 0.99099118 0.98186153
1517960631 0.0000000 0.98816490 0.97635281
1517969882 0.0000000 0.99102724 0.98134977
1517974578 0.0000000 0.99225521 0.98434430
1517998787 0.0000000 0.97775811 0.95598173
1518001985 0.0000000 0.99325514 0.98655003
1518008800 0.0000000 0.99018997 0.98015088
1518008880 0.0000000 0.99104470 0.98202300
1518013159 0.0000000 0.98107970 0.96202469
1518016890 0.0000000 0.99484432 0.98952556
1518016916 0.0000000 0.99483639 0.98950988
1518051257 0.0000000 0.98634368 0.97275913
1518059164 0.0000000 0.98637432 0.97293091
1518142443 0.0000000 0.98758167 0.97495651
1518201789 0.0000000 0.99250811 0.98470169
1518248929 0.0000000 0.99305600 0.98609167
1518858396 0.0000000 0.94060349 0.86506748
1518981709 0.0000000 0.98800528 0.97596663
1519051621 0.0000000 0.98361742 0.96519053
1519254641 0.0000000 0.99107927 0.98156679
1519583320 0.0000000 0.99350160 0.98690665
1519962147 0.0000000 0.99096268 0.98186320
1520098551 0.0000000 0.98146629 0.96321684
1520329330 0.0000000 0.93992007 0.86780030
1521024527 0.0000000 0.99197692 0.98396647
1521537776 0.0000000 0.99478972 0.98955464
1521728871 0.0000000 0.99001223 0.97911614
1522232997 0.0000000 0.98818928 0.97584581
1522282670 0.0000000 0.99249458 0.98503190
1522598524 0.0000000 0.98281056 0.96392912
1523432369 0.0000000 0.99275911 0.98433387
1523886539 0.0000000 0.98968297 0.97928590
1524201906 0.0000000 0.93124169 0.84811318
1524248877 0.0000000 0.92239851 0.82863575
1524308214 0.0000000 0.99169445 0.98264909
1524503432 0.0000000 0.99216712 0.98433900
1524721460 0.0000000 0.99039131 0.97896403
1524721601 0.0000000 0.99119616 0.98181754
1524808553 0.0000000 0.98927677 0.97852010
1525218424 0.0000000 0.99132025 0.98270530
1526098666 0.0000000 0.99112833 0.98218656
1527728598 0.0000000 0.99224836 0.98449868
1527904870 0.0000000 0.99227726 0.98415691
1528731725 0.0000000 0.99227870 0.98456424
1528750347 0.0000000 0.99228448 0.98458648
1528856173 0.0000000 0.99075949 0.98157883
1529096035 0.0000000 0.99427634 0.98831755
1529334375 0.0000000 0.99273491 0.98550308
1529522338 0.0000000 0.99111092 0.98227006
1530516370 0.0000000 0.99372154 0.98698640
1530516385 0.0000000 0.99372160 0.98698527
1530609654 0.0000000 0.99443793 0.98827946
1531312909 0.0000000 0.99343258 0.98630810
1531507119 0.0000000 0.99333942 0.98661983
1532050755 0.0000000 0.99216729 0.98413444
1533217098 0.0000000 0.99270672 0.98544037
1533504622 0.0000000 0.98916686 0.97842026
1534551317 0.0000000 0.99272865 0.98540449
1535572403 0.0000000 0.99332225 0.98666734
1535660064 0.0000000 0.99148953 0.98293227
1536498994 0.0000000 0.99145514 0.98289621
1536641006 0.0000000 0.99169433 0.98342884
1536700815 0.0000000 0.99378067 0.98760378
1538633849 0.0000000 0.99214995 0.98351753
1538766649 0.0000000 0.98987275 0.97970331
1539072778 0.0000000 0.99292952 0.98570085
1539164591 0.0000000 0.99213684 0.98399347
1540269298 0.0000000 0.99202687 0.98387706
1540310644 0.0000000 0.99404258 0.98798847
1541624711 0.0000000 0.99471217 0.98931688
1541712486 0.0000000 0.99201006 0.98407578
1542328459 0.0000000 0.99127942 0.98261660
1542608341 0.0000000 0.99332607 0.98670387
1542638415 0.0000000 0.99252141 0.98507828
1542645094 0.0000000 0.99230081 0.98436749
1543190243 0.0000000 0.98988873 0.97890431
1543191316 0.0000000 0.98482257 0.96921623
1543236658 0.0000000 0.99126065 0.98194832
1543238642 0.0000000 0.98650080 0.97309679
1543314575 0.0000000 0.99177247 0.98309308
1544368541 0.0000000 0.99370402 0.98744279
1544439487 0.0000000 0.99310654 0.98615664
1544621063 0.0000000 0.99404675 0.98809284
1544908865 0.0000000 0.99119043 0.98242569
1545710204 0.0000000 0.99207467 0.98381531
1546538568 0.0000000 0.99433458 0.98866034
1546949806 0.0000000 0.99198115 0.98401248
1548127166 0.0000000 0.99191314 0.98355985
1548825695 0.0000000 0.99425286 0.98834401
1548861293 0.0000000 0.99248379 0.98499089
1549366351 0.0000000 0.99362940 0.98693371
1549558324 0.0000000 0.99375468 0.98753768
1550239687 0.0000000 0.99296504 0.98560500
1551558867 0.0000000 0.99168795 0.98298275
1552012334 0.0000000 0.99296272 0.98594177
1552127531 0.0000000 0.99193418 0.98387629
1552421955 0.0000000 0.99436045 0.98858583
1552451554 0.0000000 0.99225789 0.98380160
1552511242 0.0000000 0.99279207 0.98556274
1552697151 0.0000000 0.99265486 0.98530400
1552968094 0.0000000 0.99337697 0.98677742
1553256348 0.0000000 0.99065500 0.98119169
1553414210 0.0000000 0.99272746 0.98542029
1554087275 0.0000000 0.99416459 0.98835599
1554172029 0.0000000 0.99273312 0.98531818
1554256375 0.0000000 0.99530798 0.99020630
1554343015 0.0000000 0.99573827 0.99083853
1554382610 0.0000000 0.99251699 0.98493862
1554499495 0.0000000 0.99317724 0.98590130
1554706689 0.0000000 0.99335349 0.98675054
1554822801 0.0000000 0.99054402 0.98109448
1554841453 0.0000000 0.98924530 0.97855192
1554850672 0.0000000 0.99316645 0.98630631
1555563667 0.0000000 0.99197507 0.98325956
1556793883 0.0000000 0.99236298 0.98462719
1556970683 0.0000000 0.99117643 0.98220700
1557330527 0.0000000 0.99284679 0.98572344
1557737721 0.0000000 0.99253523 0.98483181
1558197514 0.0000000 0.99350041 0.98703939
1558379328 0.0000000 0.99233401 0.98467004
1558489044 0.0000000 0.99079221 0.98160714
1558591969 0.0000000 0.99267054 0.98524535
1559317998 0.0000000 0.99356431 0.98713166
1559641578 0.0000000 0.99258411 0.98512012
1559762840 0.0000000 0.99219668 0.98444670
1560870606 0.0000000 0.99351299 0.98685962
1561237205 0.0000000 0.98919874 0.97847652
1561242160 0.0000000 0.98905855 0.97807109
1561825206 0.0000000 0.99375886 0.98629797
1561837452 0.0000000 0.99306226 0.98568398
1562610935 0.0000000 0.99052292 0.98086762
1562880116 0.0000000 0.98953927 0.97913718
1563275550 0.0000000 0.99067569 0.98095405
1563531230 0.0000000 0.99310470 0.98596597
1563768365 0.0000000 0.99001813 0.98013282
1563850922 0.0000000 0.99218279 0.98435515
1564123196 0.0000000 0.99250138 0.98500919
1564190683 0.0000000 0.99414176 0.98793900
1564649429 0.0000000 0.98944533 0.97872621
1564753988 0.0000000 0.99478978 0.98875290
1564784683 0.0000000 0.99229604 0.98440701
1565054388 0.0000000 0.99354082 0.98682487
1565055090 0.0000000 0.99379182 0.98726541
1565213283 0.0000000 0.99427325 0.98856628
1565218942 0.0000000 0.99120605 0.98230332
1565905300 0.0000000 0.98483050 0.96808678
1566053525 0.0000000 0.99455971 0.98893732
1566053530 0.0000000 0.99456108 0.98894274
1566074882 0.0000000 0.99287480 0.98475140
1566101114 0.0000000 0.99461234 0.98915511
1566598377 0.0000000 0.99297303 0.98588777
1566648618 0.0000000 0.99321353 0.98635048
1567237819 0.0000000 0.99507397 0.98997426
1567471650 0.0000000 0.99478394 0.98929095
1567604000 0.0000000 0.99010861 0.98015797
1567917359 0.0000000 0.99080390 0.98167342
1568005668 0.0000000 0.99386334 0.98775280
1568095682 0.0000000 0.99300826 0.98600721
1569863578 0.0000000 0.99274957 0.98516899
1570468626 0.0000000 0.99420619 0.98836327
1571312673 0.0000000 0.99166048 0.98338109
1571861758 0.0000000 0.98984516 0.97976202
1572218883 0.0000000 0.99135542 0.98251116
1573491297 0.0000000 0.99211884 0.98429227
1573495893 0.0000000 0.99116319 0.98236364
1574645562 0.0000000 0.98970461 0.97948891
1575564604 0.0000000 0.99204797 0.98393053
1575660753 0.0000000 0.99009651 0.98018575
1576495557 0.0000000 0.99235773 0.98476470
1577769501 0.0000000 0.99180955 0.98339009
1577819410 0.0000000 0.99290687 0.98407698
1578293635 0.0000000 0.98424172 0.96723580
1578510402 0.0000000 0.99290562 0.98561871
1579404154 0.0000000 0.99279833 0.98563534
1579703564 0.0000000 0.99231440 0.98468077
1580749376 0.0000000 0.99280930 0.98487616
1581076659 0.0000000 0.99303418 0.98605263
1581616159 0.0000000 0.99366009 0.98732638
1581629921 0.0000000 0.99225086 0.98441267
1581764406 0.0000000 0.99349260 0.98691976
1581764700 0.0000000 0.99211782 0.98423105
1581794413 0.0000000 0.99544942 0.99091536
1582090065 0.0000000 0.99393296 0.98779160
1582113307 0.0000000 0.99168932 0.98339283
1582546233 0.0000000 0.99320704 0.98641682
1582592414 0.0000000 0.99207461 0.98403668
1582629242 0.0000000 0.99400502 0.98803914
1582695255 0.0000000 0.99123466 0.98254675
1584677477 0.0000000 0.99278843 0.98553985
1585787701 0.0000000 0.99299419 0.98602891
1586304460 0.0000000 0.99180883 0.98348349
1586389759 0.0000000 0.99139893 0.98284179
1586537097 0.0000000 0.99503320 0.98979378
1586691401 0.0000000 0.99337870 0.98675680
1587481331 0.0000000 0.99409860 0.98801535
1588476280 0.0000000 0.99169999 0.98003775
1589003116 0.0000000 0.99110937 0.98158509
1589548020 0.0000000 0.98230928 0.96361041
1589756010 0.0000000 0.99101657 0.98211449
1589910785 0.0000000 0.99151719 0.98310757
1590311534 0.0000000 0.98936051 0.97865725
1590359490 0.0000000 0.99272835 0.98545063
1590694463 0.0000000 0.99342483 0.98444790
1590843750 0.0000000 0.99070412 0.98142970
1591494563 0.0000000 0.99323922 0.98650819
1591839506 0.0000000 0.99112374 0.98225164
1591921295 0.0000000 0.99163014 0.98330981
1592079539 0.0000000 0.99250782 0.98499233
1592349420 0.0000000 0.99172205 0.98321551
1593214064 0.0000000 0.99360466 0.98701358
1593241888 0.0000000 0.99229753 0.98423946
1593407313 0.0000000 0.99183935 0.98374301
1593435168 0.0000000 0.99173141 0.98345518
1593519432 0.0000000 0.99240929 0.98448211
1594227272 0.0000000 0.99275500 0.98541683
1594265063 0.0000000 0.99238992 0.98481363
1594267923 0.0000000 0.99069697 0.98134041
1594526768 0.0000000 0.99236190 0.98426169
1594546164 0.0000000 0.98812646 0.97639179
1595767949 0.0000000 0.99273765 0.98548406
1597107665 0.0000000 0.99284369 0.98565608
1597123796 0.0000000 0.99243522 0.98491114
1597187246 0.0000000 0.99155748 0.98317015
1597774608 0.0000000 0.99258381 0.98522532
1597797181 0.0000000 0.99228209 0.98426646
1597806811 0.0000000 0.99266261 0.98526615
1598480108 0.0000000 0.99255115 0.98509783
1598847265 0.0000000 0.98980314 0.97962368
1599036279 0.0000000 0.99227363 0.98424864
1600306672 0.0000000 0.99085259 0.98139334
1600646088 0.0000000 0.99199837 0.98384267
1600833602 0.0000000 0.99093479 0.98186070
1601017581 0.0000000 0.99310714 0.98576522
1601326254 0.0000000 0.99268484 0.98542625
1601342057 0.0000000 0.99409896 0.98811048
1601440640 0.0000000 0.99426919 0.98851937
1601863505 0.0000000 0.99368668 0.98739421
1602517184 0.0000000 0.99312460 0.98628533
1602946993 0.0000000 0.99312747 0.98609573
1602947159 0.0000000 0.99108815 0.98201454
1603396062 0.0000000 0.99433404 0.98832285
1604358861 0.0000000 0.99172592 0.98352206
1604426346 0.0000000 0.99199331 0.98400575
1604601372 0.0000000 0.99246234 0.98376197
1604626818 0.0000000 0.99307144 0.98582226
1605130406 0.0000000 0.99466729 0.98920119
1605130534 0.0000000 0.99268019 0.98541403
1605266102 0.0000000 0.99221736 0.98444372
1605511152 0.0000000 0.99379879 0.98752356
1605551866 0.0000000 0.99227178 0.98456991
1605557664 0.0000000 0.99224204 0.98446125
1605621503 0.0000000 0.99103343 0.98213619
1605662576 0.0000000 0.98969752 0.97930735
1606582085 0.0000000 0.99181342 0.98367256
1606657334 0.0000000 0.99364024 0.98717237
1607578178 0.0000000 0.99174672 0.98298848
1607606398 0.0000000 0.99113274 0.98202437
1607606851 0.0000000 0.99195284 0.98393071
1607624108 0.0000000 0.99219680 0.98443162
1608317519 0.0000000 0.99103886 0.98183525
1608385359 0.0000000 0.99327242 0.98628265
1609436522 0.0000000 0.99067992 0.98138255
1609594007 0.0000000 0.99180800 0.98336405
1610162996 0.0000000 0.99024218 0.98047447
1610192153 0.0000000 0.99429840 0.98833901
1610249009 0.0000000 0.99378556 0.98760116
1610838659 0.0000000 0.99242949 0.98483741
1611559538 0.0000000 0.99099177 0.98180866
1611565557 0.0000000 0.99062604 0.98126292
1611574763 0.0000000 0.99174106 0.98341936
1611584686 0.0000000 0.99226427 0.98443580
1611818971 0.0000000 0.99278080 0.98492330
