1056357316 0.0000000 0.99867415 0.99726379
1057028486 0.0000000 0.99528843 0.99059325
1057319282 0.0000000 0.99971896 0.99928552
1058108790 0.0000000 0.99952447 0.99889302
1058496080 0.0000000 0.99977243 0.99936533
1059102630 0.0000000 0.99966663 0.99917781
1059850488 0.0000000 0.99554813 0.99111277
1059910523 0.0000000 0.99993211 0.99968678
1059994404 0.0000000 0.99974191 0.99934971
1060172588 0.0000000 0.99992365 0.99968809
1060619413 0.0000000 0.99989450 0.99963254
1061586322 0.0000000 0.99357873 0.98717672
1062262342 0.0000000 0.99765825 0.99525750
1062859632 0.0000000 0.99740362 0.99479026
1063234506 0.0000000 0.99991655 0.99961579
1063264037 0.0000000 0.99868149 0.99726826
1064365712 0.0000000 0.99902630 0.99795395
1064533379 0.0000000 0.99912220 0.99816513
1065785029 0.0000000 0.99904966 0.99792880
1065790269 0.0000000 0.99857163 0.99705952
1065847269 0.0000000 0.99282873 0.98569411
1067505195 0.0000000 0.99863923 0.99720323
1068127124 0.0000000 0.99991208 0.99962485
1068356150 0.0000000 0.99897140 0.99781233
1068595355 0.0000000 0.99990255 0.99967873
1068804765 0.0000000 0.99959230 0.99901360
1068825242 0.0000000 0.99987066 0.99963081
1069412363 0.0000000 0.99961782 0.99907708
1070682432 0.0000000 0.99451768 0.98906112
1070692497 0.0000000 0.99974734 0.99934542
1070921046 0.0000000 0.99985045 0.99956059
1071031093 0.0000000 0.99992430 0.99971777
1071031176 0.0000000 0.99993747 0.99974674
1071031375 0.0000000 0.99996126 0.99979943
1071031628 0.0000000 0.99984515 0.99955142
1071031695 0.0000000 0.99983919 0.99954766
1071031744 0.0000000 0.99983013 0.99954170
1071031844 0.0000000 0.99979639 0.99948239
1071031926 0.0000000 0.99957985 0.99906355
1071033611 0.0000000 0.99991876 0.99972355
1071033625 0.0000000 0.99991888 0.99972367
1071035006 0.0000000 0.99906427 0.99803889
1071038489 0.0000000 0.99958152 0.99899393
1071042579 0.0000000 0.99886364 0.99763769
1071043831 0.0000000 0.99960929 0.99908334
1071046005 0.0000000 0.99988765 0.99958670
1071046239 0.0000000 0.99906164 0.99799722
1071074159 0.0000000 0.99934131 0.99856496
1071095531 0.0000000 0.99939138 0.99863362
1071100910 0.0000000 0.99991924 0.99968046
1071109335 0.0000000 0.99925333 0.99838585
1071169499 0.0000000 0.99962062 0.99908698
1071182968 0.0000000 0.99987960 0.99962467
1071183209 0.0000000 0.99986815 0.99958819
1071183435 0.0000000 0.99978834 0.99943638
1071443800 0.0000000 0.99979705 0.99944133
1071583019 0.0000000 0.99985433 0.99960804
1071584001 0.0000000 0.99956554 0.99900866
1071678445 0.0000000 0.99992388 0.99966949
1071725608 0.0000000 0.99970680 0.99926639
1072705310 0.0000000 0.99983144 0.99951839
1072926918 0.0000000 0.99992245 0.99969518
1073300844 0.0000000 0.99957526 0.99901116
1073475853 0.0000000 0.99919450 0.99826491
1073756920 0.0000000 0.99644464 0.99289572
1073986141 0.0000000 0.99984127 0.99955326
1073994067 0.0000000 0.99837393 0.99669242
1075317204 0.0000000 0.99987650 0.99960071
1075317446 0.0000000 0.99953824 0.99891591
1075318489 0.0000000 0.99981594 0.99952435
1075466599 0.0000000 0.99825209 0.99642861
1075865039 0.0000000 0.99988478 0.99962562
1076851926 0.0000000 0.99993980 0.99977058
1076884025 0.0000000 0.99990344 0.99965733
1077531525 0.0000000 0.99947351 0.99881041
1077584107 0.0000000 0.99978024 0.99941778
1078321829 0.0000000 0.99982196 0.99950945
1079154231 0.0000000 0.99956530 0.99900377
1080241624 0.0000000 0.99986672 0.99959683
1081488818 0.0000000 0.99939287 0.99873769
1082397083 0.0000000 0.99949515 0.99888748
1082563195 0.0000000 0.99917579 0.99819422
1082729069 0.0000000 0.99976313 0.99939322
1082820030 0.0000000 0.99985760 0.99955726
1083398171 0.0000000 0.99992758 0.99975049
1083961065 0.0000000 0.99988264 0.99962854
1084003366 0.0000000 0.99989629 0.99969947
1084082541 0.0000000 0.99985176 0.99953437
1084133207 0.0000000 0.99993414 0.99969840
1084597670 0.0000000 0.99964499 0.99909812
1084687448 0.0000000 0.99990469 0.99966812
1084950252 0.0000000 0.99993271 0.99971807
1085103239 0.0000000 0.99823636 0.99637115
1085390106 0.0000000 0.99880463 0.99755341
1086195389 0.0000000 0.99989879 0.99962825
1086315872 0.0000000 0.99951369 0.99894655
1086883086 0.0000000 0.99985802 0.99956316
1087613581 0.0000000 0.99960864 0.99907804
1089099122 0.0000000 0.99989206 0.99964249
1089113880 0.0000000 0.99938536 0.99861163
1089371968 0.0000000 0.99923366 0.99836648
1090478200 0.0000000 0.99973738 0.99938756
1091970746 0.0000000 0.99965727 0.99918342
1092861100 0.0000000 0.99854660 0.99702621
1093118276 0.0000000 0.99600196 0.99199110
1093908136 0.0000000 0.99925053 0.99838948
1097813330 0.0000000 0.99994069 0.99971849
1098848984 0.0000000 0.99912590 0.99811256
1099928102 4.7500000 5.72647229E-02 -3242997.5
1099929295 -0.25000000 0.54099524 -7224686.5
1099929521 -0.30000001 0.36679226 -2.08380992E+08
1099931589 -129.05000 5.50140031E-02 -2895169.8
1099942690 -16.750000 6.98442236E-02 -67801704.
1100098082 -9.8500004 0.11089990 -44349312.
1100139404 -0.10000000 0.45371839 -24189956.
1100237223 -23.850000 5.56609072E-02 -2201403.8
1100955874 0.0000000 0.99572456 0.99139142
1103674687 0.0000000 0.99923545 0.99843264
1105287429 0.0000000 0.99657685 0.99285328
1105405102 0.0000000 0.99983764 0.99966019
1105536640 0.0000000 0.99953729 0.99903953
1105765351 0.0000000 0.99946123 0.99887669
1106056455 0.0000000 0.99124819 0.98200732
1106207236 0.0000000 0.99993515 0.99985218
1106226863 0.0000000 0.99915332 0.99824709
1106317701 0.0000000 0.99995488 0.99986541
1106377004 0.0000000 0.99935704 0.99867803
1106829094 0.0000000 0.99935395 0.99868333
1107166208 0.0000000 0.99960083 0.99916774
1107223187 0.0000000 0.99994022 0.99984562
1107233798 0.0000000 0.99968946 0.99935699
1107286746 0.0000000 0.99535918 0.99055016
1107388387 0.0000000 0.99949551 0.99892360
1107601144 0.0000000 0.99993849 0.99982327
1107601252 0.0000000 0.99993312 0.99980462
1108162580 0.0000000 0.99942172 0.99880409
1108757898 0.0000000 0.99996626 0.99990410
1108761568 0.0000000 0.99924576 0.99845594
1110049611 0.0000000 0.99996555 0.99988192
1110049680 0.0000000 0.99996668 0.99988127
1110050185 0.0000000 0.99980277 0.99955273
1110050874 0.0000000 0.99966604 0.99929214
1110568232 0.0000000 0.99879915 0.99753469
1111274786 0.0000000 0.99976939 0.99951011
1113182839 0.0000000 0.99835831 0.99665642
1113208093 0.0000000 0.99906725 0.99804068
1113260515 0.0000000 0.99990582 0.99977911
1113331351 0.0000000 0.99706656 0.99403858
1114345058 0.0000000 0.99945885 0.99889117
1114872497 0.0000000 0.99995399 0.99983549
1114872533 0.0000000 0.99995404 0.99983561
1114872543 0.0000000 0.99995482 0.99983495
1114981677 0.0000000 0.99933481 0.99861509
1115167250 0.0000000 0.99982733 0.99957651
1115753263 0.0000000 0.99902892 0.99801534
1115910658 0.0000000 0.99628007 0.99230939
1115942660 0.0000000 0.99965870 0.99931353
1116353193 0.0000000 0.99861926 0.99718964
1117405041 0.0000000 0.99973464 0.99943161
1117642805 0.0000000 0.99971884 0.99942774
1118162704 0.0000000 0.99971420 0.99943024
1118367166 0.0000000 0.99974680 0.99949270
1118396676 0.0000000 0.99962020 0.99923623
1118501300 0.0000000 0.99900043 0.99799603
1118677980 0.0000000 0.99909329 0.99817282
1118868304 0.0000000 0.99660712 0.99316263
1119087065 0.0000000 0.99969035 0.99935931
1119729025 0.0000000 0.99733388 0.99455261
1119876655 0.0000000 0.99459738 0.98909581
1121472051 0.0000000 0.99933934 0.99850607
1121864763 0.0000000 0.99970317 0.99939245
1122385024 0.0000000 0.99961460 0.99921161
1122618639 0.0000000 0.99839157 0.99673706
1122777951 0.0000000 0.99929774 0.99858087
1123439949 0.0000000 0.99783558 0.99560440
1125373372 0.0000000 0.99857277 0.99704659
1125685516 0.0000000 0.99796683 0.99591786
1125969360 0.0000000 0.99975967 0.99950856
1127055473 0.0000000 0.99383968 0.98729026
1127456637 0.0000000 0.99945712 0.99888766
1127471662 0.0000000 0.99898696 0.99794233
1127494190 0.0000000 0.99945408 0.99885952
1127760620 0.0000000 0.99971324 0.99939770
1128153007 89.500000 0.11482208 -96.290337
1128174696 129.65001 6.93072751E-02 -1.0236876
1128475640 16.650000 6.91658780E-02 -18.110296
1128528995 8.1000004 0.10005728 -12.893123
1128891916 -75.849998 0.11313697 -39.149925
1128923244 -10.050000 7.24416226E-02 -8.6684971
1129069430 -24.300001 6.31244332E-02 -697.96552
1129155495 62.200001 0.11084002 -24.808277
1129246313 -47.850002 8.92655700E-02 -189.02461
1129324370 -29.800001 0.18021026 -54427.543
1129391464 -105.10000 9.47634354E-02 -8.55891705E-02
1129907016 164.05000 0.12172750 -1063.4758
1130249327 63.549999 0.10149224 -1901.9460
1131428965 169.50000 0.11824609 -551.20636
1131431840 179.75000 0.16664729 -215.72383
1132062095 -18.900000 8.11178312E-02 -30.598171
1132132485 10.950000 0.32182243 -1288.8326
1132148341 87.700005 0.10514948 -31204.418
1132166999 -50.950001 0.10347470 -1090.4163
1132661855 72.849998 9.24247950E-02 -59.054718
1132975230 69.550003 9.40409601E-02 -10.893486
1133111580 -6.3000002 9.23473462E-02 -491.53323
1133304109 55.200001 9.09168273E-02 -7.0998325
1133601723 -46.000000 0.10588482 -604.27313
1133908462 3.5500000 0.11330968 -152.78870
1134710133 118.85000 9.78829786E-02 -321.72363
1135808248 72.500000 0.17146309 -1173.7664
1135976852 -19.900000 5.32481149E-02 -53.350384
1136739698 -43.450001 5.44593744E-02 -21.470745
1137913657 -62.750000 9.38869566E-02 -3.0624480
1137989937 30.850000 9.96809304E-02 -3.6367640
1137990003 30.850000 9.20517743E-02 -3.0785880
1138288259 -40.150002 8.86655450E-02 -39.343815
1139284609 -51.400002 8.95322040E-02 -71.925606
1139326915 111.80000 6.58095255E-02 -14.858524
1140725945 0.0000000 0.99592662 0.99185723
1140746150 0.0000000 0.99904305 0.99799514
1141877248 0.0000000 0.99753624 0.99487722
1142029462 0.0000000 0.99522936 0.99042118
1142229311 0.0000000 0.99822360 0.99631566
1142709582 0.0000000 0.99517804 0.99034828
1143536168 0.0000000 0.99845898 0.99684709
1143616861 0.0000000 0.99504489 0.99009788
1143885739 0.0000000 0.99940211 0.99863100
1143885924 0.0000000 0.99977446 0.99943238
1143888020 0.0000000 0.99870729 0.99731725
1144129163 0.0000000 0.99753588 0.99496466
1144133312 0.0000000 0.99864227 0.99718893
1144179006 0.0000000 0.99830824 0.99650127
1144806135 0.0000000 0.99398726 0.98793435
1145140855 0.0000000 0.99920154 0.99833745
1145323561 0.0000000 0.99299455 0.98603690
1146215126 0.0000000 0.99923736 0.99836171
1146944291 0.0000000 0.97636837 0.95246816
1146966782 0.0000000 0.99846745 0.99687093
1147258751 0.0000000 0.99466908 0.98932046
1149411961 0.0000000 0.99879473 0.99750221
1149467938 0.0000000 0.99785328 0.99566001
1149638545 0.0000000 0.99527258 0.99054563
1149771133 0.0000000 0.99495953 0.98988152
1150128882 0.0000000 0.99533623 0.99060059
1151387381 0.0000000 0.99543393 0.99086934
1154072410 0.0000000 0.99939311 0.99873525
1154182305 0.0000000 0.99729335 0.99453598
1155212722 0.0000000 0.99500805 0.98997235
1155340266 0.0000000 0.99873787 0.99729198
1155354114 0.0000000 0.99433231 0.98863059
1155443514 0.0000000 0.99645144 0.99285293
1156044082 0.0000000 0.99352449 0.98706579
1156698676 0.0000000 0.99851096 0.99697065
1158266854 0.0000000 0.99458325 0.98915422
1159598968 0.0000000 0.99555677 0.99112052
1159684577 0.0000000 0.99826252 0.99640632
1160388105 0.0000000 0.99816513 0.99620050
1160392104 0.0000000 0.99836290 0.99656010
1160549032 0.0000000 0.99863577 0.99715841
1160664389 0.0000000 0.99938935 0.99871969
1163299258 0.0000000 0.99568003 0.99131578
1163456967 0.0000000 0.99661750 0.99319136
1163641819 0.0000000 0.99669152 0.99333960
1164570370 0.0000000 0.99397051 0.98795646
1165358160 0.0000000 0.99624765 0.99244153
1165368969 0.0000000 0.99393612 0.98789573
1166094636 0.0000000 0.99891901 0.99776798
1166561075 0.0000000 0.99841022 0.99671996
1166894907 0.0000000 0.99889594 0.99769115
1167121204 0.0000000 0.99684602 0.99359107
1167135981 0.0000000 0.99806011 0.99604321
1167136317 0.0000000 0.99033582 0.97854686
1167136455 0.0000000 0.99043387 0.97880751
1167136825 0.0000000 0.99943691 0.99884599
1167144800 0.0000000 0.99701828 0.99399525
1167147704 0.0000000 0.99559206 0.99113178
1167154513 0.0000000 0.99861366 0.99718517
1167186639 0.0000000 0.99825865 0.99641901
1167298740 0.0000000 0.99579930 0.99161166
1167318376 0.0000000 0.99496883 0.98992020
1167324678 0.0000000 0.99515402 0.99030399
1167592780 0.0000000 0.99208385 0.98422921
1167604646 0.0000000 0.99657178 0.99313307
1168792515 0.0000000 0.99694139 0.99385518
1168917035 0.0000000 0.99888802 0.99767572
1169006425 0.0000000 0.99501419 0.99000859
1169712716 0.0000000 0.99414641 0.98826212
1169722755 0.0000000 0.99884671 0.99761087
1170262059 0.0000000 0.99443954 0.98886251
1170524118 0.0000000 0.99599832 0.99201089
1171366614 0.0000000 0.99316275 0.98635864
1171423577 0.0000000 0.99790633 0.99569172
1171423831 0.0000000 0.99884909 0.99760735
1171832699 0.0000000 0.99803346 0.99597347
1172178017 0.0000000 0.99789983 0.99576408
1173308237 0.0000000 0.99776632 0.99546361
1173368256 0.0000000 0.99589258 0.99175465
1174197233 0.0000000 0.99545622 0.99083114
1175309106 0.0000000 0.98948622 0.97907263
1175583473 0.0000000 0.99742806 0.99480456
1176242685 0.0000000 0.99285543 0.98576099
1177115546 0.0000000 0.99875808 0.99741340
1177175308 0.0000000 0.99715519 0.99428076
1178992210 0.0000000 0.99673659 0.99340880
1180238725 0.0000000 0.99058694 0.98126394
1180618796 0.0000000 0.99560320 0.99120528
1181939353 0.0000000 0.99622798 0.99230480
1182196765 0.0000000 0.98314553 0.96605515
1182265663 0.0000000 0.99192017 0.98389983
1182396227 0.0000000 0.99632984 0.99264121
1182398897 0.0000000 0.99822038 0.99632525
1184629372 0.0000000 0.99729383 0.99440306
1185198002 0.0000000 0.99841583 0.99673909
1185799546 0.0000000 0.99044782 0.98091102
1185861072 0.0000000 0.99148244 0.98302460
1186620947 0.0000000 0.99944103 0.99871117
1186786330 0.0000000 0.99770230 0.99528658
1188350129 0.0000000 0.99856126 0.99696231
1188356416 0.0000000 0.99908566 0.99799389
1188908193 0.0000000 0.99638808 0.99269760
1188950111 0.0000000 0.99016309 0.98041695
1189101086 0.0000000 0.99866563 0.99719679
1189101321 0.0000000 0.99905944 0.99802333
1189194674 0.0000000 0.99373585 0.98750490
1190442424 0.0000000 0.99828738 0.99647087
1191742755 0.0000000 0.99518752 0.99033087
1192071901 0.0000000 0.99698067 0.99385941
1192632000 0.0000000 0.99734932 0.99450052
1193967194 0.0000000 0.99536848 0.99067903
1194476053 0.0000000 0.99821901 0.99633092
1196283913 0.0000000 0.99827236 0.99642187
1196818902 0.0000000 0.99825841 0.99640965
1196950527 0.0000000 0.99214327 0.98434001
1197715613 0.0000000 0.99286699 0.98578340
1198522115 0.0000000 0.99566257 0.99126428
1200543890 0.0000000 0.99476963 0.98956323
1200856359 0.0000000 0.99563408 0.99123555
1201442068 0.0000000 0.99617910 0.99226201
1203280382 0.0000000 0.99911398 0.99813318
1203409866 0.0000000 0.99482572 0.98966062
1203790455 0.0000000 0.99783182 0.99562818
1204138448 0.0000000 0.99843568 0.99673665
1204304285 0.0000000 0.99852669 0.99692839
1204490434 0.0000000 0.98363477 0.96717334
1204651907 0.0000000 0.99730456 0.99456453
1204651936 0.0000000 0.99735308 0.99466366
1204670552 0.0000000 0.99871790 0.99729675
1207186072 0.0000000 0.99338365 0.98679316
1208187584 0.0000000 0.99839473 0.99665469
1208931881 0.0000000 0.99897951 0.99785811
1208975321 0.0000000 0.99936610 0.99861002
1208982088 0.0000000 0.99768639 0.99528402
1208988255 0.0000000 0.99808156 0.99605352
1208988552 0.0000000 0.99883604 0.99753243
1209105937 0.0000000 0.99692750 0.99375570
1209216223 0.0000000 0.98937768 0.97882682
1209291757 0.0000000 0.99372280 0.98743021
1209339084 0.0000000 0.99771106 0.99537224
1209362380 0.0000000 0.99829835 0.99641436
1209543825 0.0000000 0.97802949 0.95593810
1209563099 0.0000000 0.99144816 0.98295671
1209583346 0.0000000 0.99464387 0.98926502
1209820628 0.0000000 0.99510390 0.99019742
1209877317 0.0000000 0.98580760 0.97177064
1210448520 0.0000000 0.99833739 0.99655336
1210560189 0.0000000 0.99531233 0.99060166
1210633064 0.0000000 0.99858475 0.99702996
1210703275 0.0000000 0.99905366 0.99793988
1212285435 0.0000000 0.99878103 0.99746573
1212339563 0.0000000 0.99848318 0.99680334
1213107823 0.0000000 0.97779638 0.95503038
1213158817 0.0000000 0.99851149 0.99690801
1213486164 0.0000000 0.99773544 0.99534255
1214086760 0.0000000 0.99566400 0.99121600
1214128508 0.0000000 0.99521285 0.99032819
1214211456 0.0000000 0.98933625 0.97878027
1214561217 0.0000000 0.99099189 0.98205346
1215221786 0.0000000 0.99686301 0.99358058
1215745668 0.0000000 0.99859208 0.99696672
1215812106 0.0000000 0.99902034 0.99791610
1215812707 0.0000000 0.99776256 0.99537855
1215839910 0.0000000 0.99822450 0.99638170
1215843106 0.0000000 0.99898499 0.99790984
1215961116 0.0000000 0.99936157 0.99860018
1216126809 0.0000000 0.99300176 0.98603415
1216904067 0.0000000 0.99452627 0.98903042
1217616949 0.0000000 0.99835908 0.99652666
1218233114 0.0000000 0.99802321 0.99589264
1218994676 0.0000000 0.99421304 0.98839825
1219291482 0.0000000 0.99510992 0.99023992
1219301591 0.0000000 0.99662584 0.99310589
1219723710 0.0000000 0.98972631 0.97955573
1219772880 0.0000000 0.99545538 0.99077392
1219869253 0.0000000 0.99534202 0.99059772
1220179542 0.0000000 0.99558121 0.99109644
1220742036 0.0000000 0.99463123 0.98919648
1220946193 0.0000000 0.99795020 0.99580765
1221047734 0.0000000 0.99821007 0.99625176
1222614737 0.0000000 0.99752820 0.99499160
1225404477 0.0000000 0.99461192 0.98921180
1225442295 0.0000000 0.99422562 0.98832494
1228187814 0.0000000 0.99870509 0.99731618
1228684717 0.0000000 0.99871689 0.99732924
1229260451 0.0000000 0.99470091 0.98940694
1229658996 0.0000000 0.98940510 0.97883463
1229990683 0.0000000 0.99915010 0.99818629
1230216280 0.0000000 0.99513608 0.99027497
1230600687 0.0000000 0.99859267 0.99711752
1230860391 0.0000000 0.99587989 0.99167132
1231020274 0.0000000 0.99885237 0.99764645
1231041233 0.0000000 0.99624860 0.99244601
1232714291 0.0000000 0.99902761 0.99795604
1232804891 0.0000000 0.99834991 0.99657422
1233928332 0.0000000 0.99733794 0.99458599
1234166319 0.0000000 0.98509586 0.96989948
1234201315 0.0000000 0.99622923 0.99240345
1234214675 0.0000000 0.99909246 0.99806666
1236731039 0.0000000 0.99800879 0.99596983
1236854628 0.0000000 0.99660695 0.99317354
1237014105 0.0000000 0.99741209 0.99481738
1237159221 0.0000000 0.99884188 0.99766880
1237164701 0.0000000 0.99869263 0.99735540
1237551366 0.0000000 0.99699038 0.99392909
1237619839 0.0000000 0.99450362 0.98903471
1239235949 0.0000000 0.99731898 0.99461162
1239971868 0.0000000 0.99613142 0.99226242
1240678955 0.0000000 0.99699378 0.99395859
1242397863 0.0000000 0.99887747 0.99770564
1242709695 0.0000000 0.99624830 0.99244422
1243376855 0.0000000 0.99789250 0.99570233
1244248765 0.0000000 0.99471539 0.98943454
1245087845 0.0000000 0.99555361 0.99111474
1245407408 0.0000000 0.99761951 0.99518389
1245469469 0.0000000 0.99720532 0.99438453
1245877793 0.0000000 0.99751407 0.99499333
1245881452 0.0000000 0.99852496 0.99696440
1246167876 0.0000000 0.99837840 0.99667233
1246181696 0.0000000 0.99930763 0.99853420
1246182765 0.0000000 0.99869192 0.99733973
1246208530 0.0000000 0.99789929 0.99573475
1246208539 0.0000000 0.99789882 0.99573392
1246598451 0.0000000 0.99832618 0.99662787
1246598488 0.0000000 0.99833101 0.99663860
1246614635 0.0000000 0.99780864 0.99559575
1246985947 0.0000000 0.99817497 0.99626762
1247508302 0.0000000 0.99951786 0.99900544
1247516932 0.0000000 0.99924409 0.99840188
1247654255 0.0000000 0.99740320 0.99476403
1247741293 0.0000000 0.99901026 0.99793416
1247769767 0.0000000 0.99790114 0.99572301
1248159491 0.0000000 0.99882436 0.99763221
1248570012 0.0000000 0.99770886 0.99535775
1248588659 0.0000000 0.99898076 0.99789923
1248872986 0.0000000 0.99897838 0.99784589
1248886386 0.0000000 0.99792874 0.99577236
1249212887 0.0000000 0.99617386 0.99235648
1250467545 0.0000000 0.99867892 0.99731749
1250503855 0.0000000 0.99894339 0.99785566
1250504106 0.0000000 0.99926621 0.99851203
1250601456 0.0000000 0.99897224 0.99792004
1250639275 0.0000000 0.99798512 0.99590892
1250703707 0.0000000 0.99495637 0.98990375
1250777890 0.0000000 0.99862379 0.99717706
1250888264 0.0000000 0.99875391 0.99745387
1250911490 0.0000000 0.99228847 0.98463535
1252249816 0.0000000 0.99537778 0.99073958
1252757125 0.0000000 0.99690509 0.99378002
1254591366 0.0000000 0.99870521 0.99738854
1254664936 0.0000000 0.99759358 0.99513841
1255243328 0.0000000 0.99606901 0.99209088
1256244384 0.0000000 0.99835092 0.99664563
1256252705 0.0000000 0.99733382 0.99454665
1256431794 0.0000000 0.99726641 0.99450308
1257413577 0.0000000 0.99567747 0.99136406
1257413887 0.0000000 0.99278408 0.98561448
1257420861 0.0000000 0.99806488 0.99613601
1257678569 0.0000000 0.99651712 0.99300098
1258065617 0.0000000 0.99675900 0.99349737
1258296469 0.0000000 0.99850547 0.99696505
1258824471 0.0000000 0.99559635 0.99119586
1258926370 0.0000000 0.99746162 0.99485970
1260564405 0.0000000 0.99692041 0.99381667
1260692005 0.0000000 0.99816692 0.99627006
1261227736 0.0000000 0.99918044 0.99833649
1261227864 0.0000000 0.99953830 0.99905765
1261228557 0.0000000 0.99593914 0.99188846
1261232031 0.0000000 0.99613857 0.99226958
1261235533 0.0000000 0.99746758 0.99487877
1261275144 0.0000000 0.99554181 0.99106771
1261713375 0.0000000 0.99808478 0.99612743
1261922241 0.0000000 0.99665987 0.99330467
1262034644 0.0000000 0.99666601 0.99332470
1262237921 0.0000000 0.99716586 0.99430358
1262343689 0.0000000 0.99604851 0.99210244
1262367286 0.0000000 0.99775487 0.99548781
1262622742 0.0000000 0.99657303 0.99316007
1262633257 0.0000000 0.99771267 0.99540401
1263881366 0.0000000 0.99767047 0.99532694
1265523000 0.0000000 0.99875540 0.99748200
1265599504 0.0000000 0.99385327 0.98773944
1265691729 0.0000000 0.99789327 0.99573874
1265942558 0.0000000 0.99812078 0.99623668
1266289887 0.0000000 0.99889833 0.99777579
1266816064 0.0000000 0.99889165 0.99772346
1267146477 0.0000000 0.99777675 0.99552053
1267162697 0.0000000 0.99727291 0.99451399
1267661932 0.0000000 0.99804264 0.99608719
1267662287 0.0000000 0.99916261 0.99829489
1267686434 0.0000000 0.99794716 0.99585372
1267690576 0.0000000 0.99879336 0.99755859
1268040382 0.0000000 0.99578047 0.99150002
1268902896 0.0000000 0.99782944 0.99564248
1268931240 0.0000000 0.99831247 0.99656636
1269644874 0.0000000 0.99628967 0.99256134
1270335780 0.0000000 0.99746168 0.99487895
1270813793 0.0000000 0.99687481 0.99371421
1270961850 0.0000000 0.99851161 0.99698573
1270999307 0.0000000 0.99541569 0.99085271
1271168968 0.0000000 0.99872410 0.99738908
1271191748 0.0000000 0.99908859 0.99813831
1271987388 0.0000000 0.99746114 0.99483728
1272194052 0.0000000 0.99831176 0.99660063
1272250791 0.0000000 0.99881083 0.99756128
1272823213 0.0000000 0.99821073 0.99636054
1274901407 0.0000000 0.99671799 0.99342704
1276535865 0.0000000 0.99811584 0.99618649
1276561877 0.0000000 0.99905235 0.99806559
1276823323 0.0000000 0.99888140 0.99774051
1277440084 0.0000000 0.99607486 0.99212712
1277575551 0.0000000 0.99760562 0.99514866
1277670806 0.0000000 0.99904728 0.99805790
1278097892 0.0000000 0.99857473 0.99706048
1278515743 0.0000000 0.99436414 0.98873377
1278618217 0.0000000 0.99922597 0.99840182
1278636079 0.0000000 0.99798095 0.99592119
1279357457 0.0000000 0.99605650 0.99201792
1279458204 0.0000000 0.99879211 0.99749005
1280029930 0.0000000 0.99878299 0.99749917
1280553485 0.0000000 0.99614757 0.99225843
1280563997 0.0000000 0.99459511 0.98919785
1280587745 0.0000000 0.99692434 0.99374491
1281476617 0.0000000 0.99676347 0.99347734
1282408680 0.0000000 0.99881434 0.99749082
1282415961 0.0000000 0.99853396 0.99696440
1282416480 0.0000000 0.99854511 0.99701893
1283157909 0.0000000 0.99925917 0.99845874
1283540817 0.0000000 0.99671006 0.99337280
1284039008 0.0000000 0.99843663 0.99680108
1284244867 0.0000000 0.99759495 0.99508518
1284952628 0.0000000 0.99670607 0.99339283
1285350982 0.0000000 0.99786669 0.99559557
1285695233 0.0000000 0.99902248 0.99798125
1285876560 0.0000000 0.99697334 0.99386817
1286047392 0.0000000 0.99816096 0.99625731
1286198915 0.0000000 0.99909985 0.99816859
1286865806 0.0000000 0.99698293 0.99395651
1287036373 0.0000000 0.99878234 0.99754035
1289221280 0.0000000 0.99788088 0.99568641
1289567329 0.0000000 0.99871671 0.99739963
1289576340 0.0000000 0.99687922 0.99371159
1290342705 0.0000000 0.99901211 0.99793977
1290784424 0.0000000 0.99908555 0.99814063
1290799240 0.0000000 0.99842644 0.99678695
1291601652 0.0000000 0.99772912 0.99541950
1291689974 0.0000000 0.99787879 0.99563414
1291927327 0.0000000 0.99716467 0.99428189
1292000461 0.0000000 0.99633199 0.99262488
1294804388 0.0000000 0.99881357 0.99761486
1296507195 0.0000000 0.99858457 0.99710047
1296548191 0.0000000 0.99912441 0.99824059
1297058102 0.0000000 0.99809688 0.99616867
1297342916 0.0000000 0.99564737 0.99129462
1297754297 0.0000000 0.99905163 0.99808681
1298970247 0.0000000 0.99652088 0.99305391
1299845150 0.0000000 0.99607158 0.99216175
1300123317 0.0000000 0.99557030 0.99113154
1300281136 0.0000000 0.99505794 0.99013197
1300608051 0.0000000 0.99875462 0.99742454
1301123952 0.0000000 0.99669772 0.99339461
1301458951 0.0000000 0.99851531 0.99698317
1301964194 0.0000000 0.99591982 0.99185032
1302916270 0.0000000 0.99849731 0.99696523
1302961193 0.0000000 0.99745041 0.99487805
1303685617 0.0000000 0.99776101 0.99551475
1304080155 0.0000000 0.99554175 0.99109834
1304082768 0.0000000 0.99754471 0.99502200
1304152538 0.0000000 0.99793756 0.99583358
1304437954 0.0000000 0.99774086 0.99544400
1304717510 0.0000000 0.99827927 0.99654180
1304757333 0.0000000 0.99670523 0.99339908
1306028051 0.0000000 0.99930984 0.99861556
1306098435 0.0000000 0.99541932 0.99085760
1306261925 0.0000000 0.99578410 0.99152398
1307034472 0.0000000 0.99804890 0.99601758
1307669122 0.0000000 0.99811137 0.99606502
1308478735 0.0000000 0.99506342 0.99013537
1309048281 0.0000000 0.99654996 0.99308163
1309094354 0.0000000 0.99687237 0.99374694
1309326569 0.0000000 0.99640793 0.99281859
1309474048 0.0000000 0.99537283 0.99073595
1309601047 0.0000000 0.99762672 0.99515533
1309696244 0.0000000 0.99564648 0.99124694
1309953539 0.0000000 0.99833858 0.99662906
1310469430 0.0000000 0.99825269 0.99639332
1310541580 0.0000000 0.99786693 0.99571842
1310928323 0.0000000 0.99798828 0.99594265
1311000534 0.0000000 0.99652082 0.99295694
1311084070 0.0000000 0.99771076 0.99542004
1311142337 0.0000000 0.99856347 0.99702901
1311692424 0.0000000 0.99464232 0.98928952
1313100452 0.0000000 0.99631280 0.99261880
1314264913 0.0000000 0.99832851 0.99661118
1314789752 0.0000000 0.99857783 0.99710661
1315538819 0.0000000 0.99869895 0.99733192
1315635988 0.0000000 0.99748379 0.99489272
1315804512 0.0000000 0.99732774 0.99463230
1316643513 0.0000000 0.99870998 0.99736029
1316653258 0.0000000 0.99668616 0.99335736
1317835272 0.0000000 0.99601138 0.99203640
1318175665 0.0000000 0.99860632 0.99711412
1318478724 0.0000000 0.99611795 0.99220455
1319945023 0.0000000 0.99869490 0.99734926
1320074224 0.0000000 0.99641317 0.99280322
1320721143 0.0000000 0.99900490 0.99798560
1321061921 0.0000000 0.99826169 0.99643874
1322787324 0.0000000 0.99850971 0.99699235
1322993584 0.0000000 0.99572527 0.99145973
1323861170 0.0000000 0.99505436 0.99013352
1323909341 0.0000000 0.99749970 0.99497581
1324582798 0.0000000 0.99788296 0.99573785
1325660397 0.0000000 0.99814337 0.99628145
1326181267 0.0000000 0.99728173 0.99455178
1326728445 0.0000000 0.99688756 0.99378282
1327107001 0.0000000 0.99673325 0.99346453
1327480583 0.0000000 0.99632341 0.99264866
1327824459 0.0000000 0.99799210 0.99591374
1328324062 0.0000000 0.99846500 0.99691910
1328459111 0.0000000 0.99880052 0.99755287
1330223700 0.0000000 0.99882418 0.99760246
1330883534 0.0000000 0.99804431 0.99608636
1332071890 0.0000000 0.99391818 0.98788232
1332086295 0.0000000 0.99551737 0.99105150
1332373478 0.0000000 0.99456328 0.98914164
1333258441 0.0000000 0.99697417 0.99396414
1333828758 0.0000000 0.99802691 0.99603450
1333921411 0.0000000 0.99911296 0.99819231
1334227165 0.0000000 0.99712932 0.99422550
1334800688 0.0000000 0.99844414 0.99687046
1335409258 0.0000000 0.99663186 0.99326831
1335538115 0.0000000 0.99429536 0.98862404
1338362741 0.0000000 0.99867445 0.99728489
1338842309 0.0000000 0.99729276 0.99455559
1338890190 0.0000000 0.99866873 0.99729639
1338944914 0.0000000 0.99908900 0.99811023
1338944979 0.0000000 0.99928647 0.99850160
1338945045 0.0000000 0.99962425 0.99917352
1339216879 0.0000000 0.99869293 0.99735862
1339275618 0.0000000 0.99877900 0.99751282
1339278860 0.0000000 0.99825263 0.99647474
1339309409 0.0000000 0.99468547 0.98939234
1339575740 0.0000000 0.99905759 0.99809325
1339598466 0.0000000 0.99859780 0.99717730
1339646879 0.0000000 0.99790549 0.99578929
1339690513 0.0000000 0.99938154 0.99876475
1339702255 0.0000000 0.99838668 0.99674451
1339923712 0.0000000 0.99927527 0.99854958
1341299876 0.0000000 0.99829006 0.99654078
1341924177 0.0000000 0.99834818 0.99665481
1342405200 0.0000000 0.99611628 0.99223363
1344277570 0.0000000 0.99684215 0.99369323
1344910008 0.0000000 0.99804699 0.99607921
1344941743 0.0000000 0.99781275 0.99562180
1345138860 0.0000000 0.99679017 0.99358147
1345234802 0.0000000 0.99829078 0.99653089
1346380382 0.0000000 0.99366909 0.98735994
1346415099 0.0000000 0.99823779 0.99643356
1346415834 0.0000000 0.99826056 0.99650425
1346788818 0.0000000 0.99899215 0.99795520
1346816730 0.0000000 0.99684936 0.99370295
1348523853 0.0000000 0.99863195 0.99720567
1350722979 0.0000000 0.99587625 0.99176240
1350800865 0.0000000 0.99535507 0.99071473
1351161077 0.0000000 0.99756563 0.99509233
1352122829 0.0000000 0.99703747 0.99405855
1352554787 0.0000000 0.99319327 0.98642385
1353431341 0.0000000 0.99870086 0.99734211
1353536726 0.0000000 0.99843335 0.99683362
1354158772 0.0000000 0.99352562 0.98709595
1354470336 0.0000000 0.99921769 0.99841779
1354477411 0.0000000 0.99894428 0.99786341
1354976814 0.0000000 0.99910498 0.99819326
1355221924 0.0000000 0.99774587 0.99545819
1356243184 0.0000000 0.99880481 0.99760562
1356319072 0.0000000 0.99430770 0.98864508
1356487597 0.0000000 0.99836498 0.99669266
1356883405 0.0000000 0.99876547 0.99752617
1357128106 0.0000000 0.99912071 0.99821419
1357236484 0.0000000 0.99915087 0.99828315
1357270197 0.0000000 0.99827814 0.99652106
1357331931 0.0000000 0.99661863 0.99323308
1357541346 0.0000000 0.99800026 0.99594140
1357994057 0.0000000 0.99799395 0.99596220
1358411441 0.0000000 0.99861670 0.99721974
1358708986 0.0000000 0.99717802 0.99433362
1359776392 0.0000000 0.99752414 0.99503952
1361064727 0.0000000 0.99871647 0.99741930
1361239965 0.0000000 0.99716324 0.99429733
1361256759 0.0000000 0.99718100 0.99435741
1361373628 0.0000000 0.99853152 0.99705118
1361471757 0.0000000 0.99889302 0.99777949
1361665659 0.0000000 0.99708027 0.99416715
1362386544 0.0000000 0.99796182 0.99588501
1362609444 0.0000000 0.99266475 0.98538244
1362627405 0.0000000 0.99893785 0.99786830
1362643640 0.0000000 0.99820852 0.99641150
1363079024 0.0000000 0.99793035 0.99585003
1363764120 0.0000000 0.99721223 0.99441624
1364349799 0.0000000 0.99923760 0.99843621
1364349845 0.0000000 0.99927384 0.99851239
1364355002 0.0000000 0.99792868 0.99585479
1364690983 0.0000000 0.99605644 0.99209690
1365625224 0.0000000 0.99943477 0.99886894
1366061297 0.0000000 0.99369997 0.98740715
1366432589 0.0000000 0.99477208 0.98956823
1366513671 0.0000000 0.99719214 0.99438256
1369110346 0.0000000 0.99904013 0.99806792
1369124755 0.0000000 0.99860364 0.99719834
1369791239 0.0000000 0.99833065 0.99663734
1369883683 0.0000000 0.99692243 0.99385101
1370118743 0.0000000 0.99805909 0.99611270
1370151783 0.0000000 0.99875277 0.99749422
1370623082 0.0000000 0.99932903 0.99865651
1372241957 0.0000000 0.99868894 0.99733108
1372463510 0.0000000 0.99938732 0.99874955
1373829868 0.0000000 0.99826342 0.99638867
1373895699 0.0000000 0.99872637 0.99742603
1373969495 0.0000000 0.99817371 0.99630743
1374677225 0.0000000 0.99873716 0.99745548
1374679935 0.0000000 0.99908614 0.99814910
1376837821 0.0000000 0.99727219 0.99452108
1377205321 0.0000000 0.99593931 0.99188995
1377355603 0.0000000 0.99675006 0.99351197
1377407246 0.0000000 0.99509269 0.99020493
1378247005 0.0000000 0.99872148 0.99743605
1378467231 0.0000000 0.99849975 0.99698102
1379475197 0.0000000 0.99823290 0.99645680
1380542719 0.0000000 0.99518049 0.99038249
1381466759 0.0000000 0.99797231 0.99593329
1381684855 0.0000000 0.99714375 0.99427116
1382170436 0.0000000 0.99583924 0.99169046
1382919848 0.0000000 0.99338001 0.98680347
1383069011 0.0000000 0.99643463 0.99287647
1383085061 0.0000000 0.99698615 0.99398249
1383220929 0.0000000 0.99934828 0.99869114
1383227120 0.0000000 0.99888229 0.99773800
1383227831 0.0000000 0.99871510 0.99742270
1383234448 0.0000000 0.99887609 0.99772704
1383263545 0.0000000 0.99848467 0.99694687
1383450194 0.0000000 0.99861169 0.99720776
1383519374 0.0000000 0.99736959 0.99474096
1383809110 0.0000000 0.99906981 0.99812829
1383809501 0.0000000 0.99865621 0.99728501
1383989687 0.0000000 0.99699295 0.99397951
1384145710 0.0000000 0.99868321 0.99732774
1384544358 0.0000000 0.99655515 0.99311382
1385019362 0.0000000 0.99660099 0.99319071
1386347977 0.0000000 0.99617171 0.99235344
1386357780 0.0000000 0.99800152 0.99597758
1387916955 0.0000000 0.99392432 0.98788476
1389034180 0.0000000 0.99898887 0.99797583
1389204911 0.0000000 0.99841052 0.99681932
1389717867 0.0000000 0.99725783 0.99451607
1389724692 0.0000000 0.99897307 0.99791521
1389729005 0.0000000 0.99876595 0.99749047
1389740803 0.0000000 0.99824673 0.99646133
1389904819 0.0000000 0.99761021 0.99521625
1390517490 0.0000000 0.99672216 0.99345255
1390619771 0.0000000 0.99876714 0.99752772
1391790286 0.0000000 0.99554956 0.99111235
1393014317 0.0000000 0.99864548 0.99725813
1393065064 0.0000000 0.99605304 0.99211419
1393759985 0.0000000 0.99666947 0.99335289
1393791078 0.0000000 0.99870324 0.99739581
1394913876 0.0000000 0.99841720 0.99681365
1395061976 0.0000000 0.99895287 0.99788082
1395231566 0.0000000 0.99885774 0.99770522
1397097485 0.0000000 0.99766999 0.99532551
1397746253 0.0000000 0.99636966 0.99274230
1398443585 0.0000000 0.99661976 0.99322146
1399207416 0.0000000 0.99813092 0.99625975
1399278483 0.0000000 0.99851894 0.99702281
1399745740 0.0000000 0.99759775 0.99519706
1399746271 0.0000000 0.99842864 0.99684858
1400631673 0.0000000 0.99919349 0.99835974
1401021673 0.0000000 0.99924326 0.99848533
1401296286 0.0000000 0.99812126 0.99624795
1402085900 0.0000000 0.99408484 0.98818982
1402313583 0.0000000 0.99810988 0.99621654
1402624068 0.0000000 0.99797761 0.99593234
1402784563 0.0000000 0.99901682 0.99802536
1403034553 0.0000000 0.99401683 0.98806858
1403317269 0.0000000 0.99480832 0.98961985
1403439974 0.0000000 0.99587017 0.99174529
1404774365 0.0000000 0.99860865 0.99717921
1404925818 0.0000000 0.99605882 0.99211740
1405577514 0.0000000 0.99795002 0.99585027
1407296767 0.0000000 0.99202526 0.98410225
1407544588 0.0000000 0.99557805 0.99117184
1408047770 0.0000000 0.99830180 0.99659145
1410046387 0.0000000 0.99875087 0.99749070
1410325949 0.0000000 0.99827361 0.99651831
1410382444 0.0000000 0.99679160 0.99358815
1411247643 0.0000000 0.99765444 0.99525911
1411641303 0.0000000 0.99850720 0.99700034
1412009058 0.0000000 0.99461734 0.98926526
1412705290 0.0000000 0.99810672 0.99618566
1413207959 0.0000000 0.99614435 0.99228799
1414298821 0.0000000 0.99719977 0.99440527
1416419181 0.0000000 0.99947065 0.99891961
1416419227 0.0000000 0.99947250 0.99892449
1416540553 0.0000000 0.99656886 0.99314278
1417557685 0.0000000 0.99733436 0.99465650
1417655668 0.0000000 0.99722505 0.99445522
1418245419 0.0000000 0.99910629 0.99820256
1418533563 0.0000000 0.99479461 0.98960996
1419682925 0.0000000 0.99739045 0.99478698
1419947441 0.0000000 0.99634230 0.99267459
1419995164 0.0000000 0.99827582 0.99653709
1420012476 0.0000000 0.99774003 0.99548620
1420437226 0.0000000 0.99732715 0.99463099
1420606112 0.0000000 0.99814403 0.99629068
1420742654 0.0000000 0.99841166 0.99682540
1421435535 0.0000000 0.99890220 0.99778968
1421639313 0.0000000 0.99768484 0.99532878
1422083726 0.0000000 0.99718559 0.99437070
1422374758 0.0000000 0.99883121 0.99766517
1422958210 0.0000000 0.99524444 0.99050868
1423037687 0.0000000 0.99726617 0.99452984
1423603888 0.0000000 0.99276030 0.98550707
1423726535 0.0000000 0.99735612 0.99471110
1423857991 0.0000000 0.99892443 0.99781114
1424969403 0.0000000 0.99658489 0.99317974
1426114954 0.0000000 0.99766809 0.99533772
1426344314 0.0000000 0.99829179 0.99656975
1426852891 0.0000000 0.99768806 0.99537367
1427105631 0.0000000 0.99856639 0.99713391
1427483378 0.0000000 0.99747866 0.99495339
1428208678 0.0000000 0.99482071 0.98966175
1428320250 0.0000000 0.99811602 0.99623317
1428945237 0.0000000 0.99446559 0.98896259
1429127316 0.0000000 0.99762106 0.99523014
1429494176 0.0000000 0.99932879 0.99865705
1429494550 0.0000000 0.99953943 0.99907881
1429528847 0.0000000 0.99838269 0.99673957
1429530313 0.0000000 0.99902511 0.99805093
1429531199 0.0000000 0.99884206 0.99768323
1429992097 0.0000000 0.99898857 0.99795794
1430658547 0.0000000 0.99873275 0.99745899
1431333501 0.0000000 0.99930650 0.99860412
1431387795 0.0000000 0.99833161 0.99664664
1431628549 0.0000000 0.99759346 0.99518198
1432588969 0.0000000 0.99862319 0.99718404
1432601816 0.0000000 0.99805647 0.99610060
1432799863 0.0000000 0.99827260 0.99654508
1434467768 0.0000000 0.99679273 0.99358493
1434867330 0.0000000 0.99739283 0.99479091
1435335400 0.0000000 0.99810785 0.99619466
1438066750 0.0000000 0.99849933 0.99699599
1438936857 0.0000000 0.99759340 0.99519050
1439209234 0.0000000 0.99592358 0.99186468
1439418087 0.0000000 0.99546623 0.99094075
1439474882 0.0000000 0.99880016 0.99758834
1439699200 0.0000000 0.99475312 0.98953509
1441113885 0.0000000 0.99899840 0.99798435
1441128847 0.0000000 0.99812716 0.99624771
1441160293 0.0000000 0.99895817 0.99791110
1441898607 0.0000000 0.99755877 0.99511832
1442339782 0.0000000 0.99788123 0.99576885
1442345855 0.0000000 0.99903923 0.99806976
1442345878 0.0000000 0.99904251 0.99807543
1442408939 0.0000000 0.99931675 0.99862689
1442410226 0.0000000 0.99813670 0.99625045
1442413798 0.0000000 0.99819696 0.99639231
1443074281 0.0000000 0.99457127 0.98916250
1443555465 0.0000000 0.99518508 0.99039817
1444648487 -157.10001 0.10460925 6.50930405E-03
1444736944 -224.50000 9.82825458E-02 1.39009356E-02
1444953165 -39.650002 0.10481852 7.09086657E-03
1444953267 -59.600002 9.03297588E-02 4.60815430E-03
1445014914 -29.850000 7.12975040E-02 1.54972076E-04
1445221055 -171.10001 0.11428361 -0.13266194
1445233331 0.0000000 0.99967456 0.99924016
1445239215 0.0000000 0.99978483 0.99946111
1446412182 0.0000000 0.99991423 0.99972969
1446412281 0.0000000 0.99992865 0.99976909
1446509184 0.0000000 0.99983954 0.99956989
1446509190 0.0000000 0.99984175 0.99957359
1446714386 0.0000000 0.99984956 0.99946368
1447167192 0.0000000 0.99941933 0.99864119
1447255999 0.0000000 0.99986064 0.99955595
1447277516 0.0000000 0.99924970 0.99834055
1448316095 0.0000000 0.99835616 0.99641889
1448671943 0.0000000 0.99883848 0.99735492
1449033717 0.0000000 0.99989784 0.99968487
1449035580 0.0000000 0.99976236 0.99938560
1449153073 0.0000000 0.99992472 0.99969161
1449935242 0.0000000 0.99970400 0.99923646
1450510821 0.0000000 0.99839997 0.99619806
1450536811 0.0000000 0.99848342 0.99651718
1450992022 0.0000000 0.99972665 0.99920684
1451199638 0.0000000 0.99849153 0.99647832
1451327726 0.0000000 0.99897051 0.99750996
1451523194 0.0000000 0.99942076 0.99852651
1451829690 0.0000000 0.99955148 0.99878496
1451928000 0.0000000 0.99937987 0.99834228
1452487977 0.0000000 0.99980360 0.99939078
1453169606 0.0000000 0.99992037 0.99961936
1453824336 0.0000000 0.99816263 0.99574381
1454422761 0.0000000 0.99989069 0.99963361
1454702246 0.0000000 0.96230012 0.88775253
1454702308 0.0000000 0.99987197 0.99966502
1454702406 0.0000000 0.99996954 0.99982631
1454702512 0.0000000 0.99995899 0.99984187
1454978820 0.0000000 0.99990165 0.99971461
1455590759 0.0000000 0.99977309 0.99933386
1455595494 0.0000000 0.99975425 0.99927384
1455757779 0.0000000 0.99990267 0.99963200
1455758311 0.0000000 0.99988180 0.99961197
1456215987 0.0000000 0.99945521 0.99855691
1456541993 0.0000000 0.99959755 0.99892884
1457201466 0.0000000 0.99945134 0.99847072
1457276938 0.0000000 0.99877602 0.99696672
1459152479 0.0000000 0.99964774 0.99900663
1459502085 0.0000000 0.99361384 0.98628169
1459988008 0.0000000 0.99691391 0.99307334
1460294506 0.0000000 0.99816680 0.99563760
1460353509 0.0000000 0.99987578 0.99952298
1460804146 0.0000000 0.99966139 0.99910522
1461082597 0.0000000 0.99901372 0.99759543
1461607991 0.0000000 0.99973089 0.99928182
1461770234 0.0000000 0.99995100 0.99978709
1461770257 0.0000000 0.99995124 0.99978679
1461770858 0.0000000 0.99991012 0.99969047
1461781146 0.0000000 0.99991769 0.99967265
1461806086 0.0000000 0.99949348 0.99871629
1462056417 0.0000000 0.99980664 0.99942148
1462199340 0.0000000 0.99983042 0.99949497
1462521203 0.0000000 0.99973464 0.99927843
1462632669 0.0000000 0.99982446 0.99950355
1462675593 0.0000000 0.99984896 0.99940366
1463023035 0.0000000 0.99991161 0.99974298
1463023251 0.0000000 0.99990410 0.99971926
1463023282 0.0000000 0.99989235 0.99965912
1463027395 0.0000000 0.99991465 0.99970722
1463127852 0.0000000 0.99988210 0.99962538
1463195522 0.0000000 0.99966049 0.99914700
1463196768 0.0000000 0.99983656 0.99951541
1463530965 0.0000000 0.99983728 0.99938250
1463863900 0.0000000 0.99985272 0.99954301
1463882779 0.0000000 0.99972522 0.99922079
1464184475 0.0000000 0.99854743 0.99650627
1464544116 0.0000000 0.99970353 0.99940050
1464576767 0.0000000 0.99984914 0.99969125
1464630651 0.0000000 0.99957538 0.99910796
1464672226 0.0000000 0.99995559 0.99989212
1466204142 0.0000000 0.99809498 0.99619651
1466383187 0.0000000 0.99986148 0.99970841
1466409210 -86.150002 0.14062846 1.05041265E-03
1466715930 0.0000000 0.99987161 0.99973226
1467361422 0.0000000 0.99973541 0.99946362
1469019333 0.0000000 0.99962687 0.99923885
1469592155 0.0000000 0.99983847 0.99962831
1471008941 0.0000000 0.99648803 0.99290508
1471908408 0.0000000 0.99767202 0.99533844
1472660934 0.0000000 0.99700922 0.99394810
1473440050 0.0000000 0.99527442 0.99057341
1475055492 0.0000000 0.99584520 0.99160045
1475769120 0.0000000 0.99872476 0.99744821
1477370752 0.0000000 0.99809182 0.99599802
1478519786 0.0000000 0.99777901 0.99555045
1478903131 0.0000000 0.99795878 0.99588180
1480024554 0.0000000 0.99808961 0.99609214
1480377579 0.0000000 0.99672806 0.99343801
1480507474 0.0000000 0.99797755 0.99592477
1481256588 0.0000000 0.99558461 0.99108297
1481811269 0.0000000 0.99792790 0.99578702
1483057851 0.0000000 0.99617118 0.99235576
1483513641 0.0000000 0.99452126 0.98907334
1484155863 0.0000000 0.99712265 0.99425083
1484797338 0.0000000 0.99506247 0.99013782
1484900187 0.0000000 0.99646491 0.99293441
1485329586 0.0000000 0.99415970 0.98833185
1486746772 0.0000000 0.99743408 0.99485695
1487420859 0.0000000 0.99214286 0.98410887
1487652197 0.0000000 0.98793000 0.97597402
1488212310 0.0000000 0.98990732 0.97952515
1488924651 0.0000000 0.99359810 0.98692566
1489967289 0.0000000 0.99192595 0.98376083
1490066029 0.0000000 0.99171829 0.98319292
1490805242 0.0000000 0.99289083 0.98572350
1492112471 0.0000000 0.99324441 0.98566419
1492367656 0.0000000 0.99251240 0.98471820
1493517442 0.0000000 0.99212766 0.98343152
1493960850 0.0000000 0.99231738 0.98464370
1493986611 0.0000000 0.99307990 0.98493481
1494889974 0.0000000 0.99351877 0.98629385
1494932580 0.0000000 0.99016994 0.98037755
1495631454 0.0000000 0.99262142 0.98510611
1495691291 0.0000000 0.99337322 0.98674995
1495956669 0.0000000 0.98964906 0.97938591
1495999757 0.0000000 0.99125683 0.98230970
1496582686 0.0000000 0.99195558 0.98288590
1497967350 0.0000000 0.99000233 0.97987366
1498029939 0.0000000 0.99048489 0.98104692
1500318986 0.0000000 0.99340576 0.98682612
1501139292 0.0000000 0.99097002 0.98201805
1501845585 0.0000000 0.99222481 0.98445415
1502294736 0.0000000 0.99247730 0.98498338
1502416734 0.0000000 0.99332070 0.98666650
1502582915 0.0000000 0.99375576 0.98711342
1504364658 0.0000000 0.99183834 0.98369122
1505096741 0.0000000 0.98986351 0.97960413
1505687994 0.0000000 0.99226493 0.98458922
1505917796 0.0000000 0.99416453 0.98827517
1506232185 0.0000000 0.99297810 0.98590851
1506549399 0.0000000 0.99328661 0.98609251
1507505391 0.0000000 0.99377096 0.98757976
1507747520 0.0000000 0.99244034 0.98452336
1508582157 0.0000000 0.99034679 0.98045695
1509318944 0.0000000 0.99245262 0.98445117
1509677295 0.0000000 0.98884863 0.97781736
1509677339 0.0000000 0.98885399 0.97782820
1509752088 0.0000000 0.99108428 0.98219025
1510398879 0.0000000 0.99414992 0.98794991
1510402973 0.0000000 0.99482107 0.98940408
1510440860 0.0000000 0.99135101 0.98268843
1510947032 0.0000000 0.99091238 0.98160297
1511360409 0.0000000 0.99200368 0.98359710
1511470532 0.0000000 0.99187374 0.98288393
1512230735 0.0000000 0.99128604 0.98260695
1512377977 0.0000000 0.98989058 0.97983915
1512704669 0.0000000 0.99135351 0.98276019
1513120660 0.0000000 0.99216169 0.98419923
1516168751 0.0000000 0.99207813 0.98422009
1516984288 0.0000000 0.98727739 0.97427320
1517686257 0.0000000 0.99253237 0.98315769
1517749972 0.0000000 0.99244732 0.98366255
1517752600 0.0000000 0.99374980 0.98708981
1517752662 0.0000000 0.99373865 0.98705232
1517753127 0.0000000 0.99298435 0.98506027
1517753452 0.0000000 0.99436748 0.98819643
1517753522 0.0000000 0.99433243 0.98812550
1517753592 0.0000000 0.99437571 0.98820740
1517753815 0.0000000 0.99368864 0.98688543
1517758427 0.0000000 0.99426043 0.98799366
1517763262 0.0000000 0.99292207 0.98516184
1517821602 0.0000000 0.99259990 0.98481226
1517823894 0.0000000 0.99211043 0.98368990
1517846321 0.0000000 0.99272460 0.98457778
1517852233 0.0000000 0.99218017 0.98430783
1517893754 0.0000000 0.99087167 0.97872347
1517906208 0.0000000 0.99411398 0.98682052
1517932241 0.0000000 0.99302489 0.98386717
1517932280 0.0000000 0.99301529 0.98386651
1517932282 0.0000000 0.99301445 0.98386693
1517932427 0.0000000 0.99312007 0.98605400
1517932434 0.0000000 0.99309170 0.98598337
1517932492 0.0000000 0.99346834 0.98689061
1517933877 0.0000000 0.99335229 0.98531395
1517940013 0.0000000 0.99202728 0.98226380
1517940459 0.0000000 0.99577308 0.99130517
1517944528 0.0000000 0.99466914 0.98780084
1517945796 0.0000000 0.99472696 0.98941588
1517950582 0.0000000 0.99389881 0.98705703
1517958702 0.0000000 0.99387318 0.98652518
1517960631 0.0000000 0.99567336 0.99079156
1517969882 0.0000000 0.99407059 0.98571074
1517974578 0.0000000 0.99341607 0.98563802
1517998787 0.0000000 0.99418825 0.98705578
1518001985 0.0000000 0.99060345 0.98071444
1518008800 0.0000000 0.99409562 0.98658800
1518008880 0.0000000 0.99101681 0.97936928
1518013159 0.0000000 0.99465531 0.98911870
1518016890 0.0000000 0.99059212 0.97955829
1518016916 0.0000000 0.99060178 0.97958362
1518051257 0.0000000 0.99299580 0.98563033
1518059164 0.0000000 0.99471319 0.98891389
1518142443 0.0000000 0.99386221 0.98757410
1518201789 0.0000000 0.99328142 0.98507023
1518248929 0.0000000 0.99169850 0.98230010
1518858396 0.0000000 0.99241662 0.98488164
1518981709 0.0000000 0.99529475 0.99031496
1519051621 0.0000000 0.99330723 0.98665059
1519254641 0.0000000 0.99377888 0.98758984
1519583320 0.0000000 0.99210334 0.98418301
1519962147 0.0000000 0.99366945 0.98714024
1520098551 0.0000000 0.99298018 0.98387206
1520329330 0.0000000 0.99148732 0.98250216
1521024527 0.0000000 0.99332315 0.98647654
1521537776 0.0000000 0.99007463 0.97992289
1521728871 0.0000000 0.99376434 0.98755783
1522232997 0.0000000 0.99199736 0.98381478
1522282670 0.0000000 0.99313945 0.98562551
1522598524 0.0000000 0.99689591 0.99379593
1523432369 0.0000000 0.99144328 0.98288310
1523886539 0.0000000 0.99488276 0.98969465
1524201906 0.0000000 0.99102956 0.98188013
1524248877 0.0000000 0.99200660 0.98362088
1524308214 0.0000000 0.99111521 0.98229384
1524503432 0.0000000 0.99320304 0.98547530
1524721460 0.0000000 0.99483550 0.98949456
1524721601 0.0000000 0.99354869 0.98713356
1524808553 0.0000000 0.99481148 0.98956138
1525218424 0.0000000 0.99397290 0.98774922
1526098666 0.0000000 0.99404722 0.98802131
1527728598 0.0000000 0.99341804 0.98641187
1527904870 0.0000000 0.99369103 0.98608100
1528731725 0.0000000 0.99294454 0.98582232
1528750347 0.0000000 0.99300462 0.98599344
1528856173 0.0000000 0.99287337 0.98565066
1529096035 0.0000000 0.99112618 0.98232424
1529334375 0.0000000 0.99175721 0.98319882
1529522338 0.0000000 0.99393696 0.98780382
1530516370 0.0000000 0.99160451 0.98321044
1530516385 0.0000000 0.99160570 0.98321193
1530609654 0.0000000 0.99121249 0.98219270
1531312909 0.0000000 0.99213946 0.98414600
1531507119 0.0000000 0.99243212 0.98443991
1532050755 0.0000000 0.99342436 0.98686367
1533217098 0.0000000 0.99262792 0.98524588
1533504622 0.0000000 0.98981434 0.97921020
1534551317 0.0000000 0.99276417 0.98557740
1535572403 0.0000000 0.99107867 0.98215151
1535660064 0.0000000 0.99231839 0.98459840
1536498994 0.0000000 0.99282616 0.98553073
1536641006 0.0000000 0.99359792 0.98711842
1536700815 0.0000000 0.99032825 0.98045141
1538633849 0.0000000 0.99275815 0.98544323
1538766649 0.0000000 0.99410146 0.98819995
1539072778 0.0000000 0.99201715 0.98409432
1539164591 0.0000000 0.99306923 0.98615408
1540269298 0.0000000 0.99384701 0.98710585
1540310644 0.0000000 0.99154472 0.98249382
1541624711 0.0000000 0.98968476 0.97947311
1541712486 0.0000000 0.99155706 0.98298711
1542328459 0.0000000 0.99343336 0.98654836
1542608341 0.0000000 0.99177194 0.98340875
1542638415 0.0000000 0.99245143 0.98469371
1542645094 0.0000000 0.99284959 0.98574966
1543190243 0.0000000 0.99553806 0.99011981
1543191316 0.0000000 0.99618483 0.99237996
1543236658 0.0000000 0.99379653 0.98758018
1543238642 0.0000000 0.99597669 0.99167234
1543314575 0.0000000 0.99413043 0.98729151
1544368541 0.0000000 0.99175429 0.98337066
1544439487 0.0000000 0.99196732 0.98396921
1544621063 0.0000000 0.99119276 0.98237532
1544908865 0.0000000 0.99404383 0.98771912
1545710204 0.0000000 0.99332571 0.98668516
1546538568 0.0000000 0.99070078 0.98137099
1546949806 0.0000000 0.99336171 0.98659098
1548127166 0.0000000 0.99336946 0.98677361
1548825695 0.0000000 0.99097115 0.98201448
1548861293 0.0000000 0.99309474 0.98565537
1549366351 0.0000000 0.99087542 0.98182082
1549558324 0.0000000 0.99145579 0.98248905
1550239687 0.0000000 0.99249405 0.98503280
1551558867 0.0000000 0.99147123 0.98297232
1552012334 0.0000000 0.99250257 0.98483783
1552127531 0.0000000 0.99173188 0.98326838
1552421955 0.0000000 0.99068397 0.98139340
1552451554 0.0000000 0.99350047 0.98703092
1552511242 0.0000000 0.99260390 0.98510104
1552697151 0.0000000 0.99257910 0.98498380
1552968094 0.0000000 0.99156940 0.98267579
1553256348 0.0000000 0.99362069 0.98715246
1553414210 0.0000000 0.99150509 0.98273182
1554087275 0.0000000 0.99051774 0.98031700
1554172029 0.0000000 0.98913485 0.97813457
1554256375 0.0000000 0.98934722 0.97874820
1554343015 0.0000000 0.98885208 0.97756863
1554382610 0.0000000 0.99238545 0.98464155
1554499495 0.0000000 0.99189156 0.98384315
1554706689 0.0000000 0.99190134 0.98343498
1554822801 0.0000000 0.99466670 0.98871517
1554841453 0.0000000 0.99529397 0.99007136
1554850672 0.0000000 0.99212068 0.98412454
1555563667 0.0000000 0.99450153 0.98734897
1556793883 0.0000000 0.99280041 0.98554510
1556970683 0.0000000 0.99230683 0.98460573
1557330527 0.0000000 0.99210697 0.98398304
1557737721 0.0000000 0.99278760 0.98558897
1558197514 0.0000000 0.99179727 0.98312747
1558379328 0.0000000 0.99138188 0.98262346
1558489044 0.0000000 0.99415177 0.98814785
1558591969 0.0000000 0.99317408 0.98537272
1559317998 0.0000000 0.99184722 0.98309660
1559641578 0.0000000 0.99296421 0.98593879
1559762840 0.0000000 0.99290586 0.98543864
1560870606 0.0000000 0.98787916 0.97583610
1561237205 0.0000000 0.99427247 0.98844981
1561242160 0.0000000 0.99447560 0.98892790
1561825206 0.0000000 0.99228996 0.98432583
1561837452 0.0000000 0.99246657 0.98496646
1562610935 0.0000000 0.99411827 0.98827118
1562880116 0.0000000 0.99506462 0.98983616
1563275550 0.0000000 0.99277079 0.98558795
1563531230 0.0000000 0.99222559 0.98450565
1563768365 0.0000000 0.99408489 0.98804849
1563850922 0.0000000 0.99006093 0.98006845
1564123196 0.0000000 0.99202257 0.98398334
1564190683 0.0000000 0.99146992 0.98290044
1564649429 0.0000000 0.99514383 0.98962778
1564753988 0.0000000 0.99164391 0.98082191
1564784683 0.0000000 0.99357945 0.98656702
1565054388 0.0000000 0.99243230 0.98395669
1565055090 0.0000000 0.99197090 0.98274165
1565213283 0.0000000 0.99109960 0.98200005
1565218942 0.0000000 0.99264240 0.98533314
1565905300 0.0000000 0.99666464 0.99327475
1566053525 0.0000000 0.99053806 0.98115718
1566053530 0.0000000 0.99053484 0.98115170
1566074882 0.0000000 0.99355954 0.98494029
1566101114 0.0000000 0.99051124 0.98042244
1566598377 0.0000000 0.98754150 0.97506988
1566648618 0.0000000 0.99132633 0.98271662
1567237819 0.0000000 0.98919582 0.97849238
1567471650 0.0000000 0.99052572 0.97977304
1567604000 0.0000000 0.99394214 0.98787409
1567917359 0.0000000 0.99355686 0.98687196
1568005668 0.0000000 0.99125934 0.98233646
1568095682 0.0000000 0.99262577 0.98489326
1569863578 0.0000000 0.99260396 0.98518437
1570468626 0.0000000 0.99087864 0.98129159
1571312673 0.0000000 0.99364078 0.98726213
1571861758 0.0000000 0.99044114 0.98026526
1572218883 0.0000000 0.99359256 0.98721987
1573491297 0.0000000 0.99247509 0.98490095
1573495893 0.0000000 0.99199361 0.98391479
1574645562 0.0000000 0.99486762 0.98954833
1575564604 0.0000000 0.99077302 0.98162949
1575660753 0.0000000 0.99278897 0.98552722
1576495557 0.0000000 0.99310195 0.98609561
1577769501 0.0000000 0.98986226 0.97973299
1577819410 0.0000000 0.99470431 0.98676097
1578293635 0.0000000 0.99682617 0.99365950
1578510402 0.0000000 0.99227005 0.98456907
1579404154 0.0000000 0.99165350 0.98308277
1579703564 0.0000000 0.99197507 0.98364645
1580749376 0.0000000 0.99293882 0.98586661
1581076659 0.0000000 0.99169219 0.98320216
1581616159 0.0000000 0.99196351 0.98330116
1581629921 0.0000000 0.99291712 0.98583084
1581764406 0.0000000 0.99198794 0.98397654
1581764700 0.0000000 0.99332261 0.98656261
1581794413 0.0000000 0.98856181 0.97660828
1582090065 0.0000000 0.99158329 0.98205584
1582113307 0.0000000 0.99342066 0.98670036
1582546233 0.0000000 0.99176538 0.98338032
1582592414 0.0000000 0.99205023 0.98403591
1582629242 0.0000000 0.99152100 0.98251158
1582695255 0.0000000 0.99372959 0.98706669
1584677477 0.0000000 0.99209797 0.98407030
1585787701 0.0000000 0.98992115 0.97934455
1586304460 0.0000000 0.99284983 0.98568118
1586389759 0.0000000 0.99375385 0.98689234
1586537097 0.0000000 0.98955476 0.97920829
1586691401 0.0000000 0.99193227 0.98370945
1587481331 0.0000000 0.99015564 0.98033351
1588476280 0.0000000 0.99504822 0.98934519
1589003116 0.0000000 0.99266148 0.98535401
1589548020 0.0000000 0.98368692 0.96736121
1589756010 0.0000000 0.99314272 0.98598045
1589910785 0.0000000 0.99112213 0.98181170
1590311534 0.0000000 0.98977381 0.97938073
1590359490 0.0000000 0.99297255 0.98531407
1590694463 0.0000000 0.99351269 0.98635048
1590843750 0.0000000 0.99429846 0.98852795
1591494563 0.0000000 0.99222553 0.98401409
1591839506 0.0000000 0.99387485 0.98764354
1591921295 0.0000000 0.99354780 0.98686892
1592079539 0.0000000 0.99292958 0.98586190
1592349420 0.0000000 0.99285835 0.98574287
1593214064 0.0000000 0.99187642 0.98380727
1593241888 0.0000000 0.99252731 0.98510689
1593407313 0.0000000 0.99276716 0.98525071
1593435168 0.0000000 0.99345952 0.98689425
1593519432 0.0000000 0.99137270 0.98281687
1594227272 0.0000000 0.99224651 0.98455185
1594265063 0.0000000 0.99304813 0.98587328
1594267923 0.0000000 0.99408853 0.98820412
1594526768 0.0000000 0.99168384 0.98337668
1594546164 0.0000000 0.99075919 0.98090190
1595767949 0.0000000 0.99265867 0.98536187
1597107665 0.0000000 0.99199641 0.98405278
1597123796 0.0000000 0.99216092 0.98418540
1597187246 0.0000000 0.99296445 0.98592639
1597774608 0.0000000 0.99270105 0.98540717
1597797181 0.0000000 0.99321479 0.98638749
1597806811 0.0000000 0.99281657 0.98567367
1598480108 0.0000000 0.99245286 0.98495573
1598847265 0.0000000 0.99098897 0.98200947
1599036279 0.0000000 0.99256223 0.98508787
1600306672 0.0000000 0.99416888 0.98827457
1600646088 0.0000000 0.99244463 0.98492771
1600833602 0.0000000 0.99392563 0.98788393
1601017581 0.0000000 0.99086118 0.98158646
1601326254 0.0000000 0.99295318 0.98590529
1601342057 0.0000000 0.99124616 0.98252130
1601440640 0.0000000 0.99088460 0.98185432
1601863505 0.0000000 0.99068880 0.98145896
1602517184 0.0000000 0.99205220 0.98413908
1602946993 0.0000000 0.99219823 0.98438507
1602947159 0.0000000 0.99401867 0.98801273
1603396062 0.0000000 0.98862064 0.97712398
1604358861 0.0000000 0.99298280 0.98593056
1604426346 0.0000000 0.99279785 0.98564076
1604601372 0.0000000 0.99361861 0.98664683
1604626818 0.0000000 0.99248403 0.98489177
1605130406 0.0000000 0.99021405 0.97984225
1605130534 0.0000000 0.99186581 0.98374373
1605266102 0.0000000 0.99080151 0.98118079
1605511152 0.0000000 0.99152046 0.98263168
1605551866 0.0000000 0.99287987 0.98579240
1605557664 0.0000000 0.99324685 0.98625654
1605621503 0.0000000 0.99252838 0.98480952
1605662576 0.0000000 0.99205154 0.98412424
1606582085 0.0000000 0.99151105 0.98297226
1606657334 0.0000000 0.99146652 0.98300707
1607578178 0.0000000 0.99380141 0.98754627
1607606398 0.0000000 0.99415696 0.98833483
1607606851 0.0000000 0.99331594 0.98635668
1607624108 0.0000000 0.99333531 0.98643339
1608317519 0.0000000 0.99221545 0.98448181
1608385359 0.0000000 0.98864686 0.97741634
1609436522 0.0000000 0.99245155 0.98481864
1609594007 0.0000000 0.99335486 0.98674238
1610162996 0.0000000 0.99055237 0.98089784
1610192153 0.0000000 0.99090898 0.98189378
1610249009 0.0000000 0.99142152 0.98273516
1610838659 0.0000000 0.99340099 0.98630434
1611559538 0.0000000 0.99404669 0.98812103
1611565557 0.0000000 0.99355793 0.98704320
1611574763 0.0000000 0.99320972 0.98637581
1611584686 0.0000000 0.99164540 0.98332864
1611818971 0.0000000 0.99282300 0.98561710
