842984365 5.00000007E-02 0.41800085 -3.2831316
844156464 0.0000000 0.94880998 0.87453115
844853345 5.00000007E-02 0.88306803 0.76158220
844879870 5.00000007E-02 0.74483615 0.18705887
849080713 0.0000000 0.85698676 0.68022150
850676186 0.0000000 0.74263978 0.53797197
850877408 0.0000000 0.86102933 0.67257488
850908023 0.0000000 0.90696919 0.78618371
851184320 5.00000007E-02 0.72159648 0.48782718
851550736 0.0000000 0.94750679 0.88357085
851807286 0.0000000 0.92759150 0.84107971
852186702 0.0000000 0.84787846 0.59088194
852329204 5.00000007E-02 0.39605138 -3.5382667
852460456 0.0000000 0.97025949 0.93325597
852489653 0.0000000 0.90614152 0.79443681
852515472 5.00000007E-02 0.88575053 0.75001270
853272363 0.0000000 0.74109191 0.49102330
853376840 0.0000000 0.94995224 0.87987715
853407944 0.0000000 0.52346343 -1.5919163
853607627 0.0000000 0.95171338 0.89516968
853739580 5.00000007E-02 0.84735149 0.70303929
854306280 0.0000000 0.88493448 0.76956582
855524541 5.00000007E-02 0.84421962 0.66954851
855593408 0.0000000 0.87563181 0.74899203
855822594 5.00000007E-02 0.79557616 0.55496216
856345761 5.00000007E-02 0.79144472 0.61106455
857058283 0.0000000 0.80525732 0.63182271
857344712 5.00000007E-02 0.71799487 0.40894151
857979217 0.0000000 0.95795751 0.90405768
858004916 5.00000007E-02 0.86802357 0.69580907
859199163 5.00000007E-02 0.61959797 -0.41369057
859246340 0.0000000 0.87455451 0.75344419
860953513 0.0000000 0.87611884 0.74970818
861140002 5.00000007E-02 0.87473768 0.74133217
861746294 5.00000007E-02 0.15689859 -25.450176
862185572 5.00000007E-02 0.80731052 0.63347864
862608623 5.00000007E-02 0.69806302 0.44805616
862627573 0.0000000 0.95198375 0.89132988
863479085 5.00000007E-02 0.77175611 0.58083969
863693027 5.00000007E-02 0.76535732 0.56144279
863763297 5.00000007E-02 0.78140068 0.56952065
864384080 5.00000007E-02 0.70490724 8.51256251E-02
864454998 5.00000007E-02 0.74095094 0.37464136
865120897 5.00000007E-02 0.74522686 0.53458613
866316320 5.00000007E-02 0.81874615 0.65078127
866599410 5.00000007E-02 0.88624370 0.77341121
866972164 0.0000000 0.95460826 0.89392179
867426807 0.0000000 0.59782040 -0.69241345
868041450 0.0000000 0.97285742 0.93758386
868379187 0.0000000 0.95037788 0.88596773
868522793 0.0000000 0.83442390 0.48099339
868964733 5.00000007E-02 0.88860178 0.77513391
870283927 5.00000007E-02 0.77499151 0.44805515
870770473 5.00000007E-02 0.69451946 0.16718644
872088689 5.00000007E-02 0.52118891 -0.39875400
872425059 5.00000007E-02 0.89162046 0.74664748
872437680 5.00000007E-02 0.58465499 -0.66704178
872449116 0.0000000 0.92006385 0.80939656
872491072 5.00000007E-02 0.45508662 -3.1080012
872492263 5.00000007E-02 0.72506809 6.56287670E-02
873735427 5.00000007E-02 0.82309312 0.65743887
875433266 5.00000007E-02 0.75706643 0.56261325
875453385 5.00000007E-02 0.37238529 -1.4665163
876594265 5.00000007E-02 0.93342954 0.86046278
877094056 5.00000007E-02 0.80477715 0.53568846
877518611 5.00000007E-02 0.65549618 0.37575465
877518986 0.0000000 0.92167938 0.82143009
877546907 5.00000007E-02 0.63616920 0.38034624
877747215 0.0000000 0.94608158 0.87942201
879374205 5.00000007E-02 0.83590204 0.68878233
892980386 5.00000007E-02 0.79615307 0.61647075
893747340 5.00000007E-02 0.75387895 0.54877537
894067552 0.0000000 0.60425252 -1.0455134
894087462 5.00000007E-02 0.77372789 0.58378667
894238216 0.0000000 0.94187498 0.87750137
894747219 5.00000007E-02 0.83731985 0.69186223
895144921 5.00000007E-02 0.68154007 0.43703848
895222228 5.00000007E-02 0.83839935 0.69089103
895422961 5.00000007E-02 0.85932368 0.74308980
895825584 5.00000007E-02 0.67215139 0.13266551
896509358 5.00000007E-02 0.88048393 0.73269260
899724834 5.00000007E-02 0.53978735 -0.83477664
900181394 5.00000007E-02 0.90899503 0.80324459
900651074 5.00000007E-02 0.95101631 0.89339203
900701079 5.00000007E-02 0.91641003 0.81749797
900781359 5.00000007E-02 0.81250334 0.59058619
900871111 5.00000007E-02 0.83228642 0.65577489
900952524 5.00000007E-02 0.93297958 0.85271788
901305843 0.0000000 0.98373932 0.95973223
901786541 5.00000007E-02 0.64761984 -0.12979627
901877006 5.00000007E-02 0.82460129 0.65757734
902801269 5.00000007E-02 0.86825937 0.73520148
902970331 5.00000007E-02 0.45499110 -0.50551403
903265983 5.00000007E-02 0.90590501 0.79845285
904013371 5.00000007E-02 0.89674187 0.76664114
904905650 0.0000000 0.91763055 0.80246878
905363640 5.00000007E-02 0.70856482 0.37556189
905409966 0.0000000 0.82457680 0.55706340
905583188 5.00000007E-02 0.50604928 -0.47487760
905664888 5.00000007E-02 0.89173245 0.78296769
905697214 0.0000000 0.30548909 -7.1514807
905921771 0.0000000 0.42318863 -2.6393323
906395377 0.0000000 0.66659164 -0.44755173
906915742 0.0000000 0.57998604 -0.79275823
906973039 0.0000000 0.56635559 -1.4272845
907937571 0.0000000 0.95185047 0.88923371
908081794 5.00000007E-02 0.22143854 -8.5417385
908297657 0.0000000 0.43250331 -2.2724526
908665869 0.0000000 0.70712155 -6.27220869E-02
910076797 5.00000007E-02 0.93569541 0.85300231
911341652 0.0000000 0.98756576 0.96808547
911471402 0.0000000 0.57450002 -1.1874628
912019233 5.00000007E-02 0.47091711 -2.1319115
912118339 0.0000000 0.85897285 0.66892320
912320478 5.00000007E-02 0.20795120 -21.729689
913597143 5.00000007E-02 0.61362642 -0.58457279
914291346 0.0000000 0.71923512 7.79892206E-02
914495847 5.00000007E-02 0.15591539 -16.662504
920174684 5.00000007E-02 0.85667121 0.71461141
920668347 5.00000007E-02 0.81703556 0.61933625
926607950 5.00000007E-02 0.75901002 0.43833572
926999002 5.00000007E-02 0.83785957 0.66403717
927655854 5.00000007E-02 0.46322668 -1.1484451
928199401 5.00000007E-02 0.84636652 0.69836694
928426302 5.00000007E-02 0.90758169 0.80915409
929863441 5.00000007E-02 0.71226120 3.58746648E-02
930302321 0.0000000 0.41025385 -3.4017105
930322043 5.00000007E-02 0.66293442 0.28172684
931355593 5.00000007E-02 0.85787529 0.71834207
931356389 5.00000007E-02 0.87266356 0.68034422
931484211 5.00000007E-02 0.78830117 0.46005547
931653898 5.00000007E-02 0.59850210 -0.32320738
931724710 5.00000007E-02 0.74274844 0.54100585
933800631 0.0000000 0.94507706 0.86465710
933854825 5.00000007E-02 0.70976222 0.12354630
934006193 5.00000007E-02 0.68334091 0.42475003
934098882 5.00000007E-02 0.15598637 -38.300209
935191073 5.00000007E-02 0.40097481 -2.0680630
966082949 5.00000007E-02 0.88585138 0.70940411
966754777 -36.299999 4.66706567E-02 -2326665.5
966768493 0.34999999 0.11627077 -31711972.
966768672 0.20000000 5.68485297E-02 -4534746.0
966798273 -151.10001 4.33047414E-02 -1860521.1
966876143 0.30000001 4.67525385E-02 -5001395.0
966991756 0.15000001 0.16166434 -2.81638112E+08
967018437 -62.150002 4.99551333E-02 -8842203.0
967800278 -3.7000000 0.26716048 -21118752.
968576086 -9.4499998 0.40126345 -9.1558495
968669370 -177.05000 4.90956530E-02 -1.01982680E+08
968735354 -65.950005 4.97617535E-02 -2862940.8
968815712 -4.6500001 4.36301865E-02 -439774.31
968976446 0.25000000 6.76109865E-02 -1.44295280E+08
969144830 -13.950000 4.48414646E-02 -2973236.5
969145452 0.40000001 8.68528783E-02 -23808608.
969456259 -95.550003 4.17613611E-02 -8609795.0
969516246 30.250000 3.95458601E-02 -450625.56
970270882 -165.30000 5.79186529E-02 -3713226.5
970691362 0.0000000 0.90384108 0.80106342
972371517 0.0000000 0.79180098 0.61522156
972935645 0.0000000 0.61240155 0.36643219
974678829 5.00000007E-02 0.76567930 0.57064104
974978532 5.00000007E-02 0.68210739 3.26197147E-02
976442918 5.00000007E-02 0.92314976 0.82719254
976476644 5.00000007E-02 0.90647912 0.80684847
976653172 0.0000000 0.95259708 0.89273083
977484180 0.0000000 0.66016877 0.42691129
977800861 5.00000007E-02 0.81932205 0.44017571
977801150 5.00000007E-02 0.11057406 -79.452484
977994086 5.00000007E-02 0.90697193 0.80948955
978113008 5.00000007E-02 0.91011560 0.81481373
978169408 5.00000007E-02 0.80543011 0.54393721
978205372 5.00000007E-02 0.86595225 0.71450555
978476098 5.00000007E-02 0.84617668 0.69723511
979067787 5.00000007E-02 0.88777316 0.77131116
979069110 5.00000007E-02 0.86415142 0.73010200
979202219 5.00000007E-02 0.81716526 0.65093458
979204150 0.0000000 0.69871211 0.47750235
979609386 5.00000007E-02 0.69549078 0.47184473
980206038 0.0000000 0.94158965 0.87141949
980698596 5.00000007E-02 8.24629217E-02 -113.03459
988100797 5.00000007E-02 0.76918590 0.56903470
988336953 5.00000007E-02 0.89833444 0.79313958
989765823 5.00000007E-02 0.86711192 0.73697585
990117114 5.00000007E-02 0.84061342 0.68829656
990630314 0.0000000 0.95392817 0.90005416
991455252 5.00000007E-02 0.65457553 0.41863769
991634551 0.0000000 0.96541542 0.92377245
991995645 0.0000000 0.60837907 0.35421872
992208377 5.00000007E-02 0.93283790 0.85859984
992209870 0.0000000 0.95855826 0.90818489
992438274 0.0000000 0.92969686 0.85518014
992486125 0.0000000 0.96432638 0.92198998
992592933 0.0000000 0.86822009 0.74428260
992927775 0.0000000 0.95242399 0.89778399
992929419 0.0000000 0.97526044 0.94314295
993581187 0.0000000 0.95288342 0.89803272
993854508 5.00000007E-02 0.86833984 0.73959911
993874057 0.0000000 0.79266495 0.61554372
994007634 0.0000000 0.94072866 0.87345576
994692047 5.00000007E-02 0.85729229 0.72105718
995024004 0.0000000 0.69284970 0.47056276
995162867 5.00000007E-02 0.89509660 0.78666079
995890516 5.00000007E-02 0.81388217 0.65010536
996113981 5.00000007E-02 0.80986351 0.64514315
997156421 0.0000000 0.96975482 0.93103433
998326679 5.00000007E-02 0.84304458 0.69773090
999257596 5.00000007E-02 0.75854087 0.56722987
1000062111 5.00000007E-02 0.72778535 0.51763129
1000197538 0.0000000 0.94603091 0.88624018
1000766684 0.0000000 0.97090089 0.93413085
1001410293 5.00000007E-02 0.65834963 0.42338574
1001954970 5.00000007E-02 0.84590566 0.70432031
1004092959 0.0000000 0.93511963 0.86516756
1004454253 5.00000007E-02 0.77716416 0.59221554
1004863535 5.00000007E-02 0.84385300 0.70151782
1005352632 0.0000000 0.98518187 0.96389186
1006580783 5.00000007E-02 0.83526260 0.68421906
1007019252 0.0000000 0.97099257 0.93592334
1007572713 5.00000007E-02 0.86474484 0.72712380
1007712455 0.0000000 0.97387427 0.94073743
1007972664 0.0000000 0.95938665 0.90973735
1008464695 0.0000000 0.69096655 0.46241248
1008648180 0.0000000 0.98497444 0.96355939
1008649429 0.0000000 0.93368155 0.86034018
1008650819 0.0000000 0.97105998 0.93439150
1008651467 0.0000000 0.93727332 0.86640072
1008652414 0.0000000 0.97685158 0.94704199
1008671685 0.0000000 0.93293738 0.85857338
1008686668 0.0000000 0.94911957 0.89186025
1008715277 0.0000000 0.96845430 0.92959261
1008786983 0.0000000 0.94459462 0.88251561
1008836107 5.00000007E-02 0.88529247 0.77220100
1008890954 0.0000000 0.96152717 0.91558260
1009057225 0.0000000 0.97254324 0.93723148
1009168145 0.0000000 0.96430343 0.92080891
1009442091 0.0000000 0.96842957 0.92792022
1009500099 0.0000000 0.98055661 0.95406550
1010371507 0.0000000 0.98154843 0.95643353
1010509239 5.00000007E-02 0.85857958 0.72791874
1011026056 0.0000000 0.92252243 0.84119898
1011031830 0.0000000 0.66098309 0.43096364
1011063499 5.00000007E-02 0.79673886 0.62187660
1011682027 0.0000000 0.97326410 0.93853045
1012271064 0.0000000 0.93028283 0.85187918
1012580587 5.00000007E-02 0.76932287 0.58061588
1013484445 5.00000007E-02 0.90377873 0.80523580
1013485377 5.00000007E-02 0.82273203 0.66772771
1013486436 5.00000007E-02 0.80686855 0.63925272
1014972465 0.0000000 0.97323114 0.93954313
1015232666 5.00000007E-02 0.73949313 0.53337538
1016105151 5.00000007E-02 0.85269731 0.71432364
1016468323 0.0000000 0.98255020 0.95809102
1017159906 5.00000007E-02 0.77771831 0.59177780
1017557569 5.00000007E-02 0.89712107 0.75244439
1017557822 5.00000007E-02 0.95153612 0.89910775
1017594576 5.00000007E-02 0.87510473 0.75185740
1017816456 0.0000000 0.93953317 0.87085164
1017857170 0.0000000 0.96197659 0.91686434
1017925489 0.0000000 0.83721370 0.68996894
1018065946 0.0000000 0.94037271 0.87288451
1018137582 0.0000000 0.64525491 0.40414625
1018221645 5.00000007E-02 0.89603132 0.78956604
1018414606 5.00000007E-02 0.85233915 0.71404088
1018800484 0.0000000 0.91520774 0.82566005
1018898180 0.0000000 0.94973952 0.89043552
1019054808 0.0000000 0.90440172 0.80606902
1019292480 5.00000007E-02 0.92163771 0.83869278
1019488470 0.0000000 0.94441432 0.88070709
1019673665 5.00000007E-02 0.86969745 0.74043727
1020000226 0.0000000 0.97992760 0.95214570
1021004232 0.0000000 0.94685370 0.88569790
1021024958 5.00000007E-02 0.79186922 0.61038947
1021028934 0.0000000 0.97470170 0.94252723
1021434365 5.00000007E-02 0.90705824 0.81286824
1021434812 5.00000007E-02 0.83301842 0.68028712
1021435155 5.00000007E-02 0.78501302 0.60389066
1021437004 5.00000007E-02 0.86308485 0.73233354
1021437761 5.00000007E-02 0.79332870 0.61424351
1021888184 5.00000007E-02 0.78529441 0.60497040
1022604314 0.0000000 0.98708850 0.96794397
1022741620 5.00000007E-02 0.90068394 0.79922861
1022779647 5.00000007E-02 0.87959898 0.76100767
1024000827 5.00000007E-02 0.86841154 0.74294525
1024039343 5.00000007E-02 0.85376453 0.71570575
1024059173 0.0000000 0.81545371 0.65514213
1024224102 0.0000000 0.92841840 0.84960955
1024232773 0.0000000 0.89925081 0.79429460
1024881141 5.00000007E-02 0.76082283 0.56881833
1026036068 5.00000007E-02 0.87712044 0.75534129
1026372982 0.0000000 0.94851726 0.89008516
1026373076 0.0000000 0.98167515 0.95748132
1026374005 0.0000000 0.91134512 0.81931877
1026378668 0.0000000 0.93931955 0.87307382
1026562025 0.0000000 0.93791580 0.86787581
1026925041 0.0000000 0.94820523 0.88989222
1026933281 5.00000007E-02 0.84565806 0.70754397
1026967951 0.0000000 0.91953599 0.83302838
1028885460 5.00000007E-02 0.88522243 0.77264273
1028970195 5.00000007E-02 0.88558131 0.77510875
1029367736 0.0000000 0.91793180 0.83296055
1030006163 5.00000007E-02 0.85964960 0.72528064
1030375930 0.0000000 0.90912098 0.81834489
1030554334 0.0000000 0.97287041 0.93780911
1030628193 5.00000007E-02 0.83657944 0.68963683
1030651553 0.0000000 0.81255805 0.64859653
1031310121 5.00000007E-02 0.89038074 0.78254783
1031439572 5.00000007E-02 0.83222270 0.67951387
1031647094 0.0000000 0.75533432 0.55746686
1032052013 0.0000000 0.95619458 0.90598792
1032134610 5.00000007E-02 0.92176688 0.83618128
1032294371 5.00000007E-02 0.67415780 0.44150370
1032315669 0.0000000 0.97572428 0.94356585
1032907402 0.0000000 0.98592144 0.96502900
1033103267 5.00000007E-02 0.85229051 0.71507329
1033374913 5.00000007E-02 0.88150585 0.76328862
1033690544 0.0000000 0.82592404 0.66965425
1033947513 0.0000000 0.94867969 0.89046991
1034070514 0.0000000 0.96110088 0.91496927
1034480608 0.0000000 0.89863527 0.79083622
1034923400 5.00000007E-02 0.85619259 0.71971560
1034928298 0.0000000 0.84911484 0.71363711
1035149152 0.0000000 0.89784092 0.79624861
1035153178 5.00000007E-02 0.81689900 0.65863633
1035197382 0.0000000 0.91585195 0.82464087
1035991040 5.00000007E-02 0.79459327 0.61877197
1036098952 0.0000000 0.95430303 0.90063024
1036697273 5.00000007E-02 0.83290732 0.68043590
1036697648 0.0000000 0.95607913 0.90421987
1036886824 0.0000000 0.88978761 0.77753127
1038324582 0.0000000 0.94034058 0.87504083
1038746116 5.00000007E-02 0.88238597 0.76801467
1039232712 0.0000000 0.97183299 0.93593878
1039743025 0.0000000 0.88046068 0.76324940
1040450954 0.0000000 0.98791802 0.96960491
1040520314 5.00000007E-02 0.83928663 0.69145203
1040644457 0.0000000 0.90223968 0.80213702
1040799690 5.00000007E-02 0.80167949 0.62987727
1041632855 5.00000007E-02 0.77804542 0.59447074
1042809813 5.00000007E-02 0.76140994 0.56889617
1043607562 0.0000000 0.98087007 0.95462745
1044768063 5.00000007E-02 0.77675992 0.59593868
1044817061 0.0000000 0.95756918 0.90877908
1045633623 5.00000007E-02 0.73953503 0.53268182
1046065971 5.00000007E-02 0.89797217 0.78959417
1046575544 5.00000007E-02 0.73923910 0.53502715
1048808323 0.0000000 0.92763233 0.85035694
1049310522 0.0000000 0.92513204 0.84469783
1049353173 0.0000000 0.89447498 0.78955656
1051845960 5.00000007E-02 0.88738364 0.77497381
1051900153 5.00000007E-02 0.69855779 0.47594392
1052394722 0.0000000 0.55760962 0.30443788
1052961462 0.0000000 0.97615695 0.94419539
1053904321 5.00000007E-02 0.83188045 0.68006694
1054395492 5.00000007E-02 0.91463834 0.82296169
1054853585 0.0000000 0.94567353 0.88480508
1055123570 0.0000000 0.93420583 0.86113226
1055135284 5.00000007E-02 0.81157309 0.64982319
1055234432 5.00000007E-02 0.90518302 0.80831951
1055390332 5.00000007E-02 0.81242919 0.64801693
1055425274 5.00000007E-02 0.83354980 0.68235946
1055472531 5.00000007E-02 0.68916160 0.46418929
1055510426 5.00000007E-02 0.80375040 0.63104093
1055788418 0.0000000 0.90744203 0.81122196
1055803080 0.0000000 0.87984234 0.76066828
1056357316 5.00000007E-02 0.85973889 0.72577298
1057028486 5.00000007E-02 0.89881897 0.78844506
1057319282 5.00000007E-02 0.92321020 0.83871359
1058108790 5.00000007E-02 0.82961124 0.67541105
1058496080 5.00000007E-02 0.68206358 0.45544690
1059102630 5.00000007E-02 0.75226462 0.55128741
1059590191 5.00000007E-02 0.90672171 0.80942661
1059850488 5.00000007E-02 0.82517058 0.66475725
1059910523 5.00000007E-02 0.76623583 0.57706141
1059994404 0.0000000 0.96993923 0.93130851
1060172588 0.0000000 0.89025050 0.78191578
1060619413 5.00000007E-02 0.86784494 0.73861921
1061586322 5.00000007E-02 0.71535885 0.50050116
1062262342 5.00000007E-02 0.80476421 0.63252246
1062859632 0.0000000 0.95889401 0.90695935
1063234506 0.0000000 0.97104198 0.93405420
1063264037 5.00000007E-02 0.81299782 0.64676583
1064365712 5.00000007E-02 0.92685622 0.84934044
1064533379 5.00000007E-02 0.90097147 0.79912871
1065785029 0.0000000 0.97184294 0.93655801
1065790269 5.00000007E-02 0.79464823 0.61651903
1065847269 5.00000007E-02 0.73500943 0.52576256
1067505195 5.00000007E-02 0.70088625 0.47981125
1068127124 0.0000000 0.94311452 0.88105762
1068356150 0.0000000 0.89589745 0.78746176
1068595355 0.0000000 0.92875254 0.85152221
1068804765 0.0000000 0.90054947 0.79757196
1068825242 0.0000000 0.85884595 0.72488940
1069412363 0.0000000 0.93808764 0.87001300
1070682432 5.00000007E-02 0.88853747 0.75394833
1070692497 5.00000007E-02 0.81707919 0.65596205
1070921046 0.0000000 0.88974386 0.77967638
1071031093 0.0000000 0.96927190 0.93094027
1071031176 0.0000000 0.98811495 0.96895123
1071031375 5.00000007E-02 0.93615514 0.86667204
1071031628 5.00000007E-02 0.90783060 0.81046772
1071031695 5.00000007E-02 0.91114360 0.81630623
1071031744 5.00000007E-02 0.91270286 0.81910777
1071031844 5.00000007E-02 0.90813094 0.81041354
1071031926 5.00000007E-02 0.91407901 0.82225198
1071033611 0.0000000 0.94842815 0.88879949
1071033625 0.0000000 0.94842994 0.88880271
1071035006 0.0000000 0.91483945 0.82335573
1071038489 0.0000000 0.90428656 0.80330288
1071042579 0.0000000 0.90743059 0.80977708
1071043831 0.0000000 0.95313555 0.89712024
1071046005 0.0000000 0.91334814 0.82178909
1071046239 5.00000007E-02 0.80597419 0.63688993
1071074159 0.0000000 0.93791336 0.86840427
1071095531 5.00000007E-02 0.91864783 0.83190876
1071100910 0.0000000 0.93588519 0.86510444
1071109335 5.00000007E-02 0.89715832 0.79050320
1071169499 5.00000007E-02 0.89768386 0.79092664
1071182968 0.0000000 0.96519363 0.92294586
1071183209 0.0000000 0.96964031 0.93156594
1071183435 0.0000000 0.96574301 0.92419070
1071443800 0.0000000 0.64204419 0.40554488
1071583019 0.0000000 0.96232939 0.91718376
1071584001 0.0000000 0.89544904 0.78900290
1071678445 5.00000007E-02 0.91875833 0.83296275
1071725608 0.0000000 0.97874087 0.94971484
1072705310 5.00000007E-02 0.84730440 0.70152599
1072926918 0.0000000 0.93409055 0.86165798
1073475853 0.0000000 0.93071783 0.85554516
1073756920 0.0000000 0.70214981 0.48331797
1073986141 0.0000000 0.97081065 0.93430728
1073994067 5.00000007E-02 0.80499959 0.63612026
1075317204 0.0000000 0.97647583 0.94520754
1075317446 0.0000000 0.97312766 0.93777233
1075318489 0.0000000 0.97626352 0.94516569
1075466599 5.00000007E-02 0.83442539 0.68264318
1075865039 0.0000000 0.95500338 0.90253848
1076851926 5.00000007E-02 0.80734050 0.64311326
1076884025 5.00000007E-02 0.87381613 0.75104940
1077531525 5.00000007E-02 0.84346569 0.69950289
1077584107 5.00000007E-02 0.78379321 0.60134476
1078321829 5.00000007E-02 0.86074048 0.73233032
1079154231 5.00000007E-02 0.90205353 0.79895896
1080241624 0.0000000 0.87442756 0.75126672
1081488818 0.0000000 0.91448474 0.82539916
1082397083 5.00000007E-02 0.78636771 0.60613739
1082563195 5.00000007E-02 0.76074690 0.56602442
1082729069 0.0000000 0.96186286 0.91542053
1082820030 0.0000000 0.89478213 0.78946596
1083398171 0.0000000 0.91738737 0.83006561
1083961065 0.0000000 0.97139412 0.93568975
1084003366 0.0000000 0.98590136 0.96504337
1084082541 5.00000007E-02 0.78849852 0.61123562
1084133207 5.00000007E-02 0.72165972 0.51325470
1084597670 5.00000007E-02 0.84965283 0.71284354
1084687448 5.00000007E-02 0.94351190 0.88143480
1084950252 0.0000000 0.98331296 0.95960850
1085103239 0.0000000 0.91044295 0.81482017
1085390106 0.0000000 0.98135340 0.95477587
1086195389 5.00000007E-02 0.91811866 0.82745934
1086315872 0.0000000 0.96698415 0.92520893
1086883086 0.0000000 0.97859371 0.95075017
1087613581 0.0000000 0.97158390 0.93496054
1091970746 0.0000000 0.83926821 0.69209182
1092861100 0.0000000 0.84477574 0.69911140
1093118276 5.00000007E-02 0.85373271 0.71437442
1093908136 5.00000007E-02 0.83670032 0.68828219
1095475955 0.0000000 0.80470300 0.63505602
1097813330 5.00000007E-02 0.88828373 0.77609187
1099928102 37.299999 0.11859687 -26.806326
1099929295 9.1500006 0.16143435 1.60173178E-02
1099929521 18.150000 0.12456356 -4.6764755
1099931589 6.1500001 0.11245847 -130.09621
1099942690 -42.650002 0.18288113 -1.1055036
1100237223 115.15000 5.85436635E-02 -65.620178
1100955874 -7.0500002 9.67491046E-02 -714.64777
1103674687 42.150002 0.14804238 -106.98480
1105287429 -38.650002 5.59823699E-02 -56677.059
1105405102 53.100002 0.10012404 -12.533654
1105536640 246.30000 0.10813573 -6.55368567E-02
1105765351 -2.3500001 9.38817635E-02 -43.777710
1106056455 106.35000 8.48036483E-02 -243.92938
1106207236 65.400002 0.12914620 -1.3452294
1106226863 -40.500000 7.21866712E-02 -72.966621
1106317701 -29.650000 0.10483923 3.39692831E-03
1106377004 228.25000 0.12660483 -21.184622
1106829094 277.89999 7.76219890E-02 -5.58745861E-03
1107166208 140.25000 9.19370279E-02 -0.29545152
1107223187 -1.0000000 7.68044069E-02 2.74425745E-03
1107233798 119.45000 5.96667118E-02 3.68016958E-03
1107286746 246.45000 8.99856389E-02 -1.0379539
1107388387 196.45000 0.12483786 -5.0971651
1107601144 7.4500003 8.40749815E-02 6.95908070E-03
1107601252 7.4500003 8.07969123E-02 6.58291578E-03
1108162580 5.4500003 4.75756377E-02 -5.97885847E-02
1108757898 96.650002 0.10473898 2.13623047E-04
1108761568 230.85001 7.85716698E-02 2.34800577E-03
1110049611 -5.5000000 0.10689245 6.24060631E-05
1110049680 -17.300001 9.52112228E-02 7.37905502E-05
1110050185 210.45000 0.10525708 7.76767731E-04
1110050874 -17.800001 6.12331331E-02 9.16779041E-04
1110568232 151.15001 0.10004652 3.12048197E-03
1111274786 120.20000 9.05974135E-02 9.37342644E-04
1113182839 163.80000 0.10154729 3.33958864E-03
1113208093 -27.700001 0.10226326 5.18327951E-03
1113260515 -26.200001 8.57706293E-02 1.65867805E-03
1113331351 78.849998 5.46371490E-02 2.29579210E-03
1114345058 139.65001 7.57850111E-02 6.28525019E-03
1114872497 101.55000 8.48961622E-02 1.39415264E-04
1114872533 143.15001 9.75305587E-02 3.79860401E-04
1114872543 81.099998 0.12337556 6.61969185E-04
1114981677 99.300003 6.74159601E-02 1.10411644E-03
1115167250 223.15001 5.45132607E-02 5.38825989E-04
1115753263 217.90001 9.26020220E-02 4.41247225E-03
1115910658 59.000000 7.50907511E-02 2.96407938E-03
1115942660 124.15000 6.94248900E-02 8.64207745E-04
1116353193 85.200005 4.69921380E-02 1.13904476E-03
1117405041 135.60001 8.30689073E-02 1.69563293E-03
1117642805 209.05000 7.45017156E-02 9.79304314E-05
1118162704 9.5500002 0.12314301 4.42922115E-04
1118367166 239.85001 8.36223066E-02 5.27799129E-04
1118396676 20.550001 7.91129321E-02 7.15076923E-04
1118501300 20.950001 9.04745236E-02 2.32911110E-03
1118677980 60.250000 8.36311206E-02 1.19268894E-03
1118868304 213.15001 6.33092970E-02 4.04530764E-03
1119087065 49.900002 9.08330232E-02 6.32643700E-04
1119729025 80.000000 9.00916904E-02 3.84658575E-03
1119876655 172.40001 7.26283938E-02 1.13887191E-02
1121472051 142.75000 8.06807801E-02 1.39105320E-03
1122385024 101.40000 7.26975426E-02 4.34458256E-04
1122618639 199.05000 0.11767355 3.89397144E-03
1122777951 166.55000 7.92419165E-02 5.93066216E-04
1123439949 161.95000 4.81866486E-02 4.70995903E-04
1125373372 136.20000 7.49561787E-02 4.43351269E-03
1125685516 -2.6500001 8.45975578E-02 2.77960300E-03
1125969360 45.200001 0.14533925 1.63376331E-04
1127055473 208.75000 9.92854610E-02 4.21851873E-03
1127456637 165.40001 0.10964479 1.47247314E-03
1127471662 57.049999 7.35968575E-02 2.94911861E-03
1127494190 25.600000 8.73321220E-02 1.14709139E-03
1127760620 78.450005 8.38644803E-02 6.94870949E-04
1128153007 -0.10000000 8.61496404E-02 1.46365166E-03
1128174696 119.05000 9.51416641E-02 9.47952271E-04
1128475640 67.950005 4.97084148E-02 1.16169453E-03
1128528995 165.50000 8.31986219E-02 1.29938126E-03
1128891916 151.95000 9.27774906E-02 1.45056844E-02
1128923244 185.35001 6.05746247E-02 1.37311220E-03
1129069430 -67.450005 6.65256679E-02 -5.16545773E-03
1129155495 -50.150002 0.10153091 1.12267137E-02
1129246313 15.600000 9.28294659E-02 8.63701105E-03
1129324370 110.70000 8.53356123E-02 2.31540203E-03
1129391464 -63.200001 7.32190907E-02 1.15036964E-04
1129907016 14.100000 0.11169305 1.15001202E-02
1130249327 194.45000 4.55210730E-02 7.96258450E-04
1131428965 -5.5999999 9.88973528E-02 3.02463770E-03
1131431840 78.950005 5.97244203E-02 1.66898966E-03
1132062095 117.55000 0.12262326 2.22504139E-03
1132132485 -52.750000 6.84367195E-02 2.70742178E-03
1132148341 146.50000 8.93968567E-02 1.43456459E-03
1132166999 50.200001 8.60810652E-02 2.24167109E-03
1132661855 106.75000 4.58462313E-02 5.39481640E-04
1132975230 102.35000 9.93059203E-02 2.47502327E-03
1133111580 127.55000 4.33745310E-02 7.12692738E-04
1133304109 91.200005 9.40894112E-02 3.35156918E-04
1133601723 185.90001 4.35682982E-02 7.53223896E-04
1135808248 38.049999 9.60119516E-02 1.38139725E-03
1135976852 -15.150001 0.10570387 5.81622124E-03
1136739698 26.800001 8.20067227E-02 9.61840153E-04
1137913657 -4.0500002 8.92157331E-02 1.69277191E-03
1137989937 131.90001 0.11611600 1.08450651E-03
1137990003 107.05000 0.10796113 1.72448158E-03
1138288259 -22.050001 7.44198859E-02 3.00973654E-03
1139284609 -70.200005 4.76776958E-02 -1225.6300
1139326915 -0.94999999 5.04393540E-02 -1414.2858
1140725945 205.80000 7.67020881E-02 6.10172749E-04
1140746150 -15.600000 0.11149232 6.06060028E-04
1141877248 -17.000000 6.19739518E-02 4.40180302E-04
1142029462 106.95000 6.92048147E-02 2.88927555E-03
1142229311 66.200005 0.13048217 2.08973885E-03
1142709582 57.450001 7.22393170E-02 1.22618675E-03
1143536168 158.20000 8.93645957E-02 1.29514933E-03
1143616861 238.60001 4.71378081E-02 6.43193722E-04
1143885739 121.45000 0.12439737 9.87648964E-05
1143885924 44.549999 0.10804937 1.62184238E-03
1143888020 109.25000 0.12031431 1.34062767E-03
1144129163 179.30000 0.10283494 3.57598066E-03
1144133312 38.150002 0.11228639 4.66096401E-03
1144179006 21.850000 6.85623288E-02 2.96473503E-04
1144806135 129.55000 6.58620074E-02 4.25249338E-03
1145140855 147.15001 0.12815295 2.09748745E-04
1145323561 230.15001 6.77887052E-02 1.72305107E-03
1146215126 -11.000000 0.10813878 1.48117542E-04
1146944291 -14.250000 4.10273373E-02 -4.39780951E-02
1146966782 67.900002 0.11412124 3.31610441E-03
1147258751 268.30002 4.79256585E-02 6.21378422E-04
1149411961 -26.850000 9.59056765E-02 1.87635422E-03
1149467938 -42.350002 0.10834310 6.79576397E-03
1149638545 91.800003 6.45654052E-02 2.91329622E-03
1149771133 213.65001 4.66569550E-02 3.78173590E-03
1154072410 -7.5000000 0.10740164 2.22623348E-04
1154182305 162.75000 9.98677239E-02 3.40527296E-03
1155212722 8.4499998 5.52781373E-02 1.17844343E-03
1155340266 136.50000 8.31005350E-02 1.11579895E-03
1155354114 150.25000 6.90555274E-02 7.86405802E-03
1155443514 -14.150001 7.29302913E-02 1.72805786E-03
1156044082 165.45000 6.06833398E-02 7.60507584E-03
1156698676 -0.45000002 7.71146491E-02 5.22851944E-04
1158266854 98.050003 4.30519432E-02 1.45214796E-03
1159598968 5.00000007E-02 0.60105860 -3.12799215E-02
1159684577 0.0000000 0.90004873 0.79583466
1160388105 5.00000007E-02 0.94501203 0.88250178
1160392104 5.00000007E-02 0.96104062 0.91216344
1160549032 5.00000007E-02 0.78520256 0.42728388
1160664389 5.00000007E-02 0.97880363 0.95174676
1163299258 0.0000000 0.85157514 0.69831264
1163456967 5.00000007E-02 0.75651371 0.53478384
1163641819 0.0000000 0.86337423 0.71868205
1164570370 5.00000007E-02 0.69561619 0.46405524
1165358160 5.00000007E-02 0.80194438 0.62899339
1165368969 5.00000007E-02 0.74671549 0.54215264
1166094636 5.00000007E-02 0.92266327 0.83637840
1166561075 5.00000007E-02 0.91958362 0.83002132
1166894907 5.00000007E-02 0.90403008 0.80136734
1167121204 0.0000000 0.82628942 0.63890588
1167135981 5.00000007E-02 0.96612304 0.92525882
1167136317 5.00000007E-02 0.96278775 0.91853750
1167136455 5.00000007E-02 0.96300548 0.91896796
1167136825 5.00000007E-02 0.92720008 0.84040815
1167144800 0.0000000 0.50039798 -1.8438323
1167147704 5.00000007E-02 0.90627331 0.80455261
1167154513 5.00000007E-02 0.92834455 0.82987839
1167186639 5.00000007E-02 0.94702166 0.88842607
1167298740 5.00000007E-02 0.50209051 -1.3426220
1167318376 0.0000000 0.15758374 -22.139635
1167324678 5.00000007E-02 0.73825020 0.20303857
1167592780 5.00000007E-02 0.33953398 -2.7679665
1167604646 5.00000007E-02 0.78900713 0.53255934
1168792515 5.00000007E-02 0.35712281 -8.6134167
1168917035 0.0000000 0.96500772 0.92123854
1169006425 5.00000007E-02 0.78627604 0.60329175
1169712716 5.00000007E-02 0.41824576 -3.3863087
1169722755 0.0000000 0.95618302 0.90603566
1170262059 5.00000007E-02 0.54042459 -0.65214980
1170524118 0.0000000 0.63981062 -0.57963967
1171366614 5.00000007E-02 0.69121778 0.28155130
1171423577 5.00000007E-02 0.84102803 0.59112775
1171423831 5.00000007E-02 0.93410140 0.84062064
1171832699 5.00000007E-02 0.96500790 0.91538024
1172178017 5.00000007E-02 0.87595248 0.74295449
1173308237 0.0000000 0.91642010 0.82703567
1173368256 5.00000007E-02 0.82583392 0.66519547
1174197233 5.00000007E-02 0.79489648 0.55191129
1175309106 5.00000007E-02 0.72199851 0.48709077
1175583473 5.00000007E-02 0.84395713 0.66532946
1176242685 5.00000007E-02 0.67291844 0.40184486
1177115546 0.0000000 0.97037411 0.93125635
1177175308 5.00000007E-02 0.91069216 0.75942206
1178992210 5.00000007E-02 0.82380563 0.65797752
1180238725 5.00000007E-02 0.50362039 -0.89199579
1180618796 5.00000007E-02 0.89499319 0.76540762
1181939353 5.00000007E-02 0.81149000 0.64243269
1182196765 5.00000007E-02 0.67281663 0.41117805
1182265663 5.00000007E-02 0.76814485 0.55433416
1182396227 5.00000007E-02 0.78717476 0.59658742
1182398897 5.00000007E-02 0.95660532 0.90193093
1184629372 5.00000007E-02 0.78356737 0.60487479
1185198002 0.0000000 0.92890567 0.85468757
1185799546 0.0000000 0.95131081 0.88433778
1185861072 0.0000000 0.84224325 0.69403589
1186620947 5.00000007E-02 0.98690414 0.96792954
1186786330 0.0000000 0.94745129 0.88970262
1188350129 0.0000000 0.96468288 0.92188090
1188356416 0.0000000 0.97952574 0.95271379
1188908193 5.00000007E-02 0.85466546 0.72232735
1188950111 5.00000007E-02 0.80223715 0.61311936
1189101086 0.0000000 0.95816076 0.90817660
1189101321 5.00000007E-02 0.92397249 0.84204441
1189194674 5.00000007E-02 0.85415918 0.71787047
1198522115 0.0000000 0.74374419 0.53890419
1200543890 5.00000007E-02 0.89089268 0.73476082
1200856359 5.00000007E-02 0.85997111 0.72144234
1201442068 5.00000007E-02 0.90016156 0.79480410
1203280382 5.00000007E-02 0.95173812 0.89394802
1203409866 0.0000000 0.80785602 0.63685906
1203790455 5.00000007E-02 0.90704906 0.80542189
1204138448 5.00000007E-02 0.92396438 0.83443445
1204304285 5.00000007E-02 0.94425708 0.87872034
1204490434 0.0000000 0.84986985 0.70567566
1204651907 5.00000007E-02 0.93034887 0.85332286
1204651936 5.00000007E-02 0.93425894 0.86054391
1204670552 5.00000007E-02 0.93373883 0.86131275
1207186072 5.00000007E-02 0.70971572 0.48863167
1208187584 5.00000007E-02 0.94680780 0.88159627
1208931881 5.00000007E-02 0.91972226 0.83305174
1208975321 5.00000007E-02 0.95605683 0.89999115
1208982088 5.00000007E-02 0.94661111 0.88209432
1208988255 5.00000007E-02 0.89766377 0.79215676
1208988552 5.00000007E-02 0.96314138 0.91564476
1209105937 5.00000007E-02 0.87023592 0.74295974
1209216223 5.00000007E-02 0.88395572 0.75815511
1209291757 5.00000007E-02 0.92007113 0.82931614
1209339084 0.0000000 0.73339748 0.52436674
1209362380 5.00000007E-02 0.92499709 0.84305263
1209543825 5.00000007E-02 0.82165849 0.65762252
1209563099 5.00000007E-02 0.76462561 0.57285899
1209583346 5.00000007E-02 0.93241078 0.85489362
1209820628 0.0000000 0.67060405 0.43754750
1209877317 5.00000007E-02 0.67308527 0.44218457
1210448520 0.0000000 0.96307820 0.91698784
1210560189 5.00000007E-02 0.92853403 0.84726787
1210633064 0.0000000 0.96226048 0.91266042
1210703275 5.00000007E-02 0.97324300 0.93406147
1212285435 5.00000007E-02 0.99398559 0.97895491
1212339563 5.00000007E-02 0.92214280 0.83653188
1213107823 5.00000007E-02 0.89937150 0.79308021
1213158817 5.00000007E-02 0.98260468 0.95543540
1213486164 5.00000007E-02 0.95647335 0.90236586
1214086760 5.00000007E-02 0.91725701 0.82679212
1214128508 5.00000007E-02 0.89346009 0.78163254
1214211456 0.0000000 0.87408251 0.73389709
1214561217 5.00000007E-02 0.81865978 0.65220672
1215745668 5.00000007E-02 0.94298238 0.87104046
1215812106 5.00000007E-02 0.98662758 0.96403688
1215812707 5.00000007E-02 0.98236990 0.95650017
1215839910 5.00000007E-02 0.86299568 0.73036253
1215843106 5.00000007E-02 0.87756795 0.76092446
1215961116 5.00000007E-02 0.98978883 0.97025687
1216126809 5.00000007E-02 0.97122788 0.93224460
1216904067 5.00000007E-02 0.82092017 0.65276635
1217616949 5.00000007E-02 0.90317899 0.79890364
1218233114 0.0000000 0.96563518 0.91915470
1218994676 0.0000000 0.66064745 0.42668259
1219291482 5.00000007E-02 0.84329629 0.68650824
1219301591 5.00000007E-02 0.90071160 0.79620832
1219723710 5.00000007E-02 0.76377100 0.57047510
1219772880 5.00000007E-02 0.80978811 0.63724589
1219869253 5.00000007E-02 0.89454925 0.78180844
1220179542 5.00000007E-02 0.90211481 0.79868627
1220742036 5.00000007E-02 0.82148904 0.66254103
1220946193 5.00000007E-02 0.82928056 0.67580765
1221047734 0.0000000 0.93789786 0.86531484
1222614737 5.00000007E-02 0.71268684 0.49201715
1228187814 5.00000007E-02 0.93603969 0.86351043
1228684717 5.00000007E-02 0.94152862 0.87417340
1229260451 5.00000007E-02 0.78899628 0.60445905
1229658996 5.00000007E-02 0.77354389 0.57584333
1229990683 5.00000007E-02 0.98356932 0.95785820
1230216280 5.00000007E-02 0.88182968 0.76209408
1230600687 5.00000007E-02 0.91038674 0.81907034
1230860391 5.00000007E-02 0.83874053 0.68981808
1231020274 5.00000007E-02 0.92457390 0.84082347
1231041233 5.00000007E-02 0.94339955 0.87795764
1232714291 5.00000007E-02 0.98986536 0.97172421
1232804891 5.00000007E-02 0.90504426 0.80276477
1233928332 5.00000007E-02 0.78770399 0.61027479
1234166319 5.00000007E-02 0.81925589 0.64971191
1234201315 5.00000007E-02 0.96436018 0.91552413
1234214675 5.00000007E-02 0.98490709 0.95902890
1236731039 5.00000007E-02 0.94150907 0.87175339
1236854628 5.00000007E-02 0.88408536 0.76779163
1237014105 5.00000007E-02 0.79329836 0.60921061
1237159221 5.00000007E-02 0.90323198 0.80014682
1237164701 0.0000000 0.91470647 0.81601202
1237551366 5.00000007E-02 0.85348636 0.71531481
1237619839 5.00000007E-02 0.70650440 0.48838001
1239235949 5.00000007E-02 0.83248687 0.67674983
1239971868 5.00000007E-02 0.76337534 0.56995702
1240678955 5.00000007E-02 0.83766061 0.68291688
1242397863 5.00000007E-02 0.89862812 0.79425430
1242709695 5.00000007E-02 0.79617512 0.61778116
1243376855 0.0000000 0.92389959 0.83550584
1244248765 5.00000007E-02 0.76806140 0.57432371
1245087845 5.00000007E-02 0.72484326 0.50815272
1245407408 5.00000007E-02 0.84953219 0.70710719
1245469469 5.00000007E-02 0.89438045 0.78402865
1245877793 5.00000007E-02 0.92107207 0.83249497
1245881452 0.0000000 0.94240665 0.87279135
1246167876 5.00000007E-02 0.83350986 0.67583907
1246181696 5.00000007E-02 0.88480353 0.76935899
1246182765 5.00000007E-02 0.74095511 0.53482974
1246208530 5.00000007E-02 0.79915971 0.61770535
1246208539 5.00000007E-02 0.79902959 0.61751020
1246598451 5.00000007E-02 0.92965424 0.85095179
1246598488 5.00000007E-02 0.94122541 0.87485039
1246614635 5.00000007E-02 0.91107339 0.81705320
1246985947 5.00000007E-02 0.92980170 0.85192102
1247508302 0.0000000 0.98366344 0.95372742
1247516932 0.0000000 0.97965264 0.95166308
1247654255 5.00000007E-02 0.78799391 0.60685158
1247741293 0.0000000 0.94838375 0.88482803
1247769767 5.00000007E-02 0.92009866 0.83208597
1248159491 0.0000000 0.85701013 0.72067231
1248570012 5.00000007E-02 0.92411810 0.84142524
1248588659 5.00000007E-02 0.91847724 0.82790560
1248872986 0.0000000 0.88760501 0.76807886
1248886386 5.00000007E-02 0.94908661 0.88332099
1249212887 5.00000007E-02 0.82585192 0.66822541
1250467545 5.00000007E-02 0.95119923 0.89426661
1250503855 5.00000007E-02 0.95079553 0.89279997
1250504106 0.0000000 0.96496910 0.91958749
1250601456 5.00000007E-02 0.96472150 0.92002004
1250639275 0.0000000 0.93772912 0.86719507
1250703707 5.00000007E-02 0.81676275 0.64916813
1250777890 0.0000000 0.94429088 0.87988722
1250888264 5.00000007E-02 0.96780497 0.92536354
1250911490 5.00000007E-02 0.75533527 0.55415654
1252249816 0.0000000 0.93838304 0.86211127
1252757125 5.00000007E-02 0.92556167 0.84207600
1254591366 5.00000007E-02 0.93641466 0.86543852
1254664936 0.0000000 0.78440565 0.60025895
1255243328 5.00000007E-02 0.89213365 0.78418964
1256244384 5.00000007E-02 0.82714123 0.67169750
1256252705 5.00000007E-02 0.94704223 0.88335145
1256431794 5.00000007E-02 0.75385332 0.55106997
1257413577 5.00000007E-02 0.96507955 0.91891575
1257413887 5.00000007E-02 0.81768340 0.65669185
1257420861 5.00000007E-02 0.90107149 0.79686427
1257678569 5.00000007E-02 0.73998249 0.53382391
1258065617 5.00000007E-02 0.79058456 0.60906875
1258296469 5.00000007E-02 0.88683343 0.77884281
1258824471 0.0000000 0.69957799 0.47420919
1258926370 5.00000007E-02 0.67174417 0.43800503
1260564405 5.00000007E-02 0.91953152 0.83549976
1260692005 0.0000000 0.82811970 0.67267621
1261227736 5.00000007E-02 0.91706693 0.82786894
1261227864 5.00000007E-02 0.97014236 0.94024599
1261228557 0.0000000 0.68898618 0.46161354
1261232031 5.00000007E-02 0.81355923 0.64742804
1261235533 5.00000007E-02 0.85572195 0.71431184
1261275144 0.0000000 0.89415145 0.78736389
1261713375 5.00000007E-02 0.94250184 0.87720668
1261922241 5.00000007E-02 0.83442211 0.68093252
1262034644 5.00000007E-02 0.83397043 0.67498910
1262237921 0.0000000 0.69160634 0.46529400
1262343689 5.00000007E-02 0.81557769 0.65176535
1262367286 5.00000007E-02 0.84484953 0.69403338
1262622742 5.00000007E-02 0.75561672 0.54598421
1262633257 5.00000007E-02 0.76849294 0.57985735
1263881366 0.0000000 0.90863627 0.81011778
1265523000 5.00000007E-02 0.94091612 0.87051457
1265599504 5.00000007E-02 0.74668527 0.53944737
1265691729 5.00000007E-02 0.97013617 0.92659700
1265942558 5.00000007E-02 0.88573515 0.77290338
1266289887 0.0000000 0.95973074 0.90971351
1266816064 5.00000007E-02 0.96275872 0.91448504
1267146477 5.00000007E-02 0.84746730 0.70589852
1267162697 5.00000007E-02 0.83180833 0.68119901
1267661932 5.00000007E-02 0.98239893 0.95465136
1267662287 5.00000007E-02 0.91791350 0.83084106
1267686434 0.0000000 0.82837492 0.67277300
1267690576 5.00000007E-02 0.96153009 0.91234052
1268040382 5.00000007E-02 0.80042821 0.62639928
1268902896 0.0000000 0.99897039 0.99792004
1268931240 0.0000000 0.99904037 0.99806792
1269644874 0.0000000 0.99936330 0.99849111
1270335780 0.0000000 0.99928921 0.99847758
1270813793 0.0000000 0.99905151 0.99804193
1270961850 0.0000000 0.99901259 0.99790245
1270999307 0.0000000 0.99861944 0.99714136
1271168968 0.0000000 0.99930054 0.99857920
1271191748 0.0000000 0.99946326 0.99892014
1271987388 0.0000000 0.99916661 0.99826843
1272194052 0.0000000 0.99898785 0.99708861
1272250791 0.0000000 0.99897993 0.99792570
1272823213 0.0000000 0.99938822 0.99874747
1274901407 0.0000000 0.99907964 0.99801707
1276535865 0.0000000 0.99957943 0.99898201
1276561877 0.0000000 0.99946582 0.99890941
1276823323 0.0000000 0.99916416 0.99828082
1277440084 0.0000000 0.99935716 0.99864900
1277575551 0.0000000 0.99931467 0.99860859
1277670806 0.0000000 0.99902022 0.99801844
1278097892 0.0000000 0.99955070 0.99906719
1278515743 0.0000000 0.99708682 0.99414879
1278618217 0.0000000 0.99877757 0.99741137
1278636079 0.0000000 0.99927986 0.99855632
1279357457 0.0000000 0.99931633 0.99860060
1279458204 0.0000000 0.99915183 0.99830455
1280029930 0.0000000 0.99951327 0.99898529
1280553485 0.0000000 0.99848008 0.99694240
1280563997 0.0000000 0.99891645 0.99760681
1280587745 0.0000000 0.99921370 0.99841434
1281476617 0.0000000 0.99886692 0.99768633
1282408680 0.0000000 0.99924332 0.99848127
1282415961 0.0000000 0.99911493 0.99820060
1282416480 0.0000000 0.99908549 0.99816442
1283157909 0.0000000 0.99917573 0.99834818
1283540817 0.0000000 0.99895531 0.99789894
1284039008 0.0000000 0.99914485 0.99827200
1284244867 0.0000000 0.99924797 0.99848777
1284952628 0.0000000 0.99916226 0.99832410
1285350982 0.0000000 0.99864411 0.99726671
1285695233 0.0000000 0.99925315 0.99850005
1285876560 0.0000000 0.99943501 0.99886030
1286047392 0.0000000 0.99903196 0.99803805
1286198915 0.0000000 0.99916548 0.99832654
1286865806 0.0000000 0.99907970 0.99800420
1287036373 0.0000000 0.99848700 0.99686670
1289221280 0.0000000 0.99931234 0.99854201
1289567329 0.0000000 0.99929988 0.99859643
1289576340 0.0000000 0.99944651 0.99887007
1290342705 0.0000000 0.99931163 0.99857843
1290784424 0.0000000 0.99922591 0.99845415
1290799240 0.0000000 0.99936140 0.99868852
1291601652 0.0000000 0.99937832 0.99871010
1291689974 0.0000000 0.99932456 0.99858445
1291927327 0.0000000 0.99488598 0.98950779
1292000461 0.0000000 0.98395842 0.96670657
1294804388 0.0000000 0.99934369 0.99867606
1296507195 0.0000000 0.99925566 0.99849200
1296548191 0.0000000 0.99912643 0.99824220
1297058102 0.0000000 0.99885350 0.99767315
1297342916 0.0000000 0.99927527 0.99852902
1297754297 0.0000000 0.99929851 0.99857199
1298970247 0.0000000 0.99771380 0.99540997
1299845150 0.0000000 0.99766850 0.99520516
1300123317 0.0000000 0.99860781 0.99716014
1300281136 0.0000000 0.99890935 0.99779838
1300608051 0.0000000 0.99896699 0.99791604
1301123952 0.0000000 0.99791902 0.99579912
1301458951 0.0000000 0.99891144 0.99772030
1301964194 0.0000000 0.99840403 0.99669480
1302916270 0.0000000 0.99810290 0.99620587
1302961193 0.0000000 0.99833530 0.99666327
1303685617 0.0000000 0.99773866 0.99533254
1304080155 0.0000000 0.99892366 0.99782175
1304082768 0.0000000 0.99910218 0.99817932
1304152538 0.0000000 0.99890417 0.99779326
1304437954 0.0000000 0.99909478 0.99812472
1304717510 0.0000000 0.99865121 0.99720281
1304757333 0.0000000 0.99890459 0.99778384
1306028051 0.0000000 0.99868983 0.99735570
1306098435 0.0000000 0.99922371 0.99840796
1306261925 0.0000000 0.99888909 0.99767429
1307034472 0.0000000 0.99881983 0.99762982
1307669122 0.0000000 0.99861676 0.99716806
1308478735 0.0000000 0.99858660 0.99715251
1309048281 0.0000000 0.99893022 0.99784851
1309094354 0.0000000 0.99929196 0.99851435
1309326569 0.0000000 0.98354524 0.96538121
1309474048 0.0000000 0.99895406 0.99780989
1309601047 0.0000000 0.99813062 0.99625987
1309696244 0.0000000 0.99846631 0.99686134
1309953539 0.0000000 0.99903405 0.99799567
1310469430 0.0000000 0.99876744 0.99751228
1310541580 0.0000000 0.99836284 0.99671328
1310928323 0.0000000 0.99864405 0.99727339
1311000534 0.0000000 0.99853516 0.99699867
1311084070 0.0000000 0.99861538 0.99722075
1311142337 0.0000000 0.99892420 0.99783915
1311692424 0.0000000 0.99220490 0.98426843
1313100452 0.0000000 0.99883240 0.99765128
1314264913 0.0000000 0.99904567 0.99800766
1314789752 0.0000000 0.99892074 0.99777335
1315538819 0.0000000 0.99861193 0.99718654
1315635988 0.0000000 0.99538881 0.99069858
1315804512 0.0000000 0.99911726 0.99822557
1316643513 0.0000000 0.99909741 0.99818045
1316653258 0.0000000 0.99894339 0.99774772
1317835272 0.0000000 0.82223332 0.50398993
1318175665 0.0000000 0.99888945 0.99761778
1318478724 0.0000000 0.99844635 0.99687660
1319945023 0.0000000 0.99895340 0.99781454
1320074224 0.0000000 0.99826998 0.99651712
1320721143 0.0000000 0.99847859 0.99695754
1321061921 0.0000000 0.99842834 0.99682456
1322787324 0.0000000 0.99907351 0.99814695
1323861170 0.0000000 0.99865299 0.99725175
1323909341 0.0000000 0.99910957 0.99820000
1324582798 0.0000000 0.99878180 0.99755728
1325660397 0.0000000 0.99873102 0.99743468
1326181267 0.0000000 0.99836451 0.99670798
1326728445 0.0000000 0.99511528 0.99003083
1327107001 0.0000000 0.99876136 0.99751776
1327480583 0.0000000 0.99861312 0.99718744
1327824459 0.0000000 0.99870086 0.99733865
1328324062 0.0000000 0.99866104 0.99724299
1328459111 0.0000000 0.99831468 0.99658400
1330223700 0.0000000 0.99912637 0.99822962
1330883534 0.0000000 0.99854505 0.99703157
1332071890 0.0000000 0.99879098 0.99753869
1332086295 0.0000000 0.99604082 0.99199891
1332373478 0.0000000 0.99919289 0.99827492
1333258441 0.0000000 0.99886262 0.99761468
1333828758 0.0000000 0.99902755 0.99796063
1333921411 0.0000000 0.99842858 0.99682403
1334227165 0.0000000 0.99887300 0.99759042
1334800688 0.0000000 0.99901557 0.99802750
1335409258 0.0000000 0.96571690 0.92712873
1335538115 0.0000000 0.99901831 0.99788463
1338362741 0.0000000 0.99870086 0.99735355
1338842309 0.0000000 0.99903888 0.99807918
1338890190 0.0000000 0.99857855 0.99705219
1338944914 0.0000000 0.99915063 0.99830043
1338944979 0.0000000 0.99922889 0.99844867
1338945045 0.0000000 0.99859214 0.99699128
1339216879 0.0000000 0.99896175 0.99791813
1339275618 0.0000000 0.99880421 0.99752378
1339278860 0.0000000 0.99908012 0.99806952
1339309409 0.0000000 0.99894637 0.99778903
1339575740 0.0000000 0.99830931 0.99643016
1339598466 0.0000000 0.99844158 0.99676508
1339646879 0.0000000 0.99896961 0.99791598
1339690513 0.0000000 0.99909335 0.99817479
1339702255 0.0000000 0.99882346 0.99763638
1339923712 0.0000000 0.99816734 0.99631166
1341299876 0.0000000 0.99848258 0.99694657
1341924177 0.0000000 0.99842101 0.99672866
1342405200 0.0000000 0.99749690 0.99484509
1344277570 0.0000000 0.99767661 0.99531227
1344910008 0.0000000 0.99878752 0.99754924
1344941743 0.0000000 0.99912769 0.99801767
1345138860 0.0000000 0.99902683 0.99761832
1345234802 0.0000000 0.99907869 0.99815369
1346380382 0.0000000 0.92439204 0.82677233
1346415099 0.0000000 0.99826056 0.99647397
1346415834 0.0000000 0.99840313 0.99671364
1346788818 0.0000000 0.99876207 0.99743819
1346816730 0.0000000 0.99875873 0.99751788
1348523853 0.0000000 0.99876779 0.99739009
1350722979 0.0000000 0.99870509 0.99738848
1350800865 0.0000000 0.99580795 0.99155551
1351161077 0.0000000 0.99917614 0.99834776
1352122829 0.0000000 0.99869967 0.99737257
1352554787 0.0000000 0.99227977 0.98385280
1353431341 0.0000000 0.99917918 0.99833912
1353536726 0.0000000 0.99866241 0.99726892
1354158772 0.0000000 0.99879825 0.99750608
1354470336 0.0000000 0.99877316 0.99752408
1354477411 0.0000000 0.99884212 0.99756557
1354976814 0.0000000 0.99879760 0.99759507
1355221924 0.0000000 0.99891442 0.99772882
1356243184 0.0000000 0.99866480 0.99721891
1356319072 0.0000000 0.99890333 0.99779230
1356487597 0.0000000 0.99875927 0.99750841
1356883405 0.0000000 0.99915493 0.99828190
1357128106 0.0000000 0.99930006 0.99856722
1357236484 0.0000000 0.99898404 0.99788374
1357270197 0.0000000 0.99868393 0.99732161
1357331931 0.0000000 0.99837536 0.99672759
1357541346 0.0000000 0.99885070 0.99765402
1357994057 0.0000000 0.99878341 0.99754161
1358411441 0.0000000 0.99867779 0.99726743
1358708986 0.0000000 0.99919569 0.99839014
1359776392 0.0000000 0.99879509 0.99757785
1361064727 0.0000000 0.99826854 0.99638140
1361239965 0.0000000 0.99879968 0.99754101
1361256759 0.0000000 0.99884921 0.99767780
1361373628 0.0000000 0.99830049 0.99658293
1361471757 0.0000000 0.99862164 0.99713153
1361665659 0.0000000 0.99887872 0.99774116
1362386544 0.0000000 0.99868757 0.99736893
1362609444 0.0000000 0.99882102 0.99751413
1362627405 0.0000000 0.99913192 0.99822277
1362643640 0.0000000 0.99877143 0.99751717
1363079024 0.0000000 0.99909836 0.99817711
1363764120 0.0000000 0.99865824 0.99730861
1364349799 0.0000000 0.93372142 0.87045610
1364349845 0.0000000 0.97463417 0.94989163
1364355002 0.0000000 0.99960762 0.99910879
1364690983 0.0000000 0.99708354 0.99412918
1365625224 0.0000000 0.99873549 0.99747443
1366061297 0.0000000 0.95921916 0.91184586
1366432589 0.0000000 0.99885273 0.99770308
1366513671 0.0000000 0.99904346 0.99801105
1369110346 0.0000000 0.99852109 0.99684560
1369124755 0.0000000 0.99915165 0.99829262
1369791239 0.0000000 0.99877042 0.99744016
1369883683 0.0000000 0.99899340 0.99778521
1370118743 0.0000000 0.99865943 0.99730867
1370151783 0.0000000 0.99825650 0.99648339
1370623082 0.0000000 0.99872673 0.99737793
1372241957 0.0000000 0.99844378 0.99687421
1372463510 0.0000000 0.99734521 0.99461234
1373829868 0.0000000 0.99924052 0.99845827
1373895699 0.0000000 0.99886560 0.99772114
1373969495 0.0000000 0.99827123 0.99637944
1376837821 183.05000 0.10588168 1.40434504E-03
1377205321 39.400002 0.10614111 8.27497244E-03
1377355603 108.40000 0.12804168 8.58962536E-04
1377407246 116.25000 0.10778529 4.42367792E-03
1378247005 -77.650002 0.12373684 3.36617231E-03
1378467231 -48.850002 9.77581814E-02 1.52689219E-03
1379475197 238.35001 0.17016114 2.34979391E-03
1380542719 217.50000 0.11872084 6.02662563E-04
1381466759 234.15001 0.10059731 1.85519457E-03
1381684855 77.150002 9.11166891E-02 1.93685293E-03
1382170436 7.9000001 7.43573681E-02 -8.51511955E-04
1382919848 109.40000 9.09126922E-02 2.53409147E-03
1383069011 16.350000 0.11435824 7.11667538E-03
1383085061 22.850000 5.57068996E-02 2.21270323E-03
1383220929 216.00000 0.12243340 1.33514404E-05
1383227120 174.15001 0.10898855 1.19477510E-03
1383227831 261.89999 0.18910123 1.39957666E-03
1383234448 117.50000 0.11993727 3.23057175E-04
1383263545 45.350002 6.66199028E-02 8.70525837E-04
1383450194 248.55000 0.10163286 1.93327665E-03
1383519374 249.20000 0.10128944 3.58998775E-04
1383809110 201.60001 7.53463283E-02 1.17057562E-03
1383809501 29.550001 7.67439827E-02 1.39927864E-03
1383989687 -19.050001 0.12748362 4.52297926E-03
1384145710 29.150000 8.90826657E-02 5.85317612E-04
1384544358 70.349998 0.12309314 4.35531139E-04
1385019362 116.45000 0.10656738 2.51054764E-04
1386347977 -16.850000 0.14032556 1.84130669E-02
1386357780 33.350002 0.12688856 2.00039148E-03
1387916955 207.45000 8.80502835E-02 4.25148010E-03
1389034180 125.55000 0.11200649 8.98063183E-04
1389204911 -28.150000 0.13717212 3.64124775E-04
1389717867 283.35001 4.45865802E-02 0.0000000
1389724692 182.95000 0.18309990 5.20348549E-04
1389729005 62.900002 0.20379327 1.25837326E-03
1389740803 37.150002 0.11447798 2.75444984E-03
1389904819 205.15001 4.42693830E-02 1.08546019E-03
1390517490 -30.600000 6.98570237E-02 6.21318817E-04
1390619771 163.95000 0.11460006 7.27117062E-04
1391790286 204.25000 7.64859989E-02 1.92689896E-03
1393014317 211.85001 0.10138204 1.56223774E-04
1393065064 48.000000 0.11577132 2.72357464E-03
1393759985 120.60000 7.56977201E-02 3.27068567E-03
1393791078 -11.800000 0.10460735 8.31961632E-04
1394913876 216.05000 0.18488748 1.32262707E-03
1395061976 54.799999 0.22245850 2.93254852E-04
1395231566 -35.950001 0.11497249 1.81496143E-04
1397097485 -54.500000 8.51834491E-02 1.53255463E-03
1397746253 63.100002 0.13201307 2.53379345E-03
1398443585 192.90001 8.20287243E-02 7.55906105E-04
1399207416 13.650001 8.91837105E-02 3.44991684E-04
1399278483 132.20000 0.12741728 5.46854734E-03
1399745740 0.0000000 0.99816203 0.99629360
1399746271 0.0000000 0.99850655 0.99700522
1400631673 0.0000000 0.99894744 0.99775004
1401021673 0.0000000 0.99914008 0.99823183
1401296286 0.0000000 0.99762940 0.99498260
1402085900 0.0000000 0.99768776 0.99522293
1402313583 0.0000000 0.99820554 0.99626046
1402624068 0.0000000 0.99042076 0.98070252
1402784563 0.0000000 0.99883538 0.99746269
1403034553 0.0000000 0.99880874 0.99754924
1403317269 0.0000000 0.99880534 0.99757731
1403439974 0.0000000 0.99893194 0.99782181
1404774365 0.0000000 0.99859190 0.99713933
1404925818 0.0000000 0.99819326 0.99634397
1405577514 0.0000000 0.99907690 0.99809754
1407296767 0.0000000 0.99890095 0.99758548
1407544588 0.0000000 0.93040591 0.84123421
1408047770 0.0000000 0.99815130 0.99622965
1410046387 0.0000000 0.99858862 0.99704617
1410325949 0.0000000 0.99817085 0.99627388
1410382444 0.0000000 0.99729729 0.99457061
1411247643 0.0000000 0.99877256 0.99751145
1411641303 0.0000000 0.99906212 0.99812132
1412009058 0.0000000 0.99160284 0.98284656
1412705290 0.0000000 0.99856329 0.99701840
1413207959 0.0000000 0.92800212 0.83269751
1414298821 0.0000000 0.99841863 0.99655402
1416419181 0.0000000 0.99842995 0.99671859
1416419227 0.0000000 0.99859411 0.99716973
1416540553 0.0000000 0.99893963 0.99782664
1417557685 0.0000000 0.99836153 0.99668229
1417655668 0.0000000 0.99795115 0.99557537
1418245419 0.0000000 0.99844778 0.99687862
1418533563 0.0000000 0.99867302 0.99705768
1419682925 0.0000000 0.99820858 0.99638510
1419947441 0.0000000 0.99516547 0.99034363
1419995164 0.0000000 0.99876517 0.99750537
1420012476 0.0000000 0.99847907 0.99695456
1420437226 0.0000000 0.99927646 0.99846667
1420606112 0.0000000 0.99812818 0.99593204
1420742654 0.0000000 0.98062193 0.96038938
1421435535 0.0000000 0.99872178 0.99743831
1421639313 0.0000000 0.99848080 0.99695277
1422083726 0.0000000 0.99865562 0.99729383
1422374758 0.0000000 0.99565965 0.99122810
1422958210 0.0000000 0.99682629 0.99345022
1423037687 0.0000000 0.99902976 0.99802268
1423603888 0.0000000 0.68373084 -0.16545665
1423726535 0.0000000 0.99880707 0.99670273
1423857991 0.0000000 0.99920988 0.99836558
1424969403 0.0000000 0.99875098 0.99748147
1426114954 0.0000000 0.99630368 0.99257427
1426344314 0.0000000 0.99755299 0.99508119
1426852891 0.0000000 0.99181336 0.98322529
1427105631 0.0000000 0.99911457 0.99822778
1427483378 0.0000000 0.99623191 0.99212056
1428208678 0.0000000 0.99743670 0.99441808
1428320250 0.0000000 0.99904239 0.99806714
1428945237 0.0000000 0.99914229 0.99802113
1429127316 0.0000000 0.99537039 0.99045604
1429494176 0.0000000 0.99813867 0.99627131
1429494550 0.0000000 0.99823064 0.99639755
1429528847 0.0000000 0.99894440 0.99764311
1429530313 0.0000000 0.99804783 0.99585962
1429531199 0.0000000 0.99839640 0.99667299
1429992097 0.0000000 0.99881464 0.99762666
1430658547 0.0000000 0.99830729 0.99655575
1431333501 0.0000000 0.99840593 0.99647337
1431387795 0.0000000 0.99854660 0.99671388
1431628549 0.0000000 0.99493861 0.98926944
1432588969 0.0000000 0.99863386 0.99709147
1432601816 0.0000000 0.99814194 0.99621034
1432799863 0.0000000 0.99690670 0.99378753
1434467768 0.0000000 0.99815941 0.99579787
1434867330 0.0000000 0.99753708 0.99505621
1435335400 0.0000000 0.98003340 0.95868748
1438066750 0.0000000 0.99830747 0.99645007
1438936857 0.0000000 0.99467009 0.98932576
1439209234 0.0000000 0.27718380 -13.336810
1439418087 0.0000000 0.71688020 2.44931579E-02
1439474882 0.0000000 0.99813545 0.99624389
1439699200 0.0000000 0.80537641 0.44698906
1441113885 0.0000000 0.99874532 0.99702990
1441128847 0.0000000 0.99820733 0.99621373
1441160293 0.0000000 0.99400723 0.98759896
1441898607 0.0000000 0.99774843 0.99477929
1442339782 0.0000000 0.99795771 0.99520850
1442345855 0.0000000 0.99824119 0.99631411
1442345878 0.0000000 0.99870342 0.99740529
1442408939 0.0000000 0.99809480 0.99571186
1442410226 0.0000000 0.99582994 0.99099314
1442413798 0.0000000 0.99634349 0.99267930
1443074281 0.0000000 0.98635226 0.97164470
1443555465 0.0000000 0.99861312 0.99673826
1444648487 0.0000000 0.99786675 0.99563974
1444736944 0.0000000 0.99886858 0.99753475
1444953165 0.0000000 0.99814981 0.99606937
1444953267 0.0000000 0.99790096 0.99558985
1445014914 0.0000000 0.99541640 0.99035847
1445221055 0.0000000 0.99821121 0.99620938
1445233331 0.0000000 0.99654931 0.99230003
1445239215 0.0000000 0.99498409 0.98894328
1446412182 0.0000000 0.99756587 0.99498886
1446412281 0.0000000 0.90491086 0.77326536
1446509184 0.0000000 0.99856478 0.99680835
1446509190 0.0000000 0.99856436 0.99680811
1446714386 0.0000000 0.99863935 0.99716926
1447167192 0.0000000 0.99848443 0.99690366
1447255999 0.0000000 0.99856359 0.99712068
1447277516 0.0000000 0.99820787 0.99637353
1448316095 0.0000000 0.95078456 0.89157403
1448671943 0.0000000 0.99818891 0.99615276
1449033717 0.0000000 0.99920201 0.99836165
1449035580 0.0000000 0.99904859 0.99807924
1449153073 0.0000000 0.99906242 0.99804926
1449935242 0.0000000 0.99882913 0.99759024
1450510821 0.0000000 0.95372301 0.89878756
1450536811 0.0000000 0.98810095 0.97556537
1450992022 0.0000000 0.99940246 0.99867004
1451199638 0.0000000 0.99816525 0.99631387
1451327726 0.0000000 0.99750221 0.99495792
1451523194 0.0000000 0.97172511 0.94014388
1451829690 0.0000000 0.99859512 0.99711156
1451928000 0.0000000 0.97314972 0.94294387
1452487977 0.0000000 0.99854559 0.99707764
1453169606 0.0000000 0.99864829 0.99725115
1453824336 0.0000000 0.98814011 0.97563756
1454422761 0.0000000 0.99896169 0.99791849
1454702246 0.0000000 0.99900019 0.99779403
1454702308 0.0000000 0.99899197 0.99754506
1454702406 0.0000000 0.99859381 0.99708062
1454702512 0.0000000 0.99836254 0.99651426
1454978820 0.0000000 0.99872905 0.99741006
1455590759 0.0000000 0.99926215 0.99844187
1455595494 0.0000000 0.99929339 0.99847066
1455757779 0.0000000 0.99953604 0.99890202
1455758311 0.0000000 0.99951094 0.99889094
1456215987 0.0000000 0.99866652 0.99731541
1456541993 0.0000000 0.99827909 0.99648368
1457201466 0.0000000 0.99904525 0.99799955
1457276938 0.0000000 0.99707532 0.99385428
1459152479 0.0000000 0.99854988 0.99676746
1459502085 0.0000000 0.99351585 0.98674184
1459988008 0.0000000 0.95183069 0.89553720
1460294506 0.0000000 0.99693727 0.99385756
1460353509 0.0000000 0.99924082 0.99815130
1460804146 0.0000000 0.99874383 0.99722773
1461082597 0.0000000 0.99712205 0.99403661
1461607991 0.0000000 0.99565625 0.99124634
1461770234 0.0000000 0.99863368 0.99697602
1461770257 0.0000000 0.99873585 0.99727452
1461770858 0.0000000 0.99894744 0.99783629
1461781146 0.0000000 0.99907547 0.99803489
1461806086 0.0000000 0.99781311 0.99516058
1462056417 0.0000000 0.99855661 0.99693477
1462199340 0.0000000 0.99891037 0.99769151
1462521203 0.0000000 0.99867427 0.99727786
1462632669 0.0000000 0.99853796 0.99691182
1462675593 0.0000000 0.99900234 0.99762005
1463023035 0.0000000 0.99858457 0.99671268
1463023251 0.0000000 0.99728721 0.99422693
1463023282 0.0000000 0.99706817 0.99380594
1463027395 0.0000000 0.99844754 0.99584931
1463127852 0.0000000 0.99876726 0.99731308
1463195522 0.0000000 0.99905866 0.99786353
1463196768 0.0000000 0.99875832 0.99723965
1463530965 0.0000000 0.99914694 0.99810642
1463863900 0.0000000 0.99863672 0.99709761
1463882779 0.0000000 0.99870825 0.99725246
1464184475 0.0000000 0.99093360 0.98114556
1464544116 0.0000000 0.99892324 0.99773562
1464576767 0.0000000 0.99835140 0.99622184
1464630651 0.0000000 0.99839157 0.99658740
1464672226 0.0000000 0.99887127 0.99715674
1466204142 0.0000000 0.99825233 0.99641448
1466383187 0.0000000 0.99891561 0.99736035
1466409210 0.0000000 0.99836564 0.99648511
1466715930 0.0000000 0.99889904 0.99776751
1467361422 0.0000000 0.99852967 0.99687785
1469019333 0.0000000 0.99858177 0.99715745
1469592155 0.0000000 0.99870729 0.99636048
1471008941 0.0000000 0.99610281 0.99197268
1471908408 0.0000000 0.99874771 0.99736851
1472660934 0.0000000 0.99864823 0.99710327
1473440050 0.0000000 0.99746233 0.99486554
1475055492 0.0000000 0.99766886 0.99510479
1475769120 0.0000000 0.99868000 0.99734133
1477370752 0.0000000 0.99594522 0.99163932
1478519786 0.0000000 0.99894387 0.99786991
1478903131 0.0000000 0.99898815 0.99787319
1480024554 0.0000000 0.99863958 0.99714887
1480377579 0.0000000 0.99748850 0.99469346
1480507474 0.0000000 0.99904966 0.99806601
1481256588 0.0000000 0.99805087 0.99571830
1481811269 0.0000000 0.99885452 0.99766296
1483057851 0.0000000 0.99886787 0.99728769
1483513641 0.0000000 0.99881387 0.99752229
1484155863 0.0000000 0.99802107 0.99582314
1484797338 0.0000000 0.98862582 0.97605288
1484900187 0.0000000 0.99804580 0.99599522
1485329586 0.0000000 0.99807829 0.99589926
1486746772 0.0000000 0.99895084 0.99788648
1487420859 0.0000000 0.99753720 0.99490398
1487652197 0.0000000 0.99125791 0.98149157
1488212310 0.0000000 0.99846256 0.99680197
1488924651 0.0000000 0.99860495 0.99712145
1489967289 0.0000000 0.99809641 0.99602717
1490066029 0.0000000 0.90206301 0.76939803
1490805242 0.0000000 0.99508864 0.98992860
1492112471 0.0000000 0.99494290 0.98983461
1492367656 0.0000000 0.99844778 0.99665040
1493517442 0.0000000 0.99802870 0.99592388
1493960850 0.0000000 0.99750537 0.99490070
1493986611 0.0000000 0.73758119 0.18423647
1494889974 0.0000000 0.99803990 0.99603665
1494932580 0.0000000 0.99519432 0.99012470
1495631454 0.0000000 0.99795687 0.99562329
1495691291 0.0000000 0.99799711 0.99572092
1495956669 0.0000000 0.99524063 0.99038368
1495999757 0.0000000 0.99622804 0.99224573
1496582686 0.0000000 0.99786878 0.99556291
1497967350 0.0000000 0.75442415 0.23111653
1498029939 0.0000000 0.99791247 0.99302214
1500318986 0.0000000 0.99784100 0.99538577
1501139292 0.0000000 0.99484217 0.98937708
1501845585 0.0000000 0.99793684 0.99561805
1502294736 0.0000000 0.99761331 0.99490255
1502416734 0.0000000 0.99817282 0.99630082
1502582915 0.0000000 0.99736464 0.99459457
1504364658 0.0000000 0.99706745 0.99408865
1505096741 0.0000000 0.99612331 0.99203730
1505687994 0.0000000 0.99800712 0.99569553
1505917796 0.0000000 0.99689311 0.99364960
1506232185 0.0000000 0.99696773 0.99387950
1506549399 0.0000000 0.99423897 0.98839450
1507505391 0.0000000 0.99678934 0.99343926
1507747520 0.0000000 0.99607402 0.99200982
1508582157 0.0000000 0.99579090 0.99160004
1509318944 0.0000000 0.99749285 0.99485308
1509677295 0.0000000 0.99849731 0.99680668
1509677339 0.0000000 0.99851739 0.99684858
1509752088 0.0000000 0.99778295 0.99545729
1510398879 0.0000000 0.99716753 0.99407214
1510402973 0.0000000 0.99780166 0.99527580
1510440860 0.0000000 0.99768966 0.99521798
1510947032 0.0000000 0.99641222 0.99250698
1511360409 0.0000000 0.99816132 0.99631906
1511470532 0.0000000 0.99831122 0.99636942
1512230735 0.0000000 0.99443442 0.98888648
1512377977 0.0000000 0.99657673 0.99308562
1512704669 0.0000000 0.99745488 0.99488389
1513120660 0.0000000 0.99720758 0.99433619
1516168751 0.0000000 0.99761438 0.99522340
1516984288 0.0000000 0.99766368 0.99523151
1517686257 0.0000000 0.99761426 0.99521524
1517749972 0.0000000 0.99735308 0.99467075
1517752600 0.0000000 0.99772584 0.99540335
1517752662 0.0000000 0.99784434 0.99557823
1517753127 0.0000000 0.99741405 0.99448001
1517753452 0.0000000 0.99794167 0.99581164
1517753522 0.0000000 0.99795496 0.99584049
1517753592 0.0000000 0.99793226 0.99579102
1517753815 0.0000000 0.99758464 0.99492586
1517758427 0.0000000 0.99771523 0.99515080
1517763262 0.0000000 0.99740380 0.99476236
1517821602 0.0000000 0.99653113 0.99305516
1517823894 0.0000000 0.99781013 0.99554473
1517846321 0.0000000 0.99754876 0.99503571
1517852233 0.0000000 0.99757236 0.99477130
1517893754 0.0000000 0.99748230 0.99490666
1517906208 0.0000000 0.99780369 0.99559605
1517932241 0.0000000 0.99547601 0.99079776
1517932280 0.0000000 0.99778336 0.99554056
1517932282 0.0000000 0.99752629 0.99503225
1517932427 0.0000000 0.99712586 0.99415362
1517932434 0.0000000 0.99712110 0.99414080
1517932492 0.0000000 0.99686152 0.99370027
1517933877 0.0000000 0.99706072 0.99408609
1517940013 0.0000000 0.99735111 0.99465460
1517940459 0.0000000 0.99749696 0.99448568
1517944528 0.0000000 0.99784255 0.99533767
1517945796 0.0000000 0.99794006 0.99558067
1517950582 0.0000000 0.99784994 0.99547422
1517958702 0.0000000 0.99750340 0.99496657
1517960631 0.0000000 0.99758214 0.99486738
1517969882 0.0000000 0.99711192 0.99398792
1517974578 0.0000000 0.99816304 0.99626219
1517998787 0.0000000 0.99722362 0.99422461
1518001985 0.0000000 0.99780136 0.99524713
1518008800 0.0000000 0.99770629 0.99540120
1518008880 0.0000000 0.99741960 0.99480236
1518013159 0.0000000 0.99747658 0.99454367
1518016890 0.0000000 0.99720728 0.99426776
1518016916 0.0000000 0.99742281 0.99434471
1518051257 0.0000000 0.99712783 0.99415326
1518059164 0.0000000 0.99751145 0.99498647
1518142443 0.0000000 0.99801314 0.99574202
1518201789 0.0000000 0.99739844 0.99429709
1518248929 0.0000000 0.99798888 0.99595565
1518858396 0.0000000 0.99501485 0.98994261
1518981709 0.0000000 0.99848872 0.99694264
1519051621 0.0000000 0.99802250 0.99603641
1519254641 0.0000000 0.99840325 0.99675792
1519583320 0.0000000 0.99763829 0.99493915
1519962147 0.0000000 0.99804580 0.99604177
1520098551 0.0000000 0.99781209 0.99559635
1520329330 0.0000000 0.99775678 0.99549955
1521024527 0.0000000 0.99774462 0.99541378
1521537776 0.0000000 0.99823076 0.99603176
1521728871 0.0000000 0.99769193 0.99529004
1522232997 0.0000000 0.99768931 0.99535501
1522282670 0.0000000 0.99764323 0.99510729
1522598524 0.0000000 0.99814481 0.99583596
1523432369 0.0000000 0.99609476 0.99211937
1523886539 0.0000000 0.99810863 0.99618071
1524201906 0.0000000 0.99633622 0.99224699
1524248877 0.0000000 0.99580771 0.99139917
1524308214 0.0000000 0.99761999 0.99515754
1524503432 0.0000000 0.99753773 0.99507278
1524721460 0.0000000 0.99668700 0.99312860
1524721601 0.0000000 0.99383563 0.98723376
1524808553 0.0000000 0.99674636 0.99341792
1525218424 0.0000000 0.99669844 0.99339992
1526098666 0.0000000 0.99786997 0.99572128
1527728598 0.0000000 0.99813831 0.99624413
1527904870 0.0000000 0.99844277 0.99627727
1528731725 0.0000000 0.99856734 0.99711108
1528750347 0.0000000 0.99864191 0.99727118
1528856173 0.0000000 0.97647560 0.95018792
1529096035 0.0000000 0.99764264 0.99527341
1529334375 0.0000000 0.99632061 0.99263674
1529522338 0.0000000 0.99711454 0.99413919
1530516370 0.0000000 0.99757594 0.99493039
1530516385 0.0000000 0.99757648 0.99492723
1530609654 0.0000000 0.99825495 0.99648845
1531312909 0.0000000 0.99776131 0.99544817
1531507119 0.0000000 0.99857306 0.99674922
1532050755 0.0000000 0.99700189 0.99377006
1533217098 0.0000000 0.99801135 0.99591333
1533504622 0.0000000 0.99604523 0.99207252
1533801692 0.0000000 0.99116451 0.98155141
1534500582 0.0000000 0.99904197 0.99792665
1534551317 0.0000000 0.99692863 0.99381840
1535572403 0.0000000 0.99630374 0.99230874
1535660064 0.0000000 0.99651390 0.99297184
1536498994 0.0000000 0.99700415 0.99356246
1536641006 0.0000000 0.99726528 0.99429870
1536700815 0.0000000 0.99672931 0.99330366
1538633849 0.0000000 0.97823608 0.95431530
1538766649 0.0000000 0.94272119 0.86942720
1539072778 0.0000000 0.99780321 0.99559480
1539164591 0.0000000 0.99716270 0.99398464
1540269298 0.0000000 0.99681753 0.99205106
1540310644 0.0000000 0.99727458 0.99454832
1541624711 0.0000000 0.99822700 0.99645120
1541712486 0.0000000 0.99472910 0.98930657
1542328459 0.0000000 0.99728507 0.99453849
1542608341 0.0000000 0.99741864 0.99478137
1542638415 0.0000000 0.99743354 0.99440688
1542645094 0.0000000 0.99736041 0.99442410
1543190243 0.0000000 0.99680942 0.99357301
1543191316 0.0000000 0.99211150 0.98402131
1543236658 0.0000000 0.99589819 0.99166173
1543238642 0.0000000 0.99004155 0.97943562
1543314575 0.0000000 0.99646980 0.99279439
1544368541 0.0000000 0.99779749 0.99516773
1544439487 0.0000000 0.99733144 0.99464089
1544621063 0.0000000 0.99807459 0.99608988
1544908865 0.0000000 0.99833381 0.99665850
1545710204 0.0000000 0.99695867 0.99388343
1546538568 0.0000000 0.99801600 0.99596369
1546949806 0.0000000 0.99807376 0.99605447
1548127166 0.0000000 0.99678683 0.99340445
1548825695 0.0000000 0.99737573 0.99473375
1548861293 0.0000000 0.99790680 0.99557632
1549366351 0.0000000 0.99707091 0.99402827
1549558324 0.0000000 0.99798334 0.99567133
1550239687 0.0000000 0.99803567 0.99580693
1551558867 0.0000000 0.92635345 0.83399010
1552012334 0.0000000 0.99756795 0.99508727
1552127531 0.0000000 0.97715074 0.95169318
1552421955 0.0000000 0.99770081 0.99536479
1552451554 0.0000000 0.99729156 0.99430048
1552511242 0.0000000 0.99823451 0.99633890
1552697151 0.0000000 0.99646288 0.99278402
1552968094 0.0000000 0.99683583 0.99366015
1553256348 0.0000000 0.99715221 0.99430650
1553414210 0.0000000 0.99679732 0.99345398
1554087275 0.0000000 0.99776655 0.99536997
1554172029 0.0000000 0.98109055 0.96025777
1554256375 0.0000000 0.99936032 0.99824399
1554343015 0.0000000 0.99855769 0.99655163
1554382610 0.0000000 0.99768406 0.99521434
1554499495 0.0000000 0.99734157 0.99445224
1554706689 0.0000000 0.99728006 0.99450368
1554822801 0.0000000 0.99780160 0.99550277
1554841453 0.0000000 0.99723583 0.99424547
1554850672 0.0000000 0.99820507 0.99640942
1555563667 0.0000000 0.96923494 0.93010920
1556793883 0.0000000 0.99800920 0.99588645
1556970683 0.0000000 0.99080163 0.98099285
1557330527 0.0000000 0.99531204 0.99031669
1557737721 0.0000000 0.99732196 0.99456292
1558197514 0.0000000 0.99741226 0.99481088
1558379328 0.0000000 0.99249971 0.98407292
1558489044 0.0000000 0.99792951 0.99585158
1558591969 0.0000000 0.99665689 0.99331087
1559317998 0.0000000 0.99813652 0.99624020
1559641578 0.0000000 0.99859732 0.99715745
1559762840 0.0000000 0.99757457 0.99501610
1560870606 0.0000000 0.95142359 0.89185792
1561237205 0.0000000 0.99620110 0.99216437
1561242160 0.0000000 0.99614406 0.99218816
1561825206 0.0000000 0.99676907 0.99347401
1561837452 0.0000000 0.99843431 0.99682993
1562610935 0.0000000 0.99633986 0.99261308
1562880116 0.0000000 0.99789661 0.99571484
1563275550 0.0000000 0.99699903 0.99383140
1563531230 0.0000000 0.99737263 0.99473584
1563768365 0.0000000 0.97630405 0.95034415
1563850922 0.0000000 0.99455327 0.98906213
1564123196 0.0000000 0.99761128 0.99519873
1564190683 0.0000000 0.99797589 0.99595660
1564649429 0.0000000 0.99352127 0.98654199
1564753988 0.0000000 0.99684036 0.99337000
1564784683 0.0000000 0.99765396 0.99531239
1565054388 0.0000000 0.99662942 0.99326742
1565055090 0.0000000 0.99764174 0.99519694
1565213283 0.0000000 0.99771589 0.99493438
1565218942 0.0000000 0.99845219 0.99683475
1565905300 0.0000000 0.99737978 0.99427724
1566053525 0.0000000 0.99791878 0.99581105
1566053530 0.0000000 0.99791944 0.99581158
1566074882 0.0000000 0.99587756 0.99152738
1566101114 0.0000000 0.99798077 0.99594718
1566598377 0.0000000 0.90477914 0.77518302
1566648618 0.0000000 0.99532890 0.99025315
1567237819 0.0000000 0.99698544 0.99396360
1567471650 0.0000000 0.99726003 0.99389935
1567604000 0.0000000 0.99574786 0.99141401
1567917359 0.0000000 0.99728280 0.99418312
1568005668 0.0000000 0.99573767 0.99106812
1568095682 0.0000000 0.99781269 0.99558282
1569863578 0.0000000 0.99698585 0.99385071
1570468626 0.0000000 0.99721688 0.99434954
1571312673 0.0000000 0.99753898 0.99494076
1571861758 0.0000000 0.98271364 0.96452701
1572218883 0.0000000 0.99724066 0.99447381
1573491297 0.0000000 0.97960770 0.95693743
1573495893 0.0000000 0.99644077 0.99265903
1574645562 0.0000000 0.99780804 0.99560767
1575564604 0.0000000 0.93008387 0.84310251
1575660753 0.0000000 0.99656266 0.99300182
1576495557 0.0000000 0.99794126 0.99572855
1577769501 0.0000000 0.91619956 0.80046773
1577819410 0.0000000 0.99797690 0.99593830
1578293635 0.0000000 0.99755865 0.99458510
1578510402 0.0000000 0.99681759 0.99362624
1579404154 0.0000000 0.99257851 0.98455757
1579703564 0.0000000 0.99620378 0.99228477
1580749376 0.0000000 0.99753368 0.99504495
1581076659 0.0000000 0.99733126 0.99449402
1581616159 0.0000000 0.99801481 0.99579239
1581629921 0.0000000 0.99569720 0.99113148
1581764406 0.0000000 0.99779594 0.99556011
1581764700 0.0000000 0.99763685 0.99507433
1581794413 0.0000000 0.99811196 0.99590570
1582090065 0.0000000 0.99737787 0.99472594
1582113307 0.0000000 0.99872535 0.99699515
1582546233 0.0000000 0.99771720 0.99525166
1582592414 0.0000000 0.99759030 0.99462974
1582629242 0.0000000 0.99756169 0.99493974
1582695255 0.0000000 0.99750191 0.99499542
1584677477 0.0000000 0.99670804 0.99329114
1585787701 0.0000000 0.91586441 0.80260921
1586537097 0.0000000 0.99800402 0.99593693
1586691401 0.0000000 0.99760574 0.99519622
1587481331 0.0000000 0.99735910 0.99446881
1588476280 0.0000000 0.99853629 0.99684680
1589003116 0.0000000 0.99668783 0.99319643
1589548020 -57.299999 0.14201729 -1471571.6
1589756010 0.0000000 0.99753708 0.99462408
1589910785 0.0000000 0.96226043 0.91634959
1590311534 0.0000000 0.90939313 0.78485280
1590359490 0.0000000 0.99684590 0.99354786
1590694463 0.0000000 0.99783283 0.99548376
1590843750 0.0000000 0.99709630 0.99418944
1591494563 0.0000000 0.99655867 0.99298465
1591839506 0.0000000 0.99756402 0.99503821
1591921295 0.0000000 0.99809849 0.99611044
1592079539 0.0000000 0.99792928 0.99583274
1592349420 0.0000000 0.99642211 0.99264324
1593214064 0.0000000 0.99844313 0.99653304
1593241888 0.0000000 0.99728423 0.99412167
1593407313 0.0000000 0.99765372 0.99523765
1593435168 0.0000000 0.99721426 0.99405354
1593519432 0.0000000 0.99604648 0.99175864
1594227272 0.0000000 0.99711859 0.99409908
1594265063 0.0000000 0.99766588 0.99522817
1594267923 0.0000000 0.99730986 0.99450368
1594526768 0.0000000 0.99711078 0.99413711
1594546164 0.0000000 0.92956442 0.84464347
1595767949 0.0000000 0.99783993 0.99567264
1597107665 0.0000000 0.99699640 0.99398202
1597123796 0.0000000 0.97401655 0.94627756
1597187246 0.0000000 0.99546391 0.99062604
1597774608 0.0000000 0.98449326 0.96789140
1597797181 0.0000000 0.99689537 0.99374861
1597806811 0.0000000 0.99799740 0.99596781
1598480108 0.0000000 0.99778557 0.99549121
1598847265 0.0000000 0.97549498 0.95031196
1599036279 0.0000000 0.99754792 0.99486905
1600306672 0.0000000 0.99844992 0.99686509
1600646088 0.0000000 0.99598151 0.99184567
1600833602 0.0000000 0.99757928 0.99508125
1601017581 0.0000000 0.99671513 0.99313438
1601326254 0.0000000 0.99846697 0.99681050
1601342057 0.0000000 0.99744070 0.99477214
1601440640 0.0000000 0.99680364 0.99359620
1601863505 0.0000000 0.99771637 0.99539137
1602517184 0.0000000 0.99710745 0.99375927
1602946993 0.0000000 0.99793804 0.99557769
1602947159 0.0000000 0.99737823 0.99447143
1603087586 0.0000000 0.99322808 0.98638916
1603396062 0.0000000 0.95814806 0.91230285
1603674483 0.0000000 0.99788582 0.99506778
1604358861 0.0000000 0.99773091 0.99545634
1604426346 0.0000000 0.99115777 0.98162085
1604601372 0.0000000 0.99822628 0.99631613
1604626818 0.0000000 0.99771887 0.99481767
1605130406 0.0000000 0.99750948 0.99485487
1605130534 0.0000000 0.99540889 0.99033421
1605266102 0.0000000 0.99018776 0.98009974
1605511152 0.0000000 0.99807656 0.99601233
1605551866 0.0000000 0.99203944 0.98369271
1605557664 0.0000000 0.99478251 0.98920608
1605621503 0.0000000 0.99576938 0.99091905
1605662576 0.0000000 0.99611986 0.99222684
1606582085 0.0000000 0.87212437 0.66299307
1606657334 0.0000000 0.99715644 0.99400574
1607578178 0.0000000 0.99791247 0.99582887
1607606398 0.0000000 0.99743980 0.99441940
1607606851 0.0000000 0.99835384 0.99622488
1607624108 0.0000000 0.99802047 0.99600428
1608317519 0.0000000 0.97755224 0.95304286
1608385359 0.0000000 0.86884677 0.67947429
1609436522 0.0000000 0.99799383 0.99594212
1609594007 0.0000000 0.99752855 0.99493182
1610162996 0.0000000 0.61107355 -0.60125124
1610192153 0.0000000 0.99878752 0.99724460
1610249009 0.0000000 0.99751455 0.99492204
1610838659 0.0000000 0.99819922 0.99632394
1611559538 0.0000000 0.99790275 0.99576366
1611565557 0.0000000 0.99707669 0.99390638
1611574763 0.0000000 0.99718928 0.99418443
1611584686 0.0000000 0.96669722 0.92861509
1611818971 0.0000000 0.99846947 0.99656826
