842984365 0.0000000 0.31894708 -8.4017410
844156464 0.0000000 0.89631826 0.73729622
844853345 5.00000007E-02 0.87268192 0.73334599
844879870 0.0000000 0.60119420 -0.82360816
849080713 0.0000000 0.85010755 0.60724103
850676186 0.0000000 0.66127509 0.41796660
850877408 5.00000007E-02 0.80421501 0.46330941
850908023 5.00000007E-02 0.86246580 0.67503673
851184320 5.00000007E-02 0.67739642 0.40876925
851550736 0.0000000 0.95411897 0.89378309
851807286 5.00000007E-02 0.92348635 0.81247079
852186702 5.00000007E-02 0.77673805 0.32366586
852329204 0.0000000 0.36959448 -5.6036325
852460456 0.0000000 0.97533143 0.93739450
852489653 0.0000000 0.89678675 0.76108372
852515472 0.0000000 0.89663804 0.75459111
853272363 5.00000007E-02 0.58778870 0.13947821
853376840 0.0000000 0.93264896 0.83405960
853407944 5.00000007E-02 0.40922433 -3.9822421
853607627 5.00000007E-02 0.94610316 0.87855726
853739580 5.00000007E-02 0.83198756 0.65795380
854306280 0.0000000 0.78910965 0.57933795
855524541 5.00000007E-02 0.79974920 0.56239748
855593408 5.00000007E-02 0.80283189 0.62281102
855822594 5.00000007E-02 0.69498628 0.23882282
856345761 0.0000000 0.76393557 0.55604732
857058283 5.00000007E-02 0.74816245 0.53213716
857344712 5.00000007E-02 0.69413549 0.27604771
857979217 0.0000000 0.95442390 0.88970512
858004916 0.0000000 0.86791307 0.68228185
859199163 5.00000007E-02 0.45323661 -2.1564381
859246340 0.0000000 0.82068193 0.64933813
860953513 0.0000000 0.82951087 0.66035998
861140002 5.00000007E-02 0.87502819 0.72396541
861746294 0.0000000 9.15772319E-02 -26.620255
862185572 5.00000007E-02 0.78531677 0.59695911
862608623 5.00000007E-02 0.68619406 0.40496367
862627573 0.0000000 0.93173504 0.83315843
863479085 5.00000007E-02 0.74716640 0.52251124
863693027 5.00000007E-02 0.74992442 0.51915383
863763297 5.00000007E-02 0.79123992 0.55693412
864384080 5.00000007E-02 0.57438153 -0.95946634
864454998 5.00000007E-02 0.67609107 0.15252846
865120897 5.00000007E-02 0.74739653 0.52954048
866316320 5.00000007E-02 0.81129467 0.62702346
866599410 5.00000007E-02 0.83999979 0.68188316
866972164 0.0000000 0.93708783 0.83700025
867426807 5.00000007E-02 0.46021220 -2.1006446
868041450 0.0000000 0.96747541 0.91727251
868379187 0.0000000 0.94478315 0.86527884
868522793 0.0000000 0.75209761 0.12365222
868964733 5.00000007E-02 0.88485366 0.75505590
870283927 5.00000007E-02 0.77472103 0.36040908
870770473 5.00000007E-02 0.57298559 -0.33050609
872088689 5.00000007E-02 0.47917423 -0.66418433
872425059 5.00000007E-02 0.85008776 0.59382188
872437680 5.00000007E-02 0.47608012 -1.7679100
872449116 5.00000007E-02 0.89904779 0.73323888
872491072 5.00000007E-02 0.33612785 -6.4773102
872492263 0.0000000 0.64764261 -0.46574306
873735427 5.00000007E-02 0.75145751 0.53126025
875433266 5.00000007E-02 0.72262424 0.50658572
875453385 5.00000007E-02 0.31151608 -2.8060730
876594265 5.00000007E-02 0.93421179 0.85958612
877094056 5.00000007E-02 0.73282683 0.27746040
877518611 5.00000007E-02 0.60071796 0.25554132
877518986 5.00000007E-02 0.87982213 0.69769573
877546907 5.00000007E-02 0.61649323 0.34048587
877747215 0.0000000 0.92827475 0.83391118
879374205 0.0000000 0.86003375 0.71633899
892980386 5.00000007E-02 0.74282396 0.52817547
893747340 5.00000007E-02 0.75406778 0.53552854
894067552 0.0000000 0.47245392 -2.8994100
894087462 5.00000007E-02 0.75929308 0.55158865
894238216 0.0000000 0.94861335 0.88209724
894747219 5.00000007E-02 0.87314242 0.74730539
895144921 5.00000007E-02 0.61857074 0.34116924
895222228 5.00000007E-02 0.82539308 0.65442789
895422961 5.00000007E-02 0.81027210 0.64145631
895825584 5.00000007E-02 0.74264967 0.31169033
896509358 5.00000007E-02 0.86044359 0.68372166
899724834 5.00000007E-02 0.48731029 -1.8533547
900181394 5.00000007E-02 0.88236868 0.73163700
900651074 5.00000007E-02 0.96151841 0.90939409
900701079 0.0000000 0.91671765 0.80786705
900781359 5.00000007E-02 0.77242303 0.47579235
900871111 0.0000000 0.78104055 0.50885451
900952524 0.0000000 0.92834151 0.82510090
901305843 0.0000000 0.97813648 0.93811858
901786541 5.00000007E-02 0.50773996 -1.2697926
901877006 5.00000007E-02 0.79291153 0.59768665
902801269 5.00000007E-02 0.85909665 0.71012509
902970331 5.00000007E-02 0.38208172 -1.3612690
903265983 5.00000007E-02 0.90092069 0.77282840
904013371 0.0000000 0.90112591 0.75562859
904905650 0.0000000 0.92259520 0.79558641
905363640 5.00000007E-02 0.61891997 -2.33476162E-02
905409966 0.0000000 0.76854104 0.30383641
905583188 5.00000007E-02 0.54645228 -0.26483738
905664888 5.00000007E-02 0.89227265 0.77783912
905697214 5.00000007E-02 0.25044891 -10.362444
905921771 5.00000007E-02 0.32333377 -4.8894777
906395377 0.0000000 0.60497576 -1.0216620
906915742 5.00000007E-02 0.55309492 -0.97222221
906973039 5.00000007E-02 0.51401651 -2.7926831
907937571 0.0000000 0.93182230 0.83024263
908081794 5.00000007E-02 0.19048592 -13.325973
908297657 0.0000000 0.32904649 -3.3247805
908665869 0.0000000 0.62252307 -0.64078152
910076797 5.00000007E-02 0.91077727 0.77875644
911341652 0.0000000 0.98323435 0.95415437
911471402 5.00000007E-02 0.43274042 -2.4144969
912019233 0.0000000 0.37958571 -4.2604499
912118339 5.00000007E-02 0.79646808 0.51119459
912320478 5.00000007E-02 0.16245462 -26.886309
913597143 5.00000007E-02 0.55993652 -1.4683273
914291346 0.0000000 0.66537720 -0.25132442
914495847 0.0000000 0.14110230 -15.973820
920174684 5.00000007E-02 0.87452596 0.74427038
920668347 5.00000007E-02 0.77228546 0.51818156
926607950 5.00000007E-02 0.63208884 6.27575517E-02
926999002 5.00000007E-02 0.74828291 0.47572851
927655854 5.00000007E-02 0.37223157 -2.3768144
928199401 5.00000007E-02 0.73058158 0.48471409
928426302 5.00000007E-02 0.90470111 0.79858375
929863441 5.00000007E-02 0.59715438 -0.86249256
930302321 0.0000000 0.33982342 -5.7182264
930322043 5.00000007E-02 0.68806714 0.20005113
931355593 5.00000007E-02 0.85967010 0.70216668
931356389 5.00000007E-02 0.80375558 0.36942470
931484211 5.00000007E-02 0.65828013 1.24627948E-02
931653898 5.00000007E-02 0.53942126 -0.85550046
931724710 5.00000007E-02 0.74079400 0.51542175
933800631 0.0000000 0.92410463 0.78215647
933854825 5.00000007E-02 0.65643048 -0.24500072
934006193 5.00000007E-02 0.66675317 0.35609841
934098882 5.00000007E-02 0.11387064 -59.868034
935191073 5.00000007E-02 0.41270706 -2.6348221
966082949 0.0000000 0.79634821 0.36996573
966754777 0.0000000 0.84690249 0.58131647
966768493 0.0000000 0.96985275 0.91874546
966768672 5.00000007E-02 0.87154627 0.66315329
966798273 0.0000000 0.82542670 0.49397415
966876143 5.00000007E-02 0.86822635 0.65242022
966991756 5.00000007E-02 0.88745284 0.77092338
967018437 5.00000007E-02 0.78157949 0.57168138
967800278 5.00000007E-02 0.71311712 0.49521375
968576086 0.0000000 0.96879154 0.92789865
968669370 5.00000007E-02 0.78192639 0.57727361
968735354 5.00000007E-02 0.82123345 0.57482243
968815712 5.00000007E-02 0.30891094 -4.3956351
968976446 0.0000000 0.56982148 0.30879331
969144830 22.400000 4.55512553E-02 -2888068.5
969145452 0.34999999 0.13982807 -24468360.
969456259 -9.8500004 4.31874543E-02 -11634443.
969516246 -6.8000002 4.12303694E-02 -757081.44
970270882 -167.90001 5.12909703E-02 -2829291.3
970691362 0.0000000 0.88089728 0.74698555
972371517 0.0000000 0.75190020 0.54677576
972935645 5.00000007E-02 0.57018793 0.31563962
974678829 5.00000007E-02 0.78679597 0.59538180
974978532 5.00000007E-02 0.63814038 -0.25070381
976442918 5.00000007E-02 0.91612965 0.80498981
976476644 5.00000007E-02 0.91376537 0.81006289
976653172 0.0000000 0.94325769 0.86696166
977484180 5.00000007E-02 0.66116917 0.42385399
977800861 5.00000007E-02 0.66331947 -0.29283202
977801150 5.00000007E-02 0.10475281 -122.92995
977994086 5.00000007E-02 0.89727509 0.78539151
978113008 0.0000000 0.92793173 0.83534098
978169408 5.00000007E-02 0.79764903 0.45591801
978205372 5.00000007E-02 0.82258791 0.62243754
978476098 5.00000007E-02 0.84540737 0.68891895
979067787 5.00000007E-02 0.87260658 0.72938693
979069110 5.00000007E-02 0.83564383 0.66518724
979202219 5.00000007E-02 0.84271723 0.69431162
979204150 5.00000007E-02 0.70953363 0.47851753
979609386 5.00000007E-02 0.56579524 0.29898614
980206038 5.00000007E-02 0.92830026 0.83684665
980698596 0.0000000 6.91004470E-02 -128.29468
988100797 5.00000007E-02 0.69201154 0.45208180
988336953 5.00000007E-02 0.89767301 0.78637528
989765823 5.00000007E-02 0.84068125 0.69349915
990117114 5.00000007E-02 0.81903851 0.64322102
990630314 5.00000007E-02 0.94799179 0.88554996
991455252 5.00000007E-02 0.67559981 0.44465458
991634551 0.0000000 0.95003176 0.89122874
991995645 0.0000000 0.53726107 0.28086740
992208377 0.0000000 0.93860966 0.86838615
992209870 0.0000000 0.96958977 0.92984831
992438274 5.00000007E-02 0.93135428 0.85561466
992486125 5.00000007E-02 0.96093315 0.91422594
992592933 0.0000000 0.86199605 0.73084641
992927775 5.00000007E-02 0.94624794 0.88323277
992929419 0.0000000 0.97005975 0.93090451
993581187 0.0000000 0.94376528 0.87831193
993854508 5.00000007E-02 0.82202703 0.65665919
993874057 0.0000000 0.76031721 0.56796402
994007634 0.0000000 0.93138123 0.85299969
994692047 0.0000000 0.83387542 0.67754680
995024004 0.0000000 0.65332091 0.41321832
995162867 5.00000007E-02 0.89789391 0.78829175
995890516 5.00000007E-02 0.82343304 0.65943104
996113981 5.00000007E-02 0.81070006 0.64248329
997156421 0.0000000 0.96591914 0.91843534
998326679 5.00000007E-02 0.84686774 0.69950330
999257596 5.00000007E-02 0.76861912 0.58206880
1000062111 5.00000007E-02 0.74346220 0.53596890
1000197538 0.0000000 0.94029027 0.87171119
1000766684 0.0000000 0.96850026 0.92810696
1001410293 5.00000007E-02 0.71092623 0.49109262
1001954970 5.00000007E-02 0.83005852 0.67303598
1004092959 0.0000000 0.92879391 0.84868616
1004454253 5.00000007E-02 0.74576056 0.54029566
1004863535 0.0000000 0.82471073 0.66863620
1005352632 0.0000000 0.98624164 0.96400738
1006580783 5.00000007E-02 0.85902536 0.72201961
1007019252 0.0000000 0.96915978 0.93000472
1007572713 0.0000000 0.77881062 0.57102764
1007712455 0.0000000 0.97695678 0.94340628
1007972664 0.0000000 0.95371282 0.89549839
1008464695 0.0000000 0.67943472 0.44650197
1008648180 0.0000000 0.98538387 0.96334547
1008649429 0.0000000 0.93589312 0.86259520
1008650819 0.0000000 0.97470176 0.94103861
1008651467 5.00000007E-02 0.93123138 0.85226136
1008652414 0.0000000 0.97642756 0.94454229
1008671685 5.00000007E-02 0.92109019 0.83212155
1008686668 0.0000000 0.95611799 0.90341049
1008715277 0.0000000 0.96070641 0.91214210
1008786983 0.0000000 0.94731218 0.88527274
1008836107 5.00000007E-02 0.88712525 0.77124244
1008890954 0.0000000 0.95464694 0.89984071
1009057225 0.0000000 0.96993911 0.93058258
1009168145 0.0000000 0.95980072 0.91006511
1009442091 0.0000000 0.97197682 0.93434119
1009500099 0.0000000 0.98426902 0.96003556
1010371507 0.0000000 0.97652739 0.94372815
1010509239 0.0000000 0.82596433 0.66970760
1011026056 5.00000007E-02 0.92100173 0.83673984
1011031830 0.0000000 0.56559521 0.31146920
1011063499 5.00000007E-02 0.76011539 0.56485140
1011682027 0.0000000 0.96577650 0.92140776
1012271064 5.00000007E-02 0.92790383 0.84478641
1012580587 5.00000007E-02 0.77836555 0.59056401
1013484445 0.0000000 0.90297067 0.80321133
1013485377 5.00000007E-02 0.78824925 0.60762942
1013486436 5.00000007E-02 0.78908783 0.60390449
1014972465 5.00000007E-02 0.96855527 0.92699862
1015232666 0.0000000 0.72142667 0.50400996
1016105151 5.00000007E-02 0.82444710 0.66401523
1016468323 0.0000000 0.98440850 0.96109772
1017159906 5.00000007E-02 0.81171662 0.64339757
1017557569 0.0000000 0.86208135 0.70541388
1017557822 5.00000007E-02 0.96426398 0.92239475
1017594576 0.0000000 0.86826885 0.73814273
1017816456 0.0000000 0.94367301 0.87800628
1017857170 0.0000000 0.95214260 0.89575803
1017925489 0.0000000 0.78827113 0.60825455
1018065946 0.0000000 0.92487764 0.84069276
1018137582 5.00000007E-02 0.64700258 0.40415782
1018221645 0.0000000 0.92665398 0.84473616
1018414606 5.00000007E-02 0.85615587 0.71815360
1018800484 0.0000000 0.93189377 0.85690749
1018898180 0.0000000 0.91299939 0.81769305
1019054808 0.0000000 0.92900789 0.85159993
1019292480 5.00000007E-02 0.90619582 0.80631375
1019488470 0.0000000 0.96030337 0.91096044
1019673665 5.00000007E-02 0.82612401 0.66127807
1020000226 0.0000000 0.97993994 0.94998372
1021004232 0.0000000 0.95673501 0.90458214
1021024958 0.0000000 0.67589736 0.43457150
1021028934 0.0000000 0.97267514 0.93664354
1021434365 5.00000007E-02 0.91862720 0.83166385
1021434812 5.00000007E-02 0.80082345 0.62595785
1021435155 5.00000007E-02 0.77103531 0.57995909
1021437004 5.00000007E-02 0.86721605 0.73596406
1021437761 5.00000007E-02 0.76875758 0.57370323
1021888184 5.00000007E-02 0.77841127 0.59299058
1022604314 0.0000000 0.98654312 0.96539414
1022741620 5.00000007E-02 0.92018926 0.83116567
1022779647 5.00000007E-02 0.84639126 0.70114398
1024000827 5.00000007E-02 0.87840635 0.75860661
1024039343 5.00000007E-02 0.84548080 0.69921112
1024059173 0.0000000 0.79302847 0.61920094
1024224102 5.00000007E-02 0.90299195 0.80103993
1024232773 5.00000007E-02 0.89253658 0.78097582
1024881141 5.00000007E-02 0.77415580 0.58698487
1026036068 5.00000007E-02 0.85497230 0.71456194
1026372982 0.0000000 0.95768088 0.90712070
1026373076 0.0000000 0.98094869 0.95451963
1026374005 0.0000000 0.88552421 0.77106380
1026378668 0.0000000 0.92264223 0.84038568
1026562025 0.0000000 0.92862588 0.84732258
1026925041 0.0000000 0.95484722 0.90067005
1026933281 5.00000007E-02 0.88418955 0.77320910
1026967951 0.0000000 0.91422009 0.82058614
1028885460 5.00000007E-02 0.89506489 0.78538501
1028970195 5.00000007E-02 0.87694782 0.75835413
1029367736 0.0000000 0.93237883 0.85837066
1030006163 0.0000000 0.83967227 0.68824899
1030375930 0.0000000 0.86759579 0.74214280
1030554334 0.0000000 0.97791028 0.94542658
1030628193 0.0000000 0.87177789 0.74918938
1030651553 0.0000000 0.81866163 0.65403640
1031310121 0.0000000 0.86889178 0.74407625
1031439572 5.00000007E-02 0.86184573 0.73079216
1031647094 5.00000007E-02 0.75223774 0.54937094
1032052013 0.0000000 0.95145404 0.89487219
1032134610 5.00000007E-02 0.92432112 0.83739126
1032294371 5.00000007E-02 0.68058240 0.44578511
1032315669 0.0000000 0.96772522 0.92624372
1032907402 0.0000000 0.98560739 0.96296334
1033103267 0.0000000 0.79013604 0.61294842
1033374913 5.00000007E-02 0.86755621 0.73694062
1033690544 5.00000007E-02 0.81489199 0.64895523
1033947513 0.0000000 0.95755380 0.90553361
1034070514 0.0000000 0.95001298 0.89039832
1034480608 5.00000007E-02 0.88897914 0.77313864
1034923400 5.00000007E-02 0.87699944 0.75147915
1034928298 0.0000000 0.80622941 0.64250493
1035149152 0.0000000 0.90346497 0.80447763
1035153178 5.00000007E-02 0.85314369 0.71594846
1035197382 5.00000007E-02 0.90186667 0.79729140
1035991040 5.00000007E-02 0.84302622 0.69521010
1036098952 0.0000000 0.94855905 0.88596880
1036697273 5.00000007E-02 0.81310534 0.64425755
1036697648 0.0000000 0.95829248 0.90550166
1036886824 5.00000007E-02 0.88297325 0.76096416
1038324582 0.0000000 0.95575237 0.90264153
1038746116 5.00000007E-02 0.87782699 0.75770843
1039232712 0.0000000 0.96924776 0.92910230
1039743025 0.0000000 0.83084881 0.67445415
1040450954 0.0000000 0.98728478 0.96566242
1040520314 5.00000007E-02 0.84143651 0.69082808
1040644457 5.00000007E-02 0.88731098 0.77292085
1040799690 5.00000007E-02 0.79560918 0.62047035
1041632855 5.00000007E-02 0.79112428 0.61290514
1042809813 5.00000007E-02 0.74233502 0.53553724
1043607562 0.0000000 0.96517229 0.92053062
1044768063 5.00000007E-02 0.81940758 0.65852374
1044817061 0.0000000 0.95116323 0.89348179
1045633623 5.00000007E-02 0.70709944 0.48394245
1046065971 5.00000007E-02 0.88424861 0.75993222
1046575544 5.00000007E-02 0.75344610 0.55156755
1048808323 0.0000000 0.91532981 0.82681936
1049310522 0.0000000 0.92215085 0.83710539
1049353173 5.00000007E-02 0.87386334 0.74814916
1051845960 5.00000007E-02 0.87407541 0.74663699
1051900153 5.00000007E-02 0.71611983 0.49978560
1052394722 0.0000000 0.52336723 0.26781446
1052961462 0.0000000 0.97434276 0.93911469
1053904321 5.00000007E-02 0.80456322 0.63179064
1054395492 5.00000007E-02 0.90287507 0.80140257
1054853585 0.0000000 0.93976980 0.87267226
1055123570 0.0000000 0.94422257 0.88010991
1055135284 0.0000000 0.83815533 0.69208050
1055234432 5.00000007E-02 0.91733748 0.82945728
1055390332 5.00000007E-02 0.78695458 0.60465235
1055425274 5.00000007E-02 0.83060753 0.67573893
1055472531 5.00000007E-02 0.65407932 0.41172779
1055510426 5.00000007E-02 0.74686694 0.53784800
1055788418 0.0000000 0.90966141 0.81345165
1055803080 0.0000000 0.85147083 0.71155453
1056357316 0.0000000 0.85148239 0.70909023
1057028486 0.0000000 0.84078276 0.66780078
1057319282 5.00000007E-02 0.90134740 0.79422975
1058108790 5.00000007E-02 0.81976736 0.65455729
1058496080 5.00000007E-02 0.70376551 0.47720891
1059102630 5.00000007E-02 0.75276357 0.55391407
1059590191 5.00000007E-02 0.91189694 0.81642497
1059850488 5.00000007E-02 0.79639387 0.61405385
1059910523 5.00000007E-02 0.77217215 0.58168125
1059994404 0.0000000 0.96508449 0.92094517
1060172588 5.00000007E-02 0.86612695 0.73652625
1060619413 5.00000007E-02 0.88052219 0.76018322
1061586322 0.0000000 0.65309775 0.40904438
1062262342 5.00000007E-02 0.77383119 0.57937682
1062859632 0.0000000 0.95261544 0.89032906
1063234506 0.0000000 0.96794164 0.92498142
1063264037 5.00000007E-02 0.79029447 0.60841566
1064365712 5.00000007E-02 0.92831612 0.84870130
1064533379 5.00000007E-02 0.88793296 0.77317733
1065785029 0.0000000 0.95712304 0.90501988
1065790269 5.00000007E-02 0.74381453 0.53703803
1065847269 0.0000000 0.65934974 0.41464716
1067505195 5.00000007E-02 0.72250587 0.51110339
1068127124 5.00000007E-02 0.89686865 0.79118210
1068356150 5.00000007E-02 0.89762372 0.78725839
1068595355 0.0000000 0.94175649 0.87495393
1068804765 5.00000007E-02 0.87263054 0.73974228
1068825242 5.00000007E-02 0.80602384 0.63227051
1069412363 0.0000000 0.93111336 0.85337859
1070682432 0.0000000 0.87345725 0.70874834
1070692497 5.00000007E-02 0.72678816 0.51154625
1070921046 5.00000007E-02 0.87356859 0.74750316
1071031093 0.0000000 0.96378696 0.91935802
1071031176 0.0000000 0.98930621 0.97143859
1071031375 5.00000007E-02 0.94647396 0.88594604
1071031628 5.00000007E-02 0.90270722 0.79968280
1071031695 5.00000007E-02 0.90442324 0.80222595
1071031744 5.00000007E-02 0.90618747 0.80536568
1071031844 5.00000007E-02 0.90098292 0.79540670
1071031926 5.00000007E-02 0.90373522 0.80056149
1071033611 5.00000007E-02 0.94584572 0.88036013
1071033625 5.00000007E-02 0.94584602 0.88036036
1071035006 0.0000000 0.89043665 0.77595544
1071038489 5.00000007E-02 0.89608890 0.78736949
1071042579 5.00000007E-02 0.89333910 0.78098321
1071043831 0.0000000 0.95339710 0.89550865
1071046005 0.0000000 0.90359890 0.80202061
1071046239 5.00000007E-02 0.78643012 0.60078728
1071074159 0.0000000 0.92644203 0.84398437
1071095531 5.00000007E-02 0.92015940 0.83244574
1071100910 5.00000007E-02 0.90404731 0.80522186
1071109335 5.00000007E-02 0.86847770 0.73674482
1071169499 5.00000007E-02 0.89321697 0.77976483
1071182968 0.0000000 0.95987064 0.91041464
1071183209 0.0000000 0.95898873 0.90864551
1071183435 0.0000000 0.94997185 0.89113772
1071443800 0.0000000 0.59574211 0.34875315
1071583019 0.0000000 0.95014405 0.89061350
1071584001 5.00000007E-02 0.86231077 0.72801530
1071678445 5.00000007E-02 0.91436470 0.82352066
1071725608 0.0000000 0.97497439 0.93920445
1072705310 5.00000007E-02 0.86684006 0.73398089
1072926918 5.00000007E-02 0.92231685 0.83811027
1073475853 0.0000000 0.93332458 0.85733575
1073756920 5.00000007E-02 0.72887897 0.51240462
1073986141 0.0000000 0.96699363 0.92446029
1073994067 5.00000007E-02 0.75823057 0.55484408
1075317204 0.0000000 0.97169864 0.93400848
1075317446 0.0000000 0.96035713 0.91011095
1075318489 0.0000000 0.97574401 0.94249332
1075466599 5.00000007E-02 0.86699903 0.73225629
1075865039 0.0000000 0.95123100 0.89459747
1076851926 5.00000007E-02 0.81060857 0.64510274
1076884025 5.00000007E-02 0.84487796 0.69917864
1077531525 5.00000007E-02 0.84182227 0.69188535
1077584107 5.00000007E-02 0.74354303 0.53475165
1078321829 0.0000000 0.81646317 0.65443230
1079154231 5.00000007E-02 0.88445508 0.76347739
1080241624 0.0000000 0.85090709 0.70736229
1081488818 0.0000000 0.90291661 0.80041379
1082397083 5.00000007E-02 0.75301349 0.55083948
1082563195 5.00000007E-02 0.69485134 0.46402460
1082729069 0.0000000 0.95826256 0.90646809
1082820030 0.0000000 0.88343793 0.76846206
1083398171 0.0000000 0.91091198 0.81806433
1083961065 0.0000000 0.96127808 0.91173458
1084003366 0.0000000 0.98522896 0.96155417
1084082541 5.00000007E-02 0.79437572 0.61448085
1084133207 5.00000007E-02 0.71327198 0.49547285
1084597670 5.00000007E-02 0.88187379 0.76595318
1084687448 5.00000007E-02 0.94548875 0.88608706
1084950252 0.0000000 0.98533845 0.96307874
1085103239 5.00000007E-02 0.89365268 0.78157401
1085390106 0.0000000 0.97859746 0.94781899
1086195389 5.00000007E-02 0.90215927 0.79513335
1086315872 0.0000000 0.96567124 0.92034954
1086883086 0.0000000 0.97252214 0.93545854
1087613581 0.0000000 0.95929605 0.90728784
1091970746 5.00000007E-02 0.83450878 0.68113261
1092861100 0.0000000 0.81885612 0.65693855
1093118276 0.0000000 0.83403087 0.67643654
1093908136 5.00000007E-02 0.84227520 0.69304585
1095475955 0.0000000 0.78549063 0.60418582
1097813330 0.0000000 0.91990548 0.83146489
1099928102 204.00000 0.13035761 -50.084988
1099929295 -32.900002 0.11177770 1.22854710E-02
1099929521 70.400002 0.10162823 -26.358900
1099931589 0.65000004 0.11523801 -202.48541
1099942690 -59.299999 0.11853673 -2.8343673
1100237223 145.10001 7.31564909E-02 -0.47811425
1100955874 -20.150000 8.37332606E-02 -5.2140689
1103674687 179.90001 0.10510788 -8.4783916
1105287429 4.2000003 5.60316257E-02 -3775.1523
1105405102 38.750000 5.97616807E-02 -0.34694874
1105536640 123.85000 7.96595812E-02 -3.3509579
1105765351 25.700001 6.70437664E-02 -27.439932
1106056455 -15.700000 3.90081890E-02 -80.600975
1106207236 160.45000 6.19617701E-02 -3.60134840E-02
1106226863 172.75000 0.16538075 -284.10339
1106317701 80.750000 7.65122771E-02 -3.98039818E-03
1106377004 185.55000 0.12757292 -7.4474506
1106829094 112.20000 5.13508432E-02 -9.16143656E-02
1107166208 153.05000 0.20243078 -1344.2029
1107223187 163.15001 8.33611265E-02 8.98814201E-03
1107233798 43.850002 7.63441473E-02 -0.17752087
1107286746 231.70000 8.57789442E-02 -8.5867252
1107388387 112.80000 8.58752057E-02 -1.1556804
1107601144 -99.400002 0.10313930 -7.15265274E-02
1107601252 14.650001 8.15590099E-02 -0.12526536
1108162580 242.35001 3.21387574E-02 1.69658661E-03
1108757898 -24.550001 0.16317216 5.35833836E-03
1108761568 206.40001 0.11710087 1.96202397E-02
1110049611 151.15001 9.35941562E-02 9.23848152E-03
1110049680 105.50000 0.10460553 2.48765945E-03
1110050185 -7.0000000 9.69189256E-02 -12.839775
1110050874 246.65001 5.83315007E-02 -1.7699833
1110568232 166.55000 0.11011576 -36.912590
1111274786 225.10001 0.11086264 -2.1647279
1113182839 219.80000 6.90988824E-02 -5.50205708E-02
1113208093 -10.300000 5.79975247E-02 -0.87903881
1113260515 4.0000000 0.10776868 -121.80928
1113331351 214.35001 7.15161636E-02 -67.848228
1114345058 -4.4000001 8.77726376E-02 -2208.7502
1114872497 -11.150001 0.10956405 -0.77743852
1114872533 15.850000 0.12937395 -5.4098735
1114872543 15.950000 0.12672189 -8.4221907
1114981677 138.45000 0.13358434 2.63995528E-02
1115167250 227.70000 7.08893314E-02 -3.65612507E-02
1115753263 224.25000 9.85408798E-02 1.75943375E-02
1115910658 -27.050001 9.65293944E-02 8.83352757E-03
1115942660 257.10001 0.11105409 2.77350545E-02
1116353193 135.85001 5.24118692E-02 -0.28540993
1117405041 130.60001 9.59343389E-02 2.52223015E-03
1117642805 79.349998 9.29578021E-02 1.61707401E-04
1118162704 89.950005 0.13671029 3.42428684E-03
1118367166 46.700001 8.54525194E-02 1.98274851E-03
1118396676 248.10001 9.19542760E-02 1.06606483E-02
1118501300 183.55000 0.10086799 -1.2210605
1118677980 182.30000 8.87490958E-02 -2.4201136
1118868304 -8.6000004 0.11745252 -1240.5758
1119087065 -14.200000 0.15561099 -2.1429420
1119729025 180.90001 8.23668316E-02 -0.90228605
1119876655 143.75000 8.84853080E-02 -685.54419
1121472051 110.30000 8.88156593E-02 1.15897655E-02
1122385024 193.55000 7.19222650E-02 -1.0362458
1122618639 16.750000 0.10544536 -8369.4844
1122777951 111.95000 7.83950537E-02 -10.538365
1123439949 259.00000 5.74353673E-02 3.43561172E-04
1125373372 107.30000 7.15695396E-02 6.36404753E-03
1125685516 182.90001 7.03385770E-02 -1755.8947
1125969360 147.85001 0.16386700 -2.46992111E-02
1127055473 55.799999 9.14202034E-02 -528.12122
1127456637 163.35001 0.10820361 -3.1395583
1127471662 69.450005 8.70640427E-02 -37.341370
1127494190 7.0999999 0.10708816 -8.8165369
1127760620 203.40001 0.10218168 -0.26603901
1128153007 60.750000 9.41500291E-02 -7.3670406
1128174696 -38.299999 9.53350812E-02 -3.1411037
1128475640 42.750000 6.67283610E-02 -68.633560
1128528995 169.55000 6.55426905E-02 -207.19658
1128891916 154.20000 0.11921923 -99824.977
1128923244 69.300003 7.10468143E-02 -759.80884
1129069430 -77.200005 5.96218407E-02 -53696.254
1129155495 171.00000 0.10387485 -2325.2517
1129246313 59.600002 9.66100022E-02 -25456.779
1129324370 101.90000 0.10175692 -1544.1383
1129391464 -19.150000 0.10195726 -3.5485907
1129907016 128.80000 0.10691030 -18267.979
1130249327 26.100000 5.19911461E-02 1.41316652E-03
1131428965 199.30000 8.23725834E-02 4.35000658E-03
1131431840 186.80000 5.34763671E-02 1.84154510E-03
1132062095 17.250000 8.62135440E-02 3.01808119E-03
1132132485 168.85001 9.11993459E-02 4.93204594E-03
1132148341 42.350002 9.40157622E-02 1.71774626E-03
1132166999 178.05000 8.70119855E-02 4.73511219E-03
1132661855 64.099998 4.43305038E-02 6.30676746E-04
1132975230 138.50000 9.64808613E-02 3.58736515E-03
1133111580 107.25000 4.37573493E-02 5.30183315E-04
1133304109 210.35001 9.68487337E-02 2.46942043E-04
1133601723 20.750000 4.73374315E-02 9.40859318E-04
1135808248 164.45000 9.96474847E-02 3.59523296E-03
1135976852 110.00000 9.33841020E-02 -4.13572788E-03
1136739698 199.20000 8.29506591E-02 -1.99582577E-02
1137913657 -7.4000001 9.47028622E-02 7.72833824E-03
1137989937 71.700005 0.10514209 5.93948364E-03
1137990003 5.5999999 9.42694917E-02 7.64095783E-03
1138288259 -3.9000001 8.69502574E-02 6.83832169E-03
1139284609 48.950001 6.38441145E-02 -22.117104
1139326915 48.299999 9.93353128E-02 -2.69186497E-03
1140725945 115.55000 5.88985756E-02 -1.07946396E-02
1140746150 61.700001 8.83084312E-02 2.49040127E-03
1141877248 75.599998 5.46642356E-02 2.41410732E-03
1142029462 63.350002 5.87527975E-02 -0.30586493
1142229311 170.40001 0.10704546 2.48633027E-02
1142709582 96.000000 7.33841807E-02 -0.11516333
1143536168 151.60001 7.06701204E-02 1.25908852E-03
1143616861 189.90001 5.86560592E-02 5.80370426E-04
1143885739 106.95000 0.11335221 8.47578049E-05
1143885924 79.950005 9.12509635E-02 1.13219023E-03
1143888020 81.000000 0.12202474 3.23885679E-03
1144129163 85.000000 0.13262716 1.45640373E-02
1144133312 207.85001 0.19038987 2.19190121E-02
1144179006 125.80000 6.16820939E-02 4.75764275E-04
1144806135 154.75000 9.72232446E-02 5.80877066E-03
1145140855 0.45000002 0.11953301 2.17497349E-04
1145323561 94.849998 8.77763256E-02 2.46244669E-03
1146215126 56.400002 0.17050637 2.59876251E-04
1146944291 -26.800001 3.47608104E-02 -2.83920765E-02
1146966782 175.80000 0.11676875 2.73978710E-03
1147258751 156.60001 5.19025587E-02 -2.04445124E-02
1149411961 21.100000 0.12129591 2.92980671E-03
1149467938 45.600002 9.42509323E-02 8.56488943E-03
1149638545 143.05000 7.50433356E-02 2.70730257E-03
1149771133 137.45000 4.76299264E-02 3.51208448E-03
1154072410 170.70000 0.11897632 2.17263103E-02
1154182305 13.600000 8.89039636E-02 -100.95714
1155212722 104.60000 7.90535808E-02 -75.732544
1155340266 24.350000 0.10150920 -27.366617
1155354114 70.300003 7.16944113E-02 -1498.7290
1155443514 12.850000 7.74320364E-02 -34.521267
1156044082 128.55000 0.11179444 -2542.6580
1156698676 78.550003 0.13706405 -4.5176792
1158266854 246.30000 5.08838147E-02 -25.826817
1159598968 0.0000000 0.78407121 0.59219337
1159684577 0.0000000 0.90016085 0.78539687
1160388105 5.00000007E-02 0.94306672 0.87229925
1160392104 5.00000007E-02 0.96471369 0.91606563
1160549032 5.00000007E-02 0.93971485 0.86862093
1160664389 0.0000000 0.98386174 0.95478076
1163299258 0.0000000 0.87601072 0.74659276
1163456967 5.00000007E-02 0.85567117 0.71626198
1163641819 0.0000000 0.87582070 0.75551045
1164570370 0.0000000 0.64929581 0.39861453
1165358160 0.0000000 0.73109674 0.51953733
1165368969 0.0000000 0.65337545 0.40356731
1166094636 5.00000007E-02 0.93331152 0.85669863
1166561075 0.0000000 0.91554332 0.81857884
1166894907 5.00000007E-02 0.90857524 0.80738175
1167121204 5.00000007E-02 0.84983975 0.69124663
1167135981 5.00000007E-02 0.96072346 0.90710163
1167136317 5.00000007E-02 0.95541114 0.89854991
1167136455 5.00000007E-02 0.95568216 0.89909762
1167136825 5.00000007E-02 0.95810175 0.90529966
1167144800 0.0000000 0.95347279 0.89634067
1167147704 5.00000007E-02 0.92526877 0.82720721
1167154513 5.00000007E-02 0.96731299 0.92513037
1167186639 5.00000007E-02 0.93873888 0.86046231
1167298740 5.00000007E-02 0.88587725 0.75727266
1167318376 0.0000000 0.63435823 0.30843270
1167324678 5.00000007E-02 0.90944606 0.80780590
1167592780 5.00000007E-02 0.76099753 0.54933894
1167604646 5.00000007E-02 0.84578949 0.69405311
1168792515 0.0000000 0.95615077 0.89893651
1168917035 0.0000000 0.96615756 0.91953129
1169006425 0.0000000 0.68368995 0.44759458
1169712716 0.0000000 0.94227237 0.86134517
1169722755 0.0000000 0.96696353 0.91787392
1170262059 5.00000007E-02 0.83635074 0.67543972
1170524118 0.0000000 0.93961257 0.86384392
1171366614 0.0000000 0.80612552 0.62835610
1171423577 5.00000007E-02 0.97005755 0.92572123
1171423831 5.00000007E-02 0.98160106 0.95080161
1171832699 5.00000007E-02 0.97223020 0.92837584
1172178017 5.00000007E-02 0.88538426 0.76537800
1173308237 0.0000000 0.91687053 0.82125419
1173368256 5.00000007E-02 0.81369668 0.63636541
1174197233 5.00000007E-02 0.84284264 0.68161952
1175309106 0.0000000 0.77930766 0.57918191
1175583473 0.0000000 0.90596426 0.80493730
1176242685 5.00000007E-02 0.71183324 0.48552167
1177115546 0.0000000 0.97107989 0.92880827
1177175308 5.00000007E-02 0.95977300 0.90769786
1178992210 5.00000007E-02 0.86109769 0.72426629
1180238725 5.00000007E-02 0.81642848 0.64404631
1180618796 0.0000000 0.92188686 0.83269912
1181939353 5.00000007E-02 0.77746934 0.58299899
1182196765 5.00000007E-02 0.70202655 0.45945615
1182265663 0.0000000 0.80311888 0.62097752
1182396227 5.00000007E-02 0.76222283 0.56292069
1182398897 5.00000007E-02 0.96460426 0.91389966
1184629372 5.00000007E-02 0.77999663 0.59189427
1185198002 0.0000000 0.88741106 0.76689059
1185799546 0.0000000 0.96250778 0.90973485
1185861072 0.0000000 0.82844424 0.66011024
1186620947 5.00000007E-02 0.97657752 0.93719703
1186786330 0.0000000 0.94871461 0.87923020
1188350129 5.00000007E-02 0.96460575 0.91148305
1188356416 0.0000000 0.97629321 0.93622744
1188908193 5.00000007E-02 0.77491057 0.56366062
1188950111 0.0000000 0.76849824 0.56387556
1189101086 0.0000000 0.92169362 0.83374143
1189101321 5.00000007E-02 0.87474668 0.75179124
1189194674 5.00000007E-02 0.81088841 0.63633013
1198522115 0.0000000 0.75704193 0.55266035
1200543890 5.00000007E-02 0.85965532 0.60703546
1200856359 5.00000007E-02 0.80884343 0.61611557
1201442068 5.00000007E-02 0.89171559 0.76290685
1203280382 5.00000007E-02 0.94525093 0.86659908
1203409866 0.0000000 0.78237361 0.59159529
1203790455 5.00000007E-02 0.88190264 0.74102420
1204138448 5.00000007E-02 0.90412986 0.79896688
1204304285 5.00000007E-02 0.94388860 0.85846192
1204490434 0.0000000 0.86105108 0.71431828
1204651907 5.00000007E-02 0.90646100 0.78827322
1204651936 5.00000007E-02 0.91020495 0.79564118
1204670552 5.00000007E-02 0.93514079 0.83987314
1207186072 5.00000007E-02 0.68906182 0.44128525
1208187584 0.0000000 0.94981807 0.87918830
1208931881 0.0000000 0.91224593 0.80656290
1208975321 0.0000000 0.95319486 0.88791704
1208982088 0.0000000 0.92916709 0.83328766
1208988255 0.0000000 0.90100652 0.77324700
1208988552 0.0000000 0.95055419 0.87950897
1209105937 0.0000000 0.82134640 0.64536881
1209216223 5.00000007E-02 0.84943646 0.67097020
1209291757 5.00000007E-02 0.89149696 0.77022552
1209339084 0.0000000 0.70484513 0.47631794
1209362380 0.0000000 0.91619432 0.80618650
1209543825 0.0000000 0.78838575 0.57378751
1209563099 5.00000007E-02 0.73659366 0.49543953
1209583346 0.0000000 0.91525447 0.80905175
1209820628 5.00000007E-02 0.70405519 0.46472925
1209877317 5.00000007E-02 0.67482156 0.43394840
1210448520 0.0000000 0.96019006 0.89386427
1210560189 5.00000007E-02 0.90049827 0.77724433
1210633064 0.0000000 0.97034293 0.92051119
1210703275 0.0000000 0.96113652 0.90192884
1212285435 5.00000007E-02 0.98201990 0.94228321
1212339563 5.00000007E-02 0.92033780 0.80973756
1213107823 0.0000000 0.88934571 0.74692953
1213158817 0.0000000 0.96681470 0.90601766
1213486164 5.00000007E-02 0.95300502 0.88280475
1214086760 5.00000007E-02 0.87765008 0.73017460
1214128508 5.00000007E-02 0.83210516 0.65532964
1214211456 0.0000000 0.76956016 0.51259005
1214561217 5.00000007E-02 0.76182687 0.54855001
1215745668 0.0000000 0.94010252 0.86114448
1215812106 0.0000000 0.98128974 0.93927759
1215812707 0.0000000 0.97822064 0.92664683
1215839910 0.0000000 0.85248804 0.69047046
1215843106 0.0000000 0.87424958 0.73195946
1215961116 0.0000000 0.98372298 0.94570702
1216126809 5.00000007E-02 0.96219164 0.89369613
1216904067 0.0000000 0.81011504 0.62617946
1217616949 0.0000000 0.90248454 0.79422092
1218233114 -14.400001 5.59606291E-02 -18487472.
1218994676 0.10000000 5.20329028E-02 -69106584.
1219291482 -209.65001 4.75171804E-02 -2649388.0
1219301591 -104.05000 5.90669662E-02 -11117099.
1219723710 35.250000 4.83198985E-02 -2139041.0
1219772880 -171.00000 4.59057800E-02 -16562338.
1219869253 -90.900002 5.29675521E-02 -6257742.5
1220179542 -173.40001 6.56940416E-02 -2517882.5
1220742036 5.00000007E-02 0.76218396 0.54593515
1220946193 5.00000007E-02 0.83014482 0.66394305
1221047734 0.0000000 0.92708045 0.83523744
1222614737 5.00000007E-02 0.69353884 0.45010066
1228187814 0.0000000 0.92474532 0.81679964
1228684717 0.0000000 0.91692191 0.80161428
1229260451 0.0000000 0.75329727 0.53171587
1229658996 5.00000007E-02 0.76963168 0.54567254
1229990683 5.00000007E-02 0.97494006 0.92583120
1230216280 5.00000007E-02 0.82621032 0.64629614
1230600687 0.0000000 0.94273376 0.86021328
1230860391 5.00000007E-02 0.83189470 0.65947032
1231020274 0.0000000 0.92880732 0.84014142
1231041233 0.0000000 0.95225400 0.87512493
1232714291 5.00000007E-02 0.97775233 0.92529142
1232804891 5.00000007E-02 0.90008843 0.77862018
1233928332 5.00000007E-02 0.76263177 0.55097711
1234166319 5.00000007E-02 0.81003374 0.60992664
1234201315 0.0000000 0.93203205 0.83061165
1234214675 5.00000007E-02 0.97812557 0.93364137
1236731039 0.0000000 0.92924887 0.83523607
1236854628 5.00000007E-02 0.85058212 0.69170809
1237014105 0.0000000 0.74035829 0.49665231
1237159221 5.00000007E-02 0.89419770 0.77007008
1237164701 0.0000000 0.88939559 0.76386082
1237551366 5.00000007E-02 0.85138458 0.68990541
1237619839 5.00000007E-02 0.71746010 0.48488325
1239235949 5.00000007E-02 0.81342703 0.62684882
1239971868 5.00000007E-02 0.72947896 0.50610715
1240678955 5.00000007E-02 0.81815475 0.63247144
1242397863 0.0000000 0.88028258 0.74889755
1242709695 5.00000007E-02 0.82018888 0.63537079
1243376855 0.0000000 0.90319079 0.76216447
1244248765 5.00000007E-02 0.72242606 0.47743344
1245087845 5.00000007E-02 0.67909962 0.42721462
1245407408 5.00000007E-02 0.83377326 0.66044807
1245469469 5.00000007E-02 0.85932577 0.70249540
1245877793 5.00000007E-02 0.92235631 0.83010477
1245881452 0.0000000 0.94810504 0.88109559
1246167876 0.0000000 0.81206244 0.63651180
1246181696 0.0000000 0.88258880 0.76064789
1246182765 0.0000000 0.74802285 0.54097879
1246208530 5.00000007E-02 0.78829473 0.60073102
1246208539 5.00000007E-02 0.78805828 0.60035431
1246598451 0.0000000 0.93246138 0.84843343
1246598488 0.0000000 0.94505090 0.87189549
1246614635 5.00000007E-02 0.91352451 0.81337655
1246985947 0.0000000 0.92588460 0.83240873
1247508302 0.0000000 0.98412341 0.95636594
1247516932 0.0000000 0.98653907 0.95490462
1247654255 0.0000000 0.76466930 0.56826723
1247741293 0.0000000 0.94846547 0.88347846
1247769767 0.0000000 0.91446614 0.81190693
1248159491 0.0000000 0.84205049 0.67921215
1248570012 0.0000000 0.91316456 0.80589867
1248588659 0.0000000 0.89511269 0.76921821
1248872986 0.0000000 0.89525586 0.78382343
1248886386 0.0000000 0.95273715 0.89047325
1249212887 5.00000007E-02 0.80511296 0.62726527
1250467545 5.00000007E-02 0.92017841 0.81452084
1250503855 0.0000000 0.94285858 0.86716628
1250504106 0.0000000 0.96732640 0.92084944
1250601456 0.0000000 0.95820725 0.90287477
1250639275 0.0000000 0.93035400 0.83510560
1250703707 5.00000007E-02 0.75168145 0.53437752
1250777890 0.0000000 0.91089559 0.80449498
1250888264 5.00000007E-02 0.96529067 0.90941465
1250911490 0.0000000 0.67297983 0.40588599
1252249816 0.0000000 0.90133798 0.78901047
1252757125 5.00000007E-02 0.91516387 0.80642301
1254591366 0.0000000 0.95354539 0.88917935
1254664936 0.0000000 0.76518553 0.55915487
1255243328 5.00000007E-02 0.89829570 0.78337193
1256244384 5.00000007E-02 0.79672360 0.60577500
1256252705 0.0000000 0.95421165 0.89183849
1256431794 5.00000007E-02 0.71691442 0.49879766
1257413577 5.00000007E-02 0.94723064 0.87919986
1257413887 5.00000007E-02 0.78406954 0.60207057
1257420861 5.00000007E-02 0.92223299 0.83948779
1257678569 5.00000007E-02 0.70922422 0.48302501
1258065617 0.0000000 0.79214883 0.60400391
1258296469 0.0000000 0.91757250 0.81486231
1258824471 0.0000000 0.71705329 0.49962670
1258926370 0.0000000 0.84716088 0.69724506
1260564405 5.00000007E-02 0.92452896 0.83267450
1260692005 0.0000000 0.76338136 0.56913805
1261227736 0.0000000 0.77860045 0.39819640
1261227864 0.0000000 0.97978282 0.95253026
1261228557 0.0000000 0.72138214 0.49973392
1261232031 5.00000007E-02 0.79030025 0.60597408
1261235533 0.0000000 0.88324040 0.76574028
1261275144 0.0000000 0.82584882 0.66706294
1261713375 5.00000007E-02 0.92196262 0.83856189
1261922241 5.00000007E-02 0.84006864 0.68873441
1262034644 5.00000007E-02 0.83140415 0.67597127
1262237921 5.00000007E-02 0.70050800 0.47586584
1262343689 0.0000000 0.73150855 0.51121318
1262367286 0.0000000 0.85441989 0.71837181
1262622742 5.00000007E-02 0.67736697 0.34966427
1262633257 5.00000007E-02 0.74287206 0.53264296
1263881366 5.00000007E-02 0.89885515 0.79292971
1265523000 0.0000000 0.93130267 0.85755569
1265599504 5.00000007E-02 0.70340580 0.48298728
1265691729 0.0000000 0.96690804 0.92760855
1265942558 5.00000007E-02 0.83105212 0.67910755
1266289887 0.0000000 0.95828873 0.91070145
1266816064 0.25000000 0.24644493 -338123.13
1267146477 0.25000000 0.25492880 -839276.06
1267162697 0.10000000 0.31730440 -273976.78
1267661932 0.0000000 0.59521812 -0.17608845
1267662287 11.850000 0.10636197 -2.58668661E-02
1267686434 0.0000000 0.84016639 0.70077336
1267690576 0.0000000 0.82493198 0.55237472
1268040382 0.0000000 0.77971995 0.58415204
1268902896 0.0000000 0.99841970 0.99655539
1268931240 0.0000000 0.99827933 0.99625885
1269644874 0.0000000 0.99904633 0.99599588
1270335780 0.0000000 0.99801069 0.99337918
1270813793 0.0000000 0.99867058 0.99651217
1270961850 0.0000000 0.99834627 0.99669349
1270999307 0.0000000 0.99736732 0.99229199
1271168968 0.0000000 0.99766195 0.99516535
1271191748 0.0000000 0.99729806 0.99427611
1271987388 0.0000000 0.99792433 0.99573457
1272194052 0.0000000 0.99729568 0.99353361
1272250791 0.0000000 0.99855852 0.99711394
1272823213 0.0000000 0.99732691 0.99411738
1274901407 0.0000000 0.99859887 0.99601442
1276535865 0.0000000 0.99832302 0.99479806
1276561877 0.0000000 0.99775124 0.99470890
1276823323 0.0000000 0.99816698 0.99630111
1277440084 0.0000000 0.99644041 0.99227077
1277575551 0.0000000 0.99815458 0.99564576
1277670806 0.0000000 0.99833876 0.99665272
1278097892 0.0000000 0.99676377 0.99351084
1278515743 0.0000000 0.98883790 0.97620630
1278618217 0.0000000 0.99880147 0.99759918
1278636079 0.0000000 0.99779242 0.99484992
1279357457 0.0000000 0.99739319 0.99471045
1279458204 0.0000000 0.99825096 0.99645919
1280029930 0.0000000 0.99713606 0.99427313
1280553485 0.0000000 0.99782544 0.99550974
1280563997 0.0000000 0.99777466 0.99541867
1280587745 0.0000000 0.99800760 0.99591666
1281476617 0.0000000 0.99748003 0.99474412
1282408680 0.0000000 0.99797344 0.99589735
1282415961 0.0000000 0.99780911 0.99559587
1282416480 0.0000000 0.99833429 0.99650848
1283157909 0.0000000 0.99815893 0.99628037
1283540817 0.0000000 0.99781942 0.99562460
1284039008 0.0000000 0.99798375 0.99591964
1284244867 0.0000000 0.99793935 0.99573922
1284952628 0.0000000 0.99790561 0.99579620
1285350982 0.0000000 0.99611050 0.99181724
1285695233 0.0000000 0.99792486 0.99585927
1285876560 0.0000000 0.99723244 0.99409765
1286047392 0.0000000 0.99816525 0.99576914
1286198915 0.0000000 0.99817729 0.99634355
1286865806 0.0000000 0.99810815 0.99543983
1287036373 0.0000000 0.98105097 0.96202725
1289221280 0.0000000 0.99766529 0.99532652
1289567329 0.0000000 0.82612377 0.52824223
1289576340 0.0000000 0.53647196 -1.3595076
1290342705 0.0000000 0.99610740 0.99220628
1290784424 0.0000000 0.87568623 0.68646491
1290799240 0.0000000 0.19138809 -23.161304
1291601652 0.0000000 0.93337792 0.85431898
1291689974 0.0000000 0.47360089 -2.0310340
1291927327 22.600000 9.85566154E-02 -796.30371
1292000461 69.700005 9.57190171E-02 -1333.9188
1294804388 0.0000000 0.47835442 -3.0005660
1296507195 0.0000000 0.86895227 0.64721745
1296548191 0.0000000 0.98374987 0.96568251
1297058102 0.0000000 0.79421127 0.38922989
1297342916 0.0000000 0.19035001 -27.032255
1297754297 0.0000000 0.27217838 -9.8869514
1298970247 0.0000000 0.99770069 0.99422675
1299845150 0.0000000 0.99550807 0.98977435
1300123317 0.0000000 0.99646068 0.99250543
1300281136 0.0000000 0.99616718 0.99146569
1300608051 0.0000000 0.99759716 0.99488199
1301123952 0.0000000 0.99866396 0.99640155
1301458951 0.0000000 0.99730766 0.99432552
1301964194 0.0000000 0.99722207 0.99369097
1302916270 0.0000000 0.99863386 0.99700856
1302961193 0.0000000 0.99758410 0.99470955
1303685617 0.0000000 0.99455827 0.98901463
1304080155 0.0000000 0.99695063 0.99130076
1304082768 0.0000000 0.99740833 0.99463433
1304152538 0.0000000 0.99813628 0.99531806
1304437954 0.0000000 0.99715728 0.99373984
1304717510 0.0000000 0.99758703 0.99460793
1304757333 0.0000000 0.99732882 0.99340338
1306028051 0.0000000 0.99809700 0.99591625
1306098435 0.0000000 0.99646384 0.99219650
1306261925 0.0000000 0.99726492 0.99399781
1307034472 0.0000000 0.99780190 0.99525845
1307669122 0.0000000 0.99799633 0.99565917
1308478735 0.0000000 0.99839503 0.99573898
1309048281 0.0000000 0.99775368 0.99513561
1309094354 0.0000000 0.99661046 0.99278593
1309326569 0.0000000 0.97539020 0.94756562
1309474048 0.0000000 0.99678725 0.99207956
1309601047 0.0000000 0.99442905 0.98711616
1309696244 0.0000000 0.99801314 0.99563891
1309953539 0.0000000 0.99755627 0.99485022
1310469430 0.0000000 0.99802506 0.99551684
1310541580 0.0000000 0.99781722 0.99479008
1310928323 0.0000000 0.99802810 0.99523121
1311000534 0.0000000 0.99791610 0.99552357
1311084070 0.0000000 0.99830735 0.99554771
1311142337 0.0000000 0.99767166 0.99483454
1311692424 0.0000000 0.98616016 0.97026032
1313100452 0.0000000 0.99743634 0.99413311
1314264913 0.0000000 0.99684709 0.99333644
1314789752 0.0000000 0.99635571 0.99253750
1315538819 0.0000000 0.99791944 0.99561220
1315635988 0.0000000 0.98736817 0.97234178
1315804512 0.0000000 0.99667686 0.99222845
1316643513 0.0000000 0.99718094 0.99386990
1316653258 0.0000000 0.99725962 0.99421656
1317835272 0.0000000 0.73360229 0.24022532
1318175665 0.0000000 0.99686158 0.99366319
1318478724 0.0000000 0.99755615 0.99442321
1319945023 0.0000000 0.99746042 0.99470305
1320074224 0.0000000 0.99850309 0.99613249
1320721143 0.0000000 0.99844533 0.99641299
1321061921 0.0000000 0.99848419 0.99627203
1322787324 0.0000000 0.99719334 0.99351948
1323861170 0.0000000 0.99820095 0.99435288
1323909341 0.0000000 0.99718827 0.99376214
1324582798 0.0000000 0.99792057 0.99544907
1325660397 0.0000000 0.99781871 0.99519235
1326181267 0.0000000 0.99691796 0.99241734
1326728445 0.0000000 0.99060535 0.98046726
1327107001 0.0000000 0.99802572 0.99540019
1327480583 0.0000000 0.99773443 0.99448812
1327824459 0.0000000 0.99782670 0.99510026
1328324062 0.0000000 0.99812615 0.99600661
1328459111 0.0000000 0.99695313 0.99352115
1330223700 0.0000000 0.99746686 0.99451464
1330883534 0.0000000 0.99710947 0.99372733
1332071890 0.0000000 0.99713898 0.99310189
1332086295 0.0000000 0.99297202 0.98425716
1332373478 0.0000000 0.99661666 0.99276119
1333258441 0.0000000 0.99668473 0.99313241
1333828758 0.0000000 0.99692404 0.99330580
1333921411 0.0000000 0.99834371 0.99651223
1334227165 0.0000000 0.99752456 0.99464381
1334800688 0.0000000 0.99757087 0.99436212
1335409258 0.0000000 0.93214303 0.84973800
1335538115 0.0000000 0.99685806 0.99294621
1338362741 0.0000000 0.99809879 0.99518234
1338842309 0.0000000 0.99748343 0.99373132
1338890190 0.0000000 0.99808842 0.99604565
1338944914 0.0000000 0.99729764 0.99370134
1338944979 0.0000000 0.99735880 0.99324954
1338945045 0.0000000 0.99797416 0.99587196
1339216879 0.0000000 0.99755138 0.99446821
1339275618 0.0000000 0.99779475 0.99531221
1339278860 0.0000000 0.99684340 0.99329877
1339309409 0.0000000 0.99707466 0.99336672
1339575740 0.0000000 0.99831587 0.99653965
1339598466 0.0000000 0.99806195 0.99574268
1339646879 0.0000000 0.99727160 0.99362218
1339690513 0.0000000 0.99714816 0.99363679
1339702255 0.0000000 0.99792045 0.99497563
1339923712 0.0000000 0.99879032 0.99704438
1341299876 0.0000000 0.99746251 0.99441749
1341924177 0.0000000 0.99784023 0.99541360
1342405200 0.0000000 0.99513376 0.98921573
1344277570 0.0000000 0.99720442 0.99397260
1344910008 0.0000000 0.99773318 0.99510884
1344941743 0.0000000 0.99723160 0.99434733
1345138860 0.0000000 0.99759382 0.99517357
1345234802 0.0000000 0.99751800 0.99407035
1346380382 0.0000000 0.87598020 0.67975789
1346415099 0.0000000 0.99842334 0.99651730
1346415834 0.0000000 0.99827260 0.99619395
1346788818 0.0000000 0.99798942 0.99582171
1346816730 0.0000000 0.99772823 0.99468869
1348523853 0.0000000 0.99698889 0.99389237
1350722979 0.0000000 0.99785537 0.99495697
1350800865 0.0000000 0.98819780 0.97491652
1351161077 0.0000000 0.99700588 0.99329537
1352122829 0.0000000 0.99792582 0.99518234
1352554787 0.0000000 0.98277920 0.96407199
1353431341 0.0000000 0.99696445 0.99338681
1353536726 0.0000000 0.99783492 0.99551487
1354158772 0.0000000 0.99612057 0.99186379
1354470336 0.0000000 0.99784869 0.99533230
1354477411 0.0000000 0.99757731 0.99492347
1354976814 0.0000000 0.99796772 0.99548817
1355221924 0.0000000 0.99825990 0.99524850
1356243184 0.0000000 0.99788564 0.99546820
1356319072 0.0000000 0.99197894 0.98228610
1356487597 0.0000000 0.99772841 0.99489969
1356883405 0.0000000 0.99703860 0.99357009
1357128106 0.0000000 0.99730599 0.99287146
1357236484 0.0000000 0.99706072 0.99383962
1357270197 0.0000000 0.99788868 0.99550128
1357331931 0.0000000 0.99773705 0.99493760
1357541346 0.0000000 0.99776119 0.99517864
1357994057 0.0000000 0.99769729 0.99486345
1358411441 0.0000000 0.99802643 0.99559146
1358708986 0.0000000 0.99683028 0.99222124
1359776392 0.0000000 0.99795836 0.99509454
1361064727 0.0000000 0.99840885 0.99655807
1361239965 0.0000000 0.99714750 0.99385720
1361256759 0.0000000 0.99734527 0.99431181
1361373628 0.0000000 0.99725550 0.99386388
1361471757 0.0000000 0.99788040 0.99543846
1361665659 0.0000000 0.99635088 0.99011850
1362386544 0.0000000 0.99664634 0.99222690
1362609444 0.0000000 0.99723101 0.99386036
1362627405 0.0000000 0.99721259 0.99355096
1362643640 0.0000000 0.99768478 0.99455309
1363079024 0.0000000 0.99728334 0.99259776
1363764120 0.0000000 0.99809313 0.99507576
1364349799 0.0000000 0.99377823 0.98739481
1364349845 0.0000000 0.99694926 0.99378920
1364355002 0.0000000 0.99352825 0.98647898
1364690983 0.0000000 0.99580461 0.99092740
1365625224 0.0000000 0.99814671 0.99581313
1366061297 0.0000000 0.93982786 0.85454923
1366432589 0.0000000 0.99749577 0.99377984
1366513671 0.0000000 0.99685419 0.99299049
1369110346 0.0000000 0.99809855 0.99606663
1369124755 0.0000000 0.99737680 0.99367321
1369791239 0.0000000 0.99817747 0.99538773
1369883683 0.0000000 0.99821991 0.99414289
1370118743 0.0000000 0.99700361 0.99341637
1370151783 0.0000000 0.99798912 0.99562895
1370623082 0.0000000 0.99806446 0.99602377
1372241957 0.0000000 0.99783164 0.99501634
1372463510 0.0000000 0.99906462 0.99798965
1373829868 0.0000000 0.99657696 0.99227959
1373895699 0.0000000 0.99801672 0.99490738
1373969495 0.0000000 0.99848390 0.99670434
1376837821 -46.299999 7.89574981E-02 2.38132477E-03
1377205321 148.80000 0.16531491 3.10295820E-03
1377355603 73.450005 0.15092024 6.55770302E-04
1377407246 51.250000 5.73774204E-02 3.78513336E-03
1378247005 79.250000 0.10602247 3.13067436E-03
1378467231 18.500000 0.17861418 1.18601322E-03
1379475197 -33.250000 8.17198828E-02 2.80874968E-03
1380542719 91.250000 0.15005718 1.18273497E-03
1381466759 39.000000 0.12307235 1.07896328E-03
1381684855 170.75000 8.74484479E-02 1.47259235E-03
1382170436 178.75000 6.65449053E-02 9.25934315E-03
1382919848 12.050000 8.71012136E-02 2.98213959E-03
1383069011 114.80000 9.33807120E-02 4.03940678E-03
1383085061 -23.600000 7.08093494E-02 2.44808197E-03
1383220929 -6.8499999 0.12663437 3.64184380E-05
1383227120 162.75000 7.96302557E-02 1.66165829E-03
1383227831 112.50000 0.10043160 9.99450684E-04
1383234448 259.35001 0.13238560 4.93168831E-04
1383263545 196.65001 0.11243150 1.34593248E-03
1383450194 262.70001 0.11909555 1.05082989E-03
1383519374 175.75000 0.10434532 7.71701336E-04
1383809110 154.60001 0.11167914 8.74817371E-04
1383809501 228.40001 9.09635350E-02 1.29085779E-03
1383989687 27.400000 0.10521526 2.95776129E-03
1384145710 37.049999 8.48440677E-02 1.25110149E-03
1384544358 6.8499999 0.11012334 4.41431999E-04
1385019362 151.75000 0.12593012 4.81486320E-04
1386347977 96.200005 9.32818502E-02 -9.86107588E-02
1386357780 45.850002 0.12194578 2.37971544E-03
1387916955 161.55000 0.13734378 5.67919016E-03
1389034180 139.65001 0.11342012 2.22504139E-03
1389204911 -43.700001 0.12409526 1.12468004E-03
1389717867 215.45000 0.14286396 2.91585922E-04
1389724692 114.90000 0.11603370 1.52891874E-03
1389729005 106.60000 0.10470693 1.92850828E-03
1389740803 -18.400000 0.18651287 2.34603882E-03
1389904819 115.80000 0.12822640 2.01278925E-03
1390517490 193.55000 0.10286254 5.71727753E-04
1390619771 19.250000 0.12725367 5.02109528E-04
1391790286 30.850000 8.11190680E-02 3.09735537E-03
1393014317 -11.150001 0.19665258 2.41160393E-04
1393065064 101.10000 9.08259228E-02 3.08704376E-03
1393759985 1.2500000 6.84999600E-02 2.82561779E-03
1393791078 45.100002 0.10916680 4.48524952E-04
1394913876 22.500000 9.98364314E-02 2.66891718E-03
1395061976 112.05000 0.17740123 4.74989414E-04
1395231566 118.40000 0.11656629 2.22384930E-04
1397097485 -40.650002 0.13189635 1.90949440E-03
1397746253 211.25000 0.10096519 3.93563509E-03
1398443585 -18.200001 0.13133092 1.49196386E-03
1399207416 70.400002 0.13242628 3.14712524E-04
1399278483 49.350002 0.15066436 2.89827585E-03
1399745740 0.0000000 0.99678254 0.99245054
1399746271 0.0000000 0.99719805 0.99316627
1400631673 0.0000000 0.99588454 0.99119693
1401021673 0.0000000 0.99499923 0.98860395
1401296286 0.0000000 0.99412417 0.98790991
1402085900 0.0000000 0.99640322 0.99132693
1402313583 0.0000000 0.99185216 0.98288345
1402624068 0.0000000 0.98846513 0.97347373
1402784563 0.0000000 0.99589175 0.99131513
1403034553 0.0000000 0.99564826 0.98915052
1403317269 0.0000000 0.99598014 0.98958635
1403439974 0.0000000 0.99582893 0.98926681
1404774365 0.0000000 0.99660045 0.99233633
1404925818 0.0000000 0.99727422 0.99370247
1405577514 0.0000000 0.99519747 0.98917937
1407296767 0.0000000 0.99351829 0.98613971
1407544588 0.0000000 0.87943590 0.69794488
1408047770 0.0000000 0.99534154 0.98968440
1410046387 0.0000000 0.99627405 0.99205995
1410325949 0.0000000 0.99741089 0.99449372
1410382444 0.0000000 0.99552351 0.99032164
1411247643 0.0000000 0.99620855 0.99149430
1411641303 0.0000000 0.99579000 0.98980898
1412009058 0.0000000 0.98564947 0.96784306
1412705290 0.0000000 0.99691093 0.99333549
1413207959 0.0000000 0.87883782 0.69689190
1414298821 0.0000000 0.99643695 0.99229527
1416419181 0.0000000 0.99718565 0.99406695
1416419227 0.0000000 0.99709409 0.99340773
1416540553 0.0000000 0.99524623 0.98901504
1417557685 0.0000000 0.99680841 0.99272174
1417655668 0.0000000 0.99716067 0.99383056
1418245419 0.0000000 0.99730259 0.99346733
1418533563 0.0000000 0.99380308 0.98635477
1419682925 0.0000000 0.99655414 0.99142158
1419947441 0.0000000 0.99561453 0.98869663
1419995164 0.0000000 0.99645138 0.99181837
1420012476 0.0000000 0.99707621 0.99332005
1420437226 0.0000000 0.99290574 0.98496550
1420606112 0.0000000 0.99753845 0.99499446
1420742654 0.0000000 0.97124225 0.93648261
1421435535 0.0000000 0.99647361 0.99205518
1421639313 0.0000000 0.99587613 0.99039030
1422083726 0.0000000 0.99568230 0.99024421
1422374758 0.0000000 0.99331939 0.98561114
1422958210 0.0000000 0.99279386 0.98358506
1423037687 0.0000000 0.99517018 0.98831636
1423603888 0.0000000 0.71862817 0.11313462
1423726535 0.0000000 0.99654865 0.99308258
1423857991 0.0000000 0.99470598 0.98832363
1424969403 0.0000000 0.99652231 0.99086386
1426114954 0.0000000 0.99697781 0.99265742
1426344314 0.0000000 0.99693906 0.99211848
1426852891 0.0000000 0.99627316 0.99146324
1427105631 0.0000000 0.99600136 0.98941040
1427483378 0.0000000 0.99248344 0.98363674
1428208678 0.0000000 0.99704862 0.99390006
1428320250 0.0000000 0.99526352 0.98831046
1428945237 0.0000000 0.99438858 0.98809165
1429127316 0.0000000 0.99550021 0.99036032
1429494176 0.0000000 0.99780047 0.99488014
1429494550 0.0000000 0.99690193 0.99322361
1429528847 0.0000000 0.99570107 0.99116081
1429530313 0.0000000 0.99766493 0.99516565
1429531199 0.0000000 0.99730504 0.99421197
1429992097 0.0000000 0.99677330 0.99286819
1430658547 0.0000000 0.99720675 0.99385947
1431333501 0.0000000 0.99689656 0.99365991
1431387795 0.0000000 0.99613023 0.99200279
1431628549 0.0000000 0.99680674 0.99322999
1432588969 0.0000000 0.99572831 0.99116367
1432601816 0.0000000 0.99670088 0.99279439
1432799863 0.0000000 0.99678952 0.99226743
1434467768 0.0000000 0.99487203 0.98958588
1434867330 0.0000000 0.99696410 0.99274105
1435335400 0.0000000 0.99558640 0.98992640
1438066750 0.0000000 0.99687284 0.99288785
1438936857 0.0000000 0.99661618 0.99059331
1439209234 0.0000000 0.90909249 0.77914751
1439418087 0.0000000 0.97112000 0.93746185
1439474882 0.0000000 0.99769980 0.99466699
1439699200 0.0000000 0.95072830 0.89168876
1441113885 0.0000000 0.99631345 0.99253565
1441128847 0.0000000 0.99634188 0.99197644
1441160293 0.0000000 0.99728394 0.99411559
1441898607 0.0000000 0.99744827 0.99482310
1442339782 0.0000000 0.99743432 0.99482465
1442345855 0.0000000 0.99748015 0.99459457
1442345878 0.0000000 0.99703550 0.99251199
1442408939 0.0000000 0.99765712 0.99520409
1442410226 0.0000000 0.99699849 0.99373096
1442413798 0.0000000 0.99757522 0.99344945
1443074281 0.0000000 0.99388647 0.98658973
1443555465 0.0000000 0.99604255 0.99167931
1444648487 0.0000000 0.99544322 0.98919338
1444736944 0.0000000 0.99545944 0.98998290
1444953165 0.0000000 0.99649996 0.99249399
1444953267 0.0000000 0.99607617 0.99132067
1445014914 0.0000000 0.99434578 0.98752242
1445221055 0.0000000 0.99734771 0.99441141
1445233331 0.0000000 0.99702197 0.99400389
1445239215 0.0000000 0.99747992 0.99490386
1446412182 0.0000000 0.99637562 0.99187851
1446412281 0.0000000 0.99734175 0.99400675
1446509184 0.0000000 0.99679351 0.99333471
1446509190 0.0000000 0.99679327 0.99333507
1446714386 0.0000000 0.99651247 0.99191380
1447167192 0.0000000 0.99638414 0.99144906
1447255999 0.0000000 0.99686265 0.99167144
1447277516 0.0000000 0.99552315 0.98895943
1448316095 0.0000000 0.95379901 0.89503199
1448671943 0.0000000 0.99650687 0.99246669
1449033717 0.0000000 0.99482244 0.98800588
1449035580 0.0000000 0.99574953 0.98960137
1449153073 0.0000000 0.99481046 0.98789191
1449935242 0.0000000 0.99486375 0.98875117
1450510821 0.0000000 0.94823831 0.88346684
1450536811 0.0000000 0.98312664 0.96469146
1450992022 0.0000000 0.99259239 0.98232603
1451199638 0.0000000 0.99714166 0.99163705
1451327726 0.0000000 0.99686027 0.99293822
1451523194 0.0000000 0.97723454 0.94926411
1451829690 0.0000000 0.99598497 0.99095237
1451928000 0.0000000 0.98451662 0.96719885
1452487977 0.0000000 0.99755734 0.99383694
1453169606 0.0000000 0.99682826 0.99309218
1453824336 0.0000000 0.98895913 0.97695518
1454422761 0.0000000 0.99601680 0.99071532
1454702246 0.0000000 0.99560142 0.99100882
1454702308 0.0000000 0.99581754 0.99164855
1454702406 0.0000000 0.99682361 0.99335998
1454702512 0.0000000 0.99695367 0.99381703
1454978820 0.0000000 0.99648637 0.99240321
1455590759 0.0000000 0.99374372 0.98660970
1455595494 0.0000000 0.99341172 0.98634946
1455757779 0.0000000 0.99043262 0.98075420
1455758311 0.0000000 0.99067432 0.98098755
1456215987 0.0000000 0.99679190 0.99187523
1456541993 0.0000000 0.99375600 0.98653591
1457201466 0.0000000 0.99477077 0.98756683
1457276938 0.0000000 0.99520200 0.98973536
1459152479 0.0000000 0.99615413 0.99203712
1459502085 0.0000000 0.99071330 0.97847164
1459988008 0.0000000 0.99364835 0.98466492
1460294506 0.0000000 0.99552977 0.98833162
1460353509 0.0000000 0.99373382 0.98730290
1460804146 0.0000000 0.99584335 0.99155664
1461082597 0.0000000 0.99638659 0.99205154
1461607991 0.0000000 0.99641597 0.99225086
1461770234 0.0000000 0.99663705 0.99327338
1461770257 0.0000000 0.99640501 0.99273825
1461770858 0.0000000 0.99626303 0.99206823
1461781146 0.0000000 0.99539340 0.99046808
1461806086 0.0000000 0.99762136 0.99514079
1462056417 0.0000000 0.99676532 0.99346185
1462199340 0.0000000 0.99583292 0.99132812
1462521203 0.0000000 0.99650300 0.99261379
1462632669 0.0000000 0.99682224 0.99353456
1462675593 0.0000000 0.99515510 0.99024540
1463023035 0.0000000 0.99685180 0.99370593
1463023251 0.0000000 0.99639291 0.99271840
1463023282 0.0000000 0.99627328 0.99245012
1463027395 0.0000000 0.99728376 0.99435395
1463127852 0.0000000 0.99605161 0.99194545
1463195522 0.0000000 0.99496180 0.98980165
1463196768 0.0000000 0.99619728 0.99229574
1463530965 0.0000000 0.99443698 0.98830742
1463863900 0.0000000 0.99668795 0.99329859
1463882779 0.0000000 0.99601001 0.99180305
1464184475 0.0000000 0.98487782 0.96876913
1464544116 0.0000000 0.99314159 0.98524505
1464576767 0.0000000 0.99712282 0.99423903
1464630651 0.0000000 0.99588466 0.99123985
1464672226 0.0000000 0.99592179 0.99182725
1466204142 0.0000000 0.99555546 0.99030232
1466383187 0.0000000 0.99545413 0.99082822
1466409210 0.0000000 0.99656087 0.99298155
1466715930 0.0000000 0.99639606 0.99191177
1467361422 0.0000000 0.99655902 0.99291509
1469019333 0.0000000 0.99738055 0.99348235
1469592155 0.0000000 0.99653411 0.99299282
1471008941 0.0000000 0.99576950 0.99066418
1471908408 0.0000000 0.99536097 0.98983717
1472660934 0.0000000 0.99631196 0.99202359
1473440050 0.0000000 0.99623442 0.99187696
1475055492 0.0000000 0.99745131 0.99454874
1475769120 0.0000000 0.99716640 0.99372363
1477370752 0.0000000 0.99546421 0.99042612
1478519786 0.0000000 0.99616456 0.99119097
1478903131 0.0000000 0.99585474 0.99131614
1480024554 0.0000000 0.99677283 0.99336231
1480377579 0.0000000 0.99238366 0.98390853
1480507474 0.0000000 0.99582696 0.99070442
1481256588 0.0000000 0.99749076 0.99489874
1481811269 0.0000000 0.99642694 0.99230868
1483057851 0.0000000 0.99511170 0.98870629
1483513641 0.0000000 0.99335819 0.98647231
1484155863 0.0000000 0.99475801 0.98934948
1484797338 0.0000000 0.52960229 -1.2010574
1484900187 0.0000000 0.96099406 0.92348522
1485329586 0.0000000 0.99637705 0.99242741
1486746772 0.0000000 0.99516976 0.98309010
1487420859 0.0000000 0.97800088 0.95584869
1487652197 0.0000000 0.93817586 0.87692714
1488212310 0.0000000 0.99416685 0.98579162
1488924651 0.0000000 0.99621946 0.99215502
1489967289 0.0000000 0.99523783 0.99026626
1490066029 0.0000000 0.76051641 0.27816421
1490805242 0.0000000 0.99172544 0.98235041
1492112471 0.0000000 0.99813646 0.99606079
1492367656 0.0000000 0.99342543 0.98647738
1493517442 0.0000000 0.99516863 0.99014765
1493960850 0.0000000 0.99434519 0.98781645
1493986611 0.0000000 0.66559231 -0.24897516
1494889974 0.0000000 0.99585408 0.99130863
1494932580 0.0000000 0.99684572 0.99361342
1495631454 0.0000000 0.99560541 0.99114442
1495691291 0.0000000 0.99553370 0.99087650
1495956669 0.0000000 0.99486023 0.98849362
1495999757 0.0000000 0.99748993 0.99493265
1496582686 0.0000000 0.99574816 0.99132538
1497967350 0.0000000 0.70529854 -3.97313833E-02
1498029939 0.0000000 0.99748605 0.99428838
1500318986 0.0000000 0.99314916 0.98571002
1501139292 0.0000000 0.98739827 0.97388023
1501845585 0.0000000 0.99520206 0.99027783
1502294736 0.0000000 0.99535018 0.99051666
1502416734 0.0000000 0.99459088 0.98833901
1502582915 0.0000000 0.99297333 0.98517978
1504364658 0.0000000 0.98929971 0.97555184
1505096741 0.0000000 0.99656618 0.99276161
1505687994 0.0000000 0.99489224 0.98967040
1505917796 0.0000000 0.99712884 0.99416554
1506232185 0.0000000 0.99596655 0.99150985
1506549399 0.0000000 0.99239630 0.98307967
1507505391 0.0000000 0.99428540 0.98831362
1507747520 0.0000000 0.99715376 0.99416125
1508582157 0.0000000 0.99295706 0.98414850
1509318944 0.0000000 0.99667031 0.99324405
1509677295 0.0000000 0.99418527 0.98823422
1509677339 0.0000000 0.99409789 0.98805434
1509752088 0.0000000 0.99608189 0.99186838
1510398879 0.0000000 0.99557626 0.99082887
1510402973 0.0000000 0.99578607 0.99150211
1510440860 0.0000000 0.99392432 0.98704159
1510947032 0.0000000 0.99425703 0.98846048
1511360409 0.0000000 0.99599272 0.99130386
1511470532 0.0000000 0.99446756 0.98883700
1512230735 0.0000000 0.99394053 0.98511958
1512377977 0.0000000 0.99325019 0.98598576
1512704669 0.0000000 0.99623179 0.99113077
1513120660 0.0000000 0.99596685 0.99162149
1516168751 0.0000000 0.99648529 0.99205947
1516984288 0.0000000 0.99520940 0.99017036
1517686257 0.0000000 0.99588335 0.99113911
1517749972 0.0000000 0.99682021 0.99339461
1517752600 0.0000000 0.99582404 0.99128652
1517752662 0.0000000 0.99598390 0.99173689
1517753127 0.0000000 0.99463892 0.98916489
1517753452 0.0000000 0.99580562 0.99132997
1517753522 0.0000000 0.99579757 0.99131024
1517753592 0.0000000 0.99583286 0.99139637
1517753815 0.0000000 0.99620557 0.99236298
1517758427 0.0000000 0.99559104 0.99111146
1517763262 0.0000000 0.99538112 0.99018687
1517821602 0.0000000 0.99738222 0.99449366
1517823894 0.0000000 0.99593079 0.99145776
1517846321 0.0000000 0.99607617 0.99183613
1517852233 0.0000000 0.99496341 0.98986638
1517893754 0.0000000 0.99643266 0.99254024
1517906208 0.0000000 0.99598628 0.99131370
1517932241 0.0000000 0.99373442 0.98721188
1517932280 0.0000000 0.99660575 0.99286872
1517932282 0.0000000 0.99696487 0.99364626
1517932427 0.0000000 0.99664545 0.99308550
1517932434 0.0000000 0.99664092 0.99308145
1517932492 0.0000000 0.99701959 0.99373883
1517933877 0.0000000 0.99684840 0.99338627
1517940013 0.0000000 0.99691111 0.99356925
1517940459 0.0000000 0.99645078 0.99291426
1517944528 0.0000000 0.99601984 0.99205130
1517945796 0.0000000 0.99534422 0.99066061
1517950582 0.0000000 0.99553823 0.99096817
1517958702 0.0000000 0.99630445 0.99218839
1517960631 0.0000000 0.99610442 0.99216443
1517969882 0.0000000 0.99681437 0.99358553
1517974578 0.0000000 0.99516928 0.98991144
1517998787 0.0000000 0.99550593 0.99077678
1518001985 0.0000000 0.99558055 0.99116117
1518008800 0.0000000 0.99632967 0.99220049
1518008880 0.0000000 0.99610871 0.99178725
1518013159 0.0000000 0.99619895 0.99240756
1518016890 0.0000000 0.99671626 0.99335325
1518016916 0.0000000 0.99668092 0.99336547
1518051257 0.0000000 0.99664134 0.99307352
1518059164 0.0000000 0.99643302 0.99237454
1518142443 0.0000000 0.99469334 0.98925024
1518201789 0.0000000 0.99648720 0.99297750
1518248929 0.0000000 0.99579930 0.99017543
1518858396 0.0000000 0.99080014 0.98028600
1518981709 0.0000000 0.99350506 0.98547119
1519051621 0.0000000 0.99628651 0.99108028
1519254641 0.0000000 0.99398315 0.98703092
1519583320 0.0000000 0.99618727 0.99237686
1519962147 0.0000000 0.99471742 0.98848295
1520098551 0.0000000 0.99533337 0.98999280
1520329330 0.0000000 0.99567568 0.99002248
1521024527 0.0000000 0.99599224 0.99171531
1521537776 0.0000000 0.99499100 0.99000466
1521728871 0.0000000 0.99528605 0.98989826
1522232997 0.0000000 0.99581665 0.99061805
1522282670 0.0000000 0.99486840 0.98911136
1522598524 0.0000000 0.99388176 0.98761243
1523432369 0.0000000 0.99098271 0.98000908
1523886539 0.0000000 0.99394315 0.98658562
1524201906 0.0000000 0.99680269 0.99353713
1524248877 0.0000000 0.99241793 0.98373550
1524308214 0.0000000 0.99388832 0.98695260
1524503432 0.0000000 0.99629682 0.99188501
1524721460 0.0000000 0.99274415 0.98507154
1524721601 0.0000000 0.99032664 0.98018289
1524808553 0.0000000 0.99192750 0.98269933
1525218424 0.0000000 0.99747664 0.99469894
1526098666 0.0000000 0.99451029 0.98764253
1527728598 0.0000000 0.99391824 0.98699576
1527904870 0.0000000 0.99327350 0.98658633
1528731725 0.0000000 0.99492353 0.98748565
1528750347 0.0000000 0.99481231 0.98775345
1528856173 0.0000000 0.95741856 0.90888590
1529096035 0.0000000 0.99619603 0.99159777
1529334375 0.0000000 0.99495965 0.98854613
1529522338 0.0000000 0.99644846 0.99262059
1530516370 0.0000000 0.99560559 0.99097979
1530516385 0.0000000 0.99560714 0.99098206
1530609654 0.0000000 0.99527454 0.98972017
1531312909 0.0000000 0.99456871 0.98875374
1531507119 0.0000000 0.99339485 0.98681885
1532050755 0.0000000 0.99053121 0.98048997
1533217098 0.0000000 0.99532610 0.99023449
1533504622 0.0000000 0.99539798 0.98931819
1533801692 0.0000000 0.98563296 0.96985048
1534500582 0.0000000 0.99445260 0.98815489
1534551317 0.0000000 0.99745810 0.99467468
1535572403 0.0000000 0.99410897 0.98796785
1535660064 0.0000000 0.99461555 0.98822582
1536498994 0.0000000 0.99751145 0.99301326
1536641006 0.0000000 0.99574554 0.99125570
1536700815 0.0000000 0.99299550 0.98489833
1538633849 0.0000000 0.98238122 0.96224964
1538766649 0.0000000 0.90546185 0.76420921
1539072778 0.0000000 0.99189234 0.98171139
1539164591 0.0000000 0.99530798 0.99057871
1540269298 0.0000000 0.99763900 0.99506074
1540310644 0.0000000 0.99721795 0.99409300
1541624711 0.0000000 0.99507350 0.98935354
1541712486 0.0000000 0.99362653 0.98699272
1542328459 0.0000000 0.99609357 0.99121779
1542608341 0.0000000 0.99622339 0.99236554
1542638415 0.0000000 0.99521273 0.99040204
1542645094 0.0000000 0.99584371 0.99165970
1543190243 0.0000000 0.99760938 0.99521291
1543191316 0.0000000 0.99002230 0.97932118
1543236658 0.0000000 0.99509788 0.99009848
1543238642 0.0000000 0.98837739 0.97642094
1543314575 0.0000000 0.99426556 0.98850608
1544368541 0.0000000 0.99600339 0.99195248
1544439487 0.0000000 0.99268889 0.98415941
1544621063 0.0000000 0.99496245 0.98976886
1544908865 0.0000000 0.99474132 0.98895901
1545710204 0.0000000 0.99342233 0.98659170
1546538568 0.0000000 0.99580228 0.99155200
1546949806 0.0000000 0.99489719 0.98964286
1548127166 0.0000000 0.99635512 0.99270451
1548825695 0.0000000 0.99654186 0.99297488
1548861293 0.0000000 0.99402040 0.98807240
1549366351 0.0000000 0.99491501 0.98942274
1549558324 0.0000000 0.99565881 0.99132401
1550239687 0.0000000 0.99479491 0.98960781
1551558867 0.0000000 0.88500583 0.72648644
1552012334 0.0000000 0.99629980 0.99255466
1552127531 0.0000000 0.96929985 0.93510586
1552421955 0.0000000 0.99564272 0.99098772
1552451554 0.0000000 0.99581307 0.99162793
1552511242 0.0000000 0.99348998 0.98679733
1552697151 0.0000000 0.99361086 0.98701823
1552968094 0.0000000 0.99669981 0.99268723
1553256348 0.0000000 0.99403167 0.98676103
1553414210 0.0000000 0.99539870 0.99042904
1554087275 0.0000000 0.99519974 0.99000627
1554172029 0.0000000 0.97118837 0.94085896
1554256375 0.0000000 0.98835087 0.97664577
1554343015 0.0000000 0.99424917 0.98842305
1554382610 0.0000000 0.99457043 0.98866343
1554499495 0.0000000 0.99303430 0.98567206
1554706689 0.0000000 0.99307364 0.98546726
1554822801 0.0000000 0.99563050 0.99101305
1554841453 0.0000000 0.99621999 0.99237323
1554850672 0.0000000 0.99523425 0.98965716
1555563667 0.0000000 0.96716094 0.93356997
1556793883 0.0000000 0.99480772 0.98934859
1556970683 0.0000000 0.98272645 0.96410686
1557330527 0.0000000 0.99762875 0.99522573
1557737721 0.0000000 0.99723649 0.99205184
1558197514 0.0000000 0.99624676 0.99124277
1558379328 0.0000000 0.99017400 0.97927195
1558489044 0.0000000 0.99606091 0.99000758
1558591969 0.0000000 0.99705321 0.99276906
1559317998 0.0000000 0.99472535 0.98888946
1559641578 0.0000000 0.99416804 0.98775262
1559762840 0.0000000 0.99534142 0.99039024
1560870606 0.0000000 0.92302418 0.82620955
1561237205 0.0000000 0.99390000 0.98744738
1561242160 0.0000000 0.99465173 0.98896575
1561825206 0.0000000 0.99652237 0.99259979
1561837452 0.0000000 0.99443316 0.98832500
1562610935 0.0000000 0.99693090 0.99374592
1562880116 0.0000000 0.99566406 0.99120229
1563275550 0.0000000 0.99480879 0.98931426
1563531230 0.0000000 0.99465019 0.98871654
1563768365 0.0000000 0.96551174 0.92665768
1563850922 0.0000000 0.99639547 0.99210691
1564123196 0.0000000 0.99483192 0.98758447
1564190683 0.0000000 0.99634427 0.99113464
1564649429 0.0000000 0.99306095 0.98528939
1564753988 0.0000000 0.99693733 0.99356288
1564784683 0.0000000 0.99655950 0.99187827
1565054388 0.0000000 0.99766386 0.99456424
1565055090 0.0000000 0.99611622 0.99146742
1565213283 0.0000000 0.99620843 0.99232614
1565218942 0.0000000 0.99389732 0.98543978
1565905300 0.0000000 0.99565059 0.99060380
1566053525 0.0000000 0.99512988 0.98857802
1566053530 0.0000000 0.99512821 0.98857403
1566074882 0.0000000 0.99318868 0.98537439
1566101114 0.0000000 0.99584532 0.98992872
1566598377 0.0000000 0.88322425 0.69607222
1566648618 0.0000000 0.99405378 0.98691553
1567237819 0.0000000 0.99656731 0.99154443
1567471650 0.0000000 0.99581516 0.99149507
1567604000 0.0000000 0.99400312 0.98660403
1567917359 0.0000000 0.99554157 0.99070680
1568005668 0.0000000 0.99195153 0.98280901
1568095682 0.0000000 0.99599743 0.99097359
1569863578 0.0000000 0.99388731 0.98740989
1570468626 0.0000000 0.99616724 0.99223346
1571312673 0.0000000 0.99630404 0.99259943
1571861758 0.0000000 0.97618496 0.94910234
1572218883 0.0000000 0.99568623 0.99081790
1573491297 0.0000000 0.96469295 0.92368281
1573495893 0.0000000 0.99220365 0.98338646
1574645562 0.0000000 0.99586964 0.99100977
1575564604 0.0000000 0.90817207 0.78305256
1575660753 0.0000000 0.99531758 0.98988432
1576495557 0.0000000 0.99550807 0.99077749
1577769501 0.0000000 0.87850726 0.70607388
1577819410 0.0000000 0.99574494 0.99087554
1578293635 0.0000000 0.99660772 0.99321920
1578510402 0.0000000 0.99593139 0.99040669
1579404154 0.0000000 0.98744059 0.97420752
1579703564 0.0000000 0.99449891 0.98864245
1580749376 0.0000000 0.99660653 0.99204832
1581076659 0.0000000 0.99481332 0.98906791
1581616159 0.0000000 0.99570656 0.99137592
1581629921 0.0000000 0.99308550 0.98584259
1581764406 0.0000000 0.99630111 0.99229884
1581764700 0.0000000 0.99600393 0.99192446
1581794413 0.0000000 0.99515706 0.99030000
1582090065 0.0000000 0.99663919 0.99293083
1582113307 0.0000000 0.99131292 0.98250574
1582546233 0.0000000 0.99500608 0.98970211
1582592414 0.0000000 0.99344027 0.98689932
1582629242 0.0000000 0.99657005 0.99303126
1582695255 0.0000000 0.99622327 0.99142504
1584677477 0.0000000 0.99590969 0.99159002
1585787701 0.0000000 0.89463538 0.75307661
1586537097 0.0000000 0.99567842 0.99114460
1586691401 0.0000000 0.99566424 0.99068588
1587481331 0.0000000 0.99538821 0.99050945
1588476280 0.0000000 0.99354786 0.98700333
1589003116 0.0000000 0.99514270 0.98958945
1589548020 -57.250000 0.21485010 -680701.13
1589756010 0.0000000 0.99403661 0.98793787
1589910785 0.0000000 0.93670511 0.85935402
1590311534 0.0000000 0.89454418 0.74482858
1590359490 0.0000000 0.99707174 0.99412310
1590694463 0.0000000 0.99521172 0.99014121
1590843750 0.0000000 0.99722016 0.99396694
1591494563 0.0000000 0.99603975 0.99185491
1591839506 0.0000000 0.99469262 0.98825318
1591921295 0.0000000 0.99459821 0.98843205
1592079539 0.0000000 0.99579877 0.99110478
1592349420 0.0000000 0.99654800 0.99295449
1593214064 0.0000000 0.99477959 0.98958826
1593241888 0.0000000 0.99393243 0.98777586
1593407313 0.0000000 0.99502563 0.98915482
1593435168 0.0000000 0.99580741 0.99160570
1593519432 0.0000000 0.99180686 0.98300862
1594227272 0.0000000 0.99139130 0.98047495
1594265063 0.0000000 0.99484271 0.98814076
1594267923 0.0000000 0.99593306 0.99049920
1594526768 0.0000000 0.99538672 0.98891574
1594546164 0.0000000 0.90039641 0.75232315
1595767949 0.0000000 0.99608707 0.99068183
1597107665 0.0000000 0.99716932 0.99252617
1597123796 0.0000000 0.96958870 0.93314642
1597187246 0.0000000 0.99450195 0.98814481
1597774608 0.0000000 0.97846884 0.95339793
1597797181 0.0000000 0.99394542 0.98559523
1597806811 0.0000000 0.99506420 0.98803455
1598480108 0.0000000 0.99380863 0.98528135
1598847265 0.0000000 0.98090869 0.95594066
1599036279 0.0000000 0.99103683 0.97967625
1600306672 0.0000000 0.99338502 0.98393905
1600646088 0.0000000 0.99312168 0.98447359
1600833602 0.0000000 0.99525577 0.98888183
1601017581 0.0000000 0.99598503 0.99109602
1601326254 0.0000000 0.99465269 0.98823321
1601342057 0.0000000 0.99492908 0.98872358
1601440640 0.0000000 0.99711066 0.99313450
1601863505 0.0000000 0.99289286 0.98298162
1602517184 0.0000000 0.99650985 0.99242663
1602946993 0.0000000 0.99622446 0.99204874
1602947159 0.0000000 0.99546015 0.99019367
1603087586 0.0000000 0.98754990 0.97067016
1603396062 0.0000000 0.92692870 0.82994425
1603674483 0.0000000 0.99367422 0.98704541
1604358861 0.0000000 0.99560368 0.98881274
1604426346 0.0000000 0.97909725 0.95474976
1604601372 0.0000000 0.99417621 0.98706347
1604626818 0.0000000 0.99579793 0.99142522
1605130406 0.0000000 0.99514526 0.98945701
1605130534 0.0000000 0.99171567 0.98250872
1605266102 0.0000000 0.98515397 0.96711588
1605511152 0.0000000 0.99402130 0.98658109
1605551866 0.0000000 0.98750079 0.97315049
1605557664 0.0000000 0.98787689 0.97418624
1605621503 0.0000000 0.99405134 0.98762059
1605662576 0.0000000 0.99372715 0.98342949
1606582085 0.0000000 0.81476837 0.43258381
1606657334 0.0000000 0.99661589 0.99286032
1607578178 0.0000000 0.99622756 0.99058193
1607606398 0.0000000 0.99638838 0.99250692
1607606851 0.0000000 0.99217838 0.98402882
1607624108 0.0000000 0.99510247 0.98804712
1608317519 0.0000000 0.96492279 0.91682380
1608385359 0.0000000 0.84719598 0.59443057
1609436522 0.0000000 0.99395138 0.98465222
1609594007 0.0000000 0.99571484 0.99047256
1610162996 0.0000000 0.64033419 -0.50006843
1610192153 0.0000000 0.99101335 0.98127663
1610249009 0.0000000 0.99571931 0.98991942
1610838659 0.0000000 0.99522400 0.98917788
1611559538 0.0000000 0.99526370 0.98881531
1611565557 0.0000000 0.99371016 0.98602939
1611574763 0.0000000 0.99496144 0.98815680
1611584686 0.0000000 0.94876492 0.88477242
1611818971 0.0000000 0.99363643 0.98695898
