842984365 0.0000000 0.32798126 -4.7564654
844156464 0.0000000 0.91271198 0.82592195
844853345 5.00000007E-02 0.85533589 0.73031235
844879870 0.0000000 0.61009079 -0.30686891
849080713 0.0000000 0.81204706 0.63037080
850676186 0.0000000 0.67597377 0.45685887
850877408 5.00000007E-02 0.79512477 0.57354665
850908023 0.0000000 0.85850990 0.72276855
851184320 0.0000000 0.57056952 0.31911194
851550736 0.0000000 0.94235015 0.88772190
851807286 0.0000000 0.90077066 0.81102383
852186702 0.0000000 0.79736477 0.52642608
852329204 0.0000000 0.29418209 -4.6874042
852460456 0.0000000 0.97041637 0.94030648
852489653 0.0000000 0.87040412 0.75543815
852515472 0.0000000 0.83847386 0.69044089
853272363 0.0000000 0.64455855 0.38662136
853376840 0.0000000 0.93277246 0.86881477
853407944 0.0000000 0.40232167 -2.2221849
853607627 0.0000000 0.93269497 0.86937332
853739580 5.00000007E-02 0.76569748 0.58594847
854306280 0.0000000 0.78556454 0.61655849
855524541 5.00000007E-02 0.75310886 0.54423296
855593408 0.0000000 0.85606098 0.73245561
855822594 0.0000000 0.69498861 0.42173028
856345761 0.0000000 0.72081566 0.51952171
857058283 0.0000000 0.75551867 0.57055360
857344712 0.0000000 0.55933928 0.22553241
857979217 0.0000000 0.94188368 0.88667560
858004916 0.0000000 0.85777950 0.72450852
859199163 0.0000000 0.51216251 -0.79711139
859246340 0.0000000 0.82245284 0.67624724
860953513 0.0000000 0.84708637 0.71750015
861140002 0.0000000 0.82884055 0.68643641
861746294 0.0000000 0.11964651 -20.365696
862185572 0.0000000 0.64892346 0.42029476
862608623 0.0000000 0.60081398 0.34097034
862627573 0.0000000 0.93230814 0.86867386
863479085 5.00000007E-02 0.65425938 0.42656583
863693027 0.0000000 0.64721209 0.41409236
863763297 0.0000000 0.71107566 0.49296427
864384080 5.00000007E-02 0.54498303 -0.68156755
864454998 0.0000000 0.61347198 0.24816072
865120897 5.00000007E-02 0.58412111 0.33748537
866316320 0.0000000 0.78977996 0.62321377
866599410 0.0000000 0.80159765 0.64253175
866972164 0.0000000 0.92796904 0.85848498
867426807 0.0000000 0.47388041 -2.0768933
868041450 0.0000000 0.97600234 0.95133072
868379187 0.0000000 0.93872297 0.88113272
868522793 0.0000000 0.72895712 0.27441835
868964733 5.00000007E-02 0.88246179 0.77867925
870283927 5.00000007E-02 0.71462798 0.39026749
870770473 5.00000007E-02 0.60812479 -4.48838472E-02
872088689 0.0000000 0.39033312 -0.19002271
872425059 0.0000000 0.86602539 0.74016905
872437680 0.0000000 0.47604817 -0.97104430
872449116 0.0000000 0.91193634 0.82409662
872491072 5.00000007E-02 0.35784185 -3.7045808
872492263 5.00000007E-02 0.69566703 6.60610795E-02
873735427 0.0000000 0.69639599 0.48369104
875433266 5.00000007E-02 0.68352276 0.46679866
875453385 0.0000000 0.25582924 -1.1423414
876594265 0.0000000 0.94439363 0.89089382
877094056 0.0000000 0.69761282 0.34873205
877518611 0.0000000 0.54215294 0.26939231
877518986 5.00000007E-02 0.87962240 0.76517022
877546907 0.0000000 0.51963359 0.26382893
877747215 0.0000000 0.94207162 0.88743150
879374205 0.0000000 0.80695194 0.65113294
892980386 5.00000007E-02 0.71511298 0.50984758
893747340 5.00000007E-02 0.69004166 0.47401136
894067552 5.00000007E-02 0.51957703 -1.2579193
894087462 0.0000000 0.67692077 0.45757139
894238216 0.0000000 0.94781083 0.89714020
894747219 5.00000007E-02 0.79965800 0.63942170
895144921 0.0000000 0.56178087 0.31088191
895222228 5.00000007E-02 0.78969657 0.62372756
895422961 5.00000007E-02 0.79315287 0.63400781
895825584 0.0000000 0.63569367 -2.71747112E-02
896509358 5.00000007E-02 0.86571342 0.73491943
899724834 0.0000000 0.46273881 -0.94620001
900181394 5.00000007E-02 0.90460724 0.81578016
900651074 0.0000000 0.94901425 0.90041745
900701079 0.0000000 0.92479283 0.85515875
900781359 0.0000000 0.74723852 0.51439494
900871111 0.0000000 0.78406900 0.59080660
900952524 0.0000000 0.92941594 0.86346936
901305843 0.0000000 0.98397171 0.96645874
901786541 5.00000007E-02 0.45375758 -0.96124041
901877006 5.00000007E-02 0.73617423 0.53823847
902801269 0.0000000 0.77772987 0.60446817
902970331 0.0000000 0.29870570 -0.89436173
903265983 0.0000000 0.89791769 0.80454552
904013371 0.0000000 0.87935030 0.75734872
904905650 0.0000000 0.92980927 0.86073852
905363640 5.00000007E-02 0.53574538 -5.28305769E-02
905409966 5.00000007E-02 0.75237226 0.44869143
905583188 0.0000000 0.51775664 -0.17640758
905664888 0.0000000 0.90039742 0.81040710
905697214 0.0000000 0.25297830 -7.2363663
905921771 5.00000007E-02 0.32448265 -3.3297682
906395377 0.0000000 0.61437237 -0.37180769
906915742 5.00000007E-02 0.48374295 -1.1309707
906973039 5.00000007E-02 0.39687592 -2.4750280
907937571 0.0000000 0.92179549 0.84642279
908081794 0.0000000 0.20383647 -10.885885
908297657 0.0000000 0.36529750 -2.2528152
908665869 0.0000000 0.59597045 -0.43373442
910076797 0.0000000 0.91104561 0.82713842
911341652 0.0000000 0.98966855 0.97692513
911471402 5.00000007E-02 0.50928277 -1.3958895
912019233 0.0000000 0.36206698 -3.1455073
912118339 0.0000000 0.84215045 0.66968584
912320478 0.0000000 0.13200761 -25.505907
913597143 0.0000000 0.56292677 -0.61756670
914291346 0.0000000 0.65533835 -3.57156992E-02
914495847 0.0000000 0.11304707 -10.597182
920174684 5.00000007E-02 0.84921092 0.72099316
920668347 0.0000000 0.77225685 0.56702894
926607950 0.0000000 0.65242255 0.36194056
926999002 5.00000007E-02 0.72196597 0.50552440
927655854 5.00000007E-02 0.35361129 -1.5218768
928199401 0.0000000 0.70440525 0.49334705
928426302 5.00000007E-02 0.89978760 0.80957675
929863441 0.0000000 0.58982688 -0.24944568
930302321 0.0000000 0.31078851 -2.5615845
930322043 5.00000007E-02 0.62535232 0.28716469
931355593 5.00000007E-02 0.83939642 0.70452160
931356389 0.0000000 0.84708005 0.66645014
931484211 0.0000000 0.72422773 0.43060100
931653898 5.00000007E-02 0.52059162 -0.23754919
931724710 5.00000007E-02 0.72405356 0.52416009
933800631 0.0000000 0.94280237 0.88772511
933854825 5.00000007E-02 0.60100108 -3.24524641E-02
934006193 0.0000000 0.59054190 0.33418775
934098882 0.0000000 0.11631334 -37.501705
935191073 0.0000000 0.37842360 -1.3181820
966082949 5.00000007E-02 0.83400911 0.62809473
966754777 0.0000000 0.86750114 0.72221053
966768493 0.0000000 0.97638327 0.95258659
966768672 5.00000007E-02 0.87881988 0.75425118
966798273 5.00000007E-02 0.84273297 0.66747332
966876143 5.00000007E-02 0.86336118 0.72168958
966991756 5.00000007E-02 0.84260374 0.70985454
967018437 0.0000000 0.76714569 0.58469647
967800278 5.00000007E-02 0.69625908 0.48474354
968576086 5.00000007E-02 0.93722802 0.87781841
968669370 0.0000000 0.72546756 0.52482629
968735354 5.00000007E-02 0.81373477 0.65275520
968815712 5.00000007E-02 0.30599236 -3.1937852
968976446 0.0000000 0.62226689 0.38684690
969144830 5.00000007E-02 0.86615527 0.72306108
969145452 0.0000000 0.95827705 0.91762459
969456259 5.00000007E-02 0.67426640 0.44860053
969516246 0.0000000 0.42870575 -1.5957587
970270882 5.00000007E-02 0.88005704 0.74918044
970691362 0.0000000 0.88054687 0.77532494
972371517 0.0000000 0.68966985 0.47561508
972935645 0.0000000 0.57882047 0.33457571
974678829 5.00000007E-02 0.72882259 0.52808940
974978532 5.00000007E-02 0.58156937 -0.15977573
976442918 0.0000000 0.89546239 0.80028534
976476644 5.00000007E-02 0.90011275 0.81005585
976653172 0.0000000 0.93571633 0.87554467
977484180 0.15000001 0.69385093 0.45849580
977800861 5.00000007E-02 0.68501252 9.00539160E-02
977801150 5.00000007E-02 9.97033715E-02 -69.425438
977994086 5.00000007E-02 0.92268324 0.85126281
978113008 0.0000000 0.89328688 0.79788822
978169408 5.00000007E-02 0.76720583 0.53133774
978205372 0.0000000 0.78028578 0.60241348
978476098 0.0000000 0.77594149 0.60133833
979067787 5.00000007E-02 0.88006306 0.77436048
979069110 5.00000007E-02 0.84638286 0.71605062
979202219 0.0000000 0.76579136 0.58563745
979204150 5.00000007E-02 0.69149375 0.47728902
979609386 0.0000000 0.59764338 0.35672849
980206038 0.0000000 0.93009257 0.86505789
980698596 0.0000000 8.84264931E-02 -84.444824
988100797 0.0000000 0.58476812 0.33331037
988336953 0.0000000 0.88884521 0.78970647
989765823 0.0000000 0.80643988 0.65035009
990117114 0.0000000 0.77594864 0.60050839
990630314 0.0000000 0.94124454 0.88469684
991455252 0.0000000 0.57286990 0.32804781
991634551 0.0000000 0.94554019 0.89284283
991995645 0.0000000 0.53858298 0.28938478
992208377 0.0000000 0.91565180 0.83734155
992209870 0.0000000 0.96593374 0.93097997
992438274 0.0000000 0.94456112 0.89051485
992486125 0.0000000 0.96557343 0.92970634
992592933 0.0000000 0.80708444 0.65078962
992927775 0.0000000 0.93375248 0.87108934
992929419 0.0000000 0.97430122 0.94709593
993581187 0.0000000 0.93089575 0.86571234
993854508 0.0000000 0.81823915 0.66948879
993874057 0.0000000 0.75861287 0.57533526
994007634 0.0000000 0.92468375 0.85432482
994692047 0.0000000 0.80719143 0.65147936
995024004 0.0000000 0.64421219 0.41380018
995162867 0.0000000 0.87832403 0.77141595
995890516 0.0000000 0.83213162 0.69227290
996113981 5.00000007E-02 0.78318524 0.61334717
997156421 0.0000000 0.96625942 0.93276900
998326679 0.0000000 0.79940742 0.63902509
999257596 0.0000000 0.67865103 0.46056551
1000062111 0.0000000 0.63017660 0.39688355
1000197538 0.0000000 0.92633945 0.85674328
1000766684 0.0000000 0.96522981 0.92952615
1001410293 0.0000000 0.58652520 0.34370762
1001954970 0.0000000 0.78252178 0.61228466
1004092959 0.0000000 0.91271138 0.83181590
1004454253 0.0000000 0.71411151 0.50975430
1004863535 0.0000000 0.85436457 0.72908998
1005352632 0.0000000 0.98801082 0.97255701
1006580783 0.0000000 0.77354097 0.59823400
1007019252 0.0000000 0.95157212 0.90271896
1007572713 0.0000000 0.78478742 0.61376083
1007712455 0.0000000 0.97833794 0.95450234
1007972664 0.0000000 0.95958412 0.91949093
1008464695 0.0000000 0.67164308 0.45097911
1008648180 0.0000000 0.98491579 0.96661502
1008649429 0.0000000 0.92339170 0.85147977
1008650819 0.0000000 0.96512127 0.92958802
1008651467 0.0000000 0.91841316 0.84277642
1008652414 0.0000000 0.97799850 0.95371270
1008671685 0.0000000 0.90624207 0.82074195
1008686668 0.0000000 0.93078965 0.86429191
1008715277 0.0000000 0.94758958 0.89620566
1008786983 0.0000000 0.91224599 0.83096057
1008836107 0.0000000 0.85857284 0.73686713
1008890954 0.0000000 0.94976586 0.90036637
1009057225 0.0000000 0.97080231 0.94029057
1009168145 0.0000000 0.94929981 0.89943725
1009442091 0.0000000 0.97306198 0.94491321
1009500099 0.0000000 0.97794729 0.95372146
1010371507 0.0000000 0.98000187 0.95776832
1010509239 0.0000000 0.78504753 0.61617136
1011026056 0.0000000 0.90650469 0.82063693
1011031830 0.0000000 0.60960883 0.37109441
1011063499 0.0000000 0.69997346 0.48983496
1011682027 0.0000000 0.95870471 0.91829354
1012271064 0.0000000 0.93319541 0.87010467
1012580587 0.0000000 0.67294919 0.45283300
1013484445 0.0000000 0.84967458 0.72165608
1013485377 0.0000000 0.69939220 0.48914456
1013486436 0.0000000 0.71978551 0.51804733
1014972465 0.0000000 0.97161740 0.94198912
1015232666 0.0000000 0.63499206 0.40298563
1016105151 0.0000000 0.76311344 0.58227336
1016468323 0.0000000 0.98571616 0.96824735
1017159906 0.0000000 0.72886944 0.53121877
1017557569 5.00000007E-02 0.88442463 0.78219771
1017557822 0.0000000 0.95205933 0.90341955
1017594576 0.0000000 0.84387565 0.71196270
1017816456 0.0000000 0.93046099 0.86448163
1017857170 0.0000000 0.95732439 0.91471899
1017925489 0.0000000 0.80188215 0.64245033
1018065946 0.0000000 0.91902006 0.84384519
1018137582 0.0000000 0.54388112 0.29508543
1018221645 0.0000000 0.91084874 0.82880062
1018414606 0.0000000 0.79471022 0.63140708
1018800484 0.0000000 0.87717277 0.76876462
1018898180 0.0000000 0.91174704 0.83091736
1019054808 0.0000000 0.84052366 0.70598102
1019292480 5.00000007E-02 0.89506280 0.80060649
1019488470 0.0000000 0.93725353 0.87725383
1019673665 5.00000007E-02 0.80085194 0.64091045
1020000226 0.0000000 0.98180890 0.96151614
1021004232 0.0000000 0.95000553 0.90113950
1021024958 0.0000000 0.70197475 0.48987687
1021028934 0.0000000 0.96163416 0.92230713
1021434365 0.0000000 0.92545366 0.85501754
1021434812 0.0000000 0.76504010 0.58525264
1021435155 0.0000000 0.74952847 0.56169569
1021437004 0.0000000 0.83030957 0.68893290
1021437761 0.0000000 0.72048199 0.51840389
1021888184 0.0000000 0.73542696 0.54067636
1022604314 0.0000000 0.98444337 0.96611696
1022741620 0.0000000 0.88148564 0.77614796
1022779647 0.0000000 0.84106797 0.70737904
1024000827 0.0000000 0.85110062 0.72397089
1024039343 0.0000000 0.83428997 0.69602156
1024059173 0.0000000 0.73387426 0.53834713
1024224102 0.0000000 0.90795922 0.82385927
1024232773 0.0000000 0.87612528 0.76749814
1024881141 0.0000000 0.68793309 0.47294962
1026036068 0.0000000 0.83688408 0.70032293
1026372982 0.0000000 0.93967259 0.88125992
1026373076 0.0000000 0.98391616 0.96452945
1026374005 0.0000000 0.86347854 0.74500811
1026378668 0.0000000 0.93303096 0.86849797
1026562025 0.0000000 0.93213302 0.86805904
1026925041 0.0000000 0.94444734 0.89017940
1026933281 5.00000007E-02 0.81219494 0.65906012
1026967951 0.0000000 0.89913350 0.80815536
1028885460 0.0000000 0.85502577 0.73074532
1028970195 5.00000007E-02 0.85401279 0.72900295
1029367736 0.0000000 0.90407336 0.81615180
1030006163 0.0000000 0.77217501 0.59620279
1030375930 0.0000000 0.84458292 0.71214855
1030554334 0.0000000 0.97031713 0.93993974
1030628193 0.0000000 0.87687713 0.76822126
1030651553 0.0000000 0.72188967 0.52090085
1031310121 0.0000000 0.87078047 0.75722331
1031439572 0.0000000 0.81190133 0.65910953
1031647094 0.0000000 0.59923887 0.35835057
1032052013 0.0000000 0.93406492 0.87138414
1032134610 0.0000000 0.93143767 0.86725217
1032294371 0.0000000 0.59465134 0.35359550
1032315669 0.0000000 0.96703470 0.93368834
1032907402 0.0000000 0.98941100 0.97646141
1033103267 0.0000000 0.67487514 0.45438457
1033374913 5.00000007E-02 0.87228787 0.76083100
1033690544 0.0000000 0.71790427 0.51437318
1033947513 0.0000000 0.94000727 0.88249290
1034070514 0.0000000 0.94215775 0.88608915
1034480608 0.0000000 0.87067026 0.75806046
1034923400 0.0000000 0.87420785 0.76420307
1034928298 0.0000000 0.84292102 0.70915323
1035149152 0.0000000 0.90099508 0.81076568
1035153178 5.00000007E-02 0.86757088 0.75240803
1035197382 0.0000000 0.88551414 0.78412819
1035991040 0.0000000 0.71338701 0.50855654
1036098952 0.0000000 0.94549048 0.89273882
1036697273 0.0000000 0.76432240 0.58415735
1036697648 0.0000000 0.94494736 0.89180970
1036886824 0.0000000 0.83409733 0.69570673
1038324582 0.0000000 0.92901862 0.86154604
1038746116 0.0000000 0.81340343 0.66142923
1039232712 0.0000000 0.96908194 0.93731785
1039743025 0.0000000 0.87190610 0.75976729
1040450954 0.0000000 0.98887646 0.97483760
1040520314 5.00000007E-02 0.79109699 0.62573504
1040644457 0.0000000 0.85871315 0.73692787
1040799690 0.0000000 0.72059202 0.51885247
1041632855 0.0000000 0.66299927 0.43955439
1042809813 0.0000000 0.69679654 0.48551607
1043607562 0.0000000 0.97038585 0.93977249
1044768063 5.00000007E-02 0.76415414 0.58393025
1044817061 0.0000000 0.93462873 0.87203872
1045633623 0.0000000 0.67150027 0.45087767
1046065971 0.0000000 0.88178647 0.77752084
1046575544 0.0000000 0.64518529 0.41610658
1048808323 0.0000000 0.87450355 0.76359832
1049310522 0.0000000 0.89745539 0.80454904
1049353173 0.0000000 0.86454111 0.74650294
1051845960 5.00000007E-02 0.84260315 0.70996928
1051900153 0.0000000 0.62105358 0.38513774
1052394722 0.0000000 0.52516645 0.27490002
1052961462 0.0000000 0.97444504 0.94794708
1053904321 0.0000000 0.75033420 0.56288302
1054395492 0.0000000 0.88818133 0.78861922
1054853585 0.0000000 0.93182874 0.86679029
1055123570 0.0000000 0.93316483 0.86995828
1055135284 0.0000000 0.77901834 0.60656458
1055234432 0.0000000 0.92300195 0.85118932
1055390332 5.00000007E-02 0.80124581 0.64186990
1055425274 0.0000000 0.80563802 0.64904040
1055472531 0.0000000 0.62136590 0.38585013
1055510426 0.0000000 0.74562490 0.55585563
1055788418 0.0000000 0.88744688 0.78686702
1055803080 0.0000000 0.84568155 0.71482456
1056357316 0.0000000 0.82075942 0.67336667
1057028486 0.0000000 0.85766327 0.73287255
1057319282 0.0000000 0.90796363 0.82423019
1058108790 0.0000000 0.76718348 0.58855629
1058496080 0.0000000 0.63629913 0.40485007
1059102630 0.0000000 0.66338384 0.43998086
1059590191 0.0000000 0.89656430 0.80354941
1059850488 0.0000000 0.76129639 0.57936835
1059910523 0.0000000 0.70081311 0.49111861
1059994404 0.0000000 0.96085829 0.92178786
1060172588 0.0000000 0.83718801 0.70018780
1060619413 0.0000000 0.80109912 0.64165747
1061586322 0.0000000 0.62978888 0.39662474
1062262342 0.0000000 0.75563699 0.57044894
1062859632 0.0000000 0.94087631 0.88522971
1063234506 0.0000000 0.96461385 0.92916048
1063264037 0.0000000 0.74357051 0.55277413
1064365712 0.0000000 0.91946638 0.84451324
1064533379 0.0000000 0.88515192 0.78330946
1065785029 0.0000000 0.96045011 0.92058003
1065790269 0.0000000 0.70989794 0.50393951
1065847269 0.0000000 0.62688375 0.39289314
1067505195 0.0000000 0.64214885 0.41217995
1068127124 0.0000000 0.93216181 0.86748624
1068356150 0.0000000 0.84108549 0.70736790
1068595355 0.0000000 0.93321407 0.86987138
1068804765 0.0000000 0.88269210 0.77909100
1068825242 0.0000000 0.80166441 0.64240927
1069412363 0.0000000 0.92107898 0.84780723
1070682432 0.0000000 0.84861612 0.71085513
1070692497 0.0000000 0.72243524 0.52191257
1070921046 0.0000000 0.86269653 0.74417293
1071031093 0.0000000 0.96950150 0.93797326
1071031176 0.0000000 0.99041909 0.97785085
1071031375 0.0000000 0.94883782 0.89830101
1071031628 0.0000000 0.89510465 0.80095446
1071031695 0.0000000 0.90265995 0.81453383
1071031744 0.0000000 0.90454406 0.81795359
1071031844 0.0000000 0.89782077 0.80592942
1071031926 0.0000000 0.90781134 0.82376438
1071033611 0.0000000 0.94973278 0.90088749
1071033625 0.0000000 0.94973511 0.90089035
1071035006 0.0000000 0.88220221 0.77804583
1071038489 0.0000000 0.90179050 0.81309450
1071042579 0.0000000 0.89387602 0.79892486
1071043831 0.0000000 0.93918377 0.88131160
1071046005 0.0000000 0.90188199 0.81272614
1071046239 0.0000000 0.74638104 0.55707788
1071074159 0.0000000 0.90044153 0.81047153
1071095531 0.0000000 0.91638446 0.83926952
1071100910 5.00000007E-02 0.90747273 0.82284743
1071109335 0.0000000 0.86645192 0.75071347
1071169499 5.00000007E-02 0.88533258 0.78372985
1071182968 0.0000000 0.96648520 0.93215865
1071183209 0.0000000 0.96470761 0.92892742
1071183435 0.0000000 0.96312529 0.92550182
1071443800 0.0000000 0.69142789 0.47806281
1071583019 0.0000000 0.94964457 0.90060723
1071584001 0.0000000 0.86365443 0.74561894
1071678445 0.0000000 0.91084200 0.82894087
1071725608 0.0000000 0.97971505 0.95781332
1072705310 0.0000000 0.71908897 0.51663029
1072926918 0.0000000 0.93941146 0.88144916
1073475853 0.0000000 0.90667069 0.82116592
1073756920 0.0000000 0.61992997 0.38373655
1073986141 0.0000000 0.96449149 0.92780268
1073994067 0.0000000 0.67165965 0.45102209
1075317204 0.0000000 0.97216892 0.94350111
1075317446 0.0000000 0.96168464 0.92383182
1075318489 0.0000000 0.97866464 0.95560473
1075466599 5.00000007E-02 0.75249869 0.56599879
1075865039 0.0000000 0.93625951 0.87561923
1076851926 0.0000000 0.77701074 0.60340369
1076884025 0.0000000 0.79503125 0.63206112
1077531525 0.0000000 0.81368768 0.66205585
1077584107 0.0000000 0.75462598 0.56928718
1078321829 0.0000000 0.82895440 0.68625855
1079154231 5.00000007E-02 0.84183747 0.70866406
1080241624 0.0000000 0.78604299 0.61747277
1081488818 0.0000000 0.89929986 0.80801457
1082397083 0.0000000 0.74214756 0.55078304
1082563195 0.0000000 0.60936737 0.37124962
1082729069 0.0000000 0.94060570 0.88370913
1082820030 0.0000000 0.86005038 0.73900008
1083398171 0.0000000 0.90220183 0.81305104
1083961065 0.0000000 0.96635520 0.93194169
1084003366 0.0000000 0.98584890 0.96895528
1084082541 0.0000000 0.73228782 0.53623742
1084133207 0.0000000 0.70423454 0.49593604
1084597670 5.00000007E-02 0.79687899 0.63467878
1084687448 0.0000000 0.96483302 0.92862678
1084950252 0.0000000 0.98642540 0.97015327
1085103239 0.0000000 0.86505806 0.74819338
1085390106 0.0000000 0.98304278 0.96383858
1086195389 0.0000000 0.91390747 0.83510721
1086315872 0.0000000 0.96531719 0.93012011
1086883086 0.0000000 0.97768271 0.95307285
1087613581 0.0000000 0.97015327 0.93943161
1091970746 0.0000000 0.79801267 0.63641012
1092861100 0.0000000 0.85640240 0.73335052
1093118276 0.0000000 0.81602430 0.66586274
1093908136 0.0000000 0.77811396 0.60544074
1095475955 0.0000000 0.73771149 0.54375029
1097813330 0.0000000 0.84428477 0.71270537
1099928102 110.50000 0.11193826 -8.3627796
1099929295 106.50000 0.24328922 3.30013037E-02
1099929521 89.849998 0.12686554 -6.0212169
1099931589 -0.10000000 0.11084551 -372.17856
1099942690 -31.500000 0.19973373 -3.1127343
1100237223 143.15001 8.79902616E-02 -0.74234867
1100955874 -45.400002 8.83889049E-02 -7.3154593
1103674687 141.60001 0.11053912 -2.07407475E-02
1105287429 94.500000 6.26290515E-02 -555.92078
1105405102 92.200005 6.36974126E-02 2.97576189E-03
1105536640 0.80000001 6.77020997E-02 -6.09747171E-02
1105765351 190.35001 4.05392833E-02 -2.23799944E-02
1106056455 -2.9000001 3.40972915E-02 -1.4476330
1106207236 170.20000 7.09556788E-02 9.39881802E-03
1106226863 -22.350000 7.29390830E-02 -1.7269678
1106317701 141.30000 0.11003540 1.13607049E-02
1106377004 141.45000 9.37932059E-02 -2.04356909E-02
1106829094 14.300000 3.27296369E-02 -4.15372849E-03
1107166208 159.30000 0.10578364 -0.26851845
1107223187 189.35001 0.12848625 1.62874460E-02
1107233798 27.150000 5.04194796E-02 -1.29699707E-03
1107286746 142.45000 6.85156286E-02 -0.81398368
1107388387 -5.9500003 6.87876567E-02 -4.92864847E-02
1107601144 74.000000 7.71342218E-02 6.27309084E-03
1107601252 74.000000 8.24626461E-02 7.37905502E-03
1108162580 157.35001 7.05939755E-02 -1.21641159E-02
1108757898 39.750000 0.19778280 9.67717171E-03
1108761568 201.80000 9.22954679E-02 3.63767147E-03
1110049611 29.000000 0.11345731 1.66261196E-03
1110049680 38.100002 0.12446250 1.94692612E-03
1110050185 -24.150000 9.70615074E-02 6.35010004E-03
1110050874 244.70000 0.11097699 2.26407051E-02
1110568232 158.60001 0.13942629 3.26222181E-03
1111274786 223.90001 9.62897390E-02 1.29582882E-02
1113182839 98.599998 8.40928555E-02 -2.27999687E-02
1113208093 110.30000 0.11270534 -5.86709976E-02
1113260515 10.450000 0.12378091 -4.38603163E-02
1113331351 39.950001 6.77299276E-02 -0.11724842
1114345058 11.000000 6.66370690E-02 -0.52162719
1114872497 81.849998 0.14595884 3.73756886E-03
1114872533 62.299999 0.13362454 8.66836309E-03
1114872543 52.299999 0.14302441 1.07486248E-02
1114981677 100.85000 6.21562749E-02 4.79835272E-03
1115167250 10.650001 0.11350019 1.11691356E-02
1115753263 90.700005 7.54581615E-02 -6.96830750E-02
1115910658 52.850002 0.13784030 -6.44185543E-02
1115942660 193.90001 7.64961988E-02 1.04395151E-02
1116353193 193.80000 4.61009070E-02 2.90602446E-03
1117405041 -29.250000 7.78146982E-02 -1.50203705E-05
1117642805 16.800001 7.31223524E-02 1.14506483E-03
1118162704 71.500000 0.13179958 1.75254941E-02
1118367166 189.85001 0.12847625 1.55773759E-02
1118396676 16.850000 8.51242244E-02 6.46859407E-03
1118501300 100.10000 8.83510336E-02 -1.12215281E-02
1118677980 197.95000 7.26852417E-02 1.43517852E-02
1118868304 12.750000 4.95671332E-02 -0.50555730
1119087065 136.25000 9.62011367E-02 8.86082649E-03
1119729025 162.80000 0.10341127 -7.13337660E-02
1119876655 121.75000 0.11017192 -4.1298895
1121472051 164.85001 0.12228587 1.67478323E-02
1122385024 171.75000 7.36970305E-02 6.69354200E-03
1122618639 -11.900001 0.11077736 -6.49852753E-02
1122777951 258.00000 9.85276103E-02 1.54290199E-02
1123439949 255.50000 9.81676206E-02 1.50386095E-02
1125373372 195.10001 8.59851837E-02 -1.2346079
1125685516 1.3500000 6.55073896E-02 -8.92614126E-02
1125969360 170.70000 0.11758766 2.05278397E-03
1127055473 65.750000 0.15702458 -0.43836761
1127456637 31.200001 0.10695734 -0.11015010
1127471662 96.700005 7.44266361E-02 -0.16914201
1127494190 -37.799999 8.04743096E-02 -1.08588934E-02
1127760620 9.1500006 8.27213973E-02 5.61171770E-03
1128153007 -8.4000006 6.55818656E-02 -1.84071064E-02
1128174696 106.35000 9.51380357E-02 1.08091831E-02
1128475640 181.70000 4.92781512E-02 5.54919243E-04
1128528995 239.70000 6.00757338E-02 1.05726123E-02
1128891916 20.250000 7.76206255E-02 -5.6271276
1128923244 27.400000 6.76865205E-02 -9.18078423E-03
1129069430 95.200005 5.46562858E-02 -14.981387
1129155495 71.400002 8.75845477E-02 -1.2906220
1129246313 -21.800001 8.03390369E-02 -1.6080265
1129324370 103.35000 0.10241679 -4.19350863E-02
1129391464 -6.1500001 5.43262362E-02 1.58691406E-03
1129907016 168.40001 8.47749263E-02 -3.5545254
1130249327 33.500000 4.65667099E-02 -0.60422122
1131428965 71.500000 0.10268426 -0.48510504
1131431840 73.800003 6.01543933E-02 -0.27311075
1132062095 13.700000 9.00686905E-02 -4.59657907E-02
1132132485 186.50000 7.75671825E-02 -1.25105381E-02
1132148341 40.400002 9.18042213E-02 -2.05366611E-02
1132166999 104.25000 0.11852178 -5.72372675E-02
1132661855 60.200001 3.87923531E-02 -1.94803476E-02
1132975230 199.65001 9.80462655E-02 2.07885504E-02
1133111580 50.900002 4.53698710E-02 -1.95860863E-02
1133304109 90.500000 7.79816359E-02 4.88561392E-03
1133601723 211.75000 3.74044627E-02 -6.34038448E-03
1135808248 66.450005 0.11210455 -0.41439164
1135976852 171.55000 9.57881585E-02 -0.97445035
1136739698 135.55000 9.99542326E-02 1.61740184E-02
1137913657 -15.150001 0.13105103 6.35612011E-03
1137989937 50.600002 9.29301232E-02 3.05688381E-03
1137990003 185.35001 8.48903954E-02 -1.94931030E-03
1138288259 46.450001 8.70159119E-02 -0.34965360
1139284609 -34.100002 6.86741024E-02 -18.208046
1139326915 10.250000 6.06632009E-02 -2.49615908E-02
1140725945 34.549999 5.88416867E-02 2.40504742E-04
1140746150 62.700001 8.66254941E-02 4.82708216E-03
1141877248 112.85000 5.72243147E-02 -8.63051414E-03
1142029462 42.700001 5.80603480E-02 -0.45880151
1142229311 -10.600000 0.15209626 -4.90210056E-02
1142709582 156.60001 4.15939726E-02 -2.29996443E-02
1143536168 -10.100000 7.53300041E-02 7.28487968E-04
1143616861 38.350002 5.34803383E-02 -1.42421722E-02
1143885739 129.40001 0.12544762 2.92271376E-03
1143885924 36.700001 9.93413553E-02 -2.10702419E-03
1143888020 58.049999 0.11395241 2.46143341E-03
1144129163 -27.150000 0.11064183 -0.16186547
1144133312 130.25000 0.11654285 -3.59678268E-03
1144179006 35.900002 6.42266273E-02 4.45598364E-03
1144806135 2.0000000 6.78552836E-02 -0.67986822
1145140855 128.50000 0.14423366 6.27124310E-03
1145323561 226.25000 9.61976126E-02 2.69511342E-02
1146215126 198.95000 0.12789564 4.26733494E-03
1146944291 -22.850000 3.17086056E-02 -30.680773
1146966782 110.10000 0.12434092 -4.29801941E-02
1147258751 13.850000 7.45991170E-02 -1.47371292E-02
1149411961 94.650002 9.75734740E-02 2.32011080E-03
1149467938 85.250000 9.58685651E-02 -0.47535157
1149638545 104.75000 8.49306956E-02 -0.16550887
1149771133 33.500000 3.59280072E-02 -0.45481265
1154072410 75.849998 0.10684339 3.66610289E-03
1154182305 180.50000 8.70579258E-02 4.83453274E-03
1155212722 179.35001 7.19211027E-02 -2.02270746E-02
1155340266 94.849998 0.10967383 1.61508322E-02
1155354114 -16.000000 6.91827312E-02 -1.8117378
1155443514 37.000000 8.06522444E-02 -1.37666464E-02
1156044082 140.00000 6.59819543E-02 -2.8367355
1156698676 99.700005 7.19082355E-02 5.32954931E-03
1158266854 12.150001 4.30343412E-02 -0.12331808
1159598968 0.0000000 0.74570823 0.55591100
1159684577 0.0000000 0.86989021 0.75653768
1160388105 0.0000000 0.94865626 0.89801168
1160392104 0.0000000 0.96134210 0.92244655
1160549032 0.0000000 0.92735624 0.85857880
1160664389 0.0000000 0.98536962 0.96805149
1163299258 0.0000000 0.86736131 0.75227070
1163456967 0.0000000 0.81730431 0.66768909
1163641819 0.0000000 0.86565989 0.74856889
1164570370 0.0000000 0.61960453 0.38388169
1165358160 0.0000000 0.76309246 0.58227468
1165368969 0.0000000 0.61647910 0.38003284
1166094636 0.0000000 0.91797858 0.84177321
1166561075 0.0000000 0.92143738 0.84874690
1166894907 0.0000000 0.91886580 0.84408164
1167121204 0.0000000 0.85540199 0.73170590
1167135981 0.0000000 0.96819407 0.93514717
1167136317 0.0000000 0.95007843 0.90069813
1167136455 0.0000000 0.95042205 0.90134209
1167136825 0.0000000 0.97476405 0.94718105
1167144800 0.0000000 0.93537420 0.87386024
1167147704 0.0000000 0.89309591 0.79708195
1167154513 0.0000000 0.97409821 0.94605565
1167186639 0.0000000 0.94400609 0.88944542
1167298740 0.0000000 0.87628853 0.76778042
1167318376 0.0000000 0.65435803 0.40282458
1167324678 0.0000000 0.90506148 0.81879532
1167592780 0.0000000 0.69557554 0.48203957
1167604646 0.0000000 0.78656793 0.61861145
1168792515 0.0000000 0.94923282 0.89955854
1168917035 0.0000000 0.97004116 0.93857855
1169006425 0.0000000 0.64142394 0.41139227
1169712716 0.0000000 0.94876111 0.90014815
1169722755 0.0000000 0.97162366 0.94221872
1170262059 0.0000000 0.80725843 0.65125430
1170524118 0.0000000 0.93434840 0.87283313
1171366614 0.0000000 0.76919943 0.59129184
1171423577 0.0000000 0.97070038 0.94055188
1171423831 0.0000000 0.98707432 0.97189820
1171832699 0.0000000 0.98141390 0.96050757
1172178017 0.0000000 0.87763643 0.77022177
1173308237 0.0000000 0.90344822 0.81566715
1173368256 0.0000000 0.75482601 0.56926697
1174197233 5.00000007E-02 0.82320428 0.67744136
1175309106 0.0000000 0.66483587 0.44190705
1175583473 0.0000000 0.87525344 0.76542020
1176242685 0.0000000 0.58450282 0.34138381
1177115546 0.0000000 0.97594959 0.95063448
1177175308 0.0000000 0.97213852 0.94339877
1178992210 0.0000000 0.76107681 0.57916725
1180238725 5.00000007E-02 0.78423917 0.61434555
1180618796 0.0000000 0.91357911 0.83357513
1181939353 0.0000000 0.78274584 0.61268109
1182196765 0.0000000 0.62548822 0.39120388
1182265663 0.0000000 0.76856178 0.59064811
1182396227 5.00000007E-02 0.67634153 0.45729184
1182398897 0.0000000 0.96696931 0.93369371
1184629372 5.00000007E-02 0.73322916 0.53760898
1185198002 0.0000000 0.87774014 0.76959419
1185799546 0.0000000 0.96417886 0.92939913
1185861072 0.0000000 0.74629450 0.55694866
1186620947 0.0000000 0.99221122 0.98169446
1186786330 0.0000000 0.92139357 0.84830445
1188350129 0.0000000 0.97169292 0.94250673
1188356416 0.0000000 0.98506141 0.96753627
1188908193 0.0000000 0.78783530 0.62062836
1188950111 0.0000000 0.77128762 0.59467709
1189101086 0.0000000 0.93359566 0.87034726
1189101321 0.0000000 0.88613611 0.78446609
1189194674 5.00000007E-02 0.79536480 0.63255167
1198522115 0.0000000 0.67736274 0.45864296
1200543890 0.0000000 0.85119313 0.68168473
1200856359 5.00000007E-02 0.78893775 0.61970651
1201442068 0.0000000 0.84443271 0.71219659
1203280382 0.0000000 0.96212912 0.92567670
1203409866 0.0000000 0.69357365 0.48104018
1203790455 0.0000000 0.89545310 0.80051994
1204138448 0.0000000 0.90276062 0.81476152
1204304285 0.0000000 0.94523984 0.89335340
1204490434 0.0000000 0.81337333 0.66020846
1204651907 0.0000000 0.90615058 0.82086366
1204651936 0.0000000 0.91773611 0.84205216
1204670552 0.0000000 0.92357397 0.85274255
1207186072 0.0000000 0.61798805 0.38073158
1208187584 0.0000000 0.95028549 0.90302044
1208931881 0.0000000 0.89402562 0.79912758
1208975321 0.0000000 0.96786541 0.93672776
1208982088 0.0000000 0.92807472 0.86103177
1208988255 5.00000007E-02 0.89711183 0.80401754
1208988552 0.0000000 0.96802837 0.93705392
1209105937 0.0000000 0.80348843 0.64508337
1209216223 0.0000000 0.80891442 0.64693034
1209291757 0.0000000 0.88468415 0.78218603
1209339084 0.0000000 0.69128811 0.47753853
1209362380 0.0000000 0.89234483 0.79595715
1209543825 0.0000000 0.73225790 0.53464448
1209563099 0.0000000 0.61668569 0.37733781
1209583346 0.0000000 0.91649544 0.83976364
1209820628 0.0000000 0.67956579 0.46148151
1209877317 0.0000000 0.57366866 0.32774490
1210448520 0.0000000 0.95182425 0.90595627
1210560189 0.0000000 0.88938189 0.79022932
1210633064 0.0000000 0.96425050 0.92977411
1210703275 0.0000000 0.98120660 0.96271229
1212285435 0.0000000 0.99307603 0.98597711
1212339563 0.0000000 0.89404702 0.79879850
1213107823 0.0000000 0.88322330 0.77891803
1213158817 0.0000000 0.98025030 0.96085054
1213486164 0.0000000 0.94104677 0.88548738
1214086760 0.0000000 0.87051845 0.75698566
1214128508 0.0000000 0.85918802 0.73702335
1214211456 0.0000000 0.73007214 0.51628423
1214561217 5.00000007E-02 0.71224016 0.50431496
1215745668 0.0000000 0.91430211 0.83568263
1215812106 0.0000000 0.99068445 0.98132396
1215812707 0.0000000 0.98620564 0.97256827
1215839910 0.0000000 0.80493337 0.64655983
1215843106 0.0000000 0.80479610 0.64756477
1215961116 0.0000000 0.99176824 0.98342007
1216126809 0.0000000 0.97104102 0.94288903
1216904067 0.0000000 0.72418892 0.52321726
1217616949 0.0000000 0.88387549 0.78088689
1218233114 0.0000000 0.96989316 0.94067019
1218994676 0.0000000 0.65818906 0.43261445
1219291482 0.0000000 0.75083524 0.56234276
1219301591 0.0000000 0.86889589 0.75436437
1219723710 0.0000000 0.67791367 0.45780748
1219772880 0.0000000 0.79725492 0.63404173
1219869253 0.0000000 0.88275576 0.77851713
1220179542 0.0000000 0.88804024 0.78775090
1220742036 5.00000007E-02 0.73613030 0.53987432
1220946193 0.0000000 0.74526989 0.55423462
1221047734 0.0000000 0.91307294 0.83362502
1222614737 0.0000000 0.68612421 0.47002512
1228187814 0.0000000 0.92822230 0.86100793
1228684717 0.0000000 0.90264541 0.81441569
1229260451 0.0000000 0.70873618 0.50184536
1229658996 0.0000000 0.68525469 0.46629888
1229990683 0.0000000 0.98277652 0.96576399
1230216280 0.0000000 0.85363793 0.72796369
1230600687 0.0000000 0.89212364 0.79585242
1230860391 0.0000000 0.79072315 0.62370294
1231020274 0.0000000 0.89463580 0.80036789
1231041233 0.0000000 0.93591303 0.87581789
1232714291 0.0000000 0.99165183 0.98322672
1232804891 0.0000000 0.87141418 0.75842255
1233928332 5.00000007E-02 0.73111457 0.53286505
1234166319 5.00000007E-02 0.71576774 0.50093657
1234201315 0.0000000 0.94493812 0.89238733
1234214675 0.0000000 0.98953688 0.97907686
1236731039 0.0000000 0.91264725 0.83277082
1236854628 0.0000000 0.83663738 0.69953418
1237014105 0.0000000 0.72057408 0.51682967
1237159221 0.0000000 0.83371192 0.69468868
1237164701 0.0000000 0.88305193 0.77949446
1237551366 0.0000000 0.80229861 0.64360440
1237619839 0.0000000 0.57643574 0.33162129
1239235949 0.0000000 0.78958976 0.62220830
1239971868 0.0000000 0.65472865 0.42844218
1240678955 5.00000007E-02 0.81632781 0.66353530
1242397863 0.0000000 0.85720426 0.73452640
1242709695 0.0000000 0.63570410 0.40371323
1243376855 0.0000000 0.92373735 0.85239470
1244248765 0.0000000 0.63562077 0.40141273
1245087845 0.0000000 0.58221394 0.33880973
1245407408 0.0000000 0.80964708 0.65481520
1245469469 5.00000007E-02 0.84894449 0.71994472
1245877793 0.0000000 0.91359472 0.83461076
1245881452 0.0000000 0.94056553 0.88464743
1246167876 0.0000000 0.83615774 0.69723964
1246181696 0.0000000 0.86858916 0.75438118
1246182765 0.0000000 0.69444203 0.48134208
1246208530 0.0000000 0.72805494 0.52845079
1246208539 0.0000000 0.72691107 0.52679050
1246598451 0.0000000 0.92123866 0.84867561
1246598488 0.0000000 0.94847018 0.89958423
1246614635 0.0000000 0.90545928 0.81980550
1246985947 0.0000000 0.91666931 0.84028494
1247508302 0.0000000 0.98930734 0.97850186
1247516932 0.0000000 0.98454171 0.96915001
1247654255 0.0000000 0.75862455 0.57530642
1247741293 0.0000000 0.94038075 0.88430876
1247769767 0.0000000 0.90340543 0.81613094
1248159491 0.0000000 0.82743061 0.68457544
1248570012 0.0000000 0.93611628 0.87628198
1248588659 0.0000000 0.91113073 0.82985592
1248872986 0.0000000 0.88795137 0.78795850
1248886386 0.0000000 0.94957715 0.90165287
1249212887 0.0000000 0.84989905 0.72199911
1250467545 0.0000000 0.92547184 0.85648733
1250503855 0.0000000 0.93690205 0.87777483
1250504106 0.0000000 0.96473128 0.93060362
1250601456 0.0000000 0.96201265 0.92527491
1250639275 0.0000000 0.93209648 0.86865520
1250703707 0.0000000 0.69169599 0.47718555
1250777890 0.0000000 0.89727753 0.80506098
1250888264 0.0000000 0.97570777 0.95194155
1250911490 0.0000000 0.65697944 0.43031192
1252249816 0.0000000 0.89556932 0.80178046
1252757125 0.0000000 0.89389825 0.79901499
1254591366 0.0000000 0.95188802 0.90602267
1254664936 0.0000000 0.67196697 0.45152873
1255243328 0.0000000 0.89359814 0.79843050
1256244384 0.0000000 0.79511690 0.63209677
1256252705 0.0000000 0.95336097 0.90880626
1256431794 0.0000000 0.63954419 0.40796870
1257413577 0.0000000 0.95389497 0.90987557
1257413887 5.00000007E-02 0.77728385 0.60289198
1257420861 5.00000007E-02 0.89509058 0.80090708
1257678569 0.0000000 0.66117465 0.43654740
1258065617 0.0000000 0.74937105 0.56113803
1258296469 0.0000000 0.83829266 0.70267254
1258824471 0.0000000 0.66563052 0.44290888
1258926370 0.0000000 0.68833774 0.47309798
1260564405 0.0000000 0.90788490 0.82324409
1260692005 0.0000000 0.76189870 0.58007991
1261227736 0.0000000 0.89430285 0.79977912
1261227864 0.0000000 0.97215426 0.94271183
1261228557 0.0000000 0.67841136 0.45985371
1261232031 5.00000007E-02 0.76378989 0.58333755
1261235533 0.0000000 0.86393374 0.74603266
1261275144 0.0000000 0.75796115 0.57322514
1261713375 0.0000000 0.91630924 0.83749658
1261922241 0.0000000 0.73910224 0.54625463
1262034644 0.0000000 0.74661189 0.55741292
1262237921 0.0000000 0.63083118 0.39788747
1262343689 0.0000000 0.77486628 0.60039830
1262367286 0.0000000 0.81651425 0.66662902
1262622742 0.0000000 0.55189204 0.23464262
1262633257 0.0000000 0.66410410 0.44092673
1263881366 0.0000000 0.88454747 0.78241390
1265523000 0.0000000 0.91944295 0.84526217
1265599504 0.0000000 0.64652318 0.41780806
1265691729 0.0000000 0.97394830 0.94666362
1265942558 0.0000000 0.86940724 0.75586927
1266289887 0.0000000 0.94575363 0.89274299
1266816064 0.0000000 0.96001303 0.91937160
1267146477 0.0000000 0.73248839 0.53653860
1267162697 0.0000000 0.73467654 0.53974128
1267661932 0.0000000 0.98404336 0.96806753
1267662287 0.0000000 0.90907890 0.82523030
1267686434 0.0000000 0.85307711 0.72699416
1267690576 0.0000000 0.95688069 0.91512614
1268040382 0.0000000 0.73254979 0.53556734
1268902896 0.0000000 0.99953580 0.99850595
1268931240 0.0000000 0.99946910 0.99711388
1269644874 0.0000000 0.99953854 0.99905962
1270335780 0.0000000 0.99796593 0.99386233
1270813793 0.0000000 0.99930656 0.99798799
1270961850 0.0000000 0.99970847 0.99912190
1270999307 0.0000000 0.99163741 0.98170567
1271168968 0.0000000 0.99936825 0.99606925
1271191748 0.0000000 0.99967062 0.99633759
1271987388 0.0000000 0.99891782 0.99520773
1272194052 0.0000000 0.99450606 0.98613822
1272250791 0.0000000 0.99961901 0.99861884
1272823213 0.0000000 0.99704051 0.99053001
1274901407 0.0000000 0.99868894 0.99408126
1276535865 0.0000000 0.99959534 0.99812114
1276561877 0.0000000 0.99971545 0.99940604
1276823323 0.0000000 0.99962443 0.99674094
1277440084 0.0000000 0.99753481 0.99333215
1277575551 0.0000000 0.99919844 0.99658096
1277670806 0.0000000 0.99934900 0.99377823
1278097892 0.0000000 0.99960530 0.99420679
1278515743 0.0000000 0.93515676 0.87202042
1278618217 0.0000000 0.99977374 0.99707133
1278636079 0.0000000 0.99910849 0.99752223
1279357457 0.0000000 0.99954790 0.99578810
1279458204 0.0000000 0.99984431 0.99494088
1280029930 0.0000000 0.99990034 0.99495697
1280553485 0.0000000 0.99201804 0.98197794
1280563997 0.0000000 0.99764127 0.99401033
1280587745 0.0000000 0.99810225 0.99159253
1281476617 0.0000000 0.99616259 0.99027079
1282408680 0.0000000 0.99971998 0.99786574
1282415961 0.0000000 0.99835092 0.99335843
1282416480 0.0000000 0.99950147 0.99581969
1283157909 0.0000000 0.99980080 0.99506873
1283540817 0.0000000 0.99659479 0.98996139
1284039008 0.0000000 0.99858552 0.99337846
1284244867 0.0000000 0.99842405 0.99638170
1284952628 0.0000000 0.99940205 0.99798805
1285350982 0.0000000 0.99052638 0.97931856
1285695233 0.0000000 0.99949491 0.99857414
1285876560 0.0000000 0.99909216 0.99604410
1286047392 0.0000000 0.99979454 0.99958658
1286198915 0.0000000 0.99975771 0.99733466
1286865806 0.0000000 0.99380100 0.98546100
1287036373 0.0000000 0.98637700 0.97182792
1289221280 0.0000000 0.99958998 0.99803180
1289567329 0.0000000 0.99979013 0.99676740
1289576340 0.0000000 0.99930423 0.99587685
1290342705 0.0000000 0.99982941 0.99961245
1290784424 0.0000000 0.99977440 0.99810880
1290799240 0.0000000 0.99819338 0.99411732
1291601652 0.0000000 0.99982578 0.99964547
1291689974 0.0000000 0.99918139 0.99643558
1291927327 0.0000000 0.93111384 0.85654366
1292000461 0.0000000 0.79766381 0.48512912
1294804388 0.0000000 0.99974459 0.99792314
1296507195 0.0000000 0.99980342 0.99939811
1296548191 0.0000000 0.99986762 0.99972939
1297058102 0.0000000 0.99971765 0.99942029
1297342916 0.0000000 0.99757743 0.99491179
1297754297 0.0000000 0.99965531 0.99860543
1298970247 0.0000000 0.99825203 0.99567050
1299845150 0.0000000 0.99800009 0.99457812
1300123317 0.0000000 0.99877387 0.99720573
1300281136 0.0000000 0.99851710 0.99657404
1300608051 0.0000000 0.99992180 0.99959505
1301123952 0.0000000 0.99960119 0.99820030
1301458951 0.0000000 0.99982256 0.99913770
1301964194 0.0000000 0.99922264 0.99793750
1302916270 0.0000000 0.99989945 0.99945784
1302961193 0.0000000 0.99909770 0.99782485
1303685617 0.0000000 0.99723375 0.99401224
1304080155 0.0000000 0.99925047 0.99781662
1304082768 0.0000000 0.99991435 0.99963129
1304152538 0.0000000 0.99982274 0.99938411
1304437954 0.0000000 0.99978191 0.99906605
1304717510 0.0000000 0.99959236 0.99879473
1304757333 0.0000000 0.99964458 0.99829471
1306028051 0.0000000 0.99988109 0.99948305
1306098435 0.0000000 0.99973559 0.99893671
1306261925 0.0000000 0.99965018 0.99889749
1307034472 0.0000000 0.99985373 0.99946642
1307669122 0.0000000 0.99986750 0.99941021
1308478735 0.0000000 0.99968642 0.99874961
1309048281 0.0000000 0.99986356 0.99954545
1309094354 0.0000000 0.99989730 0.99954075
1309326569 0.0000000 0.97116643 0.93650043
1309474048 0.0000000 0.99953359 0.99759656
1309601047 0.0000000 0.99736786 0.99422020
1309696244 0.0000000 0.99967206 0.99866509
1309953539 0.0000000 0.99987745 0.99952543
1310469430 0.0000000 0.99989247 0.99948305
1310541580 0.0000000 0.99926054 0.99789768
1310928323 0.0000000 0.99974692 0.99911463
1311000534 0.0000000 0.99978566 0.99919134
1311084070 0.0000000 0.99983096 0.99919653
1311142337 0.0000000 0.99992687 0.99959171
1311692424 0.0000000 0.97637433 0.95001090
1313100452 0.0000000 0.99973929 0.99879098
1314264913 0.0000000 0.99977636 0.99930811
1314789752 0.0000000 0.99913621 0.99810624
1315538819 0.0000000 0.99973816 0.99932081
1315635988 0.0000000 0.98659539 0.97194105
1315804512 0.0000000 0.99960756 0.99860311
1316643513 0.0000000 0.99987626 0.99948913
1316653258 0.0000000 0.99973917 0.99885923
1317835272 0.0000000 0.72430485 -2.75223255E-02
1318175665 0.0000000 0.99930423 0.99846983
1318478724 0.0000000 0.99915004 0.99802983
1319945023 0.0000000 0.99983311 0.99946052
1320074224 0.0000000 0.99972618 0.99913377
1320721143 0.0000000 0.99988967 0.99977928
1321061921 0.0000000 0.99981844 0.99956763
1322787324 0.0000000 0.99945402 0.99885863
1323861170 0.0000000 0.99940819 0.99878830
1323909341 0.0000000 0.99971545 0.99939042
1324582798 0.0000000 0.99983090 0.99954951
1325660397 0.0000000 0.99972272 0.99940544
1326181267 0.0000000 0.99807471 0.99607188
1326728445 0.0000000 0.94108754 0.87407547
1327107001 0.0000000 0.99977416 0.99952817
1327480583 0.0000000 0.99957514 0.99889493
1327824459 0.0000000 0.99953735 0.99901873
1328324062 0.0000000 0.99982554 0.99951982
1328459111 0.0000000 0.99862784 0.99713582
1330223700 0.0000000 0.99997497 0.99987823
1330883534 0.0000000 0.99762291 0.99507815
1332071890 0.0000000 0.99937677 0.99855959
1332086295 0.0000000 0.98630595 0.97177714
1332373478 0.0000000 0.99974453 0.99941260
1333258441 0.0000000 0.99876952 0.99751133
1333828758 0.0000000 0.99965632 0.99923819
1333921411 0.0000000 0.99996310 0.99992007
1334227165 0.0000000 0.99899876 0.99782199
1334800688 0.0000000 0.99982756 0.99954283
1335409258 0.0000000 0.79176092 0.44131094
1335538115 0.0000000 0.99958783 0.99886090
1338362741 0.0000000 0.99962687 0.99923164
1338842309 0.0000000 0.99972606 0.99939060
1338890190 0.0000000 0.99992156 0.99983144
1338944914 0.0000000 0.99997026 0.99992764
1338944979 0.0000000 0.99997282 0.99993038
1338945045 0.0000000 0.99974120 0.99948090
1339216879 0.0000000 0.99971414 0.99938995
1339275618 0.0000000 0.99989396 0.99963427
1339278860 0.0000000 0.99960518 0.99914438
1339309409 0.0000000 0.99960554 0.99862844
1339575740 0.0000000 0.99984771 0.99950612
1339598466 0.0000000 0.99971342 0.99919999
1339646879 0.0000000 0.99969125 0.99918264
1339690513 0.0000000 0.99991482 0.99966854
1339702255 0.0000000 0.99979997 0.99939084
1339923712 0.0000000 0.99992418 0.99974757
1341299876 0.0000000 0.99873060 0.99744487
1341924177 0.0000000 0.99911165 0.99821299
1342405200 0.0000000 0.98767138 0.97371447
1344277570 0.0000000 0.99559087 0.99118853
1344910008 0.0000000 0.99945021 0.99877471
1344941743 0.0000000 0.99979997 0.99924517
1345138860 0.0000000 0.99979085 0.99939722
1345234802 0.0000000 0.99988508 0.99965554
1346380382 0.0000000 0.54627085 -1.3146782
1346415099 0.0000000 0.99966919 0.99927390
1346415834 0.0000000 0.99941796 0.99875027
1346788818 0.0000000 0.99890399 0.99750876
1346816730 0.0000000 0.99690348 0.99365747
1348523853 0.0000000 0.98471391 0.96964324
1350722979 0.0000000 0.99954677 0.99883950
1350800865 0.0000000 0.93345821 0.85818088
1351161077 0.0000000 0.99930215 0.99810696
1352122829 0.0000000 0.99941647 0.99881864
1352554787 0.0000000 0.78043115 0.37809837
1353431341 0.0000000 0.99972951 0.99892414
1353536726 0.0000000 0.99971968 0.99888504
1354158772 0.0000000 0.99047369 0.98102009
1354470336 0.0000000 0.99977440 0.99927092
1354477411 0.0000000 0.99943757 0.99879920
1354976814 0.0000000 0.99868131 0.99696535
1355221924 0.0000000 0.99969888 0.99916512
1356243184 0.0000000 0.99966365 0.99924833
1356319072 0.0000000 0.99711317 0.99395168
1356487597 0.0000000 0.99946368 0.99819255
1356883405 0.0000000 0.99991930 0.99918205
1357128106 0.0000000 0.99985331 0.99907488
1357236484 0.0000000 0.99976248 0.99903101
1357270197 0.0000000 0.99974841 0.99886620
1357331931 0.0000000 0.99952751 0.99819642
1357541346 0.0000000 0.99956882 0.99856353
1357994057 0.0000000 0.99818164 0.99590039
1358411441 0.0000000 0.99959141 0.99894381
1358708986 0.0000000 0.99972016 0.99931711
1359776392 0.0000000 0.99980110 0.99950308
1361064727 0.0000000 0.99977082 0.99943191
1361239965 0.0000000 0.99709791 0.99399561
1361256759 0.0000000 0.99548745 0.99075276
1361373628 0.0000000 0.98890769 0.97791922
1361471757 0.0000000 0.99987173 0.99961728
1361665659 0.0000000 0.99564183 0.99128985
1362386544 0.0000000 0.99569535 0.99129122
1362609444 0.0000000 0.99860454 0.99710977
1362627405 0.0000000 0.99982518 0.99948257
1362643640 0.0000000 0.99969321 0.99927694
1363079024 0.0000000 0.99960333 0.99888158
1363764120 0.0000000 0.99947751 0.99865788
1364349799 0.0000000 0.96643633 0.93280852
1364349845 0.0000000 0.98567981 0.97080243
1364355002 0.0000000 0.99944431 0.99873447
1364690983 0.0000000 0.96747237 0.93532622
1365625224 0.0000000 0.99935156 0.99792784
1366061297 0.0000000 0.73388577 0.20808274
1366432589 0.0000000 0.98816323 0.97642404
1366513671 0.0000000 0.99955076 0.99875480
1369110346 0.0000000 0.99981987 0.99924129
1369124755 0.0000000 0.99983215 0.99884361
1369791239 0.0000000 0.99899089 0.99710500
1369883683 0.0000000 0.99949008 0.99864280
1370118743 0.0000000 0.97785485 0.95604229
1370151783 0.0000000 0.99667323 0.99322683
1370623082 0.0000000 0.99991173 0.99933237
1372241957 0.0000000 0.99684519 0.99306911
1372463510 0.0000000 0.99995565 0.99926674
1373829868 0.0000000 0.99748027 0.99462664
1373895699 0.0000000 0.99978930 0.99925900
1373969495 0.0000000 0.99986267 0.99972701
1376837821 17.350000 8.74097422E-02 2.01421976E-03
1377205321 -28.950001 8.38882998E-02 7.15333223E-03
1377355603 100.00000 6.26093894E-02 1.10775232E-03
1377407246 225.50000 0.14676441 7.98475742E-03
1378247005 52.600002 0.12149610 3.80885601E-03
1378467231 -66.450005 0.13306721 3.01003456E-03
1379475197 216.15001 0.10574340 5.10215759E-03
1380542719 211.85001 0.15291271 3.48448753E-04
1381466759 141.20000 6.12671301E-02 2.77918577E-03
1381684855 112.95000 0.12930013 4.82738018E-04
1382170436 -1.6000000 7.06523210E-02 8.19385052E-04
1382919848 193.00000 0.14288209 1.82813406E-03
1383069011 -46.950001 0.13249096 1.52504444E-03
1383085061 -57.150002 0.10794688 1.04743242E-03
1383220929 -10.500000 0.12614998 1.63912773E-05
1383227120 109.85000 0.15274939 2.58344412E-03
1383227831 35.049999 0.15815601 1.39826536E-03
1383234448 2.2000000 0.21987276 3.92496586E-04
1383263545 172.15001 0.10129540 3.59475613E-04
1383450194 235.50000 0.17524715 3.46541405E-04
1383519374 124.60000 0.14634329 7.63118267E-04
1383809110 44.799999 8.74857083E-02 2.05713511E-03
1383809501 31.350000 8.39214176E-02 1.32155418E-03
1383989687 17.650000 0.13236926 1.99919939E-03
1384145710 206.40001 8.56120884E-02 5.34772873E-04
1384544358 -0.90000004 0.18646254 6.56306744E-04
1385019362 242.40001 6.80326000E-02 2.92807817E-03
1386347977 44.400002 8.12419653E-02 -3.08418274E-02
1386357780 -43.049999 0.11650144 4.24617529E-03
1387916955 49.150002 0.11282796 3.51130962E-03
1389034180 207.95000 0.18265820 6.61075115E-04
1389204911 143.75000 0.13165474 6.91115856E-04
1389717867 -12.950000 0.10251860 3.87191772E-04
1389724692 78.050003 0.14253807 2.53701210E-03
1389729005 159.85001 0.11778770 2.13760138E-03
1389740803 178.65001 0.14465827 5.31876087E-03
1389904819 185.45000 5.31267188E-02 2.83432007E-03
1390517490 40.299999 7.37654865E-02 2.91508436E-03
1390619771 61.250000 9.58890393E-02 1.94615126E-03
1391790286 101.60000 8.76059458E-02 5.43022156E-03
1393014317 151.80000 8.33632872E-02 3.17156315E-04
1393065064 33.150002 0.14206070 9.28580761E-04
1393759985 -11.800000 7.15021268E-02 3.74335051E-03
1393791078 63.299999 8.86876509E-02 1.22487545E-04
1394913876 109.75000 0.14669561 2.59393454E-03
1395061976 27.650000 0.12114758 1.11341476E-04
1395231566 159.25000 0.11638608 1.32977962E-04
1397097485 82.650002 0.13436022 1.28370523E-03
1397746253 52.450001 0.10775736 6.17235899E-03
1398443585 63.250000 0.28141302 2.49326229E-04
1399207416 192.05000 8.81866366E-02 3.64601612E-04
1399278483 1.3500000 0.15867065 2.89195776E-03
1399745740 0.0000000 0.99931580 0.99815148
1399746271 0.0000000 0.99983549 0.99934506
1400631673 0.0000000 0.99996287 0.99963874
1401021673 0.0000000 0.99991953 0.99959964
1401296286 0.0000000 0.99724156 0.99420410
1402085900 0.0000000 0.99851167 0.99603117
1402313583 0.0000000 0.99712759 0.99392360
1402624068 0.0000000 0.98669970 0.97235411
1402784563 0.0000000 0.99979943 0.99917233
1403034553 0.0000000 0.99963981 0.99817556
1403317269 0.0000000 0.99968529 0.99867505
1403439974 0.0000000 0.99961954 0.99821782
1404774365 0.0000000 0.99982399 0.99931514
1404925818 0.0000000 0.99969679 0.99906409
1405577514 0.0000000 0.99988359 0.99945408
1407296767 0.0000000 0.99728566 0.99441653
1407544588 0.0000000 0.74309701 0.25827110
1408047770 0.0000000 0.99754137 0.99498689
1410046387 0.0000000 0.99970961 0.99905872
1410325949 0.0000000 0.99985343 0.99949878
1410382444 0.0000000 0.99823320 0.99589586
1411247643 0.0000000 0.99978364 0.99933964
1411641303 0.0000000 0.99986351 0.99963778
1412009058 0.0000000 0.98525023 0.96892494
1412705290 0.0000000 0.99988282 0.99951750
1413207959 0.0000000 0.86794215 0.67149961
1414298821 0.0000000 0.99943483 0.99766624
1416419181 0.0000000 0.99994648 0.99981588
1416419227 0.0000000 0.99993014 0.99980015
1416540553 0.0000000 0.99962139 0.99905103
1417557685 0.0000000 0.99965006 0.99915701
1417655668 0.0000000 0.99937254 0.99847347
1418245419 0.0000000 0.99986058 0.99962491
1418533563 0.0000000 0.99848270 0.99669939
1419682925 0.0000000 0.99894208 0.99766099
1419947441 0.0000000 0.99705392 0.99368441
1419995164 0.0000000 0.99979103 0.99954462
1420012476 0.0000000 0.99973696 0.99927485
1420437226 0.0000000 0.99960011 0.99918973
1420606112 0.0000000 0.99990112 0.99976957
1420742654 0.0000000 0.96579790 0.92579001
1421435535 0.0000000 0.99989855 0.99975461
1421639313 0.0000000 0.99932140 0.99852586
1422083726 0.0000000 0.99926382 0.99833751
1422374758 0.0000000 0.99423808 0.98835683
1422958210 0.0000000 0.99782133 0.99461055
1423037687 0.0000000 0.99967587 0.99904680
1423603888 0.0000000 0.69099462 -0.15387297
1423726535 0.0000000 0.99980825 0.99959975
1423857991 0.0000000 0.99993753 0.99981773
1424969403 0.0000000 0.99969673 0.99933434
1426114954 0.0000000 0.99931812 0.99847406
1426344314 0.0000000 0.99963927 0.99920505
1426852891 0.0000000 0.99877238 0.99741906
1427105631 0.0000000 0.99993461 0.99979335
1427483378 0.0000000 0.99629706 0.99240834
1428208678 0.0000000 0.99905813 0.99803829
1428320250 0.0000000 0.99976307 0.99949431
1428945237 0.0000000 0.99967045 0.99906296
1429127316 0.0000000 0.99838203 0.99660116
1429494176 0.0000000 0.99996817 0.99985540
1429494550 0.0000000 0.99985456 0.99967796
1429528847 0.0000000 0.99993193 0.99980646
1429530313 0.0000000 0.99996614 0.99988222
1429531199 0.0000000 0.99996287 0.99987298
1429992097 0.0000000 0.99995744 0.99987763
1430658547 0.0000000 0.99987072 0.99971348
1431333501 0.0000000 0.99985284 0.99962372
1431387795 0.0000000 0.99984920 0.99953586
1431628549 0.0000000 0.99955285 0.99898326
1432588969 0.0000000 0.99982339 0.99960929
1432601816 0.0000000 0.99980462 0.99955064
1432799863 0.0000000 0.99960417 0.99914277
1434467768 0.0000000 0.99972111 0.99930191
1434867330 0.0000000 0.99976659 0.99945325
1435335400 0.0000000 0.99941337 0.99860734
1438066750 0.0000000 0.99974465 0.99920082
1438936857 0.0000000 0.99906558 0.99805915
1439209234 0.0000000 0.86232835 0.64705729
1439418087 0.0000000 0.95897651 0.91082180
1439474882 0.0000000 0.99995738 0.99987924
1439699200 0.0000000 0.92285281 0.82554692
1441113885 0.0000000 0.99986577 0.99956179
1441128847 0.0000000 0.99986720 0.99966323
1441160293 0.0000000 0.99962467 0.99913180
1441898607 0.0000000 0.99986875 0.99967724
1442339782 0.0000000 0.99986655 0.99965906
1442345855 0.0000000 0.99993831 0.99980670
1442345878 0.0000000 0.99994040 0.99981320
1442408939 0.0000000 0.99996269 0.99983335
1442410226 0.0000000 0.99978763 0.99945670
1442413798 0.0000000 0.99983472 0.99961871
1443074281 0.0000000 0.99843585 0.99667794
1443555465 0.0000000 0.99976563 0.99910372
1444648487 0.0000000 0.99978614 0.99949276
1444736944 0.0000000 0.99982184 0.99948186
1444953165 0.0000000 0.99983191 0.99958813
1444953267 0.0000000 0.99980205 0.99951094
1445014914 0.0000000 0.99901229 0.99756986
1445221055 0.0000000 0.99994242 0.99982589
1445233331 0.0000000 0.99976718 0.99946600
1445239215 0.0000000 0.99976975 0.99948323
1446412182 0.0000000 0.99994320 0.99980617
1446412281 0.0000000 0.99982965 0.99961871
1446509184 0.0000000 0.99984705 0.99962121
1446509190 0.0000000 0.99984705 0.99962074
1446714386 0.0000000 0.99968016 0.99911666
1447167192 0.0000000 0.99935031 0.99862862
1447255999 0.0000000 0.99971610 0.99935567
1447277516 0.0000000 0.99863875 0.99694252
1448316095 0.0000000 0.94629419 0.88047326
1448671943 0.0000000 0.99936187 0.99854457
1449033717 0.0000000 0.99994051 0.99981117
1449035580 0.0000000 0.99987626 0.99969280
1449153073 0.0000000 0.99982673 0.99958271
1449935242 0.0000000 0.99954164 0.99902993
1450510821 0.0000000 0.92414373 0.82191169
1450536811 0.0000000 0.97833931 0.95427603
1450992022 0.0000000 0.99956185 0.99866927
1451199638 0.0000000 0.99916202 0.99792475
1451327726 0.0000000 0.99893034 0.99765980
1451523194 0.0000000 0.97008032 0.93562990
1451829690 0.0000000 0.99964947 0.99926710
1451928000 0.0000000 0.98419249 0.96733427
1452487977 0.0000000 0.99994510 0.99985784
1453169606 0.0000000 0.99993092 0.99983335
1453824336 0.0000000 0.98879045 0.97665960
1454422761 0.0000000 0.99993807 0.99987108
1454702246 0.0000000 0.99997151 0.99986845
1454702308 0.0000000 0.99996138 0.99987435
1454702406 0.0000000 0.99996918 0.99991930
1454702512 0.0000000 0.99987298 0.99972284
1454978820 0.0000000 0.99994725 0.99986923
1455590759 0.0000000 0.99977499 0.99953753
1455595494 0.0000000 0.99990964 0.99982178
1455757779 0.0000000 0.99996239 0.99991995
1455758311 0.0000000 0.99994445 0.99988252
1456215987 0.0000000 0.99965757 0.99928975
1456541993 0.0000000 0.99781799 0.99561489
1457201466 0.0000000 0.99924093 0.99830890
1457276938 0.0000000 0.99655348 0.99304366
1459152479 0.0000000 0.99889880 0.99753118
1459502085 0.0000000 0.98808390 0.97527778
1459988008 0.0000000 0.99393445 0.98726410
1460294506 0.0000000 0.99707383 0.99370944
1460353509 0.0000000 0.99984288 0.99967408
1460804146 0.0000000 0.99987781 0.99934655
1461082597 0.0000000 0.99925673 0.99787140
1461607991 0.0000000 0.99920821 0.99803799
1461770234 0.0000000 0.99992567 0.99950814
1461770257 0.0000000 0.99994338 0.99954116
1461770858 0.0000000 0.99990708 0.99942225
1461781146 0.0000000 0.99992734 0.99953997
1461806086 0.0000000 0.99969268 0.99855578
1462056417 0.0000000 0.99987102 0.99941665
1462199340 0.0000000 0.99982458 0.99917406
1462521203 0.0000000 0.99982768 0.99921733
1462632669 0.0000000 0.99986053 0.99933356
1462675593 0.0000000 0.99975961 0.99875313
1463023035 0.0000000 0.99995553 0.99955076
1463023251 0.0000000 0.99970263 0.99882531
1463023282 0.0000000 0.99964350 0.99869001
1463027395 0.0000000 0.99989784 0.99941027
1463127852 0.0000000 0.99985468 0.99921787
1463195522 0.0000000 0.99984747 0.99926662
1463196768 0.0000000 0.99989039 0.99938327
1463530965 0.0000000 0.99975765 0.99895972
1463863900 0.0000000 0.99993408 0.99952590
1463882779 0.0000000 0.99972373 0.99906963
1464184475 0.0000000 0.99145919 0.98171139
1464544116 0.0000000 0.99940586 0.99857974
1464576767 0.0000000 0.99989086 0.99956131
1464630651 0.0000000 0.99942726 0.99798214
1464672226 0.0000000 0.99992859 0.99956465
1466204142 0.0000000 0.99852896 0.99664629
1466383187 0.0000000 0.99963105 0.99877471
1466409210 0.0000000 0.99944770 0.99843252
1466715930 0.0000000 0.99986023 0.99933195
1467361422 0.0000000 0.99974549 0.99909770
1469019333 0.0000000 0.99964994 0.99861181
1469592155 0.0000000 0.99977732 0.99918377
1471008941 0.0000000 0.99900639 0.99746084
1471908408 0.0000000 0.99878496 0.99755269
1472660934 0.0000000 0.99966538 0.99875641
1473440050 0.0000000 0.99844617 0.99652928
1475055492 0.0000000 0.99963558 0.99881053
1475769120 0.0000000 0.99996817 0.99971157
1477370752 0.0000000 0.99985260 0.99966365
1478519786 0.0000000 0.99969131 0.99934226
1478903131 0.0000000 0.99994355 0.99984723
1480024554 0.0000000 0.99995637 0.99991006
1480377579 0.0000000 0.99704981 0.99367124
1480507474 0.0000000 0.99975091 0.99942887
1481256588 0.0000000 0.99957132 0.99909145
1481811269 0.0000000 0.99990320 0.99978638
1483057851 0.0000000 0.99966407 0.99909186
1483513641 0.0000000 0.99958408 0.99910140
1484155863 0.0000000 0.99863017 0.99725795
1484797338 0.0000000 0.97283679 0.94282359
1484900187 0.0000000 0.99875188 0.99745083
1485329586 0.0000000 0.99903679 0.99767035
1486746772 0.0000000 0.99994016 0.99926007
1487420859 0.0000000 0.99324495 0.98614043
1487652197 0.0000000 0.96264088 0.92383450
1488212310 0.0000000 0.99916875 0.99781519
1488924651 0.0000000 0.99927229 0.99849296
1489967289 0.0000000 0.99888265 0.99691606
1490066029 0.0000000 0.70463926 3.59312296E-02
1490805242 0.0000000 0.99423218 0.98724371
1492112471 0.0000000 0.99962711 0.99854916
1492367656 0.0000000 0.99934638 0.99817067
1493517442 0.0000000 0.99967480 0.99889255
1493960850 0.0000000 0.99905139 0.99735785
1493986611 0.0000000 0.60947567 -0.83703017
1494889974 0.0000000 0.99994975 0.99949145
1494932580 0.0000000 0.99874711 0.99694967
1495631454 0.0000000 0.99973971 0.99888563
1495691291 0.0000000 0.99937660 0.99801040
1495956669 0.0000000 0.99681240 0.99160630
1495999757 0.0000000 0.99972641 0.99900979
1496582686 0.0000000 0.99970764 0.99888670
1497967350 0.0000000 0.67348629 -0.25217414
1498029939 0.0000000 0.99936849 0.99793994
1500318986 0.0000000 0.99931091 0.99781126
1501139292 0.0000000 0.99243516 0.98425370
1501845585 0.0000000 0.99975365 0.99891675
1502294736 0.0000000 0.99971706 0.99878353
1502416734 0.0000000 0.99953449 0.99862087
1502582915 0.0000000 0.99776590 0.99483341
1504364658 0.0000000 0.99578297 0.99084604
1505096741 0.0000000 0.99913496 0.99671710
1505687994 0.0000000 0.99980813 0.99911338
1505917796 0.0000000 0.99994218 0.99950862
1506232185 0.0000000 0.99935293 0.99821901
1506549399 0.0000000 0.99503350 0.98833090
1507505391 0.0000000 0.99798465 0.99523968
1507747520 0.0000000 0.99947649 0.99831331
1508582157 0.0000000 0.99509013 0.98933309
1509318944 0.0000000 0.99989295 0.99934787
1509677295 0.0000000 0.99989164 0.99938411
1509677339 0.0000000 0.99989444 0.99939537
1509752088 0.0000000 0.99985832 0.99926561
1510398879 0.0000000 0.99925089 0.99750036
1510402973 0.0000000 0.99983567 0.99906272
1510440860 0.0000000 0.99901444 0.99677747
1510947032 0.0000000 0.99749845 0.99414057
1511360409 0.0000000 0.99988854 0.99931473
1511470532 0.0000000 0.99976975 0.99893969
1512230735 0.0000000 0.99638915 0.99080777
1512377977 0.0000000 0.99655104 0.99240571
1512704669 0.0000000 0.99974328 0.99909234
1513120660 0.0000000 0.99940604 0.99840194
1516168751 0.0000000 0.99973226 0.99875158
1516984288 0.0000000 0.99928242 0.99806744
1517686257 0.0000000 0.99978459 0.99890292
1517749972 0.0000000 0.99991012 0.99935693
1517752600 0.0000000 0.99987543 0.99928916
1517752662 0.0000000 0.99987966 0.99923992
1517753127 0.0000000 0.99963063 0.99869859
1517753452 0.0000000 0.99992007 0.99938554
1517753522 0.0000000 0.99992537 0.99939972
1517753592 0.0000000 0.99992460 0.99939936
1517753815 0.0000000 0.99988174 0.99930787
1517758427 0.0000000 0.99969196 0.99894977
1517763262 0.0000000 0.99951893 0.99845892
1517821602 0.0000000 0.99978846 0.99918491
1517823894 0.0000000 0.99960107 0.99865454
1517846321 0.0000000 0.99980718 0.99908322
1517852233 0.0000000 0.99961293 0.99855351
1517893754 0.0000000 0.99984956 0.99911028
1517906208 0.0000000 0.99972856 0.99897724
1517932241 0.0000000 0.99988592 0.99929959
1517932280 0.0000000 0.99996656 0.99947160
1517932282 0.0000000 0.99996322 0.99947733
1517932427 0.0000000 0.99980128 0.99898243
1517932434 0.0000000 0.99979460 0.99895990
1517932492 0.0000000 0.99976546 0.99895060
1517933877 0.0000000 0.99978799 0.99903041
1517940013 0.0000000 0.99993098 0.99944872
1517940459 0.0000000 0.99991632 0.99937934
1517944528 0.0000000 0.99996603 0.99948913
1517945796 0.0000000 0.99983883 0.99920940
1517950582 0.0000000 0.99985480 0.99922854
1517958702 0.0000000 0.99978328 0.99904233
1517960631 0.0000000 0.99982768 0.99901557
1517969882 0.0000000 0.99988371 0.99931598
1517974578 0.0000000 0.99987066 0.99926203
1517998787 0.0000000 0.99963623 0.99862599
1518001985 0.0000000 0.99990201 0.99936408
1518008800 0.0000000 0.99991876 0.99941289
1518008880 0.0000000 0.99960649 0.99875969
1518013159 0.0000000 0.99987775 0.99928880
1518016890 0.0000000 0.99996197 0.99949992
1518016916 0.0000000 0.99997950 0.99953270
1518051257 0.0000000 0.99983591 0.99907327
1518059164 0.0000000 0.99979043 0.99902803
1518142443 0.0000000 0.99971795 0.99874592
1518201789 0.0000000 0.99974322 0.99902725
1518248929 0.0000000 0.99968261 0.99895942
1518858396 0.0000000 0.99273223 0.98418957
1518981709 0.0000000 0.99932504 0.99788147
1519051621 0.0000000 0.99970949 0.99843299
1519254641 0.0000000 0.99984711 0.99920744
1519583320 0.0000000 0.99992186 0.99941593
1519962147 0.0000000 0.99945587 0.99828964
1520098551 0.0000000 0.99980259 0.99896944
1520329330 0.0000000 0.99951005 0.99829066
1521024527 0.0000000 0.99980158 0.99912405
1521537776 0.0000000 0.99990171 0.99934620
1521728871 0.0000000 0.99945289 0.99811673
1522232997 0.0000000 0.99951881 0.99814886
1522282670 0.0000000 0.99970233 0.99794114
1522598524 0.0000000 0.99948180 0.99778664
1523432369 0.0000000 0.99343592 0.98548526
1523886539 0.0000000 0.99917418 0.99786806
1524201906 0.0000000 0.99917382 0.99782395
1524248877 0.0000000 0.99608368 0.99024040
1524308214 0.0000000 0.99885911 0.99703777
1524503432 0.0000000 0.99960756 0.99864006
1524721460 0.0000000 0.99702847 0.99347138
1524721601 0.0000000 0.99284416 0.98476189
1524808553 0.0000000 0.99592763 0.99096107
1525218424 0.0000000 0.99994761 0.99941802
1526098666 0.0000000 0.99964994 0.99874628
1527728598 0.0000000 0.99936402 0.99826413
1527904870 0.0000000 0.99968648 0.99803132
1528731725 0.0000000 0.99974948 0.99899244
1528750347 0.0000000 0.99983621 0.99920774
1528856173 0.0000000 0.95750457 0.90316176
1529096035 0.0000000 0.99967784 0.99845523
1529334375 0.0000000 0.99803102 0.99545109
1529522338 0.0000000 0.99959356 0.99852651
1530516370 0.0000000 0.99947304 0.99802661
1530516385 0.0000000 0.99947286 0.99802518
1530609654 0.0000000 0.99973983 0.99905622
1531312909 0.0000000 0.99921000 0.99798465
1531507119 0.0000000 0.99960482 0.99868375
1532050755 0.0000000 0.99621159 0.99144536
1533217098 0.0000000 0.99976146 0.99891675
1533504622 0.0000000 0.99731964 0.99359715
1533801692 0.0000000 0.98919839 0.97656322
1534500582 0.0000000 0.99968004 0.99832380
1534551317 0.0000000 0.99989456 0.99921471
1535572403 0.0000000 0.99736065 0.99384916
1535660064 0.0000000 0.99827480 0.99527031
1536498994 0.0000000 0.99942541 0.99793339
1536641006 0.0000000 0.99949485 0.99803704
1536700815 0.0000000 0.99795765 0.99411041
1538633849 0.0000000 0.96588099 0.92367262
1538766649 0.0000000 0.87905598 0.68281263
1539072778 0.0000000 0.99747360 0.99423677
1539164591 0.0000000 0.99932408 0.99816751
1540269298 0.0000000 0.99997729 0.99946785
1540310644 0.0000000 0.99997687 0.99941438
1541624711 0.0000000 0.99946690 0.99841404
1541712486 0.0000000 0.99526948 0.98954046
1542328459 0.0000000 0.99916965 0.99753857
1542608341 0.0000000 0.99970001 0.99876249
1542638415 0.0000000 0.99955207 0.99852341
1542645094 0.0000000 0.99941039 0.99784702
1543190243 0.0000000 0.99994075 0.99940485
1543191316 0.0000000 0.98993170 0.97811234
1543236658 0.0000000 0.99808204 0.99551964
1543238642 0.0000000 0.99013990 0.97846925
1543314575 0.0000000 0.99701524 0.99307042
1544368541 0.0000000 0.99989808 0.99929219
1544439487 0.0000000 0.99738127 0.99387568
1544621063 0.0000000 0.99982870 0.99899650
1544908865 0.0000000 0.99987364 0.99915075
1545710204 0.0000000 0.99763852 0.99442792
1546538568 0.0000000 0.99984342 0.99915248
1546949806 0.0000000 0.99985975 0.99912769
1548127166 0.0000000 0.99904841 0.99759221
1548825695 0.0000000 0.99989128 0.99921256
1548861293 0.0000000 0.99930650 0.99802506
1549366351 0.0000000 0.99883765 0.99610609
1549558324 0.0000000 0.99982160 0.99903721
1550239687 0.0000000 0.99982381 0.99894184
1551558867 0.0000000 0.88327706 0.68857968
1552012334 0.0000000 0.99980944 0.99903482
1552127531 0.0000000 0.96921313 0.93068075
1552421955 0.0000000 0.99964392 0.99848163
1552451554 0.0000000 0.99979079 0.99886042
1552511242 0.0000000 0.99937135 0.99807167
1552697151 0.0000000 0.99753582 0.99410260
1552968094 0.0000000 0.99959958 0.99789143
1553256348 0.0000000 0.99946636 0.99802971
1553414210 0.0000000 0.99899393 0.99630409
1554087275 0.0000000 0.99953139 0.99759090
1554172029 0.0000000 0.97137779 0.93672132
1554256375 0.0000000 0.99998510 0.99943548
1554343015 0.0000000 0.99995583 0.99941492
1554382610 0.0000000 0.99962389 0.99840236
1554499495 0.0000000 0.99785513 0.99484181
1554706689 0.0000000 0.99805087 0.99539167
1554822801 0.0000000 0.99985600 0.99902588
1554841453 0.0000000 0.99979740 0.99873704
1554850672 0.0000000 0.99984980 0.99908251
1555563667 0.0000000 0.84769946 0.67534000
1556793883 0.0000000 0.99962705 0.99856317
1556970683 0.0000000 0.98805225 0.97355700
1557330527 0.0000000 0.99954796 0.99840790
1557737721 0.0000000 0.99962515 0.99797291
1558197514 0.0000000 0.99948549 0.99835980
1558379328 0.0000000 0.99161386 0.98064488
1558489044 0.0000000 0.99979591 0.99875772
1558591969 0.0000000 0.99976271 0.99878818
1559317998 0.0000000 0.99951476 0.99845827
1559641578 0.0000000 0.99990863 0.99928629
1559762840 0.0000000 0.99968368 0.99844927
1560870606 0.0000000 0.88691497 0.71862221
1561237205 0.0000000 0.99728000 0.99291378
1561242160 0.0000000 0.99766558 0.99418706
1561825206 0.0000000 0.99912316 0.99709064
1561837452 0.0000000 0.99984467 0.99920911
1562610935 0.0000000 0.99940956 0.99816859
1562880116 0.0000000 0.99986923 0.99925435
1563275550 0.0000000 0.99908000 0.99736834
1563531230 0.0000000 0.99870312 0.99693912
1563768365 0.0000000 0.96509546 0.91992122
1563850922 0.0000000 0.99641812 0.99165630
1564123196 0.0000000 0.99913645 0.99754626
1564190683 0.0000000 0.99981403 0.99911207
1564649429 0.0000000 0.99502873 0.98882324
1564753988 0.0000000 0.99978656 0.99897492
1564784683 0.0000000 0.99991065 0.99928892
1565054388 0.0000000 0.99993730 0.99936098
1565055090 0.0000000 0.99980307 0.99906790
1565213283 0.0000000 0.99996883 0.99941367
1565218942 0.0000000 0.99939722 0.99801254
1565905300 0.0000000 0.99939615 0.99735284
1566053525 0.0000000 0.99959379 0.99845457
1566053530 0.0000000 0.99959129 0.99844813
1566074882 0.0000000 0.99618381 0.99147218
1566101114 0.0000000 0.99984872 0.99913067
1566598377 0.0000000 0.84842372 0.57188749
1566648618 0.0000000 0.99577904 0.99010378
1567237819 0.0000000 0.99904782 0.99752688
1567471650 0.0000000 0.99960148 0.99853885
1567604000 0.0000000 0.99667060 0.99254131
1567917359 0.0000000 0.99918312 0.99785554
1568005668 0.0000000 0.99699414 0.99328607
1568095682 0.0000000 0.99974585 0.99890822
1569863578 0.0000000 0.99697542 0.99301481
1570468626 0.0000000 0.99952829 0.99839973
1571312673 0.0000000 0.99993193 0.99940091
1571861758 0.0000000 0.96926457 0.93087900
1572218883 0.0000000 0.99910706 0.99737018
1573491297 0.0000000 0.97227067 0.93957478
1573495893 0.0000000 0.99661309 0.99167347
1574645562 0.0000000 0.99972993 0.99885660
1575564604 0.0000000 0.90536052 0.76958334
1575660753 0.0000000 0.99932474 0.99727315
1576495557 0.0000000 0.99979204 0.99876261
1577769501 0.0000000 0.88835758 0.72340155
1577819410 0.0000000 0.99986273 0.99915642
1578293635 0.0000000 0.99974835 0.99878645
1578510402 0.0000000 0.99887085 0.99635071
1579404154 0.0000000 0.99242496 0.98377365
1579703564 0.0000000 0.99814945 0.99546111
1580749376 0.0000000 0.99982101 0.99905372
1581076659 0.0000000 0.99928999 0.99750668
1581616159 0.0000000 0.99991161 0.99926645
1581629921 0.0000000 0.99697763 0.99312568
1581764406 0.0000000 0.99995130 0.99926305
1581764700 0.0000000 0.99986213 0.99910831
1581794413 0.0000000 0.99989545 0.99919409
1582090065 0.0000000 0.99984717 0.99898350
1582113307 0.0000000 0.99968350 0.99823564
1582546233 0.0000000 0.99958533 0.99827051
1582592414 0.0000000 0.99945110 0.99839801
1582629242 0.0000000 0.99989045 0.99914730
1582695255 0.0000000 0.99967915 0.99821180
1584677477 0.0000000 0.99940842 0.99821985
1585787701 0.0000000 0.83917618 0.53213757
1586537097 0.0000000 0.99977225 0.99907756
1586691401 0.0000000 0.99970138 0.99849296
1587481331 0.0000000 0.99902231 0.99676853
1588476280 0.0000000 0.99993187 0.99936587
1589003116 0.0000000 0.99904454 0.99633247
1589548020 -57.000000 0.14946570 -617456.50
1589756010 0.0000000 0.99907982 0.99666667
1589910785 0.0000000 0.94891030 0.88622522
1590311534 0.0000000 0.89196938 0.72122967
1590359490 0.0000000 0.99988294 0.99923760
1590694463 0.0000000 0.99945986 0.99797946
1590843750 0.0000000 0.99972481 0.99878955
1591494563 0.0000000 0.99960899 0.99845701
1591839506 0.0000000 0.99958068 0.99738175
1591921295 0.0000000 0.99961227 0.99825293
1592079539 0.0000000 0.99987042 0.99916297
1592349420 0.0000000 0.99935514 0.99741465
1593214064 0.0000000 0.99986380 0.99920720
1593241888 0.0000000 0.99869782 0.99653101
1593407313 0.0000000 0.99959284 0.99770391
1593435168 0.0000000 0.99977160 0.99896711
1593519432 0.0000000 0.99599451 0.99023676
1594227272 0.0000000 0.99743527 0.99391073
1594265063 0.0000000 0.99972045 0.99851817
1594267923 0.0000000 0.99953967 0.99807686
1594526768 0.0000000 0.99898803 0.99682570
1594546164 0.0000000 0.89531475 0.75112557
1595767949 0.0000000 0.99993432 0.99935782
1597107665 0.0000000 0.99940175 0.99720520
1597123796 0.0000000 0.96150512 0.91166312
1597187246 0.0000000 0.99807662 0.99540997
1597774608 0.0000000 0.97915816 0.95422149
1597797181 0.0000000 0.99789947 0.99493188
1597806811 0.0000000 0.99924451 0.99763262
1598480108 0.0000000 0.99939990 0.99782932
1598847265 0.0000000 0.95933497 0.90962452
1599036279 0.0000000 0.99674392 0.99211079
1600306672 0.0000000 0.99931115 0.99802732
1600646088 0.0000000 0.99641258 0.99194127
1600833602 0.0000000 0.99942708 0.99816972
1601017581 0.0000000 0.99913752 0.99726236
1601326254 0.0000000 0.99983358 0.99912262
1601342057 0.0000000 0.99895108 0.99738342
1601440640 0.0000000 0.99987370 0.99916625
1601863505 0.0000000 0.99836433 0.99585050
1602517184 0.0000000 0.99962807 0.99837387
1602946993 0.0000000 0.99990237 0.99921536
1602947159 0.0000000 0.99905938 0.99742669
1603087586 0.0000000 0.99045897 0.97919559
1603396062 0.0000000 0.91373724 0.78731239
1603674483 0.0000000 0.99930412 0.99723232
1604358861 0.0000000 0.99933523 0.99797410
1604426346 0.0000000 0.98167759 0.96089971
1604601372 0.0000000 0.99974757 0.99882728
1604626818 0.0000000 0.99988508 0.99918574
1605130406 0.0000000 0.99899173 0.99742144
1605130534 0.0000000 0.99613374 0.99115914
1605266102 0.0000000 0.98796999 0.97423202
1605511152 0.0000000 0.99917948 0.99768895
1605551866 0.0000000 0.99170095 0.98205292
1605557664 0.0000000 0.99295545 0.98506159
1605621503 0.0000000 0.99749994 0.99446511
1605662576 0.0000000 0.99758583 0.99324083
1606582085 0.0000000 0.84546489 0.54279995
1606657334 0.0000000 0.99988526 0.99919587
1607578178 0.0000000 0.99991095 0.99930423
1607606398 0.0000000 0.99990016 0.99922472
1607606851 0.0000000 0.99911940 0.99766368
1607624108 0.0000000 0.99979365 0.99868560
1608317519 0.0000000 0.96845031 0.93036801
1608385359 0.0000000 0.85727662 0.61380070
1609436522 0.0000000 0.99885660 0.99643600
1609594007 0.0000000 0.99962831 0.99875462
1610162996 0.0000000 0.66142613 -0.28827524
1610192153 0.0000000 0.99970746 0.99882907
1610249009 0.0000000 0.99976701 0.99842501
1610838659 0.0000000 0.99982864 0.99908370
1611559538 0.0000000 0.99961519 0.99842989
1611565557 0.0000000 0.99879825 0.99642146
1611574763 0.0000000 0.99949485 0.99662101
1611584686 0.0000000 0.95066631 0.88698548
1611818971 0.0000000 0.99948591 0.99832726
