1393014317 0.0000000 0.99853051 0.99700975
1393065064 0.0000000 0.99827594 0.99649942
1393759985 0.0000000 0.99856704 0.99700958
1393791078 0.0000000 0.99868810 0.99722773
1394913876 0.0000000 0.99882174 0.99761868
1395061976 0.0000000 0.99846476 0.99675447
1395231566 0.0000000 0.99854356 0.99705702
1397097485 0.0000000 0.99860460 0.99706531
1397746253 0.0000000 0.99837685 0.99669886
1398443585 0.0000000 0.99888074 0.99769837
1399207416 0.0000000 0.99895525 0.99789339
1399278483 0.0000000 0.99815494 0.99630487
1399745740 0.0000000 0.99896389 0.99783176
1399746271 0.0000000 0.99909419 0.99813724
1400631673 0.0000000 0.99860948 0.99716449
1401021673 0.0000000 0.99921042 0.99839813
1401296286 0.0000000 0.99841160 0.99673897
1402085900 0.0000000 0.99818200 0.99632859
1402313583 0.0000000 0.99837488 0.99670726
1402624068 0.0000000 0.99805504 0.99606508
1402784563 0.0000000 0.99778378 0.99555814
1403034553 0.0000000 0.99819958 0.99640584
1403317269 0.0000000 0.99872750 0.99744773
1403439974 0.0000000 0.99789584 0.99577081
1404774365 0.0000000 0.99876142 0.99738818
1404925818 0.0000000 0.99869102 0.99709427
1405577514 0.0000000 0.99875671 0.99745584
1407296767 0.0000000 0.99845159 0.99689090
1407544588 0.0000000 0.99788606 0.99574614
1408047770 0.0000000 0.99864846 0.99728090
1410046387 0.0000000 0.99831700 0.99634326
1410325949 0.0000000 0.99882382 0.99759102
1410382444 0.0000000 0.99860758 0.99719405
1411247643 0.0000000 0.99852622 0.99705219
1411641303 0.0000000 0.99891055 0.99778748
1412009058 0.0000000 0.99781299 0.99559778
1412705290 0.0000000 0.99875337 0.99750894
1413207959 0.0000000 0.99806052 0.99592048
1414298821 0.0000000 0.99851584 0.99694347
1416419181 0.0000000 0.99767935 0.99526393
1416419227 0.0000000 0.99839497 0.99669141
1416540553 0.0000000 0.99881071 0.99757957
1417557685 0.0000000 0.99860036 0.99719065
1417655668 0.0000000 0.99852258 0.99697059
1418245419 0.0000000 0.99783844 0.99567151
1418533563 0.0000000 0.99834991 0.99670088
1419682925 0.0000000 0.99854112 0.99707365
1419947441 0.0000000 0.99797010 0.99586499
1419995164 0.0000000 0.99818695 0.99634182
1420012476 0.0000000 0.99745935 0.99483967
1420437226 0.0000000 0.99850565 0.99698073
1420606112 0.0000000 0.99707633 0.99415594
1420742654 0.0000000 0.99829447 0.99653369
1421435535 0.0000000 0.99834728 0.99637163
1421639313 0.0000000 0.99864644 0.99728769
1422083726 0.0000000 0.99857086 0.99713862
1422374758 0.0000000 0.99859565 0.99706954
1422958210 0.0000000 0.99843144 0.99682218
1423037687 0.0000000 0.99832481 0.99663365
1423603888 0.0000000 0.99743485 0.99484646
1423726535 0.0000000 0.99776375 0.99548382
1423857991 0.0000000 0.99900228 0.99800235
1424969403 0.0000000 0.99873573 0.99745524
1426114954 0.0000000 0.99857742 0.99638182
1426344314 0.0000000 0.99845082 0.99669147
1426852891 0.0000000 0.99851757 0.99616575
1427105631 0.0000000 0.99888885 0.99777979
1427483378 0.0000000 0.99802792 0.99554199
1428208678 0.0000000 0.99775201 0.99434817
1428320250 0.0000000 0.99869502 0.99674618
1428945237 0.0000000 0.99861699 0.99660695
1429127316 0.0000000 0.99838364 0.99650127
1429494176 0.0000000 0.99778795 0.99483782
1429494550 0.0000000 0.99851853 0.99700111
1429528847 0.0000000 0.99888843 0.99773157
1429530313 0.0000000 0.99849099 0.99690920
1429531199 0.0000000 0.99842829 0.99670523
1429992097 0.0000000 0.99856359 0.99708784
1430658547 0.0000000 0.99812818 0.99618745
1431333501 0.0000000 0.99888611 0.99772257
1431387795 0.0000000 0.99794221 0.99396276
1431628549 0.0000000 0.99881721 0.99736989
1432588969 0.0000000 0.99895334 0.99733829
1432601816 0.0000000 0.99817318 0.99611300
1432799863 0.0000000 0.99842077 0.99648118
1434467768 0.0000000 0.99836075 0.99659550
1434867330 0.0000000 0.99838781 0.99666631
1435335400 0.0000000 0.99840295 0.99626815
1438066750 0.0000000 0.99853987 0.99707341
1438936857 0.0000000 0.99772841 0.99423325
1439209234 0.0000000 0.99845636 0.99687701
1439418087 0.0000000 0.99750805 0.99501699
1439474882 0.0000000 0.99862909 0.99721920
1439699200 0.0000000 0.99779671 0.99558884
1441113885 0.0000000 0.99825573 0.99651045
1441128847 0.0000000 0.99858081 0.99696165
1441160293 0.0000000 0.99850786 0.99638969
1441898607 0.0000000 0.99811250 0.93257725
1442339782 0.0000000 0.99804938 0.90310389
1442345855 0.0000000 0.99852014 0.90858555
1442345878 0.0000000 0.99851924 0.90859479
1442408939 0.0000000 0.99840474 0.90612149
1442410226 0.0000000 0.99664861 0.90207416
1442413798 0.0000000 0.99686652 0.90173292
1443074281 0.0000000 0.98208314 0.88715786
1443555465 0.0000000 0.99760669 0.88647532
1444648487 0.0000000 0.99598390 0.87631941
1444736944 0.0000000 0.99852592 0.88533187
1444953165 0.0000000 0.99775028 0.88247919
1444953267 0.0000000 0.99651963 0.88263631
1445014914 0.0000000 0.98199892 0.86847389
1445221055 0.0000000 0.99819738 0.90448105
1445233331 0.0000000 0.99847281 0.89610738
1445239215 0.0000000 0.99846709 0.89505094
1446412182 0.0000000 0.99886054 0.99550503
1446412281 0.0000000 0.99857974 0.99483246
1446509184 0.0000000 0.99845022 0.99455482
1446509190 0.0000000 0.99845082 0.99455535
1446714386 0.0000000 0.99828452 0.96445876
1447167192 0.0000000 0.99515533 0.91095120
1447255999 0.0000000 0.99770081 0.91045791
1447277516 0.0000000 0.98520410 0.89249289
1448316095 0.0000000 0.94053131 0.83538461
1448671943 0.0000000 0.98615390 0.87464786
1449033717 0.0000000 0.99640024 0.88856679
1449035580 0.0000000 0.99677372 0.89069009
1449153073 0.0000000 0.99692941 0.90273452
1449935242 0.0000000 0.99723941 0.96598685
1450510821 0.0000000 0.99604863 0.98276019
1450536811 0.0000000 0.99613231 0.98380738
1450992022 0.0000000 0.99823725 0.98309028
1451199638 0.0000000 0.99791324 0.99215317
1451327726 0.0000000 0.99804747 0.99302608
1451523194 0.0000000 0.99469864 0.98250705
1451829690 0.0000000 0.99873507 0.98258376
1451928000 0.0000000 0.97990888 0.95390034
1452487977 0.0000000 0.99858469 0.98934108
1453169606 0.0000000 0.99867845 0.99257159
1453824336 0.0000000 0.78656220 0.54524070
1454422761 0.0000000 0.99847203 0.96718508
1454702246 0.0000000 0.99854147 0.97029638
1454702308 0.0000000 0.99854285 0.97045076
1454702406 0.0000000 0.99881065 0.97171164
1454702512 0.0000000 0.99854010 0.97003204
1454978820 0.0000000 0.99708498 0.95817608
1455590759 0.0000000 0.98066068 0.92894214
1455595494 0.0000000 0.99215466 0.94093955
1455757779 0.0000000 0.99806392 0.95278633
1455758311 0.0000000 0.99797553 0.95306456
1456215987 0.0000000 0.99116123 0.95101118
1456541993 0.0000000 0.94645238 0.88888514
1457201466 0.0000000 0.97574586 0.92947239
1457276938 0.0000000 0.97005194 0.92665213
1459502085 0.0000000 0.75032002 0.46831787
1459988008 0.0000000 0.85759151 0.72438514
1460294506 0.0000000 0.96853131 0.92634231
1460353509 0.0000000 0.99833465 0.96882266
1460804146 0.0000000 0.99026966 0.95399868
1461082597 0.0000000 0.98418313 0.94522262
1461607991 0.0000000 0.96269351 0.91632658
1461770234 0.0000000 0.99856454 0.96809590
1461770257 0.0000000 0.99856305 0.96809900
1461770858 0.0000000 0.99880821 0.96550775
1461781146 0.0000000 0.99843079 0.96435058
1461806086 0.0000000 0.98894417 0.95116782
1462056417 0.0000000 0.99759507 0.96475250
1462199340 0.0000000 0.99783808 0.96695411
1462521203 0.0000000 0.99112839 0.95778185
1462632669 0.0000000 0.99652386 0.96573001
1462675593 0.0000000 0.99804842 0.96487695
1463023035 0.0000000 0.99448669 0.98423553
1463023251 0.0000000 0.99810606 0.97532952
1463023282 0.0000000 0.99797744 0.97461057
1463027395 0.0000000 0.99610573 0.97844458
1463127852 0.0000000 0.99755740 0.96908027
1463195522 0.0000000 0.99748731 0.96899641
1463196768 0.0000000 0.99711430 0.96407729
1463530965 0.0000000 0.99355388 0.96091580
1463863900 0.0000000 0.99689835 0.93087161
1463882779 0.0000000 0.98526406 0.92044598
1464184475 0.0000000 0.76811844 0.53338051
1464544116 0.0000000 0.96986836 0.89476001
1464576767 0.0000000 0.99450290 0.92896968
1464630651 0.0000000 0.98415887 0.91645157
1464672226 0.0000000 0.99324554 0.96394795
1466204142 0.0000000 0.93791485 0.84333265
1466383187 0.0000000 0.99547350 0.89456159
1466409210 0.0000000 0.98772657 0.88514519
1466715930 0.0000000 0.99858105 0.92143512
1467361422 0.0000000 0.99258947 0.91653001
1469019333 0.0000000 0.94635737 0.82915127
1469592155 0.0000000 0.95520359 0.81756175
1471008941 0.0000000 0.78262061 0.60287261
1471908408 0.0000000 0.70700538 0.41180205
1472660934 0.0000000 0.95446551 0.86279911
1473440050 0.0000000 0.19793215 -15.004045
1475055492 0.0000000 0.29387444 -3.4274697
1475769120 0.0000000 0.99035197 0.87818968
1477370752 0.0000000 0.98078471 0.85100204
1478519786 0.0000000 0.95085263 0.84357768
1478903131 0.0000000 0.99739212 0.88516510
1480024554 0.0000000 0.99832916 0.91896951
1480377579 0.0000000 0.96829408 0.84888071
1480507474 0.0000000 0.99666631 0.87055206
1481256588 0.0000000 0.97241181 0.86949205
1481811269 0.0000000 0.94101381 0.83401769
1483057851 0.0000000 0.95475948 0.86571360
1483513641 0.0000000 0.71068013 0.42902231
1484155863 0.0000000 0.86667871 0.74474722
1484797338 0.0000000 0.89748025 0.76691192
1484900187 0.0000000 0.99191833 0.86545706
1485329586 0.0000000 0.99800372 0.86586452
1486746772 0.0000000 0.99869090 0.87249660
1487420859 0.0000000 0.97056276 0.85478187
1487652197 0.0000000 0.96527624 0.84026229
1488212310 0.0000000 0.99584764 0.87083286
1488924651 0.0000000 0.99819559 0.87569833
1489967289 0.0000000 0.99426228 0.87128180
1490066029 0.0000000 0.89654374 0.76959503
1490805242 0.0000000 0.93983525 0.81473625
1492112471 0.0000000 0.99797839 0.89423066
1492367656 0.0000000 0.99227262 0.88366717
1493517442 0.0000000 0.99695438 0.88824517
1493960850 0.0000000 0.99391359 0.89258355
1493986611 0.0000000 0.71754289 0.45713598
1494889974 0.0000000 0.99845624 0.88030827
1494932580 0.0000000 0.99469858 0.87606394
1495631454 0.0000000 0.99828339 0.88025194
1495691291 0.0000000 0.99477321 0.87195337
1495956669 0.0000000 0.93935204 0.82291526
1495999757 0.0000000 0.99777931 0.88310647
1496582686 0.0000000 0.99721438 0.88471872
1497967350 0.0000000 0.83947641 0.70300925
1498029939 0.0000000 0.99777961 0.87975091
1500318986 0.0000000 0.97843987 0.84900248
1501139292 0.0000000 0.94219756 0.82255554
1501845585 0.0000000 0.99782550 0.87777132
1502294736 0.0000000 0.99335074 0.86369616
1502416734 0.0000000 0.99513745 0.86233521
1502582915 0.0000000 0.98565239 0.85985404
1504364658 0.0000000 0.95462644 0.80142081
1505096741 0.0000000 0.99295473 0.82800114
1505687994 0.0000000 0.99375266 0.82231659
1505917796 0.0000000 0.99819165 0.82923460
1506232185 0.0000000 0.99218845 0.82217991
1506549399 0.0000000 0.87943101 0.72334743
1507505391 0.0000000 0.97759116 0.81258261
1507747520 0.0000000 0.98936087 0.82291502
1508582157 0.0000000 0.97108579 0.81137347
1509318944 0.0000000 0.99748087 0.82957023
1509677295 0.0000000 0.99849510 0.82386005
1509677339 0.0000000 0.99849635 0.82386440
1509752088 0.0000000 0.99803680 0.81878167
1510398879 0.0000000 0.99356729 0.80952698
1510402973 0.0000000 0.99891233 0.81414342
1510440860 0.0000000 0.99135947 0.81626362
1510947032 0.0000000 0.99093634 0.87076616
1511360409 0.0000000 0.99881566 0.86348718
1511470532 0.0000000 0.99807644 0.86277151
1512230735 0.0000000 0.94527864 0.80239135
1512377977 0.0000000 0.98124307 0.84815216
1512704669 0.0000000 0.99485314 0.85204029
1513120660 0.0000000 0.99644721 0.85915774
1516168751 0.0000000 0.99748892 0.77629167
1516984288 0.0000000 0.99067396 0.75593466
1517686257 0.0000000 0.99733520 0.74879587
1517749972 0.0000000 0.99848843 0.74902374
1517752600 0.0000000 0.99847275 0.75112379
1517752662 0.0000000 0.99812412 0.75384498
1517753127 0.0000000 0.99063832 0.74576771
1517753452 0.0000000 0.99802637 0.74657911
1517753522 0.0000000 0.99799961 0.74664241
1517753592 0.0000000 0.99801195 0.74682772
1517753815 0.0000000 0.99779975 0.75101328
1517758427 0.0000000 0.99592578 0.74958277
1517763262 0.0000000 0.99185979 0.74434674
1517821602 0.0000000 0.99510038 0.74869406
1517823894 0.0000000 0.98756492 0.74091846
1517846321 0.0000000 0.99724704 0.74046445
1517852233 0.0000000 0.99186289 0.74087912
1517893754 0.0000000 0.99813557 0.74476641
1517906208 0.0000000 0.99416935 0.74239832
1517932241 0.0000000 0.99881798 0.74996412
1517932280 0.0000000 0.99873859 0.75060934
1517932282 0.0000000 0.99875647 0.75032365
1517932427 0.0000000 0.99834460 0.75243849
1517932434 0.0000000 0.99835050 0.75197291
1517932492 0.0000000 0.99729896 0.74992001
1517933877 0.0000000 0.99621564 0.74058235
1517940013 0.0000000 0.99822414 0.75041920
1517940459 0.0000000 0.99834037 0.74723786
1517944528 0.0000000 0.99769366 0.74644762
1517945796 0.0000000 0.99562496 0.74329752
1517950582 0.0000000 0.99712265 0.74795508
1517958702 0.0000000 0.99663311 0.74250680
1517960631 0.0000000 0.99645180 0.74776876
1517969882 0.0000000 0.99806935 0.74788666
1517974578 0.0000000 0.99795830 0.74514449
1517998787 0.0000000 0.99494517 0.74923277
1518001985 0.0000000 0.99692243 0.74251747
1518008800 0.0000000 0.99773669 0.74812692
1518008880 0.0000000 0.99572682 0.74919826
1518013159 0.0000000 0.99520326 0.74534595
1518016890 0.0000000 0.99817485 0.75118756
1518016916 0.0000000 0.99817687 0.75121003
1518051257 0.0000000 0.99735826 0.75062132
1518059164 0.0000000 0.99617922 0.74481171
1518142443 0.0000000 0.99401265 0.74599558
1518201789 0.0000000 0.99413323 0.74962980
1518248929 0.0000000 0.99461311 0.75388175
1518858396 0.0000000 0.89761358 0.68697757
1518981709 0.0000000 0.96889019 0.72181678
1519051621 0.0000000 0.99809629 0.74135101
1519254641 0.0000000 0.99799269 0.74228996
1519583320 0.0000000 0.99804050 0.75410044
1519962147 0.0000000 0.99439073 0.77288663
1520098551 0.0000000 0.99810898 0.77019322
1520329330 0.0000000 0.99536473 0.77119303
1521024527 0.0000000 0.99581313 0.78354704
1521537776 0.0000000 0.99821103 0.77734488
1521728871 0.0000000 0.99518478 0.80305380
1522232997 0.0000000 0.99695796 0.78357023
1522282670 0.0000000 0.99877596 0.78702241
1522598524 0.0000000 0.97027534 0.76308095
1523432369 0.0000000 0.84444565 0.66256630
1523886539 0.0000000 0.98495173 0.76084054
1524201906 0.0000000 0.94203335 0.73653686
1524248877 0.0000000 0.85830122 0.66956961
1524308214 0.0000000 0.95288408 0.74516654
1524503432 0.0000000 0.99516189 0.76576698
1524721460 0.0000000 0.93477339 0.72079521
1524721601 0.0000000 0.89084095 0.68670368
1524808553 0.0000000 0.91957498 0.71275270
1525218424 0.0000000 0.99812865 0.77855134
1526098666 0.0000000 0.99171197 0.76534939
1527728598 0.0000000 0.98949969 0.74658096
1527904870 0.0000000 0.99713421 0.74345982
1528731725 0.0000000 0.98452532 0.72657573
1528750347 0.0000000 0.99468249 0.73292422
1528856173 0.0000000 0.79741776 0.62228429
1529096035 0.0000000 0.99795151 0.77257800
1529334375 0.0000000 0.89974171 0.69250256
1529522338 0.0000000 0.99374145 0.74630100
1530516370 0.0000000 0.98802280 0.73645163
1530516385 0.0000000 0.98808467 0.73652738
1530609654 0.0000000 0.99370390 0.73748815
1531312909 0.0000000 0.97888619 0.72044885
1531507119 0.0000000 0.99446547 0.73057175
1532050755 0.0000000 0.93751919 0.69148886
1533217098 0.0000000 0.99707764 0.74755478
1533504622 0.0000000 0.91027063 0.70159447
1533801692 0.0000000 0.79708403 0.59769201
1534500582 0.0000000 0.99648160 0.71090442
1534551317 0.0000000 0.99873978 0.71571010
1535572403 0.0000000 0.71693069 0.50643599
1535660064 0.0000000 0.39557236 -0.36245573
1536498994 0.0000000 0.86062777 0.62409437
1536641006 0.0000000 0.88228464 0.63756490
1536700815 0.0000000 0.68712962 0.46972132
1538633849 0.0000000 0.77415472 0.57627118
1538766649 0.0000000 0.30795503 -1.4841111
1539072778 0.0000000 0.23870479 -2.5889976
1539164591 0.0000000 0.89762622 0.67041302
1540269298 0.0000000 0.99821645 0.75632000
1540310644 0.0000000 0.99836975 0.75121462
1541624711 0.0000000 0.96359235 0.71703398
1541712486 0.0000000 0.82127768 0.61639595
1542328459 0.0000000 0.99548030 0.96299124
1542608341 0.0000000 0.99801761 0.96362537
1542638415 0.0000000 0.99781817 0.96148044
1542645094 0.0000000 0.99826843 0.96254051
1543190243 0.0000000 0.99884456 0.96549720
1543191316 0.0000000 0.99338251 0.95656067
1543236658 0.0000000 0.99721730 0.96362984
1543238642 0.0000000 0.99219757 0.95447373
1543314575 0.0000000 0.99748516 0.96097529
1544368541 0.0000000 0.99819982 0.92282027
1544439487 0.0000000 0.98963028 0.90785855
1544621063 0.0000000 0.99836725 0.90427321
1544908865 0.0000000 0.99804866 0.88489670
1545710204 0.0000000 0.98034340 0.83485347
1546538568 0.0000000 0.99764764 0.84034830
1546949806 0.0000000 0.99788445 0.83250809
1548127166 0.0000000 0.99273187 0.84089726
1548825695 0.0000000 0.99791408 0.98064673
1548861293 0.0000000 0.99821818 0.97360039
1549366351 0.0000000 0.99808115 0.96333033
1549558324 0.0000000 0.99876463 0.96669412
1550239687 0.0000000 0.99813491 0.94802225
1551558867 0.0000000 0.90226007 0.81114012
1552012334 0.0000000 0.99818015 0.93274301
1552127531 0.0000000 0.95368701 0.88192338
1552421955 0.0000000 0.99856824 0.92809582
1552451554 0.0000000 0.99816281 0.92750132
1552511242 0.0000000 0.99684530 0.92908537
1552697151 0.0000000 0.99155670 0.92111725
1552968094 0.0000000 0.99834293 0.92571431
1553256348 0.0000000 0.99396151 0.91836500
1553414210 0.0000000 0.98975021 0.91670185
1554087275 0.0000000 0.99579453 0.91863447
1554172029 0.0000000 0.96327627 0.88489121
1554256375 0.0000000 0.99825251 0.92841530
1554343015 0.0000000 0.99874490 0.92058277
1554382610 0.0000000 0.99708551 0.92095309
1554499495 0.0000000 0.98675716 0.90319371
1554706689 0.0000000 0.99178517 0.91692054
1554822801 0.0000000 0.99829316 0.91972005
1554841453 0.0000000 0.99795145 0.91855109
1554850672 0.0000000 0.99786228 0.91955125
1555563667 0.0000000 0.99859911 0.93811548
1556793883 0.0000000 0.99737126 0.87252498
1556970683 0.0000000 0.91294879 0.79769367
1557330527 0.0000000 0.99567688 0.86635751
1557737721 0.0000000 0.99617136 0.86647761
1558197514 0.0000000 0.99624306 0.86631823
1558379328 0.0000000 0.90982717 0.78338826
1558489044 0.0000000 0.99721396 0.85919011
1558591969 0.0000000 0.99810797 0.86663336
1559317998 0.0000000 0.99405426 0.85800016
1559641578 0.0000000 0.99864089 0.87002301
1559762840 0.0000000 0.99558771 0.85704273
1560870606 0.0000000 0.70582694 0.46380723
1561237205 0.0000000 0.97487694 0.82718390
1561242160 0.0000000 0.98002565 0.82767338
1561825206 0.0000000 0.98875797 0.81051284
1561837452 0.0000000 0.99781179 0.83361912
1562610935 0.0000000 0.99510229 0.82067263
1562880116 0.0000000 0.99808031 0.82432652
1563531230 0.0000000 0.98223811 0.81684685
1563768365 0.0000000 0.84024334 0.67585027
1563850922 0.0000000 0.94021869 0.76308972
1564123196 0.0000000 0.99325836 0.80543292
1564190683 0.0000000 0.99740964 0.80992675
1564649429 0.0000000 0.96315753 0.78492200
1564753988 0.0000000 0.99614543 0.80555338
1564784683 0.0000000 0.99758965 0.80884421
1565054388 0.0000000 0.99814767 0.81142670
1565055090 0.0000000 0.99528879 0.80008698
1565213283 0.0000000 0.99621665 0.82422495
1565218942 0.0000000 0.99098569 0.79235935
1565905300 0.0000000 0.99140424 0.78876334
1566053525 0.0000000 0.99330986 0.79544008
1566053530 0.0000000 0.99331421 0.79546094
1566074882 0.0000000 0.98024762 0.78355229
1566101114 0.0000000 0.99686682 0.79525226
1566598377 0.0000000 0.80035603 0.62417579
1566648618 0.0000000 0.96091276 0.76661485
1567237819 0.0000000 0.96569997 0.76799637
1567471650 0.0000000 0.98984337 0.78591263
1567604000 0.0000000 0.96873379 0.77229118
1567917359 0.0000000 0.98724335 0.78507471
1568005668 0.0000000 0.96363437 0.76809275
1568095682 0.0000000 0.99451935 0.78058511
1569863578 0.0000000 0.96895778 0.77043039
1570468626 0.0000000 0.99620730 0.78065890
1571312673 0.0000000 0.99773949 0.78944790
1571861758 0.0000000 0.80828929 0.63250542
1572218883 0.0000000 0.98909342 0.77813214
1573491297 0.0000000 0.79786682 0.61321735
1573495893 0.0000000 0.95384669 0.75662690
1574645562 0.0000000 0.99922174 0.99844223
1575564604 0.0000000 0.99905622 0.99808794
1575660753 0.0000000 0.99924237 0.99841696
1576495557 0.0000000 0.99940920 0.99880868
1577769501 0.0000000 0.99920571 0.99834967
1577819410 0.0000000 0.99935687 0.99870980
1578293635 0.0000000 0.99925888 0.99851221
1578510402 0.0000000 0.99913085 0.99826026
1579404154 0.0000000 0.99909401 0.99818170
1579703564 0.0000000 0.99876767 0.99753594
1580749376 0.0000000 0.99953121 0.99906284
1581076659 0.0000000 0.99916142 0.99832755
1581616159 0.0000000 0.99910849 0.99821740
1581629921 0.0000000 0.99935657 0.99870849
1581764406 0.0000000 0.99901628 0.99802601
1581764700 0.0000000 0.99923354 0.99841678
1581794413 0.0000000 0.99909991 0.99814492
1582090065 0.0000000 0.99913388 0.99825728
1582113307 0.0000000 0.99934042 0.99868697
1582546233 0.0000000 0.99923301 0.99846429
1582592414 0.0000000 0.99919695 0.99836046
1582629242 0.0000000 0.99942911 0.99886113
1582695255 0.0000000 0.99930030 0.99857652
1584677477 0.0000000 0.99937189 0.99874038
1585787701 0.0000000 0.99852842 0.99703461
1586304460 0.0000000 0.99917024 0.99833924
1586389759 0.0000000 0.99909174 0.99817419
1586537097 0.0000000 0.99935979 0.99869102
1586691401 0.0000000 0.99921191 0.99841619
1587481331 0.0000000 0.99923110 0.99843711
1588476280 0.0000000 0.99935800 0.99868739
1589003116 0.0000000 0.99906796 0.99813336
1589548020 0.0000000 0.99536890 0.99074495
1589756010 0.0000000 0.99907082 0.99810129
1589910785 0.0000000 0.99888247 0.99771976
1590311534 0.0000000 0.99765337 0.99529088
1590359490 0.0000000 0.99936032 0.99871147
1590694463 0.0000000 0.99940610 0.99875665
1590843750 0.0000000 0.99920368 0.99834430
1591494563 0.0000000 0.99928117 0.99855059
1591839506 0.0000000 0.99900651 0.99793017
1591921295 0.0000000 0.99931264 0.99863189
1592079539 0.0000000 0.99943352 0.99883550
1592349420 0.0000000 0.99919903 0.99840057
1593214064 0.0000000 0.99940592 0.99880862
1593241888 0.0000000 0.99928087 0.99842131
1593407313 0.0000000 0.99944013 0.99881721
1593435168 0.0000000 0.99919540 0.99838203
1593519432 0.0000000 0.99906182 0.99812108
1594227272 0.0000000 0.99906015 0.99809861
1594265063 0.0000000 0.99900061 0.99797064
1594267923 0.0000000 0.99912256 0.99823993
1594526768 0.0000000 0.99909306 0.99816167
1594546164 0.0000000 0.99771321 0.99541533
1595767949 0.0000000 0.99935055 0.99869365
1597107665 0.0000000 0.99929559 0.99855059
1597123796 0.0000000 0.99896955 0.99794000
1597187246 0.0000000 0.99925935 0.99851328
1597774608 0.0000000 0.99875736 0.99748850
1597797181 0.0000000 0.99932659 0.99864793
1597806811 0.0000000 0.99919873 0.99839014
1598480108 0.0000000 0.99928451 0.99856091
1598847265 0.0000000 0.99866450 0.99732214
1599036279 0.0000000 0.99922919 0.99845344
1600306672 0.0000000 0.99935162 0.99869812
1600646088 0.0000000 0.99920297 0.99839252
1600833602 0.0000000 0.99932414 0.99863499
1601017581 0.0000000 0.99918252 0.99836975
1601326254 0.0000000 0.99925697 0.99851221
1601342057 0.0000000 0.99939150 0.99877888
1601440640 0.0000000 0.99908912 0.99803072
1601863505 0.0000000 0.99932855 0.99865949
1602517184 0.0000000 0.99886537 0.99757421
1602946993 0.0000000 0.99925935 0.99844015
1602947159 0.0000000 0.99920481 0.99837863
1603087586 0.0000000 0.99914038 0.99825579
1603396062 0.0000000 0.99894190 0.99785268
1603674483 0.0000000 0.99909252 0.99816036
1604358861 0.0000000 0.99901569 0.99797481
1604426346 0.0000000 0.99917811 0.99835509
1604601372 0.0000000 0.99929523 0.99858207
1604626818 0.0000000 0.99923927 0.99844146
1605130406 0.0000000 0.99927747 0.99854600
1605130534 0.0000000 0.99925846 0.99851543
1605266102 0.0000000 0.99932718 0.99865347
1605511152 0.0000000 0.99936223 0.99872166
1605551866 0.0000000 0.99935663 0.99871308
1605557664 0.0000000 0.99929380 0.99858022
1605621503 0.0000000 0.99927431 0.99851853
1605662576 0.0000000 0.99884278 0.99759322
1606582085 0.0000000 0.99927670 0.99849451
1606657334 0.0000000 0.99939919 0.99877179
1607578178 0.0000000 0.99937701 0.99875885
1607606398 0.0000000 0.99935645 0.99864799
1607606851 0.0000000 0.99928963 0.99854368
1607624108 0.0000000 0.99897313 0.99792570
1608317519 0.0000000 0.99923080 0.99841934
1608385359 0.0000000 0.99918115 0.99836099
1609436522 0.0000000 0.99920881 0.99828523
1609594007 0.0000000 0.99917620 0.99834073
1610162996 0.0000000 0.99892700 0.99781650
1610192153 0.0000000 0.99940377 0.99880409
1610249009 0.0000000 0.99895102 0.99786663
1610838659 0.0000000 0.99945962 0.99889910
1611559538 0.0000000 0.99921334 0.99842137
1611565557 0.0000000 0.99916714 0.99832416
1611574763 0.0000000 0.99920297 0.99831122
1611584686 0.0000000 0.99833632 0.99665660
1611818971 0.0000000 0.99923450 0.99846131
