1393014317 0.0000000 0.99828875 0.99635988
1393065064 0.0000000 0.99840009 0.99666804
1393759985 0.0000000 0.99802798 0.99597090
1393791078 0.0000000 0.99819833 0.99633938
1394913876 0.0000000 0.99811524 0.99600261
1395061976 0.0000000 0.99845886 0.99688995
1395231566 0.0000000 0.99853611 0.99689656
1397097485 0.0000000 0.99829310 0.99652916
1397746253 0.0000000 0.99852931 0.99695086
1398443585 0.0000000 0.99784076 0.99562162
1399207416 0.0000000 0.99800509 0.99554968
1399278483 0.0000000 0.99872285 0.99729860
1399745740 0.0000000 0.99775052 0.99549639
1399746271 0.0000000 0.99751794 0.99497205
1400631673 0.0000000 0.99839425 0.99671918
1401021673 0.0000000 0.99719638 0.99406695
1401296286 0.0000000 0.99415982 0.98819506
1402085900 0.0000000 0.99100268 0.98185104
1402313583 0.0000000 0.99297279 0.98553389
1402624068 0.0000000 0.98902303 0.97763336
1402784563 0.0000000 0.99883461 0.99747086
1403034553 0.0000000 0.99847376 0.99692363
1403317269 0.0000000 0.99776751 0.99550891
1403439974 0.0000000 0.99863768 0.99726915
1404774365 0.0000000 0.99813986 0.99624336
1404925818 0.0000000 0.99770969 0.99542063
1405577514 0.0000000 0.99809533 0.99606764
1407296767 0.0000000 0.99819255 0.99628669
1407544588 0.0000000 0.99535465 0.99039096
1408047770 0.0000000 0.99804431 0.99595428
1410046387 0.0000000 0.99864817 0.99730003
1410325949 0.0000000 0.99804729 0.99601787
1410382444 0.0000000 0.99817377 0.99621880
1411247643 0.0000000 0.99825847 0.99635881
1411641303 0.0000000 0.99791843 0.99573481
1412009058 0.0000000 0.99635923 0.99253356
1412705290 0.0000000 0.99827516 0.99619722
1413207959 0.0000000 0.99711412 0.99419880
1414298821 0.0000000 0.99833262 0.99663740
1416419181 0.0000000 0.99900383 0.99794376
1416419227 0.0000000 0.99857050 0.99706292
1416540553 0.0000000 0.99796218 0.99583018
1417557685 0.0000000 0.99826807 0.99639094
1417655668 0.0000000 0.99726886 0.99451506
1418245419 0.0000000 0.99868041 0.99712390
1418533563 0.0000000 0.99791193 0.99577403
1419682925 0.0000000 0.99812913 0.99619949
1419947441 0.0000000 0.99763089 0.99525857
1419995164 0.0000000 0.99858344 0.99715418
1420012476 0.0000000 0.99908566 0.99814874
1420437226 0.0000000 0.99837065 0.99673480
1420606112 0.0000000 0.99917555 0.99827915
1420742654 0.0000000 0.99706054 0.99404740
1421435535 0.0000000 0.99868613 0.99736041
1421639313 0.0000000 0.99801081 0.99595344
1422083726 0.0000000 0.99834800 0.99653566
1422374758 0.0000000 0.99794483 0.99588233
1422958210 0.0000000 0.99756944 0.99512696
1423037687 0.0000000 0.99852008 0.99693424
1423603888 0.0000000 0.99545127 0.99085206
1423726535 0.0000000 0.99902260 0.99790013
1423857991 0.0000000 0.99777830 0.99520385
1424969403 0.0000000 0.99797678 0.99590194
1426114954 0.0000000 0.99797404 0.99593252
1426344314 0.0000000 0.99853766 0.99705535
1426852891 0.0000000 0.99813610 0.99616075
1427105631 0.0000000 0.99787831 0.99553013
1427483378 0.0000000 0.99794364 0.99569464
1428208678 0.0000000 0.99875784 0.99738395
1428320250 0.0000000 0.99810201 0.99609530
1428945237 0.0000000 0.99834132 0.99657702
1429127316 0.0000000 0.99820888 0.99640620
1429494176 0.0000000 0.99812990 0.99624282
1429494550 0.0000000 0.99847442 0.99689746
1429528847 0.0000000 0.99815154 0.99573821
1429530313 0.0000000 0.99844658 0.99685657
1429531199 0.0000000 0.99851680 0.99702877
1429992097 0.0000000 0.99838459 0.99673784
1430658547 0.0000000 0.99880016 0.99747688
1431333501 0.0000000 0.99803209 0.99584949
1431387795 0.0000000 0.99881649 0.99756199
1431628549 0.0000000 0.99810910 0.99595559
1432588969 0.0000000 0.99808627 0.99556595
1432601816 0.0000000 0.99875242 0.99741197
1432799863 0.0000000 0.99848968 0.99676925
1434467768 0.0000000 0.99844164 0.99680537
1434867330 0.0000000 0.99855626 0.99704242
1435335400 0.0000000 0.99836725 0.99667484
1438066750 0.0000000 0.99845999 0.99692893
1438936857 0.0000000 0.99856049 0.99709594
1439209234 0.0000000 0.99733341 0.99466670
1439418087 0.0000000 0.99710369 0.99414128
1439474882 0.0000000 0.99832731 0.99664825
1439699200 0.0000000 0.99725270 0.99447471
1441113885 0.0000000 0.99864793 0.99719208
1441128847 0.0000000 0.99846685 0.99677497
1441160293 0.0000000 0.99835104 0.99655038
1441898607 0.0000000 0.99861771 0.99710071
1442339782 0.0000000 0.99855340 0.99694371
1442345855 0.0000000 0.99834561 0.99649149
1442345878 0.0000000 0.99834776 0.99649620
1442408939 0.0000000 0.99851960 0.99682033
1442410226 0.0000000 0.99839079 0.99665529
1442413798 0.0000000 0.99884766 0.99761915
1443074281 0.0000000 0.99809152 0.99616104
1443555465 0.0000000 0.99837768 0.99672300
1444648487 0.0000000 0.99846262 0.99676740
1444736944 0.0000000 0.99771321 0.99535435
1444953165 0.0000000 0.99861872 0.99704248
1444953267 0.0000000 0.99838263 0.99655449
1445014914 0.0000000 0.99834567 0.99667990
1445221055 0.0000000 0.99749243 0.99477500
1445233331 0.0000000 0.99838144 0.99644029
1445239215 0.0000000 0.99833554 0.99616194
1446412182 0.0000000 0.99799919 0.99579197
1446412281 0.0000000 0.99826562 0.99650395
1446509184 0.0000000 0.99851120 0.99690884
1446509190 0.0000000 0.99851096 0.99690896
1446714386 0.0000000 0.99811864 0.99620372
1447167192 0.0000000 0.99856448 0.99706036
1447255999 0.0000000 0.99831283 0.99661082
1447277516 0.0000000 0.99797589 0.99592829
1448316095 0.0000000 0.99763358 0.99525863
1448671943 0.0000000 0.99781120 0.99558377
1449033717 0.0000000 0.99900788 0.99786282
1449035580 0.0000000 0.99886340 0.99757856
1449153073 0.0000000 0.99852133 0.99699569
1449935242 0.0000000 0.99792176 0.99578798
1450510821 0.0000000 0.99744618 0.99487823
1450536811 0.0000000 0.99769187 0.99538988
1450992022 0.0000000 0.99847066 0.99688023
1451199638 0.0000000 0.99843931 0.99681592
1451327726 0.0000000 0.99874485 0.99727678
1451523194 0.0000000 0.99755049 0.99509472
1451829690 0.0000000 0.99777216 0.99541301
1451928000 0.0000000 0.99677747 0.99352747
1452487977 0.0000000 0.99822110 0.99637425
1453169606 0.0000000 0.99827582 0.99648172
1453824336 0.0000000 0.99707979 0.99415720
1454422761 0.0000000 0.99812919 0.99625921
1454702246 0.0000000 0.99833506 0.99655861
1454702308 0.0000000 0.99833828 0.99657643
1454702406 0.0000000 0.99804562 0.99609196
1454702512 0.0000000 0.99833792 0.99667758
1454978820 0.0000000 0.99903321 0.99800777
1455590759 0.0000000 0.99809438 0.99573827
1455595494 0.0000000 0.99880147 0.99729323
1455757779 0.0000000 0.99864715 0.99717456
1455758311 0.0000000 0.99824530 0.99632686
1456215987 0.0000000 0.99883747 0.99764216
1456541993 0.0000000 0.99828666 0.99644601
1457201466 0.0000000 0.99819696 0.99639243
1457276938 0.0000000 0.99851018 0.99693239
1459502085 0.0000000 0.99741107 0.99475241
1459988008 0.0000000 0.99809945 0.99612427
1460294506 0.0000000 0.99786520 0.99568415
1460353509 0.0000000 0.99844980 0.99688685
1460804146 0.0000000 0.99844623 0.99671698
1461082597 0.0000000 0.99857628 0.99708414
1461607991 0.0000000 0.99829835 0.99659938
1461770234 0.0000000 0.99826461 0.99647975
1461770257 0.0000000 0.99826407 0.99647939
1461770858 0.0000000 0.99770355 0.99533635
1461781146 0.0000000 0.99822426 0.99630064
1461806086 0.0000000 0.99851185 0.99696314
1462056417 0.0000000 0.99835163 0.99665058
1462199340 0.0000000 0.99817050 0.99629086
1462521203 0.0000000 0.99795336 0.99576837
1462632669 0.0000000 0.99869466 0.99735785
1462675593 0.0000000 0.99787551 0.99558163
1463023035 0.0000000 0.99029410 0.97453475
1463023251 0.0000000 0.99829459 0.99658805
1463023282 0.0000000 0.99830544 0.99660712
1463027395 0.0000000 0.99902940 0.99804020
1463127852 0.0000000 0.99895203 0.99783993
1463195522 0.0000000 0.99799007 0.99597371
1463196768 0.0000000 0.99857557 0.99693167
1463530965 0.0000000 0.99826437 0.99643332
1463863900 0.0000000 0.99854875 0.99653333
1463882779 0.0000000 0.99843144 0.99633813
1464184475 0.0000000 0.99703491 0.99398416
1464544116 0.0000000 0.99787593 0.99546033
1464576767 0.0000000 0.99808884 0.99603707
1464630651 0.0000000 0.99810463 0.99619168
1464672226 0.0000000 0.99707180 0.99415743
1466204142 0.0000000 0.99805295 0.99598747
1466383187 0.0000000 0.99819231 0.99637967
1466409210 0.0000000 0.99827087 0.99653316
1466715930 0.0000000 0.99812526 0.99618602
1467361422 0.0000000 0.99896711 0.99783486
1469019333 0.0000000 0.99785948 0.99559522
1469592155 0.0000000 0.99847370 0.99688184
1471008941 0.0000000 0.99747628 0.99490362
1471908408 0.0000000 0.99803454 0.99605811
1472660934 0.0000000 0.99852759 0.99699581
1473440050 0.0000000 0.99742115 0.99473727
1475055492 0.0000000 0.99832821 0.99655235
1475769120 0.0000000 0.99806190 0.99592608
1477370752 0.0000000 0.99807405 0.99603218
1478519786 0.0000000 0.99848098 0.99691647
1478903131 0.0000000 0.99858481 0.99717057
1480024554 0.0000000 0.99851197 0.99702537
1480377579 0.0000000 0.99792922 0.99585050
1480507474 0.0000000 0.99852502 0.99687171
1481256588 0.0000000 0.99789536 0.99579161
1481811269 0.0000000 0.99849051 0.99689728
1483057851 0.0000000 0.99817175 0.99627006
1483513641 0.0000000 0.99799323 0.99590778
1484155863 0.0000000 0.99758059 0.99504042
1484797338 0.0000000 0.99769109 0.99534971
1484900187 0.0000000 0.99802333 0.99605006
1485329586 0.0000000 0.99794883 0.99588799
1486746772 0.0000000 0.99796385 0.99579000
1487420859 0.0000000 0.99799579 0.99599421
1487652197 0.0000000 0.99772465 0.99544001
1488212310 0.0000000 0.99844646 0.99676371
1488924651 0.0000000 0.99815208 0.99630588
1489967289 0.0000000 0.99867117 0.99734014
1490066029 0.0000000 0.99743366 0.99486661
1490805242 0.0000000 0.99791509 0.99567461
1492112471 0.0000000 0.99664521 0.99330020
1492367656 0.0000000 0.99818879 0.99636084
1493517442 0.0000000 0.99831986 0.99641663
1493960850 0.0000000 0.99779063 0.99554586
1493986611 0.0000000 0.99418187 0.98811686
1494889974 0.0000000 0.99838859 0.99656975
1494932580 0.0000000 0.99827760 0.99643391
1495631454 0.0000000 0.99764711 0.99515551
1495691291 0.0000000 0.99792278 0.99568778
1495956669 0.0000000 0.99785912 0.99569035
1495999757 0.0000000 0.99826986 0.99649119
1496582686 0.0000000 0.99877506 0.99750018
1497967350 0.0000000 0.99744475 0.99487793
1498029939 0.0000000 0.99835414 0.99659920
1500318986 0.0000000 0.99837148 0.99668294
1501139292 0.0000000 0.99828053 0.99653625
1501845585 0.0000000 0.99844146 0.99686235
1502294736 0.0000000 0.99835497 0.99647337
1502416734 0.0000000 0.99846178 0.99652052
1502582915 0.0000000 0.99803829 0.99594176
1504364658 0.0000000 0.99785930 0.99565893
1505096741 0.0000000 0.99863309 0.99718422
1505687994 0.0000000 0.99863034 0.99697548
1505917796 0.0000000 0.99856150 0.99705255
1506232185 0.0000000 0.99880981 0.99759412
1506549399 0.0000000 0.99764907 0.99517417
1507505391 0.0000000 0.99835128 0.99658239
1507747520 0.0000000 0.99808389 0.99616951
1508582157 0.0000000 0.99827266 0.99654531
1509318944 0.0000000 0.99887031 0.99770206
1509677295 0.0000000 0.99780083 0.99547082
1509677339 0.0000000 0.99779791 0.99546629
1509752088 0.0000000 0.99818915 0.99619073
1510398879 0.0000000 0.99818295 0.99630183
1510402973 0.0000000 0.99740398 0.99451768
1510440860 0.0000000 0.99818289 0.99629062
1510947032 0.0000000 0.99848861 0.99696404
1511360409 0.0000000 0.99792039 0.99576706
1511470532 0.0000000 0.99831873 0.99655664
1512230735 0.0000000 0.99756259 0.99512589
1512377977 0.0000000 0.99768376 0.99535412
1512704669 0.0000000 0.99827892 0.99653339
1513120660 0.0000000 0.99857032 0.99710160
1516168751 0.0000000 0.99826425 0.99648345
1516984288 0.0000000 0.99759048 0.99500573
1517686257 0.0000000 0.99790764 0.99573505
1517749972 0.0000000 0.99794126 0.99579412
1517752600 0.0000000 0.99830782 0.99656636
1517752662 0.0000000 0.99850661 0.99701601
1517753127 0.0000000 0.99848908 0.99694413
1517753452 0.0000000 0.99869829 0.99726820
1517753522 0.0000000 0.99871558 0.99730432
1517753592 0.0000000 0.99870676 0.99729043
1517753815 0.0000000 0.99842787 0.99683517
1517758427 0.0000000 0.99833781 0.99667209
1517763262 0.0000000 0.99846780 0.99688321
1517821602 0.0000000 0.99831283 0.99662286
1517823894 0.0000000 0.99835205 0.99665898
1517846321 0.0000000 0.99885571 0.99758399
1517852233 0.0000000 0.99810338 0.99618405
1517893754 0.0000000 0.99826002 0.99640751
1517906208 0.0000000 0.99876237 0.99745733
1517932241 0.0000000 0.99769449 0.99536163
1517932280 0.0000000 0.99781567 0.99562091
1517932282 0.0000000 0.99779725 0.99557936
1517932427 0.0000000 0.99817628 0.99632424
1517932434 0.0000000 0.99812514 0.99622589
1517932492 0.0000000 0.99850094 0.99700361
1517933877 0.0000000 0.99844265 0.99675655
1517940013 0.0000000 0.99855578 0.99710202
1517940459 0.0000000 0.99825287 0.99647909
1517944528 0.0000000 0.99881977 0.99763030
1517945796 0.0000000 0.99832511 0.99657959
1517950582 0.0000000 0.99843407 0.99685585
1517958702 0.0000000 0.99850941 0.99691063
1517960631 0.0000000 0.99810177 0.99620306
1517969882 0.0000000 0.99823046 0.99646860
1517974578 0.0000000 0.99829078 0.99652094
1517998787 0.0000000 0.99799120 0.99597001
1518001985 0.0000000 0.99882156 0.99756110
1518008800 0.0000000 0.99851710 0.99698436
1518008880 0.0000000 0.99792522 0.99580264
1518013159 0.0000000 0.99845505 0.99681389
1518016890 0.0000000 0.99856281 0.99709970
1518016916 0.0000000 0.99856341 0.99710077
1518051257 0.0000000 0.99861199 0.99720865
1518059164 0.0000000 0.99847049 0.99676591
1518142443 0.0000000 0.99796510 0.99580580
1518201789 0.0000000 0.99873990 0.99725795
1518248929 0.0000000 0.99855226 0.99708498
1518858396 0.0000000 0.99815542 0.99623924
1518981709 0.0000000 0.99848628 0.99691343
1519051621 0.0000000 0.99854749 0.99707061
1519254641 0.0000000 0.99833113 0.99659497
1519583320 0.0000000 0.99855810 0.99702072
1519962147 0.0000000 0.99837738 0.99675292
1520098551 0.0000000 0.99782014 0.99545813
1520329330 0.0000000 0.99790114 0.99579877
1521024527 0.0000000 0.99845278 0.99675375
1521537776 0.0000000 0.99805921 0.99581170
1521728871 0.0000000 0.99850452 0.99678409
1522232997 0.0000000 0.99855036 0.99707675
1522282670 0.0000000 0.99785399 0.99542314
1522598524 0.0000000 0.99858361 0.99707633
1523432369 0.0000000 0.99811465 0.99612302
1523886539 0.0000000 0.99840075 0.99669534
1524201906 0.0000000 0.99838251 0.99670470
1524248877 0.0000000 0.99841440 0.99681664
1524308214 0.0000000 0.99777496 0.99545777
1524503432 0.0000000 0.99857283 0.99712551
1524721460 0.0000000 0.99786735 0.99560887
1524721601 0.0000000 0.99793774 0.99579120
1524808553 0.0000000 0.99805450 0.99599344
1525218424 0.0000000 0.99866146 0.99728757
1526098666 0.0000000 0.99877536 0.99754781
1527728598 0.0000000 0.99754673 0.99508476
1527904870 0.0000000 0.99791557 0.99582833
1528731725 0.0000000 0.99818653 0.99627405
1528750347 0.0000000 0.99808204 0.99612087
1528856173 0.0000000 0.99771255 0.99538976
1529096035 0.0000000 0.99831206 0.99662489
1529334375 0.0000000 0.99746519 0.99493521
1529522338 0.0000000 0.99860293 0.99716556
1530516370 0.0000000 0.99841797 0.99680567
1530516385 0.0000000 0.99841791 0.99680489
1530609654 0.0000000 0.99857748 0.99706596
1531312909 0.0000000 0.99771750 0.99541771
1531507119 0.0000000 0.99811059 0.99620277
1532050755 0.0000000 0.99784595 0.99566102
1533217098 0.0000000 0.99809569 0.99604154
1533504622 0.0000000 0.99861884 0.99723345
1533801692 0.0000000 0.99795133 0.99587494
1534500582 0.0000000 0.99803483 0.99598020
1534551317 0.0000000 0.99755967 0.99497998
1535572403 0.0000000 0.99805301 0.99604928
1535660064 0.0000000 0.99820608 0.99639535
1536498994 0.0000000 0.99834049 0.99668324
1536641006 0.0000000 0.99835241 0.99671072
1536700815 0.0000000 0.99834329 0.99668700
1538633849 0.0000000 0.99791706 0.99583036
1538766649 0.0000000 0.99683714 0.99368411
1539072778 0.0000000 0.99823737 0.99643970
1539164591 0.0000000 0.99895954 0.99788165
1540269298 0.0000000 0.99853021 0.99705493
1540310644 0.0000000 0.99843466 0.99687457
1541624711 0.0000000 0.99802762 0.99603176
1541712486 0.0000000 0.99843854 0.99679166
1542328459 0.0000000 0.99841386 0.99678618
1542608341 0.0000000 0.99871379 0.99735683
1542638415 0.0000000 0.99877292 0.99736959
1542645094 0.0000000 0.99850267 0.99694473
1543190243 0.0000000 0.99809319 0.99605125
1543191316 0.0000000 0.99776679 0.99542832
1543236658 0.0000000 0.99804872 0.99608439
1543238642 0.0000000 0.99772906 0.99536258
1543314575 0.0000000 0.99809265 0.99596560
1544368541 0.0000000 0.99856907 0.99707198
1544439487 0.0000000 0.99820369 0.99634308
1544621063 0.0000000 0.99828005 0.99655885
1544908865 0.0000000 0.99862778 0.99724036
1545710204 0.0000000 0.99785268 0.99568677
1546538568 0.0000000 0.99791443 0.99582297
1546949806 0.0000000 0.99850440 0.99693441
1548127166 0.0000000 0.99808484 0.99616826
1548825695 0.0000000 0.99880135 0.99760038
1548861293 0.0000000 0.99784243 0.99549782
1549366351 0.0000000 0.99870169 0.99725169
1549558324 0.0000000 0.99808794 0.99582517
1550239687 0.0000000 0.99854732 0.99704170
1551558867 0.0000000 0.99620014 0.99238938
1552012334 0.0000000 0.99829364 0.99655086
1552127531 0.0000000 0.99740231 0.99479544
1552421955 0.0000000 0.99776888 0.99546653
1552451554 0.0000000 0.99851859 0.99699414
1552511242 0.0000000 0.99816650 0.99631977
1552697151 0.0000000 0.99768603 0.99531698
1552968094 0.0000000 0.99814510 0.99629194
1553256348 0.0000000 0.99862403 0.99717325
1553414210 0.0000000 0.99825692 0.99651951
1554087275 0.0000000 0.99842703 0.99685681
1554172029 0.0000000 0.99784666 0.99566180
1554256375 0.0000000 0.99863464 0.99726158
1554343015 0.0000000 0.99825931 0.99618858
1554382610 0.0000000 0.99819881 0.99638027
1554499495 0.0000000 0.99850941 0.99680716
1554706689 0.0000000 0.99809343 0.99619055
1554822801 0.0000000 0.99845201 0.99680448
1554841453 0.0000000 0.99841237 0.99672413
1554850672 0.0000000 0.99882257 0.99757057
1555563667 0.0000000 0.99804187 0.99606901
1556793883 0.0000000 0.99865782 0.99730867
1556970683 0.0000000 0.99789029 0.99578071
1557330527 0.0000000 0.99813396 0.99622160
1557737721 0.0000000 0.99816364 0.99633038
1558197514 0.0000000 0.99871051 0.99738318
1558379328 0.0000000 0.99756038 0.99511033
1558489044 0.0000000 0.99852270 0.99679559
1558591969 0.0000000 0.99819374 0.99636906
1559317998 0.0000000 0.99821764 0.99614543
1559641578 0.0000000 0.99809253 0.99618018
1559762840 0.0000000 0.99892515 0.99760658
1560870606 0.0000000 0.99673247 0.99347234
1561237205 0.0000000 0.99824172 0.99648458
1561242160 0.0000000 0.99811983 0.99617064
1561825206 0.0000000 0.99811870 0.99602300
1561837452 0.0000000 0.99838948 0.99678075
1562610935 0.0000000 0.99874657 0.99731344
1562880116 0.0000000 0.99838132 0.99676073
1563531230 0.0000000 0.99830043 0.99653608
1563768365 0.0000000 0.99761939 0.99516237
1563850922 0.0000000 0.99835157 0.99652529
1564123196 0.0000000 0.99837089 0.99674231
1564190683 0.0000000 0.99784470 0.99566144
1564649429 0.0000000 0.99821520 0.99626052
1564753988 0.0000000 0.99856538 0.99702877
1564784683 0.0000000 0.99842662 0.99683583
1565054388 0.0000000 0.99844086 0.99688387
1565055090 0.0000000 0.99871409 0.99731660
1565213283 0.0000000 0.98505718 0.96345460
1565218942 0.0000000 0.99834657 0.99663389
1565905300 0.0000000 0.99833232 0.99658203
1566053525 0.0000000 0.99824065 0.99647588
1566053530 0.0000000 0.99824005 0.99647492
1566074882 0.0000000 0.99802947 0.99590605
1566101114 0.0000000 0.99885839 0.99765682
1566598377 0.0000000 0.99737632 0.99475068
1566648618 0.0000000 0.99773324 0.99542671
1567237819 0.0000000 0.99848884 0.99685276
1567471650 0.0000000 0.99862081 0.99713343
1567604000 0.0000000 0.99859780 0.99706197
1567917359 0.0000000 0.99790663 0.99575007
1568005668 0.0000000 0.99799204 0.99586737
1568095682 0.0000000 0.99872327 0.99714804
1569863578 0.0000000 0.99802983 0.99596053
1570468626 0.0000000 0.99891460 0.99767315
1571312673 0.0000000 0.99873704 0.99746335
1571861758 0.0000000 0.99750990 0.99496168
1572218883 0.0000000 0.99846768 0.99693996
1573491297 0.0000000 0.99769127 0.99531466
1573495893 0.0000000 0.99851847 0.99700844
1574645562 0.0000000 0.99910086 0.99781770
1575564604 0.0000000 0.99873239 0.99721467
1575660753 0.0000000 0.99891448 0.99751765
1576495557 0.0000000 0.99884963 0.99736792
1577769501 0.0000000 0.99858326 0.99703586
1577819410 0.0000000 0.99899387 0.99747223
1578293635 0.0000000 0.99913526 0.99772543
1578510402 0.0000000 0.99901271 0.99777198
1579404154 0.0000000 0.99880773 0.99704206
1579703564 0.0000000 0.99937391 0.99840581
1580749376 0.0000000 0.99854797 0.99660832
1581076659 0.0000000 0.99904001 0.99779528
1581616159 0.0000000 0.99925083 0.99816406
1581629921 0.0000000 0.99861187 0.99694496
1581764406 0.0000000 0.99936146 0.99823749
1581764700 0.0000000 0.99919218 0.99826533
1581794413 0.0000000 0.99925983 0.99838293
1582090065 0.0000000 0.99925584 0.99797708
1582113307 0.0000000 0.99883699 0.99739963
1582546233 0.0000000 0.99908507 0.99773288
1582592414 0.0000000 0.99901903 0.99765539
1582629242 0.0000000 0.99878508 0.99720800
1582695255 0.0000000 0.99901044 0.99745136
1584677477 0.0000000 0.99886316 0.99725175
1585787701 0.0000000 0.99845433 0.99667907
1586304460 0.0000000 0.99893564 0.99757880
1586389759 0.0000000 0.99926132 0.99803358
1586537097 0.0000000 0.99893123 0.99765420
1586691401 0.0000000 0.99911314 0.99797046
1587481331 0.0000000 0.99899441 0.99760616
1588476280 0.0000000 0.99904400 0.99753690
1589003116 0.0000000 0.99918294 0.99822724
1589548020 0.0000000 0.99533725 0.99026859
1589756010 0.0000000 0.99909526 0.99804604
1589910785 0.0000000 0.99831963 0.99656928
1590311534 0.0000000 0.99762064 0.99500602
1590359490 0.0000000 0.99897134 0.99748605
1590694463 0.0000000 0.99880749 0.99708951
1590843750 0.0000000 0.99913359 0.99788612
1591494563 0.0000000 0.99901307 0.99757051
1591839506 0.0000000 0.99917287 0.99810469
1591921295 0.0000000 0.99889398 0.99751067
1592079539 0.0000000 0.99884009 0.99757349
1592349420 0.0000000 0.99902725 0.99795771
1593214064 0.0000000 0.99885726 0.99731469
1593241888 0.0000000 0.99909014 0.99814886
1593407313 0.0000000 0.99870545 0.99691373
1593435168 0.0000000 0.99915236 0.99798566
1593519432 0.0000000 0.99850059 0.99686611
1594227272 0.0000000 0.99911499 0.99774748
1594265063 0.0000000 0.99929911 0.99832720
1594267923 0.0000000 0.99917465 0.99808419
1594526768 0.0000000 0.99887329 0.99748963
1594546164 0.0000000 0.99694538 0.99356383
1595767949 0.0000000 0.99901032 0.99770671
1597107665 0.0000000 0.99895370 0.99790245
1597123796 0.0000000 0.99826282 0.99631846
1597187246 0.0000000 0.99897957 0.99772543
1597774608 0.0000000 0.99855882 0.99687970
1597797181 0.0000000 0.99871176 0.99708635
1597806811 0.0000000 0.99914485 0.99790317
1598480108 0.0000000 0.99884802 0.99736685
1598847265 0.0000000 0.99817646 0.99597931
1599036279 0.0000000 0.99855119 0.99687243
1600306672 0.0000000 0.99886823 0.99743623
1600646088 0.0000000 0.99889266 0.99728429
1600833602 0.0000000 0.99888790 0.99731284
1601017581 0.0000000 0.99897093 0.99769908
1601326254 0.0000000 0.99911201 0.99779683
1601342057 0.0000000 0.99882364 0.99725002
1601440640 0.0000000 0.99933422 0.99864829
1601863505 0.0000000 0.99886721 0.99751288
1602517184 0.0000000 0.99944383 0.99884433
1602946993 0.0000000 0.99923003 0.99775398
1602947159 0.0000000 0.99919111 0.99780005
1603087586 0.0000000 0.99869424 0.99722660
1603396062 0.0000000 0.99864435 0.99708802
1603674483 0.0000000 0.99913448 0.99803597
1604358861 0.0000000 0.99930638 0.99849606
1604426346 0.0000000 0.99865955 0.99696094
1604601372 0.0000000 0.99901348 0.99769604
1604626818 0.0000000 0.99910760 0.99805403
1605130406 0.0000000 0.99904621 0.99754792
1605130534 0.0000000 0.99895650 0.99758267
1605266102 0.0000000 0.99848360 0.99652523
1605511152 0.0000000 0.99888259 0.99746376
1605551866 0.0000000 0.99839371 0.99640197
1605557664 0.0000000 0.99852151 0.99679542
1605621503 0.0000000 0.99892020 0.99769217
1605662576 0.0000000 0.99896860 0.99778003
1606582085 0.0000000 0.99840826 0.99673492
1606657334 0.0000000 0.99894112 0.99722463
1607578178 0.0000000 0.99896860 0.99751526
1607606398 0.0000000 0.99899554 0.99794364
1607606851 0.0000000 0.99900895 0.99795437
1607624108 0.0000000 0.99932075 0.99830133
1608317519 0.0000000 0.99858367 0.99700117
1608385359 0.0000000 0.99859613 0.99698257
1609436522 0.0000000 0.99897420 0.99765873
1609594007 0.0000000 0.99922204 0.99801290
1610162996 0.0000000 0.99865311 0.99716038
1610192153 0.0000000 0.99885654 0.99761659
1610249009 0.0000000 0.99933076 0.99853140
1610838659 0.0000000 0.99874222 0.99728072
1611559538 0.0000000 0.99914420 0.99793386
1611565557 0.0000000 0.99909991 0.99789196
1611574763 0.0000000 0.99880874 0.99729228
1611584686 0.0000000 0.99769425 0.99519670
1611818971 0.0000000 0.99908346 0.99777865
