1393014317 0.0000000 0.99994355 0.99986023
1393065064 0.0000000 0.99987060 0.99969709
1393759985 0.0000000 0.99982554 0.99961489
1393791078 0.0000000 0.99997658 0.99989820
1394913876 0.0000000 0.99993312 0.99982989
1395061976 0.0000000 0.99997216 0.99990773
1395231566 0.0000000 0.99997455 0.99988663
1397097485 0.0000000 0.99994910 0.99986780
1397746253 0.0000000 0.99992502 0.99980980
1398443585 0.0000000 0.99994689 0.99985892
1399207416 0.0000000 0.99995077 0.99986601
1399278483 0.0000000 0.99994999 0.99987066
1399745740 0.0000000 0.99992466 0.99981171
1399746271 0.0000000 0.99996549 0.99988979
1400631673 0.0000000 0.99996775 0.99988037
1401021673 0.0000000 0.99998277 0.99991649
1401296286 0.0000000 0.99961257 0.99919212
1402085900 0.0000000 0.99962354 0.99922162
1402313583 0.0000000 0.99978888 0.99952674
1402624068 0.0000000 0.99937874 0.99871510
1402784563 0.0000000 0.99994737 0.99986804
1403034553 0.0000000 0.99990100 0.99979216
1403317269 0.0000000 0.99989682 0.99977243
1403439974 0.0000000 0.99986434 0.99972057
1404774365 0.0000000 0.99995339 0.99986786
1404925818 0.0000000 0.99989402 0.99976444
1405577514 0.0000000 0.99996430 0.99989730
1407296767 0.0000000 0.99980021 0.99955565
1407544588 0.0000000 0.99942917 0.99883097
1408047770 0.0000000 0.99984628 0.99963444
1410046387 0.0000000 0.99995905 0.99985808
1410325949 0.0000000 0.99995464 0.99988490
1410382444 0.0000000 0.99983400 0.99963021
1411247643 0.0000000 0.99994272 0.99986577
1411641303 0.0000000 0.99996656 0.99989957
1412009058 0.0000000 0.99873382 0.99740922
1412705290 0.0000000 0.99995804 0.99988842
1413207959 0.0000000 0.99940717 0.99874753
1414298821 0.0000000 0.99993575 0.99987131
1416419181 0.0000000 0.99996394 0.99992979
1416419227 0.0000000 0.99997425 0.99995619
1416540553 0.0000000 0.99991965 0.99983823
1417557685 0.0000000 0.99994951 0.99989957
1417655668 0.0000000 0.99984634 0.99968362
1418245419 0.0000000 0.99996024 0.99991935
1418533563 0.0000000 0.99975258 0.99950176
1419682925 0.0000000 0.99982828 0.99965698
1419947441 0.0000000 0.99925780 0.99851644
1419995164 0.0000000 0.99990326 0.99980700
1420012476 0.0000000 0.99992758 0.99985981
1420437226 0.0000000 0.99993068 0.99985874
1420606112 0.0000000 0.99996924 0.99993515
1420742654 0.0000000 0.99948353 0.99895638
1421435535 0.0000000 0.99997497 0.99994576
1421639313 0.0000000 0.99985027 0.99969339
1422083726 0.0000000 0.99989212 0.99977165
1422374758 0.0000000 0.99980044 0.99958545
1422958210 0.0000000 0.99780625 0.99228752
1423037687 0.0000000 0.99964756 0.99441475
1423603888 0.0000000 0.99094367 0.97937667
1423726535 0.0000000 0.99992472 0.99478972
1423857991 0.0000000 0.99997854 0.99515992
1424969403 0.0000000 0.99986565 0.99582922
1426114954 0.0000000 0.99951440 0.99560452
1426344314 0.0000000 0.99987012 0.99630582
1426852891 0.0000000 0.99935925 0.99553263
1427105631 0.0000000 0.99996388 0.99747735
1427483378 0.0000000 0.99824393 0.99375868
1428208678 0.0000000 0.99920517 0.99534088
1428320250 0.0000000 0.99982613 0.99651980
1428945237 0.0000000 0.99990684 0.99692911
1429127316 0.0000000 0.99894524 0.99528348
1429494176 0.0000000 0.99707496 0.99340194
1429494550 0.0000000 0.99994886 0.99722195
1429528847 0.0000000 0.99997193 0.99734545
1429530313 0.0000000 0.99996591 0.99765289
1429531199 0.0000000 0.99997240 0.99748605
1429992097 0.0000000 0.99997020 0.99723780
1430658547 0.0000000 0.99995995 0.99716115
1431333501 0.0000000 0.99993330 0.99680054
1431387795 0.0000000 0.99988514 0.99694586
1431628549 0.0000000 0.99992281 0.99679834
1432588969 0.0000000 0.99990273 0.99702996
1432601816 0.0000000 0.99991536 0.99715936
1432799863 0.0000000 0.99990946 0.99708200
1434467768 0.0000000 0.99978685 0.99671084
1434867330 0.0000000 0.99991900 0.99731421
1435335400 0.0000000 0.99956477 0.99699211
1438066750 0.0000000 0.99992102 0.99218065
1438936857 0.0000000 0.99862939 0.98771161
1439209234 0.0000000 0.99609762 0.98648161
1439418087 0.0000000 0.99005175 0.97327620
1439474882 0.0000000 0.99996722 0.99081367
1439699200 0.0000000 0.98927826 0.97317189
1441113885 0.0000000 0.99993926 0.97584772
1441128847 0.0000000 0.99979824 0.97552019
1441160293 0.0000000 0.99980944 0.97492337
1441898607 0.0000000 0.99974471 0.95455569
1442339782 0.0000000 0.99994665 0.99896121
1442345855 0.0000000 0.99992603 0.99961084
1442345878 0.0000000 0.99992430 0.99961770
1442408939 0.0000000 0.99995726 0.99952132
1442410226 0.0000000 0.99992210 0.99890518
1442413798 0.0000000 0.99993169 0.99892038
1443074281 0.0000000 0.99860984 0.99166095
1443555465 0.0000000 0.99983925 0.98334497
1444648487 0.0000000 0.99909663 0.95746809
1444736944 0.0000000 0.99978632 0.95658314
1444953165 0.0000000 0.99972177 0.95325100
1444953267 0.0000000 0.99896371 0.95233393
1445014914 0.0000000 0.99349058 0.94227618
1445221055 0.0000000 0.99992311 0.94232309
1445233331 0.0000000 0.99970955 0.94058716
1445239215 0.0000000 0.99962908 0.94062626
1446412182 0.0000000 0.99989516 0.93324107
1446412281 0.0000000 0.99979925 0.93316990
1446509184 0.0000000 0.99975061 0.93240285
1446509190 0.0000000 0.99975252 0.93240738
1446714386 0.0000000 0.99868280 0.92986798
1447167192 0.0000000 0.99718529 0.92754388
1447255999 0.0000000 0.99931014 0.92930090
1447277516 0.0000000 0.99148750 0.92102402
1448316095 0.0000000 0.97078925 0.89162785
1448671943 0.0000000 0.99561745 0.92082590
1449033717 0.0000000 0.99956107 0.92735398
1449035580 0.0000000 0.99914831 0.92568719
1449153073 0.0000000 0.99822032 0.92397499
1449935242 0.0000000 0.99257618 0.91623664
1450510821 0.0000000 0.97701436 0.89558679
1450536811 0.0000000 0.97117102 0.88528800
1450992022 0.0000000 0.99818969 0.91519958
1451199638 0.0000000 0.98884881 0.90474534
1451327726 0.0000000 0.99531907 0.91405255
1451523194 0.0000000 0.96001571 0.87167728
1451829690 0.0000000 0.99794602 0.90822595
1451928000 0.0000000 0.85182506 0.72437537
1452487977 0.0000000 0.99973798 0.91081572
1453169606 0.0000000 0.99984461 0.91421247
1453824336 0.0000000 0.95120597 0.86188674
1454422761 0.0000000 0.99986535 0.91916192
1454702246 0.0000000 0.99984848 0.93194062
1454702308 0.0000000 0.99984723 0.93214011
1454702406 0.0000000 0.99991983 0.92753059
1454702512 0.0000000 0.99983221 0.92741919
1454978820 0.0000000 0.99983788 0.92145681
1455590759 0.0000000 0.99792516 0.92043835
1455595494 0.0000000 0.99938774 0.92163658
1455757779 0.0000000 0.99974787 0.91926396
1455758311 0.0000000 0.99960077 0.91897726
1456215987 0.0000000 0.99852240 0.93160164
1456541993 0.0000000 0.98846334 0.91608918
1457201466 0.0000000 0.99401748 0.91930461
1457276938 0.0000000 0.98816985 0.92102456
1459502085 0.0000000 0.95148396 0.87267321
1459988008 0.0000000 0.96639884 0.89260685
1460294506 0.0000000 0.98693180 0.91575092
1460353509 0.0000000 0.99989742 0.92950064
1460804146 0.0000000 0.99697638 0.92043513
1461082597 0.0000000 0.99455047 0.91869944
1461607991 0.0000000 0.98898089 0.91333014
1461770234 0.0000000 0.99993813 0.92956543
1461770257 0.0000000 0.99993861 0.92957520
1461770858 0.0000000 0.99985623 0.92797446
1461781146 0.0000000 0.99989766 0.92653525
1461806086 0.0000000 0.99829739 0.92463052
1462056417 0.0000000 0.99948829 0.92707032
1462199340 0.0000000 0.99966288 0.92703032
1462521203 0.0000000 0.99754858 0.92127693
1462632669 0.0000000 0.99933296 0.92576027
1462675593 0.0000000 0.99969029 0.92560405
1463023035 0.0000000 0.98493189 0.93231219
1463023251 0.0000000 0.99979854 0.95105904
1463023282 0.0000000 0.99977249 0.95100141
1463027395 0.0000000 0.99977338 0.95642090
1463127852 0.0000000 0.99990600 0.94848377
1463195522 0.0000000 0.99973160 0.94738883
1463196768 0.0000000 0.99978846 0.94672012
1463530965 0.0000000 0.99930948 0.94523901
1463863900 0.0000000 0.99966013 0.94586468
1463882779 0.0000000 0.99805754 0.94430560
1464184475 0.0000000 0.94433117 0.87425846
1464544116 0.0000000 0.99436724 0.94149822
1464576767 0.0000000 0.99911642 0.94669634
1464630651 0.0000000 0.99721777 0.94305468
1464672226 0.0000000 0.99987841 0.95434940
1466204142 0.0000000 0.98359394 0.92563599
1466383187 0.0000000 0.99886924 0.94204646
1466409210 0.0000000 0.99763978 0.94230700
1466715930 0.0000000 0.99990851 0.94931465
1467361422 0.0000000 0.99880069 0.94395041
1469019333 0.0000000 0.99625069 0.93828630
1469592155 0.0000000 0.99941438 0.94015694
1471008941 0.0000000 0.99549699 0.92297482
1471908408 0.0000000 0.99497080 0.92436647
1472660934 0.0000000 0.99972934 0.92311037
1473440050 0.0000000 0.98234725 0.90825427
1475055492 0.0000000 0.99932373 0.93790019
1475769120 0.0000000 0.99994910 0.93728358
1477370752 0.0000000 0.99917161 0.93184245
1478519786 0.0000000 0.99825215 0.91220051
1478903131 0.0000000 0.99988610 0.91230595
1480024554 0.0000000 0.99994808 0.93394369
1480377579 0.0000000 0.98445290 0.91403520
1480507474 0.0000000 0.99896204 0.93175900
1481256588 0.0000000 0.99976939 0.92349899
1481811269 0.0000000 0.99940485 0.91920543
1483057851 0.0000000 0.99947566 0.92378527
1483513641 0.0000000 0.99775493 0.91838145
1484155863 0.0000000 0.99256098 0.91468811
1484797338 0.0000000 0.96681273 0.90334290
1484900187 0.0000000 0.99704784 0.94382948
1485329586 0.0000000 0.99956274 0.94106686
1486746772 0.0000000 0.99988067 0.93213570
1487420859 0.0000000 0.97818720 0.89794242
1487652197 0.0000000 0.97833705 0.89438152
1488212310 0.0000000 0.99716949 0.90783161
1488924651 0.0000000 0.99965245 0.90486425
1489967289 0.0000000 0.99609786 0.87600541
1490066029 0.0000000 0.90492326 0.78751653
1490805242 0.0000000 0.93434221 0.80427915
1492112471 0.0000000 0.99480474 0.82750672
1492367656 0.0000000 0.98424280 0.81279558
1493517442 0.0000000 0.99280441 0.78129768
1493960850 0.0000000 0.97548354 0.75263172
1493986611 0.0000000 0.45788410 -0.24563694
1494889974 0.0000000 0.99949247 0.73674369
1494932580 0.0000000 0.97749346 0.71777886
1495631454 0.0000000 0.99237084 0.70852840
1495691291 0.0000000 0.96785182 0.69569588
1495956669 0.0000000 0.74560475 0.53242147
1495999757 0.0000000 0.99455404 0.70013678
1496582686 0.0000000 0.99605054 0.69391370
1497967350 0.0000000 0.53400648 0.23899698
1498029939 0.0000000 0.99474072 0.65612531
1500318986 0.0000000 0.86925024 0.57641089
1501139292 0.0000000 0.67467940 0.44316477
1501845585 0.0000000 0.99080235 0.60105413
1502294736 0.0000000 0.94745970 0.57775915
1502416734 0.0000000 0.95483053 0.58504570
1502582915 0.0000000 0.85403734 0.54846597
1504364658 0.0000000 0.77140993 0.50105548
1505096741 0.0000000 0.97136301 0.58942342
1505687994 0.0000000 0.97208709 0.58376682
1505917796 0.0000000 0.99899870 0.60167849
1506232185 0.0000000 0.96089488 0.58807296
1506549399 0.0000000 0.58857232 0.34402734
1507505391 0.0000000 0.85628086 0.54302347
1507747520 0.0000000 0.94137758 0.58734572
1508582157 0.0000000 0.86191976 0.54551291
1509318944 0.0000000 0.99664783 0.59873533
1509677295 0.0000000 0.99418533 0.59678304
1509677339 0.0000000 0.99419260 0.59673083
1509752088 0.0000000 0.99460804 0.59544444
1510398879 0.0000000 0.95993656 0.58744359
1510402973 0.0000000 0.99775761 0.59765530
1510440860 0.0000000 0.95087987 0.57610196
1510947032 0.0000000 0.90506905 0.57790661
1511360409 0.0000000 0.99930274 0.61008608
1511470532 0.0000000 0.99301833 0.60688978
1512230735 0.0000000 0.74746841 0.50337124
1512377977 0.0000000 0.84550583 0.54002321
1512704669 0.0000000 0.96748519 0.59213006
1513120660 0.0000000 0.97437078 0.58795536
1516168751 0.0000000 0.99498546 0.59482205
1516984288 0.0000000 0.95317960 0.58304667
1517686257 0.0000000 0.99374646 0.59583080
1517749972 0.0000000 0.99844241 0.60035652
1517752600 0.0000000 0.99955672 0.60831213
1517752662 0.0000000 0.99966085 0.60694736
1517753127 0.0000000 0.97379518 0.59359795
1517753452 0.0000000 0.99940449 0.60382843
1517753522 0.0000000 0.99940944 0.60391986
1517753592 0.0000000 0.99941003 0.60383779
1517753815 0.0000000 0.99681407 0.59987533
1517758427 0.0000000 0.98734951 0.59568191
1517763262 0.0000000 0.96970338 0.59513712
1517821602 0.0000000 0.98198265 0.59844327
1517823894 0.0000000 0.96287328 0.59180939
1517846321 0.0000000 0.99729580 0.59963226
1517852233 0.0000000 0.97729194 0.59281886
1517893754 0.0000000 0.99729747 0.60121930
1517906208 0.0000000 0.98107517 0.59836733
1517932241 0.0000000 0.99968493 0.60960460
1517932280 0.0000000 0.99970335 0.60938835
1517932282 0.0000000 0.99969727 0.60941529
1517932427 0.0000000 0.99808580 0.60314727
1517932434 0.0000000 0.99790204 0.60319877
1517932492 0.0000000 0.99523658 0.60124242
1517933877 0.0000000 0.99305254 0.59477603
1517940013 0.0000000 0.99864554 0.60330522
1517940459 0.0000000 0.99863285 0.60091090
1517944528 0.0000000 0.99950033 0.60647881
1517945796 0.0000000 0.99029940 0.59854150
1517950582 0.0000000 0.99447691 0.60083967
1517958702 0.0000000 0.99247444 0.59643126
1517960631 0.0000000 0.99051762 0.59752804
1517969882 0.0000000 0.99773645 0.60046065
1517974578 0.0000000 0.99817234 0.59960532
1517998787 0.0000000 0.97460783 0.59328431
1518001985 0.0000000 0.99652308 0.59891814
1518008800 0.0000000 0.99771529 0.59804893
1518008880 0.0000000 0.98308426 0.59185922
1518013159 0.0000000 0.98785281 0.60244298
1518016890 0.0000000 0.99961478 0.60884249
1518016916 0.0000000 0.99960512 0.60890698
1518051257 0.0000000 0.99661851 0.60114127
1518059164 0.0000000 0.99111205 0.59790516
1518142443 0.0000000 0.98271114 0.59530175
1518201789 0.0000000 0.98257893 0.60192925
1518248929 0.0000000 0.98277402 0.59519905
1518858396 0.0000000 0.77165276 0.50869894
1518981709 0.0000000 0.91655427 0.56572044
1519051621 0.0000000 0.99919027 0.60103166
1519254641 0.0000000 0.99870890 0.59854460
1519583320 0.0000000 0.99889714 0.59985453
1519962147 0.0000000 0.97771674 0.59602869
1520098551 0.0000000 0.99547213 0.59767365
1520329330 0.0000000 0.98745567 0.59365153
1521024527 0.0000000 0.98249680 0.59220004
1521537776 0.0000000 0.99648780 0.59639114
1521728871 0.0000000 0.97508872 0.59547353
1522232997 0.0000000 0.99353260 0.60006195
1522282670 0.0000000 0.99722946 0.60223931
1522598524 0.0000000 0.88475156 0.55562669
1523432369 0.0000000 0.63911027 0.40535665
1523886539 0.0000000 0.94396091 0.59858835
1524201906 0.0000000 0.83751458 0.53799504
1524248877 0.0000000 0.68005848 0.44582397
1524308214 0.0000000 0.82776839 0.55674565
1524503432 0.0000000 0.98663747 0.61420691
1524721460 0.0000000 0.83114320 0.56803226
1524721601 0.0000000 0.74315584 0.50910664
1524808553 0.0000000 0.77187759 0.52055579
1525218424 0.0000000 0.99913502 0.61523306
1526098666 0.0000000 0.97838730 0.59254128
1527728598 0.0000000 0.93026447 0.55306232
1527904870 0.0000000 0.99361593 0.56625974
1528731725 0.0000000 0.94422889 0.55012071
1528750347 0.0000000 0.97803831 0.55485940
1528856173 0.0000000 0.48844224 0.21321607
1529096035 0.0000000 0.99749422 0.56491446
1529334375 0.0000000 0.75553745 0.48211604
1529522338 0.0000000 0.96579343 0.55094182
1530516370 0.0000000 0.95157003 0.54092205
1530516385 0.0000000 0.95163345 0.54122633
1530609654 0.0000000 0.97498763 0.55329025
1531312909 0.0000000 0.88912022 0.51883972
1531507119 0.0000000 0.97364658 0.54395634
1532050755 0.0000000 0.71866435 0.44786006
1533217098 0.0000000 0.98695469 0.52970994
1533504622 0.0000000 0.70629436 0.44151789
1533801692 0.0000000 0.53202158 0.27639133
1534500582 0.0000000 0.98701614 0.52837980
1534551317 0.0000000 0.99780339 0.53230202
1535572403 0.0000000 0.90068883 0.50285804
1535660064 0.0000000 0.73645467 0.45026171
1536498994 0.0000000 0.93358880 0.51193118
1536641006 0.0000000 0.94855529 0.50546169
1536700815 0.0000000 0.85315299 0.48119593
1538633849 0.0000000 0.70615959 0.41794837
1538766649 0.0000000 0.45813081 0.13086599
1539072778 0.0000000 0.73209083 0.43315464
1539164591 0.0000000 0.98423481 0.50223732
1540269298 0.0000000 0.99947429 0.51787996
1540310644 0.0000000 0.99930567 0.51180238
1541624711 0.0000000 0.93639004 0.49598771
1541712486 0.0000000 0.82074440 0.46926415
1542328459 0.0000000 0.99984211 0.99965549
1542608341 0.0000000 0.99995708 0.99990994
1542638415 0.0000000 0.99995148 0.99989277
1542645094 0.0000000 0.99991310 0.99979532
1543190243 0.0000000 0.99997234 0.99994230
1543191316 0.0000000 0.99975395 0.99948829
1543236658 0.0000000 0.99990803 0.99979836
1543238642 0.0000000 0.99975628 0.99950939
1543314575 0.0000000 0.99990392 0.99979717
1544368541 0.0000000 0.99996477 0.99991614
1544439487 0.0000000 0.99988282 0.99975741
1544621063 0.0000000 0.99997181 0.99993956
1544908865 0.0000000 0.99996167 0.99990523
1545710204 0.0000000 0.99985766 0.99969178
1546538568 0.0000000 0.99996334 0.99989063
1546949806 0.0000000 0.99996179 0.99984825
1548127166 0.0000000 0.99984837 0.99789608
1548825695 0.0000000 0.99997556 0.99994457
1548861293 0.0000000 0.99992329 0.99984545
1549366351 0.0000000 0.99990398 0.99978358
1549558324 0.0000000 0.99996752 0.99992251
1550239687 0.0000000 0.99996334 0.99990118
1551558867 0.0000000 0.99820751 0.99642128
1552012334 0.0000000 0.99996591 0.99992341
1552127531 0.0000000 0.99937344 0.99874181
1552421955 0.0000000 0.99994940 0.99962389
1552451554 0.0000000 0.99994683 0.99962699
1552511242 0.0000000 0.99992526 0.99968183
1552697151 0.0000000 0.99978870 0.99942023
1552968094 0.0000000 0.99986905 0.99940169
1553256348 0.0000000 0.99982244 0.99912858
1553414210 0.0000000 0.99916261 0.99198097
1554087275 0.0000000 0.99898767 0.95603663
1554172029 0.0000000 0.97965187 0.92625928
1554256375 0.0000000 0.99994200 0.95256078
1554343015 0.0000000 0.99991959 0.94267261
1554382610 0.0000000 0.99804556 0.93428463
1554499495 0.0000000 0.98449367 0.91056997
1554706689 0.0000000 0.98734432 0.90688199
1554822801 0.0000000 0.99971235 0.90228075
1554841453 0.0000000 0.99931383 0.89756173
1554850672 0.0000000 0.99972343 0.89705199
1555563667 0.0000000 0.99866480 0.86978382
1556793883 0.0000000 0.99847806 0.81146628
1556970683 0.0000000 0.86203909 0.70207167
1557330527 0.0000000 0.99114937 0.79514062
1557737721 0.0000000 0.99897325 0.79460883
1558197514 0.0000000 0.99137485 0.77901971
1558379328 0.0000000 0.82119310 0.64656854
1558489044 0.0000000 0.99546051 0.77874148
1558591969 0.0000000 0.99827343 0.77623862
1559317998 0.0000000 0.97881144 0.75121641
1559641578 0.0000000 0.99937260 0.75300026
1559762840 0.0000000 0.99218893 0.74136078
1560870606 0.0000000 0.66794503 0.43928379
1561237205 0.0000000 0.93484563 0.69062412
1561242160 0.0000000 0.94394141 0.69282830
1561825206 0.0000000 0.96504730 0.68245029
1561837452 0.0000000 0.99737185 0.69939405
1562610935 0.0000000 0.98886424 0.68467474
1562880116 0.0000000 0.99724144 0.68296689
1563531230 0.0000000 0.90723467 0.62618631
1563768365 0.0000000 0.63409138 0.39802605
1563850922 0.0000000 0.85571361 0.60494077
1564123196 0.0000000 0.98179436 0.65219092
1564190683 0.0000000 0.98941672 0.65104294
1564649429 0.0000000 0.84080350 0.57991070
1564753988 0.0000000 0.98689932 0.65814936
1564784683 0.0000000 0.99543250 0.65533191
1565054388 0.0000000 0.99813479 0.64843369
1565055090 0.0000000 0.98609644 0.64825368
1565213283 0.0000000 0.99226564 0.65294665
1565218942 0.0000000 0.96725768 0.63101864
1565905300 0.0000000 0.96654624 0.61268985
1566053525 0.0000000 0.96763486 0.61608911
1566053530 0.0000000 0.96771264 0.61608601
1566074882 0.0000000 0.89659959 0.59096992
1566101114 0.0000000 0.99426776 0.61777598
1566598377 0.0000000 0.58319861 0.33752924
1566648618 0.0000000 0.85077965 0.54912603
1567237819 0.0000000 0.86672503 0.57020605
1567471650 0.0000000 0.95515054 0.60040957
1567604000 0.0000000 0.86800605 0.56070101
1567917359 0.0000000 0.92550516 0.56866312
1568005668 0.0000000 0.81957287 0.52723181
1568095682 0.0000000 0.97942591 0.58528960
1569863578 0.0000000 0.85532373 0.52620083
1570468626 0.0000000 0.98894942 0.55705786
1571312673 0.0000000 0.99863976 0.54642683
1571861758 0.0000000 0.50146139 0.23110092
1572218883 0.0000000 0.92856449 0.51791894
1573491297 0.0000000 0.43220043 0.10523003
1573495893 0.0000000 0.76004881 0.44929981
1574645562 0.0000000 0.99991941 0.99982405
1575564604 0.0000000 0.99970019 0.99938053
1575660753 0.0000000 0.99985391 0.99970680
1576495557 0.0000000 0.99993783 0.99986517
1577769501 0.0000000 0.99968052 0.99935812
1577819410 0.0000000 0.99993074 0.99983507
1578293635 0.0000000 0.99992317 0.99982291
1578510402 0.0000000 0.99982923 0.99965811
1579404154 0.0000000 0.99961370 0.99920529
1579703564 0.0000000 0.99987358 0.99973273
1580749376 0.0000000 0.99989814 0.99979240
1581076659 0.0000000 0.99986011 0.99972105
1581616159 0.0000000 0.99992245 0.99982840
1581629921 0.0000000 0.99967647 0.99933439
1581764406 0.0000000 0.99992985 0.99983901
1581764700 0.0000000 0.99994642 0.99987793
1581794413 0.0000000 0.99993885 0.99986267
1582090065 0.0000000 0.99993861 0.99985951
1582113307 0.0000000 0.99988621 0.99977058
1582546233 0.0000000 0.99986982 0.99972415
1582592414 0.0000000 0.99986130 0.99972373
1582629242 0.0000000 0.99989802 0.99978346
1582695255 0.0000000 0.99990380 0.99981201
1584677477 0.0000000 0.99990016 0.99978948
1585787701 0.0000000 0.99910259 0.99818856
1586304460 0.0000000 0.99974781 0.99949265
1586389759 0.0000000 0.99990273 0.99978268
1586537097 0.0000000 0.99992114 0.99981612
1586691401 0.0000000 0.99991977 0.99983269
1587481331 0.0000000 0.99984020 0.99967682
1588476280 0.0000000 0.99992913 0.99984092
1589003116 0.0000000 0.99979258 0.99957895
1589548020 0.0000000 0.99546623 0.99090862
1589756010 0.0000000 0.99981636 0.99962020
1589910785 0.0000000 0.99930203 0.99859458
1590311534 0.0000000 0.99817103 0.99633479
1590359490 0.0000000 0.99992871 0.99984527
1590694463 0.0000000 0.99990529 0.99980468
1590843750 0.0000000 0.99993026 0.99985981
1591494563 0.0000000 0.99992800 0.99985194
1591839506 0.0000000 0.99988151 0.99975687
1591921295 0.0000000 0.99990630 0.99981600
1592079539 0.0000000 0.99990582 0.99979365
1592349420 0.0000000 0.99987948 0.99975985
1593214064 0.0000000 0.99990296 0.99979347
1593241888 0.0000000 0.99987721 0.99974304
1593407313 0.0000000 0.99989569 0.99978131
1593435168 0.0000000 0.99988824 0.99977410
1593519432 0.0000000 0.99952888 0.99904591
1594227272 0.0000000 0.99975318 0.99950016
1594265063 0.0000000 0.99989343 0.99978721
1594267923 0.0000000 0.99989706 0.99979174
1594526768 0.0000000 0.99972975 0.99946326
1594546164 0.0000000 0.99784744 0.99566495
1595767949 0.0000000 0.99992812 0.99982613
1597107665 0.0000000 0.99988353 0.99976659
1597123796 0.0000000 0.99919033 0.99837452
1597187246 0.0000000 0.99985838 0.99970782
1597774608 0.0000000 0.99929911 0.99859846
1597797181 0.0000000 0.99973410 0.99946922
1597806811 0.0000000 0.99988312 0.99975771
1598480108 0.0000000 0.99986959 0.99973571
1598847265 0.0000000 0.99914807 0.99828702
1599036279 0.0000000 0.99967968 0.99935919
1600306672 0.0000000 0.99988496 0.99976277
1600646088 0.0000000 0.99970621 0.99940377
1600833602 0.0000000 0.99985582 0.99970627
1601017581 0.0000000 0.99979383 0.99958509
1601326254 0.0000000 0.99991840 0.99982142
1601342057 0.0000000 0.99987566 0.99973726
1601440640 0.0000000 0.99993992 0.99987763
1601863505 0.0000000 0.99986142 0.99971217
1602517184 0.0000000 0.99994802 0.99989307
1602946993 0.0000000 0.99989253 0.99976557
1602947159 0.0000000 0.99985707 0.99969864
1603087586 0.0000000 0.99969995 0.99939227
1603396062 0.0000000 0.99960446 0.99920493
1603674483 0.0000000 0.99986523 0.99972808
1604358861 0.0000000 0.99991512 0.99982506
1604426346 0.0000000 0.99970031 0.99938959
1604601372 0.0000000 0.99989307 0.99978244
1604626818 0.0000000 0.99993497 0.99985856
1605130406 0.0000000 0.99985683 0.99969548
1605130534 0.0000000 0.99982971 0.99963796
1605266102 0.0000000 0.99974364 0.99947983
1605511152 0.0000000 0.99984920 0.99969351
1605551866 0.0000000 0.99958104 0.99915802
1605557664 0.0000000 0.99966311 0.99930489
1605621503 0.0000000 0.99978775 0.99955088
1605662576 0.0000000 0.99962360 0.99923521
1606582085 0.0000000 0.99963742 0.99925256
1606657334 0.0000000 0.99990523 0.99979657
1607578178 0.0000000 0.99992096 0.99983323
1607606398 0.0000000 0.99827540 0.99653757
1607606851 0.0000000 0.99989337 0.99978828
1607624108 0.0000000 0.99991840 0.99983537
1608317519 0.0000000 0.99968684 0.99937159
1608385359 0.0000000 0.99972200 0.99944031
1609436522 0.0000000 0.99983567 0.99967235
1609594007 0.0000000 0.99991524 0.99981707
1610162996 0.0000000 0.99947762 0.99895579
1610192153 0.0000000 0.99991721 0.99982983
1610249009 0.0000000 0.99993908 0.99987799
1610838659 0.0000000 0.99991494 0.99982274
1611559538 0.0000000 0.99991524 0.99982196
1611565557 0.0000000 0.99984443 0.99968541
1611574763 0.0000000 0.99982864 0.99964797
1611584686 0.0000000 0.99836051 0.99669564
1611818971 0.0000000 0.99989158 0.99977034
