842984365 0.0000000 0.96154773 0.91677272
846839283 0.0000000 0.99828821 0.99650854
847935551 0.0000000 0.99882770 0.99764681
850676186 0.0000000 0.99668556 0.99325532
850877408 0.0000000 0.99890369 0.99776632
850908023 0.0000000 0.99880743 0.99758291
851184320 0.0000000 0.95845348 0.91004777
851550736 0.0000000 0.99525756 0.99043798
852186702 0.0000000 0.99534714 0.99063390
852329204 0.0000000 0.94732302 0.88217819
852460456 0.0000000 0.99927485 0.99853271
852489653 0.0000000 0.99688876 0.99364001
852515472 0.0000000 0.95231199 0.89609849
853272363 0.0000000 0.88140565 0.71309137
853376840 0.0000000 0.99900252 0.99799281
853407944 0.0000000 0.97711730 0.95289749
853607627 0.0000000 0.99765640 0.99525845
853739580 0.0000000 0.97289139 0.94355792
856345761 0.0000000 0.98493969 0.96849394
857058283 0.0000000 0.98968238 0.97894245
857344712 0.0000000 0.89105028 0.74309886
857979217 0.0000000 0.98586398 0.97082067
858004916 0.0000000 0.92885005 0.83966410
859199163 0.0000000 0.98595977 0.97127336
859246340 0.0000000 0.99081755 0.98131001
861746294 0.0000000 0.76960027 0.32523108
862185572 0.0000000 0.99366659 0.98724157
862608623 0.0000000 0.98965508 0.97895235
862627573 0.0000000 0.99940032 0.99877852
863479085 0.0000000 0.92860645 0.84025311
863693027 0.0000000 0.94169331 0.87428653
863763297 0.0000000 0.89691991 0.76366574
864384080 0.0000000 0.99072814 0.98108214
864454998 0.0000000 0.93448073 0.85713881
865120897 0.0000000 0.98857486 0.97706944
866316320 0.0000000 0.98490644 0.96926355
866599410 0.0000000 0.99864209 0.99724865
866972164 0.0000000 0.99910295 0.99818403
867426807 0.0000000 0.96205419 0.92070282
868041450 0.0000000 0.99965656 0.99928886
868379187 0.0000000 0.99346799 0.98679888
868522793 0.0000000 0.99076515 0.98142320
868964733 0.0000000 0.99941444 0.99882066
870283927 0.0000000 0.95527816 0.90597379
870770473 0.0000000 0.99421340 0.98830152
872088689 0.0000000 0.82839435 0.55281490
872425059 0.0000000 0.99371845 0.98744243
872437680 0.0000000 0.93910861 0.86836195
872449116 0.0000000 0.99494821 0.98991829
872491072 0.0000000 0.91377133 0.80678153
872492263 0.0000000 0.98108709 0.96191585
873735427 0.0000000 0.97588295 0.95031416
875433266 0.0000000 0.98318738 0.96517819
875453385 0.0000000 0.34159070 -6.3604708
876594265 0.0000000 0.99906498 0.99812043
877094056 0.0000000 0.99576229 0.99151206
877518611 0.0000000 0.74479216 0.20865774
877518986 0.0000000 0.99924028 0.99840605
877546907 0.0000000 0.92187703 0.82154346
877747215 0.0000000 0.97773474 0.95310229
882844545 0.0000000 0.97997981 0.95800012
883382199 0.0000000 0.95050842 0.89108002
884800485 0.0000000 0.99844950 0.99689484
884800633 0.0000000 0.99656934 0.99314040
885153411 0.0000000 0.99951476 0.99901843
885163200 0.0000000 0.99335325 0.98665482
885338978 0.0000000 0.99929160 0.99855667
886836052 0.0000000 0.99556828 0.99084866
887739663 0.0000000 0.97875434 0.95611548
887763450 0.0000000 0.95602500 0.90173042
888302731 0.0000000 0.95927274 0.91069067
888303585 0.0000000 0.90621036 0.77701938
889317344 0.0000000 0.99767202 0.99530977
889596008 0.0000000 0.99149746 0.98266846
889636914 0.0000000 0.99606544 0.99201548
894747219 0.0000000 0.99703258 0.99403650
895144921 0.0000000 0.94219315 0.87301958
895222228 0.0000000 0.99079132 0.98124939
895422961 0.0000000 0.97218072 0.94201052
895825584 0.0000000 0.84591866 0.59208322
896509358 0.0000000 0.99246913 0.98488265
899724834 0.0000000 0.93262595 0.84836322
900181394 0.0000000 0.94926828 0.88927025
900651074 0.0000000 0.83212495 0.39361966
900701079 0.0000000 0.99559313 0.99117219
900781359 0.0000000 0.99936569 0.99869448
900871111 0.0000000 0.99658954 0.99313730
900952524 0.0000000 0.97879559 0.95628560
901305843 0.0000000 0.99968255 0.99935049
901786541 0.0000000 0.98885691 0.97736734
901877006 0.0000000 0.97066796 0.93865895
902801269 0.0000000 0.99828202 0.99655211
904013371 0.0000000 0.94979101 0.89498353
904905650 0.0000000 0.99856800 0.99712694
905363640 0.0000000 0.99152273 0.98280412
905409966 0.0000000 0.99753290 0.99504554
905583188 0.0000000 0.87714905 0.70374411
905664888 0.0000000 0.99892044 0.99783123
905697214 0.0000000 0.74193245 0.20272338
905921771 0.0000000 0.99335808 0.98663378
906395377 0.0000000 0.99223155 0.98430210
907937571 0.0000000 0.99934381 0.99866056
908081794 0.0000000 0.96514946 0.92644507
908297657 0.0000000 0.95641512 0.90810072
938233153 0.0000000 0.99860620 0.99719483
938239989 0.0000000 0.99342120 0.98686159
938249011 0.0000000 0.99962515 0.99924797
938280361 0.0000000 0.99759638 0.99515885
938292712 0.0000000 0.99910235 0.99819213
938296447 0.0000000 0.99889565 0.99775493
938301077 0.0000000 0.99487048 0.98967397
938405002 0.0000000 0.99910438 0.99818784
938405506 0.0000000 0.99886125 0.99770284
938415640 0.0000000 0.99916822 0.99832463
938417299 0.0000000 0.99938971 0.99875838
938497922 0.34999999 0.40663224 -0.18198311
938498029 0.34999999 0.41054630 -0.17410564
938533419 0.34999999 0.31605369 -0.36503983
938538992 -0.30000001 0.31702134 -0.37055087
938559689 0.30000001 0.58352500 0.16533446
938653443 0.30000001 0.59315020 0.18503958
938661090 0.30000001 0.39561975 -0.22453320
938684670 0.34999999 0.36287433 -0.32983494
938684985 0.34999999 0.34190696 -0.24302101
938685159 0.34999999 0.34194633 -0.24287546
938718118 0.34999999 0.28430060 -0.43876529
938752742 -0.40000001 0.48002416 -7.28608370E-02
938782450 -1.7500000 0.25989658 -0.49681211
938800412 0.34999999 0.30474901 -0.39168835
938840074 0.30000001 0.24707128 -0.51894641
938875726 0.20000000 0.40161073 -0.20970345
938884454 -0.45000002 0.47888315 -4.19977903E-02
938902620 -0.55000001 0.64693618 0.29292113
938928221 -0.34999999 0.48571774 -6.23947382E-02
938929942 0.10000000 0.46367273 -0.14575863
938985195 0.34999999 0.34867808 -0.30599821
938985199 0.34999999 0.34867546 -0.30606878
938994192 0.34999999 0.28977922 -0.42629957
939039975 -0.20000000 0.27674627 -0.45140469
939086024 -0.25000000 0.36346599 -0.29646707
939125897 -0.50000000 0.40676942 -0.18862283
939128833 -0.34999999 0.38076666 -0.23842466
939181528 0.30000001 0.40363795 -0.20112669
939182868 -0.40000001 0.33334109 -0.33724678
939182938 -0.40000001 0.40608343 -0.19045019
939314050 0.45000002 0.45667148 -9.93194580E-02
939350917 0.15000001 0.34282687 -0.37901485
939430120 -0.34999999 0.27574089 -0.45865405
939441491 -0.34999999 0.37996563 -0.24483907
939669011 -0.34999999 0.38976872 -0.23292613
939738651 0.0000000 0.98275059 0.96472061
939778786 0.0000000 0.99959368 0.99918187
940013295 0.0000000 0.99650913 0.99300838
940077118 0.0000000 0.99902940 0.99803084
940223787 0.0000000 0.98211259 0.96374863
940260686 0.0000000 0.99896693 0.99791282
940262445 0.0000000 0.99957722 0.99915469
940262518 0.0000000 0.99959975 0.99919361
940269334 0.0000000 0.99945927 0.99890471
940402039 0.0000000 0.92085516 0.81930029
940468923 0.0000000 0.97275203 0.94258702
940476855 0.0000000 0.99235654 0.98466748
940539108 0.0000000 0.99560714 0.99110448
940558736 0.0000000 0.94911736 0.89127910
940559247 0.0000000 0.99953836 0.99906057
940560205 0.0000000 0.99963737 0.99924010
940561817 5.00000007E-02 0.84550220 0.68434805
940581254 0.0000000 0.99959898 0.99917579
940615024 0.0000000 0.99961817 0.99921089
940698483 0.0000000 0.99970150 0.99939620
940709625 0.0000000 0.88866305 0.73938596
940713046 0.0000000 0.99973035 0.99944270
940716409 0.0000000 0.99976635 0.99951506
940732771 0.0000000 0.99551743 0.99099022
941169407 0.0000000 0.93257087 0.85163009
941240702 0.0000000 0.94363552 0.87276393
941266965 0.0000000 0.99434066 0.98852211
941268765 0.0000000 0.99505234 0.98998618
941272069 0.0000000 0.99963158 0.99925387
941272235 0.0000000 0.98847973 0.97655171
941288463 0.0000000 0.99773484 0.99541575
941443051 0.0000000 0.98666322 0.97310078
941478782 0.0000000 0.99835318 0.99668998
941664850 0.0000000 0.72821921 0.52314854
942100720 0.0000000 0.95414966 0.90076530
942368989 0.0000000 0.99969727 0.99937260
942522421 0.0000000 0.94850200 0.88598466
942522833 0.0000000 0.99168062 0.98294502
942650721 0.0000000 0.99965209 0.99930114
942663367 0.0000000 0.99966764 0.99930662
942689449 0.0000000 0.99970478 0.99929887
942824109 0.0000000 0.99962127 0.99923682
942824158 0.0000000 0.99754161 0.99499017
943068575 0.0000000 0.99532682 0.99058741
943611150 0.0000000 0.99167293 0.98256147
943821740 0.0000000 0.99965841 0.99928916
943824350 0.0000000 0.99971139 0.99940073
943825521 0.0000000 0.49245900 -1.9616077
944504073 0.0000000 0.93215430 0.84753036
944668884 0.0000000 0.94070566 0.87009257
946059252 0.0000000 0.99882770 0.99752283
947114226 0.0000000 0.99846750 0.99690694
947114473 0.0000000 0.99238884 0.98437816
948054125 0.0000000 0.99244267 0.98457217
948390129 0.0000000 0.99933881 0.99864960
948631348 0.0000000 0.79094034 0.60484409
949249486 0.0000000 0.59987229 -0.54404080
949263715 0.0000000 0.99804032 0.99599290
949566570 0.0000000 0.94913220 0.88683504
949603687 0.0000000 0.99867207 0.99727041
949879457 0.0000000 0.99688417 0.99367905
950224447 0.0000000 0.91320699 0.79787743
950650398 0.0000000 0.72349459 -6.38352633E-02
951234151 0.0000000 0.99789578 0.99572587
951353069 0.0000000 0.97388673 0.94468647
951459176 0.0000000 0.99725771 0.99443883
951553401 0.0000000 0.99265921 0.98505497
952578524 0.0000000 0.99961352 0.99911380
953167073 0.0000000 0.99842238 0.99677509
953212255 0.0000000 0.99779266 0.99552995
953455846 0.0000000 0.93588978 0.85535634
953488627 0.0000000 0.99956918 0.99906474
953907196 0.0000000 0.94118887 0.87265038
954673370 0.0000000 0.99534678 0.99055517
955676198 0.0000000 0.99152005 0.98252356
956035742 0.0000000 0.94587833 0.88312328
956153058 0.0000000 0.99895704 0.99785334
956694214 0.0000000 0.99956262 0.99910295
958533946 0.0000000 0.99962348 0.99924815
958534040 0.0000000 0.99893439 0.99786180
958587166 0.0000000 0.99680549 0.99357891
958663136 0.0000000 0.99928600 0.99855798
960256179 0.0000000 0.97487402 0.94782597
960661409 0.0000000 0.99821568 0.99639893
960661589 0.0000000 0.99826735 0.99653912
960661674 0.0000000 0.99526417 0.99043751
960662889 0.0000000 0.99850309 0.99696851
960754280 0.0000000 0.99011385 0.97970152
961116366 0.0000000 0.95560020 0.90636748
961368290 0.0000000 0.99697715 0.99387020
961399971 0.0000000 0.99645048 0.99288839
961451784 0.0000000 0.99936718 0.99872404
961469614 0.0000000 0.51968074 -1.6797535
962192101 0.0000000 0.98516810 0.96980262
962853138 0.0000000 0.99944615 0.99887985
962873883 0.0000000 0.99948984 0.99894369
962965068 0.0000000 0.99381560 0.98763013
963001962 0.0000000 0.88937390 0.73548609
963210193 0.0000000 0.95700628 0.90671569
963217977 0.0000000 0.99452811 0.98900938
963509765 0.0000000 0.99366051 0.98709351
963525670 0.0000000 0.99715042 0.99429798
963533252 0.0000000 0.99966574 0.99929333
963559100 0.0000000 0.99448681 0.98882848
963567650 0.0000000 0.99710941 0.99415618
963568050 0.0000000 0.96640468 0.92929506
963585926 0.0000000 0.86418217 0.65957475
963615874 0.0000000 0.99765730 0.99530733
963717707 0.0000000 0.99978358 0.99951446
963816639 0.0000000 0.99814618 0.99628454
963981993 0.0000000 0.99727434 0.99448103
964476636 0.0000000 0.99643016 0.99283642
964816087 0.0000000 0.99290115 0.98440391
965205271 0.0000000 0.99910766 0.99819541
965442747 0.0000000 0.98844630 0.97666126
965555500 0.0000000 0.99179846 0.98357671
965617867 0.0000000 0.99941480 0.99879181
966082949 0.0000000 0.99891222 0.99777347
966754777 0.0000000 0.99899244 0.99796557
966768493 0.0000000 0.99956626 0.99910617
966768672 0.0000000 0.99860537 0.99719125
966798273 0.0000000 0.99908197 0.99812329
966876143 0.0000000 0.99861515 0.99719268
966991756 0.0000000 0.99964666 0.99927026
967018437 0.0000000 0.98969537 0.97909039
967800278 0.0000000 0.99939644 0.99877495
968576086 0.0000000 0.99969327 0.99938112
968669370 0.0000000 0.98979807 0.97931278
968735354 0.0000000 0.93397248 0.85580730
968815712 0.0000000 0.96788704 0.93248546
968976446 0.0000000 0.99541777 0.99070525
969144830 0.0000000 0.99861622 0.99719971
969145452 0.0000000 0.99827468 0.99652237
969456259 0.0000000 0.91613597 0.81325722
970270882 0.0000000 0.99900413 0.99797064
970691362 0.0000000 0.98482144 0.96819079
972371517 0.0000000 0.99533075 0.99051380
972935645 0.0000000 0.99217635 0.98426789
974678829 0.0000000 0.98616695 0.97145587
974978532 0.0000000 0.93639743 0.86120296
975495633 0.0000000 0.99943084 0.99884367
975505300 0.0000000 0.99008387 0.97974133
976442918 0.0000000 0.99946433 0.99890703
976476644 0.0000000 0.99940789 0.99880660
976653172 0.0000000 0.99792361 0.99580914
977484180 0.0000000 0.99840182 0.99676955
977800861 0.0000000 0.99376452 0.98738128
977801150 0.0000000 0.70922387 5.98174334E-03
977994086 0.0000000 0.99869919 0.99738157
978113008 0.0000000 0.99895668 0.99790090
978169408 0.0000000 0.98941749 0.97834313
978205372 0.0000000 0.99171197 0.98320621
978476098 0.0000000 0.98600435 0.97112161
979067787 0.0000000 0.99553955 0.99102610
979069110 0.0000000 0.99182063 0.98350537
979202219 0.0000000 0.99788171 0.99575150
979204150 0.0000000 0.99751055 0.99499995
979609386 0.0000000 0.99880230 0.99758011
980206038 0.0000000 0.99715376 0.99409759
980698596 0.0000000 0.63553643 -0.49573684
981386039 0.0000000 0.93785763 0.86318737
981653649 0.0000000 0.99943346 0.99883598
982365189 0.0000000 0.99891096 0.99775803
982527910 0.0000000 0.99957740 0.99911803
982955906 0.0000000 0.99658102 0.99304599
983077277 0.0000000 0.95844591 0.90790856
983464670 0.0000000 0.99968255 0.99935162
986938306 0.0000000 0.99914509 0.99827623
988100797 0.0000000 0.99794936 0.99589330
988336953 0.0000000 0.99994797 0.99989414
989765823 0.0000000 0.99989247 0.99976128
990117114 0.0000000 0.95801580 0.91190845
990630314 0.0000000 0.99987948 0.99974358
991455252 0.0000000 0.99122077 0.98236865
991634551 0.0000000 0.99986482 0.99970227
991995645 0.0000000 0.62396377 -0.36562216
992208377 0.0000000 0.65753806 7.80946016E-02
992209870 0.0000000 0.70618826 0.17542404
992438274 0.0000000 0.99995989 0.99990845
992486125 0.0000000 0.99995828 0.99991000
992592933 0.0000000 0.99963027 0.99923903
992927775 0.0000000 0.99988073 0.99974352
992929419 0.0000000 0.99990815 0.99980849
993581187 0.0000000 0.99987012 0.99971354
993854508 0.0000000 0.99975538 0.99947339
993874057 0.0000000 0.99991423 0.99982214
994007634 0.0000000 0.99991059 0.99979866
994692047 0.0000000 0.99992615 0.99983704
995024004 0.0000000 0.99968755 0.99935919
995162867 0.0000000 0.99991167 0.99981856
995890516 0.0000000 0.99988633 0.99973822
996113981 0.0000000 0.99961287 0.99920934
997156421 -175.30000 6.98060691E-02 -13659900.
998326679 0.0000000 0.99991786 0.99981058
999257596 0.0000000 0.99955952 0.99909669
1000062111 0.0000000 0.99831396 0.99662262
1000197538 0.0000000 0.99994147 0.99986315
1000766684 0.0000000 0.67350614 -0.11151803
1001410293 0.0000000 0.99733806 0.99465418
1001954970 0.0000000 0.99924237 0.99845695
1004092959 0.0000000 0.99987888 0.99975753
1004454253 0.0000000 0.99925715 0.99849683
1004863535 0.0000000 0.99989355 0.99979150
1005352632 0.0000000 0.99970406 0.99939698
1006580783 0.0000000 0.99971461 0.99940610
1007019252 0.0000000 0.99974024 0.99947226
1007572713 0.0000000 0.99536800 0.99064761
1007712455 0.0000000 0.99969643 0.99937326
1007972664 0.0000000 0.99984044 0.99966854
1008464695 0.0000000 0.99952167 0.99903989
1008648180 0.0000000 0.99995452 0.99990541
1008649429 0.0000000 0.99935621 0.99868149
1008650819 0.0000000 0.99972689 0.99944091
1008651467 0.0000000 0.99966896 0.99932325
1008652414 0.0000000 0.99988902 0.99977016
1008671685 0.0000000 0.99957734 0.99912602
1008686668 0.0000000 0.99907863 0.99814886
1008715277 0.0000000 0.99946564 0.99891454
1008786983 0.0000000 0.99976969 0.99952650
1008836107 0.0000000 0.99882299 0.99763340
1008890954 0.0000000 0.99882144 0.99761671
1009057225 0.0000000 0.99989796 0.99979383
1009168145 0.0000000 0.99936587 0.99871880
1009442091 0.0000000 0.99989498 0.99978364
1009500099 0.0000000 0.99992299 0.99983323
1010371507 0.0000000 0.99986970 0.99973696
1010509239 0.0000000 0.99992043 0.99983907
1011026056 0.0000000 0.99966413 0.99929893
1011031830 0.0000000 0.99988157 0.99975055
1011063499 0.0000000 0.99805599 0.99604529
1011682027 0.0000000 0.99970257 0.99938655
1012271064 0.0000000 0.99983943 0.99965584
1012580587 0.0000000 0.99908310 0.99814457
1013484445 0.0000000 0.99992883 0.99984145
1013485377 0.0000000 0.99989039 0.99977845
1013486436 0.0000000 0.99982804 0.99964499
1014927282 0.0000000 0.99850130 0.99695492
1014972465 0.0000000 0.99956334 0.99911469
1015232666 0.0000000 0.99985391 0.99970609
1016105151 0.0000000 0.99991143 0.99981898
1016468323 0.0000000 0.99952483 0.99903077
1017159906 0.0000000 0.99923176 0.99844617
1017557569 0.0000000 0.99992293 0.99983996
1017557822 0.0000000 0.99994856 0.99988717
1017594576 0.0000000 0.99962807 0.99923575
1017816456 0.0000000 0.99987489 0.99974191
1017857170 0.0000000 0.99991810 0.99982870
1017925489 0.0000000 0.99968630 0.99934065
1018065946 0.0000000 0.99879384 0.99756324
1018137582 0.0000000 0.99476552 0.98937559
1018221645 0.0000000 0.99982995 0.99965817
1018414606 0.0000000 0.99897534 0.99793899
1018800484 0.0000000 0.99959832 0.99918956
1018898180 0.0000000 0.99969155 0.99935657
1019054808 0.0000000 0.99911475 0.99820977
1019292480 0.0000000 0.99991256 0.99981201
1019488470 0.0000000 0.99988967 0.99977648
1019673665 0.0000000 0.99929529 0.99857485
1020000226 0.0000000 0.99994433 0.99988586
1021004232 0.0000000 0.99990368 0.99980485
1021024958 0.0000000 0.99877208 0.99752110
1021028934 0.0000000 0.99975270 0.99950033
1021434365 0.0000000 0.99995035 0.99990070
1021434812 0.0000000 0.99948180 0.99895626
1021435155 0.0000000 0.99946392 0.99892318
1021437004 0.0000000 0.99950331 0.99898213
1021437761 0.0000000 0.99972147 0.99943697
1021888184 0.0000000 0.99981385 0.99961650
1022604314 0.0000000 0.99995244 0.99990064
1022741620 0.0000000 0.99990213 0.99980259
1022779647 0.0000000 0.99986929 0.99973243
1024000827 0.0000000 0.99990380 0.99980056
1024039343 0.0000000 0.99988598 0.99976873
1024059173 0.0000000 0.99972916 0.99943662
1024224102 0.0000000 0.99976557 0.99952364
1024232773 0.0000000 0.99980068 0.99958402
1024881141 0.0000000 0.99983054 0.99965209
1026036068 0.0000000 0.99968708 0.99936646
1026372982 0.0000000 0.99993241 0.99986488
1026373076 0.0000000 0.99993753 0.99986935
1026374005 0.0000000 0.99963945 0.99927574
1026378668 0.0000000 0.99934608 0.99869072
1026562025 0.0000000 0.99985671 0.99970776
1026925041 0.0000000 0.99979645 0.99958384
1026933281 0.0000000 0.99988335 0.99976373
1026967951 0.0000000 0.99965686 0.99930352
1028885460 0.0000000 0.99930030 0.99858570
1028970195 0.0000000 0.63620621 0.19852507
1029367736 0.0000000 0.68321198 0.27138847
1030006163 0.0000000 0.66516411 0.25818717
1030375930 0.0000000 0.69196051 0.35614651
1030554334 0.0000000 0.51411575 -0.40520561
1030628193 0.0000000 0.36370811 -0.87981200
1030651553 0.0000000 0.50808948 -0.46786129
1030859781 0.0000000 0.77594995 0.49710292
1030864055 0.0000000 0.74296135 0.38925415
1031310121 0.0000000 0.72156274 0.50321710
1031439572 0.0000000 0.59235799 4.13959026E-02
1031647094 0.0000000 0.70464462 0.31238967
1032052013 0.0000000 0.72723842 0.36266559
1032134610 0.0000000 0.78404444 0.51322865
1032294371 0.0000000 0.64573884 4.36289907E-02
1032315669 0.0000000 0.69911242 0.12027097
1032907402 0.0000000 0.75568241 0.38436770
1033103267 0.0000000 0.99993110 0.99984533
1033374913 0.0000000 0.85326302 0.68920869
1033690544 0.0000000 0.99814993 0.99623758
1033947513 0.0000000 0.99982345 0.99963784
1034070514 0.0000000 0.99892825 0.99782354
1034480608 0.0000000 0.99990541 0.99980009
1034923400 0.0000000 0.99988419 0.99975204
1034928298 0.0000000 0.99966323 0.99930823
1035149152 0.0000000 0.99992460 0.99983668
1035153178 0.0000000 0.99979621 0.99956083
1035197382 0.0000000 0.99971497 0.99934703
1035991040 0.0000000 0.99618953 0.99222964
1036098952 0.0000000 0.99993134 0.99985492
1036697273 0.0000000 0.99914467 0.99825495
1036697648 0.0000000 0.99976921 0.99953687
1036886824 0.0000000 0.99990749 0.99981254
1038324582 0.0000000 0.99984545 0.99968624
1038746116 0.0000000 0.99965388 0.99927437
1039232712 0.0000000 0.99989796 0.99978280
1039743025 0.0000000 0.99989414 0.99977142
1040450954 0.0000000 0.99994791 0.99988961
1040520314 0.0000000 0.99986154 0.99969804
1040644457 0.0000000 0.99993354 0.99984258
1040799690 0.0000000 0.99994308 0.99987197
1041632855 0.0000000 0.99824542 0.99646878
1042809813 0.0000000 0.99992764 0.99982077
1043607562 0.0000000 0.99986929 0.99968809
1044768063 0.0000000 0.99991351 0.99980706
1044817061 0.0000000 0.99951589 0.99900800
1045633623 0.0000000 0.99970150 0.99937093
1046065971 0.0000000 0.99945778 0.99886757
1046575544 0.0000000 0.99957764 0.99911821
1048808323 0.0000000 0.99933213 0.99864572
1049310522 0.0000000 0.99983352 0.99966043
1049353173 0.0000000 0.99953598 0.99906230
1051845960 0.0000000 0.99951690 0.99901193
1051900153 0.0000000 0.99172366 0.98321712
1052394722 0.0000000 0.99027598 0.98012543
1052961462 0.0000000 0.99994916 0.99990100
1053904321 0.0000000 0.99984330 0.99966466
1054395492 0.0000000 0.99990201 0.99979186
1054853585 0.0000000 0.99920082 0.99839026
1055123570 0.0000000 0.99997723 0.99995548
1055135284 0.0000000 0.99995291 0.99990189
1055234432 0.0000000 0.99835992 0.99671119
1055390332 0.0000000 0.99984795 0.99967659
1055425274 0.0000000 0.99983102 0.99965537
1055472531 0.0000000 0.99471742 0.98926353
1055510426 0.0000000 0.99948472 0.99894345
1055788418 0.0000000 0.99996269 0.99992478
1055803080 0.0000000 0.99996936 0.99993330
1056357316 0.0000000 0.99955571 0.99908710
1057028486 0.0000000 0.99729627 0.99454153
1057319282 0.0000000 0.99984372 0.99967718
1058108790 0.0000000 0.99977338 0.99953073
1058496080 0.0000000 0.99985600 0.99970323
1059102630 0.0000000 0.99983311 0.99965173
1059590191 0.0000000 0.99988657 0.99977708
1059850488 0.0000000 0.99753702 0.99500495
1059910523 0.0000000 0.99991488 0.99981636
1059994404 0.0000000 0.99992853 0.99985677
1060172588 0.0000000 0.99997473 0.99995059
1060619413 0.0000000 0.99995089 0.99990106
1061586322 0.0000000 0.99828011 0.99652028
1062262342 0.0000000 0.99915379 0.99765164
1062859632 0.0000000 0.99976403 0.99941564
1063234506 0.0000000 0.99991727 0.99972814
1063264037 0.0000000 0.99961418 0.99914205
1064365712 0.0000000 0.99983716 0.99959177
1064533379 0.0000000 0.99973947 0.99937969
1065785029 0.0000000 0.99995601 0.99983108
1065790269 0.0000000 0.99987990 0.99968392
1065847269 0.0000000 0.99848473 0.99675739
1067505195 0.0000000 0.99956459 0.99900007
1068127124 0.0000000 0.99984241 0.99959272
1068356150 0.0000000 0.99944162 0.99881059
1068595355 0.0000000 0.99998397 0.99990022
1068804765 0.0000000 0.99989808 0.99969321
1068825242 0.0000000 0.99990290 0.99971300
1070682432 0.0000000 0.99892485 0.99769139
1070692497 0.0000000 0.99988419 0.99965680
1070921046 0.0000000 0.99994797 0.99984312
1071031093 0.0000000 0.99957186 0.99902064
1071031176 0.0000000 0.99997014 0.99987197
1071031375 0.0000000 0.99993438 0.99977827
1071031628 0.0000000 0.99993390 0.99975783
1071031695 0.0000000 0.99993676 0.99976361
1071031744 0.0000000 0.99993521 0.99976444
1071031844 0.0000000 0.99993539 0.99976087
1071031926 0.0000000 0.99992061 0.99975991
1071033611 0.0000000 0.99995905 0.99983156
1071033625 0.0000000 0.99995869 0.99983150
1071035006 0.0000000 0.99990332 0.99970919
1071038489 0.0000000 0.99993229 0.99975425
1071042579 0.0000000 0.99991494 0.99972850
1071043831 0.0000000 0.99992949 0.99978226
1071046005 0.0000000 0.99992734 0.99974525
1071046239 0.0000000 0.99984354 0.99959040
1071074159 0.0000000 0.99994653 0.99978930
1071095531 0.0000000 0.99991292 0.99971622
1071583019 0.0000000 0.99995142 0.99982715
1071584001 0.0000000 0.99991614 0.99971563
1071678445 0.0000000 0.99995571 0.99980837
1072705310 0.0000000 0.99992061 0.99976450
1073300844 0.0000000 0.99995530 0.99982291
1073475853 0.0000000 0.99973589 0.99937475
1073756920 0.0000000 0.99675524 0.99329901
1073986141 0.0000000 0.99995774 0.99985772
1073994067 0.0000000 0.99858886 0.99700016
1075317204 0.0000000 0.99992502 0.99977672
1075317446 0.0000000 0.99991679 0.99973541
1075318489 0.0000000 0.99992341 0.99975491
1075466599 0.0000000 0.99913120 0.99812394
1075865039 0.0000000 0.99995488 0.99981779
1076851926 0.0000000 0.99990904 0.99971533
1076884025 0.0000000 0.99995804 0.99982214
1077531525 0.0000000 0.99987525 0.99962288
1077584107 0.0000000 0.99984378 0.99958581
1078321829 0.0000000 0.99990487 0.99971187
1079154231 0.0000000 0.99993092 0.99974424
1080241624 0.0000000 0.99989778 0.99971449
1081488818 0.0000000 0.99975234 0.99948615
1082397083 0.0000000 0.99994433 0.99985969
1082563195 0.0000000 0.99921089 0.99834484
1082729069 0.0000000 0.99994606 0.99986458
1082820030 0.0000000 0.99994731 0.99987364
1083398171 0.0000000 0.99997365 0.99992669
1083961065 0.0000000 0.99995852 0.99989456
1084003366 0.0000000 0.99997258 0.99993247
1084082541 0.0000000 0.99974406 0.99946010
1084133207 0.0000000 0.99993372 0.99985445
1084597670 0.0000000 0.99984866 0.99968052
1084687448 0.0000000 0.99995965 0.99990553
1084950252 0.0000000 0.99998486 0.99995458
1085103239 0.0000000 0.99988031 0.99973732
1085390106 0.0000000 0.99991971 0.99982554
1086195389 0.0000000 0.99996477 0.99990600
1086315872 0.0000000 0.99989903 0.99978536
1086883086 0.0000000 0.99996746 0.99993324
1087613581 0.0000000 0.99993551 0.99985719
1089099122 0.0000000 0.99995595 0.99990690
1089113880 0.0000000 0.99990833 0.99979275
1089371968 0.0000000 0.99980175 0.99955034
1090478200 0.0000000 0.99971718 0.99939489
1091970746 0.0000000 0.99971473 0.99939811
1092861100 0.0000000 0.99970019 0.99933034
1093118276 0.0000000 0.99878216 0.99749893
1093908136 0.0000000 0.99946040 0.99889708
1095475955 0.0000000 0.99986577 0.99971527
1097813330 0.0000000 0.99996060 0.99991590
1098848984 0.0000000 0.99970162 0.99930185
1099928102 0.0000000 0.99963784 0.99925262
1099929295 0.0000000 0.99998093 0.99995488
1099929521 0.0000000 0.99994081 0.99987549
1099931589 0.0000000 0.99963629 0.99924958
1099942690 0.0000000 0.99995786 0.99990749
1100098082 0.0000000 0.99994868 0.99989128
1100139404 0.0000000 0.99997580 0.99994576
1100237223 0.0000000 0.99888462 0.99774271
1100955874 0.0000000 0.99819636 0.99634182
1103674687 0.0000000 0.99994618 0.99985915
1105287429 0.0000000 0.99843347 0.99670672
1105405102 0.0000000 0.99995804 0.99989659
1105536640 0.0000000 0.99986631 0.99971265
1105765351 0.0000000 0.99964041 0.99925834
1106056455 0.0000000 0.99627769 0.99243689
1106207236 0.0000000 0.99993122 0.99981415
1106226863 0.0000000 0.99992275 0.99980330
1106317701 0.0000000 0.99996215 0.99990577
1106377004 0.0000000 0.99970931 0.99941134
1106829094 0.0000000 0.99969524 0.99935073
1107166208 0.0000000 0.99994242 0.99986780
1107223187 0.0000000 0.99995834 0.99989909
1107233798 0.0000000 0.99981242 0.99957639
1107286746 0.0000000 0.99593306 0.99170375
1107388387 0.0000000 0.99972397 0.99941695
1107601144 0.0000000 0.99995506 0.99988210
1107601252 0.0000000 0.99995387 0.99987608
1108162580 0.0000000 0.99976039 0.99948120
1108757898 0.0000000 0.99997735 0.99994439
1108761568 0.0000000 0.99991274 0.99978715
1110049611 0.0000000 0.99998021 0.99994296
1110049680 0.0000000 0.99997950 0.99994349
1110050185 0.0000000 0.99994445 0.99986583
1110050874 0.0000000 0.99986541 0.99970561
1110568232 0.0000000 0.99964082 0.99926311
1111274786 0.0000000 0.99993420 0.99984854
1113182839 0.0000000 0.99973458 0.99945235
1113208093 0.0000000 0.99993527 0.99983525
1113260515 0.0000000 0.99992865 0.99980050
1113331351 0.0000000 0.99954706 0.99900287
1114345058 0.0000000 0.99956983 0.99907440
1114872497 0.0000000 0.99997312 0.99993122
1114872533 0.0000000 0.99997401 0.99993503
1114872543 0.0000000 0.99996650 0.99991620
1114981677 0.0000000 0.99970520 0.99938440
1115167250 0.0000000 0.99992400 0.99981773
1115753263 0.0000000 0.99992162 0.99982238
1115910658 0.0000000 0.99984163 0.99963880
1115942660 0.0000000 0.99990201 0.99978036
1116353193 0.0000000 0.99964327 0.99923813
1117405041 0.0000000 0.99991906 0.99981731
1117642805 0.0000000 0.99995184 0.99989146
1118162704 0.0000000 0.99996817 0.99992132
1118367166 0.0000000 0.99997854 0.99993622
1118396676 0.0000000 0.99994177 0.99987286
1118501300 0.0000000 0.99983871 0.99966252
1118677980 0.0000000 0.99981487 0.99960250
1118868304 0.0000000 0.98833740 0.97565979
1119087065 0.0000000 0.99996865 0.99991900
1119729025 0.0000000 0.99959177 0.99915260
1119876655 0.0000000 0.99847460 0.99689430
1121472051 0.0000000 0.99990940 0.99980170
1121864763 0.0000000 0.99996579 0.99993020
1122385024 0.0000000 0.99989218 0.99976766
1122618639 0.0000000 0.99972957 0.99944782
1122777951 0.0000000 0.99973959 0.99944955
1123439949 0.0000000 0.99931401 0.99855268
1125373372 0.0000000 0.99962109 0.99920064
1125685516 0.0000000 0.99960524 0.99918205
1125969360 0.0000000 0.99997914 0.99995989
1127055473 0.0000000 0.99918056 0.99832922
1127456637 0.0000000 0.99995083 0.99986440
1127471662 0.0000000 0.99994797 0.99986863
1127494190 0.0000000 0.99994045 0.99985194
1127760620 0.0000000 0.99997073 0.99991828
1128153007 0.0000000 0.99885654 0.99764341
1128174696 0.0000000 0.99989146 0.99976778
1128475640 0.0000000 0.99985570 0.99966812
1128528995 0.0000000 0.99956119 0.99910790
1128891916 0.0000000 0.99707347 0.99406081
1128923244 0.0000000 0.99976128 0.99951214
1129069430 0.0000000 0.99419171 0.98800474
1129155495 0.0000000 0.99920571 0.99837500
1129246313 0.0000000 0.99938250 0.99873132
1129324370 0.0000000 0.99985856 0.99969196
1129391464 0.0000000 0.99996144 0.99991369
1129907016 0.0000000 0.99714398 0.99423146
1130249327 0.0000000 0.99857861 0.99710679
1131428965 0.0000000 0.99991554 0.99979478
1131431840 0.0000000 0.99816048 0.99625766
1132062095 0.0000000 0.99994570 0.99987912
1132132485 0.0000000 0.99986553 0.99971765
1132148341 0.0000000 0.99988836 0.99976635
1132166999 0.0000000 0.99965954 0.99929732
1132661855 0.0000000 0.99981719 0.99961412
1132975230 0.0000000 0.99995357 0.99988753
1133111580 0.0000000 0.99932420 0.99862468
1133304109 0.0000000 0.99995059 0.99989057
1133601723 0.0000000 0.99861521 0.99717402
1133908462 0.0000000 0.99988443 0.99975282
1134710133 0.0000000 0.99993861 0.99985188
1135808248 0.0000000 0.99996853 0.99992633
1135976852 0.0000000 0.99991643 0.99978775
1136739698 0.0000000 0.99992889 0.99983925
1137913657 0.0000000 0.99991375 0.99979270
1137989937 0.0000000 0.99985975 0.99968082
1137990003 0.0000000 0.99981052 0.99959373
1138288259 0.0000000 0.99929011 0.99851787
1139284609 0.0000000 0.99808997 0.99588901
1139326915 0.0000000 0.99916089 0.99824256
1140725945 0.0000000 0.99986738 0.99964726
1140746150 0.0000000 0.99994493 0.99985003
1141877248 0.0000000 0.99986231 0.99964583
1142029462 0.0000000 0.99977261 0.99949414
1142229311 0.0000000 0.99960661 0.99916124
1142709582 0.0000000 0.99964166 0.99923867
1143536168 0.0000000 0.99981606 0.99958557
1143616861 0.0000000 0.99927592 0.99851066
1143885739 0.0000000 0.99997807 0.99990523
1143885924 0.0000000 0.99995887 0.99989372
1143888020 0.0000000 0.99996293 0.99988592
1144129163 0.0000000 0.99993718 0.99981350
1144133312 0.0000000 0.99994487 0.99984974
1144179006 0.0000000 0.99992621 0.99983203
1144806135 0.0000000 0.99990749 0.99977314
1145140855 0.0000000 0.99997473 0.99992496
1145323561 0.0000000 0.99991763 0.99975163
1146215126 0.0000000 0.99997336 0.99991798
1146944291 0.0000000 0.99285579 0.98510605
1146966782 0.0000000 0.99996608 0.99991012
1147258751 0.0000000 0.99992478 0.99979967
1149411961 0.0000000 0.99996907 0.99991989
1149467938 0.0000000 0.99992567 0.99982190
1149638545 0.0000000 0.99882483 0.99759191
1149771133 0.0000000 0.99982262 0.99958992
1150128882 0.0000000 0.99982023 0.99956387
1151387381 0.0000000 0.99949735 0.99895322
1154072410 0.0000000 0.99998361 0.99996167
1154182305 0.0000000 0.99994886 0.99984956
1155212722 0.0000000 0.99995315 0.99987036
1155340266 0.0000000 0.99998105 0.99993187
1155354114 0.0000000 0.99985838 0.99964404
1155443514 0.0000000 0.99986714 0.99969810
1156044082 0.0000000 0.99982667 0.99957168
1156698676 0.0000000 0.99996626 0.99993116
1158266854 0.0000000 0.99819314 0.99365413
1159598968 0.0000000 0.99932390 0.99610442
1159684577 0.0000000 0.99994034 0.99772483
1160388105 0.0000000 0.99997419 0.99775797
1160392104 0.0000000 0.99997431 0.99779677
1160549032 0.0000000 0.99987388 0.99755692
1160664389 0.0000000 0.99998713 0.99786144
1163299258 0.0000000 0.99984133 0.99756312
1163456967 0.0000000 0.99988163 0.99745232
1163641819 0.0000000 0.99990088 0.99748260
1164570370 0.0000000 0.99966770 0.99703109
1165358160 0.0000000 0.99988711 0.99759120
1165368969 0.0000000 0.99949300 0.99663538
1166094636 0.0000000 0.99986315 0.99748796
1166561075 0.0000000 0.99973369 0.99731320
1166894907 0.0000000 0.99994367 0.99774748
1167135981 0.0000000 0.99998009 0.99995375
1167136317 0.0000000 0.99996161 0.99990773
1167136455 0.0000000 0.99996197 0.99990791
1167136825 0.0000000 0.99992806 0.99985683
1167144800 0.0000000 0.99989545 0.99978155
1167147704 0.0000000 0.99995589 0.99990529
1167154513 0.0000000 0.99997079 0.99994433
1167186639 0.0000000 0.99994767 0.99989730
1167298740 0.0000000 0.99933034 0.99861366
1167318376 0.0000000 0.99576098 0.99137777
1167324678 0.0000000 0.99979925 0.99959302
1167592780 0.0000000 0.99943477 0.99882919
1167604646 0.0000000 0.99961692 0.99920768
1168792515 0.0000000 0.99976766 0.99949259
1168917035 0.0000000 0.99997455 0.99994695
1169006425 0.0000000 0.99981749 0.99960047
1169712716 0.0000000 0.99933064 0.99861342
1169722755 0.0000000 0.99997872 0.99994576
1170262059 0.0000000 0.99952394 0.99897635
1170524118 0.0000000 0.99972874 0.99942958
1171366614 0.0000000 0.99942595 0.99882227
1171423577 0.0000000 0.99993271 0.99984378
1171423831 0.0000000 0.99992985 0.99984229
1171832699 0.0000000 0.99997240 0.99993986
1172178017 0.0000000 0.99979722 0.99956995
1173308237 0.0000000 0.99993855 0.99987042
1173368256 0.0000000 0.99946594 0.99889696
1174197233 0.0000000 0.99946988 0.99890912
1175309106 0.0000000 0.99668390 0.99275821
1175583473 0.0000000 0.99969393 0.99936849
1176242685 0.0000000 0.99698031 0.99383795
1177115546 0.0000000 0.99997008 0.99992704
1177175308 0.0000000 0.99982983 0.99354923
1178992210 0.0000000 0.99969441 0.99929202
1180238725 0.0000000 0.98913312 0.69203472
1180618796 0.0000000 0.99769622 0.75506228
1181939353 0.0000000 0.99994946 0.99986744
1182196765 0.0000000 0.99638885 0.99267030
1182265663 0.0000000 0.99958688 0.99911159
1182396227 0.0000000 0.99986482 0.99970251
1182398897 0.0000000 0.99996638 0.99990749
1184629372 0.0000000 0.99995160 0.99989158
1185198002 0.0000000 0.99997932 0.99994773
1185799546 0.0000000 0.99959040 0.99915195
1185861072 0.0000000 0.99854720 0.99706501
1186620947 0.0000000 0.99998850 0.99958372
1186786330 0.0000000 0.99954838 0.99869037
1188350129 0.0000000 0.99996990 0.99951637
1188356416 0.0000000 0.99998701 0.99954432
1188908193 0.0000000 0.99983150 0.99931818
1188950111 0.0000000 0.99827307 0.99635160
1189101086 0.0000000 0.99998099 0.99954480
1189101321 0.0000000 0.99994975 0.99949622
1189194674 0.0000000 0.99889040 0.99751186
1190442424 0.0000000 0.99984211 0.99931228
1191742755 0.0000000 0.99936426 0.99838638
1192071901 0.0000000 0.99987006 0.99938631
1192632000 0.0000000 0.99995136 0.99954414
1193967194 0.0000000 0.99931800 0.99862230
1194476053 0.0000000 0.99980664 0.99960417
1196283913 0.0000000 0.99994093 0.99987519
1196818902 0.0000000 0.99994981 0.99989992
1196950527 0.0000000 0.99985093 0.99969482
1197715613 0.0000000 0.99915826 0.99831557
1198522115 0.0000000 0.99988848 0.99977636
1200543890 0.0000000 0.99227935 0.98445052
1200856359 0.0000000 0.99971545 0.99941355
1201442068 0.0000000 0.99858207 0.99716491
1203280382 0.0000000 0.99998361 0.99996364
1203409866 0.0000000 0.99921298 0.99841952
1203790455 0.0000000 0.99997211 0.99994236
1204138448 0.0000000 0.99984425 0.99968034
1204304285 0.0000000 0.99995416 0.99989974
1204490434 0.0000000 0.98603952 0.97161251
1204651907 0.0000000 0.99986571 0.99972767
1204651936 0.0000000 0.99992567 0.99985486
1204670552 0.0000000 0.99984771 0.99968630
1207186072 0.0000000 0.99791390 0.99580091
1208187584 0.0000000 0.99995339 0.99989927
1208931881 0.0000000 0.99995887 0.99990559
1208975321 0.0000000 0.99998432 0.99995703
1208982088 0.0000000 0.99993873 0.99987102
1208988255 0.0000000 0.99996740 0.99993026
1208988552 0.0000000 0.99996388 0.99991894
1209105937 0.0000000 0.99990213 0.99980289
1209216223 0.0000000 0.99716508 0.99431479
1209291757 0.0000000 0.99981970 0.99962378
1209339084 0.0000000 0.99992889 0.99984634
1209362380 0.0000000 0.99994117 0.99986929
1209543825 0.0000000 0.99096066 0.98175478
1209563099 0.0000000 0.99863827 0.99726582
1209583346 0.0000000 0.99964976 0.99928951
1209820628 0.0000000 0.99964774 0.99926805
1209877317 0.0000000 0.99870563 0.99739236
1210448520 0.0000000 0.99997520 0.99993742
1210560189 0.0000000 0.99987519 0.99974698
1210633064 0.0000000 0.99995130 0.99989104
1210703275 0.0000000 0.99996048 0.99992526
1212285435 0.0000000 0.99997830 0.99994934
1212339563 0.0000000 0.99996740 0.99994236
1213107823 0.0000000 0.99865693 0.99730557
1213158817 0.0000000 0.99995518 0.99990290
1213486164 0.0000000 0.99996227 0.99992573
1214086760 0.0000000 0.99990308 0.99980217
1214128508 0.0000000 0.99994117 0.99987292
1214211456 0.0000000 0.99818063 0.99631870
1214561217 0.0000000 0.99886358 0.99772346
1215221786 0.0000000 0.99900550 0.99800348
1215745668 0.0000000 0.99973094 0.99945873
1215812106 0.0000000 0.99997902 0.99995816
1215812707 0.0000000 0.99995756 0.99990863
1215839910 0.0000000 0.99985552 0.99970871
1215843106 0.0000000 0.99994296 0.99988127
1215961116 0.0000000 0.99997962 0.99995655
1216126809 0.0000000 0.99980336 0.99959886
1216904067 0.0000000 0.99961531 0.99921614
1217616949 0.0000000 0.99994928 0.99989551
1218233114 0.0000000 0.99996692 0.99992514
1218994676 0.0000000 0.99979633 0.99957293
1219291482 0.0000000 0.99650598 0.99296677
1219301591 0.0000000 0.99987948 0.99975872
1219723710 0.0000000 0.99858546 0.99713087
1219772880 0.0000000 0.99988496 0.99976301
1219869253 0.0000000 0.99992102 0.99983609
1220179542 0.0000000 0.99990535 0.99980110
1220742036 0.0000000 0.99973881 0.99946004
1220946193 0.0000000 0.99996972 0.99993724
1221047734 0.0000000 0.99963027 0.99926043
1222614737 0.0000000 0.99952734 0.99904674
1225442295 0.0000000 0.99993557 0.99986064
1228187814 0.0000000 0.99996853 0.99993646
1228684717 0.0000000 0.99997264 0.99993777
1229260451 0.0000000 0.99974072 0.99948055
1229658996 0.0000000 0.99574882 0.99147236
1229990683 0.0000000 0.99997282 0.99994087
1230216280 0.0000000 0.99993110 0.99984837
1230600687 0.0000000 0.99988180 0.99975884
1230860391 0.0000000 0.99980998 0.99960721
1231020274 0.0000000 0.99997205 0.99994636
1231041233 0.0000000 0.99982744 0.99963057
1232714291 0.0000000 0.99995649 0.99990034
1232804891 0.0000000 0.99977350 0.99954039
1233928332 0.0000000 0.99991041 0.99981993
1234166319 0.0000000 0.98673028 0.97286278
1234201315 0.0000000 0.99943703 0.99886841
1234214675 0.0000000 0.99998266 0.99995917
1236731039 0.0000000 0.99958122 0.99912506
1236854628 0.0000000 0.99960786 0.99917144
1237014105 0.0000000 0.99967986 0.99932164
1237159221 0.0000000 0.99961704 0.99918306
1237164701 0.0000000 0.99970692 0.99936408
1237551366 0.0000000 0.99940372 0.99875832
1237619839 0.0000000 0.99803102 0.99596804
1239235949 0.0000000 0.99993443 0.99984950
1239971868 0.0000000 0.99992752 0.99984205
1240678955 0.0000000 0.99940115 0.99876630
1242397863 0.0000000 0.99989611 0.99974322
1242709695 0.0000000 0.99951321 0.99898243
1243376855 0.0000000 0.99993610 0.99979156
1244248765 0.0000000 0.99831748 0.99652255
1245087845 0.0000000 0.99839622 0.99668795
1245407408 0.0000000 0.99976951 0.99946785
1245469469 0.0000000 0.99995703 0.99984986
1245877793 0.0000000 0.99992394 0.99981636
1245881452 0.0000000 0.99978715 0.99950755
1246167876 0.0000000 0.99991351 0.99971223
1246181696 0.0000000 0.99996495 0.99983752
1246182765 0.0000000 0.99993503 0.99978036
1246208530 0.0000000 0.99989396 0.99971390
1246208539 0.0000000 0.99989408 0.99971408
1246598451 0.0000000 0.99988925 0.99972540
1246598488 0.0000000 0.99989069 0.99972397
1246614635 0.0000000 0.99986696 0.99968368
1246985947 0.0000000 0.99990237 0.99975801
1247508302 0.0000000 0.99997872 0.99989361
1247516932 0.0000000 0.99996024 0.99987394
1247654255 0.0000000 0.99995971 0.99988592
1247741293 0.0000000 0.99996352 0.99987823
1247769767 0.0000000 0.99994326 0.99984372
1248159491 0.0000000 0.99992013 0.99978679
1248570012 0.0000000 0.99995005 0.99986762
1248588659 0.0000000 0.99996990 0.99991250
1248872986 0.0000000 0.99987602 0.99969649
1248886386 0.0000000 0.99996960 0.99986708
1249212887 0.0000000 0.99993563 0.99983770
1250467545 0.0000000 0.99996257 0.99986899
1250503855 0.0000000 0.99996012 0.99986148
1250504106 0.0000000 0.99994528 0.99984807
1250601456 0.0000000 0.99993753 0.99981558
1250639275 0.0000000 0.99986464 0.99969196
1250703707 0.0000000 0.99954212 0.99905014
1250777890 0.0000000 0.99992687 0.99979830
1250888264 0.0000000 0.99995261 0.99984133
1250911490 0.0000000 0.99667007 0.99316835
1252249816 0.0000000 0.99948633 0.99892229
1252757125 0.0000000 0.99991256 0.99980664
1254591366 0.0000000 0.99997133 0.99991137
1254664936 0.0000000 0.99977148 0.99949867
1255243328 0.0000000 0.99990672 0.99978369
1256244384 0.0000000 0.99991679 0.99980843
1256252705 0.0000000 0.99990427 0.99978828
1256431794 0.0000000 0.99780047 0.99553376
1257413577 0.0000000 0.87755877 0.76493299
1257413887 0.0000000 0.99990064 0.99979663
1257420861 0.0000000 0.99992406 0.99984145
1257678569 0.0000000 0.99986708 0.99969590
1258065617 0.0000000 0.99977410 0.99953496
1258296469 0.0000000 0.99990630 0.99978793
1258824471 0.0000000 0.99987090 0.99969906
1258926370 0.0000000 0.99985033 0.99965549
1260564405 0.0000000 0.99996072 0.99986333
1260692005 0.0000000 0.99994433 0.99984401
1261227736 0.0000000 0.85954529 0.70122242
1261227864 0.0000000 0.99995559 0.99989384
1261228557 0.0000000 0.99985617 0.99968779
1261232031 0.0000000 0.99987662 0.99970686
1261235533 0.0000000 0.99983788 0.99962741
1261275144 0.0000000 0.99987972 0.99973816
1261713375 0.0000000 0.99976408 0.99942791
1261922241 0.0000000 0.99941504 0.99869692
1262034644 0.0000000 0.99951011 0.99892354
1262237921 0.0000000 0.99985075 0.99963123
1262343689 0.0000000 0.99949276 0.99894303
1262367286 0.0000000 0.99993169 0.99978304
1262622742 0.0000000 0.95239717 0.89658445
1262633257 0.0000000 0.99994701 0.99985051
1263881366 0.0000000 0.99995226 0.99981093
1265523000 0.0000000 0.99997073 0.99987829
1265599504 0.0000000 0.99987340 0.99966526
1265691729 0.0000000 0.99996358 0.99978191
1265942558 0.0000000 0.99995971 0.99985617
1266289887 0.0000000 0.99965173 0.99917877
1266816064 0.0000000 0.99994045 0.99976808
1267146477 0.0000000 0.99996191 0.99981904
1267162697 0.0000000 0.99985760 0.99962950
1267661932 0.0000000 0.69503397 -0.66052818
1267662287 0.0000000 0.99994159 0.99983072
1267686434 0.0000000 0.99993277 0.99970967
1267690576 0.0000000 0.99996883 0.99977785
1268040382 0.0000000 0.99995136 0.99983895
1268902896 0.0000000 0.99990875 0.99979556
1268931240 0.0000000 0.99987918 0.99972898
1269644874 0.0000000 0.99993587 0.99986452
1270335780 0.0000000 0.99774295 0.99543250
1270813793 0.0000000 0.99987751 0.99973810
1270961850 0.0000000 0.99994308 0.99988127
1270999307 0.0000000 0.98717767 0.97391570
1271168968 0.0000000 0.99995774 0.99990696
1271191748 0.0000000 0.99996370 0.99992377
1271987388 0.0000000 0.99967122 0.99926549
1272194052 0.0000000 0.99994773 0.99980277
1272250791 0.0000000 0.99995995 0.99984682
1272823213 0.0000000 0.99993700 0.99982780
1274901407 0.0000000 0.99979836 0.99957281
1276535865 0.0000000 0.99993670 0.99981034
1276561877 0.0000000 0.99997455 0.99988377
1276823323 0.0000000 0.99993330 0.99980462
1277440084 0.0000000 0.99939418 0.99872386
1277575551 0.0000000 0.99993622 0.99982035
1277670806 0.0000000 0.99988765 0.99971902
1278097892 0.0000000 0.99996078 0.99987292
1278515743 0.0000000 0.99970937 0.99937624
1278618217 0.0000000 0.99996859 0.99987894
1278636079 0.0000000 0.99994570 0.99983996
1279357457 0.0000000 0.99989253 0.99976021
1279458204 0.0000000 0.99995726 0.99987435
1280029930 0.0000000 0.99996901 0.99987465
1280553485 0.0000000 0.99960095 0.99916989
1280563997 0.0000000 0.99976879 0.99950308
1280587745 0.0000000 0.99994767 0.99984336
1281476617 0.0000000 0.99974138 0.99943626
1282408680 0.0000000 0.99996543 0.99988890
1282415961 0.0000000 0.99977350 0.99949396
1282416480 0.0000000 0.99993050 0.99979746
1283157909 0.0000000 0.99995315 0.99985665
1283540817 0.0000000 0.99988180 0.99974668
1284039008 0.0000000 0.99967939 0.99931216
1284244867 0.0000000 0.99985278 0.99966329
1284952628 0.0000000 0.99993712 0.99984920
1285350982 0.0000000 0.99981338 0.99956399
1285695233 0.0000000 0.99993688 0.99983889
1285876560 0.0000000 0.99952710 0.99900621
1286047392 0.0000000 0.99995011 0.99985850
1286198915 0.0000000 0.99996960 0.99987799
1286865806 0.0000000 0.99487561 0.98946631
1287036373 0.0000000 0.99989510 0.99974829
1289221280 0.0000000 0.99991858 0.99981683
1289567329 0.0000000 0.99995601 0.99990523
1289576340 0.0000000 0.99995601 0.99990147
1290342705 0.0000000 0.99995780 0.99990785
1290784424 0.0000000 0.99992311 0.99982482
1290799240 0.0000000 0.99980158 0.99959356
1291601652 0.0000000 0.99996287 0.99990934
1291689974 0.0000000 0.99994153 0.99986404
1291927327 0.0000000 0.99954873 0.99907500
1292000461 0.0000000 0.99908024 0.99813503
1294804388 0.0000000 0.99972790 0.99938363
1296507195 0.0000000 0.99992633 0.99979752
1296548191 0.0000000 0.99996406 0.99986058
1297058102 0.0000000 0.99988002 0.99970704
1297342916 0.0000000 0.99798310 0.99581188
1297754297 0.0000000 0.99997026 0.99986738
1298970247 0.0000000 0.99277413 0.98517632
1299845150 0.0000000 0.99848711 0.99680483
1300123317 0.0000000 0.99991781 0.99972951
1300281136 0.0000000 0.99989557 0.99968982
1300608051 0.0000000 0.99995220 0.99983114
1301123952 0.0000000 0.99902791 0.99800313
1301458951 0.0000000 0.99993074 0.99979943
1301964194 0.0000000 0.99933237 0.99860764
1302916270 0.0000000 0.99995458 0.99985683
1302961193 0.0000000 0.99938667 0.99869603
1303685617 0.0000000 0.99979973 0.99953043
1304080155 0.0000000 0.99935192 0.99866360
1304082768 0.0000000 0.99990857 0.99980062
1304152538 0.0000000 0.99994838 0.99988121
1304437954 0.0000000 0.99993598 0.99982613
1304717510 0.0000000 0.99995434 0.99988538
1304757333 0.0000000 0.99964321 0.99925625
1306028051 0.0000000 0.99996907 0.99991679
1306098435 0.0000000 0.99991888 0.99982405
1306261925 0.0000000 0.99992144 0.99983901
1307034472 0.0000000 0.99994993 0.99986213
1307669122 0.0000000 0.99994779 0.99989003
1308478735 0.0000000 0.99975175 0.99948984
1309048281 0.0000000 0.99981105 0.99960697
1309094354 0.0000000 0.99993354 0.99986517
1309326569 0.0000000 0.99584258 0.99160373
1309474048 0.0000000 0.99978155 0.99955088
1309601047 0.0000000 0.99978578 0.99954057
1309696244 0.0000000 0.99973607 0.99947071
1309953539 0.0000000 0.99994451 0.99987876
1310469430 0.0000000 0.99995083 0.99990290
1310541580 0.0000000 0.99975437 0.99949157
1310928323 0.0000000 0.99991101 0.99980515
1311000534 0.0000000 0.99994844 0.99988025
1311084070 0.0000000 0.99992871 0.99984550
1311142337 0.0000000 0.99988949 0.99976760
1311692424 0.0000000 0.99975824 0.99949694
1313100452 0.0000000 0.99989957 0.99978977
1314264913 0.0000000 0.99992293 0.99981117
1314789752 0.0000000 0.99996305 0.99988192
1315538819 0.0000000 0.99995553 0.99981952
1315635988 0.0000000 0.99932015 0.99856061
1315804512 0.0000000 0.99988544 0.99973369
1316643513 0.0000000 0.99993968 0.99981391
1316653258 0.0000000 0.99993008 0.99982738
1317835272 0.0000000 0.99302495 0.98566270
1318175665 0.0000000 0.99993837 0.99981898
1318478724 0.0000000 0.99957973 0.99911302
1319945023 0.0000000 0.99994946 0.99985260
1320074224 0.0000000 0.99975306 0.99944186
1320721143 0.0000000 0.99997002 0.99990159
1321061921 0.0000000 0.99985081 0.99965090
1322787324 0.0000000 0.99994594 0.99983692
1322993584 0.0000000 0.99973911 0.99941379
1323861170 0.0000000 0.99981725 0.99958742
1323909341 0.0000000 0.99985635 0.99966025
1324582798 0.0000000 0.99991459 0.99978274
1325660397 0.0000000 0.99985832 0.99963450
1326181267 0.0000000 0.99869847 0.99719399
1326728445 0.0000000 0.99942720 0.99868423
1327107001 0.0000000 0.99985206 0.99961179
1327480583 0.0000000 0.99948275 0.99882692
1327824459 0.0000000 0.99964380 0.99913114
1328324062 0.0000000 0.99993598 0.99975407
1328459111 0.0000000 0.99996513 0.99978060
1330223700 0.0000000 0.85717249 0.71162152
1330883534 0.0000000 0.99973458 0.99932671
1332071890 0.0000000 0.99852133 0.99681491
1332086295 0.0000000 0.99906915 0.99794340
1332373478 0.0000000 0.99993640 0.99976605
1333258441 0.0000000 0.99984980 0.99951869
1333828758 0.0000000 0.99989527 0.99968094
1333921411 0.0000000 0.99996710 0.99981803
1334227165 0.0000000 0.99992609 0.99973166
1334800688 0.0000000 0.99995941 0.99980515
1335409258 0.0000000 0.99903363 0.99787259
1335538115 0.0000000 0.99989510 0.99976075
1338362741 0.0000000 0.99992341 0.99977762
1338842309 0.0000000 0.99988014 0.99970102
1338890190 0.0000000 0.99992734 0.99977779
1338944914 0.0000000 0.99997628 0.99984193
1338944979 0.0000000 0.99998456 0.99986792
1338945045 0.0000000 0.99994892 0.99981117
1339216879 0.0000000 0.99996734 0.99985838
1339275618 0.0000000 0.99996930 0.99985588
1339278860 0.0000000 0.99983644 0.99960047
1339309409 0.0000000 0.99983943 0.99962389
1339575740 0.0000000 0.99992073 0.99975175
1339598466 0.0000000 0.99976009 0.99944812
1339646879 0.0000000 0.99992174 0.99977016
1339690513 0.0000000 0.99997103 0.99987513
1339702255 0.0000000 0.99995053 0.99982291
1339923712 0.0000000 0.99996787 0.99986148
1341299876 0.0000000 0.99972016 0.99935007
1341924177 0.0000000 0.99944776 0.99875355
1342405200 0.0000000 0.99951553 0.99898309
1344277570 0.0000000 0.99972761 0.99937636
1344910008 0.0000000 0.99986708 0.99967247
1344941743 0.0000000 0.99993891 0.99981302
1345138860 0.0000000 0.99978310 0.99949217
1345234802 0.0000000 0.99995518 0.99987435
1346380382 0.0000000 0.99808747 0.99605966
1346415099 0.0000000 0.99992943 0.99982727
1346415834 0.0000000 0.99985307 0.99965549
1346788818 0.0000000 0.99996382 0.99986988
1346816730 0.0000000 0.99978733 0.99953377
1348523853 0.0000000 0.99993634 0.99981999
1350722979 0.0000000 0.99987322 0.99970645
1350800865 0.0000000 0.99969661 0.99933666
1351161077 0.0000000 0.99991846 0.99981129
1352122829 0.0000000 0.99992669 0.99981970
1352554787 0.0000000 0.99856538 0.99700946
1353431341 0.0000000 0.99996138 0.99981654
1353536726 0.0000000 0.99990398 0.99974924
1354158772 0.0000000 0.99989337 0.99973500
1354470336 0.0000000 0.99997258 0.99986124
1354477411 0.0000000 0.99995357 0.99982810
1354976814 0.0000000 0.99991447 0.99979401
1355221924 0.0000000 0.99990869 0.99978369
1356243184 0.0000000 0.99987620 0.99970502
1356319072 0.0000000 0.99985677 0.99968076
1356487597 0.0000000 0.99989039 0.99975997
1356883405 0.0000000 0.99995911 0.99989283
1357128106 0.0000000 0.99992526 0.99979961
1357236484 0.0000000 0.99992448 0.99978721
1357270197 0.0000000 0.99988478 0.99973899
1357331931 0.0000000 0.99978572 0.99952209
1357541346 0.0000000 0.99996126 0.99987787
1357994057 0.0000000 0.99971229 0.99937207
1358411441 0.0000000 0.99991429 0.99976987
1358708986 0.0000000 0.99976951 0.99947327
1359776392 0.0000000 0.99994749 0.99986696
1361064727 0.0000000 0.99987733 0.99966675
1361239965 0.0000000 0.99994278 0.99987119
1361256759 0.0000000 0.99994051 0.99982810
1361373628 0.0000000 0.99994206 0.99982154
1361471757 0.0000000 0.99994719 0.99983919
1361665659 0.0000000 0.99742401 0.99472237
1362386544 0.0000000 0.99994719 0.99984086
1362609444 0.0000000 0.99759477 0.99512416
1362627405 0.0000000 0.99997717 0.99988985
1362643640 0.0000000 0.99990815 0.99977654
1363079024 0.0000000 0.99992251 0.99979699
1363764120 0.0000000 0.99966007 0.99918479
1364349799 0.0000000 0.99996889 0.99979335
1364349845 0.0000000 0.99997520 0.99981338
1364355002 0.0000000 0.99983788 0.99955982
1364690983 0.0000000 0.99986517 0.99963146
1365625224 0.0000000 0.99996608 0.99979514
1366061297 0.0000000 0.99854583 0.99690437
1366432589 0.0000000 0.99952728 0.99895364
1366513671 0.0000000 0.99981248 0.99950832
1369110346 0.0000000 0.99993598 0.99975944
1369124755 0.0000000 0.99995553 0.99983323
1369791239 0.0000000 0.99980301 0.99952829
1369883683 0.0000000 0.99989152 0.99971390
1370118743 0.0000000 0.99992836 0.99977165
1370151783 0.0000000 0.99828631 0.99644333
1370623082 0.0000000 0.99996859 0.99987692
1372241957 0.0000000 0.99953246 0.99900877
1372463510 0.0000000 0.99997091 0.99986255
1373829868 0.0000000 0.99992782 0.99983311
1373895699 0.0000000 0.99995565 0.99986804
1373969495 0.0000000 0.99996531 0.99988425
1374677225 0.0000000 0.99994326 0.99982667
1374679935 0.0000000 0.99995917 0.99987417
1376837821 0.0000000 0.99968725 0.99933374
1377205321 0.0000000 0.99942940 0.99879777
1377355603 0.0000000 0.99988812 0.99975342
1377407246 0.0000000 0.99051708 0.98050058
1378247005 0.0000000 0.99986911 0.99968541
1378467231 0.0000000 0.99995059 0.99984443
1379475197 0.0000000 0.99964339 0.99924582
1380542719 0.0000000 0.99993956 0.99983883
1381466759 0.0000000 0.99843067 0.99673903
1381684855 0.0000000 0.99986303 0.99970365
1382170436 0.0000000 0.99925613 0.99848861
1382919848 0.0000000 0.99977696 0.99950194
1383069011 0.0000000 0.99957287 0.99911052
1383085061 0.0000000 0.99806541 0.99608070
1383220929 0.0000000 0.99997097 0.99993175
1383227120 0.0000000 0.99992394 0.99983680
1383227831 0.0000000 0.99992901 0.99984711
1383234448 0.0000000 0.99994624 0.99987608
1383263545 0.0000000 0.99993765 0.99986249
1383450194 0.0000000 0.99990416 0.99978852
1383519374 0.0000000 0.99994171 0.99985796
1383809110 0.0000000 0.99983561 0.99964470
1383809501 0.0000000 0.99985641 0.99968487
1383989687 0.0000000 0.99959195 0.99916172
1384145710 0.0000000 0.99989820 0.99976599
1384544358 0.0000000 0.99991506 0.99982703
1385019362 0.0000000 0.99777693 0.99552894
1386347977 0.0000000 0.99884999 0.99769020
1386357780 0.0000000 0.99990672 0.99979168
1387916955 0.0000000 0.99990660 0.99979293
1389034180 0.0000000 0.99977624 0.99948794
1389204911 0.0000000 0.99996549 0.99986434
1389717867 0.0000000 0.99994928 0.99980462
1389724692 0.0000000 0.99997067 0.99987066
1389729005 0.0000000 0.99995983 0.99985695
1389740803 0.0000000 0.99993455 0.99983448
1389904819 0.0000000 0.99919754 0.99833643
1390517490 0.0000000 0.99971777 0.99937832
1390619771 0.0000000 0.99993676 0.99982429
1391790286 0.0000000 0.99937952 0.99866611
1393014317 0.0000000 0.99995446 0.99981105
1393065064 0.0000000 0.99983305 0.99954844
1393759985 0.0000000 0.99968529 0.99924469
1393791078 0.0000000 0.99995524 0.99975961
1394913876 0.0000000 0.99995810 0.99974626
1395061976 0.0000000 0.99996686 0.99981606
1395231566 0.0000000 0.99995995 0.99975675
1397097485 0.0000000 0.99993151 0.99978983
1397746253 0.0000000 0.99980503 0.99956983
1398443585 0.0000000 0.99993867 0.99986327
1399207416 0.0000000 0.99995661 0.99986142
1399278483 0.0000000 0.99967128 0.99930423
1399745740 0.0000000 0.99971449 0.99937034
1399746271 0.0000000 0.99992591 0.99981016
1400631673 0.0000000 0.99997586 0.99991494
1401021673 0.0000000 0.99994999 0.99986392
1401296286 0.0000000 0.99985301 0.99964929
1402085900 0.0000000 0.99487686 0.98956591
1402313583 0.0000000 0.99991786 0.99979270
1402624068 0.0000000 0.97539163 0.94845098
1402784563 0.0000000 0.99991900 0.99980086
1403034553 0.0000000 0.99964160 0.99925476
1403317269 0.0000000 0.99987543 0.99974501
1403439974 0.0000000 0.99985546 0.99969333
1404774365 0.0000000 0.99993229 0.99983633
1404925818 0.0000000 0.99986976 0.99972034
1405577514 0.0000000 0.99993992 0.99985480
1407296767 0.0000000 0.99989557 0.99978775
1407544588 0.0000000 0.99766642 0.99528599
1408047770 0.0000000 0.99993545 0.99987102
1410046387 0.0000000 0.99965400 0.99929500
1410325949 0.0000000 0.99966526 0.99930930
1410382444 0.0000000 0.99935490 0.99869084
1411247643 0.0000000 0.99994594 0.99989057
1411641303 0.0000000 0.99995351 0.99990088
1412009058 0.0000000 0.99951321 0.99900311
1412705290 0.0000000 0.99993777 0.99987721
1413207959 0.0000000 0.99583173 0.99162698
1414298821 0.0000000 0.99951547 0.99902958
1416419181 0.0000000 0.99995905 0.99989790
1416419227 0.0000000 0.99995089 0.99988633
1416540553 0.0000000 0.99990737 0.99981230
1417557685 0.0000000 0.99989378 0.99977595
1417655668 0.0000000 0.99886715 0.99770260
1418245419 0.0000000 0.99996287 0.99991459
1418533563 0.0000000 0.99988699 0.99976677
1419682925 0.0000000 0.99869412 0.99732476
1419947441 0.0000000 0.99601769 0.99194288
1419995164 0.0000000 0.99984497 0.99967432
1420012476 0.0000000 0.99994117 0.99985021
1420437226 0.0000000 0.99988949 0.99969465
1420606112 0.0000000 0.99995303 0.99981058
1420742654 0.0000000 0.99769288 0.99519211
1422083726 0.0000000 0.99996203 0.99989253
1422374758 0.0000000 0.99975890 0.99945313
1422958210 0.0000000 0.99860966 0.99713469
1423037687 0.0000000 0.99973148 0.99940395
1423603888 0.0000000 0.99472928 0.98918289
1423726535 0.0000000 0.99982375 0.99959731
1423857991 0.0000000 0.99998033 0.99990094
1424969403 0.0000000 0.99985617 0.99964768
1426114954 0.0000000 0.99757028 0.99503684
1426344314 0.0000000 0.99967670 0.99928492
1426852891 0.0000000 0.99951780 0.99896920
1427105631 0.0000000 0.99998283 0.99993217
1427483378 0.0000000 0.99992085 0.99978209
1428208678 0.0000000 0.99804127 0.99598217
1428320250 0.0000000 0.99993807 0.99983895
1428945237 0.0000000 0.99994308 0.99986041
1429127316 0.0000000 0.99993712 0.99983156
1429494176 0.0000000 0.99998671 0.99994588
1429494550 0.0000000 0.99993348 0.99983877
1429528847 0.0000000 0.99997157 0.99992067
1429530313 0.0000000 0.99998492 0.99994433
1429531199 0.0000000 0.99998111 0.99993348
1429992097 0.0000000 0.99997967 0.99993998
1430658547 0.0000000 0.99988663 0.99975002
1431333501 0.0000000 0.99997914 0.99993813
1431387795 0.0000000 0.99993944 0.99985439
1431628549 0.0000000 0.99985558 0.99969125
1432588969 0.0000000 0.99991924 0.99982524
1432601816 0.0000000 0.99990904 0.99981076
1432799863 0.0000000 0.99987000 0.99972641
1434467768 0.0000000 0.99990517 0.99976456
1434867330 0.0000000 0.99987501 0.99969906
1435335400 0.0000000 0.99983275 0.99963200
1438066750 0.0000000 0.99994868 0.99986541
1438936857 0.0000000 0.99730515 0.99442482
1439209234 0.0000000 0.99527490 0.99034292
1439418087 0.0000000 0.99943054 0.99880069
1439474882 0.0000000 0.99997735 0.99992347
1439699200 0.0000000 0.99722445 0.99428475
1441113885 0.0000000 0.99998158 0.99992114
1441128847 0.0000000 0.99992228 0.99981576
1441160293 0.0000000 0.99980897 0.99956971
1441898607 0.0000000 0.99989617 0.99974412
1442339782 0.0000000 0.99991095 0.99977988
1442345855 0.0000000 0.99997598 0.99991512
1442345878 0.0000000 0.99997586 0.99991512
1442408939 0.0000000 0.99998486 0.99993086
1442410226 0.0000000 0.99961829 0.99919128
1442413798 0.0000000 0.99975401 0.99946469
1443074281 0.0000000 0.99981076 0.99954909
1443555465 0.0000000 0.99989730 0.99976063
1444648487 0.0000000 0.99996001 0.99988037
1444736944 0.0000000 0.99991214 0.99978799
1444953165 0.0000000 0.99986213 0.99969190
1444953267 0.0000000 0.99975532 0.99947196
1445014914 0.0000000 0.99916679 0.99827117
1445221055 0.0000000 0.99998462 0.99993056
1445233331 0.0000000 0.99988961 0.99973309
1445239215 0.0000000 0.99983978 0.99965101
1446412182 0.0000000 0.99997276 0.99991626
1446412281 0.0000000 0.99995279 0.99986452
1446509184 0.0000000 0.99992460 0.99979836
1446509190 0.0000000 0.99992514 0.99980009
1446714386 0.0000000 0.99990153 0.99976110
1447167192 0.0000000 0.99938875 0.99871004
1447255999 0.0000000 0.99992275 0.99981189
1447277516 0.0000000 0.99820668 0.99636698
1448316095 0.0000000 0.99490088 0.98948377
1448671943 0.0000000 0.99951905 0.99900675
1449033717 0.0000000 0.99989516 0.99977952
1449035580 0.0000000 0.99980891 0.99959189
1449153073 0.0000000 0.99995983 0.99990588
1449935242 0.0000000 0.99993992 0.99986744
1450510821 0.0000000 0.99794567 0.99580777
1450536811 0.0000000 0.99907470 0.99811167
1450992022 0.0000000 0.99989170 0.99976748
1451199638 0.0000000 0.99910223 0.99817264
1451327726 0.0000000 0.99968666 0.99935454
1451523194 0.0000000 0.99978042 0.99953407
1451829690 0.0000000 0.99968648 0.99933159
1451928000 0.0000000 0.99948871 0.99892741
1452487977 0.0000000 0.99994600 0.99987102
1453169606 0.0000000 0.99996787 0.99990833
1453824336 0.0000000 0.99958712 0.99912250
1454422761 0.0000000 0.99998224 0.99991846
1454702246 0.0000000 0.74683321 0.47187209
1454702308 0.0000000 0.99998635 0.99993354
1454702406 0.0000000 0.99998027 0.99991471
1454702512 0.0000000 0.99993992 0.99981958
1454978820 0.0000000 0.99998778 0.99993378
1455590759 0.0000000 0.99996752 0.99987286
1455595494 0.0000000 0.99997455 0.99988794
1455757779 0.0000000 0.99995768 0.99984688
1455758311 0.0000000 0.99995720 0.99985296
1456215987 0.0000000 0.99980086 0.99955964
1456541993 0.0000000 0.99994880 0.99985087
1457201466 0.0000000 0.99941319 0.99874973
1457276938 0.0000000 0.99978501 0.99951917
1459152479 0.0000000 0.99993128 0.99980772
1459502085 0.0000000 0.99742758 0.99471200
1459988008 0.0000000 0.99955785 0.99906021
1460294506 0.0000000 0.99967813 0.99931747
1460353509 0.0000000 0.99995631 0.99986082
1460804146 0.0000000 0.99997324 0.99991161
1461082597 0.0000000 0.99938506 0.99871975
1461607991 0.0000000 0.99994248 0.99984962
1461770234 0.0000000 0.99998379 0.99993801
1461770257 0.0000000 0.99998307 0.99993807
1461770858 0.0000000 0.99997771 0.99991459
1461781146 0.0000000 0.99997652 0.99993134
1461806086 0.0000000 0.99963409 0.99923474
1462056417 0.0000000 0.99991626 0.99980342
1462199340 0.0000000 0.99992496 0.99982148
1462521203 0.0000000 0.99996233 0.99989218
1462632669 0.0000000 0.99992478 0.99982196
1462675593 0.0000000 0.99988902 0.99976104
1463023035 0.0000000 0.99999261 0.99996346
1463023251 0.0000000 0.99993420 0.99985313
1463023282 0.0000000 0.99991119 0.99979830
1463027395 0.0000000 0.99998587 0.99994022
1463127852 0.0000000 0.99997890 0.99993384
1463195522 0.0000000 0.99986506 0.99969918
1463196768 0.0000000 0.99996305 0.99990278
1463530965 0.0000000 0.99995154 0.99987960
1463863900 0.0000000 0.99997056 0.99991554
1463882779 0.0000000 0.99993867 0.99984837
1464184475 0.0000000 0.99919957 0.99837506
1464544116 0.0000000 0.99989158 0.99972206
1464576767 0.0000000 0.99953997 0.99905390
1464630651 0.0000000 0.99975741 0.99948406
1464672226 0.0000000 0.99999404 0.99995887
1466204142 0.0000000 0.99912751 0.99822104
1466383187 0.0000000 0.99991351 0.99981451
1466409210 0.0000000 0.99916011 0.99829674
1466715930 0.0000000 0.99996519 0.99991953
1467361422 0.0000000 0.99976349 0.99950254
1469019333 0.0000000 0.99980581 0.99957472
1469592155 0.0000000 0.99988002 0.99973965
1471008941 0.0000000 0.99810487 0.99620599
1471908408 0.0000000 0.99977654 0.99954063
1472660934 0.0000000 0.99987471 0.99974233
1473440050 0.0000000 0.99976224 0.99950969
1475769120 0.0000000 0.99998140 0.99995619
1477370752 0.0000000 0.99996370 0.99991477
1478519786 0.0000000 0.99996144 0.99991661
1478903131 0.0000000 0.99996763 0.99991471
1480024554 0.0000000 0.99996495 0.99989730
1480377579 0.0000000 0.99983919 0.99960357
1480507474 0.0000000 0.99996597 0.99988526
1481256588 0.0000000 0.99991190 0.99976069
1481811269 0.0000000 0.99998164 0.99990779
1483057851 0.0000000 0.99987727 0.99968189
1483513641 0.0000000 0.99981284 0.99952084
1484155863 0.0000000 0.99992836 0.99976414
1484797338 0.0000000 0.99652261 0.99272084
1484900187 0.0000000 0.99886650 0.99755222
1485329586 0.0000000 0.99985957 0.99963337
1486746772 0.0000000 0.99995536 0.99981064
1487420859 0.0000000 0.99989206 0.99964780
1487652197 0.0000000 0.97653580 0.94970220
1488212310 0.0000000 0.99989438 0.99967480
1488924651 0.0000000 0.99991244 0.99970442
1489967289 0.0000000 0.99951124 0.99895328
1490066029 0.0000000 0.99565363 0.99109763
1490805242 0.0000000 0.99992758 0.99981630
1492112471 0.0000000 0.99991357 0.99978775
1492367656 -0.34999999 0.33651441 -0.20807171
1493517442 0.0000000 0.99993283 0.99981660
1493960850 0.0000000 0.99986804 0.99970156
1493986611 0.0000000 0.99920434 0.99829471
1494932580 5.00000007E-02 0.34026283 -927.08765
1495631454 5.00000007E-02 0.51825953 0.19206715
1495691291 0.0000000 0.99987137 0.99973339
1495956669 0.0000000 0.99026275 0.98018181
1495999757 0.0000000 0.99980146 0.99954665
1496582686 0.0000000 0.99988139 0.99971181
1497967350 0.0000000 0.99698597 0.99370420
1498029939 0.0000000 0.99989772 0.99975294
1500318986 0.0000000 0.99989003 0.99974096
1501139292 0.0000000 0.99976778 0.99951446
1501845585 0.0000000 0.99996817 0.99993193
1502294736 0.0000000 0.99991816 0.99982285
1502416734 0.0000000 0.99994886 0.99988616
1502582915 0.0000000 0.99988091 0.99974948
1504364658 0.0000000 0.99976480 0.99950933
1505096741 0.0000000 0.99909371 0.99815494
1505687994 0.0000000 0.99994671 0.99986863
1505917796 0.0000000 0.99998540 0.99996603
1506232185 0.0000000 0.99955893 0.99909604
1506549399 0.0000000 0.99927759 0.99851841
1507505391 0.0000000 0.99993706 0.99984312
1507747520 0.0000000 0.99968195 0.99934518
1508582157 0.0000000 0.99939579 0.99874365
1509318944 0.0000000 0.99994636 0.99986488
1509677295 0.0000000 0.99995971 0.99989069
1509677339 0.0000000 0.99996012 0.99989492
1509752088 0.0000000 0.99997687 0.99991703
1510398879 0.0000000 0.99995828 0.99988675
1510402973 0.0000000 0.99996626 0.99992889
1510440860 0.0000000 0.99888390 0.99765605
1510947032 0.0000000 0.99954736 0.99908298
1511360409 0.0000000 0.99998349 0.99995631
1511470532 0.0000000 0.99996203 0.99991417
1512230735 0.0000000 0.99696463 0.99388224
1512377977 0.0000000 0.99994045 0.99985707
1512704669 0.0000000 0.99992549 0.99983120
1513120660 0.0000000 0.99945635 0.99888992
1516168751 0.0000000 0.99988997 0.99972624
1516984288 0.0000000 0.99994719 0.99985200
1517686257 0.0000000 0.99991852 0.99976420
1517749972 0.0000000 0.99998546 0.99992090
1517752600 0.0000000 0.99998969 0.99994594
1517752662 0.0000000 0.99998885 0.99994367
1517753127 0.0000000 0.99975979 0.99946815
1517753452 0.0000000 0.99998885 0.99992901
1517753522 0.0000000 0.99998933 0.99992949
1517753592 0.0000000 0.99998951 0.99992961
1517753815 0.0000000 0.99995977 0.99987054
1517758427 0.0000000 0.99986106 0.99966699
1517763262 0.0000000 0.99980021 0.99954271
1517821602 0.0000000 0.99989146 0.99970305
1517823894 0.0000000 0.99979860 0.99954087
1517846321 0.0000000 0.99996614 0.99988651
1517852233 0.0000000 0.99967784 0.99928409
1517893754 0.0000000 0.99997121 0.99986649
1517906208 0.0000000 0.99985957 0.99965292
1517932241 0.0000000 0.99999028 0.99994010
1517932280 0.0000000 0.99998909 0.99993569
1517932282 0.0000000 0.99998915 0.99993455
1517932427 0.0000000 0.99997342 0.99991512
1517932434 0.0000000 0.99997371 0.99991411
1517932492 0.0000000 0.99996036 0.99987751
1517933877 0.0000000 0.99995345 0.99984902
1517940013 0.0000000 0.99998921 0.99994022
1517940459 0.0000000 0.99999070 0.99994236
1517944528 0.0000000 0.99998736 0.99994260
1517945796 0.0000000 0.99996096 0.99986601
1517950582 0.0000000 0.99997896 0.99989295
1517958702 0.0000000 0.99996567 0.99987161
1517960631 0.0000000 0.99997771 0.99988085
1517969882 0.0000000 0.99997586 0.99990004
1517974578 0.0000000 0.99997103 0.99989623
1517998787 0.0000000 0.99956781 0.99907440
1518001985 0.0000000 0.99996996 0.99987257
1518008800 0.0000000 0.99998379 0.99990118
1518008880 0.0000000 0.99986213 0.99964952
1518013159 0.0000000 0.99994451 0.99981099
1518016890 0.0000000 0.99998897 0.99994141
1518016916 0.0000000 0.99998868 0.99994141
1518051257 0.0000000 0.99997813 0.99990445
1518059164 0.0000000 0.99992269 0.99977899
1518142443 0.0000000 0.99988139 0.99969357
1518201789 0.0000000 0.99993938 0.99981266
1518248929 0.0000000 0.99989551 0.99970049
1518858396 0.0000000 0.99982303 0.99956536
1518981709 0.0000000 0.99984848 0.99964088
1519051621 0.0000000 0.99993700 0.99981737
1519254641 0.0000000 0.99995589 0.99986386
1519583320 0.0000000 0.99997747 0.99989158
1519962147 0.0000000 0.99988461 0.99970204
1520098551 0.0000000 0.99976307 0.99941945
1520329330 0.0000000 0.99758339 0.99498940
1521024527 0.0000000 0.99955231 0.99903893
1521537776 0.0000000 0.84304738 0.61519718
1521728871 0.0000000 0.99996167 0.99981964
1522232997 0.0000000 0.99974895 0.99936086
1522282670 0.0000000 0.99994910 0.99979877
1522598524 0.0000000 0.99985814 0.99957001
1523432369 0.0000000 0.99984920 0.99956346
1523886539 0.0000000 0.99995792 0.99974972
1524201906 0.0000000 0.99929756 0.99838001
1524248877 0.0000000 0.99474180 0.98910338
1524308214 0.0000000 0.99991888 0.99970222
1524503432 0.0000000 0.99986655 0.99961805
1524721460 0.0000000 0.99993527 0.99971569
1524721601 0.0000000 0.99992967 0.99970645
1524808553 0.0000000 0.99993694 0.99976230
1525218424 0.0000000 0.99996668 0.99981850
1526098666 0.0000000 0.99985671 0.99959743
1527728598 0.0000000 0.99996328 0.99984634
1527904870 0.0000000 0.99993479 0.99980265
1528731725 0.0000000 0.99986923 0.99968296
1528750347 0.0000000 0.99994642 0.99982679
1528856173 0.0000000 0.99903613 0.99793875
1529096035 0.0000000 0.99991375 0.99977112
1529334375 0.0000000 0.99603146 0.99189878
1529522338 0.0000000 0.99975866 0.99946243
1530516370 0.0000000 0.99986726 0.99968833
1530516385 0.0000000 0.99986994 0.99967521
1530609654 0.0000000 0.99987507 0.99968249
1531312909 0.0000000 0.99992889 0.99976850
1531507119 0.0000000 0.99993926 0.99981523
1532050755 0.0000000 0.99983376 0.99955398
1533217098 0.0000000 0.99995506 0.99984825
1533504622 0.0000000 0.99755692 0.99490726
1533801692 0.0000000 0.99940294 0.99873006
1534500582 0.0000000 0.99992901 0.99981707
1534551317 0.0000000 0.99991792 0.99977988
1535572403 0.0000000 0.99867523 0.99727350
1535660064 0.0000000 0.99820143 0.99626404
1536498994 0.0000000 0.99980688 0.99951696
1536641006 0.0000000 0.99986774 0.99963385
1536700815 0.0000000 0.99946243 0.99882257
1538633849 0.0000000 0.99947250 0.99881607
1538766649 0.0000000 0.99709636 0.99383980
1539072778 0.0000000 0.99975812 0.99947870
1539164591 0.0000000 0.99662703 0.99303550
1540269298 0.0000000 0.99995971 0.99990571
1540310644 0.0000000 0.99994838 0.99985480
1541624711 0.0000000 0.99976176 0.99944723
1541712486 0.0000000 0.97197574 0.94156015
1542328459 0.0000000 0.99949908 0.99891514
1542608341 0.0000000 0.99986786 0.99969137
1542638415 0.0000000 0.99926627 0.99847668
1542645094 0.0000000 0.99941909 0.99872917
1543190243 0.0000000 0.99996382 0.99988341
1543191316 0.0000000 0.99957663 0.99905759
1543236658 0.0000000 0.99989098 0.99970770
1543238642 0.0000000 0.99956483 0.99905550
1543314575 0.0000000 0.99980217 0.99954474
1544368541 0.0000000 0.99994832 0.99984312
1544439487 0.0000000 0.99993795 0.99981338
1544621063 0.0000000 0.99996185 0.99986315
1544908865 0.0000000 0.99992448 0.99980676
1545710204 0.0000000 0.99992281 0.99974132
1546538568 0.0000000 0.99996114 0.99982417
1546949806 0.0000000 0.99995679 0.99983537
1548127166 0.0000000 0.99993235 0.99975014
1548825695 0.0000000 0.99996167 0.99983948
1548861293 0.0000000 0.99994576 0.99976730
1549366351 0.0000000 0.99907541 0.99803799
1549558324 0.0000000 0.74531645 0.47852153
1550239687 0.0000000 0.99993920 0.99978185
1551558867 0.0000000 0.99778843 0.99531084
1552012334 0.0000000 0.99994957 0.99978811
1552127531 0.0000000 0.98578715 0.96998042
1552421955 0.0000000 0.99987125 0.99964172
1552451554 0.0000000 0.99996740 0.99986356
1552511242 0.0000000 0.99991691 0.99971563
1552697151 0.0000000 0.99994677 0.99979597
1552968094 0.0000000 0.99959189 0.99904430
1553256348 0.0000000 0.99951375 0.99890369
1553414210 0.0000000 0.99821103 0.99624938
1554087275 0.0000000 0.99958652 0.99897844
1554172029 0.0000000 0.99875420 0.99724001
1554256375 0.0000000 0.99994206 0.99974453
1554343015 0.0000000 0.99994755 0.99974507
1554382610 0.0000000 0.99989200 0.99962312
1554499495 0.0000000 0.99990714 0.99956518
1554706689 0.0000000 0.99991912 0.99965191
1554822801 0.0000000 0.99997497 0.99976784
1554841453 0.0000000 0.99995410 0.99974668
1554850672 0.0000000 0.99992853 0.99970919
1555563667 0.0000000 0.99998486 0.99980485
1556793883 0.0000000 0.99982649 0.99948698
1556970683 0.0000000 0.99876380 0.99729306
1557330527 0.0000000 0.99945575 0.99870050
1557737721 0.0000000 0.99983358 0.99950534
1558197514 0.0000000 0.99977654 0.99941003
1558379328 0.0000000 0.99361420 0.98660034
1558489044 0.0000000 0.99981838 0.99948668
1558591969 0.0000000 0.99993348 0.99972701
1559317998 0.0000000 0.99994326 0.99973339
1559641578 0.0000000 0.99995524 0.99976736
1559762840 0.0000000 0.99989480 0.99966443
1560870606 0.0000000 0.99793637 0.99552447
1561237205 0.0000000 0.99926013 0.99833483
1561242160 0.0000000 0.99952412 0.99886590
1561825206 0.0000000 0.99904764 0.99794918
1561837452 0.0000000 0.99995136 0.99979669
1562610935 0.0000000 0.99988866 0.99968964
1562880116 0.0000000 0.99993193 0.99976277
1563275550 0.0000000 0.99950260 0.99888963
1563531230 0.0000000 0.99992466 0.99972785
1563768365 0.0000000 0.99924260 0.99835414
1563850922 0.0000000 0.99758583 0.99498838
1564123196 0.0000000 0.99955571 0.99899590
1564190683 0.0000000 0.99996263 0.99983823
1564649429 0.0000000 0.99964213 0.99918133
1564753988 0.0000000 0.99994910 0.99981284
1564784683 0.0000000 0.99995744 0.99979860
1565054388 0.0000000 0.99996525 0.99985796
1565055090 0.0000000 0.99994147 0.99979168
1565213283 0.0000000 0.99997568 0.99984938
1565218942 0.0000000 0.99885088 0.99753791
1565905300 0.0000000 0.99988508 0.99969226
1566053525 0.0000000 0.99990529 0.99971616
1566053530 0.0000000 0.99990571 0.99971712
1566074882 0.0000000 0.99979258 0.99945056
1566101114 0.0000000 0.99995339 0.99983144
1566598377 0.0000000 0.99493611 0.98918843
1566648618 0.0000000 0.99540776 0.99041063
1567237819 0.0000000 0.99992359 0.99972373
1567471650 0.0000000 0.99995464 0.99979901
1567604000 0.0000000 0.99945408 0.99879700
1567917359 0.0000000 0.99931884 0.99851298
1568005668 0.0000000 0.99978119 0.99943304
1568095682 0.0000000 0.99991727 0.99973714
1569863578 0.0000000 0.99988294 0.99961060
1570468626 0.0000000 0.99963570 0.99916053
1571312673 0.0000000 0.99994707 0.99981600
1571861758 0.0000000 0.98449755 0.96796113
1572218883 0.0000000 0.99937820 0.99862456
1573491297 0.0000000 0.99882793 0.99754381
1573495893 0.0000000 0.99732202 0.99451494
1574645562 0.0000000 0.99990064 0.99965203
1575564604 0.0000000 0.99716258 0.99402213
1575660753 0.0000000 0.99955601 0.99896407
1576495557 0.0000000 0.99993879 0.99972200
1577769501 0.0000000 0.99906915 0.99771428
1577819410 0.0000000 0.99994731 0.99973899
1578293635 0.0000000 0.99997324 0.99981064
1578510402 0.0000000 0.99976158 0.99929434
1579404154 0.0000000 0.99985701 0.99949867
1579703564 0.0000000 0.99956232 0.99893481
1580749376 0.0000000 0.99993783 0.99973160
1581076659 0.0000000 0.99962008 0.99898481
1581616159 0.0000000 0.99992400 0.99963301
1581629921 0.0000000 0.99993104 0.99958903
1581764406 0.0000000 0.99997938 0.99971908
1581764700 0.0000000 0.99997145 0.99973357
1581794413 0.0000000 0.99997544 0.99970871
1582090065 0.0000000 0.99994707 0.99965781
1582113307 0.0000000 0.99980694 0.99939311
1582546233 0.0000000 0.99984956 0.99946398
1582592414 0.0000000 0.99896854 0.99759132
1582629242 0.0000000 0.99997300 0.99976128
1582695255 0.0000000 0.99990672 0.99961036
1584677477 0.0000000 0.99953651 0.99881428
1585787701 0.0000000 0.99732304 0.99422354
1586304460 0.0000000 0.99965823 0.99907029
1586389759 0.0000000 0.99986094 0.99953794
1586537097 0.0000000 0.99992126 0.99969411
1586691401 0.0000000 0.99993140 0.99966389
1587481331 0.0000000 0.99969298 0.99921185
1588476280 0.0000000 0.99995410 0.99984545
1589003116 0.0000000 0.99978453 0.99938226
1589548020 0.0000000 0.96163839 0.91672963
1589756010 0.0000000 0.99967301 0.99920249
1589910785 0.0000000 0.99845475 0.99670273
1590311534 0.0000000 0.95799983 0.90368068
1590359490 0.0000000 0.99995124 0.99975985
1590694463 0.0000000 0.99994409 0.99977571
1590843750 0.0000000 0.99991637 0.99969637
1591494563 0.0000000 0.99990451 0.99968970
1591839506 0.0000000 0.99986762 0.99961132
1591921295 0.0000000 0.99984324 0.99954045
1592079539 0.0000000 0.99995130 0.99982178
1592349420 0.0000000 0.99951440 0.99892455
1593214064 0.0000000 0.99991304 0.99972147
1593241888 0.0000000 0.99973834 0.99938279
1593407313 0.0000000 0.99973840 0.99934483
1593435168 0.0000000 0.99988389 0.99964732
1593519432 0.0000000 0.99974263 0.99930859
1594227272 0.0000000 0.99992365 0.99973202
1594265063 0.0000000 0.99983352 0.99955469
1594267923 0.0000000 0.99972397 0.99932504
1594526768 0.0000000 0.99878109 0.99740082
1594546164 0.0000000 0.99654996 0.99272710
1595767949 0.0000000 0.99995697 0.99982381
1597107665 0.0000000 0.99926084 0.99843591
1597123796 0.0000000 0.99938768 0.99867028
1597187246 0.0000000 0.99955708 0.99897712
1597774608 0.0000000 0.99882573 0.99746805
1597797181 0.0000000 0.99989229 0.99968594
1597806811 0.0000000 0.99989653 0.99967968
1598480108 0.0000000 0.99983954 0.99959737
1598847265 0.0000000 0.98462230 0.96805114
1599036279 0.0000000 0.99984950 0.99955463
1600306672 0.0000000 0.99995786 0.99980533
1600646088 0.0000000 0.99983341 0.99957192
1600833602 0.0000000 0.99989736 0.99971116
1601017581 0.0000000 0.99971318 0.99932611
1601326254 0.0000000 0.99997371 0.99984252
1601342057 0.0000000 0.99993789 0.99977624
1601440640 0.0000000 0.99996620 0.99984354
1601863505 0.0000000 0.99986881 0.99964523
1602517184 0.0000000 0.99983895 0.99957663
1602946993 0.0000000 0.99978530 0.99947351
1602947159 0.0000000 0.99987632 0.99966288
1603087586 0.0000000 0.99220890 0.98378891
1603396062 0.0000000 0.99751461 0.99485773
1603674483 0.0000000 0.99930912 0.99852920
1604358861 0.0000000 0.99954140 0.99897778
1604426346 0.0000000 0.99959886 0.99908966
1604601372 0.0000000 0.99991184 0.99971408
1604626818 0.0000000 0.99994153 0.99976707
1605130406 0.0000000 0.99996346 0.99979162
1605130534 0.0000000 0.99986136 0.99958998
1605266102 0.0000000 0.99980497 0.99952722
1605511152 0.0000000 0.99991685 0.99971247
1605551866 0.0000000 0.99984729 0.99960834
1605557664 0.0000000 0.99988836 0.99966615
1605621503 0.0000000 0.99803883 0.99585372
1605662576 0.0000000 0.99817538 0.99612606
1606582085 0.0000000 0.99651688 0.99271852
1606657334 0.0000000 0.99992228 0.99974960
1607578178 0.0000000 0.99993312 0.99978918
1607606398 0.0000000 0.99997139 0.99982840
1607606851 0.0000000 0.99931610 0.99848109
1607624108 0.0000000 0.99996310 0.99981189
1608317519 0.0000000 0.99742621 0.99464697
1608385359 0.0000000 0.99569589 0.99093920
1609436522 0.0000000 0.99747092 0.99464726
1609594007 0.0000000 0.99979776 0.99945426
1610162996 0.0000000 0.95296097 0.89728320
1610192153 0.0000000 0.99994767 0.99972945
1610249009 0.0000000 0.99994522 0.99972612
1610838659 0.0000000 0.99996585 0.99976087
1611559538 0.0000000 0.99993646 0.99969387
1611565557 0.0000000 0.99981195 0.99941146
1611574763 0.0000000 0.99962157 0.99905449
1611584686 0.0000000 0.99724430 0.99429089
1611818971 0.0000000 0.99994183 0.99969643
