842984365 0.0000000 0.92372590 0.83622724
846839283 0.0000000 0.99755919 0.99426377
847935551 0.0000000 0.99757034 0.99432617
850676186 0.0000000 0.99019730 0.97772396
850877408 0.0000000 0.99352747 0.98503429
850908023 0.0000000 0.99542427 0.98990518
851184320 0.0000000 0.85975522 0.62747669
851550736 0.0000000 0.96664572 0.92528236
852186702 0.0000000 0.99167329 0.98223197
852329204 0.0000000 0.87314582 0.67261279
852460456 0.0000000 0.99880314 0.99686664
852489653 0.0000000 0.99482757 0.98881626
852515472 0.0000000 0.87141454 0.66304493
853272363 0.0000000 0.84243977 0.57460499
853376840 0.0000000 0.99801493 0.99540460
853407944 0.0000000 0.96885049 0.93056881
853607627 0.0000000 0.99515265 0.98933977
853739580 0.0000000 0.94639415 0.87518811
856345761 0.0000000 0.97908837 0.95373303
857058283 0.0000000 0.92783391 0.83472955
857344712 0.0000000 0.85029048 0.59221506
857979217 0.0000000 0.97526497 0.94473970
858004916 0.0000000 0.90625972 0.76550806
859199163 0.0000000 0.95876795 0.90706950
859246340 0.0000000 0.96896356 0.92961836
861746294 0.0000000 0.74326611 0.14504826
862185572 0.0000000 0.95998275 0.91215169
862608623 0.0000000 0.95604759 0.90007842
862627573 0.0000000 0.99850982 0.99671465
863479085 0.0000000 0.73701227 0.12537062
863693027 0.0000000 0.69124609 -0.15676153
863763297 0.0000000 0.78380114 0.36209828
864384080 0.0000000 0.95657426 0.90023094
864454998 0.0000000 0.84013873 0.57045138
865120897 0.0000000 0.94810611 0.88253450
866316320 0.0000000 0.94993377 0.88787997
866599410 0.0000000 0.99481320 0.98840082
866972164 0.0000000 0.99870044 0.99699217
867426807 0.0000000 0.93531537 0.85148931
868041450 0.0000000 0.99920481 0.99781668
868379187 0.0000000 0.97452480 0.94461405
868522793 0.0000000 0.96439141 0.92386401
868964733 0.0000000 0.99934930 0.99833131
870283927 0.0000000 0.83530742 0.54538977
870770473 0.0000000 0.98007095 0.95691448
872088689 0.0000000 0.57155710 -1.1569340
872425059 0.0000000 0.98359835 0.96497548
872437680 0.0000000 0.84657109 0.60611004
872449116 0.0000000 0.98788935 0.97468704
872491072 0.0000000 0.76851630 0.28276545
872492263 0.0000000 0.92855591 0.83484679
873735427 0.0000000 0.91027766 0.78131354
875433266 0.0000000 0.95529896 0.89869809
875453385 0.0000000 0.14611350 -57.826927
876594265 0.0000000 0.99818516 0.99615753
877094056 0.0000000 0.99203795 0.98335516
877518611 0.0000000 0.58826280 -0.89067745
877518986 0.0000000 0.99906558 0.99747974
877546907 0.0000000 0.69868350 -0.10634482
877747215 0.0000000 0.97108018 0.93812025
882844545 0.0000000 0.92981642 0.83595550
883382199 0.0000000 0.69572353 -0.10786915
884800485 0.0000000 0.99388582 0.98738521
884800633 0.0000000 0.98405880 0.96662837
885153411 0.0000000 0.99593043 0.99119699
885163200 0.0000000 0.97843283 0.95295030
885338978 0.0000000 0.99396312 0.98706657
886836052 0.0000000 0.99358362 0.98548275
887739663 0.0000000 0.93578827 0.85117251
887763450 0.0000000 0.78747106 0.38512892
888302731 0.0000000 0.98040128 0.95706415
888303585 0.0000000 0.94623375 0.87463224
889317344 0.0000000 0.99116045 0.98020762
889596008 0.0000000 0.98675507 0.97172266
889636914 0.0000000 0.98879081 0.97565418
894747219 0.0000000 0.99281061 0.98464167
895144921 0.0000000 0.90244824 0.75638533
895222228 0.0000000 0.96718156 0.92901427
895422961 0.0000000 0.94594866 0.87315059
895825584 0.0000000 0.52662450 -1.6567361
896509358 0.0000000 0.98978066 0.97794539
899724834 0.0000000 0.83394003 0.55943191
900181394 0.0000000 0.73453540 7.77418613E-02
900651074 0.0000000 0.86893111 0.30293989
900701079 0.0000000 0.94049942 0.86866778
900781359 0.0000000 0.99848288 0.99643439
900871111 0.0000000 0.98611385 0.96964049
900952524 0.0000000 0.83484250 0.55601931
901305843 0.0000000 0.99947560 0.99874091
901786541 0.0000000 0.97182322 0.93828893
901877006 0.0000000 0.95008057 0.88670158
902801269 0.0000000 0.98513514 0.96798110
904013371 0.0000000 0.91434270 0.78959793
904905650 0.0000000 0.99617118 0.99142987
905363640 0.0000000 0.86816001 0.66294885
905409966 0.0000000 0.99203581 0.98256660
905583188 0.0000000 0.63104576 -0.45442164
905664888 0.0000000 0.99396175 0.98686975
905697214 0.0000000 0.35341948 -5.2919097
905921771 0.0000000 0.98405153 0.96482855
906395377 0.0000000 0.94902360 0.88543123
907937571 0.0000000 0.99911344 0.99797231
908081794 0.0000000 0.74625760 0.16415036
908297657 0.0000000 0.86507720 0.63655633
938233153 0.0000000 0.99190313 0.98329389
938239989 0.0000000 0.96880788 0.93262357
938249011 0.0000000 0.99939865 0.99850273
938280361 0.0000000 0.98785698 0.97384757
938292712 0.0000000 0.99789643 0.99545503
938296447 0.0000000 0.99864632 0.99694711
938301077 0.0000000 0.98765361 0.97332674
938405002 0.0000000 0.99589449 0.99132931
938405506 0.0000000 0.99641806 0.99231702
938415640 0.0000000 0.99810535 0.99576151
938417299 0.0000000 0.99817312 0.99590486
938497922 0.34999999 0.33945003 -0.29034173
938498029 0.34999999 0.33295295 -0.30311656
938533419 -0.40000001 0.41086453 -0.14680743
938538992 -0.40000001 0.39954314 -0.19024074
938559689 -0.34999999 0.58844709 0.19789094
938653443 -0.25000000 0.41890693 -0.13774431
938661090 0.34999999 0.54701799 9.31579471E-02
938684670 -0.30000001 0.43114877 -0.24529421
938684985 -0.34999999 0.45096698 -0.33310473
938685159 -0.34999999 0.45105800 -0.33303595
938718118 0.15000001 0.34174499 -0.34222591
938752742 0.34999999 0.54694730 7.01026320E-02
938782450 0.34999999 0.30373618 -0.35389435
938800412 -0.30000001 0.25236845 -0.46242952
938840074 -0.30000001 0.31399444 -0.36076295
938875726 0.20000000 0.48297432 -3.50534916E-02
938884454 0.45000002 0.34393498 -0.29544008
938902620 -0.50000000 0.56677818 0.15090954
938928221 0.34999999 0.58577150 0.16972709
938929942 0.10000000 0.37464017 -0.34454858
938985195 -0.15000001 0.38696319 -0.23042786
938985199 -0.15000001 0.38696107 -0.23044157
938994192 -0.50000000 0.27189010 -0.42601538
939039975 0.34999999 0.28619334 -0.39353371
939086024 -0.25000000 0.36554551 -0.24444890
939125897 -0.40000001 0.29994670 -0.36865735
939128833 -0.34999999 0.32626331 -0.32341802
939181528 0.30000001 0.57841617 0.16490936
939182868 0.34999999 0.37285519 -0.25113416
939182938 0.40000001 0.45501766 -9.15664434E-02
939314050 0.50000000 0.45372355 -0.10286069
939350917 -0.45000002 0.23223647 -0.50348294
939430120 0.30000001 0.33484560 -0.31378961
939441491 0.40000001 0.29797140 -0.38209772
939669011 0.30000001 0.50504005 2.69363523E-02
939738651 0.0000000 0.94723094 0.89014655
939778786 0.0000000 0.99918020 0.99785846
940013295 0.0000000 0.98897159 0.97800487
940077118 0.0000000 0.99772203 0.99498838
940223787 0.0000000 0.90648109 0.79217654
940260686 0.0000000 0.99559885 0.99105930
940262445 0.0000000 0.99950838 0.99863487
940262518 0.0000000 0.99944872 0.99844366
940269334 0.0000000 0.99851590 0.99651504
940402039 0.0000000 0.80779469 0.48737341
940468923 0.0000000 0.89940506 0.77559912
940476855 0.0000000 0.93966466 0.87429178
940539108 0.0000000 0.98262107 0.96532762
940558736 0.0000000 0.94900942 0.84407097
940559247 0.0000000 0.99912393 0.99769098
940560205 0.0000000 0.99923038 0.99798584
940561817 0.0000000 0.95326871 0.84713966
940581254 0.0000000 0.99920636 0.99780917
940615024 0.0000000 0.99921590 0.99775141
940698483 0.0000000 0.99950975 0.99818069
940709625 0.0000000 0.66081721 -0.31814635
940713046 0.0000000 0.99963850 0.99863315
940716409 0.0000000 0.99956328 0.99849308
940732771 0.0000000 0.98247159 0.96501034
941169407 0.0000000 0.78591764 0.41588491
941240702 0.0000000 0.80089122 0.44498760
941266965 0.0000000 0.97906572 0.95814550
941268765 0.0000000 0.99043530 0.98090708
941272069 0.0000000 0.99969500 0.99889559
941272235 0.0000000 0.94679558 0.89031404
941288463 0.0000000 0.99044073 0.98093343
941443051 0.0000000 0.94753951 0.89056104
941478782 0.0000000 0.99889952 0.99717325
941664850 0.0000000 0.82197297 0.55154335
942100720 0.0000000 0.90714574 0.79508734
942368989 0.0000000 0.99917620 0.99760175
942522421 0.0000000 0.75267029 0.31558341
942522833 0.0000000 0.95920140 0.91625416
942650721 0.0000000 0.99976856 0.99867010
942663367 0.0000000 0.99916208 0.99751306
942689449 0.0000000 0.99953824 0.99834931
942824109 0.0000000 0.99903411 0.99762511
942824158 0.0000000 0.99271637 0.98537832
943068575 0.0000000 0.97935629 0.95887870
943611150 0.0000000 0.98323482 0.96664232
943821740 0.0000000 0.99921346 0.99807078
943824350 0.0000000 0.99914807 0.99781567
943825521 0.0000000 0.27435198 -12.944368
944504073 0.0000000 0.86954784 0.68979013
944668884 0.0000000 0.92480159 0.83663183
946059252 0.0000000 0.99766040 0.99523896
947114226 0.0000000 0.99554169 0.99101108
947114473 0.0000000 0.97472829 0.94927418
948054125 0.0000000 0.98585308 0.97184974
948390129 0.0000000 0.99737030 0.99442941
948631348 0.0000000 0.84918469 0.57112181
949249486 0.0000000 0.50331974 -1.9734385
949263715 0.0000000 0.99666256 0.99313438
949566570 0.0000000 0.88869941 0.74684644
949603687 0.0000000 0.99825966 0.99629396
949879457 0.0000000 0.98556387 0.97117716
950224447 0.0000000 0.83808017 0.58254212
950650398 0.0000000 0.71060914 -0.34588027
951234151 0.0000000 0.99297673 0.98596853
951353069 0.0000000 0.91790026 0.82226348
951459176 0.0000000 0.99452329 0.98898715
951553401 0.0000000 0.96671641 0.93290669
952578524 0.0000000 0.99963218 0.99897337
953167073 0.0000000 0.99752533 0.99466264
953212255 0.0000000 0.99901116 0.99801368
953455846 0.0000000 0.89709324 0.77150321
953488627 0.0000000 0.99956423 0.99890220
953907196 0.0000000 0.89688075 0.77248430
954673370 0.0000000 0.98097652 0.96207255
955676198 0.0000000 0.97510308 0.94991499
956035742 0.0000000 0.86584294 0.67882371
956153058 0.0000000 0.99825859 0.99619156
956694214 0.0000000 0.99907351 0.99765599
958533946 0.0000000 0.99963003 0.99909800
958534040 0.0000000 0.99792236 0.99576467
958587166 0.0000000 0.98739421 0.97485632
958663136 0.0000000 0.99845505 0.99679947
960256179 0.0000000 0.89628333 0.76264513
960661409 0.0000000 0.99775755 0.99471515
960661589 0.0000000 0.99660397 0.99283057
960661674 0.0000000 0.99051517 0.98105586
960662889 0.0000000 0.99667561 0.99306077
960754280 0.0000000 0.98153347 0.96287489
961116366 0.0000000 0.79837036 0.49170172
961368290 0.0000000 0.99473864 0.98937881
961399971 0.0000000 0.99113125 0.98226398
961451784 0.0000000 0.99910861 0.99770188
961469614 0.0000000 0.34343079 -5.5320959
962192101 0.0000000 0.92823684 0.84612542
962853138 0.0000000 0.99799615 0.99433625
962873883 0.0000000 0.99838221 0.99621010
962965068 0.0000000 0.98061740 0.96146160
963001962 0.0000000 0.68688107 -0.13259125
963210193 0.0000000 0.85341424 0.64620471
963217977 0.0000000 0.98291671 0.96596485
963509765 0.0000000 0.97271514 0.94557023
963525670 0.0000000 0.99361742 0.98706919
963533252 0.0000000 0.99925238 0.99769038
963559100 0.0000000 0.95811576 0.91428542
963567650 0.0000000 0.98728675 0.97472912
963568050 0.0000000 0.90735692 0.79253000
963585926 0.0000000 0.76355475 0.30438763
963615874 0.0000000 0.98898214 0.97800702
963717707 0.0000000 0.99973142 0.99835628
963816639 0.0000000 0.99185795 0.98366076
963981993 0.0000000 0.99456102 0.98893076
964476636 0.0000000 0.98716217 0.97446388
964816087 0.0000000 0.99581087 0.98989177
965205271 0.0000000 0.99805719 0.99571413
965442747 0.0000000 0.97006899 0.93972027
965555500 0.0000000 0.98640531 0.97289008
965617867 0.0000000 0.99764085 0.99466878
966082949 0.0000000 0.99527794 0.99038804
966754777 0.0000000 0.99838626 0.99634629
966768493 0.0000000 0.99953634 0.99823844
966768672 0.0000000 0.99727994 0.99417448
966798273 0.0000000 0.99916506 0.99759334
966876143 0.0000000 0.99740571 0.99448478
966991756 0.0000000 0.99958128 0.99869096
967018437 0.0000000 0.98034346 0.96095562
967800278 0.0000000 0.99871802 0.99694419
968576086 0.0000000 0.99965125 0.99869341
968669370 0.0000000 0.95574075 0.90850389
968735354 0.0000000 0.78169698 0.39690447
968815712 0.0000000 0.87220174 0.69852477
968976446 0.0000000 0.99153894 0.98312354
969144830 0.0000000 0.99614352 0.99200726
969145452 0.0000000 0.98250830 0.96528465
969456259 0.0000000 0.80888933 0.49745995
970270882 0.0000000 0.99818194 0.99596822
970691362 0.0000000 0.96659011 0.93235421
972371517 0.0000000 0.97702223 0.95407170
972935645 0.0000000 0.97911811 0.95821279
974678829 0.0000000 0.96427292 0.92833066
974978532 0.0000000 0.75827062 0.31667227
975495633 0.0000000 0.99913019 0.99773312
975505300 0.0000000 0.97823447 0.95653254
976442918 0.0000000 0.99833113 0.99628919
976476644 0.0000000 0.99944127 0.99846184
976653172 0.0000000 0.99054885 0.98112446
977484180 0.0000000 0.99520397 0.99016994
977800861 0.0000000 0.98977172 0.97964138
977801150 0.0000000 0.65681118 -0.23649037
977994086 0.0000000 0.99645650 0.99260682
978113008 0.0000000 0.99848646 0.99650311
978169408 0.0000000 0.96789151 0.93543506
978205372 0.0000000 0.97878349 0.95736289
978476098 0.0000000 0.96894705 0.93620515
979067787 0.0000000 0.99079841 0.98162198
979069110 0.0000000 0.98317939 0.96643853
979202219 0.0000000 0.99778563 0.99520367
979204150 0.0000000 0.99657047 0.99287075
979609386 0.0000000 0.99659526 0.99297845
980206038 0.0000000 0.99624878 0.99225587
980698596 0.0000000 0.65278685 -0.31036162
981386039 0.0000000 0.90849012 0.79657942
981653649 0.0000000 0.99901170 0.99742341
982365189 0.0000000 0.99709010 0.99395621
982527910 0.0000000 0.99943668 0.99843222
982955906 0.0000000 0.99259758 0.98514259
983077277 0.0000000 0.91806954 0.82183266
983464670 0.0000000 0.99977446 0.99909437
986938306 0.0000000 0.99885553 0.99751455
988100797 0.0000000 0.99891436 0.99775153
988336953 0.0000000 0.99938387 0.99877197
989765823 0.0000000 0.99971753 0.99943721
990117114 0.0000000 0.96884513 0.93630725
990630314 0.0000000 0.99953854 0.99841911
991455252 0.0000000 0.99625790 0.99202895
991634551 0.0000000 0.99940950 0.97638726
991995645 0.0000000 0.93742639 0.87305677
992208377 0.0000000 0.88254267 0.75592154
992209870 0.0000000 0.89437020 0.78164077
992438274 0.0000000 0.99965185 0.99899489
992486125 0.0000000 0.99966496 0.99877495
992592933 0.0000000 0.99948436 0.99845827
992927775 0.0000000 0.99909085 0.99761581
992929419 0.0000000 0.99929959 0.99840009
993581187 0.0000000 0.99951059 0.99847341
993854508 0.0000000 0.99950421 0.99851626
993874057 0.0000000 0.99959230 0.99884588
994007634 0.0000000 0.99937403 0.99839532
994692047 0.0000000 0.99795073 -0.59384573
995024004 0.0000000 0.99947774 0.99853265
995162867 0.0000000 0.99949956 0.99854445
995890516 0.0000000 0.99907631 0.96219319
996113981 0.0000000 0.99948692 0.99871337
997156421 -89.250000 6.51835650E-02 -25398904.
998326679 0.0000000 0.99945313 0.99870443
999257596 0.0000000 0.99946016 0.99870825
1000062111 0.0000000 0.99866188 0.99726880
1000197538 0.0000000 0.99960846 0.99898493
1000766684 0.0000000 0.61953676 -16.032982
1001410293 0.0000000 0.99789226 0.99559176
1001954970 0.0000000 0.99930948 0.99838668
1004092959 0.0000000 0.99989110 0.99969876
1004454253 0.0000000 0.99952739 0.99900579
1004863535 0.0000000 0.99991733 0.99980485
1005352632 0.0000000 0.99971330 0.99934971
1006580783 0.0000000 0.99957162 0.99909711
1007019252 0.0000000 0.99977946 0.99948090
1007572713 0.0000000 0.99728411 0.99455315
1007712455 0.0000000 0.99983972 0.99962747
1007972664 0.0000000 0.99984598 0.99959558
1008464695 0.0000000 0.99976385 0.99948943
1008648180 0.0000000 0.99996030 0.99983311
1008649429 0.0000000 0.99958450 0.99912691
1008650819 0.0000000 0.99981922 0.99956578
1008651467 0.0000000 0.99973571 0.99940985
1008652414 0.0000000 0.99992120 0.99977541
1008671685 0.0000000 0.99972540 0.99940819
1008686668 0.0000000 0.99944991 0.99884003
1008715277 0.0000000 0.99950612 0.99896079
1008786983 0.0000000 0.99978244 0.99950260
1008836107 0.0000000 0.99930853 0.99856001
1008890954 0.0000000 0.99919796 0.99832404
1009057225 0.0000000 0.99994290 0.99980283
1009168145 0.0000000 0.99958110 0.99910855
1009442091 0.0000000 0.99993032 0.99975008
1009500099 0.0000000 0.99993277 0.99979776
1010371507 0.0000000 0.99990445 0.99969143
1010509239 0.0000000 0.99995023 0.99985087
1011026056 0.0000000 0.99985963 0.99966639
1011031830 0.0000000 0.99991620 0.99978995
1011063499 0.0000000 0.99877816 0.99751055
1011682027 0.0000000 0.99981350 0.99952430
1012271064 0.0000000 0.99987024 0.99970144
1012580587 0.0000000 0.99904823 0.99808019
1013484445 0.0000000 0.99994624 0.99983257
1013485377 0.0000000 0.99988294 0.99971831
1013486436 0.0000000 0.99983609 0.99958491
1014927282 0.0000000 0.99879920 0.99756473
1014972465 0.0000000 0.99953693 0.99903917
1015232666 0.0000000 0.99982470 0.99961269
1016105151 0.0000000 0.99992430 0.99981421
1016468323 0.0000000 0.99933523 0.99860948
1017159906 0.0000000 0.99961114 0.99917698
1017557569 0.0000000 0.99914825 0.99828947
1017557822 0.0000000 0.99994808 0.99980932
1017594576 0.0000000 0.99982220 0.99958420
1017816456 0.0000000 0.99990237 0.99972457
1017857170 0.0000000 0.99996102 0.99986708
1017925489 0.0000000 0.99981058 0.99955910
1018065946 0.0000000 0.99904251 0.99799454
1018137582 0.0000000 0.99711645 0.99422598
1018221645 0.0000000 0.99986082 0.99963427
1018414606 0.0000000 0.99939424 0.99874234
1018800484 0.0000000 0.99974692 0.99941778
1018898180 0.0000000 0.99981362 0.99953496
1019054808 0.0000000 0.99954486 0.99901730
1019292480 0.0000000 0.99991941 0.99976635
1019488470 0.0000000 0.99992716 0.99978167
1019673665 0.0000000 0.99963498 0.99922597
1020000226 0.0000000 0.99994320 0.99978131
1021004232 0.0000000 0.99994028 0.99980134
1021024958 0.0000000 0.99958265 0.99909079
1021028934 0.0000000 0.99979204 0.99949855
1021434365 0.0000000 0.99996978 0.99986589
1021434812 0.0000000 0.99968696 0.99928582
1021435155 0.0000000 0.99973786 0.99940783
1021437004 0.0000000 0.99969321 0.99929899
1021437761 0.0000000 0.99982435 0.99959642
1021888184 0.0000000 0.99984974 0.99964482
1022604314 0.0000000 0.99996597 0.99984097
1022741620 0.0000000 0.99992102 0.99976951
1022779647 0.0000000 0.99987525 0.99967360
1024000827 0.0000000 0.99994385 0.99979699
1024039343 0.0000000 0.99984562 0.99964899
1024059173 0.0000000 0.99985999 0.99963468
1024224102 0.0000000 0.99985504 0.99961126
1024232773 0.0000000 0.99982452 0.99955237
1024881141 0.0000000 0.99986726 0.99969041
1026036068 0.0000000 0.99984050 0.99964261
1026372982 0.0000000 0.99993801 0.99980426
1026373076 0.0000000 0.99994057 0.99980116
1026374005 0.0000000 0.99977469 0.99949855
1026378668 0.0000000 0.99966115 0.99924862
1026562025 0.0000000 0.99987710 0.99966228
1026925041 0.0000000 0.99985081 0.99963969
1026933281 0.0000000 0.99988520 0.99971050
1026967951 0.0000000 0.99979520 0.99953473
1028885460 0.0000000 0.99915200 0.99829328
1028970195 0.0000000 0.87617093 0.66546893
1029367736 0.0000000 0.91546863 0.73441952
1030006163 0.0000000 0.89924902 0.72598523
1030375930 0.0000000 0.91013539 0.72382134
1030554334 0.0000000 0.88706422 0.62379354
1030628193 0.0000000 0.88411683 0.49671167
1030651553 0.0000000 0.88537961 0.60804200
1030859781 0.0000000 0.92066604 0.80251002
1030864055 0.0000000 0.89524484 0.75397199
1031310121 0.0000000 0.96495718 0.83437622
1031439572 0.0000000 0.92508352 0.80168521
1031647094 0.0000000 0.89002341 0.70535588
1032052013 0.0000000 0.91700739 0.77568173
1032134610 0.0000000 0.91377574 0.78503227
1032294371 0.0000000 0.90341103 0.74373573
1032315669 0.0000000 0.89409906 0.77426535
1032907402 0.0000000 0.93031096 0.83952218
1033103267 0.0000000 0.99958879 0.99917191
1033374913 0.0000000 0.88594383 -0.21135688
1033690544 0.0000000 0.99870300 0.99738443
1033947513 0.0000000 0.99962074 0.99923438
1034070514 0.0000000 0.99896675 0.99792725
1034480608 0.0000000 0.99955738 0.99903661
1034923400 0.0000000 0.99973565 0.99946779
1034928298 0.0000000 0.99969101 0.99936092
1035149152 0.0000000 0.99979228 0.99957025
1035153178 0.0000000 0.99966127 0.99929845
1035197382 0.0000000 0.99935830 0.99854100
1035991040 0.0000000 0.99743265 0.99481910
1036098952 0.0000000 0.99964446 0.99926066
1036697273 0.0000000 0.99871010 0.99736238
1036697648 0.0000000 0.99938589 0.99876535
1036886824 0.0000000 0.99964172 0.99927533
1038324582 0.0000000 0.99951988 0.99903417
1038746116 0.0000000 0.99928093 0.99848711
1039232712 0.0000000 0.99962109 0.99920893
1039743025 0.0000000 0.99914241 0.99811095
1040450954 0.0000000 0.99964643 0.99927664
1040520314 0.0000000 0.99957073 0.99912685
1040644457 0.0000000 0.99953866 0.99907511
1040799690 0.0000000 0.99963498 0.99917287
1041632855 0.0000000 0.99827892 0.99655205
1042809813 0.0000000 0.99969459 0.99938172
1043607562 0.0000000 0.99926305 0.99849671
1044768063 0.0000000 0.99966204 0.99927264
1044817061 0.0000000 0.99941099 0.99878776
1045633623 0.0000000 0.99930894 0.99860394
1046065971 0.0000000 0.99943358 0.99884534
1046575544 0.0000000 0.99947506 0.99892187
1048808323 0.0000000 0.99916321 0.99830639
1049310522 0.0000000 0.99940193 0.99879056
1049353173 0.0000000 0.99912536 0.99794358
1051845960 0.0000000 0.99915326 0.99828845
1051900153 0.0000000 0.99537063 0.99057114
1052394722 0.0000000 0.99694467 0.99345034
1052961462 0.0000000 0.99973476 0.99947029
1053904321 0.0000000 0.99938583 0.99876356
1054395492 0.0000000 0.99949163 0.99896890
1054853585 0.0000000 0.99898708 0.99796140
1055123570 0.0000000 0.99974096 0.99948382
1055135284 0.0000000 0.99977010 0.99951297
1055234432 0.0000000 0.99836183 0.99625951
1055390332 0.0000000 0.99907768 0.99786866
1055425274 0.0000000 0.99954289 0.99908036
1055472531 0.0000000 0.99703348 0.99395144
1055510426 0.0000000 0.99894875 0.99786109
1055788418 0.0000000 0.99944103 0.99888027
1055803080 0.0000000 0.99980062 0.99957669
1056357316 0.0000000 0.99914163 0.99813873
1057028486 0.0000000 0.99785197 0.99565434
1057319282 0.0000000 0.99947810 0.99893987
1058108790 0.0000000 0.99956012 0.99911630
1058496080 0.0000000 0.99969935 0.99939185
1059102630 0.0000000 0.99949032 0.99895465
1059590191 0.0000000 0.99929661 0.99858946
1059850488 0.0000000 0.99863666 0.99724823
1059910523 0.0000000 0.99970055 0.99934548
1059994404 0.0000000 0.99965054 0.99917996
1060172588 0.0000000 0.99973482 0.99941367
1060619413 0.0000000 0.99964422 0.99928349
1061586322 0.0000000 0.99834061 0.99651909
1062262342 0.0000000 0.99901652 0.81060630
1062859632 0.0000000 0.99962556 0.99719369
1063234506 0.0000000 0.99931592 0.99760848
1063264037 0.0000000 0.99919701 0.99756604
1064365712 0.0000000 0.99940097 0.99688363
1064533379 0.0000000 0.99948126 0.99750376
1065785029 0.0000000 0.99981272 0.99770248
1065790269 0.0000000 0.99932134 0.99727231
1065847269 0.0000000 0.99802929 0.99519920
1067505195 0.0000000 0.99928117 0.99726868
1068127124 0.0000000 0.99940127 0.99823290
1068356150 0.0000000 0.99941897 0.99711031
1068595355 0.0000000 0.99969882 0.99759007
1068804765 0.0000000 0.99931186 0.99818277
1068825242 0.0000000 0.99963188 0.99820185
1070682432 0.0000000 0.99918824 0.99749529
1070692497 0.0000000 0.99912196 0.99705863
1070921046 0.0000000 0.99963039 0.99723876
1071031093 0.0000000 0.99943471 0.99714243
1071031176 0.0000000 0.99969101 0.99717736
1071031375 0.0000000 0.99955803 0.99760085
1071031628 0.0000000 0.99953872 0.99757040
1071031695 0.0000000 0.99953818 0.99757016
1071031744 0.0000000 0.99954057 0.99756831
1071031844 0.0000000 0.99959570 0.99768549
1071031926 0.0000000 0.99957198 0.99758667
1071033611 0.0000000 0.99958867 0.99742299
1071033625 0.0000000 0.99958795 0.99742317
1071035006 0.0000000 0.99941450 0.99752957
1071038489 0.0000000 0.99954975 0.99764657
1071042579 0.0000000 0.99965674 0.99796504
1071043831 0.0000000 0.99963540 0.99735600
1071046005 0.0000000 0.99945825 0.99725705
1071046239 0.0000000 0.99941140 0.99792939
1071074159 0.0000000 0.99967521 0.99781799
1071095531 0.0000000 0.99947071 0.99783045
1071583019 0.0000000 0.99957323 0.99734002
1071584001 0.0000000 0.99936283 0.99693167
1071678445 0.0000000 0.99953091 0.99734539
1072705310 0.0000000 0.99961513 0.99759996
1073300844 0.0000000 0.99965382 0.99754268
1073475853 0.0000000 0.99927062 0.99737805
1073756920 0.0000000 0.99793148 0.99465692
1073986141 0.0000000 0.99970031 0.99734688
1073994067 0.0000000 0.99873167 0.99667084
1075317204 0.0000000 0.99945724 0.99699914
1075317446 0.0000000 0.99945307 0.99713969
1075318489 0.0000000 0.99954110 0.99700832
1075466599 0.0000000 0.99917728 0.99711037
1075865039 0.0000000 0.99963075 0.99773407
1076851926 0.0000000 0.99955350 0.99807245
1076884025 0.0000000 0.99975049 0.99796730
1077531525 0.0000000 0.99948800 0.99808556
1077584107 0.0000000 0.99946237 0.99814367
1078321829 0.0000000 0.99971271 0.99824077
1079154231 0.0000000 0.99955773 0.99769354
1080241624 0.0000000 0.99957556 0.99868011
1081488818 0.0000000 0.99962324 0.99709958
1082397083 0.0000000 0.99647498 0.98918110
1082563195 0.0000000 0.99740404 0.99340117
1082729069 0.0000000 0.99757278 0.99390334
1082820030 0.0000000 0.99862742 0.99557310
1083398171 0.0000000 0.99852872 0.99464262
1083961065 0.0000000 0.99805033 0.99341357
1084003366 0.0000000 0.99821687 0.99432254
1084082541 0.0000000 0.99891675 0.99674904
1084133207 0.0000000 0.99861920 0.99505770
1084597670 0.0000000 0.99871236 0.99538028
1084687448 0.0000000 0.99702966 0.99203259
1084950252 0.0000000 0.99834543 0.99403274
1085103239 0.0000000 0.99807835 0.99410558
1085390106 0.0000000 0.99822718 0.99394459
1086195389 0.0000000 0.99707097 0.99071026
1086315872 0.0000000 0.99842203 0.99434799
1086883086 0.0000000 0.99799293 0.99289763
1087613581 0.0000000 0.99799043 0.99378806
1089099122 0.0000000 0.99848038 0.99333483
1089113880 0.0000000 0.99779510 0.99273711
1089371968 0.0000000 0.99802333 0.99452263
1090478200 0.0000000 0.99836975 0.99518454
1091970746 0.0000000 0.99854606 0.99406624
1092861100 0.0000000 0.99825335 0.99443233
1093118276 0.0000000 0.99721390 0.99254125
1093908136 0.0000000 0.99818909 0.99375659
1095475955 0.0000000 0.99857843 0.99447888
1097813330 0.0000000 0.99873823 0.99527127
1098848984 0.0000000 0.99805319 0.99548584
1099928102 0.0000000 0.99744147 0.99220592
1099929295 0.0000000 0.99759358 0.99250871
1099929521 0.0000000 0.99806243 0.99282646
1099931589 0.0000000 0.99750519 0.99321806
1099942690 0.0000000 0.99848837 0.99424618
1100098082 0.0000000 0.99858946 0.99453259
1100139404 0.0000000 0.99897408 0.99386615
1100237223 0.0000000 0.99632490 0.99107575
1100955874 0.0000000 0.99604738 0.99071002
1103674687 0.0000000 0.99783880 0.99325418
1105287429 0.0000000 0.43180922 -3.1277208
1105405102 0.0000000 0.98837727 0.97591460
1105536640 0.0000000 0.85405612 0.66307598
1105765351 0.0000000 0.51204658 -1.4677203
1106056455 0.0000000 0.14056188 -29.281221
1106207236 0.0000000 0.99685258 0.99186504
1106226863 0.0000000 0.82502985 0.55332029
1106317701 0.0000000 0.98345125 0.96642214
1106377004 0.0000000 0.67899615 -4.83381748E-02
1106829094 0.0000000 0.78800178 0.45707726
1107166208 0.0000000 0.97590238 0.95203471
1107223187 0.0000000 0.96085829 0.92267627
1107233798 0.0000000 0.85745627 0.66539097
1107286746 0.0000000 0.21631883 -21.751638
1107388387 0.0000000 0.67533457 -0.11046827
1107601144 0.0000000 0.96990466 0.94065183
1107601252 0.0000000 0.96511614 0.93112284
1108162580 0.0000000 0.78037149 0.38451350
1108757898 0.0000000 0.99821877 0.99340278
1108761568 0.0000000 0.93010855 0.85725743
1110049611 0.0000000 0.99716872 0.99127102
1110049680 0.0000000 0.99653625 0.99025029
1110050185 0.0000000 0.68710917 4.61036563E-02
1110050874 0.0000000 0.56195354 -0.85549831
1110568232 0.0000000 0.66519243 -0.17954135
1111274786 0.0000000 0.91342586 0.81902629
1113182839 0.0000000 0.76146686 0.35297137
1113208093 0.0000000 0.97151947 0.94296169
1113260515 0.0000000 0.99807799 0.99258804
1113331351 0.0000000 0.72123307 0.14745677
1114345058 0.0000000 0.76516867 0.37527519
1114872497 0.0000000 0.99683315 0.84405255
1114872533 0.0000000 0.99682522 0.84427029
1114872543 0.0000000 0.99495250 0.83422542
1114981677 0.0000000 0.86603606 0.51529819
1115167250 0.0000000 0.93996876 0.86211848
1115753263 0.0000000 0.96314186 0.92693019
1115910658 0.0000000 0.86096245 0.68911552
1115942660 0.0000000 0.88097310 0.72622681
1116353193 0.0000000 0.77264696 0.37276393
1117405041 0.0000000 0.99368119 0.98652518
1117642805 0.0000000 0.99564779 0.98947591
1118162704 0.0000000 0.98330247 0.96660250
1118367166 0.0000000 0.98983657 0.97887081
1118396676 0.0000000 0.95774174 0.91603160
1118501300 0.0000000 0.87075108 0.71405780
1118677980 0.0000000 0.80948466 0.53259218
1118868304 0.0000000 0.16548474 -37.232197
1119087065 0.0000000 0.99273133 0.98506379
1119729025 0.0000000 0.66892749 -0.14745855
1119876655 0.0000000 0.47350833 -2.1633921
1121472051 0.0000000 0.96654880 0.93379748
1121864763 0.0000000 0.97924936 0.95831478
1122385024 0.0000000 0.98269534 0.96541089
1122618639 0.0000000 0.82442367 0.56473994
1122777951 0.0000000 0.86367416 0.69265640
1123439949 0.0000000 0.70172137 8.43161345E-03
1125373372 0.0000000 0.80412972 0.52198297
1125685516 0.0000000 0.70346451 7.10061789E-02
1125969360 0.0000000 0.99783260 0.99257195
1127055473 0.0000000 0.61342001 -0.50726044
1127456637 0.0000000 0.98876560 0.97719133
1127471662 0.0000000 0.97347701 0.94764006
1127494190 0.0000000 0.98910975 0.97760010
1127760620 0.0000000 0.99776846 0.99346691
1128153007 0.0000000 0.71275109 9.99134779E-02
1128174696 0.0000000 0.94909948 0.89785635
1128475640 0.0000000 0.94591594 0.89173090
1128528995 0.0000000 0.74595165 0.26879966
1128891916 0.0000000 0.35319489 -6.6662455
1128923244 0.0000000 0.88766170 0.75350344
1129069430 0.0000000 0.28351519 -10.370079
1129155495 0.0000000 0.56034154 -1.2221906
1129246313 0.0000000 0.61500800 -0.50293291
1129324370 0.0000000 0.86596125 0.70260435
1129391464 0.0000000 0.99835777 0.99367094
1129907016 0.0000000 0.33024231 -7.0225801
1130249327 0.0000000 0.43178725 -3.2262931
1131428965 0.0000000 0.99418497 0.98614800
1131431840 0.0000000 0.37078217 -4.0685658
1132062095 0.0000000 0.99430734 0.98748249
1132132485 0.0000000 0.99504817 0.98896176
1132148341 0.0000000 0.89964873 0.78749669
1132166999 0.0000000 0.68902856 2.50983238E-02
1132661855 0.0000000 0.79718173 0.47071308
1132975230 0.0000000 0.98935491 0.97602767
1133111580 0.0000000 0.49349958 -1.8786342
1133304109 0.0000000 0.95721358 0.91517270
1133601723 0.0000000 0.37562478 -5.2955174
1133908462 0.0000000 0.84534395 0.62312984
1134710133 0.0000000 0.90727049 0.80653840
1135808248 0.0000000 0.98446482 0.96787745
1135976852 0.0000000 0.94684851 0.89397717
1136739698 0.0000000 0.97928393 0.95863479
1137913657 0.0000000 0.81990111 0.53252274
1137989937 0.0000000 0.78986108 0.39195979
1137990003 0.0000000 0.72694844 0.12366986
1138288259 0.0000000 0.41128853 -3.9736557
1139284609 0.0000000 0.41230634 -3.4623146
1139326915 0.0000000 0.42109960 -3.3589001
1140725945 0.0000000 0.94054288 0.87739980
1140746150 0.0000000 0.92304796 0.84030557
1141877248 0.0000000 0.99794608 0.99264318
1142029462 0.0000000 0.75325084 0.29175752
1142229311 0.0000000 0.54192263 -0.98179793
1142709582 0.0000000 0.68939406 -5.74326515E-02
1143536168 0.0000000 0.79554379 0.41668898
1143616861 0.0000000 0.43050271 -3.3254056
1143885739 0.0000000 0.99790567 0.99345845
1143885924 0.0000000 0.96542150 0.93084717
1143888020 0.0000000 0.98033553 0.96103364
1144129163 0.0000000 0.95915914 0.91792810
1144133312 0.0000000 0.97197336 0.94461870
1144179006 0.0000000 0.99126786 0.98052400
1144806135 0.0000000 0.94599873 -6.2383089
1145140855 0.0000000 0.99809557 0.99355364
1145323561 0.0000000 0.99714655 0.97900444
1146215126 0.0000000 0.99048024 0.72680962
1146944291 0.0000000 0.22509784 -37.766258
1146966782 0.0000000 0.96465236 0.33543700
1147258751 0.0000000 0.95124781 0.90225786
1149411961 0.0000000 0.99248695 0.98334724
1149467938 0.0000000 0.87855703 0.72972590
1149638545 0.0000000 0.46256801 -2.9093339
1149771133 0.0000000 0.76254559 0.34616345
1150128882 0.0000000 0.96998596 0.94041115
1151387381 0.0000000 0.64684272 -0.20109916
1154072410 0.0000000 0.99805826 0.99341035
1154182305 0.0000000 0.98174423 0.96343732
1155212722 0.0000000 0.97043377 0.94166386
1155340266 0.0000000 0.99902713 0.99532109
1155354114 0.0000000 0.88295537 0.74039924
1155443514 0.0000000 0.86883986 0.70185697
1156044082 0.0000000 0.74534386 0.27259910
1156698676 0.0000000 0.97594494 0.95238101
1158266854 0.0000000 0.44369578 -3.1482840
1159598968 0.0000000 0.59341407 -0.85465193
1159684577 0.0000000 0.95404649 0.89782131
1160388105 0.0000000 0.99400616 0.98754787
1160392104 0.0000000 0.99102151 0.98155487
1160549032 0.0000000 0.88473368 0.72251439
1160664389 0.0000000 0.99651289 0.99274963
1163299258 0.0000000 0.83942688 0.58043891
1163456967 0.0000000 0.77236313 0.24804288
1163641819 0.0000000 0.87751156 0.69598854
1164570370 0.0000000 0.74213672 0.15422869
1165358160 0.0000000 0.86892951 0.65897298
1165368969 0.0000000 0.57221770 -1.1662409
1166094636 0.0000000 0.80948699 0.44575495
1166561075 0.0000000 0.52639014 -1.4553380
1166894907 0.0000000 0.91520005 0.79756337
1167135981 0.0000000 0.99872857 0.99407250
1167136317 0.0000000 0.99903011 0.99433178
1167136455 0.0000000 0.99903268 0.99433589
1167136825 0.0000000 0.80382979 0.51321805
1167144800 0.0000000 0.63450634 -0.18750095
1167147704 0.0000000 0.96770692 0.93637234
1167154513 0.0000000 0.89888924 0.79303122
1167186639 0.0000000 0.99007815 0.97871494
1167298740 0.0000000 0.32569778 -5.2439890
1167318376 0.0000000 0.22417794 -16.225786
1167324678 0.0000000 0.52095026 -1.5116386
1167592780 0.0000000 0.42410275 -3.1568832
1167604646 0.0000000 0.38938656 -3.6251006
1168792515 0.0000000 0.61732489 -0.49346101
1168917035 0.0000000 0.94199228 0.88414669
1169006425 0.0000000 0.72682911 0.15797234
1169712716 0.0000000 0.33144227 -8.3024712
1169722755 0.0000000 0.99858224 0.99328929
1170262059 0.0000000 0.39898887 -3.4838696
1170524118 0.0000000 0.45110118 -2.2992535
1171366614 0.0000000 0.36931512 -3.7041907
1171423577 0.0000000 0.92325503 0.84454739
1171423831 0.0000000 0.91553587 0.83071280
1171832699 0.0000000 0.93893427 0.87353659
1172178017 0.0000000 0.65796083 -0.25938022
1173308237 0.0000000 0.72622317 0.16620594
1173368256 0.0000000 0.35132331 -4.7157922
1174197233 0.0000000 0.51204729 -1.6711383
1175309106 0.0000000 0.28673384 -7.9825678
1175583473 0.0000000 0.54590088 -1.2644663
1176242685 0.0000000 0.19847798 -19.189537
1177115546 0.0000000 0.96071655 0.88027918
1177175308 0.0000000 0.74111181 0.32856101
1178992210 0.0000000 0.76083052 0.34696710
1180238725 0.0000000 0.65552008 -0.19024217
1180618796 0.0000000 0.73763055 0.24272776
1181939353 0.0000000 0.97459137 0.94974661
1182196765 0.0000000 0.32410365 -8.1198444
1182265663 0.0000000 0.72947460 0.19098794
1182396227 0.0000000 0.87508243 0.72728968
1182398897 0.0000000 0.97759551 0.95517176
1184629372 0.0000000 0.99544287 0.98956585
1185198002 0.0000000 0.99788088 0.99319524
1185799546 0.0000000 0.65445948 -0.18429160
1185861072 0.0000000 0.40858749 -3.2273750
1186620947 0.0000000 0.99905276 0.99804783
1186786330 0.0000000 0.72084892 -3.11269760E-02
1188350129 0.0000000 0.95868653 0.91187024
1188356416 0.0000000 0.99278998 0.98532635
1188908193 0.0000000 0.85719448 0.62822235
1188950111 0.0000000 0.39580080 -4.2568541
1189101086 0.0000000 0.99932539 0.99850672
1189101321 0.0000000 0.96779877 0.93099976
1189194674 0.0000000 0.57779926 -1.0498316
1190442424 0.0000000 0.81634492 0.50486469
1191742755 0.0000000 0.58785957 -1.0835764
1192071901 0.0000000 0.87591416 0.69353479
1192632000 0.0000000 0.99548298 0.99010175
1193967194 0.0000000 0.52704686 -1.8747008
1194476053 0.0000000 0.64652872 -0.51087427
1196283913 0.0000000 0.85106862 0.60028839
1196818902 0.0000000 0.99281180 0.98506004
1196950527 0.0000000 0.82796293 0.53334653
1197715613 0.0000000 0.38121495 -5.0086026
1198522115 0.0000000 0.96355945 0.91868371
1200543890 0.0000000 7.72849917E-02 -115.78011
1200856359 0.0000000 0.63578188 -0.51771510
1201442068 0.0000000 0.25683090 -16.026783
1203280382 0.0000000 0.99791861 0.99574596
1203409866 0.0000000 0.27996343 -9.2237139
1203790455 0.0000000 0.90886313 0.78412509
1204138448 0.0000000 0.51555580 -1.7182679
1204304285 0.0000000 0.76451349 0.26641470
1204490434 60.549999 8.37861896E-02 -206.40361
1204651907 0.0000000 0.99890339 0.99706429
1204651936 0.0000000 0.99869466 0.99719656
1204670552 0.0000000 0.99887466 0.99664533
1207186072 0.0000000 0.23832400 -18.407536
1208187584 0.0000000 0.98837930 0.97634119
1208931881 0.0000000 0.94326812 0.87680054
1208975321 0.0000000 0.99823391 0.99641567
1208982088 0.0000000 0.85428530 0.63262779
1208988255 0.0000000 0.99052876 0.98077023
1208988552 0.0000000 0.97051090 0.93968320
1209105937 0.0000000 0.81793445 0.50531483
1209216223 0.0000000 0.22573240 -16.141428
1209291757 0.0000000 0.74208188 0.19983941
1209339084 0.0000000 0.82461053 0.51801562
1209362380 0.0000000 0.90090328 0.77897143
1209543825 0.0000000 0.13884908 -75.881310
1209563099 0.0000000 0.32248816 -7.2566977
1209583346 0.0000000 0.56410569 -1.0983760
1209820628 0.0000000 0.57038862 -1.0278792
1209877317 0.0000000 0.28715789 -9.1509514
1210448520 0.0000000 0.99080163 0.98105550
1210560189 0.0000000 0.78731215 0.44109964
1210633064 0.0000000 0.89887005 0.75852036
1210703275 0.0000000 0.99976504 0.99952281
1212285435 0.0000000 0.99987411 0.99974412
1212339563 0.0000000 0.99973112 0.99945492
1213107823 0.0000000 0.99882287 0.99759728
1213158817 0.0000000 0.99979448 0.99955910
1213486164 0.0000000 0.99946827 0.99888432
1214086760 0.0000000 0.99969655 0.99935764
1214128508 0.0000000 0.99961966 0.99919724
1214211456 0.0000000 0.99876934 0.99711591
1214561217 0.0000000 0.99894929 0.99782240
1215221786 0.0000000 0.99907941 0.99814814
1215745668 0.0000000 0.99970222 0.99937207
1215812106 0.0000000 0.99966359 0.99931735
1215812707 0.0000000 0.99967748 0.99929035
1215839910 0.0000000 0.99976104 0.99950683
1215843106 0.0000000 0.99979597 0.99958128
1215961116 0.0000000 0.99978673 0.99954242
1216126809 0.0000000 0.99971968 0.99940920
1216904067 0.0000000 0.99960130 0.99917054
1217616949 0.0000000 0.99952483 0.99889880
1218233114 0.0000000 0.99975330 0.99949926
1218994676 0.0000000 0.99944377 0.99874949
1219291482 0.0000000 0.99836600 0.99661011
1219301591 0.0000000 0.99957716 0.99911284
1219723710 0.0000000 0.99888635 0.99771470
1219772880 0.0000000 0.99943626 0.99865347
1219869253 0.0000000 0.99936634 0.99860847
1220179542 0.0000000 0.99961352 0.99917865
1220742036 0.0000000 0.99943328 0.99881029
1220946193 0.0000000 0.99972963 0.99945140
1221047734 0.0000000 0.99964106 0.99927151
1222614737 0.0000000 0.99924725 0.99841028
1225442295 0.0000000 0.99941695 0.99874413
1228187814 0.0000000 0.99983191 0.99965209
1228684717 0.0000000 0.99978173 0.99956053
1229260451 0.0000000 0.99961895 0.99920148
1229658996 0.0000000 0.99759954 0.99492878
1229990683 0.0000000 0.99978256 0.99955666
1230216280 0.0000000 0.99950916 0.99889410
1230600687 0.0000000 0.99964529 0.99929386
1230860391 0.0000000 0.99944901 0.99866849
1231020274 0.0000000 0.99985373 0.99969614
1231041233 0.0000000 0.99955797 0.99909544
1232714291 0.0000000 0.99979353 0.99954444
1232804891 0.0000000 0.99954045 0.99907178
1233928332 0.0000000 0.99971491 0.99939966
1234166319 0.0000000 0.98373175 0.96616596
1234201315 0.0000000 0.99950528 0.99896216
1234214675 0.0000000 0.99976754 0.99950111
1236731039 0.0000000 0.99969077 0.99909472
1236854628 0.0000000 0.99969411 0.99914408
1237014105 0.0000000 0.99978453 0.99932504
1237159221 0.0000000 0.99971253 0.99921006
1237164701 0.0000000 0.99979323 0.99939972
1237551366 0.0000000 0.99972528 0.99920166
1237619839 0.0000000 0.99894959 0.99752951
1239235949 0.0000000 0.99983573 0.99936259
1239971868 0.0000000 0.99984068 0.99945205
1240678955 0.0000000 0.99967617 0.99903703
1242397863 0.0000000 0.99992299 0.99968791
1242709695 0.0000000 0.99970728 0.99922842
1243376855 0.0000000 0.99990422 0.99956477
1244248765 0.0000000 0.99872315 0.99679470
1245087845 0.0000000 0.99912477 0.99773079
1245407408 0.0000000 0.99980134 0.99925172
1245469469 0.0000000 0.99991745 0.99948525
1245877793 0.0000000 0.99987435 0.99930489
1245881452 0.0000000 0.99975568 0.99913412
1246167876 0.0000000 0.99992973 0.99958849
1246181696 0.0000000 0.99996662 0.99969119
1246182765 0.0000000 0.99991804 0.99955237
1246208530 0.0000000 0.99986827 0.99944240
1246208539 0.0000000 0.99986899 0.99944347
1246598451 0.0000000 0.99984229 0.99934125
1246598488 0.0000000 0.99984449 0.99934369
1246614635 0.0000000 0.99983221 0.99922222
1246985947 0.0000000 0.99982721 0.99939793
1247508302 0.0000000 0.99996305 0.99970984
1247516932 0.0000000 0.99994159 0.99964017
1247654255 0.0000000 0.99988139 0.99951196
1247741293 0.0000000 0.99991864 0.99960023
1247769767 0.0000000 0.99987394 0.99949753
1248159491 0.0000000 0.99993080 0.99963713
1248570012 0.0000000 0.99990350 0.99951935
1248588659 0.0000000 0.99990606 0.99957883
1248872986 0.0000000 0.99987125 0.99953920
1248886386 0.0000000 0.99993062 0.99958497
1249212887 0.0000000 0.99985933 0.99937987
1250467545 0.0000000 0.99990869 0.99956489
1250503855 0.0000000 0.99988681 0.99951446
1250504106 0.0000000 0.99990702 0.99955559
1250601456 0.0000000 0.99990243 0.99959159
1250639275 0.0000000 0.99980694 0.99928486
1250703707 0.0000000 0.99968123 0.99892300
1250777890 0.0000000 0.99989909 0.99954295
1250888264 0.0000000 0.99990946 0.99957174
1250911490 0.0000000 0.99850357 0.99654484
1252249816 0.0000000 0.99966818 0.99902618
1252757125 0.0000000 0.99985468 0.99945688
1254591366 0.0000000 0.99992013 0.99962533
1254664936 0.0000000 0.99979562 0.99938816
1255243328 0.0000000 0.99989706 0.99956250
1256244384 0.0000000 0.99991351 0.99966222
1256252705 0.0000000 0.99984103 0.99924678
1256431794 0.0000000 0.99777764 0.99509078
1257413577 0.0000000 0.97425318 0.94626516
1257413887 0.0000000 0.99986863 0.99944311
1257420861 0.0000000 0.99991256 0.99955446
1257678569 0.0000000 0.99985600 0.99953008
1258065617 0.0000000 0.99979526 0.99927986
1258296469 0.0000000 0.99991167 0.99958849
1258824471 0.0000000 0.99986553 0.99943203
1258926370 0.0000000 0.99987096 0.99955243
1260564405 0.0000000 0.99993783 0.99947655
1260692005 0.0000000 0.99988091 0.99955046
1261227736 0.0000000 0.95143723 0.81366813
1261227864 0.0000000 0.99996841 0.99961096
1261228557 0.0000000 0.99983388 0.99934494
1261232031 0.0000000 0.99986213 0.99937588
1261235533 0.0000000 0.99985254 0.99932230
1261275144 0.0000000 0.99981380 0.99909627
1261713375 0.0000000 0.99982971 0.99935448
1261922241 0.0000000 0.99972767 0.99904466
1262034644 0.0000000 0.99970460 0.99907297
1262237921 0.0000000 0.99985504 0.99933153
1262343689 0.0000000 0.99965656 0.99890113
1262367286 0.0000000 0.99990195 0.99943215
1262622742 0.0000000 0.95509744 0.89948577
1262633257 0.0000000 0.99992478 0.99954605
1263881366 0.0000000 0.99989372 0.99955398
1265523000 0.0000000 0.99991149 0.99954420
1265599504 0.0000000 0.99983126 0.99913639
1265691729 0.0000000 0.99994951 0.99954224
1265942558 0.0000000 0.99991506 0.99957311
1266289887 0.0000000 0.99977922 0.99919790
1266816064 0.0000000 0.99995077 0.99955308
1267146477 0.0000000 0.99988937 0.99937546
1267162697 0.0000000 0.99978685 0.99899220
1267661932 0.0000000 0.61883527 -2.4079726
1267662287 0.0000000 0.99979609 0.99874157
1267686434 0.0000000 0.99991673 0.99942607
1267690576 0.0000000 0.99992949 0.99942654
1268040382 0.0000000 0.99992102 0.99943739
1268902896 0.0000000 0.99987847 0.99960172
1268931240 0.0000000 0.99983245 0.99955761
1269644874 0.0000000 0.99989116 0.99959201
1270335780 0.0000000 0.99888211 0.99755764
1270813793 0.0000000 0.99980116 0.99944419
1270961850 0.0000000 0.99989480 0.99969250
1270999307 0.0000000 0.99351019 0.98624963
1271168968 0.0000000 0.99985349 0.99955523
1271191748 0.0000000 0.99989903 0.99968690
1271987388 0.0000000 0.99978173 0.99928308
1272194052 0.0000000 0.99995172 0.99965239
1272250791 0.0000000 0.99993950 0.99965960
1272823213 0.0000000 0.99989682 0.99939483
1274901407 0.0000000 0.99975139 0.99904609
1276535865 0.0000000 0.99991792 0.99957049
1276561877 0.0000000 0.99994242 0.99965084
1276823323 0.0000000 0.99992126 0.99964696
1277440084 0.0000000 0.99962384 0.99881363
1277575551 0.0000000 0.99990296 0.99959636
1277670806 0.0000000 0.99989325 0.99956495
1278097892 0.0000000 0.99988723 0.99931908
1278515743 0.0000000 0.99974179 0.99908936
1278618217 0.0000000 0.99994510 0.99971509
1278636079 0.0000000 0.99990630 0.99955237
1279357457 0.0000000 0.99989599 0.99951988
1279458204 0.0000000 0.99992490 0.99964243
1280029930 0.0000000 0.99994296 0.99960041
1280553485 0.0000000 0.99961978 0.99886769
1280563997 0.0000000 0.99978375 0.99913317
1280587745 0.0000000 0.99984682 0.99933565
1281476617 0.0000000 0.99973220 0.99912226
1282408680 0.0000000 0.99995351 0.99965936
1282415961 0.0000000 0.99983919 0.99946600
1282416480 0.0000000 0.99992943 0.99965596
1283157909 0.0000000 0.99995637 0.99975610
1283540817 0.0000000 0.99987042 0.99948359
1284039008 0.0000000 0.99977720 0.99929267
1284244867 0.0000000 0.99983442 0.99941707
1284952628 0.0000000 0.99985468 0.99946070
1285350982 0.0000000 0.99977857 0.99932837
1285695233 0.0000000 0.99994361 0.99969333
1285876560 0.0000000 0.99971622 0.99916279
1286047392 0.0000000 0.99991721 0.99958229
1286198915 0.0000000 0.99995130 0.99969459
1286865806 0.0000000 0.99763370 0.99479568
1287036373 0.0000000 0.99994057 0.99970978
1289221280 0.0000000 0.99983996 0.99944550
1289567329 0.0000000 0.99989808 0.99967998
1289576340 0.0000000 0.99991107 0.99962264
1290342705 0.0000000 0.99997246 0.99985462
1290784424 0.0000000 0.99994171 0.99977916
1290799240 0.0000000 0.99977154 0.99938071
1291601652 0.0000000 0.99991250 0.99966365
1291689974 0.0000000 0.99986529 0.99956101
1291927327 0.0000000 0.99976057 0.99932498
1292000461 0.0000000 0.99956656 0.99857819
1294804388 0.0000000 0.99980628 0.99941188
1296507195 0.0000000 0.99994475 0.99966222
1296548191 0.0000000 0.99995399 0.99966651
1297058102 0.0000000 0.99988908 0.99948955
1297342916 0.0000000 0.99858820 0.99668318
1297754297 0.0000000 0.99996930 0.99967331
1298970247 0.0000000 0.99576759 0.99064255
1299845150 0.0000000 0.99891472 0.99727082
1300123317 0.0000000 0.99987632 0.99922246
1300281136 0.0000000 0.99984813 0.99898058
1300608051 0.0000000 0.99994564 0.99964637
1301123952 0.0000000 0.99941009 0.99843901
1301458951 0.0000000 0.99992174 0.99964058
1301964194 0.0000000 0.99949330 0.99855977
1302916270 0.0000000 0.99993086 0.99964887
1302961193 0.0000000 0.99951470 0.99878281
1303685617 0.0000000 0.99990451 0.99958622
1304080155 0.0000000 0.99917412 0.99801469
1304082768 0.0000000 0.99988800 0.99939060
1304152538 0.0000000 0.99991745 0.99964863
1304437954 0.0000000 0.99990433 0.99961346
1304717510 0.0000000 0.99986953 0.99949157
1304757333 0.0000000 0.99974269 0.99927676
1306028051 0.0000000 0.99993140 0.99970335
1306098435 0.0000000 0.99984503 0.99944425
1306261925 0.0000000 0.99984992 0.99953222
1307034472 0.0000000 0.99994177 0.99974161
1307669122 0.0000000 0.99990493 0.99961931
1308478735 0.0000000 0.99975032 0.99926317
1309048281 0.0000000 0.99978781 0.99942082
1309094354 0.0000000 0.99988604 0.99964404
1309326569 0.0000000 0.99738407 0.99438435
1309474048 0.0000000 0.99976301 0.99918342
1309601047 0.0000000 0.99982715 0.99953592
1309696244 0.0000000 0.99977690 0.99931902
1309953539 0.0000000 0.99991423 0.99968368
1310469430 0.0000000 0.99990988 0.99973285
1310541580 0.0000000 0.99978805 0.99941957
1310928323 0.0000000 0.99987096 0.99962693
1311000534 0.0000000 0.99981040 0.99941146
1311084070 0.0000000 0.99988389 0.99962121
1311142337 0.0000000 0.99988914 0.99965042
1311692424 0.0000000 0.99973035 0.99904376
1313100452 0.0000000 0.99981326 0.99938309
1314264913 0.0000000 0.99983001 0.99939370
1314789752 0.0000000 0.99994421 0.99972165
1315538819 0.0000000 0.99994338 0.99968326
1315635988 0.0000000 0.99965554 0.99895847
1315804512 0.0000000 0.99970508 0.99893415
1316643513 0.0000000 0.99993873 0.99965471
1316653258 0.0000000 0.99986035 0.99941754
1317835272 0.0000000 0.99787277 0.99469769
1318175665 0.0000000 0.99990535 0.99958324
1318478724 0.0000000 0.99962646 0.99898726
1319945023 0.0000000 0.99992901 0.99962008
1320074224 0.0000000 0.99976331 0.99918407
1320721143 0.0000000 0.99995512 0.99973404
1321061921 0.0000000 0.99982023 0.99932891
1322787324 0.0000000 0.99988633 0.99943751
1322993584 0.0000000 0.99979049 0.99918842
1323861170 0.0000000 0.99979764 0.99905223
1323909341 0.0000000 0.99982589 0.99928713
1324582798 0.0000000 0.99984717 0.99933767
1325660397 0.0000000 0.99988860 0.99950087
1326181267 0.0000000 0.99896228 0.99736136
1326728445 0.0000000 0.99948877 0.38111025
1327107001 0.0000000 0.99971724 0.38107044
1327480583 0.0000000 0.99933815 0.41614485
1327824459 0.0000000 0.99933565 0.32629257
1328324062 0.0000000 0.99982399 0.34074950
1328459111 0.0000000 0.99987185 0.35412043
1330223700 0.0000000 0.94349694 0.83471680
1330883534 0.0000000 0.99980319 0.99908763
1332071890 0.0000000 0.99901158 0.31168842
1332086295 0.0000000 0.99904537 0.32015973
1332373478 0.0000000 0.99949300 0.31810319
1333258441 0.0000000 0.99962723 0.27924281
1333828758 0.0000000 0.99961293 0.29135430
1333921411 0.0000000 0.99972975 0.29582059
1334227165 0.0000000 0.99579793 0.58891547
1334800688 0.0000000 0.99951392 0.51612145
1335409258 0.0000000 0.99918962 0.42367512
1335538115 0.0000000 0.99941707 0.42259324
1338362741 0.0000000 0.99951369 0.51024902
1338842309 0.0000000 0.99956429 0.50295067
1338890190 0.0000000 0.99963409 0.47664273
1338944914 0.0000000 0.99602675 0.73504317
1338944979 0.0000000 0.99891913 0.51289010
1338945045 0.0000000 0.99966329 0.45004368
1339216879 0.0000000 0.99600935 0.65904260
1339275618 0.0000000 0.99271315 0.83888173
1339278860 0.0000000 0.99951953 0.43579316
1339309409 0.0000000 0.99956375 0.45378268
1339575740 0.0000000 0.99970013 0.43314224
1339598466 0.0000000 0.99955207 0.42467076
1339646879 0.0000000 0.99955583 0.46278632
1339690513 0.0000000 0.99772328 0.53217512
1339702255 0.0000000 0.99962896 0.45945889
1339923712 0.0000000 0.99929035 0.48760301
1341299876 0.0000000 0.99945217 0.42382210
1341924177 0.0000000 0.99928695 0.44655162
1342405200 0.0000000 0.99937111 0.46433288
1344277570 0.0000000 0.99981952 0.99934936
1344910008 0.0000000 0.99981934 0.99938089
1344941743 0.0000000 0.99990791 0.99954087
1345138860 0.0000000 0.99980247 0.99924427
1345234802 0.0000000 0.99986923 0.99943781
1346380382 0.0000000 0.99938196 0.99815744
1346415099 0.0000000 0.99991226 0.99962586
1346415834 0.0000000 0.99988246 0.99954760
1346788818 0.0000000 0.99994797 0.99971306
1346816730 0.0000000 0.99972701 0.99905634
1348523853 0.0000000 0.99988472 0.99953592
1350722979 0.0000000 0.99982274 0.99936610
1350800865 0.0000000 0.99975634 0.99907058
1351161077 0.0000000 0.99988210 0.99938762
1352122829 0.0000000 0.99982458 0.99933392
1352554787 0.0000000 0.99917710 0.99795467
1353431341 0.0000000 0.99994552 0.99966842
1353536726 0.0000000 0.99989307 0.99953115
1354158772 0.0000000 0.99982238 0.99901605
1354470336 0.0000000 0.99995494 0.99967092
1354477411 0.0000000 0.99994582 0.99965632
1354976814 0.0000000 0.99991071 0.99972326
1355221924 0.0000000 0.99991155 0.99964559
1356243184 0.0000000 0.99988139 0.99963111
1356319072 0.0000000 0.99984211 0.99930197
1356487597 0.0000000 0.99982226 0.99945939
1356883405 0.0000000 0.99988562 0.99956787
1357128106 0.0000000 0.99990070 0.99963456
1357236484 0.0000000 0.99992049 0.99962229
1357270197 0.0000000 0.99984801 0.99944824
1357331931 0.0000000 0.99977577 0.99922508
1357541346 0.0000000 0.99994242 0.99966496
1357994057 0.0000000 0.99974215 0.99920118
1358411441 0.0000000 0.99995500 0.99977857
1358708986 0.0000000 0.99985158 0.99944448
1359776392 0.0000000 0.99988842 0.99954855
1361064727 0.0000000 0.99990821 0.99963015
1361239965 0.0000000 0.99990278 0.99943727
1361256759 0.0000000 0.99984431 0.99927717
1361373628 0.0000000 0.99988079 0.99945945
1361471757 0.0000000 0.99994063 0.99971777
1361665659 0.0000000 0.99872154 0.99704760
1362386544 0.0000000 0.99986660 0.99936795
1362609444 0.0000000 0.99879736 0.99715233
1362627405 0.0000000 0.99995255 0.99972427
1362643640 0.0000000 0.99989212 0.99959314
1363079024 0.0000000 0.99988139 0.99950695
1363764120 0.0000000 0.99981809 0.99933881
1364349799 0.0000000 0.99996299 0.99962819
1364349845 0.0000000 0.99997717 0.99967742
1364355002 0.0000000 0.99988055 0.99943250
1364690983 0.0000000 0.99987656 0.99946046
1365625224 0.0000000 0.99996328 0.99963731
1366061297 0.0000000 0.99938560 0.99709159
1366432589 0.0000000 0.99963641 0.99885988
1366513671 0.0000000 0.99980628 0.99911439
1369110346 0.0000000 0.99994707 0.99961108
1369124755 0.0000000 0.99993140 0.99956995
1369791239 0.0000000 0.99980038 0.99930257
1369883683 0.0000000 0.99980366 0.99911439
1370118743 0.0000000 0.99991959 0.99947697
1370151783 0.0000000 0.99455351 0.98635066
1370623082 0.0000000 0.99994034 0.99960685
1372241957 0.0000000 0.99981755 0.99937564
1372463510 0.0000000 0.99996293 0.99972606
1373829868 0.0000000 0.99979281 0.99915320
1373895699 0.0000000 0.99988508 0.99950731
1373969495 0.0000000 0.99994051 0.99966931
1374677225 0.0000000 0.99990082 0.99957997
1374679935 0.0000000 0.99992037 0.99961722
1376837821 0.0000000 0.99971062 0.99920827
1377205321 0.0000000 0.99963504 0.99897659
1377355603 0.0000000 0.99984455 0.99940497
1377407246 0.0000000 0.99442053 0.98796356
1378247005 0.0000000 0.99991566 0.99960858
1378467231 0.0000000 0.99989057 0.99939770
1379475197 0.0000000 0.99973112 0.99919426
1380542719 0.0000000 0.99991018 0.99951982
1381466759 0.0000000 0.99787146 0.21804243
1381684855 0.0000000 0.99847460 0.22556305
1382170436 0.0000000 0.99768925 0.29851186
1382919848 0.0000000 0.99866611 0.22810823
1383069011 0.0000000 0.99867713 0.22138530
1383085061 0.0000000 0.99750483 0.22722024
1383220929 0.0000000 0.99437809 0.98336321
1383227120 0.0000000 0.99988574 0.99952662
1383227831 0.0000000 0.99986476 0.99953133
1383234448 0.0000000 0.99993503 0.99971426
1383263545 0.0000000 0.99988449 0.99945694
1383450194 0.0000000 0.99988359 0.99958467
1383519374 0.0000000 0.99991208 0.99962413
1383809110 0.0000000 0.99988222 0.99959898
1383809501 0.0000000 0.99987948 0.99957186
1383989687 0.0000000 0.99969667 0.99924988
1384145710 0.0000000 0.99992305 0.99972278
1384544358 0.0000000 0.99985015 0.99947393
1385019362 0.0000000 0.99864066 0.99689174
1386347977 0.0000000 0.99923635 0.99767941
1386357780 0.0000000 0.99986410 0.99949223
1387916955 0.0000000 0.99980259 0.99919176
1389034180 0.0000000 0.99983716 0.99942839
1389204911 0.0000000 0.99995303 0.99962395
1389717867 0.0000000 0.99992341 0.99952817
1389724692 0.0000000 0.99993658 0.99958134
1389729005 0.0000000 0.99990636 0.99945813
1389740803 0.0000000 0.99983585 0.99926221
1389904819 0.0000000 0.99960577 0.99888194
1390517490 0.0000000 0.99985051 0.99928522
1390619771 0.0000000 0.99989843 0.99945617
1391790286 0.0000000 0.99954545 0.99858630
1393014317 0.0000000 0.99993658 0.99943519
1393065064 0.0000000 0.99972773 0.99875116
1393759985 0.0000000 0.99965227 0.99865818
1393791078 0.0000000 0.99990606 0.99937958
1394913876 0.0000000 0.99993211 0.99944937
1395061976 0.0000000 0.99994117 0.99951625
1395231566 0.0000000 0.99994361 0.99953490
1397097485 0.0000000 0.99987102 0.99941099
1397746253 0.0000000 0.99971831 0.99911988
1398443585 0.0000000 0.99975181 0.99908876
1399207416 0.0000000 0.99991745 0.99961144
1399278483 0.0000000 0.99976259 0.99926484
1399745740 0.0000000 0.99969393 0.99911660
1399746271 0.0000000 0.99987441 0.99950153
1400631673 0.0000000 0.99991715 0.99960524
1401021673 0.0000000 0.99987930 0.99946189
1401296286 0.0000000 0.99991804 0.99961656
1402085900 0.0000000 0.99719316 0.99384308
1402313583 0.0000000 0.99990869 0.99958372
1402624068 0.0000000 0.98491985 0.96795839
1402784563 0.0000000 0.99987483 0.99954361
1403034553 0.0000000 0.99970102 0.99890947
1403317269 0.0000000 0.99980593 0.99928337
1403439974 0.0000000 0.99978739 0.99924248
1404774365 0.0000000 0.99993670 0.99975455
1404925818 0.0000000 0.99983466 0.99949300
1405577514 0.0000000 0.99995136 0.99976724
1407296767 0.0000000 0.99974293 0.99910998
1407544588 0.0000000 0.99940050 0.99793476
1408047770 0.0000000 0.99994284 0.99975508
1410046387 0.0000000 0.99977148 0.99945647
1410325949 0.0000000 0.99975252 0.99938530
1410382444 0.0000000 0.99941486 0.99869901
1411247643 0.0000000 0.99991065 0.99971497
1411641303 0.0000000 0.99986178 0.99957460
1412009058 0.0000000 0.99969411 0.99926943
1412705290 0.0000000 0.99985892 0.99954337
1413207959 0.0000000 0.99815106 0.99578494
1414298821 0.0000000 0.99975270 0.99932003
1416419181 0.0000000 0.99996507 0.99983156
1416419227 0.0000000 0.99996537 0.99983227
1416540553 0.0000000 0.99986595 0.99948978
1417557685 0.0000000 0.99984396 0.99956685
1417655668 0.0000000 0.99943817 0.99865335
1418245419 0.0000000 0.99994242 0.99973708
1418533563 0.0000000 0.99984014 0.99931210
1419682925 0.0000000 0.99942005 0.99860251
1419947441 0.0000000 0.99810177 0.99585325
1419995164 0.0000000 0.99987566 0.99961418
1420012476 0.0000000 0.99991316 0.99961030
1420437226 0.0000000 0.99989742 0.99944472
1420606112 0.0000000 0.99992436 0.99952006
1420742654 0.0000000 0.99864042 0.99678415
1422083726 0.0000000 0.99977052 0.99952930
1422374758 0.0000000 0.99960148 0.99884164
1422958210 0.0000000 0.99895239 0.99776119
1423037687 0.0000000 0.99969780 0.99919218
1423603888 0.0000000 0.99912810 0.99822909
1423726535 0.0000000 0.99979359 0.99945539
1423857991 0.0000000 0.99981523 0.99948001
1424969403 0.0000000 0.99979860 0.99945986
1426114954 0.0000000 0.99887627 0.99753416
1426344314 0.0000000 0.99968511 0.99917012
1426852891 0.0000000 0.99954778 0.99889308
1427105631 0.0000000 0.99979675 0.99941760
1427483378 0.0000000 0.99983376 0.99946779
1428208678 0.0000000 0.99874532 0.99727434
1428320250 0.0000000 0.99977905 0.99935579
1428945237 0.0000000 0.99983901 0.99957097
1429127316 0.0000000 0.99978656 0.99948573
1429494176 0.0000000 0.99981153 0.99935043
1429494550 0.0000000 0.99974954 0.99928027
1429528847 0.0000000 0.99973255 0.99922520
1429530313 0.0000000 0.99982184 0.99945921
1429531199 0.0000000 0.99979752 0.99935180
1429992097 0.0000000 0.99975878 0.99932599
1430658547 0.0000000 0.99974328 0.99928892
1431333501 0.0000000 0.99981046 0.99946266
1431387795 0.0000000 0.99981087 0.99936652
1431628549 0.0000000 0.99978280 0.99951041
1432588969 0.0000000 0.99973685 0.99945903
1432601816 0.0000000 0.99967647 0.99928987
1432799863 0.0000000 0.99968112 0.99925995
1434467768 0.0000000 0.99963206 0.99892706
1434867330 0.0000000 0.99971420 0.99927652
1435335400 0.0000000 0.99973363 0.99935460
1438066750 0.0000000 0.99975842 0.99926198
1438936857 0.0000000 0.99817044 0.99612308
1439209234 0.0000000 0.99786657 0.99568290
1439418087 0.0000000 0.99970633 0.99939919
1439474882 0.0000000 0.99980152 0.99940997
1439699200 0.0000000 0.99936384 0.99867129
1441113885 0.0000000 0.99980605 0.99938917
1441128847 0.0000000 0.99972492 0.99927092
1441160293 0.0000000 0.99976265 0.99925196
1441898607 0.0000000 0.99972939 0.99931943
1442339782 0.0000000 0.99976611 0.99935281
1442345855 0.0000000 0.99985516 0.99945962
1442345878 0.0000000 0.99985510 0.99945962
1442408939 0.0000000 0.99982727 0.99941725
1442410226 0.0000000 0.99970984 0.99908805
1442413798 0.0000000 0.99976236 0.99930704
1443074281 0.0000000 0.99979597 0.99956483
1443555465 0.0000000 0.99979895 0.99946779
1444648487 0.0000000 0.99986058 0.99951088
1444736944 0.0000000 0.99975723 0.99946594
1444953165 0.0000000 0.99984163 0.99943691
1444953267 0.0000000 0.99981117 0.99940670
1445014914 0.0000000 0.99943107 0.99870765
1445221055 0.0000000 0.99982566 0.99946904
1445233331 0.0000000 0.99977142 0.99936175
1445239215 0.0000000 0.99974638 0.99930865
1446412182 0.0000000 0.99987501 0.99965739
1446412281 0.0000000 0.99981648 0.99954015
1446509184 0.0000000 0.99979824 0.99936527
1446509190 0.0000000 0.99979883 0.99936676
1446714386 0.0000000 0.99975061 0.99927586
1447167192 0.0000000 0.99956763 0.99887651
1447255999 0.0000000 0.99977601 0.99937570
1447277516 0.0000000 0.99884236 0.99750948
1448316095 0.0000000 0.99684900 0.99346566
1448671943 0.0000000 0.99921840 0.99832016
1449033717 0.0000000 0.99982327 0.99947184
1449035580 0.0000000 0.99978828 0.99938613
1449153073 0.0000000 0.99982095 0.99956495
1449935242 0.0000000 0.99977535 0.99937332
1450510821 0.0000000 0.99926239 0.99848366
1450536811 0.0000000 0.99920517 0.99830401
1450992022 0.0000000 0.99980348 0.99954516
1451199638 0.0000000 0.99938953 0.99871337
1451327726 0.0000000 0.99961472 0.99916190
1451523194 0.0000000 0.99967116 0.99933100
1451829690 0.0000000 0.99972683 0.99933428
1451928000 0.0000000 0.99961704 0.99920017
1452487977 0.0000000 0.99981117 0.99944091
1453169606 0.0000000 0.99972939 0.99936604
1453824336 0.0000000 0.99955380 0.99886584
1454422761 0.0000000 0.99984372 0.99941176
1454702246 0.0000000 0.67399216 -1.2848365
1454702308 0.0000000 0.99968642 0.99918276
1454702406 0.0000000 0.99978215 0.99943662
1454702512 0.0000000 0.99978477 0.99950784
1454978820 0.0000000 0.99981409 0.99928749
1455590759 0.0000000 0.99974072 0.99939942
1455595494 0.0000000 0.99969965 0.99932945
1455757779 0.0000000 0.99969906 0.99931419
1455758311 0.0000000 0.99979120 0.99953449
1456215987 0.0000000 0.99967152 0.99909085
1456541993 0.0000000 0.99984062 0.99950922
1457201466 0.0000000 0.99954528 0.99888301
1457276938 0.0000000 0.99950451 0.99894375
1459152479 0.0000000 0.99980372 0.99952614
1459502085 0.0000000 0.99847770 0.99673206
1459988008 0.0000000 0.99957192 0.99896568
1460294506 0.0000000 0.99962968 0.99914998
1460353509 0.0000000 0.99988186 0.99951982
1460804146 0.0000000 0.99982405 0.99953002
1461082597 0.0000000 0.99947780 0.99875820
1461607991 0.0000000 0.99981934 0.99946177
1461770234 0.0000000 0.99984890 0.99953598
1461770257 0.0000000 0.99984866 0.99953592
1461770858 0.0000000 0.99987173 0.99938023
1461781146 0.0000000 0.99971640 0.99919885
1461806086 0.0000000 0.99970984 0.99920309
1462056417 0.0000000 0.99983490 0.99952435
1462199340 0.0000000 0.99983674 0.99948913
1462521203 0.0000000 0.99985039 0.99947238
1462632669 0.0000000 0.99982387 0.99946958
1462675593 0.0000000 0.99980628 0.99956167
1463023035 0.0000000 0.99985564 0.99942720
1463023251 0.0000000 0.99978811 0.99942613
1463023282 0.0000000 0.99976593 0.99936402
1463027395 0.0000000 0.99983275 0.99950778
1463127852 0.0000000 0.99988222 0.99956030
1463195522 0.0000000 0.99977988 0.99933273
1463196768 0.0000000 0.99980885 0.99939328
1463530965 0.0000000 0.99975693 0.99933118
1463863900 0.0000000 0.99968266 0.99927956
1463882779 0.0000000 0.99965614 0.99925983
1464184475 0.0000000 0.99944526 0.99886543
1464544116 0.0000000 0.99967718 0.99918056
1464576767 0.0000000 0.99977440 0.99937409
1464630651 0.0000000 0.99973100 0.99937946
1464672226 0.0000000 0.99985862 0.99962866
1466204142 0.0000000 0.99963492 0.99905175
1466383187 0.0000000 0.99972403 0.99940133
1466409210 0.0000000 0.99952590 0.99892682
1466715930 0.0000000 0.99980754 0.99943012
1467361422 0.0000000 0.99973351 0.99940521
1469019333 0.0000000 0.99983561 0.99961519
1469592155 0.0000000 0.99984324 0.99952519
1471008941 0.0000000 0.99908954 0.99813384
1471908408 0.0000000 0.99978215 0.99949384
1472660934 0.0000000 0.99979246 0.99949259
1473440050 0.0000000 0.99960363 0.99912494
1475769120 0.0000000 0.99981803 0.99959707
1477370752 0.0000000 0.99975199 0.99945587
1478519786 0.0000000 0.99979073 0.99948162
1478903131 0.0000000 0.99979955 0.99941409
1480024554 0.0000000 0.99981260 0.99941003
1480377579 0.0000000 0.99974346 0.99931705
1480507474 0.0000000 0.99974889 0.99939603
1481256588 0.0000000 0.99979532 0.99933386
1481811269 0.0000000 0.99970788 0.99915493
1483057851 0.0000000 0.99984360 0.99948645
1483513641 0.0000000 0.99971282 0.99925852
1484155863 0.0000000 0.99975038 0.99941885
1484797338 0.0000000 0.99847996 0.99677396
1484900187 0.0000000 0.99934340 0.99847764
1485329586 0.0000000 0.99983478 0.99946374
1486746772 0.0000000 0.99984807 0.99943727
1487420859 0.0000000 0.99979556 0.99928916
1487652197 0.0000000 0.98462188 0.96701914
1488212310 0.0000000 0.99980104 0.99937183
1488924651 0.0000000 0.99983186 0.99926913
1489967289 0.0000000 0.99964190 0.99902850
1490066029 0.0000000 0.99860436 0.99716944
1490805242 0.0000000 0.99978048 0.99942392
1492112471 0.0000000 0.99979001 0.99935573
1492367656 -0.20000000 0.39993867 -1.5555930
1493517442 0.0000000 0.99980760 0.99958318
1493960850 0.0000000 0.99976200 0.99945521
1493986611 0.0000000 0.99975067 0.99948281
1494932580 5.00000007E-02 0.33086237 -3457.9875
1495631454 0.0000000 0.68468052 0.12921691
1495691291 0.0000000 0.99988812 0.99977803
1495956669 0.0000000 0.99504846 0.98969036
1495999757 0.0000000 0.99975622 0.99929243
1496582686 0.0000000 0.99981415 0.99935770
1497967350 0.0000000 0.99913216 0.99822462
1498029939 0.0000000 0.99983549 0.99949926
1500318986 0.0000000 0.99984086 0.99958950
1501139292 0.0000000 0.99961519 0.99917662
1501845585 0.0000000 0.99981695 0.99962783
1502294736 0.0000000 0.99978364 0.99954861
1502416734 0.0000000 0.99978858 0.99957263
1502582915 0.0000000 0.99975282 0.99949175
1504364658 0.0000000 0.99970281 0.99938792
1505096741 0.0000000 0.99957889 0.99909967
1505687994 0.0000000 0.99980497 0.99945438
1505917796 0.0000000 0.99968570 0.99931270
1506232185 0.0000000 0.99957031 0.99899143
1506549399 0.0000000 0.99969566 0.99919361
1507505391 0.0000000 0.99982369 0.99955982
1507747520 0.0000000 0.99971330 0.99924058
1508582157 0.0000000 0.99936670 0.99851167
1509318944 0.0000000 0.99981719 0.99942428
1509677295 0.0000000 0.99976343 0.99950641
1509677339 0.0000000 0.99976617 0.99951100
1509752088 0.0000000 0.99980670 0.99939555
1510398879 0.0000000 0.99985933 0.99959588
1510402973 0.0000000 0.99986112 0.99968553
1510440860 0.0000000 0.99932659 0.99852949
1510947032 0.0000000 0.99959421 0.99903083
1511360409 0.0000000 0.99988443 0.99969810
1511470532 0.0000000 0.99984652 0.99962002
1512230735 0.0000000 0.99832624 0.99653900
1512377977 0.0000000 0.99983490 0.99949080
1512704669 0.0000000 0.99985272 0.99954486
1513120660 0.0000000 0.99960363 0.99906147
1516168751 0.0000000 0.99981475 0.99944919
1516984288 0.0000000 0.99976850 0.99944556
1517686257 0.0000000 0.99973452 0.99921548
1517749972 0.0000000 0.99981689 0.99940729
1517752600 0.0000000 0.99986094 0.99940670
1517752662 0.0000000 0.99981534 0.99944818
1517753127 0.0000000 0.99978137 0.99936062
1517753452 0.0000000 0.99984819 0.99942142
1517753522 0.0000000 0.99984825 0.99942064
1517753592 0.0000000 0.99984574 0.99941856
1517753815 0.0000000 0.99980813 0.99930888
1517758427 0.0000000 0.99975628 0.99923950
1517763262 0.0000000 0.99969101 0.99911606
1517821602 0.0000000 0.99977690 0.99928486
1517823894 0.0000000 0.99972439 0.99907756
1517846321 0.0000000 0.99984568 0.99944007
1517852233 0.0000000 0.99968129 0.99908888
1517893754 0.0000000 0.99978828 0.99924272
1517906208 0.0000000 0.99974757 0.99923855
1517932241 0.0000000 0.99973661 0.99922961
1517932280 0.0000000 0.99974561 0.99920839
1517932282 0.0000000 0.99974799 0.99920958
1517932427 0.0000000 0.99982017 0.99938160
1517932434 0.0000000 0.99982202 0.99937528
1517932492 0.0000000 0.99980330 0.99941075
1517933877 0.0000000 0.99985284 0.99946016
1517940013 0.0000000 0.99976230 0.99941146
1517940459 0.0000000 0.99981570 0.99931192
1517944528 0.0000000 0.99988353 0.99964917
1517945796 0.0000000 0.99985069 0.99938142
1517950582 0.0000000 0.99978566 0.99926054
1517958702 0.0000000 0.99980533 0.99928576
1517960631 0.0000000 0.99983257 0.99919969
1517969882 0.0000000 0.99979180 0.99932492
1517974578 0.0000000 0.99981958 0.99943465
1517998787 0.0000000 0.99977404 0.99927461
1518001985 0.0000000 0.99986494 0.99945623
1518008800 0.0000000 0.99981916 0.99937928
1518008880 0.0000000 0.99971992 0.99911088
1518013159 0.0000000 0.99979156 0.99913388
1518016890 0.0000000 0.99984062 0.99946362
1518016916 0.0000000 0.99984044 0.99946362
1518051257 0.0000000 0.99987805 0.99949884
1518059164 0.0000000 0.99983513 0.99932665
1518142443 0.0000000 0.99978316 0.99937534
1518201789 0.0000000 0.99978703 0.99932879
1518248929 0.0000000 0.99985784 0.99931955
1518858396 0.0000000 0.99980068 0.99948710
1518981709 0.0000000 0.99979442 0.99951339
1519051621 0.0000000 0.99986660 0.99953979
1519254641 0.0000000 0.99980998 0.99921453
1519583320 0.0000000 0.99987262 0.99949622
1519962147 0.0000000 0.99978578 0.99919957
1520098551 0.0000000 0.99967223 0.99901170
1520329330 0.0000000 0.99910843 0.99797285
1521024527 0.0000000 0.99974549 0.99914479
1521537776 0.0000000 0.72325200 -0.77646840
1521728871 0.0000000 0.99987149 0.99956274
1522232997 0.0000000 0.99978578 0.99930757
1522282670 0.0000000 0.99985439 0.99952340
1522598524 0.0000000 0.99990648 0.99966705
1523432369 0.0000000 0.99975997 0.99944812
1523886539 0.0000000 0.99983251 0.99935973
1524201906 0.0000000 0.99951398 0.99889112
1524248877 0.0000000 0.99689555 0.99346417
1524308214 0.0000000 0.99974966 0.99936414
1524503432 0.0000000 0.99973607 0.99924976
1524721460 0.0000000 0.99982548 0.99947268
1524721601 0.0000000 0.99986845 0.99957514
1524808553 0.0000000 0.99984419 0.99945021
1525218424 0.0000000 0.99985790 0.99945676
1526098666 0.0000000 0.99977291 0.99927646
1527728598 0.0000000 0.99982655 0.99950743
1527904870 0.0000000 0.99982625 0.99948210
1528731725 0.0000000 0.99975312 0.99931765
1528750347 0.0000000 0.99981236 0.99940246
1528856173 0.0000000 0.99939030 0.99867511
1529096035 0.0000000 0.99982905 0.99953800
1529334375 0.0000000 0.99804819 0.99594712
1529522338 0.0000000 0.99978685 0.99945259
1530516370 0.0000000 0.99981028 0.99961877
1530516385 0.0000000 0.99980515 0.99960524
1530609654 0.0000000 0.99976790 0.99952352
1531312909 0.0000000 0.99985468 0.99949813
1531507119 0.0000000 0.99968511 0.99930072
1532050755 0.0000000 0.99976957 0.99949044
1533217098 0.0000000 0.99981481 0.99957174
1533504622 0.0000000 0.99851531 0.99689192
1533801692 0.0000000 0.99950153 0.99895561
1534500582 0.0000000 0.99987113 0.99965942
1534551317 0.0000000 0.99985850 0.99957728
1535572403 0.0000000 0.99890858 0.99763107
1535660064 0.0000000 0.99846321 0.99677032
1536498994 0.0000000 0.99979454 0.99949104
1536641006 0.0000000 0.99975121 0.99932486
1536700815 0.0000000 0.99965119 0.99917728
1538633849 0.0000000 0.99943370 0.99885392
1538766649 0.0000000 0.99946839 0.99891776
1539072778 0.0000000 0.99969423 0.99935293
1539164591 0.0000000 0.99861223 0.99712181
1540269298 0.0000000 0.99985123 0.99956065
1540310644 0.0000000 0.99977410 0.99937034
1541624711 0.0000000 0.99957609 0.99901205
1541712486 0.0000000 0.99215317 0.98353589
1542328459 0.0000000 0.99952954 0.99891359
1542608341 0.0000000 0.99968624 0.99927729
1542638415 0.0000000 0.99948847 0.99873322
1542645094 0.0000000 0.99955106 0.99897438
1543190243 0.0000000 0.99981040 0.99952704
1543191316 0.0000000 0.99959797 0.99916041
1543236658 0.0000000 0.99978822 0.99949932
1543238642 0.0000000 0.99961233 0.99915600
1543314575 0.0000000 0.99978262 0.99949008
1544368541 0.0000000 0.99979615 0.99945110
1544439487 0.0000000 0.99980581 0.99949449
1544621063 0.0000000 0.99984282 0.99951178
1544908865 0.0000000 0.99990976 0.99952656
1545710204 0.0000000 0.99982953 0.99949962
1546538568 0.0000000 0.99977690 0.99945885
1546949806 0.0000000 0.99982363 0.99950820
1548127166 0.0000000 0.99980503 0.99946308
1548825695 0.0000000 0.99978358 0.99934667
1548861293 0.0000000 0.99980795 0.99948651
1549366351 0.0000000 0.99937785 0.99853808
1549558324 0.0000000 0.88394487 0.77378428
1550239687 0.0000000 0.99987406 0.99946028
1551558867 0.0000000 0.99896568 0.99789965
1552012334 0.0000000 0.99987096 0.99960989
1552127531 0.0000000 0.98589426 0.97038734
1552421955 0.0000000 0.99975866 0.99925816
1552451554 0.0000000 0.99991250 0.99969238
1552511242 0.0000000 0.99976790 0.99930590
1552697151 0.0000000 0.99985534 0.99960053
1552968094 0.0000000 0.99972415 0.99923110
1553256348 0.0000000 0.99959964 0.99909180
1553414210 0.0000000 0.99904227 0.99786103
1554087275 0.0000000 0.99953169 0.99890977
1554172029 0.0000000 0.99889350 0.99736071
1554256375 0.0000000 0.99985605 0.99946719
1554343015 0.0000000 0.99975634 0.99934781
1554382610 0.0000000 0.99983722 0.99932051
1554499495 0.0000000 0.99980134 0.99955434
1554706689 0.0000000 0.99977356 0.99919969
1554822801 0.0000000 0.99984592 0.99942303
1554841453 0.0000000 0.99987227 0.99940777
1554850672 0.0000000 0.99985260 0.99941438
1555563667 0.0000000 0.99986720 0.99937308
1556793883 0.0000000 0.99981230 0.99941170
1556970683 0.0000000 0.99923092 0.99832898
1557330527 0.0000000 0.99941713 0.99853218
1557737721 0.0000000 0.99978441 0.99936974
1558197514 0.0000000 0.99972183 0.99921131
1558379328 0.0000000 0.99634308 0.99223828
1558489044 0.0000000 0.99979496 0.99939531
1558591969 0.0000000 0.99983114 0.99938858
1559317998 0.0000000 0.99985194 0.99948597
1559641578 0.0000000 0.99977177 0.99929750
1559762840 0.0000000 0.99982864 0.99946743
1560870606 0.0000000 0.99955970 0.99889416
1561237205 0.0000000 0.99952042 0.99893230
1561242160 0.0000000 0.99958640 0.99911696
1561825206 0.0000000 0.99946696 0.99875188
1561837452 0.0000000 0.99986631 0.99953437
1562610935 0.0000000 0.99980837 0.99940383
1562880116 0.0000000 0.99982083 0.99944311
1563275550 0.0000000 0.99958909 0.99900812
1563531230 0.0000000 0.99979663 0.99937725
1563768365 0.0000000 0.99935472 0.99847347
1563850922 0.0000000 0.99852580 0.99667871
1564123196 0.0000000 0.99964428 0.99900520
1564190683 0.0000000 0.99982971 0.99940401
1564649429 0.0000000 0.99967110 0.99920911
1564753988 0.0000000 0.99977404 0.99928296
1564784683 0.0000000 0.99982673 0.99932587
1565054388 0.0000000 0.99985182 0.99950677
1565055090 0.0000000 0.99982941 0.99938691
1565213283 0.0000000 0.99987113 0.99957281
1565218942 0.0000000 0.99936360 0.99857801
1565905300 0.0000000 0.99991298 0.99977809
1566053525 0.0000000 0.99976438 0.99941880
1566053530 0.0000000 0.99976450 0.99941891
1566074882 0.0000000 0.99976200 0.99944657
1566101114 0.0000000 0.99986511 0.99952781
1566598377 0.0000000 0.99859959 0.99707752
1566648618 0.0000000 0.99677515 0.99312764
1567237819 0.0000000 0.99971116 0.99917710
1567471650 0.0000000 0.99979299 0.99935538
1567604000 0.0000000 0.99945021 0.99874848
1567917359 0.0000000 0.99970412 0.99907887
1568005668 0.0000000 0.99979168 0.99949616
1568095682 0.0000000 0.99978691 0.99941617
1569863578 0.0000000 0.99981618 0.99954903
1570468626 0.0000000 0.99968582 0.99907494
1571312673 0.0000000 0.99981070 0.99940801
1571861758 0.0000000 0.98650205 0.97164690
1572218883 0.0000000 0.99957341 0.99893016
1573491297 0.0000000 0.99922860 0.99829084
1573495893 0.0000000 0.99823087 0.99621224
1574645562 0.0000000 0.99974245 0.99928230
1575564604 0.0000000 0.99833804 0.99645281
1575660753 0.0000000 0.99962896 0.99907619
1576495557 0.0000000 0.99989277 0.99942088
1577769501 0.0000000 0.99981320 0.99958789
1577819410 0.0000000 0.99986088 0.99936891
1578293635 0.0000000 0.99990851 0.99968219
1578510402 0.0000000 0.99977893 0.99916142
1579404154 0.0000000 0.99976128 0.99906886
1579703564 0.0000000 0.99956864 0.99882609
1580749376 0.0000000 0.99987322 0.99934810
1581076659 0.0000000 0.99969608 0.99912649
1581616159 0.0000000 0.99986798 0.99932623
1581629921 0.0000000 0.99987966 0.99940276
1581764406 0.0000000 0.99985337 0.99903125
1581764700 0.0000000 0.99987847 0.99917829
1581794413 0.0000000 0.99981993 0.99916345
1582090065 0.0000000 0.99981809 0.99910957
1582113307 0.0000000 0.99985242 0.99932766
1582546233 0.0000000 0.99977100 0.99900204
1582592414 0.0000000 0.99926668 0.99805915
1582629242 0.0000000 0.99989545 0.99934202
1582695255 0.0000000 0.99983376 0.99927664
1584677477 0.0000000 0.99957913 0.99870348
1585787701 0.0000000 0.99897671 0.99786621
1586304460 0.0000000 0.99975944 0.99930489
1586389759 0.0000000 0.99980670 0.99925733
1586537097 0.0000000 0.99986291 0.99957126
1586691401 0.0000000 0.99971163 0.99915820
1587481331 0.0000000 0.99976754 0.99919260
1588476280 0.0000000 0.99983758 0.99953806
1589003116 0.0000000 0.99980086 0.99945331
1589548020 0.0000000 0.97914493 0.95605147
1589756010 0.0000000 0.99973702 0.99924493
1589910785 0.0000000 0.99920648 0.99812299
1590311534 0.0000000 0.97259122 0.94093162
1590359490 0.0000000 0.99986124 0.99942362
1590694463 0.0000000 0.99989158 0.99967963
1590843750 0.0000000 0.99984193 0.99936378
1591494563 0.0000000 0.99984479 0.99940032
1591839506 0.0000000 0.99984193 0.99944878
1591921295 0.0000000 0.99978876 0.99939334
1592079539 0.0000000 0.99984360 0.99933493
1592349420 0.0000000 0.99962640 0.99899447
1593214064 0.0000000 0.99974900 0.99939567
1593241888 0.0000000 0.99967450 0.99919081
1593407313 0.0000000 0.99973869 0.99938011
1593435168 0.0000000 0.99982661 0.99940431
1593519432 0.0000000 0.99968177 0.99931443
1594227272 0.0000000 0.99980223 0.99948400
1594265063 0.0000000 0.99984056 0.99948800
1594267923 0.0000000 0.99975687 0.99926353
1594526768 0.0000000 0.99910194 0.99801427
1594546164 0.0000000 0.99782878 0.99546248
1595767949 0.0000000 0.99987346 0.99937350
1597107665 0.0000000 0.99962372 0.99903983
1597123796 0.0000000 0.99953485 0.99896854
1597187246 0.0000000 0.99961776 0.99896419
1597774608 0.0000000 0.99935818 0.99856144
1597797181 0.0000000 0.99983126 0.99957395
1597806811 0.0000000 0.99981833 0.99959898
1598480108 0.0000000 0.99973011 0.99931401
1598847265 0.0000000 0.98784333 0.97486001
1599036279 0.0000000 0.99977750 0.99948305
1600306672 0.0000000 0.99985403 0.99954140
1600646088 0.0000000 0.99974602 0.99935609
1600833602 0.0000000 0.99979663 0.99946618
1601017581 0.0000000 0.99970359 0.99914384
1601326254 0.0000000 0.99992460 0.99969244
1601342057 0.0000000 0.99982870 0.99948418
1601440640 0.0000000 0.99979717 0.99936205
1601863505 0.0000000 0.99981457 0.99959439
1602517184 0.0000000 0.99977088 0.99928910
1602946993 0.0000000 0.99975246 0.99947739
1602947159 0.0000000 0.99978238 0.99950528
1603087586 0.0000000 0.99563241 0.99082321
1603396062 0.0000000 0.99914867 0.99821758
1603674483 0.0000000 0.99957103 0.99889827
1604358861 0.0000000 0.99965781 0.99905443
1604426346 0.0000000 0.99970627 0.99938083
1604601372 0.0000000 0.99982548 0.99955678
1604626818 0.0000000 0.99973214 0.99923271
1605130406 0.0000000 0.99984139 0.99936146
1605130534 0.0000000 0.99977142 0.99923688
1605266102 0.0000000 0.99974602 0.99923152
1605511152 0.0000000 0.99987024 0.99962616
1605551866 0.0000000 0.99979001 0.99939418
1605557664 0.0000000 0.99980867 0.99945664
1605621503 0.0000000 0.99892104 0.99751252
1605662576 0.0000000 0.99889868 0.99760562
1606582085 0.0000000 0.99904662 0.99807304
1606657334 0.0000000 0.99983507 0.99942142
1607578178 0.0000000 0.99979532 0.99945068
1607606398 0.0000000 0.99989659 0.99959880
1607606851 0.0000000 0.99947494 0.99878800
1607624108 0.0000000 0.99985844 0.99945652
1608317519 0.0000000 0.99853283 0.99699622
1608385359 0.0000000 0.99833912 0.99640763
1609436522 0.0000000 0.99920976 0.99817979
1609594007 0.0000000 0.99978781 0.99927700
1610162996 0.0000000 0.97036266 0.93603057
1610192153 0.0000000 0.99989289 0.99946749
1610249009 0.0000000 0.99977559 0.99913198
1610838659 0.0000000 0.99989593 0.99956203
1611559538 0.0000000 0.99979639 0.99930573
1611565557 0.0000000 0.99969608 0.99912083
1611574763 0.0000000 0.99970174 0.99913394
1611584686 0.0000000 0.99848861 0.99672467
1611818971 0.0000000 0.99986535 0.99942142
