842984365 0.0000000 0.94741333 0.89204097
846839283 0.0000000 0.99747604 0.99489939
847935551 0.0000000 0.99882478 0.99757469
850676186 0.0000000 0.99762875 0.99514556
850877408 0.0000000 0.99852073 0.99678510
850908023 0.0000000 0.99821395 0.99623895
851184320 0.0000000 0.96946543 0.93636298
851550736 0.0000000 0.99034488 0.98075497
852186702 0.0000000 0.99546701 0.99093002
852329204 0.0000000 0.90981030 0.80405241
852460456 0.0000000 0.99847251 0.99663842
852489653 0.0000000 0.99657798 0.99315822
852515472 0.0000000 0.95152187 0.89909738
853272363 0.0000000 0.88453662 0.73600280
853376840 0.0000000 0.99877906 0.99752730
853407944 0.0000000 0.97883278 0.95715934
853607627 0.0000000 0.99752390 0.99492031
853739580 0.0000000 0.97904760 0.95748496
856345761 0.0000000 0.97413862 0.94786799
857058283 0.0000000 0.97475767 0.94836015
857344712 0.0000000 0.86787510 0.70500827
857979217 0.0000000 0.99123389 0.98253429
858004916 0.0000000 0.92693883 0.84023291
859199163 0.0000000 0.97157985 0.94217396
859246340 0.0000000 0.99412948 0.98823220
861746294 0.0000000 0.69661766 -3.69879007E-02
862185572 0.0000000 0.97985643 0.95968890
862608623 0.0000000 0.98536199 0.97046167
862627573 0.0000000 0.99851626 0.99689561
863479085 0.0000000 0.38287115 -4.2736931
863693027 0.0000000 0.63345045 -0.47968292
863763297 0.0000000 0.41430160 -4.3367319
864384080 0.0000000 0.77632231 0.35371298
864454998 0.0000000 0.46038851 -2.6182890
865120897 0.0000000 0.80196929 0.46696121
866316320 0.0000000 0.92150855 0.83081895
866599410 0.0000000 0.99755991 0.99492288
866972164 0.0000000 0.99683070 0.99351364
867426807 0.0000000 0.55429071 -1.0907705
868041450 0.0000000 0.99886101 0.99739158
868379187 0.0000000 0.86183596 0.66176045
868522793 0.0000000 0.90965831 0.79926121
868964733 0.0000000 0.99157965 0.98317587
870283927 0.0000000 0.59534544 -0.71208560
870770473 0.0000000 0.83094877 0.57797527
872088689 0.0000000 0.66054493 -0.27331209
872425059 0.0000000 0.96032834 0.91776299
872437680 0.0000000 0.87228501 0.69731653
872449116 0.0000000 0.97494924 0.94953173
872491072 0.0000000 0.75137091 0.21420872
872492263 0.0000000 0.89445508 0.76969129
873735427 0.0000000 0.96093744 0.92072922
875433266 0.0000000 0.95860583 0.91465181
875453385 0.0000000 0.22023360 -16.595676
876594265 0.0000000 0.99812305 0.99603873
877094056 0.0000000 0.99647999 0.99295127
877518611 0.0000000 0.53667158 -1.2728412
877518986 0.0000000 0.99773401 0.99457490
877546907 0.0000000 0.72598845 0.13473141
877747215 0.0000000 0.91924089 0.82804704
882844545 0.0000000 0.88474828 0.72354543
883382199 0.0000000 0.87125963 0.68861598
884800485 0.0000000 0.99375856 0.98755813
884800633 0.0000000 0.99224561 0.98451406
885153411 0.0000000 0.99827498 0.99634898
885163200 0.0000000 0.97574806 0.95097345
885338978 0.0000000 0.99868041 0.99727350
886836052 0.0000000 0.99203527 0.98408574
887739663 0.0000000 0.64064056 -0.39281452
887763450 0.0000000 0.73013127 0.16682357
888302731 0.0000000 0.94239736 0.88147849
888303585 0.0000000 0.94290990 0.87834847
889317344 0.0000000 0.99775392 0.99542820
889596008 0.0000000 0.99470836 0.98939973
889636914 0.0000000 0.99667877 0.99320519
894747219 0.0000000 0.99057889 0.98124254
895144921 0.0000000 0.89149415 0.74894953
895222228 0.0000000 0.97007269 0.93922198
895422961 0.0000000 0.90866464 0.79867542
895825584 0.0000000 0.73565745 0.16118443
896509358 0.0000000 0.98712730 0.97440308
899724834 0.0000000 0.95178580 0.89949411
900181394 0.0000000 0.92605948 0.84243351
900651074 5.00000007E-02 0.78371531 0.34999979
900701079 0.0000000 0.99200773 0.98388857
900781359 0.0000000 0.99856240 0.99707162
900871111 0.0000000 0.99709952 0.99385196
900952524 0.0000000 0.95547640 0.91015643
901305843 0.0000000 0.99909133 0.99764514
901786541 0.0000000 0.99146205 0.98297781
901877006 0.0000000 0.96913016 0.93792260
902801269 0.0000000 0.99641049 0.99259460
904013371 0.0000000 0.87946111 0.72578496
904905650 0.0000000 0.99572068 0.99117160
905363640 0.0000000 0.98260587 0.96516889
905409966 0.0000000 0.99596983 0.99189901
905583188 0.0000000 0.73552680 0.21195966
905664888 0.0000000 0.99764156 0.99489045
905697214 0.0000000 0.44185644 -2.7554338
905921771 0.0000000 0.98899102 0.97801703
906395377 0.0000000 0.94802606 0.89052421
907937571 0.0000000 0.99892414 0.99763560
908081794 0.0000000 0.90318507 0.78175610
908297657 0.0000000 0.90613937 0.79094607
938233153 -300.05002 NaN 0.0000000
938239989 -300.05002 NaN 0.0000000
938249011 -300.05002 NaN 0.0000000
938280361 -300.05002 NaN 0.0000000
938292712 -300.05002 NaN 0.0000000
938296447 -300.05002 NaN 0.0000000
938301077 -300.05002 NaN 0.0000000
938405002 -300.05002 NaN 0.0000000
938405506 -300.05002 NaN 0.0000000
938415640 -300.05002 NaN 0.0000000
938417299 -300.05002 NaN 0.0000000
938497922 0.34999999 0.33940804 -0.31195259
938498029 0.34999999 0.34040460 -0.30987692
938533419 0.75000000 0.28445309 -0.51559234
938538992 0.10000000 0.25537667 -0.66840219
938559689 -0.34999999 0.32799855 -0.35381961
938653443 0.30000001 0.45037118 -8.88297558E-02
938661090 0.45000002 0.37827533 -0.26476467
938684670 0.34999999 0.36589399 -0.45823109
938684985 0.10000000 0.50896406 -0.71613741
938685159 0.10000000 0.50932550 -0.71568775
938718118 0.15000001 0.28189665 -0.50131118
938752742 0.40000001 0.44406036 -0.22630119
938782450 0.34999999 0.26017472 -0.47050190
938800412 0.10000000 0.20310314 -0.79834843
938840074 0.15000001 0.23403002 -0.59467530
938875726 0.20000000 0.33924848 -0.36493373
938884454 0.25000000 0.26726291 -0.47271252
938902620 0.45000002 0.61014205 0.21737218
938928221 -0.30000001 0.39338201 -0.38075626
938929942 0.10000000 0.41761276 -0.25219011
938985195 0.10000000 0.28409836 -0.60737705
938985199 0.10000000 0.28384537 -0.60921013
938994192 0.10000000 0.37171999 -0.42472851
939039975 0.34999999 0.28662115 -0.42353499
939086024 -0.34999999 0.26174581 -0.47153223
939125897 0.55000001 0.39173552 -0.21238852
939128833 -0.34999999 0.25897726 -0.48116767
939181528 0.30000001 0.32174784 -0.36659098
939182868 0.34999999 0.36181417 -0.29019141
939182938 0.40000001 0.44534448 -0.14754546
939314050 -0.50000000 0.43690193 -0.14543056
939350917 0.30000001 0.41152114 -0.17352581
939430120 0.15000001 0.34014070 -0.37510633
939441491 0.34999999 0.32056451 -0.36971033
939669011 -0.45000002 0.25274652 -0.48781192
939738651 0.0000000 0.95512396 0.90598416
939778786 0.0000000 0.99837416 0.99669790
940013295 0.0000000 0.98711360 0.97417170
940077118 0.0000000 0.99764431 0.99526793
940223787 0.0000000 0.97764480 0.95469075
940260686 0.0000000 0.99819601 0.99636424
940262445 0.0000000 0.99920732 0.99836397
940262518 0.0000000 0.99919128 0.99832755
940269334 0.0000000 0.99881274 0.99758816
940402039 0.0000000 0.84720480 0.60383439
940468923 0.0000000 0.91860813 0.81691027
940476855 0.0000000 0.98938894 0.97856009
940539108 0.0000000 0.99414623 0.98824495
940558736 0.0000000 0.94119793 0.83281106
940559247 0.0000000 0.99935263 0.99864924
940560205 0.0000000 0.99917865 0.99834037
940561817 0.0000000 0.88639557 0.28939199
940581254 0.0000000 0.99935186 0.99860162
940615024 0.0000000 0.99942619 0.99879664
940698483 0.0000000 0.99940932 0.99859345
940709625 0.0000000 0.79208934 0.41706765
940713046 0.0000000 0.99878561 0.99755490
940716409 0.0000000 0.99851310 0.99700665
940732771 0.0000000 0.98997200 0.97963691
941169407 0.0000000 0.85624933 0.64664650
941240702 0.0000000 0.89574379 0.75999165
941266965 0.0000000 0.98618633 0.97213626
941268765 0.0000000 0.99457341 0.98914433
941272069 0.0000000 0.99880636 0.99746263
941272235 0.0000000 0.95818490 0.91249681
941288463 0.0000000 0.98843408 0.97684914
941443051 0.0000000 0.97236139 0.94309306
941478782 0.0000000 0.99518037 0.99009061
941664850 0.0000000 0.97209513 0.91698068
942100720 0.0000000 0.92808878 0.84026593
942368989 0.0000000 0.99953437 0.99898505
942522421 0.0000000 0.92390519 0.82812065
942522833 0.0000000 0.97874618 0.95629305
942650721 0.0000000 0.99876928 0.99752444
942663367 0.0000000 0.99835032 0.99663514
942689449 0.0000000 0.99924660 0.99791223
942824109 0.0000000 0.99864697 0.99727476
942824158 0.0000000 0.99410862 0.98819339
943068575 0.0000000 0.99174148 0.98336583
943611150 0.0000000 0.98420078 0.96725130
943821740 0.0000000 0.99940789 0.99880695
943824350 0.0000000 0.99946254 0.99890286
943825521 0.0000000 0.40213475 -5.1774426
944504073 0.0000000 0.85429424 0.63464218
944668884 0.0000000 0.85650635 0.63497007
946059252 0.0000000 0.99857318 0.99711591
947114226 0.0000000 0.99631190 0.99261111
947114473 0.0000000 0.98791635 0.97543657
948054125 0.0000000 0.96438777 0.92540878
948390129 0.0000000 0.99602932 0.99184084
948631348 0.0000000 0.99728328 0.99448735
949249486 0.0000000 0.60684353 -0.76769984
949263715 0.0000000 0.99760026 0.99515265
949566570 0.0000000 0.91929597 0.81558067
949603687 0.0000000 0.99590266 0.99180335
949879457 0.0000000 0.99209726 0.98385799
950224447 0.0000000 0.84354264 0.57301486
950650398 0.0000000 0.82726145 0.12802720
951234151 0.0000000 0.99654591 0.99303645
951353069 0.0000000 0.89979464 0.76415610
951459176 0.0000000 0.98448569 0.96869355
951553401 0.0000000 0.99281937 0.98559010
952578524 0.0000000 0.99903715 0.99804717
953167073 0.0000000 0.99821824 0.99635303
953212255 0.0000000 0.99813735 0.99473357
953455846 0.0000000 0.81182343 0.49675882
953488627 0.0000000 0.99881214 0.99760723
953907196 0.0000000 0.91820753 0.81707728
954673370 0.0000000 0.97854060 0.95528406
955676198 0.0000000 0.98170155 0.96289986
956035742 0.0000000 0.87130314 0.68375874
956153058 0.0000000 0.99533558 0.99061507
956694214 0.0000000 0.99936807 0.99870843
958533946 0.0000000 0.99918544 0.99834192
958534040 0.0000000 0.99823171 0.99637258
958587166 0.0000000 0.98666233 0.97249770
958663136 0.0000000 0.99810797 0.99617243
960256179 0.0000000 0.93504423 0.85851747
960661409 0.0000000 0.99826831 0.99653912
960661589 0.0000000 0.99662876 0.99324059
960661674 0.0000000 0.99160349 0.98316878
960662889 0.0000000 0.98642874 0.97234803
960754280 0.0000000 0.98209965 0.96314138
961116366 0.0000000 0.90156597 0.77283204
961368290 0.0000000 0.99597615 0.99185878
961399971 0.0000000 0.99651396 0.99303204
961451784 0.0000000 0.99924451 0.99846947
961469614 0.0000000 0.41861251 -3.7486100
962192101 0.0000000 0.97441298 0.94798225
962853138 0.0000000 0.99625230 0.99228781
962873883 0.0000000 0.99876523 0.99751335
962965068 0.0000000 0.98828501 0.97594845
963001962 0.0000000 0.86724150 0.67838728
963210193 0.0000000 0.87755990 0.72407711
963217977 0.0000000 0.91753107 0.81092483
963509765 0.0000000 0.98996031 0.97987175
963525670 0.0000000 0.99658328 0.99311680
963533252 0.0000000 0.99922520 0.99840951
963559100 0.0000000 0.86651915 0.67059040
963567650 0.0000000 0.96386725 0.92248064
963568050 0.0000000 0.78807521 0.38379073
963585926 0.0000000 0.46324402 -2.5173960
963615874 0.0000000 0.96373063 0.92349619
963717707 0.0000000 0.99806994 0.99611402
963816639 0.0000000 0.92377192 0.83163357
963981993 0.0000000 0.85721147 0.65998852
964476636 0.0000000 0.72350669 0.10362345
964816087 0.0000000 0.97535443 0.94590634
965205271 0.0000000 0.97433931 0.94611526
965442747 0.0000000 0.61440247 -0.57684362
965555500 0.0000000 0.49350119 -1.8742607
965617867 0.0000000 0.97375679 0.94618225
966082949 0.0000000 0.93841571 0.86715257
966754777 0.0000000 0.98678499 0.97320586
966768493 0.0000000 0.99839318 0.99677020
966768672 0.0000000 0.95911682 0.91327214
966798273 0.0000000 0.99200213 0.98385161
966876143 0.0000000 0.93824947 0.86836749
966991756 0.0000000 0.99816591 0.99631649
967018437 0.0000000 0.62360901 -0.64150548
967800278 0.0000000 0.97326744 0.94432765
968576086 0.0000000 0.99553543 0.99108374
968669370 0.0000000 0.66612566 -0.23885298
968735354 0.0000000 0.20862497 -14.352190
968815712 0.0000000 0.49373558 -2.1208737
968976446 0.0000000 0.80865580 0.45786375
969144830 0.0000000 0.96848971 0.93385482
969145452 0.0000000 0.90159452 0.77419496
969456259 0.0000000 0.32192975 -7.4272394
970270882 0.0000000 0.97755492 0.95428663
970691362 0.0000000 0.56453061 -1.1400208
972371517 0.0000000 0.82678086 0.55774856
972935645 0.0000000 0.70915306 -1.72290802E-02
974678829 0.0000000 0.53042287 -1.5397985
974978532 0.0000000 0.33130580 -7.0913973
975495633 0.0000000 0.97566485 0.94843245
975505300 0.0000000 0.62564433 -0.47791708
976442918 0.0000000 0.99353820 0.98702693
976476644 0.0000000 0.99917072 0.99830759
976653172 0.0000000 0.96599275 0.92840183
977484180 0.0000000 0.97316998 0.94395494
977800861 0.0000000 0.99382102 0.98752046
977801150 0.0000000 0.72840768 0.10291433
977994086 0.0000000 0.99900347 0.99799693
978113008 0.0000000 0.99814963 0.99628770
978169408 0.0000000 0.98249984 0.96436352
978205372 0.0000000 0.98650146 0.97250032
978476098 0.0000000 0.92377692 0.82938963
979067787 0.0000000 0.95072478 0.89448512
979069110 0.0000000 0.96388006 0.92511636
979202219 0.0000000 0.99767208 0.99534082
979204150 0.0000000 0.99737841 0.99472362
979609386 0.0000000 0.95466310 0.90331894
980206038 0.0000000 0.96966451 0.93573970
980698596 0.0000000 0.26895693 -11.774318
981386039 0.0000000 0.58379835 -0.81267262
981653649 0.0000000 0.99953407 0.99903798
982365189 0.0000000 0.99572355 0.99140239
982527910 0.0000000 0.98930538 0.97801375
982955906 0.0000000 0.93366617 0.85348678
983077277 0.0000000 0.41429880 -3.1577988
983464670 0.0000000 0.99901265 0.99798983
986938306 0.0000000 0.99922079 0.99823719
988100797 0.0000000 0.99830270 0.99646491
988336953 0.0000000 0.99947679 0.99870133
989765823 0.0000000 0.99907005 0.99788666
990117114 0.0000000 0.92632300 0.83855826
990630314 0.0000000 0.99938959 0.99866182
991455252 0.0000000 0.99395114 0.98792702
991634551 0.0000000 0.99934560 0.99854755
991995645 0.0000000 0.70519984 -0.44397449
992208377 0.0000000 0.74739504 -0.54481816
992209870 0.0000000 0.74070901 -0.28130853
992438274 0.0000000 0.99914747 0.99814731
992486125 0.0000000 0.99926525 0.99843782
992592933 0.0000000 0.99917603 0.99828464
992927775 0.0000000 0.99973261 0.99939245
992929419 0.0000000 0.99962628 0.99903494
993581187 0.0000000 0.99926376 0.99843985
993854508 0.0000000 0.99925238 0.99836898
993874057 0.0000000 0.99925846 0.99821830
994007634 0.0000000 0.99957514 0.99894363
994692047 0.0000000 0.99932551 0.99834824
995024004 0.0000000 0.99923050 0.99823737
995162867 0.0000000 0.99925560 0.99819481
995890516 0.0000000 0.99967653 0.99920416
996113981 0.0000000 0.99907124 0.99786645
997156421 -167.00000 0.10243009 -17074024.
998326679 0.0000000 0.99909896 0.99780595
999257596 0.0000000 0.99854338 0.99661535
1000062111 0.0000000 0.99826127 0.99618471
1000197538 0.0000000 0.99880993 0.99734741
1000766684 0.0000000 0.57387948 -4.7137523
1001410293 0.0000000 0.99613923 0.99221486
1001954970 0.0000000 0.99852264 0.99680018
1004092959 0.0000000 0.99982309 0.99963951
1004454253 0.0000000 0.99916822 0.99830240
1004863535 0.0000000 0.99978811 0.99956995
1005352632 0.0000000 0.99937767 0.99875182
1006580783 0.0000000 0.99947530 0.99893540
1007019252 0.0000000 0.99967486 0.99932635
1007572713 0.0000000 0.99649912 0.99282187
1007712455 0.0000000 0.99969941 0.99933153
1007972664 0.0000000 0.99973136 0.99942148
1008464695 0.0000000 0.99949968 0.99897826
1008648180 0.0000000 0.99977708 0.99953306
1008649429 0.0000000 0.99948031 0.99894166
1008650819 0.0000000 0.99962044 0.99922669
1008651467 0.0000000 0.99955851 0.99910712
1008652414 0.0000000 0.99980730 0.99960536
1008671685 0.0000000 0.99953949 0.99905539
1008686668 0.0000000 0.99896586 0.99791247
1008715277 0.0000000 0.99949479 0.99896234
1008786983 0.0000000 0.99971426 0.99940431
1008836107 0.0000000 0.99917400 0.99829787
1008890954 0.0000000 0.99866474 0.99728239
1009057225 0.0000000 0.99966925 0.99933201
1009168145 0.0000000 0.99876291 0.99751359
1009442091 0.0000000 0.99983370 0.99961424
1009500099 0.0000000 0.99977911 0.99955058
1010371507 0.0000000 0.99979514 0.99948549
1010509239 0.0000000 0.99974370 0.99948198
1011026056 0.0000000 0.99941635 0.99882287
1011031830 0.0000000 0.99972546 0.99943918
1011063499 0.0000000 0.99833781 0.99656981
1011682027 0.0000000 0.99972457 0.99939895
1012271064 0.0000000 0.99977499 0.99954343
1012580587 0.0000000 0.99940681 0.99875891
1013484445 0.0000000 0.99980873 0.99960530
1013485377 0.0000000 0.99973470 0.99944723
1013486436 0.0000000 0.99972588 0.99935836
1014927282 0.0000000 0.99857193 0.99709451
1014972465 0.0000000 0.99964511 0.99922812
1015232666 0.0000000 0.99970955 0.99939930
1016105151 0.0000000 0.99977183 0.99952102
1016468323 0.0000000 0.99869287 0.99736273
1017159906 0.0000000 0.99912423 0.99822927
1017557569 0.0000000 0.99986821 0.99973738
1017557822 0.0000000 0.99982703 0.99962825
1017594576 0.0000000 0.99933171 0.99864960
1017816456 0.0000000 0.99971354 0.99941337
1017857170 0.0000000 0.99983412 0.99966508
1017925489 0.0000000 0.99959379 0.99917895
1018065946 0.0000000 0.99870777 0.99736130
1018137582 0.0000000 0.99635100 0.99259502
1018221645 0.0000000 0.99966985 0.99931121
1018414606 0.0000000 0.99898869 0.99792492
1018800484 0.0000000 0.99938315 0.99875635
1018898180 0.0000000 0.99964845 0.99928868
1019054808 0.0000000 0.99906057 0.99810326
1019292480 0.0000000 0.99982351 0.99964535
1019488470 0.0000000 0.99971521 0.99941778
1019673665 0.0000000 0.99950945 0.99900019
1020000226 0.0000000 0.99977696 0.99953812
1021004232 0.0000000 0.99981868 0.99963200
1021024958 0.0000000 0.99904650 0.99803269
1021028934 0.0000000 0.99970847 0.99941099
1021434365 0.0000000 0.99981922 0.99963731
1021434812 0.0000000 0.99931616 0.99863195
1021435155 0.0000000 0.99935436 0.99870527
1021437004 0.0000000 0.99937308 0.99873734
1021437761 0.0000000 0.99970633 0.99940580
1021888184 0.0000000 0.99960744 0.99920124
1022604314 0.0000000 0.99980962 0.99962205
1022741620 0.0000000 0.99977833 0.99953896
1022779647 0.0000000 0.99969679 0.99934906
1024000827 0.0000000 0.99974096 0.99947321
1024039343 0.0000000 0.99983603 0.99962449
1024059173 0.0000000 0.99980843 0.99957949
1024224102 0.0000000 0.99960613 0.99919224
1024232773 0.0000000 0.99959677 0.99918848
1024881141 0.0000000 0.99975395 0.99949139
1026036068 0.0000000 0.99965680 0.99925804
1026372982 0.0000000 0.99976617 0.99952418
1026373076 0.0000000 0.99983722 0.99966145
1026374005 0.0000000 0.99965125 0.99927604
1026378668 0.0000000 0.99946237 0.99888474
1026562025 0.0000000 0.99981213 0.99961358
1026925041 0.0000000 0.99974841 0.99946928
1026933281 0.0000000 0.99979347 0.99957597
1026967951 0.0000000 0.99967408 0.99931973
1028885460 0.0000000 0.99900013 0.99798357
1028970195 0.0000000 0.60484993 -0.74168718
1029367736 0.0000000 0.61282307 -0.79683185
1030006163 0.0000000 0.71309108 -0.44769752
1030375930 0.0000000 0.69138247 -0.55550337
1030554334 49.400002 5.58551587E-02 -3.46123056E+29
1030628193 28.300001 4.96821515E-02 -3.23250147E+27
1030651553 59.450001 2.73137223E-02 -1.04008941E+27
1030859781 0.0000000 0.73554939 -4.82854843E-02
1030864055 0.0000000 0.73634845 -0.22394812
1031310121 0.0000000 0.57506198 -0.72905862
1031439572 0.0000000 0.70373809 -0.25416219
1031647094 0.0000000 0.71448839 -0.29861236
1032052013 0.0000000 0.68166929 -0.32718039
1032134610 0.0000000 0.76540643 0.14950848
1032294371 0.0000000 0.64718980 -0.57039285
1032315669 0.0000000 0.71146351 -0.51343656
1032907402 0.0000000 0.67812312 -0.38961411
1033103267 0.0000000 0.99907786 0.99804115
1033374913 0.0000000 0.91331273 0.65019834
1033690544 0.0000000 0.99752963 0.99499589
1033947513 0.0000000 0.99905413 0.99810177
1034070514 0.0000000 0.99839598 0.99670655
1034480608 0.0000000 0.99925435 0.99849832
1034923400 0.0000000 0.99880421 0.99759853
1034928298 0.0000000 0.99907464 0.99804884
1035149152 0.0000000 0.99908620 0.99808776
1035153178 0.0000000 0.99906993 0.99811375
1035197382 0.0000000 0.99865401 0.99653131
1035991040 0.0000000 0.99647945 0.99262273
1036098952 0.0000000 0.99910754 0.99813426
1036697273 0.0000000 0.99893486 0.99758655
1036697648 0.0000000 0.99928629 0.99848706
1036886824 0.0000000 0.99920321 0.99838787
1038324582 0.0000000 0.99902761 0.99801970
1038746116 0.0000000 0.99893808 0.99763834
1039232712 0.0000000 0.99920344 0.99838901
1039743025 0.0000000 0.99911612 0.99792802
1040450954 0.0000000 0.99930638 0.99859983
1040520314 0.0000000 0.99858069 0.99680293
1040644457 0.0000000 0.99909699 0.99773556
1040799690 0.0000000 0.99890119 0.99772125
1041632855 0.0000000 0.99749768 0.99496692
1042809813 0.0000000 0.99845177 0.99590325
1043607562 0.0000000 0.99925852 0.99814284
1044768063 0.0000000 0.99861878 0.99719632
1044817061 0.0000000 0.99894834 0.99786317
1045633623 0.0000000 0.99888533 0.99730295
1046065971 0.0000000 0.99868137 0.99727160
1046575544 0.0000000 0.99876732 0.99736822
1048808323 0.0000000 0.99877036 0.99716830
1049310522 0.0000000 0.99942321 0.99867606
1049353173 0.0000000 0.99907607 0.99719441
1051845960 0.0000000 0.99890983 0.99752802
1051900153 0.0000000 0.99303764 0.98539305
1052394722 0.0000000 0.99274552 0.98455447
1052961462 0.0000000 0.99923098 0.99840504
1053904321 0.0000000 0.99896365 0.99745023
1054395492 0.0000000 0.99890172 0.99732399
1054853585 0.0000000 0.99846327 0.99673307
1055123570 0.0000000 0.99909872 0.99819237
1055135284 0.0000000 0.99898958 0.99797857
1055234432 0.0000000 0.99860895 0.99718142
1055390332 0.0000000 0.99917501 0.99767357
1055425274 0.0000000 0.99902850 0.99801898
1055472531 0.0000000 0.99675447 0.99185157
1055510426 0.0000000 0.99916434 0.99766147
1055788418 0.0000000 0.99940252 0.99855548
1055803080 0.0000000 0.99795175 0.99573064
1056357316 0.0000000 0.99892813 0.99731487
1057028486 0.0000000 0.99782073 0.99472821
1057319282 0.0000000 0.99930263 0.99852705
1058108790 0.0000000 0.99878520 0.99752933
1058496080 0.0000000 0.99861342 0.99705702
1059102630 0.0000000 0.99889761 0.99752337
1059590191 0.0000000 0.99940825 0.99862444
1059850488 0.0000000 0.99700165 0.99380451
1059910523 0.0000000 0.99839574 0.99618685
1059994404 0.0000000 0.99918830 0.99815327
1060172588 0.0000000 0.99921823 0.99840206
1060619413 0.0000000 0.99907541 0.99808079
1061586322 0.0000000 0.99858278 0.99675423
1062262342 0.0000000 0.99889922 0.99762744
1062859632 0.0000000 0.99886692 0.99606216
1063234506 0.0000000 0.99891669 0.99447721
1063264037 0.0000000 0.99913687 0.99443501
1064365712 0.0000000 0.99928409 0.99621904
1064533379 0.0000000 0.99893445 0.99551129
1065785029 0.0000000 0.99874377 0.99630105
1065790269 0.0000000 0.99931866 0.99538684
1065847269 0.0000000 0.99791348 0.99223268
1067505195 0.0000000 0.99869394 0.99400741
1068127124 0.0000000 0.99896002 0.99449456
1068356150 0.0000000 0.99853814 0.99502617
1068595355 0.0000000 0.99924797 0.99663329
1068804765 0.0000000 0.99917394 0.99546725
1068825242 0.0000000 0.99886656 0.99573010
1070682432 0.0000000 0.99788898 0.99328554
1070692497 0.0000000 0.99907225 0.99404919
1070921046 0.0000000 0.99929166 0.99605709
1071031093 0.0000000 0.99913281 0.99612772
1071031176 0.0000000 0.99935329 0.99687308
1071031375 0.0000000 0.99925870 0.99649727
1071031628 0.0000000 0.99925935 0.99645901
1071031695 0.0000000 0.99924302 0.99645245
1071031744 0.0000000 0.99928689 0.99656910
1071031844 0.0000000 0.99916548 0.99633771
1071031926 0.0000000 0.99916601 0.99637085
1071033611 0.0000000 0.99899465 0.99564725
1071033625 0.0000000 0.99899405 0.99564713
1071035006 0.0000000 0.99917400 0.99602556
1071038489 0.0000000 0.99908161 0.99596399
1071042579 0.0000000 0.99888855 0.99625283
1071043831 0.0000000 0.99927431 0.99621004
1071046005 0.0000000 0.99925011 0.99584258
1071046239 0.0000000 0.99901319 0.99497545
1071074159 0.0000000 0.99904299 0.99640799
1071095531 0.0000000 0.99938536 0.99681330
1071583019 0.0000000 0.99945080 0.99714881
1071584001 0.0000000 0.99935490 0.99599946
1071678445 0.0000000 0.99934334 0.99683517
1072705310 0.0000000 0.99926859 0.99665689
1073300844 0.0000000 0.99910134 0.99632406
1073475853 0.0000000 0.99931949 0.99631423
1073756920 0.0000000 0.99705654 0.99038905
1073986141 0.0000000 0.99935699 0.99712372
1073994067 0.0000000 0.99803436 0.99054223
1075317204 0.0000000 0.99922889 0.99546283
1075317446 0.0000000 0.99937356 0.99654579
1075318489 0.0000000 0.99919516 0.99567431
1075466599 0.0000000 0.99851006 0.99460113
1075865039 0.0000000 0.99917203 0.99620152
1076851926 0.0000000 0.99876541 0.99427098
1076884025 0.0000000 0.99922556 0.99733424
1077531525 0.0000000 0.99884379 0.99394757
1077584107 0.0000000 0.99904287 0.99505734
1078321829 0.0000000 0.99864626 0.99502677
1079154231 0.0000000 0.99921131 0.99609381
1080241624 0.0000000 0.99892211 0.99514228
1081488818 0.0000000 0.99889475 0.99636781
1082397083 0.0000000 0.99881446 0.99563390
1082563195 0.0000000 0.99680525 0.98949289
1082729069 0.0000000 0.99796271 0.99489665
1082820030 0.0000000 0.99754626 0.99473107
1083398171 0.0000000 0.99754792 0.99460256
1083961065 0.0000000 0.99779356 0.99442267
1084003366 0.0000000 0.99850553 0.99680513
1084082541 0.0000000 0.99670577 0.99309492
1084133207 0.0000000 0.99788857 0.99537152
1084597670 0.0000000 0.99733198 0.99406171
1084687448 0.0000000 0.99902987 0.99740791
1084950252 0.0000000 0.99795634 0.99532866
1085103239 0.0000000 0.99772042 0.99443805
1085390106 0.0000000 0.99829149 0.99608970
1086195389 0.0000000 0.99819988 0.99547756
1086315872 0.0000000 0.99793124 0.99533230
1086883086 0.0000000 0.99789667 0.99470395
1087613581 0.0000000 0.99831796 0.99601448
1089099122 0.0000000 0.99778342 0.99470854
1089113880 0.0000000 0.99795759 0.99408269
1089371968 0.0000000 0.99740082 0.99268740
1090478200 0.0000000 0.99717551 0.99302787
1091970746 0.0000000 0.99742144 0.99349159
1092861100 0.0000000 0.99660170 0.99045634
1093118276 0.0000000 0.99770665 0.99400842
1093908136 0.0000000 0.99704432 0.99300009
1095475955 0.0000000 0.99734288 0.99365282
1097813330 0.0000000 0.99810499 0.99604213
1098848984 0.0000000 0.99699467 0.99182987
1099928102 0.0000000 0.99815583 0.99560529
1099929295 0.0000000 0.99894172 0.99724591
1099929521 0.0000000 0.99850565 0.99625236
1099931589 0.0000000 0.99816561 0.99564689
1099942690 0.0000000 0.99800813 0.99534112
1100098082 0.0000000 0.99749547 0.99452835
1100139404 0.0000000 0.99743021 0.99301046
1100237223 0.0000000 0.99804723 0.99533695
1100955874 0.0000000 0.99717999 0.99350888
1103674687 0.0000000 0.99833262 0.99581873
1105287429 0.0000000 0.99455637 0.98555863
1105405102 0.0000000 0.99589366 0.99074107
1105536640 0.0000000 0.99747741 0.99368495
1105765351 0.0000000 0.99712509 0.99259293
1106056455 0.0000000 0.99502581 0.98816597
1106207236 0.0000000 0.99711555 0.99311292
1106226863 0.0000000 0.99819762 0.99548620
1106317701 0.0000000 0.99787545 0.99429804
1106377004 0.0000000 0.99800462 0.99544865
1106829094 0.0000000 0.99737442 0.99317712
1107166208 0.0000000 0.99693763 0.99294168
1107223187 0.0000000 0.99771166 0.99503946
1107233798 0.0000000 0.99749821 0.99352658
1107286746 0.0000000 0.99608666 0.99130160
1107388387 0.0000000 0.99734354 0.99432778
1107601144 0.0000000 0.99750125 0.99462706
1107601252 0.0000000 0.99752039 0.99470145
1108162580 0.0000000 0.99758452 0.99437141
1108757898 0.0000000 0.99798828 0.99513531
1108761568 0.0000000 0.99808937 0.99492091
1110049611 0.0000000 0.99702919 0.99360627
1110049680 0.0000000 0.99733722 0.99425697
1110050185 0.0000000 0.99781185 0.99531752
1110050874 0.0000000 0.99724138 0.99321610
1110568232 0.0000000 0.99808770 0.99532294
1111274786 0.0000000 0.99787158 0.99497908
1113182839 0.0000000 0.99782050 0.99429619
1113208093 0.0000000 0.99842024 0.99589843
1113260515 0.0000000 0.99738455 0.99133950
1113331351 0.0000000 0.99814397 0.99556828
1114345058 0.0000000 0.99753278 0.99347883
1114872497 0.0000000 0.99783456 0.99507165
1114872533 0.0000000 0.99782193 0.99508739
1114872543 0.0000000 0.99853259 0.99650466
1114981677 0.0000000 0.99708694 0.99395603
1115167250 0.0000000 0.99813372 0.99600488
1115753263 0.0000000 0.99806178 0.99475682
1115910658 0.0000000 0.99803948 0.99436444
1115942660 0.0000000 0.99761117 0.99457222
1116353193 0.0000000 0.99764866 0.99450290
1117405041 0.0000000 0.99848503 0.99536872
1117642805 0.0000000 0.99799138 0.99518400
1118162704 0.0000000 0.99789631 0.99545377
1118367166 0.0000000 0.99813080 0.99593550
1118396676 0.0000000 0.99832988 0.99621642
1118501300 0.0000000 0.99807966 0.99595499
1118677980 0.0000000 0.99796712 0.99465799
1118868304 0.0000000 0.98894656 0.97564572
1119087065 0.0000000 0.99858111 0.99715585
1119729025 0.0000000 0.99838382 0.99590790
1119876655 0.0000000 0.99746877 0.99369478
1121472051 0.0000000 0.99828207 0.99526262
1121864763 0.0000000 0.99769855 0.99425542
1122385024 0.0000000 0.99652618 0.99199092
1122618639 0.0000000 0.99803096 0.99525851
1122777951 0.0000000 0.99777657 0.99409068
1123439949 0.0000000 0.99755394 0.99392718
1125373372 0.0000000 0.99728739 0.99206179
1125685516 0.0000000 0.99807179 0.99505806
1125969360 0.0000000 0.99853998 0.99655139
1127055473 0.0000000 0.99685854 0.99307626
1127456637 0.0000000 0.99812233 0.99555355
1127471662 0.0000000 0.99736917 0.99351299
1127494190 0.0000000 0.99814963 0.99541157
1127760620 0.0000000 0.99701697 0.99344856
1128153007 0.0000000 0.99718016 0.99357194
1128174696 0.0000000 0.99850655 0.99607360
1128475640 0.0000000 0.99801582 0.99239212
1128528995 0.0000000 0.99706966 0.99288046
1128891916 0.0000000 0.99632227 0.99057060
1128923244 0.0000000 0.99741817 0.99389058
1129069430 0.0000000 0.99526566 0.98789078
1129155495 0.0000000 0.99773437 0.99444491
1129246313 0.0000000 0.99786341 0.99452132
1129324370 0.0000000 0.99862397 0.99537313
1129391464 0.0000000 0.99711603 0.99281329
1129907016 0.0000000 0.99598557 0.99079317
1130249327 0.0000000 0.99749303 0.99379605
1131428965 0.0000000 0.99797255 0.99388057
1131431840 0.0000000 0.99544436 0.98911232
1132062095 0.0000000 0.99854571 0.99615061
1132132485 0.0000000 0.99681360 0.98984838
1132148341 0.0000000 0.99851245 0.99592274
1132166999 0.0000000 0.99839765 0.99611920
1132661855 0.0000000 0.99783629 0.99403763
1132975230 0.0000000 0.99839497 0.99460477
1133111580 0.0000000 0.99819416 0.99599707
1133304109 0.0000000 0.99759722 0.99490047
1133601723 0.0000000 0.99699438 0.99337274
1133908462 0.0000000 0.99839640 0.99665046
1134710133 0.0000000 0.99797863 0.99514645
1135808248 0.0000000 0.99696201 0.99223518
1135976852 0.0000000 0.99785715 0.99448556
1136739698 0.0000000 0.99882299 0.99659270
1137913657 0.0000000 0.99785686 0.99489993
1137989937 0.0000000 0.99832398 0.99539399
1137990003 0.0000000 0.99802262 0.99525511
1138288259 0.0000000 0.99788433 0.99549937
1139284609 0.0000000 0.99198282 0.97450548
1139326915 0.0000000 0.99750048 0.99395335
1140725945 0.0000000 0.99645257 0.99167925
1140746150 0.0000000 0.99836457 0.99615306
1141877248 0.0000000 0.99799007 0.99173105
1142029462 0.0000000 0.99838144 0.99641544
1142229311 0.0000000 0.99599463 0.99193919
1142709582 0.0000000 0.99769640 0.99483728
1143536168 0.0000000 0.99746859 0.99491489
1143616861 0.0000000 0.99824768 0.99563116
1143885739 0.0000000 0.99857968 0.99576265
1143885924 0.0000000 0.99850810 0.99593323
1143888020 0.0000000 0.99846143 0.99615908
1144129163 0.0000000 0.99815363 0.99465507
1144133312 0.0000000 0.99838400 0.99475127
1144179006 0.0000000 0.99770856 0.99499655
1144806135 0.0000000 0.99854910 0.99507570
1145140855 0.0000000 0.99820995 0.99506277
1145323561 0.0000000 0.99468958 0.98379350
1146215126 0.0000000 0.99780548 0.99470985
1146944291 0.0000000 0.98958766 0.97623634
1146966782 0.0000000 0.99902350 0.99636567
1147258751 0.0000000 0.99877357 0.99553835
1149411961 0.0000000 0.99889636 0.99668044
1149467938 0.0000000 0.99857765 0.99612802
1149638545 0.0000000 0.99758482 0.99455327
1149771133 0.0000000 0.99903494 0.99630785
1150128882 0.0000000 0.99668688 0.98927790
1151387381 0.0000000 0.99812484 0.99478644
1154072410 0.0000000 0.99874359 0.99637693
1154182305 0.0000000 0.99913764 0.99727607
1155212722 0.0000000 0.99891555 0.99635905
1155340266 0.0000000 0.99747235 0.99436623
1155354114 0.0000000 0.99848574 0.99592644
1155443514 0.0000000 0.99889946 0.99670714
1156044082 0.0000000 0.99860042 0.99467057
1156698676 0.0000000 0.99915415 0.99757302
1158266854 0.0000000 0.99644762 0.99282062
1159598968 0.0000000 0.99753737 0.99505889
1159684577 0.0000000 0.99863291 0.99714869
1160388105 0.0000000 0.99882483 0.99765438
1160392104 0.0000000 0.99859077 0.99707693
1160549032 0.0000000 0.99882281 0.99763417
1160664389 0.0000000 0.99886739 0.99759382
1163299258 0.0000000 0.99873477 0.99735141
1163456967 0.0000000 0.99885815 0.99769175
1163641819 0.0000000 0.99876159 0.99742514
1164570370 0.0000000 0.99842054 0.99678731
1165358160 0.0000000 0.99832517 0.99663204
1165368969 0.0000000 0.99840897 0.99678636
1166094636 0.0000000 0.99825561 0.99649912
1166561075 0.0000000 0.99800813 0.99574399
1166894907 0.0000000 0.99852264 0.99658340
1167135981 0.0000000 0.99924248 0.99756432
1167136317 0.0000000 0.99884599 0.99644762
1167136455 0.0000000 0.99884647 0.99644971
1167136825 0.0000000 0.99865341 0.99612164
1167144800 0.0000000 0.99860257 0.99647868
1167147704 0.0000000 0.99853808 0.99599463
1167154513 0.0000000 0.99893677 0.99709982
1167186639 0.0000000 0.99823725 0.99518406
1167298740 0.0000000 0.99863267 0.99628299
1167318376 0.0000000 0.99501985 0.98581713
1167324678 0.0000000 0.99843848 0.99571049
1167592780 0.0000000 0.99736524 0.99269336
1167604646 0.0000000 0.99787498 0.99502450
1168792515 0.0000000 0.99865067 0.99658871
1168917035 0.0000000 0.99928224 0.99775767
1169006425 0.0000000 0.99817032 0.99581742
1169712716 0.0000000 0.99880087 0.99678153
1169722755 0.0000000 0.99872702 0.99555886
1170262059 0.0000000 0.99769372 0.99412191
1170524118 0.0000000 0.99874437 0.99651057
1171366614 0.0000000 0.99866265 0.99648315
1171423577 0.0000000 0.99863911 0.99582624
1171423831 0.0000000 0.99864775 0.99613458
1171832699 0.0000000 0.99885380 0.99704355
1172178017 0.0000000 0.99792248 0.99530679
1173308237 0.0000000 0.99898797 0.99723023
1173368256 0.0000000 0.99789244 0.99382740
1174197233 0.0000000 0.99880099 0.99688566
1175309106 0.0000000 0.99620503 0.99086040
1175583473 0.0000000 0.99849832 0.99596399
1176242685 0.0000000 0.99692112 0.99276561
1177115546 0.0000000 0.99880457 0.99685568
1177175308 0.0000000 0.99862897 0.99656808
1178992210 0.0000000 0.99818510 0.99612200
1180238725 0.0000000 0.99862665 0.99529320
1180618796 0.0000000 0.99872762 0.99651700
1181939353 0.0000000 0.99857980 0.99593985
1182196765 0.0000000 0.99662703 0.99183756
1182265663 0.0000000 0.99860525 0.99641705
1182396227 0.0000000 0.99870032 0.99647832
1182398897 0.0000000 0.99872077 0.99643248
1184629372 0.0000000 0.99851555 0.99653065
1185198002 0.0000000 0.99873519 0.99639481
1185799546 0.0000000 0.99852675 0.99612314
1185861072 0.0000000 0.99693048 0.99270278
1186620947 0.0000000 0.99851400 0.99675947
1186786330 0.0000000 0.99863970 0.99712890
1188350129 0.0000000 0.99818957 0.99632865
1188356416 0.0000000 0.99845725 0.99671823
1188908193 0.0000000 0.99866450 0.99722987
1188950111 0.0000000 0.99679363 0.99352396
1189101086 0.0000000 0.99850261 0.99649727
1189101321 0.0000000 0.99828070 0.99628395
1189194674 0.0000000 0.99760741 0.99512047
1190442424 0.0000000 0.99868125 0.99704212
1191742755 0.0000000 0.99773425 0.99544060
1192071901 0.0000000 0.99858969 0.99701762
1192632000 0.0000000 0.99889094 0.99743438
1193967194 0.0000000 0.99748278 0.99479568
1194476053 0.0000000 0.99844736 0.99688506
1196283913 0.0000000 0.99820817 0.99634421
1196818902 0.0000000 0.99860740 0.99721271
1196950527 0.0000000 0.99837095 0.99665266
1197715613 0.0000000 0.99854136 0.99706203
1198522115 0.0000000 0.99830741 0.99646920
1200543890 0.0000000 0.99339026 0.98654974
1200856359 0.0000000 0.99703467 0.99405307
1201442068 0.0000000 0.99732280 0.99453783
1203280382 0.0000000 0.99873406 0.99737644
1203409866 0.0000000 0.99806547 0.99604785
1203790455 0.0000000 0.99889719 0.99742490
1204138448 0.0000000 0.99774885 0.99541181
1204304285 0.0000000 0.99865782 0.99728894
1204490434 0.0000000 0.98783255 0.97565627
1204651907 0.0000000 0.99811816 0.99621326
1204651936 0.0000000 0.99798745 0.99592566
1204670552 0.0000000 0.99822742 0.99575901
1207186072 0.0000000 0.99735814 0.99464476
1208187584 0.0000000 0.99852961 0.99697155
1208931881 0.0000000 0.99848503 0.99666739
1208975321 0.0000000 0.99885249 0.99763548
1208982088 0.0000000 0.99888730 0.99774593
1208988255 0.0000000 0.99880081 0.99758816
1208988552 0.0000000 0.99908900 0.99816138
1209105937 0.0000000 0.99878156 0.99755698
1209216223 0.0000000 0.99665010 0.99327564
1209291757 0.0000000 0.99804282 0.99601620
1209339084 0.0000000 0.99846536 0.99678779
1209362380 0.0000000 0.99889511 0.99777871
1209543825 0.0000000 0.99131393 0.98240757
1209563099 0.0000000 0.99797291 0.99593759
1209583346 0.0000000 0.99836516 0.99672878
1209820628 0.0000000 0.99794149 0.99587500
1209877317 0.0000000 0.99781054 0.99558789
1210448520 0.0000000 0.99894428 0.99781668
1210560189 0.0000000 0.99796849 0.99587196
1210633064 0.0000000 0.99872929 0.99735916
1210703275 0.0000000 0.99532509 0.99062300
1212285435 0.0000000 0.99977016 0.99780250
1212339563 0.0000000 0.99976563 0.99826074
1213107823 0.0000000 0.99713057 0.99333775
1213158817 0.0000000 0.99980253 0.99830431
1213486164 0.0000000 0.99963933 0.99839336
1214086760 0.0000000 0.99961317 0.99846846
1214128508 0.0000000 0.99960572 0.99844652
1214211456 0.0000000 0.99741292 0.99460745
1214561217 0.0000000 0.99771416 0.99499410
1215221786 0.0000000 0.99802667 0.99515581
1215745668 0.0000000 0.99917918 0.99690104
1215812106 0.0000000 0.99974763 0.99792004
1215812707 0.0000000 0.99971443 0.99790949
1215839910 0.0000000 0.99949980 0.99722743
1215843106 0.0000000 0.99961162 0.99739653
1215961116 0.0000000 0.99979985 0.99829829
1216126809 0.0000000 0.99946600 0.99772924
1216904067 0.0000000 0.99930030 0.99761391
1217616949 0.0000000 0.99964082 0.99835837
1218233114 0.0000000 0.99978381 0.99836242
1218994676 0.0000000 0.99936920 0.99815559
1219291482 0.0000000 0.99551648 0.99058658
1219301591 0.0000000 0.99956155 0.99835742
1219723710 0.0000000 0.99791223 0.99526280
1219772880 0.0000000 0.99954885 0.99866420
1219869253 0.0000000 0.99959618 0.99857706
1220179542 0.0000000 0.99961686 0.99840760
1220742036 0.0000000 0.99924082 0.99788803
1220946193 0.0000000 0.99976033 0.99839717
1221047734 0.0000000 0.99901545 0.99673426
1222614737 0.0000000 0.99819964 0.99595273
1225442295 0.0000000 0.99381244 0.98766077
1228187814 0.0000000 0.99956107 0.99849081
1228684717 0.0000000 0.99960399 0.99798089
1229260451 0.0000000 0.99947524 0.99797893
1229658996 0.0000000 0.99347717 0.98668671
1229990683 0.0000000 0.99954063 0.99837416
1230216280 0.0000000 0.99961066 0.99854225
1230600687 0.0000000 0.99941111 0.99740422
1230860391 0.0000000 0.99951756 0.99799997
1231020274 0.0000000 0.99979776 0.99750364
1231041233 0.0000000 0.99952811 0.99801159
1232714291 0.0000000 0.99984992 0.99830848
1232804891 0.0000000 0.99907678 0.99644631
1233928332 0.0000000 0.99955702 0.99777526
1234166319 0.0000000 0.95540011 0.90896010
1234201315 0.0000000 0.99909472 0.99691480
1234214675 0.0000000 0.99978226 0.99777573
1236731039 0.0000000 0.99929225 0.99831742
1236854628 0.0000000 0.99942714 0.99852580
1237014105 0.0000000 0.99938983 0.99853408
1237159221 0.0000000 0.99900329 0.99770975
1237164701 0.0000000 0.99940550 0.99842882
1237551366 0.0000000 0.94192022 0.87686884
1237619839 0.0000000 0.99560398 0.99115312
1239235949 0.0000000 0.99988747 0.99932796
1239971868 0.0000000 0.99989229 0.99949658
1240678955 0.0000000 0.99904239 0.99788964
1242397863 0.0000000 0.99983478 0.99938464
1242709695 0.0000000 0.99878198 0.99740887
1243376855 0.0000000 0.99991834 0.99960881
1244248765 0.0000000 0.99593067 0.99186665
1245087845 0.0000000 0.99780810 0.99558347
1245407408 0.0000000 0.99964660 0.99917686
1245469469 0.0000000 0.99992007 0.99967641
1245877793 0.0000000 0.99983817 0.99962485
1245881452 0.0000000 0.99960518 0.99913013
1246167876 0.0000000 0.99978274 0.99929684
1246181696 0.0000000 0.99992239 0.99961334
1246182765 0.0000000 0.99951774 0.99887955
1246208530 0.0000000 0.99975038 0.99936062
1246208539 0.0000000 0.99974835 0.99935561
1246598451 0.0000000 0.99969262 0.99926680
1246598488 0.0000000 0.99969524 0.99926680
1246614635 0.0000000 0.99973267 0.99935138
1246985947 0.0000000 0.99986207 0.99952000
1247508302 0.0000000 0.99996394 0.99966109
1247516932 0.0000000 0.99991572 0.99961561
1247654255 0.0000000 0.99992156 0.99971068
1247741293 0.0000000 0.99992740 0.99971992
1247769767 0.0000000 0.99988556 0.99963874
1248159491 0.0000000 0.99984974 0.99950123
1248570012 0.0000000 0.99957818 0.99895793
1248588659 0.0000000 0.99987888 0.99974400
1248872986 0.0000000 0.99980336 0.99937218
1248886386 0.0000000 0.99993896 0.99960029
1249212887 0.0000000 0.99980688 0.99956250
1250467545 0.0000000 0.99974191 0.99939340
1250503855 0.0000000 0.99992424 0.99951941
1250504106 0.0000000 0.99989790 0.99952090
1250601456 0.0000000 0.99988937 0.99944663
1250639275 0.0000000 0.99969554 0.99919534
1250703707 0.0000000 0.99917746 0.99831182
1250777890 0.0000000 0.99984384 0.99941379
1250888264 0.0000000 0.99993503 0.99950880
1250911490 0.0000000 0.99583197 0.99162054
1252249816 0.0000000 0.99890989 0.99762261
1252757125 0.0000000 0.99988008 0.99949241
1254591366 0.0000000 0.99979985 0.99952394
1254664936 0.0000000 0.99955946 0.99879873
1255243328 0.0000000 0.99984819 0.99938655
1256244384 0.0000000 0.99985349 0.99927014
1256252705 0.0000000 0.99975055 0.99937034
1256431794 0.0000000 0.99325228 0.98654342
1257413577 0.0000000 0.91477519 0.83636689
1257413887 0.0000000 0.99972814 0.99933225
1257420861 0.0000000 0.99942565 0.99883866
1257678569 0.0000000 0.99981898 0.99927759
1258065617 0.0000000 0.99972588 0.99917203
1258296469 0.0000000 0.99986422 0.99932653
1258824471 0.0000000 0.99980658 0.99933088
1258926370 0.0000000 0.99974227 0.99914664
1260564405 0.0000000 0.99982494 0.99954110
1260692005 0.0000000 0.99988949 0.99954456
1261227736 0.0000000 0.88575697 0.58018434
1261227864 0.0000000 0.99996078 0.99956834
1261228557 0.0000000 0.99980885 0.99946195
1261232031 0.0000000 0.99984509 0.99949378
1261235533 0.0000000 0.99977553 0.99930054
1261275144 0.0000000 0.99984789 0.99955601
1261713375 0.0000000 0.99972326 0.99920762
1261922241 0.0000000 0.99911153 0.99805492
1262034644 0.0000000 0.99909848 0.99803662
1262237921 0.0000000 0.99977475 0.99931592
1262343689 0.0000000 0.99940020 0.99863565
1262367286 0.0000000 0.99989253 0.99954760
1262622742 0.0000000 0.91405058 0.80627716
1262633257 0.0000000 0.99993861 0.99966305
1263881366 0.0000000 0.99967349 0.99934673
1265523000 0.0000000 0.99983042 0.99964631
1265599504 0.0000000 0.99983591 0.99958432
1265691729 0.0000000 0.99991560 0.99951583
1265942558 0.0000000 0.99977767 0.99951464
1266289887 0.0000000 0.99928099 0.99836063
1266816064 0.0000000 0.99992645 0.99961197
1267146477 0.0000000 0.99990386 0.99964285
1267162697 0.0000000 0.99972582 0.99937820
1267661932 0.0000000 0.69225019 2.37177014E-02
1267662287 0.0000000 0.99966943 0.99901438
1267686434 0.0000000 0.99987328 0.99954283
1267690576 0.0000000 0.99990624 0.99965513
1268040382 0.0000000 0.99957663 0.99888396
1268902896 0.0000000 0.99981892 0.99932486
1268931240 0.0000000 0.99964952 0.99895376
1269644874 0.0000000 0.99988544 0.99936748
1270335780 0.0000000 0.99580020 0.99141669
1270813793 0.0000000 0.99973321 0.99908268
1270961850 0.0000000 0.99994391 0.99926716
1270999307 0.0000000 0.97593343 0.95163047
1271168968 0.0000000 0.99991590 0.99949592
1271191748 0.0000000 0.99992281 0.99949008
1271987388 0.0000000 0.99938840 0.99866062
1272194052 0.0000000 0.99991065 0.99944228
1272250791 0.0000000 0.99994558 0.99955100
1272823213 0.0000000 0.99986142 0.99955338
1274901407 0.0000000 0.99964637 0.99922371
1276535865 0.0000000 0.99989218 0.99944770
1276561877 0.0000000 0.99994367 0.99953735
1276823323 0.0000000 0.99985260 0.99940014
1277440084 0.0000000 0.99899447 0.99791545
1277575551 0.0000000 0.99988610 0.99947906
1277670806 0.0000000 0.99966717 0.99894065
1278097892 0.0000000 0.99965310 0.99921525
1278515743 0.0000000 0.99945945 0.99877781
1278618217 0.0000000 0.99993765 0.99944913
1278636079 0.0000000 0.99991649 0.99947804
1279357457 0.0000000 0.99953467 0.99893850
1279458204 0.0000000 0.99989021 0.99948704
1280029930 0.0000000 0.99978447 0.99944901
1280553485 0.0000000 0.99909717 0.99802190
1280563997 0.0000000 0.99968231 0.99928659
1280587745 0.0000000 0.99915940 0.99816120
1281476617 0.0000000 0.99963659 0.99905038
1282408680 0.0000000 0.99989939 0.99951404
1282415961 0.0000000 0.99947751 0.99854314
1282416480 0.0000000 0.99983644 0.99924409
1283157909 0.0000000 0.99992132 0.99937981
1283540817 0.0000000 0.99977505 0.99929404
1284039008 0.0000000 0.99937719 0.99850452
1284244867 0.0000000 0.99962163 0.99898666
1284952628 0.0000000 0.99987644 0.99959946
1285350982 0.0000000 0.99968868 0.99911225
1285695233 0.0000000 0.99989456 0.99945426
1285876560 0.0000000 0.99906743 0.99796611
1286047392 0.0000000 0.99988306 0.99942333
1286198915 0.0000000 0.99993205 0.99942136
1286865806 0.0000000 0.99102581 0.98209846
1287036373 0.0000000 0.99980956 0.99911791
1289221280 0.0000000 0.99976403 0.99938083
1289567329 0.0000000 0.99994063 0.99944365
1289576340 0.0000000 0.99989671 0.99938977
1290342705 0.0000000 0.99983490 0.99956161
1290784424 0.0000000 0.99989814 0.99930942
1290799240 0.0000000 0.99962246 0.99896818
1291601652 0.0000000 0.99994212 0.99953115
1291689974 0.0000000 0.99995971 0.99949157
1291927327 0.0000000 0.99937189 0.99846822
1292000461 0.0000000 0.99900681 0.99799937
1294804388 0.0000000 0.99961793 0.99900234
1296507195 0.0000000 0.99992228 0.99961233
1296548191 0.0000000 0.99978083 0.99938422
1297058102 0.0000000 0.99976432 0.99935031
1297342916 0.0000000 0.99594212 0.99188322
1297754297 0.0000000 0.99996823 0.99966878
1298970247 0.0000000 0.98716718 0.97435474
1299845150 0.0000000 0.99749410 0.99498767
1300123317 0.0000000 0.99985492 0.99960738
1300281136 0.0000000 0.99981612 0.99959564
1300608051 0.0000000 0.99977529 0.99945730
1301123952 0.0000000 0.99829441 0.99653238
1301458951 0.0000000 0.99990088 0.99951845
1301964194 0.0000000 0.99906200 0.99805838
1302916270 0.0000000 0.99992687 0.99958527
1302961193 0.0000000 0.99898654 0.99781889
1303685617 0.0000000 0.99971658 0.99909270
1304080155 0.0000000 0.99826521 0.99636143
1304082768 0.0000000 0.99989927 0.99954957
1304152538 0.0000000 0.99993068 0.99955398
1304437954 0.0000000 0.99990493 0.99948138
1304717510 0.0000000 0.99993181 0.99944133
1304757333 0.0000000 0.99919695 0.99809003
1306028051 0.0000000 0.99994576 0.99945563
1306098435 0.0000000 0.99976867 0.99942183
1306261925 0.0000000 0.99991822 0.99955696
1307034472 0.0000000 0.99994409 0.99939692
1307669122 0.0000000 0.99990433 0.99962050
1308478735 0.0000000 0.99953437 0.99888849
1309048281 0.0000000 0.99964869 0.99903959
1309094354 0.0000000 0.99985021 0.99953938
1309326569 0.0000000 0.99203771 0.98413485
1309474048 0.0000000 0.99965870 0.99917918
1309601047 0.0000000 0.99955809 0.99870998
1309696244 0.0000000 0.99946475 0.99874920
1309953539 0.0000000 0.99984217 0.99932986
1310469430 0.0000000 0.99994022 0.99949068
1310541580 0.0000000 0.99954605 0.99876213
1310928323 0.0000000 0.99975520 0.99916786
1311000534 0.0000000 0.99987113 0.99950862
1311084070 0.0000000 0.99980968 0.99942344
1311142337 0.0000000 0.99973840 0.99916196
1311692424 0.0000000 0.99951869 0.99896622
1313100452 0.0000000 0.99983513 0.99965733
1314264913 0.0000000 0.99988192 0.99973541
1314789752 0.0000000 0.99992174 0.99980128
1315538819 0.0000000 0.99995595 0.99379069
1315635988 0.0000000 0.99895436 0.99046230
1315804512 0.0000000 0.99967849 0.99046630
1316643513 0.0000000 0.99995214 0.96787012
1316653258 0.0000000 0.99978435 0.22134340
1317835272 0.0000000 0.98835051 7.76916146E-02
1318175665 0.0000000 0.99988371 0.17241693
1318478724 0.0000000 0.99926311 0.99841821
1319945023 0.0000000 0.99987638 0.21283591
1320074224 0.0000000 0.99943084 0.19553041
1320721143 0.0000000 0.99258226 0.74364197
1321061921 0.0000000 0.99970353 0.80477387
1322787324 0.0000000 0.99984527 0.18068099
1322993584 0.0000000 0.99948710 0.14608723
1323861170 0.0000000 0.99962997 0.16901660
1323909341 0.0000000 0.99970454 0.18544692
1324582798 0.0000000 0.99982250 0.16332018
1325660397 0.0000000 0.99973869 0.15262169
1326181267 0.0000000 0.99654299 0.10929918
1326728445 0.0000000 0.99877959 0.13528824
1327107001 0.0000000 0.99970967 0.13724965
1327480583 0.0000000 0.99866712 0.12650806
1327824459 0.0000000 0.95955127 -0.18410420
1328324062 0.0000000 0.99986666 0.13590783
1328459111 0.0000000 0.99988848 0.14993787
1330223700 0.0000000 0.89060545 0.70668882
1330883534 0.0000000 0.99941242 0.99874455
1332071890 0.0000000 0.99797910 0.99589223
1332086295 0.0000000 0.99854839 0.99704295
1332373478 0.0000000 0.99989426 0.99973792
1333258441 0.0000000 0.99964744 0.99915409
1333828758 0.0000000 0.99975502 0.99936140
1333921411 0.0000000 0.99994349 0.99971962
1334227165 0.0000000 0.99983245 0.99928248
1334800688 0.0000000 0.99991959 0.99964976
1335409258 0.0000000 0.99774158 0.99548131
1335538115 0.0000000 0.99984497 0.99966198
1338362741 0.0000000 0.99988651 0.99960053
1338842309 0.0000000 0.99984437 0.99955714
1338890190 0.0000000 0.99986893 0.99953294
1338944914 0.0000000 0.99993837 0.99954766
1338944979 0.0000000 0.99994189 0.99951702
1338945045 0.0000000 0.99984747 0.99944192
1339216879 0.0000000 0.99990904 0.99964893
1339275618 0.0000000 0.99994391 0.99966490
1339278860 0.0000000 0.99968898 0.99927408
1339309409 0.0000000 0.99970597 0.99939591
1339575740 0.0000000 0.99983388 0.99934137
1339598466 0.0000000 0.99953115 0.99877638
1339646879 0.0000000 0.99982369 0.99945521
1339690513 0.0000000 0.99995124 0.99962759
1339702255 0.0000000 0.99991930 0.99957240
1339923712 0.0000000 0.99994791 0.99964261
1341299876 0.0000000 0.99951351 0.99879593
1341924177 0.0000000 0.99857253 0.99685240
1342405200 0.0000000 0.99935609 0.99847770
1344277570 0.0000000 0.99948508 0.99871069
1344910008 0.0000000 0.99970657 0.99914348
1344941743 0.0000000 0.99986124 0.99948347
1345138860 0.0000000 0.99955177 0.99901533
1345234802 0.0000000 0.99994159 0.99967480
1346380382 0.0000000 0.99710000 0.99418312
1346415099 0.0000000 0.99983174 0.99945921
1346415834 0.0000000 0.99963391 0.99903202
1346788818 0.0000000 0.99993992 0.99962670
1346816730 0.0000000 0.99964708 0.99916166
1348523853 0.0000000 0.99993294 0.99955612
1350722979 0.0000000 0.99984747 0.99948484
1350800865 0.0000000 0.99938464 0.99862510
1351161077 0.0000000 0.99966228 0.99926406
1352122829 0.0000000 0.99984521 0.99947625
1352554787 0.0000000 0.99709564 0.99403411
1353431341 0.0000000 0.99995416 0.99959427
1353536726 0.0000000 0.99985820 0.99952704
1354158772 0.0000000 0.99981493 0.99955505
1354470336 0.0000000 0.99995488 0.99962914
1354477411 0.0000000 0.99991357 0.99959362
1354976814 0.0000000 0.99986690 0.99939120
1355221924 0.0000000 0.99981087 0.99939495
1356243184 0.0000000 0.99977303 0.99926901
1356319072 0.0000000 0.99956810 0.99910510
1356487597 0.0000000 0.99984050 0.99945199
1356883405 0.0000000 0.99976110 0.99941009
1357128106 0.0000000 0.99964637 0.99899918
1357236484 0.0000000 0.99983913 0.99942398
1357270197 0.0000000 0.99982435 0.99945146
1357331931 0.0000000 0.99959600 0.99902767
1357541346 0.0000000 0.99993265 0.99963284
1357994057 0.0000000 0.99955720 0.99895412
1358411441 0.0000000 0.99990135 0.99954867
1358708986 0.0000000 0.99882418 0.99753189
1359776392 0.0000000 0.99955773 0.99908799
1361064727 0.0000000 0.99954492 0.99905860
1361239965 0.0000000 0.99976826 0.99912691
1361256759 0.0000000 0.99926430 0.99831843
1361373628 0.0000000 0.99984944 0.99941361
1361471757 0.0000000 0.99991065 0.99954760
1361665659 0.0000000 0.99215382 0.98384356
1362386544 0.0000000 0.99917901 0.99823767
1362609444 0.0000000 0.98993284 0.97968847
1362627405 0.0000000 0.99983865 0.99963820
1362643640 0.0000000 0.99971324 0.99928981
1363079024 0.0000000 0.99989551 0.99960738
1363764120 0.0000000 0.99907446 0.99800539
1364349799 0.0000000 0.99984008 0.99962711
1364349845 0.0000000 0.99997377 0.99975121
1364355002 0.0000000 0.99968594 0.99920940
1364690983 0.0000000 0.99984872 0.99955350
1365625224 0.0000000 0.99997443 0.99971145
1366061297 0.0000000 0.99799436 0.99587882
1366432589 0.0000000 0.99879098 0.99751496
1366513671 0.0000000 0.99913520 0.99824476
1369110346 0.0000000 0.99985564 0.99947315
1369124755 0.0000000 0.99992406 0.99966019
1369791239 0.0000000 0.99952978 0.99891412
1369883683 0.0000000 0.99979198 0.99949771
1370118743 0.0000000 0.99989825 0.99952596
1370151783 0.0000000 0.99851692 0.99700063
1370623082 0.0000000 0.99996561 0.99963534
1372241957 0.0000000 0.99861556 0.99698836
1372463510 0.0000000 0.99993145 0.99949300
1373829868 0.0000000 0.99987304 0.99958074
1373895699 0.0000000 0.99989676 0.99958837
1373969495 0.0000000 0.99982041 0.99955899
1374677225 0.0000000 0.99988824 0.99948323
1374679935 0.0000000 0.99990922 0.99947524
1376837821 0.0000000 0.99947447 0.99865532
1377205321 0.0000000 0.99836230 0.99662244
1377355603 0.0000000 0.99974382 0.99934375
1377407246 0.0000000 0.98145866 0.96255726
1378247005 0.0000000 0.99961889 0.99902588
1378467231 0.0000000 0.99965698 0.99919617
1379475197 0.0000000 0.99884695 0.99752647
1380542719 0.0000000 0.99984890 0.99945623
1381466759 0.0000000 0.99762845 0.99513179
1381684855 0.0000000 0.99986362 0.99946028
1382170436 0.0000000 0.99917567 0.99826068
1382919848 0.0000000 0.99958640 0.99898040
1383069011 0.0000000 0.99914205 0.99801731
1383085061 0.0000000 0.99666232 0.99322546
1383220929 0.0000000 0.99980980 0.99956650
1383227120 0.0000000 0.99987859 0.99947298
1383227831 0.0000000 0.99991214 0.99950862
1383234448 0.0000000 0.99994040 0.99953306
1383263545 0.0000000 0.99989408 0.99954545
1383450194 0.0000000 0.99986297 0.99939620
1383519374 0.0000000 0.99989331 0.99948311
1383809110 0.0000000 0.99966550 0.99899751
1383809501 0.0000000 0.99971598 0.99911147
1383989687 0.0000000 0.99922097 0.99812889
1384145710 0.0000000 0.99988258 0.99939632
1384544358 0.0000000 0.99989349 0.99948192
1385019362 0.0000000 0.99446326 0.98894876
1386347977 0.0000000 0.99809545 0.99615467
1386357780 0.0000000 0.99976373 0.99927211
1387916955 0.0000000 0.99984682 0.99952143
1389034180 0.0000000 0.99952167 0.99877870
1389204911 0.0000000 0.99993229 0.99961591
1389717867 0.0000000 0.99984109 0.99944979
1389724692 0.0000000 0.99995416 0.99962819
1389729005 0.0000000 0.99995881 0.99965531
1389740803 0.0000000 0.99989694 0.99964571
1389904819 0.0000000 0.99842209 0.99674153
1390517490 0.0000000 0.99965608 0.99928188
1390619771 0.0000000 0.99990886 0.99975067
1391790286 0.0000000 0.99894696 0.99785948
1393014317 0.0000000 0.99995106 0.99984884
1393065064 0.0000000 0.99959391 0.99917793
1393759985 0.0000000 0.99941623 0.99880284
1393791078 0.0000000 0.99987584 0.99963367
1394913876 0.0000000 0.99993378 0.99969137
1395061976 0.0000000 0.99993062 0.99975234
1395231566 0.0000000 0.99982154 0.99963117
1397097485 0.0000000 0.99986702 0.99954134
1397746253 0.0000000 0.99965549 0.99918580
1398443585 0.0000000 0.99989194 0.99966246
1399207416 0.0000000 0.99989194 0.99956208
1399278483 0.0000000 0.99952811 0.99891603
1399745740 0.0000000 0.99928415 0.99844480
1399746271 0.0000000 0.99983263 0.99946266
1400631673 0.0000000 0.99981153 0.99959540
1401021673 0.0000000 0.99990320 0.99964744
1401296286 0.0000000 0.99975371 0.99922210
1402085900 0.0000000 0.99180192 0.98359227
1402313583 0.0000000 0.99987060 0.99942964
1402624068 0.0000000 0.94647706 0.88641870
1402784563 0.0000000 0.99983591 0.99943244
1403034553 0.0000000 0.99944019 0.99885440
1403317269 0.0000000 0.99984354 0.99958134
1403439974 0.0000000 0.99967849 0.99932599
1404774365 0.0000000 0.99990726 0.99940217
1404925818 0.0000000 0.99985582 0.99943292
1405577514 0.0000000 0.99994779 0.99941999
1407296767 0.0000000 0.99975419 0.99945784
1407544588 0.0000000 0.99556315 0.99112016
1408047770 0.0000000 0.99990499 0.99929172
1410046387 0.0000000 0.99907124 0.99773252
1410325949 0.0000000 0.99933016 0.99835515
1410382444 0.0000000 0.99844670 0.99670202
1411247643 0.0000000 0.99988055 0.99947894
1411641303 0.0000000 0.99974060 0.99914932
1412009058 0.0000000 0.99900204 0.99772137
1412705290 0.0000000 0.99985909 0.99950069
1413207959 0.0000000 0.99337399 0.98660600
1414298821 0.0000000 0.99937022 0.99860895
1416419181 0.0000000 0.99990559 0.99925667
1416419227 0.0000000 0.99991208 0.99932039
1416540553 0.0000000 0.99983692 0.99929398
1417557685 0.0000000 0.99981213 0.99926001
1417655668 0.0000000 0.99849451 0.99680519
1418245419 0.0000000 0.99994981 0.99952954
1418533563 0.0000000 0.99669898 0.99335617
1419682925 0.0000000 0.99810797 0.99604207
1419947441 0.0000000 0.99370843 0.98743695
1419995164 0.0000000 0.99979788 0.99947858
1420012476 0.0000000 0.99986941 0.99961972
1420437226 0.0000000 0.99977398 0.99948043
1420606112 0.0000000 0.99992043 0.99969119
1420742654 0.0000000 0.99541301 0.99082142
1422083726 0.0000000 0.99961406 0.99921954
1422374758 0.0000000 0.99918652 0.99790752
1422958210 0.0000000 0.99722135 0.99387366
1423037687 0.0000000 0.99930364 0.99786955
1423603888 0.0000000 0.99125671 0.98243821
1423726535 0.0000000 0.99910778 0.99773800
1423857991 0.0000000 0.99944472 0.99889195
1424969403 0.0000000 0.99925148 0.99785513
1426114954 0.0000000 0.99565548 0.99096888
1426344314 0.0000000 0.99908942 0.99757308
1426852891 0.0000000 0.99857694 0.99666685
1427105631 0.0000000 0.99953902 0.99899846
1427483378 0.0000000 0.99938136 0.99794930
1428208678 0.0000000 0.99625206 0.99214542
1428320250 0.0000000 0.99947423 0.99837446
1428945237 0.0000000 0.99947214 0.99783653
1429127316 0.0000000 0.99956125 0.99853528
1429494176 0.0000000 0.99967819 0.99852425
1429494550 0.0000000 0.99958676 0.99838609
1429528847 0.0000000 0.99973935 0.99872333
1429530313 0.0000000 0.99960285 0.99853247
1429531199 0.0000000 0.99963921 0.99846363
1429992097 0.0000000 0.99969286 0.99878258
1430658547 0.0000000 0.99950814 0.99814594
1431333501 0.0000000 0.99958187 0.99850583
1431387795 0.0000000 0.99949449 0.99774551
1431628549 0.0000000 0.99906683 0.99749374
1432588969 0.0000000 0.99964911 0.99880016
1432601816 0.0000000 0.99960387 0.99861521
1432799863 0.0000000 0.99947178 0.99826026
1434467768 0.0000000 0.99979782 0.99875093
1434867330 0.0000000 0.99952412 0.99843419
1435335400 0.0000000 0.99924296 0.99780822
1438066750 0.0000000 0.99964392 0.99864018
1438936857 0.0000000 0.99301654 0.57494330
1439209234 0.0000000 0.99128002 0.57337981
1439418087 0.0000000 0.99879450 0.58007491
1439474882 0.0000000 0.99907118 0.60198259
1439699200 0.0000000 0.99518710 0.57980657
1441113885 0.0000000 0.99214834 0.69314563
1441128847 0.0000000 0.99958503 0.59448326
1441160293 0.0000000 0.99850702 0.58726466
1441898607 0.0000000 0.99945754 0.60108030
1442339782 0.0000000 0.99934095 0.60631657
1442345855 0.0000000 0.99891084 0.62048584
1442345878 0.0000000 0.99891061 0.62048328
1442408939 0.0000000 0.99891669 0.61199152
1442410226 0.0000000 0.99878246 0.61438698
1442413798 0.0000000 0.99887556 0.60289901
1443074281 0.0000000 0.99923158 0.64247179
1443555465 0.0000000 0.99947238 0.61887157
1444648487 0.0000000 0.99906659 0.61283779
1444736944 0.0000000 0.99886274 0.68454695
1444953165 0.0000000 0.99912548 0.60061097
1444953267 0.0000000 0.99880111 0.60089916
1445014914 0.0000000 0.99806130 0.58885306
1445221055 0.0000000 0.99880499 0.58993900
1445233331 0.0000000 0.99920511 0.57385039
1445239215 0.0000000 0.99915904 0.57318699
1446412182 0.0000000 0.99338222 0.81391019
1446412281 0.0000000 0.99935180 0.54582226
1446509184 0.0000000 0.99923342 0.53265584
1446509190 0.0000000 0.99923366 0.53267193
1446714386 0.0000000 0.99961263 0.55684435
1447167192 0.0000000 0.99738306 0.52649635
1447255999 0.0000000 0.99941796 0.53573823
1447277516 0.0000000 0.99498045 0.51085019
1448316095 0.0000000 0.99086660 0.48582798
1448671943 0.0000000 0.99773419 0.53945303
1449033717 0.0000000 0.99933815 0.56934106
1449035580 0.0000000 0.99921817 0.56585085
1449153073 0.0000000 0.99916559 0.58632684
1449935242 0.0000000 0.99944496 0.57519835
1450510821 0.0000000 0.99451184 0.53569305
1450536811 0.0000000 0.99725580 0.54232138
1450992022 0.0000000 0.99930102 0.55110323
1451199638 0.0000000 0.99791622 0.55013531
1451327726 0.0000000 0.99894410 0.55031222
1451523194 0.0000000 0.99888295 0.55518800
1451829690 0.0000000 0.99874681 0.54688221
1451928000 0.0000000 0.99867719 0.54337108
1452487977 0.0000000 0.99894905 0.60747933
1453169606 0.0000000 0.99580169 0.87874901
1453824336 0.0000000 0.99834752 0.44204837
1454422761 0.0000000 0.99933976 0.46172744
1454702246 0.0000000 0.76923531 -1.39833689E-02
1454702308 0.0000000 0.99562168 0.99121958
1454702406 0.0000000 0.94534105 0.87382531
1454702512 0.0000000 0.97846490 0.71465367
1454978820 0.0000000 0.99887788 0.46402526
1455590759 0.0000000 0.99924928 0.43717825
1455595494 0.0000000 0.99863744 0.44852966
1455757779 0.0000000 0.99617612 0.58527303
1455758311 0.0000000 0.99805123 0.49798095
1456215987 0.0000000 0.99925429 0.40065891
1456541993 0.0000000 0.99944222 0.38289493
1457201466 0.0000000 0.99845350 0.40975636
1457276938 0.0000000 0.99946868 0.36374766
1459152479 0.0000000 0.99952579 0.39684486
1459502085 0.0000000 0.99468803 0.35180926
1459988008 0.0000000 0.99805617 0.39591962
1460294506 0.0000000 0.99865294 0.39641309
1460353509 0.0000000 0.99935865 0.41209477
1460804146 0.0000000 0.99924457 0.38075805
1461082597 0.0000000 0.99844688 0.38748688
1461607991 0.0000000 0.99939507 0.37821150
1461770234 0.0000000 0.99831861 0.43928945
1461770257 0.0000000 0.99831861 0.43928373
1461770858 0.0000000 0.99940068 0.41503406
1461781146 0.0000000 0.99466473 0.71119314
1461806086 0.0000000 0.99858046 0.39873564
1462056417 0.0000000 0.99921525 0.37661207
1462199340 0.0000000 0.99917161 0.38339686
1462521203 0.0000000 0.99931717 0.42692614
1462632669 0.0000000 0.99936992 0.38443303
1462675593 0.0000000 0.99896789 0.41131490
1463023035 0.0000000 0.99478501 0.60251009
1463023251 0.0000000 0.99902475 0.38166374
1463023282 0.0000000 0.99907947 0.38163322
1463027395 0.0000000 0.99801731 0.46965992
1463127852 0.0000000 0.99934709 0.40226257
1463195522 0.0000000 0.99933451 0.39330316
1463196768 0.0000000 0.99949098 0.40363443
1463530965 0.0000000 0.99902576 0.44723922
1463863900 0.0000000 0.99869597 0.50158864
1463882779 0.0000000 0.99897444 0.43403798
1464184475 0.0000000 0.99837714 0.36890328
1464544116 0.0000000 0.99888015 0.45948923
1464576767 0.0000000 0.99082828 0.35570788
1464630651 0.0000000 0.99943429 0.41865927
1464672226 0.0000000 0.99208742 0.67171681
1466204142 0.0000000 0.99800110 0.37275833
1466383187 0.0000000 0.99954712 0.39566225
1466409210 0.0000000 0.99780309 0.36720449
1466715930 0.0000000 0.99932790 0.42132080
1467361422 0.0000000 0.99938500 0.39522243
1469019333 0.0000000 0.99919671 0.38034046
1469592155 0.0000000 0.99927759 0.37206024
1471008941 0.0000000 0.99591953 0.35428041
1471908408 0.0000000 0.99929255 0.37748700
1472660934 0.0000000 0.99926800 0.36971337
1473440050 0.0000000 0.99932218 0.36586612
1475769120 0.0000000 0.99529749 0.78587765
1477370752 0.0000000 0.99919897 0.38226002
1478519786 0.0000000 0.99931723 0.36178631
1478903131 0.0000000 0.99954557 0.31424052
1480024554 0.0000000 0.99954849 0.32357705
1480377579 0.0000000 0.99929106 0.30545229
1480507474 0.0000000 0.99948090 0.32190609
1481256588 0.0000000 0.99946523 0.31389689
1481811269 0.0000000 0.99828345 0.43360162
1483057851 0.0000000 0.99934238 0.28446770
1483513641 0.0000000 0.99940515 0.28628486
1484155863 0.0000000 0.99734294 0.54469466
1484797338 0.0000000 0.99368900 0.23760319
1484900187 0.0000000 0.99734759 0.26511097
1485329586 0.0000000 0.99922866 0.29004490
1486746772 0.0000000 0.99333388 0.73353267
1487420859 0.0000000 0.99943632 0.27831984
1487652197 0.0000000 0.94349951 -7.67759085E-02
1488212310 0.0000000 0.99940616 0.26749933
1488924651 0.0000000 0.99941754 0.29098499
1489967289 0.0000000 0.99865758 0.25378495
1490066029 0.0000000 0.99024326 0.22638404
1490805242 0.0000000 0.99958169 0.29098046
1492112471 0.0000000 0.99934089 0.27617955
1492367656 0.0000000 0.37074542 -1.3987024
1493517442 0.0000000 0.99951535 0.33776134
1493960850 0.0000000 0.99951243 0.34517187
1493986611 0.0000000 0.99727261 0.34294194
1494932580 5.00000007E-02 0.44577163 -7698.7832
1495631454 0.0000000 0.60461593 4.14432883E-02
1495691291 0.0000000 0.99309278 0.72532570
1495956669 0.0000000 0.98141426 0.20364636
1495999757 0.0000000 0.99872994 0.26417422
1496582686 0.0000000 0.99920285 0.27714247
1497967350 0.0000000 0.99652123 0.31573081
1498029939 0.0000000 0.99932903 0.29997891
1500318986 0.0000000 0.99936557 0.34655285
1501139292 0.0000000 0.99948967 0.30062062
1501845585 0.0000000 0.99928159 0.35754645
1502294736 0.0000000 0.99923360 0.42061979
1502416734 0.0000000 0.99905866 0.43064553
1502582915 0.0000000 0.99935275 0.41952473
1504364658 0.0000000 0.99926490 0.43064755
1505096741 0.0000000 0.99830639 0.50664043
1505687994 0.0000000 0.99934030 0.42852002
1505917796 0.0000000 0.99453664 0.76443720
1506232185 0.0000000 0.99893218 0.36171478
1506549399 0.0000000 0.99853462 0.39675903
1507505391 0.0000000 0.99938488 0.30341578
1507747520 0.0000000 0.99905282 0.31987113
1508582157 0.0000000 0.99896812 0.30539274
1509318944 0.0000000 0.99946690 0.30761069
1509677295 0.0000000 0.99764818 0.48222274
1509677339 0.0000000 0.99763411 0.49733198
1509752088 0.0000000 0.99879509 0.42352200
1510398879 0.0000000 0.99925900 0.38126290
1510402973 0.0000000 0.99684066 0.51628709
1510440860 0.0000000 0.99732834 0.30813205
1510947032 0.0000000 0.99899989 0.35046792
1511360409 0.0000000 0.99360210 0.77304828
1511470532 0.0000000 0.99869275 0.41373450
1512230735 0.0000000 0.99567974 0.32313645
1512377977 0.0000000 0.99944335 0.33597791
1512704669 0.0000000 0.99925858 0.33451200
1513120660 0.0000000 0.99857837 0.31108630
1516168751 0.0000000 0.99929285 0.29851389
1516984288 0.0000000 0.99951339 0.32825714
1517686257 0.0000000 0.99951136 0.32865226
1517749972 0.0000000 0.99910051 0.40388358
1517752600 0.0000000 0.99423862 0.61544442
1517752662 0.0000000 0.99796444 0.47593278
1517753127 0.0000000 0.99808776 0.35823357
1517753452 0.0000000 0.99763477 0.48602533
1517753522 0.0000000 0.99762672 0.48728949
1517753592 0.0000000 0.99764431 0.48524904
1517753815 0.0000000 0.99947017 0.36932731
1517758427 0.0000000 0.99889231 0.36601156
1517763262 0.0000000 0.99793148 0.36396050
1517821602 0.0000000 0.99915409 0.34959906
1517823894 0.0000000 0.99800915 0.37207061
1517846321 0.0000000 0.99927104 0.35808688
1517852233 0.0000000 0.99851710 0.36523396
1517893754 0.0000000 0.99952739 0.36955929
1517906208 0.0000000 0.99888963 0.34328252
1517932241 0.0000000 0.98756874 0.94079238
1517932280 0.0000000 0.98887312 0.94747257
1517932282 0.0000000 0.98935151 0.94977808
1517932427 0.0000000 0.99659508 0.49810326
1517932434 0.0000000 0.99660730 0.50305307
1517932492 0.0000000 0.99696475 0.44189054
1517933877 0.0000000 0.99935901 0.37385917
1517940013 0.0000000 0.99788743 0.43797994
1517940459 0.0000000 0.99840987 0.46035314
1517944528 0.0000000 0.99604225 0.45035934
1517945796 0.0000000 0.99931759 0.33674693
1517950582 0.0000000 0.99942678 0.33608359
1517958702 0.0000000 0.99950087 0.33247173
1517960631 0.0000000 0.99952221 0.35915232
1517969882 0.0000000 0.99947721 0.31984931
1517974578 0.0000000 0.99940038 0.32490808
1517998787 0.0000000 0.99786496 0.30982107
1518001985 0.0000000 0.99933493 0.32210708
1518008800 0.0000000 0.99938458 0.31678301
1518008880 0.0000000 0.99934417 0.29305404
1518013159 0.0000000 0.99919963 0.31268710
1518016890 0.0000000 0.99297535 0.57065451
1518016916 0.0000000 0.99297506 0.57062888
1518051257 0.0000000 0.99931133 0.30616671
1518059164 0.0000000 0.99922824 0.31140560
1518142443 0.0000000 0.99914813 0.29068851
1518201789 0.0000000 0.99936730 0.26507443
1518248929 0.0000000 0.99920797 0.31740499
1518858396 0.0000000 0.99894047 0.29217511
1518981709 0.0000000 0.99926531 0.31777906
1519051621 0.0000000 0.99919790 0.31413519
1519254641 0.0000000 0.99578279 0.62213427
1519583320 0.0000000 0.99929816 0.27771783
1519962147 0.0000000 0.99942178 0.29035532
1520098551 0.0000000 0.99826515 0.31759083
1520329330 0.0000000 0.98718387 0.21223027
1521024527 0.0000000 0.99691278 0.29522818
1521537776 0.0000000 0.73721313 0.39915901
1521728871 0.0000000 0.99847299 0.99644852
1522232997 0.0000000 0.99917507 0.99731660
1522282670 0.0000000 0.99957025 0.99822170
1522598524 0.0000000 0.99930060 0.99717456
1523432369 0.0000000 0.99946600 0.99830621
1523886539 0.0000000 0.99950165 0.99808049
1524201906 0.0000000 0.99857116 0.99675822
1524248877 0.0000000 0.99036336 0.98073208
1524308214 0.0000000 0.99963903 0.99887651
1524503432 0.0000000 0.99960595 0.99830645
1524721460 0.0000000 0.99956280 0.99864239
1524721601 0.0000000 0.99937314 0.99827969
1524808553 0.0000000 0.99952281 0.99846655
1525218424 0.0000000 0.99957120 0.99844682
1526098666 0.0000000 0.99956852 0.99800181
1527728598 0.0000000 0.99964291 0.99856097
1527904870 0.0000000 0.99957544 0.99789590
1528731725 0.0000000 0.99929130 0.99765730
1528750347 0.0000000 0.99948275 0.99802506
1528856173 0.0000000 0.99828583 0.99598664
1529096035 0.0000000 0.99958444 0.99759018
1529334375 0.0000000 0.99443388 0.98842043
1529522338 0.0000000 0.99936819 0.99759787
1530516370 0.0000000 0.99935287 0.99866807
1530516385 0.0000000 0.99928725 0.99856991
1530609654 0.0000000 0.99952626 0.99882352
1531312909 0.0000000 0.99955511 0.99809009
1531507119 0.0000000 0.99977565 0.99892771
1532050755 0.0000000 0.99950480 0.99827343
1533217098 0.0000000 0.99959153 0.99838448
1533504622 0.0000000 0.99534953 0.99028254
1533801692 0.0000000 0.99883395 0.99690247
1534500582 0.0000000 0.99933690 0.99753600
1534551317 0.0000000 0.99954933 0.99797475
1535572403 0.0000000 0.99597734 0.99154240
1535660064 0.0000000 0.99629402 0.99187464
1536498994 0.0000000 0.99951482 0.99794042
1536641006 0.0000000 0.99954122 0.99819309
1536700815 0.0000000 0.99921918 0.99727553
1538633849 0.0000000 0.99530303 0.98998821
1538766649 0.0000000 0.99303752 0.98512483
1539072778 0.0000000 0.99896604 0.99712455
1539164591 0.0000000 0.98284537 0.96589589
1540269298 0.0000000 0.99942273 0.99833643
1540310644 0.0000000 0.99916166 0.99748725
1541624711 0.0000000 0.99657345 0.99239635
1541712486 0.0000000 0.89691705 0.77608037
1542328459 0.0000000 0.99778312 0.99454945
1542608341 0.0000000 0.99942058 0.99807876
1542638415 0.0000000 0.99558252 0.99058479
1542645094 0.0000000 0.99678308 0.99243039
1543190243 0.0000000 0.99969053 0.99882013
1543191316 0.0000000 0.99885738 0.99693072
1543236658 0.0000000 0.99938327 0.99803340
1543238642 0.0000000 0.99821854 0.99576157
1543314575 0.0000000 0.99926013 0.99790984
1544368541 0.0000000 0.99963135 0.99835241
1544439487 0.0000000 0.99951303 0.99795073
1544621063 0.0000000 0.99955386 0.99812675
1544908865 0.0000000 0.99969065 0.99778366
1545710204 0.0000000 0.99951470 0.99807072
1546538568 0.0000000 0.99964851 0.99883389
1546949806 0.0000000 0.99961001 0.99837178
1548127166 0.0000000 0.99963218 0.99873650
1548825695 0.0000000 0.99971807 0.99866551
1548861293 0.0000000 0.99959630 0.99877381
1549366351 0.0000000 0.99758905 0.99467432
1549558324 0.0000000 0.91837353 0.67624021
1550239687 0.0000000 0.99951285 0.99811429
1551558867 0.0000000 0.99647117 0.99200404
1552012334 0.0000000 0.99949157 0.99842191
1552127531 0.0000000 0.95237845 0.90228772
1552421955 0.0000000 0.99950320 0.99810988
1552451554 0.0000000 0.99927968 0.99803054
1552511242 0.0000000 0.99968827 0.99840003
1552697151 0.0000000 0.99931699 0.99796343
1552968094 0.0000000 0.99895626 0.99659854
1553256348 0.0000000 0.99889827 0.99690366
1553414210 0.0000000 0.99606127 0.99125510
1554087275 0.0000000 0.99894279 0.99706477
1554172029 0.0000000 0.99764645 0.99474061
1554256375 0.0000000 0.99939966 0.99878174
1554343015 0.0000000 0.99962807 0.99892330
1554382610 0.0000000 0.99952954 0.99792790
1554499495 0.0000000 0.99961537 0.99832135
1554706689 0.0000000 0.99960011 0.99846733
1554822801 0.0000000 0.99952739 0.99850982
1554841453 0.0000000 0.99948901 0.99817336
1554850672 0.0000000 0.99951416 0.99823451
1555563667 0.0000000 0.99956065 0.99833959
1556793883 0.0000000 0.99920702 0.99763376
1556970683 0.0000000 0.99738002 0.99403793
1557330527 0.0000000 0.99809033 0.99550474
1557737721 0.0000000 0.99935198 0.99766594
1558197514 0.0000000 0.99941570 0.99793088
1558379328 0.0000000 0.98642236 0.97299516
1558489044 0.0000000 0.99954772 0.99784249
1558591969 0.0000000 0.99959081 0.99805987
1559317998 0.0000000 0.99953973 0.99827886
1559641578 0.0000000 0.99974328 0.99882531
1559762840 0.0000000 0.99937636 0.99801260
1560870606 0.0000000 0.99586368 0.99106246
1561237205 0.0000000 0.99857557 0.99612719
1561242160 0.0000000 0.99887806 0.99708486
1561825206 0.0000000 0.99803782 0.99530804
1561837452 0.0000000 0.99947232 0.99815023
1562610935 0.0000000 0.99942625 0.99816746
1562880116 0.0000000 0.99949366 0.99836767
1563275550 0.0000000 0.99850744 0.99619752
1563531230 0.0000000 0.99954826 0.99843490
1563768365 0.0000000 0.99790710 0.99531966
1563850922 0.0000000 0.99395531 0.98751545
1564123196 0.0000000 0.99874210 0.99649030
1564190683 0.0000000 0.99963391 0.99868828
1564649429 0.0000000 0.99920821 0.99787229
1564753988 0.0000000 0.99973935 0.99877036
1564784683 0.0000000 0.99966270 0.99844706
1565054388 0.0000000 0.99957591 0.99856257
1565055090 0.0000000 0.99963528 0.99849039
1565213283 0.0000000 0.99954832 0.99863064
1565218942 0.0000000 0.99773979 0.99492639
1565905300 0.0000000 0.99921471 0.99740857
1566053525 0.0000000 0.99955696 0.99856669
1566053530 0.0000000 0.99955732 0.99856716
1566074882 0.0000000 0.99919683 0.99794775
1566101114 0.0000000 0.99953961 0.99838889
1566598377 0.0000000 0.99290615 0.98510385
1566648618 0.0000000 0.98468244 0.96959639
1567237819 0.0000000 0.99974710 0.99874997
1567471650 0.0000000 0.99958265 0.99833268
1567604000 0.0000000 0.99913496 0.99747747
1567917359 0.0000000 0.99800617 0.99506795
1568005668 0.0000000 0.99940175 0.99826139
1568095682 0.0000000 0.99955356 0.99864352
1569863578 0.0000000 0.99955750 0.99804825
1570468626 0.0000000 0.99908841 0.99744391
1571312673 0.0000000 0.99967575 0.99865776
1571861758 0.0000000 0.95590627 0.91003418
1572218883 0.0000000 0.99859947 0.99662572
1573491297 0.0000000 0.99752271 0.99467313
1573495893 0.0000000 0.99375957 0.98715204
1574645562 0.0000000 0.99946684 0.99843663
1575564604 0.0000000 0.99488115 0.98957658
1575660753 0.0000000 0.99888366 0.99690104
1576495557 0.0000000 0.99947804 0.99782509
1577769501 0.0000000 0.99674439 0.99203986
1577819410 0.0000000 0.99952674 0.99834412
1578293635 0.0000000 0.99931192 0.99814874
1578510402 0.0000000 0.99938494 0.99757910
1579404154 0.0000000 0.99948949 0.99843466
1579703564 0.0000000 0.99903125 0.99728215
1580749376 0.0000000 0.99951982 0.99818528
1581076659 0.0000000 0.99874032 0.99705023
1581616159 0.0000000 0.99926716 0.99826717
1581629921 0.0000000 0.99936324 0.99824291
1581764406 0.0000000 0.99963021 0.99867481
1581764700 0.0000000 0.99958271 0.99848938
1581794413 0.0000000 0.99966389 0.99888641
1582090065 0.0000000 0.99962676 0.99867040
1582113307 0.0000000 0.99901861 0.99710870
1582546233 0.0000000 0.99948025 0.99835092
1582592414 0.0000000 0.99811465 0.99576718
1582629242 0.0000000 0.99946082 0.99855226
1582695255 0.0000000 0.99947947 0.99838769
1584677477 0.0000000 0.99889809 0.99703848
1585787701 0.0000000 0.99537784 0.99007577
1586304460 0.0000000 0.99890959 0.99709225
1586389759 0.0000000 0.99929088 0.99784219
1586537097 0.0000000 0.99943042 0.99827832
1586691401 0.0000000 0.99971461 0.99874842
1587481331 0.0000000 0.99922842 0.99732018
1588476280 0.0000000 0.99947935 0.99895364
1589003116 0.0000000 0.99914801 0.99728310
1589548020 0.0000000 0.92704540 0.84521461
1589756010 0.0000000 0.99905652 0.99675059
1589910785 0.0000000 0.99691749 0.99356902
1590311534 0.0000000 0.90567845 0.79173881
1590359490 0.0000000 0.99945557 0.99803883
1590694463 0.0000000 0.99922556 0.99808800
1590843750 0.0000000 0.99947035 0.99819815
1591494563 0.0000000 0.99942654 0.99797708
1591839506 0.0000000 0.99939734 0.99793625
1591921295 0.0000000 0.99939340 0.99767596
1592079539 0.0000000 0.99963719 0.99827445
1592349420 0.0000000 0.99837786 0.99576730
1593214064 0.0000000 0.99902922 0.99709719
1593241888 0.0000000 0.99940282 0.99777728
1593407313 0.0000000 0.99950886 0.99775374
1593435168 0.0000000 0.99949795 0.99769884
1593519432 0.0000000 0.99934059 0.99739909
1594227272 0.0000000 0.99957347 0.99830031
1594265063 0.0000000 0.99926573 0.99710226
1594267923 0.0000000 0.99896562 0.99668986
1594526768 0.0000000 0.99739486 0.99405748
1594546164 0.0000000 0.99183249 0.98358595
1595767949 0.0000000 0.99958056 0.99803233
1597107665 0.0000000 0.99804956 0.99507284
1597123796 0.0000000 0.99881816 0.99737310
1597187246 0.0000000 0.99867964 0.99658906
1597774608 0.0000000 0.99744070 0.99438453
1597797181 0.0000000 0.99953288 0.99825728
1597806811 0.0000000 0.99927288 0.99818426
1598480108 0.0000000 0.99938172 0.99800569
1598847265 0.0000000 0.96578789 0.93100667
1599036279 0.0000000 0.99956512 0.99816102
1600306672 0.0000000 0.99941581 0.99808323
1600646088 0.0000000 0.99956346 0.99836916
1600833602 0.0000000 0.99963081 0.99834067
1601017581 0.0000000 0.99945861 0.99787867
1601326254 0.0000000 0.99922699 0.99807525
1601342057 0.0000000 0.99958414 0.99851441
1601440640 0.0000000 0.99965787 0.99875027
1601863505 0.0000000 0.99956143 0.99792993
1602517184 0.0000000 0.99933308 0.99789268
1602946993 0.0000000 0.99951208 0.99902308
1602947159 0.0000000 0.99957865 0.99878252
1603087586 0.0000000 0.97871161 0.95747083
1603396062 0.0000000 0.99422461 0.98828626
1603674483 0.0000000 0.99847376 0.99613631
1604358861 0.0000000 0.99881554 0.99699318
1604426346 0.0000000 0.99898320 0.99737233
1604601372 0.0000000 0.99962997 0.99870956
1604626818 0.0000000 0.99975199 0.99891120
1605130406 0.0000000 0.99956161 0.99842596
1605130534 0.0000000 0.99933183 0.99800342
1605266102 0.0000000 0.99912542 0.99773943
1605511152 0.0000000 0.99932677 0.99803227
1605551866 0.0000000 0.99935836 0.99836749
1605557664 0.0000000 0.99948102 0.99865669
1605621503 0.0000000 0.99507248 0.98967725
1605662576 0.0000000 0.99606127 0.99163610
1606582085 0.0000000 0.99382669 0.98695070
1606657334 0.0000000 0.99951744 0.99830258
1607578178 0.0000000 0.99967510 0.99877369
1607606398 0.0000000 0.99944359 0.99858934
1607606851 0.0000000 0.99824733 0.99616200
1607624108 0.0000000 0.99955821 0.99833226
1608317519 0.0000000 0.99531996 0.99032831
1608385359 0.0000000 0.99385083 0.98730367
1609436522 0.0000000 0.99668270 0.99262291
1609594007 0.0000000 0.99909681 0.99750322
1610162996 0.0000000 0.90009338 0.77626711
1610192153 0.0000000 0.99947709 0.99821693
1610249009 0.0000000 0.99973184 0.99872661
1610838659 0.0000000 0.99939644 0.99842179
1611559538 0.0000000 0.99959385 0.99869531
1611565557 0.0000000 0.99937147 0.99797732
1611574763 0.0000000 0.99891901 0.99727559
1611584686 0.0000000 0.99516636 0.99017900
1611818971 0.0000000 0.99950349 0.99857962
