990630314 0.0000000 0.99505121 0.98932135
991455252 0.0000000 0.80536842 0.43007410
991634551 0.0000000 0.98727268 0.97184479
991995645 0.0000000 0.60284150 -0.58214307
992208377 0.0000000 0.97985876 0.95661801
992209870 0.0000000 0.98705101 0.97255129
992438274 0.0000000 0.99942744 0.99843287
992486125 0.0000000 0.99967861 0.99896085
992592933 0.0000000 0.97903949 0.95487338
992927775 0.0000000 0.99909604 0.99743658
992929419 0.0000000 0.99923313 0.99792755
993581187 0.0000000 0.99493104 0.98921245
993854508 0.0000000 0.99604011 0.99178004
993874057 0.0000000 0.99838156 0.99639016
994007634 0.0000000 0.98646277 0.97140664
994692047 0.0000000 0.99895149 0.99727809
995024004 0.0000000 0.99289650 0.98482460
995162867 0.0000000 0.99720299 0.99349862
995890516 0.0000000 0.98822773 0.97545308
996113981 0.0000000 0.98680180 0.97227663
997156421 0.0000000 0.96060103 0.90995276
998326679 0.0000000 0.99736589 0.99413699
999257596 0.0000000 0.97968501 0.95729774
1000062111 0.0000000 0.96666199 0.92779016
1000197538 0.0000000 0.99840087 0.99614102
1004092959 -114.20000 3.19979824E-02 0.0000000
1004454253 -122.75000 1.69599764E-02 0.0000000
1004863535 -81.450005 1.88792199E-02 0.0000000
1005352632 -151.15001 3.19178477E-02 0.0000000
1006580783 -105.90000 6.21783100E-02 0.0000000
1007019252 -300.05002 NaN 0.0000000
1076851926 0.0000000 0.99902618 0.99804240
1076884025 0.0000000 0.99796730 0.99591517
1077531525 0.0000000 0.99685872 0.99370009
1077584107 0.0000000 0.99630606 0.99260712
1078321829 0.0000000 0.99543005 0.99082834
1079154231 0.0000000 0.99796039 0.99590254
1080241624 0.0000000 0.99800962 0.99601114
1081488818 0.0000000 0.98345757 0.96629345
1082397083 0.0000000 0.99277544 0.98547548
1082563195 0.0000000 0.99352729 0.98659968
1082729069 0.0000000 0.99618119 0.99216497
1082820030 0.0000000 0.99836457 0.99667269
1083398171 0.0000000 0.99913716 0.99823534
1083961065 0.0000000 0.99815190 0.99621415
1084003366 0.0000000 0.99828875 0.99655730
1084082541 0.0000000 0.99791294 0.99582338
1084133207 0.0000000 0.99892545 0.99784666
1084597670 0.0000000 0.99700081 0.99398178
1084687448 0.0000000 0.99898517 0.99793994
1084950252 0.0000000 0.99919277 0.99818939
1085103239 0.0000000 0.34337568 -6.4988852
1085390106 0.0000000 0.98618841 0.97255790
1086195389 0.0000000 0.99903172 0.99804091
1086315872 0.0000000 0.99535900 0.99073434
1086883086 0.0000000 0.99748361 0.99494547
1087613581 0.0000000 0.99139208 0.98277247
1089099122 0.0000000 0.99817610 0.99624968
1089113880 0.0000000 0.98338014 0.96621656
1089371968 0.0000000 0.98627907 0.97239232
1090478200 0.0000000 0.99013948 0.98035550
1091970746 0.0000000 0.99494207 0.98988712
1092861100 0.0000000 0.98587936 0.97158724
1093118276 0.0000000 0.92902434 0.84100544
1093908136 0.0000000 0.99215835 0.98427659
1095475955 0.0000000 0.99147862 0.98302275
1097813330 0.0000000 0.99931562 0.99855411
1098848984 0.0000000 0.98515397 0.96971548
1099928102 0.0000000 0.99023509 0.98047996
1099929295 0.0000000 0.99959487 0.99916619
1099929521 0.0000000 0.99886459 0.99772537
1099931589 0.0000000 0.98468548 0.96895295
1099942690 0.0000000 0.99897790 0.99795562
1100098082 0.0000000 0.99902469 0.99803627
1100139404 0.0000000 0.99944395 0.99883121
1100237223 0.0000000 0.97960711 0.95876503
1100955874 0.0000000 0.92869633 0.84242338
1103674687 0.0000000 0.99409944 0.98819268
1105287429 0.0000000 0.90378177 0.77781165
1105405102 0.0000000 0.99865419 0.99724001
1105536640 0.0000000 0.99340248 0.98678195
1105765351 0.0000000 0.98615581 0.97223514
1106056455 0.0000000 0.86595625 0.68170035
1106207236 0.0000000 0.99915618 0.99827880
1106226863 0.0000000 0.98766440 0.97505772
1106317701 0.0000000 0.99923587 0.99844927
1106377004 0.0000000 0.99444979 0.98889720
1106829094 0.0000000 0.99732256 0.99457818
1107166208 0.0000000 0.99253595 0.98476344
1107223187 0.0000000 0.99927139 0.99854213
1107233798 0.0000000 0.99662280 0.99324489
1107286746 0.0000000 0.88008088 0.72421765
1107388387 0.0000000 0.98919231 0.97814095
1107601144 0.0000000 0.99913394 0.99826711
1107601252 0.0000000 0.99916226 0.99831456
1108162580 0.0000000 0.99255490 0.98482341
1108757898 0.0000000 0.99920207 0.99835068
1108761568 0.0000000 0.99042839 0.98083025
1110049611 0.0000000 0.99932253 0.99858922
1110049680 0.0000000 0.99937749 0.99869645
1110050185 0.0000000 0.99864829 0.99729878
1110050874 0.0000000 0.99689579 0.99377990
1110568232 0.0000000 0.98633540 0.97201216
1111274786 0.0000000 0.99746162 0.99491918
1113182839 0.0000000 0.98874211 0.97729534
1113208093 0.0000000 0.99281222 0.98565823
1113260515 0.0000000 0.99873048 0.99746287
1113331351 0.0000000 0.97877514 0.95665389
1114345058 0.0000000 0.99420458 0.98826057
1114872497 0.0000000 0.99937242 0.99873054
1114872533 0.0000000 0.99937296 0.99872965
1114872543 0.0000000 0.99937350 0.99873066
1114981677 0.0000000 0.98975152 0.97919953
1115167250 0.0000000 0.99829608 0.99657083
1115753263 0.0000000 0.99290931 0.98578715
1115910658 0.0000000 0.96434164 0.92669863
1115942660 0.0000000 0.99620908 0.99239385
1116353193 0.0000000 0.97250825 0.94380009
1117405041 0.0000000 0.99849123 0.99696672
1117642805 0.0000000 0.99941218 0.99871689
1118162704 0.0000000 0.99911165 0.99822819
1118367166 0.0000000 0.99892849 0.99785274
1118396676 0.0000000 0.99846810 0.99693316
1118501300 0.0000000 0.98680401 0.97359979
1121472051 0.0000000 0.99667305 0.99332446
1121864763 0.0000000 0.99898201 0.99794090
1122385024 0.0000000 0.99869484 0.99732810
1122618639 0.0000000 0.99000007 0.98003274
1122777951 0.0000000 0.99358398 0.98720741
1123439949 0.0000000 0.97816986 0.95613980
1125373372 0.0000000 0.98920059 0.97825712
1125685516 0.0000000 0.98861390 0.97715658
1125969360 0.0000000 0.99970442 0.99937785
1127055473 0.0000000 0.95590717 0.90715361
1127456637 0.0000000 0.99524176 0.99050254
1127471662 0.0000000 0.99106884 0.98221505
1127494190 0.0000000 0.99706864 0.99413842
1127760620 0.0000000 0.99884069 0.99762446
1128153007 0.0000000 0.97770321 0.95476723
1128174696 0.0000000 0.99825805 0.99650192
1128475640 0.0000000 0.99071693 0.98146433
1128528995 0.0000000 0.99532634 0.99066788
1128891916 0.0000000 0.94733220 0.88740987
1128923244 0.0000000 0.99226236 0.98452318
1131428965 0.0000000 0.99496728 0.98994631
1131431840 0.0000000 0.91128612 0.80305296
1132062095 0.0000000 0.99355054 0.98701036
1132132485 0.0000000 0.99883646 0.99766690
1132148341 0.0000000 0.99644858 0.99291050
1132166999 0.0000000 0.98678720 0.97314656
1132661855 0.0000000 0.99438626 0.98878729
1132975230 0.0000000 0.99827278 0.99653715
1133111580 0.0000000 0.95592499 0.90711498
1133304109 0.0000000 0.99911851 0.99805635
1133601723 0.0000000 0.95617074 0.90839815
1133908462 0.0000000 0.98132592 0.96237361
1134710133 0.0000000 0.99389291 0.98781049
1135808248 0.0000000 0.99658692 0.99318355
1135976852 0.0000000 0.99727219 0.99451071
1136739698 0.0000000 0.99847341 0.99690104
1137913657 0.0000000 0.99789214 0.99578398
1137989937 0.0000000 0.99803871 0.99607861
1137990003 0.0000000 0.99799287 0.99598587
1138288259 0.0000000 0.96059626 0.91756654
1139284609 0.0000000 0.83268881 0.56802124
1139326915 0.0000000 0.97345406 0.94614649
1140725945 0.0000000 0.99888378 0.99774128
1140746150 0.0000000 0.99790305 0.99580431
1141877248 0.0000000 0.99929523 0.99854392
1142029462 0.0000000 0.98111957 0.96144509
1142229311 0.0000000 0.98825425 0.97656441
1142709582 0.0000000 0.97228342 0.94331241
1143536168 0.0000000 0.99408239 0.98817229
1143616861 0.0000000 0.98706502 0.97401810
1143885739 0.0000000 0.99952334 0.99897760
1143885924 0.0000000 0.99902254 0.99802130
1143888020 0.0000000 0.99744719 0.99488914
1144129163 0.0000000 0.99021196 0.98031801
1144133312 0.0000000 0.99063408 0.98118865
1144179006 0.0000000 0.94735622 0.88702774
1144806135 0.0000000 0.97526485 0.94987822
1145140855 0.0000000 0.99922878 0.99840707
1145323561 0.0000000 0.99891317 0.99780911
1146215126 0.0000000 0.99934012 0.99866277
1146944291 0.0000000 0.76152056 0.27739215
1146966782 0.0000000 0.99767715 0.99530095
1147258751 0.0000000 0.99740279 0.99480170
1149411961 0.0000000 0.99816889 0.99628544
1149467938 0.0000000 0.98618835 0.97242898
1149638545 0.0000000 0.95602107 0.90725827
1149771133 0.0000000 0.95803082 0.91348833
1150128882 0.0000000 0.99628592 0.99255705
1151387381 0.0000000 0.96681756 0.93168443
1154072410 0.0000000 0.99931312 0.99853802
1154182305 0.0000000 0.99155903 0.98314244
1155212722 0.0000000 0.98929548 0.97866255
1155340266 0.0000000 0.99860615 0.99699301
1155354114 0.0000000 0.96924430 0.93672824
1155443514 0.0000000 0.99511516 0.99025768
1156044082 0.0000000 0.99338883 0.98673582
1156698676 0.0000000 0.99867225 0.99728119
1158266854 0.0000000 0.95304799 0.90175354
1159598968 0.0000000 0.98514199 0.97040677
1159684577 0.0000000 0.99858004 0.99715346
1160388105 0.0000000 0.99862349 0.99725032
1160392104 0.0000000 0.99858576 0.99717498
1160549032 0.0000000 0.99856704 0.99712288
1160664389 0.0000000 0.99945366 0.99890369
1163299258 0.0000000 0.98944879 0.97892320
1163456967 0.0000000 0.99562931 0.99127555
1163641819 0.0000000 0.99342650 0.98689073
1164570370 0.0000000 0.94046962 0.87390548
1165358160 0.0000000 0.99552852 0.99107051
1165368969 0.0000000 0.97882605 0.95765084
1166094636 0.0000000 0.99655700 0.99308503
1166561075 0.0000000 0.98941612 0.97889340
1166894907 0.0000000 0.99808753 0.99611700
1167121204 0.0000000 0.99066412 0.98136401
1167135981 0.0000000 0.99899065 0.99794084
1167136317 0.0000000 0.99905407 0.99798214
1167136455 0.0000000 0.99905044 0.99797744
1167136825 0.0000000 0.99891639 0.99783289
1167144800 0.0000000 0.99291658 0.98539686
1167147704 0.0000000 0.99877536 0.99753684
1167154513 0.0000000 0.99746358 0.99477345
1167186639 0.0000000 0.99892348 0.99777317
1167298740 0.0000000 0.90590459 0.77894753
1167318376 0.0000000 0.84743494 0.59950757
1167324678 0.0000000 0.98468357 0.96893686
1167592780 0.0000000 0.96522206 0.92756784
1167604646 0.0000000 0.96010309 0.91851002
1168792515 0.0000000 0.96382517 0.92393976
1168917035 0.0000000 0.99930960 0.99861854
1169006425 0.0000000 0.98937523 0.97881603
1169712716 0.0000000 0.94771552 0.88956130
1169722755 0.0000000 0.99890375 0.99777138
1170262059 0.0000000 0.99220777 0.98401904
1170524118 0.0000000 0.95988405 0.91547024
1171366614 0.0000000 0.97593254 0.94984138
1171423577 0.0000000 0.98729539 0.97429746
1171423831 0.0000000 0.99393034 0.98789316
1171832699 0.0000000 0.99877119 0.99751794
1172178017 0.0000000 0.86740458 0.67166924
1173308237 0.0000000 0.99709117 0.99417853
1173368256 0.0000000 0.99352419 0.98708779
1174197233 0.0000000 0.95125502 0.89683497
1175309106 0.0000000 0.94934458 0.89306343
1175583473 0.0000000 0.98324805 0.96598613
1176242685 0.0000000 0.90856397 0.78850478
1177115546 0.0000000 0.99692959 0.99386585
1177175308 0.0000000 0.99547470 0.99059701
1178992210 0.0000000 0.98296255 0.96573782
1180238725 0.0000000 0.93743813 0.86293453
1180618796 0.0000000 0.96355331 0.92305261
1181939353 0.0000000 0.99530149 0.99062300
1182196765 0.0000000 0.88180327 0.72048974
1182265663 0.0000000 0.92748404 0.84528852
1182396227 0.0000000 0.99004942 0.98017073
1182398897 0.0000000 0.99897623 0.99793530
1184629372 0.0000000 0.98394316 0.73621666
1185198002 0.0000000 0.99914056 0.74316573
1185799546 0.0000000 0.49270096 -5.18712997E-02
1185861072 0.0000000 0.52289301 0.10300303
1186620947 0.0000000 0.99839193 0.74582839
1186786330 0.0000000 0.87866074 0.66595531
1188350129 0.0000000 0.96751708 0.73043567
1188356416 0.0000000 0.99404842 0.74132097
1188908193 0.0000000 0.98076767 0.73396111
1188950111 0.0000000 0.68385321 0.46613634
1189101086 0.0000000 0.99951231 0.74457729
1189101321 0.0000000 0.99569839 0.74434865
1189194674 0.0000000 0.71355402 0.50853169
1190442424 0.0000000 0.94839674 0.71785951
1191742755 0.0000000 0.83440685 0.63565898
1192071901 0.0000000 0.98486382 0.73359680
1192632000 0.0000000 0.99714124 0.74455273
1193967194 0.0000000 0.66836953 0.44287562
1194476053 0.0000000 0.94060689 0.70930362
1196283913 0.0000000 0.99342442 0.73899925
1196818902 0.0000000 0.99665064 0.74502212
1196950527 0.0000000 0.97913396 0.73078752
1197715613 0.0000000 0.62648433 0.36488426
1198522115 0.0000000 0.99628651 0.74119735
1200543890 0.0000000 0.49996454 1.46581531E-02
1200856359 0.0000000 0.90745640 0.68557274
1201442068 0.0000000 0.79269516 0.59493232
1203280382 0.0000000 0.99918008 0.74740243
1203409866 0.0000000 0.62812591 0.37030226
1203790455 0.0000000 0.96526903 0.73297453
1204138448 0.0000000 0.94107443 0.71551192
1204304285 0.0000000 0.99359632 0.74552262
1204490434 0.0000000 0.38499248 -0.58767533
1204651907 0.0000000 0.99869162 0.74542832
1204651936 0.0000000 0.99869978 0.74543369
1204670552 0.0000000 0.98930073 0.74204886
1207186072 0.0000000 0.71995187 0.51695418
1208187584 0.0000000 0.98813224 0.74349779
1208931881 0.0000000 0.98947430 0.74369305
1208975321 0.0000000 0.99915886 0.74771887
1208982088 0.0000000 0.92273122 0.70132506
1208988255 0.0000000 0.99382758 0.74186933
1208988552 0.0000000 0.98203689 0.73937821
1209105937 0.0000000 0.91420627 0.70086694
1209216223 0.0000000 0.81322479 0.62023377
1209291757 0.0000000 0.78220463 0.58822024
1209339084 0.0000000 0.97852206 0.73589611
1209362380 0.0000000 0.95652103 0.72294027
1209543825 0.0000000 0.30223608 -1.5322371
1209563099 0.0000000 0.73519892 0.53714192
1209583346 0.0000000 0.94271326 0.71886265
1209820628 0.0000000 0.81918448 0.61745024
1209877317 0.0000000 0.64861381 0.40999466
1210448520 0.0000000 0.99870676 0.74583501
1210560189 0.0000000 0.78373188 0.59184444
1210633064 0.0000000 0.98149449 0.73689246
1210703275 0.0000000 0.99184901 0.74136323
1212285435 0.0000000 0.99857485 0.74995774
1212339563 0.0000000 0.99746585 0.74269068
1213107823 0.0000000 0.50870335 1.33424401E-02
1213158817 0.0000000 0.94843161 0.72927284
1213486164 0.0000000 0.99083853 0.74194324
1214086760 0.0000000 0.88461280 0.67705625
1214128508 0.0000000 0.87155485 0.66630805
1214211456 0.0000000 0.53080267 0.15334415
1214561217 0.0000000 0.59720713 0.30719137
1215221786 0.0000000 0.99891192 0.74511647
1215745668 0.0000000 0.98374802 0.73146629
1215812106 0.0000000 0.98211825 0.73735666
1215812707 0.0000000 0.89450938 0.67816699
1215839910 0.0000000 0.94296324 0.71238971
1215843106 0.0000000 0.97369260 0.73546076
1215961116 0.0000000 0.99591935 0.74874222
1216126809 0.0000000 0.75091475 0.56009960
1216904067 0.0000000 0.68005067 0.46141452
1217616949 0.0000000 0.99245250 0.74006557
1218233114 0.0000000 0.98582488 0.73955023
1218994676 0.0000000 0.89690018 0.68705225
1219291482 0.0000000 0.53121132 0.12893200
1219301591 0.0000000 0.95273525 0.71881115
1219723710 0.0000000 0.75847465 0.56183660
1219772880 0.0000000 0.95860380 0.72242284
1219869253 0.0000000 0.93702680 0.70871854
1220179542 0.0000000 0.87650234 0.66814113
1220742036 0.0000000 0.92012763 0.70521784
1220946193 0.0000000 0.99756998 0.74192929
1221047734 0.0000000 0.96575004 0.71779221
1222614737 0.0000000 0.89600325 0.68921065
1225404477 0.0000000 0.83848953 0.63461250
1225442295 0.0000000 0.99673420 0.74403328
1228187814 0.0000000 0.99920934 0.74558681
1228684717 0.0000000 0.99921948 0.74507493
1229260451 0.0000000 0.83728725 0.64089179
1229658996 0.0000000 0.46712717 -0.14584100
1229990683 0.0000000 0.99904126 0.74799222
1230216280 0.0000000 0.84286308 0.64410120
1230600687 0.0000000 0.98833376 0.73596084
1230860391 0.0000000 0.99320382 0.74809688
1231020274 0.0000000 0.99822003 0.74540913
1231041233 0.0000000 0.94812530 0.71935630
1232714291 0.0000000 0.99232566 0.74439049
1232804891 0.0000000 0.99192590 0.74764562
1233928332 0.0000000 0.99681270 0.74457085
1234166319 0.0000000 0.63828689 0.26832056
1234201315 0.0000000 0.95951813 0.72142458
1234214675 0.0000000 0.99706870 0.74361795
1236731039 0.0000000 0.95838940 0.73490524
1236854628 0.0000000 0.97039062 0.74602067
1237014105 0.0000000 0.97831517 0.75015980
1237159221 0.0000000 0.97701079 0.74439764
1237164701 0.0000000 0.96708542 0.73940206
1237551366 0.0000000 0.96309948 0.74174064
1237619839 0.0000000 0.85931653 0.65479529
1239235949 0.0000000 0.98242617 0.75144672
1239971868 0.0000000 0.99907970 0.75589323
1240678955 0.0000000 0.93892342 0.73131049
1242397863 0.0000000 0.99602431 0.75451607
1242709695 0.0000000 0.98123837 0.74863893
1243376855 0.0000000 0.99803048 0.74648166
1244248765 0.0000000 0.94725913 0.72520423
1245087845 0.0000000 0.92858070 0.70841038
1245407408 0.0000000 0.99051863 0.74875379
1245469469 0.0000000 0.99698561 0.75390196
1245877793 0.0000000 0.99630165 0.74847293
1245881452 0.0000000 0.98789704 0.74406838
1246167876 0.0000000 0.80315053 0.61699957
1246181696 0.0000000 0.83002841 0.64093411
1246182765 0.0000000 0.98733109 0.74934846
1246208530 0.0000000 0.99303317 0.75123930
1246208539 0.0000000 0.99300796 0.75118029
1246598451 0.0000000 0.99187744 0.74694091
1246598488 0.0000000 0.99178183 0.74702889
1246614635 0.0000000 0.99155843 0.74388295
1246985947 0.0000000 0.99107897 0.74431646
1247508302 0.0000000 0.99938458 0.75275457
1247516932 0.0000000 0.99819553 0.74972129
1247654255 0.0000000 0.99627811 0.75367808
1247741293 0.0000000 0.99912882 0.74846351
1247769767 0.0000000 0.99784213 0.75268352
1248159491 0.0000000 0.99515051 0.74934602
1248570012 0.0000000 0.99889845 0.75200886
1248588659 0.0000000 0.99890983 0.75284916
1248872986 0.0000000 0.99388599 0.74606723
1248886386 0.0000000 0.99858421 0.74863482
1249212887 0.0000000 0.99796033 0.75468975
1250467545 0.0000000 0.99891335 0.75428116
1250503855 0.0000000 0.99854034 0.75361514
1250504106 0.0000000 0.99794734 0.75411856
1250601456 0.0000000 0.99579543 0.75200391
1250639275 0.0000000 0.98769313 0.74385834
1250703707 0.0000000 0.94225019 0.72287995
1250777890 0.0000000 0.99518102 0.75059646
1250888264 0.0000000 0.99845093 0.74709022
1250911490 0.0000000 0.82749957 0.63724172
1252249816 0.0000000 0.90864176 0.69988990
1252757125 0.0000000 0.99635893 0.74832451
1254591366 0.0000000 0.99936497 0.75248003
1254664936 0.0000000 0.99428993 0.75282264
1255243328 0.0000000 0.99631023 0.74548644
1256244384 0.0000000 0.99617481 0.75106704
1256252705 0.0000000 0.99097687 0.74862933
1256431794 0.0000000 0.86554712 0.66258383
1257413577 0.0000000 0.99910474 0.75201225
1257413887 0.0000000 0.99805033 0.75105500
1257420861 0.0000000 0.99927020 0.75426644
1257678569 0.0000000 0.99122083 0.74572837
1258065617 0.0000000 0.95689350 0.73387694
1258296469 0.0000000 0.96970963 0.73933148
1258824471 0.0000000 0.99433780 0.75325835
1258926370 0.0000000 0.98750985 0.74755692
1260564405 0.0000000 0.99442714 0.75215709
1260692005 0.0000000 0.99014711 0.74893039
1261227736 0.0000000 0.99941885 0.75532472
1261227864 0.0000000 0.99934393 0.75702327
1261228557 0.0000000 0.98756009 0.74917006
1261232031 0.0000000 0.99500799 0.75650436
1261235533 0.0000000 0.97984815 0.75004220
1261275144 0.0000000 0.99052864 0.75425804
1261713375 0.0000000 0.98722595 0.74774241
1261922241 0.0000000 0.98339570 0.74795210
1262034644 0.0000000 0.95345312 0.73875332
1262237921 0.0000000 0.99321944 0.75559336
1262343689 0.0000000 0.91503406 0.71360701
1262367286 0.0000000 0.99831909 0.75627089
1262622742 0.0000000 0.56135410 0.26621288
1262633257 0.0000000 0.99812037 0.76001191
1263881366 0.0000000 0.99912584 0.75609708
1265523000 0.0000000 0.99884671 0.76060528
1265599504 0.0000000 0.99417424 0.75514722
1265691729 0.0000000 0.99198484 0.75155210
1265942558 0.0000000 0.99845576 0.75989282
1266289887 0.0000000 0.98218226 0.75068539
1266816064 0.0000000 0.99799877 0.76342928
1267146477 0.0000000 0.99817348 0.76097381
1267162697 0.0000000 0.99147427 0.75376290
1267661932 0.0000000 0.99930841 0.76113522
1267662287 0.0000000 0.99844855 0.75492656
1267686434 0.0000000 0.99121428 0.75457084
1267690576 0.0000000 0.99915266 0.75749642
1268040382 0.0000000 0.99913728 0.75647116
1268902896 0.0000000 0.98826396 0.75606680
1268931240 0.0000000 0.97767788 0.74824691
1269644874 0.0000000 0.99784094 0.75661445
1270335780 0.0000000 0.87097859 0.67057061
1270813793 0.0000000 0.98460317 0.75066996
1270961850 0.0000000 0.99856120 0.75766754
1270999307 0.0000000 0.69208819 0.46392691
1271168968 0.0000000 0.99458694 0.75848526
1271191748 0.0000000 0.99823803 0.75772333
1271987388 0.0000000 0.99151081 0.75776482
1272194052 0.0000000 0.98554850 0.75101399
1272250791 0.0000000 0.99898976 0.76013291
1272823213 0.0000000 0.99740201 0.75404942
1274901407 0.0000000 0.97321087 0.74000579
1276535865 0.0000000 0.97472042 0.74180973
1276561877 0.0000000 0.99910849 0.75319034
1276823323 0.0000000 0.99687999 0.75220728
1277440084 0.0000000 0.94150937 0.71955526
1277575551 0.0000000 0.99504417 0.75412560
1277670806 0.0000000 0.99546278 0.75542557
1278097892 0.0000000 0.99770612 0.75004959
1278515743 0.0000000 0.89853317 0.68780971
1278618217 0.0000000 0.99861068 0.75368178
1278636079 0.0000000 0.99813002 0.75631803
1279357457 0.0000000 0.99834102 0.75363278
1279458204 0.0000000 0.99789888 0.75111836
1280029930 0.0000000 0.99897820 0.75217450
1280553485 0.0000000 0.96771342 0.72910476
1280563997 0.0000000 0.96613318 0.73583001
1280587745 0.0000000 0.99740416 0.74818635
1281476617 0.0000000 0.95708102 0.72901267
1282408680 0.0000000 0.99918669 0.75020766
1282415961 0.0000000 0.98826754 0.74713862
1282416480 0.0000000 0.99724758 0.75495481
1283157909 0.0000000 0.99833030 0.75498486
1283540817 0.0000000 0.98277372 0.74138945
1284039008 0.0000000 0.97112185 0.74044597
1284244867 0.0000000 0.99715787 0.75093865
1284952628 0.0000000 0.99876750 0.75144756
1285350982 0.0000000 0.95261061 0.72914499
1285695233 0.0000000 0.99898285 0.75246036
1285876560 0.0000000 0.99293882 0.75251573
1286047392 0.0000000 0.99748719 0.75096709
1286198915 0.0000000 0.99925792 0.75164241
1286865806 0.0000000 0.78155005 0.58662093
1287036373 0.0000000 0.96615416 0.73474669
1289221280 0.0000000 0.99925244 0.75669622
1289567329 0.0000000 0.99811721 0.75471479
1289576340 0.0000000 0.99875373 0.74850631
1290342705 0.0000000 0.99909115 0.75509745
1290784424 0.0000000 0.99663413 0.75344688
1290799240 0.0000000 0.98770720 0.75128967
1291601652 0.0000000 0.99875128 0.75644565
1291689974 0.0000000 0.99506313 0.75488096
1291927327 0.0000000 0.97507417 0.74042165
1292000461 0.0000000 0.91928804 0.70659804
1294804388 12.700000 0.13241388 -85.281006
1296507195 0.0000000 0.12965985 -15.397587
1296548191 0.0000000 0.35791376 2.07943320E-02
1297058102 -70.300003 6.01741038E-02 -21.119520
1297342916 -49.100002 5.44583313E-02 -286.69720
1297754297 0.0000000 7.95157924E-02 -11.379453
1298970247 -2.2000000 6.32130280E-02 -1494.9370
1299845150 -44.750000 7.74198025E-02 -701.04340
1300123317 -42.200001 6.31140321E-02 -44.160339
1300281136 0.0000000 6.68657199E-02 -16.097868
1300608051 0.0000000 0.40784043 6.26124144E-02
1301123952 -75.800003 5.99949695E-02 -116.59779
1301458951 0.0000000 0.11497783 -9.5599546
1301964194 32.100002 4.81365621E-02 -127.53311
1302916270 -5.00000007E-02 8.88599753E-02 -7.0706453
1302961193 -43.049999 7.85613433E-02 -112.01654
1303685617 -19.350000 6.44998699E-02 -61.059750
1304080155 -12.300000 4.69402857E-02 -205.42365
1304082768 0.0000000 0.15088551 -2.0726516
1304152538 0.0000000 0.25174555 -0.38631678
1304437954 0.0000000 0.16354555 -1.8912196
1304717510 -5.4500003 8.63775983E-02 -19.377420
1304757333 0.0000000 5.52977696E-02 -61.696285
1306028051 0.0000000 0.15446882 -2.4041860
1306098435 0.0000000 9.82422233E-02 -7.6426029
1306261925 5.00000007E-02 6.10655658E-02 -35.795956
1307034472 0.0000000 8.69304612E-02 -12.137138
1307669122 0.0000000 0.18212311 -1.3353622
1308478735 -96.550003 9.46603268E-02 -34.462177
1309048281 0.0000000 0.99654561 0.99285173
1309094354 0.0000000 0.99963653 0.99920195
1309326569 0.0000000 0.97631669 0.94970179
1309474048 0.0000000 0.99368614 0.98717183
1309601047 0.0000000 0.97862834 0.95510858
1309696244 0.0000000 0.99781114 0.99553823
1309953539 0.0000000 0.99938536 0.99865299
1310469430 0.0000000 0.99992090 0.99977839
1310541580 0.0000000 0.99213070 0.98380989
1310928323 0.0000000 0.99828190 0.99638772
1311000534 0.0000000 0.99914283 0.99821144
1311084070 0.0000000 0.99938887 0.99864352
1311142337 0.0000000 0.99885398 0.99751234
1311692424 0.0000000 0.99260062 0.98465890
1313100452 0.0000000 0.99960458 0.99919313
1314264913 0.0000000 0.99677861 0.99347478
1314789752 0.0000000 0.99756706 0.99504286
1315538819 0.0000000 0.99800652 0.99587590
1315635988 0.0000000 0.98959553 0.97861189
1315804512 0.0000000 0.99803936 0.99596345
1316643513 0.0000000 0.99962491 0.99917889
1316653258 0.0000000 0.99949050 0.99890333
1317835272 0.0000000 0.87727928 0.71486968
1318175665 0.0000000 0.99292785 0.98559183
1318478724 0.0000000 0.98956251 0.97884631
1319945023 0.0000000 0.99973893 0.99935555
1320074224 0.0000000 0.99607408 0.99194622
1320721143 0.0000000 0.99995625 0.99975109
1321061921 0.0000000 0.99845880 0.99663472
1322787324 0.0000000 0.16811460 -6.5162034
1322993584 0.0000000 0.11234058 -14.776700
1323861170 0.0000000 9.81387123E-02 -29.190432
1323909341 0.0000000 0.11678585 -38.806206
1324582798 0.0000000 0.15220022 -7.9117298
1325660397 17.500000 8.61543790E-02 -30.965759
1326181267 -65.950005 5.11593893E-02 -241.71114
1326728445 -32.750000 4.65189517E-02 -258.61353
1327107001 0.0000000 0.11560631 -17.347143
1327480583 0.0000000 5.68827763E-02 -159.72487
1327824459 -27.150000 7.93099329E-02 -332.80450
1328324062 5.00000007E-02 0.15098061 -17.871964
1328459111 -5.3499999 9.67131183E-02 -34.362816
1330223700 0.0000000 0.97395790 0.74750066
1330883534 0.0000000 7.51405805E-02 -200.44444
1332071890 -91.400002 6.40319884E-02 -156.21638
1332086295 0.0000000 5.45731373E-02 -202.59361
1332373478 0.0000000 0.98858732 0.97596973
1333258441 -28.750000 7.33594000E-02 -58.469990
1333828758 30.750000 7.86205754E-02 -42.288910
1333921411 0.0000000 0.49834782 -3.00416946E-02
1334227165 0.0000000 0.20583943 -4.5289435
1334800688 0.0000000 0.49091330 3.79973650E-02
1335409258 130.40001 6.40878677E-02 -399.60077
1335538115 0.0000000 0.23908748 -3.0078082
1338362741 -50.200001 7.95703754E-02 -35.641071
1338842309 0.0000000 7.08154291E-02 -29.634712
1338890190 0.0000000 0.12833059 -11.881817
1338944914 0.0000000 0.71946657 0.51716971
1338944979 0.0000000 0.71388125 0.50879854
1338945045 0.0000000 0.46475521 -0.27121735
1339216879 0.0000000 0.15129885 -10.133532
1339275618 0.0000000 0.89388508 0.69045609
1339278860 0.0000000 6.32824302E-02 -65.503624
1339309409 0.0000000 0.17410152 -8.1505804
1339646879 0.0000000 0.99724758 0.99422687
1339690513 0.0000000 0.99989933 0.99955440
1339702255 0.0000000 0.99924326 0.99830359
1339923712 0.0000000 0.99979097 0.99932450
1341299876 0.0000000 0.99186903 0.98299354
1341924177 0.0000000 0.98549652 0.96980089
1342405200 0.0000000 0.95598727 0.90469170
1344277570 0.0000000 0.97758174 0.95336688
1344910008 0.0000000 0.99796361 0.99579775
1344941743 0.0000000 0.99956000 0.99903703
1345138860 0.0000000 0.99567318 0.99103290
1345234802 0.0000000 0.99959517 0.99912727
1346380382 0.0000000 0.96554250 0.92630130
1346415099 0.0000000 0.99984515 0.99961799
1346415834 0.0000000 0.99950361 0.99893117
1346788818 0.0000000 0.99920774 0.99829572
1346816730 0.0000000 0.99608439 0.99191785
1348523853 0.0000000 0.99728280 0.99427885
1350722979 0.0000000 0.99791688 0.99582702
1350800865 0.0000000 0.98812217 0.97551894
1351161077 0.0000000 0.99963039 0.99926168
1352122829 0.0000000 0.99890697 0.99780566
1352554787 0.0000000 0.95163989 0.89828396
1353431341 0.0000000 0.99970084 0.99940407
1353536726 0.0000000 0.99858505 0.99708527
1354158772 0.0000000 0.99665642 0.99330443
1354470336 0.0000000 0.99950224 0.99898362
1354477411 0.0000000 0.99875009 0.99748498
1354976814 0.0000000 0.99666345 0.99318206
1355221924 0.0000000 0.99770802 0.99535763
1356243184 0.0000000 0.99777979 0.99522305
1356319072 0.0000000 0.99427283 0.98801529
1356487597 0.0000000 0.99705702 0.99362308
1356883405 0.0000000 0.99950933 0.99877489
1357128106 0.0000000 0.99856228 0.99681896
1357236484 0.0000000 0.99796879 0.99549764
1357270197 0.0000000 0.99806535 0.99570769
1357331931 0.0000000 0.98858356 0.97616553
1357541346 0.0000000 0.99906737 0.99801236
1357994057 0.0000000 0.99476558 0.98919147
1358411441 0.0000000 0.99747372 0.99470276
1358708986 0.0000000 0.99878561 0.99736023
1359776392 0.0000000 0.99964160 0.99915206
1361064727 0.0000000 0.99720341 0.99418366
1361239965 0.0000000 0.99872351 0.99734002
1361256759 0.0000000 0.99712223 0.99409521
1361373628 0.0000000 0.99301070 0.98557782
1361471757 0.0000000 0.99810934 0.99613953
1361665659 0.0000000 0.94426674 0.87779796
1362386544 0.0000000 0.99139643 0.98203939
1362609444 0.0000000 0.97914445 0.95749253
1362627405 0.0000000 0.99975568 0.99948728
1362643640 0.0000000 0.99680245 0.99357617
1363079024 0.0000000 0.99648458 0.99288189
1363764120 0.0000000 0.99343210 0.98683256
1364349799 0.0000000 0.99961591 0.99918979
1364349845 0.0000000 0.99961704 0.99919122
1364355002 0.0000000 0.99467427 0.98921329
1364690983 0.0000000 0.99358761 0.98713475
1365625224 0.0000000 0.99937826 0.99873126
1366061297 0.0000000 0.92679805 0.83886069
1366432589 0.0000000 0.98264599 0.96491057
1366513671 0.0000000 0.99161661 0.98281753
1369110346 0.0000000 0.99841130 0.99667448
1369124755 0.0000000 0.99951297 0.99901772
1369791239 0.0000000 0.99574852 0.99113190
1369883683 0.0000000 0.99629748 0.99242169
1370118743 0.0000000 0.99229854 0.98424292
1370151783 0.0000000 0.99947500 0.99892002
1370623082 0.0000000 0.99973613 0.99939221
1372241957 0.0000000 0.99048126 0.98084569
1372463510 0.0000000 0.99972206 0.99943513
1373829868 0.0000000 0.99269336 0.98538172
1373895699 0.0000000 0.99939477 0.99875486
1373969495 0.0000000 0.99972349 0.99942595
1374677225 0.0000000 0.99881613 0.99763155
1374679935 0.0000000 0.99941671 0.99882597
1376837821 0.0000000 0.99430770 0.98861390
1377205321 0.0000000 0.99912679 0.99782646
1377355603 0.0000000 0.99709815 0.99417889
1377407246 0.0000000 0.73752862 0.27098292
1378247005 0.0000000 0.99926066 0.99820393
1378467231 0.0000000 0.99951828 0.86333251
1379475197 0.0000000 0.97709632 0.69561923
1380542719 0.0000000 0.99630451 0.21749294
1381466759 0.0000000 0.89185905 -0.41121340
1381684855 0.0000000 0.97834492 0.13460797
1382170436 0.0000000 0.97354060 7.46697783E-02
1382919848 0.0000000 0.99704498 0.31262666
1383069011 0.0000000 0.99686694 0.32376528
1383085061 0.0000000 0.81397867 -1.1332653
1383220929 0.0000000 0.99866503 0.27512717
1383227120 0.0000000 0.99041992 0.20450008
1383227831 0.0000000 0.99059492 0.22474509
1383234448 0.0000000 0.99829566 0.21312857
1383263545 0.0000000 0.99577868 0.19394952
1383450194 0.0000000 0.99249423 0.16093403
1383519374 0.0000000 0.99570608 0.19420576
1383809110 0.0000000 0.99141812 0.10983878
1383809501 0.0000000 0.98923224 0.12378883
1383989687 0.0000000 0.97558939 6.71063066E-02
1384145710 0.0000000 0.99455202 9.08334851E-02
1384544358 0.0000000 0.99487907 0.36101264
1385019362 0.0000000 0.73995346 -1.8745177
1386347977 0.0000000 0.63429469 -3.0991282
1386357780 0.0000000 0.96653706 0.19865072
1387916955 0.0000000 0.96513242 0.22878587
1389034180 0.0000000 0.98763442 0.97465444
1389204911 0.0000000 0.99935710 0.99851865
1389717867 0.0000000 0.99848008 0.99660885
1389724692 0.0000000 0.99919301 0.99801999
1389729005 0.0000000 0.99871582 0.99702030
1389740803 0.0000000 0.99257565 0.98457330
1389904819 0.0000000 0.97686523 0.95003778
1390517490 0.0000000 0.99566197 0.99079043
1390619771 0.0000000 0.99855691 0.99638611
1391790286 0.0000000 0.98926437 0.97702938
1393014317 0.0000000 0.99932742 0.99829400
1393065064 0.0000000 0.98051578 0.95868689
1393759985 0.0000000 0.97181320 0.93931675
1393791078 0.0000000 0.99842852 0.99591231
1394913876 0.0000000 0.99843830 0.99658900
1395061976 0.0000000 0.99957597 0.99866027
1395231566 0.0000000 0.99967921 0.99889529
1397097485 0.0000000 0.99697101 0.40754074
1397746253 0.0000000 0.98820442 4.91040945E-03
1398443585 0.0000000 0.99570918 7.86912441E-02
1399207416 0.0000000 0.99955428 0.42240644
1399278483 0.0000000 0.98899829 0.33800858
1399745740 0.0000000 0.98591900 9.87726450E-03
1399746271 0.0000000 0.99699610 0.10485232
1400631673 0.0000000 0.99917346 4.18528914E-02
1401021673 0.0000000 0.99842542 4.75714803E-02
1401296286 0.0000000 0.97327596 -8.84637833E-02
1402085900 0.0000000 0.78858358 -0.83183241
1402313583 0.0000000 0.94037050 -0.21269393
1402624068 0.0000000 0.72375959 -1.7316165
1402784563 0.0000000 0.99169201 0.14851958
1403034553 0.0000000 0.96731323 0.12761277
1403317269 0.0000000 0.97782695 0.15981793
1403439974 0.0000000 0.99174279 0.24570429
1404774365 0.0000000 0.99312061 0.16209430
1404925818 0.0000000 0.97527605 0.12495244
1405577514 0.0000000 0.99680853 0.20982033
1407296767 0.0000000 0.99174672 0.26667053
1407544588 0.0000000 0.86115342 -0.59214640
1408047770 0.0000000 0.98602259 0.14336878
1410046387 0.0000000 0.98709416 9.80629921E-02
1410325949 0.0000000 0.98873430 0.14677966
1410382444 0.0000000 0.95786053 -3.28398943E-02
1411247643 0.0000000 0.99863005 0.99714160
1411641303 0.0000000 0.99844944 0.99686122
1412009058 0.0000000 0.97619462 0.95030612
1412705290 0.0000000 0.99865109 0.99710554
1413207959 0.0000000 0.92317992 0.82840097
1414298821 0.0000000 0.99689990 0.99358451
1416419181 0.0000000 0.99816293 0.99611068
1416419227 0.0000000 0.99816543 0.99611598
1416540553 0.0000000 0.99845487 0.99643350
1417557685 0.0000000 0.86043346 0.63896322
1417655668 0.0000000 0.93814796 0.86559510
1418245419 0.0000000 0.99889022 0.99744183
1418533563 0.0000000 0.98972386 0.97848195
1419682925 0.0000000 0.96971452 0.93521369
1419947441 0.0000000 0.91769981 0.80778140
1419995164 0.0000000 0.99650151 0.99258214
1420012476 0.0000000 0.99890196 0.99753112
1420437226 0.0000000 0.99736470 0.99402332
1420606112 0.0000000 0.99903232 0.99752015
1420742654 0.0000000 0.93903899 0.86302459
1421435535 0.0000000 0.99752653 0.99436027
1421639313 0.0000000 0.99549699 0.99017900
1422083726 0.0000000 0.99845374 0.99582916
1422374758 0.0000000 0.97709465 0.95093155
1422958210 0.0000000 0.92738527 0.83771038
1423037687 0.0000000 0.98656064 0.97148281
1423603888 0.0000000 0.83803791 0.49260730
1423726535 0.0000000 0.99601394 0.99112153
1423857991 0.0000000 0.99881500 0.99681067
1424969403 0.0000000 0.99721962 0.99395204
1426114954 0.0000000 0.96488720 0.92244494
1426344314 0.0000000 0.99154061 0.98196250
1426852891 0.0000000 0.97930789 0.95509064
1427105631 0.0000000 0.99861711 0.99674040
1427483378 0.0000000 0.98896432 0.97664988
1428208678 0.0000000 0.96386880 0.92124528
1428320250 0.0000000 0.99745345 0.99449015
1428945237 0.0000000 0.99866450 0.99697351
1429127316 0.0000000 0.99614847 0.99172759
1429494176 0.0000000 0.99931395 0.99747586
1429494550 0.0000000 0.99825138 0.99575734
1429528847 0.0000000 0.99882662 0.99724799
1429530313 0.0000000 0.99863237 0.99645913
1429531199 0.0000000 0.99936652 0.99786866
1429992097 0.0000000 0.99922538 0.99755722
1430658547 0.0000000 0.99548632 0.99029344
1431333501 0.0000000 0.99924409 0.99780345
1431387795 0.0000000 0.99758506 0.99448556
1431628549 0.0000000 0.99862415 0.99698579
1432588969 0.0000000 0.99797386 0.99492234
1432601816 0.0000000 0.99732316 0.99395460
1432799863 0.0000000 0.99542272 0.98992997
1434467768 0.0000000 0.99396974 0.98790336
1434867330 0.0000000 0.99729574 0.99426210
1435335400 0.0000000 0.99144632 0.98239595
1438066750 0.0000000 0.99817359 0.99627429
1438936857 0.0000000 0.95296317 0.89660960
1439209234 0.0000000 0.91171783 0.79597443
1439418087 0.0000000 0.97585315 0.94970709
1439474882 0.0000000 0.99920720 0.99816436
1439699200 0.0000000 0.93874329 0.86140221
1441113885 0.0000000 0.99884307 0.99722797
1441128847 0.0000000 0.99855727 0.99663299
1441160293 0.0000000 0.99418813 0.98822415
1441898607 0.0000000 0.99687201 0.99341708
1442339782 0.0000000 0.99702138 0.99382341
1442345855 0.0000000 0.99873763 0.99730384
1442345878 0.0000000 0.99873608 0.99730128
1442408939 0.0000000 0.99830908 0.99650335
1442410226 0.0000000 0.99042118 0.97984254
1442413798 0.0000000 0.99563360 0.99089402
1443074281 0.0000000 0.99646193 0.99250984
1443555465 0.0000000 0.99729550 0.99444526
1444648487 0.0000000 0.98857653 0.97639936
1444736944 0.0000000 0.99834633 0.99668735
1444953165 0.0000000 0.99739128 0.99459261
1444953267 0.0000000 0.99742091 0.99455500
1445014914 0.0000000 0.98106384 0.96131533
1445221055 0.0000000 0.99806523 0.99605697
1445233331 0.0000000 0.99656552 0.99296051
1445239215 0.0000000 0.99669957 0.99318260
1446412182 0.0000000 0.99880946 0.99746603
1446412281 0.0000000 0.99921072 0.99800289
1446509184 0.0000000 0.99684370 0.99359345
1446509190 0.0000000 0.99684864 0.99360251
1446714386 0.0000000 0.99794930 0.99574715
1447167192 0.0000000 0.97906196 0.95511651
1447255999 0.0000000 0.99761516 0.99518424
1447277516 0.0000000 0.95597172 0.90486670
1448316095 0.0000000 0.89999354 0.76785100
1448671943 0.0000000 0.97959316 0.95708877
1449033717 0.0000000 0.99770349 0.99506861
1449035580 0.0000000 0.99420190 0.98796529
1449153073 0.0000000 0.99838936 0.99646842
1449935242 0.0000000 0.99577647 0.99121499
1450510821 0.0000000 0.95702857 0.90706092
1450536811 0.0000000 0.97362971 0.94275039
1450992022 0.0000000 0.99731296 0.99446058
1451199638 0.0000000 0.97524780 0.94803262
1451327726 0.0000000 0.99016976 0.97959077
1451523194 0.0000000 0.99190319 0.98344451
1451829690 0.0000000 0.99587744 0.99135494
1451928000 0.0000000 0.99453175 0.98838800
1452487977 0.0000000 0.99840873 0.99654233
1453169606 0.0000000 0.99906504 0.99737012
1453824336 0.0000000 0.95673323 0.90403396
1454422761 0.0000000 0.99846995 0.99641430
1454702246 0.0000000 0.99885005 0.99695414
1454702308 0.0000000 0.99891007 0.99692845
1454702406 0.0000000 0.99832982 0.99610877
1454702512 0.0000000 0.99823999 0.99595326
1454978820 0.0000000 0.80696630 0.43029261
1455590759 0.0000000 0.99716032 0.99295789
1455595494 0.0000000 0.99810326 0.99538946
1455757779 0.0000000 0.99910390 0.99686074
1455758311 0.0000000 0.99885750 0.99620211
1456215987 0.0000000 0.99540132 0.98994321
1456541993 0.0000000 0.99356723 0.98641229
1457201466 0.0000000 0.98638391 0.97141379
1457276938 0.0000000 0.98949623 0.97666061
1459152479 0.0000000 0.99684852 0.99345344
1459502085 0.0000000 0.92506891 0.82601178
1459988008 0.0000000 0.94789898 0.88324916
1460294506 0.0000000 0.96856993 0.93299294
1460353509 0.0000000 0.99964988 0.99906802
1460804146 0.0000000 0.99921584 0.99815351
1461082597 0.0000000 0.99090606 0.98106724
1461607991 0.0000000 0.99822074 0.99627894
1461770234 0.0000000 0.99992305 0.99963093
1461770257 0.0000000 0.99992460 0.99963212
1461770858 0.0000000 0.99972522 0.99925679
1461781146 0.0000000 0.99982417 0.99946451
1461806086 0.0000000 0.99287879 0.98505831
1462056417 0.0000000 0.99818975 0.99600172
1462199340 0.0000000 0.99913055 0.99800581
1462521203 0.0000000 0.99858785 0.99692756
1462632669 0.0000000 0.99880922 0.99740458
1462675593 0.0000000 0.99956912 0.99909747
1463023035 0.0000000 0.99990749 0.99964613
1463023251 0.0000000 0.99872756 0.99733394
1463023282 0.0000000 0.99821591 0.99621278
1463027395 0.0000000 0.99988407 0.99958688
1463127852 0.0000000 0.99963689 0.99912554
1463195522 0.0000000 0.99834388 0.99641341
1463196768 0.0000000 0.99959755 0.99905676
1463530965 0.0000000 0.99938112 0.99876100
1463863900 0.0000000 0.99977297 0.99948233
1463882779 0.0000000 0.99888742 0.99768037
1464184475 0.0000000 0.96792567 0.93264508
1464544116 0.0000000 0.99125397 0.98171902
1464576767 0.0000000 0.99746257 0.99465877
1464630651 0.0000000 0.99175149 0.98324269
1464672226 0.0000000 0.99992877 0.99961996
1466204142 0.0000000 0.93510365 0.85203946
1466383187 0.0000000 0.99897355 0.99788928
1466409210 0.0000000 0.98999816 0.97839934
1466715930 0.0000000 0.99979758 0.99951559
1467361422 0.0000000 0.99740756 0.99475765
1469019333 0.0000000 0.98972565 0.97920239
1469592155 0.0000000 0.99852824 0.99690914
1471008941 0.0000000 0.96021664 0.91466594
1471908408 0.0000000 0.99346364 0.98670667
1472660934 0.0000000 0.99809605 0.99608588
1473440050 0.0000000 0.98229051 0.96375287
1475055492 0.0000000 0.99884659 0.99768490
1475769120 0.0000000 0.99987829 0.99962723
1477370752 0.0000000 0.99971098 0.99928427
1478519786 -12.500000 6.52709603E-02 -48320904.
1478903131 0.0000000 0.98791790 0.97567099
1480024554 0.0000000 0.98830760 0.97621650
1480377579 0.0000000 0.96729797 0.93361521
1480507474 0.0000000 0.98672569 0.97358787
1481256588 0.0000000 0.98800123 0.97184098
1481811269 0.0000000 0.98598278 0.97207308
1483057851 0.0000000 0.98858064 0.97466481
1483513641 0.0000000 0.98329598 0.96412635
1484155863 0.0000000 0.98375964 0.96700644
1484797338 0.0000000 0.95516860 0.91119337
1484900187 0.0000000 0.96372348 0.92344773
1485329586 0.0000000 0.97945946 0.95568800
1486746772 0.0000000 0.99996394 0.99984980
1487420859 0.0000000 0.99243480 0.98416036
1487652197 0.0000000 0.91398650 0.80131233
1488212310 0.0000000 0.99765414 0.99509978
1488924651 0.0000000 0.99928701 0.99839270
1489967289 0.0000000 0.98420233 0.96663350
1490066029 0.0000000 0.93310201 0.84255540
1490805242 0.0000000 0.99207413 0.98352754
1492112471 0.0000000 0.99458635 0.98877656
1492367656 0.0000000 0.99899417 0.99788308
1493517442 0.0000000 0.99993902 0.99978060
1493960850 0.0000000 0.99497586 0.98953277
1493986611 0.0000000 0.95840442 0.90938258
1494889974 0.0000000 0.99995351 0.99987471
1494932580 0.0000000 0.98617476 0.97136056
1495631454 0.0000000 0.99993587 0.99984056
1495691291 0.0000000 0.99983948 0.99964863
1495956669 0.0000000 0.93363547 0.85340375
1495999757 0.0000000 0.99741012 0.99469811
1496582686 0.0000000 0.99806094 0.99600106
1497967350 0.0000000 0.92434150 0.82917970
1498029939 0.0000000 0.99907345 0.99811798
1500318986 0.0000000 0.99840856 0.99679536
1501139292 0.0000000 0.99908751 0.99815601
1501845585 0.0000000 0.99928856 0.99855512
1502294736 0.0000000 0.99811894 0.99621874
1502416734 0.0000000 0.99944019 0.99888235
1502582915 0.0000000 0.99835873 0.99670565
1504364658 0.0000000 0.98160207 0.96268362
1505096741 0.0000000 0.99199849 0.98362631
1505687994 0.0000000 0.99873924 0.99746096
1505917796 0.0000000 0.99995989 0.99991858
1506232185 0.0000000 0.99586403 0.99159634
1506549399 0.0000000 0.95043254 0.89261484
1507505391 0.0000000 0.99689281 0.99370784
1507747520 0.0000000 0.99383605 0.98745704
1508582157 0.0000000 0.97578895 0.94957614
1509318944 0.0000000 0.99953026 0.99904436
1509677295 0.0000000 0.99961179 0.99920237
1509677339 0.0000000 0.99961513 0.99921089
1509752088 0.0000000 0.99983722 0.99966264
1510398879 0.0000000 0.99930966 0.99858761
1510402973 0.0000000 0.99993849 0.99986172
1510440860 0.0000000 0.99179518 0.98316407
1510947032 0.0000000 0.98727971 0.97430944
1511360409 0.0000000 0.99996513 0.99990213
1511470532 0.0000000 0.99981171 0.99959737
1512230735 0.0000000 0.95888102 0.91112584
1512377977 0.0000000 0.99665987 0.99319822
1512704669 0.0000000 0.99725419 0.99434137
1513120660 0.0000000 0.99521059 0.99019325
1516168751 0.0000000 0.99776614 0.99530089
1516984288 0.0000000 0.99710691 0.99389517
1517686257 0.0000000 0.99862218 0.99702716
1517749972 0.0000000 0.99990481 0.99964446
1517752600 0.0000000 0.99997181 0.99979573
1517752662 0.0000000 0.99997282 0.99979621
1517753127 0.0000000 0.99599993 0.99146938
1517753452 0.0000000 0.99996668 0.99979502
1517753522 0.0000000 0.99996823 0.99979663
1517753592 0.0000000 0.99996787 0.99979585
1517753815 0.0000000 0.99962187 0.99902701
1517758427 0.0000000 0.99818230 0.99610209
1517763262 0.0000000 0.99335235 0.98601806
1517821602 0.0000000 0.99790442 0.99548674
1517823894 0.0000000 0.99525118 0.98997247
1517846321 0.0000000 0.99971950 0.99923885
1517852233 0.0000000 0.99474126 0.98868984
1517893754 0.0000000 0.99972785 0.99927092
1517906208 0.0000000 0.99807221 0.99578822
1517932241 0.0000000 0.99996758 0.99982589
1517932280 0.0000000 0.99996668 0.99982572
1517932282 0.0000000 0.99996656 0.99982572
1517932427 0.0000000 0.99994051 0.99970305
1517932434 0.0000000 0.99993253 0.99967664
1517932492 0.0000000 0.99984521 0.99949396
1517933877 0.0000000 0.99960524 0.99897414
1517940013 0.0000000 0.99991739 0.99968177
1517940459 0.0000000 0.99986523 0.99952948
1517944528 0.0000000 0.99994618 0.99974924
1517945796 0.0000000 0.99950838 0.99876660
1517950582 0.0000000 0.99926180 0.99832886
1517958702 0.0000000 0.99909133 0.99799633
1517960631 0.0000000 0.99951375 0.99884909
1517969882 0.0000000 0.99962294 0.99905115
1517974578 0.0000000 0.99982876 0.99948883
1517998787 0.0000000 0.99568993 0.99092519
1518001985 0.0000000 0.99977064 0.99937707
1518008800 0.0000000 0.99984813 0.99950814
1518008880 0.0000000 0.99985224 0.99951732
1518013159 0.0000000 0.99885714 0.99750251
1518016890 0.0000000 0.99996787 0.99976236
1518016916 0.0000000 0.99996746 0.99976248
1518051257 0.0000000 0.99973339 0.99929667
1518059164 0.0000000 0.99908298 0.99799740
1518142443 0.0000000 0.99853355 0.99682188
1518201789 0.0000000 0.99793577 0.99562931
1518248929 0.0000000 0.99747282 0.99470544
1518858396 0.0000000 0.99486947 0.98903567
1518981709 0.0000000 0.99906343 0.99782646
1519051621 0.0000000 0.99742115 0.99448645
1519254641 0.0000000 0.99991482 0.99961227
1519583320 0.0000000 0.99990910 0.99966758
1519962147 0.0000000 0.99778563 0.99533564
1520098551 0.0000000 0.99870259 0.99722582
1520329330 0.0000000 0.97915041 0.95554894
1521024527 0.0000000 0.99680412 0.99329942
1521537776 0.0000000 0.99995959 0.99977845
1521728871 0.0000000 0.99006879 0.97900081
1522232997 0.0000000 0.99791747 0.99553949
1522282670 0.0000000 0.99997252 0.99982339
1522598524 0.0000000 0.99842942 0.99663192
1523432369 0.0000000 0.98792171 0.97479361
1523886539 0.0000000 0.99896514 0.99775112
1524201906 0.0000000 0.97245246 0.94164497
1524248877 0.0000000 0.94201195 0.86846381
1524308214 0.0000000 0.99615115 0.99195641
1524503432 0.0000000 0.99889094 0.99769068
1524721460 0.0000000 0.99511158 0.98993015
1524721601 0.0000000 0.99055904 0.98052299
1524808553 0.0000000 0.99365777 0.98689717
1525218424 0.0000000 0.99993181 0.99979866
1526098666 0.0000000 0.99837667 0.99658781
1527728598 0.0000000 0.99868977 0.99732226
1527904870 0.0000000 0.99958301 0.99912018
1528731725 0.0000000 0.99768740 0.99520534
1528750347 0.0000000 0.99897563 0.99790144
1528856173 0.0000000 0.97379094 0.94490910
1529096035 0.0000000 0.99905097 0.99804085
1529334375 0.0000000 0.94588196 0.88086921
1529522338 0.0000000 0.99600589 0.99186933
1530516370 0.0000000 0.99986649 0.99971008
1530516385 0.0000000 0.99986649 0.99970996
1530609654 0.0000000 0.99890673 0.99779892
1531312909 0.0000000 0.99916899 0.99832898
1531507119 0.0000000 0.99947584 0.99895251
1532050755 0.0000000 0.99976575 0.99952263
1533217098 0.0000000 0.99974495 0.99947762
1533504622 0.0000000 0.96627963 0.92902428
1533801692 0.0000000 0.99846572 0.99692905
1534500582 0.0000000 0.99972892 0.99944919
1534551317 0.0000000 0.99992520 0.99984491
1535572403 0.0000000 0.97559559 0.94775343
1535660064 0.0000000 0.96856040 0.93369204
1536498994 0.0000000 0.99296039 0.98575747
1536641006 0.0000000 0.99741441 0.99478978
1536700815 0.0000000 0.98062873 0.95966125
1538633849 0.0000000 0.99042779 0.98068249
1538766649 0.0000000 0.98635572 0.97204566
1539072778 0.0000000 0.98692894 0.97318757
1539164591 0.0000000 0.99523014 0.99017608
1540269298 0.0000000 0.99997181 0.99991941
1540310644 0.0000000 0.99997038 0.99992907
1541624711 0.0000000 0.99823034 0.99637204
1541712486 0.0000000 0.97517091 0.94885796
1542328459 0.0000000 0.98878694 0.97658604
1542608341 0.0000000 0.99874306 0.99743283
1542638415 0.0000000 0.98962075 0.97843951
1542645094 0.0000000 0.99097198 0.98122364
1543190243 0.0000000 0.99988687 0.99976474
1543191316 0.0000000 0.99991870 0.99983376
1543236658 0.0000000 0.99994379 0.99986655
1543238642 0.0000000 0.99987364 0.99971527
1543314575 0.0000000 0.99992388 0.99982923
1544368541 0.0000000 0.99961704 0.99915123
1544439487 0.0000000 0.99692857 0.99358463
1544621063 0.0000000 0.99977261 0.99949932
1544908865 0.0000000 0.99992681 0.99976635
1545710204 0.0000000 0.99564332 0.99096769
1546538568 0.0000000 0.99946499 0.99880183
1546949806 0.0000000 0.99984479 0.99957418
1548127166 0.0000000 0.99859345 0.99697524
1548825695 0.0000000 0.99991679 0.99969745
1548861293 0.0000000 0.99862307 0.99708104
1549366351 0.0000000 0.97637010 0.94922543
1549558324 0.0000000 0.99983168 0.99955416
1550239687 0.0000000 0.99947429 0.99880886
1551558867 0.0000000 0.98396993 0.96618629
1552012334 0.0000000 0.99964142 0.99910915
1552127531 0.0000000 8.66783336E-02 -174.87143
1552421955 0.0000000 0.96984690 0.93449420
1552451554 0.0000000 0.99958795 0.99902219
1552511242 0.0000000 0.99515289 0.98992312
1552697151 0.0000000 0.99665791 0.99300396
1552968094 0.0000000 0.99704790 0.99364823
1553256348 0.0000000 0.99352759 0.98636484
1553414210 0.0000000 0.97352749 0.94391143
1554087275 0.0000000 0.99304372 0.98557413
1554172029 0.0000000 0.93989617 0.86617577
1554256375 0.0000000 0.99996126 0.99984801
1554343015 0.0000000 0.99990934 0.99974883
1554382610 0.0000000 0.99742913 0.99457735
1554499495 0.0000000 0.99617916 0.99202996
1554706689 0.0000000 0.99542993 0.99064147
1554822801 0.0000000 0.99981838 0.99952269
1554841453 0.0000000 0.99935704 0.99859166
1554850672 0.0000000 0.99894696 0.99776375
1555563667 0.0000000 0.99997598 0.99987721
1556793883 0.0000000 0.99554521 0.99073559
1556970683 0.0000000 0.98315215 0.96445078
1557330527 0.0000000 0.99571252 0.99118787
1557737721 0.0000000 0.99875373 0.99735790
1558197514 0.0000000 0.99680388 0.99346328
1558379328 0.0000000 0.93253630 0.84210330
1558489044 0.0000000 0.99938828 0.99869633
1558591969 0.0000000 0.99953121 0.99899250
1559317998 0.0000000 0.99847180 0.99684972
1559641578 0.0000000 0.99994618 0.99985212
1559762840 0.0000000 0.99752164 0.99488956
1560870606 0.0000000 0.95371783 0.89908701
1561237205 0.0000000 0.99182409 0.98318523
1561242160 0.0000000 0.99143845 0.98257649
1561825206 0.0000000 0.97859246 0.95550966
1561837452 0.0000000 0.99979901 0.99955857
1562610935 0.0000000 0.99750257 0.99491155
1562880116 0.0000000 0.99938786 0.99876946
1563275550 0.0000000 0.96404946 0.92297018
1563531230 0.0000000 0.99483246 0.98952669
1563768365 0.0000000 0.99214888 0.98399919
1563850922 0.0000000 0.91464001 0.80224490
1564123196 0.0000000 0.99426264 0.98833418
1564190683 0.0000000 0.99966717 0.99932802
1564649429 0.0000000 0.99988401 0.99974793
1564753988 0.0000000 0.99957120 0.99914134
1564784683 0.0000000 0.99975002 0.99949455
1565054388 0.0000000 0.99989814 0.99979192
1565055090 0.0000000 0.99938625 0.99875528
1565213283 0.0000000 0.99998218 0.99996221
1565218942 0.0000000 0.99156117 0.98277676
1565905300 0.0000000 0.99951094 0.99901253
1566053525 0.0000000 0.99884629 0.99767876
1566053530 0.0000000 0.99885786 0.99770230
1566074882 0.0000000 0.99990064 0.99975836
1566101114 0.0000000 0.99973893 0.99946755
1566598377 0.0000000 0.92888820 0.83750653
1566648618 0.0000000 0.95514184 0.90242481
1567237819 0.0000000 0.99803239 0.99605846
1567471650 0.0000000 0.99936068 0.99871516
1567604000 0.0000000 0.98684824 0.97330534
1567917359 0.0000000 0.97699207 0.95100015
1568005668 0.0000000 0.99947518 0.99895036
1568095682 0.0000000 0.99822575 0.99645162
1569863578 0.0000000 0.99676895 0.99347770
1570468626 0.0000000 0.99610513 0.99211115
1571312673 0.0000000 0.99990427 0.99980575
1571861758 0.0000000 0.86954880 0.66416740
1572218883 0.0000000 0.98519611 0.96934813
1573491297 0.0000000 0.99637187 0.99264377
1573495893 0.0000000 0.95028931 0.88757062
1574645562 0.0000000 0.99814904 0.99618775
1575564604 0.0000000 0.93644398 0.86027688
1575660753 0.0000000 0.99085867 0.98106968
1576495557 0.0000000 0.99920189 0.99826920
1577769501 0.0000000 0.98232591 0.96308225
1577819410 0.0000000 0.99956852 0.99901247
1578293635 0.0000000 0.99986494 0.99962789
1578510402 0.0000000 0.99434018 0.98814654
1579404154 0.0000000 0.98849982 0.97595328
1579703564 0.0000000 0.98992425 0.97901481
1580749376 0.0000000 0.99960822 0.99904507
1581076659 0.0000000 0.99014813 0.97917306
1581616159 0.0000000 0.99896014 0.99775112
1581629921 0.0000000 0.99581969 0.99125010
1581764406 0.0000000 0.99997401 0.99983829
1581764700 0.0000000 0.99988276 0.99964225
1581794413 0.0000000 0.99983233 0.99950218
1582090065 0.0000000 0.99911022 0.99802083
1582113307 0.0000000 0.99551803 0.99068129
1582546233 0.0000000 0.99657214 0.99267226
1582592414 0.0000000 0.99078655 0.98055673
1582629242 0.0000000 0.99993736 0.99972200
1582695255 0.0000000 0.99911201 0.99804598
1584677477 0.0000000 0.99055254 0.98019534
1585787701 0.0000000 0.93943197 0.86493015
1586304460 0.0000000 0.98051780 0.95923394
1586389759 0.0000000 0.99768901 0.99529773
1586537097 0.0000000 0.99949473 0.99898672
1587481331 0.0000000 0.98992795 0.97901523
1588476280 0.0000000 0.99949229 0.99894327
1589003116 0.0000000 0.98771960 0.97512329
1589548020 0.0000000 0.69523114 -0.11932278
1589756010 0.0000000 0.98310560 0.96510583
1589910785 0.0000000 0.95932454 0.91547251
1590311534 0.0000000 0.79213381 0.40768540
1590359490 0.0000000 0.99934292 0.99868333
1590694463 0.0000000 0.99918252 0.99834687
1590843750 0.0000000 0.99764872 0.99521971
1591494563 0.0000000 0.99833238 0.99662817
1591839506 0.0000000 0.99717045 0.99423301
1591921295 0.0000000 0.99711424 0.99419147
1592079539 0.0000000 0.99951851 0.99903435
1592349420 0.0000000 0.99528158 0.99040014
1593214064 0.0000000 0.99887955 0.99776113
1593241888 0.0000000 0.98974198 0.97896290
1593407313 0.0000000 0.99739444 0.99475974
1593435168 0.0000000 0.99808317 0.99614745
1593519432 0.0000000 0.98734689 0.97432417
1594227272 0.0000000 0.99351227 0.98697108
1594265063 0.0000000 0.99798220 0.99596697
1594267923 0.0000000 0.99405789 0.98801821
1594526768 0.0000000 0.98102736 0.96159285
1594546164 0.0000000 0.97957373 0.95753831
1595767949 0.0000000 0.99947172 0.99892324
1597107665 0.0000000 0.99467224 0.98924118
1597123796 0.0000000 0.98198700 0.96315044
1597187246 0.0000000 0.98784477 0.97546124
1597774608 0.0000000 0.98711634 0.97414988
1597797181 0.0000000 0.99902046 0.99798489
1597806811 0.0000000 0.99958545 0.99909174
1598480108 0.0000000 0.99235409 0.98451859
1598847265 0.0000000 0.77404481 0.33198720
1599036279 0.0000000 0.99081290 0.98151845
1600306672 0.0000000 0.99889016 0.99778295
1600646088 0.0000000 0.98894989 0.97765994
1600833602 0.0000000 0.99783731 0.99567795
1601017581 0.0000000 0.94995618 0.89434469
1601326254 0.0000000 0.99860102 0.99720275
1601342057 0.0000000 0.99830037 0.99659383
1601440640 0.0000000 0.99916553 0.99832016
1601863505 0.0000000 0.99246931 0.98493987
1602517184 0.0000000 0.99469674 0.98916149
1602946993 0.0000000 0.99963588 0.99924046
1602947159 0.0000000 0.99917817 0.99829459
1603087586 0.0000000 0.72196776 0.10067707
1603396062 0.0000000 0.85434735 0.62564361
1603674483 0.0000000 0.98190838 0.96226156
1604358861 0.0000000 0.99369216 0.98728764
1604426346 0.0000000 0.99181598 0.98353386
1604601372 0.0000000 0.99858642 0.99716067
1604626818 0.0000000 0.99917561 0.99833077
1605130406 0.0000000 0.98597938 0.97147518
1605130534 0.0000000 0.97982430 0.95912331
1605266102 0.0000000 0.98422247 0.96688592
1605511152 0.0000000 0.99706417 0.99413025
1605551866 0.0000000 0.94095230 0.87052536
1605557664 0.0000000 0.96686226 0.93008780
1605621503 0.0000000 0.96658343 0.93117130
1605662576 0.0000000 0.96199441 0.91828573
1606582085 0.0000000 0.72131836 4.24780250E-02
1606657334 0.0000000 0.99858969 0.99717438
1607578178 0.0000000 0.99798465 0.99580133
1607606398 0.0000000 0.99959290 0.99918562
1607606851 0.0000000 0.99699754 0.99399263
1607624108 0.0000000 0.99893999 0.99782538
1608317519 0.0000000 0.99257791 0.98510092
1608385359 0.0000000 0.94711936 0.88056934
1609436522 0.0000000 0.97659731 0.95047629
1609594007 0.0000000 0.99742115 0.99476206
1610162996 0.0000000 0.88699043 0.72791266
1610192153 0.0000000 0.99958432 0.99909353
1610249009 0.0000000 0.99898720 0.99792212
1610838659 0.0000000 0.99860138 0.99685031
1611559538 0.0000000 0.99890715 0.99764979
1611565557 0.0000000 0.99503303 0.98962116
1611574763 0.0000000 0.98162705 0.96153247
1611584686 0.0000000 0.97873348 0.95617801
1611818971 0.0000000 0.99806738 0.99578613
