990630314 0.0000000 0.98720580 0.97447109
991455252 0.0000000 0.84207612 0.61051351
991634551 0.0000000 0.97413236 0.94843745
991995645 0.0000000 0.52482992 -1.3126919
992208377 0.0000000 0.96736056 0.93417174
992209870 0.0000000 0.98197097 0.96425664
992438274 0.0000000 0.99806297 0.99550593
992486125 0.0000000 0.99707884 0.99374795
992592933 0.0000000 0.95632601 0.90877825
992927775 0.0000000 0.99824846 0.99572831
992929419 0.0000000 0.99810708 0.99541014
993581187 0.0000000 0.99007487 0.98024017
993854508 0.0000000 0.99329633 0.98654276
993874057 0.0000000 0.99706835 0.99381059
994007634 0.0000000 0.98136348 0.96285778
994692047 0.0000000 0.99672139 0.99253982
995024004 0.0000000 0.98304999 0.96638310
995162867 0.0000000 0.99606043 0.99163401
995890516 0.0000000 0.98286861 0.96587181
996113981 0.0000000 0.98103291 0.96230710
997156421 0.0000000 0.94756603 0.89241803
998326679 0.0000000 0.99509829 0.98961443
999257596 0.0000000 0.96573806 0.93090785
1000062111 0.0000000 0.94339132 0.88126379
1000197538 0.0000000 0.99563575 0.99071372
1004092959 -117.30000 1.86995044E-02 0.0000000
1004454253 -86.450005 1.04970681E-02 0.0000000
1004863535 -47.250000 1.23660136E-02 0.0000000
1005352632 -96.750000 2.88977474E-02 0.0000000
1006580783 189.20000 3.40363830E-02 0.0000000
1007019252 -300.05002 NaN 0.0000000
1076851926 0.0000000 0.99748534 0.99492961
1076884025 0.0000000 0.99570584 0.99129224
1077531525 0.0000000 0.99496174 0.98992932
1077584107 0.0000000 0.99478298 0.98957813
1078321829 0.0000000 0.99292928 0.98588216
1079154231 0.0000000 0.99470806 0.98943257
1080241624 0.0000000 0.99547535 0.99095511
1081488818 0.0000000 0.98477453 0.96912295
1082397083 0.0000000 0.99056131 0.98102707
1082563195 0.0000000 0.99294400 0.98585230
1082729069 0.0000000 0.99453306 0.98907304
1082820030 0.0000000 0.99688894 0.99372435
1083398171 0.0000000 0.99804682 0.99599797
1083961065 0.0000000 0.99715906 0.99425370
1084003366 0.0000000 0.99869484 0.99738836
1084082541 0.0000000 0.99634677 0.99270469
1084133207 0.0000000 0.99756819 0.99514085
1084597670 0.0000000 0.99468839 0.98940212
1084687448 0.0000000 0.99844402 0.99680299
1084950252 0.0000000 0.99849892 0.99698102
1085103239 0.0000000 0.33566633 -6.4201369
1085390106 0.0000000 0.98174036 0.96239674
1086195389 0.0000000 0.99686056 0.99357128
1086315872 0.0000000 0.99511385 0.99017483
1086883086 0.0000000 0.99510777 0.99021792
1087613581 0.0000000 0.98607492 0.97182590
1089099122 0.0000000 0.99836516 0.99673325
1089113880 0.0000000 0.98184413 0.96335226
1089371968 0.0000000 0.98333472 0.96623635
1090478200 0.0000000 0.98742807 0.97468942
1091970746 0.0000000 0.99347222 0.98696131
1092861100 0.0000000 0.98559898 0.97069466
1093118276 0.0000000 0.91173244 0.79921252
1093908136 0.0000000 0.98990321 0.97981006
1095475955 0.0000000 0.98840171 0.97642761
1097813330 0.0000000 0.99769276 0.99538946
1098848984 0.0000000 0.98233324 0.96442014
1099928102 0.0000000 0.98473334 0.96933913
1099929295 0.0000000 0.99688399 0.99376869
1099929521 0.0000000 0.99861515 0.99723297
1099931589 0.0000000 0.98018575 0.95935172
1099942690 0.0000000 0.99718112 0.99424416
1100098082 0.0000000 0.99751467 0.99493933
1100139404 0.0000000 0.99735147 0.99470425
1100237223 0.0000000 0.97517908 0.94949204
1100955874 0.0000000 0.92707771 0.83120084
1103674687 0.0000000 0.99324030 0.98638153
1105287429 0.0000000 0.90525019 0.78173858
1105405102 0.0000000 0.99710494 0.99417412
1105536640 0.0000000 0.98940736 0.97865236
1105765351 0.0000000 0.97950876 0.95709813
1106056455 0.0000000 0.85572934 0.63298291
1106207236 0.0000000 0.99795628 0.99591410
1106226863 0.0000000 0.98463136 0.96912539
1106317701 0.0000000 0.99744123 0.99486446
1106377004 0.0000000 0.99270546 0.98537678
1106829094 0.0000000 0.99509370 0.99000710
1107166208 0.0000000 0.99291778 0.98588043
1107223187 0.0000000 0.99721628 0.99436104
1107233798 0.0000000 0.99624622 0.99246943
1107286746 0.0000000 0.91316736 0.80175638
1107388387 0.0000000 0.98423231 0.96811002
1107601144 0.0000000 0.99759102 0.99516511
1107601252 0.0000000 0.99755901 0.99509639
1108162580 0.0000000 0.99124807 0.98249698
1108757898 0.0000000 0.99834698 0.99664462
1108761568 0.0000000 0.98832864 0.97650546
1110049611 0.0000000 0.99780315 0.99558747
1110049680 0.0000000 0.99760342 0.99516827
1110050185 0.0000000 0.99651027 0.99303436
1110050874 0.0000000 0.99257576 0.98516023
1110568232 0.0000000 0.98124522 0.96226400
1111274786 0.0000000 0.99624622 0.99248135
1113182839 0.0000000 0.98662162 0.97302955
1113208093 0.0000000 0.98929185 0.97802776
1113260515 0.0000000 0.99645525 0.99291766
1113331351 0.0000000 0.97516936 0.94880658
1114345058 0.0000000 0.99475878 0.98953801
1114872497 0.0000000 0.99756628 0.99513733
1114872533 0.0000000 0.99756926 0.99514103
1114872543 0.0000000 0.99757010 0.99514222
1114981677 0.0000000 0.98381615 0.96752262
1115167250 0.0000000 0.99516261 0.99031323
1115753263 0.0000000 0.99123210 0.98214865
1115910658 0.0000000 0.96665752 0.93053800
1115942660 0.0000000 0.99227059 0.98456609
1116353193 0.0000000 0.97143370 0.94019026
1117405041 0.0000000 0.99739242 0.99477351
1117642805 0.0000000 0.99724317 0.99448031
1118162704 0.0000000 0.99786520 0.99566537
1118367166 0.0000000 0.99710351 0.99410605
1118396676 0.0000000 0.99585378 0.99169362
1118501300 0.0000000 0.98249102 0.96474433
1121472051 0.0000000 0.99343586 0.98675281
1121864763 0.0000000 0.99811929 0.99622726
1122385024 0.0000000 0.99649078 0.99298733
1122618639 0.0000000 0.98573530 0.97138649
1122777951 0.0000000 0.99156523 0.98305905
1123439949 0.0000000 0.97626024 0.95010012
1125373372 0.0000000 0.98683697 0.97375602
1125685516 0.0000000 0.98483866 0.96926516
1125969360 0.0000000 0.99742693 0.99369878
1127055473 0.0000000 0.95701134 0.90976220
1127456637 0.0000000 0.99313629 0.98607266
1127471662 0.0000000 0.98498392 0.96961200
1127494190 0.0000000 0.99499571 0.98999232
1127760620 0.0000000 0.99775136 0.99549615
1128153007 0.0000000 0.96895260 0.93486148
1128174696 0.0000000 0.99663699 0.99327207
1128475640 0.0000000 0.98444140 0.96848774
1128528995 0.0000000 0.99059075 0.98094201
1128891916 0.0000000 0.94474995 0.88060695
1128923244 0.0000000 0.98911744 0.97823381
1131428965 0.0000000 0.99308211 0.98614961
1131431840 0.0000000 0.88955635 0.74676859
1132062095 0.0000000 0.99223673 0.98452544
1132132485 0.0000000 0.99707496 0.99413401
1132148341 0.0000000 0.99562287 0.99125671
1132166999 0.0000000 0.98356581 0.96670020
1132661855 0.0000000 0.99013722 0.98009777
1132975230 0.0000000 0.99684912 0.99370778
1133111580 0.0000000 0.94437492 0.87967557
1133304109 0.0000000 0.99752349 0.99494565
1133601723 0.0000000 0.95825893 0.91146624
1133908462 0.0000000 0.97704142 0.95318019
1134710133 0.0000000 0.99399006 0.98770791
1135808248 0.0000000 0.99457937 0.98906666
1135976852 0.0000000 0.99573386 0.99147862
1136739698 0.0000000 0.99733102 0.99462014
1137913657 0.0000000 0.99546474 0.99091899
1137989937 0.0000000 0.99511153 0.99015599
1137990003 0.0000000 0.99484271 0.98962790
1138288259 0.0000000 0.98081702 0.96119738
1139284609 0.0000000 0.83531427 0.55593288
1139326915 0.0000000 0.96358007 0.92312342
1140725945 0.0000000 0.99491233 0.98984128
1140746150 0.0000000 0.99628127 0.99257547
1141877248 0.0000000 0.99768448 0.99537241
1142029462 0.0000000 0.97372961 0.94644976
1142229311 0.0000000 0.98355287 0.96673518
1142709582 0.0000000 0.96604711 0.92990863
1143536168 0.0000000 0.98898101 0.97777945
1143616861 0.0000000 0.97980899 0.95871753
1143885739 0.0000000 0.99801999 0.99556416
1143885924 0.0000000 0.99827421 0.99650711
1143888020 0.0000000 0.99596393 0.99182606
1144129163 0.0000000 0.98476028 0.96889228
1144133312 0.0000000 0.98991787 0.97978503
1144179006 0.0000000 0.92489028 0.83123505
1144806135 0.0000000 0.96503532 0.92636734
1145140855 0.0000000 0.99778110 0.99554926
1145323561 0.0000000 0.99773270 0.99545866
1146215126 0.0000000 0.99744576 0.99488539
1146944291 0.0000000 0.75713277 0.25028741
1146966782 0.0000000 0.99701399 0.99395466
1147258751 0.0000000 0.99511111 0.99021447
1149411961 0.0000000 0.99700123 0.99395192
1149467938 0.0000000 0.98683822 0.97311378
1149638545 0.0000000 0.95502478 0.90416563
1149771133 0.0000000 0.96677476 0.93194759
1150128882 0.0000000 0.99386507 0.98775148
1151387381 0.0000000 0.96437234 0.92701608
1154072410 0.0000000 0.99793786 0.99588072
1154182305 0.0000000 0.98924625 0.97833925
1155212722 0.0000000 0.99081653 0.98145211
1155340266 0.0000000 0.99881542 0.99759024
1155354114 0.0000000 0.96581095 0.92939842
1155443514 0.0000000 0.99195850 0.98398006
1156044082 0.0000000 0.99128646 0.98264456
1156698676 0.0000000 0.99705982 0.99408215
1158266854 0.0000000 0.94958180 0.89045125
1159598968 0.0000000 0.98164910 0.96260387
1159684577 0.0000000 0.99633747 0.99258167
1160388105 0.0000000 0.99889386 0.99772412
1160392104 0.0000000 0.99887627 0.99770689
1160549032 0.0000000 0.99828851 0.99653941
1160664389 0.0000000 0.99791878 0.99551779
1163299258 0.0000000 0.98583257 0.97151434
1163456967 0.0000000 0.99296433 0.98596412
1163641819 0.0000000 0.99332756 0.98663932
1164570370 0.0000000 0.94445539 0.87949073
1165358160 0.0000000 0.99302644 0.98609328
1165368969 0.0000000 0.98457414 0.96869725
1166094636 0.0000000 0.99617517 0.99234051
1166561075 0.0000000 0.98883623 0.97753370
1166894907 0.0000000 0.99726123 0.99452215
1167121204 0.0000000 0.98587036 0.97175676
1167135981 0.0000000 0.99879342 0.99738413
1167136317 0.0000000 0.99898666 0.99766046
1167136455 0.0000000 0.99898040 0.99765831
1167136825 0.0000000 0.99808264 0.99614060
1167144800 0.0000000 0.99226165 0.98457456
1167147704 0.0000000 0.99835205 0.99656117
1167154513 0.0000000 0.99751228 0.99489701
1167186639 0.0000000 0.99882448 0.99743688
1167298740 0.0000000 0.91847908 0.81931698
1167318376 0.0000000 0.85671598 0.65056568
1167324678 0.0000000 0.98601979 0.97184551
1167592780 0.0000000 0.96386176 0.92492700
1167604646 0.0000000 0.94340134 0.87583512
1168792515 0.0000000 0.95898902 0.91383994
1168917035 0.0000000 0.99665594 0.99306732
1169006425 0.0000000 0.99028701 0.98051256
1169712716 0.0000000 0.95748103 0.91163552
1169722755 0.0000000 0.99839401 0.99677670
1170262059 0.0000000 0.99263018 0.98525810
1170524118 0.0000000 0.95391554 0.90343332
1171366614 0.0000000 0.96859264 0.93562233
1171423577 0.0000000 0.98128283 0.96207511
1171423831 0.0000000 0.99147761 0.98269033
1171832699 0.0000000 0.99783337 0.99545503
1172178017 0.0000000 0.84422332 0.62419468
1173308237 0.0000000 0.99592125 0.99180579
1173368256 0.0000000 0.99108344 0.98209447
1174197233 0.0000000 0.95091748 0.89384294
1175309106 0.0000000 0.93083578 0.84461057
1175583473 0.0000000 0.98127300 0.96248603
1176242685 0.0000000 0.89100260 0.74711210
1177115546 0.0000000 0.99583042 0.99166042
1177175308 0.0000000 0.99546784 0.99084771
1178992210 0.0000000 0.97766918 0.95434475
1180238725 0.0000000 0.93907881 0.86907601
1180618796 0.0000000 0.95881569 0.91391391
1181939353 0.0000000 0.99433917 0.98869526
1182196765 0.0000000 0.81664240 0.52169800
1182265663 0.0000000 0.93003923 0.85247135
1182396227 0.0000000 0.98947054 0.97893262
1182398897 0.0000000 0.99780524 0.99521464
1184629372 0.0000000 0.98206913 0.72956407
1185198002 0.0000000 0.99803734 0.73851383
1185799546 0.0000000 0.50583100 2.40468979E-02
1185861072 0.0000000 0.59789759 0.31835741
1186620947 0.0000000 0.99674511 0.73691690
1186786330 0.0000000 0.84466696 0.64985400
1188350129 0.0000000 0.96751803 0.71972167
1188356416 0.0000000 0.99282211 0.74018800
1188908193 0.0000000 0.96574736 0.72287160
1188950111 0.0000000 0.69550991 0.48221785
1189101086 0.0000000 0.99868929 0.73835933
1189101321 0.0000000 0.99548841 0.73788035
1189194674 0.0000000 0.67814094 0.45792884
1190442424 0.0000000 0.92384428 0.69642568
1191742755 0.0000000 0.81823891 0.62008405
1192071901 0.0000000 0.98113781 0.73378098
1192632000 0.0000000 0.99636871 0.73726660
1193967194 0.0000000 0.60947132 0.33876085
1194476053 0.0000000 0.93425226 0.70785683
1196283913 0.0000000 0.99016863 0.73419321
1196818902 0.0000000 0.99459243 0.73663276
1196950527 0.0000000 0.97888809 0.73195857
1197715613 0.0000000 0.64084965 0.39682090
1198522115 0.0000000 0.99406135 0.73653555
1200543890 0.0000000 0.55212694 0.16781098
1200856359 0.0000000 0.87420088 0.66229403
1201442068 0.0000000 0.76440269 0.57193553
1203280382 0.0000000 0.99857646 0.74200428
1203409866 0.0000000 0.61664736 0.35075051
1203790455 0.0000000 0.95225441 0.71799314
1204138448 0.0000000 0.94141626 0.71750689
1204304285 0.0000000 0.99105626 0.73545802
1204490434 0.0000000 0.40554285 -0.47449267
1204651907 0.0000000 0.99801993 0.74310422
1204651936 0.0000000 0.99801517 0.74311459
1204670552 0.0000000 0.98851216 0.73731917
1207186072 0.0000000 0.70874554 0.50231588
1208187584 0.0000000 0.98582846 0.73573995
1208931881 0.0000000 0.98297364 0.73290205
1208975321 0.0000000 0.99859625 0.73728943
1208982088 0.0000000 0.92640537 0.70218116
1208988255 0.0000000 0.99229813 0.73889035
1208988552 0.0000000 0.98080039 0.72771335
1209105937 0.0000000 0.89914882 0.68236995
1209216223 0.0000000 0.83255702 0.63821256
1209291757 0.0000000 0.79118556 0.59688425
1209339084 0.0000000 0.95981306 0.71638089
1209362380 0.0000000 0.94240963 0.70667088
1209543825 0.0000000 0.36969703 -0.73964834
1209563099 0.0000000 0.68683493 0.46941733
1209583346 0.0000000 0.94537282 0.70581925
1209820628 0.0000000 0.80088031 0.60821921
1209877317 0.0000000 0.65685713 0.42239553
1210448520 0.0000000 0.99764776 0.73761529
1210560189 0.0000000 0.79346800 0.60034770
1210633064 0.0000000 0.96900153 0.71562308
1210703275 0.0000000 0.99060500 0.73703909
1212285435 0.0000000 0.99887013 0.73808348
1212339563 0.0000000 0.99593854 0.73704076
1213107823 0.0000000 0.48336491 -4.24937010E-02
1213158817 0.0000000 0.94625348 0.71616673
1213486164 0.0000000 0.98372799 0.72791719
1214086760 0.0000000 0.86238140 0.66069174
1214128508 0.0000000 0.86069679 0.65646261
1214211456 0.0000000 0.54693586 0.18585986
1214561217 0.0000000 0.65284544 0.41520756
1215221786 0.0000000 0.99822217 0.73231435
1215745668 0.0000000 0.98226792 0.73527336
1215812106 0.0000000 0.98250890 0.73190963
1215812707 0.0000000 0.89933121 0.67867732
1215839910 0.0000000 0.90924186 0.68321955
1215843106 0.0000000 0.95705920 0.71715045
1215961116 0.0000000 0.99531621 0.73484468
1216126809 0.0000000 0.73732227 0.54009593
1216904067 0.0000000 0.65246499 0.41491359
1217616949 0.0000000 0.99238074 0.73397279
1218233114 0.0000000 0.98595059 0.73094344
1218994676 0.0000000 0.90533632 0.68840230
1219291482 0.0000000 0.51235205 8.06464553E-02
1219301591 0.0000000 0.94410324 0.70613134
1219723710 0.0000000 0.69241738 0.47896892
1219772880 0.0000000 0.93944365 0.71111441
1219869253 0.0000000 0.91070062 0.68889630
1220179542 0.0000000 0.87450677 0.66352057
1220742036 0.0000000 0.90605700 0.68413258
1220946193 0.0000000 0.99726313 0.73778510
1221047734 0.0000000 0.95708019 0.71900940
1222614737 0.0000000 0.85462302 0.64501369
1225404477 0.0000000 0.83278698 0.63309848
1225442295 0.0000000 0.99567401 0.73758185
1228187814 0.0000000 0.99869859 0.74013150
1228684717 0.0000000 0.99843794 0.73833311
1229260451 0.0000000 0.82643950 0.63891709
1229658996 0.0000000 0.51687914 3.41009498E-02
1229990683 0.0000000 0.99821138 0.73932588
1230216280 0.0000000 0.85455304 0.65236402
1230600687 0.0000000 0.97796136 0.73626029
1230860391 0.0000000 0.99527633 0.73917270
1231020274 0.0000000 0.99675739 0.73792922
1231041233 0.0000000 0.93868107 0.71039158
1232714291 0.0000000 0.99215597 0.74655277
1232804891 0.0000000 0.98672575 0.73315448
1233928332 0.0000000 0.99316072 0.74125582
1234166319 0.0000000 0.52547061 0.20650959
1234201315 0.0000000 0.96318734 0.72866058
1234214675 0.0000000 0.99504757 0.74191535
1236731039 0.0000000 0.94640422 0.72804439
1236854628 0.0000000 0.95029229 0.73537457
1237014105 0.0000000 0.96502799 0.73194474
1237159221 0.0000000 0.97216803 0.74805433
1237164701 0.0000000 0.96141481 0.73557490
1237551366 0.0000000 0.93185931 0.71372604
1237619839 0.0000000 0.83710396 0.64687431
1239235949 0.0000000 0.98068869 0.74678880
1239971868 0.0000000 0.99753195 0.75929046
1240678955 0.0000000 0.92199427 0.71055353
1242397863 0.0000000 0.99238181 0.75106168
1242709695 0.0000000 0.97125363 0.73186177
1243376855 0.0000000 0.99857134 0.75914097
1244248765 0.0000000 0.92351627 0.70418501
1245087845 0.0000000 0.91953522 0.70330036
1245407408 0.0000000 0.98319322 0.74405599
1245469469 0.0000000 0.99555391 0.75214636
1245877793 0.0000000 0.99534017 0.75545633
1245881452 0.0000000 0.97710431 0.74380898
1246167876 0.0000000 0.63863891 0.38459635
1246181696 0.0000000 0.64467949 0.39143384
1246182765 0.0000000 0.97347301 0.73817086
1246208530 0.0000000 0.98435527 0.74880672
1246208539 0.0000000 0.98429602 0.74877942
1246598451 0.0000000 0.98899561 0.75459963
1246598488 0.0000000 0.98931408 0.75421703
1246614635 0.0000000 0.98895997 0.75251865
1246985947 0.0000000 0.98712629 0.74935794
1247508302 0.0000000 0.99751651 0.75353581
1247516932 0.0000000 0.99691039 0.75365353
1247654255 0.0000000 0.99439842 0.74675816
1247741293 0.0000000 0.99774033 0.75978601
1247769767 0.0000000 0.99554992 0.75156677
1248159491 0.0000000 0.99203128 0.75341451
1248570012 0.0000000 0.99744952 0.75105435
1248588659 0.0000000 0.99801546 0.75160259
1248872986 0.0000000 0.99135131 0.74922258
1248886386 0.0000000 0.99782044 0.75403225
1249212887 0.0000000 0.99689049 0.74459064
1250467545 0.0000000 0.99854958 0.74974173
1250503855 0.0000000 0.99850535 0.74995506
1250504106 0.0000000 0.99694908 0.74717504
1250601456 0.0000000 0.99422938 0.74833035
1250639275 0.0000000 0.98271918 0.74528909
1250703707 0.0000000 0.91468084 0.70167047
1250777890 0.0000000 0.99284142 0.74608111
1250888264 0.0000000 0.99777967 0.75683737
1250911490 0.0000000 0.80422336 0.60054648
1252249816 0.0000000 0.90858632 0.69640541
1252757125 0.0000000 0.99458581 0.74812025
1254591366 0.0000000 0.99757820 0.75076312
1254664936 0.0000000 0.98984629 0.74150085
1255243328 0.0000000 0.99624527 0.75157696
1256244384 0.0000000 0.99363756 0.75067657
1256252705 0.0000000 0.98996294 0.74572909
1256431794 0.0000000 0.86869991 0.66906083
1257413577 0.0000000 0.99828124 0.75332236
1257413887 0.0000000 0.99662161 0.75197327
1257420861 0.0000000 0.99782598 0.75040174
1257678569 0.0000000 0.99070209 0.74720913
1258065617 0.0000000 0.95483160 0.72109371
1258296469 0.0000000 0.93525070 0.71618772
1258824471 0.0000000 0.98986334 0.74188828
1258926370 0.0000000 0.97910726 0.74263614
1260564405 0.0000000 0.99133384 0.75418282
1260692005 0.0000000 0.98800594 0.75178111
1261227736 0.0000000 0.99756205 0.76301253
1261227864 0.0000000 0.99776107 0.75951618
1261228557 0.0000000 0.98066884 0.74616444
1261232031 0.0000000 0.99279124 0.75122672
1261235533 0.0000000 0.97986144 0.74457932
1261275144 0.0000000 0.98482704 0.74637985
1261713375 0.0000000 0.97771609 0.74675214
1261922241 0.0000000 0.96955949 0.73428196
1262034644 0.0000000 0.94214666 0.72751105
1262237921 0.0000000 0.98349726 0.74804068
1262343689 0.0000000 0.90568280 0.69753629
1262367286 0.0000000 0.99550170 0.75758678
1262622742 0.0000000 0.58334565 0.28410459
1262633257 0.0000000 0.99803352 0.75332022
1263881366 0.0000000 0.99801153 0.76142460
1265523000 0.0000000 0.99861300 0.75456417
1265599504 0.0000000 0.98988593 0.75111234
1265691729 0.0000000 0.99222732 0.75853455
1265942558 0.0000000 0.99876261 0.75467145
1266289887 0.0000000 0.96534067 0.74049324
1266816064 0.0000000 0.99723089 0.75366217
1267146477 0.0000000 0.99869877 0.75424898
1267162697 0.0000000 0.98728162 0.75095719
1267661932 0.0000000 0.99795097 0.75426269
1267662287 0.0000000 0.99845660 0.76159191
1267686434 0.0000000 0.98607576 0.75032532
1267690576 0.0000000 0.99802363 0.75899446
1268040382 0.0000000 0.99755174 0.75692421
1268902896 0.0000000 0.98380774 0.74720520
1268931240 0.0000000 0.96604449 0.73801398
1269644874 0.0000000 0.99639904 0.75152189
1270335780 0.0000000 0.87624061 0.68370402
1270813793 0.0000000 0.97486478 0.74197036
1270961850 0.0000000 0.99778813 0.75526893
1270999307 0.0000000 0.66654468 0.42213213
1271168968 0.0000000 0.98993427 0.74646723
1271191748 0.0000000 0.99618232 0.75553781
1271987388 0.0000000 0.98568386 0.73962331
1272194052 0.0000000 0.98314947 0.74605727
1272250791 0.0000000 0.99838072 0.75320572
1272823213 0.0000000 0.99613303 0.75699902
1274901407 0.0000000 0.96453625 0.73094606
1276535865 0.0000000 0.96311277 0.73249948
1276561877 0.0000000 0.99806368 0.75562322
1276823323 0.0000000 0.99349672 0.75137001
1277440084 0.0000000 0.93038499 0.71176112
1277575551 0.0000000 0.99353188 0.74688429
1277670806 0.0000000 0.99482477 0.74995852
1278097892 0.0000000 0.99685323 0.75593603
1278515743 0.0000000 0.88813001 0.67314172
1278618217 0.0000000 0.99788034 0.75394183
1278636079 0.0000000 0.99738222 0.74677503
1279357457 0.0000000 0.99805230 0.74781394
1279458204 0.0000000 0.99540257 0.75498527
1280029930 0.0000000 0.99809319 0.75062764
1280553485 0.0000000 0.95586544 0.72336769
1280563997 0.0000000 0.96758544 0.72902364
1280587745 0.0000000 0.99532169 0.74955177
1281476617 0.0000000 0.95697856 0.72677785
1282408680 0.0000000 0.99749959 0.75084609
1282415961 0.0000000 0.98231322 0.73786771
1282416480 0.0000000 0.99635625 0.74632418
1283157909 0.0000000 0.99810350 0.74692440
1283540817 0.0000000 0.96932071 0.73729014
1284039008 0.0000000 0.95499825 0.73095828
1284244867 0.0000000 0.99499255 0.74577093
1284952628 0.0000000 0.99634463 0.74992591
1285350982 0.0000000 0.95920366 0.72054815
1285695233 0.0000000 0.99561775 0.75079972
1285876560 0.0000000 0.98609060 0.73541439
1286047392 0.0000000 0.99533874 0.74962908
1286198915 0.0000000 0.99746084 0.75450319
1286865806 0.0000000 0.76327753 0.57506502
1287036373 0.0000000 0.97336936 0.74316370
1289221280 0.0000000 0.99771243 0.75141168
1289567329 0.0000000 0.99694055 0.75637460
1289576340 0.0000000 0.99855345 0.75874150
1290342705 0.0000000 0.99838954 0.75698775
1290784424 0.0000000 0.99522841 0.75416392
1290799240 0.0000000 0.97225404 0.74146801
1291601652 0.0000000 0.99800545 0.75429070
1291689974 0.0000000 0.99152344 0.75113904
1291927327 0.0000000 0.96431255 0.73630691
1292000461 0.0000000 0.91951776 0.70808232
1294804388 0.0000000 0.97304440 0.74357080
1296507195 0.0000000 0.99279517 0.76012945
1296548191 0.0000000 0.99808323 0.76192892
1297058102 0.0000000 0.98675615 0.75334668
1297342916 0.0000000 0.82821000 0.65208673
1297754297 0.0000000 0.99610829 0.75853050
1298970247 0.0000000 0.80165875 0.61127454
1299845150 0.0000000 0.85736108 0.66926688
1300123317 0.0000000 0.98073858 0.75013864
1300281136 0.0000000 0.99198639 0.75817001
1300608051 0.0000000 0.99834520 0.75628614
1301123952 0.0000000 0.94481188 0.72355944
1301458951 0.0000000 0.99187410 0.75958610
1301964194 0.0000000 0.94445300 0.72333515
1302916270 0.0000000 0.99757379 0.75883228
1302961193 0.0000000 0.93991846 0.71747589
1303685617 0.0000000 0.97705066 0.74916518
1304080155 0.0000000 0.93987215 0.71946609
1304082768 0.0000000 0.99750221 0.75157928
1304152538 0.0000000 0.99802947 0.75950700
1304437954 0.0000000 0.99752319 0.75658554
1304717510 0.0000000 0.99125403 0.75253958
1304757333 0.0000000 0.96934980 0.73820800
1306028051 0.0000000 0.99716002 0.76001227
1306098435 0.0000000 0.99620754 0.75107360
1306261925 0.0000000 0.98299384 0.74145401
1307034472 0.0000000 0.99568552 0.75408214
1307669122 0.0000000 0.99800038 0.75384456
1308478735 0.0000000 0.95964950 0.72736162
1309048281 0.0000000 0.99555409 0.99094844
1309094354 0.0000000 0.99949592 0.99896663
1309326569 0.0000000 0.97986114 0.95830774
1309474048 0.0000000 0.99401253 0.98800403
1309601047 0.0000000 0.97678375 0.95189708
1309696244 0.0000000 0.99706364 0.99412858
1309953539 0.0000000 0.99892080 0.99781233
1310469430 0.0000000 0.99980158 0.99958467
1310541580 0.0000000 0.98352545 0.96677572
1310928323 0.0000000 0.99460858 0.98908627
1311000534 0.0000000 0.99783719 0.99542409
1311084070 0.0000000 0.99738693 0.99429864
1311142337 0.0000000 0.99676275 0.99330676
1311692424 0.0000000 0.98581392 0.97146440
1313100452 0.0000000 0.99898595 0.99790847
1314264913 0.0000000 0.98954707 0.97903562
1314789752 0.0000000 0.99472058 0.98933929
1315538819 0.0000000 0.99511880 0.99024403
1315635988 0.0000000 0.96010762 0.91723013
1315804512 0.0000000 0.99529201 0.99038619
1316643513 0.0000000 0.99831301 0.99557400
1316653258 0.0000000 0.99644768 0.99203855
1317835272 0.0000000 0.79789507 0.46849877
1318175665 0.0000000 0.97854376 0.95744139
1318478724 0.0000000 0.96563464 0.93119395
1319945023 0.0000000 0.99905086 0.99683046
1320074224 0.0000000 0.98494768 0.97012258
1320721143 0.0000000 0.99990213 0.99865735
1321061921 0.0000000 0.98582894 0.97168022
1322787324 0.0000000 0.99606246 0.99159956
1322993584 0.0000000 0.99442613 0.98867714
1323861170 0.0000000 0.98906714 0.97803670
1323909341 0.0000000 0.98897517 0.97781885
1324582798 0.0000000 0.99218500 0.98394215
1325660397 0.0000000 0.98824942 0.97663778
1326181267 0.0000000 0.88349849 0.73443484
1326728445 0.0000000 0.89017320 0.75920951
1327107001 0.0000000 0.98959196 0.97925669
1327480583 0.0000000 0.96376628 0.92534685
1327824459 0.0000000 0.94708741 0.89250952
1328324062 0.0000000 0.99517173 0.99017674
1328459111 0.0000000 0.97994012 0.95994842
1330223700 0.0000000 0.99994230 0.99882185
1330883534 0.0000000 0.91213483 0.81492710
1332071890 0.0000000 0.91685563 0.82205850
1332086295 0.0000000 0.94286853 0.88089192
1332373478 0.0000000 0.99366808 0.98671931
1333258441 0.0000000 0.97692156 0.95421422
1333828758 0.0000000 0.98313391 0.96654433
1333921411 0.0000000 0.99964285 0.99843377
1334227165 0.0000000 0.99708462 0.99353468
1334800688 0.0000000 0.99944371 0.99766201
1335409258 0.0000000 0.87754732 0.71694815
1335538115 0.0000000 0.99856132 0.99555391
1338362741 0.0000000 0.98136693 0.96305281
1338842309 0.0000000 0.98652005 0.97315377
1338890190 0.0000000 0.99516088 0.99000442
1338944914 0.0000000 0.99989104 0.99909204
1338944979 0.0000000 0.99988902 0.99907911
1338945045 0.0000000 0.99950117 0.99805123
1339216879 0.0000000 0.99573076 0.99085629
1339275618 0.0000000 0.99990654 0.99843913
1339278860 0.0000000 0.97864062 0.95769441
1339309409 0.0000000 0.99432147 0.98766613
1339646879 0.0000000 0.99464047 0.98876047
1339690513 0.0000000 0.99957854 0.99911880
1339702255 0.0000000 0.99855930 0.99691463
1339923712 0.0000000 0.99942040 0.99868977
1341299876 0.0000000 0.68239278 -0.25129259
1341924177 0.0000000 0.64799786 -0.31670272
1342405200 0.0000000 0.82335687 0.50863838
1344277570 0.0000000 0.46275550 -3.1281300
1344910008 0.0000000 0.93176883 0.84606868
1344941743 0.0000000 0.99625045 0.99251091
1345138860 0.0000000 0.98619372 0.97148335
1345234802 0.0000000 0.99750578 0.99484563
1346380382 0.0000000 0.78200954 0.33178222
1346415099 0.0000000 0.99832833 0.99660325
1346415834 0.0000000 0.99565363 0.99108440
1346788818 0.0000000 0.99764836 0.99527365
1346816730 0.0000000 0.98127854 0.96182436
1348523853 0.0000000 0.97375083 0.94372362
1350722979 0.0000000 0.92741555 0.83479857
1350800865 0.0000000 0.82237661 0.51940668
1351161077 0.0000000 0.99641854 0.99270886
1352122829 0.0000000 0.96783131 0.93027002
1352554787 0.0000000 0.90039176 0.76668674
1353431341 0.0000000 0.99950099 0.99883074
1353536726 0.0000000 0.99626398 0.99224639
1354158772 0.0000000 0.99090308 0.98146182
1354470336 0.0000000 0.99882710 0.99747741
1354477411 0.0000000 0.99017805 0.97898245
1354976814 0.0000000 0.94531155 0.87444276
1355221924 0.0000000 0.97564483 0.94732720
1356243184 0.0000000 0.98398328 0.96658325
1356319072 0.0000000 0.98544776 0.97046131
1356487597 0.0000000 0.94670081 0.88302296
1356883405 0.0000000 0.99754637 0.99484318
1357128106 0.0000000 0.97888803 0.95531136
1357236484 0.0000000 0.99475098 0.98878199
1357270197 0.0000000 0.98959935 0.97843152
1357331931 0.0000000 0.94507253 0.87493885
1357541346 0.0000000 0.99674535 0.99294055
1357994057 0.0000000 0.97825801 0.95331264
1358411441 0.0000000 0.99623412 0.99165571
1358708986 0.0000000 0.99309731 0.98560250
1359776392 0.0000000 0.99876982 0.99707299
1361064727 0.0000000 0.97242075 0.93939590
1361239965 0.0000000 0.99198616 0.98303324
1361256759 0.0000000 0.96071577 0.91659188
1361373628 0.0000000 0.93051457 0.83450419
1361471757 0.0000000 0.96810764 0.93135434
1361665659 0.0000000 0.45150864 -3.1328053
1362386544 0.0000000 0.77186108 0.35100162
1362609444 0.0000000 0.49682066 -2.3114405
1362627405 0.0000000 0.99798775 0.99563289
1362643640 0.0000000 0.87632352 0.68094945
1363079024 0.0000000 0.94303560 0.87045825
1363764120 0.0000000 0.89218712 0.74725252
1364349799 0.0000000 0.99951893 0.99870688
1364349845 0.0000000 0.99951798 0.99870628
1364355002 0.0000000 0.96620864 0.92533529
1364690983 0.0000000 0.92881507 0.83777964
1365625224 0.0000000 0.99328476 0.98572379
1366061297 0.0000000 0.82567191 0.52705604
1366432589 0.0000000 0.94993418 0.88714445
1366513671 0.0000000 0.97587556 0.94924158
1369110346 0.0000000 0.99622786 0.99189407
1369124755 0.0000000 0.99885821 0.99750328
1369791239 0.0000000 0.99013662 0.97945243
1369883683 0.0000000 0.98226893 0.96313840
1370118743 0.0000000 0.98635238 0.97179085
1370151783 0.0000000 0.99970824 0.99909556
1370623082 0.0000000 0.99926335 0.99838060
1372241957 0.0000000 0.97591525 0.94894099
1372463510 0.0000000 0.99935740 0.99869800
1373829868 0.0000000 0.98256510 0.96418804
1373895699 0.0000000 0.99852091 0.99702460
1373969495 0.0000000 0.99890733 0.99774545
1374677225 0.0000000 0.99489754 0.98963314
1374679935 0.0000000 0.99858087 0.99713516
1376837821 0.0000000 0.98944283 0.97829568
1377205321 0.0000000 0.99958843 0.99916869
1377355603 0.0000000 0.99355054 0.98695099
1377407246 0.0000000 0.72735196 0.10289210
1378247005 0.0000000 0.99977940 0.99951541
1378467231 0.0000000 0.99943614 0.99878591
1379475197 0.0000000 0.91738033 0.80772877
1380542719 0.0000000 0.99473858 0.98947227
1381466759 0.0000000 0.93281209 0.84815150
1381684855 0.0000000 0.98343903 0.96606439
1382170436 0.0000000 0.93199676 0.84774357
1382919848 0.0000000 0.99935198 0.99869037
1383069011 0.0000000 0.99968046 0.99933016
1383085061 0.0000000 0.83674985 0.58339906
1383220929 0.0000000 0.99936146 0.99868482
1383227120 0.0000000 0.99138612 0.98253018
1383227831 0.0000000 0.99312729 0.98596030
1383234448 0.0000000 0.99816084 0.99628568
1383263545 0.0000000 0.99376792 0.98729360
1383450194 0.0000000 0.98646367 0.97264737
1383519374 0.0000000 0.99530745 0.99055707
1383809110 0.0000000 0.99054557 0.98036486
1383809501 0.0000000 0.98752260 0.97388697
1383989687 0.0000000 0.96113259 0.91557193
1384145710 0.0000000 0.99192715 0.98311281
1384544358 0.0000000 0.99812800 0.99621177
1385019362 0.0000000 0.92935699 0.83913577
1386347977 0.0000000 0.91239530 0.80256712
1386357780 0.0000000 0.99469858 0.98862493
1387916955 0.0000000 0.99409616 0.98785943
1389034180 0.0000000 0.97935510 0.95459521
1389204911 0.0000000 0.99891305 0.99705744
1389717867 0.0000000 0.99756390 0.99403763
1389724692 0.0000000 0.99821347 0.99583322
1389729005 0.0000000 0.99749935 0.99434108
1389740803 0.0000000 0.98235440 0.96206087
1389904819 0.0000000 0.94525421 0.87602836
1390517490 0.0000000 0.98608327 0.96981668
1390619771 0.0000000 0.99591953 0.99094081
1391790286 0.0000000 0.96781045 0.92984086
1393014317 0.0000000 0.99879146 0.99677163
1393065064 0.0000000 0.97109383 0.93489993
1393759985 0.0000000 0.97087276 0.93568897
1393791078 0.0000000 0.99963546 0.99835718
1394913876 0.0000000 0.99772274 0.99458426
1395061976 0.0000000 0.99904114 0.99753207
1395231566 0.0000000 0.99937570 0.99823123
1397097485 0.0000000 0.98744887 0.97243679
1397746253 0.0000000 0.98244709 0.96221077
1398443585 0.0000000 0.98621422 0.97015136
1399207416 0.0000000 0.99847853 0.99675930
1399278483 0.0000000 0.96951228 0.93392092
1399745740 0.0000000 0.98281616 0.96226394
1399746271 0.0000000 0.99668950 0.99239343
1400631673 0.0000000 0.99944550 0.99847710
1401021673 0.0000000 0.99749690 0.99463743
1401296286 0.0000000 0.96663272 0.92631203
1402085900 0.0000000 0.63470304 -0.51400328
1402313583 0.0000000 0.96070808 0.91276938
1402624068 0.0000000 0.86593950 0.64341307
1402784563 0.0000000 0.99424547 0.98793083
1403034553 0.0000000 0.98924595 0.97763801
1403317269 0.0000000 0.99059701 0.98022455
1403439974 0.0000000 0.99631870 0.99221438
1404774365 0.0000000 0.98654205 0.97150838
1404925818 0.0000000 0.95072806 0.88878083
1405577514 0.0000000 0.99191558 0.98307121
1407296767 0.0000000 0.99712932 0.99422222
1407544588 0.0000000 0.93164319 0.84754515
1408047770 0.0000000 0.99397212 0.98761898
1410046387 0.0000000 0.98142624 0.96086150
1410325949 0.0000000 0.97643381 0.94986629
1410382444 0.0000000 0.81574655 0.47482437
1411247643 0.0000000 0.99746603 0.99492174
1411641303 0.0000000 0.99787664 0.99556023
1412009058 0.0000000 0.97618932 0.95098740
1412705290 0.0000000 0.99795771 0.99588847
1413207959 0.0000000 0.91797352 0.81007445
1414298821 0.0000000 0.99303806 0.98562700
1416419181 0.0000000 0.99857330 0.99672079
1416419227 0.0000000 0.99857646 0.99672407
1416540553 0.0000000 0.99808586 0.99616557
1417557685 0.0000000 0.81242031 0.46829557
1417655668 0.0000000 0.92412770 0.83168781
1418245419 0.0000000 0.99777305 0.99514669
1418533563 0.0000000 0.98496878 0.96847630
1419682925 0.0000000 0.97467059 0.94459951
1419947441 0.0000000 0.92407274 0.82237762
1419995164 0.0000000 0.99308991 0.98482424
1420012476 0.0000000 0.99708784 0.99327689
1420437226 0.0000000 0.99483043 0.98907977
1420606112 0.0000000 0.99750549 0.99458432
1420742654 0.0000000 0.93485153 0.85384941
1421435535 0.0000000 0.99704057 0.99353290
1421639313 0.0000000 0.99497586 0.98921281
1422083726 0.0000000 0.99756211 0.99508411
1422374758 0.0000000 0.97742516 0.94997227
1422958210 0.0000000 0.94801509 0.88235515
1423037687 0.0000000 0.98251826 0.96232831
1423603888 0.0000000 0.81447291 0.54413337
1423726535 0.0000000 0.99353039 0.98631114
1423857991 0.0000000 0.99829930 0.99633080
1424969403 0.0000000 0.99490166 0.98877913
1426114954 0.0000000 0.95055491 0.88786030
1426344314 0.0000000 0.98586804 0.96949136
1426852891 0.0000000 0.97585768 0.94837779
1427105631 0.0000000 0.99850565 0.99646676
1427483378 0.0000000 0.98268253 0.96261996
1428208678 0.0000000 0.94356495 0.87057775
1428320250 0.0000000 0.99393708 0.98671585
1428945237 0.0000000 0.99796057 0.99576920
1429127316 0.0000000 0.99499738 0.98931390
1429494176 0.0000000 0.99751675 0.99502283
1429494550 0.0000000 0.99791783 0.99551588
1429528847 0.0000000 0.99800700 0.99557066
1429530313 0.0000000 0.99716771 0.99408060
1429531199 0.0000000 0.99698353 0.99396431
1429992097 0.0000000 0.99725950 0.99448514
1430658547 0.0000000 0.99093908 0.98100978
1431333501 0.0000000 0.99711972 0.99421322
1431387795 0.0000000 0.99489433 0.98965240
1431628549 0.0000000 0.99742281 0.99455971
1432588969 0.0000000 0.99662238 0.99325937
1432601816 0.0000000 0.99628127 0.99240822
1432799863 0.0000000 0.99303359 0.98572630
1434467768 0.0000000 0.99529928 0.98972768
1434867330 0.0000000 0.99596018 0.99186695
1435335400 0.0000000 0.98805845 0.97541302
1438066750 0.0000000 0.99677801 0.99306744
1438936857 0.0000000 0.94461834 0.87832773
1439209234 0.0000000 0.89542830 0.74858081
1439418087 0.0000000 0.96739542 0.93117350
1439474882 0.0000000 0.99701226 0.99400830
1439699200 0.0000000 0.92578030 0.83463001
1441113885 0.0000000 0.99824154 0.99648041
1441128847 0.0000000 0.99570066 0.99135804
1441160293 0.0000000 0.99560958 0.99065429
1441898607 0.0000000 0.99611437 0.99214393
1442339782 0.0000000 0.99595219 0.99156398
1442345855 0.0000000 0.99820423 0.99624574
1442345878 0.0000000 0.99820757 0.99625045
1442408939 0.0000000 0.99863040 0.99701589
1442410226 0.0000000 0.98925143 0.97758049
1442413798 0.0000000 0.99301076 0.98579443
1443074281 0.0000000 0.99638665 0.99276710
1443555465 0.0000000 0.99636227 0.99270225
1444648487 0.0000000 0.98388940 0.96656936
1444736944 0.0000000 0.99814445 0.99607146
1444953165 0.0000000 0.99514431 0.99013406
1444953267 0.0000000 0.99265271 0.98517507
1445014914 0.0000000 0.97565609 0.94798678
1445221055 0.0000000 0.99873865 0.99723715
1445233331 0.0000000 0.99590605 0.99134511
1445239215 0.0000000 0.99513024 0.98990667
1446412182 0.0000000 0.99820596 0.99630618
1446412281 0.0000000 0.99752963 0.99505937
1446509184 0.0000000 0.99761403 0.99493700
1446509190 0.0000000 0.99759996 0.99490982
1446714386 0.0000000 0.99697053 0.99393141
1447167192 0.0000000 0.97077930 0.93611556
1447255999 0.0000000 0.99599028 0.99177647
1447277516 0.0000000 0.94818830 0.88290340
1448316095 0.0000000 0.89226031 0.73651266
1448671943 0.0000000 0.98767835 0.97393829
1449033717 0.0000000 0.99599826 0.99190569
1449035580 0.0000000 0.99232566 0.98425281
1449153073 0.0000000 0.99848801 0.99694705
1449935242 0.0000000 0.99353588 0.98660636
1450510821 0.0000000 0.94359702 0.87279916
1450536811 0.0000000 0.97247666 0.94205058
1450992022 0.0000000 0.99541575 0.99027115
1451199638 0.0000000 0.96348757 0.92017877
1451327726 0.0000000 0.98808330 0.97497648
1451523194 0.0000000 0.99066269 0.98050082
1451829690 0.0000000 0.99350327 0.98659343
1451928000 0.0000000 0.99326223 0.98640490
1452487977 0.0000000 0.99758530 0.99482137
1453169606 0.0000000 0.99792546 0.99585199
1453824336 0.0000000 0.94822198 0.87697113
1454422761 0.0000000 0.99808753 0.99576986
1454702246 0.0000000 0.99817163 0.99621379
1454702308 0.0000000 0.99815553 0.99625731
1454702406 0.0000000 0.99878824 0.99717623
1454702512 0.0000000 0.99878764 0.99717546
1454978820 0.0000000 0.66908193 -0.26735544
1455590759 0.0000000 0.99555731 0.99104393
1455595494 0.0000000 0.99658650 0.99282128
1455757779 0.0000000 0.99774528 0.99547559
1455758311 0.0000000 0.99751490 0.99503374
1456215987 0.0000000 0.99256825 0.98460430
1456541993 0.0000000 0.99127561 0.98108697
1457201466 0.0000000 0.98447269 0.96682769
1457276938 0.0000000 0.98641729 0.97108722
1459152479 0.0000000 0.99485761 -7.99982548E-02
1459502085 0.0000000 0.91677982 0.81062555
1459988008 0.0000000 0.94828779 0.88625860
1460294506 0.0000000 0.96736670 0.92916471
1460353509 0.0000000 0.99926424 0.99845296
1460804146 0.0000000 0.99852580 0.99691635
1461082597 0.0000000 0.98863274 0.97654325
1461607991 0.0000000 0.99823862 0.99598920
1461770234 0.0000000 0.99957240 0.99885851
1461770257 0.0000000 0.99957520 0.99886078
1461770858 0.0000000 0.99912351 0.99781227
1461781146 0.0000000 0.99962372 0.99899042
1461806086 0.0000000 0.98788178 0.97430485
1462056417 0.0000000 0.99680156 0.99327910
1462199340 0.0000000 0.99791723 0.99561042
1462521203 0.0000000 0.99845403 0.99681723
1462632669 0.0000000 0.99710047 0.99382186
1462675593 0.0000000 0.99942136 0.99882895
1463023035 0.0000000 0.99964237 0.99909329
1463023251 0.0000000 0.99897498 0.99774247
1463023282 0.0000000 0.99839783 0.99657106
1463027395 0.0000000 0.99970990 0.99930149
1463127852 0.0000000 0.99941075 0.99870753
1463195522 0.0000000 0.99692273 0.99350727
1463196768 0.0000000 0.99881244 0.99744117
1463530965 0.0000000 0.99900258 0.99798971
1463863900 0.0000000 0.99946755 0.99877369
1463882779 0.0000000 0.99805325 0.99590647
1464184475 0.0000000 0.96025741 0.91591340
1464544116 0.0000000 0.98457855 0.96744353
1464576767 0.0000000 0.99385875 0.98713899
1464630651 0.0000000 0.99123740 0.98208129
1464672226 0.0000000 0.99959093 0.99904078
1466204142 0.0000000 0.92981058 0.84012353
1466383187 0.0000000 0.99874347 0.99746704
1466409210 0.0000000 0.98765695 0.97464126
1466715930 0.0000000 0.99962723 0.99917668
1467361422 0.0000000 0.99576306 0.99131900
1469019333 0.0000000 0.98654151 0.97259265
1469592155 0.0000000 0.99778003 0.99536860
1471008941 0.0000000 0.95795852 0.90932471
1471908408 0.0000000 0.98715919 0.97388107
1472660934 0.0000000 0.99750948 0.99499995
1473440050 0.0000000 0.98077214 0.96105403
1475055492 0.0000000 0.99783421 0.99567127
1475769120 0.0000000 0.99978584 0.99955326
1477370752 0.0000000 0.99962538 0.99920404
1478519786 -105.15000 5.23940288E-02 -34262884.
1478903131 0.0000000 0.96489263 0.92833990
1480024554 0.0000000 0.96457177 0.92867386
1480377579 0.0000000 0.96373820 0.92414868
1480507474 0.0000000 0.96814859 0.93244004
1481256588 0.0000000 0.96944934 0.93845814
1481811269 0.0000000 0.96973068 0.93599993
1483057851 0.0000000 0.95847523 0.91854107
1483513641 0.0000000 0.96785045 0.93672740
1484155863 0.0000000 0.96220160 0.92280704
1484797338 0.0000000 0.96354204 0.91976106
1484900187 0.0000000 0.94726199 0.89007217
1485329586 0.0000000 0.97423691 0.94900000
1486746772 0.0000000 0.99990672 0.99969286
1487420859 0.0000000 0.98979622 0.97883177
1487652197 0.0000000 0.91110712 0.79442567
1488212310 0.0000000 0.99711508 0.99391121
1488924651 0.0000000 0.99895793 0.99781293
1489967289 0.0000000 0.98338544 0.96562457
1490066029 0.0000000 0.92827737 0.83872116
1490805242 0.0000000 0.98910505 0.97730052
1492112471 0.0000000 0.99397105 0.98770988
1492367656 0.0000000 0.99759978 0.99491870
1493517442 0.0000000 0.99990577 0.99978483
1493960850 0.0000000 0.99440622 0.98855466
1493986611 0.0000000 0.94426268 0.87773430
1494889974 0.0000000 0.99988228 0.99974072
1494932580 0.0000000 0.99150229 0.98272401
1495631454 0.0000000 0.99977016 0.99943930
1495691291 0.0000000 0.99949729 0.99889487
1495956669 0.0000000 0.90744931 0.78647381
1495999757 0.0000000 0.99795860 0.99584794
1496582686 0.0000000 0.99738050 0.99471408
1497967350 0.0000000 0.90485978 0.78045988
1498029939 0.0000000 0.99837142 0.99669856
1500318986 0.0000000 0.99821866 0.99643755
1501139292 0.0000000 0.99895883 0.99791038
1501845585 0.0000000 0.99926674 0.99852926
1502294736 0.0000000 0.99682051 0.99361795
1502416734 0.0000000 0.99919742 0.99839163
1502582915 0.0000000 0.99805003 0.99608684
1504364658 0.0000000 0.97894585 0.95620072
1505096741 0.0000000 0.98862976 0.97699910
1505687994 0.0000000 0.99813288 0.99625009
1505917796 0.0000000 0.99987513 0.99974775
1506232185 0.0000000 0.99270612 0.98529947
1506549399 0.0000000 0.93697321 0.85917383
1507505391 0.0000000 0.99684948 0.99368441
1507747520 0.0000000 0.99088532 0.98157173
1508582157 0.0000000 0.96938634 0.93568337
1509318944 0.0000000 0.99929589 0.99856424
1509677295 0.0000000 0.99921304 0.99839544
1509677339 0.0000000 0.99920356 0.99837726
1509752088 0.0000000 0.99978316 0.99955499
1510398879 0.0000000 0.99892700 0.99781460
1510402973 0.0000000 0.99982727 0.99962819
1510440860 0.0000000 0.98731935 0.97397757
1510947032 0.0000000 0.98241627 0.96410131
1511360409 0.0000000 0.99990547 0.99978560
1511470532 0.0000000 0.99960333 0.99914068
1512230735 0.0000000 0.94283754 0.87403178
1512377977 0.0000000 0.99597365 0.99179560
1512704669 0.0000000 0.99555874 0.99084467
1513120660 0.0000000 0.99255389 0.98476195
1516168751 0.0000000 0.99696183 0.99362224
1516984288 0.0000000 0.99567658 0.99107742
1517686257 0.0000000 0.99819195 0.99614120
1517749972 0.0000000 0.99974972 0.99933296
1517752600 0.0000000 0.99987531 0.99956948
1517752662 0.0000000 0.99987346 0.99956846
1517753127 0.0000000 0.99446642 0.98849940
1517753452 0.0000000 0.99983561 0.99944735
1517753522 0.0000000 0.99983609 0.99945199
1517753592 0.0000000 0.99983817 0.99945146
1517753815 0.0000000 0.99926132 0.99831152
1517758427 0.0000000 0.99632776 0.99233878
1517763262 0.0000000 0.99076337 0.98105168
1517821602 0.0000000 0.99563724 0.99072075
1517823894 0.0000000 0.99142408 0.98203766
1517846321 0.0000000 0.99930400 0.99843216
1517852233 0.0000000 0.99266720 0.98444903
1517893754 0.0000000 0.99953610 0.99890065
1517906208 0.0000000 0.99676347 0.99313343
1517932241 0.0000000 0.99988580 0.99959296
1517932280 0.0000000 0.99988645 0.99959314
1517932282 0.0000000 0.99988657 0.99959314
1517932427 0.0000000 0.99987608 0.99962318
1517932434 0.0000000 0.99985510 0.99961334
1517932492 0.0000000 0.99983454 0.99951476
1517933877 0.0000000 0.99916780 0.99814802
1517940013 0.0000000 0.99974614 0.99923795
1517940459 0.0000000 0.99969941 0.99918425
1517944528 0.0000000 0.99989653 0.99958587
1517945796 0.0000000 0.99909151 0.99787295
1517950582 0.0000000 0.99938375 0.99856156
1517958702 0.0000000 0.99867719 0.99711239
1517960631 0.0000000 0.99921215 0.99827415
1517969882 0.0000000 0.99928522 0.99829805
1517974578 0.0000000 0.99962413 0.99905366
1517998787 0.0000000 0.99134624 0.98138440
1518001985 0.0000000 0.99954355 0.99889362
1518008800 0.0000000 0.99960303 0.99904126
1518008880 0.0000000 0.99947280 0.99877584
1518013159 0.0000000 0.99819040 0.99619925
1518016890 0.0000000 0.99988353 0.99957579
1518016916 0.0000000 0.99988341 0.99957585
1518051257 0.0000000 0.99949443 0.99874604
1518059164 0.0000000 0.99876708 0.99733001
1518142443 0.0000000 0.99731004 0.99429125
1518201789 0.0000000 0.99530882 0.98996943
1518248929 0.0000000 0.99589264 0.99114966
1518858396 0.0000000 0.99237180 0.98405296
1518981709 0.0000000 0.99868017 0.99711382
1519051621 0.0000000 0.99644834 0.99263775
1519254641 0.0000000 0.99982506 0.99951518
1519583320 0.0000000 0.99970526 0.99918813
1519962147 0.0000000 0.99577206 0.99095762
1520098551 0.0000000 0.99772215 0.99505693
1520329330 0.0000000 0.95451444 0.89916873
1521024527 0.0000000 0.99299234 0.98494101
1521537776 0.0000000 0.99986488 0.99956709
1521728871 0.0000000 0.97707075 0.95165163
1522232997 0.0000000 0.99660540 0.99296117
1522282670 0.0000000 0.99977326 0.99927157
1522598524 0.0000000 0.99762762 0.99507499
1523432369 0.0000000 0.98436415 0.96724427
1523886539 0.0000000 0.99853122 0.99695534
1524201906 0.0000000 0.97453481 0.94651806
1524248877 0.0000000 0.92778140 0.84058559
1524308214 0.0000000 0.99556005 0.99080563
1524503432 0.0000000 0.99843001 0.99669749
1524721460 0.0000000 0.99393934 0.98748565
1524721601 0.0000000 0.98731029 0.97344464
1524808553 0.0000000 0.99184281 0.98298264
1525218424 0.0000000 0.99979061 0.99947560
1526098666 0.0000000 0.99752325 0.99492049
1527728598 0.0000000 0.99852902 0.99699241
1527904870 0.0000000 0.99936360 0.99869412
1528731725 0.0000000 0.99665087 0.99319261
1528750347 0.0000000 0.99827892 0.99649906
1528856173 0.0000000 0.97183257 0.94018149
1529096035 0.0000000 0.99858201 0.99715531
1529334375 0.0000000 0.94894493 0.89190453
1529522338 0.0000000 0.99410355 0.98789030
1530516370 0.0000000 0.99970365 0.99938750
1530516385 0.0000000 0.99970090 0.99938095
1530609654 0.0000000 0.99864078 0.99727559
1531312909 0.0000000 0.99893385 0.99783593
1531507119 0.0000000 0.99904072 0.99804795
1532050755 0.0000000 0.99970275 0.99940425
1533217098 0.0000000 0.99962193 0.99923521
1533504622 0.0000000 0.94457531 0.88285345
1533801692 0.0000000 0.99856204 0.99711871
1534500582 0.0000000 0.99956435 0.99912304
1534551317 0.0000000 0.99981707 0.99962521
1535572403 0.0000000 0.98031104 0.95945787
1535660064 0.0000000 0.96869695 0.93354350
1536498994 0.0000000 0.99385911 0.98754519
1536641006 0.0000000 0.99616408 0.99226773
1536700815 0.0000000 0.97912729 0.95704132
1538633849 0.0000000 0.99187160 0.98344386
1538766649 0.0000000 0.98361552 0.96605825
1539072778 0.0000000 0.98246723 0.96379042
1539164591 0.0000000 0.99498957 0.98990899
1540269298 0.0000000 0.99987835 0.99974716
1540310644 0.0000000 0.99985456 0.99965739
1541624711 0.0000000 0.99718702 0.99426240
1541712486 0.0000000 0.96782726 0.93197918
1542328459 0.0000000 0.98404872 0.96711749
1542608341 0.0000000 0.99812144 0.99617535
1542638415 0.0000000 0.98809445 0.97570014
1542645094 0.0000000 0.98857558 0.97640210
1543190243 0.0000000 0.99997926 0.99992055
1543191316 0.0000000 0.99990898 0.99970412
1543236658 0.0000000 0.99993342 0.99979919
1543238642 0.0000000 0.99986041 0.99963319
1543314575 0.0000000 0.99994016 0.99982363
1544368541 0.0000000 0.99951661 0.99899054
1544439487 0.0000000 0.99318260 0.98606718
1544621063 0.0000000 0.99958044 0.99905396
1544908865 0.0000000 0.99987358 0.99969041
1545710204 0.0000000 0.99318528 0.98602289
1546538568 0.0000000 0.99913406 0.99812394
1546949806 0.0000000 0.99976122 0.99942726
1548127166 0.0000000 0.99850315 0.99678481
1548825695 0.0000000 0.99982458 0.99950606
1548861293 0.0000000 0.99848723 0.99665731
1549366351 0.0000000 0.97395378 0.94410348
1549558324 0.0000000 0.99970496 0.99924999
1550239687 0.0000000 0.99934489 0.99853396
1551558867 0.0000000 0.97990853 0.95756209
1552012334 0.0000000 0.99954885 0.99899918
1552127531 -59.200001 6.77267164E-02 -142.84109
1552421955 0.0000000 0.96889889 0.93260920
1552451554 0.0000000 0.99959326 0.99902797
1552511242 0.0000000 0.99114847 0.98141754
1552697151 0.0000000 0.99450696 0.98857939
1552968094 0.0000000 0.99614084 0.99204832
1553256348 0.0000000 0.98884100 0.97672540
1553414210 0.0000000 0.97176874 0.93982726
1554087275 0.0000000 0.99368495 0.98693544
1554172029 0.0000000 0.94603258 0.88093752
1554256375 0.0000000 0.99991286 0.99969709
1554343015 0.0000000 0.99980658 0.99943578
1554382610 0.0000000 0.99508220 0.98970741
1554499495 0.0000000 0.99390757 0.98724902
1554706689 0.0000000 0.99492097 0.98951572
1554822801 0.0000000 0.99964654 0.99917859
1554841453 0.0000000 0.99887532 0.99766302
1554850672 0.0000000 0.99848127 0.99688506
1555563667 0.0000000 0.99990153 0.99972332
1556793883 0.0000000 0.99528843 0.99014843
1556970683 0.0000000 0.98359782 0.96574199
1557330527 0.0000000 0.99306244 0.98562026
1557737721 0.0000000 0.99821806 0.99637777
1558197514 0.0000000 0.99506807 0.98986351
1558379328 0.0000000 0.92624533 0.82621413
1558489044 0.0000000 0.99863744 0.99715579
1558591969 0.0000000 0.99923599 0.99837291
1559317998 0.0000000 0.99802572 0.99589604
1559641578 0.0000000 0.99991918 0.99982113
1559762840 0.0000000 0.99640727 0.99269944
1560870606 0.0000000 0.93227816 0.85110664
1561237205 0.0000000 0.98815238 0.97565633
1561242160 0.0000000 0.98892570 0.97735476
1561825206 0.0000000 0.97944069 0.95677817
1561837452 0.0000000 0.99960732 0.99919814
1562610935 0.0000000 0.99698073 0.99388319
1562880116 0.0000000 0.99900973 0.99798441
1563275550 0.0000000 0.96408099 0.92271489
1563531230 0.0000000 0.99296921 0.98578775
1563768365 0.0000000 0.99175406 0.98307592
1563850922 0.0000000 0.89825231 0.76799130
1564123196 0.0000000 0.99203956 0.98401457
1564190683 0.0000000 0.99965984 0.99931997
1564649429 0.0000000 0.99995780 0.99991125
1564753988 0.0000000 0.99911940 0.99822962
1564784683 0.0000000 0.99973571 0.99946237
1565054388 0.0000000 0.99982774 0.99964648
1565055090 0.0000000 0.99897939 0.99794775
1565213283 0.0000000 0.99982768 0.99965388
1565218942 0.0000000 0.99035949 0.98048967
1565905300 0.0000000 0.99932420 0.99863678
1566053525 0.0000000 0.99757338 0.99513006
1566053530 0.0000000 0.99757010 0.99512303
1566074882 0.0000000 0.99997103 0.99993640
1566101114 0.0000000 0.99955976 0.99911946
1566598377 0.0000000 0.92280221 0.82515705
1566648618 0.0000000 0.95142645 0.89433461
1567237819 0.0000000 0.99717259 0.99431527
1567471650 0.0000000 0.99879956 0.99757522
1567604000 0.0000000 0.98319846 0.96574795
1567917359 0.0000000 0.97366297 0.94551271
1568005668 0.0000000 0.99931318 0.99862105
1568095682 0.0000000 0.99684000 0.99362594
1569863578 0.0000000 0.99553549 0.99098814
1570468626 0.0000000 0.99513733 0.99015063
1571312673 0.0000000 0.99970198 0.99940687
1571861758 0.0000000 0.88236171 0.72063959
1572218883 0.0000000 0.97981298 0.95827931
1573491297 0.0000000 0.99479735 0.98943567
1573495893 0.0000000 0.93405104 0.85777891
1574645562 0.0000000 0.99765193 0.99522561
1575564604 0.0000000 0.93478757 0.85516334
1575660753 0.0000000 0.98832083 0.97551972
1576495557 0.0000000 0.99875140 0.99743038
1577769501 0.0000000 0.98241764 0.96301669
1577819410 0.0000000 0.99929380 0.99845898
1578293635 0.0000000 0.99974114 0.99939418
1578510402 0.0000000 0.99138516 0.98210305
1579404154 0.0000000 0.98390108 0.96623027
1579703564 0.0000000 0.98806751 0.97537947
1580749376 0.0000000 0.99947143 0.99882323
1581076659 0.0000000 0.98526168 0.96936476
1581616159 -0.85000002 0.18787757 -101.38403
1581629921 -0.80000001 0.13920034 -32.737106
1581764406 -1.3000001 0.16194357 -836.23706
1581764700 -5.00000007E-02 0.23206520 -469.65213
1581794413 0.0000000 0.19061455 -339.71094
1582090065 20.600000 7.03646615E-02 -116.84128
1582113307 -61.650002 6.67023733E-02 -41.256199
1582546233 -0.75000000 9.73090380E-02 -28.050301
1582592414 -5.00000007E-02 6.89346269E-02 -14.919647
1582629242 -0.85000002 0.21729913 -561.26349
1582695255 -5.00000007E-02 0.13460571 -103.02766
1584677477 0.0000000 0.98542905 0.96953106
1585787701 0.0000000 0.92871332 0.83826911
1586304460 0.0000000 0.97796142 0.95453840
1586389759 0.0000000 0.99647027 0.99286729
1586537097 0.0000000 0.99938446 0.99860877
1587481331 0.0000000 0.98797905 0.97550297
1588476280 0.0000000 0.99936974 0.99872929
1589003116 0.0000000 0.99014390 0.97999722
1589548020 0.0000000 0.68911767 -8.37285519E-02
1589756010 0.0000000 0.98523617 0.97000426
1589910785 0.0000000 0.96217382 0.91992998
1590311534 0.0000000 0.79106230 0.38304949
1590359490 0.0000000 0.99863827 0.99723881
1590694463 0.0000000 0.99855095 0.99709481
1590843750 0.0000000 0.99740177 0.99478650
1591494563 0.0000000 0.99701750 0.99401039
1591839506 0.0000000 0.99720520 0.99441451
1591921295 0.0000000 0.99631953 0.99257660
1592079539 0.0000000 0.99925953 0.99846798
1592349420 0.0000000 0.99302709 0.98607731
1593214064 0.0000000 0.99813622 0.99625504
1593241888 0.0000000 0.98913521 0.97805804
1593407313 0.0000000 0.99623185 0.99245483
1593435168 0.0000000 0.99673241 0.99347091
1593519432 0.0000000 0.98670173 0.97308892
1594227272 0.0000000 0.99232548 0.98457253
1594265063 0.0000000 0.99711597 0.99422902
1594267923 0.0000000 0.99225205 0.98445874
1594526768 0.0000000 0.96677023 0.92882478
1594546164 0.0000000 0.97654337 0.95209581
1595767949 0.0000000 0.99937218 0.99874544
1597107665 0.0000000 0.99081862 0.98165333
1597123796 0.0000000 0.97963989 0.95846277
1597187246 0.0000000 0.98361963 0.96703362
1597774608 0.0000000 0.99516857 0.99029350
1597797181 0.0000000 0.99820584 0.99637127
1597806811 0.0000000 0.99848258 0.99685961
1598480108 0.0000000 0.99549007 0.99098122
1598847265 0.0000000 0.81744069 0.51443553
1599036279 0.0000000 0.98729295 0.97427708
1600306672 0.0000000 0.99827129 0.99653834
1600646088 0.0000000 0.98774076 0.97524023
1600833602 0.0000000 0.99739063 0.99478447
1601017581 0.0000000 0.96896893 0.93640244
1601326254 0.0000000 0.99877292 0.99751282
1601342057 0.0000000 0.99786180 0.99571490
1601440640 0.0000000 0.99903971 0.99807024
1601863505 0.0000000 0.99111557 0.98208696
1602517184 0.0000000 0.99282432 0.98567307
1602946993 0.0000000 0.99900293 0.99798661
1602947159 0.0000000 0.99882764 0.99759895
1603087586 0.0000000 0.86716491 0.67385137
1603396062 0.0000000 0.90971780 0.78550589
1603674483 0.0000000 0.98377961 0.96713173
1604358861 0.0000000 0.99094027 0.98167235
1604426346 0.0000000 0.99574059 0.99142748
1604601372 0.0000000 0.99915606 0.99830967
1604626818 0.0000000 0.99876857 0.99753392
1605130406 0.0000000 0.99350804 0.98690796
1605130534 0.0000000 0.98668450 0.97276372
1605266102 0.0000000 0.98486006 0.96861923
1605511152 0.0000000 0.99853325 0.99705976
1605551866 0.0000000 0.97372693 0.94563663
1605557664 0.0000000 0.98719031 0.97393131
1605621503 0.0000000 0.95849204 0.90959793
1605662576 0.0000000 0.95903653 0.91305602
1606582085 0.0000000 0.85274893 0.63219512
1606657334 0.0000000 0.99802428 0.99604225
1607578178 0.0000000 0.99813277 0.99627167
1607606398 0.0000000 0.99922514 0.99841011
1607606851 0.0000000 0.99727625 0.99441439
1607624108 0.0000000 0.99850613 0.99700356
1608317519 0.0000000 0.99374694 0.98700422
1608385359 0.0000000 0.93848109 0.86531401
1609436522 0.0000000 0.97369587 0.94568878
1609594007 0.0000000 0.99631649 0.99234295
1610162996 0.0000000 0.90621328 0.78915536
1610192153 0.0000000 0.99901259 0.99798685
1610249009 0.0000000 0.99790835 0.99565476
1610838659 0.0000000 0.99869150 0.99737793
1611559538 0.0000000 0.99860162 0.99714321
1611565557 0.0000000 0.99429017 0.98843086
1611574763 0.0000000 0.98357028 0.96601349
1611584686 0.0000000 0.98047262 0.95856822
1611818971 0.0000000 0.99739796 0.99480653
