990630314 0.0000000 0.99360996 0.98721218
991455252 0.0000000 0.91866529 0.81807870
991634551 0.0000000 0.98513961 0.96965683
991995645 0.0000000 0.66796231 -0.24405718
992208377 0.0000000 0.98007613 0.95900685
992209870 0.0000000 0.98822695 0.97606570
992438274 0.0000000 0.99995023 0.99987489
992486125 0.0000000 0.99995643 0.99988604
992592933 0.0000000 0.97710562 0.95265847
992927775 0.0000000 0.99972486 0.99941814
992929419 0.0000000 0.99978298 0.99954349
993581187 0.0000000 0.99458343 0.98915321
993854508 0.0000000 0.99680418 0.99361902
993874057 0.0000000 0.99903202 0.99805999
994007634 0.0000000 0.98853695 0.97695768
994692047 0.0000000 0.99944782 0.99886644
995024004 0.0000000 0.99337387 0.98658991
995162867 0.0000000 0.99823505 0.99644572
995890516 0.0000000 0.98855805 0.97702885
996113981 0.0000000 0.98894233 0.97776109
997156421 0.0000000 0.94993764 0.89378190
998326679 0.0000000 0.99814719 0.99629956
999257596 0.0000000 0.97969049 0.95878166
1000062111 0.0000000 0.96536481 0.92801446
1000197538 0.0000000 0.99812090 0.99624151
1004092959 -93.550003 1.86530985E-02 0.0000000
1004454253 -122.35000 1.34142730E-02 0.0000000
1004863535 -80.849998 2.08800826E-02 0.0000000
1005352632 -95.849998 1.75780337E-02 0.0000000
1006580783 188.80000 3.85584049E-02 0.0000000
1007019252 -300.05002 NaN 0.0000000
1076851926 0.0000000 0.99987328 0.99969488
1076884025 0.0000000 0.99851263 0.99700463
1077531525 0.0000000 0.99717200 0.99434149
1077584107 0.0000000 0.99743176 0.99486482
1078321829 0.0000000 0.99672997 0.99346513
1079154231 0.0000000 0.99738812 0.99478149
1080241624 0.0000000 0.99813473 0.99624103
1081488818 0.0000000 0.98655045 0.97280705
1082397083 0.0000000 0.99257767 0.98517579
1082563195 0.0000000 0.99081922 0.98166567
1082729069 0.0000000 0.99672544 0.99345469
1082820030 0.0000000 0.99893129 0.99784213
1083398171 0.0000000 0.99977970 0.99954557
1083961065 0.0000000 0.99870354 0.99740463
1084003366 0.0000000 0.99950618 0.99900776
1084082541 0.0000000 0.99842173 0.99681479
1084133207 0.0000000 0.99951887 0.99899399
1084597670 0.0000000 0.99678379 0.99353367
1084687448 0.0000000 0.99985117 0.99960244
1084950252 0.0000000 0.99996251 0.99983090
1085103239 0.0000000 0.38149387 -4.6238909
1085390106 0.0000000 0.98568892 0.97115642
1086195389 0.0000000 0.99940979 0.99873298
1086315872 0.0000000 0.99670357 0.99342161
1086883086 0.0000000 0.99739707 0.99480212
1087613581 0.0000000 0.99033296 0.98061180
1089099122 0.0000000 0.99935168 0.99865937
1089113880 0.0000000 0.98117965 0.96238899
1089371968 0.0000000 0.98953569 0.97913456
1090478200 0.0000000 0.99066097 0.98133373
1091970746 0.0000000 0.99668616 0.99338073
1092861100 0.0000000 0.98698467 0.97385013
1093118276 0.0000000 0.92886358 0.83635402
1093908136 0.0000000 0.99316502 0.98628962
1095475955 0.0000000 0.99276930 0.98558062
1097813330 0.0000000 0.99998093 0.99972171
1098848984 0.0000000 0.98367810 0.96739185
1099928102 0.0000000 0.98997980 0.98004687
1099929295 0.0000000 0.99998152 0.99973333
1099929521 0.0000000 0.99988121 0.99955094
1099931589 0.0000000 0.98414040 0.96826339
1099942690 0.0000000 0.99941081 0.99870330
1100098082 0.0000000 0.99951833 0.99883074
1100139404 0.0000000 0.99995184 0.99967456
1100237223 0.0000000 0.97815567 0.95567369
1100955874 0.0000000 0.94115043 0.87690496
1103674687 0.0000000 0.99487656 0.98965502
1105287429 0.0000000 0.92694652 0.83954060
1105405102 0.0000000 0.99942935 0.99857479
1105536640 0.0000000 0.99350625 0.98703605
1105765351 0.0000000 0.98754966 0.97508293
1106056455 0.0000000 0.89243877 0.74494135
1106207236 0.0000000 0.99988717 0.99952346
1106226863 0.0000000 0.98579699 0.97167766
1106317701 0.0000000 0.99990016 0.99960697
1106377004 0.0000000 0.99546111 0.99092394
1106829094 0.0000000 0.99803913 0.99592370
1107166208 0.0000000 0.99328744 0.98662144
1107223187 0.0000000 0.99957108 0.99895853
1107233798 0.0000000 0.99722660 0.99431890
1107286746 0.0000000 0.93588585 0.86410707
1107388387 0.0000000 0.98942900 0.97895199
1107601144 0.0000000 0.99950510 0.99882472
1107601252 0.0000000 0.99951160 0.99883586
1108162580 0.0000000 0.99403632 0.98811048
1108757898 0.0000000 0.99995989 0.99970925
1108761568 0.0000000 0.99232304 0.98470044
1110049611 0.0000000 0.99997687 0.99980235
1110049680 0.0000000 0.99997634 0.99979538
1110050185 0.0000000 0.99876803 0.99743152
1110050874 0.0000000 0.99633795 0.99263161
1110568232 0.0000000 0.98411256 0.96818399
1111274786 0.0000000 0.99814844 0.99621385
1113182839 0.0000000 0.99041724 0.98091406
1113208093 0.0000000 0.99150234 0.98306602
1113260515 0.0000000 0.99901819 0.99785262
1113331351 0.0000000 0.98362589 0.96733063
1114345058 0.0000000 0.99363524 0.98728395
1114872497 0.0000000 0.99992579 0.99964815
1114872533 0.0000000 0.99992710 0.99964875
1114872543 0.0000000 0.99992722 0.99964911
1114981677 0.0000000 0.99178904 0.98364502
1115167250 0.0000000 0.99848443 0.99677372
1115753263 0.0000000 0.99430889 0.98863381
1115910658 0.0000000 0.97138095 0.94199204
1115942660 0.0000000 0.99601430 0.99197876
1116353193 0.0000000 0.97737700 0.95463157
1117405041 0.0000000 0.99910402 0.99796689
1117642805 0.0000000 0.99994606 0.99966055
1118162704 0.0000000 0.99966305 0.99907911
1118367166 0.0000000 0.99942499 0.99868989
1118396676 0.0000000 0.99848628 0.99679178
1118501300 0.0000000 0.98544419 0.97088009
1121472051 0.0000000 0.99675637 0.99343318
1121864763 0.0000000 0.99953008 0.99887902
1122385024 0.0000000 0.99936008 0.99843103
1122618639 0.0000000 0.98874277 0.97758293
1122777951 0.0000000 0.99421853 0.98842674
1123439949 0.0000000 0.97827893 0.95668614
1125373372 0.0000000 0.98627776 0.97266901
1125685516 0.0000000 0.98926783 0.97864354
1125969360 0.0000000 0.99995339 0.99966371
1127055473 0.0000000 0.96791238 0.93416840
1127456637 0.0000000 0.99558908 0.99114925
1127471662 0.0000000 0.99159497 0.98323447
1127494190 0.0000000 0.99779731 0.99541306
1127760620 0.0000000 0.99978030 0.99930006
1128153007 0.0000000 0.97453487 0.94843531
1128174696 0.0000000 0.99878639 0.99731934
1128475640 0.0000000 0.98678243 0.97364408
1128528995 0.0000000 0.99457830 0.98913491
1128891916 0.0000000 0.94220853 0.88195539
1128923244 0.0000000 0.99213529 0.98431301
1131428965 0.0000000 0.99503273 0.99006343
1131431840 0.0000000 0.91355133 0.80942279
1132062095 0.0000000 0.99350804 0.98704565
1132132485 0.0000000 0.99946094 0.99859375
1132148341 0.0000000 0.99748623 0.99479485
1132166999 0.0000000 0.98620659 0.97259790
1132661855 0.0000000 0.99319553 0.98643756
1132975230 0.0000000 0.99915451 0.99803144
1133111580 0.0000000 0.95297277 0.90152013
1133304109 0.0000000 0.99966455 0.99910331
1133601723 0.0000000 0.96472532 0.92734176
1133908462 0.0000000 0.98138583 0.96260279
1134710133 0.0000000 0.99521339 0.99044204
1135808248 0.0000000 0.99656737 0.99311090
1135976852 0.0000000 0.99756879 0.99500906
1136739698 0.0000000 0.99927300 0.99834591
1137913657 0.0000000 0.99783194 0.99552852
1137989937 0.0000000 0.99779457 0.99548393
1137990003 0.0000000 0.99768376 0.99526048
1138288259 0.0000000 0.98507875 0.97019953
1139284609 0.0000000 0.86312336 0.66057944
1139326915 0.0000000 0.97500199 0.94983763
1140725945 0.0000000 0.99935919 0.99848604
1140746150 0.0000000 0.99846005 0.99683112
1141877248 0.0000000 0.99994624 0.99965274
1142029462 0.0000000 0.98240542 0.96449161
1142229311 0.0000000 0.98827732 0.97633666
1142709582 0.0000000 0.97060764 0.94066107
1143536168 0.0000000 0.99400324 0.98800308
1143616861 0.0000000 0.98535800 0.97083497
1143885739 0.0000000 0.99997121 0.99973583
1143885924 0.0000000 0.99987185 0.99956542
1143888020 0.0000000 0.99753815 0.99494702
1144129163 0.0000000 0.98685884 0.97387195
1144133312 0.0000000 0.99077672 0.98161972
1144179006 0.0000000 0.96256042 0.92282772
1144806135 0.0000000 0.96756333 0.93441862
1145140855 0.0000000 0.99986249 0.99948883
1145323561 0.0000000 0.99951744 0.99872273
1146215126 0.0000000 0.99985057 0.99947470
1146944291 0.0000000 0.82414633 0.51890182
1146966782 0.0000000 0.99777007 0.99537128
1147258751 0.0000000 0.99774915 0.99537897
1149411961 0.0000000 0.99874848 0.99721605
1149467938 0.0000000 0.98633319 0.97281319
1149638545 0.0000000 0.95833820 0.91510069
1149771133 0.0000000 0.97288573 0.94591779
1150128882 0.0000000 0.99618310 0.99222273
1151387381 0.0000000 0.97404492 0.94816822
1154072410 0.0000000 0.99996924 0.99950224
1154182305 0.0000000 0.99277818 0.98556334
1155212722 0.0000000 0.99188113 0.98381907
1155340266 0.0000000 0.99979699 0.99908251
1155354114 0.0000000 0.96478951 0.92835039
1155443514 0.0000000 0.99551910 0.99093527
1156044082 0.0000000 0.99238831 0.98470503
1156698676 0.0000000 0.99919802 0.99788922
1158266854 0.0000000 0.95981389 0.91804606
1159598968 0.0000000 0.98356050 0.96735209
1159684577 0.0000000 0.99867642 0.99698722
1160388105 0.0000000 0.99995112 0.99932247
1160392104 0.0000000 0.99984604 0.99911714
1160549032 0.0000000 0.99939495 0.99829614
1160664389 0.0000000 0.99993759 0.99939781
1163299258 0.0000000 0.99095255 0.98191583
1163456967 0.0000000 0.99612826 0.99208122
1163641819 0.0000000 0.99447656 0.98878682
1164570370 0.0000000 0.95700425 0.91131699
1165358160 0.0000000 0.99605060 0.99199444
1165368969 0.0000000 0.98608625 0.97236401
1166094636 0.0000000 0.99696350 0.99367309
1166561075 0.0000000 0.99045563 0.98100108
1166894907 0.0000000 0.99904853 0.99768996
1167121204 0.0000000 0.99056774 0.98121047
1167135981 0.0000000 0.99997860 0.99942982
1167136317 0.0000000 0.99997944 0.99946314
1167136455 0.0000000 0.99997830 0.99946374
1167136825 0.0000000 0.99977809 0.99912119
1167144800 0.0000000 0.99080324 0.98161829
1167147704 0.0000000 0.99976677 0.99896604
1167154513 0.0000000 0.99786443 0.99532872
1167186639 0.0000000 0.99991751 0.99925780
1167298740 0.0000000 0.92977411 0.84576845
1167318376 0.0000000 0.90322870 0.78100377
1167324678 0.0000000 0.98352897 0.96729451
1167592780 0.0000000 0.95680559 0.91163111
1167604646 0.0000000 0.96353722 0.92412400
1168792515 0.0000000 0.96689492 0.93280542
1168917035 0.0000000 0.99965316 0.99887466
1169006425 0.0000000 0.99185926 0.98369354
1169712716 0.0000000 0.94148958 0.87920409
1169722755 0.0000000 0.99997371 0.99946749
1170262059 0.0000000 0.99037719 0.98082173
1170524118 0.0000000 0.96066600 0.92020398
1171366614 0.0000000 0.97363240 0.94707942
1171423577 0.0000000 0.98485434 0.96983755
1171423831 0.0000000 0.99376559 0.98755425
1171832699 0.0000000 0.99927992 0.99804491
1172178017 0.0000000 0.89307690 0.75285280
1173308237 0.0000000 0.99739116 0.99443573
1173368256 0.0000000 0.99428642 0.98856080
1174197233 0.0000000 0.95334476 0.90483743
1175309106 0.0000000 0.94313693 0.87835026
1175583473 0.0000000 0.98727512 0.97471070
1176242685 0.0000000 0.91641515 0.81881088
1177115546 0.0000000 0.99752331 0.99477458
1177175308 0.0000000 0.99151129 0.98306853
1178992210 0.0000000 0.98418987 0.96841431
1180238725 0.0000000 0.91278183 0.80785722
1180618796 0.0000000 0.94937426 0.89372110
1181939353 0.0000000 0.99543136 0.99054444
1182196765 0.0000000 0.87790835 0.72189271
1182265663 0.0000000 0.95005494 0.89581960
1182396227 0.0000000 0.99129128 0.98262125
1182398897 0.0000000 0.99925798 0.99794316
1184629372 0.0000000 0.98450440 0.74031776
1185198002 0.0000000 0.99944091 0.74713868
1185799546 0.0000000 0.49770856 -1.41003132E-02
1185861072 0.0000000 0.59816676 0.30204695
1186620947 0.0000000 0.99776393 0.74446446
1186786330 0.0000000 0.88562328 0.67048132
1188350129 0.0000000 0.96869403 0.72812498
1188356416 0.0000000 0.99407893 0.74471623
1188908193 0.0000000 0.98018450 0.73686999
1188950111 0.0000000 0.66455436 0.43578541
1189101086 0.0000000 0.99995047 0.74733597
1189101321 0.0000000 0.99591291 0.74443543
1189194674 0.0000000 0.71833950 0.51567727
1190442424 0.0000000 0.93575591 0.71242654
1191742755 0.0000000 0.81835175 0.62634254
1192071901 0.0000000 0.98539460 0.74106002
1192632000 0.0000000 0.99793965 0.74571663
1193967194 0.0000000 0.71394229 0.50917780
1194476053 0.0000000 0.93322593 0.70937252
1196283913 0.0000000 0.99296647 0.74524164
1196818902 0.0000000 0.99621803 0.74803913
1196950527 0.0000000 0.98005354 0.73633903
1197715613 0.0000000 0.69157422 0.47783595
1198522115 0.0000000 0.99640644 0.74593675
1200543890 0.0000000 0.62478083 0.36057776
1200856359 0.0000000 0.89138287 0.68138796
1201442068 0.0000000 0.77819312 0.58386219
1203280382 0.0000000 0.99958509 0.74908364
1203409866 0.0000000 0.69020712 0.47167802
1203790455 0.0000000 0.95671123 0.72539854
1204138448 0.0000000 0.93628603 0.70643854
1204304285 0.0000000 0.99212790 0.74548411
1204490434 0.0000000 0.50856507 -5.95381260E-02
1204651907 0.0000000 0.99927330 0.74917936
1204651936 0.0000000 0.99928987 0.74919796
1204670552 0.0000000 0.99254251 0.74619842
1207186072 0.0000000 0.74289834 0.54856396
1208187584 0.0000000 0.98725206 0.74541354
1208931881 0.0000000 0.98539782 0.73931092
1208975321 0.0000000 0.99963105 0.74814224
1208982088 0.0000000 0.93831152 0.71683979
1208988255 0.0000000 0.99280131 0.74642503
1208988552 0.0000000 0.97821027 0.73814392
1209105937 0.0000000 0.88850796 0.67996895
1209216223 0.0000000 0.73701048 0.53979552
1209291757 0.0000000 0.76077157 0.56611788
1209339084 0.0000000 0.97709221 0.73347127
1209362380 0.0000000 0.93906891 0.70808136
1209543825 0.0000000 0.44072866 -0.43580723
1209563099 0.0000000 0.71674049 0.51295644
1209583346 0.0000000 0.91504490 0.69722366
1209820628 0.0000000 0.82183158 0.63083136
1209877317 0.0000000 0.69251865 0.47782844
1210448520 0.0000000 0.99889404 0.74753821
1210560189 0.0000000 0.79860252 0.60640180
1210633064 0.0000000 0.97202295 0.73535514
1210703275 0.0000000 0.99081457 0.74184507
1212285435 0.0000000 0.99916404 0.74732196
1212339563 0.0000000 0.99714553 0.74601257
1213107823 0.0000000 0.52892584 0.12611926
1213158817 0.0000000 0.92800081 0.70948422
1213486164 0.0000000 0.98719549 0.73880184
1214086760 0.0000000 0.86284339 0.65855813
1214128508 0.0000000 0.86691171 0.66786718
1214211456 0.0000000 0.55767810 0.19292271
1214561217 0.0000000 0.67273784 0.44630879
1215221786 0.0000000 0.99963003 0.74602377
1215745668 0.0000000 0.97774845 0.73337156
1215812106 0.0000000 0.97732806 0.73768651
1215812707 0.0000000 0.86915982 0.66519946
1215839910 0.0000000 0.93323720 0.71373075
1215843106 0.0000000 0.96512109 0.72414649
1215961116 0.0000000 0.99522793 0.74784410
1216126809 0.0000000 0.71177673 0.50662327
1216904067 0.0000000 0.70183718 0.49137771
1217616949 0.0000000 0.99328160 0.74488288
1218233114 0.0000000 0.98434263 0.73623395
1218994676 0.0000000 0.90895510 0.69886625
1219291482 0.0000000 0.62800705 0.35762489
1219301591 0.0000000 0.95788676 0.72344363
1219723710 0.0000000 0.78553194 0.59258127
1219772880 0.0000000 0.93816805 0.71310353
1219869253 0.0000000 0.91563433 0.69844389
1220179542 0.0000000 0.86832279 0.66921908
1220742036 0.0000000 0.92622656 0.70994067
1220946193 0.0000000 0.99822432 0.74592447
1221047734 0.0000000 0.95852321 0.72863597
1222614737 0.0000000 0.89097661 0.68409884
1225404477 0.0000000 0.84389973 0.65158278
1225442295 0.0000000 0.99501860 0.74488217
1228187814 0.0000000 0.99973845 0.74796939
1228684717 0.0000000 0.99979353 0.74841583
1229260451 0.0000000 0.83450562 0.63566333
1229658996 0.0000000 0.56425214 0.22275412
1229990683 0.0000000 0.99951309 0.74794483
1230216280 0.0000000 0.85416126 0.65543258
1230600687 0.0000000 0.98312759 0.73852456
1230860391 0.0000000 0.99215615 0.74466711
1231020274 0.0000000 0.99823493 0.74688804
1231041233 0.0000000 0.95092255 0.72357237
1232714291 0.0000000 0.99143809 0.74416542
1232804891 0.0000000 0.98849565 0.74649966
1233928332 0.0000000 0.99618173 0.74838650
1234166319 0.0000000 0.67392009 0.44529825
1234201315 0.0000000 0.96077406 0.73382008
1234214675 0.0000000 0.99623376 0.74947655
1236731039 0.0000000 0.95705974 0.73839867
1236854628 0.0000000 0.96550119 0.73811448
1237014105 0.0000000 0.97564977 0.74658024
1237159221 0.0000000 0.96611834 0.73311162
1237164701 0.0000000 0.95931548 0.73817420
1237551366 0.0000000 0.95544237 0.73621535
1237619839 0.0000000 0.85680735 0.67624593
1239235949 0.0000000 0.98415458 0.75409019
1239971868 0.0000000 0.99978703 0.76086867
1240678955 0.0000000 0.93861359 0.72548091
1242397863 0.0000000 0.99436438 0.75716317
1242709695 0.0000000 0.97580117 0.74201131
1243376855 0.0000000 0.99903619 0.75772542
1244248765 0.0000000 0.93973893 0.72211784
1245087845 0.0000000 0.91527402 0.69451761
1245407408 0.0000000 0.98840874 0.74927425
1245469469 0.0000000 0.99797624 0.75569636
1245877793 0.0000000 0.99664873 0.75509560
1245881452 0.0000000 0.98171687 0.75072414
1246167876 0.0000000 0.64088351 0.39110941
1246181696 0.0000000 0.66759562 0.42278016
1246182765 0.0000000 0.97770995 0.74817681
1246208530 0.0000000 0.98772085 0.74973929
1246208539 0.0000000 0.98770350 0.74975973
1246598451 0.0000000 0.99072939 0.75480813
1246598488 0.0000000 0.99115890 0.75480086
1246614635 0.0000000 0.99029666 0.75079012
1246985947 0.0000000 0.99026465 0.74925315
1247508302 0.0000000 0.99995613 0.75625277
1247516932 0.0000000 0.99905074 0.75559521
1247654255 0.0000000 0.99705797 0.75374025
1247741293 0.0000000 0.99965101 0.75594711
1247769767 0.0000000 0.99789315 0.75387359
1248159491 0.0000000 0.99593014 0.75401849
1248570012 0.0000000 0.99960107 0.75473249
1248588659 0.0000000 0.99975061 0.75554937
1248872986 0.0000000 0.99342120 0.75155473
1248886386 0.0000000 0.99921769 0.75397003
1249212887 0.0000000 0.99877709 0.75456661
1250467545 0.0000000 0.99995905 0.75521445
1250503855 0.0000000 0.99975735 0.75577247
1250504106 0.0000000 0.99853414 0.75600541
1250601456 0.0000000 0.99677473 0.75441569
1250639275 0.0000000 0.99058676 0.75046104
1250703707 0.0000000 0.94536203 0.72231412
1250777890 0.0000000 0.99563229 0.75303525
1250888264 0.0000000 0.99888253 0.75409240
1250911490 0.0000000 0.79735792 0.60890007
1252249816 0.0000000 0.88570487 0.69691873
1252757125 0.0000000 0.99694729 0.75150990
1254591366 0.0000000 0.99994904 0.75538516
1254664936 0.0000000 0.99283075 0.75202584
1255243328 0.0000000 0.99596149 0.75302827
1256244384 0.0000000 0.99639291 0.75144190
1256252705 0.0000000 0.99247199 0.75405687
1256431794 0.0000000 0.88297421 0.67644858
1257413577 0.0000000 0.99995154 0.75646496
1257413887 0.0000000 0.99854970 0.75610709
1257420861 0.0000000 0.99994081 0.75626409
1257678569 0.0000000 0.99371094 0.75369412
1258065617 0.0000000 0.96452200 0.73828298
1258296469 0.0000000 0.94476813 0.72687125
1258824471 0.0000000 0.99409711 0.75450987
1258926370 0.0000000 0.98501128 0.75345945
1260564405 0.0000000 0.99340719 0.75521159
1260692005 0.0000000 0.99162650 0.75570804
1261227736 0.0000000 0.99996942 0.76069641
1261227864 0.0000000 0.99996364 0.76091224
1261228557 0.0000000 0.98741114 0.75553524
1261232031 0.0000000 0.99538666 0.75764275
1261235533 0.0000000 0.98507655 0.75088960
1261275144 0.0000000 0.98951387 0.75215578
1261713375 0.0000000 0.98088276 0.75248653
1261922241 0.0000000 0.97987574 0.75000852
1262034644 0.0000000 0.95386112 0.73616374
1262237921 0.0000000 0.99181813 0.75632066
1262343689 0.0000000 0.92902046 0.70831811
1262367286 0.0000000 0.99868125 0.76103461
1262622742 0.0000000 0.68880135 0.47132558
1262633257 0.0000000 0.99931538 0.76142794
1263881366 0.0000000 0.99986267 0.76169980
1265523000 0.0000000 0.99995780 0.76194280
1265599504 0.0000000 0.99496788 0.75706160
1265691729 0.0000000 0.99039948 0.75596035
1265942558 0.0000000 0.99986780 0.76168674
1266289887 0.0000000 0.97704017 0.74744046
1266816064 0.0000000 0.99881262 0.76316190
1267146477 0.0000000 0.99974620 0.76216024
1267162697 0.0000000 0.99287659 0.75853461
1267661932 0.0000000 0.99996942 0.76117873
1267662287 0.0000000 0.99956250 0.76167268
1267686434 0.0000000 0.98958695 0.75724077
1267690576 0.0000000 0.99987161 0.76221949
1268040382 0.0000000 0.99971223 0.76096010
1268902896 0.0000000 0.98620820 0.75410867
1268931240 0.0000000 0.96990585 0.74626863
1269644874 0.0000000 0.99853414 0.75826967
1270335780 0.0000000 0.90489215 0.69416219
1270813793 0.0000000 0.98186392 0.75061953
1270961850 0.0000000 0.99924928 0.76094866
1270999307 0.0000000 0.72182542 0.50418586
1271168968 0.0000000 0.99539024 0.75888574
1271191748 0.0000000 0.99870867 0.75989687
1271987388 0.0000000 0.98987746 0.75601840
1272194052 0.0000000 0.98295701 0.75023425
1272250791 0.0000000 0.99991804 0.76120991
1272823213 0.0000000 0.99770361 0.75894952
1274901407 0.0000000 0.97540647 0.74569958
1276535865 0.0000000 0.96372885 0.73846710
1276561877 0.0000000 0.99986410 0.75720322
1276823323 0.0000000 0.99659336 0.75726289
1277440084 0.0000000 0.93117607 0.71839571
1277575551 0.0000000 0.99576235 0.75396192
1277670806 0.0000000 0.99602580 0.75602704
1278097892 0.0000000 0.99788016 0.75527030
1278515743 0.0000000 0.88452315 0.69310760
1278618217 0.0000000 0.99957097 0.75704110
1278636079 0.0000000 0.99898088 0.75713944
1279357457 0.0000000 0.99953324 0.75569367
1279458204 0.0000000 0.99726462 0.75490731
1280029930 0.0000000 0.99827230 0.99381858
1280553485 0.0000000 0.95878428 0.91854185
1280563997 0.0000000 0.96429384 0.92977613
1280587745 0.0000000 0.99558365 0.98790663
1281476617 0.0000000 0.96330571 0.92795414
1282408680 0.0000000 0.99819720 0.99310380
1282415961 0.0000000 0.98530865 0.97010303
1282416480 0.0000000 0.99604559 0.99014294
1283157909 0.0000000 0.99810535 0.99453312
1283540817 0.0000000 0.97476667 0.95000559
1284039008 0.0000000 0.96663898 0.93426996
1284244867 0.0000000 0.99588454 0.98810691
1284952628 0.0000000 0.99734485 0.99165058
1285350982 0.0000000 0.95886284 0.91891629
1285695233 0.0000000 0.99786711 0.99431145
1285876560 0.0000000 0.99061257 0.97953403
1286047392 0.0000000 0.99629939 0.99081039
1286198915 0.0000000 0.99864239 0.99563050
1286865806 0.0000000 0.81432199 0.55298901
1287036373 0.0000000 0.95886195 0.91806757
1289221280 0.0000000 0.99901563 0.99703658
1289567329 0.0000000 0.99804360 0.99537396
1289576340 0.0000000 0.99826282 0.99446660
1290342705 0.0000000 0.99924022 0.99779695
1290784424 0.0000000 0.99688166 0.99356014
1290799240 0.0000000 0.98303902 0.96633762
1291601652 0.0000000 0.99875927 0.99681616
1291689974 0.0000000 0.99357176 0.98705041
1291927327 0.0000000 0.96667111 0.93308687
1292000461 0.0000000 0.89534366 0.76866937
1294804388 0.0000000 0.98054779 0.96060890
1296507195 0.0000000 0.99636418 0.99271220
1296548191 0.0000000 0.99951977 0.99903893
1297058102 0.0000000 0.99204087 0.98412269
1297342916 0.0000000 0.88824761 0.73972154
1297754297 0.0000000 0.99637944 0.99275535
1298970247 0.0000000 0.83813584 0.62083900
1299845150 0.0000000 0.89874071 0.76390558
1300123317 0.0000000 0.98303825 0.96629250
1300281136 0.0000000 0.99277592 0.98549229
1300608051 0.0000000 0.99941754 0.99867076
1301123952 0.0000000 0.95900714 0.91650975
1301458951 0.0000000 0.99504232 0.99009943
1301964194 0.0000000 0.95247966 0.89887023
1302916270 0.0000000 0.99811000 0.99620366
1302961193 0.0000000 0.95791417 0.91138995
1303685617 0.0000000 0.97488475 0.94987792
1304080155 0.0000000 0.94886631 0.89357567
1304082768 0.0000000 0.99839193 0.99646598
1304152538 0.0000000 0.99905515 0.99776965
1304437954 0.0000000 0.99895513 0.99756569
1304717510 0.0000000 0.99484521 0.98960453
1304757333 0.0000000 0.97476172 0.94913101
1306028051 0.0000000 0.99891663 0.99770898
1306098435 0.0000000 0.99752003 0.99456584
1306261925 0.0000000 0.98942220 0.97869104
1307034472 0.0000000 0.99631006 0.99226421
1307669122 0.0000000 0.99870086 0.99649882
1308478735 0.0000000 0.96457094 0.92950666
1309048281 0.0000000 0.99549073 0.16160464
1309094354 0.0000000 0.99859238 0.18094134
1309326569 0.0000000 0.97274292 -1.57129765E-03
1309474048 0.0000000 0.99233025 0.19847977
1309601047 0.0000000 0.97658640 2.76336074E-02
1309696244 0.0000000 0.99670941 0.19378620
1309953539 0.0000000 0.99848080 0.15541130
1310469430 0.0000000 0.99895030 0.18027014
1310541580 0.0000000 0.98911238 0.11840481
1310928323 0.0000000 0.99755096 0.14786303
1311000534 0.0000000 0.99816042 0.17298144
1311084070 0.0000000 0.99849409 0.15785688
1311142337 0.0000000 0.99788570 0.12998539
1311692424 0.0000000 0.99012941 0.14079362
1313100452 0.0000000 0.99829477 0.19867468
1314264913 0.0000000 0.99609369 0.16310096
1314789752 0.0000000 0.99549866 0.16624331
1315538819 0.0000000 0.99665427 0.14011467
1315635988 0.0000000 0.98463082 8.00907612E-02
1315804512 0.0000000 0.99710196 0.17011511
1316643513 0.0000000 0.99875075 0.15481728
1316653258 0.0000000 0.99816561 0.17099524
1317835272 0.0000000 0.93676227 -0.24531448
1318175665 0.0000000 0.99349082 0.13684464
1318478724 0.0000000 0.99034142 0.13724399
1319945023 0.0000000 0.99896705 0.13633424
1320074224 0.0000000 0.99382597 0.15802687
1320721143 0.0000000 0.99934453 0.11647671
1321061921 0.0000000 0.99675900 0.12175298
1322787324 0.0000000 0.99796343 0.12569726
1322993584 0.0000000 0.99733770 0.17879051
1323861170 0.0000000 0.99601579 0.16498834
1323909341 0.0000000 0.99675715 0.12294012
1324582798 0.0000000 0.99813539 8.82450342E-02
1325660397 0.0000000 0.99681669 6.75609708E-02
1326181267 0.0000000 0.97699136 -7.17025995E-02
1326728445 0.0000000 0.97157985 -0.15627444
1327107001 0.0000000 0.99749088 6.24797940E-02
1327480583 0.0000000 0.98990577 1.21994615E-02
1327824459 0.0000000 0.98967487 -4.01393175E-02
1328324062 0.0000000 0.99851149 2.86743641E-02
1328459111 0.0000000 0.99533617 3.51488590E-04
1330223700 0.0000000 0.99966341 3.67331505E-02
1330883534 0.0000000 0.98567981 -5.21192551E-02
1332071890 0.0000000 0.97907072 -6.63560629E-02
1332086295 0.0000000 0.98440522 -3.46065760E-02
1332373478 0.0000000 0.99814719 9.60094333E-02
1333258441 0.0000000 0.99212682 2.72260308E-02
1333828758 0.0000000 0.99639297 4.68276143E-02
1333921411 0.0000000 0.99953854 5.73211312E-02
1334227165 0.0000000 0.99868774 0.10589683
1334800688 0.0000000 0.99947637 7.88851380E-02
1335409258 0.0000000 0.96868175 -0.17203665
1335538115 0.0000000 0.99864048 0.15428996
1338362741 0.0000000 0.99419183 7.25775361E-02
1338842309 0.0000000 0.99618292 0.12987739
1338890190 0.0000000 0.99802089 0.11197400
1338944914 0.0000000 0.99944353 0.10575050
1338944979 0.0000000 0.99945301 0.10441750
1338945045 0.0000000 0.99942768 8.85327458E-02
1339216879 0.0000000 0.99847406 0.12143070
1339275618 0.0000000 0.99937826 0.12239295
1339278860 0.0000000 0.99496174 0.12657470
1339309409 0.0000000 0.99848467 0.13919795
1339646879 0.0000000 0.99197054 0.12599188
1339690513 0.0000000 0.99665266 8.60030055E-02
1339702255 0.0000000 0.97596228 -5.08487225E-03
1339923712 0.0000000 0.99871832 0.10325009
1341299876 0.0000000 0.96937299 3.27876210E-02
1341924177 0.0000000 0.94319499 2.61344910E-02
1342405200 0.0000000 0.85419768 -0.19770420
1344277570 0.0000000 0.93815970 1.84127688E-02
1344910008 0.0000000 0.99198627 0.14160949
1344941743 0.0000000 0.99749494 0.18643868
1345138860 0.0000000 0.98489249 0.16110045
1345234802 0.0000000 0.99758697 0.22099274
1346380382 0.0000000 0.88269424 -8.97147655E-02
1346415099 0.0000000 0.99831766 0.19868195
1346415834 0.0000000 0.99643201 0.19506937
1346788818 0.0000000 0.99613327 0.13019264
1346816730 0.0000000 0.98283809 0.14417893
1348523853 0.0000000 0.98771727 0.11670387
1350722979 0.0000000 0.99328440 0.17759019
1350800865 0.0000000 0.96266854 7.90917873E-02
1351161077 0.0000000 0.99761903 0.18823379
1352122829 0.0000000 0.99477303 0.17637104
1352554787 0.0000000 0.88014352 -0.14371192
1353431341 0.0000000 0.99846458 0.14601731
1353536726 0.0000000 0.99342507 0.13308322
1354158772 0.0000000 0.98957872 0.17213953
1354470336 0.0000000 0.99799275 0.12178773
1354477411 0.0000000 0.99578869 0.12329203
1354976814 0.0000000 0.99596167 6.87242746E-02
1355221924 0.0000000 0.99287337 0.11584997
1356243184 0.0000000 0.99074966 0.11962533
1356319072 0.0000000 0.98506528 0.17266357
1356487597 0.0000000 0.99668461 0.99332786
1356883405 0.0000000 0.99982804 0.99965274
1357128106 0.0000000 0.99847835 0.99692452
1357236484 0.0000000 0.99837130 0.99664640
1357270197 0.0000000 0.99780279 0.99557436
1357331931 0.0000000 0.98878467 0.97685921
1357541346 0.0000000 0.99955750 0.99909234
1357994057 0.0000000 0.99450368 0.98892802
1358411441 0.0000000 0.99863887 0.99725473
1358708986 0.0000000 0.99903226 0.99804002
1359776392 0.0000000 0.99987406 0.99973607
1361064727 0.0000000 0.99729794 0.99448597
1361239965 0.0000000 0.99858731 0.99716783
1361256759 0.0000000 0.99708211 0.99410468
1361373628 0.0000000 0.99393612 0.98762238
1361471757 0.0000000 0.99811107 0.99615765
1361665659 0.0000000 0.95775646 0.90931106
1362386544 0.0000000 0.99436700 0.98857051
1362609444 0.0000000 0.98874146 0.97715247
1362627405 0.0000000 0.99994916 0.99990404
1362643640 0.0000000 0.99665636 0.99327338
1363079024 0.0000000 0.99678153 0.99357194
1363764120 0.0000000 0.99062896 0.98093319
1364349799 0.0000000 0.99997073 0.99993807
1364349845 0.0000000 0.99997056 0.99993813
1364355002 0.0000000 0.99488658 0.98976582
1364690983 0.0000000 0.99312949 0.98615819
1365625224 0.0000000 0.99957478 0.99913895
1366061297 0.0000000 0.92251688 0.82664031
1366432589 0.0000000 0.98020583 0.95842761
1366513671 0.0000000 0.99186379 0.98351234
1369110346 0.0000000 0.99812168 0.99623317
1369124755 0.0000000 0.99976504 0.99953359
1369791239 0.0000000 0.99361342 0.98723674
1369883683 0.0000000 0.99509048 0.99019992
1370118743 0.0000000 0.99034888 0.98003101
1370151783 0.0000000 0.99997193 0.99984390
1370623082 0.0000000 0.99993896 0.99988073
1372241957 0.0000000 0.99116850 0.98209673
1372463510 0.0000000 0.99991500 0.99982756
1373829868 0.0000000 0.99296254 0.98589534
1373895699 0.0000000 0.99972993 0.99945331
1373969495 0.0000000 0.99989164 0.99978048
1374677225 0.0000000 0.99885064 0.99770004
1374679935 0.0000000 0.99955279 0.99909610
1376837821 0.0000000 0.99510545 0.99012017
1377205321 0.0000000 0.99988872 0.99976403
1377355603 0.0000000 0.99700028 0.99399924
1377407246 0.0000000 0.86430198 0.68999636
1378247005 0.0000000 0.99993938 0.99988019
1378467231 0.0000000 0.99991310 0.99981374
1379475197 0.0000000 0.97752094 0.95412445
1380542719 0.0000000 0.99815780 0.99630648
1381466759 0.0000000 0.96577644 0.92881435
1381684855 0.0000000 0.99050951 0.98077285
1382170436 0.0000000 0.98081940 0.96073693
1382919848 0.0000000 0.99985850 0.99971157
1383069011 0.0000000 0.99989659 0.99979663
1383085061 0.0000000 0.94323295 0.87345040
1383220929 0.0000000 0.99995434 0.99989694
1383227120 0.0000000 0.99757743 0.99514717
1383227831 0.0000000 0.99745750 0.99491191
1383234448 0.0000000 0.99947196 0.99894679
1383263545 0.0000000 0.99871850 0.99740303
1383450194 0.0000000 0.99548805 0.99096894
1383519374 0.0000000 0.99837381 0.99673122
1383809110 0.0000000 0.99640441 0.99278313
1383809501 0.0000000 0.99593019 0.99186027
1383989687 0.0000000 0.98694670 0.97314584
1384145710 0.0000000 0.99600917 0.99200201
1384544358 0.0000000 0.99948859 0.99892604
1385019362 0.0000000 0.97796798 0.95247877
1386347977 0.0000000 0.96897715 0.93264276
1386357780 0.0000000 0.99829650 0.99626118
1387916955 0.0000000 0.99755913 0.99471223
1389034180 0.0000000 0.99290085 0.98473787
1389204911 0.0000000 0.99972165 0.99898928
1389717867 0.0000000 0.99918610 0.99792171
1389724692 0.0000000 0.99945062 0.99848443
1389729005 0.0000000 0.99890286 0.99739361
1389740803 0.0000000 0.99381286 0.98622674
1389904819 0.0000000 0.98381239 0.96450543
1390517490 0.0000000 0.99617702 0.99172455
1390619771 0.0000000 0.99836248 0.99604684
1391790286 0.0000000 0.99131572 0.98137552
1393014317 0.0000000 0.99964488 0.99881792
1393065064 0.0000000 0.99107510 0.98083019
1393759985 0.0000000 0.98289114 0.96349365
1393791078 0.0000000 0.99985135 0.99925381
1394913876 0.0000000 0.99877119 0.99694377
1395061976 0.0000000 0.99977231 0.99909365
1395231566 0.0000000 0.99994123 0.99942160
1397097485 0.0000000 0.99889785 0.99741298
1397746253 0.0000000 0.99332815 0.98593402
1398443585 0.0000000 0.99758846 0.99478251
1399207416 0.0000000 0.99983513 0.99935514
1399278483 0.0000000 0.99124432 0.98181283
1399745740 0.0000000 0.99324322 0.98582125
1399746271 0.0000000 0.99887931 0.99746960
1400631673 0.0000000 0.99996436 0.99981546
1401021673 0.0000000 0.99923944 0.99842703
1401296286 0.0000000 0.98373395 0.96605384
1402085900 0.0000000 0.93824470 0.86027706
1402313583 0.0000000 0.97893804 0.95540375
1402624068 0.0000000 0.94296479 0.87109143
1402784563 0.0000000 0.99785662 0.99554300
1403034553 0.0000000 0.99518132 0.99026620
1403317269 0.0000000 0.99488008 0.98964816
1403439974 0.0000000 0.99828243 0.99651498
1404774365 0.0000000 0.99803364 0.99600989
1404925818 0.0000000 0.99498844 0.98975974
1405577514 0.0000000 0.99908799 0.99812204
1407296767 0.0000000 0.99798805 0.99596906
1407544588 0.0000000 0.95474833 0.90179807
1408047770 0.0000000 0.99456376 0.98892742
1410046387 0.0000000 0.99444318 0.98869264
1410325949 0.0000000 0.99422574 0.98828191
1410382444 0.0000000 0.98690695 0.97327155
1411247643 0.0000000 0.99939144 0.99875736
1411641303 0.0000000 0.99970067 0.99935418
1412009058 0.0000000 0.97705632 0.95187885
1412705290 0.0000000 0.99977732 0.99949509
1413207959 0.0000000 0.95358950 0.89855945
1414298821 0.0000000 0.99701065 0.99389654
1416419181 0.0000000 0.99972677 0.99922925
1416419227 0.0000000 0.99973249 0.99923754
1416540553 0.0000000 0.99944985 0.99877024
1417557685 0.0000000 0.87910187 0.69506961
1417655668 0.0000000 0.95333028 0.89567089
1418245419 0.0000000 0.99988210 0.99951613
1418533563 0.0000000 0.98981047 0.97866303
1419682925 0.0000000 0.98105276 0.95974439
1419947441 0.0000000 0.94686282 0.88351750
1419995164 0.0000000 0.99662733 0.99274445
1420012476 0.0000000 0.99967104 0.99896687
1420437226 0.0000000 0.99821824 0.99599582
1420606112 0.0000000 0.99989086 0.99937165
1420742654 0.0000000 0.96874022 0.93070787
1421435535 0.0000000 0.99863040 0.99684942
1421639313 0.0000000 0.99743015 0.99428231
1422083726 0.0000000 0.99941671 0.99839598
1422374758 0.0000000 0.98588479 0.96837223
1422958210 0.0000000 0.95693010 0.90200901
1423037687 0.0000000 0.98873138 0.97589195
1423603888 0.0000000 0.87568724 0.64858842
1423726535 0.0000000 0.99708915 0.99341232
1423857991 0.0000000 0.99997568 0.99949652
1424969403 0.0000000 0.99780846 0.99509656
1426114954 0.0000000 0.97048128 0.93436235
1426344314 0.0000000 0.99166036 0.98216319
1426852891 0.0000000 0.98488367 0.96697456
1427105631 0.0000000 0.99997932 0.99956053
1427483378 0.0000000 0.98900300 0.97626412
1428208678 0.0000000 0.96831614 0.93243039
1428320250 0.0000000 0.99765092 0.99480003
1428945237 0.0000000 0.99982202 0.99939960
1429127316 0.0000000 0.99669605 0.99292946
1429494176 0.0000000 0.99997640 0.99962288
1429494550 0.0000000 0.99955130 0.99874032
1429528847 0.0000000 0.99990523 0.99949628
1429530313 0.0000000 0.99948525 0.99867558
1429531199 0.0000000 0.99995029 0.99955213
1429992097 0.0000000 0.99991035 0.99949169
1430658547 0.0000000 0.99448395 0.98831069
1431333501 0.0000000 0.99994767 0.99959636
1431387795 0.0000000 0.99772370 0.99504632
1431628549 0.0000000 0.99966633 0.99910247
1432588969 0.0000000 0.99849707 0.99663752
1432601816 0.0000000 0.99836576 0.99646968
1432799863 0.0000000 0.99570882 0.99081111
1434467768 0.0000000 0.99684811 0.99333489
1434867330 0.0000000 0.99845928 0.99674636
1435335400 0.0000000 0.99278635 0.98516965
1438066750 0.0000000 0.99908006 0.99806815
1438936857 0.0000000 0.96091712 0.91571391
1439209234 0.0000000 0.94523352 0.88053441
1439418087 0.0000000 0.97261870 0.94160390
1439474882 0.0000000 0.99987113 0.99965370
1439699200 0.0000000 0.95226288 0.89695114
1441113885 0.0000000 0.99994141 0.99981201
1441128847 0.0000000 0.99886233 0.99757200
1441160293 0.0000000 0.99584961 0.99140316
1441898607 0.0000000 0.99831355 0.99650085
1442339782 0.0000000 0.99813813 0.99607956
1442345855 0.0000000 0.99994129 0.99978697
1442345878 0.0000000 0.99994075 0.99978685
1442408939 0.0000000 0.99993372 0.99975318
1442410226 0.0000000 0.99236429 0.98434216
1442413798 0.0000000 0.99630058 0.99234205
1443074281 0.0000000 0.99784327 0.99564505
1443555465 0.0000000 0.99843782 0.99682450
1444648487 0.0000000 0.98833120 0.97633171
1444736944 0.0000000 0.99977249 0.99951261
1444953165 0.0000000 0.99830890 0.99654198
1444953267 0.0000000 0.99773461 0.99538535
1445014914 0.0000000 0.98413056 0.96685433
1445221055 0.0000000 0.99986964 0.99964565
1445233331 0.0000000 0.99737525 0.99464625
1445239215 0.0000000 0.99720293 0.99424094
1446412182 0.0000000 0.99995309 0.99985284
1446412281 0.0000000 0.99995220 0.99984866
1446509184 0.0000000 0.99864382 0.99719721
1446509190 0.0000000 0.99864721 0.99720466
1446714386 0.0000000 0.99899340 0.99792391
1447167192 0.0000000 0.98221850 0.96189857
1447255999 0.0000000 0.99847108 0.99688065
1447277516 0.0000000 0.97184879 0.94011229
1448316095 0.0000000 0.94720268 0.88296968
1448671943 0.0000000 0.98905933 0.97732532
1449033717 0.0000000 0.99855298 0.99701190
1449035580 0.0000000 0.99537045 0.99034619
1449153073 0.0000000 0.99985856 0.99965447
1449935242 0.0000000 0.99697751 0.99370497
1450510821 0.0000000 0.96430457 0.92345440
1450536811 0.0000000 0.97712940 0.95145464
1450992022 0.0000000 0.99846512 0.99663359
1451199638 0.0000000 0.97724515 0.95105553
1451327726 0.0000000 0.99238867 0.98382401
1451523194 0.0000000 0.99413276 0.98767579
1451829690 0.0000000 0.99642879 0.99248868
1451928000 0.0000000 0.99323130 0.98603016
1452487977 0.0000000 0.99951714 0.99879152
1453169606 0.0000000 0.99993157 0.99964553
1453824336 0.0000000 0.96211386 0.91774428
1454422761 0.0000000 0.99974304 0.99917436
1454702246 0.0000000 0.99998760 0.99961704
1454702308 0.0000000 0.99998707 0.99962264
1454702406 0.0000000 0.99997801 0.99961656
1454702512 0.0000000 0.99995762 0.99957561
1454978820 0.0000000 0.74084842 0.15567982
1455590759 0.0000000 0.99760765 0.99476868
1455595494 0.0000000 0.99866712 0.99688584
1455757779 0.0000000 0.99977434 0.99924529
1455758311 0.0000000 0.99931443 0.99829364
1456215987 0.0000000 0.99645215 0.99221951
1456541993 0.0000000 0.99506092 0.98927748
1457201466 0.0000000 0.98909193 0.97676373
1457276938 0.0000000 0.98946202 0.97757941
1459152479 0.0000000 0.99616188 -0.13703692
1459502085 0.0000000 0.93692243 0.85045338
1459988008 0.0000000 0.95244366 0.89485568
1460294506 0.0000000 0.97686839 0.94996965
1460353509 0.0000000 0.99972445 0.99915016
1460804146 0.0000000 0.99908322 0.99767637
1461082597 0.0000000 0.99073559 0.98036110
1461607991 0.0000000 0.99805975 0.99573159
1461770234 0.0000000 0.99994773 0.99956691
1461770257 0.0000000 0.99994820 0.99956900
1461770858 0.0000000 0.99963778 0.99891740
1461781146 0.0000000 0.99989647 0.99950278
1461806086 0.0000000 0.99255621 0.98414302
1462056417 0.0000000 0.99769688 0.99500656
1462199340 0.0000000 0.99872029 0.99716067
1462521203 0.0000000 0.99890810 0.99763584
1462632669 0.0000000 0.99813193 0.99603337
1462675593 0.0000000 0.99974906 0.99937731
1463023035 0.0000000 0.99997270 0.99973071
1463023251 0.0000000 0.99914962 0.99803859
1463023282 0.0000000 0.99840087 0.99649376
1463027395 0.0000000 0.99994642 0.99965757
1463127852 0.0000000 0.99973500 0.99925101
1463195522 0.0000000 0.99755204 0.99469262
1463196768 0.0000000 0.99935937 0.99849653
1463530965 0.0000000 0.99954551 0.99894816
1463863900 0.0000000 0.99981272 0.99943781
1463882779 0.0000000 0.99877733 0.99727416
1464184475 0.0000000 0.96120715 0.91712749
1464544116 0.0000000 0.98807222 0.97478515
1464576767 0.0000000 0.99595565 0.99120736
1464630651 0.0000000 0.99233550 0.98362494
1464672226 0.0000000 0.99996811 0.99966568
1466204142 0.0000000 0.95051432 0.88925177
1466383187 0.0000000 0.99891138 0.99764603
1466409210 0.0000000 0.98866010 0.97615892
1466715930 0.0000000 0.99991441 0.99967146
1467361422 0.0000000 0.99666333 0.99309582
1469019333 0.0000000 0.98888975 0.97706491
1469592155 0.0000000 0.99861252 0.99707383
1471008941 0.0000000 0.96896970 0.93306965
1471908408 0.0000000 0.99294865 0.98548132
1472660934 0.0000000 0.99828583 0.99637514
1473440050 0.0000000 0.98516858 0.96845424
1475055492 0.0000000 0.99875730 0.99740237
1475769120 0.0000000 0.99996060 0.99983037
1477370752 0.0000000 0.99978626 0.99948066
1478519786 48.950001 5.51561229E-02 -40821912.
1478903131 0.0000000 0.99963242 0.99918938
1480024554 0.0000000 0.99984187 0.99960798
1480377579 0.0000000 0.98663855 0.97244543
1480507474 0.0000000 0.99926257 0.99833822
1481256588 0.0000000 0.99937963 0.99867302
1481811269 0.0000000 0.99976945 0.99942493
1483057851 0.0000000 0.99833387 0.99649268
1483513641 0.0000000 0.99747324 0.99478626
1484155863 0.0000000 0.99668550 0.99314004
1484797338 0.0000000 0.97659868 0.95073801
1484900187 0.0000000 0.98039794 0.95745069
1485329586 0.0000000 0.99723285 0.99421889
1486746772 0.0000000 0.99995625 0.99980700
1487420859 0.0000000 0.99230731 0.98399174
1487652197 0.0000000 0.94743782 0.88987815
1488212310 0.0000000 0.99770045 0.99511790
1488924651 0.0000000 0.99922442 0.99832839
1489967289 0.0000000 0.98567629 0.96993297
1490066029 0.0000000 0.94494200 0.87734783
1490805242 0.0000000 0.99249279 0.98456365
1492112471 0.0000000 0.99532366 0.99042284
1492367656 0.0000000 0.99816638 0.99620044
1493517442 0.0000000 0.99993682 0.99983901
1493960850 0.0000000 0.99521762 0.99013066
1493986611 0.0000000 0.95327032 0.90040487
1494889974 0.0000000 0.99996620 0.99989277
1494932580 0.0000000 0.98828650 0.97622442
1495631454 0.0000000 0.99990374 0.99979502
1495691291 0.0000000 0.99973053 0.99944103
1495956669 0.0000000 0.95191890 0.89405298
1495999757 0.0000000 0.99746150 0.99485922
1496582686 0.0000000 0.99740040 0.99475366
1497967350 0.0000000 0.94836265 0.88635504
1498029939 0.0000000 0.99890828 0.99779433
1500318986 0.0000000 0.99829733 0.99659175
1501139292 0.0000000 0.99902999 0.99805242
1501845585 0.0000000 0.99934423 0.99867654
1502294736 0.0000000 0.99757451 0.99512851
1502416734 0.0000000 0.99949497 0.99898255
1502582915 0.0000000 0.99799514 0.99598706
1504364658 0.0000000 0.98248994 0.96418750
1505096741 0.0000000 0.99111301 0.98211133
1505687994 0.0000000 0.99866700 0.99732918
1505917796 0.0000000 0.99995023 0.99989945
1506232185 0.0000000 0.99465442 0.98928601
1506549399 0.0000000 0.95380515 0.90359962
1507505391 0.0000000 0.99647981 0.99294811
1507747520 0.0000000 0.99348265 0.98690444
1508582157 0.0000000 0.97610360 0.95056194
1509318944 0.0000000 0.99943227 0.99885958
1509677295 0.0000000 0.99937952 0.99874282
1509677339 0.0000000 0.99938089 0.99874115
1509752088 0.0000000 0.99987102 0.99973845
1510398879 0.0000000 0.99927938 0.99855280
1510402973 0.0000000 0.99993420 0.99986517
1510440860 0.0000000 0.99124295 0.98217916
1510947032 0.0000000 0.99062854 0.98088849
1511360409 0.0000000 0.99995184 0.99988514
1511470532 0.0000000 0.99973530 0.99944925
1512230735 0.0000000 0.96306056 0.92055237
1512377977 0.0000000 0.99604142 0.99177110
1512704669 0.0000000 0.99661678 0.99309212
1513120660 0.0000000 0.99441952 0.98851770
1516168751 0.0000000 0.99785250 0.99555266
1516984288 0.0000000 0.99639153 0.99241978
1517686257 0.0000000 0.99869919 0.99719501
1517749972 0.0000000 0.99987584 0.99957329
1517752600 0.0000000 0.99996454 0.99978280
1517752662 0.0000000 0.99996388 0.99978328
1517753127 0.0000000 0.99680042 0.99324846
1517753452 0.0000000 0.99992502 0.99969041
1517753522 0.0000000 0.99992573 0.99969751
1517753592 0.0000000 0.99992383 0.99969560
1517753815 0.0000000 0.99943215 0.99872637
1517758427 0.0000000 0.99740797 0.99456120
1517763262 0.0000000 0.99483359 0.98918778
1517821602 0.0000000 0.99707079 0.99387664
1517823894 0.0000000 0.99437958 0.98833221
1517846321 0.0000000 0.99962074 0.99913716
1517852233 0.0000000 0.99399608 0.98730850
1517893754 0.0000000 0.99967438 0.99914855
1517906208 0.0000000 0.99764246 0.99496210
1517932241 0.0000000 0.99996257 0.99980587
1517932280 0.0000000 0.99996346 0.99980575
1517932282 0.0000000 0.99996364 0.99980575
1517932427 0.0000000 0.99994040 0.99974084
1517932434 0.0000000 0.99993527 0.99973649
1517932492 0.0000000 0.99990201 0.99964321
1517933877 0.0000000 0.99958980 0.99900550
1517940013 0.0000000 0.99985129 0.99954480
1517940459 0.0000000 0.99987769 0.99962252
1517944528 0.0000000 0.99993891 0.99967426
1517945796 0.0000000 0.99933290 0.99841708
1517950582 0.0000000 0.99926096 0.99825495
1517958702 0.0000000 0.99889976 0.99762356
1517960631 0.0000000 0.99958682 0.99899745
1517969882 0.0000000 0.99950308 0.99882406
1517974578 0.0000000 0.99976945 0.99935579
1517998787 0.0000000 0.99325776 0.98582846
1518001985 0.0000000 0.99971801 0.99923861
1518008800 0.0000000 0.99980444 0.99941212
1518008880 0.0000000 0.99978042 0.99937534
1518013159 0.0000000 0.99856997 0.99691761
1518016890 0.0000000 0.99996865 0.99975491
1518016916 0.0000000 0.99996787 0.99975497
1518051257 0.0000000 0.99964452 0.99909210
1518059164 0.0000000 0.99927884 0.99834126
1518142443 0.0000000 0.99828959 0.99626350
1518201789 0.0000000 0.99719304 0.99411821
1518248929 0.0000000 0.99720943 0.99423146
1518858396 0.0000000 0.99229944 0.98392099
1518981709 0.0000000 0.99899799 0.99781775
1519051621 0.0000000 0.99759179 0.99472249
1519254641 0.0000000 0.99989027 0.99961865
1519583320 0.0000000 0.99986178 0.99954414
1519962147 0.0000000 0.99634796 0.99234957
1520098551 0.0000000 0.99861681 0.99701011
1520329330 0.0000000 0.97391689 0.94312048
1521024527 0.0000000 0.99553210 0.99071252
1521537776 0.0000000 0.99996436 0.99981332
1521728871 0.0000000 0.98787105 0.97429258
1522232997 0.0000000 0.99722719 0.99422598
1522282670 0.0000000 0.99992537 0.99975026
1522598524 0.0000000 0.99838531 0.99657321
1523432369 0.0000000 0.98644602 0.97186613
1523886539 0.0000000 0.99894476 0.99780881
1524201906 0.0000000 0.97781843 0.95376480
1524248877 0.0000000 0.94589847 0.87988460
1524308214 0.0000000 0.99535608 0.99041498
1524503432 0.0000000 0.99882770 0.99754882
1524721460 0.0000000 0.99483490 0.98939490
1524721601 0.0000000 0.99055433 0.98050684
1524808553 0.0000000 0.99365801 0.98684978
1525218424 0.0000000 0.99989861 0.99972934
1526098666 0.0000000 0.99842501 0.99682075
1527728598 0.0000000 0.99846286 0.99685520
1527904870 0.0000000 0.99949867 0.99897313
1528731725 0.0000000 0.99796605 0.99586445
1528750347 0.0000000 0.99897581 0.99792230
1528856173 0.0000000 0.97138739 0.94015145
1529096035 0.0000000 0.99897677 0.99793583
1529334375 0.0000000 0.96896434 0.93547177
1529522338 0.0000000 0.99567384 0.99122500
1530516370 0.0000000 0.99982530 0.99964386
1530516385 0.0000000 0.99982858 0.99964809
1530609654 0.0000000 0.99869651 0.99736929
1531312909 0.0000000 0.99895519 0.99789625
1531507119 0.0000000 0.99938351 0.99875599
1532050755 0.0000000 0.99971366 0.99942505
1533217098 0.0000000 0.99974900 0.99949074
1533504622 0.0000000 0.96200556 0.91996133
1533801692 0.0000000 0.99765915 0.99531418
1534500582 0.0000000 0.99970752 0.99941689
1534551317 0.0000000 0.99991369 0.99982882
1535572403 0.0000000 0.98065501 0.96055734
1535660064 0.0000000 0.97702003 0.95213687
1536498994 0.0000000 0.99496329 0.98985994
1536641006 0.0000000 0.99705237 0.99408221
1536700815 0.0000000 0.98374033 0.96683466
1538633849 0.0000000 0.98771423 0.97518069
1538766649 0.0000000 0.97939962 0.95759356
1539072778 0.0000000 0.98767465 0.97482473
1539164591 0.0000000 0.99497002 0.98986387
1540269298 0.0000000 0.99995530 0.99990427
1540310644 0.0000000 0.99993074 0.99984014
1541624711 0.0000000 0.99763358 0.99523693
1541712486 0.0000000 0.97557020 0.94947201
1542328459 0.0000000 0.98975772 0.97908950
1542608341 0.0000000 0.99875754 0.99747664
1542638415 0.0000000 0.99009782 0.97985160
1542645094 0.0000000 0.99155700 0.98286736
1543190243 0.0000000 0.99994904 0.99989432
1543191316 0.0000000 0.99990869 0.99979913
1543236658 0.0000000 0.99994624 0.99989074
1543238642 0.0000000 0.99983847 0.99966246
1543314575 0.0000000 0.99991977 0.99983931
1544368541 0.0000000 0.99957460 0.99907923
1544439487 0.0000000 0.99668550 0.99328297
1544621063 0.0000000 0.99970740 0.99937183
1544908865 0.0000000 0.99993575 0.99981546
1545710204 0.0000000 0.99351227 0.98685515
1546538568 0.0000000 0.99923205 0.99833941
1546949806 0.0000000 0.99984950 0.99959731
1548127166 0.0000000 0.99834901 0.99649578
1548825695 0.0000000 0.99992347 0.99969876
1548861293 0.0000000 0.99797148 0.99581969
1549366351 0.0000000 0.97347587 0.94313645
1549558324 0.0000000 0.99983919 0.99955565
1550239687 0.0000000 0.99959564 0.99903744
1551558867 0.0000000 0.98293960 0.96323359
1552012334 0.0000000 0.99959242 0.99895048
1552127531 0.0000000 0.13969833 -87.862358
1552421955 0.0000000 0.97751766 0.95217806
1552451554 0.0000000 0.99964631 0.99912965
1552511242 0.0000000 0.99459571 0.98852742
1552697151 0.0000000 0.99622911 0.99212754
1552968094 0.0000000 0.99640656 0.99255013
1553256348 0.0000000 0.99238658 0.98436981
1553414210 0.0000000 0.98073184 0.95962322
1554087275 0.0000000 0.99447894 0.98856771
1554172029 0.0000000 0.95486367 0.90516192
1554256375 0.0000000 0.99995512 0.99982208
1554343015 0.0000000 0.99988031 0.99967396
1554382610 0.0000000 0.99666739 0.99309504
1554499495 0.0000000 0.99490035 0.98953694
1554706689 0.0000000 0.99532962 0.99046642
1554822801 0.0000000 0.99973834 0.99940336
1554841453 0.0000000 0.99920881 0.99829930
1554850672 0.0000000 0.99890745 0.99767947
1555563667 0.0000000 0.99995637 0.99983609
1556793883 0.0000000 0.99643475 0.99270970
1556970683 0.0000000 0.97983670 0.95735115
1557330527 0.0000000 0.99546915 0.99072987
1557737721 0.0000000 0.99865431 0.99722219
1558197514 0.0000000 0.99673980 0.99335700
1558379328 0.0000000 0.95232004 0.89547211
1558489044 0.0000000 0.99916375 0.99826926
1558591969 0.0000000 0.99953920 0.99904853
1559317998 0.0000000 0.99787855 0.99569094
1559641578 0.0000000 0.99994797 0.99986053
1559762840 0.0000000 0.99781561 0.99557453
1560870606 0.0000000 0.94749284 0.88491327
1561237205 0.0000000 0.99253738 0.98495829
1561242160 0.0000000 0.99375129 0.98748517
1561825206 0.0000000 0.98159993 0.96235639
1561837452 0.0000000 0.99974972 0.99949288
1562610935 0.0000000 0.99788582 0.99573642
1562880116 0.0000000 0.99927527 0.99854702
1563275550 0.0000000 0.97133303 0.94034040
1563531230 0.0000000 0.99352628 0.98679471
1563768365 0.0000000 0.98913085 0.97785920
1563850922 0.0000000 0.92538226 0.83420736
1564123196 0.0000000 0.99298918 0.98586839
1564190683 0.0000000 0.99959314 0.99918717
1564649429 0.0000000 0.99991560 0.99980712
1564753988 0.0000000 0.99934411 0.99868035
1564784683 0.0000000 0.99973613 0.99947196
1565054388 0.0000000 0.99988872 0.99977773
1565055090 0.0000000 0.99929291 0.99857938
1565213283 0.0000000 0.99995273 0.99990475
1565218942 0.0000000 0.99141270 0.98275352
1565905300 0.0000000 0.99945289 0.99889565
1566053525 0.0000000 0.99836338 0.99672067
1566053530 0.0000000 0.99835891 0.99671113
1566074882 0.0000000 0.99996078 0.99990636
1566101114 0.0000000 0.99976289 0.99951857
1566598377 0.0000000 0.95179522 0.89522278
1566648618 0.0000000 0.97348541 0.94589967
1567237819 0.0000000 0.99732119 0.99464899
1567471650 0.0000000 0.99897581 0.99794590
1567604000 0.0000000 0.98811895 0.97601402
1567917359 0.0000000 0.97717416 0.95206815
1568005668 0.0000000 0.99936152 0.99871355
1568095682 0.0000000 0.99732178 0.99465644
1569863578 0.0000000 0.99620664 0.99240571
1570468626 0.0000000 0.99519694 0.99034685
1571312673 0.0000000 0.99989742 0.99978793
1571861758 0.0000000 0.92860484 0.83694816
1572218883 0.0000000 0.98566192 0.97070253
1573491297 0.0000000 0.99583840 0.99147886
1573495893 0.0000000 0.95858371 0.91039526
1574645562 0.0000000 0.99799144 0.99595046
1575564604 0.0000000 0.96102113 0.91711289
1575660753 0.0000000 0.99144655 0.98239660
1576495557 0.0000000 0.99916184 0.99821585
1577769501 0.0000000 0.98380291 0.96607149
1577819410 0.0000000 0.99960160 0.99913460
1578293635 0.0000000 0.99984622 0.99963075
1578510402 0.0000000 0.99474686 0.98922598
1579404154 0.0000000 0.98246956 0.96317452
1579703564 0.0000000 0.99053895 0.98024881
1580749376 0.0000000 0.99962944 0.99912775
1581076659 0.0000000 0.98932260 0.97792947
1581616159 0.0000000 0.88904685 0.73652756
1581629921 0.0000000 0.81870097 0.56674981
1581764406 0.0000000 0.88228929 0.73711658
1581764700 0.0000000 0.89950854 0.73229176
1581794413 0.0000000 0.87902027 0.72664726
1582090065 0.0000000 0.89831239 0.73333752
1582113307 0.0000000 0.89843190 0.75909615
1582546233 0.0000000 0.88108975 0.69337571
1582592414 0.0000000 0.85281503 0.59947640
1582629242 0.0000000 0.89874947 0.75083625
1582695255 0.0000000 0.89045280 0.68200314
1584677477 0.0000000 0.99054378 0.98049563
1585787701 0.0000000 0.95276302 0.89226651
1586304460 0.0000000 0.98151958 0.96180797
1586389759 0.0000000 0.99770725 0.99531114
1586537097 0.0000000 0.99993449 0.99984592
1587481331 0.0000000 0.99000424 0.97960764
1588476280 0.0000000 0.99992895 0.99983108
1589003116 0.0000000 0.99109644 0.98171645
1589548020 0.0000000 0.81606251 0.48805887
1589756010 0.0000000 0.98773134 0.97489673
1589910785 0.0000000 0.96058232 0.91795498
1590311534 0.0000000 0.85088170 0.65204793
1590359490 0.0000000 0.99950141 0.99899000
1590694463 0.0000000 0.99944967 0.99889022
1590843750 0.0000000 0.99833417 0.99662143
1591494563 0.0000000 0.99829221 0.99655092
1591839506 0.0000000 0.99752468 0.99504107
1591921295 0.0000000 0.99792171 0.99581635
1592079539 0.0000000 0.99987602 0.99974936
1592349420 0.0000000 0.99452192 0.98901308
1593214064 0.0000000 0.99903500 0.99806207
1593241888 0.0000000 0.99135774 0.98243880
1593407313 0.0000000 0.99730933 0.99461627
1593435168 0.0000000 0.99836016 0.99671519
1593519432 0.0000000 0.98397171 0.96712381
1594227272 0.0000000 0.99316269 0.98631006
1594265063 0.0000000 0.99801427 0.99602056
1594267923 0.0000000 0.99460417 0.98915923
1594526768 0.0000000 0.97918898 0.95764226
1594546164 0.0000000 0.97889179 0.95676583
1595767949 0.0000000 0.99991089 0.99981463
1597107665 0.0000000 0.99416745 0.98837101
1597123796 0.0000000 0.98562962 0.97073662
1597187246 0.0000000 0.98867106 0.97706723
1597774608 0.0000000 0.99388355 0.98767322
1597797181 0.0000000 0.99921495 0.99841440
1597806811 0.0000000 0.99960703 0.99920505
1598480108 0.0000000 0.99609631 0.99220181
1598847265 0.0000000 0.91453570 0.80455059
1599036279 0.0000000 0.98859006 0.97698879
1600306672 0.0000000 0.99920934 0.99839914
1600646088 0.0000000 0.98944992 0.97855294
1600833602 0.0000000 0.99799621 0.99598449
1601017581 0.0000000 0.97914302 0.95680505
1601326254 0.0000000 0.99953717 0.99907082
1601342057 0.0000000 0.99861479 0.99723047
1601440640 0.0000000 0.99974936 0.99948937
1601863505 0.0000000 0.99221635 0.98432428
1602517184 0.0000000 0.99615091 0.99227935
1602946993 0.0000000 0.99987149 0.99973977
1602947159 0.0000000 0.99950385 0.99900460
1603087586 0.0000000 0.92282653 0.82899517
1603396062 0.0000000 0.94191140 0.87394249
1603674483 0.0000000 0.98671454 0.97324574
1604358861 0.0000000 0.99407059 0.98792404
1604426346 0.0000000 0.99679178 0.99357653
1604601372 0.0000000 0.99962521 0.99924833
1604626818 0.0000000 0.99953997 0.99908185
1605130406 0.0000000 0.99483353 0.98953372
1605130534 0.0000000 0.99240357 0.98455983
1605266102 0.0000000 0.98699361 0.97336364
1605511152 0.0000000 0.99855828 0.99710900
1605551866 0.0000000 0.97300291 0.94183332
1605557664 0.0000000 0.98716652 0.97379440
1605621503 0.0000000 0.96444774 0.92570508
1605662576 0.0000000 0.97118771 0.94012791
1606582085 0.0000000 0.89714062 0.77064037
1606657334 0.0000000 0.99888515 0.99775273
1607578178 0.0000000 0.99928302 0.99852926
1607606398 0.0000000 0.99994504 0.99987990
1607606851 0.0000000 0.99779260 0.99554718
1607624108 0.0000000 0.99958587 0.99916774
1608317519 0.0000000 0.99057597 0.98044884
1608385359 0.0000000 0.96105528 0.91686869
1609436522 0.0000000 0.98105007 0.96047312
1609594007 0.0000000 0.99748981 0.99480206
1610162996 0.0000000 0.94328034 0.87229121
1610192153 0.0000000 0.99987632 0.99968129
1610249009 0.0000000 0.99911785 0.99817610
1610838659 0.0000000 0.99916226 0.99815148
1611559538 0.0000000 0.99944657 0.99874961
1611565557 0.0000000 0.99558651 0.99082738
1611574763 0.0000000 0.98753750 0.97378838
1611584686 0.0000000 0.97617906 0.94876510
1611818971 0.0000000 0.99853480 0.99694443
