1143536168 0.0000000 0.48415068 0.12942189
1143616861 0.0000000 0.44535023 9.50807333E-03
1143885739 -5.00000007E-02 0.39608592 8.91910195E-02
1143885924 0.0000000 0.42528436 4.63727713E-02
1143888020 5.00000007E-02 0.49747863 0.14219826
1144129163 0.0000000 0.40005648 -2.09039450E-02
1144133312 5.00000007E-02 0.41324508 9.94037986E-02
1144179006 0.0000000 0.52387166 0.16069508
1144806135 0.0000000 0.51704484 0.16812521
1145140855 0.0000000 0.50094837 0.10616446
1145323561 0.0000000 0.52269781 0.19086838
1146215126 0.0000000 0.57619542 0.23601663
1146944291 0.0000000 0.24807806 -3.7633929
1146966782 0.0000000 0.59167624 0.22888589
1147258751 0.0000000 0.41382480 2.06145048E-02
1149411961 0.0000000 0.99950415 0.99892551
1149467938 0.0000000 0.99618202 0.99197829
1149638545 0.0000000 0.99919254 0.99829578
1149771133 0.0000000 0.99479008 0.98930740
1150128882 0.0000000 0.99088454 0.98126709
1151387381 0.0000000 0.99878019 0.99745232
1154072410 0.0000000 0.99999028 0.99985319
1154182305 0.0000000 0.99907142 0.99803847
1155212722 0.0000000 0.99944901 0.99884820
1155340266 0.0000000 0.99986893 0.99966383
1155354114 0.0000000 0.99106443 0.98166615
1155443514 0.0000000 0.99981254 0.99954438
1156044082 0.0000000 0.95525146 0.90213180
1156698676 0.0000000 0.99992514 0.99977815
1158266854 0.0000000 0.99893910 0.99782920
1159598968 0.0000000 0.99899197 0.99793410
1159684577 0.0000000 0.99993461 0.99985564
1160388105 0.0000000 0.99989671 0.99970716
1160392104 0.0000000 0.99982965 0.99958098
1160549032 0.0000000 0.99707752 0.99391997
1160664389 0.0000000 0.99998641 0.99985844
1163299258 0.0000000 0.99947679 0.99887460
1163456967 0.0000000 0.99962687 0.99913514
1163641819 0.0000000 0.99953002 0.99899155
1164570370 0.0000000 0.99951226 0.99894875
1165358160 0.0000000 0.99987608 0.99967897
1165368969 0.0000000 0.99927652 0.99849439
1166094636 0.0000000 0.99987233 0.99960953
1166561075 0.0000000 0.99987119 0.99958581
1166894907 0.0000000 0.99997145 0.99982369
1167121204 0.0000000 0.99890566 0.99767393
1167135981 0.0000000 0.99998760 0.99983793
1167136317 0.0000000 0.99998730 0.99984819
1167136455 0.0000000 0.99998760 0.99984801
1167136825 0.0000000 0.99925363 0.99837857
1167144800 0.0000000 0.99744838 0.99447030
1167147704 0.0000000 0.99978298 0.99944174
1167154513 0.0000000 0.99954885 0.99892205
1167186639 0.0000000 0.99993289 0.99977142
1167298740 0.0000000 0.98098415 0.96067303
1167318376 0.0000000 0.73487270 3.96554470E-02
1167324678 0.0000000 0.98990870 0.97859019
1167592780 0.0000000 0.93918061 0.86451143
1167604646 0.0000000 0.99865139 0.99715960
1168792515 0.0000000 0.99722821 0.99420768
1168917035 0.0000000 0.99996561 0.99974793
1169006425 0.0000000 0.99986345 0.99968368
1169712716 0.0000000 0.96275735 0.91945010
1169722755 0.0000000 0.99996883 0.99978721
1170262059 0.0000000 0.97929412 0.95632523
1170524118 0.0000000 0.98910409 0.97709167
1171366614 0.0000000 0.99855441 0.99692905
1171423577 0.0000000 0.99854690 0.99685419
1171423831 0.0000000 0.99926573 0.99825263
1171832699 0.0000000 0.99930549 0.99835384
1172178017 0.0000000 0.99982482 0.99947941
1173308237 0.0000000 0.99990374 0.99958700
1173368256 0.0000000 0.99985951 0.99958110
1174197233 0.0000000 0.98472130 0.96827590
1175309106 0.0000000 0.99952978 0.99897105
1175583473 0.0000000 0.99915296 0.99815512
1176242685 0.0000000 0.99865091 0.99721408
1177115546 0.0000000 0.99944919 0.99869227
1177175308 0.0000000 0.99054003 0.98017943
1178992210 0.0000000 0.99989176 0.99972564
1180238725 0.0000000 0.96180147 0.91699678
1180618796 0.0000000 0.99101186 0.98135495
1181939353 0.0000000 0.99936461 0.99869651
1182196765 0.0000000 0.98490304 0.96876901
1182265663 0.0000000 0.99265695 0.98477024
1182396227 0.0000000 0.99945265 0.99884087
1182398897 0.0000000 0.99964970 0.99916655
1184629372 0.0000000 0.99988031 0.99972111
1185198002 0.0000000 0.99997294 0.99991071
1185799546 0.0000000 0.97811669 0.95369148
1185861072 0.0000000 0.99816775 0.99626052
1186620947 0.0000000 0.99996716 0.99984396
1186786330 0.0000000 0.99943161 0.99873382
1188350129 0.0000000 0.99825525 0.99641109
1188356416 0.0000000 0.99977487 0.99945295
1188908193 0.0000000 0.99985993 0.99969810
1188950111 0.0000000 0.95146030 0.89573103
1189101086 0.0000000 0.99998373 0.99989825
1189101321 0.0000000 0.99995512 0.99987972
1189194674 0.0000000 0.99852306 0.99694508
1190442424 0.0000000 0.99996245 0.99987590
1191742755 0.0000000 0.99942410 0.99883050
1192071901 0.0000000 0.99994338 0.99984938
1192632000 0.0000000 0.99994344 0.99984986
1193967194 0.0000000 0.99020451 0.97955513
1194476053 0.0000000 0.99980003 0.99949372
1196283913 0.0000000 0.99996912 0.99985987
1196818902 0.0000000 0.99992949 0.99978858
1196950527 0.0000000 0.99991512 0.99981385
1197715613 0.0000000 0.99573529 0.99133563
1198522115 0.0000000 0.99941218 0.99877363
1200543890 0.0000000 0.64120531 -0.42296267
1200856359 0.0000000 0.99411583 0.98779017
1201442068 0.0000000 0.99890643 0.99770993
1203280382 0.0000000 0.99997020 0.99981791
1203409866 0.0000000 0.97965515 0.95757103
1203790455 0.0000000 0.99576789 0.99130529
1204138448 0.0000000 0.99990332 0.99966115
1204304285 0.0000000 0.99994475 0.99975848
1204490434 0.0000000 0.98068863 0.95925969
1204651907 0.0000000 0.99994016 0.99975926
1204651936 0.0000000 0.99993992 0.99975944
1204670552 0.0000000 0.99854201 0.99690068
1207186072 0.0000000 0.99830407 0.99651355
1208187584 0.0000000 0.99987370 0.99963462
1208931881 0.0000000 0.99995863 0.99983507
1208975321 0.0000000 0.99996608 0.99984860
1208982088 0.0000000 0.99695617 0.99370295
1208988255 0.0000000 0.99973840 0.99941862
1208988552 0.0000000 0.99895906 0.99772274
1209105937 0.0000000 0.99488276 0.98951709
1209216223 0.0000000 0.89375377 0.74325323
1209291757 0.0000000 0.98875356 0.97644198
1209339084 0.0000000 0.99984759 0.99963635
1209362380 0.0000000 0.99643809 0.99252778
1209543825 0.0000000 0.99121922 0.98175418
1209563099 0.0000000 0.99873483 0.99740791
1209583346 0.0000000 0.97992122 0.95686650
1209820628 0.0000000 0.99988204 0.99971485
1209877317 0.0000000 0.99921060 0.99836278
1210448520 0.0000000 0.99997991 0.99982560
1210560189 0.0000000 0.99358755 0.98652005
1210633064 0.0000000 0.99991143 0.99970883
1210703275 0.0000000 0.99981564 0.99952090
1212285435 0.0000000 0.99997592 0.99987245
1212339563 0.0000000 0.99997604 0.99987471
1213107823 0.0000000 0.97178560 0.94066012
1213158817 0.0000000 0.99729359 0.99434733
1213486164 0.0000000 0.99920714 0.99833548
1214086760 0.0000000 0.99429137 0.98843336
1214128508 0.0000000 0.99768120 0.99528682
1214211456 0.0000000 0.62916219 -0.58279502
1214561217 0.0000000 0.99124771 0.98214751
1215221786 0.0000000 0.96979785 0.93386495
1215745668 0.0000000 0.99957985 0.99909931
1215812106 0.0000000 0.99937731 0.99871892
1215812707 0.0000000 0.99517900 0.99020267
1215839910 0.0000000 0.99989599 0.99976319
1215843106 0.0000000 0.99989611 0.99976110
1215961116 0.0000000 0.99989998 0.99975777
1216126809 0.0000000 0.98955536 0.97868139
1216904067 0.0000000 0.99886179 0.99769932
1217616949 0.0000000 0.99994808 0.99989116
1218233114 0.0000000 0.99975932 0.99948132
1218994676 0.0000000 0.99966598 0.99931020
1219291482 0.0000000 0.99619174 0.99226302
1219301591 0.0000000 0.99940425 0.99876761
1219723710 0.0000000 0.99579537 0.99153531
1219772880 0.0000000 0.99912536 0.99822307
1219869253 0.0000000 0.99796879 0.99589956
1220179542 0.0000000 0.99632072 0.99259025
1220742036 0.0000000 0.99978119 0.99953055
1220946193 0.0000000 0.99995589 0.99990821
1221047734 0.0000000 0.99941850 0.99875867
1222614737 0.0000000 0.99904549 0.99807745
1225404477 0.0000000 0.99846894 0.99686283
1225442295 0.0000000 0.99804461 0.99598682
1228187814 0.0000000 0.99996525 0.99990135
1228684717 0.0000000 0.99997157 0.99989659
1229260451 0.0000000 0.99704069 0.99391353
1229658996 0.0000000 0.91209233 0.79715300
1230216280 0.0000000 0.99727070 0.99441892
1230600687 0.0000000 0.99992597 0.99972004
1230860391 0.0000000 0.99163824 0.98299867
1231020274 0.0000000 0.99997348 0.99986172
1231041233 0.0000000 0.99974573 0.99937731
1232714291 0.0000000 0.99983931 0.99949557
1232804891 0.0000000 0.99992085 0.99971026
1233928332 0.0000000 0.99993044 0.99977881
1234166319 0.0000000 0.98096663 0.95984459
1234201315 0.0000000 0.98734760 0.97395736
1234214675 0.0000000 0.99994731 0.99968797
1236731039 0.0000000 0.99970382 0.99928266
1236854628 0.0000000 0.99979734 0.99946356
1237014105 0.0000000 0.99992031 0.99979538
1237159221 0.0000000 0.99991488 0.99973673
1237164701 0.0000000 0.99993175 0.99974823
1237551366 0.0000000 0.99975657 0.99935168
1237619839 0.0000000 0.99950486 0.99897665
1239235949 0.0000000 0.99982864 0.99960339
1239971868 0.0000000 0.99996352 0.99986613
1240678955 0.0000000 0.99956930 0.99902123
1242397863 0.0000000 0.99997127 0.99986923
1242709695 0.0000000 0.99993575 0.99982756
1243376855 0.0000000 0.99990720 0.99973226
1244248765 0.0000000 0.99952245 0.99900973
1245087845 0.0000000 0.99939960 0.99875796
1245407408 0.0000000 0.99991548 0.99978042
1245469469 0.0000000 0.99994981 0.99985385
1245877793 0.0000000 0.99997723 0.99984920
1245881452 0.0000000 0.99993408 0.99975133
1246167876 0.0000000 0.99995553 0.99986774
1246181696 0.0000000 0.99997985 0.99989688
1246182765 0.0000000 0.99994969 0.99987805
1246208530 0.0000000 0.99995482 0.99989748
1246208539 0.0000000 0.99995452 0.99989742
1246598451 0.0000000 0.99994159 0.99980372
1246598488 0.0000000 0.99993902 0.99975634
1246614635 0.0000000 0.99994606 0.99983996
1246985947 0.0000000 0.99991697 0.99977750
1247508302 0.0000000 0.99998438 0.99986339
1247516932 0.0000000 0.99998337 0.99984771
1247654255 0.0000000 0.99993908 0.99985111
1247741293 0.0000000 0.99997497 0.99989420
1247769767 0.0000000 0.99997127 0.99988854
1248159491 0.0000000 0.99995637 0.99987638
1248570012 0.0000000 0.99997979 0.99992436
1248588659 0.0000000 0.99996704 0.99991089
1248872986 0.0000000 0.99997050 0.99990243
1248886386 0.0000000 0.99997014 0.99989802
1249212887 0.0000000 0.99997312 0.99990469
1250467545 0.0000000 0.99998325 0.99993044
1250503855 0.0000000 0.99997699 0.99990219
1250504106 0.0000000 0.99996954 0.99987936
1250601456 0.0000000 0.99994332 0.99983191
1250639275 0.0000000 0.99974346 0.99943972
1250703707 0.0000000 0.99891484 0.99780148
1250777890 0.0000000 0.99990261 0.99975127
1250888264 0.0000000 0.99993056 0.99981821
1250911490 0.0000000 0.99925530 0.99849421
1252249816 0.0000000 0.99520290 0.99012637
1252757125 0.0000000 0.99995106 0.99987715
1254591366 0.0000000 0.99997205 0.99992663
1254664936 0.0000000 0.99993497 0.99986857
1255243328 0.0000000 0.99964797 0.99926335
1256244384 0.0000000 0.99997360 0.99994344
1256252705 0.0000000 0.99983782 0.99961376
1256431794 0.0000000 0.99966341 0.99930197
1257413577 0.0000000 0.99997795 0.99992478
1257413887 0.0000000 0.99985981 0.99970466
1257420861 0.0000000 0.99997330 0.99991953
1257678569 0.0000000 0.99993873 0.99985546
1258065617 0.0000000 0.99979639 0.99955785
1258296469 0.0000000 0.99995381 0.99988371
1258824471 0.0000000 0.99991012 0.99981534
1258926370 0.0000000 0.99992943 0.99985826
1260564405 0.0000000 0.99980354 0.99955660
1260692005 0.0000000 0.99994344 0.99985486
1261227736 0.0000000 0.99895906 0.99785876
1261227864 0.0000000 0.99998611 0.99989343
1261228557 0.0000000 0.99987316 0.99973410
1261232031 0.0000000 0.99992537 0.99981439
1261235533 0.0000000 0.99985665 0.99964166
1261275144 0.0000000 0.99985623 0.99968946
1261713375 0.0000000 0.99992222 0.99977016
1261922241 0.0000000 0.99995315 0.99985212
1262034644 0.0000000 0.99986887 0.99970239
1262237921 0.0000000 0.99987406 0.99973249
1262343689 0.0000000 0.99957258 0.99910009
1262367286 0.0000000 0.99995965 0.99988270
1262622742 0.0000000 0.98708987 0.97338367
1262633257 0.0000000 0.99994516 0.99984848
1263881366 0.0000000 0.99997121 0.99987912
1265523000 0.0000000 0.99998605 0.99983144
1265599504 0.0000000 0.99988258 0.99971932
1265691729 0.0000000 0.99968344 0.99920809
1265942558 0.0000000 0.99996853 0.99983859
1266289887 0.0000000 0.99991530 0.99968278
1266816064 0.0000000 0.99997830 0.99978167
1267146477 0.0000000 0.99997026 0.99984860
1267162697 0.0000000 0.99980265 0.99955273
1267661932 0.0000000 0.99999309 0.99982476
1267662287 0.0000000 0.99982905 0.99952060
1267686434 0.0000000 0.99989069 0.99969274
1267690576 0.0000000 0.99998361 0.99982488
1268040382 0.0000000 0.99993664 0.99978477
1268902896 0.0000000 0.99996656 0.99988270
1268931240 0.0000000 0.99994874 0.99980909
1269644874 0.0000000 0.99993926 0.99981809
1270335780 0.0000000 0.99950260 0.99893147
1270813793 0.0000000 0.99993557 0.99979937
1270961850 0.0000000 0.99996823 0.99984628
1270999307 0.0000000 0.99748129 0.99481720
1271168968 0.0000000 0.99990439 0.99969578
1271191748 0.0000000 0.99994183 0.99976176
1271987388 0.0000000 0.99992067 0.99978262
1272194052 0.0000000 0.99972993 0.99933654
1272250791 0.0000000 0.99997646 0.99983048
1272823213 0.0000000 0.99978894 0.99943757
1274901407 0.0000000 0.99991071 0.99974287
1276535865 0.0000000 0.99995297 0.99983788
1276561877 0.0000000 0.99996972 0.99985367
1276823323 0.0000000 0.99997300 0.99988002
1277440084 0.0000000 0.99991506 0.99980855
1277575551 0.0000000 0.99994975 0.99983954
1277670806 0.0000000 0.99997133 0.99983495
1278097892 0.0000000 0.99996388 0.99985915
1278515743 0.0000000 0.99568772 0.99119931
1278618217 0.0000000 0.99997324 0.99989414
1278636079 0.0000000 0.99996573 0.99990165
1279357457 0.0000000 0.99994969 0.99988544
1279458204 0.0000000 0.99998558 0.99989760
1280029930 0.0000000 0.99998915 0.99991125
1280553485 0.0000000 0.99968386 0.99930620
1280563997 0.0000000 0.99994296 0.99987453
1280587745 0.0000000 0.99981058 0.99956375
1281476617 0.0000000 0.99981654 0.99959558
1282408680 0.0000000 0.99996316 0.99990571
1282415961 0.0000000 0.99994349 0.99985069
1282416480 0.0000000 0.99995691 0.99990219
1283157909 0.0000000 0.99998337 0.99987417
1283540817 0.0000000 0.99986368 0.99969721
1284039008 0.0000000 0.99995440 0.99987525
1284244867 0.0000000 0.99996340 0.99991858
1284952628 0.0000000 0.99993420 0.99986440
1285350982 0.0000000 0.99953461 0.99901140
1285695233 0.0000000 0.99997449 0.99991012
1285876560 0.0000000 0.99991614 0.99980867
1286047392 0.0000000 0.99997711 0.99994034
1286198915 0.0000000 0.99998295 0.99989396
1286865806 0.0000000 0.99966490 0.99929279
1287036373 0.0000000 0.99854004 0.99691141
1289221280 0.0000000 0.99994379 0.99986196
1289567329 0.0000000 0.99997365 0.99988395
1289576340 0.0000000 0.99991184 0.99974275
1290342705 0.0000000 0.99998391 0.99989980
1290784424 0.0000000 0.99997044 0.99989790
1290799240 0.0000000 0.99967390 0.99925923
1291601652 0.0000000 0.99996191 0.99990523
1291689974 0.0000000 0.99990308 0.99976844
1291927327 0.0000000 0.98431748 0.96762842
1292000461 0.0000000 0.94675976 0.88466716
1294804388 0.0000000 0.99997228 0.99983686
1296507195 0.0000000 0.99995518 0.99976838
1296548191 0.0000000 0.99998236 0.99982917
1297058102 0.0000000 0.99996257 0.99987179
1297342916 0.0000000 0.99949139 0.99890280
1297754297 0.0000000 0.99993974 0.99970996
1298970247 0.0000000 0.99856842 0.99704194
1299845150 0.0000000 0.99875474 0.99743360
1300123317 0.0000000 0.99942803 0.99873006
1300281136 0.0000000 0.99940687 0.99861139
1300608051 0.0000000 0.99997312 0.99981302
1301123952 0.0000000 0.99991506 0.99977601
1301458951 0.0000000 0.99996382 0.99985069
1301964194 0.0000000 0.99922931 0.99837017
1302916270 0.0000000 0.99998039 0.99978316
1302961193 0.0000000 0.99976784 0.99937910
1303685617 0.0000000 0.99842572 0.99654907
1304080155 0.0000000 0.99957740 0.99909502
1304082768 0.0000000 0.99991506 0.99971008
1304152538 0.0000000 0.99996430 0.99980116
1304437954 0.0000000 0.99993718 0.99979961
1304717510 0.0000000 0.99981791 0.99953306
1304757333 0.0000000 0.99994636 0.99985665
1306028051 0.0000000 0.99997920 0.99986994
1306098435 0.0000000 0.99991924 0.99979603
1306261925 0.0000000 0.99980825 0.99955529
1307034472 0.0000000 0.99993604 0.99978381
1307669122 0.0000000 0.99994451 0.99986011
1308478735 0.0000000 0.99994153 0.99986744
1309048281 0.0000000 0.99995548 0.99987483
1309094354 0.0000000 0.99995482 0.99987018
1309326569 0.0000000 0.96629053 0.92803365
1309474048 0.0000000 0.99991620 0.99981725
1309601047 0.0000000 0.99863666 0.99718076
1309696244 0.0000000 0.99995720 0.99986720
1309953539 0.0000000 0.99997252 0.99991864
1310469430 0.0000000 0.99995708 0.99989468
1310541580 0.0000000 0.99947482 0.99892116
1310928323 0.0000000 0.99993104 0.99985319
1311000534 0.0000000 0.99993849 0.99985164
1311084070 0.0000000 0.99997205 0.99993765
1311142337 0.0000000 0.99996674 0.99986833
1311692424 0.0000000 0.99153733 0.98226225
1313100452 0.0000000 0.99994504 0.99988222
1314264913 0.0000000 0.99985760 0.99967009
1314789752 0.0000000 0.99950200 0.99893183
1315538819 0.0000000 0.99988532 0.99970227
1315635988 0.0000000 0.98786187 0.97508788
1315804512 0.0000000 0.99982244 0.99963623
1316643513 0.0000000 0.99995989 0.99989390
1316653258 0.0000000 0.99994016 0.99987364
1317835272 0.0000000 0.78749752 0.39088780
1318175665 0.0000000 0.99986285 0.99964005
1318478724 0.0000000 0.99978220 0.99952948
1319945023 0.0000000 0.99998176 0.99994481
1320074224 0.0000000 0.99994743 0.99988633
1320721143 0.0000000 0.99998027 0.99992198
1321061921 0.0000000 0.99994880 0.99985301
1322787324 0.0000000 0.99982464 0.99960601
1322993584 0.0000000 0.99995106 0.99990088
1323861170 0.0000000 0.99988985 0.99976993
1323909341 0.0000000 0.99995446 0.99988431
1324582798 0.0000000 0.99996632 0.99983972
1325660397 0.0000000 0.99995458 0.99987340
1326181267 0.0000000 0.99917901 0.99828595
1326728445 0.0000000 0.99654776 0.99280518
1327107001 0.0000000 0.99995106 0.99983460
1327480583 0.0000000 0.99992162 0.99983412
1327824459 0.0000000 0.99991357 0.99975610
1328324062 0.0000000 0.99996442 0.99985296
1328459111 0.0000000 0.99931097 0.99851674
1330223700 0.0000000 0.99998909 0.99989378
1330883534 0.0000000 0.99961525 0.99915618
1332071890 0.0000000 0.99982035 0.99958146
1332086295 0.0000000 0.98925877 0.97785842
1332373478 0.0000000 0.99991328 0.99978077
1333258441 0.0000000 0.99933225 0.99854916
1333828758 0.0000000 0.99995577 0.99984938
1333921411 0.0000000 0.99997723 0.99983239
1334227165 0.0000000 0.99957949 0.99907446
1334800688 0.0000000 0.99997509 0.99985653
1335409258 0.0000000 0.94204295 0.86520457
1335538115 0.0000000 0.99994868 0.99985272
1338362741 0.0000000 0.99986172 0.99962384
1338842309 0.0000000 0.99993640 0.99982381
1338890190 0.0000000 0.99997354 0.99987572
1339216879 0.0000000 0.99989873 0.99974561
1339275618 0.0000000 0.99998283 0.99992263
1339278860 0.0000000 0.99992841 0.99983472
1339309409 0.0000000 0.99992800 0.99985307
1339575740 0.0000000 0.99994510 0.99986172
1339598466 0.0000000 0.99992704 0.99984801
1339646879 0.0000000 0.99991572 0.99981278
1339690513 0.0000000 0.99997467 0.99992555
1339702255 0.0000000 0.99994504 0.99987531
1339923712 0.0000000 0.99996471 0.99985689
1341299876 0.0000000 0.99976128 0.99943256
1341924177 0.0000000 0.99983674 0.99963832
1342405200 0.0000000 0.99868256 0.99735409
1344277570 0.0000000 0.99935186 0.99863547
1344910008 0.0000000 0.99994498 0.99983650
1344941743 0.0000000 0.99982572 0.99964148
1345138860 0.0000000 0.99984801 0.99969125
1345234802 0.0000000 0.99995935 0.99988794
1346380382 0.0000000 0.86906826 0.66150236
1346415099 0.0000000 0.99994344 0.99987835
1346415834 0.0000000 0.99993962 0.99986959
1346788818 0.0000000 0.99991041 0.99976110
1346816730 0.0000000 0.99991286 0.99980152
1348523853 0.0000000 0.99954474 0.99903572
1350722979 0.0000000 0.99990660 0.99980241
1350800865 0.0000000 0.98976558 0.97889531
1351161077 0.0000000 0.99992913 0.99979991
1352122829 0.0000000 0.99988014 0.99971402
1352554787 0.0000000 0.99057233 0.98057914
1353431341 0.0000000 0.99995363 0.99986315
1353536726 0.0000000 0.99994278 0.99984878
1354158772 0.0000000 0.99966991 0.99928582
1354470336 0.0000000 0.99996078 0.99988645
1354477411 0.0000000 0.99995744 0.99989897
1354976814 0.0000000 0.99997216 0.99982810
1355221924 0.0000000 0.99995911 0.99990249
1356243184 0.0000000 0.58661395 0.24849820
1356319072 0.0000000 0.99970609 0.99929470
1356487597 0.0000000 0.99992758 0.99976611
1356883405 0.0000000 0.99997044 0.99987066
1357128106 0.0000000 0.99997067 0.99984241
1357236484 0.0000000 0.99995822 0.99986446
1357270197 0.0000000 0.99995792 0.99982172
1357331931 0.0000000 0.99983472 0.99955821
1357541346 0.0000000 0.99997479 0.99985665
1357994057 0.0000000 0.99989951 0.99975508
1358411441 0.0000000 0.99995399 0.99990290
1358708986 0.0000000 0.99995691 0.99990082
1359776392 0.0000000 0.99996740 0.99991518
1361064727 0.0000000 0.62392849 0.19110310
1361239965 0.0000000 0.99965191 0.99927658
1361256759 0.0000000 0.99979496 0.99954134
1361373628 0.0000000 0.99940312 0.99876994
1361471757 0.0000000 0.99993175 0.99983853
1361665659 0.0000000 0.99889159 0.99777615
1362386544 0.0000000 0.99946386 0.99890590
1362609444 0.0000000 0.99991107 0.99980301
1362627405 0.0000000 0.48001808 -0.27406538
1362643640 0.0000000 0.99912584 0.99820596
1363079024 0.0000000 0.99993581 0.99986130
1363764120 0.0000000 0.99994421 0.99986744
1364349799 0.0000000 0.99998254 0.99993193
1364349845 0.0000000 0.99998987 0.99992120
1364355002 0.0000000 0.99987644 0.99974513
1364690983 0.0000000 0.99711764 0.99416429
1365625224 0.0000000 0.99996477 0.99991196
1366061297 0.0000000 0.90625024 0.78081203
1366432589 0.0000000 0.99991632 0.99981886
1366513671 0.0000000 0.99991477 0.99981904
1369110346 0.0000000 0.99996525 0.99992692
1369124755 0.0000000 0.99995708 0.99988997
1369791239 0.0000000 0.99993747 0.99985051
1369883683 0.0000000 0.99991602 0.99982893
1370118743 0.0000000 0.99970531 0.99938071
1370151783 0.0000000 0.99998051 0.99995273
1370623082 0.0000000 0.99996752 0.99991310
1372241957 0.0000000 0.99988705 0.99976200
1372463510 0.0000000 0.99998170 0.99994802
1373829868 0.0000000 0.99986035 0.99970496
1373895699 0.0000000 0.99994457 0.99988979
1373969495 0.0000000 0.99914742 0.99829406
1374677225 0.0000000 0.99993306 0.99986577
1374679935 0.0000000 0.99994528 0.99988365
1376837821 0.0000000 0.99991709 0.99982208
1377205321 0.0000000 0.99832720 0.99664754
1377355603 0.0000000 0.99987513 0.99971741
1377407246 0.0000000 0.99700844 0.99399614
1378247005 0.0000000 0.99975955 0.99951208
1378467231 0.0000000 0.99994528 0.99988514
1379475197 0.0000000 0.99984491 0.99967712
1380542719 0.0000000 0.99984592 0.99968553
1381466759 0.0000000 0.99979877 0.99956602
1381684855 0.0000000 0.99973720 0.99946415
1382170436 0.0000000 0.99090636 0.98163897
1382919848 0.0000000 0.99946517 0.99892122
1383069011 0.0000000 0.99896866 0.99792695
1383085061 0.0000000 0.99980873 0.99959916
1383220929 0.0000000 0.92093122 0.56335557
1383227120 0.0000000 0.99988222 0.99976015
1383227831 0.0000000 0.99987161 0.99973518
1383234448 0.0000000 0.99995536 0.99991035
1383263545 0.0000000 0.99988925 0.99977422
1383450194 0.0000000 0.99991328 0.99982321
1383519374 0.0000000 0.99992460 0.99984652
1383809110 0.0000000 0.99994320 0.99988687
1383809501 0.0000000 0.99990362 0.99978536
1383989687 0.0000000 0.99968278 0.99934644
1384145710 0.0000000 0.99987721 0.99975008
1384544358 0.0000000 0.99996036 0.99991602
1385019362 0.0000000 0.99976480 0.99951345
1386347977 0.0000000 0.93340969 0.85565263
1386357780 0.0000000 0.99990064 0.99977845
1387916955 0.0000000 0.99965179 0.99926549
1389034180 0.0000000 0.99987662 0.99972308
1389204911 0.0000000 0.99996918 0.99991143
1389717867 0.0000000 0.99993789 0.99987048
1389724692 0.0000000 0.99993658 0.99985451
1389729005 0.0000000 0.99993426 0.99983603
1389740803 0.0000000 0.99965036 0.99927658
1389904819 0.0000000 0.99941719 0.99881446
1390517490 0.0000000 0.99983734 0.99965358
1390619771 0.0000000 0.99991781 0.99982464
1391790286 0.0000000 0.99984139 0.99965054
1393014317 0.0000000 0.99996459 0.99990463
1393065064 0.0000000 0.99959022 0.99915498
1393759985 0.0000000 0.99891466 0.99781334
1393791078 0.0000000 0.99997163 0.99992090
1394913876 0.0000000 0.99983215 0.99962032
1395061976 0.0000000 0.99997872 0.99991053
1395231566 0.0000000 0.99997723 0.99991053
1397097485 0.0000000 0.99989074 0.99974501
1397746253 0.0000000 0.99981135 0.99957949
1398443585 0.0000000 0.99992424 0.99983221
1399207416 0.0000000 0.99994981 0.99990451
1399278483 0.0000000 0.99988884 0.99975234
1399745740 0.0000000 0.99960399 0.99917018
1399746271 0.0000000 0.99991125 0.99979818
1400631673 0.0000000 0.99999148 0.99997312
1401021673 0.0000000 0.99994463 0.99988168
1401296286 0.0000000 0.99852884 0.99702585
1402085900 0.0000000 0.99909908 0.99817514
1402313583 0.0000000 0.99827600 0.99653918
1402624068 0.0000000 0.99363768 0.98705715
1402784563 0.0000000 0.99995375 0.99989700
1403034553 0.0000000 0.99992561 0.99981052
1403317269 0.0000000 0.99989682 0.99976420
1403439974 0.0000000 0.99993706 0.99986064
1404774365 0.0000000 0.99986738 0.99972647
1404925818 0.0000000 0.99952680 0.99903387
1405577514 0.0000000 0.99992031 0.99983531
1407296767 0.0000000 0.99947506 0.99893916
1407544588 0.0000000 0.87909585 0.71717346
1408047770 0.0000000 0.99921626 0.99843371
1410046387 0.0000000 0.99991310 0.99981689
1410325949 0.0000000 0.99994767 0.99988574
1410382444 0.0000000 0.99915946 0.99830818
1411247643 0.0000000 0.99992096 0.99981540
1411641303 0.0000000 0.99994403 0.99988359
1412009058 0.0000000 0.99528515 0.99045956
1412705290 0.0000000 0.99993962 0.99987465
1413207959 0.0000000 0.88569933 0.72700292
1414298821 0.0000000 0.99989831 0.99970376
1416419181 0.0000000 0.99995494 0.99991041
1416419227 0.0000000 0.99993408 0.99986953
1416540553 0.0000000 0.99979943 0.99959999
1417557685 0.0000000 0.99989265 0.99976212
1417655668 0.0000000 0.99972993 0.99944597
1418245419 0.0000000 0.99994183 0.99986482
1418533563 0.0000000 0.99943256 0.99885017
1419682925 0.0000000 0.99953157 0.99903673
1419947441 0.0000000 0.99862993 0.99720639
1419995164 0.0000000 0.99992853 0.99981475
1420012476 0.0000000 0.99994183 0.99984592
1420437226 0.0000000 0.99995250 0.99986809
1420606112 0.0000000 0.99994737 0.99986070
1420742654 0.0000000 0.98231083 0.96322984
1421435535 0.0000000 0.99996430 0.99984950
1421639313 0.0000000 0.99972200 0.99941349
1422083726 0.0000000 0.99950641 0.99890739
1422374758 0.0000000 0.99764943 0.99511623
1422958210 0.0000000 0.99794745 0.99585736
1423037687 0.0000000 0.99992120 0.99982566
1423603888 0.0000000 0.69735754 -0.23613226
1423726535 0.0000000 0.99993348 0.99983686
1423857991 0.0000000 0.99997425 0.99986881
1424969403 0.0000000 0.99991745 0.99981737
1426114954 0.0000000 0.99974149 0.99945354
1426344314 0.0000000 0.99994534 0.99983197
1426852891 0.0000000 0.99957603 0.99905211
1427105631 0.0000000 0.99996483 0.99987274
1427483378 0.0000000 0.99875176 0.99737203
1428208678 0.0000000 0.99946272 0.99888676
1428320250 0.0000000 0.99988252 0.99969918
1428945237 0.0000000 0.99992299 0.99980718
1429127316 0.0000000 0.99935818 0.99859238
1429494176 0.0000000 0.99997872 0.99987161
1429494550 0.0000000 0.99994653 0.99981785
1429528847 0.0000000 0.99996173 0.99989212
1429530313 0.0000000 0.99997950 0.99987876
1429531199 0.0000000 0.99997640 0.99984485
1429992097 0.0000000 0.99997777 0.99990684
1430658547 0.0000000 0.99996310 0.99983442
1431333501 0.0000000 0.99997443 0.99991399
1431387795 0.0000000 0.99994081 0.99987233
1431628549 0.0000000 0.99991214 0.99978447
1432588969 0.0000000 0.99992085 0.99982405
1432601816 0.0000000 0.99993360 0.99984962
1432799863 0.0000000 0.99992144 0.99978906
1434467768 0.0000000 0.99986821 0.99972314
1434867330 0.0000000 0.99992543 0.99983627
1435335400 0.0000000 0.99970031 0.99938607
1438066750 0.0000000 0.71350217 0.45957494
1438936857 0.0000000 0.99962765 0.99924856
1439209234 0.0000000 0.91119671 0.79196006
1439418087 0.0000000 0.97543252 0.94946116
1439474882 0.0000000 0.99996924 0.99991614
1441113885 0.0000000 0.99996752 0.99992728
1441128847 0.0000000 0.99993855 0.99986035
1441160293 0.0000000 0.99988353 0.99974483
1441898607 0.0000000 0.99995238 0.99990213
1442339782 0.0000000 0.99995631 0.99990934
1442345855 0.0000000 0.99996829 0.99991834
1442345878 0.0000000 0.99998057 0.99993479
1442408939 0.0000000 0.99996996 0.99989903
1442410226 0.0000000 0.99993014 0.99984819
1442413798 0.0000000 0.99995303 0.99989849
1443074281 0.0000000 0.99933374 0.99864596
1444648487 0.0000000 0.99990946 0.99978083
1444736944 0.0000000 0.99993497 0.99986929
1444953165 0.0000000 0.99994290 0.99987739
1444953267 0.0000000 0.99991137 0.99981153
1445014914 0.0000000 0.99966294 0.99931711
1445221055 0.0000000 0.99993712 0.99984705
1445233331 0.0000000 0.99990755 0.99979752
1445239215 0.0000000 0.99991018 0.99980122
1446412182 0.0000000 0.99995744 0.99987310
1446412281 0.0000000 0.99985015 0.99964577
1446509184 0.0000000 0.99993682 0.99984944
1446509190 0.0000000 0.99993676 0.99984944
1446714386 0.0000000 0.99990326 0.99978721
1447167192 0.0000000 0.99983519 0.99966192
1447255999 0.0000000 0.99988848 0.99977440
1447277516 0.0000000 0.99941754 0.99881601
1448316095 0.0000000 0.95883811 0.91397750
1448671943 0.0000000 0.99988633 0.99976277
1449033717 0.0000000 0.99994379 0.99985576
1449035580 0.0000000 0.99986410 0.99968147
1449153073 0.0000000 0.99990571 0.99979126
1449935242 0.0000000 0.99982578 0.99961811
1450510821 0.0000000 0.93358761 0.85553050
1450536811 0.0000000 0.99214298 0.98389322
1450992022 0.0000000 0.99984658 0.99968082
1451199638 0.0000000 0.99961251 0.99920261
1451327726 0.0000000 0.99947971 0.99891394
1451523194 0.0000000 0.98848373 0.97629160
1451829690 0.0000000 0.99991536 0.99981767
1451928000 0.0000000 0.99040520 0.98050141
1453824336 0.0000000 0.99447817 0.98830682
1454422761 0.0000000 0.99994254 0.99978453
1454702246 0.0000000 0.99997163 0.99986529
1454702308 0.0000000 0.99996394 0.99985087
1454702406 0.0000000 0.99995083 0.99981815
1454702512 0.0000000 0.99989897 0.99973822
1454978820 0.0000000 0.99996012 0.99985945
1455590759 0.0000000 0.99978191 0.99950743
1455595494 0.0000000 0.99994314 0.99982345
1455757779 0.0000000 0.99996138 0.99984896
1455758311 0.0000000 0.99995500 0.99984109
1456215987 0.0000000 0.99991113 0.99976754
1456541993 0.0000000 0.99922228 0.99833196
1457201466 0.0000000 0.99982995 0.99963957
1457276938 0.0000000 0.99897075 0.99789226
1459152479 0.0000000 0.99973696 0.99941242
1459502085 0.0000000 0.99428725 0.98831594
1459988008 0.0000000 0.99729198 0.99453050
1460294506 0.0000000 0.99859059 0.99714756
1460353509 0.0000000 0.99995983 0.99988556
1460804146 0.0000000 0.99952245 0.99895775
1461082597 0.0000000 0.99970472 0.99937224
1461607991 0.0000000 0.99947464 0.99887413
1461770234 0.0000000 0.99995565 0.99984407
1461770257 0.0000000 0.99997503 0.99987209
1461770858 0.0000000 0.99996376 0.99986494
1461781146 0.0000000 0.99996495 0.99988693
1461806086 0.0000000 0.99990505 0.99980003
1462056417 0.0000000 0.99994063 0.99985248
1462199340 0.0000000 0.99996191 0.99988443
1462521203 0.0000000 0.99990445 0.99977446
1462632669 0.0000000 0.99994326 0.99986458
1462675593 0.0000000 0.99992448 0.99981707
1463023035 0.0000000 0.99997097 0.99987495
1463023251 0.0000000 0.99983138 0.99963045
1463023282 0.0000000 0.99974835 0.99947524
1463027395 0.0000000 0.99996752 0.99988306
1463127852 0.0000000 0.99996549 0.99990106
1463195522 0.0000000 0.99996370 0.99988610
1463196768 0.0000000 0.99992567 0.99984902
1463530965 0.0000000 0.99992150 0.99983871
1463863900 0.0000000 0.99993813 0.99982995
1463882779 0.0000000 0.99984723 0.99964780
1464184475 0.0000000 0.99031246 0.98030543
1464544116 0.0000000 0.99966502 0.99927211
1464576767 0.0000000 0.99994832 0.99987680
1464630651 0.0000000 0.99979037 0.99955732
1464672226 0.0000000 0.99994546 0.99983215
1466204142 0.0000000 0.99925560 0.99848497
1466383187 0.0000000 0.99989450 0.99977195
1466409210 0.0000000 0.99977809 0.99954849
1466715930 0.0000000 0.99993211 0.99986672
1467361422 0.0000000 0.99990839 0.99980474
1469019333 0.0000000 0.99980628 0.99958342
1469592155 0.0000000 0.99993920 0.99987203
1471008941 0.0000000 0.99974912 0.99947947
1471908408 0.0000000 0.99967295 0.99932086
1472660934 0.0000000 0.99991632 0.99974293
1473440050 0.0000000 0.99816835 0.99633276
1475055492 0.0000000 0.99990696 0.99978101
1475769120 0.0000000 0.99996263 0.99991530
1477370752 0.0000000 0.99984759 0.99968076
1478519786 0.0000000 0.99976712 0.99951982
1478903131 0.0000000 0.99995142 0.99989682
1480024554 0.0000000 0.99995840 0.99990141
1480377579 0.0000000 0.99593562 0.99184465
1480507474 0.0000000 0.99977440 0.99954265
1481256588 0.0000000 0.99970949 0.99940759
1481811269 0.0000000 0.99988520 0.99976462
1483057851 0.0000000 0.99977523 0.99953860
1483513641 0.0000000 0.99943906 0.99882847
1484155863 0.0000000 0.99913293 0.99824768
1484797338 0.0000000 0.96397161 0.92536139
1484900187 0.0000000 0.99919939 0.99839002
1485329586 0.0000000 0.99944746 0.99886549
1486746772 0.0000000 0.99993950 0.99987435
1487420859 0.0000000 0.99800336 0.99600279
1487652197 0.0000000 0.99439001 0.98867112
1488212310 0.0000000 0.99963039 0.99924344
1488924651 0.0000000 0.99972606 0.99944699
1489967289 0.0000000 0.99960798 0.99918491
1490066029 0.0000000 0.71059442 6.89581037E-02
1490805242 0.0000000 0.99821401 0.99639052
1492112471 0.0000000 0.99969018 0.99936152
1492367656 0.0000000 0.99928415 0.99853033
1493517442 0.0000000 0.99980640 0.99960190
1493960850 0.0000000 0.99924093 0.99847156
1493986611 0.0000000 0.69790959 -4.58942652E-02
1494889974 0.0000000 0.99992239 0.99984419
1494932580 0.0000000 0.99946314 0.99892139
1495631454 0.0000000 0.99973089 0.99945557
1495691291 0.0000000 0.99912053 0.99822652
1495956669 0.0000000 0.99759603 0.99516970
1495999757 0.0000000 0.99984145 0.99967694
1496582686 0.0000000 0.99984282 0.99968356
1497967350 0.0000000 0.72849959 0.10506266
1498029939 0.0000000 0.99957645 0.99914062
1500318986 0.0000000 0.99935788 0.99866778
1501139292 0.0000000 0.99561030 0.99112052
1501845585 0.0000000 0.99986684 0.99972969
1502294736 0.0000000 0.99960989 0.99918216
1502416734 0.0000000 0.99971479 0.99940878
1502582915 0.0000000 0.99931723 0.99862176
1504364658 0.0000000 0.99800986 0.99599421
1505096741 0.0000000 0.99941075 0.99869424
1505687994 0.0000000 0.99968892 0.99935162
1505917796 0.0000000 0.99991816 0.99983889
1506232185 0.0000000 0.99956965 0.99912488
1506549399 0.0000000 0.99534076 0.99067283
1507505391 0.0000000 0.99874210 0.99748486
1507747520 0.0000000 0.99943626 0.99885362
1508582157 0.0000000 0.99698615 0.99396122
1509318944 0.0000000 0.99990648 0.99980664
1509677295 0.0000000 0.99989164 0.99978185
1509677339 0.0000000 0.99988979 0.99978054
1509752088 0.0000000 0.99984908 0.99969208
1510398879 0.0000000 0.99895084 0.99789578
1510402973 0.0000000 0.99975705 0.99950844
1510440860 0.0000000 0.99949455 0.99895930
1510947032 0.0000000 0.99878484 0.99754363
1511360409 0.0000000 0.99988365 0.99976599
1511470532 0.0000000 0.99965924 0.99930245
1512230735 0.0000000 0.99572861 0.99146068
1512377977 0.0000000 0.99856114 0.99708492
1512704669 0.0000000 0.99970710 0.99939358
1513120660 0.0000000 0.99976343 0.99951404
1516168751 0.0000000 0.99959296 0.99917424
1516984288 0.0000000 0.99962038 0.99919385
1517686257 0.0000000 0.99980962 0.99960762
1517749972 0.0000000 0.99989069 0.99975502
1517752600 0.0000000 0.99985796 0.99967444
1517752662 0.0000000 0.99987435 0.99971658
1517753127 0.0000000 0.99963742 0.99927509
1517753452 0.0000000 0.99992669 0.99981838
1517753522 0.0000000 0.99993658 0.99983609
1517753592 0.0000000 0.99993485 0.99983561
1517753815 0.0000000 0.99988604 0.99974966
1517758427 0.0000000 0.99976939 0.99952334
1517763262 0.0000000 0.99965143 0.99929184
1517821602 0.0000000 0.99984306 0.99964535
1517823894 0.0000000 0.99983811 0.99963981
1517846321 0.0000000 0.99983180 0.99964339
1517852233 0.0000000 0.99957180 0.99913299
1517893754 0.0000000 0.99983656 0.99964935
1517906208 0.0000000 0.99987102 0.99972576
1517932241 0.0000000 0.99982041 0.99961907
1517932280 0.0000000 0.99993622 0.99983865
1517932282 0.0000000 0.99992990 0.99982381
1517932427 0.0000000 0.99972183 0.99943960
1517932434 0.0000000 0.99972302 0.99944073
1517932492 0.0000000 0.99977863 0.99953413
1517933877 0.0000000 0.99981076 0.99960923
1517940013 0.0000000 0.99993515 0.99984193
1517940459 0.0000000 0.99992925 0.99981523
1517944528 0.0000000 0.99996036 0.99986523
1517945796 0.0000000 0.99987102 0.99971813
1517950582 0.0000000 0.99982822 0.99964404
1517958702 0.0000000 0.99985158 0.99966007
1517960631 0.0000000 0.99981266 0.99961102
1517969882 0.0000000 0.99992400 0.99981427
1517974578 0.0000000 0.99987084 0.99971235
1517998787 0.0000000 0.99964523 0.99927068
1518001985 0.0000000 0.99988919 0.99975497
1518008800 0.0000000 0.99993491 0.99982321
1518008880 0.0000000 0.99981004 0.99958628
1518013159 0.0000000 0.99988985 0.99973422
1518016890 0.0000000 0.99996471 0.99985057
1518016916 0.0000000 0.99995202 0.99984783
1518051257 0.0000000 0.99978900 0.99955022
1518059164 0.0000000 0.99974352 0.99947602
1518142443 0.0000000 0.99965894 0.99930447
1518201789 0.0000000 0.99989533 0.99974823
1518248929 0.0000000 0.99972093 0.99942207
1518858396 0.0000000 0.99698263 0.99385190
1518981709 0.0000000 0.99889606 0.99772465
1519051621 0.0000000 0.99927843 0.99855953
1519254641 0.0000000 0.99976385 0.99951613
1519583320 0.0000000 0.99987596 0.99969333
1519962147 0.0000000 0.99974310 0.99943131
1520098551 0.0000000 0.99980676 0.99958634
1520329330 0.0000000 0.99961704 0.99920201
1521024527 0.0000000 0.99986982 0.99970746
1521537776 0.0000000 0.99988073 0.99973327
1521728871 0.0000000 0.99949056 0.99895620
1522232997 0.0000000 0.99962610 0.99923402
1522282670 0.0000000 0.99954963 0.99908918
1522598524 0.0000000 0.99879611 0.99756390
1523432369 0.0000000 0.99703860 0.99400192
1523886539 0.0000000 0.99931949 0.99862325
1524201906 0.0000000 0.99938488 0.99871510
1524248877 0.0000000 0.99779391 0.99555677
1524308214 0.0000000 0.99865752 0.99729216
1524503432 0.0000000 0.99978977 0.99956840
1524721460 0.0000000 0.99783224 0.99557936
1524721601 0.0000000 0.99532962 0.99050850
1524808553 0.0000000 0.99787468 0.99563706
1525218424 0.0000000 0.99993008 0.99983025
1526098666 0.0000000 0.99951226 0.99899113
1527728598 0.0000000 0.99944961 0.99885404
1527904870 0.0000000 0.99961400 0.99920154
1528731725 0.0000000 0.99977535 0.99953586
1528750347 0.0000000 0.99989533 0.99977612
1528856173 0.0000000 0.97832042 0.95523483
1529096035 0.0000000 0.99964881 0.99929374
1529334375 0.0000000 0.99789816 0.99578482
1529522338 0.0000000 0.99974972 0.99947500
1530516370 0.0000000 0.99935305 0.99869889
1530516385 0.0000000 0.99934524 0.99868047
1530609654 0.0000000 0.99984926 0.99967182
1531312909 0.0000000 0.99773198 0.99544781
1531507119 0.0000000 0.99963826 0.99926448
1532050755 0.0000000 0.99767452 0.99533081
1533217098 0.0000000 0.99969321 0.99936748
1533504622 0.0000000 0.99797237 0.99591684
1533801692 0.0000000 0.99219406 0.98433828
1534500582 0.0000000 0.99962449 0.99923098
1534551317 0.0000000 0.99986500 0.99972999
1535572403 0.0000000 0.99920177 0.99838340
1535660064 0.0000000 0.99892557 0.99779719
1536498994 0.0000000 0.99966347 0.99929982
1536641006 0.0000000 0.99971050 0.99939591
1536700815 0.0000000 0.99905765 0.99808121
1538633849 0.0000000 0.99299914 0.98592430
1538766649 0.0000000 0.90026230 0.77531457
1539072778 0.0000000 0.99774659 0.99549353
1539164591 0.0000000 0.99966133 0.99928880
1540269298 0.0000000 0.99995071 0.99989569
1540310644 0.0000000 0.99996096 0.99991959
1541624711 0.0000000 0.99964333 0.99928230
1541712486 0.0000000 0.99870425 0.99739635
1542328459 0.0000000 0.99915063 0.99825507
1542608341 0.0000000 0.99980438 0.99957538
1542638415 0.0000000 0.99969661 0.99937016
1542645094 0.0000000 0.99956387 0.99905771
1543190243 0.0000000 0.99993432 0.99986583
1543191316 0.0000000 0.98849910 0.97667003
1543236658 0.0000000 0.99749237 0.99498349
1543238642 0.0000000 0.98719138 0.97359973
1543314575 0.0000000 0.99733752 0.99467194
1544368541 0.0000000 0.99980623 0.99959260
1544439487 0.0000000 0.99586546 0.99170601
1544621063 0.0000000 0.99978471 0.99953818
1544908865 0.0000000 0.99989259 0.99978697
1545710204 0.0000000 0.99523872 0.99039710
1546538568 0.0000000 0.99963266 0.99924850
1546949806 0.0000000 0.99973577 0.99945897
1548127166 0.0000000 0.99898332 0.99795496
1548825695 0.0000000 0.99986565 0.99972689
1548861293 0.0000000 0.99830735 0.99660277
1549366351 0.0000000 0.99913257 0.99819297
1549558324 0.0000000 0.99947566 0.99894685
1550239687 0.0000000 0.99964380 0.99926168
1551558867 0.0000000 0.75439012 0.27433723
1552012334 0.0000000 0.99966806 0.99933004
1552127531 0.0000000 0.97621483 0.95132667
1552421955 0.0000000 0.99961603 0.99920958
1552451554 0.0000000 0.99966800 0.99930388
1552511242 0.0000000 0.99854732 0.99708539
1552697151 0.0000000 0.99589694 0.99172992
1552968094 0.0000000 0.99934292 0.99859941
1553256348 0.0000000 0.99850523 0.99696833
1553414210 0.0000000 0.99736577 0.99470156
1554087275 0.0000000 0.99925154 0.99843675
1554172029 0.0000000 0.93524557 0.85630554
1554256375 0.0000000 0.99994922 0.99989212
1554343015 0.0000000 0.99992627 0.99984801
1554382610 0.0000000 0.99937117 0.99871933
1554499495 0.0000000 0.99217993 0.98427486
1554706689 0.0000000 0.99695385 0.99390525
1554822801 0.0000000 0.99977082 0.99952292
1554841453 0.0000000 0.99963248 0.99922776
1554850672 0.0000000 0.99987167 0.99973792
1555563667 0.0000000 0.79329634 0.16560811
1556793883 0.0000000 0.99973571 0.99944621
1556970683 0.0000000 0.93999642 0.87076700
1557330527 0.0000000 0.99931878 0.99861234
1557737721 0.0000000 0.99940068 0.99874979
1558197514 0.0000000 0.99946570 0.99891168
1558379328 0.0000000 0.97877097 0.95699972
1558489044 0.0000000 0.99967754 0.99931651
1558591969 0.0000000 0.99981254 0.99957126
1559317998 0.0000000 0.99855781 0.99709827
1559641578 0.0000000 0.99985695 0.99970907
1559762840 0.0000000 0.99974394 0.99945134
1560870606 0.0000000 0.88131452 0.71712261
1561237205 0.0000000 0.99858695 0.99716294
1561242160 0.0000000 0.99876463 0.99750388
1561825206 0.0000000 0.99932152 0.99858558
1561837452 0.0000000 0.99981761 0.99962163
1562610935 0.0000000 0.99962628 0.99921995
1562880116 0.0000000 0.99989712 0.99978423
1563275550 0.0000000 0.99891651 0.99770528
1563531230 0.0000000 0.99851513 0.99702632
1563768365 0.0000000 0.98130226 0.96162581
1563850922 0.0000000 0.99851340 0.99698848
1564123196 0.0000000 0.99950355 0.99891120
1564190683 0.0000000 0.99985099 0.99967992
1564649429 0.0000000 0.99335742 0.98670048
1564753988 0.0000000 0.99976063 0.99947649
1564784683 0.0000000 0.99989694 0.99978089
1565054388 0.0000000 0.99990791 0.99979872
1565055090 0.0000000 0.99981606 0.99959594
1565213283 0.0000000 0.99986452 0.99971247
1565218942 0.0000000 0.99949956 0.99891478
1565905300 0.0000000 0.99933136 0.99856573
1566053525 0.0000000 0.99972659 0.99937999
1566053530 0.0000000 0.99972647 0.99937892
1566074882 0.0000000 0.99630326 0.99258369
1566101114 0.0000000 0.99984777 0.99964315
1566598377 0.0000000 0.75947368 0.24489450
1566648618 0.0000000 0.99801385 0.99594015
1567237819 0.0000000 0.99838597 0.99673867
1567471650 0.0000000 0.99972534 0.99936593
1567604000 0.0000000 0.99891061 0.99777120
1567917359 0.0000000 0.99955469 0.99901909
1568005668 0.0000000 0.99798733 0.99596870
1568095682 0.0000000 0.99990821 0.99978906
1569863578 0.0000000 0.99819791 0.99637806
1570468626 0.0000000 0.99967241 0.99926895
1571312673 0.0000000 0.99990785 0.99980849
1571861758 0.0000000 0.99402177 0.98806542
1572218883 0.0000000 0.99969161 0.99932677
1573491297 0.0000000 0.98311055 0.96530616
1573495893 0.0000000 0.99862587 0.99717283
1574645562 0.0000000 0.99988234 0.99974972
1575564604 0.0000000 0.94419235 0.87850684
1575660753 0.0000000 0.99910116 0.99804169
1576495557 0.0000000 0.99973297 0.99943596
1577769501 0.0000000 0.90851480 0.79270512
1577819410 0.0000000 0.99981672 0.99962050
1578293635 0.0000000 0.99944258 0.99887168
1578510402 0.0000000 0.99933952 0.99863380
1579404154 0.0000000 0.99575806 0.99151671
1579703564 0.0000000 0.99896288 0.99790567
1580749376 0.0000000 0.99975783 0.99949694
1581076659 0.0000000 0.99929816 0.99851424
1581616159 0.0000000 0.99988323 0.99975711
1581629921 0.0000000 0.99832082 0.99664283
1581764406 0.0000000 0.99988657 0.99976450
1581764700 0.0000000 0.99984759 0.99968350
1581794413 0.0000000 0.99985582 0.99968666
1582090065 0.0000000 0.99986833 0.99971807
1582113307 0.0000000 0.99945384 0.99885505
1582546233 0.0000000 0.99968255 0.99930739
1582592414 0.0000000 0.99933767 0.99862719
1582629242 0.0000000 0.48073378 -0.38519728
1582695255 0.0000000 0.99960190 0.99916542
1584677477 0.0000000 0.99970895 0.99938774
1585787701 0.0000000 0.72716314 0.19174087
1586304460 0.0000000 0.99837047 0.99670511
1586389759 0.0000000 0.99968165 0.99935269
1586537097 0.0000000 0.99976391 0.99952495
1586691401 0.0000000 0.99967986 0.99931526
1587481331 0.0000000 0.99925190 0.99837518
1588476280 0.0000000 0.99977338 0.99950999
1589003116 0.0000000 0.99898207 0.99792624
1589548020 0.0000000 0.96852326 0.93545443
1589756010 0.0000000 0.99960303 0.99917531
1589910785 0.0000000 0.97468984 0.94889814
1590311534 0.0000000 0.97155660 0.94118047
1590359490 0.0000000 0.99986774 0.99972492
1590694463 0.0000000 0.99922216 0.99841076
1590843750 0.0000000 0.99963534 0.99918246
1591494563 0.0000000 0.99954492 0.99891680
1591839506 0.0000000 0.99942511 0.99868160
1591921295 0.0000000 0.99971944 0.99937743
1592079539 0.0000000 0.99977726 0.99952149
1592349420 0.0000000 0.99946558 0.99882007
1593214064 0.0000000 0.99982226 0.99962556
1593241888 0.0000000 0.99938649 0.99872136
1593407313 0.0000000 0.99944341 0.99871135
1593435168 0.0000000 0.99959135 0.99906844
1593519432 0.0000000 0.99748409 0.99489975
1594227272 0.0000000 0.99863565 0.99721920
1594265063 0.0000000 0.99970925 0.99934697
1594267923 0.0000000 0.99967772 0.99926519
1594526768 0.0000000 0.99870640 0.99725544
1594546164 0.0000000 0.94569403 0.88658261
1595767949 0.0000000 0.99987459 0.99969929
1597107665 0.0000000 0.99965692 0.99918026
1597123796 0.0000000 0.98417801 0.96821105
1597187246 0.0000000 0.99920857 0.99838620
1597774608 0.0000000 0.98037004 0.96005833
1597797181 0.0000000 0.99684066 0.99367416
1597806811 0.0000000 0.99900502 0.99799079
1598480108 0.0000000 0.99949080 0.99885768
1598847265 0.0000000 0.97491330 0.94882303
1599036279 0.0000000 0.99851120 0.99689072
1600306672 0.0000000 0.99958879 0.99910641
1600646088 0.0000000 0.99770063 0.99536276
1600833602 0.0000000 0.99940217 0.99866945
1601017581 0.0000000 0.99911469 0.99812281
1601326254 0.0000000 0.99979609 0.99954838
1601342057 0.0000000 0.99929053 0.99849892
1601440640 0.0000000 0.99983007 0.99957484
1601863505 0.0000000 0.99898833 0.99791074
1602517184 0.0000000 0.99965495 0.99923682
1602946993 0.0000000 0.99982285 0.99960220
1602947159 0.0000000 0.99879652 0.99755406
1603087586 0.0000000 0.99271047 0.98546511
1603396062 0.0000000 0.91535717 0.80965960
1603674483 0.0000000 0.99972242 0.99934381
1604358861 0.0000000 0.99969268 0.99932277
1604426346 0.0000000 0.99184787 0.98370707
1604601372 0.0000000 0.99970627 0.99934626
1604626818 0.0000000 0.99974841 0.99944293
1605130406 0.0000000 0.99940312 0.99875653
1605130534 0.0000000 0.99788535 0.99575752
1605266102 0.0000000 0.99523151 0.99047321
1605511152 0.0000000 0.99955058 0.99904174
1605551866 0.0000000 0.99470109 0.98942262
1605557664 0.0000000 0.99577200 0.99154526
1605621503 0.0000000 0.99901903 0.99800742
1605662576 0.0000000 0.99762720 0.99508291
1606582085 0.0000000 0.86033463 0.65408623
1606657334 0.0000000 0.99984622 0.99965495
1607578178 0.0000000 0.99980557 0.99957341
1607606398 0.0000000 0.99984646 0.99967533
1607606851 0.0000000 0.99944180 0.99878842
1607624108 0.0000000 0.99959898 0.99908698
1608317519 0.0000000 0.96951270 0.93705928
1608385359 0.0000000 0.88796943 0.73718846
1609436522 0.0000000 0.99930596 0.99840498
1609594007 0.0000000 0.99983877 0.99965560
1610162996 0.0000000 0.68855065 -8.21331739E-02
1610192153 0.0000000 0.99971128 0.99937832
1610249009 0.0000000 0.99968755 0.99933040
1610838659 0.0000000 0.99978757 0.99957609
1611559538 0.0000000 0.99969143 0.99937671
1611565557 0.0000000 0.99881518 0.99759406
1611574763 0.0000000 0.99919015 0.99819684
1611584686 0.0000000 0.95287842 0.89868188
1611818971 0.0000000 0.99970025 0.99938089
