1143536168 0.0000000 0.75284797 0.43361509
1143616861 0.0000000 0.77474391 0.49373007
1143885739 0.0000000 0.89824599 0.75295126
1143885924 0.0000000 0.81337184 0.59103400
1143888020 0.0000000 0.84995735 0.67613739
1144129163 0.0000000 0.83368260 0.65910959
1144133312 0.0000000 0.88512927 0.70201743
1144179006 0.0000000 0.81541431 0.60331714
1144806135 0.0000000 0.79988998 0.58038318
1145140855 0.0000000 0.75138748 0.50862479
1145323561 0.0000000 0.84727770 0.68926936
1146215126 0.0000000 0.75017124 0.39202064
1146944291 0.0000000 0.35279900 -4.1639233
1146966782 0.0000000 0.78795755 0.54032707
1147258751 0.0000000 0.74760288 0.47040111
1149411961 0.0000000 0.99943918 0.99829251
1149467938 0.0000000 0.99536830 0.99025291
1149638545 0.0000000 0.99884605 0.99742913
1149771133 0.0000000 0.99350917 0.98630267
1150128882 0.0000000 0.98984545 0.97860783
1151387381 0.0000000 0.99826056 0.99621874
1154072410 0.0000000 0.99969172 0.99851346
1154182305 0.0000000 0.99876988 0.99724936
1155212722 0.0000000 0.99925369 0.99844277
1155340266 0.0000000 0.99956125 0.99868333
1155354114 0.0000000 0.99142540 0.98210949
1155443514 0.0000000 0.99952501 0.99880487
1156044082 0.0000000 0.94025779 0.86661285
1156698676 0.0000000 0.99969500 0.99912852
1158266854 0.0000000 0.99845600 0.99664652
1159598968 0.0000000 0.99920189 0.99818736
1159684577 0.0000000 0.99971294 0.99941224
1160388105 0.0000000 0.99968642 0.99887228
1160392104 0.0000000 0.99961621 0.99859571
1160549032 0.0000000 0.99750066 0.99422181
1160664389 0.0000000 0.99958736 0.99869001
1163299258 0.0000000 0.99933350 0.99838978
1163456967 0.0000000 0.99964285 0.99911374
1163641819 0.0000000 0.99935460 0.99852431
1164570370 0.0000000 0.99943191 0.99880916
1165358160 0.0000000 0.99952620 0.99887151
1165368969 0.0000000 0.99926317 0.99845648
1166094636 0.0000000 0.99957925 0.99869740
1166561075 0.0000000 0.99959433 0.99886739
1166894907 0.0000000 0.99967664 0.99884355
1167121204 0.0000000 0.99847895 0.99671173
1167135981 0.0000000 0.99975318 0.99900335
1167136317 0.0000000 0.99976194 0.99887890
1167136455 0.0000000 0.99976146 0.99887705
1167136825 0.0000000 0.99874681 0.99697065
1167144800 0.0000000 0.99683148 0.99264216
1167147704 0.0000000 0.99946743 0.99845892
1167154513 0.0000000 0.99911880 0.99756879
1167186639 0.0000000 0.99966228 0.99880368
1167298740 0.0000000 0.97859520 0.95321804
1167318376 0.0000000 0.73135346 7.18352795E-02
1167324678 0.0000000 0.98848259 0.97422171
1167592780 0.0000000 0.95299286 0.89574939
1167604646 0.0000000 0.99851489 0.99669802
1168792515 0.0000000 0.99729967 0.99373394
1168917035 0.0000000 0.99973404 0.99891996
1169006425 0.0000000 0.99971879 0.99921155
1169712716 0.0000000 0.97574335 0.94650728
1169722755 0.0000000 0.99961746 0.99884826
1170262059 0.0000000 0.98507768 0.96846449
1170524118 0.0000000 0.99232197 0.98315161
1171366614 0.0000000 0.99815267 0.99581105
1171423577 0.0000000 0.99844408 0.99627048
1171423831 0.0000000 0.99910694 0.99734581
1171832699 0.0000000 0.99920875 0.99747485
1172178017 0.0000000 0.99957633 0.99877292
1173308237 0.0000000 0.99947947 0.99868149
1173368256 0.0000000 0.99967152 0.99911231
1174197233 0.0000000 0.98649907 0.97143406
1175309106 0.0000000 0.99940991 0.99860400
1175583473 0.0000000 0.99878252 0.99718678
1176242685 0.0000000 0.99861580 0.99688464
1177115546 0.0000000 0.99933201 0.99803793
1177175308 0.0000000 0.99315488 0.98465818
1178992210 0.0000000 0.99968576 0.99893844
1180238725 0.0000000 0.96843112 0.93242759
1180618796 0.0000000 0.99105465 0.97916389
1181939353 0.0000000 0.99917805 0.99826187
1182196765 0.0000000 0.98362529 0.96534777
1182265663 0.0000000 0.99145383 0.98169953
1182396227 0.0000000 0.99884558 0.99745369
1182398897 0.0000000 0.99923700 0.99802780
1184629372 0.0000000 0.99954617 0.99901694
1185198002 0.0000000 0.99974513 0.99926603
1185799546 0.0000000 0.97801340 0.95199674
1185861072 0.0000000 0.99836451 0.99635905
1186620947 0.0000000 0.99967718 0.99846429
1186786330 0.0000000 0.99917513 0.99813944
1188350129 0.0000000 0.99769789 0.99484533
1188356416 0.0000000 0.99941599 0.99831009
1188908193 0.0000000 0.99943000 0.99867618
1188950111 0.0000000 0.94327676 0.87015647
1189101086 0.0000000 0.99966413 0.99876976
1189101321 0.0000000 0.99970037 0.99917525
1189194674 0.0000000 0.99802709 0.99588007
1190442424 0.0000000 0.99961948 0.99913168
1191742755 0.0000000 0.99916351 0.99823129
1192071901 0.0000000 0.99964011 0.99890071
1192632000 0.0000000 0.99960196 0.99908549
1193967194 0.0000000 0.98830456 0.97523499
1194476053 0.0000000 0.99964482 0.99898839
1196283913 0.0000000 0.99974298 0.99937201
1196818902 0.0000000 0.99966806 0.99868166
1196950527 0.0000000 0.99954265 0.99867731
1197715613 0.0000000 0.99604523 0.99194336
1198522115 0.0000000 0.99940568 0.99827594
1200543890 0.0000000 0.64470786 -0.46254373
1200856359 0.0000000 0.99151766 0.98217106
1201442068 0.0000000 0.99859786 0.99652719
1203280382 0.0000000 0.99964672 0.99878764
1203409866 0.0000000 0.99093169 0.98115605
1203790455 0.0000000 0.99829888 0.99624336
1204138448 0.0000000 0.99958187 0.99875867
1204304285 0.0000000 0.99961817 0.99889022
1204490434 0.0000000 0.99277061 0.98434454
1204651907 0.0000000 0.99969262 0.99864006
1204651936 0.0000000 0.99969548 0.99863732
1204670552 0.0000000 0.99899149 0.99713945
1207186072 0.0000000 0.99847221 0.99648017
1208187584 0.0000000 0.99958724 0.99861938
1208931881 0.0000000 0.99970025 0.99923581
1208975321 0.0000000 0.99954468 0.99856418
1208982088 0.0000000 0.99662787 0.99252951
1208988255 0.0000000 0.99946922 0.99874502
1208988552 0.0000000 0.99862057 0.99671453
1209105937 0.0000000 0.99517965 0.98974258
1209216223 0.0000000 0.93046910 0.83860284
1209291757 0.0000000 0.99009597 0.97921687
1209339084 0.0000000 0.99941909 0.99880296
1209362380 0.0000000 0.99629086 0.99205297
1209543825 0.0000000 0.99165946 0.98217505
1209563099 0.0000000 0.99786443 0.99537688
1209583346 0.0000000 0.97819054 0.95293766
1209820628 0.0000000 0.99954724 0.99886715
1209877317 0.0000000 0.99878746 0.99737817
1210448520 0.0000000 0.99960792 0.99879378
1210560189 0.0000000 0.99321401 0.98501533
1210633064 0.0000000 0.99962854 0.99863982
1210703275 0.0000000 0.99946642 0.99804085
1212285435 0.0000000 0.99981177 0.99889517
1212339563 0.0000000 0.99970484 0.99870306
1213107823 0.0000000 0.98001283 0.95707840
1213158817 0.0000000 0.99651706 0.99212557
1213486164 0.0000000 0.99912971 0.99743295
1214086760 0.0000000 0.99531060 0.98999965
1214128508 0.0000000 0.99725991 0.99426872
1214211456 0.0000000 0.67219782 -0.42045128
1214561217 0.0000000 0.99578285 0.99134541
1215221786 0.0000000 0.96189904 0.91957426
1215745668 0.0000000 0.99951464 0.99859059
1215812106 0.0000000 0.99930608 0.99805689
1215812707 0.0000000 0.99658173 0.99225348
1215839910 0.0000000 0.99966556 0.99919832
1215843106 0.0000000 0.99963403 0.99910814
1215961116 0.0000000 0.99960387 0.99855679
1216126809 0.0000000 0.98704118 0.97203600
1216904067 0.0000000 0.99887997 0.99753660
1217616949 0.0000000 0.99972570 0.99942100
1218233114 0.0000000 0.99946177 0.99849689
1218994676 0.0000000 0.99964434 0.99926734
1219291482 0.0000000 0.99625444 0.99205524
1219301591 0.0000000 0.99917769 0.99825382
1219723710 0.0000000 0.99702460 0.99376702
1219772880 0.0000000 0.99898475 0.99791795
1219869253 0.0000000 0.99842358 0.99657506
1220179542 0.0000000 0.99590623 0.99156857
1220742036 0.0000000 0.99948233 0.99883914
1220946193 0.0000000 0.99970186 0.99908632
1221047734 0.0000000 0.99930823 0.99794751
1222614737 0.0000000 0.99867243 0.99728054
1225404477 0.0000000 0.99814391 0.99621964
1225442295 0.0000000 0.99834156 0.99574029
1228187814 0.0000000 0.99957800 0.99896020
1228684717 0.0000000 0.99977934 0.99937832
1229260451 0.0000000 0.99742544 0.99458259
1229658996 0.0000000 0.93287486 0.84561789
1230216280 0.0000000 0.99737287 0.99451482
1230600687 0.0000000 0.99966478 0.99896419
1230860391 0.0000000 0.99300182 0.98491997
1231020274 0.0000000 0.99963957 0.99900091
1231041233 0.0000000 0.99945533 0.99858648
1232714291 0.0000000 0.99953455 0.99822760
1232804891 0.0000000 0.99956882 0.99793816
1233928332 0.0000000 0.99963295 0.99910092
1234166319 0.0000000 0.98878145 0.97580504
1234201315 0.0000000 0.99262053 0.98303932
1234214675 0.0000000 0.99964696 0.99817353
1236731039 0.0000000 0.99958438 0.99860781
1236854628 0.0000000 0.99949914 0.99862617
1237014105 0.0000000 0.99974209 0.99947774
1237159221 0.0000000 0.99967170 0.99898976
1237164701 0.0000000 0.99966156 0.99891859
1237551366 0.0000000 0.99957174 0.99855000
1237619839 0.0000000 0.99933785 0.99835896
1239235949 0.0000000 0.99952155 0.99892247
1239971868 0.0000000 0.99959433 0.99879527
1240678955 0.0000000 0.99945080 0.99883074
1242397863 0.0000000 0.99977952 0.99935335
1242709695 0.0000000 0.99952847 0.99870598
1243376855 0.0000000 0.99982959 0.99871135
1244248765 0.0000000 0.99943030 0.99865556
1245087845 0.0000000 0.99929309 0.99842489
1245407408 0.0000000 0.99964148 0.99915689
1245469469 0.0000000 0.99977386 0.99929744
1245877793 0.0000000 0.99968171 0.99907070
1245881452 0.0000000 0.99968064 0.99898076
1246167876 0.0000000 0.99954426 0.99902439
1246181696 0.0000000 0.99968976 0.99903417
1246182765 0.0000000 0.99965668 0.99925548
1246208530 0.0000000 0.99972671 0.99937570
1246208539 0.0000000 0.99972731 0.99937731
1246598451 0.0000000 0.99970752 0.99917901
1246598488 0.0000000 0.99970114 0.99915153
1246614635 0.0000000 0.99966741 0.99908507
1246985947 0.0000000 0.99974662 0.99917656
1247508302 0.0000000 0.99968123 0.99900240
1247516932 0.0000000 0.99982899 0.99948442
1247654255 0.0000000 0.99965572 0.99918467
1247741293 0.0000000 0.99967927 0.99913812
1247769767 0.0000000 0.99969429 0.99916881
1248159491 0.0000000 0.99953657 0.99903589
1248570012 0.0000000 0.99970996 0.99871159
1248588659 0.0000000 0.99956954 0.99891031
1248872986 0.0000000 0.99979621 0.99953604
1248886386 0.0000000 0.99975771 0.99880087
1249212887 0.0000000 0.99968123 0.99869514
1250467545 0.0000000 0.99979669 0.99912769
1250503855 0.0000000 0.99967319 0.99901438
1250504106 0.0000000 0.99962837 0.99883109
1250601456 0.0000000 0.99967426 0.99906164
1250639275 0.0000000 0.99958724 0.99896085
1250703707 0.0000000 0.99897099 0.99783659
1250777890 0.0000000 0.99970460 0.99908024
1250888264 0.0000000 0.99978608 0.99900073
1250911490 0.0000000 0.99916798 0.99815637
1252249816 0.0000000 0.99755430 0.99419087
1252757125 0.0000000 0.99971986 0.99930894
1254591366 0.0000000 0.99962407 0.99909592
1254664936 0.0000000 0.99962622 0.99894655
1255243328 0.0000000 0.99953479 0.99884582
1256244384 0.0000000 0.99974221 0.99926871
1256252705 0.0000000 0.99946380 0.99871379
1256431794 0.0000000 0.99945420 0.99886996
1257413577 0.0000000 0.99970192 0.99865991
1257413887 0.0000000 0.99966317 0.99879462
1257420861 0.0000000 0.99976790 0.99893886
1257678569 0.0000000 0.99952066 0.99879801
1258065617 0.0000000 0.99933237 0.99845439
1258296469 0.0000000 0.99967176 0.99925852
1258824471 0.0000000 0.99960840 0.99919778
1258926370 0.0000000 0.99974126 0.99947464
1260564405 0.0000000 0.99965018 0.99892300
1260692005 0.0000000 0.99970251 0.99930978
1261227736 0.0000000 0.99971253 0.99899077
1261227864 0.0000000 0.99971735 0.99893367
1261228557 0.0000000 0.99956602 0.99911678
1261232031 0.0000000 0.99964273 0.99918288
1261235533 0.0000000 0.99952841 0.99894565
1261275144 0.0000000 0.99963558 0.99914694
1261713375 0.0000000 0.99970543 0.99911052
1261922241 0.0000000 0.99961972 0.99917406
1262034644 0.0000000 0.99954683 0.99891156
1262237921 0.0000000 0.99961179 0.99920601
1262343689 0.0000000 0.99951071 0.99888766
1262367286 0.0000000 0.99970645 0.99933463
1262622742 0.0000000 0.99252635 0.98404795
1262633257 0.0000000 0.99968171 0.99925321
1263881366 0.0000000 0.99965942 0.99904978
1265523000 0.0000000 0.99969172 0.99884534
1265599504 0.0000000 0.99963892 0.99913889
1265691729 0.0000000 0.99954283 0.99864936
1265942558 0.0000000 0.99965942 0.99878949
1266289887 0.0000000 0.99979496 0.99923074
1266816064 0.0000000 0.99975342 0.99883306
1267146477 0.0000000 0.99968302 0.99906600
1267162697 0.0000000 0.99965131 0.99910295
1267661932 0.0000000 0.99975568 0.99862909
1267662287 0.0000000 0.99961257 0.99877739
1267686434 0.0000000 0.99958342 0.99866742
1267690576 0.0000000 0.99973142 0.99894065
1268040382 0.0000000 0.99976897 0.99885577
1268902896 0.0000000 0.99974215 0.99922973
1268931240 0.0000000 0.99977010 0.99914956
1269644874 0.0000000 0.99962354 0.99907660
1270335780 0.0000000 0.99952406 0.99875736
1270813793 0.0000000 0.99966508 0.99907750
1270961850 0.0000000 0.99968976 0.99912244
1270999307 0.0000000 0.99884069 0.99734938
1271168968 0.0000000 0.99968499 0.99882138
1271191748 0.0000000 0.99970162 0.99888664
1271987388 0.0000000 0.99958777 0.99898583
1272194052 0.0000000 0.99940926 0.99822068
1272250791 0.0000000 0.99979359 0.99933630
1272823213 0.0000000 0.99973434 0.99867040
1274901407 0.0000000 0.99960458 0.99895692
1276535865 0.0000000 0.99967360 0.99932611
1276561877 0.0000000 0.99963993 0.99923384
1276823323 0.0000000 0.99978697 0.99950880
1277440084 0.0000000 0.99971145 0.99933565
1277575551 0.0000000 0.99970961 0.99925119
1277670806 0.0000000 0.99966455 0.99909955
1278097892 0.0000000 0.99975246 0.99906838
1278515743 0.0000000 0.99696547 0.99358857
1278618217 0.0000000 0.99966645 0.99915487
1278636079 0.0000000 0.99968487 0.99921536
1279357457 0.0000000 0.99966526 0.99916255
1279458204 0.0000000 0.99964654 0.99899966
1280029930 0.0000000 0.99978632 0.99898273
1280553485 0.0000000 0.99956149 0.99897426
1280563997 0.0000000 0.99965411 0.99924052
1280587745 0.0000000 0.99958509 0.99880171
1281476617 0.0000000 0.99946421 0.99876416
1282408680 0.0000000 0.99966842 0.99917644
1282415961 0.0000000 0.99963033 0.99879557
1282416480 0.0000000 0.99972469 0.99907207
1283157909 0.0000000 0.99980617 0.99934059
1283540817 0.0000000 0.99958473 0.99896276
1284039008 0.0000000 0.99974757 0.99929094
1284244867 0.0000000 0.99973732 0.99942851
1284952628 0.0000000 0.99963397 0.99924642
1285350982 0.0000000 0.99934405 0.99865150
1285695233 0.0000000 0.99965745 0.99927598
1285876560 0.0000000 0.99971265 0.99922156
1286047392 0.0000000 0.99981433 0.99950355
1286198915 0.0000000 0.99975204 0.99911582
1286865806 0.0000000 0.99939770 0.99864435
1287036373 0.0000000 0.99874896 0.99688417
1289221280 0.0000000 0.99968034 0.99907124
1289567329 0.0000000 0.99972540 0.99925613
1289576340 0.0000000 0.99962962 0.99890286
1290342705 0.0000000 0.99968612 0.99883562
1290784424 0.0000000 0.99973643 0.99935865
1290799240 0.0000000 0.99963754 0.99892098
1291601652 0.0000000 0.99973285 0.99932277
1291689974 0.0000000 0.99957001 0.99889910
1291927327 0.0000000 0.99148250 0.98135686
1292000461 0.0000000 0.96406633 0.91931421
1294804388 0.0000000 0.99979007 0.99896681
1296507195 0.0000000 0.99982429 0.99944329
1296548191 0.0000000 0.99985027 0.99936748
1297058102 0.0000000 0.99970597 0.99930888
1297342916 0.0000000 0.99930942 0.99843097
1297754297 0.0000000 0.99973297 0.99881101
1298970247 0.0000000 0.99882674 0.99733841
1299845150 0.0000000 0.99852717 0.99677068
1300123317 0.0000000 0.99929273 0.99809265
1300281136 0.0000000 0.99925077 0.99806398
1300608051 0.0000000 0.99966729 0.99897677
1301123952 0.0000000 0.99971902 0.99909616
1301458951 0.0000000 0.99964660 0.99896383
1301964194 0.0000000 0.99933541 0.99845308
1302916270 0.0000000 0.99979222 0.99924034
1302961193 0.0000000 0.99948382 0.99858838
1303685617 0.0000000 0.99885201 0.99707544
1304080155 0.0000000 0.99957466 0.99885452
1304082768 0.0000000 0.99969608 0.99850070
1304152538 0.0000000 0.99973857 0.99876922
1304437954 0.0000000 0.99962783 0.99921191
1304717510 0.0000000 0.99945694 0.99863344
1304757333 0.0000000 0.99966645 0.99924713
1306028051 0.0000000 0.99972814 0.99926019
1306098435 0.0000000 0.99958473 0.99878401
1306261925 0.0000000 0.99954349 0.99901110
1307034472 0.0000000 0.99967963 0.99898148
1307669122 0.0000000 0.99963588 0.99922228
1308478735 0.0000000 0.99970490 0.99915630
1309048281 0.0000000 0.99987781 0.99972141
1309094354 0.0000000 0.99961227 0.99874562
1309326569 0.0000000 0.98232293 0.96235609
1309474048 0.0000000 0.99976116 0.99949265
1309601047 0.0000000 0.99838382 0.99636638
1309696244 0.0000000 0.99967641 0.99919534
1309953539 0.0000000 0.99970710 0.99930018
1310469430 0.0000000 0.99959391 0.99910504
1310541580 0.0000000 0.99929339 0.99828863
1310928323 0.0000000 0.99955428 0.99910426
1311000534 0.0000000 0.99970442 0.99925107
1311084070 0.0000000 0.99966365 0.99920559
1311142337 0.0000000 0.99960029 0.99903977
1311692424 0.0000000 0.99697822 0.99351221
1313100452 0.0000000 0.99971497 0.99942386
1314264913 0.0000000 0.99965751 0.99918610
1314789752 0.0000000 0.99951583 0.99855143
1315538819 0.0000000 0.99960601 0.99870944
1315635988 0.0000000 0.99156928 0.98204380
1315804512 0.0000000 0.99963951 0.99922276
1316643513 0.0000000 0.99961346 0.99922603
1316653258 0.0000000 0.99968165 0.99933982
1317835272 0.0000000 0.85251939 0.61053407
1318175665 0.0000000 0.99976754 0.99942166
1318478724 0.0000000 0.99957108 0.99901581
1319945023 0.0000000 0.99959356 0.99914777
1320074224 0.0000000 0.99969155 0.99937683
1320721143 0.0000000 0.99970835 0.99928236
1321061921 0.0000000 0.99971443 0.99929434
1322787324 0.0000000 0.99967778 0.99929595
1322993584 0.0000000 0.99986351 0.99972624
1323861170 0.0000000 0.99963433 0.99909037
1323909341 0.0000000 0.99981618 0.99955100
1324582798 0.0000000 0.99971640 0.99932522
1325660397 0.0000000 0.99969083 0.99919999
1326181267 0.0000000 0.99912328 0.99816209
1326728445 0.0000000 0.99746072 0.99457365
1327107001 0.0000000 0.99977070 0.99934262
1327480583 0.0000000 0.99955505 0.99908358
1327824459 0.0000000 0.99978310 0.99940258
1328324062 0.0000000 0.99981683 0.99950570
1328459111 0.0000000 0.99922872 0.99836487
1330223700 0.0000000 0.99977732 0.99943084
1330883534 0.0000000 0.99948782 0.99884379
1332071890 0.0000000 0.99959105 0.99911284
1332086295 0.0000000 0.99387670 0.98753846
1332373478 0.0000000 0.99964446 0.99919534
1333258441 0.0000000 0.99935520 0.99861538
1333828758 0.0000000 0.99982983 0.99950570
1333921411 0.0000000 0.99978286 0.99937415
1334227165 0.0000000 0.99956703 0.99908823
1334800688 0.0000000 0.99968451 0.99924350
1335409258 0.0000000 0.97306603 0.94403666
1335538115 0.0000000 0.99968195 0.99921972
1338362741 0.0000000 0.99968976 0.99921918
1338842309 0.0000000 0.99980152 0.99946141
1338890190 0.0000000 0.99979162 0.99939460
1339216879 0.0000000 0.99965245 0.99925280
1339275618 0.0000000 0.99979663 0.99951899
1339278860 0.0000000 0.99969947 0.99933267
1339309409 0.0000000 0.99974984 0.99944729
1339575740 0.0000000 0.99967986 0.99925447
1339598466 0.0000000 0.99959654 0.99917483
1339646879 0.0000000 0.99962938 0.99925047
1339690513 0.0000000 0.99970084 0.99938488
1339702255 0.0000000 0.99963397 0.99918306
1339923712 0.0000000 0.99976689 0.99947262
1341299876 0.0000000 0.99956435 0.99901563
1341924177 0.0000000 0.99972939 0.99937344
1342405200 0.0000000 0.99900645 0.99800098
1344277570 0.0000000 0.99943197 0.99876231
1344910008 0.0000000 0.99972898 0.99929041
1344941743 0.0000000 0.99974668 0.99924141
1345138860 0.0000000 0.99980205 0.99911451
1345234802 0.0000000 0.99975771 0.99940485
1346380382 0.0000000 0.89894331 0.75731903
1346415099 0.0000000 0.99970436 0.99922609
1346415834 0.0000000 0.99968410 0.99929100
1346788818 0.0000000 0.99974030 0.99935263
1346816730 0.0000000 0.99972808 0.99935913
1348523853 0.0000000 0.99958253 0.99907726
1350722979 0.0000000 0.99971360 0.99937928
1350800865 0.0000000 0.99338263 0.98642606
1351161077 0.0000000 0.99971694 0.99936956
1352122829 0.0000000 0.99940830 0.99839890
1352554787 0.0000000 0.99454492 0.98878485
1353431341 0.0000000 0.99969387 0.99925900
1353536726 0.0000000 0.99974024 0.99937397
1354158772 0.0000000 0.99949783 0.99891138
1354470336 0.0000000 0.99971396 0.99935979
1354477411 0.0000000 0.99965757 0.99923801
1354976814 0.0000000 0.99978352 0.99932474
1355221924 0.0000000 0.99976581 0.99923486
1356243184 -0.60000002 0.31983685 -1.1973419
1356319072 0.0000000 0.99961835 0.99909812
1356487597 0.0000000 0.99978518 0.99938649
1356883405 0.0000000 0.99974579 0.99945509
1357128106 0.0000000 0.99968362 0.99910724
1357236484 0.0000000 0.99980700 0.99931461
1357270197 0.0000000 0.99982172 0.99945712
1357331931 0.0000000 0.99969161 0.99912840
1357541346 0.0000000 0.99967915 0.99920559
1357994057 0.0000000 0.99976122 0.99940187
1358411441 0.0000000 0.99967283 0.99931693
1358708986 0.0000000 0.99970454 0.99936080
1359776392 0.0000000 0.99979818 0.99937409
1361064727 0.0000000 0.88947916 0.18707168
1361239965 0.0000000 0.99966240 0.99929398
1361256759 0.0000000 0.99955285 0.99908859
1361373628 0.0000000 0.99923682 0.99837404
1361471757 0.0000000 0.99957734 0.99880636
1361665659 0.0000000 0.99919260 0.99838275
1362386544 0.0000000 0.99930328 0.99856454
1362609444 0.0000000 0.99970752 0.99939960
1362627405 0.0000000 0.54549903 -0.87625742
1362643640 0.0000000 0.99928051 0.99854624
1363079024 0.0000000 0.99974668 0.99941730
1363764120 0.0000000 0.99977875 0.99951196
1364349799 0.0000000 0.99979115 0.99955857
1364349845 0.0000000 0.99985510 0.99967462
1364355002 0.0000000 0.99967641 0.99933678
1364690983 0.0000000 0.99840105 0.99670869
1365625224 0.0000000 0.99967533 0.99929500
1366061297 0.0000000 0.95033026 0.89387161
1366432589 0.0000000 0.99975085 0.99948645
1366513671 0.0000000 0.99969596 0.99938476
1369110346 0.0000000 0.99991506 0.99979043
1369124755 0.0000000 0.99978042 0.99950409
1369791239 0.0000000 0.99977696 0.99949574
1369883683 0.0000000 0.99976045 0.99951416
1370118743 0.0000000 0.99959326 0.99910802
1370151783 0.0000000 0.99970567 0.99940795
1370623082 0.0000000 0.99973869 0.99942476
1372241957 0.0000000 0.99974298 0.99942493
1372463510 0.0000000 0.99982083 0.99958020
1373829868 0.0000000 0.99974102 0.99947280
1373895699 0.0000000 0.99968243 0.99932241
1373969495 0.0000000 0.99908298 0.99816579
1374677225 0.0000000 0.99962795 0.99925840
1374679935 0.0000000 0.99965787 0.99927610
1376837821 0.0000000 0.99978280 0.99954873
1377205321 0.0000000 0.99893260 0.99778110
1377355603 0.0000000 0.99975228 0.99939138
1377407246 0.0000000 0.99883622 0.99759930
1378247005 0.0000000 0.99959219 0.99905050
1378467231 0.0000000 0.99970680 0.99941218
1379475197 0.0000000 0.99978352 0.99954987
1380542719 0.0000000 0.99966407 0.99930114
1381466759 0.0000000 0.99976444 0.99949539
1381684855 0.0000000 0.99974322 0.99948150
1382170436 0.0000000 0.99384397 0.98742777
1382919848 0.0000000 0.99949306 0.99888599
1383069011 0.0000000 0.99910867 0.99807024
1383085061 0.0000000 0.99962318 0.99921840
1383220929 0.0000000 0.89853740 0.70794725
1383227120 0.0000000 0.99950492 0.99896437
1383227831 0.0000000 0.99949569 0.99897730
1383234448 0.0000000 0.99959815 0.99919736
1383263545 0.0000000 0.99943340 0.99885768
1383450194 0.0000000 0.99966407 0.99931395
1383519374 0.0000000 0.99959904 0.99919742
1383809110 0.0000000 0.99978566 0.99946588
1383809501 0.0000000 0.99971712 0.99943310
1383989687 0.0000000 0.99961263 0.99917060
1384145710 0.0000000 0.99971974 0.99944174
1384544358 0.0000000 0.99976546 0.99947834
1385019362 0.0000000 0.99955094 0.99908888
1386347977 0.0000000 0.94704926 0.88612908
1386357780 0.0000000 0.99975330 0.99939412
1387916955 0.0000000 0.99958009 0.99913448
1389034180 0.0000000 0.99975622 0.99950653
1389204911 0.0000000 0.99967122 0.99930227
1389717867 0.0000000 0.99966645 0.99933261
1389724692 0.0000000 0.99975729 0.99949819
1389729005 0.0000000 0.99976838 0.99952364
1389740803 0.0000000 0.99951172 0.99899912
1389904819 0.0000000 0.99948305 0.99894506
1390517490 0.0000000 0.99957812 0.99914980
1390619771 0.0000000 0.99957412 0.99907631
1391790286 0.0000000 0.99963504 0.99917191
1393014317 0.0000000 0.99965686 0.99925071
1393065064 0.0000000 0.99919325 0.99834406
1393759985 0.0000000 0.99920869 0.99838102
1393791078 0.0000000 0.99964750 0.99908441
1394913876 0.0000000 0.99964076 0.99920756
1395061976 0.0000000 0.99965727 0.99919313
1395231566 0.0000000 0.99975795 0.99944329
1397097485 0.0000000 0.99965090 0.99914050
1397746253 0.0000000 0.99958253 0.99901235
1398443585 0.0000000 0.99974453 0.99943203
1399207416 0.0000000 0.99972194 0.99941403
1399278483 0.0000000 0.99976504 0.99939644
1399745740 0.0000000 0.99952054 0.99891806
1399746271 0.0000000 0.99972254 0.99935293
1400631673 0.0000000 0.99970353 0.99938899
1401021673 0.0000000 0.99968249 0.99936348
1401296286 0.0000000 0.99878460 0.99751252
1402085900 0.0000000 0.99933958 0.99865133
1402313583 0.0000000 0.99880046 0.99748743
1402624068 0.0000000 0.99772906 0.99543077
1402784563 0.0000000 0.99955040 0.99907619
1403034553 0.0000000 0.99962682 0.99923933
1403317269 0.0000000 0.99976414 0.99949992
1403439974 0.0000000 0.99970376 0.99940664
1404774365 0.0000000 0.99971467 0.99939400
1404925818 0.0000000 0.99948418 0.99892610
1405577514 0.0000000 0.99975622 0.99950463
1407296767 0.0000000 0.99938852 0.99876142
1407544588 0.0000000 0.93582243 0.85533881
1408047770 0.0000000 0.99930406 0.99859399
1410046387 0.0000000 0.99980044 0.99958485
1410325949 0.0000000 0.99967456 0.99933887
1410382444 0.0000000 0.99919093 0.99831700
1411247643 0.0000000 0.99958462 0.99916655
1411641303 0.0000000 0.99963665 0.99926084
1412009058 0.0000000 0.99670607 0.99337751
1412705290 0.0000000 0.99959511 0.99918568
1413207959 0.0000000 0.93381399 0.84759527
1414298821 0.0000000 0.99971664 0.99933553
1416419181 0.0000000 0.99973375 0.99946094
1416419227 0.0000000 0.99972743 0.99944735
1416540553 0.0000000 0.99962693 0.99925172
1417557685 0.0000000 0.99979228 0.99933040
1417655668 0.0000000 0.99959117 0.99916309
1418245419 0.0000000 0.99972075 0.99943793
1418533563 0.0000000 0.99936509 0.99868041
1419682925 0.0000000 0.99959809 0.99912733
1419947441 0.0000000 0.99886286 0.99769908
1419995164 0.0000000 0.99975961 0.99951208
1420012476 0.0000000 0.99967062 0.99932158
1420437226 0.0000000 0.99965578 0.99923682
1420606112 0.0000000 0.99966288 0.99929893
1420742654 0.0000000 0.98873925 0.97677511
1421435535 0.0000000 0.99977922 0.99947017
1421639313 0.0000000 0.99950552 0.99886763
1422083726 0.0000000 0.99939424 0.99872363
1422374758 0.0000000 0.99835706 0.99644774
1422958210 0.0000000 0.99745369 0.99482888
1423037687 0.0000000 0.99966687 0.99933028
1423603888 0.0000000 0.79935658 0.41787606
1423726535 0.0000000 0.99960601 0.99912715
1423857991 0.0000000 0.99972856 0.99922854
1424969403 0.0000000 0.99968886 0.99937320
1426114954 0.0000000 0.99954748 0.99907523
1426344314 0.0000000 0.99978542 0.99951494
1426852891 0.0000000 0.99944371 0.99871945
1427105631 0.0000000 0.99970901 0.99922621
1427483378 0.0000000 0.99908835 0.99811476
1428208678 0.0000000 0.99957079 0.99909627
1428320250 0.0000000 0.99966270 0.99919337
1428945237 0.0000000 0.99976778 0.99952048
1429127316 0.0000000 0.99921101 0.99831146
1429494176 0.0000000 0.99974424 0.99936187
1429494550 0.0000000 0.99970734 0.99925131
1429528847 0.0000000 0.99967879 0.99911946
1429530313 0.0000000 0.99970526 0.99930733
1429531199 0.0000000 0.99972516 0.99928576
1429992097 0.0000000 0.99980628 0.99953914
1430658547 0.0000000 0.99974632 0.99932528
1431333501 0.0000000 0.99971253 0.99923289
1431387795 0.0000000 0.99958378 0.99916124
1431628549 0.0000000 0.99954766 0.99894804
1432588969 0.0000000 0.99966824 0.99932927
1432601816 0.0000000 0.99975860 0.99943125
1432799863 0.0000000 0.99975759 0.99937850
1434467768 0.0000000 0.99966997 0.99919057
1434867330 0.0000000 0.99969071 0.99927515
1435335400 0.0000000 0.99954331 0.99905914
1438066750 0.0000000 0.79538292 0.61989337
1438936857 0.0000000 0.99968266 0.99935108
1439209234 0.0000000 0.92150301 0.82384759
1439418087 0.0000000 0.98404473 0.96723777
1439474882 0.0000000 0.99972135 0.99939054
1441113885 0.0000000 0.99964815 0.99922836
1441128847 0.0000000 0.99975830 0.99944848
1441160293 0.0000000 0.99967968 0.99933833
1441898607 0.0000000 0.99973720 0.99938691
1442339782 0.0000000 0.99987710 0.99962878
1442345855 0.0000000 0.99986082 0.99953544
1442345878 0.0000000 0.99978340 0.99955434
1442408939 0.0000000 0.99985212 0.99947369
1442410226 0.0000000 0.99977916 0.99939138
1442413798 0.0000000 0.99983740 0.99965024
1443074281 0.0000000 0.99931663 0.99858814
1444648487 0.0000000 0.99911034 0.99771607
1444736944 0.0000000 0.99933589 0.99865395
1444953165 0.0000000 0.99936658 0.99864620
1444953267 0.0000000 0.99943525 0.99885297
1445014914 0.0000000 0.99933195 0.99864024
1445221055 0.0000000 0.99899918 0.99734944
1445233331 0.0000000 0.99911094 0.99721855
1445239215 0.0000000 0.99925339 0.99753875
1446412182 0.0000000 0.99954474 0.99855375
1446412281 0.0000000 0.99913538 0.99742156
1446509184 0.0000000 0.99905717 0.99752915
1446509190 0.0000000 0.99905735 0.99752939
1446714386 0.0000000 0.99927402 0.99848700
1447167192 0.0000000 0.99936581 0.99866617
1447255999 0.0000000 0.99925154 0.99835646
1447277516 0.0000000 0.99914712 0.99787462
1448316095 0.0000000 0.97751623 0.95224261
1448671943 0.0000000 0.99904567 0.99798232
1449033717 0.0000000 0.99943495 0.99861383
1449035580 0.0000000 0.99900156 0.99772269
1449153073 0.0000000 0.99901187 0.99783391
1449935242 0.0000000 0.99883652 0.99750447
1450510821 0.0000000 0.95542413 0.90223217
1450536811 0.0000000 0.99403030 0.98761731
1450992022 0.0000000 0.99923718 0.99804199
1451199638 0.0000000 0.99897850 0.99773258
1451327726 0.0000000 0.99910021 0.99809384
1451523194 0.0000000 0.99282014 0.98407328
1451829690 0.0000000 0.99931973 0.99811655
1451928000 0.0000000 0.99587268 0.99072891
1453824336 0.0000000 0.99661422 0.99297422
1454422761 0.0000000 0.99965233 0.99914706
1454702246 0.0000000 0.99968868 0.99933124
1454702308 0.0000000 0.99968183 0.99931020
1454702406 0.0000000 0.99954736 0.99908590
1454702512 0.0000000 0.99948686 0.99875915
1454978820 0.0000000 0.99938190 0.99870360
1455590759 0.0000000 0.99962473 0.99917215
1455595494 0.0000000 0.99958622 0.99915856
1455757779 0.0000000 0.99969769 0.99939722
1455758311 0.0000000 0.99966258 0.99932975
1456215987 0.0000000 0.99957860 0.99907893
1456541993 0.0000000 0.99917579 0.99825704
1457201466 0.0000000 0.99945110 0.99887109
1457276938 0.0000000 0.99879009 0.99752063
1459152479 0.0000000 0.99923986 0.99843735
1459502085 0.0000000 0.99697816 0.99372911
1459988008 0.0000000 0.99828219 0.99642420
1460294506 0.0000000 0.99881786 0.99757010
1460353509 0.0000000 0.99960065 0.99912965
1460804146 0.0000000 0.99945623 0.99887055
1461082597 0.0000000 0.99933863 0.99850976
1461607991 0.0000000 0.99906766 0.99802214
1461770234 0.0000000 0.99952960 0.99876910
1461770257 0.0000000 0.99960947 0.99900579
1461770858 0.0000000 0.99957728 0.99908149
1461781146 0.0000000 0.99947566 0.99893814
1461806086 0.0000000 0.99949735 0.99887961
1462056417 0.0000000 0.99962968 0.99919385
1462199340 0.0000000 0.99961531 0.99922770
1462521203 0.0000000 0.99953067 0.99900895
1462632669 0.0000000 0.99958110 0.99910617
1462675593 0.0000000 0.99940610 0.99877954
1463023035 0.0000000 0.99938703 0.99874860
1463023251 0.0000000 0.99901515 0.99801910
1463023282 0.0000000 0.99879938 0.99758768
1463027395 0.0000000 0.99955982 0.99907905
1463127852 0.0000000 0.99953651 0.99905854
1463195522 0.0000000 0.99963433 0.99916929
1463196768 0.0000000 0.99953777 0.99906582
1463530965 0.0000000 0.99936360 0.99871176
1463863900 0.0000000 0.99958402 0.99916500
1463882779 0.0000000 0.99949992 0.99899393
1464184475 0.0000000 0.99519694 0.99020314
1464544116 0.0000000 0.99939179 0.99875730
1464576767 0.0000000 0.99969244 0.99937069
1464630651 0.0000000 0.99940073 0.99878067
1464672226 0.0000000 0.99948800 0.99889565
1466204142 0.0000000 0.99924189 0.99839729
1466383187 0.0000000 0.99945086 0.99889189
1466409210 0.0000000 0.99950212 0.99891716
1466715930 0.0000000 0.99955362 0.99909687
1467361422 0.0000000 0.99944991 0.99888414
1469019333 0.0000000 0.99944222 0.99861813
1469592155 0.0000000 0.99939066 0.99875551
1471008941 0.0000000 0.99952227 0.99897599
1471908408 0.0000000 0.99919927 0.99839413
1472660934 0.0000000 0.99926639 0.99827451
1473440050 0.0000000 0.99884349 0.99768263
1475055492 0.0000000 0.99922723 0.99836183
1475769120 0.0000000 0.99953890 0.99901384
1477370752 0.0000000 0.99942505 0.99884033
1478519786 0.0000000 0.99932593 0.99855882
1478903131 0.0000000 0.99943626 0.99887270
1480024554 0.0000000 0.99938899 0.99877638
1480377579 0.0000000 0.99657375 0.99313432
1480507474 0.0000000 0.99934351 0.99865186
1481256588 0.0000000 0.99939263 0.99861854
1481811269 0.0000000 0.99946231 0.99887228
1483057851 0.0000000 0.99900961 0.99793124
1483513641 0.0000000 0.99888277 0.99769515
1484155863 0.0000000 0.99858820 0.99716711
1484797338 0.0000000 0.96577388 0.92917788
1484900187 0.0000000 0.99898607 0.99786866
1485329586 0.0000000 0.99920082 0.99839431
1486746772 0.0000000 0.99962920 0.99924117
1487420859 0.0000000 0.99822915 0.99643791
1487652197 0.0000000 0.99635202 0.99268824
1488212310 0.0000000 0.99909955 0.99817193
1488924651 0.0000000 0.99916351 0.99830931
1489967289 0.0000000 0.99918699 0.99828738
1490066029 0.0000000 0.73882651 0.24689966
1490805242 0.0000000 0.99744225 0.99487162
1492112471 0.0000000 0.99912435 0.99821603
1492367656 0.0000000 0.99883193 0.99765033
1493517442 0.0000000 0.99932694 0.99862605
1493960850 0.0000000 0.99855137 0.99708760
1493986611 0.0000000 0.75845802 0.22545320
1494889974 0.0000000 0.99930716 0.99855995
1494932580 0.0000000 0.99900079 0.99799162
1495631454 0.0000000 0.99929065 0.99840593
1495691291 0.0000000 0.99899542 0.99786168
1495956669 0.0000000 0.99742782 0.99459428
1495999757 0.0000000 0.99896049 0.99789751
1496582686 0.0000000 0.99938673 0.99873096
1497967350 0.0000000 0.75782096 0.24192846
1498029939 0.0000000 0.99950844 0.99863732
1500318986 0.0000000 0.99866521 0.99718225
1501139292 0.0000000 0.99684352 0.99367523
1501845585 0.0000000 0.99940181 0.99876261
1502294736 0.0000000 0.99904633 0.99805421
1502416734 0.0000000 0.99903107 0.99801868
1502582915 0.0000000 0.99863321 0.99724835
1504364658 0.0000000 0.99823445 0.99638110
1505096741 0.0000000 0.99875319 0.99731880
1505687994 0.0000000 0.99897963 0.99787444
1505917796 0.0000000 0.99917781 0.99834996
1506232185 0.0000000 0.99918914 0.99834424
1506549399 0.0000000 0.99611449 0.99222249
1507505391 0.0000000 0.99848837 0.99696648
1507747520 0.0000000 0.99901551 0.99784333
1508582157 0.0000000 0.99743259 0.99483186
1509318944 0.0000000 0.99956316 0.99911845
1509677295 0.0000000 0.99954599 0.99895620
1509677339 0.0000000 0.99954206 0.99894935
1509752088 0.0000000 0.99883628 0.99764735
1510398879 0.0000000 0.99866265 0.99714494
1510402973 0.0000000 0.99927610 0.99840277
1510440860 0.0000000 0.99907738 0.99793434
1510947032 0.0000000 0.99847966 0.99692857
1511360409 0.0000000 0.99931645 0.99845529
1511470532 0.0000000 0.99930841 0.99843901
1512230735 0.0000000 0.99610150 0.99183041
1512377977 0.0000000 0.99840248 0.99680024
1512704669 0.0000000 0.99919552 0.99836630
1513120660 0.0000000 0.99903029 0.99797690
1516168751 0.0000000 0.99923527 0.99833536
1516984288 0.0000000 0.99924970 0.99840659
1517686257 0.0000000 0.99895960 0.99782151
1517749972 0.0000000 0.99911118 0.99808294
1517752600 0.0000000 0.99933159 0.99866444
1517752662 0.0000000 0.99916852 0.99830121
1517753127 0.0000000 0.99866819 0.99732822
1517753452 0.0000000 0.99906158 0.99810249
1517753522 0.0000000 0.99908125 0.99814147
1517753592 0.0000000 0.99913031 0.99821973
1517753815 0.0000000 0.99936986 0.99853724
1517758427 0.0000000 0.99912661 0.99821484
1517763262 0.0000000 0.99892676 0.99783385
1517821602 0.0000000 0.99895495 0.99788439
1517823894 0.0000000 0.99924517 0.99844807
1517846321 0.0000000 0.99921685 0.99841255
1517852233 0.0000000 0.99918681 0.99837011
1517893754 0.0000000 0.99908602 0.99810135
1517906208 0.0000000 0.99931830 0.99861062
1517932241 0.0000000 0.99889165 0.99763334
1517932280 0.0000000 0.99930513 0.99859583
1517932282 0.0000000 0.99930632 0.99861342
1517932427 0.0000000 0.99906582 0.99811697
1517932434 0.0000000 0.99906516 0.99811500
1517932492 0.0000000 0.99908042 0.99814504
1517933877 0.0000000 0.99883389 0.99766791
1517940013 0.0000000 0.99955833 0.99878240
1517940459 0.0000000 0.99907136 0.99814445
1517944528 0.0000000 0.99957520 0.99908853
1517945796 0.0000000 0.99921781 0.99834853
1517950582 0.0000000 0.99883771 0.99752772
1517958702 0.0000000 0.99926329 0.99851960
1517960631 0.0000000 0.99875730 0.99751836
1517969882 0.0000000 0.99948907 0.99893981
1517974578 0.0000000 0.99930131 0.99859625
1517998787 0.0000000 0.99925768 0.99850351
1518001985 0.0000000 0.99918789 0.99826890
1518008800 0.0000000 0.99945992 0.99890608
1518008880 0.0000000 0.99924171 0.99846011
1518013159 0.0000000 0.99934894 0.99867725
1518016890 0.0000000 0.99952847 0.99903822
1518016916 0.0000000 0.99961460 0.99922544
1518051257 0.0000000 0.99885827 0.99770528
1518059164 0.0000000 0.99867123 0.99733716
1518142443 0.0000000 0.99888915 0.99772006
1518201789 0.0000000 0.99925840 0.99847585
1518248929 0.0000000 0.99932855 0.99862611
1518858396 0.0000000 0.99737847 0.99473119
1518981709 0.0000000 0.99864173 0.99722809
1519051621 0.0000000 0.99891102 0.99746066
1519254641 0.0000000 0.99890637 0.99781847
1519583320 0.0000000 0.99945354 0.99888647
1519962147 0.0000000 0.99935716 0.99869567
1520098551 0.0000000 0.99920821 0.99830896
1520329330 0.0000000 0.99889433 0.99768388
1521024527 0.0000000 0.99910396 0.99817461
1521537776 0.0000000 0.99942648 0.99873120
1521728871 0.0000000 0.99897867 0.99791437
1522232997 0.0000000 0.99933010 0.99858421
1522282670 0.0000000 0.99906403 0.99789488
1522598524 0.0000000 0.99861544 0.99698788
1523432369 0.0000000 0.99708635 0.99417019
1523886539 0.0000000 0.99891746 0.99778849
1524201906 0.0000000 0.99730182 0.99457318
1524248877 0.0000000 0.99578661 0.99157745
1524308214 0.0000000 0.99555171 0.99102747
1524503432 0.0000000 0.99922085 0.99840140
1524721460 0.0000000 0.99642271 0.99284559
1524721601 0.0000000 0.99347931 0.98686403
1524808553 0.0000000 0.99650097 0.99299884
1525218424 0.0000000 0.99955094 0.99909168
1526098666 0.0000000 0.99876094 0.99748063
1527728598 0.0000000 0.99908149 0.99814862
1527904870 0.0000000 0.99930012 0.99813861
1528731725 0.0000000 0.99909037 0.99816006
1528750347 0.0000000 0.99908751 0.99814260
1528856173 0.0000000 0.97839236 0.95546514
1529096035 0.0000000 0.99895197 0.99777329
1529334375 0.0000000 0.99759459 0.99501920
1529522338 0.0000000 0.99925405 0.99849957
1530516370 0.0000000 0.99904090 0.99799436
1530516385 0.0000000 0.99904186 0.99799567
1530609654 0.0000000 0.99933690 0.99859440
1531312909 0.0000000 0.99863654 0.99726403
1531507119 0.0000000 0.99894863 0.99785554
1532050755 0.0000000 0.99798006 0.99596190
1533217098 0.0000000 0.99927473 0.99848622
1533504622 0.0000000 0.99786192 0.99563861
1533801692 0.0000000 0.99341464 0.98680145
1534500582 0.0000000 0.99914503 0.99788839
1534551317 0.0000000 0.99951547 0.99895847
1535572403 0.0000000 0.99842346 0.99682873
1535660064 0.0000000 0.99831700 0.99643689
1536498994 0.0000000 0.99898612 0.99757612
1536641006 0.0000000 0.99906081 0.99805331
1536700815 0.0000000 0.99835891 0.99633867
1538633849 0.0000000 0.99306345 0.98616856
1538766649 0.0000000 0.92910254 0.84099489
1539072778 0.0000000 0.99794716 0.99578696
1539164591 0.0000000 0.99923486 0.99833739
1540269298 0.0000000 0.99953073 0.99880314
1540310644 0.0000000 0.99933976 0.99862522
1541624711 0.0000000 0.99925721 0.99849349
1541712486 0.0000000 0.99870843 0.99736750
1542328459 0.0000000 0.99854922 0.99699324
1542608341 0.0000000 0.99935555 0.99868572
1542638415 0.0000000 0.99931443 0.99852502
1542645094 0.0000000 0.99882603 0.99748403
1543190243 0.0000000 0.99960583 0.99906737
1543191316 0.0000000 0.99152136 0.98308861
1543236658 0.0000000 0.99803764 0.99597108
1543238642 0.0000000 0.99144518 0.98295206
1543314575 0.0000000 0.99756080 0.99509799
1544368541 0.0000000 0.99892968 0.99785686
1544439487 0.0000000 0.99631530 0.99259043
1544621063 0.0000000 0.99885446 0.99755251
1544908865 0.0000000 0.99891597 0.99778128
1545710204 0.0000000 0.99691039 0.99376106
1546538568 0.0000000 0.99944484 0.99884963
1546949806 0.0000000 0.99902064 0.99795091
1548127166 0.0000000 0.99885368 0.99770528
1548825695 0.0000000 0.99921507 0.99843049
1548861293 0.0000000 0.99836171 0.99671906
1549366351 0.0000000 0.99860203 0.99680144
1549558324 0.0000000 0.99889201 0.99765527
1550239687 0.0000000 0.99890536 0.99777949
1551558867 0.0000000 0.83473074 0.56952083
1552012334 0.0000000 0.99895710 0.99791294
1552127531 0.0000000 0.98439640 0.96894860
1552421955 0.0000000 0.99927700 0.99826372
1552451554 0.0000000 0.99889332 0.99775469
1552511242 0.0000000 0.99824071 0.99643046
1552697151 0.0000000 0.99607366 0.99214959
1552968094 0.0000000 0.99884421 0.99742794
1553256348 0.0000000 0.99820834 0.99624032
1553414210 0.0000000 0.99596900 0.99176252
1554087275 0.0000000 0.99816746 0.99601597
1554172029 0.0000000 0.95802629 0.91173452
1554256375 0.0000000 0.99934328 0.99843949
1554343015 0.0000000 0.99923056 0.99843222
1554382610 0.0000000 0.99860585 0.99712223
1554499495 0.0000000 0.99359679 0.98722970
1554706689 0.0000000 0.99632126 0.99258953
1554822801 0.0000000 0.99897224 0.99782205
1554841453 0.0000000 0.99878228 0.99746197
1554850672 0.0000000 0.99886912 0.99771506
1555563667 0.0000000 0.76348531 8.40574503E-02
1556793883 0.0000000 0.99931264 0.99836367
1556970683 0.0000000 0.95305914 0.90223157
1557330527 0.0000000 0.99894869 0.99787706
1557737721 0.0000000 0.99887443 0.99729079
1558197514 0.0000000 0.99906653 0.99811095
1558379328 0.0000000 0.98609585 0.97235179
1558489044 0.0000000 0.99905699 0.99809790
1558591969 0.0000000 0.99886632 0.99765956
1559317998 0.0000000 0.99824452 0.99644613
1559641578 0.0000000 0.99940383 0.99875665
1559762840 0.0000000 0.99881709 0.99756312
1560870606 0.0000000 0.90068489 0.78013325
1561237205 0.0000000 0.99804050 0.99606645
1561242160 0.0000000 0.99845171 0.99687010
1561825206 0.0000000 0.99886429 0.99730730
1561837452 0.0000000 0.99921715 0.99842012
1562610935 0.0000000 0.99934649 0.99867463
1562880116 0.0000000 0.99933755 0.99867928
1563275550 0.0000000 0.99852222 0.99678892
1563531230 0.0000000 0.99824196 0.99646306
1563768365 0.0000000 0.98243916 0.96479541
1563850922 0.0000000 0.99849254 0.99672854
1564123196 0.0000000 0.99925447 0.99834561
1564190683 0.0000000 0.99943084 0.99880815
1564649429 0.0000000 0.99583983 0.99169320
1564753988 0.0000000 0.99899411 0.99765050
1564784683 0.0000000 0.99896961 0.99783230
1565054388 0.0000000 0.99904633 0.99790919
1565055090 0.0000000 0.99919707 0.99828988
1565213283 0.0000000 0.99960864 0.99894071
1565218942 0.0000000 0.99908996 0.99798572
1565905300 0.0000000 0.99882638 0.99705923
1566053525 0.0000000 0.99908221 0.99804318
1566053530 0.0000000 0.99908274 0.99804366
1566074882 0.0000000 0.99690706 0.99375546
1566101114 0.0000000 0.99916494 0.99828434
1566598377 0.0000000 0.76081944 0.27688217
1566648618 0.0000000 0.99870944 0.99698812
1567237819 0.0000000 0.99840069 0.99670470
1567471650 0.0000000 0.99850702 0.99686939
1567604000 0.0000000 0.99809206 0.99613070
1567917359 0.0000000 0.99918371 0.99809754
1568005668 0.0000000 0.99804401 0.99609172
1568095682 0.0000000 0.99925137 0.99849039
1569863578 0.0000000 0.99757761 0.99490428
1570468626 0.0000000 0.99919045 0.99818969
1571312673 0.0000000 0.99929625 0.99838984
1571861758 0.0000000 0.99599171 0.99171263
1572218883 0.0000000 0.99928451 0.99830312
1573491297 0.0000000 0.98791796 0.97571045
1573495893 0.0000000 0.99823958 0.99587065
1574645562 0.0000000 0.99929035 0.99857241
1575564604 0.0000000 0.95692825 0.90956289
1575660753 0.0000000 0.99835664 0.99613816
1576495557 0.0000000 0.99947745 0.99883735
1577769501 0.0000000 0.92151010 0.83043623
1577819410 0.0000000 0.99895972 0.99791914
1578293635 0.0000000 0.99919134 0.99832267
1578510402 0.0000000 0.99889934 0.99750155
1579404154 0.0000000 0.99600351 0.99201620
1579703564 0.0000000 0.99852425 0.99699891
1580749376 0.0000000 0.99899536 0.99798292
1581076659 0.0000000 0.99870294 0.99715132
1581616159 0.0000000 0.99881315 0.99742758
1581629921 0.0000000 0.99813902 0.99625361
1581764406 0.0000000 0.99891567 0.99780965
1581764700 0.0000000 0.99914980 0.99825752
1581794413 0.0000000 0.99910408 0.99816954
1582090065 0.0000000 0.99890333 0.99777466
1582113307 0.0000000 0.99906975 0.99766022
1582546233 0.0000000 0.99871206 0.99737102
1582592414 0.0000000 0.99896634 0.99785972
1582629242 0.0000000 0.56321585 -2.8498454
1582695255 0.0000000 0.99872410 0.99741620
1584677477 0.0000000 0.99944276 0.99882323
1585787701 0.0000000 0.77696252 0.34418780
1586304460 0.0000000 0.99772263 0.99532169
1586389759 0.0000000 0.99949950 0.99899065
1586537097 0.0000000 0.99938482 0.99854094
1586691401 0.0000000 0.99900681 0.99801141
1587481331 0.0000000 0.99844700 0.99643254
1588476280 0.0000000 0.99893349 0.99769336
1589003116 0.0000000 0.99840695 0.99654382
1589548020 0.0000000 0.96680444 0.93334377
1589756010 0.0000000 0.99866295 0.99711621
1589910785 0.0000000 0.98041886 0.96071839
1590311534 0.0000000 0.97830606 0.95637739
1590359490 0.0000000 0.99939185 0.99878031
1590694463 0.0000000 0.99883091 0.99757522
1590843750 0.0000000 0.99849409 0.99687600
1591494563 0.0000000 0.99861544 0.99700391
1591839506 0.0000000 0.99867904 0.99697703
1591921295 0.0000000 0.99927711 0.99853808
1592079539 0.0000000 0.99932194 0.99842393
1592349420 0.0000000 0.99911344 0.99766105
1593214064 0.0000000 0.99947530 0.99869651
1593241888 0.0000000 0.99863070 0.99720246
1593407313 0.0000000 0.99881232 0.99705523
1593435168 0.0000000 0.99885821 0.99737406
1593519432 0.0000000 0.99709904 0.99387491
1594227272 0.0000000 0.99819654 0.99619949
1594265063 0.0000000 0.99887699 0.99754739
1594267923 0.0000000 0.99886912 0.99763179
1594526768 0.0000000 0.99848849 0.99646151
1594546164 0.0000000 0.95421284 0.90285742
1595767949 0.0000000 0.99927604 0.99843729
1597107665 0.0000000 0.99915743 0.99795657
1597123796 0.0000000 0.98471427 0.96947044
1597187246 0.0000000 0.99862021 0.99718720
1597774608 0.0000000 0.98636705 0.97283846
1597797181 0.0000000 0.99740547 0.99455088
1597806811 0.0000000 0.99877733 0.99703020
1598480108 0.0000000 0.99837083 0.99665701
1598847265 0.0000000 0.98543668 0.97067285
1599036279 0.0000000 0.99814558 0.99601620
1600306672 0.0000000 0.99895030 0.99768358
1600646088 0.0000000 0.99754089 0.99497849
1600833602 0.0000000 0.99852633 0.99699128
1601017581 0.0000000 0.99824619 0.99621952
1601326254 0.0000000 0.99950027 0.99879169
1601342057 0.0000000 0.99901515 0.99779660
1601440640 0.0000000 0.99931347 0.99848288
1601863505 0.0000000 0.99875724 0.99734122
1602517184 0.0000000 0.99885654 0.99736494
1602946993 0.0000000 0.99938548 0.99836630
1602947159 0.0000000 0.99869508 0.99713063
1603087586 0.0000000 0.99474478 0.98944420
1603396062 0.0000000 0.92535692 0.84454495
1603674483 0.0000000 0.99921256 0.99828428
1604358861 0.0000000 0.99928033 0.99853182
1604426346 0.0000000 0.99248439 0.98500538
1604601372 0.0000000 0.99905217 0.99796128
1604626818 0.0000000 0.99916160 0.99820107
1605130406 0.0000000 0.99873513 0.99744463
1605130534 0.0000000 0.99743855 0.99485666
1605266102 0.0000000 0.99459833 0.98922372
1605511152 0.0000000 0.99887401 0.99765891
1605551866 0.0000000 0.99598962 0.99195522
1605557664 0.0000000 0.99696571 0.99383259
1605621503 0.0000000 0.99886125 0.99763983
1605662576 0.0000000 0.99713510 0.99372333
1606582085 0.0000000 0.86022347 0.66572660
1606657334 0.0000000 0.99935925 0.99866003
1607578178 0.0000000 0.99891329 0.99774539
1607606398 0.0000000 0.99925762 0.99844855
1607606851 0.0000000 0.99880403 0.99730796
1607624108 0.0000000 0.99936849 0.99842626
1608317519 0.0000000 0.97658348 0.95274103
1608385359 0.0000000 0.90316540 0.76776445
1609436522 0.0000000 0.99837679 0.99517202
1609594007 0.0000000 0.99894512 0.99788511
1610162996 0.0000000 0.67528260 -0.25158477
1610192153 0.0000000 0.99914187 0.99812865
1610249009 0.0000000 0.99846488 0.99688953
1610838659 0.0000000 0.99915242 0.99826682
1611559538 0.0000000 0.99905258 0.99795359
1611565557 0.0000000 0.99834639 0.99647790
1611574763 0.0000000 0.99846327 0.99635845
1611584686 0.0000000 0.96527660 0.92740458
1611818971 0.0000000 0.99901313 0.99797326
