1143536168 0.0000000 0.86138380 0.70763302
1143616861 0.0000000 0.86181617 0.72882903
1143885739 0.0000000 0.86671925 0.67389715
1143885924 0.0000000 0.85859621 0.68052793
1143888020 0.0000000 0.81439960 0.59791791
1144129163 0.0000000 0.87686592 0.71629411
1144133312 0.0000000 0.87565345 0.73877990
1144179006 0.0000000 0.86243957 0.71895671
1144806135 0.0000000 0.83998245 0.63499510
1145140855 0.0000000 0.89407927 0.76659584
1145323561 0.0000000 0.91592503 0.81443655
1146215126 0.0000000 0.88199574 0.77275836
1146944291 0.0000000 0.39194101 -3.2766261
1146966782 0.0000000 0.83844393 0.68755752
1147258751 0.0000000 0.88914311 0.75207543
1149411961 0.0000000 0.99926341 0.99846017
1149467938 0.0000000 0.99615949 0.99181777
1149638545 0.0000000 0.99889743 0.99752492
1149771133 0.0000000 0.99505627 0.98999125
1150128882 0.0000000 0.99269092 0.98479778
1151387381 0.0000000 0.99860954 0.99684429
1154072410 0.0000000 0.99970633 0.99937552
1154182305 0.0000000 0.99916196 0.99808675
1155212722 0.0000000 0.99930787 0.99841136
1155340266 0.0000000 0.99950743 0.99890894
1155354114 0.0000000 0.99490327 0.98901320
1155443514 0.0000000 0.99935311 0.99851626
1156044082 0.0000000 0.95390499 0.89620411
1156698676 0.0000000 0.99940538 0.99870038
1158266854 0.0000000 0.99876976 0.99750340
1159598968 0.0000000 0.99879432 0.99752587
1159684577 0.0000000 0.99951571 0.99860394
1160388105 0.0000000 0.99948442 0.99889809
1160392104 0.0000000 0.99958456 0.99912113
1160549032 0.0000000 0.99814075 0.99615324
1160664389 0.0000000 0.99967575 0.99918264
1163299258 0.0000000 0.99935013 0.99852639
1163456967 0.0000000 0.99905479 0.99750984
1163641819 0.0000000 0.99943352 0.99862635
1164570370 0.0000000 0.99921626 0.99819160
1165358160 0.0000000 0.99951881 0.99891883
1165368969 0.0000000 0.99926937 0.99844861
1166094636 0.0000000 0.99941397 0.99859166
1166561075 0.0000000 0.99932355 0.99840993
1166894907 0.0000000 0.99958980 0.99911368
1167121204 0.0000000 0.99898839 0.99765283
1167135981 0.0000000 0.99946421 0.99875575
1167136317 0.0000000 0.99951786 0.99894595
1167136455 0.0000000 0.99951893 0.99894720
1167136825 0.0000000 0.99907345 0.99783987
1167144800 0.0000000 0.99655998 0.99280167
1167147704 0.0000000 0.99946666 0.99872249
1167154513 0.0000000 0.99887806 0.99764079
1167186639 0.0000000 0.99954385 0.99894089
1167298740 0.0000000 0.98611522 0.97072631
1167318376 0.0000000 0.79651242 0.38730413
1167324678 0.0000000 0.99248856 0.98418921
1167592780 0.0000000 0.96761465 0.92996198
1167604646 0.0000000 0.99859267 0.99678767
1168792515 0.0000000 0.99716014 0.99393845
1168917035 0.0000000 0.99942046 0.99867958
1169006425 0.0000000 0.99921203 0.99826843
1169712716 0.0000000 0.98192310 0.96155316
1169722755 0.0000000 0.99961543 0.99888593
1170262059 0.0000000 0.99248236 0.98404598
1170524118 0.0000000 0.99416178 0.98761988
1171366614 0.0000000 0.99828684 0.99629253
1171423577 0.0000000 0.99749613 0.99457842
1171423831 0.0000000 0.99885172 0.99752039
1171832699 0.0000000 0.99907219 0.99801922
1172178017 0.0000000 0.99922204 0.99802125
1173308237 0.0000000 0.99960041 0.99862945
1173368256 0.0000000 0.99925995 0.99824178
1174197233 0.0000000 0.99264652 0.98445225
1175309106 0.0000000 0.99916512 0.99829108
1175583473 0.0000000 0.99872148 0.99715483
1176242685 0.0000000 0.99841535 0.99675155
1177115546 0.0000000 0.99936175 0.99853063
1177175308 0.0000000 0.99232364 0.98399842
1178992210 0.0000000 0.99960977 0.99918109
1180238725 0.0000000 0.98033488 0.95779204
1180618796 0.0000000 0.98896700 0.97677666
1181939353 0.0000000 0.99931508 0.99833280
1182196765 0.0000000 0.99156505 0.98271799
1182265663 0.0000000 0.99435133 0.98799223
1182396227 0.0000000 0.99891609 0.99762839
1182398897 0.0000000 0.99909717 0.99783945
1184629372 0.0000000 0.99950939 0.99876368
1185198002 0.0000000 0.99937177 0.99867105
1185799546 0.0000000 0.98033220 0.95828688
1185861072 0.0000000 0.99869478 0.99729723
1186620947 0.0000000 0.99971581 0.99939084
1186786330 0.0000000 0.99927956 0.99810678
1188350129 0.0000000 0.99794191 0.99555856
1188356416 0.0000000 0.99953049 0.99887156
1188908193 0.0000000 0.99963391 0.99918789
1188950111 0.0000000 0.96926707 0.93337411
1189101086 0.0000000 0.99963087 0.99918854
1189101321 0.0000000 0.99942964 0.99872869
1189194674 0.0000000 0.99770409 0.99505556
1190442424 0.0000000 0.99955213 0.99900955
1191742755 0.0000000 0.99913245 0.99822301
1192071901 0.0000000 0.99963146 0.99923164
1192632000 0.0000000 0.99955535 0.99891853
1193967194 0.0000000 0.99210566 0.98356098
1194476053 0.0000000 0.99924344 0.99825001
1196283913 0.0000000 0.99942225 0.99837047
1196818902 0.0000000 0.99957502 0.99908286
1196950527 0.0000000 0.99973130 0.99944657
1197715613 0.0000000 0.99723595 0.99419153
1198522115 0.0000000 0.99940294 0.99877471
1200543890 0.0000000 0.73565650 5.14640808E-02
1200856359 0.0000000 0.99455708 0.98861378
1201442068 0.0000000 0.99886686 0.99755919
1203280382 0.0000000 0.99957776 0.99898171
1203409866 0.0000000 0.99446875 0.98844981
1203790455 0.0000000 0.99847341 0.99660945
1204138448 0.0000000 0.99934983 0.99837404
1204304285 0.0000000 0.99953634 0.99862212
1204490434 0.0000000 0.99066609 0.98072273
1204651907 0.0000000 0.99955827 0.99900830
1204651936 0.0000000 0.99955970 0.99901277
1204670552 0.0000000 0.99901778 0.99789077
1207186072 0.0000000 0.99873275 0.99740571
1208187584 0.0000000 0.99955726 0.99889666
1208931881 0.0000000 0.99947321 0.99835122
1208975321 0.0000000 0.99967945 0.99910355
1208982088 0.0000000 0.99767607 0.99487209
1208988255 0.0000000 0.99939370 0.99844587
1208988552 0.0000000 0.99883312 0.99739730
1209105937 0.0000000 0.99679017 0.99306500
1209216223 0.0000000 0.93905133 0.86152190
1209291757 0.0000000 0.99158001 0.98200864
1209339084 0.0000000 0.99966854 0.99906623
1209362380 0.0000000 0.99709314 0.99381256
1209543825 0.0000000 0.99418110 0.98784912
1209563099 0.0000000 0.99863440 0.99717712
1209583346 0.0000000 0.98326838 0.96477365
1209820628 0.0000000 0.99947274 0.99888229
1209877317 0.0000000 0.99863344 0.99713123
1210448520 0.0000000 0.99961883 0.99890387
1210560189 0.0000000 0.99489015 0.98910534
1210633064 0.0000000 0.99951786 0.99886203
1210703275 0.0000000 0.99960566 0.99910164
1212285435 0.0000000 0.99946940 0.99891526
1212339563 0.0000000 0.99965125 0.99927819
1213107823 0.0000000 0.97171235 0.93920833
1213158817 0.0000000 0.99694628 0.99355966
1213486164 0.0000000 0.99917901 0.99831182
1214086760 0.0000000 0.99719852 0.99397683
1214128508 0.0000000 0.99847066 0.99650115
1214211456 0.0000000 0.80421251 0.47619581
1214561217 0.0000000 0.99435753 0.98756611
1215221786 0.0000000 0.97687662 0.94740975
1215745668 0.0000000 0.99927580 0.99846560
1215812106 0.0000000 0.99918211 0.99828172
1215812707 0.0000000 0.99673212 0.99318367
1215839910 0.0000000 0.99927592 0.99841511
1215843106 0.0000000 0.99933255 0.99862969
1215961116 0.0000000 0.99958313 0.99909103
1216126809 0.0000000 0.98959589 0.97805870
1216904067 0.0000000 0.99838781 0.99672645
1217616949 0.0000000 0.99944407 0.99850798
1218233114 0.0000000 0.99945563 0.99880755
1218994676 0.0000000 0.99915463 0.99808145
1219291482 0.0000000 0.99628896 0.99244291
1219301591 0.0000000 0.99899936 0.99756587
1219723710 0.0000000 0.99704897 0.99398196
1219772880 0.0000000 0.99940455 0.99873269
1219869253 0.0000000 0.99855644 0.99699616
1220179542 0.0000000 0.99672407 0.99319398
1220742036 0.0000000 0.99943465 0.99879235
1220946193 0.0000000 0.99953997 0.99905896
1221047734 0.0000000 0.99937809 0.99871540
1222614737 0.0000000 0.99869192 0.99733293
1225404477 0.0000000 0.99878591 0.99735099
1225442295 0.0000000 0.99846196 0.99688488
1228187814 0.0000000 0.99964792 0.99906957
1228684717 0.0000000 0.99932969 0.99819601
1229260451 0.0000000 0.99728465 0.99428964
1229658996 0.0000000 0.95845044 0.90954244
1230216280 0.0000000 0.99808478 0.99578506
1230600687 0.0000000 0.99946165 0.99865657
1230860391 0.0000000 0.99486357 0.98935807
1231020274 0.0000000 0.99955577 0.99880183
1231041233 0.0000000 0.99926805 0.99814779
1232714291 0.0000000 0.99955571 0.99883687
1232804891 0.0000000 0.99975586 0.99942023
1233928332 0.0000000 0.99950999 0.99860924
1234166319 0.0000000 0.98860973 0.97656184
1234201315 0.0000000 0.99546564 0.99019402
1234214675 0.0000000 0.99968261 0.99919671
1236731039 0.0000000 0.99940628 0.99860930
1236854628 0.0000000 0.99941063 0.99845839
1237014105 0.0000000 0.99933970 0.99808812
1237159221 0.0000000 0.99944812 0.99865448
1237164701 0.0000000 0.99944746 0.99867278
1237551366 0.0000000 0.99945176 0.99869615
1237619839 0.0000000 0.99942875 0.99881607
1239235949 0.0000000 0.99949777 0.99869853
1239971868 0.0000000 0.99960071 0.99903655
1240678955 0.0000000 0.99928439 0.99800599
1242397863 0.0000000 0.99921930 0.99801666
1242709695 0.0000000 0.99960619 0.99903095
1243376855 0.0000000 0.99958843 0.99917310
1244248765 0.0000000 0.99929804 0.99852854
1245087845 0.0000000 0.99937642 0.99867475
1245407408 0.0000000 0.99950045 0.99855864
1245469469 0.0000000 0.99928844 0.99827963
1245877793 0.0000000 0.99950951 0.99870056
1245881452 0.0000000 0.99941611 0.99854869
1246167876 0.0000000 0.99961245 0.99894053
1246181696 0.0000000 0.99947971 0.99886316
1246182765 0.0000000 0.99942631 0.99872160
1246208530 0.0000000 0.99935257 0.99862283
1246208539 0.0000000 0.99935055 0.99861854
1246598451 0.0000000 0.99942094 0.99856091
1246598488 0.0000000 0.99939352 0.99849451
1246614635 0.0000000 0.99949974 0.99875295
1246985947 0.0000000 0.99923438 0.99831110
1247508302 0.0000000 0.99955112 0.99886227
1247516932 0.0000000 0.99913573 0.99762905
1247654255 0.0000000 0.99952567 0.99890596
1247741293 0.0000000 0.99954104 0.99872631
1247769767 0.0000000 0.99950749 0.99872851
1248159491 0.0000000 0.99962807 0.99893820
1248570012 0.0000000 0.99969071 0.99936640
1248588659 0.0000000 0.99966604 0.99915308
1248872986 0.0000000 0.99914211 0.99801129
1248886386 0.0000000 0.99964064 0.99927628
1249212887 0.0000000 0.99972022 0.99943095
1250467545 0.0000000 0.99943370 0.99886239
1250503855 0.0000000 0.99954420 0.99897325
1250504106 0.0000000 0.99960035 0.99907589
1250601456 0.0000000 0.99946904 0.99874622
1250639275 0.0000000 0.99934262 0.99849498
1250703707 0.0000000 0.99904096 0.99787229
1250777890 0.0000000 0.99940521 0.99873322
1250888264 0.0000000 0.99949247 0.99897897
1250911490 0.0000000 0.99906886 0.99811560
1252249816 0.0000000 0.99740404 0.99478054
1252757125 0.0000000 0.99941909 0.99855703
1254591366 0.0000000 0.99960166 0.99897063
1254664936 0.0000000 0.99965125 0.99930191
1255243328 0.0000000 0.99924654 0.99835157
1256244384 0.0000000 0.99944890 0.99888414
1256252705 0.0000000 0.99968630 0.99917418
1256431794 0.0000000 0.99934298 0.99865687
1257413577 0.0000000 0.99973994 0.99947155
1257413887 0.0000000 0.99971259 0.99940628
1257420861 0.0000000 0.99968135 0.99935174
1257678569 0.0000000 0.99967062 0.99931818
1258065617 0.0000000 0.99964929 0.99922287
1258296469 0.0000000 0.99954033 0.99887151
1258824471 0.0000000 0.99954039 0.99902350
1258926370 0.0000000 0.99941492 0.99858612
1260564405 0.0000000 0.99945444 0.99884492
1260692005 0.0000000 0.99948049 0.99877453
1261227736 0.0000000 0.99855900 0.99703479
1261227864 0.0000000 0.99954480 0.99899238
1261228557 0.0000000 0.99950230 0.99881929
1261232031 0.0000000 0.99947745 0.99875277
1261235533 0.0000000 0.99953914 0.99881822
1261275144 0.0000000 0.99942911 0.99877501
1261713375 0.0000000 0.99930233 0.99844092
1261922241 0.0000000 0.99956405 0.99886233
1262034644 0.0000000 0.99945700 0.99880910
1262237921 0.0000000 0.99953163 0.99878323
1262343689 0.0000000 0.99913788 0.99816614
1262367286 0.0000000 0.99946833 0.99862260
1262622742 0.0000000 0.99260306 0.98494679
1262633257 0.0000000 0.99951464 0.99884415
1263881366 0.0000000 0.99955988 0.99887651
1265523000 0.0000000 0.99955881 0.99893767
1265599504 0.0000000 0.99941325 0.99861878
1265691729 0.0000000 0.99924177 0.99817562
1265942558 0.0000000 0.99961662 0.99911332
1266289887 0.0000000 0.99912107 0.99785864
1266816064 0.0000000 0.99948364 0.99881470
1267146477 0.0000000 0.99950373 0.99875546
1267162697 0.0000000 0.99934459 0.99849838
1267661932 0.0000000 0.99960190 0.99912518
1267662287 0.0000000 0.99943876 0.99862057
1267686434 0.0000000 0.99956441 0.99896401
1267690576 0.0000000 0.99950868 0.99878907
1268040382 0.0000000 0.99955046 0.99909639
1268902896 0.0000000 0.99936301 0.99855667
1268931240 0.0000000 0.99928522 0.99845946
1269644874 0.0000000 0.99955928 0.99882764
1270335780 0.0000000 0.99921548 0.99835432
1270813793 0.0000000 0.99950939 0.99888480
1270961850 0.0000000 0.99948865 0.99872011
1270999307 0.0000000 0.99847251 0.99689013
1271168968 0.0000000 0.99948400 0.99876446
1271191748 0.0000000 0.99951112 0.99879277
1271987388 0.0000000 0.99953479 0.99880230
1272194052 0.0000000 0.99960089 0.99894941
1272250791 0.0000000 0.99929374 0.99796826
1272823213 0.0000000 0.99931943 0.99861270
1274901407 0.0000000 0.99955422 0.99902439
1276535865 0.0000000 0.99959105 0.99858129
1276561877 0.0000000 0.99962729 0.99863797
1276823323 0.0000000 0.99943072 0.99798769
1277440084 0.0000000 0.99933487 0.99856257
1277575551 0.0000000 0.99944574 0.99868375
1277670806 0.0000000 0.99953818 0.99877447
1278097892 0.0000000 0.99947363 0.99885404
1278515743 0.0000000 0.99703914 0.99380761
1278618217 0.0000000 0.99953353 0.99883711
1278636079 0.0000000 0.99949265 0.99879915
1279357457 0.0000000 0.99952370 0.99893707
1279458204 0.0000000 0.99958360 0.99895602
1280029930 0.0000000 0.99954057 0.99906337
1280553485 0.0000000 0.99926329 0.99808079
1280563997 0.0000000 0.99951553 0.99898344
1280587745 0.0000000 0.99954838 0.99897158
1281476617 0.0000000 0.99950945 0.99889427
1282408680 0.0000000 0.99952984 0.99896765
1282415961 0.0000000 0.99967915 0.99935728
1282416480 0.0000000 0.99961048 0.99921620
1283157909 0.0000000 0.99923134 0.99834692
1283540817 0.0000000 0.99950397 0.99889416
1284039008 0.0000000 0.99934453 0.99864745
1284244867 0.0000000 0.99937350 0.99867392
1284952628 0.0000000 0.99954760 0.99890101
1285350982 0.0000000 0.99950296 0.99851358
1285695233 0.0000000 0.99950695 0.99873322
1285876560 0.0000000 0.99943763 0.99885863
1286047392 0.0000000 0.99922925 0.99844295
1286198915 0.0000000 0.99947011 0.99888766
1286865806 0.0000000 0.99942601 0.99875629
1287036373 0.0000000 0.99877793 0.99749798
1289221280 0.0000000 0.99957550 0.99904794
1289567329 0.0000000 0.99945104 0.99854189
1289576340 0.0000000 0.99953598 0.99892223
1290342705 0.0000000 0.99962854 0.99922228
1290784424 0.0000000 0.99936062 0.99844158
1290799240 0.0000000 0.99904239 0.99797952
1291601652 0.0000000 0.99943328 0.99867803
1291689974 0.0000000 0.99958891 0.99901366
1291927327 0.0000000 0.99427450 0.98769760
1292000461 0.0000000 0.97734177 0.95135194
1294804388 0.0000000 0.99940801 0.99877179
1296507195 0.0000000 0.99892592 0.99731225
1296548191 0.0000000 0.99885464 0.99730510
1297058102 0.0000000 0.99948245 0.99856919
1297342916 0.0000000 0.99934006 0.99851805
1297754297 0.0000000 0.99944729 0.99865633
1298970247 0.0000000 0.99891627 0.99770993
1299845150 0.0000000 0.99855620 0.99693376
1300123317 0.0000000 0.99920201 0.99818534
1300281136 0.0000000 0.99914873 0.99795842
1300608051 0.0000000 0.99956340 0.99872118
1301123952 0.0000000 0.99943173 0.99881274
1301458951 0.0000000 0.99957353 0.99896985
1301964194 0.0000000 0.99900556 0.99786186
1302916270 0.0000000 0.99925524 0.99802339
1302961193 0.0000000 0.99940932 0.99847841
1303685617 0.0000000 0.99863952 0.99695152
1304080155 0.0000000 0.99908340 0.99804044
1304082768 0.0000000 0.99963081 0.99914706
1304152538 0.0000000 0.99962360 0.99921292
1304437954 0.0000000 0.99963289 0.99862671
1304717510 0.0000000 0.99956948 0.99888134
1304757333 0.0000000 0.99944997 0.99881381
1306028051 0.0000000 0.99943393 0.99835217
1306098435 0.0000000 0.99965537 0.99920917
1306261925 0.0000000 0.99954981 0.99877453
1307034472 0.0000000 0.99951631 0.99881947
1307669122 0.0000000 0.99955827 0.99887973
1308478735 0.0000000 0.99947548 0.99891305
1309048281 0.0000000 0.99897498 0.99670339
1309094354 0.0000000 0.99969620 0.99931860
1309326569 0.0000000 0.98693436 0.97310156
1309474048 0.0000000 0.99923605 0.99834722
1309601047 0.0000000 0.99890321 0.99751961
1309696244 0.0000000 0.99948585 0.99883837
1309953539 0.0000000 0.99941355 0.99866819
1310469430 0.0000000 0.99961972 0.99908221
1310541580 0.0000000 0.99929237 0.99854821
1310928323 0.0000000 0.99968582 0.99907076
1311000534 0.0000000 0.99942714 0.99865550
1311084070 0.0000000 0.99952269 0.99893886
1311142337 0.0000000 0.99961138 0.99886739
1311692424 0.0000000 0.99732220 0.99441099
1313100452 0.0000000 0.99953377 0.99856818
1314264913 0.0000000 0.99945277 0.99859041
1314789752 0.0000000 0.99925292 0.99847251
1315538819 0.0000000 0.99950850 0.99895614
1315635988 0.0000000 0.99458969 0.98884714
1315804512 0.0000000 0.99937624 0.99867547
1316643513 0.0000000 0.99965805 0.99875897
1316653258 0.0000000 0.99948674 0.99881482
1317835272 0.0000000 0.87210172 0.66689992
1318175665 0.0000000 0.99957764 0.99881852
1318478724 0.0000000 0.99974006 0.99925774
1319945023 0.0000000 0.99988288 0.99955708
1320074224 0.0000000 0.99986696 0.99952596
1320721143 0.0000000 0.99987137 0.99944186
1321061921 0.0000000 0.99983829 0.99942356
1322787324 0.0000000 0.99978662 0.99926239
1322993584 0.0000000 0.99973482 0.99908125
1323861170 0.0000000 0.99988377 0.99972874
1323909341 0.0000000 0.99976033 0.99934751
1324582798 0.0000000 0.99986202 0.99932659
1325660397 0.0000000 0.99987000 0.99954784
1326181267 0.0000000 0.99945831 0.99864775
1326728445 0.0000000 0.99680823 0.99286783
1327107001 0.0000000 0.99981314 0.99928784
1327480583 0.0000000 0.99984705 0.99950421
1327824459 0.0000000 0.99977374 0.99933559
1328324062 0.0000000 0.99979377 0.99910116
1328459111 0.0000000 0.99929804 0.99793041
1330223700 0.0000000 0.99985808 0.99909604
1330883534 0.0000000 0.99955523 0.99864668
1332071890 0.0000000 0.99977612 0.99928600
1332086295 0.0000000 0.99548602 0.99025428
1332373478 0.0000000 0.99981654 0.99938977
1333258441 0.0000000 0.99949419 0.99827087
1333828758 0.0000000 0.99973089 0.99904275
1333921411 0.0000000 0.99984133 0.99909407
1334227165 0.0000000 0.99973625 0.99889374
1334800688 0.0000000 0.99985421 0.99932444
1335409258 0.0000000 0.98373950 0.96381611
1335538115 0.0000000 0.99980861 0.99938422
1338362741 0.0000000 0.99978817 0.99908221
1338842309 0.0000000 0.99974251 0.99915427
1338890190 0.0000000 0.99980879 0.99919814
1339216879 0.0000000 0.99985260 0.99934214
1339275618 0.0000000 0.99981761 0.99933612
1339278860 0.0000000 0.99982697 0.99952835
1339309409 0.0000000 0.99980086 0.99946177
1339575740 0.0000000 0.99987513 0.99961519
1339598466 0.0000000 0.99988139 0.99965245
1339646879 0.0000000 0.99985272 0.99947256
1339690513 0.0000000 0.99989003 0.99943781
1339702255 0.0000000 0.99986553 0.99959993
1339923712 0.0000000 0.99985659 0.99923295
1341299876 0.0000000 0.99974746 0.99905187
1341924177 0.0000000 0.99970597 0.99914926
1342405200 0.0000000 0.99923015 0.99834502
1344277570 0.0000000 0.99948633 0.99851584
1344910008 0.0000000 0.99983370 0.99937165
1344941743 0.0000000 0.99985057 0.99969018
1345138860 0.0000000 0.99991482 0.99982899
1345234802 0.0000000 0.99982691 0.99940920
1346380382 0.0000000 0.91973174 0.81401670
1346415099 0.0000000 0.99986023 0.99953759
1346415834 0.0000000 0.99985367 0.99948567
1346788818 0.0000000 0.99978387 0.99917567
1346816730 0.0000000 0.99979520 0.99936604
1348523853 0.0000000 0.99953407 0.99869955
1350722979 0.0000000 0.99980587 0.99947047
1350800865 0.0000000 0.99644607 0.99225849
1351161077 0.0000000 0.99983746 0.99927801
1352122829 0.0000000 0.99994761 0.99980462
1352554787 0.0000000 0.99555248 0.99050391
1353431341 0.0000000 0.99985546 0.99937236
1353536726 0.0000000 0.99982429 0.99925572
1354158772 0.0000000 0.99974519 0.99914432
1354470336 0.0000000 0.99982941 0.99933422
1354477411 0.0000000 0.99986005 0.99950278
1354976814 0.0000000 0.99982142 0.99930292
1355221924 0.0000000 0.99984455 0.99962652
1356243184 -0.15000001 0.24610536 -1.3094034
1356319072 0.0000000 0.99975908 0.99901146
1356487597 0.0000000 0.99977446 0.99908960
1356883405 0.0000000 0.99989104 0.99905694
1357128106 0.0000000 0.99986893 0.99937761
1357236484 0.0000000 0.99979925 0.99940896
1357270197 0.0000000 0.99977255 0.99905652
1357331931 0.0000000 0.99975133 0.99925125
1357541346 0.0000000 0.99987936 0.99927402
1357994057 0.0000000 0.99978143 0.99927473
1358411441 0.0000000 0.99984384 0.99960798
1358708986 0.0000000 0.99983150 0.99956006
1359776392 0.0000000 0.99982846 0.99953085
1361064727 0.0000000 0.50677425 7.78222680E-02
1361239965 0.0000000 0.99966925 0.99885476
1361256759 0.0000000 0.99979538 0.99910063
1361373628 0.0000000 0.99963659 0.99907327
1361471757 0.0000000 0.99991435 0.99979705
1361665659 0.0000000 0.99942148 0.99876243
1362386544 0.0000000 0.99963218 0.99901789
1362609444 0.0000000 0.99976957 0.99939352
1362627405 0.0000000 0.58727098 -0.19822979
1362643640 0.0000000 0.99870545 0.99741048
1363079024 0.0000000 0.99983329 0.99960536
1363764120 0.0000000 0.99979788 0.99954110
1364349799 0.0000000 0.99986798 0.99920338
1364349845 0.0000000 0.99983406 0.99905419
1364355002 0.0000000 0.99984634 0.99946010
1364690983 0.0000000 0.99892730 0.99734622
1365625224 0.0000000 0.99988842 0.99935889
1366061297 0.0000000 0.96594930 0.92658931
1366432589 0.0000000 0.99981457 0.99943155
1366513671 0.0000000 0.99979305 0.99947292
1369110346 0.0000000 0.99967927 0.99935168
1369124755 0.0000000 0.99981672 0.99935019
1369791239 0.0000000 0.99979830 0.99929911
1369883683 0.0000000 0.99980950 0.99946064
1370118743 0.0000000 0.99964881 0.99903941
1370151783 0.0000000 0.99989843 0.99941719
1370623082 0.0000000 0.99987561 0.99944544
1372241957 0.0000000 0.99985307 0.99932778
1372463510 0.0000000 0.99982506 0.99941999
1373829868 0.0000000 0.99979717 0.99927521
1373895699 0.0000000 0.99986118 0.99958616
1373969495 0.0000000 0.99946320 0.99892306
1374677225 0.0000000 0.99982423 0.99957514
1374679935 0.0000000 0.99986511 0.99969220
1376837821 0.0000000 0.99976224 0.99937433
1377205321 0.0000000 0.99895966 0.99779385
1377355603 0.0000000 0.99985403 0.99945676
1377407246 0.0000000 0.99881548 0.99741125
1378247005 0.0000000 0.99975681 0.99938840
1378467231 0.0000000 0.99984789 0.99944067
1379475197 0.0000000 0.99970376 0.99928975
1380542719 0.0000000 0.99983287 0.99941254
1381466759 0.0000000 0.99974525 0.99936724
1381684855 0.0000000 0.99960911 0.99912673
1382170436 0.0000000 0.99604183 0.99188095
1382919848 0.0000000 0.99952948 0.99898529
1383069011 0.0000000 0.99942797 0.99877667
1383085061 0.0000000 0.99983597 0.99957621
1383220929 0.0000000 0.94691658 0.79229724
1383227120 0.0000000 0.99984193 0.99956751
1383227831 0.0000000 0.99984640 0.99960381
1383234448 0.0000000 0.99989396 0.99962294
1383263545 0.0000000 0.99990714 0.99973607
1383450194 0.0000000 0.99984503 0.99957430
1383519374 0.0000000 0.99988151 0.99970269
1383809110 0.0000000 0.99984723 0.99966788
1383809501 0.0000000 0.99980038 0.99959445
1383989687 0.0000000 0.99962687 0.99910963
1384145710 0.0000000 0.99972516 0.99934274
1384544358 0.0000000 0.99982929 0.99955821
1385019362 0.0000000 0.99978095 0.99941218
1386347977 0.0000000 0.96139199 0.91568238
1386357780 0.0000000 0.99980569 0.99943733
1387916955 0.0000000 0.99969733 0.99911052
1389034180 0.0000000 0.99981904 0.99914974
1389204911 0.0000000 0.99989021 0.99942321
1389717867 0.0000000 0.99987167 0.99948710
1389724692 0.0000000 0.99983507 0.99920422
1389729005 0.0000000 0.99986279 0.99927598
1389740803 0.0000000 0.99971873 0.99905950
1389904819 0.0000000 0.99952120 0.99877357
1390517490 0.0000000 0.99979496 0.99932313
1390619771 0.0000000 0.99988621 0.99968100
1391790286 0.0000000 0.99978048 0.99937105
1393014317 0.0000000 0.99988085 0.99955738
1393065064 0.0000000 0.99956995 0.99883687
1393759985 0.0000000 0.99924976 0.99833828
1393791078 0.0000000 0.99985015 0.99948919
1394913876 0.0000000 0.99982047 0.99928886
1395061976 0.0000000 0.99990159 0.99950242
1395231566 0.0000000 0.99986541 0.99932474
1397097485 0.0000000 0.99982172 0.99942672
1397746253 0.0000000 0.99976367 0.99927735
1398443585 0.0000000 0.99978948 0.99949145
1399207416 0.0000000 0.99983066 0.99956220
1399278483 0.0000000 0.99976307 0.99933279
1399745740 0.0000000 0.99963915 0.99906474
1399746271 0.0000000 0.99982280 0.99941844
1400631673 0.0000000 0.99985433 0.99941039
1401021673 0.0000000 0.99988115 0.99937660
1401296286 0.0000000 0.99916172 0.99790430
1402085900 0.0000000 0.99940962 0.99876511
1402313583 0.0000000 0.99920946 0.99823445
1402624068 0.0000000 0.99760294 0.99481773
1402784563 0.0000000 0.99989426 0.99963117
1403034553 0.0000000 0.99984533 0.99964720
1403317269 0.0000000 0.99977851 0.99950141
1403439974 0.0000000 0.99982566 0.99961746
1404774365 0.0000000 0.99977869 0.99928349
1404925818 0.0000000 0.99958128 0.99905032
1405577514 0.0000000 0.99981272 0.99940705
1407296767 0.0000000 0.99965090 0.99910641
1407544588 0.0000000 0.94717526 0.88421243
1408047770 0.0000000 0.99923110 0.99814004
1410046387 0.0000000 0.99983823 0.99925172
1410325949 0.0000000 0.99986625 0.99965250
1410382444 0.0000000 0.99945891 0.99884611
1411247643 0.0000000 0.99987906 0.99973494
1411641303 0.0000000 0.99986988 0.99964648
1412009058 0.0000000 0.99738562 0.99451917
1412705290 0.0000000 0.99989021 0.99974763
1413207959 0.0000000 0.93716663 0.85986012
1414298821 0.0000000 0.99978399 0.99954522
1416419181 0.0000000 0.99990034 0.99949592
1416419227 0.0000000 0.99988252 0.99941641
1416540553 0.0000000 0.99977916 0.99932748
1417557685 0.0000000 0.99980915 0.99952036
1417655668 0.0000000 0.99976993 0.99949223
1418245419 0.0000000 0.99987811 0.99937570
1418533563 0.0000000 0.99966913 0.99921906
1419682925 0.0000000 0.99958491 0.99896407
1419947441 0.0000000 0.99930680 0.99839050
1419995164 0.0000000 0.99985820 0.99923080
1420012476 0.0000000 0.99984062 0.99936932
1420437226 0.0000000 0.99986064 0.99944943
1420606112 0.0000000 0.99987501 0.99941069
1420742654 0.0000000 0.99077374 0.97959960
1421435535 0.0000000 0.99986291 0.99919057
1421639313 0.0000000 0.99970216 0.99915302
1422083726 0.0000000 0.99966067 0.99884224
1422374758 0.0000000 0.99833512 0.99599892
1422958210 0.0000000 0.99828327 0.99623793
1423037687 0.0000000 0.99987602 0.99940443
1423603888 0.0000000 0.85705417 0.65693575
1423726535 0.0000000 0.99987715 0.99951321
1423857991 0.0000000 0.99986166 0.99932051
1424969403 0.0000000 0.99984479 0.99933463
1426114954 0.0000000 0.99980211 0.99927735
1426344314 0.0000000 0.99982554 0.99922591
1426852891 0.0000000 0.99958110 0.99878335
1427105631 0.0000000 0.99982345 0.99939573
1427483378 0.0000000 0.99926978 0.99810940
1428208678 0.0000000 0.99953425 0.99880886
1428320250 0.0000000 0.99982417 0.99932981
1428945237 0.0000000 0.99983460 0.99924707
1429127316 0.0000000 0.99942744 0.99845773
1429494176 0.0000000 0.99988461 0.99933815
1429494550 0.0000000 0.99985832 0.99933100
1429528847 0.0000000 0.99986118 0.99957192
1429530313 0.0000000 0.99989402 0.99932736
1429531199 0.0000000 0.99989188 0.99935931
1429992097 0.0000000 0.99985594 0.99919438
1430658547 0.0000000 0.99988222 0.99941939
1431333501 0.0000000 0.99987745 0.99958903
1431387795 0.0000000 0.99986142 0.99949199
1431628549 0.0000000 0.99984401 0.99950218
1432588969 0.0000000 0.99987841 0.99928510
1432601816 0.0000000 0.99981534 0.99931186
1432799863 0.0000000 0.99979138 0.99929219
1434467768 0.0000000 0.99984461 0.99965197
1434867330 0.0000000 0.99983114 0.99944925
1435335400 0.0000000 0.99966341 0.99914575
1438066750 0.0000000 0.76278943 0.57284451
1438936857 0.0000000 0.99970305 0.99910861
1439209234 0.0000000 0.89107418 0.72936463
1439418087 0.0000000 0.98417836 0.96732676
1439474882 0.0000000 0.99988693 0.99950618
1441113885 0.0000000 0.99985671 0.99952549
1441128847 0.0000000 0.99984556 0.99945033
1441160293 0.0000000 0.99982774 0.99933237
1441898607 0.0000000 0.99983329 0.99962258
1442339782 0.0000000 0.99979812 0.99958658
1442345855 0.0000000 0.99979210 0.99952209
1442345878 0.0000000 0.99986237 0.99928665
1442408939 0.0000000 0.99983877 0.99959350
1442410226 0.0000000 0.99985093 0.99967247
1442413798 0.0000000 0.99974805 0.99926573
1443074281 0.0000000 0.99947649 0.99874133
1444648487 0.0000000 0.99894834 0.99786806
1444736944 0.0000000 0.99838400 0.99649036
1444953165 0.0000000 0.99827248 0.99650049
1444953267 0.0000000 0.99772847 0.99537790
1445014914 0.0000000 0.99771190 0.99536914
1445221055 0.0000000 0.99913055 0.99824983
1445233331 0.0000000 0.99918449 0.99835527
1445239215 0.0000000 0.99906260 0.99810040
1446412182 0.0000000 0.99823481 0.99644029
1446412281 0.0000000 0.99904466 0.99808240
1446509184 0.0000000 0.99901873 0.99802732
1446509190 0.0000000 0.99901903 0.99802721
1446714386 0.0000000 0.99844503 0.99667019
1447167192 0.0000000 0.99806589 0.99608994
1447255999 0.0000000 0.99858689 0.99716830
1447277516 0.0000000 0.99816179 0.99628538
1448316095 0.0000000 0.97806257 0.95394856
1448671943 0.0000000 0.99879819 0.99740481
1449033717 0.0000000 0.99807107 0.99612051
1449035580 0.0000000 0.99873835 0.99742085
1449153073 0.0000000 0.99890172 0.99766856
1449935242 0.0000000 0.99889505 0.99760747
1450510821 0.0000000 0.97014910 0.93582821
1450536811 0.0000000 0.99505138 0.98943567
1450992022 0.0000000 0.99888211 0.99770242
1451199638 0.0000000 0.99866688 0.99730164
1451327726 0.0000000 0.99810743 0.99582028
1451523194 0.0000000 0.99382818 0.98752600
1451829690 0.0000000 0.99873161 0.99744219
1451928000 0.0000000 0.99538761 0.99067217
1453824336 0.0000000 0.99689126 0.99271971
1454422761 0.0000000 0.99973041 0.99903452
1454702246 0.0000000 0.99970353 0.99867284
1454702308 0.0000000 0.99971837 0.99863631
1454702406 0.0000000 0.99983537 0.99884146
1454702512 0.0000000 0.99973708 0.99900609
1454978820 0.0000000 0.99981844 0.99919826
1455590759 0.0000000 0.99970162 0.99882567
1455595494 0.0000000 0.99977303 0.99876845
1455757779 0.0000000 0.99981582 0.99854684
1455758311 0.0000000 0.99979383 0.99861014
1456215987 0.0000000 0.99967676 0.99896592
1456541993 0.0000000 0.99919868 0.99782920
1457201466 0.0000000 0.99967754 0.99919277
1457276938 0.0000000 0.99891990 0.99741918
1459152479 0.0000000 0.99972308 0.99901664
1459502085 0.0000000 0.99731815 0.99446017
1459988008 0.0000000 0.99852777 0.99691379
1460294506 0.0000000 0.99924713 0.99841803
1460353509 0.0000000 0.99968475 0.99896026
1460804146 0.0000000 0.99974030 0.99903578
1461082597 0.0000000 0.99963778 0.99899703
1461607991 0.0000000 0.99960274 0.99870902
1461770234 0.0000000 0.99976838 0.99939179
1461770257 0.0000000 0.99970758 0.99905276
1461770858 0.0000000 0.99970061 0.99904811
1461781146 0.0000000 0.99978590 0.99917287
1461806086 0.0000000 0.99945253 0.99880099
1462056417 0.0000000 0.99963874 0.99924535
1462199340 0.0000000 0.99967915 0.99888945
1462521203 0.0000000 0.99968171 0.99920654
1462632669 0.0000000 0.99960929 0.99911690
1462675593 0.0000000 0.99971414 0.99904358
1463023035 0.0000000 0.99983352 0.99921548
1463023251 0.0000000 0.99915910 0.99810535
1463023282 0.0000000 0.99894530 0.99770451
1463027395 0.0000000 0.99971199 0.99916679
1463127852 0.0000000 0.99972022 0.99918288
1463195522 0.0000000 0.99958998 0.99891949
1463196768 0.0000000 0.99946636 0.99890798
1463530965 0.0000000 0.99971300 0.99939221
1463863900 0.0000000 0.99980223 0.99895924
1463882779 0.0000000 0.99971086 0.99880344
1464184475 0.0000000 0.99540055 0.99001330
1464544116 0.0000000 0.99964553 0.99886632
1464576767 0.0000000 0.99952924 0.99900645
1464630651 0.0000000 0.99957758 0.99896842
1464672226 0.0000000 0.99981105 0.99932402
1466204142 0.0000000 0.99952644 0.99892056
1466383187 0.0000000 0.99969548 0.99937457
1466409210 0.0000000 0.99962121 0.99890155
1466715930 0.0000000 0.99973762 0.99923646
1467361422 0.0000000 0.99970585 0.99924153
1469019333 0.0000000 0.99975640 0.99937093
1469592155 0.0000000 0.99972355 0.99944031
1471008941 0.0000000 0.99961698 0.99899518
1471908408 0.0000000 0.99956942 0.99907899
1472660934 0.0000000 0.99980527 0.99961203
1473440050 0.0000000 0.99908626 0.99807662
1475055492 0.0000000 0.99978083 0.99955875
1475769120 0.0000000 0.99976861 0.99935812
1477370752 0.0000000 0.99904865 0.99809146
1478519786 0.0000000 0.99910587 0.99820471
1478903131 0.0000000 0.99942452 0.99884844
1480024554 0.0000000 0.99948448 0.99895018
1480377579 0.0000000 0.99740463 0.99479884
1480507474 0.0000000 0.99920774 0.99838233
1481256588 0.0000000 0.99924791 0.99843901
1481811269 0.0000000 0.99934226 0.99856907
1483057851 0.0000000 0.99928415 0.99856621
1483513641 0.0000000 0.99850011 0.99669808
1484155863 0.0000000 0.99863827 0.99723923
1484797338 0.0000000 0.96768707 0.93236935
1484900187 0.0000000 0.99831080 0.99660164
1485329586 0.0000000 0.99906862 0.99763787
1486746772 0.0000000 0.99923891 0.99831247
1487420859 0.0000000 0.99733353 0.99466366
1487652197 0.0000000 0.99496400 0.98987377
1488212310 0.0000000 0.99900866 0.99795777
1488924651 0.0000000 0.99926585 0.99853081
1489967289 0.0000000 0.99894959 0.99785805
1490066029 0.0000000 0.75563008 0.21879560
1490805242 0.0000000 0.99670911 0.99339813
1492112471 0.0000000 0.99929267 0.99855292
1492367656 0.0000000 0.99869412 0.99734974
1493517442 0.0000000 0.99927723 0.99844849
1493960850 0.0000000 0.99895704 0.99779183
1493986611 0.0000000 0.70504063 2.99453735E-04
1494889974 0.0000000 0.99946642 0.99887812
1494932580 0.0000000 0.99886680 0.99770361
1495631454 0.0000000 0.99943048 0.99877888
1495691291 0.0000000 0.99869245 0.99729520
1495956669 0.0000000 0.99700552 0.99397069
1495999757 0.0000000 0.99950683 0.99897361
1496582686 0.0000000 0.99904650 0.99808764
1497967350 0.0000000 0.69909286 6.64024949E-02
1498029939 0.0000000 0.99931955 0.99841380
1500318986 0.0000000 0.99887407 0.99760062
1501139292 0.0000000 0.99725056 0.99443924
1501845585 0.0000000 0.99921131 0.99838156
1502294736 0.0000000 0.99918532 0.99823219
1502416734 0.0000000 0.99925488 0.99850541
1502582915 0.0000000 0.99893320 0.99784160
1504364658 0.0000000 0.99863821 0.99724692
1505096741 0.0000000 0.99886221 0.99743927
1505687994 0.0000000 0.99914700 0.99826056
1505917796 0.0000000 0.99924958 0.99848193
1506232185 0.0000000 0.99910659 0.99815893
1506549399 0.0000000 0.99410582 0.98823553
1507505391 0.0000000 0.99820346 0.99639338
1507747520 0.0000000 0.99874800 0.99747741
1508582157 0.0000000 0.99732107 0.99464232
1509318944 0.0000000 0.99913388 0.99819577
1509677295 0.0000000 0.99944657 0.99863088
1509677339 0.0000000 0.99945241 0.99863893
1509752088 0.0000000 0.99939185 0.99870890
1510398879 0.0000000 0.99891055 0.99781817
1510402973 0.0000000 0.99934298 0.99866468
1510440860 0.0000000 0.99885613 0.99767721
1510947032 0.0000000 0.99820578 0.99637330
1511360409 0.0000000 0.99951577 0.99887526
1511470532 0.0000000 0.99940807 0.99878365
1512230735 0.0000000 0.99577081 0.99154902
1512377977 0.0000000 0.99793494 0.99586463
1512704669 0.0000000 0.99915159 0.99823040
1513120660 0.0000000 0.99933714 0.99865079
1516168751 0.0000000 0.99906415 0.99804741
1516984288 0.0000000 0.99932975 0.99831909
1517686257 0.0000000 0.99919212 0.99830222
1517749972 0.0000000 0.99924535 0.99845368
1517752600 0.0000000 0.99880612 0.99759382
1517752662 0.0000000 0.99913698 0.99827194
1517753127 0.0000000 0.99876058 0.99746591
1517753452 0.0000000 0.99937141 0.99871004
1517753522 0.0000000 0.99939728 0.99875534
1517753592 0.0000000 0.99937451 0.99872977
1517753815 0.0000000 0.99924415 0.99837983
1517758427 0.0000000 0.99891323 0.99780661
1517763262 0.0000000 0.99904931 0.99802119
1517821602 0.0000000 0.99929613 0.99858689
1517823894 0.0000000 0.99906999 0.99811894
1517846321 0.0000000 0.99909920 0.99818993
1517852233 0.0000000 0.99879050 0.99737495
1517893754 0.0000000 0.99894375 0.99779505
1517906208 0.0000000 0.99893254 0.99785292
1517932241 0.0000000 0.99912792 0.99824828
1517932280 0.0000000 0.99944139 0.99883431
1517932282 0.0000000 0.99947804 0.99887556
1517932427 0.0000000 0.99888444 0.99768162
1517932434 0.0000000 0.99887711 0.99766278
1517932492 0.0000000 0.99902838 0.99803936
1517933877 0.0000000 0.99914712 0.99829245
1517940013 0.0000000 0.99908614 0.99801755
1517940459 0.0000000 0.99944836 0.99887282
1517944528 0.0000000 0.99892437 0.99780601
1517945796 0.0000000 0.99907482 0.99811947
1517950582 0.0000000 0.99926615 0.99843144
1517958702 0.0000000 0.99899441 0.99796826
1517960631 0.0000000 0.99928498 0.99856806
1517969882 0.0000000 0.99880010 0.99757463
1517974578 0.0000000 0.99900252 0.99800450
1517998787 0.0000000 0.99914575 0.99824899
1518001985 0.0000000 0.99928266 0.99855137
1518008800 0.0000000 0.99897242 0.99788016
1518008880 0.0000000 0.99902195 0.99803764
1518013159 0.0000000 0.99917233 0.99828547
1518016890 0.0000000 0.99936908 0.99824208
1518016916 0.0000000 0.99924487 0.99813366
1518051257 0.0000000 0.99927694 0.99855167
1518059164 0.0000000 0.99934429 0.99866623
1518142443 0.0000000 0.99919015 0.99831021
1518201789 0.0000000 0.99913973 0.99827105
1518248929 0.0000000 0.99881208 0.99760157
1518858396 0.0000000 0.99731725 0.99459350
1518981709 0.0000000 0.99843305 0.99682432
1519051621 0.0000000 0.99894673 0.99784774
1519254641 0.0000000 0.99918944 0.99837345
1519583320 0.0000000 0.99913722 0.99808663
1519962147 0.0000000 0.99907386 0.99809420
1520098551 0.0000000 0.99913228 0.99824184
1520329330 0.0000000 0.99909908 0.99811119
1521024527 0.0000000 0.99933785 0.99866474
1521537776 0.0000000 0.99955642 0.99875760
1521728871 0.0000000 0.99919379 0.99834532
1522232997 0.0000000 0.99927759 0.99845117
1522282670 0.0000000 0.99929279 0.99856597
1522598524 0.0000000 0.99855244 0.99708986
1523432369 0.0000000 0.99673736 0.99344695
1523886539 0.0000000 0.99891680 0.99773264
1524201906 0.0000000 0.99884772 0.99766505
1524248877 0.0000000 0.99713677 0.99423957
1524308214 0.0000000 0.99843496 0.99681932
1524503432 0.0000000 0.99915117 0.99830109
1524721460 0.0000000 0.99727362 0.99423301
1524721601 0.0000000 0.99514467 0.98989540
1524808553 0.0000000 0.99686676 0.99342209
1525218424 0.0000000 0.99923068 0.99838597
1526098666 0.0000000 0.99928248 0.99854177
1527728598 0.0000000 0.99901313 0.99790013
1527904870 0.0000000 0.99932665 0.99847555
1528731725 0.0000000 0.99907434 0.99809313
1528750347 0.0000000 0.99933112 0.99865609
1528856173 0.0000000 0.97895849 0.95606232
1529096035 0.0000000 0.99907345 0.99814695
1529334375 0.0000000 0.99778390 0.99556339
1529522338 0.0000000 0.99925917 0.99847680
1530516370 0.0000000 0.99915880 0.99828070
1530516385 0.0000000 0.99915564 0.99827409
1530609654 0.0000000 0.99936104 0.99854773
1531312909 0.0000000 0.99690145 0.99360240
1531507119 0.0000000 0.99928880 0.99852198
1532050755 0.0000000 0.99796325 0.99586606
1533217098 0.0000000 0.99922931 0.99843210
1533504622 0.0000000 0.99787706 0.99568331
1533801692 0.0000000 0.99248511 0.98483288
1534500582 0.0000000 0.99931473 0.99861765
1534551317 0.0000000 0.99920279 0.99834621
1535572403 0.0000000 0.99897164 0.99787152
1535660064 0.0000000 0.99831688 0.99654263
1536498994 0.0000000 0.99907809 0.99811953
1536641006 0.0000000 0.99904662 0.99801213
1536700815 0.0000000 0.99869215 0.99731469
1538633849 0.0000000 0.99397135 0.98790753
1538766649 0.0000000 0.90679896 0.78936183
1539072778 0.0000000 0.99827927 0.99654311
1539164591 0.0000000 0.99901080 0.99801147
1540269298 0.0000000 0.99964130 0.99911350
1540310644 0.0000000 0.99963808 0.99924272
1541624711 0.0000000 0.99895018 0.99775892
1541712486 0.0000000 0.99808854 0.99616301
1542328459 0.0000000 0.99876469 0.99733788
1542608341 0.0000000 0.99911433 0.99819702
1542638415 0.0000000 0.99894857 0.99782133
1542645094 0.0000000 0.99905312 0.99784684
1543190243 0.0000000 0.99937123 0.99864769
1543191316 0.0000000 0.98791009 0.97561377
1543236658 0.0000000 0.99704319 0.99401468
1543238642 0.0000000 0.98468477 0.96858943
1543314575 0.0000000 0.99600834 0.99189812
1544368541 0.0000000 0.99896902 0.99771798
1544439487 0.0000000 0.99591517 0.99182171
1544621063 0.0000000 0.99930328 0.99854654
1544908865 0.0000000 0.99931628 0.99862480
1545710204 0.0000000 0.99562359 0.99107361
1546538568 0.0000000 0.99872100 0.99739367
1546949806 0.0000000 0.99933892 0.99864733
1548127166 0.0000000 0.99850190 0.99699038
1548825695 0.0000000 0.99918616 0.99834800
1548861293 0.0000000 0.99773371 0.99539745
1549366351 0.0000000 0.99865609 0.99722940
1549558324 0.0000000 0.99934298 0.99864304
1550239687 0.0000000 0.99924266 0.99839753
1551558867 0.0000000 0.83923888 0.58621609
1552012334 0.0000000 0.99930149 0.99858648
1552127531 0.0000000 0.98363334 0.96691251
1552421955 0.0000000 0.99930757 0.99853486
1552451554 0.0000000 0.99909371 0.99799734
1552511242 0.0000000 0.99812621 0.99624050
1552697151 0.0000000 0.99704891 0.99408489
1552968094 0.0000000 0.99878597 0.99747032
1553256348 0.0000000 0.99826628 0.99641013
1553414210 0.0000000 0.99632925 0.99259990
1554087275 0.0000000 0.99876165 0.99743211
1554172029 0.0000000 0.94288623 0.87804258
1554256375 0.0000000 0.99963802 0.99916178
1554343015 0.0000000 0.99945378 0.99887890
1554382610 0.0000000 0.99904925 0.99801254
1554499495 0.0000000 0.99426043 0.98843259
1554706689 0.0000000 0.99727428 0.99438202
1554822801 0.0000000 0.99920624 0.99840140
1554841453 0.0000000 0.99910039 0.99809718
1554850672 0.0000000 0.99959201 0.99917209
1555563667 0.0000000 0.84929776 0.45816875
1556793883 0.0000000 0.99916720 0.99828351
1556970683 0.0000000 0.95405191 0.90187627
1557330527 0.0000000 0.99920177 0.99822187
1557737721 0.0000000 0.99910951 0.99820018
1558197514 0.0000000 0.99887669 0.99773037
1558379328 0.0000000 0.98134893 0.96202171
1558489044 0.0000000 0.99902797 0.99786890
1558591969 0.0000000 0.99925137 0.99841160
1559317998 0.0000000 0.99846065 0.99685788
1559641578 0.0000000 0.99912411 0.99824482
1559762840 0.0000000 0.99915040 0.99817842
1560870606 0.0000000 0.91289955 0.79746324
1561237205 0.0000000 0.99839759 0.99672085
1561242160 0.0000000 0.99848115 0.99690890
1561825206 0.0000000 0.99914265 0.99820608
1561837452 0.0000000 0.99939102 0.99876034
1562610935 0.0000000 0.99901116 0.99795574
1562880116 0.0000000 0.99930853 0.99860013
1563275550 0.0000000 0.99788189 0.99553287
1563531230 0.0000000 0.99835056 0.99669343
1563768365 0.0000000 0.98006207 0.95897329
1563850922 0.0000000 0.99864805 0.99727064
1564123196 0.0000000 0.99899316 0.99793208
1564190683 0.0000000 0.99922836 0.99844092
1564649429 0.0000000 0.99321353 0.98594773
1564753988 0.0000000 0.99935657 0.99870557
1564784683 0.0000000 0.99952096 0.99904072
1565054388 0.0000000 0.99961275 0.99921614
1565055090 0.0000000 0.99920839 0.99838388
1565213283 0.0000000 0.99937028 0.99857098
1565218942 0.0000000 0.99908280 0.99808228
1565905300 0.0000000 0.99901062 0.99796826
1566053525 0.0000000 0.99909478 0.99809635
1566053530 0.0000000 0.99909598 0.99809778
1566074882 0.0000000 0.99488819 0.98963857
1566101114 0.0000000 0.99928463 0.99843121
1566598377 0.0000000 0.75613046 0.26029366
1566648618 0.0000000 0.99852723 0.99697763
1567237819 0.0000000 0.99805933 0.99610871
1567471650 0.0000000 0.99937874 0.99864250
1567604000 0.0000000 0.99827498 0.99650091
1567917359 0.0000000 0.99908316 0.99809593
1568005668 0.0000000 0.99785912 0.99571139
1568095682 0.0000000 0.99933314 0.99862576
1569863578 0.0000000 0.99792641 0.99576378
1570468626 0.0000000 0.99915546 0.99829888
1571312673 0.0000000 0.99949342 0.99896997
1571861758 0.0000000 0.99478084 0.98957270
1572218883 0.0000000 0.99904430 0.99807215
1573491297 0.0000000 0.98577172 0.97088039
1573495893 0.0000000 0.99830341 0.99656337
1574645562 0.0000000 0.99935442 0.99864364
1575564604 0.0000000 0.94459879 0.88384408
1575660753 0.0000000 0.99837428 0.99656147
1576495557 0.0000000 0.99896872 0.99792850
1577769501 0.0000000 0.92085576 0.82209992
1577819410 0.0000000 0.99942583 0.99876124
1578293635 0.0000000 0.99880928 0.99757928
1578510402 0.0000000 0.99871814 0.99739110
1579404154 0.0000000 0.99622655 0.99246150
1579703564 0.0000000 0.99851298 0.99700886
1580749376 0.0000000 0.99933970 0.99857038
1581076659 0.0000000 0.99870467 0.99728411
1581616159 0.0000000 0.99965882 0.99928397
1581629921 0.0000000 0.99802983 0.99605739
1581764406 0.0000000 0.99951380 0.99901980
1581764700 0.0000000 0.99929178 0.99858546
1581794413 0.0000000 0.99915624 0.99828374
1582090065 0.0000000 0.99928904 0.99854451
1582113307 0.0000000 0.99921167 0.99839443
1582546233 0.0000000 0.99926013 0.99841946
1582592414 0.0000000 0.99889898 0.99770212
1582629242 0.0000000 0.56324530 -2.9931498
1582695255 0.0000000 0.99932259 0.99831557
1584677477 0.0000000 0.99893028 0.99784827
1585787701 0.0000000 0.80747247 0.46238714
1586304460 0.0000000 0.99788910 0.99573290
1586389759 0.0000000 0.99803710 0.99602032
1586537097 0.0000000 0.99943405 0.99869794
1586691401 0.0000000 0.99932903 0.99849892
1587481331 0.0000000 0.99881244 0.99745762
1588476280 0.0000000 0.99918842 0.99835932
1589003116 0.0000000 0.99852490 0.99696809
1589548020 0.0000000 0.97509807 0.94924843
1589756010 0.0000000 0.99939632 0.99867427
1589910785 0.0000000 0.97657669 0.95148408
1590311534 0.0000000 0.97733516 0.95349967
1590359490 0.0000000 0.99937707 0.99870676
1590694463 0.0000000 0.99909705 0.99812305
1590843750 0.0000000 0.99894959 0.99765509
1591494563 0.0000000 0.99906433 0.99775660
1591839506 0.0000000 0.99898565 0.99777806
1591921295 0.0000000 0.99895364 0.99765313
1592079539 0.0000000 0.99936092 0.99870300
1592349420 0.0000000 0.99918050 0.99834591
1593214064 0.0000000 0.99941278 0.99870467
1593241888 0.0000000 0.99901575 0.99799585
1593407313 0.0000000 0.99882513 0.99751985
1593435168 0.0000000 0.99894923 0.99783206
1593519432 0.0000000 0.99756515 0.99494565
1594227272 0.0000000 0.99834895 0.99665493
1594265063 0.0000000 0.99927115 0.99842888
1594267923 0.0000000 0.99920440 0.99821210
1594526768 0.0000000 0.99827504 0.99645478
1594546164 0.0000000 0.93972164 0.87028813
1595767949 0.0000000 0.99943489 0.99886620
1597107665 0.0000000 0.99921107 0.99838638
1597123796 0.0000000 0.98536950 0.96998078
1597187246 0.0000000 0.99878812 0.99755824
1597774608 0.0000000 0.98374522 0.96634799
1597797181 0.0000000 0.99714690 0.99418557
1597806811 0.0000000 0.99911368 0.99820000
1598480108 0.0000000 0.99899441 0.99785906
1598847265 0.0000000 0.97591138 0.95131010
1599036279 0.0000000 0.99889868 0.99765855
1600306672 0.0000000 0.99920231 0.99837148
1600646088 0.0000000 0.99769700 0.99538088
1600833602 0.0000000 0.99922252 0.99822986
1601017581 0.0000000 0.99894655 0.99745542
1601326254 0.0000000 0.99924153 0.99845004
1601342057 0.0000000 0.99879187 0.99755830
1601440640 0.0000000 0.99918956 0.99837762
1601863505 0.0000000 0.99860412 0.99720144
1602517184 0.0000000 0.99902642 0.99792665
1602946993 0.0000000 0.99954373 0.99903166
1602947159 0.0000000 0.99858767 0.99712175
1603087586 0.0000000 0.99072361 0.98150516
1603396062 0.0000000 0.94634783 0.88164002
1603674483 0.0000000 0.99929941 0.99844700
1604358861 0.0000000 0.99920207 0.99831629
1604426346 0.0000000 0.99248809 0.98477769
1604601372 0.0000000 0.99937224 0.99869913
1604626818 0.0000000 0.99897289 0.99790955
1605130406 0.0000000 0.99899065 0.99797249
1605130534 0.0000000 0.99700493 0.99394637
1605266102 0.0000000 0.99456346 0.98909467
1605511152 0.0000000 0.99925667 0.99850386
1605551866 0.0000000 0.99294949 0.98565549
1605557664 0.0000000 0.99505502 0.99006450
1605621503 0.0000000 0.99832523 0.99661452
1605662576 0.0000000 0.99730289 0.99447328
1606582085 0.0000000 0.84467274 0.60463476
1606657334 0.0000000 0.99925894 0.99851054
1607578178 0.0000000 0.99931598 0.99859190
1607606398 0.0000000 0.99933946 0.99865258
1607606851 0.0000000 0.99880672 0.99754328
1607624108 0.0000000 0.99902385 0.99802256
1608317519 0.0000000 0.96964830 0.93844891
1608385359 0.0000000 0.86501414 0.65257722
1609436522 0.0000000 0.99918848 0.99834752
1609594007 0.0000000 0.99951118 0.99901956
1610162996 0.0000000 0.62621701 -0.71691275
1610192153 0.0000000 0.99929982 0.99859720
1610249009 0.0000000 0.99968934 0.99931598
1610838659 0.0000000 0.99943787 0.99881500
1611559538 0.0000000 0.99932408 0.99858660
1611565557 0.0000000 0.99841565 0.99681842
1611574763 0.0000000 0.99892867 0.99781483
1611584686 0.0000000 0.96775663 0.93131506
1611818971 0.0000000 0.99936461 0.99867725
