1085390106 0.0000000 0.94219518 0.87283504
1086195389 0.0000000 0.99997753 0.99994564
1086315872 0.0000000 0.99991423 0.99981213
1086883086 0.0000000 0.99989057 0.99976587
1087613581 0.0000000 0.99895197 0.99787724
1089099122 0.0000000 0.99996555 0.99992156
1089113880 0.0000000 0.99968135 0.99934065
1089371968 0.0000000 0.99972808 0.99942476
1090478200 0.0000000 0.99977911 0.99954510
1091970746 0.0000000 0.99983418 0.99963188
1092861100 0.0000000 0.99441630 0.98866034
1093118276 0.0000000 0.99928123 0.99849731
1095475955 0.0000000 0.99982667 0.99962610
1097813330 0.0000000 0.99995625 0.99990934
1098848984 0.0000000 0.96851885 0.93421191
1099928102 -41.500000 7.37971663E-02 2.19660997E-03
1099929295 77.349998 0.10835107 4.33325768E-05
1099929521 69.349998 8.65939334E-02 2.34043598E-03
1099931589 132.20000 6.85570464E-02 3.17502022E-03
1099942690 91.349998 0.14263399 1.24150515E-03
1100098082 110.70000 9.64011997E-02 4.79221344E-04
1100139404 111.20000 0.10329342 1.37746334E-04
1100237223 157.35001 5.92751093E-02 3.02517414E-03
1100955874 148.20000 7.32818916E-02 4.45383787E-03
1103674687 130.35001 8.73926505E-02 3.33541632E-03
1105287429 98.599998 8.26576576E-02 -0.16687882
1105405102 73.599998 5.02641909E-02 8.18252563E-04
1105536640 78.849998 6.04187958E-02 1.31136179E-03
1105765351 128.90001 4.19660397E-02 1.05303526E-03
1106056455 32.600002 3.75235640E-02 1.51014328E-03
1106207236 62.100002 7.19930306E-02 6.58869743E-04
1106226863 184.15001 6.43659979E-02 5.48201799E-03
1106317701 227.00000 8.39254931E-02 3.22639942E-04
1106377004 -26.000000 7.76986182E-02 1.19817257E-03
1106829094 203.00000 3.88141088E-02 3.96192074E-04
1107166208 -32.100002 9.11558196E-02 5.65904379E-03
1107223187 192.85001 5.89046367E-02 1.25110149E-04
1107233798 95.099998 5.42549193E-02 3.35574150E-04
1107286746 -12.800000 3.60054821E-02 9.91821289E-04
1107388387 112.80000 7.80996159E-02 7.78377056E-04
1107601144 -70.050003 6.65211827E-02 1.35540962E-04
1107601252 45.549999 6.47988096E-02 1.50024891E-04
1108162580 21.150000 4.61715348E-02 1.03038549E-03
1108757898 74.550003 0.11145675 5.42581081E-04
1108761568 39.400002 5.82910776E-02 2.97760963E-03
1110049611 18.500000 9.08716246E-02 3.73721123E-05
1110049680 86.800003 8.83034915E-02 3.95178795E-05
1110050185 271.55002 7.75988325E-02 4.21702862E-04
1110050874 210.10001 5.75708784E-02 3.68654728E-04
1110568232 57.049999 9.33904052E-02 2.81202793E-03
1111274786 158.45000 7.99138099E-02 1.20484829E-03
1113182839 14.900001 0.12230114 5.72550297E-03
1113208093 88.800003 7.64521807E-02 5.35249710E-03
1113260515 -29.200001 8.51761326E-02 4.75370884E-03
1113331351 170.25000 5.34904189E-02 3.58086824E-03
1114345058 140.45000 5.67492172E-02 5.23370504E-03
1114872497 159.80000 0.10993892 2.57849693E-04
1114872533 180.65001 0.11578331 6.24358654E-04
1114872543 176.85001 0.11877543 1.07926130E-03
1114981677 233.65001 5.71170151E-02 8.82565975E-04
1115167250 93.700005 6.45726919E-02 1.20639801E-03
1115753263 202.65001 8.10074359E-02 6.93249702E-03
1115910658 -1.6000000 8.51074606E-02 5.56921959E-03
1115942660 59.049999 8.35123286E-02 1.72966719E-03
1116353193 141.85001 5.17335869E-02 1.31922960E-03
1117405041 153.85001 7.41517916E-02 2.31504440E-03
1117642805 127.25000 0.10299384 1.15096569E-04
1118162704 66.849998 8.79439935E-02 4.74154949E-04
1118367166 -9.2500000 8.26155469E-02 9.91225243E-04
1118396676 59.850002 8.10682848E-02 1.35141611E-03
1118501300 132.70000 8.04652199E-02 2.85691023E-03
1118677980 227.50000 6.81040064E-02 3.30948830E-03
1118868304 -20.300001 4.26268838E-02 5.44011593E-04
1119087065 40.000000 7.13127404E-02 1.29133463E-03
1119729025 83.450005 8.01153556E-02 5.07855415E-03
1119876655 -12.800000 9.05778483E-02 -2.68265009E-02
1121472051 173.40001 6.50833249E-02 2.60132551E-03
1122385024 232.95000 4.99781854E-02 3.25560570E-04
1122618639 216.00000 0.10645916 5.36149740E-03
1122777951 94.650002 4.53517251E-02 2.64525414E-04
1125373372 -32.000000 6.89930171E-02 -6.83283806E-03
1125685516 -34.850002 5.91886155E-02 2.26652622E-03
1125969360 114.85000 0.11681917 1.87873840E-04
1127055473 0.0000000 0.99881804 0.74957395
1127456637 0.0000000 0.99807310 0.74927068
1127471662 0.0000000 0.99532163 0.74873799
1127494190 0.0000000 0.99948823 0.75017744
1127760620 0.0000000 0.99981773 0.75032723
1128153007 0.0000000 0.99966127 0.75160456
1128174696 0.0000000 0.99983275 0.75067455
1128475640 0.0000000 0.99856675 0.75023103
1128528995 0.0000000 0.99947822 0.75275230
1128891916 0.0000000 0.85222441 0.66213024
1128923244 0.0000000 0.99926603 0.75015295
1129069430 0.0000000 0.74537480 0.54901373
1129155495 0.0000000 0.94756293 0.72225904
1129246313 0.0000000 0.96661687 0.73001260
1129324370 0.0000000 0.99650294 0.74746907
1129391464 0.0000000 0.99974763 0.75068539
1129907016 0.0000000 0.83744097 0.63783550
1130249327 0.0000000 0.99841177 0.74939501
1131428965 0.0000000 0.99733055 0.75050676
1131431840 0.0000000 0.99706066 0.75045753
1132062095 0.0000000 0.99888694 0.74903995
1132132485 0.0000000 0.99580997 0.74887139
1132148341 0.0000000 0.99968570 0.75066686
1132166999 0.0000000 0.99816525 0.75083864
1132661855 0.0000000 0.99905825 0.75144917
1132975230 0.0000000 0.99914700 0.75032735
1133111580 0.0000000 0.99831343 0.75160629
1133304109 0.0000000 0.99985850 0.75115842
1133601723 0.0000000 0.99870938 0.75149047
1133908462 0.0000000 0.99773133 0.74993432
1134710133 0.0000000 0.99821514 0.75178736
1135808248 0.0000000 0.99917310 0.75131643
1135976852 0.0000000 0.99305338 0.75256735
1136739698 0.0000000 0.99960542 0.75181675
1137913657 0.0000000 0.99972802 0.75180137
1137989937 0.0000000 0.99978578 0.75130904
1137990003 0.0000000 0.99912328 0.75045925
1138288259 0.0000000 0.99817014 0.75183159
1139284609 0.0000000 0.65944648 0.42972535
1139326915 0.0000000 0.99861407 0.75121856
1140725945 0.0000000 0.99886394 0.75097215
1140746150 0.0000000 0.99970084 0.75249875
1141877248 0.0000000 0.99939644 0.99872005
1142029462 0.0000000 0.99535072 0.99025911
1142229311 0.0000000 0.99914604 0.99807340
1142709582 0.0000000 0.99309063 0.98583317
1143536168 0.0000000 0.99941367 0.99876189
1143616861 0.0000000 0.99883813 0.99748206
1143885739 0.0000000 0.99997473 0.99987048
1143885924 0.0000000 0.99686617 0.99358070
1143888020 0.0000000 0.99645889 0.99277604
1144129163 0.0000000 0.98800766 0.97530973
1144133312 0.0000000 0.99043608 0.98041844
1144179006 0.0000000 0.99963313 0.99909002
1144806135 0.0000000 0.98085165 0.95976210
1145140855 0.0000000 0.99993271 0.99976569
1145323561 0.0000000 0.98952353 0.97824180
1146215126 0.0000000 0.99988246 0.99966741
1146944291 0.0000000 0.28866959 -12.330202
1146966782 0.0000000 0.99362969 0.98698592
1147258751 0.0000000 0.99841791 0.99657738
1149411961 0.0000000 0.99805945 0.99597436
1149467938 0.0000000 0.97960377 0.95698559
1149638545 0.0000000 0.99662876 0.99282491
1149771133 0.0000000 0.97040308 0.93676257
1150128882 0.0000000 0.93340999 0.84858167
1151387381 0.0000000 0.99429733 0.98810208
1154072410 0.0000000 0.99997616 0.99980938
1154182305 0.0000000 0.99504471 0.98979187
1155212722 0.0000000 0.99674004 0.99304783
1155340266 0.0000000 0.99917436 0.99818498
1155354114 0.0000000 0.95450610 0.89982700
1155443514 0.0000000 0.99896854 0.99770600
1156044082 0.0000000 0.77719080 0.35275751
1156698676 0.0000000 0.99952173 0.99888444
1158266854 0.0000000 0.99458182 0.98832238
1159598968 0.0000000 0.99840373 0.99651313
1159684577 0.0000000 0.99974239 0.99915606
1160388105 0.0000000 0.99933290 0.99841565
1160392104 0.0000000 0.99898183 0.99763489
1160549032 0.0000000 0.98542374 0.96935004
1160664389 0.0000000 0.99997407 0.99970174
1163299258 0.0000000 0.99643934 0.99217761
1163456967 0.0000000 0.99636805 0.99213588
1163641819 0.0000000 0.99735838 0.99431187
1164570370 0.0000000 0.99733967 0.99382764
1165358160 0.0000000 0.99887872 0.99672490
1165368969 0.0000000 0.99619788 0.99109000
1166094636 0.0000000 0.99920279 0.99739289
1166561075 0.0000000 0.99864149 0.99590003
1166894907 0.0000000 0.99974185 0.99825740
1167121204 0.0000000 0.99129367 0.97993875
1167135981 0.0000000 0.99994516 0.99861413
1167136317 0.0000000 0.99994344 0.99860281
1167136455 0.0000000 0.99994326 0.99860507
1167136825 0.0000000 0.99520379 0.98840797
1167144800 0.0000000 0.97174460 0.93707085
1167147704 0.0000000 0.99789226 0.99442178
1167154513 0.0000000 0.99383175 0.98522598
1167186639 0.0000000 0.99940395 0.99743551
1167298740 0.0000000 0.85151589 0.60674500
1167318376 0.0000000 0.40271097 -4.1038098
1167324678 0.0000000 0.92193806 0.80173045
1167592780 0.0000000 0.77252543 0.24306405
1167604646 0.0000000 0.99050534 0.97792828
1168792515 0.0000000 0.97422457 0.94124252
1168917035 0.0000000 0.99972737 0.99790013
1169006425 0.0000000 0.99926853 0.99666578
1169712716 0.0000000 0.97745246 0.95232970
1169722755 0.0000000 0.99994230 0.99987155
1170262059 0.0000000 0.97191793 0.94085282
1170524118 0.0000000 0.99236953 0.98448837
1171366614 0.0000000 0.99804950 0.99591935
1171423577 0.0000000 0.99626917 0.99246019
1171423831 0.0000000 0.99821234 0.99635339
1171832699 0.0000000 0.99849528 0.99696171
1172178017 0.0000000 0.99966371 0.99930024
1173308237 0.0000000 0.99980122 0.99958169
1173368256 0.0000000 0.99936229 0.99868929
1174197233 0.0000000 0.98577559 0.97068757
1175309106 0.0000000 0.99865460 0.99723822
1175583473 0.0000000 0.99841195 0.99678528
1176242685 0.0000000 0.99784744 0.99555284
1177115546 0.0000000 0.99947196 0.99891257
1177175308 0.0000000 0.98266399 0.96413559
1178992210 0.0000000 0.99882990 0.99761182
1180238725 0.0000000 0.95312566 0.89963615
1180618796 0.0000000 0.98301268 0.96464330
1181939353 0.0000000 0.99923742 0.99843222
1182196765 0.0000000 0.99339134 0.98647100
1182265663 0.0000000 0.99608612 0.99206465
1182396227 0.0000000 0.99950117 0.99895740
1182398897 0.0000000 0.99948543 0.99894691
1184629372 0.0000000 0.99963754 0.99925542
1185198002 0.0000000 0.99984777 0.99968463
1185799546 0.0000000 0.97962755 0.95753866
1185861072 0.0000000 0.99828303 0.99649441
1186620947 0.0000000 0.99994880 0.99988228
1186786330 0.0000000 0.99895644 0.99787992
1188350129 0.0000000 0.99723333 0.99442667
1188356416 0.0000000 0.99971765 0.99941522
1188908193 0.0000000 0.99963868 0.99925548
1188950111 0.0000000 0.92471194 0.82747662
1189101086 0.0000000 0.99992448 0.99983078
1189101321 0.0000000 0.99981081 0.99959362
1189194674 0.0000000 0.99858904 0.99709833
1190442424 0.0000000 0.99975514 0.99947244
1192071901 0.0000000 0.99982154 0.99962556
1192632000 0.0000000 0.99986291 0.99971372
1193967194 0.0000000 0.98998708 0.97957695
1194476053 0.0000000 0.99960971 0.99917173
1196283913 0.0000000 0.99977291 0.99952459
1196818902 0.0000000 0.99981588 0.99962115
1196950527 0.0000000 0.99966568 0.99926811
1197715613 0.0000000 0.99455523 0.98902577
1198522115 0.0000000 0.99973309 0.99944800
1200543890 0.0000000 0.70127577 -4.76231575E-02
1200856359 0.0000000 0.98783755 0.97506613
1201442068 0.0000000 0.99937016 0.99868196
1203280382 0.0000000 0.99991322 0.99981952
1203409866 0.0000000 0.99439281 0.98862475
1203790455 0.0000000 0.99784744 0.99566424
1204138448 0.0000000 0.99971008 0.99938267
1204304285 0.0000000 0.99991065 0.99979979
1204490434 0.0000000 0.96917027 0.93488431
1204651907 0.0000000 0.99990189 0.99979448
1204651936 0.0000000 0.99990153 0.99979347
1204670552 0.0000000 0.99875325 0.99742281
1207186072 0.0000000 0.99789345 0.99574423
1208187584 0.0000000 0.99977386 0.99951947
1208931881 0.0000000 0.99992996 0.99983400
1208975321 0.0000000 0.99989921 0.99978340
1208982088 0.0000000 0.99571556 0.99131191
1208988255 0.0000000 0.99959183 0.99915403
1208988552 0.0000000 0.99815714 0.99626696
1209105937 0.0000000 0.99241477 0.98459107
1209216223 0.0000000 0.89259934 0.73398679
1209291757 0.0000000 0.98391658 0.96647221
1209339084 0.0000000 0.99934423 0.99862558
1209362380 0.0000000 0.99405658 0.98799706
1209543825 0.0000000 0.98303425 0.96491545
1209563099 0.0000000 0.99919653 0.99831951
1209583346 0.0000000 0.96176887 0.91902298
1209820628 0.0000000 0.99961185 0.99919182
1209877317 0.0000000 0.99929023 0.99847543
1210448520 0.0000000 0.99994999 0.99987471
1210560189 0.0000000 0.99315697 0.98613369
1210633064 0.0000000 0.99983048 0.99963725
1210703275 0.0000000 0.99960786 0.99917251
1212285435 0.0000000 0.99977863 0.99954277
1212339563 0.0000000 0.99984735 0.99966079
1213107823 0.0000000 0.95890558 0.91093040
1213158817 0.0000000 0.99385041 0.98742515
1213486164 0.0000000 0.99859875 0.99714845
1214086760 0.0000000 0.99285990 0.98550421
1214128508 0.0000000 0.99720007 0.99434394
1214211456 0.0000000 0.57455486 -1.1327329
1214561217 0.0000000 0.98893547 0.97747117
1215221786 0.0000000 0.96861136 0.93294728
1215745668 0.0000000 0.99971110 0.99938166
1215812106 0.0000000 0.99905729 0.99806416
1215812707 0.0000000 0.99184501 0.98337722
1215839910 0.0000000 0.99976867 0.99950486
1215843106 0.0000000 0.99964601 0.99926585
1215961116 0.0000000 0.99974984 0.99949211
1216126809 0.0000000 0.97076094 0.93866456
1216904067 0.0000000 0.99693793 0.99382114
1217616949 0.0000000 0.99990636 0.99980134
1218233114 0.0000000 0.99972832 0.99944544
1218994676 0.0000000 0.99863899 0.99720454
1219291482 0.0000000 0.99623930 0.99239612
1219301591 0.0000000 0.99928164 0.99852097
1219723710 0.0000000 0.99543959 0.99075395
1219772880 0.0000000 0.99841338 0.99678677
1219869253 0.0000000 0.99706870 0.99407464
1220179542 0.0000000 0.99411303 0.98802114
1220742036 0.0000000 0.99956834 0.99910927
1220946193 0.0000000 0.99981201 0.99955320
1221047734 0.0000000 0.99959970 0.99918121
1222614737 0.0000000 0.99901342 0.99798226
1225404477 0.0000000 0.99669832 0.99319297
1225442295 0.0000000 0.99782723 0.99548292
1228187814 0.0000000 0.99986470 0.99963218
1228684717 0.0000000 0.99988085 0.99971944
1229260451 0.0000000 0.99786991 0.99563581
1229658996 0.0000000 0.91560012 0.80262893
1230216280 0.0000000 0.99449843 0.98867410
1230600687 0.0000000 0.99976206 0.99947947
1230860391 0.0000000 0.98415202 0.96729362
1231020274 0.0000000 0.99983203 0.99957049
1231041233 0.0000000 0.99957758 0.99905360
1232714291 0.0000000 0.99985880 0.99967587
1232804891 0.0000000 0.99985981 0.99964899
1233928332 0.0000000 0.99961710 0.99910814
1234166319 0.0000000 0.98499823 0.96850532
1234201315 0.0000000 0.99007785 0.97927034
1234214675 0.0000000 0.99990493 0.99975353
1236731039 0.0000000 0.99974108 0.99937022
1236854628 0.0000000 0.99963993 0.99918628
1237014105 0.0000000 0.99966973 0.99922955
1237159221 0.0000000 0.99980110 0.99945390
1237164701 0.0000000 0.99985278 0.99962670
1237551366 0.0000000 0.99978864 0.99948955
1237619839 0.0000000 0.99947608 0.99858791
1239235949 0.0000000 0.99958980 0.99905586
1239971868 0.0000000 0.99964589 0.99915993
1240678955 0.0000000 0.99953622 0.99885678
1242397863 0.0000000 0.99986768 0.99963444
1242709695 0.0000000 0.99967927 0.99913961
1243376855 0.0000000 0.99978966 0.99951875
1244248765 0.0000000 0.99960226 0.99912053
1245087845 0.0000000 0.99930382 0.99848425
1245407408 0.0000000 0.99973714 0.99938661
1245469469 0.0000000 0.99974650 0.99938416
1245877793 0.0000000 0.99988323 0.99971479
1245881452 0.0000000 0.99984086 0.99962837
1246167876 0.0000000 0.99984056 0.99963415
1246181696 0.0000000 0.99985909 0.99964792
1246182765 0.0000000 0.99976617 0.99943566
1246208530 0.0000000 0.99980497 0.99950516
1246208539 0.0000000 0.99980468 0.99950469
1246598451 0.0000000 0.99986356 0.99967569
1246598488 0.0000000 0.99985653 0.99966270
1246614635 0.0000000 0.99985075 0.99963737
1246985947 0.0000000 0.99983621 0.99960655
1247508302 0.0000000 0.99992478 0.99983227
1247516932 0.0000000 0.99995339 0.99987853
1247654255 0.0000000 0.99986917 0.99964118
1247741293 0.0000000 0.99991751 0.99977994
1247769767 0.0000000 0.99990231 0.99975967
1248159491 0.0000000 0.99988842 0.99964762
1248570012 0.0000000 0.99989891 0.99974102
1248588659 0.0000000 0.99985170 0.99966550
1248872986 0.0000000 0.99974632 0.99942297
1248886386 0.0000000 0.99989748 0.99974442
1249212887 0.0000000 0.99982697 0.99961483
1250467545 0.0000000 0.99984515 0.99963719
1250503855 0.0000000 0.99992079 0.99980211
1250504106 0.0000000 0.99993050 0.99981517
1250601456 0.0000000 0.99992275 0.99980831
1250639275 0.0000000 0.99975312 0.99945426
1250703707 0.0000000 0.99956077 0.99902600
1250777890 0.0000000 0.99983323 0.99960345
1250888264 0.0000000 0.99987775 0.99971825
1250911490 0.0000000 0.99949908 0.99882686
1252249816 0.0000000 0.99596256 0.99175429
1252757125 0.0000000 0.99987811 0.99969995
1254591366 0.0000000 0.99990362 0.99973226
1254664936 0.0000000 0.99943858 0.99879402
1255243328 0.0000000 0.99704927 0.99393976
1256244384 0.0000000 0.99981952 0.99955726
1256252705 0.0000000 0.99976379 0.99939603
1256431794 0.0000000 0.99950773 0.99883628
1257413577 0.0000000 0.99989408 0.99968171
1257413887 0.0000000 0.99977458 0.99945897
1257420861 0.0000000 0.99986160 0.99961263
1257678569 0.0000000 0.99960953 0.99908882
1258065617 0.0000000 0.99955362 0.99897403
1258296469 0.0000000 0.99974054 0.99942285
1258824471 0.0000000 0.99961305 0.99899131
1258926370 0.0000000 0.99929035 0.99851412
1260564405 0.0000000 0.99981123 0.99952829
1260692005 0.0000000 0.99979937 0.99944508
1261227736 0.0000000 0.99981481 0.99946254
1261227864 0.0000000 0.99994224 0.99982089
1261228557 0.0000000 0.99963135 0.99907732
1261232031 0.0000000 0.99973792 0.99934965
1261235533 0.0000000 0.99968129 0.99924195
1261275144 0.0000000 0.99958503 0.99901122
1261713375 0.0000000 0.99982280 0.99957418
1261922241 0.0000000 0.99958271 0.99910444
1262034644 0.0000000 0.99973089 0.99922711
1262237921 0.0000000 0.99962819 0.99906033
1262343689 0.0000000 0.99949276 0.99887735
1262367286 0.0000000 0.99983072 0.99952877
1262622742 0.0000000 0.99011505 0.97901082
1262633257 0.0000000 0.99955237 0.99896300
1263881366 0.0000000 0.99981093 0.99946815
1265523000 0.0000000 0.99985141 0.99963373
1265599504 0.0000000 0.99963593 0.99906963
1265691729 0.0000000 0.99972153 0.99934000
1265942558 0.0000000 0.99985522 0.99962300
1266289887 0.0000000 0.99985307 0.99965489
1266816064 0.0000000 0.99992210 0.99982154
1267146477 0.0000000 0.99977612 0.99944776
1267162697 0.0000000 0.99958426 0.99904549
1267661932 0.0000000 0.99993294 0.99982256
1267662287 0.0000000 0.99982560 0.99956053
1267686434 0.0000000 0.99967277 0.99921209
1267690576 0.0000000 0.99991733 0.99975044
1268040382 0.0000000 0.99982864 0.99956518
1268902896 0.0000000 0.99974567 0.99945903
1268931240 0.0000000 0.99975580 0.99940205
1269644874 0.0000000 0.99979937 0.99949491
1270335780 0.0000000 0.99925739 0.99833137
1270813793 0.0000000 0.99951488 0.99881488
1270961850 0.0000000 0.99978340 0.99942547
1270999307 0.0000000 0.99842834 0.99671924
1271168968 0.0000000 0.99985892 0.99961609
1271191748 0.0000000 0.99988210 0.99966478
1271987388 0.0000000 0.99955362 0.99888718
1272194052 0.0000000 0.99970746 0.99930280
1272250791 0.0000000 0.99987227 0.99965328
1272823213 0.0000000 0.99970382 0.99934399
1274901407 0.0000000 0.99966270 0.99917662
1276535865 0.0000000 0.99990064 0.99967349
1276561877 0.0000000 0.99992239 0.99973989
1276823323 0.0000000 0.99988657 0.99963588
1277575551 0.0000000 0.99964499 0.99922180
1277670806 0.0000000 0.99987596 0.99965322
1278097892 0.0000000 0.99989301 0.99973077
1278515743 0.0000000 0.99719828 0.99414635
1278618217 0.0000000 0.99975502 0.99946529
1278636079 0.0000000 0.99980390 0.99943203
1279357457 0.0000000 0.99976802 0.99939519
1279458204 0.0000000 0.99989283 0.99974114
1280029930 0.0000000 0.99988949 0.99972862
1280553485 0.0000000 0.99975502 0.99942088
1280563997 0.0000000 0.99971259 0.99932486
1280587745 0.0000000 0.99975950 0.99943739
1281476617 0.0000000 0.99968928 0.99926347
1282408680 0.0000000 0.99975806 0.99935758
1282415961 0.0000000 0.99960834 0.99904549
1282416480 0.0000000 0.99971694 0.99934560
1283157909 0.0000000 0.99985772 0.99962246
1283540817 0.0000000 0.99978751 0.99947661
1284039008 0.0000000 0.99988288 0.99971586
1284244867 0.0000000 0.99942708 0.99871218
1284952628 0.0000000 0.99976385 0.99936402
1285350982 0.0000000 0.99959528 0.99912453
1285695233 0.0000000 0.99986660 0.99964517
1285876560 0.0000000 0.99963892 0.99913150
1286047392 0.0000000 0.99987310 0.99970901
1286198915 0.0000000 0.99989814 0.99973285
1286865806 0.0000000 0.99953651 0.99896270
1287036373 0.0000000 0.99849862 0.99687034
1289221280 0.0000000 0.99984562 0.99961090
1289567329 0.0000000 0.99990785 0.99973983
1289576340 0.0000000 0.99983531 0.99955750
1290342705 0.0000000 0.99985677 0.99961942
1290784424 0.0000000 0.99989766 0.99967998
1290799240 0.0000000 0.99970365 0.99933571
1291601652 0.0000000 0.99983066 0.99958706
1291689974 0.0000000 0.99979407 0.99948132
1291927327 0.0000000 0.98975176 0.97862256
1292000461 0.0000000 0.95191592 0.89491266
1294804388 0.0000000 0.99980378 0.99952626
1296507195 0.0000000 0.99983561 0.99948835
1296548191 0.0000000 0.99991459 0.99964166
1297058102 0.0000000 0.99985564 0.99958491
1297342916 0.0000000 0.99920410 0.99813497
1297754297 0.0000000 0.99992406 0.99976569
1298970247 0.0000000 0.99924618 0.99835730
1299845150 0.0000000 0.99931198 0.99842358
1300123317 0.0000000 0.99947935 0.99880755
1300281136 0.0000000 0.99950677 0.99884647
1300608051 0.0000000 0.99986678 0.99962670
1301123952 0.0000000 0.99940765 0.99871606
1301458951 0.0000000 0.99976104 0.99935037
1301964194 0.0000000 0.99946928 0.99869114
1302916270 0.0000000 0.99985015 0.99962568
1302961193 0.0000000 0.99979252 0.99945688
1303685617 0.0000000 0.99747127 0.99474412
1304080155 0.0000000 0.99938422 0.99863404
1304082768 0.0000000 0.99982154 0.99955827
1304152538 0.0000000 0.99965984 0.99921894
1304437954 0.0000000 0.99975991 0.99939770
1304717510 0.0000000 0.99972290 0.99928427
1304757333 0.0000000 0.99958670 0.99912202
1306028051 0.0000000 0.99985623 0.99958193
1306098435 0.0000000 0.99981689 0.99950498
1306261925 0.0000000 0.99961978 0.99907327
1307034472 0.0000000 0.99983430 0.99947220
1307669122 0.0000000 0.99969620 0.99927765
1308478735 0.0000000 0.99949884 0.99892032
1309048281 0.0000000 0.99975306 0.99945116
1309094354 0.0000000 0.99986100 0.99962336
1309326569 0.0000000 0.98149019 0.96101594
1309474048 0.0000000 0.99952775 0.99898160
1309601047 0.0000000 0.99908143 0.99800819
1309696244 0.0000000 0.99965292 0.99919432
1309953539 0.0000000 0.99982625 0.99955595
1310469430 0.0000000 0.99973488 0.99936086
1310541580 0.0000000 0.99948692 0.99878871
1310928323 0.0000000 0.99974740 0.99936336
1311000534 0.0000000 0.99965101 0.99918967
1311084070 0.0000000 0.99983495 0.99957657
1311142337 0.0000000 0.99986839 0.99966007
1311692424 0.0000000 0.99327356 0.98597431
1313100452 0.0000000 0.99974155 0.99933273
1314264913 0.0000000 0.99978209 0.99939364
1314789752 0.0000000 0.99940938 0.99874079
1315538819 0.0000000 0.99980509 0.99953669
1315635988 0.0000000 0.98833770 0.97538900
1315804512 0.0000000 0.99945039 0.99882412
1316643513 0.0000000 0.99989766 0.99967325
1316653258 0.0000000 0.99971265 0.99930066
1317835272 0.0000000 0.85579264 0.62829173
1318175665 0.0000000 0.99968225 0.99928272
1318478724 0.0000000 0.99972790 0.99934399
1319945023 0.0000000 0.99976844 0.99943173
1320074224 0.0000000 0.99947220 0.99881929
1320721143 0.0000000 0.99990720 0.99975002
1321061921 0.0000000 0.99983984 0.99958467
1322787324 0.0000000 0.99977380 0.99943078
1322993584 0.0000000 0.99958771 0.99907279
1323861170 0.0000000 0.99963260 0.99909729
1323909341 0.0000000 0.99980414 0.99945611
1324582798 0.0000000 0.99987155 0.99968612
1325660397 0.0000000 0.99979991 0.99941361
1326181267 0.0000000 0.99955273 0.99890953
1326728445 0.0000000 0.99813503 0.99609160
1327107001 0.0000000 0.99988180 0.99967015
1327480583 0.0000000 0.99971092 0.99910170
1327824459 0.0000000 0.99960780 0.99909818
1328324062 0.0000000 0.99972045 0.99925900
1328459111 0.0000000 0.99943316 0.99873316
1330223700 0.0000000 0.99991393 0.99972117
1330883534 0.0000000 0.99972296 0.99929720
1332071890 0.0000000 0.99957061 0.99902123
1332086295 0.0000000 0.99234331 0.98394060
1332373478 0.0000000 0.99965644 0.99914318
1333258441 0.0000000 0.99957007 0.99896550
1333828758 0.0000000 0.99973971 0.99932426
1333921411 0.0000000 0.99989206 0.99975044
1334227165 0.0000000 0.99960899 0.99903852
1334800688 0.0000000 0.99978495 0.99946344
1335409258 0.0000000 0.96261740 0.92043471
1335538115 0.0000000 0.99974573 0.99935168
1338362741 0.0000000 0.99982095 0.99952018
1338842309 0.0000000 0.99973524 0.99932057
1338890190 0.0000000 0.99983037 0.99954993
1338944914 0.0000000 0.99988192 0.99962568
1338944979 0.0000000 0.99987268 0.99956816
1338945045 0.0000000 0.99983710 0.99959970
1339216879 0.0000000 0.99984336 0.99956661
1339275618 0.0000000 0.99985266 0.99958956
1339278860 0.0000000 0.99978691 0.99945432
1339309409 0.0000000 0.99965471 0.99920827
1339575740 0.0000000 0.99903816 0.99789560
1339598466 0.0000000 0.99750537 0.99442291
1339646879 0.0000000 0.99978071 0.99936312
1339690513 0.0000000 0.99989361 0.99963278
1339702255 0.0000000 0.99984938 0.99955702
1339923712 0.0000000 0.99990577 0.99972272
1341299876 0.0000000 0.99970663 0.99930328
1341924177 0.0000000 0.99873269 0.99726599
1342405200 0.0000000 0.99855602 0.99686891
1344277570 0.0000000 0.99963933 0.99918306
1344910008 0.0000000 0.99985588 0.99960792
1344941743 0.0000000 0.99959576 0.99899322
1345138860 0.0000000 0.99937212 0.99870437
1345234802 0.0000000 0.99982160 0.99952459
1346380382 0.0000000 0.89936173 0.76250482
1346415099 0.0000000 0.99980628 0.99960625
1346415834 0.0000000 0.99975693 0.99950385
1346788818 0.0000000 0.99984509 0.99968362
1346816730 0.0000000 0.99975961 0.99950796
1348523853 0.0000000 0.99959934 0.99918109
1350722979 0.0000000 0.99967569 0.99934602
1350800865 0.0000000 0.99030560 0.98040086
1351161077 0.0000000 0.99986345 0.99971700
1352122829 0.0000000 0.99982452 0.99963009
1352554787 0.0000000 0.99604815 0.99203300
1353431341 0.0000000 0.99988937 0.99975228
1353536726 0.0000000 0.99984133 0.99967372
1354158772 0.0000000 0.99965316 0.99928772
1354470336 0.0000000 0.99986351 0.99971253
1354477411 0.0000000 0.99979544 0.99958390
1354976814 0.0000000 0.99985898 0.99970537
1355221924 0.0000000 0.99979728 0.99958277
1356243184 0.0000000 0.99957055 0.99912810
1356319072 0.0000000 0.99963683 0.99925047
1356487597 0.0000000 0.99985033 0.99968487
1356883405 0.0000000 0.99991995 0.99983412
1357128106 0.0000000 0.99992353 0.99983871
1357236484 0.0000000 0.99991244 0.99980968
1357270197 0.0000000 0.99987209 0.99972588
1357331931 0.0000000 0.99967259 0.99931633
1357541346 0.0000000 0.99990821 0.99981403
1357994057 0.0000000 0.99983352 0.99964672
1358411441 0.0000000 0.99976718 0.99953598
1358708986 0.0000000 0.99977505 0.99954319
1359776392 0.0000000 0.99984455 0.99968660
1361064727 0.0000000 0.99975759 0.99949294
1361239965 0.0000000 0.99964672 0.99927974
1361256759 0.0000000 0.99970096 0.99938673
1361373628 0.0000000 0.99937278 0.99871403
1361471757 0.0000000 0.99979389 0.99957407
1361665659 0.0000000 0.99910265 0.99815291
1362386544 0.0000000 0.99944413 0.99886703
1362609444 0.0000000 0.99965358 0.99928069
1362627405 0.0000000 0.99983639 0.99963874
1362643640 0.0000000 0.99979520 0.99956810
1363079024 0.0000000 0.99972594 0.99944669
1363764120 0.0000000 0.99966049 0.99930096
1364349799 0.0000000 0.99993175 0.99985492
1364349845 0.0000000 0.99994969 0.99989963
1364355002 0.0000000 0.99977624 0.99954808
1364690983 0.0000000 0.99613750 0.99203908
1365625224 0.0000000 0.99992418 0.99984330
1366061297 0.0000000 0.92293829 0.82762861
1366432589 0.0000000 0.99932384 0.99863470
1366513671 0.0000000 0.99970484 0.99939513
1369110346 0.0000000 0.99983740 0.99965340
1369124755 0.0000000 0.99988997 0.99977654
1369791239 0.0000000 0.99986500 0.99971521
1369883683 0.0000000 0.99970829 0.99940431
1370118743 0.0000000 0.99967182 0.99932194
1370151783 0.0000000 0.99989706 0.99978340
1370623082 0.0000000 0.99991733 0.99982315
1372241957 0.0000000 0.99977267 0.99953789
1372463510 0.0000000 0.99995369 0.99990696
1373829868 0.0000000 0.99984074 0.99966592
1373895699 0.0000000 0.99982572 0.99964595
1373969495 0.0000000 0.99979484 0.99958289
1374677225 0.0000000 0.99977285 0.99953192
1374679935 0.0000000 0.99984074 0.99967539
1376837821 0.0000000 0.99979013 0.99955380
1378247005 0.0000000 0.99981803 0.99964029
1378467231 0.0000000 0.99989307 0.99978733
1379475197 0.0000000 0.99974722 0.99944764
1380542719 0.0000000 0.99976581 0.99951690
1381466759 0.0000000 0.99916363 0.99832416
1381684855 0.0000000 0.99945813 0.99890566
1382170436 0.0000000 0.99540240 0.99062264
1382919848 0.0000000 0.99967390 0.99933082
1383069011 0.0000000 0.99936652 0.99873102
1383085061 0.0000000 0.99938005 0.99868214
1383227120 0.0000000 0.99974918 0.99947810
1383227831 0.0000000 0.99977428 0.99949908
1383234448 0.0000000 0.99986023 0.99969119
1383263545 0.0000000 0.99979919 0.99957347
1383450194 0.0000000 0.99984360 0.99966794
1383519374 0.0000000 0.99967349 0.99933237
1383809110 0.0000000 0.99987692 0.99974757
1383809501 0.0000000 0.99956059 0.99909836
1383989687 0.0000000 0.99970114 0.99938649
1384145710 0.0000000 0.99964923 0.99929959
1384544358 0.0000000 0.99988037 0.99975526
1385019362 0.0000000 0.99942720 0.99877673
1386347977 0.0000000 0.94912636 0.88552821
1386357780 0.0000000 0.99990314 0.99979293
1387916955 0.0000000 0.99972689 0.99942446
1389034180 0.0000000 0.99982661 0.99962956
1389204911 0.0000000 0.99993533 0.99986678
1389717867 0.0000000 0.99982113 0.99961674
1389724692 0.0000000 0.99989974 0.99978435
1389729005 0.0000000 0.99987936 0.99974328
1389740803 0.0000000 0.99962372 0.99922138
1389904819 0.0000000 0.99949753 0.99898225
1390517490 0.0000000 0.99975020 0.99948430
1390619771 0.0000000 0.99986088 0.99970955
1391790286 0.0000000 0.99976218 0.99950308
1393014317 0.0000000 0.99939680 0.99878603
1393065064 0.0000000 0.99972713 0.99943596
1393759985 0.0000000 0.99905354 0.99808192
1393791078 0.0000000 0.99991834 0.99982870
1394913876 0.0000000 0.99982429 0.99963135
1395061976 0.0000000 0.99990821 0.99980032
1395231566 0.0000000 0.99991363 0.99981272
1397097485 0.0000000 0.99984294 0.99967301
1397746253 0.0000000 0.99972934 0.99942809
1398443585 0.0000000 0.99986613 0.99971330
1399207416 0.0000000 0.99967134 0.99932283
1399278483 0.0000000 0.99981457 0.99960506
1399745740 0.0000000 0.99963248 0.99925387
1399746271 0.0000000 0.99983853 0.99966294
1400631673 0.0000000 0.99993128 0.99984759
1401021673 0.0000000 0.99989307 0.99977607
1401296286 0.0000000 0.99903136 0.99802995
1402085900 0.0000000 0.99851847 0.99700624
1402313583 0.0000000 0.99881679 0.99759603
1402624068 0.0000000 0.99331290 0.98618686
1402784563 0.0000000 0.99986589 0.99972022
1403034553 0.0000000 0.99960703 0.99919331
1403317269 0.0000000 0.99959874 0.99917203
1403439974 0.0000000 0.99947393 0.99894303
1404774365 0.0000000 0.99978030 0.99955541
1404925818 0.0000000 0.99960530 0.99918777
1405577514 0.0000000 0.99983144 0.99966133
1407296767 0.0000000 0.99947548 0.99893838
1407544588 0.0000000 0.92745227 0.83653945
1408047770 0.0000000 0.99914813 0.99827826
1410046387 0.0000000 0.99987215 0.99974817
1410325949 0.0000000 0.99979872 0.99958777
1410382444 0.0000000 0.99932343 0.99861050
1411247643 0.0000000 0.99979430 0.99958277
1411641303 0.0000000 0.99988270 0.99975789
1412009058 0.0000000 0.99722493 0.99442279
1412705290 0.0000000 0.99986351 0.99972463
1413207959 0.0000000 0.92703331 0.83574551
1414298821 0.0000000 0.99964130 0.99926293
1416419181 0.0000000 0.99989498 0.99977762
1416419227 0.0000000 0.99986899 0.99973488
1416540553 0.0000000 0.99971253 0.99941939
1417557685 0.0000000 0.99987543 0.99973166
1417655668 0.0000000 0.99958944 0.99916047
1418245419 0.0000000 0.99990577 0.99981058
1418533563 0.0000000 0.99948025 0.99893594
1419682925 0.0000000 0.99977916 0.99953586
1419947441 0.0000000 0.99822938 0.99644864
1419995164 0.0000000 0.99978542 0.99955440
1420012476 0.0000000 0.99986887 0.99973553
1420437226 0.0000000 0.99982458 0.99963641
1420606112 0.0000000 0.99989164 0.99977934
1420742654 0.0000000 0.98628038 0.97190243
1421435535 0.0000000 0.99993795 0.99984866
1421639313 0.0000000 0.99959135 0.99916816
1422083726 0.0000000 0.99949199 0.99897999
1422374758 0.0000000 0.99768746 0.99536026
1422958210 0.0000000 0.99815911 0.99629807
1423037687 0.0000000 0.99976349 0.99942875
1423603888 0.0000000 0.72371495 0.16546029
1423726535 0.0000000 0.99976438 0.99952692
1423857991 0.0000000 0.99996728 0.99992424
1424969403 0.0000000 0.99986321 0.99972260
1426114954 0.0000000 0.99961329 0.99920809
1426344314 0.0000000 0.99992198 0.99981952
1426852891 0.0000000 0.99975282 0.99948680
1427105631 0.0000000 0.99993503 0.99986589
1427483378 0.0000000 0.99899817 0.99799269
1428208678 0.0000000 0.99964648 0.99927336
1428320250 0.0000000 0.99989057 0.99976879
1428945237 0.0000000 0.99987584 0.99974465
1429127316 0.0000000 0.99925953 0.99850601
1429494176 0.0000000 0.99997389 0.99994242
1429494550 0.0000000 0.99993056 0.99985266
1429528847 0.0000000 0.99993920 0.99987608
1429530313 0.0000000 0.99996597 0.99991816
1429531199 0.0000000 0.99996698 0.99992937
1429992097 0.0000000 0.99995685 0.99991339
1430658547 0.0000000 0.99995327 0.99990636
1431333501 0.0000000 0.99994290 0.99988335
1431387795 0.0000000 0.99986827 0.99972820
1431628549 0.0000000 0.99987441 0.99972975
1432588969 0.0000000 0.99990523 0.99979860
1432601816 0.0000000 0.99990845 0.99980736
1432799863 0.0000000 0.99987328 0.99973440
1434467768 0.0000000 0.99981570 0.99961513
1434867330 0.0000000 0.99992466 0.99983740
1435335400 0.0000000 0.99971288 0.99941623
1438066750 0.0000000 0.99965680 0.99928707
1438936857 0.0000000 0.99969369 0.99932981
1439209234 0.0000000 0.93758804 0.86261141
1439418087 0.0000000 0.97435141 0.94630361
1439474882 0.0000000 0.99995351 0.99989659
1439699200 0.0000000 0.93873149 0.86705357
1441113885 0.0000000 0.99993628 0.99986035
1441128847 0.0000000 0.99991375 0.99981767
1441160293 0.0000000 0.99989188 0.99977410
1441898607 0.0000000 0.99990648 0.99978220
1442339782 0.0000000 0.99994445 0.99987048
1442345855 0.0000000 0.99996716 0.99990493
1442345878 0.0000000 0.99997580 0.99993044
1442408939 0.0000000 0.99996990 0.99989724
1442410226 0.0000000 0.99991173 0.99980426
1442413798 0.0000000 0.99992138 0.99982154
1443074281 0.0000000 0.99930620 0.99859923
1443555465 0.0000000 0.99991298 0.99980241
1444648487 0.0000000 0.99990553 0.99979788
1444736944 0.0000000 0.99988884 0.99977326
1444953165 0.0000000 0.99989378 0.99976391
1444953267 0.0000000 0.99988103 0.99972057
1445014914 0.0000000 0.99966294 0.99931008
1445221055 0.0000000 0.99990731 0.99982083
1445233331 0.0000000 0.99991548 0.99983418
1445239215 0.0000000 0.99990672 0.99981475
1446412182 0.0000000 0.99995601 0.99991077
1446412281 0.0000000 0.99985838 0.99970007
1446509184 0.0000000 0.99992222 0.99983084
1446509190 0.0000000 0.99992275 0.99983084
1446714386 0.0000000 0.99990439 0.99978065
1447167192 0.0000000 0.99980593 0.99958998
1447255999 0.0000000 0.99988627 0.99977160
1447277516 0.0000000 0.99949342 0.99896580
1448316095 0.0000000 0.97445923 0.94749248
1448671943 0.0000000 0.99980611 0.99959564
1449033717 0.0000000 0.99991274 0.99980569
1449035580 0.0000000 0.99991238 0.99980080
1449153073 0.0000000 0.99989706 0.99979037
1449935242 0.0000000 0.99978405 0.99955517
1450510821 0.0000000 0.94538629 0.87856078
1450536811 0.0000000 0.99458021 0.98918134
1450992022 0.0000000 0.99980241 0.99959022
1451199638 0.0000000 0.99972576 0.99943584
1451327726 0.0000000 0.99972516 0.99944365
1451523194 0.0000000 0.98934054 0.97845715
1451829690 0.0000000 0.99985194 0.99968660
1451928000 0.0000000 0.99281681 0.98544985
1452487977 0.0000000 0.99993515 0.99986100
1453169606 0.0000000 0.99994564 0.99988568
1453824336 0.0000000 0.99525577 0.99043673
1454422761 0.0000000 0.99992889 0.99985445
1454702246 0.0000000 0.99997789 0.99994910
1454702308 0.0000000 0.99997848 0.99994934
1454702406 0.0000000 0.99997097 0.99994540
1454702512 0.0000000 0.99993187 0.99986631
1454978820 0.0000000 0.99996585 0.99992913
1455590759 0.0000000 0.99993658 0.99985766
1455595494 0.0000000 0.99994612 0.99988925
1455757779 0.0000000 0.99996650 0.99992669
1455758311 0.0000000 0.99995607 0.99990886
1456215987 0.0000000 0.99989057 0.99977487
1456541993 0.0000000 0.99910212 0.99819505
1457201466 0.0000000 0.99966997 0.99932790
1457276938 0.0000000 0.99890971 0.99781096
1459152479 0.0000000 0.99983805 0.99966377
1459502085 0.0000000 0.99611580 0.99220759
1459988008 0.0000000 0.99802214 0.99603969
1460294506 0.0000000 0.99896413 0.99792820
1460353509 0.0000000 0.99991053 0.99981755
1460804146 0.0000000 0.99985939 0.99971402
1461082597 0.0000000 0.99979872 0.99959236
1461607991 0.0000000 0.99948716 0.99897045
1461770234 0.0000000 0.99996674 0.99992430
1461770257 0.0000000 0.99998105 0.99995422
1461770858 0.0000000 0.99993205 0.99985516
1461781146 0.0000000 0.99995410 0.99990690
1461806086 0.0000000 0.99982625 0.99963987
1462056417 0.0000000 0.99990314 0.99979967
1462199340 0.0000000 0.99993449 0.99986160
1462521203 0.0000000 0.99982983 0.99964517
1462632669 0.0000000 0.99991810 0.99983484
1462675593 0.0000000 0.99994016 0.99987453
1463023035 0.0000000 0.99996251 0.99992037
1463023251 0.0000000 0.99980742 0.99961102
1463023282 0.0000000 0.99977946 0.99955392
1463027395 0.0000000 0.99991184 0.99982107
1463127852 0.0000000 0.99980801 0.99961609
1463195522 0.0000000 0.99994379 0.99987614
1463196768 0.0000000 0.99991423 0.99982184
1463530965 0.0000000 0.99982381 0.99964839
1463863900 0.0000000 0.99994159 0.99986452
1463882779 0.0000000 0.99981350 0.99961573
1464184475 0.0000000 0.98877859 0.97729230
1464544116 0.0000000 0.99955344 0.99908596
1464576767 0.0000000 0.99994379 0.99987209
1464630651 0.0000000 0.99982172 0.99963427
1464672226 0.0000000 0.99993694 0.99986804
1466204142 0.0000000 0.99921906 0.99841321
1466383187 0.0000000 0.99981880 0.99963617
1466409210 0.0000000 0.99972653 0.99943715
1466715930 0.0000000 0.99992824 0.99985987
1467361422 0.0000000 0.99986976 0.99971420
1469019333 0.0000000 0.99978656 0.99954295
1469592155 0.0000000 0.99979091 0.99950194
1471008941 0.0000000 0.99972421 0.99942988
1471908408 0.0000000 0.99932534 0.99848026
1472660934 0.0000000 0.99916923 0.99821377
1473440050 0.0000000 0.99831033 0.99641222
1475055492 0.0000000 0.99868929 0.99725622
1475769120 0.0000000 0.99979669 0.99943590
1477370752 0.0000000 0.99947268 0.99881023
1478519786 0.0000000 0.99932802 0.99848092
1478903131 0.0000000 0.99976051 0.99936461
1480024554 0.0000000 0.99977607 0.99944782
1480377579 0.0000000 0.99836481 0.99654931
1480507474 0.0000000 0.99964279 0.99914318
1481256588 0.0000000 0.99922109 0.99831593
1481811269 0.0000000 0.99978912 0.99941981
1483057851 0.0000000 0.99945933 0.99878240
1483513641 0.0000000 0.99837691 0.99660319
1484155863 0.0000000 0.99912304 0.99797875
1484797338 0.0000000 0.98144579 0.96064919
1484900187 0.0000000 0.99865544 0.99715143
1485329586 0.0000000 0.99824911 0.99635416
1486746772 0.0000000 0.99975550 0.99931753
1487420859 0.0000000 0.99857497 0.99688244
1487652197 0.0000000 0.99721730 0.99424732
1488212310 0.0000000 0.99930346 0.99837470
1488924651 0.0000000 0.99901414 0.99780691
1489967289 0.0000000 0.99901652 0.99780667
1490066029 0.0000000 0.88378406 0.71533298
1490805242 0.0000000 0.99856073 0.99680936
1492112471 0.0000000 0.99904853 0.99794382
1492367656 0.0000000 0.99921197 0.99816930
1493517442 0.0000000 0.99970591 0.99921757
1493960850 0.0000000 0.99879646 0.99733162
1493986611 0.0000000 0.86154813 0.64876717
1494889974 0.0000000 0.99976569 0.99936914
1494932580 0.0000000 0.99960208 0.99901992
1495631454 0.0000000 0.99926662 0.99832469
1495691291 0.0000000 0.99896717 0.99769449
1495956669 0.0000000 0.99720734 0.99427432
1495999757 0.0000000 0.99977207 0.99934828
1496582686 0.0000000 0.99943823 0.99872404
1497967350 0.0000000 0.88252634 0.71119583
1498029939 0.0000000 0.99914885 0.99809378
1500318986 0.0000000 0.99855810 0.99693573
1501139292 0.0000000 0.99858433 0.99698091
1501845585 0.0000000 0.99972510 0.99926674
1502294736 0.0000000 0.99887216 0.99755514
1502416734 0.0000000 0.99948853 0.99878132
1502582915 0.0000000 0.99941832 0.99867415
1504364658 0.0000000 0.99875045 0.99733585
1505096741 0.0000000 0.99859595 0.99710715
1505687994 0.0000000 0.99845248 0.99673104
1505917796 0.0000000 0.99968433 0.99922639
1506232185 0.0000000 0.99927527 0.99838531
1506549399 0.0000000 0.99698496 0.99378443
1507505391 0.0000000 0.99907827 0.99794227
1507747520 0.0000000 0.99905258 0.99797958
1508582157 0.0000000 0.99841201 0.99663645
1509318944 0.0000000 0.99964285 0.99915040
1509677295 0.0000000 0.99964631 0.99913418
1509677339 0.0000000 0.99964976 0.99914199
1509752088 0.0000000 0.99932295 0.99847889
1510398879 0.0000000 0.99893492 0.99770188
1510402973 0.0000000 0.99931359 0.99845475
1510440860 0.0000000 0.99882317 0.99748534
1510947032 0.0000000 0.99943966 0.99869114
1511360409 0.0000000 0.99969131 0.99923331
1511470532 0.0000000 0.99932528 0.99851942
1512230735 0.0000000 0.99760169 0.99505460
1512377977 0.0000000 0.99925011 0.99833030
1512704669 0.0000000 0.99913722 0.99814117
1513120660 0.0000000 0.99948949 0.99883825
1516168751 0.0000000 0.99905747 0.99791831
1516984288 0.0000000 0.99970806 0.99917042
1517686257 0.0000000 0.99934793 0.99844301
1517749972 0.0000000 0.99958080 0.99893904
1517752600 0.0000000 0.99978667 0.99933720
1517752662 0.0000000 0.99972373 0.99922061
1517753127 0.0000000 0.99901789 0.99783677
1517753452 0.0000000 0.99974543 0.99926591
1517753522 0.0000000 0.99979752 0.99938262
1517753592 0.0000000 0.99979097 0.99936628
1517753815 0.0000000 0.99960095 0.99897045
1517758427 0.0000000 0.99899495 0.99773967
1517763262 0.0000000 0.99925244 0.99829876
1517821602 0.0000000 0.99951679 0.99879032
1517823894 0.0000000 0.99947786 0.99871540
1517846321 0.0000000 0.99937558 0.99851751
1517852233 0.0000000 0.99896479 0.99767947
1517893754 0.0000000 0.99948817 0.99870962
1517906208 0.0000000 0.99955273 0.99888343
1517932241 0.0000000 0.99987960 0.99950963
1517932280 0.0000000 0.99989825 0.99962109
1517932282 0.0000000 0.99990129 0.99962997
1517932427 0.0000000 0.99953163 0.99882483
1517932434 0.0000000 0.99951661 0.99879301
1517932492 0.0000000 0.99956053 0.99889898
1517933877 0.0000000 0.99947149 0.99865150
1517940013 0.0000000 0.99973047 0.99922937
1517940459 0.0000000 0.99983639 0.99951303
1517944528 0.0000000 0.99991149 0.99966747
1517945796 0.0000000 0.99972272 0.99921227
1517950582 0.0000000 0.99967533 0.99914235
1517958702 0.0000000 0.99970490 0.99919933
1517960631 0.0000000 0.99948931 0.99879509
1517969882 0.0000000 0.99982417 0.99947292
1517974578 0.0000000 0.99965042 0.99908555
1517998787 0.0000000 0.99957418 0.99890512
1518001985 0.0000000 0.99974555 0.99928963
1518008800 0.0000000 0.99967551 0.99912816
1518008880 0.0000000 0.99961221 0.99899775
1518013159 0.0000000 0.99968153 0.99916142
1518016890 0.0000000 0.99990940 0.99962455
1518016916 0.0000000 0.99993283 0.99967235
1518051257 0.0000000 0.99947703 0.99870968
1518059164 0.0000000 0.99930519 0.99830711
1518142443 0.0000000 0.99891526 0.99757004
1518201789 0.0000000 0.99969137 0.99919569
1518248929 0.0000000 0.99951446 0.99878186
1518858396 0.0000000 0.99839014 0.99650723
1518981709 0.0000000 0.99904937 0.99782550
1519051621 0.0000000 0.99938220 0.99846387
1519254641 0.0000000 0.99906951 0.99785936
1519583320 0.0000000 0.99955881 0.99890190
1519962147 0.0000000 0.99956959 0.99891555
1520098551 0.0000000 0.99954158 0.99880666
1520329330 0.0000000 0.99902117 0.99789071
1521024527 0.0000000 0.99950767 0.99874854
1521537776 0.0000000 0.99967706 0.99908489
1521728871 0.0000000 0.99905497 0.99785209
1522232997 0.0000000 0.99896348 0.99765009
1522282670 0.0000000 0.99877352 0.99731082
1522598524 0.0000000 0.99790794 0.99562991
1523432369 0.0000000 0.99767208 0.99501383
1523886539 0.0000000 0.99922907 0.99824673
1524201906 0.0000000 0.99879086 0.99737865
1524248877 0.0000000 0.99790299 0.99569583
1524308214 0.0000000 0.99860346 0.99695116
1524503432 0.0000000 0.99960929 0.99901462
1524721460 0.0000000 0.99867082 0.99704051
1524721601 0.0000000 0.99768269 0.99493712
1524808553 0.0000000 0.99864149 0.99701053
1525218424 0.0000000 0.99981189 0.99942100
1526098666 0.0000000 0.99886256 0.99754530
1527728598 0.0000000 0.99951321 0.99886292
1527904870 0.0000000 0.99890769 0.99764204
1528731725 0.0000000 0.99947417 0.99867976
1528750347 0.0000000 0.99967337 0.99915987
1528856173 0.0000000 0.99198228 0.98335636
1529096035 0.0000000 0.99894994 0.99766731
1529334375 0.0000000 0.99809682 0.99611622
1529522338 0.0000000 0.99951369 0.99883270
1530516370 0.0000000 0.99911708 0.99801874
1530516385 0.0000000 0.99911886 0.99802142
1530609654 0.0000000 0.99966866 0.99912417
1531312909 0.0000000 0.99926782 0.99786943
1531507119 0.0000000 0.99960703 0.99876761
1532050755 0.0000000 0.99895710 0.99772441
1533217098 0.0000000 0.99936819 0.99856710
1533504622 0.0000000 0.99845529 0.99676073
1533801692 0.0000000 0.99606639 0.99177456
1534500582 0.0000000 0.99887937 0.99761963
1534551317 0.0000000 0.99950278 0.99885958
1535572403 0.0000000 0.99899232 0.99784696
1535660064 0.0000000 0.99876440 0.99740231
1536498994 0.0000000 0.99857748 0.99699026
1536641006 0.0000000 0.99916142 0.99812788
1536700815 0.0000000 0.99814230 0.99618918
1538633849 0.0000000 0.99632353 0.99235463
1538766649 0.0000000 0.96401995 0.92130649
1539072778 0.0000000 0.99911731 0.99808770
1539164591 0.0000000 0.99931240 0.99849308
1540269298 0.0000000 0.99992192 0.99975890
1540310644 0.0000000 0.99991083 0.99971586
1541624711 0.0000000 0.99921441 0.99826491
1541712486 0.0000000 0.99923766 0.99830627
1542328459 0.0000000 0.99845332 0.99674630
1542608341 0.0000000 0.99935359 0.99851221
1542638415 0.0000000 0.99910802 0.99804366
1542645094 0.0000000 0.99931568 0.99854934
1543190243 0.0000000 0.99982947 0.99946964
1543191316 0.0000000 0.99573642 0.99108845
1543236658 0.0000000 0.99883354 0.99735862
1543238642 0.0000000 0.99563324 0.99077421
1543314575 0.0000000 0.99876702 0.99731022
1544368541 0.0000000 0.99954885 0.99897188
1544439487 0.0000000 0.99881792 0.99743968
1544621063 0.0000000 0.99950254 0.99882585
1544908865 0.0000000 0.99962372 0.99903613
1545710204 0.0000000 0.99899381 0.99773008
1546538568 0.0000000 0.99976188 0.99930727
1546949806 0.0000000 0.99929047 0.99836969
1548127166 0.0000000 0.99959570 0.99895167
1548825695 0.0000000 0.99951893 0.99880856
1548861293 0.0000000 0.99949205 0.99875611
1549366351 0.0000000 0.99859869 0.99704701
1549558324 0.0000000 0.99964976 0.99909055
1550239687 0.0000000 0.99898994 0.99780697
1551558867 0.0000000 0.97372013 0.94277602
1552012334 0.0000000 0.99851602 0.99675727
1552127531 0.0000000 0.99616987 0.99201030
1552421955 0.0000000 0.99919009 0.99816382
1552451554 0.0000000 0.99885613 0.99753183
1552511242 0.0000000 0.99928004 0.99831265
1552697151 0.0000000 0.99893373 0.99756581
1552968094 0.0000000 0.99835050 0.99649447
1553256348 0.0000000 0.99830836 0.99642462
1553414210 0.0000000 0.99826598 0.99629021
1554087275 0.0000000 0.99809855 0.99591172
1554172029 0.0000000 0.99430132 0.98804647
1554256375 0.0000000 0.99990582 0.99964076
1554343015 0.0000000 0.99986672 0.99953347
1554382610 0.0000000 0.99890268 0.99757308
1554499495 0.0000000 0.99877018 0.99720365
1554706689 0.0000000 0.99930447 0.99833375
1554822801 0.0000000 0.99951530 0.99882382
1554841453 0.0000000 0.99918646 0.99816173
1554850672 0.0000000 0.99964881 0.99905831
1555563667 0.0000000 0.97779030 0.95441800
1556793883 0.0000000 0.99928206 0.99829692
1556970683 0.0000000 0.99406558 0.98751974
1557330527 0.0000000 0.99896634 0.99778575
1557737721 0.0000000 0.99866462 0.99717814
1558197514 0.0000000 0.99964470 0.99904323
1558379328 0.0000000 0.99505144 0.98990470
1558489044 0.0000000 0.99919450 0.99819160
1558591969 0.0000000 0.99940962 0.99858874
1559317998 0.0000000 0.99945635 0.99866050
1559641578 0.0000000 0.99947178 0.99874866
1560870606 0.0000000 0.93308777 0.84651911
1561237205 0.0000000 0.99874526 0.99724835
1561242160 0.0000000 0.99902797 0.99780577
1561825206 0.0000000 0.99837899 0.99661756
1561837452 0.0000000 0.99944627 0.99867123
1562610935 0.0000000 0.99957037 0.99894118
1562880116 0.0000000 0.99978799 0.99939895
1563275550 0.0000000 0.99825120 0.99630791
1563531230 0.0000000 0.99919420 0.99818850
1563768365 0.0000000 0.99200416 0.98337358
1563850922 0.0000000 0.99877250 0.99716204
1564123196 0.0000000 0.99931693 0.99842668
1564190683 0.0000000 0.99981874 0.99947321
1564649429 0.0000000 0.99741411 0.99444872
1564753988 0.0000000 0.99944389 0.99867910
1564784683 0.0000000 0.99970978 0.99926203
1565054388 0.0000000 0.99973869 0.99931532
1565055090 0.0000000 0.99951011 0.99876821
1565213283 0.0000000 0.99639517 0.99274534
1565218942 0.0000000 0.99894756 0.99785227
1565905300 0.0000000 0.99890023 0.99759614
1566053525 0.0000000 0.99958205 0.99898314
1566053530 0.0000000 0.99958229 0.99898255
1566074882 0.0000000 0.99866921 0.99707812
1566101114 0.0000000 0.99959224 0.99903309
1566598377 0.0000000 0.89653963 0.75527573
1566648618 0.0000000 0.99806815 0.99607772
1567237819 0.0000000 0.99894828 0.99765766
1567471650 0.0000000 0.99937868 0.99857861
1567604000 0.0000000 0.99904430 0.99786919
1567917359 0.0000000 0.99889934 0.99762309
1568005668 0.0000000 0.99900407 0.99779260
1568095682 0.0000000 0.99972886 0.99926805
1569863578 0.0000000 0.99881274 0.99740821
1570468626 0.0000000 0.99926490 0.99828148
1571312673 0.0000000 0.99974442 0.99932927
1571861758 0.0000000 0.99648339 0.99285144
1572218883 0.0000000 0.99903154 0.99793494
1573491297 0.0000000 0.99396729 0.98729622
1573495893 0.0000000 0.99821508 0.99624431
1574645562 0.0000000 0.99964660 0.99910593
1575564604 0.0000000 0.98645598 0.97144270
1575660753 0.0000000 0.99834263 0.99644858
1576495557 0.0000000 0.99918538 0.99814612
1577769501 0.0000000 0.96914792 0.93315220
1577819410 0.0000000 0.99959856 0.99900824
1578293635 0.0000000 0.99956459 0.99887949
1578510402 0.0000000 0.99858564 0.99697459
1579404154 0.0000000 0.99850065 0.99675119
1579703564 0.0000000 0.99920458 0.99814755
1580749376 0.0000000 0.99908578 0.99793679
1581076659 0.0000000 0.99839550 0.99649662
1581616159 0.0000000 0.99952877 0.99879026
1581629921 0.0000000 0.99875617 0.99718922
1581764406 0.0000000 0.99984801 0.99950475
1581764700 0.0000000 0.99957782 0.99886286
1581794413 0.0000000 0.99950129 0.99877709
1582090065 0.0000000 0.99937832 0.99854738
1582113307 0.0000000 0.99883229 0.99741834
1582546233 0.0000000 0.99903607 0.99779809
1582592414 0.0000000 0.99890614 0.99758279
1582629242 0.0000000 0.99921149 0.99813908
1582695255 0.0000000 0.99885112 0.99749798
1584677477 0.0000000 0.99919266 0.99814743
1585787701 0.0000000 0.88910437 0.73058605
1586304460 0.0000000 0.99843389 0.99657649
1586389759 0.0000000 0.99945343 0.99871922
1586537097 0.0000000 0.99974352 0.99925208
1586691401 0.0000000 0.99912941 0.99801224
1587481331 0.0000000 0.99841732 0.99664974
1588476280 0.0000000 0.99931633 0.99838668
1589003116 0.0000000 0.99835134 0.99647295
1589548020 0.0000000 0.98348397 0.96586841
1589756010 0.0000000 0.99811566 0.99604130
1589910785 0.0000000 0.98949778 0.97786307
1590311534 0.0000000 0.97635889 0.95026380
1590359490 0.0000000 0.99925309 0.99829906
1590694463 0.0000000 0.99916047 0.99807209
1590843750 0.0000000 0.99897432 0.99765569
1591494563 0.0000000 0.99914801 0.99808472
1591839506 0.0000000 0.99830818 0.99620503
1591921295 0.0000000 0.99921399 0.99820399
1592079539 0.0000000 0.99940032 0.99858546
1592349420 0.0000000 0.99906105 0.99791032
1593214064 0.0000000 0.99962753 0.99901879
1593241888 0.0000000 0.99929368 0.99830669
1593407313 0.0000000 0.99818504 0.99619561
1593435168 0.0000000 0.99878711 0.99737895
1593519432 0.0000000 0.99794453 0.99565583
1594227272 0.0000000 0.99880260 0.99733567
1594265063 0.0000000 0.99895769 0.99776983
1594267923 0.0000000 0.99878341 0.99738115
1594526768 0.0000000 0.99828273 0.99643141
1594546164 0.0000000 0.98480052 0.96768165
1595767949 0.0000000 0.99970061 0.99913377
1597107665 0.0000000 0.99846095 0.99671519
1597123796 0.0000000 0.99421424 0.98803246
1597187246 0.0000000 0.99931228 0.99838489
1597774608 0.0000000 0.99098116 0.98130035
1597797181 0.0000000 0.99857813 0.99686265
1597806811 0.0000000 0.99910945 0.99796408
1598480108 0.0000000 0.99891776 0.99761945
1598847265 0.0000000 0.99102384 0.98123884
1599036279 0.0000000 0.99833828 0.99649251
1600306672 0.0000000 0.99922585 0.99824953
1600646088 0.0000000 0.99852610 0.99676710
1600833602 0.0000000 0.99902797 0.99782419
1601017581 0.0000000 0.99849480 0.99683857
1601326254 0.0000000 0.99979120 0.99937445
1601342057 0.0000000 0.99936599 0.99851793
1601440640 0.0000000 0.99942195 0.99858093
1601863505 0.0000000 0.99908876 0.99791837
1602517184 0.0000000 0.99879742 0.99746996
1602946993 0.0000000 0.99972671 0.99926484
1602947159 0.0000000 0.99911988 0.99804509
1603087586 0.0000000 0.99486876 0.98940289
1603396062 0.0000000 0.96327722 0.92008972
1603674483 0.0000000 0.99875420 0.99733293
1604358861 0.0000000 0.99950016 0.99876016
1604426346 0.0000000 0.99642158 0.99236321
1604601372 0.0000000 0.99921119 0.99821019
1604626818 0.0000000 0.99945575 0.99874699
1605130406 0.0000000 0.99968141 0.99916714
1605130534 0.0000000 0.99909228 0.99794644
1605266102 0.0000000 0.99774915 0.99507767
1605511152 0.0000000 0.99960548 0.99900454
1605551866 0.0000000 0.99750394 0.99465740
1605557664 0.0000000 0.99809897 0.99581456
1605621503 0.0000000 0.99940217 0.99852526
1605662576 0.0000000 0.99805802 0.99593949
1606582085 0.0000000 0.93972647 0.86570668
1606657334 0.0000000 0.99943519 0.99864525
1607578178 0.0000000 0.99925172 0.99833304
1607606398 0.0000000 0.95807427 0.91765839
1607606851 0.0000000 0.99887490 0.99756724
1607624108 0.0000000 0.99938458 0.99859083
1608317519 0.0000000 0.98887086 0.97636741
1608385359 0.0000000 0.95289630 0.89582843
1609436522 0.0000000 0.99855727 0.99702728
1609594007 0.0000000 0.99961764 0.99900973
1610162996 0.0000000 0.88792551 0.71218604
1610192153 0.0000000 0.99951792 0.99881512
1610249009 0.0000000 0.99946547 0.99868238
1610838659 0.0000000 0.99961007 0.99897271
1611559538 0.0000000 0.99922365 0.99822795
1611565557 0.0000000 0.99863929 0.99703509
1611574763 0.0000000 0.99781442 0.99549007
1611584686 0.0000000 0.97997904 0.95667505
1611818971 0.0000000 0.99961412 0.99894798
