1085390106 0.0000000 0.97416699 0.94555986
1086195389 0.0000000 0.99989903 0.99978697
1086315872 0.0000000 0.99991179 0.99979103
1086883086 0.0000000 0.99988991 0.99973720
1087613581 0.0000000 0.99919975 0.99835539
1089099122 0.0000000 0.99989450 0.99977469
1089113880 0.0000000 0.99977010 0.99950206
1089371968 0.0000000 0.99974579 0.99943089
1090478200 0.0000000 0.99989444 0.99974847
1091970746 0.0000000 0.99990845 0.99980944
1092861100 0.0000000 0.99776298 0.99535978
1093118276 0.0000000 0.99970657 0.99933457
1095475955 0.0000000 0.99985600 0.99966305
1097813330 0.0000000 0.99984211 0.99960995
1098848984 0.0000000 0.98248297 0.96286952
1099928102 -45.200001 8.65472928E-02 2.90900469E-03
1099929295 88.200005 0.11096957 3.51071358E-05
1099929521 126.95000 8.07417110E-02 1.92892551E-03
1099931589 98.450005 7.16177821E-02 2.69645452E-03
1099942690 194.55000 0.11392008 8.27789307E-04
1100098082 84.550003 0.10405874 3.73780727E-04
1100139404 0.25000000 9.56261531E-02 8.06450844E-05
1100237223 228.10001 6.73399195E-02 1.87915564E-03
1100955874 6.4000001 8.17444995E-02 3.57633829E-03
1103674687 155.00000 7.44217783E-02 2.60639191E-03
1105287429 -0.25000000 8.24822113E-02 -0.27409434
1105405102 173.35001 4.93032709E-02 6.51061535E-04
1105536640 89.150002 6.45861253E-02 9.77277756E-04
1105765351 191.20000 4.14361507E-02 6.36994839E-04
1106056455 245.20000 3.91884148E-02 2.64412165E-03
1106207236 62.299999 7.19275475E-02 5.45203686E-04
1106226863 138.40001 6.55408800E-02 4.25398350E-03
1106317701 242.85001 9.57832411E-02 2.32934952E-04
1106377004 -21.450001 7.87764266E-02 7.60555267E-04
1106829094 59.350002 4.74674851E-02 3.12268734E-04
1107166208 111.75000 8.93601626E-02 5.75673580E-03
1107223187 112.65000 5.70409782E-02 9.66191292E-05
1107233798 231.10001 8.34959969E-02 2.18689442E-04
1107286746 139.00000 4.51084226E-02 2.51245499E-03
1107388387 161.15001 6.41780198E-02 4.81128693E-04
1107601144 -40.750000 6.22652620E-02 8.84532928E-05
1107601252 225.60001 6.03917502E-02 7.70092010E-05
1108162580 179.50000 5.06951399E-02 9.62555408E-04
1108757898 -24.500000 9.85742584E-02 3.96907330E-04
1108761568 58.750000 6.24625124E-02 2.76035070E-03
1110049611 165.45000 8.94431919E-02 2.26497650E-05
1110049680 165.45000 9.85661075E-02 2.71201134E-05
1110050185 233.60001 8.37065950E-02 2.94864178E-04
1110050874 202.15001 6.17623217E-02 2.46703625E-04
1110568232 -9.8000002 0.10603458 -0.18315649
1111274786 223.25000 7.51629546E-02 8.75419378E-03
1113182839 59.549999 0.11760313 1.32054090E-02
1113208093 219.55000 6.59096465E-02 8.84735584E-03
1113260515 183.75000 0.10749403 2.49530673E-02
1113331351 -1.8500000 5.19632958E-02 -7.49119520E-02
1114345058 89.200005 6.24917485E-02 -0.48632801
1114872497 1.6500000 0.33135715 9.10723209E-03
1114872533 -0.55000001 0.32061359 1.92207694E-02
1114872543 -6.3499999 0.14102003 1.04323626E-02
1114981677 -5.0999999 6.06720112E-02 3.10844183E-03
1115167250 -21.850000 7.39107728E-02 5.51235676E-03
1115753263 22.300001 9.05174837E-02 -8.38004351E-02
1115910658 163.55000 6.12062216E-02 -7.33524561E-02
1115942660 -5.00000007E-02 8.81737545E-02 7.10433722E-03
1116353193 27.550001 4.77643274E-02 -5.17010689E-04
1117405041 61.400002 8.57879892E-02 7.45087862E-03
1117642805 -0.34999999 0.26394230 4.66728210E-03
1118162704 1.5000000 0.19265547 9.72366333E-03
1118367166 178.00000 9.40571129E-02 9.79459286E-03
1118396676 -2.9000001 7.56392404E-02 3.98129225E-03
1118501300 99.650002 7.29035884E-02 3.89981270E-03
1118677980 41.000000 7.79886544E-02 -2.30920315E-03
1118868304 182.70000 4.37153801E-02 -7.11053610E-02
1119087065 166.80000 0.10794216 1.43007636E-02
1119729025 213.00000 7.41684586E-02 1.69538260E-02
1119876655 82.250000 8.91865268E-02 -3.7222028
1121472051 92.849998 6.81032985E-02 3.53908539E-03
1122385024 5.2000003 6.51315749E-02 2.50041485E-03
1122618639 84.200005 0.11923680 1.77920461E-02
1122777951 0.90000004 6.63665757E-02 2.52091885E-03
1125373372 115.75000 8.16411301E-02 -1.1040664
1125685516 27.650000 6.54954165E-02 -1.55009031E-02
1125969360 -5.00000007E-02 0.39352110 1.36923790E-02
1127055473 0.0000000 0.99899751 0.74306607
1127456637 0.0000000 0.99887997 0.74272990
1127471662 0.0000000 0.99781680 0.74297512
1127494190 0.0000000 0.99972975 0.74295461
1127760620 0.0000000 0.99988520 0.74300301
1128153007 0.0000000 0.99986130 0.74238306
1128174696 0.0000000 0.99987876 0.74287874
1128475640 0.0000000 0.99901122 0.74348164
1128528995 0.0000000 0.99980575 0.74330080
1128891916 0.0000000 0.89826900 0.68794125
1128923244 0.0000000 0.99958378 0.74365830
1129069430 0.0000000 0.83710730 0.63960803
1129155495 0.0000000 0.96883959 0.73489821
1129246313 0.0000000 0.98028916 0.73287690
1129324370 0.0000000 0.99831599 0.74300128
1129391464 0.0000000 0.99987870 0.74298877
1129907016 0.0000000 0.89795858 0.68048030
1130249327 0.0000000 0.99920607 0.74315315
1131428965 0.0000000 0.99808067 0.74256539
1131431840 0.0000000 0.99897075 0.74451518
1132062095 0.0000000 0.99931276 0.74211800
1132132485 0.0000000 0.99809593 0.74166560
1132148341 0.0000000 0.99980450 0.74296331
1132166999 0.0000000 0.99887550 0.74240923
1132661855 0.0000000 0.99974644 0.74297500
1132975230 0.0000000 0.99940717 0.74326575
1133111580 0.0000000 0.99919695 0.74360025
1133304109 0.0000000 0.99991900 0.74240077
1133601723 0.0000000 0.99936408 0.74544454
1133908462 0.0000000 0.99886268 0.74420422
1134710133 0.0000000 0.99870062 0.74228632
1135808248 0.0000000 0.99934930 0.74221903
1135976852 0.0000000 0.99619871 0.74287510
1136739698 0.0000000 0.99979246 0.74477208
1137913657 0.0000000 0.99984485 0.74271882
1137989937 0.0000000 0.99988276 0.74349517
1137990003 0.0000000 0.99942130 0.74368095
1138288259 0.0000000 0.99931109 0.74480760
1139284609 0.0000000 0.70552963 0.49775201
1139326915 0.0000000 0.99956989 0.74483150
1140725945 0.0000000 0.99943054 0.74529052
1140746150 0.0000000 0.99988627 0.74281442
1141877248 0.0000000 0.99956882 0.99908942
1142029462 0.0000000 0.99861187 0.99710655
1142229311 0.0000000 0.99973798 0.99940938
1142709582 0.0000000 0.99702489 0.99390405
1143536168 0.0000000 0.99968171 0.99929100
1143616861 0.0000000 0.99976528 0.99947441
1143885739 0.0000000 0.99994105 0.99984944
1143885924 0.0000000 0.99831897 0.99663895
1143888020 0.0000000 0.99833614 0.99652606
1144129163 0.0000000 0.99520224 0.99010342
1144133312 0.0000000 0.99540603 0.99067748
1144179006 0.0000000 0.99985844 0.99965036
1144806135 0.0000000 0.99048823 0.98043829
1145140855 0.0000000 0.99993527 0.99984586
1145323561 0.0000000 0.99517405 0.99011338
1146215126 0.0000000 0.99992150 0.99978536
1146944291 0.0000000 0.32385206 -7.8860531
1146966782 0.0000000 0.99743783 0.99466354
1147258751 0.0000000 0.99946052 0.99879044
1149411961 0.0000000 0.99905616 0.99807060
1149467938 0.0000000 0.99025053 0.98002660
1149638545 0.0000000 0.99834770 0.99656260
1149771133 0.0000000 0.98869795 0.97657549
1150128882 0.0000000 0.97306901 0.94244349
1151387381 0.0000000 0.99741626 0.99467337
1154072410 0.0000000 0.99992424 0.99982494
1154182305 0.0000000 0.99777669 0.99544835
1155212722 0.0000000 0.99889612 0.99771482
1155340266 0.0000000 0.99971449 0.99940169
1155354114 0.0000000 0.98387152 0.96652585
1155443514 0.0000000 0.99962837 0.99921858
1156044082 0.0000000 0.88986737 0.74061066
1156698676 0.0000000 0.99981910 0.99960852
1158266854 0.0000000 0.99820262 0.99629706
1159598968 0.0000000 0.99957693 0.99909484
1159684577 0.0000000 0.99985623 0.99969733
1160388105 0.0000000 0.99968338 0.99935371
1160392104 0.0000000 0.99960470 0.99917585
1160549032 0.0000000 0.99270302 0.98489130
1160664389 0.0000000 0.99992484 0.99981499
1163299258 0.0000000 0.99867952 0.99727887
1163456967 0.0000000 0.99878275 0.99750823
1163641819 0.0000000 0.99926209 0.99842834
1164570370 0.0000000 0.99906135 0.99788910
1165358160 0.0000000 0.99940783 0.99876559
1165368969 0.0000000 0.99866945 0.99720973
1166094636 0.0000000 0.99961972 0.99921936
1166561075 0.0000000 0.99959540 0.99917281
1166894907 0.0000000 0.99975467 0.99950737
1167121204 0.0000000 0.99733907 0.99457121
1167135981 0.0000000 0.99977571 0.99954498
1167136317 0.0000000 0.99982035 0.99962646
1167136455 0.0000000 0.99981827 0.99962634
1167136825 0.0000000 0.99735135 0.99459153
1167144800 0.0000000 0.98737240 0.97409970
1167147704 0.0000000 0.99903530 0.99801958
1167154513 0.0000000 0.99715322 0.99424839
1167186639 0.0000000 0.99963939 0.99925637
1167298740 0.0000000 0.95171827 0.89618284
1167318376 0.0000000 0.53662193 -1.3082113
1167324678 0.0000000 0.96435827 0.92456579
1167592780 0.0000000 0.91732568 0.80973446
1167604646 0.0000000 0.99822944 0.99639016
1168792515 0.0000000 0.99220258 0.98404676
1168917035 0.0000000 0.99976826 0.99947548
1169006425 0.0000000 0.99964345 0.99907619
1169712716 0.0000000 0.98432517 0.96848702
1169722755 0.0000000 0.99349427 0.98703635
1170262059 0.0000000 0.98753643 0.97515512
1170524118 0.0000000 0.99156803 0.98319918
1171366614 0.0000000 0.99593204 0.99185157
1171423577 0.0000000 0.99352580 0.98686159
1171423831 0.0000000 0.99291337 0.98569179
1171832699 0.0000000 0.99603486 0.99206197
1172178017 0.0000000 0.99738878 0.99443960
1173308237 0.0000000 0.99624485 0.99245828
1173368256 0.0000000 0.99697006 0.99387050
1174197233 0.0000000 0.99125409 0.98248601
1175309106 0.0000000 0.99594158 0.99152511
1175583473 0.0000000 0.99618423 0.99230117
1176242685 0.0000000 0.99608320 0.99214953
1177115546 0.0000000 0.99557996 0.99117935
1177175308 0.0000000 0.98984766 0.97970504
1178992210 0.0000000 0.99721372 0.99397564
1180238725 0.0000000 0.97510833 0.95042539
1180618796 0.0000000 0.98733634 0.97429079
1181939353 0.0000000 0.99629682 0.99256945
1182196765 0.0000000 0.99367511 0.98682326
1182265663 0.0000000 0.99447417 0.98879129
1182396227 0.0000000 0.99668622 0.99334073
1182398897 0.0000000 0.99581659 0.99163789
1184629372 0.0000000 0.99558014 0.99103469
1185198002 0.0000000 0.99692774 0.99383074
1185799546 0.0000000 0.98286760 0.96560788
1185861072 0.0000000 0.99595970 0.99190491
1186620947 0.0000000 0.99648362 0.99297541
1186786330 0.0000000 0.99692607 0.99362844
1188350129 0.0000000 0.99369615 0.98713338
1188356416 0.0000000 0.99598509 0.99198192
1188908193 0.0000000 0.99513704 0.98996061
1188950111 0.0000000 0.96432602 0.92606783
1189101086 0.0000000 0.99615556 0.99179590
1189101321 0.0000000 0.99615896 0.99226671
1189194674 0.0000000 0.99611604 0.99220109
1190442424 0.0000000 0.99604082 0.99208707
1192071901 0.0000000 0.99729478 0.99433720
1192632000 0.0000000 0.99680775 0.99355793
1193967194 0.0000000 0.99371254 0.98740339
1194476053 0.0000000 0.99548191 0.99095523
1196283913 0.0000000 0.99580950 0.99162287
1196818902 0.0000000 0.99465811 0.98930895
1196950527 0.0000000 0.99683332 0.99363518
1197715613 0.0000000 0.99418336 0.98835146
1198522115 0.0000000 0.99758166 0.99515218
1200543890 0.0000000 0.77537465 0.34643215
1200856359 0.0000000 0.99220550 0.98442250
1201442068 0.0000000 0.99651206 0.99245584
1203280382 0.0000000 0.99675590 0.99352014
1203409866 0.0000000 0.99488127 0.98971713
1203790455 0.0000000 0.99520338 0.99042571
1204138448 0.0000000 0.99694824 0.99361348
1204304285 0.0000000 0.99709141 0.99418539
1204490434 0.0000000 0.98902863 0.97718871
1204651907 0.0000000 0.99590987 0.99183065
1204651936 0.0000000 0.99591005 0.99183089
1204670552 0.0000000 0.99637812 0.99272799
1207186072 0.0000000 0.99452651 0.98904222
1208187584 0.0000000 0.99678135 0.99350476
1208931881 0.0000000 0.99685842 0.99295723
1208975321 0.0000000 0.99643499 0.99287134
1208982088 0.0000000 0.99422550 0.98847479
1208988255 0.0000000 0.99740845 0.99479389
1208988552 0.0000000 0.99594879 0.99189150
1209105937 0.0000000 0.99378031 0.98759151
1209216223 0.0000000 0.94354373 0.88112336
1209291757 0.0000000 0.99366355 0.98733407
1209339084 0.0000000 0.99550611 0.99091589
1209362380 0.0000000 0.99367279 0.98722392
1209543825 0.0000000 0.99473828 0.98930126
1209563099 0.0000000 0.99593997 0.99130166
1209583346 0.0000000 0.97788662 0.95518094
1209820628 0.0000000 0.99793833 0.99576777
1209877317 0.0000000 0.99667746 0.99316788
1210448520 0.0000000 0.99473006 0.98934776
1210560189 0.0000000 0.99344110 0.98691964
1210633064 0.0000000 0.99631351 0.99263537
1210703275 0.0000000 0.99589807 0.99176943
1212285435 0.0000000 0.99377030 0.98757017
1212339563 0.0000000 0.99625027 0.99251449
1213107823 0.0000000 0.98304945 0.96519387
1213158817 0.0000000 0.99226284 0.98444271
1213486164 0.0000000 0.99381620 0.98749721
1214086760 0.0000000 0.99504167 0.99000651
1214128508 0.0000000 0.99537092 0.99059302
1214211456 0.0000000 0.72233814 9.20639038E-02
1214561217 0.0000000 0.99327934 0.98643392
1215221786 0.0000000 0.98471171 0.96852356
1215745668 0.0000000 0.99641460 0.99282962
1215812106 0.0000000 0.99492764 0.98981667
1215812707 0.0000000 0.99160641 0.98323148
1215839910 0.0000000 0.99689788 0.99379456
1215843106 0.0000000 0.99702185 0.99390119
1215961116 0.0000000 0.99552357 0.99095058
1216126809 0.0000000 0.98614031 0.97210509
1216904067 0.0000000 0.99660891 0.99318063
1217616949 0.0000000 0.99748784 0.99352741
1218233114 0.0000000 0.99505585 0.99013489
1218994676 0.0000000 0.99580228 0.99110776
1219291482 0.0000000 0.99427611 0.98849088
1219301591 0.0000000 0.99677920 0.99355918
1219723710 0.0000000 0.99625540 0.99248576
1219772880 0.0000000 0.99623936 0.99245727
1219869253 0.0000000 0.99627781 0.99252182
1220179542 0.0000000 0.99487448 0.98975748
1220742036 0.0000000 0.99776632 0.99541026
1220946193 0.0000000 0.99600357 0.99127835
1221047734 0.0000000 0.99740297 0.99461246
1222614737 0.0000000 0.99587202 0.99130291
1225404477 0.0000000 0.99833441 0.99655569
1225442295 0.0000000 0.99845922 0.99689025
1228187814 0.0000000 0.99987876 0.99973094
1228684717 0.0000000 0.99988770 0.99971294
1229260451 0.0000000 0.99933773 0.99854326
1229658996 0.0000000 0.96975839 0.93549597
1230216280 0.0000000 0.99796981 0.99579638
1230600687 0.0000000 0.99990916 0.99963927
1230860391 0.0000000 0.99314952 0.98591912
1231020274 0.0000000 0.99988121 0.99970186
1231041233 0.0000000 0.99969953 0.99934244
1232714291 0.0000000 0.99985331 0.99963105
1232804891 0.0000000 0.99989891 0.99972636
1233928332 0.0000000 0.99983382 0.99949771
1234166319 0.0000000 0.99310201 0.98545122
1234201315 0.0000000 0.99357945 0.98691165
1234214675 0.0000000 0.99990398 0.99973398
1236731039 0.0000000 0.99980611 0.99954331
1236854628 0.0000000 0.99979842 0.99947953
1237014105 0.0000000 0.99981993 0.99935520
1237159221 0.0000000 0.99986130 0.99958926
1237164701 0.0000000 0.99990815 0.99970686
1237551366 0.0000000 0.99989951 0.99967450
1237619839 0.0000000 0.99962264 0.99900848
1239235949 0.0000000 0.99968553 0.99919665
1239971868 0.0000000 0.99984884 0.99951494
1240678955 0.0000000 0.99985343 0.99950719
1242397863 0.0000000 0.99988675 0.99967557
1242709695 0.0000000 0.99986058 0.99963093
1243376855 0.0000000 0.99987203 0.99967641
1244248765 0.0000000 0.99986255 0.99953336
1245087845 0.0000000 0.99975836 0.99933612
1245407408 0.0000000 0.99986029 0.99961048
1245469469 0.0000000 0.99989277 0.99970752
1245877793 0.0000000 0.99992168 0.99977344
1245881452 0.0000000 0.99991572 0.99977320
1246167876 0.0000000 0.99988443 0.99968427
1246181696 0.0000000 0.99990481 0.99969852
1246182765 0.0000000 0.99984771 0.99957043
1246208530 0.0000000 0.99984682 0.99956739
1246208539 0.0000000 0.99984688 0.99956745
1246598451 0.0000000 0.99989694 0.99974191
1246598488 0.0000000 0.99991572 0.99976957
1246614635 0.0000000 0.99989825 0.99971724
1246985947 0.0000000 0.99987596 0.99966735
1247508302 0.0000000 0.99994373 0.99982250
1247516932 0.0000000 0.99989402 0.99974489
1247654255 0.0000000 0.99991530 0.99976754
1247741293 0.0000000 0.99989903 0.99974430
1247769767 0.0000000 0.99989903 0.99973488
1248159491 0.0000000 0.99991804 0.99977815
1248570012 0.0000000 0.99990267 0.99977100
1248588659 0.0000000 0.99992633 0.99978775
1248872986 0.0000000 0.99988151 0.99961406
1248886386 0.0000000 0.99990618 0.99975109
1249212887 0.0000000 0.99983191 0.99956363
1250467545 0.0000000 0.99989879 0.99974430
1250503855 0.0000000 0.99990469 0.99978596
1250504106 0.0000000 0.99992877 0.99982858
1250601456 0.0000000 0.99988866 0.99975467
1250639275 0.0000000 0.99983490 0.99961126
1250703707 0.0000000 0.99976099 0.99938148
1250777890 0.0000000 0.99985021 0.99963617
1250888264 0.0000000 0.99987400 0.99970281
1250911490 0.0000000 0.99971300 0.99927723
1252249816 0.0000000 0.99793249 0.99569738
1252757125 0.0000000 0.99991280 0.99978334
1254591366 0.0000000 0.99991179 0.99977821
1254664936 0.0000000 0.99988902 0.99962443
1255243328 0.0000000 0.99838418 0.99662584
1256244384 0.0000000 0.99991250 0.99973595
1256252705 0.0000000 0.99987954 0.99973464
1256431794 0.0000000 0.99985981 0.99955469
1257413577 0.0000000 0.99992871 0.99979854
1257413887 0.0000000 0.99978215 0.99943745
1257420861 0.0000000 0.99989742 0.99971873
1257678569 0.0000000 0.99980414 0.99945605
1258065617 0.0000000 0.99979955 0.99945158
1258296469 0.0000000 0.99990726 0.99968594
1258824471 0.0000000 0.99983227 0.99955493
1258926370 0.0000000 0.99981242 0.99937606
1260564405 0.0000000 0.99983978 0.99957746
1260692005 0.0000000 0.99991161 0.99974710
1261227736 0.0000000 0.99991626 0.99968982
1261227864 0.0000000 0.99994886 0.99981695
1261228557 0.0000000 0.99982899 0.99948782
1261232031 0.0000000 0.99983835 0.99956983
1261235533 0.0000000 0.99984300 0.99958885
1261275144 0.0000000 0.99974751 0.99922061
1261713375 0.0000000 0.99985242 0.99959606
1261922241 0.0000000 0.99983984 0.99950033
1262034644 0.0000000 0.99987555 0.99962306
1262237921 0.0000000 0.99981046 0.99941695
1262343689 0.0000000 0.99971980 0.99919742
1262367286 0.0000000 0.99990606 0.99970877
1262622742 0.0000000 0.99619520 0.99193668
1262633257 0.0000000 0.99983770 0.99942243
1263881366 0.0000000 0.99990755 0.99969888
1265523000 0.0000000 0.99990070 0.99971062
1265599504 0.0000000 0.99978888 0.99935293
1265691729 0.0000000 0.99983311 0.99955773
1265942558 0.0000000 0.99988300 0.99964166
1266289887 0.0000000 0.99991345 0.99963427
1266816064 0.0000000 0.99994689 0.99976206
1267146477 0.0000000 0.99988431 0.99960488
1267162697 0.0000000 0.99981672 0.99937075
1267661932 0.0000000 0.99990171 0.99971479
1267662287 0.0000000 0.99981433 0.99953085
1267686434 0.0000000 0.99985844 0.99959970
1267690576 0.0000000 0.99990040 0.99969798
1268040382 0.0000000 0.99982953 0.99952739
1268902896 0.0000000 0.99992090 0.99964613
1268931240 0.0000000 0.99993277 0.99971378
1269644874 0.0000000 0.99988180 0.99952519
1270335780 0.0000000 0.99975759 0.99931675
1270813793 0.0000000 0.99983162 0.99942499
1270961850 0.0000000 0.99990135 0.99968404
1270999307 0.0000000 0.99925029 0.99818325
1271168968 0.0000000 0.99989384 0.99970704
1271191748 0.0000000 0.99991471 0.99976647
1271987388 0.0000000 0.99991161 0.99962419
1272194052 0.0000000 0.99979794 0.99948490
1272250791 0.0000000 0.99993300 0.99977148
1272823213 0.0000000 0.99975812 0.99941450
1274901407 0.0000000 0.99982154 0.99941671
1276535865 0.0000000 0.99989450 0.99970108
1276561877 0.0000000 0.99992383 0.99975944
1276823323 0.0000000 0.99989873 0.99968940
1277575551 0.0000000 0.99984151 0.99949110
1277670806 0.0000000 0.99990553 0.99975455
1278097892 0.0000000 0.99990344 0.99973512
1278515743 0.0000000 0.99827689 0.99634463
1278618217 0.0000000 0.99992239 0.99968743
1278636079 0.0000000 0.99989426 0.99964952
1279357457 0.0000000 0.99987602 0.99964637
1279458204 0.0000000 0.99992353 0.99973142
1280029930 0.0000000 0.99992359 0.99975628
1280553485 0.0000000 0.99985486 0.99959123
1280563997 0.0000000 0.99987185 0.99942142
1280587745 0.0000000 0.99983752 0.99959916
1281476617 0.0000000 0.99982464 0.99951464
1282408680 0.0000000 0.99986297 0.99959856
1282415961 0.0000000 0.99980402 0.99949414
1282416480 0.0000000 0.99985206 0.99951929
1283157909 0.0000000 0.99989033 0.99975419
1283540817 0.0000000 0.99985856 0.99958462
1284039008 0.0000000 0.99992985 0.99966192
1284244867 0.0000000 0.99978346 0.99925125
1284952628 0.0000000 0.99987167 0.99964017
1285350982 0.0000000 0.99983561 0.99953979
1285695233 0.0000000 0.99991196 0.99970216
1285876560 0.0000000 0.99983150 0.99952185
1286047392 0.0000000 0.99993718 0.99975085
1286198915 0.0000000 0.99991947 0.99977881
1286865806 0.0000000 0.99981970 0.99942356
1287036373 0.0000000 0.99891293 0.99774760
1289221280 0.0000000 0.99987304 0.99966550
1289567329 0.0000000 0.99991423 0.99975067
1289576340 0.0000000 0.99986607 0.99964464
1290342705 0.0000000 0.99991560 0.99974120
1290784424 0.0000000 0.99992597 0.99976099
1290799240 0.0000000 0.99981898 0.99952739
1291601652 0.0000000 0.99985820 0.99957365
1291689974 0.0000000 0.99987704 0.99964094
1291927327 0.0000000 0.99329537 0.98604107
1292000461 0.0000000 0.97271687 0.94201791
1294804388 0.0000000 0.99991274 0.99968714
1296507195 0.0000000 0.99985653 0.99957198
1296548191 0.0000000 0.99993473 0.99970621
1297058102 0.0000000 0.99988657 0.99966377
1297342916 0.0000000 0.99982119 0.99942529
1297754297 0.0000000 0.99987537 0.99958652
1298970247 0.0000000 0.99972028 0.99917364
1299845150 0.0000000 0.99969000 0.99909258
1300123317 0.0000000 0.99968910 0.99923611
1300281136 0.0000000 0.99961227 0.99911302
1300608051 0.0000000 0.99990946 0.99972814
1301123952 0.0000000 0.99976897 0.99923062
1301458951 0.0000000 0.99990517 0.99967557
1301964194 0.0000000 0.99979323 0.99926329
1302916270 0.0000000 0.99989641 0.99971771
1302961193 0.0000000 0.99985975 0.99954832
1303685617 0.0000000 0.99769461 0.99519086
1304080155 0.0000000 0.99981272 0.99933940
1304082768 0.0000000 0.99986559 0.99962634
1304152538 0.0000000 0.99989045 0.99944562
1304437954 0.0000000 0.99986356 0.99959260
1304717510 0.0000000 0.99978423 0.99945688
1304757333 0.0000000 0.99978906 0.99919474
1306028051 0.0000000 0.99990928 0.99972528
1306098435 0.0000000 0.99989063 0.99967718
1306261925 0.0000000 0.99980557 0.99940360
1307034472 0.0000000 0.99991173 0.99976146
1307669122 0.0000000 0.99979353 0.99935675
1308478735 0.0000000 0.99979448 0.99921709
1309048281 0.0000000 0.99991047 0.99968594
1309094354 0.0000000 0.99988574 0.99966353
1309326569 0.0000000 0.98873776 0.97661442
1309474048 0.0000000 0.99982584 0.99924743
1309601047 0.0000000 0.99935025 0.99858052
1309696244 0.0000000 0.99988997 0.99957657
1309953539 0.0000000 0.99987561 0.99956232
1310469430 0.0000000 0.99985403 0.99954802
1310541580 0.0000000 0.99972248 0.99928850
1310928323 0.0000000 0.99986595 0.99962950
1311000534 0.0000000 0.99984503 0.99948001
1311084070 0.0000000 0.99986929 0.99962807
1311142337 0.0000000 0.99992746 0.99978650
1311692424 0.0000000 0.99730945 0.99437153
1313100452 0.0000000 0.99984956 0.99953949
1314264913 0.0000000 0.99982601 0.99959695
1314789752 0.0000000 0.99966842 0.99924666
1315538819 0.0000000 0.99982476 0.99955904
1315635988 0.0000000 0.99217880 0.98374104
1315804512 0.0000000 0.99977082 0.99934524
1316643513 0.0000000 0.99992687 0.99978334
1316653258 0.0000000 0.99985629 0.99957353
1317835272 0.0000000 0.88115221 0.71311867
1318175665 0.0000000 0.99977076 0.99940735
1318478724 0.0000000 0.99981910 0.99952269
1319945023 0.0000000 0.99988335 0.99962527
1320074224 0.0000000 0.99982780 0.99936044
1320721143 0.0000000 0.99990594 0.99975520
1321061921 0.0000000 0.99990183 0.99971080
1322787324 0.0000000 0.99983621 0.99954510
1322993584 0.0000000 0.99989653 0.99952471
1323861170 0.0000000 0.99982238 0.99941856
1323909341 0.0000000 0.99990624 0.99965888
1324582798 0.0000000 0.99990964 0.99971098
1325660397 0.0000000 0.99990326 0.99971324
1326181267 0.0000000 0.99985176 0.99950606
1326728445 0.0000000 0.99889255 0.99764878
1327107001 0.0000000 0.99990207 0.99968392
1327480583 0.0000000 0.99986076 0.99945700
1327824459 0.0000000 0.99991763 0.99962652
1328324062 0.0000000 0.99987090 0.99958378
1328459111 0.0000000 0.99952984 0.99891859
1330223700 0.0000000 0.99991989 0.99975932
1330883534 0.0000000 0.99980015 0.99946260
1332071890 0.0000000 0.99982148 0.99932021
1332086295 0.0000000 0.99664426 0.99301910
1332373478 0.0000000 0.99980414 0.99937516
1333258441 0.0000000 0.99969393 0.99927258
1333828758 0.0000000 0.99987251 0.99956036
1333921411 0.0000000 0.99994534 0.99972624
1334227165 0.0000000 0.99975771 0.99937522
1334800688 0.0000000 0.99988908 0.99954897
1335409258 0.0000000 0.97259921 0.94247288
1335538115 0.0000000 0.99979526 0.99931663
1338362741 0.0000000 0.99987459 0.99961066
1338842309 0.0000000 0.99990189 0.99965912
1338890190 0.0000000 0.99991798 0.99971449
1338944914 0.0000000 0.99994892 0.99980175
1338944979 0.0000000 0.99995714 0.99982864
1338945045 0.0000000 0.99988467 0.99963647
1339216879 0.0000000 0.99988723 0.99969018
1339275618 0.0000000 0.99993235 0.99969399
1339278860 0.0000000 0.99987954 0.99955171
1339309409 0.0000000 0.99983126 0.99947751
1339575740 0.0000000 0.99986053 0.99945384
1339598466 0.0000000 0.99976981 0.99877053
1339646879 0.0000000 0.99987710 0.99968576
1339690513 0.0000000 0.99993038 0.99981171
1339702255 0.0000000 0.99988592 0.99966878
1339923712 0.0000000 0.99991930 0.99974805
1341299876 0.0000000 0.99986434 0.99960852
1341924177 0.0000000 0.99948949 0.99878961
1342405200 0.0000000 0.99942952 0.99853194
1344277570 0.0000000 0.99976802 0.99940330
1344910008 0.0000000 0.99988931 0.99969459
1344941743 0.0000000 0.99986356 0.99958509
1345138860 0.0000000 0.99975777 0.99919230
1345234802 0.0000000 0.99988699 0.99966592
1346380382 0.0000000 0.92304778 0.83039892
1346415099 0.0000000 0.99962020 0.99923927
1346415834 0.0000000 0.99960500 0.99918449
1346788818 0.0000000 0.99968332 0.99929768
1346816730 0.0000000 0.99971777 0.99942869
1348523853 0.0000000 0.99949920 0.99894392
1350722979 0.0000000 0.99965602 0.99930793
1350800865 0.0000000 0.99556947 0.99115694
1351161077 0.0000000 0.99967194 0.99932224
1352122829 0.0000000 0.99971151 0.99939102
1352554787 0.0000000 0.99742562 0.99485266
1353431341 0.0000000 0.99974966 0.99948126
1353536726 0.0000000 0.99963588 0.99925017
1354158772 0.0000000 0.99964041 0.99926007
1354470336 0.0000000 0.99979204 0.99956363
1354477411 0.0000000 0.99972475 0.99942130
1354976814 0.0000000 0.99976581 0.99949014
1355221924 0.0000000 0.99966723 0.99931008
1356243184 0.0000000 0.99962229 0.99923229
1356319072 0.0000000 0.99952501 0.99902105
1356487597 0.0000000 0.99971211 0.99940175
1356883405 0.0000000 0.99971676 0.99941438
1357128106 0.0000000 0.99968207 0.99927074
1357236484 0.0000000 0.99961603 0.99917251
1357270197 0.0000000 0.99979275 0.99957734
1357331931 0.0000000 0.99976122 0.99951059
1357541346 0.0000000 0.99967301 0.99934113
1357994057 0.0000000 0.99977976 0.99954122
1358411441 0.0000000 0.99978393 0.99953353
1358708986 0.0000000 0.99976856 0.99953645
1359776392 0.0000000 0.99975401 0.99947810
1361064727 0.0000000 0.99972779 0.99945486
1361239965 0.0000000 0.99957615 0.99914467
1361256759 0.0000000 0.99957353 0.99911976
1361373628 0.0000000 0.99951017 0.99898732
1361471757 0.0000000 0.99966079 0.99931765
1361665659 0.0000000 0.99964797 0.99928623
1362386544 0.0000000 0.99948394 0.99896413
1362609444 0.0000000 0.99978679 0.99956822
1362627405 0.0000000 0.99967891 0.99934828
1362643640 0.0000000 0.99964041 0.99927717
1363079024 0.0000000 0.99978375 0.99956387
1363764120 0.0000000 0.99972254 0.99941903
1364349799 0.0000000 0.99978405 0.99955994
1364349845 0.0000000 0.99955291 0.99909180
1364355002 0.0000000 0.99962622 0.99921823
1364690983 0.0000000 0.99867839 0.99734348
1365625224 0.0000000 0.99972421 0.99942744
1366061297 0.0000000 0.95634204 0.90752965
1366432589 0.0000000 0.99976504 0.99950182
1366513671 0.0000000 0.99973696 0.99942684
1369110346 0.0000000 0.99972802 0.99945408
1369124755 0.0000000 0.99973381 0.99945629
1369791239 0.0000000 0.99976367 0.99950886
1369883683 0.0000000 0.99964952 0.99929547
1370118743 0.0000000 0.99964833 0.99927020
1370151783 0.0000000 0.99976802 0.99948466
1370623082 0.0000000 0.99978495 0.99956489
1372241957 0.0000000 0.99959463 0.99914318
1372463510 0.0000000 0.99970102 0.99937916
1373829868 0.0000000 0.99970931 0.99940062
1373895699 0.0000000 0.99975288 0.99949211
1373969495 0.0000000 0.99961495 0.99923158
1374677225 0.0000000 0.99968171 0.99932128
1374679935 0.0000000 0.99965739 0.99928969
1376837821 0.0000000 0.99970508 0.99937081
1378247005 0.0000000 0.99952495 0.99902743
1378467231 0.0000000 0.99960113 0.99914992
1379475197 0.0000000 0.99975753 0.99950188
1380542719 0.0000000 0.99973178 0.99942303
1381466759 0.0000000 0.99974692 0.99948645
1381684855 0.0000000 0.99956959 0.99912703
1382170436 0.0000000 0.99676746 0.99352437
1382919848 0.0000000 0.99941427 0.99881816
1383069011 0.0000000 0.99935055 0.99868339
1383085061 0.0000000 0.99978143 0.99955541
1383227120 0.0000000 0.99964154 0.99923337
1383227831 0.0000000 0.99971002 0.99939668
1383234448 0.0000000 0.99976522 0.99947977
1383263545 0.0000000 0.99966741 0.99930829
1383450194 0.0000000 0.99972594 0.99938726
1383519374 0.0000000 0.99969548 0.99938244
1383809110 0.0000000 0.99968606 0.99935895
1383809501 0.0000000 0.99959195 0.99917585
1383989687 0.0000000 0.99971962 0.99940538
1384145710 0.0000000 0.99971712 0.99942851
1384544358 0.0000000 0.99972594 0.99943614
1385019362 0.0000000 0.99972075 0.99942029
1386347977 0.0000000 0.96638757 0.92985117
1386357780 0.0000000 0.99976367 0.99951941
1387916955 0.0000000 0.99969226 0.99935472
1389034180 0.0000000 0.99977821 0.99954391
1389204911 0.0000000 0.99962097 0.99918360
1389717867 0.0000000 0.99971062 0.99940586
1389724692 0.0000000 0.99964565 0.99927104
1389729005 0.0000000 0.99974680 0.99947429
1389740803 0.0000000 0.99958682 0.99915725
1389904819 0.0000000 0.99968177 0.99926162
1390517490 0.0000000 0.99974269 0.99948436
1390619771 0.0000000 0.99966609 0.99932629
1391790286 0.0000000 0.99960977 0.99921358
1393014317 0.0000000 0.99978143 0.99956727
1393065064 0.0000000 0.99941528 0.99880147
1393759985 0.0000000 0.99939781 0.99875116
1393791078 0.0000000 0.99969548 0.99911493
1394913876 0.0000000 0.99968231 0.99935782
1395061976 0.0000000 0.99975187 0.99950302
1395231566 0.0000000 0.99976265 0.99951297
1397097485 0.0000000 0.99972188 0.99943596
1397746253 0.0000000 0.99964547 0.99927425
1398443585 0.0000000 0.99966258 0.99924052
1399207416 0.0000000 0.99964279 0.99927384
1399278483 0.0000000 0.99975628 0.99950641
1399745740 0.0000000 0.99960798 0.99920756
1399746271 0.0000000 0.99972880 0.99943036
1400631673 0.0000000 0.99982691 0.99965340
1401021673 0.0000000 0.99969220 0.99934745
1401296286 0.0000000 0.99925447 0.99850130
1402085900 0.0000000 0.99954474 0.99906337
1402313583 0.0000000 0.99919325 0.99837792
1402624068 0.0000000 0.99863082 0.99725056
1402784563 0.0000000 0.99974459 0.99942249
1403034553 0.0000000 0.99962795 0.99924427
1403317269 0.0000000 0.99957103 0.99913383
1403439974 0.0000000 0.99977648 0.99949890
1404774365 0.0000000 0.99962384 0.99918699
1404925818 0.0000000 0.99959171 0.99916738
1405577514 0.0000000 0.99963975 0.99922305
1407296767 0.0000000 0.80695200 0.54750526
1407544588 94.900002 7.93476179E-02 -18.282755
1408047770 0.0000000 0.61884904 0.38199240
1410046387 0.0000000 0.93426365 0.56828457
1410325949 0.0000000 0.98528868 0.64625204
1410382444 0.0000000 0.75276953 0.52749717
1411247643 0.0000000 0.98687541 0.62821412
1411641303 0.0000000 0.98943937 0.62628853
1412009058 0.0000000 0.37662560 -0.24744999
1412705290 0.0000000 0.99707997 0.61734939
1413207959 144.35001 8.96963701E-02 -15.685919
1414298821 0.0000000 0.99966836 0.99929655
1416419181 0.0000000 0.99974710 0.99944264
1416419227 0.0000000 0.99981415 0.99956024
1416540553 0.0000000 0.99968398 0.99930751
1417557685 0.0000000 0.99975288 0.99948752
1417655668 0.0000000 0.99961585 0.99916196
1418245419 0.0000000 0.99985904 0.99968666
1418533563 0.0000000 0.99947345 0.99890608
1419682925 0.0000000 0.99976557 0.99949294
1419947441 0.0000000 0.99922407 0.99831992
1419995164 0.0000000 0.99980044 0.99958622
1420012476 0.0000000 0.99972779 0.99939698
1420437226 0.0000000 0.99975997 0.99948692
1420606112 0.0000000 0.99975997 0.99944872
1420742654 0.0000000 0.99183530 0.98332399
1421435535 0.0000000 0.99986845 0.99970913
1421639313 0.0000000 0.99959892 0.99915904
1422083726 0.0000000 0.99950367 0.99899602
1422374758 0.0000000 0.99859279 0.99715656
1422958210 0.0000000 0.99875766 0.99747431
1423037687 0.0000000 0.99976134 0.99916273
1423603888 0.0000000 0.83515084 0.53490490
1423726535 0.0000000 0.99969679 0.99925935
1423857991 0.0000000 0.99980360 0.99958456
1424969403 0.0000000 0.99980938 0.99961835
1426114954 0.0000000 0.99959779 0.99915475
1426344314 0.0000000 0.99987370 0.99968332
1426852891 0.0000000 0.99964607 0.99927002
1427105631 0.0000000 0.99982464 0.99962562
1427483378 0.0000000 0.99932665 0.99860686
1428208678 0.0000000 0.99974602 0.99942070
1428320250 0.0000000 0.99982774 0.99964041
1428945237 0.0000000 0.99974799 0.99946523
1429127316 0.0000000 0.99943972 0.99883169
1429494176 0.0000000 0.99985367 0.99966919
1429494550 0.0000000 0.99979132 0.99954760
1429528847 0.0000000 0.99986482 0.99972856
1429530313 0.0000000 0.99986166 0.99971092
1429531199 0.0000000 0.99983096 0.99965304
1429992097 0.0000000 0.99986666 0.99971330
1430658547 0.0000000 0.99982804 0.99959546
1431333501 0.0000000 0.99971324 0.99936610
1431387795 0.0000000 0.99979240 0.99957913
1431628549 0.0000000 0.99961495 0.99921131
1432588969 0.0000000 0.99980652 0.99960929
1432601816 0.0000000 0.99975675 0.99948663
1432799863 0.0000000 0.99977952 0.99953061
1434467768 0.0000000 0.99977708 0.99953479
1434867330 0.0000000 0.99977940 0.99952155
1435335400 0.0000000 0.99966711 0.99930817
1438066750 0.0000000 0.99974805 0.99945748
1438936857 0.0000000 0.99977338 0.99953061
1439209234 0.0000000 0.93650621 0.85738617
1439418087 0.0000000 0.98367059 0.96647006
1439474882 0.0000000 0.99984455 0.99964356
1439699200 0.0000000 0.96950829 0.93466443
1441113885 0.0000000 0.99983597 0.99965584
1441128847 0.0000000 0.99980354 0.99960470
1441160293 0.0000000 0.99971360 0.99942386
1441898607 0.0000000 0.99973273 0.99941009
1442339782 0.0000000 0.99970520 0.99940526
1442345855 0.0000000 0.99988014 0.99973464
1442345878 0.0000000 0.99979240 0.99948388
1442408939 0.0000000 0.99986184 0.99970168
1442410226 0.0000000 0.99981123 0.99956441
1442413798 0.0000000 0.99963129 0.99922037
1443074281 0.0000000 0.99941224 0.99880475
1443555465 0.0000000 0.99970233 0.99939513
1444648487 0.0000000 0.99972433 0.99943513
1444736944 0.0000000 0.99976844 0.99952114
1444953165 0.0000000 0.99972421 0.99928606
1444953267 0.0000000 0.99971533 0.99924558
1445014914 0.0000000 0.99975801 0.99937600
1445221055 0.0000000 0.99980575 0.99960113
1445233331 0.0000000 0.99970627 0.99940306
1445239215 0.0000000 0.99966282 0.99931461
1446412182 0.0000000 0.99984467 0.99968624
1446412281 0.0000000 0.99981284 0.99958163
1446509184 0.0000000 0.99976403 0.99951625
1446509190 0.0000000 0.99976385 0.99951625
1446714386 0.0000000 0.99979466 0.99958301
1447167192 0.0000000 0.99984020 0.99967647
1447255999 0.0000000 0.99973983 0.99945843
1447277516 0.0000000 0.99963516 0.99922550
1448316095 0.0000000 0.98657382 0.97244227
1448671943 0.0000000 0.99974328 0.99947399
1449033717 0.0000000 0.99983138 0.99961728
1449035580 0.0000000 0.99982172 0.99960566
1449153073 0.0000000 0.99978447 0.99957681
1449935242 0.0000000 0.99964362 0.99926102
1450510821 0.0000000 0.96267986 0.91854966
1450536811 0.0000000 0.99651212 0.99293250
1450992022 0.0000000 0.99967623 0.99933475
1451199638 0.0000000 0.99967754 0.99931186
1451327726 0.0000000 0.99971366 0.99937671
1451523194 0.0000000 0.99312198 0.98598552
1451829690 0.0000000 0.99969125 0.99936390
1451928000 0.0000000 0.99604416 0.99199015
1452487977 0.0000000 0.99973834 0.99947727
1453169606 0.0000000 0.99979293 0.99956042
1453824336 0.0000000 0.99726975 0.99448115
1454422761 0.0000000 0.99981880 0.99961644
1454702246 0.0000000 0.99974978 0.99947500
1454702308 0.0000000 0.99978662 0.99954367
1454702406 0.0000000 0.99982595 0.99963641
1454702512 0.0000000 0.99971592 0.99941790
1454978820 0.0000000 0.99986285 0.99971616
1455590759 0.0000000 0.99979353 0.99953675
1455595494 0.0000000 0.99979609 0.99957860
1455757779 0.0000000 0.99988699 0.99977291
1455758311 0.0000000 0.99985290 0.99967986
1456215987 0.0000000 0.99977720 0.99952245
1456541993 0.0000000 0.99918967 0.99835563
1457201466 0.0000000 0.99965572 0.99928808
1457276938 0.0000000 0.99924290 0.99846959
1459152479 0.0000000 0.99967963 0.99933618
1459502085 0.0000000 0.99799162 0.99588120
1459988008 0.0000000 0.99890423 0.99773782
1460294506 0.0000000 0.99936485 0.99868411
1460353509 0.0000000 0.99988586 0.99975419
1460804146 0.0000000 0.99972421 0.99943995
1461082597 0.0000000 0.99969029 0.99934691
1461607991 0.0000000 0.99954581 0.99905866
1461770234 0.0000000 0.99982572 0.99962980
1461770257 0.0000000 0.99980187 0.99954325
1461770858 0.0000000 0.99981678 0.99961013
1461781146 0.0000000 0.99977332 0.99954349
1461806086 0.0000000 0.99975181 0.99944848
1462056417 0.0000000 0.99973905 0.99942929
1462199340 0.0000000 0.99978364 0.99955201
1462521203 0.0000000 0.99973977 0.99946344
1462632669 0.0000000 0.99969625 0.99936455
1462675593 0.0000000 0.99972290 0.99943519
1463023035 0.0000000 0.99980313 0.99955201
1463023251 0.0000000 0.99965507 0.99926132
1463023282 0.0000000 0.99960089 0.99916893
1463027395 0.0000000 0.99980694 0.99956369
1463127852 0.0000000 0.99968702 0.99936855
1463195522 0.0000000 0.99984533 0.99964821
1463196768 0.0000000 0.99983019 0.99964219
1463530965 0.0000000 0.99964118 0.99924320
1463863900 0.0000000 0.99976319 0.99952048
1463882779 0.0000000 0.99966192 0.99931616
1464184475 0.0000000 0.99587506 0.99171501
1464544116 0.0000000 0.99967599 0.99933052
1464576767 0.0000000 0.99985355 0.99969548
1464630651 0.0000000 0.99965286 0.99929303
1464672226 0.0000000 0.99982101 0.99959964
1466204142 0.0000000 0.99956381 0.99906039
1466383187 0.0000000 0.99977684 0.99952835
1466409210 0.0000000 0.99977177 0.99953133
1466715930 0.0000000 0.99976844 0.99952263
1467361422 0.0000000 0.99979120 0.99953640
1469019333 0.0000000 0.99964797 0.99928081
1469592155 0.0000000 0.99972332 0.99931037
1471008941 0.0000000 0.99984932 0.99967498
1471908408 0.0000000 0.99901509 0.99764311
1472660934 0.0000000 0.99847424 0.99646205
1473440050 0.0000000 0.99882334 0.99728042
1475055492 0.0000000 0.99837160 0.99647355
1475769120 0.0000000 0.99957442 0.99872851
1477370752 0.0000000 0.99926645 0.99818790
1478519786 0.0000000 0.99913967 0.99801195
1478903131 0.0000000 0.99955142 0.99865884
1480024554 0.0000000 0.99960840 0.99853444
1480377579 0.0000000 0.99888682 0.99748862
1480507474 0.0000000 0.99932057 0.99839777
1481256588 0.0000000 0.99829006 0.99633342
1481811269 0.0000000 0.99950296 0.99864423
1483057851 0.0000000 0.99910915 0.99800342
1483513641 0.0000000 0.99793446 0.99526185
1484155863 0.0000000 0.99911505 0.99796826
1484797338 0.0000000 0.99092299 0.98077434
1484900187 0.0000000 0.99880981 0.99700361
1485329586 0.0000000 0.99724185 0.99392670
1486746772 0.0000000 0.99949634 0.99870074
1487420859 0.0000000 0.99874038 0.99692500
1487652197 0.0000000 0.99790984 0.99532014
1488212310 0.0000000 0.99915892 0.99797720
1488924651 0.0000000 0.99870688 0.99701083
1489967289 0.0000000 0.99876565 0.99703056
1490066029 0.0000000 0.92368460 0.82145655
1490805242 0.0000000 0.99871272 0.99698561
1492112471 0.0000000 0.99821645 0.99605674
1492367656 0.0000000 0.99917495 0.99804646
1493517442 0.0000000 0.99944133 0.99852812
1493960850 0.0000000 0.99863946 0.99679983
1493986611 0.0000000 0.91532654 0.79978490
1494889974 0.0000000 0.99955428 0.99883962
1494932580 0.0000000 0.99947739 0.99865639
1495631454 0.0000000 0.99917215 0.99806416
1495691291 0.0000000 0.99895912 0.99748933
1495956669 0.0000000 0.99841827 0.99662197
1495999757 0.0000000 0.99965274 0.99910021
1496582686 0.0000000 0.99917400 0.99797225
1497967350 0.0000000 0.92215329 0.82386881
1498029939 0.0000000 0.99887025 0.99732828
1500318986 0.0000000 0.99806243 0.99552244
1501139292 0.0000000 0.99888957 0.99733037
1501845585 0.0000000 0.99953794 0.99875933
1502294736 0.0000000 0.99874735 0.99707109
1502416734 0.0000000 0.99927062 0.99819607
1502582915 0.0000000 0.99905562 0.99770749
1504364658 0.0000000 0.99893248 0.99749762
1505096741 0.0000000 0.99803555 0.99574631
1505687994 0.0000000 0.99866003 0.99687397
1505917796 0.0000000 0.99939764 0.99855196
1506232185 0.0000000 0.99909866 0.99783522
1506549399 0.0000000 0.99796832 0.99553394
1507505391 0.0000000 0.99907500 0.99781305
1507747520 0.0000000 0.99903429 0.99795282
1508582157 0.0000000 0.99856526 0.99671757
1509318944 0.0000000 0.99930859 0.99824935
1509677295 0.0000000 0.99938524 0.99855614
1509677339 0.0000000 0.99938142 0.99854696
1509752088 0.0000000 0.99912941 0.99800259
1510398879 0.0000000 0.99848139 0.99653834
1510402973 0.0000000 0.99897116 0.99746740
1510440860 0.0000000 0.99816263 0.99586874
1510947032 0.0000000 0.99941570 0.99844718
1511360409 0.0000000 0.99919575 0.99784768
1511470532 0.0000000 0.99893385 0.99755782
1512230735 0.0000000 0.99785787 0.99540627
1512377977 0.0000000 0.99911964 0.99788129
1512704669 0.0000000 0.99876982 0.99703372
1513120660 0.0000000 0.99927580 0.99802655
1516168751 0.0000000 0.99889046 0.99747938
1516984288 0.0000000 0.99918455 0.99805152
1517686257 0.0000000 0.99937028 0.99842179
1517749972 0.0000000 0.99937993 0.99838680
1517752600 0.0000000 0.99954307 0.99858576
1517752662 0.0000000 0.99959433 0.99877822
1517753127 0.0000000 0.99868160 0.99683499
1517753452 0.0000000 0.99954182 0.99870455
1517753522 0.0000000 0.99960834 0.99885386
1517753592 0.0000000 0.99960226 0.99885255
1517753815 0.0000000 0.99941802 0.99855441
1517758427 0.0000000 0.99872577 0.99706823
1517763262 0.0000000 0.99903697 0.99763781
1517821602 0.0000000 0.99942744 0.99826473
1517823894 0.0000000 0.99946803 0.99860173
1517846321 0.0000000 0.99929053 0.99809492
1517852233 0.0000000 0.99883831 0.99710482
1517893754 0.0000000 0.99930030 0.99819344
1517906208 0.0000000 0.99938565 0.99835783
1517932241 0.0000000 0.99966830 0.99894464
1517932280 0.0000000 0.99969494 0.99906784
1517932282 0.0000000 0.99970734 0.99914324
1517932427 0.0000000 0.99935377 0.99815643
1517932434 0.0000000 0.99935013 0.99814171
1517932492 0.0000000 0.99931186 0.99813503
1517933877 0.0000000 0.99947590 0.99844342
1517940013 0.0000000 0.99962431 0.99879074
1517940459 0.0000000 0.99957585 0.99863613
1517944528 0.0000000 0.99970663 0.99884379
1517945796 0.0000000 0.99955398 0.99883944
1517950582 0.0000000 0.99940598 0.99825478
1517958702 0.0000000 0.99953258 0.99825990
1517960631 0.0000000 0.99908185 0.99776798
1517969882 0.0000000 0.99939257 0.99802387
1517974578 0.0000000 0.99935502 0.99830800
1517998787 0.0000000 0.99955535 0.99855131
1518001985 0.0000000 0.99922115 0.99792653
1518008800 0.0000000 0.99954808 0.99866486
1518008880 0.0000000 0.99935508 0.99805868
1518013159 0.0000000 0.99946624 0.99848139
1518016890 0.0000000 0.99974370 0.99888396
1518016916 0.0000000 0.99974048 0.99894720
1518051257 0.0000000 0.99938625 0.99832213
1518059164 0.0000000 0.99918884 0.99780995
1518142443 0.0000000 0.99885428 0.99724984
1518201789 0.0000000 0.99952406 0.99834234
1518248929 0.0000000 0.99930096 0.99821270
1518858396 0.0000000 0.99880749 0.99717617
1518981709 0.0000000 0.99870884 0.99716347
1519051621 0.0000000 0.99936849 0.99697065
1519254641 0.0000000 0.99908602 0.99770796
1519583320 0.0000000 0.99924421 0.99811584
1519962147 0.0000000 0.99929726 0.99814874
1520098551 0.0000000 0.99954712 0.99875122
1520329330 0.0000000 0.99857396 0.99695742
1521024527 0.0000000 0.99933296 0.99820197
1521537776 0.0000000 0.99944770 0.99857885
1521728871 0.0000000 0.99894387 0.99742913
1522232997 0.0000000 0.99899024 0.99732256
1522282670 0.0000000 0.99873364 0.99719214
1522598524 0.0000000 0.99817282 0.99591208
1523432369 0.0000000 0.99830270 0.99618423
1523886539 0.0000000 0.99906015 0.99789894
1524201906 0.0000000 0.99899381 0.99742138
1524248877 0.0000000 0.99840647 0.99633586
1524308214 0.0000000 0.99866921 0.99686396
1524503432 0.0000000 0.99940521 0.99837214
1524721460 0.0000000 0.99874526 0.99719071
1524721601 0.0000000 0.99808031 0.99577427
1524808553 0.0000000 0.99900907 0.99777144
1525218424 0.0000000 0.99962664 0.99870509
1526098666 0.0000000 0.99851012 0.99645615
1527728598 0.0000000 0.99935555 0.99843633
1527904870 0.0000000 0.99868000 0.99707395
1528731725 0.0000000 0.99932086 0.99827105
1528750347 0.0000000 0.99942243 0.99850798
1528856173 0.0000000 0.99620754 0.99186546
1529096035 0.0000000 0.99902129 0.99720001
1529334375 0.0000000 0.99877292 0.99708098
1529522338 0.0000000 0.99906641 0.99771369
1530516370 0.0000000 0.99883693 0.99733907
1530516385 0.0000000 0.99883670 0.99733615
1530609654 0.0000000 0.99941444 0.99850029
1531312909 0.0000000 0.99921507 0.99808574
1531507119 0.0000000 0.99947131 0.99868882
1532050755 0.0000000 0.99902439 0.99768978
1533217098 0.0000000 0.99906343 0.99778616
1533504622 0.0000000 0.99860436 0.99681133
1533801692 0.0000000 0.99723715 0.99406487
1534500582 0.0000000 0.99857986 0.99687994
1534551317 0.0000000 0.99941093 0.99858481
1535572403 0.0000000 0.99852651 0.99682063
1535660064 0.0000000 0.99854308 0.99667805
1536498994 0.0000000 0.99835128 0.99622661
1536641006 0.0000000 0.99912179 0.99795657
1536700815 0.0000000 0.99806452 0.99563658
1538633849 0.0000000 0.99744999 0.99451423
1538766649 0.0000000 0.98310685 0.96355945
1539072778 0.0000000 0.99906278 0.99777710
1539164591 0.0000000 0.99906778 0.99785239
1540269298 0.0000000 0.99954051 0.99881548
1540310644 0.0000000 0.99963093 0.99873829
1541624711 0.0000000 0.99901640 0.99760413
1541712486 0.0000000 0.99921811 0.99800670
1542328459 0.0000000 0.99844784 0.99664277
1542608341 0.0000000 0.99921095 0.99799353
1542638415 0.0000000 0.99914014 0.99779141
1542645094 0.0000000 0.99866629 0.99707407
1543190243 0.0000000 0.99956346 0.99876744
1543191316 0.0000000 0.99724191 0.99395990
1543236658 0.0000000 0.99890131 0.99720114
1543238642 0.0000000 0.99726623 0.99395186
1543314575 0.0000000 0.99888426 0.99727130
1544368541 0.0000000 0.99951446 0.99891841
1544439487 0.0000000 0.99892443 0.99744135
1544621063 0.0000000 0.99900025 0.99769926
1544908865 0.0000000 0.99920964 0.99810839
1545710204 0.0000000 0.99909717 0.99788415
1546538568 0.0000000 0.99951833 0.99883294
1546949806 0.0000000 0.99920768 0.99799776
1548127166 0.0000000 0.99945176 0.99836040
1548825695 0.0000000 0.99926633 0.99813777
1548861293 0.0000000 0.99939096 0.99836361
1549366351 0.0000000 0.99868113 0.99687064
1549558324 0.0000000 0.99941289 0.99845958
1550239687 0.0000000 0.99858135 0.99652058
1551558867 0.0000000 0.98863482 0.97524601
1552012334 0.0000000 0.99931961 0.99829757
1552127531 0.0000000 0.99750966 0.99461073
1552421955 0.0000000 0.99870551 0.99697155
1552451554 0.0000000 0.99883026 0.99710751
1552511242 0.0000000 0.99913591 0.99801356
1552697151 0.0000000 0.99914116 0.99772847
1552968094 0.0000000 0.99877298 0.99728870
1553256348 0.0000000 0.99845529 0.99628556
1553414210 0.0000000 0.99758530 0.99469912
1554087275 0.0000000 0.99769825 0.99510449
1554172029 0.0000000 0.99579251 0.99101824
1554256375 0.0000000 0.99971181 0.99904066
1554343015 0.0000000 0.99938589 0.99811029
1554382610 0.0000000 0.99887156 0.99719936
1554499495 0.0000000 0.99900454 0.99742031
1554706689 0.0000000 0.99926490 0.99802393
1554822801 0.0000000 0.99941117 0.99843234
1554841453 0.0000000 0.99897707 0.99754757
1554850672 0.0000000 0.99962586 0.99871486
1555563667 0.0000000 0.96410459 0.86939472
1556793883 0.0000000 0.99931598 0.99803454
1556970683 0.0000000 0.99500275 0.98927534
1557330527 0.0000000 0.99896348 0.99733591
1557737721 0.0000000 0.99849898 0.99658728
1558197514 0.0000000 0.99945074 0.99830335
1558379328 0.0000000 0.99683756 0.99316382
1558489044 0.0000000 0.99908304 0.99772882
1558591969 0.0000000 0.99927163 0.99810553
1559317998 0.0000000 0.99942750 0.99855542
1559641578 0.0000000 0.99931008 0.99823183
1560870606 0.0000000 0.95632946 0.89962631
1561237205 0.0000000 0.99879986 0.99714124
1561242160 0.0000000 0.99910283 0.99783826
1561825206 0.0000000 0.99752057 0.99447787
1561837452 0.0000000 0.99931765 0.99826998
1562610935 0.0000000 0.99941665 0.99838579
1562880116 0.0000000 0.99963152 0.99897313
1563275550 0.0000000 0.99777484 0.99503249
1563531230 0.0000000 0.99905807 0.99766356
1563768365 0.0000000 0.99432850 0.98781925
1563850922 0.0000000 0.99874264 0.99706209
1564123196 0.0000000 0.99923360 0.99824649
1564190683 0.0000000 0.99949741 0.99864376
1564649429 0.0000000 0.99824709 0.99595231
1564753988 0.0000000 0.99937540 0.99848849
1564784683 0.0000000 0.99936211 0.99834567
1565054388 0.0000000 0.99954951 0.99880290
1565055090 0.0000000 0.99934399 0.99834341
1565213283 0.0000000 0.99843478 0.99535668
1565218942 0.0000000 0.99869078 0.99675965
1565905300 0.0000000 0.99858046 0.99669212
1566053525 0.0000000 0.99904037 0.99749023
1566053530 0.0000000 0.99904007 0.99748951
1566074882 0.0000000 0.99897081 0.99761790
1566101114 0.0000000 0.99922001 0.99820709
1566598377 0.0000000 0.92494404 0.82755882
1566648618 0.0000000 0.99802917 0.99554706
1567237819 0.0000000 0.99891204 0.99745685
1567471650 0.0000000 0.99911666 0.99807858
1567604000 0.0000000 0.99892831 0.99748719
1567917359 0.0000000 0.99865174 0.99695861
1568005668 0.0000000 0.99922377 0.99820352
1568095682 0.0000000 0.99957395 0.99872452
1569863578 0.0000000 0.99880922 0.99736476
1570468626 0.0000000 0.99906063 0.99782676
1571312673 0.0000000 0.99947077 0.99868691
1571861758 0.0000000 0.99705791 0.99375224
1572218883 0.0000000 0.99888802 0.99745703
1573491297 0.0000000 0.99758172 0.99462080
1573495893 0.0000000 0.99789447 0.99544632
1574645562 0.0000000 0.99944347 0.99846226
1575564604 0.0000000 0.99013704 0.97890061
1575660753 0.0000000 0.99837786 0.99628568
1576495557 0.0000000 0.99923509 0.99799186
1577769501 0.0000000 0.97965574 0.95582056
1577819410 0.0000000 0.99949384 0.99840283
1578293635 0.0000000 0.99941391 0.99840635
1578510402 0.0000000 0.99816710 0.99573183
1579404154 0.0000000 0.99859387 0.99672598
1579703564 0.0000000 0.99897581 0.99742007
1580749376 0.0000000 0.99883121 0.99725419
1581076659 0.0000000 0.99830598 0.99631989
1581616159 0.0000000 0.99946731 0.99829113
1581629921 0.0000000 0.99890745 0.99732906
1581764406 0.0000000 0.99954933 0.99871969
1581764700 0.0000000 0.99954444 0.99883258
1581794413 0.0000000 0.99923629 0.99814826
1582090065 0.0000000 0.99940580 0.99856234
1582113307 0.0000000 0.99866837 0.99710464
1582546233 0.0000000 0.99912125 0.99785465
1582592414 0.0000000 0.99891782 0.99711084
1582629242 0.0000000 0.99901158 0.99730754
1582695255 0.0000000 0.99886739 0.99733895
1584677477 0.0000000 0.99890327 0.99738133
1585787701 0.0000000 0.92169428 0.81174958
1586304460 0.0000000 0.99860305 0.99690783
1586389759 0.0000000 0.99895459 0.99760491
1586537097 0.0000000 0.99948281 0.99861932
1586691401 0.0000000 0.99915504 0.99766403
1587481331 0.0000000 0.99796426 0.99544954
1588476280 0.0000000 0.99883926 0.99733084
1589003116 0.0000000 0.99816245 0.99576223
1589548020 0.0000000 0.99306643 0.98554242
1589756010 0.0000000 0.99765229 0.99450701
1589910785 0.0000000 0.99488848 0.98892671
1590311534 0.0000000 0.99080312 0.98082757
1590359490 0.0000000 0.99910861 0.99778080
1590694463 0.0000000 0.99910474 0.99781555
1590843750 0.0000000 0.99865305 0.99647617
1591494563 0.0000000 0.99906212 0.99769843
1591839506 0.0000000 0.99840707 0.99654514
1591921295 0.0000000 0.99914008 0.99786955
1592079539 0.0000000 0.99911457 0.99791837
1592349420 0.0000000 0.99912935 0.99774337
1593214064 0.0000000 0.99956769 0.99867338
1593241888 0.0000000 0.99930865 0.99815995
1593407313 0.0000000 0.99774551 0.99465388
1593435168 0.0000000 0.99888140 0.99735385
1593519432 0.0000000 0.99829930 0.99610370
1594227272 0.0000000 0.99880314 0.99718142
1594265063 0.0000000 0.99841964 0.99611175
1594267923 0.0000000 0.99851465 0.99662912
1594526768 0.0000000 0.99858755 0.99701625
1594546164 0.0000000 0.99137509 0.98132777
1595767949 0.0000000 0.99933630 0.99825805
1597107665 0.0000000 0.99813020 0.99602348
1597123796 0.0000000 0.99719197 0.99361825
1597187246 0.0000000 0.99920607 0.99797803
1597774608 0.0000000 0.99524134 0.98998225
1597797181 0.0000000 0.99892163 0.99739730
1597806811 0.0000000 0.99908841 0.99786061
1598480108 0.0000000 0.99865139 0.99700904
1598847265 0.0000000 0.99579364 0.99097085
1599036279 0.0000000 0.99833149 0.99612629
1600306672 0.0000000 0.99908078 0.99782449
1600646088 0.0000000 0.99918556 0.99796426
1600833602 0.0000000 0.99887359 0.99727952
1601017581 0.0000000 0.99843490 0.99634230
1601326254 0.0000000 0.99940819 0.99864048
1601342057 0.0000000 0.99919015 0.99800956
1601440640 0.0000000 0.99914587 0.99795276
1601863505 0.0000000 0.99924278 0.99818081
1602517184 0.0000000 0.99834937 0.99638015
1602946993 0.0000000 0.99916673 0.99795169
1602947159 0.0000000 0.99912918 0.99787503
1603087586 0.0000000 0.99700737 0.99351245
1603396062 0.0000000 0.97694981 0.94963890
1603674483 0.0000000 0.99909025 0.99793082
1604358861 0.0000000 0.99925530 0.99801588
1604426346 0.0000000 0.99735940 0.99422985
1604601372 0.0000000 0.99902070 0.99772781
1604626818 0.0000000 0.99930483 0.99836701
1605130406 0.0000000 0.99944496 0.99851072
1605130534 0.0000000 0.99898195 0.99766862
1605266102 0.0000000 0.99840665 0.99646807
1605511152 0.0000000 0.99953425 0.99887532
1605551866 0.0000000 0.99785143 0.99531829
1605557664 0.0000000 0.99870491 0.99695849
1605621503 0.0000000 0.99932128 0.99833584
1605662576 0.0000000 0.99813217 0.99597633
1606582085 0.0000000 0.95354217 0.89756459
1606657334 0.0000000 0.99926406 0.99808967
1607578178 0.0000000 0.99908698 0.99787515
1607606398 0.0000000 0.98323154 0.96336150
1607606851 0.0000000 0.99865735 0.99677688
1607624108 0.0000000 0.99900991 0.99738163
1608317519 0.0000000 0.99437934 0.98772681
1608385359 0.0000000 0.96510214 0.92264223
1609436522 0.0000000 0.99890494 0.99680781
1609594007 0.0000000 0.99944109 0.99840200
1610162996 0.0000000 0.89670157 0.73434472
1610192153 0.0000000 0.99912214 0.99800211
1610249009 0.0000000 0.99920869 0.99781841
1610838659 0.0000000 0.99946862 0.99857593
1611559538 0.0000000 0.99896592 0.99746853
1611565557 0.0000000 0.99842596 0.99642086
1611574763 0.0000000 0.99780828 0.99535596
1611584686 0.0000000 0.99003178 0.97904718
1611818971 0.0000000 0.99934542 0.99842560
