1085390106 0.0000000 0.98136163 0.96096367
1086195389 0.0000000 0.99994165 0.99976921
1086315872 0.0000000 0.99987280 0.99969339
1086883086 0.0000000 0.99983555 0.99957728
1087613581 0.0000000 0.99923825 0.99835807
1089099122 0.0000000 0.99991339 0.99975574
1089113880 0.0000000 0.99981141 0.99951476
1089371968 0.0000000 0.99975258 0.99943805
1090478200 0.0000000 0.99984026 0.99965930
1091970746 0.0000000 0.99990463 0.99974227
1092861100 0.0000000 0.99680620 0.99342966
1093118276 0.0000000 0.99966538 0.99927932
1095475955 0.0000000 0.99978131 0.99950707
1097813330 0.0000000 0.99983031 0.99963164
1098848984 0.0000000 0.97692597 0.95432472
1099928102 192.40001 8.40549245E-02 2.15309858E-03
1099929295 74.250000 0.10533997 4.03523445E-05
1099929521 59.900002 8.72016177E-02 1.99460983E-03
1099931589 213.20000 7.56797567E-02 2.93076038E-03
1099942690 150.10001 0.10898924 8.66949558E-04
1100098082 -5.00000007E-02 8.45709741E-02 2.83181667E-04
1100139404 219.45000 0.10278811 8.42213631E-05
1100237223 168.65001 7.75464922E-02 2.95090675E-03
1100955874 116.65000 7.58142471E-02 3.42094898E-03
1103674687 137.10001 9.28143263E-02 4.72700596E-03
1105287429 -69.150002 8.23089555E-02 -0.20112193
1105405102 144.20000 5.34635261E-02 6.85513020E-04
1105536640 195.45000 6.42684326E-02 9.67502594E-04
1105765351 153.45000 6.08511157E-02 7.98046589E-04
1106056455 155.00000 4.85690609E-02 2.65359879E-03
1106207236 81.150002 9.20365825E-02 6.37710094E-04
1106226863 167.85001 7.25078210E-02 4.79304790E-03
1106317701 185.15001 8.96034017E-02 1.98006630E-04
1106377004 186.00000 7.55063593E-02 8.80360603E-04
1106829094 77.650002 3.96944247E-02 3.06725502E-04
1107166208 135.50000 0.10771146 5.95408678E-03
1107223187 257.75000 0.10926070 1.97708607E-04
1107233798 151.10001 5.83882332E-02 1.71482563E-04
1107286746 184.90001 5.12578301E-02 2.74497271E-03
1107388387 11.300000 8.19340572E-02 5.53905964E-04
1107601144 96.400002 6.78905398E-02 9.79304314E-05
1107601252 247.75000 7.49247000E-02 1.03533268E-04
1108162580 57.650002 4.10382263E-02 7.92443752E-04
1108757898 231.80000 0.10155637 3.57508659E-04
1108761568 42.900002 6.99612871E-02 3.15105915E-03
1110049611 57.350002 9.06242952E-02 2.42590904E-05
1110049680 248.10001 9.51029882E-02 2.67028809E-05
1110050185 36.650002 0.10578885 4.40478325E-04
1110050874 16.850000 6.59637451E-02 2.79307365E-04
1110568232 30.750000 0.10284767 -0.26379108
1111274786 218.50000 9.05681849E-02 1.80020928E-02
1113182839 130.10001 0.11559851 -0.42068088
1113208093 57.700001 7.48411417E-02 -2.3324957
1113260515 129.85001 0.10213223 -0.72321820
1113331351 71.900002 6.39521480E-02 -1.8640044
1114345058 -10.250000 7.14359209E-02 -15.832453
1114872497 89.250000 0.11198287 7.26872683E-03
1114872533 217.60001 0.13015795 2.50176191E-02
1114872543 242.40001 0.11503857 3.41141820E-02
1114981677 214.60001 8.42367634E-02 1.67555809E-02
1115167250 77.250000 7.93945268E-02 -3.97182703E-02
1115753263 13.200000 0.11103812 -2.6982863
1115910658 185.95000 8.37650597E-02 -1.1746156
1115942660 126.50000 9.65069532E-02 5.93715906E-03
1116353193 150.95000 6.22379519E-02 -4.32749987E-02
1117405041 181.00000 8.71301144E-02 -3.33536863E-02
1117642805 247.15001 0.11701595 5.12897968E-03
1118162704 153.60001 0.10300008 1.03543997E-02
1118367166 52.250000 0.10347745 2.94929743E-03
1118396676 7.6500001 8.92774984E-02 -6.89477921E-02
1118501300 238.60001 0.10140844 4.33993340E-02
1118677980 163.70000 6.92149848E-02 -0.27365685
1118868304 65.700005 4.65132929E-02 -6.7108817
1119087065 176.15001 8.33568126E-02 7.98135996E-03
1119729025 62.950001 8.01811591E-02 -1.2699611
1119876655 174.00000 9.29872394E-02 -50.056843
1121472051 167.15001 7.43880495E-02 -9.59628820E-02
1122385024 209.15001 5.52686304E-02 5.92893362E-03
1122618639 19.250000 0.11646059 -0.42235029
1122777951 -3.4000001 5.13553098E-02 -8.48889351E-04
1125373372 189.65001 7.46909752E-02 -10.118087
1125685516 142.95000 9.17056724E-02 -0.18855405
1125969360 5.1500001 0.12495263 6.07758760E-03
1127055473 0.0000000 0.99932128 0.74814516
1127456637 0.0000000 0.99913090 0.74875754
1127471662 0.0000000 0.99790490 0.74885064
1127494190 0.0000000 0.99972737 0.75053465
1127760620 0.0000000 0.99991584 0.74978232
1128153007 0.0000000 0.99987656 0.75061786
1128174696 0.0000000 0.99994367 0.74961489
1128475640 0.0000000 0.99919224 0.74887383
1128528995 0.0000000 0.99988276 0.75058579
1128891916 0.0000000 0.91143221 0.70532000
1128923244 0.0000000 0.99969047 0.74949026
1129069430 0.0000000 0.84994882 0.65453929
1129155495 0.0000000 0.97509980 0.73890018
1129246313 0.0000000 0.98389542 0.73894393
1129324370 0.0000000 0.99824035 0.74862450
1129391464 0.0000000 0.99996459 0.75012934
1129907016 0.0000000 0.91890764 0.69613540
1130249327 0.0000000 0.99946177 0.74905765
1131428965 0.0000000 0.99900907 0.74924761
1131431840 0.0000000 0.99928790 0.74891567
1132062095 0.0000000 0.99962896 0.74952376
1132132485 0.0000000 0.99818039 0.74880195
1132148341 0.0000000 0.99988371 0.75001973
1132166999 0.0000000 0.99909127 0.74976766
1132661855 0.0000000 0.99982059 0.74989045
1132975230 0.0000000 0.99959719 0.74972510
1133111580 0.0000000 0.99961787 0.74891901
1133304109 0.0000000 0.99996996 0.75083888
1133601723 0.0000000 0.99952400 0.74948955
1133908462 0.0000000 0.99897343 0.74962384
1134710133 0.0000000 0.99925965 0.74949968
1135808248 0.0000000 0.99810159 0.74751711
1135976852 0.0000000 0.99698859 0.74856395
1136739698 0.0000000 0.99987251 0.75060707
1137913657 0.0000000 0.99990630 0.75069380
1137989937 0.0000000 0.99992281 0.75053287
1137990003 0.0000000 0.99964774 0.75058442
1138288259 0.0000000 0.99940556 0.74963862
1139284609 0.0000000 0.73442143 0.53770709
1139326915 0.0000000 0.99969453 0.75020969
1140725945 0.0000000 0.99953806 0.74974030
1140746150 0.0000000 0.99993712 0.75100815
1141877248 0.0000000 0.99954450 0.99902809
1142029462 0.0000000 0.99814779 0.99616647
1142229311 0.0000000 0.99961567 0.99914449
1142709582 0.0000000 0.99815685 0.99620557
1143536168 0.0000000 0.99984002 0.99963224
1143616861 0.0000000 0.99984848 0.99962032
1143885739 0.0000000 0.99998713 0.99994177
1143885924 0.0000000 0.99869829 0.99731988
1143888020 0.0000000 0.99887431 0.99768949
1144129163 0.0000000 0.99546486 0.99076778
1144133312 0.0000000 0.99396592 0.98785275
1144179006 0.0000000 0.99990082 0.99976647
1144806135 0.0000000 0.98503757 0.96904391
1145140855 0.0000000 0.99996930 0.99990737
1145323561 0.0000000 0.99627227 0.99244541
1146215126 0.0000000 0.99995875 0.99989218
1146944291 0.0000000 0.22577547 -14.585375
1146966782 0.0000000 0.99746734 0.99486536
1147258751 0.0000000 0.99933171 0.99860179
1149411961 0.0000000 0.99908602 0.99810445
1149467938 0.0000000 0.99145174 0.98271012
1149638545 0.0000000 0.99824548 0.99639517
1149771133 0.0000000 0.98379695 0.96637517
1150128882 0.0000000 0.97613776 0.94963098
1151387381 0.0000000 0.99760664 0.99508148
1154072410 0.0000000 0.99998707 0.99995112
1154182305 0.0000000 0.99775112 0.99538398
1155212722 0.0000000 0.99858016 0.99709916
1155340266 0.0000000 0.99967998 0.99932283
1155354114 0.0000000 0.98265189 0.96383852
1155443514 0.0000000 0.99961579 0.99918902
1156044082 0.0000000 0.87572771 0.69169962
1156698676 0.0000000 0.99990797 0.99978834
1158266854 0.0000000 0.99810499 0.99611700
1159598968 0.0000000 0.99937224 0.99869055
1159684577 0.0000000 0.99992919 0.99982327
1160388105 0.0000000 0.99974465 0.99944949
1160392104 0.0000000 0.99967301 0.99932539
1160549032 0.0000000 0.99302584 0.98591548
1160664389 0.0000000 0.99998677 0.99995613
1163299258 0.0000000 0.99842352 0.99675202
1163456967 0.0000000 0.99906617 0.99807149
1163641819 0.0000000 0.99901420 0.99796969
1164570370 0.0000000 0.99898571 0.99792445
1165358160 0.0000000 0.99960655 0.99914682
1165368969 0.0000000 0.99887007 0.99769092
1166094636 0.0000000 0.99962944 0.99913567
1166561075 0.0000000 0.99958891 0.99904519
1166894907 0.0000000 0.99988109 0.99965835
1167121204 0.0000000 0.99584162 0.99149191
1167135981 0.0000000 0.99991512 0.99976325
1167136317 0.0000000 0.99988747 0.99970621
1167136455 0.0000000 0.99988776 0.99970615
1167136825 0.0000000 0.99756843 0.99504334
1167144800 0.0000000 0.99029541 0.98025388
1167147704 0.0000000 0.99913222 0.99817193
1167154513 0.0000000 0.99794745 0.99583453
1167186639 0.0000000 0.99967277 0.99930048
1167298740 0.0000000 0.93934184 0.86791271
1167318376 0.0000000 0.48558441 -1.8428962
1167324678 0.0000000 0.96788538 0.93137276
1167592780 0.0000000 0.90285790 0.76706833
1167604646 0.0000000 0.99725318 0.99426907
1168792515 0.0000000 0.99143684 0.98245478
1168917035 0.0000000 0.99984378 0.99965394
1169006425 0.0000000 0.99967611 0.99931926
1169712716 0.0000000 0.98923028 0.97760302
1169722755 0.0000000 0.99842823 0.99673438
1170262059 0.0000000 0.98999929 0.97808313
1170524118 0.0000000 0.99535739 0.98993635
1171366614 0.0000000 0.99596775 0.99166793
1171423577 0.0000000 0.99677300 0.99350762
1171423831 0.0000000 0.99781227 0.99555296
1171832699 0.0000000 0.99656230 0.99261427
1172178017 0.0000000 0.99596363 0.99191183
1173308237 0.0000000 0.99705744 0.99397314
1173368256 0.0000000 0.99619657 0.99218976
1174197233 0.0000000 0.98976451 0.97829878
1175309106 0.0000000 0.99644279 0.99286020
1175583473 0.0000000 0.99639225 0.99266481
1176242685 0.0000000 0.99613184 0.99157351
1177115546 0.0000000 0.99718946 0.99411148
1177175308 0.0000000 0.99343520 0.98647654
1178992210 0.0000000 0.99468255 0.98937547
1180238725 0.0000000 0.97904676 0.95395869
1180618796 0.0000000 0.98910171 0.97730887
1181939353 0.0000000 0.99576950 0.99130899
1182196765 0.0000000 0.99356061 0.98709989
1182265663 0.0000000 0.99485755 0.98946047
1182396227 0.0000000 0.99556160 0.99046290
1182398897 0.0000000 0.99657679 0.99251044
1184629372 0.0000000 0.99669957 0.99334413
1185198002 0.0000000 0.99549830 0.99077606
1185799546 0.0000000 0.99039912 0.97960222
1185861072 0.0000000 0.99607354 0.99172169
1186620947 0.0000000 0.99638987 0.99220026
1186786330 0.0000000 0.99525678 0.99048263
1188350129 0.0000000 0.99715477 0.99315774
1188356416 0.0000000 0.99665606 0.99281073
1188908193 0.0000000 0.99702531 0.99403781
1188950111 0.0000000 0.96008390 0.91088784
1189101086 0.0000000 0.99674398 0.99349570
1189101321 0.0000000 0.99651992 0.99292594
1189194674 0.0000000 0.99534148 0.99034476
1190442424 0.0000000 0.99668354 0.99306983
1192071901 0.0000000 0.99590141 0.99012959
1192632000 0.0000000 0.99573505 0.99135685
1193967194 0.0000000 0.99379736 0.98731035
1194476053 0.0000000 0.99679732 0.99310559
1196283913 0.0000000 0.99682510 0.99310368
1196818902 0.0000000 0.99758434 0.99462277
1196950527 0.0000000 0.99550790 0.99083388
1197715613 0.0000000 0.99335957 0.98620474
1198522115 0.0000000 0.99425536 0.98743844
1200543890 0.0000000 0.77662039 0.32015198
1200856359 0.0000000 0.99059445 0.98018867
1201442068 0.0000000 0.99677771 0.99126703
1203280382 0.0000000 0.99600524 0.99141365
1203409866 0.0000000 0.99277419 0.98504859
1203790455 0.0000000 0.99569529 0.99070519
1204138448 0.0000000 0.99644214 0.99105793
1204304285 0.0000000 0.99559873 0.99057281
1204490434 0.0000000 0.98853564 0.97636855
1204651907 0.0000000 0.99683893 0.99309444
1204651936 0.0000000 0.99683976 0.99309379
1204670552 0.0000000 0.99532801 0.99027550
1207186072 0.0000000 0.99700648 0.99376649
1208187584 0.0000000 0.99613523 0.99106866
1208931881 0.0000000 0.99714601 0.99179935
1208975321 0.0000000 0.99624199 0.99204248
1208982088 0.0000000 0.99520457 0.98967683
1208988255 0.0000000 0.99475247 0.98838210
1208988552 0.0000000 0.99593109 0.99098879
1209105937 0.0000000 0.99394554 0.98701555
1209216223 0.0000000 0.94356644 0.87231284
1209291757 0.0000000 0.98996598 0.97811574
1209339084 0.0000000 0.99688786 0.99289310
1209362380 0.0000000 0.99542290 0.98944414
1209543825 0.0000000 0.99197394 0.98357028
1209563099 0.0000000 0.99627459 0.99252653
1209583346 0.0000000 0.98231816 0.96150839
1209820628 0.0000000 0.99447626 0.98891121
1209877317 0.0000000 0.99603087 0.99055874
1210448520 0.0000000 0.99752229 0.99488473
1210560189 0.0000000 0.99416453 0.98729372
1210633064 0.0000000 0.99656123 0.99256599
1210703275 0.0000000 0.99680561 0.99281991
1212285435 0.0000000 0.99759662 0.99476916
1212339563 0.0000000 0.99645954 0.99247777
1213107823 0.0000000 0.97703838 0.95134449
1213158817 0.0000000 0.99589002 0.99138921
1213486164 0.0000000 0.99763131 0.99435991
1214086760 0.0000000 0.99285984 0.98505938
1214128508 0.0000000 0.99494028 0.98974353
1214211456 0.0000000 0.71580166 6.98339939E-03
1214561217 0.0000000 0.99292213 0.98559892
1215221786 0.0000000 0.98070657 0.96026033
1215745668 0.0000000 0.99599063 0.99160480
1215812106 0.0000000 0.99730855 0.99368101
1215812707 0.0000000 0.99556714 0.99022961
1215839910 0.0000000 0.99561882 0.99076098
1215843106 0.0000000 0.99587548 0.99039584
1215961116 0.0000000 0.99708277 0.99396104
1216126809 0.0000000 0.99239725 0.98405433
1216904067 0.0000000 0.99457973 0.98837370
1217616949 0.0000000 0.99746561 0.99136847
1218233114 0.0000000 0.99732798 0.99415576
1218994676 0.0000000 0.99638879 0.99275786
1219291482 0.0000000 0.99652010 0.99240363
1219301591 0.0000000 0.99555784 0.99050546
1219723710 0.0000000 0.99381280 0.98660135
1219772880 0.0000000 0.99554181 0.99072802
1219869253 0.0000000 0.99435830 0.98743564
1220179542 0.0000000 0.99341929 0.98551571
1220742036 0.0000000 0.99372315 0.98741788
1220946193 0.0000000 0.99743879 0.99318093
1221047734 0.0000000 0.99525088 0.98854774
1222614737 0.0000000 0.99645084 0.99288917
1225404477 0.0000000 0.99817210 0.99630845
1225442295 0.0000000 0.99890131 0.99779618
1228187814 0.0000000 0.99987853 0.99975133
1228684717 0.0000000 0.99988806 0.99976063
1229260451 0.0000000 0.99891841 0.99782574
1229658996 0.0000000 0.96602374 0.92750293
1230216280 0.0000000 0.99754232 0.99505842
1230600687 0.0000000 0.99992818 0.99982852
1230860391 0.0000000 0.99223495 0.98427409
1231020274 0.0000000 0.99989808 0.99977392
1231041233 0.0000000 0.99967730 0.99933583
1232714291 0.0000000 0.99989986 0.99979109
1232804891 0.0000000 0.99988341 0.99975598
1233928332 0.0000000 0.99983752 0.99967092
1234166319 0.0000000 0.99496239 0.98980838
1234201315 0.0000000 0.99496561 0.98995459
1234214675 0.0000000 0.99991411 0.99981487
1236731039 0.0000000 0.99984872 0.99969226
1236854628 0.0000000 0.99980950 0.99961191
1237014105 0.0000000 0.99981230 0.99961799
1237159221 0.0000000 0.99982589 0.99964285
1237164701 0.0000000 0.99988574 0.99976653
1237551366 0.0000000 0.99986267 0.99971622
1237619839 0.0000000 0.99970853 0.99940658
1239235949 0.0000000 0.99960893 0.99919069
1239971868 0.0000000 0.99987656 0.99975407
1240678955 0.0000000 0.99982905 0.99962640
1242397863 0.0000000 0.99992692 0.99984550
1242709695 0.0000000 0.99988478 0.99976122
1243376855 0.0000000 0.99983907 0.99967438
1244248765 0.0000000 0.99972624 0.99943566
1245087845 0.0000000 0.99972671 0.99944109
1245407408 0.0000000 0.99987155 0.99973589
1245469469 0.0000000 0.99989337 0.99978316
1245877793 0.0000000 0.99989665 0.99978966
1245881452 0.0000000 0.99990654 0.99980956
1246167876 0.0000000 0.99989253 0.99978560
1246181696 0.0000000 0.99991846 0.99982512
1246182765 0.0000000 0.99987495 0.99975002
1246208530 0.0000000 0.99986738 0.99972492
1246208539 0.0000000 0.99986696 0.99972451
1246598451 0.0000000 0.99990338 0.99980253
1246598488 0.0000000 0.99992037 0.99983430
1246614635 0.0000000 0.99989307 0.99977648
1246985947 0.0000000 0.99989319 0.99977982
1247508302 0.0000000 0.99992782 0.99984604
1247516932 0.0000000 0.99991757 0.99982834
1247654255 0.0000000 0.99990565 0.99979979
1247741293 0.0000000 0.99991679 0.99982315
1247769767 0.0000000 0.99992096 0.99983585
1248159491 0.0000000 0.99991536 0.99980998
1248570012 0.0000000 0.99990374 0.99980253
1248588659 0.0000000 0.99991685 0.99983531
1248872986 0.0000000 0.99991900 0.99983263
1248886386 0.0000000 0.99994379 0.99988079
1249212887 0.0000000 0.99986207 0.99972367
1250467545 0.0000000 0.99992758 0.99985713
1250503855 0.0000000 0.99990088 0.99980116
1250504106 0.0000000 0.99989206 0.99977332
1250601456 0.0000000 0.99988639 0.99976474
1250639275 0.0000000 0.99981403 0.99962288
1250703707 0.0000000 0.99968630 0.99935818
1250777890 0.0000000 0.99986398 0.99972421
1250888264 0.0000000 0.99989718 0.99978638
1250911490 0.0000000 0.99972743 0.99943018
1252249816 0.0000000 0.99836498 0.99671423
1252757125 0.0000000 0.99993032 0.99984765
1254591366 0.0000000 0.99991858 0.99981850
1254664936 0.0000000 0.99980366 0.99960607
1255243328 0.0000000 0.99887282 0.99773628
1256244384 0.0000000 0.99991345 0.99982744
1256252705 0.0000000 0.99991214 0.99982637
1256431794 0.0000000 0.99985915 0.99970365
1257413577 0.0000000 0.99991238 0.99982250
1257413887 0.0000000 0.99982280 0.99964130
1257420861 0.0000000 0.99991411 0.99982685
1257678569 0.0000000 0.99984282 0.99967146
1258065617 0.0000000 0.99981624 0.99961329
1258296469 0.0000000 0.99989408 0.99978793
1258824471 0.0000000 0.99980563 0.99960935
1258926370 0.0000000 0.99980092 0.99958873
1260564405 0.0000000 0.99984384 0.99968392
1260692005 0.0000000 0.99989110 0.99977022
1261227736 0.0000000 0.99931043 0.99854606
1261227864 0.0000000 0.99991399 0.99981648
1261228557 0.0000000 0.99980569 0.99960750
1261232031 0.0000000 0.99979240 0.99958783
1261235533 0.0000000 0.99981517 0.99961293
1261275144 0.0000000 0.99983388 0.99966663
1261713375 0.0000000 0.99983829 0.99967408
1261922241 0.0000000 0.99988663 0.99975866
1262034644 0.0000000 0.99986780 0.99972284
1262237921 0.0000000 0.99985355 0.99969953
1262343689 0.0000000 0.99974018 0.99944651
1262367286 0.0000000 0.99990791 0.99981552
1262622742 0.0000000 0.99654061 0.99299842
1262633257 0.0000000 0.99988645 0.99976128
1263881366 0.0000000 0.99988735 0.99976915
1265523000 0.0000000 0.99993426 0.99987161
1265599504 0.0000000 0.99982953 0.99963379
1265691729 0.0000000 0.99986041 0.99971497
1265942558 0.0000000 0.99989027 0.99978161
1266289887 0.0000000 0.99990219 0.99979985
1266816064 0.0000000 0.99992168 0.99983883
1267146477 0.0000000 0.99986100 0.99971974
1267162697 0.0000000 0.99977082 0.99953353
1267661932 0.0000000 0.99994582 0.99988425
1267662287 0.0000000 0.99984622 0.99969357
1267686434 0.0000000 0.99987900 0.99975592
1267690576 0.0000000 0.99992681 0.99984759
1268040382 0.0000000 0.99988282 0.99976194
1268902896 0.0000000 0.99995095 0.99990076
1268931240 0.0000000 0.99996579 0.99992961
1269644874 0.0000000 0.99979413 0.99957108
1270335780 0.0000000 0.99971330 0.99940681
1270813793 0.0000000 0.99982828 0.99965036
1270961850 0.0000000 0.99991512 0.99982405
1270999307 0.0000000 0.99945509 0.99889952
1271168968 0.0000000 0.99990362 0.99980676
1271191748 0.0000000 0.99994212 0.99987739
1271987388 0.0000000 0.99991423 0.99982077
1272194052 0.0000000 0.99989402 0.99977517
1272250791 0.0000000 0.99991387 0.99981886
1272823213 0.0000000 0.99984187 0.99967158
1274901407 0.0000000 0.99981910 0.99961329
1276535865 0.0000000 0.99993587 0.99985164
1276561877 0.0000000 0.99994671 0.99987227
1276823323 0.0000000 0.99993950 0.99987304
1277575551 0.0000000 0.99984133 0.99968004
1277670806 0.0000000 0.99990654 0.99981141
1278097892 0.0000000 0.99991488 0.99982655
1278515743 0.0000000 0.99839789 0.99678373
1278618217 0.0000000 0.99987715 0.99974626
1278636079 0.0000000 0.99984235 0.99968350
1279357457 0.0000000 0.99987495 0.99975371
1279458204 0.0000000 0.99991673 0.99982774
1280029930 0.0000000 0.99995071 0.99989438
1280553485 0.0000000 0.99982983 0.99964118
1280563997 0.0000000 0.99974972 0.99948680
1280587745 0.0000000 0.99983317 0.99966508
1281476617 0.0000000 0.99980527 0.99960333
1282408680 0.0000000 0.99990189 0.99980307
1282415961 0.0000000 0.99988663 0.99976766
1282416480 0.0000000 0.99980670 0.99959785
1283157909 0.0000000 0.99994838 0.99989200
1283540817 0.0000000 0.99984819 0.99969095
1284039008 0.0000000 0.99985492 0.99969989
1284244867 0.0000000 0.99978179 0.99956107
1284952628 0.0000000 0.99982834 0.99965405
1285350982 0.0000000 0.99977982 0.99955058
1285695233 0.0000000 0.99992400 0.99982828
1285876560 0.0000000 0.99988687 0.99976832
1286047392 0.0000000 0.99984860 0.99969882
1286198915 0.0000000 0.99991041 0.99982023
1286865806 0.0000000 0.99970186 0.99938518
1287036373 0.0000000 0.99937707 0.99873370
1289221280 0.0000000 0.99987972 0.99975264
1289567329 0.0000000 0.99991035 0.99980670
1289576340 0.0000000 0.99989617 0.99978775
1290342705 0.0000000 0.99989671 0.99979216
1290784424 0.0000000 0.99993598 0.99987465
1290799240 0.0000000 0.99979609 0.99958777
1291601652 0.0000000 0.99988270 0.99976391
1291689974 0.0000000 0.99986666 0.99973047
1291927327 0.0000000 0.99492180 0.98980862
1292000461 0.0000000 0.97969699 0.95822555
1294804388 0.0000000 0.99990845 0.99981326
1296507195 0.0000000 0.99990237 0.99978912
1296548191 0.0000000 0.99996221 0.99992067
1297058102 0.0000000 0.99985862 0.99971336
1297342916 0.0000000 0.99987549 0.99973148
1297754297 0.0000000 0.99994326 0.99987590
1298970247 0.0000000 0.99979508 0.99957842
1299845150 0.0000000 0.99960679 0.99918646
1300123317 0.0000000 0.99977309 0.99954015
1300281136 0.0000000 0.99962938 0.99925017
1300608051 0.0000000 0.99992543 0.99985296
1301123952 0.0000000 0.99979955 0.99959213
1301458951 0.0000000 0.99987704 0.99974889
1301964194 0.0000000 0.99971861 0.99942178
1302916270 0.0000000 0.99994731 0.99988848
1302961193 0.0000000 0.99988210 0.99976832
1303685617 0.0000000 0.99686068 0.99373090
1304080155 0.0000000 0.99983531 0.99964285
1304082768 0.0000000 0.99991137 0.99981880
1304152538 0.0000000 0.99991471 0.99981898
1304437954 0.0000000 0.99987233 0.99974102
1304717510 0.0000000 0.99980658 0.99960876
1304757333 0.0000000 0.99977475 0.99951184
1306028051 0.0000000 0.99989688 0.99979389
1306098435 0.0000000 0.99986780 0.99974304
1306261925 0.0000000 0.99978101 0.99954778
1307034472 0.0000000 0.99994481 0.99988014
1307669122 0.0000000 0.99986291 0.99972326
1308478735 0.0000000 0.99976546 0.99952894
1309048281 0.0000000 0.99989122 0.99977392
1309094354 0.0000000 0.99985796 0.99971306
1309326569 0.0000000 0.98955327 0.97899067
1309474048 0.0000000 0.99985129 0.99969387
1309601047 0.0000000 0.99947333 0.99894196
1309696244 0.0000000 0.99989563 0.99978787
1309953539 0.0000000 0.99992490 0.99984121
1310469430 0.0000000 0.99988717 0.99977368
1310541580 0.0000000 0.99973392 0.99946040
1310928323 0.0000000 0.99987632 0.99974769
1311000534 0.0000000 0.99983305 0.99966675
1311084070 0.0000000 0.99989462 0.99978960
1311142337 0.0000000 0.99990618 0.99979520
1311692424 0.0000000 0.99749327 0.99492908
1313100452 0.0000000 0.99982864 0.99965245
1314264913 0.0000000 0.99989516 0.99977171
1314789752 0.0000000 0.99975514 0.99950796
1315538819 0.0000000 0.99985844 0.99970639
1315635988 0.0000000 0.99456757 0.98914301
1315804512 0.0000000 0.99976772 0.99952704
1316643513 0.0000000 0.99989831 0.99978262
1316653258 0.0000000 0.99986959 0.99974126
1317835272 0.0000000 0.88085675 0.70953524
1318175665 0.0000000 0.99983710 0.99966228
1318478724 0.0000000 0.99981362 0.99961108
1319945023 0.0000000 0.99987894 0.99975669
1320074224 0.0000000 0.99979061 0.99957770
1320721143 0.0000000 0.99990600 0.99981362
1321061921 0.0000000 0.99991161 0.99981326
1322787324 0.0000000 0.99984896 0.99969631
1322993584 0.0000000 0.99985957 0.99971771
1323861170 0.0000000 0.99987358 0.99974573
1323909341 0.0000000 0.99983662 0.99966580
1324582798 0.0000000 0.99988669 0.99976534
1325660397 0.0000000 0.99989229 0.99978173
1326181267 0.0000000 0.99976385 0.99951136
1326728445 0.0000000 0.99905634 0.99811202
1327107001 0.0000000 0.99988216 0.99975544
1327480583 0.0000000 0.99965572 0.99930990
1327824459 0.0000000 0.99981934 0.99963528
1328324062 0.0000000 0.99987012 0.99973726
1328459111 0.0000000 0.99972922 0.99944705
1330223700 0.0000000 0.99993664 0.99987227
1330883534 0.0000000 0.99973905 0.99946582
1332071890 0.0000000 0.99980319 0.99956024
1332086295 0.0000000 0.99691761 0.99379236
1332373478 0.0000000 0.99983567 0.99966115
1333258441 0.0000000 0.99975497 0.99950975
1333828758 0.0000000 0.99982435 0.99964726
1333921411 0.0000000 0.99993092 0.99985778
1334227165 0.0000000 0.99981076 0.99961144
1334800688 0.0000000 0.99989635 0.99979085
1335409258 0.0000000 0.97448182 0.94650829
1335538115 0.0000000 0.99983770 0.99967641
1338362741 0.0000000 0.99991035 0.99981725
1338842309 0.0000000 0.99979699 0.99959069
1338890190 0.0000000 0.99992681 0.99984688
1338944914 0.0000000 0.99994332 0.99987930
1338944979 0.0000000 0.99994278 0.99987859
1338945045 0.0000000 0.99989581 0.99976885
1339216879 0.0000000 0.99984831 0.99969649
1339275618 0.0000000 0.99992800 0.99985713
1339278860 0.0000000 0.99989116 0.99977434
1339309409 0.0000000 0.99984699 0.99968725
1339575740 0.0000000 0.99994653 0.99988359
1339598466 0.0000000 0.99993199 0.99986517
1339646879 0.0000000 0.99988365 0.99976212
1339690513 0.0000000 0.99991512 0.99982810
1339702255 0.0000000 0.99989527 0.99978924
1339923712 0.0000000 0.99990618 0.99980921
1341299876 0.0000000 0.99985421 0.99970150
1341924177 0.0000000 0.99958408 0.99914241
1342405200 0.0000000 0.99938726 0.99875021
1344277570 0.0000000 0.99981588 0.99961126
1344910008 0.0000000 0.99990559 0.99980849
1344941743 0.0000000 0.99989003 0.99977219
1345138860 0.0000000 0.99983543 0.99966186
1345234802 0.0000000 0.99992096 0.99984235
1346380382 0.0000000 0.94291961 0.87596858
1346415099 0.0000000 0.99989057 0.99971920
1346415834 0.0000000 0.99987423 0.99969077
1346788818 0.0000000 0.99986649 0.99971694
1346816730 0.0000000 0.99973583 0.99945629
1348523853 0.0000000 0.99965674 0.99929166
1350722979 0.0000000 0.99975944 0.99950612
1350800865 0.0000000 0.99584734 0.99170059
1351161077 0.0000000 0.99984431 0.99968594
1352122829 0.0000000 0.99978244 0.99954838
1352554787 0.0000000 0.99819362 0.99638349
1353431341 0.0000000 0.99985141 0.99969715
1353536726 0.0000000 0.99985200 0.99969840
1354158772 0.0000000 0.99971771 0.99942613
1354470336 0.0000000 0.99984944 0.99969554
1354477411 0.0000000 0.99984252 0.99969089
1354976814 0.0000000 0.99990833 0.99981093
1355221924 0.0000000 0.99982202 0.99963665
1356243184 0.0000000 0.99967355 0.99934131
1356319072 0.0000000 0.99979305 0.99955368
1356487597 0.0000000 0.99985164 0.99970156
1356883405 0.0000000 0.99991149 0.99982351
1357128106 0.0000000 0.99990839 0.99981099
1357236484 0.0000000 0.99993789 0.99987668
1357270197 0.0000000 0.99983406 0.99966353
1357331931 0.0000000 0.99981260 0.99962306
1357541346 0.0000000 0.99984586 0.99969119
1357994057 0.0000000 0.99979985 0.99960041
1358411441 0.0000000 0.99959224 0.99918932
1358708986 0.0000000 0.99985427 0.99969566
1359776392 0.0000000 0.99978435 0.99956143
1361064727 0.0000000 0.99977207 0.99954170
1361239965 0.0000000 0.99973297 0.99946117
1361256759 0.0000000 0.99981397 0.99961948
1361373628 0.0000000 0.99958032 0.99914724
1361471757 0.0000000 0.99984652 0.99969614
1361665659 0.0000000 0.99969929 0.99937409
1362386544 0.0000000 0.99963766 0.99925721
1362609444 0.0000000 0.99972093 0.99941319
1362627405 0.0000000 0.99986887 0.99973905
1362643640 0.0000000 0.99984461 0.99969250
1363079024 0.0000000 0.99977523 0.99952930
1363764120 0.0000000 0.99967849 0.99932855
1364349799 0.0000000 0.99987847 0.99975765
1364349845 0.0000000 0.99994206 0.99986011
1364355002 0.0000000 0.99974102 0.99947453
1364690983 0.0000000 0.99891758 0.99781275
1365625224 0.0000000 0.99990255 0.99979740
1366061297 0.0000000 0.96411633 0.92579114
1366432589 0.0000000 0.99982893 0.99964076
1366513671 0.0000000 0.99956113 0.99909931
1369110346 0.0000000 0.99986094 0.99971455
1369124755 0.0000000 0.99982172 0.99964249
1369791239 0.0000000 0.99984252 0.99967396
1369883683 0.0000000 0.99977368 0.99950999
1370118743 0.0000000 0.99980283 0.99959385
1370151783 0.0000000 0.99990231 0.99980253
1370623082 0.0000000 0.99990988 0.99981284
1372241957 0.0000000 0.99984646 0.99969429
1372463510 0.0000000 0.99987876 0.99970663
1373829868 0.0000000 0.99983579 0.99966633
1373895699 0.0000000 0.99982542 0.99963981
1373969495 0.0000000 0.99989963 0.99978548
1374677225 0.0000000 0.99987882 0.99975634
1374679935 0.0000000 0.99986553 0.99972910
1376837821 0.0000000 0.99983346 0.99966055
1378247005 0.0000000 0.99983120 0.99963999
1378467231 0.0000000 0.99990749 0.99980599
1379475197 0.0000000 0.99972498 0.99944144
1380542719 0.0000000 0.99977422 0.99953848
1381466759 0.0000000 0.99977249 0.99954510
1381684855 0.0000000 0.99973631 0.99947292
1382170436 0.0000000 0.99750990 0.99501097
1382919848 0.0000000 0.99968451 0.99935442
1383069011 0.0000000 0.99962676 0.99924272
1383085061 0.0000000 0.99972379 0.99944252
1383227120 0.0000000 0.99983424 0.99965000
1383227831 0.0000000 0.99984729 0.99968296
1383234448 0.0000000 0.99992716 0.99984807
1383263545 0.0000000 0.99985915 0.99971604
1383450194 0.0000000 0.99990314 0.99979782
1383519374 0.0000000 0.99970984 0.99940723
1383809110 0.0000000 0.99987620 0.99974632
1383809501 0.0000000 0.99980062 0.99959242
1383989687 0.0000000 0.99977893 0.99954039
1384145710 0.0000000 0.99978405 0.99954271
1384544358 0.0000000 0.99989110 0.99976796
1385019362 0.0000000 0.99969858 0.99937147
1386347977 0.0000000 0.97678357 0.95092827
1386357780 0.0000000 0.99982101 0.99962932
1387916955 0.0000000 0.99977255 0.99953657
1389034180 0.0000000 0.99985999 0.99971366
1389204911 0.0000000 0.99987113 0.99973357
1389717867 0.0000000 0.99985921 0.99971336
1389724692 0.0000000 0.99990398 0.99980474
1389729005 0.0000000 0.99987912 0.99975407
1389740803 0.0000000 0.99980378 0.99959528
1389904819 0.0000000 0.99975473 0.99947864
1390517490 0.0000000 0.99982542 0.99963802
1390619771 0.0000000 0.99986970 0.99973893
1391790286 0.0000000 0.99975491 0.99950087
1393014317 0.0000000 0.99980390 0.99955535
1393065064 0.0000000 0.99964738 0.99928248
1393759985 0.0000000 0.99942768 0.99884486
1393791078 0.0000000 0.99982107 0.99964190
1394913876 0.0000000 0.99986273 0.99972719
1395061976 0.0000000 0.99987781 0.99975580
1395231566 0.0000000 0.99990052 0.99979514
1397097485 0.0000000 0.99983352 0.99967116
1397746253 0.0000000 0.99985099 0.99969524
1398443585 0.0000000 0.99985719 0.99970204
1399207416 0.0000000 0.99982691 0.99964684
1399278483 0.0000000 0.99986738 0.99973160
1399745740 0.0000000 0.99970269 0.99939924
1399746271 0.0000000 0.99986517 0.99972641
1400631673 0.0000000 0.99988961 0.99976915
1401021673 0.0000000 0.99989790 0.99978775
1401296286 0.0000000 0.99950922 0.99900150
1402085900 0.0000000 0.99951518 0.99900967
1402313583 0.0000000 0.99942607 0.99885213
1402624068 0.0000000 0.99831289 0.99660993
1402784563 0.0000000 0.99986917 0.99973351
1403034553 0.0000000 0.99976981 0.99952358
1403317269 0.0000000 0.99969202 0.99938047
1403439974 0.0000000 0.99958837 0.99915844
1404774365 0.0000000 0.99979347 0.99958062
1404925818 0.0000000 0.99975407 0.99949968
1405577514 0.0000000 0.99988604 0.99976951
1407296767 0.0000000 0.99929935 0.99806172
1407544588 0.0000000 0.93025529 0.83376098
1408047770 0.0000000 0.99893594 0.99701536
1410046387 0.0000000 0.99944502 0.99836576
1410325949 0.0000000 0.21258308 -5667.7549
1410382444 0.0000000 0.11599002 -37592.914
1411247643 0.0000000 0.45649049 -1181.2902
1411641303 0.0000000 0.69845647 -465.62152
1412009058 0.0000000 8.88372362E-02 -82396.984
1412705290 0.0000000 0.85307062 -311.24896
1413207959 -13.400001 0.11865359 -11589026.
1414298821 0.0000000 0.99989003 0.99974972
1416419181 0.0000000 0.99990571 0.99978179
1416419227 0.0000000 0.99992442 0.99980330
1416540553 0.0000000 0.99982518 0.99961829
1417557685 0.0000000 0.99991232 0.99981976
1417655668 0.0000000 0.99972200 0.99942046
1418245419 0.0000000 0.99994302 0.99988163
1418533563 0.0000000 0.99965894 0.99930686
1419682925 0.0000000 0.99988031 0.99975401
1419947441 0.0000000 0.99914008 0.99826646
1419995164 0.0000000 0.99993151 0.99985856
1420012476 0.0000000 0.99996340 0.99992716
1420437226 0.0000000 0.99993670 0.99986565
1420606112 0.0000000 0.99994987 0.99989825
1420742654 0.0000000 0.99435931 0.98852438
1421435535 0.0000000 0.99995130 0.99989909
1421639313 0.0000000 0.99971056 0.99941868
1422083726 0.0000000 0.99982780 0.99964356
1422374758 0.0000000 0.99896467 0.99792391
1422958210 0.0000000 0.99889535 0.99778825
1423037687 0.0000000 0.99991477 0.99981141
1423603888 0.0000000 0.82782733 0.56958735
1423726535 0.0000000 0.99990487 0.99980605
1423857991 0.0000000 0.99997520 0.99995428
1424969403 0.0000000 0.99995363 0.99990189
1426114954 0.0000000 0.99978155 0.99955338
1426344314 0.0000000 0.99992132 0.99983275
1426852891 0.0000000 0.99983114 0.99965334
1427105631 0.0000000 0.99998009 0.99995989
1427483378 0.0000000 0.99949324 0.99897891
1428208678 0.0000000 0.99986547 0.99971896
1428320250 0.0000000 0.99993014 0.99985605
1428945237 0.0000000 0.99991482 0.99981904
1429127316 0.0000000 0.99967110 0.99933481
1429494176 0.0000000 0.99998224 0.99996597
1429494550 0.0000000 0.99997240 0.99994701
1429528847 0.0000000 0.99996865 0.99993688
1429530313 0.0000000 0.99997956 0.99995786
1429531199 0.0000000 0.99998158 0.99996477
1429992097 0.0000000 0.99996990 0.99994093
1430658547 0.0000000 0.99997789 0.99994981
1431333501 0.0000000 0.99994588 0.99988687
1431387795 0.0000000 0.99994010 0.99987572
1431628549 0.0000000 0.99989551 0.99978560
1432588969 0.0000000 0.99997377 0.99994349
1432601816 0.0000000 0.99995595 0.99990964
1432799863 0.0000000 0.99997032 0.99993849
1434467768 0.0000000 0.99991721 0.99982202
1434867330 0.0000000 0.99997067 0.99993801
1435335400 0.0000000 0.99985355 0.99969369
1438066750 0.0000000 0.99988872 0.99977994
1438936857 0.0000000 0.99991143 0.99981993
1439209234 0.0000000 0.93821919 0.86440533
1439418087 0.0000000 0.98480320 0.96912789
1439474882 0.0000000 0.99998057 0.99996257
1439699200 0.0000000 0.97216558 0.94200134
1441113885 0.0000000 0.99998045 0.99995536
1441128847 0.0000000 0.99994922 0.99989253
1441160293 0.0000000 0.99992287 0.99985039
1441898607 0.0000000 0.99993241 0.99985659
1442339782 0.0000000 0.99996507 0.99992996
1442345855 0.0000000 0.99997467 0.99994755
1442345878 0.0000000 0.99998063 0.99995625
1442408939 0.0000000 0.99998689 0.99996841
1442410226 0.0000000 0.99993992 0.99988306
1442413798 0.0000000 0.99995673 0.99990374
1443074281 0.0000000 0.99967706 0.99934584
1443555465 0.0000000 0.99995238 0.99990213
1444648487 0.0000000 0.99994487 0.99989092
1444736944 0.0000000 0.99993378 0.99986190
1444953165 0.0000000 0.99989915 0.99979311
1444953267 0.0000000 0.99994081 0.99987119
1445014914 0.0000000 0.99986899 0.99970233
1445221055 0.0000000 0.99998242 0.99996001
1445233331 0.0000000 0.99998111 0.99995965
1445239215 0.0000000 0.99997342 0.99995047
1446412182 0.0000000 0.99997604 0.99994814
1446412281 0.0000000 0.99996287 0.99992919
1446509184 0.0000000 0.99993992 0.99987411
1446509190 0.0000000 0.99993986 0.99987417
1446714386 0.0000000 0.99993289 0.99986416
1447167192 0.0000000 0.99990588 0.99980932
1447255999 0.0000000 0.99992502 0.99984103
1447277516 0.0000000 0.99968839 0.99936104
1448316095 0.0000000 0.98568004 0.97082663
1448671943 0.0000000 0.99988526 0.99976897
1449033717 0.0000000 0.99994278 0.99988967
1449035580 0.0000000 0.99995786 0.99991506
1449153073 0.0000000 0.99994510 0.99988151
1449935242 0.0000000 0.99989891 0.99979198
1450510821 0.0000000 0.96934330 0.93532419
1450536811 0.0000000 0.99782479 0.99562353
1450992022 0.0000000 0.99988824 0.99977636
1451199638 0.0000000 0.99985832 0.99970239
1451327726 0.0000000 0.99982488 0.99965090
1451523194 0.0000000 0.99347556 0.98668897
1451829690 0.0000000 0.99994850 0.99989522
1451928000 0.0000000 0.99677408 0.99350458
1452487977 0.0000000 0.99996793 0.99993187
1453169606 0.0000000 0.99997103 0.99994153
1453824336 0.0000000 0.99816245 0.99627471
1454422761 0.0000000 0.99998397 0.99996531
1454702246 0.0000000 0.99998426 0.99997032
1454702308 0.0000000 0.99998534 0.99996960
1454702406 0.0000000 0.99998415 0.99996638
1454702512 0.0000000 0.99995410 0.99990851
1454978820 0.0000000 0.99997747 0.99994814
1455590759 0.0000000 0.99996245 0.99992204
1455595494 0.0000000 0.99998087 0.99996215
1455757779 0.0000000 0.99997532 0.99994570
1455758311 0.0000000 0.99998021 0.99996054
1456215987 0.0000000 0.99994904 0.99989724
1456541993 0.0000000 0.99958128 0.99914855
1457201466 0.0000000 0.99987566 0.99974281
1457276938 0.0000000 0.99950588 0.99901223
1459152479 0.0000000 0.99993259 0.99985844
1459502085 0.0000000 0.99809784 0.99617898
1459988008 0.0000000 0.99916142 0.99830967
1460294506 0.0000000 0.99953115 0.99904996
1460353509 0.0000000 0.99995232 0.99991155
1460804146 0.0000000 0.99993688 0.99986595
1461082597 0.0000000 0.99988925 0.99976528
1461607991 0.0000000 0.99979442 0.99957979
1461770234 0.0000000 0.99997962 0.99995875
1461770257 0.0000000 0.99998331 0.99996978
1461770858 0.0000000 0.99996728 0.99993098
1461781146 0.0000000 0.99997520 0.99995095
1461806086 0.0000000 0.99989986 0.99979728
1462056417 0.0000000 0.99995232 0.99990147
1462199340 0.0000000 0.99997360 0.99994516
1462521203 0.0000000 0.99991518 0.99982047
1462632669 0.0000000 0.99995738 0.99991226
1462675593 0.0000000 0.99993652 0.99987084
1463023035 0.0000000 0.99996245 0.99992698
1463023251 0.0000000 0.99988455 0.99976391
1463023282 0.0000000 0.99984848 0.99969864
1463027395 0.0000000 0.99995327 0.99990737
1463127852 0.0000000 0.99990940 0.99982262
1463195522 0.0000000 0.99997449 0.99994385
1463196768 0.0000000 0.99995750 0.99991244
1463530965 0.0000000 0.99991542 0.99983007
1463863900 0.0000000 0.99997556 0.99995238
1463882779 0.0000000 0.99993348 0.99985546
1464184475 0.0000000 0.99544150 0.99062091
1464544116 0.0000000 0.99982214 0.99963140
1464576767 0.0000000 0.99996138 0.99991781
1464630651 0.0000000 0.99988484 0.99976188
1464672226 0.0000000 0.99997693 0.99995279
1466204142 0.0000000 0.99983221 0.99965364
1466383187 0.0000000 0.99992210 0.99984348
1466409210 0.0000000 0.99991226 0.99981254
1466715930 0.0000000 0.99996483 0.99992955
1467361422 0.0000000 0.99994242 0.99988204
1469019333 0.0000000 0.99986821 0.99972337
1469592155 0.0000000 0.99984199 0.99967355
1471008941 0.0000000 0.99990863 0.99981290
1471908408 0.0000000 0.99946767 0.99857515
1472660934 0.0000000 0.99881971 0.99730587
1473440050 0.0000000 0.99915069 0.99786049
1475055492 0.0000000 0.99874640 0.99716496
1475769120 0.0000000 0.99978381 0.99922609
1477370752 0.0000000 0.99945939 0.99849623
1478519786 0.0000000 0.99930686 0.99811190
1478903131 0.0000000 0.99970704 0.99907684
1480024554 0.0000000 0.99985999 0.99943036
1480377579 0.0000000 0.99887007 0.99721134
1480507474 0.0000000 0.99962437 0.99877012
1481256588 0.0000000 0.99929696 0.99819279
1481811269 0.0000000 0.99978089 0.99914742
1483057851 0.0000000 0.99942493 0.99822122
1483513641 0.0000000 0.99818021 0.99609447
1484155863 0.0000000 0.99950147 0.99842966
1484797338 0.0000000 0.99068516 0.97964805
1484900187 0.0000000 0.99893492 0.99758989
1485329586 0.0000000 0.99789232 0.99559450
1486746772 0.0000000 0.99972516 0.99895978
1487420859 0.0000000 0.99891037 0.99733526
1487652197 0.0000000 0.99815059 0.99582708
1488212310 0.0000000 0.99936879 0.99826044
1488924651 0.0000000 0.99909043 0.99773985
1489967289 0.0000000 0.99894571 0.99747998
1490066029 0.0000000 0.91822898 0.80891395
1490805242 0.0000000 0.99892694 0.99730247
1492112471 0.0000000 0.99880147 0.99729651
1492367656 0.0000000 0.99932772 0.99805039
1493517442 0.0000000 0.99979460 0.99907857
1493960850 0.0000000 0.99879551 0.99716777
1493986611 0.0000000 0.91527939 0.79430085
1494889974 0.0000000 0.99970865 0.99889296
1494932580 0.0000000 0.99962389 0.99866545
1495631454 0.0000000 0.99942189 0.99825418
1495691291 0.0000000 0.99921626 0.99789196
1495956669 0.0000000 0.99799019 0.99558890
1495999757 0.0000000 0.99969465 0.99872500
1496582686 0.0000000 0.99929994 0.99801707
1497967350 0.0000000 0.93249404 0.83515966
1498029939 0.0000000 0.99905223 0.99772972
1500318986 0.0000000 0.99827939 0.99626613
1501139292 0.0000000 0.99912661 0.99779183
1501845585 0.0000000 0.99958938 0.99878258
1502294736 0.0000000 0.99888742 0.99740350
1502416734 0.0000000 0.99961317 0.99877065
1502582915 0.0000000 0.99958247 0.99873173
1504364658 0.0000000 0.99886942 0.99721032
1505096741 0.0000000 0.99858135 0.99684417
1505687994 0.0000000 0.99860293 0.99686831
1505917796 0.0000000 0.99969822 0.99895376
1506232185 0.0000000 0.99939793 0.99836999
1506549399 0.0000000 0.99800420 0.99572116
1507505391 0.0000000 0.99944282 0.99838895
1507747520 0.0000000 0.99938107 0.99828547
1508582157 0.0000000 0.99864697 0.99693453
1509318944 0.0000000 0.99959707 0.99883771
1509677295 0.0000000 0.99964947 0.99873859
1509677339 0.0000000 0.99964893 0.99874055
1509752088 0.0000000 0.99932444 0.99815631
1510398879 0.0000000 0.99899197 0.99759662
1510402973 0.0000000 0.99950397 0.99863631
1510440860 0.0000000 0.99888539 0.99752724
1510947032 0.0000000 0.99954224 0.99863356
1511360409 0.0000000 0.99974680 0.99911892
1511470532 0.0000000 0.99926519 0.99803334
1512230735 0.0000000 0.99791563 0.99558425
1512377977 0.0000000 0.99948448 0.99851924
1512704669 0.0000000 0.99907106 0.99773991
1513120660 0.0000000 0.99946976 0.99856812
1516168751 0.0000000 0.99872059 0.99673510
1516984288 0.0000000 0.99976152 0.99904281
1517686257 0.0000000 0.99927390 0.99803734
1517749972 0.0000000 0.99958801 0.99868822
1517752600 0.0000000 0.99971265 0.99893492
1517752662 0.0000000 0.99961317 0.99878430
1517753127 0.0000000 0.99903888 0.99771696
1517753452 0.0000000 0.99971479 0.99893403
1517753522 0.0000000 0.99977845 0.99905479
1517753592 0.0000000 0.99977714 0.99904525
1517753815 0.0000000 0.99965018 0.99874759
1517758427 0.0000000 0.99884415 0.99724603
1517763262 0.0000000 0.99914038 0.99787235
1517821602 0.0000000 0.99947327 0.99856335
1517823894 0.0000000 0.99963880 0.99873602
1517846321 0.0000000 0.99939984 0.99840230
1517852233 0.0000000 0.99874824 0.99715811
1517893754 0.0000000 0.99938947 0.99828768
1517906208 0.0000000 0.99948055 0.99851650
1517932241 0.0000000 0.99984092 0.99920070
1517932280 0.0000000 0.99988818 0.99931961
1517932282 0.0000000 0.99990040 0.99933326
1517932427 0.0000000 0.99947935 0.99855936
1517932434 0.0000000 0.99947572 0.99855465
1517932492 0.0000000 0.99951899 0.99861848
1517933877 0.0000000 0.99950027 0.99855471
1517940013 0.0000000 0.99966419 0.99895054
1517940459 0.0000000 0.99982119 0.99923617
1517944528 0.0000000 0.99989188 0.99946916
1517945796 0.0000000 0.99976492 0.99899644
1517950582 0.0000000 0.99959302 0.99878073
1517958702 0.0000000 0.99974471 0.99912149
1517960631 0.0000000 0.99953610 0.99866080
1517969882 0.0000000 0.99984205 0.99929219
1517974578 0.0000000 0.99971420 0.99895948
1517998787 0.0000000 0.99957258 0.99875307
1518001985 0.0000000 0.99977213 0.99909067
1518008800 0.0000000 0.99964774 0.99885201
1518008880 0.0000000 0.99944544 0.99850529
1518013159 0.0000000 0.99974817 0.99907815
1518016890 0.0000000 0.99985367 0.99939424
1518016916 0.0000000 0.99985093 0.99937731
1518051257 0.0000000 0.99957299 0.99868745
1518059164 0.0000000 0.99929833 0.99817586
1518142443 0.0000000 0.99902952 0.99763232
1518201789 0.0000000 0.99973077 0.99907011
1518248929 0.0000000 0.99956131 0.99861860
1518858396 0.0000000 0.99885917 0.99721336
1518981709 0.0000000 0.99900675 0.99743867
1519051621 0.0000000 0.99970096 0.99894911
1519254641 0.0000000 0.99911368 0.99782437
1519583320 0.0000000 0.99952352 0.99850923
1519962147 0.0000000 0.99961144 0.99882603
1520098551 0.0000000 0.99949658 0.99847311
1520329330 0.0000000 0.99886954 0.99696332
1521024527 0.0000000 0.99949217 0.99854016
1521537776 0.0000000 0.99967068 0.99884212
1521728871 0.0000000 0.99910897 0.99774277
1522232997 0.0000000 0.99903905 0.99769968
1522282670 0.0000000 0.99900657 0.99749726
1522598524 0.0000000 0.99828374 0.99616891
1523432369 0.0000000 0.99833131 0.99618036
1523886539 0.0000000 0.99931419 0.99809146
1524201906 0.0000000 0.99891573 0.99749905
1524248877 0.0000000 0.99841768 0.99655277
1524308214 0.0000000 0.99880993 0.99721062
1524503432 0.0000000 0.99968016 0.99892741
1524721460 0.0000000 0.99926955 0.99804908
1524721601 0.0000000 0.99890465 0.99723494
1524808553 0.0000000 0.99926931 0.99794614
1525218424 0.0000000 0.99967098 0.99903005
1526098666 0.0000000 0.99844164 0.99660277
1527728598 0.0000000 0.99957454 0.99864954
1527904870 0.0000000 0.99878699 0.99712712
1528731725 0.0000000 0.99951601 0.99855167
1528750347 0.0000000 0.99974841 0.99898183
1528856173 0.0000000 0.99582744 0.99089897
1529096035 0.0000000 0.99897861 0.99770474
1529334375 0.0000000 0.99867755 0.99709427
1529522338 0.0000000 0.99948537 0.99856377
1530516370 0.0000000 0.99897397 0.99753684
1530516385 0.0000000 0.99897546 0.99753767
1530609654 0.0000000 0.99968576 0.99897486
1531312909 0.0000000 0.99941403 0.99831480
1531507119 0.0000000 0.99956346 0.99864101
1532050755 0.0000000 0.99935746 0.99828613
1533217098 0.0000000 0.99941891 0.99835789
1533504622 0.0000000 0.99882483 0.99734598
1533801692 0.0000000 0.99804074 0.99546576
1534500582 0.0000000 0.99885535 0.99733913
1534551317 0.0000000 0.99944133 0.99832296
1535572403 0.0000000 0.99899960 0.99757004
1535660064 0.0000000 0.99877125 0.99727607
1536498994 0.0000000 0.99846500 0.99667138
1536641006 0.0000000 0.99923694 0.99804366
1536700815 0.0000000 0.99815756 0.99616349
1538633849 0.0000000 0.99759150 0.99452245
1538766649 0.0000000 0.98191667 0.96063662
1539072778 0.0000000 0.99929422 0.99802786
1539164591 0.0000000 0.99939442 0.99837554
1540269298 0.0000000 0.99994338 0.99954581
1540310644 0.0000000 0.99992460 0.99956840
1541624711 0.0000000 0.99905699 0.99767572
1541712486 0.0000000 0.99928248 0.99813420
1542328459 0.0000000 0.99871099 0.99697417
1542608341 0.0000000 0.99949056 0.99854112
1542638415 0.0000000 0.99913889 0.99794942
1542645094 0.0000000 0.99952120 0.99852645
1543190243 0.0000000 0.99978727 0.99912012
1543191316 0.0000000 0.99738109 0.99402016
1543236658 0.0000000 0.99904871 0.99771816
1543238642 0.0000000 0.99733430 0.99389333
1543314575 0.0000000 0.99913621 0.99769467
1544368541 0.0000000 0.99970311 0.99865735
1544439487 0.0000000 0.99908751 0.99767506
1544621063 0.0000000 0.99954844 0.99860531
1544908865 0.0000000 0.99956143 0.99856579
1545710204 0.0000000 0.99937332 0.99821651
1546538568 0.0000000 0.99976158 0.99893099
1546949806 0.0000000 0.99920285 0.99787563
1548127166 0.0000000 0.99963075 0.99879456
1548825695 0.0000000 0.99954957 0.99863869
1548861293 0.0000000 0.99965107 0.99885541
1549366351 0.0000000 0.99878687 0.99718732
1549558324 0.0000000 0.99962527 0.99869460
1550239687 0.0000000 0.99861169 0.99690574
1551558867 0.0000000 0.98864847 0.97573054
1552012334 0.0000000 0.99959266 0.99860704
1552127531 0.0000000 0.99759293 0.99474847
1552421955 0.0000000 0.99883044 0.99713606
1552451554 0.0000000 0.99867940 0.99696922
1552511242 0.0000000 0.99940741 0.99816298
1552697151 0.0000000 0.99899089 0.99750805
1552968094 0.0000000 0.99862373 0.99668634
1553256348 0.0000000 0.99829388 0.99636668
1553414210 0.0000000 0.99807888 0.99592841
1554087275 0.0000000 0.99766862 0.99506134
1554172029 0.0000000 0.99765205 0.99450272
1554256375 0.0000000 0.99986720 0.99932623
1554343015 0.0000000 0.99983615 0.99928385
1554382610 0.0000000 0.99884462 0.99726456
1554499495 0.0000000 0.99921602 0.99794632
1554706689 0.0000000 0.99955642 0.99863082
1554822801 0.0000000 0.99957544 0.99861485
1554841453 0.0000000 0.99922425 0.99796224
1554850672 0.0000000 0.99958724 0.99873430
1555563667 0.0000000 0.96379495 0.89094102
1556793883 0.0000000 0.99935395 0.99826252
1556970683 0.0000000 0.99627572 0.99169606
1557330527 0.0000000 0.99883747 0.99740088
1557737721 0.0000000 0.99878412 0.99710506
1558197514 0.0000000 0.99957490 0.99875832
1558379328 0.0000000 0.99699509 0.99373335
1558489044 0.0000000 0.99923277 0.99797523
1558591969 0.0000000 0.99942178 0.99836379
1559317998 0.0000000 0.99949956 0.99840063
1559641578 0.0000000 0.99954188 0.99859190
1560870606 0.0000000 0.97040939 0.93505478
1561237205 0.0000000 0.99883020 0.99726880
1561242160 0.0000000 0.99917156 0.99781460
1561825206 0.0000000 0.99817562 0.99608284
1561837452 0.0000000 0.99938142 0.99825442
1562610935 0.0000000 0.99950457 0.99862307
1562880116 0.0000000 0.99971944 0.99894500
1563275550 0.0000000 0.99812788 0.99604547
1563531230 0.0000000 0.99948496 0.99847770
1563768365 0.0000000 0.99664241 0.99272525
1563850922 0.0000000 0.99915844 0.99792224
1564123196 0.0000000 0.99936283 0.99822348
1564190683 0.0000000 0.99982488 0.99917966
1564649429 0.0000000 0.99857402 0.99670064
1564753988 0.0000000 0.99957997 0.99865198
1564784683 0.0000000 0.99974680 0.99901789
1565054388 0.0000000 0.99977517 0.99904943
1565055090 0.0000000 0.99958265 0.99870682
1565213283 0.0000000 0.99207604 0.97649521
1565218942 0.0000000 0.99897975 0.99770308
1565905300 0.0000000 0.99893379 0.99749124
1566053525 0.0000000 0.99959493 0.99879670
1566053530 0.0000000 0.99959481 0.99879694
1566074882 0.0000000 0.99919850 0.99795371
1566101114 0.0000000 0.99976671 0.99906093
1566598377 0.0000000 0.92245972 0.81497633
1566648618 0.0000000 0.99848938 0.99675333
1567237819 0.0000000 0.99921060 0.99800438
1567471650 0.0000000 0.99957865 0.99862802
1567604000 0.0000000 0.99933732 0.99823886
1567917359 0.0000000 0.99901038 0.99765092
1568005668 0.0000000 0.99949902 0.99848503
1568095682 0.0000000 0.99975455 0.99904233
1569863578 0.0000000 0.99924606 0.99794817
1570468626 0.0000000 0.99952501 0.99864858
1571312673 0.0000000 0.99976951 0.99905992
1571861758 0.0000000 0.99727166 0.99421746
1572218883 0.0000000 0.99876702 0.99691999
1573491297 0.0000000 0.99717832 0.99355435
1573495893 0.0000000 0.99797595 0.99566215
1574645562 0.0000000 0.99960297 0.99874777
1575564604 0.0000000 0.99031228 0.97947860
1575660753 0.0000000 0.99862450 0.99692965
1576495557 0.0000000 0.99912250 0.99787331
1577769501 0.0000000 0.97973144 0.95604736
1577819410 0.0000000 0.99962217 0.99878609
1578293635 0.0000000 0.99967557 0.99886507
1578510402 0.0000000 0.99815410 0.99596429
1579404154 0.0000000 0.99946123 0.99842328
1579703564 0.0000000 0.99927771 0.99804938
1580749376 0.0000000 0.99887079 0.99722028
1581076659 0.0000000 0.99854767 0.99667698
1581616159 0.0000000 0.99958479 0.99883741
1581629921 0.0000000 0.99908262 0.99771792
1581764406 0.0000000 0.99983615 0.99912709
1581764700 0.0000000 0.99968958 0.99869752
1581794413 0.0000000 0.99937326 0.99804592
1582090065 0.0000000 0.99956071 0.99845606
1582113307 0.0000000 0.99884599 0.99701560
1582546233 0.0000000 0.99909985 0.99771017
1582592414 0.0000000 0.99880278 0.99729037
1582629242 0.0000000 0.99957240 0.99868393
1582695255 0.0000000 0.99885672 0.99724185
1584677477 0.0000000 0.99906015 0.99763644
1585787701 0.0000000 0.93357420 0.84451830
1586304460 0.0000000 0.99863249 0.99679488
1586389759 0.0000000 0.99950606 0.99833620
1586537097 0.0000000 0.99974763 0.99894720
1586691401 0.0000000 0.99920028 0.99806315
1587481331 0.0000000 0.99790180 0.99553901
1588476280 0.0000000 0.99933636 0.99820179
1589003116 0.0000000 0.99799830 0.99564880
1589548020 0.0000000 0.99162114 0.98247558
1589756010 0.0000000 0.99779689 0.99541306
1589910785 0.0000000 0.99536830 0.98977762
1590311534 0.0000000 0.99348480 0.98597223
1590359490 0.0000000 0.99915129 0.99787450
1590694463 0.0000000 0.99925512 0.99800777
1590843750 0.0000000 0.99876261 0.99720943
1591494563 0.0000000 0.99906147 0.99769616
1591839506 0.0000000 0.99808550 0.99592149
1591921295 0.0000000 0.99910343 0.99768567
1592079539 0.0000000 0.99928665 0.99808127
1592349420 0.0000000 0.99909115 0.99776965
1593214064 0.0000000 0.99969977 0.99899966
1593241888 0.0000000 0.99933618 0.99827266
1593407313 0.0000000 0.99804455 0.99591309
1593435168 0.0000000 0.99885166 0.99730128
1593519432 0.0000000 0.99819624 0.99601990
1594227272 0.0000000 0.99891347 0.99732625
1594265063 0.0000000 0.99859357 0.99689943
1594267923 0.0000000 0.99866492 0.99694532
1594526768 0.0000000 0.99885738 0.99724382
1594546164 0.0000000 0.99389923 0.98682249
1595767949 0.0000000 0.99970877 0.99904048
1597107665 0.0000000 0.99890429 0.99750072
1597123796 0.0000000 0.99733269 0.99400944
1597187246 0.0000000 0.99938804 0.99834943
1597774608 0.0000000 0.99593854 0.99065900
1597797181 0.0000000 0.99913597 0.99776989
1597806811 0.0000000 0.99922991 0.99797285
1598480108 0.0000000 0.99878728 0.99710894
1598847265 0.0000000 0.99674851 0.99298924
1599036279 0.0000000 0.99848127 0.99663889
1600306672 0.0000000 0.99928653 0.99809736
1600646088 0.0000000 0.99888927 0.99727798
1600833602 0.0000000 0.99903589 0.99766052
1601017581 0.0000000 0.99874926 0.99713343
1601326254 0.0000000 0.99982435 0.99912393
1601342057 0.0000000 0.99952114 0.99859577
1601440640 0.0000000 0.99944729 0.99848080
1601863505 0.0000000 0.99927753 0.99806792
1602517184 0.0000000 0.99861187 0.99688649
1602946993 0.0000000 0.99975294 0.99907827
1602947159 0.0000000 0.99943411 0.99844164
1603087586 0.0000000 0.99757975 0.99470842
1603396062 0.0000000 0.98253065 0.96159589
1603674483 0.0000000 0.99895674 0.99743897
1604358861 0.0000000 0.99937034 0.99833429
1604426346 0.0000000 0.99823880 0.99588966
1604601372 0.0000000 0.99914211 0.99776274
1604626818 0.0000000 0.99961990 0.99866128
1605130406 0.0000000 0.99972981 0.99898845
1605130534 0.0000000 0.99946743 0.99839813
1605266102 0.0000000 0.99890554 0.99727762
1605511152 0.0000000 0.99965054 0.99868935
1605551866 0.0000000 0.99861193 0.99660259
1605557664 0.0000000 0.99891084 0.99727196
1605621503 0.0000000 0.99948454 0.99833316
1605662576 0.0000000 0.99828738 0.99627352
1606582085 0.0000000 0.95069206 0.89290679
1606657334 0.0000000 0.99961567 0.99879789
1607578178 0.0000000 0.99948740 0.99844694
1607606398 0.0000000 0.99031216 0.97674596
1607606851 0.0000000 0.99903888 0.99778271
1607624108 0.0000000 0.99949378 0.99856752
1608317519 0.0000000 0.99368858 0.98607492
1608385359 0.0000000 0.96435809 0.92028999
1609436522 0.0000000 0.99889588 0.99760437
1609594007 0.0000000 0.99955505 0.99869645
1610162996 0.0000000 0.90063238 0.74855876
1610192153 0.0000000 0.99952358 0.99835634
1610249009 0.0000000 0.99950463 0.99854475
1610838659 0.0000000 0.99963683 0.99875396
1611559538 0.0000000 0.99918836 0.99790156
1611565557 0.0000000 0.99852633 0.99673259
1611574763 0.0000000 0.99802577 0.99573624
1611584686 0.0000000 0.98982841 0.97816676
1611818971 0.0000000 0.99967921 0.99870718
