991995645 -300.05002 NaN 0.0000000
1030628193 -300.05002 NaN 0.0000000
1030651553 -300.05002 NaN 0.0000000
1030859781 0.0000000 0.99977440 0.99889839
1030864055 0.0000000 0.99973977 0.99885350
1031310121 0.0000000 0.99981230 0.99909061
1031439572 0.0000000 0.99982601 0.99915850
1031647094 0.0000000 0.99953312 0.99849904
1032052013 0.0000000 0.99977130 0.99892926
1032134610 0.0000000 0.99987078 0.99895227
1032294371 0.0000000 0.99229085 0.98312092
1032315669 0.0000000 0.97793907 0.95189756
1032907402 0.0000000 0.99913377 0.99754661
1033103267 0.0000000 0.99953413 0.99856669
1033374913 0.0000000 0.99976933 0.99897963
1033690544 0.0000000 0.97645056 0.94719940
1033947513 0.0000000 0.99909329 0.99757576
1034070514 0.0000000 0.98797035 0.97404581
1034480608 0.0000000 0.99205345 0.98280537
1034923400 0.0000000 0.99825698 0.99581301
1034928298 0.0000000 0.99827456 0.99587572
1035149152 0.0000000 0.99791873 0.99504340
1035153178 0.0000000 0.99756956 0.99450606
1035197382 0.0000000 0.99638575 0.99196571
1035991040 0.0000000 0.97354019 0.94208163
1036098952 0.0000000 0.98765010 0.97318530
1036697273 0.0000000 0.98601556 0.96964157
1036697648 0.0000000 0.99228889 0.98301095
1036886824 0.0000000 0.99966192 0.99877268
1038324582 0.0000000 0.99617678 0.99119705
1039232712 0.0000000 0.98013872 0.95288146
1039743025 0.0000000 0.99492788 0.98859733
1040450954 0.0000000 0.99124861 0.98019254
1040520314 0.0000000 0.98858309 0.97509712
1040644457 0.0000000 0.99579728 0.99058205
1040799690 0.0000000 0.99978232 0.99896175
1041632855 0.0000000 0.99729735 0.99371129
1042809813 0.0000000 0.99955386 0.99848926
1043607562 0.0000000 0.99387413 0.98652929
1044768063 0.0000000 0.99897963 0.99725527
1044817061 0.0000000 0.98715448 0.97073942
1045633623 0.0000000 0.99190336 0.98228997
1046065971 0.0000000 0.99176705 0.98144490
1046575544 0.0000000 0.99948627 0.99799490
1048808323 0.0000000 0.98904020 0.97567761
1049310522 0.0000000 0.99710125 0.99280459
1049353173 0.0000000 0.99891311 0.99698353
1051845960 0.0000000 0.99695975 0.99299800
1051900153 0.0000000 0.95202702 0.88969463
1052394722 0.0000000 0.86510062 0.63045388
1052961462 0.0000000 0.99988228 0.99910152
1053904321 0.0000000 0.98111641 0.95817691
1054395492 0.0000000 0.99380356 0.98591840
1054853585 0.0000000 0.98576200 0.96919143
1055123570 0.0000000 0.99988669 0.99918085
1055135284 0.0000000 0.99982333 0.99912834
1055234432 0.0000000 0.99988979 0.99916029
1055390332 0.0000000 0.99914092 0.99764848
1055425274 0.0000000 0.99913412 0.99770141
1055472531 0.0000000 0.94157571 0.86272848
1055510426 0.0000000 0.99814135 0.99550599
1055788418 0.0000000 0.99984926 0.99906307
1055803080 0.0000000 0.99880451 0.99688393
1056357316 0.0000000 0.99194747 0.98238659
1057028486 0.0000000 0.95417345 0.89644814
1057319282 0.0000000 0.87860459 0.68949950
1058108790 0.0000000 0.99918050 0.99774557
1058496080 0.0000000 0.99972558 0.99894446
1059102630 0.0000000 0.99770302 0.99466550
1059590191 0.0000000 0.99904609 0.99753052
1059850488 0.0000000 0.99357802 0.98594838
1059910523 0.0000000 0.99968517 0.99876595
1059994404 0.0000000 0.99589133 0.99068475
1060172588 0.0000000 0.99935967 0.99810618
1060619413 0.0000000 0.99984962 0.99933785
1061586322 0.0000000 0.98901916 0.97620356
1062262342 0.0000000 0.99773830 0.99478811
1063234506 0.0000000 0.99964565 0.99876368
1063264037 0.0000000 0.99082732 0.98012477
1064365712 0.0000000 0.99712795 0.99282092
1064533379 0.0000000 0.99811196 0.99509847
1065785029 0.0000000 0.99112445 0.97969037
1065790269 0.0000000 0.99966002 0.99821264
1065847269 0.0000000 0.98072743 0.95733851
1067505195 0.0000000 0.99796492 0.99485147
1068127124 0.0000000 0.99957591 0.99822950
1068356150 0.0000000 0.99973649 0.99867862
1068595355 0.0000000 0.99982244 0.99894226
1068804765 0.0000000 0.99256903 0.98357445
1068825242 0.0000000 0.99907500 0.99730009
1069412363 0.0000000 0.99230605 0.98285800
1070682432 0.0000000 0.93328154 0.84689862
1070692497 0.0000000 0.99942815 0.99823546
1070921046 0.0000000 0.99660790 0.99293846
1071031093 0.0000000 0.99992305 0.99966687
1071031176 0.0000000 0.99991983 0.99966693
1071031375 0.0000000 0.99968010 0.99923903
1071031628 0.0000000 0.99731731 0.99435788
1071031695 0.0000000 0.99806738 0.99584770
1071031744 0.0000000 0.99824750 0.99621165
1071031844 0.0000000 0.99804658 0.99579805
1071031926 0.0000000 0.99770576 0.99509931
1071033611 0.0000000 0.99917567 0.99811631
1071033625 0.0000000 0.99917346 0.99810833
1071035006 0.0000000 0.98529416 0.96888071
1071038489 0.0000000 0.99158651 0.98223007
1071042579 0.0000000 0.97916329 0.95521605
1071043831 0.0000000 0.98679972 0.97172755
1071046005 0.0000000 0.99782026 0.99522376
1071046239 0.0000000 0.96959978 0.93404675
1071074159 0.0000000 0.97127974 0.93788946
1071095531 0.0000000 0.98325461 0.96435809
1071100910 0.0000000 0.99928182 0.99808973
1071109335 0.0000000 0.98836941 0.97517508
1071169499 0.0000000 0.99132240 0.98193836
1071182968 0.0000000 0.99845624 0.99665409
1071183209 0.0000000 0.99835062 0.99636215
1071183435 0.0000000 0.99376911 0.98697340
1071443800 0.0000000 0.99592453 0.99178964
1071583019 0.0000000 0.99786568 0.99567670
1071584001 0.0000000 0.99450016 0.98891723
1071678445 0.0000000 0.99967831 0.99935913
1071725608 0.0000000 0.99710327 0.99421626
1072705310 0.0000000 0.99989545 0.99965882
1072926918 0.0000000 0.99990314 0.99969977
1073300844 0.0000000 0.99297303 0.98593873
1073475853 0.0000000 0.99390078 0.98782599
1073756920 0.0000000 0.98999178 0.98003215
1073986141 0.0000000 0.99923861 0.99832910
1073994067 0.0000000 0.99783486 0.99561793
1075317204 0.0000000 0.99940252 0.99797344
1075317446 0.0000000 0.99051142 0.97866446
1075318489 0.0000000 0.99754399 0.99412537
1075466599 0.0000000 0.99892962 0.99707121
1075865039 0.0000000 0.99988782 0.99901700
1076851926 0.0000000 0.99965715 0.99862880
1076884025 0.0000000 0.99834836 0.99592465
1077531525 0.0000000 0.99892634 0.99708247
1077584107 0.0000000 0.99884707 0.99691820
1078321829 0.0000000 0.99528456 0.98969841
1079154231 0.0000000 0.99853498 0.99625272
1080241624 0.0000000 0.99788570 0.99491435
1081488818 0.0000000 0.99698699 0.99283546
1082397083 0.0000000 0.99373090 0.98595166
1082563195 0.0000000 0.99218541 0.98283625
1082729069 0.0000000 0.99601501 0.99074984
1082820030 0.0000000 0.99878484 0.99682885
1083398171 0.0000000 0.99989480 0.99918580
1083961065 0.0000000 0.99876875 0.99675184
1084003366 0.0000000 0.99927866 0.99772137
1084082541 0.0000000 0.99954653 0.99818826
1084133207 0.0000000 0.99986029 0.99905276
1084597670 0.0000000 0.99971992 0.99881405
1084687448 0.0000000 0.99986494 0.99920005
1084950252 0.0000000 0.99993068 0.99910378
1085103239 0.0000000 0.99679250 0.99238431
1085390106 0.0000000 0.98447520 0.96628892
1086195389 0.0000000 0.99952853 0.99848747
1086315872 0.0000000 0.99836969 0.99602914
1086883086 0.0000000 0.99839020 0.99601769
1087613581 0.0000000 0.99907118 0.99737293
1089099122 0.0000000 0.99985373 0.99908817
1089113880 0.0000000 0.99968761 0.99891794
1089371968 0.0000000 0.99261802 0.98369330
1090478200 0.0000000 0.99898684 0.99730700
1091970746 0.0000000 0.99976522 0.99870157
1092861100 0.0000000 0.99459666 0.98744631
1093118276 0.0000000 0.97299570 0.93991971
1093908136 0.0000000 0.99959600 0.99846935
1095475955 0.0000000 0.99674493 0.99194038
1097813330 0.0000000 0.99992162 0.99884987
1098848984 0.0000000 0.98890948 0.97482890
1099928102 0.0000000 0.99313861 0.98340648
1099929295 0.0000000 0.99990922 0.99843323
1099929521 0.0000000 0.99983680 0.99796522
1099931589 0.0000000 0.99157566 0.98027200
1099942690 0.0000000 0.99954897 0.99749213
1100098082 0.0000000 0.99975783 0.99801809
1100139404 0.0000000 0.99987441 0.99812073
1100237223 0.0000000 0.98890084 0.97432679
1100955874 0.0000000 0.97793251 0.94764715
1103674687 0.0000000 0.99538088 0.98843354
1105287429 0.0000000 0.91249549 0.78778988
1105405102 0.0000000 0.99884564 0.99735302
1105536640 0.0000000 0.99785626 0.99523032
1105765351 0.0000000 0.99938512 0.99817312
1106056455 0.0000000 0.94301581 0.88852084
1106207236 0.0000000 0.99982512 0.99134576
1106226863 0.0000000 0.98431355 0.96511310
1106317701 0.0000000 0.99978942 0.99148506
1106377004 0.0000000 0.99686903 0.98654813
1106829094 0.0000000 0.99946004 0.99039960
1107166208 0.0000000 0.99119902 0.97749060
1107223187 0.0000000 0.99968266 0.99126244
1107233798 0.0000000 0.99819964 0.98888534
1107286746 0.0000000 0.95692396 0.91570878
1107388387 0.0000000 0.99765921 0.98784125
1107601144 0.0000000 0.99971080 0.99152309
1107601252 0.0000000 0.99970740 0.99149638
1108162580 0.0000000 0.99537808 0.98435163
1108757898 0.0000000 0.99977911 0.99183989
1108761568 0.0000000 0.98962206 0.97479963
1110049611 0.0000000 0.99985266 0.99163258
1110049680 0.0000000 0.99986213 0.99123943
1110050185 0.0000000 0.99942487 0.99116069
1110050874 0.0000000 0.99896330 0.99035972
1110568232 0.0000000 0.99240613 0.97988814
1111274786 0.0000000 0.99796081 0.98837775
1113182839 0.0000000 0.99112880 0.97746962
1113208093 0.0000000 0.99031222 0.97608835
1113260515 0.0000000 0.99534297 0.98408777
1113331351 0.0000000 0.99145651 0.97723693
1114345058 0.0000000 0.99442512 0.98238796
1114872497 0.0000000 0.99979931 0.99147588
1114872533 0.0000000 0.99979901 0.99147666
1114872543 0.0000000 0.99979979 0.99145931
1114981677 0.0000000 0.99554437 0.98465729
1115167250 0.0000000 0.99838740 0.98933858
1115753263 0.0000000 0.99313700 0.98077536
1115910658 0.0000000 0.97760874 0.95340890
1115942660 0.0000000 0.99734336 0.98794633
1116353193 0.0000000 0.99605095 0.98524344
1117405041 0.0000000 0.99831700 0.98870051
1117642805 0.0000000 0.99983370 0.99173206
1118162704 0.0000000 0.99965870 0.99127948
1118367166 0.0000000 0.99928176 0.99098027
1118396676 0.0000000 0.99857682 0.98992997
1118501300 0.0000000 0.99170572 0.97922671
1118677980 0.0000000 0.99246365 0.97917563
1118868304 0.0000000 0.92955536 0.86282599
1119087065 0.0000000 0.99906945 0.99039018
1119729025 0.0000000 0.98198724 0.96104902
1119876655 0.0000000 0.97705299 0.95207310
1121472051 0.0000000 0.99842721 0.98925185
1121864763 0.0000000 0.99973750 0.99142903
1122385024 0.0000000 0.99978137 0.99126327
1122618639 0.0000000 0.99820536 0.98956841
1122777951 0.0000000 0.99948353 0.99069834
1123439949 0.0000000 0.99820155 0.98867017
1125373372 0.0000000 0.98918825 0.97356963
1125685516 0.0000000 0.99247092 0.97973919
1125969360 0.0000000 0.99986213 0.99215883
1127055473 0.0000000 0.98792899 0.97196221
1127456637 0.0000000 0.99697036 0.98713720
1127471662 0.0000000 0.99238002 0.97859192
1127494190 0.0000000 0.99881899 0.99009103
1127760620 0.0000000 0.99953979 0.99126482
1128153007 0.0000000 0.99403352 0.98157102
1128174696 0.0000000 0.99881542 0.99014872
1128475640 0.0000000 0.99672395 0.98509610
1128528995 0.0000000 0.99927878 0.98917466
1128891916 0.0000000 0.95173061 0.90573984
1128923244 0.0000000 0.99518859 0.98222601
1129069430 0.0000000 0.94763088 0.89799637
1129155495 0.0000000 0.96496570 0.92853272
1129246313 0.0000000 0.98553938 0.96166015
1129324370 0.0000000 0.97601914 0.94692791
1129391464 0.0000000 0.99970394 0.98506778
1129907016 0.0000000 0.42320791 -2.5042498
1130249327 0.0000000 0.93445152 0.87308776
1131428965 0.0000000 0.99764395 0.97484660
1131431840 0.0000000 0.95874661 0.91608357
1132062095 0.0000000 0.99153042 0.96611273
1132132485 0.0000000 0.99641466 0.97347546
1132148341 0.0000000 0.99199402 0.96776009
1132166999 0.0000000 0.95472538 0.90896219
1132661855 0.0000000 0.98680842 0.95781595
1132975230 0.0000000 0.99362141 0.96864414
1133111580 0.0000000 0.92744923 0.85990375
1133304109 0.0000000 0.99941164 0.97646964
1133601723 0.0000000 0.97216040 0.93478173
1133908462 0.0000000 0.95566404 0.90829402
1134710133 0.0000000 0.97381812 0.93811351
1135808248 0.0000000 0.98752701 0.95456165
1136739698 0.0000000 0.99716181 0.96586633
1137913657 0.0000000 0.99577641 0.96336174
1137989937 0.0000000 0.99315548 0.96043032
1137990003 0.0000000 0.99243164 0.95943725
1138288259 0.0000000 0.97904056 0.93996924
1139284609 0.0000000 0.77740413 0.52746058
1139326915 0.0000000 0.97404820 0.93051094
1140725945 0.0000000 0.98823005 0.94728059
1140746150 0.0000000 0.99573219 0.96063191
1141877248 0.0000000 0.99948841 0.96350729
1142029462 0.0000000 0.94453192 0.88517004
1142229311 0.0000000 0.99819839 0.95793343
1142709582 0.0000000 0.91909045 0.84222591
1143536168 0.0000000 0.98771113 0.94824302
1143616861 0.0000000 0.99505901 0.95522940
1143885739 0.0000000 0.99967688 0.96599185
1143885924 0.0000000 0.99922967 0.96555799
1143888020 0.0000000 0.98998797 0.95064723
1144129163 0.0000000 0.99318719 0.95337063
1144133312 0.0000000 0.96529436 0.91409940
1144179006 0.0000000 0.99831796 0.96038473
1144806135 0.0000000 0.92668962 0.85593081
1145140855 0.0000000 0.99962908 0.96468526
1145323561 0.0000000 0.99581379 0.95557058
1146215126 0.0000000 0.99936414 0.96274722
1146944291 0.0000000 0.52187687 -1.0658345
1146966782 0.0000000 0.99013418 0.95166636
1147258751 0.0000000 0.99160099 0.95065868
1149411961 0.0000000 0.98296493 0.94109392
1149467938 0.0000000 0.88495028 0.78137857
1149638545 0.0000000 0.97498327 0.93082696
1149771133 0.0000000 0.89980268 0.80952173
1150128882 0.0000000 0.96534282 0.91565317
1151387381 0.0000000 0.91745675 0.84085470
1154072410 0.0000000 0.99966794 0.96799046
1154182305 0.0000000 0.98346609 0.94168609
1155212722 0.0000000 0.99031490 0.95130491
1155340266 0.0000000 0.99849385 0.96495998
1155354114 0.0000000 0.98426956 0.94465572
1155443514 0.0000000 0.76676518 0.50492179
1156044082 0.0000000 0.94391197 0.88361925
1156698676 0.0000000 0.99760634 0.96246678
1158266854 0.0000000 0.96349049 0.91515380
1159598968 0.0000000 0.99130929 0.95601451
1159684577 0.0000000 0.99684471 0.96339267
1160388105 0.0000000 0.99938363 0.96663487
1160392104 0.0000000 0.99854654 0.96589184
1160549032 0.0000000 0.98973221 0.95465004
1160664389 0.0000000 0.99969167 0.97138953
1163299258 0.0000000 0.99600446 0.96540242
1163456967 0.0000000 0.98811245 0.95408452
1163641819 0.0000000 0.99377984 0.96272451
1164570370 0.0000000 0.97943753 0.94115359
1165358160 0.0000000 0.98975146 0.95483923
1165368969 0.0000000 0.96783864 0.92350489
1166094636 0.0000000 0.99455661 0.96380532
1166561075 0.0000000 0.99256921 0.96107972
1166894907 0.0000000 0.99929893 0.96930832
1167121204 0.0000000 0.96381676 0.91708028
1167135981 0.0000000 0.99972725 0.96967697
1167136317 0.0000000 0.99973524 0.96893674
1167136455 0.0000000 0.99973178 0.96926850
1167136825 0.0000000 0.99864119 0.97073519
1167144800 0.0000000 0.95109290 0.89817578
1167147704 0.0000000 0.99803591 0.96609885
1167154513 0.0000000 0.98337752 0.94770205
1167186639 0.0000000 0.99926293 0.96891934
1167298740 0.0000000 0.97996706 0.93884736
1167318376 0.0000000 0.61156917 -0.16449749
1167324678 0.0000000 0.94142246 0.88127208
1167592780 0.0000000 0.91294378 0.83324271
1167604646 0.0000000 0.90156561 0.81262410
1168792515 0.0000000 0.85476810 0.71303266
1168917035 0.0000000 0.99825668 0.96725941
1169006425 0.0000000 0.98325229 0.94420451
1169712716 0.0000000 0.99769443 0.96556830
1169722755 0.0000000 0.99965405 0.96909839
1170262059 0.0000000 0.97746789 0.94093794
1170524118 0.0000000 0.41356781 -2.5245919
1171366614 0.0000000 0.96485406 0.92429817
1171423577 0.0000000 0.97455591 0.93708026
1171423831 0.0000000 0.99418062 0.96794772
1171832699 0.0000000 0.99131864 0.96300596
1172178017 0.0000000 0.98053050 0.94698030
1173308237 0.0000000 0.99452358 0.96795446
1173368256 0.0000000 0.99848545 0.97159767
1174197233 0.0000000 0.93697131 0.87583297
1175309106 0.0000000 0.66780043 9.71493125E-02
1175583473 0.0000000 0.95711893 0.91074002
1176242685 0.0000000 0.93626130 0.87417126
1177175308 0.0000000 0.94360489 0.88859504
1178992210 0.0000000 0.99805975 0.98831815
1180238725 0.0000000 0.98821521 0.97137630
1180618796 0.0000000 0.96761680 0.93556941
1181939353 0.0000000 0.99722773 0.98689562
1182196765 0.0000000 0.92026055 0.84281754
1182265663 0.0000000 0.95312613 0.90844959
1182396227 0.0000000 0.99762923 0.98799098
1182398897 0.0000000 0.99725235 0.98717409
1184629372 0.0000000 0.99820971 0.98797995
1190442424 0.0000000 0.99898547 0.99665457
1191742755 0.0000000 0.99495423 0.98844200
1194476053 0.0000000 0.99926859 0.99681777
1197715613 0.0000000 0.98093933 0.95719433
1198522115 0.0000000 0.99869817 0.99598384
1207186072 0.0000000 0.98946929 0.97593355
1208187584 0.0000000 0.99853188 0.99531585
1208931881 0.0000000 0.99890596 0.99606603
1208975321 0.0000000 0.99901754 0.99670637
1208982088 0.0000000 0.99142849 0.97998708
1208988255 0.0000000 0.99862260 0.99614888
1208988552 0.0000000 0.99644250 0.99149543
1209105937 0.0000000 0.99959618 0.99705845
1209216223 0.0000000 0.97530150 0.94490153
1209291757 0.0000000 0.99925512 0.99662602
1209339084 0.0000000 0.99733841 0.99307513
1209362380 0.0000000 0.99364567 0.98515826
1209820628 0.0000000 0.99846351 0.99534363
1209877317 0.0000000 0.99428785 0.98622608
1216904067 0.0000000 0.93940628 0.86803198
1217616949 0.0000000 0.99866039 0.99728608
1218233114 0.0000000 0.99466670 0.98932678
1218994676 0.0000000 0.99006301 0.98016828
1219291482 0.0000000 0.86020255 0.65823054
1219301591 0.0000000 0.99120313 0.98244089
1219723710 0.0000000 0.95287794 0.89981425
1219772880 0.0000000 0.99613297 0.99225068
1219869253 0.0000000 0.99099678 0.98198426
1220179542 0.0000000 0.98079485 0.96117204
1220742036 0.0000000 0.98982525 0.97962505
1220946193 0.0000000 0.99896455 0.99788606
1221047734 0.0000000 0.99926829 0.99853295
1222614737 0.0000000 0.98888773 0.97772932
1225404477 0.0000000 0.97781771 0.95476711
1225442295 0.0000000 0.99622101 0.99244517
1228187814 0.0000000 0.99921727 0.99842709
1228684717 0.0000000 0.99907053 0.99811184
1229260451 0.0000000 0.97979379 0.95890599
1229658996 0.0000000 0.89501518 0.75528157
1229990683 0.0000000 0.99850005 0.99691117
1230216280 0.0000000 0.98530895 0.97029960
1230600687 0.0000000 0.99757588 0.99514157
1230860391 0.0000000 0.99437320 0.98876452
1231020274 0.0000000 0.99877536 0.99754268
1231041233 0.0000000 0.98581904 0.97142333
1232714291 0.0000000 0.98315585 0.96562684
1232804891 0.0000000 0.99511659 0.99019188
1233928332 0.0000000 0.99531525 0.99063420
1234166319 0.0000000 0.99868470 0.99730587
1234201315 0.0000000 0.94800019 0.88687223
1234214675 0.0000000 0.99564904 0.99130780
1236731039 0.0000000 0.98046112 0.96038890
1236854628 0.0000000 0.97379094 0.94654065
1237014105 0.0000000 0.99835563 0.99669629
1237159221 0.0000000 0.99502367 0.99001783
1237164701 0.0000000 0.99610817 0.99217862
1237551366 0.0000000 0.98792011 0.97549033
1237619839 0.0000000 0.96484858 0.92741942
1239235949 0.0000000 0.99272168 0.98538399
1239971868 0.0000000 0.99902546 0.99804389
1240678955 0.0000000 0.40535194 -4.4563403
1242397863 0.0000000 0.99859852 0.99637514
1242709695 0.0000000 0.99187905 0.98259008
1243376855 0.0000000 0.99707443 0.99374563
1244248765 0.0000000 0.96190947 0.91662055
1245087845 0.0000000 0.92707705 0.83016640
1245407408 0.0000000 0.99101931 0.98097003
1245469469 0.0000000 0.99349582 0.98613298
1245877793 0.0000000 0.99394339 0.98708904
1245881452 0.0000000 0.98950595 0.97788751
1246167876 0.0000000 0.99460953 0.98834759
1246181696 0.0000000 0.99972844 0.99862647
1246182765 0.0000000 0.99884850 0.99714869
1246208530 0.0000000 0.99700207 0.99335659
1246208539 0.0000000 0.99703318 0.99342221
1247508302 0.0000000 0.60751671 0.15266079
1247516932 0.0000000 0.52001888 9.47371125E-02
1247654255 0.0000000 0.67418987 0.42772853
1247741293 0.0000000 0.65685922 0.37213564
1247769767 0.0000000 0.64632499 0.35240185
1248159491 0.0000000 0.59611249 0.26132101
1248570012 0.0000000 0.63395208 0.35092813
1248588659 0.0000000 0.71147275 0.47678572
1248872986 0.0000000 0.68014979 0.40088379
1248886386 0.0000000 0.71737307 0.48045641
1249212887 0.0000000 0.69392496 0.44602460
1250467545 0.0000000 0.99974167 0.99928904
1250503855 0.0000000 0.99964744 0.99904513
1250504106 0.0000000 0.99911839 0.99796230
1250601456 0.0000000 0.99816853 0.99584115
1250639275 0.0000000 0.98991370 0.97900265
1250703707 0.0000000 0.95374703 0.90054971
1250777890 0.0000000 0.99561578 0.99074554
1250888264 0.0000000 0.99839669 0.99642617
1250911490 0.0000000 0.88887042 0.72531027
1252249816 0.0000000 0.94278890 0.87494582
1252757125 0.0000000 0.99700129 0.99371052
1254591366 0.0000000 0.99967766 0.99898595
1254664936 0.0000000 0.99909729 0.99816525
1255243328 0.0000000 0.99620354 0.99232233
1256244384 0.0000000 0.99914086 0.99802542
1256252705 0.0000000 0.99866098 0.99710870
1256431794 0.0000000 0.97074658 0.93762827
1257413577 0.0000000 0.99962801 0.99872434
1257413887 0.0000000 0.99902606 0.99755639
1257420861 0.0000000 0.99943846 0.99833560
1257678569 0.0000000 0.99335045 0.98619562
1258065617 0.0000000 0.98338377 0.96513671
1258296469 0.0000000 0.99822330 0.99605757
1258824471 0.0000000 0.99909449 0.99807072
1258926370 0.0000000 0.99823713 0.99626100
1260564405 0.0000000 0.99597561 0.99137062
1260692005 0.0000000 0.99432176 0.98747414
1261227736 5.00000007E-02 0.83024621 -1072.1210
1261227864 0.10000000 0.85710657 -2122.9187
1261228557 5.00000007E-02 0.72726858 -1500.1278
1261232031 5.00000007E-02 0.77840477 -717.70392
1261235533 5.00000007E-02 0.77304190 -970.82007
1261275144 5.00000007E-02 0.59546131 -675.91479
1261713375 0.0000000 0.99014395 0.97874534
1261922241 0.0000000 0.99212986 0.98385048
1262034644 0.0000000 0.98357517 0.96539396
1262237921 0.0000000 0.99392068 0.98715103
1262343689 0.0000000 0.95616764 0.90409386
1262367286 0.0000000 0.99772531 0.99456996
1262622742 0.0000000 0.85431772 0.64754611
1262633257 0.0000000 0.99895942 0.99764740
1263881366 0.0000000 0.99890673 0.99740487
1265523000 0.0000000 0.99915183 0.99785674
1265599504 0.0000000 0.98574108 0.97019607
1265691729 0.0000000 0.88522083 0.73077631
1265942558 0.0000000 0.99871039 0.99690759
1266289887 0.0000000 0.99404818 0.98701233
1266816064 0.0000000 0.99885768 0.99670821
1267146477 0.0000000 0.99876720 0.99717826
1267162697 0.0000000 0.99363035 0.98684680
1267661932 0.0000000 0.99822783 0.99582636
1267662287 0.0000000 0.99908477 0.99728560
1267686434 0.0000000 0.99604154 0.99100006
1267690576 0.0000000 0.99866289 0.99678546
1268040382 0.0000000 0.99844193 0.99653089
1268902896 0.0000000 0.99628365 0.99184000
1268931240 0.0000000 0.99510688 0.98930669
1269644874 0.0000000 0.99843621 0.99652201
1270335780 0.0000000 0.94951165 0.88699436
1270813793 0.0000000 0.99436116 0.98797286
1270961850 0.0000000 0.99883038 0.99709159
1270999307 0.0000000 0.86008608 0.60980058
1271168968 0.0000000 0.99635655 0.99185985
1271191748 0.0000000 0.99793887 0.99524730
1271987388 0.0000000 0.99723262 0.99417388
1272194052 0.0000000 0.99170232 0.98246437
1272250791 0.0000000 0.99900925 0.99739623
1272823213 0.0000000 0.99472016 0.98833460
1274901407 0.0000000 0.98753732 0.97361553
1276535865 0.0000000 0.99816990 0.99606568
1276561877 0.0000000 0.99887508 0.99720746
1276823323 0.0000000 0.99870396 0.99690527
1277440084 0.0000000 0.99587941 0.99153465
1277575551 0.0000000 0.99865264 0.99715519
1277670806 0.0000000 0.99932820 0.99816638
1278097892 0.0000000 0.99798203 0.99561203
1278515743 0.0000000 0.92652810 0.82830369
1278618217 0.0000000 0.99895144 0.99728870
1278636079 0.0000000 0.99911529 0.99772644
1279357457 0.0000000 0.99887544 0.99764001
1279458204 0.0000000 0.99896020 0.99756581
1280029930 0.0000000 0.99828374 0.99618661
1280553485 0.0000000 0.98239797 0.96277463
1280563997 0.0000000 0.99104661 0.98162341
1280587745 0.0000000 0.99697638 0.99381936
1281476617 0.0000000 0.98870146 0.97630376
1282408680 0.0000000 0.99872708 0.99728686
1282415961 0.0000000 0.99852055 0.99678046
1282416480 0.0000000 0.99920720 0.99800259
1283157909 0.0000000 0.99929553 0.99805176
1283540817 0.0000000 0.98941910 0.97813869
1284039008 0.0000000 0.99234504 0.98403895
1284244867 0.0000000 0.99875540 0.99749136
1284952628 0.0000000 0.99837959 0.99661326
1285350982 0.0000000 0.98303878 0.96442270
1285695233 0.0000000 0.99867594 0.99676359
1285876560 0.0000000 0.99669582 0.99305815
1286047392 0.0000000 0.99903846 0.99766284
1286198915 0.0000000 0.99917793 0.99799496
1286865806 0.0000000 0.92889416 0.84006989
1287036373 0.0000000 0.96247828 0.91765404
1289221280 0.0000000 0.99865144 0.99722159
1289567329 0.0000000 0.99872249 0.99697179
1289576340 0.0000000 0.99861652 0.99719620
1290342705 0.0000000 0.99907511 0.99790865
1290784424 0.0000000 0.99856418 0.99650109
1290799240 0.0000000 0.98654395 0.97105926
1291601652 0.0000000 0.99812174 0.99588680
1291689974 0.0000000 0.99634153 0.99225491
1291927327 0.0000000 0.95782703 0.90688437
1292000461 0.0000000 0.87037975 0.66538191
1294804388 0.0000000 0.99646014 0.99188554
1296507195 0.0000000 0.99755913 0.99401051
1296548191 0.0000000 0.99902916 0.99734730
1297058102 0.0000000 0.99662495 0.99253440
1297342916 0.0000000 0.94622540 0.88003218
1297754297 0.0000000 0.99685186 0.99277729
1298970247 0.0000000 0.92209077 0.82129502
1299845150 0.0000000 0.95847428 0.90815818
1300123317 0.0000000 0.99039155 0.97947288
1300281136 0.0000000 0.99045229 0.98018819
1300608051 0.0000000 0.99894309 0.99742824
1301123952 0.0000000 0.99642003 0.99257737
1301458951 0.0000000 0.99684525 0.99254423
1301964194 0.0000000 0.96386302 0.92100763
1302916270 0.0000000 0.99897337 0.99719650
1302961193 0.0000000 0.98494399 0.96759069
1303685617 0.0000000 0.95684284 0.89937514
1304080155 0.0000000 0.97322196 0.94280034
1304082768 0.0000000 0.99871343 0.99716735
1304152538 0.0000000 0.99922806 0.99830407
1304437954 0.0000000 0.99877310 0.99719077
1304717510 0.0000000 0.99330324 0.98570567
1304757333 0.0000000 0.99856651 0.99660116
1306028051 0.0000000 0.99874461 0.99612558
1306098435 0.0000000 0.99827927 0.99620241
1306261925 0.0000000 0.99505490 0.98978692
1307034472 0.0000000 0.99754775 0.99452150
1307669122 0.0000000 0.99843657 0.99669456
1308478735 0.0000000 0.99800533 0.99580884
1309048281 0.0000000 0.99557996 0.99026251
1309094354 0.0000000 0.99856663 0.99648130
1309326569 0.0000000 0.90815228 0.76844120
1309474048 0.0000000 0.98618048 0.97182465
1309601047 0.0000000 0.95535278 0.90103906
1309696244 0.0000000 0.99824256 0.99629080
1309953539 0.0000000 0.99807441 0.99530828
1310469430 0.0000000 0.99905312 0.99798608
1310541580 0.0000000 0.99640745 0.99220127
1310928323 0.0000000 0.99499702 0.98927253
1311000534 0.0000000 0.99784464 0.99554145
1311084070 0.0000000 0.99838734 0.99639416
1311142337 0.0000000 0.99818081 0.99582726
1311692424 0.0000000 0.96857983 0.93427432
1313100452 0.0000000 0.99702775 0.99377936
1314264913 0.0000000 0.99530149 0.98971492
1314789752 0.0000000 0.99057573 0.97913587
1315538819 0.0000000 0.99494255 0.98855168
1315635988 0.0000000 0.96456414 0.92279845
1315804512 0.0000000 0.99272072 0.98476928
1316643513 0.0000000 0.99859619 0.99673569
1316653258 0.0000000 0.99672031 0.99278450
1317835272 0.0000000 0.85137504 0.65100545
1318175665 0.0000000 0.98960024 0.97849232
1318478724 0.0000000 0.98490751 0.96738076
1319945023 0.0000000 0.99696821 0.99373496
1320074224 0.0000000 0.99730867 0.99448448
1320721143 0.0000000 0.99835873 0.99596041
1321061921 0.0000000 0.99666315 0.99261487
1322787324 0.0000000 0.99723291 0.99385744
1322993584 0.0000000 0.99838752 0.99671650
1323861170 0.0000000 0.99284571 0.98522222
1323909341 0.0000000 0.99632788 0.99212998
1324582798 0.0000000 0.99797654 0.99484706
1325660397 0.0000000 0.99699950 0.99323827
1326181267 0.0000000 0.97530216 0.94620085
1326728445 0.0000000 0.93100244 0.84462380
1327107001 0.0000000 0.99584931 0.99082917
1327480583 0.0000000 0.98616678 0.97047430
1327824459 0.0000000 0.99069571 0.98032552
1328324062 0.0000000 0.99843150 0.99609876
1328459111 0.0000000 0.98838669 0.97534651
1330223700 0.0000000 0.99804723 0.99553359
1330883534 0.0000000 0.97501206 0.94347328
1332071890 0.0000000 0.98834080 0.97586811
1332086295 0.0000000 0.93736529 0.85998172
1332373478 0.0000000 0.99749362 0.99443710
1333258441 0.0000000 0.98446459 0.96628064
1333828758 0.0000000 0.99458838 0.98755455
1333921411 0.0000000 0.99901581 0.99729097
1334227165 0.0000000 0.99635071 0.99235743
1334800688 0.0000000 0.99878436 0.99712867
1335409258 0.0000000 0.93547612 0.85470617
1335538115 0.0000000 0.99755782 0.99481142
1338362741 0.0000000 0.99394274 0.98683864
1338842309 0.0000000 0.99666345 0.99282008
1338890190 0.0000000 0.99768651 0.99446875
1338944914 0.0000000 0.99892747 0.99724454
1338944979 0.0000000 0.99892169 0.99722546
1338945045 0.0000000 0.99805486 0.99472827
1339216879 0.0000000 0.99646711 0.99205011
1339275618 0.0000000 0.99867636 0.99705541
1339278860 0.0000000 0.99672329 0.99317425
1339309409 0.0000000 0.99561888 0.99084914
1339575740 0.0000000 0.99902481 0.99713725
1339598466 0.0000000 0.99763381 0.99425769
1339646879 0.0000000 0.99160200 0.98162377
1339690513 0.0000000 0.99881911 0.99634618
1339702255 0.0000000 0.99638665 0.99149477
1339923712 0.0000000 0.99871105 0.99613839
1341299876 0.0000000 0.98589623 0.97054595
1341924177 0.0000000 0.99219787 0.98348796
1342405200 0.0000000 0.96438003 0.92602736
1344277570 0.0000000 0.97729397 0.95138860
1344910008 0.0000000 0.99754590 0.99431312
1344941743 0.0000000 0.99888551 0.99758846
1345138860 0.0000000 0.99752027 0.99484670
1345234802 0.0000000 0.99840021 0.99642676
1346380382 0.0000000 0.86292797 0.65555048
1346415099 0.0000000 0.99866956 0.99685609
1346415834 0.0000000 0.99870431 0.99703497
1346788818 0.0000000 0.99753249 0.99454612
1346816730 0.0000000 0.99232948 0.98412752
1348523853 0.0000000 0.99287468 0.98502523
1350722979 0.0000000 0.99710989 0.99401677
1350800865 0.0000000 0.97882581 0.95451784
1351161077 0.0000000 0.99790329 0.99560630
1352122829 0.0000000 0.99775368 0.99493229
1352554787 0.0000000 0.88317728 0.71213114
1353431341 0.0000000 0.99817187 0.99586248
1353536726 0.0000000 0.99684197 0.99313855
1354158772 0.0000000 0.99839824 0.99645251
1354470336 0.0000000 0.99833924 0.99573952
1354477411 0.0000000 0.99755400 0.99431610
1354976814 0.0000000 0.99673742 0.99337286
1355221924 0.0000000 0.99762738 0.99501890
1356243184 0.0000000 0.99889451 0.99749964
1356319072 0.0000000 0.97750276 0.95224124
1356487597 0.0000000 0.99519563 0.98941350
1356883405 0.0000000 0.99938965 0.99862671
1357128106 0.0000000 0.99765003 0.99459976
1357236484 0.0000000 0.99791408 0.99535120
1357270197 0.0000000 0.99759972 0.99463654
1357331931 0.0000000 0.98737437 0.97356987
1357541346 0.0000000 0.99932599 0.99830568
1357994057 0.0000000 0.99302655 0.98475772
1358411441 0.0000000 0.99955571 0.99891257
1358708986 0.0000000 0.99902570 0.99768281
1359776392 0.0000000 0.99954402 0.99876779
1361064727 0.0000000 0.99871421 0.99706250
1361239965 0.0000000 0.99583536 0.99111986
1361256759 0.0000000 0.99398720 0.98705029
1361373628 0.0000000 0.98712575 0.97254217
1361471757 0.0000000 0.99756420 0.99461228
1361665659 0.0000000 0.96356338 0.92100084
1362386544 0.0000000 0.99131614 0.98105031
1362609444 0.0000000 0.99801558 0.99584824
1362627405 0.0000000 0.99966830 0.99903381
1362643640 0.0000000 0.99678504 0.99320084
1363079024 0.0000000 0.99856108 0.99695903
1363764120 0.0000000 0.99569428 0.99073392
1364349799 0.0000000 0.99968767 0.99908084
1364349845 0.0000000 0.99968833 0.99908143
1364355002 0.0000000 0.99731636 0.99429309
1364690983 0.0000000 0.99128824 0.98165548
1365625224 0.0000000 0.99887162 0.99704099
1366061297 0.0000000 0.84132999 0.56536621
1366432589 0.0000000 0.98258179 0.96336013
1366513671 0.0000000 0.99528140 0.99025840
1369110346 0.0000000 0.99821508 0.99622607
1369124755 0.0000000 0.99926877 0.99823809
1369791239 0.0000000 0.99514097 0.98953474
1369883683 0.0000000 0.99732530 0.99450153
1370118743 0.0000000 0.98727912 0.97306830
1370151783 0.0000000 0.99963075 0.99912733
1370623082 0.0000000 0.99970621 0.99926960
1372241957 0.0000000 0.99842185 0.99636215
1372463510 0.0000000 0.99965054 0.99919313
1373829868 0.0000000 0.99239302 0.98418683
1373895699 0.0000000 0.99895620 0.99769795
1373969495 0.0000000 0.99951041 0.99877149
1374677225 0.0000000 0.99840409 0.99644387
1374679935 0.0000000 0.99931967 0.99843943
1376837821 0.0000000 0.99510485 0.98962331
1377205321 0.0000000 0.99982703 0.99950624
1377355603 0.0000000 0.99300295 0.98532975
1377407246 0.0000000 0.85884553 0.59394157
1378247005 0.0000000 0.99986762 0.99950570
1378467231 0.0000000 0.99959737 0.99868399
1379475197 36.850002 6.77514821E-02 -1.4556994
1380542719 0.0000000 0.99789381 0.99555874
1381466759 0.0000000 0.98143733 0.96120930
1381684855 0.0000000 0.99131912 0.98205590
1382170436 0.0000000 0.97859633 0.95527428
1382919848 0.0000000 0.99941033 0.99875689
1383069011 0.0000000 0.99980056 0.99940646
1383085061 0.0000000 0.96497196 0.92244303
1383220929 0.0000000 0.99967629 0.99929154
1383227120 0.0000000 0.99349600 0.98639715
1383227831 0.0000000 0.99330693 0.98582214
1383234448 0.0000000 0.99892920 0.99775559
1383263545 0.0000000 0.99586070 0.99130738
1383450194 0.0000000 0.99319553 0.98594195
1383519374 0.0000000 0.99767703 0.99522161
1383809110 0.0000000 0.99753594 0.99476528
1383809501 0.0000000 0.99450558 0.98838121
1383989687 0.0000000 0.98128015 0.96052355
1384145710 0.0000000 0.99574304 0.99096358
1384544358 0.0000000 0.99814582 0.99582148
1385019362 0.0000000 0.98775184 0.97452742
1386347977 0.0000000 0.92517263 0.82713258
1386357780 0.0000000 0.99601257 0.99157822
1387916955 0.0000000 0.99254507 0.98436469
1389034180 0.0000000 0.99864101 0.99634653
1389204911 0.0000000 0.99926502 0.99791926
1389717867 0.0000000 0.99815011 0.99599212
1389724692 0.0000000 0.99819553 0.99554950
1389729005 0.0000000 0.99855763 0.99631667
1389740803 0.0000000 0.99027425 0.97839838
1389904819 0.0000000 0.95604277 0.90118039
1390517490 0.0000000 0.99476629 0.98859680
1390619771 0.0000000 0.99723715 0.99407494
1391790286 0.0000000 0.99053758 0.98012936
1393014317 0.0000000 0.99968475 0.99907809
1393065064 0.0000000 0.99064726 0.97908223
1393759985 0.0000000 0.96906614 0.93250912
1393791078 0.0000000 0.99912626 0.99806106
1394913876 0.0000000 0.99674845 0.99256349
1395061976 0.0000000 0.99942547 0.99838775
1395231566 0.0000000 0.99965900 0.99895710
1397097485 0.0000000 0.99616075 0.99153286
1397746253 0.0000000 0.98775482 0.97396344
1398443585 0.0000000 0.99553180 0.99038947
1399207416 0.0000000 0.99929506 0.99831682
1399278483 0.0000000 0.99149239 0.98247701
1399745740 0.0000000 0.98693681 0.97284490
1399746271 0.0000000 0.99699283 0.99360263
1400631673 0.0000000 0.99961072 0.99912673
1401021673 0.0000000 0.99906266 0.99776685
1401296286 0.0000000 0.94217443 0.86997890
1402085900 0.0000000 0.91484421 0.80487025
1402313583 0.0000000 0.96990937 0.93327028
1402624068 0.0000000 0.89167130 0.72446084
1402784563 0.0000000 0.99661440 0.99288726
1403034553 0.0000000 0.99780905 0.99542588
1403317269 0.0000000 0.99692696 0.99370372
1403439974 0.0000000 0.99808353 0.99606866
1404774365 0.0000000 0.99386835 0.98661822
1404925818 0.0000000 0.98518455 0.96888030
1405577514 0.0000000 0.99818045 0.99615151
1407296767 0.0000000 0.99494755 0.98972553
1407544588 0.0000000 0.85484880 0.62372893
1408047770 0.0000000 0.98575985 0.96964157
1410046387 0.0000000 0.99478340 0.98917150
1410325949 0.0000000 0.99503666 0.98980784
1410382444 0.0000000 0.96732765 0.92953014
1411247643 0.0000000 0.99818546 0.99627173
1411641303 0.0000000 0.99926287 0.99830365
1412009058 0.0000000 0.90766680 0.77853227
1412705290 0.0000000 0.99933511 0.99857080
1413207959 0.0000000 0.90368599 0.76521611
1414298821 0.0000000 0.99810386 0.99609041
1416419181 0.0000000 0.99969685 0.99918306
1416419227 0.0000000 0.99970347 0.99919909
1416540553 0.0000000 0.99856251 0.99686974
1417557685 0.0000000 0.99584126 0.99101490
1417655668 0.0000000 0.98506355 0.96853870
1418245419 0.0000000 0.99966621 0.99905437
1418533563 0.0000000 0.98661447 0.97189462
1419682925 0.0000000 0.97341752 0.94238734
1419947441 0.0000000 0.87025344 0.66023755
1419995164 0.0000000 0.99920434 0.99812359
1420012476 0.0000000 0.99928927 0.99831814
1420437226 0.0000000 0.99909550 0.99805111
1420606112 0.0000000 0.99963129 0.99909365
1420742654 0.0000000 0.89976251 0.76198304
1421435535 0.0000000 0.99920017 0.99812025
1421639313 0.0000000 0.99599981 0.99147034
1422083726 0.0000000 0.99554789 0.99025339
1422374758 0.0000000 0.96210599 0.91482323
1422958210 0.0000000 0.92376947 0.81798804
1423037687 0.0000000 0.99747789 0.99463743
1423603888 0.0000000 0.75690860 0.35396767
1423726535 0.0000000 0.99834639 0.99648649
1423857991 0.0000000 0.99969637 0.99895710
1424969403 0.0000000 0.99828678 0.99620104
1426114954 0.0000000 0.98185849 0.96213073
1426344314 0.0000000 0.99203485 0.98291075
1426852891 0.0000000 0.98588681 0.96959043
1427105631 0.0000000 0.99966657 0.99895102
1427483378 0.0000000 0.96842855 0.93191892
1428208678 0.0000000 0.94429761 0.87671626
1428320250 0.0000000 0.99349958 0.98622078
1428945237 0.0000000 0.99844784 0.99652004
1429127316 0.0000000 0.98329353 0.96335864
1429494176 0.0000000 0.99981421 0.99945933
1429494550 0.0000000 0.99931055 0.99827826
1429528847 0.0000000 0.99954373 0.99886930
1429530313 0.0000000 0.99971026 0.99917912
1429531199 0.0000000 0.99976319 0.99931061
1429992097 0.0000000 0.99963063 0.99904627
1430658547 0.0000000 0.99849397 0.99677372
1431333501 0.0000000 0.99947405 0.99868554
1431387795 0.0000000 0.99645048 0.99254513
1431628549 0.0000000 0.99906951 0.99795622
1432588969 0.0000000 0.99617153 0.99180591
1432601816 0.0000000 0.99680668 0.99315125
1432799863 0.0000000 0.99377930 0.98719114
1434467768 0.0000000 0.99537790 0.99034637
1434867330 0.0000000 0.99478382 0.98891413
1435335400 0.0000000 0.99142712 0.98198581
1438066750 0.0000000 0.99904281 0.99804807
1438936857 0.0000000 0.97079349 0.93851680
1439209234 -14.900001 2.42202617E-02 -0.27436566
1439418087 -66.500000 4.03459966E-02 -0.18170428
1439474882 -9.7500000 3.51351649E-02 -241.47592
1439699200 25.850000 4.40603048E-02 -0.34069085
1441113885 0.0000000 0.99958766 0.99904048
1441128847 0.0000000 0.99742389 0.99458236
1441160293 0.0000000 0.99832726 0.99646425
1441898607 0.0000000 0.99805683 0.99597842
1442339782 0.0000000 0.99812752 0.99600083
1442345855 0.0000000 0.99969536 0.99935144
1442345878 0.0000000 0.99969482 0.99935055
1442408939 0.0000000 0.99971586 0.99940205
1442410226 0.0000000 0.99501705 0.98980331
1442413798 0.0000000 0.99738604 0.99455291
1443074281 0.0000000 0.98816210 0.97565901
1443555465 0.0000000 0.99836594 0.99655157
1444648487 0.0000000 0.99816608 0.99602854
1444736944 0.0000000 0.99895519 0.99768245
1444953165 0.0000000 0.99866754 0.99706179
1444953267 0.0000000 0.99510920 0.98973715
1445014914 0.0000000 0.97141069 0.93988198
1445221055 0.0000000 0.99958682 0.99893218
1445233331 0.0000000 0.99883705 0.99749672
1445239215 0.0000000 0.99876708 0.99730104
1446412182 0.0000000 0.99942851 0.99861920
1446412281 0.0000000 0.99936235 0.99854034
1446509184 0.0000000 0.99932998 0.99848700
1446509190 0.0000000 0.99933022 0.99848747
1446714386 0.0000000 0.99568242 0.99107385
1447167192 0.0000000 0.99103862 0.98165482
1447255999 0.0000000 0.99874550 0.99742436
1447277516 0.0000000 0.97934842 0.95687640
1448316095 0.0000000 0.92689210 0.82779288
1448671943 0.0000000 0.99229455 0.98382741
1449033717 0.0000000 0.99770582 0.99513823
1449035580 0.0000000 0.99598962 0.99131703
1449153073 0.0000000 0.99889487 0.99746883
1449935242 0.0000000 0.99113888 0.98180950
1450510821 0.0000000 0.95146531 0.89051181
1450536811 0.0000000 0.95702320 0.90735137
1450992022 0.0000000 0.99457425 0.98914045
1451199638 0.0000000 0.97249007 0.94284880
1451327726 0.0000000 0.98475230 0.96735775
1451523194 0.0000000 0.98130369 0.96015042
1451829690 0.0000000 0.99777079 0.99545485
1451928000 0.0000000 0.97574186 0.95004803
1452487977 0.0000000 0.99694067 0.99357271
1453169606 0.0000000 0.99843681 0.99655658
1453824336 0.0000000 0.93658447 0.84899879
1454422761 0.0000000 0.99386579 0.98607415
1454702246 0.0000000 0.99690890 0.99343377
1454702308 0.0000000 0.99690932 0.99344027
1454702406 0.0000000 0.99817204 0.99618536
1454702512 0.0000000 0.99846369 0.99682283
1454978820 0.0000000 0.99851018 0.99697304
1455590759 0.0000000 0.99456203 0.98874992
1455595494 0.0000000 0.99718684 0.99413365
1455757779 0.0000000 0.99767232 0.99492663
1455758311 0.0000000 0.99684894 0.99320632
1456215987 0.0000000 0.99336785 0.98593426
1456541993 0.0000000 0.98302037 0.96338612
1457201466 0.0000000 0.99523222 0.99047512
1457276938 0.0000000 0.96581614 0.92441922
1459152479 0.0000000 0.99444067 0.98818892
1459502085 0.0000000 0.90166312 0.76658756
1459988008 0.0000000 0.93358964 0.84397721
1460294506 0.0000000 0.96826792 0.93092060
1460353509 0.0000000 0.99791980 0.99540877
1460804146 0.0000000 0.99677515 0.99307358
1461082597 0.0000000 0.98685306 0.97228891
1461607991 0.0000000 0.98651195 0.97103912
1461770234 0.0000000 0.99843198 0.99669856
1461770257 0.0000000 0.99843222 0.99669957
1461770858 0.0000000 0.99838823 0.99649024
1461781146 0.0000000 0.99814200 0.99598986
1461806086 0.0000000 0.99383581 0.98743129
1462056417 0.0000000 0.99718678 0.99415153
1462199340 0.0000000 0.99799252 0.99589270
1462521203 0.0000000 0.99492007 0.98957473
1462632669 0.0000000 0.99626935 0.99216622
1462675593 0.0000000 0.99789143 0.99576932
1463023035 0.0000000 0.99820799 0.99640965
1463023251 0.0000000 0.99836540 0.99638987
1463023282 0.0000000 0.99805725 0.99586546
1463027395 0.0000000 0.99884707 0.99764234
1463127852 0.0000000 0.99868524 0.99732882
1463195522 0.0000000 0.99787903 0.99575883
1463196768 0.0000000 0.99804783 0.99602789
1463530965 0.0000000 0.99788952 0.99577075
1463863900 0.0000000 0.99723452 0.99425250
1463882779 0.0000000 0.99483788 0.98933488
1464184475 0.0000000 0.91363817 0.79758644
1464544116 0.0000000 0.98532724 0.96947169
1464576767 0.0000000 0.99432349 0.98849022
1464630651 0.0000000 0.99037570 0.97986859
1464672226 0.0000000 0.99828368 0.99565613
1466204142 0.0000000 0.97796482 0.94742310
1466383187 0.0000000 0.99813420 0.99625975
1466409210 0.0000000 0.99325478 0.98594922
1466715930 0.0000000 0.99800670 0.99600267
1467361422 0.0000000 0.99401909 0.98775786
1469019333 0.0000000 0.98491192 0.96919006
1469592155 0.0000000 0.99775738 0.99547923
1471008941 0.0000000 0.97521317 0.94708025
1471908408 0.0000000 0.98393553 0.96640605
1472660934 0.0000000 0.99868363 0.99734634
1473440050 0.0000000 0.98286980 0.96471536
1475055492 0.0000000 0.99776900 0.99549347
1475769120 0.0000000 0.99824673 0.99641097
1477370752 0.0000000 0.99776363 0.99518627
1478519786 0.0000000 0.99716055 0.99396104
1478903131 0.0000000 0.99860322 0.99719673
1480024554 0.0000000 0.99891496 0.99782586
1480377579 0.0000000 0.97623765 0.94840968
1480507474 0.0000000 0.99691159 0.99329287
1481256588 0.0000000 0.99794012 0.99583876
1481811269 0.0000000 0.99759912 0.99494529
1483057851 0.0000000 0.99542296 0.99071771
1483513641 0.0000000 0.99311215 0.98595071
1484155863 0.0000000 0.98985606 0.97878450
1484797338 0.0000000 0.90452832 0.76613402
1484900187 0.0000000 0.98367929 0.96546936
1485329586 0.0000000 0.99698877 0.99391061
1486746772 0.0000000 0.99689519 0.99318093
1487420859 0.0000000 0.97724009 0.95087808
1487652197 0.0000000 0.93062907 0.83944452
1488212310 0.0000000 0.99356389 0.98657733
1488924651 0.0000000 0.99052817 0.97912765
1489967289 0.0000000 0.97886807 0.95520347
1490066029 0.0000000 0.88878798 0.71194506
1490805242 0.0000000 0.97764581 0.95135069
1492112471 0.0000000 0.99165118 0.98271024
1492367656 0.0000000 0.99157393 0.98229903
1493517442 0.0000000 0.99491918 0.98901993
1493960850 0.0000000 0.98525876 0.96817911
1493986611 0.0000000 0.85416442 0.61202055
1494889974 0.0000000 0.99711859 0.99408561
1494932580 0.0000000 0.98794359 0.97459656
1495631454 0.0000000 0.99365568 0.98662966
1495691291 0.0000000 0.99064630 0.98002106
1495956669 0.0000000 0.92355394 0.82156235
1495999757 0.0000000 0.99516845 0.98995012
1496582686 0.0000000 0.99141270 0.98236704
1497967350 0.0000000 0.84917682 0.61682492
1498029939 0.0000000 0.99084735 0.98087084
1500318986 0.0000000 0.97828245 0.95100820
1501139292 0.0000000 0.98281908 0.96311527
1501845585 0.0000000 0.99716318 0.99410832
1502294736 0.0000000 0.98949474 0.97757435
1502416734 0.0000000 0.99338448 0.98635828
1502582915 0.0000000 0.98222232 0.96066105
1504364658 0.0000000 0.97225446 0.94028115
1505096741 0.0000000 0.98423249 0.96620977
1505687994 0.0000000 0.98795575 0.97420263
1505917796 0.0000000 0.99661958 0.99323493
1506232185 0.0000000 0.98674196 0.97319686
1506549399 0.0000000 0.96336102 0.92080599
1507505391 0.0000000 0.98887312 0.97685844
1507747520 0.0000000 0.98148555 0.96076661
1508582157 0.0000000 0.97558463 0.94628030
1509318944 0.0000000 0.99659473 0.99319917
1509677295 0.0000000 0.99536586 0.99064994
1509677339 0.0000000 0.99536753 0.99065298
1509752088 0.0000000 0.99466324 0.98905885
1510398879 0.0000000 0.99011302 0.97901779
1510402973 0.0000000 0.99345791 0.98684025
1510440860 0.0000000 0.98769408 0.97336656
1510947032 0.0000000 0.98075658 0.96004444
1511360409 0.0000000 0.99560177 0.99121439
1511470532 0.0000000 0.99284941 0.98502600
1512230735 0.0000000 0.94044286 0.86281335
1512377977 0.0000000 0.98351222 0.96513307
1512704669 0.0000000 0.98851013 0.97558534
1513120660 0.0000000 0.99200284 0.98361367
1516168751 0.0000000 0.99426174 0.98763806
1516984288 0.0000000 0.99110174 0.98122466
1517686257 0.0000000 0.99418157 0.98785418
1517749972 0.0000000 0.99760318 0.99520922
1517752600 0.0000000 0.99784702 0.99566871
1517752662 0.0000000 0.99790937 0.99576157
1517753127 0.0000000 0.99182886 0.98272485
1517753452 0.0000000 0.99727994 0.99456280
1517753522 0.0000000 0.99734455 0.99469304
1517753592 0.0000000 0.99739814 0.99480033
1517753815 0.0000000 0.99634326 0.99258578
1517758427 0.0000000 0.99390799 0.98723197
1517763262 0.0000000 0.98723334 0.97313732
1517821602 0.0000000 0.99402219 0.98795110
1517823894 0.0000000 0.98968685 0.97925484
1517846321 0.0000000 0.99686319 0.99372035
1517852233 0.0000000 0.99055600 0.97987390
1517893754 0.0000000 0.99675304 0.99326557
1517906208 0.0000000 0.99567801 0.99136978
1517932241 0.0000000 0.99735790 0.99465936
1517932280 0.0000000 0.99736011 0.99466568
1517932282 0.0000000 0.99736053 0.99466568
1517932427 0.0000000 0.99840283 0.99680644
1517932434 0.0000000 0.99851799 0.99700981
1517932492 0.0000000 0.99830735 0.99657470
1517933877 0.0000000 0.99471563 0.98889792
1517940013 0.0000000 0.99782658 0.99565077
1517940459 0.0000000 0.99751151 0.99502593
1517944528 0.0000000 0.99822873 0.99637938
1517945796 0.0000000 0.99584478 0.99152797
1517950582 0.0000000 0.99630123 0.99258727
1517958702 0.0000000 0.99649996 0.99292678
1517960631 0.0000000 0.99637705 0.99273688
1517969882 0.0000000 0.99745452 0.99491358
1517974578 0.0000000 0.99700046 0.99400383
1517998787 0.0000000 0.99212146 0.98392588
1518001985 0.0000000 0.99704671 0.99405730
1518008800 0.0000000 0.99681944 0.99363786
1518008880 0.0000000 0.99679250 0.99358052
1518013159 0.0000000 0.99614960 0.99228865
1518016890 0.0000000 0.99815500 0.99631226
1518016916 0.0000000 0.99815506 0.99631298
1518051257 0.0000000 0.99652225 0.99300402
1518059164 0.0000000 0.99524802 0.99044448
1518142443 0.0000000 0.99229211 0.98342407
1518201789 0.0000000 0.99484736 0.98963010
1518248929 0.0000000 0.99283296 0.98539579
1518858396 0.0000000 0.97284269 0.94093823
1518981709 0.0000000 0.98528403 0.96705705
1519051621 0.0000000 0.98840523 0.97334868
1519254641 0.0000000 0.99223304 0.98370349
1519583320 0.0000000 0.99631506 0.99251866
1519962147 0.0000000 0.99216652 0.98392797
1520098551 0.0000000 0.99584943 0.99148875
1520329330 0.0000000 0.98949575 0.97714478
1521024527 0.0000000 0.99422282 0.98826057
1521537776 0.0000000 0.99598140 0.99170381
1521728871 0.0000000 0.99077863 0.98006159
1522232997 0.0000000 0.98938131 0.97671998
1522282670 0.0000000 0.99447674 0.98896337
1522598524 0.0000000 0.81606805 0.54428834
1523432369 0.0000000 0.89248532 0.76717633
1523886539 0.0000000 0.99276209 0.98471469
1524201906 0.0000000 0.97266567 0.93965769
1524248877 0.0000000 0.93578827 0.84112263
1524308214 0.0000000 0.98509246 0.96836698
1524503432 0.0000000 0.99150831 0.98212665
1524721460 0.0000000 0.98164797 0.96151733
1524721601 0.0000000 0.97533256 0.94829738
1524808553 0.0000000 0.97921294 0.95604271
1525218424 0.0000000 0.99714923 0.99429339
1526098666 0.0000000 0.98803705 0.97410262
1527728598 0.0000000 0.99505013 0.98979497
1527904870 0.0000000 0.98983651 0.97796023
1528731725 0.0000000 0.99136311 0.98207611
1528750347 0.0000000 0.99515593 0.99008292
1528856173 0.0000000 0.92229551 0.81326580
1529096035 0.0000000 0.98973393 0.97814393
1529334375 0.0000000 0.93678045 0.85789591
1529522338 0.0000000 0.99250150 0.98433745
1530516370 0.0000000 0.99346840 0.98628736
1530516385 0.0000000 0.99345016 0.98625326
1530609654 0.0000000 0.99455649 0.98892069
1531312909 0.0000000 0.98991746 0.97932982
1531507119 0.0000000 0.99553776 0.99072409
1532050755 0.0000000 0.98869616 0.97559851
1533217098 0.0000000 0.99069947 0.98072946
1533504622 0.0000000 0.95276314 0.89093822
1533801692 0.0000000 0.97114134 0.93495452
1534500582 0.0000000 0.99108201 0.98116124
1534551317 0.0000000 0.99511611 0.99001640
1535572403 0.0000000 0.99054927 0.98047781
1535660064 0.0000000 0.95395887 0.89494652
1536498994 0.0000000 0.98305601 0.96355528
1536641006 0.0000000 0.99244511 0.98428828
1536700815 0.0000000 0.97997254 0.95437711
1538633849 0.0000000 0.97543454 0.94504684
1538766649 0.0000000 0.95533830 0.90197229
1539072778 0.0000000 0.98125625 0.96063066
1539164591 0.0000000 0.99582875 0.99131453
1540269298 0.0000000 0.99834847 0.99655539
1540310644 0.0000000 0.99822676 0.99643677
1541624711 0.0000000 0.99099487 0.98143631
1541712486 0.0000000 0.97427469 0.94541323
1542328459 0.0000000 0.98000669 0.95620954
1542608341 0.0000000 0.99310464 0.98551482
1542638415 0.0000000 0.98918581 0.97801411
1542645094 0.0000000 0.98743510 0.97231394
1543190243 0.0000000 0.99624431 0.98974454
1543191316 0.0000000 0.98829043 0.97243023
1543236658 0.0000000 0.99145293 0.97952396
1543238642 0.0000000 0.98870969 0.97403002
1543314575 0.0000000 0.99177074 0.98092359
1544368541 0.0000000 0.99556357 0.99081755
1544439487 0.0000000 0.98715723 0.97280401
1544621063 0.0000000 0.99601823 0.99188858
1544908865 0.0000000 0.99382699 0.98698127
1545710204 0.0000000 0.98221916 0.96374637
1546538568 0.0000000 0.99529970 0.99042904
1546949806 0.0000000 0.99276412 0.98468775
1548127166 0.0000000 0.99175048 0.98257875
1548825695 0.0000000 0.99343389 0.98620164
1548861293 0.0000000 0.98908585 0.97655922
1549366351 0.0000000 0.98475319 0.96623075
1549558324 0.0000000 0.99425095 0.98814452
1550239687 0.0000000 0.99267286 0.98425198
1551558867 0.0000000 0.92682689 0.82476598
1552012334 0.0000000 0.99605834 0.99176925
1552127531 0.0000000 0.87034476 0.64886820
1552421955 0.0000000 0.99512696 0.98927599
1552451554 0.0000000 0.99072629 0.97962362
1552511242 0.0000000 0.99329561 0.98592347
1552697151 0.0000000 0.98508704 0.96868944
1552968094 0.0000000 0.98686844 0.96994799
1553256348 0.0000000 0.98182666 0.95821899
1553414210 0.0000000 0.97133589 0.93700248
1554087275 0.0000000 0.98368430 0.96335864
1554172029 0.0000000 0.94283211 0.87316614
1554256375 0.0000000 0.99695402 0.99376738
1554343015 0.0000000 0.99623573 0.99245232
1554382610 0.0000000 0.98543072 0.96866143
1554499495 0.0000000 0.98469537 0.96744668
1554706689 0.0000000 0.98462766 0.96722209
1554822801 0.0000000 0.99649829 0.99299431
1554841453 0.0000000 0.99449664 0.98871863
1554850672 0.0000000 0.99516892 0.99022710
1555563667 0.0000000 0.99787599 0.99571657
1556793883 0.0000000 0.99241918 0.98384106
1556970683 0.0000000 0.94139379 0.86828858
1557330527 0.0000000 0.98421657 0.96669829
1557737721 0.0000000 0.98972607 0.97730583
1558197514 0.0000000 0.98918331 0.97794962
1558379328 0.0000000 0.67441297 -0.25980043
1558489044 0.0000000 0.99249142 0.98466837
1558591969 0.0000000 0.99465370 0.98890913
1559317998 0.0000000 0.97965974 0.95839691
1559641578 0.0000000 0.99585605 0.99138784
1559762840 0.0000000 0.98947078 0.97787440
1560870606 0.0000000 0.89591056 0.75394982
1561237205 0.0000000 0.98307192 0.96310008
1561242160 0.0000000 0.98313695 0.96400416
1562610935 0.0000000 0.99149317 0.98248160
1562880116 0.0000000 0.99704206 0.99408627
1563275550 0.0000000 0.97213209 0.93673706
1563531230 0.0000000 0.98439646 0.96769500
1563768365 0.0000000 0.93580472 0.84982234
1563850922 0.0000000 0.91619837 0.81303555
1564123196 0.0000000 0.98619956 0.97037077
1564190683 0.0000000 0.99629998 0.99255651
1564649429 0.0000000 0.99099064 0.97917175
1564753988 0.0000000 0.99547970 0.99093831
1564784683 0.0000000 0.99676251 0.99349469
1565054388 0.0000000 0.99609905 0.99219155
1565055090 0.0000000 0.98627341 0.97255504
1565213283 0.0000000 0.99711567 0.99423641
1565218942 0.0000000 0.98774326 0.97234148
1565905300 0.0000000 0.98806387 0.97402728
1566053525 0.0000000 0.98718446 0.97395885
1566053530 0.0000000 0.98704928 0.97366804
1566074882 0.0000000 0.99140483 0.98050863
1566101114 0.0000000 0.99586523 0.99167532
1566598377 0.0000000 0.89768708 0.74526548
1566648618 0.0000000 0.93796712 0.85537726
1567237819 0.0000000 0.72428685 8.82893205E-02
1567471650 0.0000000 0.98992985 0.97971177
1567604000 0.0000000 0.93629259 0.85328424
1567917359 0.0000000 0.98314047 0.96511579
1568095682 0.0000000 0.88996351 0.75134474
1569863578 0.0000000 0.98298126 0.96358925
1570468626 0.0000000 0.99308097 0.98590654
1571312673 0.0000000 0.99715137 0.99429715
1571861758 0.0000000 0.89529783 0.72108138
1572218883 0.0000000 0.97991782 0.95740175
1573491297 0.0000000 0.94381356 0.87469590
1573495893 0.0000000 0.94941998 0.88745493
1574645562 0.0000000 0.99501544 0.98984110
1575564604 0.0000000 0.93428969 0.85449189
1575660753 0.0000000 0.97494084 0.94432652
1576495557 0.0000000 0.99276823 0.98501426
1577769501 0.0000000 0.89435440 0.73840499
1577819410 0.0000000 0.99531972 0.99061078
1578293635 0.0000000 0.99308294 0.98520601
1578510402 0.0000000 0.97467119 0.94269210
1579404154 0.0000000 0.94378847 0.87489039
1579703564 0.0000000 0.97618395 0.94948763
1580749376 0.0000000 0.98924583 0.97700644
1581076659 0.0000000 0.97794056 0.94936299
1581616159 0.0000000 0.99543220 0.99065048
1581629921 0.0000000 0.98102677 0.95967114
1581764406 0.0000000 0.99728620 0.99457163
1581764700 0.0000000 0.99670994 0.99334729
1581794413 0.0000000 0.99688971 0.99377149
1582090065 0.0000000 0.99567300 0.99136400
1582113307 0.0000000 0.98407418 0.96648622
1582546233 0.0000000 0.98833585 0.97632837
1582592414 0.0000000 0.98877847 0.97595847
1582629242 0.0000000 0.99589580 0.99168491
1582695255 0.0000000 0.99145454 0.98195887
1584677477 0.0000000 0.98645359 0.97095209
1585787701 0.0000000 0.81884742 0.49290472
1586304460 0.0000000 0.95274025 0.89271575
1586389759 0.0000000 0.99331903 0.98607123
1586537097 0.0000000 0.99497521 0.98875022
1586691401 0.0000000 0.99235648 0.98394221
1587481331 0.0000000 0.97415960 0.94189751
1588476280 0.0000000 0.99535388 0.99026638
1589003116 0.0000000 0.97895163 0.95400614
1589548020 0.0000000 0.78894812 0.32012582
1589756010 0.0000000 0.97247505 0.93803942
1589910785 0.0000000 0.89914870 0.75205839
1590311534 0.0000000 0.70953101 -0.14462161
1590359490 0.0000000 0.99414158 0.98787373
1590694463 0.0000000 0.99014282 0.97845495
1590843750 0.0000000 0.99133700 0.98097646
1591494563 0.0000000 0.99141628 0.98181123
1591839506 0.0000000 0.98600078 0.96880412
1591921295 0.0000000 0.98830372 0.97503817
1592079539 0.0000000 0.99398005 0.98756832
1592349420 0.0000000 0.98793238 0.97323447
1593214064 0.0000000 0.98968077 0.97856808
1593241888 0.0000000 0.98183084 0.96191823
1593407313 0.0000000 0.98364979 0.96447384
1593435168 0.0000000 0.98636633 0.96900642
1593519432 0.0000000 0.96287358 0.91613209
1594227272 0.0000000 0.98436105 0.96723491
1594265063 0.0000000 0.99134731 0.98170817
1594267923 0.0000000 0.98940951 0.97760451
1594526768 0.0000000 0.94144934 0.86518860
1594546164 0.0000000 0.84250569 0.56827366
1595767949 0.0000000 0.99559259 0.99119335
1597107665 0.0000000 0.98501247 0.96640801
1597123796 0.0000000 0.11974703 -40.636063
1597187246 0.0000000 0.95957994 0.91340691
1597774608 0.0000000 0.77452654 0.27068400
1597797181 0.0000000 0.97552592 0.94676894
1597806811 0.0000000 0.99046010 0.98018444
1598480108 0.0000000 0.98694885 0.97256494
1598847265 0.0000000 0.71524644 -3.48926783E-02
1599036279 0.0000000 0.96760470 0.92826831
1600306672 0.0000000 0.99186480 0.98269761
1600646088 0.0000000 0.62837005 -0.54651511
1600833602 0.0000000 0.96858394 0.93129462
1601017581 0.0000000 0.96623874 0.92539006
1601326254 0.0000000 0.99610263 0.99206096
1601342057 0.0000000 0.99182463 0.98287141
1601440640 0.0000000 0.99449253 0.98865330
1601863505 0.0000000 0.97601467 0.94800055
1602517184 0.0000000 0.99257255 0.98500019
1602946993 0.0000000 0.99299693 0.98566377
1602947159 0.0000000 0.98205680 0.96341205
1603087586 0.0000000 0.94290090 0.87302721
1603396062 0.0000000 0.55991596 -1.1635816
1603674483 0.0000000 0.92139190 0.80320424
1604358861 0.0000000 0.83539027 0.56466460
1604426346 0.0000000 0.75251448 0.17363572
1604601372 0.0000000 0.98922938 0.97696352
1604626818 0.0000000 0.99218482 0.98381972
1605130406 0.0000000 0.95045221 0.89486098
1605130534 0.0000000 0.94998783 0.89179862
1605266102 0.0000000 0.84337598 0.57780397
1605511152 0.0000000 0.83455229 0.55188251
1605551866 0.0000000 0.81209755 0.48817742
1605557664 0.0000000 0.88874829 0.72661459
1605621503 0.0000000 0.79157734 0.39203548
1605662576 0.0000000 0.80377102 0.43606198
1606582085 0.0000000 0.70690429 -1.41360760E-02
1606657334 0.0000000 0.98981363 0.97923481
1607578178 0.0000000 0.99199581 0.98313951
1607606398 0.0000000 0.99671996 0.99338436
1607606851 0.0000000 0.98684818 0.97234976
1607624108 0.0000000 0.99223477 0.98345453
1608317519 0.0000000 0.95398080 0.89530349
1608385359 0.0000000 0.92729443 0.82866436
1609436522 0.0000000 0.97140187 0.93571234
1609594007 0.0000000 0.99482924 0.98940182
1610162996 0.0000000 0.87007630 0.66156721
1610192153 0.0000000 0.99362963 0.98616886
1610249009 0.0000000 0.99293995 0.98533905
1610838659 0.0000000 0.99622667 0.99212050
1611559538 0.0000000 0.99177390 0.98240966
1611565557 0.0000000 0.97874498 0.95247918
1611574763 0.0000000 0.97814471 0.94980192
1611584686 0.0000000 0.88048798 0.70626915
1611818971 0.0000000 0.99340957 0.98630732
