991995645 0.0000000 0.77382892 0.30609030
1030628193 0.0000000 0.99437660 0.98480678
1030651553 0.0000000 0.99960691 0.99552310
1030859781 0.0000000 0.99910003 0.99784094
1030864055 0.0000000 0.99922001 0.99805278
1031310121 0.0000000 0.99808866 0.99611092
1031439572 0.0000000 0.99860781 0.99707174
1031647094 0.0000000 0.99857348 0.99694163
1032052013 0.0000000 0.99938899 0.99841315
1032134610 0.0000000 0.99993324 0.99935353
1032294371 0.0000000 0.97854525 0.95689499
1032315669 0.0000000 0.92861342 0.85176343
1032907402 0.0000000 0.99887973 0.99735826
1033103267 0.0000000 0.99806821 0.99579251
1033374913 0.0000000 0.99970579 0.99891084
1033690544 0.0000000 0.85972744 0.65953702
1033947513 0.0000000 0.99703413 0.99384004
1034070514 0.0000000 0.96568167 0.93102056
1034480608 0.0000000 0.97378969 0.94784856
1034923400 0.0000000 0.99534738 0.99058408
1034928298 0.0000000 0.99421626 0.98843896
1035149152 0.0000000 0.99439758 0.98875469
1035153178 0.0000000 0.99018151 0.98045230
1035197382 0.0000000 0.98024660 0.96053737
1035991040 0.0000000 0.92239642 0.83205640
1036098952 0.0000000 0.97004658 0.94009411
1036697273 0.0000000 0.96223158 0.92267734
1036697648 0.0000000 0.97977090 0.95974731
1036886824 0.0000000 0.99898785 0.99762011
1038324582 0.0000000 0.98900551 0.97805375
1039232712 0.0000000 0.96036822 0.91279042
1039743025 0.0000000 0.97706395 0.94919795
1040450954 0.0000000 0.98001951 0.95743489
1040520314 0.0000000 0.96355343 0.91800332
1040644457 0.0000000 0.98929846 0.97717476
1040799690 0.0000000 0.99951690 0.99852264
1041632855 0.0000000 0.99458319 0.98842919
1042809813 0.0000000 0.99893451 0.99755085
1043607562 0.0000000 0.98801374 0.97456199
1044768063 0.0000000 0.99715590 0.99374646
1044817061 0.0000000 0.97844046 0.95329678
1045633623 0.0000000 0.97432703 0.94325966
1046065971 0.0000000 0.94497019 0.87092769
1046575544 0.0000000 0.99574912 0.98950332
1048808323 0.0000000 0.97865337 0.95381981
1049310522 0.0000000 0.99392390 0.98700184
1049353173 0.0000000 0.99738091 0.99432927
1051845960 0.0000000 0.99068904 0.97979134
1051900153 0.0000000 0.89127308 0.73443687
1052394722 0.0000000 0.77787954 0.35867035
1052961462 0.0000000 0.99988079 0.99944848
1053904321 0.0000000 0.95479870 0.89890093
1054395492 0.0000000 0.98460162 0.96719718
1054853585 0.0000000 0.97303826 0.94279510
1055123570 0.0000000 0.99995881 0.99960703
1055135284 0.0000000 0.99973315 0.99914360
1055234432 0.0000000 0.99990249 0.99947691
1055390332 0.0000000 0.99745828 0.99417913
1055425274 0.0000000 0.99750710 0.99450958
1055472531 0.0000000 0.92054403 0.81254017
1055510426 0.0000000 0.99561393 0.99034518
1055788418 0.0000000 0.99976420 0.99918157
1055803080 0.0000000 0.99721438 0.99378389
1056357316 0.0000000 0.97915524 0.95503664
1057028486 0.0000000 0.86400658 0.66072583
1057319282 0.0000000 0.74952775 0.16614258
1058108790 0.0000000 0.99753451 0.99452144
1058496080 0.0000000 0.99932063 0.99813539
1059102630 0.0000000 0.99309635 0.98483419
1059590191 0.0000000 0.99689984 0.99317205
1059850488 0.0000000 0.97979164 0.95638055
1059910523 0.0000000 0.99942267 0.99840730
1059994404 0.0000000 0.98691982 0.97208291
1060172588 0.0000000 0.99839324 0.99654442
1060619413 0.0000000 0.99981219 0.99927592
1061586322 0.0000000 0.96234810 0.91649985
1062262342 0.0000000 0.99198383 0.98232144
1063234506 0.0000000 0.99914825 0.99793196
1063264037 0.0000000 0.96900100 0.93189079
1064365712 0.0000000 0.98480254 0.96636218
1064533379 0.0000000 0.99310875 0.98487145
1065785029 0.0000000 0.97317934 0.94116306
1065790269 0.0000000 0.99554813 0.98999012
1065847269 0.0000000 0.93400407 0.84571469
1067505195 0.0000000 0.99556744 0.98964942
1068127124 0.0000000 0.99888784 0.99734169
1068356150 0.0000000 0.99903888 0.99755627
1068595355 0.0000000 0.99956197 0.99859333
1068804765 0.0000000 0.98214108 0.96119326
1068825242 0.0000000 0.99666864 0.99247545
1069412363 0.0000000 0.97455245 0.94410598
1070682432 0.0000000 0.85504538 0.62476158
1070692497 0.0000000 0.99783522 0.99500263
1070921046 0.0000000 0.99474019 0.98868608
1071031093 0.0000000 0.99997413 0.99958289
1071031176 0.0000000 0.99998003 0.99959117
1071031375 0.0000000 0.99961281 0.99880946
1071031628 0.0000000 0.99649662 0.99230486
1071031695 0.0000000 0.99725473 0.99386936
1071031744 0.0000000 0.99742693 0.99428129
1071031844 0.0000000 0.99713564 0.99364513
1071031926 0.0000000 0.99644291 0.99213970
1071033611 0.0000000 0.99909878 0.99784774
1071033625 0.0000000 0.99909890 0.99785018
1071035006 0.0000000 0.97601080 0.94855839
1071038489 0.0000000 0.98605454 0.97024924
1071042579 0.0000000 0.95631725 0.90238750
1071043831 0.0000000 0.98216712 0.96113491
1071046005 0.0000000 0.99731171 0.99390721
1071046239 0.0000000 0.93629760 0.85385370
1071074159 0.0000000 0.96577078 0.92503434
1071095531 0.0000000 0.97952932 0.95594269
1071100910 0.0000000 0.99910802 0.99761981
1071109335 0.0000000 0.98493785 0.96769994
1071169499 0.0000000 0.98757339 0.97271919
1071182968 0.0000000 0.99864769 0.99690878
1071183209 0.0000000 0.99822766 0.99590844
1071183435 0.0000000 0.99256289 0.98379165
1071443800 0.0000000 0.99330229 0.98503494
1071583019 0.0000000 0.99766409 0.99479651
1071584001 0.0000000 0.99099427 0.98074830
1071678445 0.0000000 0.99954665 0.99871832
1071725608 0.0000000 0.99741548 0.99409777
1072705310 0.0000000 0.99972618 0.99891520
1072926918 0.0000000 0.99979436 0.99915236
1073300844 0.0000000 0.98956639 0.97758669
1073475853 0.0000000 0.98779631 0.97366607
1073756920 0.0000000 0.97748405 0.95034552
1073986141 0.0000000 0.99860984 0.99658263
1073994067 0.0000000 0.99517310 0.98897421
1075317204 0.0000000 0.99920499 0.99803829
1075317446 0.0000000 0.98282641 0.96230954
1075318489 0.0000000 0.99621642 0.99188310
1075466599 0.0000000 0.99658746 0.99244994
1075865039 0.0000000 0.99983478 0.99926865
1076851926 0.0000000 0.99927175 0.99798155
1076884025 0.0000000 0.99723554 0.99396652
1077531525 0.0000000 0.99597371 0.99108100
1077584107 0.0000000 0.99675071 0.99259311
1078321829 0.0000000 0.98716986 0.97224218
1079154231 0.0000000 0.99321330 0.98533165
1080241624 0.0000000 0.99531573 0.98981941
1081488818 0.0000000 0.98549086 0.96817404
1082397083 0.0000000 0.98268437 0.96232975
1082563195 0.0000000 0.97672915 0.94846791
1082729069 0.0000000 0.99225861 0.98308396
1082820030 0.0000000 0.99714541 0.99367070
1083398171 0.0000000 0.99978870 0.99920183
1083961065 0.0000000 0.99776143 0.99497062
1084003366 0.0000000 0.99901038 0.99768740
1084082541 0.0000000 0.99816185 0.99544221
1084133207 0.0000000 0.99954170 0.99843180
1084597670 0.0000000 0.99906647 0.99758840
1084687448 0.0000000 0.99969161 0.99902290
1084950252 0.0000000 0.99998093 0.99967080
1085103239 0.0000000 0.98398697 0.96473414
1085390106 0.0000000 0.97958696 0.95534617
1086195389 0.0000000 0.99890822 0.99743372
1086315872 0.0000000 0.99577093 0.99084145
1086883086 0.0000000 0.99756920 0.99469018
1087613581 0.0000000 0.99641204 0.99212641
1089099122 0.0000000 0.99963403 0.99882257
1089113880 0.0000000 0.99860018 0.99659359
1089371968 0.0000000 0.97255552 0.94078881
1090478200 0.0000000 0.99604177 0.99114329
1091970746 0.0000000 0.99894100 0.99720842
1092861100 0.0000000 0.96918696 0.93191028
1093118276 0.0000000 0.91301119 0.78505361
1093908136 0.0000000 0.99852973 0.99640262
1095475955 0.0000000 0.99162138 0.98121995
1097813330 0.0000000 0.99993485 0.99943864
1098848984 0.0000000 0.95889419 0.90566212
1099928102 0.0000000 0.97834146 0.95269454
1099929295 0.0000000 0.99995816 0.99937683
1099929521 0.0000000 0.99983710 0.99906737
1099931589 0.0000000 0.97502661 0.94193536
1099942690 0.0000000 0.99893421 0.99710196
1100098082 0.0000000 0.99951828 0.99842232
1100139404 0.0000000 0.99990845 0.99925083
1100237223 0.0000000 0.96564168 0.91997916
1100955874 0.0000000 0.93240303 0.84283346
1103674687 0.0000000 0.98804241 0.97339797
1105287429 0.0000000 0.85856587 0.63251394
1105405102 0.0000000 0.99683613 0.99306172
1105536640 0.0000000 0.99470818 0.98889434
1105765351 0.0000000 0.99543154 0.98906595
1106056455 0.0000000 0.84869468 0.66309935
1106207236 0.0000000 0.99963665 0.99373895
1106226863 0.0000000 0.95830977 0.91832435
1106317701 0.0000000 0.99962616 0.99362028
1106377004 0.0000000 0.99416882 0.98406416
1106829094 0.0000000 0.99873549 0.99279100
1107166208 0.0000000 0.98652482 0.97060794
1107223187 0.0000000 0.99942529 0.99337375
1107233798 0.0000000 0.99507385 0.98598850
1107286746 0.0000000 0.90308493 0.79897940
1107388387 0.0000000 0.99409568 0.98461950
1107601144 0.0000000 0.99946451 0.99346119
1107601252 0.0000000 0.99942905 0.99342656
1108162580 0.0000000 0.98261333 0.96391207
1108757898 0.0000000 0.99986494 0.99356526
1108761568 0.0000000 0.97274888 0.94540292
1110049611 0.0000000 0.99996990 0.99419796
1110049680 0.0000000 0.99996197 0.99418485
1110050185 0.0000000 0.99911952 0.99279487
1110050874 0.0000000 0.99764431 0.99021649
1110568232 0.0000000 0.98566097 0.96932024
1111274786 0.0000000 0.99679804 0.98890036
1113182839 0.0000000 0.97956073 0.95792091
1113208093 0.0000000 0.98279119 0.96385986
1113260515 0.0000000 0.99220747 0.97989023
1113331351 0.0000000 0.97716397 0.95401424
1114345058 0.0000000 0.98457819 0.96785742
1114872497 0.0000000 0.99992657 0.99381310
1114872533 0.0000000 0.99992615 0.99381495
1114872543 0.0000000 0.99992555 0.99381387
1114981677 0.0000000 0.98801309 0.97422445
1115167250 0.0000000 0.99683893 0.98898160
1115753263 0.0000000 0.98260236 0.96420187
1115910658 0.0000000 0.94072455 0.88287663
1115942660 0.0000000 0.99498582 0.98499036
1116353193 0.0000000 0.99055839 0.97817236
1117405041 0.0000000 0.99601173 0.98743474
1117642805 0.0000000 0.99992031 0.99405682
1118162704 0.0000000 0.99953789 0.99324363
1118367166 0.0000000 0.99866092 0.99183166
1118396676 0.0000000 0.99726456 0.98926538
1118501300 0.0000000 0.97969699 0.95845914
1118677980 0.0000000 0.97708923 0.95391130
1118868304 0.0000000 0.88832092 0.75389898
1119087065 0.0000000 0.99796045 0.99053538
1119729025 0.0000000 0.95747763 0.91666931
1119876655 0.0000000 0.89897573 0.79341626
1121472051 0.0000000 0.99353266 0.98307097
1121864763 0.0000000 0.99953842 0.99339324
1122385024 0.0000000 0.99930078 0.99343657
1122618639 0.0000000 0.98890632 0.97570854
1122777951 0.0000000 0.99760818 0.99003124
1123439949 0.0000000 0.99499846 0.98647130
1125373372 0.0000000 0.96725851 0.93558329
1125685516 0.0000000 0.98055345 0.96003151
1125969360 0.0000000 0.99993807 0.99406910
1127055473 0.0000000 0.96981353 0.94045329
1127456637 0.0000000 0.99366051 0.98231375
1127471662 0.0000000 0.98353308 0.96538448
1127494190 0.0000000 0.99687356 0.98866618
1127760620 0.0000000 0.99919301 0.99261636
1128153007 0.0000000 0.98158580 0.96200889
1128174696 0.0000000 0.99665719 0.98866540
1128475640 0.0000000 0.99317354 0.98235261
1128528995 0.0000000 0.99853355 0.99201846
1128891916 0.0000000 0.91320986 0.82349920
1128923244 0.0000000 0.98825914 0.97420460
1129069430 0.0000000 0.87682694 0.73711526
1129155495 0.0000000 0.93778116 0.87751585
1129246313 0.0000000 0.97680628 0.95297199
1129324370 0.0000000 0.96934414 0.93946916
1129391464 0.0000000 0.99997783 0.99421966
1129907016 0.0000000 0.77601868 0.42918497
1130249327 0.0000000 0.95026958 0.90214944
1131428965 0.0000000 0.99626654 0.98753870
1131431840 0.0000000 0.95976645 0.92101490
1132062095 0.0000000 0.99351746 0.98333657
1132132485 0.0000000 0.99624962 0.98807770
1132148341 0.0000000 0.99443924 0.98475063
1132166999 0.0000000 0.97119558 0.94272423
1132661855 0.0000000 0.99194306 0.97992009
1132975230 0.0000000 0.99522012 0.98587215
1133111580 0.0000000 0.95244056 0.90693045
1133304109 0.0000000 0.99959916 0.99361044
1133601723 0.0000000 0.97245306 0.94536293
1133908462 0.0000000 0.96751791 0.93585014
1134710133 0.0000000 0.98525661 0.96854067
1135808248 0.0000000 0.99460983 0.98434371
1136739698 0.0000000 0.99814653 0.99071479
1137913657 0.0000000 0.99731642 0.99097258
1137989937 0.0000000 0.99686241 0.98923820
1137990003 0.0000000 0.99659783 0.98868775
1138288259 0.0000000 0.99657071 0.98834604
1139284609 0.0000000 0.88275403 0.74905574
1139326915 0.0000000 0.98748064 0.97286916
1140725945 0.0000000 0.99386334 0.98377109
1140746150 0.0000000 0.99856764 0.99155223
1141877248 0.0000000 0.99986064 0.99369895
1142029462 0.0000000 0.97401851 0.94788730
1142229311 0.0000000 0.99833637 0.99012023
1142709582 0.0000000 0.97890162 0.95772403
1143536168 0.0000000 0.99451363 0.98441821
1143616861 0.0000000 0.99752790 0.98997849
1143885739 0.0000000 0.99996823 0.99382609
1143885924 0.0000000 0.99981844 0.99373114
1143888020 0.0000000 0.99812365 0.99061334
1144129163 0.0000000 0.99367177 0.98265821
1144133312 0.0000000 0.99009991 0.97634476
1144179006 0.0000000 0.99917454 0.99280870
1144806135 0.0000000 0.96059930 0.92271072
1145140855 0.0000000 0.99995726 0.99384177
1145323561 0.0000000 0.99727166 0.98929024
1146215126 0.0000000 0.99988908 0.99375129
1146944291 0.0000000 0.79020894 0.45679104
1146966782 0.0000000 0.99605650 0.98737854
1147258751 0.0000000 0.99584097 0.98740184
1149411961 0.0000000 0.99777120 0.99016875
1149467938 0.0000000 0.96810651 0.93711960
1149638545 0.0000000 0.98621809 0.97059554
1149771133 0.0000000 0.95271683 0.90742505
1150128882 0.0000000 0.98456538 0.96730447
1151387381 0.0000000 0.95496804 0.91180170
1154072410 0.0000000 0.99995244 0.99411875
1154182305 0.0000000 0.98992145 0.97720432
1155212722 0.0000000 0.99451292 0.98491669
1155340266 0.0000000 0.99902886 0.99252647
1155354114 0.0000000 0.97920781 0.95794135
1155443514 0.0000000 0.98768967 0.97256297
1156044082 0.0000000 0.97211027 0.94448310
1156698676 0.0000000 0.99951655 0.99334735
1158266854 0.0000000 0.98034865 0.95976430
1159598968 0.0000000 0.99250841 0.98143137
1159684577 0.0000000 0.99865913 0.99168444
1160388105 0.0000000 0.99974161 0.99340749
1160392104 0.0000000 0.99938565 0.99255013
1160549032 0.0000000 0.99613059 0.98780107
1160664389 0.0000000 0.99993908 0.99374926
1163299258 0.0000000 0.99727827 0.99061465
1163456967 0.0000000 0.99344718 0.98264796
1163641819 0.0000000 0.99551696 0.98693782
1164570370 0.0000000 0.98757654 0.97346872
1165358160 0.0000000 0.99353850 0.98334742
1165368969 0.0000000 0.98001629 0.95934707
1166094636 0.0000000 0.99762362 0.98996520
1166561075 0.0000000 0.99499464 0.98552167
1166894907 0.0000000 0.99953496 0.99312222
1167121204 0.0000000 0.97383261 0.94764096
1167135981 0.0000000 0.99990660 0.99376512
1167136317 0.0000000 0.99986190 0.99368435
1167136455 0.0000000 0.99987972 0.99367017
1167136825 0.0000000 0.99947625 0.99288374
1167144800 0.0000000 0.96858758 0.93803632
1167147704 0.0000000 0.99849290 0.99149388
1167154513 0.0000000 0.99328244 0.98246855
1167186639 0.0000000 0.99965477 0.99380726
1167298740 0.0000000 0.98484868 0.96582961
1167318376 0.0000000 0.81114841 0.55735934
1167324678 0.0000000 0.96320206 0.92767888
1167592780 0.0000000 0.94541973 0.89263088
1167604646 0.0000000 0.95356059 0.90876496
1168792515 0.0000000 0.95344114 0.90871263
1168917035 0.0000000 0.99913591 0.99245095
1169006425 0.0000000 0.99087054 0.97858477
1169712716 0.0000000 0.99601150 0.98650473
1169722755 0.0000000 0.99992764 0.99360675
1170262059 0.0000000 0.97035110 0.94088507
1170524118 0.0000000 0.83121234 0.63030583
1171366614 0.0000000 0.96798152 0.93698043
1171423577 0.0000000 0.97834241 0.95580697
1171423831 0.0000000 0.99078727 0.97886014
1171832699 0.0000000 0.99546593 0.98642188
1172178017 0.0000000 0.99046224 0.97684669
1173308237 0.0000000 0.99575657 0.98656285
1173368256 0.0000000 0.99884081 0.99262947
1174197233 0.0000000 0.95954996 0.92060947
1175309106 0.0000000 0.95898890 0.91953695
1175583473 0.0000000 0.97115082 0.94272405
1176242685 0.0000000 0.95649862 0.91467029
1177175308 0.0000000 0.96219057 0.92580152
1178992210 0.0000000 0.99708235 0.98957330
1180238725 0.0000000 0.97921151 0.95791364
1180618796 0.0000000 0.92367560 0.85025716
1181939353 0.0000000 0.99474615 0.98481786
1182196765 0.0000000 0.81574994 0.56234312
1182265663 0.0000000 0.89651555 0.78767425
1182396227 0.0000000 0.99490517 0.98480356
1182398897 0.0000000 0.99446797 0.98404378
1184629372 0.0000000 0.99734491 0.98981255
1190442424 0.0000000 0.99903148 0.99796945
1191742755 0.0000000 0.99553609 0.99050927
1194476053 0.0000000 0.99964452 0.99920732
1197715613 0.0000000 0.96202040 0.91669625
1198522115 0.0000000 0.99959469 0.99904782
1207186072 0.0000000 0.98104763 0.95984292
1208187584 0.0000000 0.99934155 0.99862003
1208931881 0.0000000 0.99920589 0.99831975
1208975321 0.0000000 0.99993563 0.99980724
1208982088 0.0000000 0.98797983 0.97564173
1208988255 0.0000000 0.99909157 0.99801469
1208988552 0.0000000 0.99699575 0.99373370
1209105937 0.0000000 0.99867064 0.99683058
1209216223 0.0000000 0.95338607 0.89664072
1209291757 0.0000000 0.99873656 0.99718648
1209339084 0.0000000 0.99656427 0.99278337
1209362380 0.0000000 0.99316728 0.98586851
1209820628 0.0000000 0.99723405 0.99418426
1209877317 0.0000000 0.99057376 0.98001248
1216904067 0.0000000 0.92226714 0.82707208
1217616949 0.0000000 0.99898309 0.99796194
1218233114 0.0000000 0.99285161 0.98562515
1218994676 0.0000000 0.98288810 0.96456379
1219291482 0.0000000 0.82400513 0.54890931
1219301591 0.0000000 0.98422813 0.96785486
1219723710 0.0000000 0.91461670 0.80507118
1219772880 0.0000000 0.99472284 0.98933238
1219869253 0.0000000 0.98402393 0.96755141
1220179542 0.0000000 0.96072060 0.91810799
1220742036 0.0000000 0.98420066 0.96757555
1220946193 0.0000000 0.99967098 0.99933451
1221047734 0.0000000 0.99959773 0.99918562
1222614737 0.0000000 0.98558003 0.97023821
1225404477 0.0000000 0.96128565 0.91733086
1225442295 0.0000000 0.99632359 0.99265683
1228187814 0.0000000 0.99986458 0.99971575
1228684717 0.0000000 0.99970484 0.99940097
1229260451 0.0000000 0.96439075 0.92533362
1229658996 0.0000000 0.86107242 0.65122890
1229990683 0.0000000 0.99966782 0.99931455
1230216280 0.0000000 0.97314203 0.94404918
1230600687 0.0000000 0.99783158 0.99563307
1230860391 0.0000000 0.98858005 0.97655392
1231020274 0.0000000 0.99915659 0.99830246
1231041233 0.0000000 0.97947443 0.95803446
1232714291 0.0000000 0.98591083 0.97110957
1232804891 0.0000000 0.99378473 0.98748875
1233928332 0.0000000 0.99267608 0.98512542
1234166319 0.0000000 0.99391216 0.98780608
1234201315 0.0000000 0.91994619 0.82765818
1234214675 0.0000000 0.99812800 0.99624008
1236731039 0.0000000 0.96877223 0.93373412
1236854628 0.0000000 0.96454412 0.92590302
1237014105 0.0000000 0.99655980 0.99300015
1237159221 0.0000000 0.99446219 0.98888397
1237164701 0.0000000 0.99307764 0.98603857
1237551366 0.0000000 0.97953194 0.95795912
1237619839 0.0000000 0.93715346 0.85977119
1239235949 0.0000000 0.98758149 0.97474450
1239971868 0.0000000 0.99947309 0.99894333
1240678955 0.0000000 0.89548075 0.74458194
1242397863 0.0000000 0.99937880 0.99848199
1242709695 0.0000000 0.99594820 0.99144071
1243376855 0.0000000 0.99788898 0.99539948
1244248765 0.0000000 0.97980005 0.95654255
1245087845 0.0000000 0.94141799 0.86831617
1245407408 0.0000000 0.99546450 0.99054611
1245469469 0.0000000 0.99866748 0.99697918
1245877793 0.0000000 0.99918312 0.99812126
1245881452 0.0000000 0.99569315 0.99085188
1246167876 0.0000000 0.99798417 0.99569845
1246181696 0.0000000 0.99993527 0.99968147
1246182765 0.0000000 0.99945521 0.99870557
1246208530 0.0000000 0.99873811 0.99721104
1246208539 0.0000000 0.99873805 0.99721241
1247508302 0.0000000 0.56245643 0.20679283
1247516932 0.0000000 0.62006140 0.31393623
1247654255 0.0000000 0.50316930 -0.17474651
1247741293 0.0000000 0.60210425 0.19022226
1247769767 0.0000000 0.62901336 0.24170053
1248159491 0.0000000 0.57267612 0.12553835
1248570012 0.0000000 0.48307630 -0.17160153
1248588659 0.0000000 0.44947681 -0.22555447
1248872986 0.0000000 0.54668397 4.82146144E-02
1248886386 0.0000000 0.50733376 -5.67260981E-02
1249212887 0.0000000 0.50340194 -7.19430447E-02
1250467545 0.0000000 0.99997938 0.99982697
1250503855 0.0000000 0.99984807 0.99953055
1250504106 0.0000000 0.99945563 0.99875337
1250601456 0.0000000 0.99845409 0.99665105
1250639275 0.0000000 0.99155980 0.98251528
1250703707 0.0000000 0.96574563 0.92723531
1250777890 0.0000000 0.99730855 0.99416381
1250888264 0.0000000 0.99896997 0.99775338
1250911490 0.0000000 0.90415597 0.77233523
1252249816 0.0000000 0.94549543 0.88038886
1252757125 0.0000000 0.99829137 0.99635595
1254591366 0.0000000 0.99998659 0.99983048
1254664936 0.0000000 0.99931931 0.99852651
1255243328 0.0000000 0.99483633 0.98939562
1256244384 0.0000000 0.99960673 0.99907386
1256252705 0.0000000 0.99885935 0.99752092
1256431794 0.0000000 0.97773886 0.95242745
1257413577 0.0000000 0.99997956 0.99979907
1257413887 0.0000000 0.99923068 0.99831676
1257420861 0.0000000 0.99997646 0.99982113
1257678569 0.0000000 0.99252695 0.98447961
1258065617 0.0000000 0.98199856 0.96257526
1258296469 0.0000000 0.99905151 0.99789602
1258824471 0.0000000 0.99940854 0.99861968
1258926370 0.0000000 0.99841899 0.99661708
1260564405 0.0000000 0.99722189 0.99412078
1260692005 0.0000000 0.99674660 0.99305677
1261227736 0.0000000 0.99999559 0.99977219
1261227864 0.0000000 0.99998635 0.99973243
1261228557 0.0000000 0.98816168 0.97524625
1261232031 0.0000000 0.99324220 0.98556477
1261235533 0.0000000 0.98095781 0.95967507
1261275144 0.0000000 0.99018860 0.97905540
1261713375 0.0000000 0.99253923 0.98440671
1261922241 0.0000000 0.99326730 0.98605245
1262034644 0.0000000 0.98313427 0.96422291
1262237921 0.0000000 0.99479258 0.98901504
1262343689 0.0000000 0.95501429 0.90150994
1262367286 0.0000000 0.99924743 0.99824607
1262622742 0.0000000 0.90835690 0.79494727
1262633257 0.0000000 0.99982530 0.99948049
1263881366 0.0000000 0.99979264 0.99936289
1265523000 0.0000000 0.99997395 0.99972528
1265599504 0.0000000 0.98593479 0.97073650
1265691729 0.0000000 0.91070133 0.78847492
1265942558 0.0000000 0.99980330 0.99940068
1266289887 0.0000000 0.99623108 0.99170405
1266816064 0.0000000 0.99973452 0.99915522
1267146477 0.0000000 0.99980551 0.99940300
1267162697 0.0000000 0.99393380 0.98729062
1267661932 0.0000000 0.99999398 0.99976820
1267662287 0.0000000 0.99986351 0.99944508
1267686434 0.0000000 0.99758196 0.99480259
1267690576 0.0000000 0.99995226 0.99967235
1268040382 0.0000000 0.99986213 0.99945903
1268902896 0.0000000 0.99790192 0.99528754
1268931240 0.0000000 0.99659121 0.99267530
1269644874 0.0000000 0.99945873 0.99865401
1270335780 0.0000000 0.96019930 0.91493124
1270813793 0.0000000 0.99627310 0.99208915
1270961850 0.0000000 0.99973875 0.99919826
1270999307 0.0000000 0.90073019 0.76563436
1271168968 0.0000000 0.99843872 0.99651247
1271191748 0.0000000 0.99947906 0.99867797
1271987388 0.0000000 0.99800438 0.99571484
1272194052 0.0000000 0.99285865 0.98472708
1272250791 0.0000000 0.99997693 0.99970907
1272823213 0.0000000 0.99717653 0.99400085
1274901407 0.0000000 0.98568165 0.96963024
1276535865 0.0000000 0.99940628 0.99856436
1276561877 0.0000000 0.99997556 0.99973649
1276823323 0.0000000 0.99955571 0.99890876
1277440084 0.0000000 0.99594945 0.99155974
1277575551 0.0000000 0.99954283 0.99893898
1277670806 0.0000000 0.99986333 0.99954927
1278097892 0.0000000 0.99954969 0.99895030
1278515743 0.0000000 0.93721873 0.85574794
1278618217 0.0000000 0.99988759 0.99963289
1278636079 0.0000000 0.99980146 0.99947298
1279357457 0.0000000 0.99966204 0.99922639
1279458204 0.0000000 0.99986368 0.99958998
1280029930 0.0000000 0.99994510 0.99976814
1280553485 0.0000000 0.98498124 0.96778297
1280563997 0.0000000 0.99236548 0.98432845
1280587745 0.0000000 0.99843985 0.99673361
1281476617 0.0000000 0.99088812 0.98101807
1282408680 0.0000000 0.99970448 0.99931204
1282415961 0.0000000 0.99929905 0.99848843
1282416480 0.0000000 0.99991530 0.99970561
1283157909 0.0000000 0.99994004 0.99976939
1283540817 0.0000000 0.99256182 0.98421943
1284039008 0.0000000 0.99478012 0.98907274
1284244867 0.0000000 0.99953616 0.99898034
1284952628 0.0000000 0.99923331 0.99834490
1285350982 0.0000000 0.98997605 0.97902256
1285695233 0.0000000 0.99983621 0.99950635
1285876560 0.0000000 0.99825019 0.99630648
1286047392 0.0000000 0.99961007 0.99909943
1286198915 0.0000000 0.99993098 0.99968648
1286865806 0.0000000 0.94007558 0.86307651
1287036373 0.0000000 0.97447211 0.94528168
1289221280 0.0000000 0.99990308 0.99963939
1289567329 0.0000000 0.99954957 0.99888432
1289576340 0.0000000 0.99935740 0.99856299
1290342705 0.0000000 0.99997729 0.99976748
1290784424 0.0000000 0.99948037 0.99874830
1290799240 0.0000000 0.99173284 0.98216534
1291601652 0.0000000 0.99952418 0.99883658
1291689974 0.0000000 0.99775088 0.99514472
1291927327 0.0000000 0.96536350 0.92391765
1292000461 0.0000000 0.88218331 0.70111334
1294804388 0.0000000 0.99755979 0.99463087
1296507195 0.0000000 0.99857098 0.99666220
1296548191 0.0000000 0.99996138 0.99960154
1297058102 0.0000000 0.99845141 0.99659050
1297342916 0.0000000 0.95727956 0.90696031
1297754297 0.0000000 0.99861884 0.99680102
1298970247 0.0000000 0.94980198 0.88557386
1299845150 0.0000000 0.96567070 0.92506981
1300123317 0.0000000 0.99038553 0.97977853
1300281136 0.0000000 0.99062979 0.98024058
1300608051 0.0000000 0.99991649 0.99950677
1301123952 0.0000000 0.99781740 0.99528873
1301458951 0.0000000 0.99805921 0.99580288
1301964194 0.0000000 0.96877760 0.93325704
1302916270 0.0000000 0.99990875 0.99946684
1302961193 0.0000000 0.98834336 0.97493804
1303685617 0.0000000 0.97101772 0.93636715
1304080155 0.0000000 0.97481829 0.94560444
1304082768 0.0000000 0.99966747 0.99907982
1304152538 0.0000000 0.99995220 0.99967879
1304437954 0.0000000 0.99968159 0.99909961
1304717510 0.0000000 0.99524105 0.98983943
1304757333 0.0000000 0.99893856 0.99760067
1306028051 0.0000000 0.99972469 0.99916357
1306098435 0.0000000 0.99951279 0.99876654
1306261925 0.0000000 0.99364758 0.98684096
1307034472 0.0000000 0.99924147 0.99821663
1307669122 0.0000000 0.99916244 0.99807388
1308478735 0.0000000 0.99883384 0.99745715
1309048281 0.0000000 0.99730867 0.99415123
1309094354 0.0000000 0.99960291 0.99900901
1309326569 0.0000000 0.92227083 0.81470728
1309474048 0.0000000 0.98718578 0.97359395
1309601047 0.0000000 0.96387857 0.92094278
1309696244 0.0000000 0.99919868 0.99825996
1309953539 0.0000000 0.99930060 0.99837565
1310469430 0.0000000 0.99989867 0.99964899
1310541580 0.0000000 0.99793065 0.99552113
1310928323 0.0000000 0.99754852 0.99485821
1311000534 0.0000000 0.99891692 0.99759126
1311084070 0.0000000 0.99949497 0.99878418
1311142337 0.0000000 0.99903548 0.99779540
1311692424 0.0000000 0.97009814 0.93574780
1313100452 0.0000000 0.99818528 0.99618590
1314264913 0.0000000 0.99657148 0.99296391
1314789752 0.0000000 0.99280852 0.98512787
1315538819 0.0000000 0.99759948 0.99475849
1315635988 0.0000000 0.96759570 0.92989469
1315804512 0.0000000 0.99462658 0.98876476
1316643513 0.0000000 0.99981707 0.99949670
1316653258 0.0000000 0.99837053 0.99654901
1317835272 0.0000000 0.91309780 0.79062319
1318175665 0.0000000 0.99213111 0.98332047
1318478724 0.0000000 0.98356265 0.96481472
1319945023 0.0000000 0.99995595 0.99968523
1320074224 0.0000000 0.99871999 0.99727958
1320721143 0.0000000 0.99999136 0.99972934
1321061921 0.0000000 0.99801576 0.99561560
1322787324 0.0000000 0.99823374 0.99615330
1322993584 0.0000000 0.99909949 0.99800253
1323861170 0.0000000 0.99299443 0.98533660
1323909341 0.0000000 0.99803042 0.99573815
1324582798 0.0000000 0.99861777 0.99674308
1325660397 0.0000000 0.99870056 0.99700087
1326181267 0.0000000 0.97693515 0.95121002
1326728445 0.0000000 0.95417696 0.89738554
1327107001 0.0000000 0.99729568 0.99416894
1327480583 0.0000000 0.98783702 0.97386575
1327824459 0.0000000 0.99415690 0.98740095
1328324062 0.0000000 0.99912053 0.99784881
1328459111 0.0000000 0.99341893 0.98575705
1330223700 0.0000000 0.99998587 0.99967563
1330883534 0.0000000 0.97860426 0.95309609
1332071890 0.0000000 0.98990345 0.97886920
1332086295 0.0000000 0.95413643 0.89785498
1332373478 0.0000000 0.99810970 0.99583119
1333258441 0.0000000 0.99034703 0.97942680
1333828758 0.0000000 0.99589950 0.99113899
1333921411 0.0000000 0.99992192 0.99956548
1334227165 0.0000000 0.99809664 0.99585181
1334800688 0.0000000 0.99987715 0.99948287
1335409258 0.0000000 0.94321215 0.87129712
1335538115 0.0000000 0.99819374 0.99605113
1338362741 0.0000000 0.99616963 0.99183059
1338842309 0.0000000 0.99735153 0.99441683
1338890190 0.0000000 0.99883097 0.99742872
1338944914 0.0000000 0.99995589 0.99966997
1338944979 0.0000000 0.99995518 0.99966896
1338945045 0.0000000 0.99991870 0.99957561
1339216879 0.0000000 0.99861705 0.99694502
1339275618 0.0000000 0.99998230 0.99978149
1339278860 0.0000000 0.99820232 0.99616033
1339309409 0.0000000 0.99687231 0.99330717
1339575740 0.0000000 0.99989140 0.99958682
1339598466 0.0000000 0.99880308 0.99736774
1339646879 0.0000000 0.99416316 0.98744404
1339690513 0.0000000 0.99987978 0.99957526
1339702255 0.0000000 0.99827927 0.99633211
1339923712 0.0000000 0.99953669 0.99887651
1341299876 0.0000000 0.98814631 0.97531396
1341924177 0.0000000 0.99223644 0.98394793
1342405200 0.0000000 0.95506376 0.90064532
1344277570 0.0000000 0.98554701 0.96949273
1344910008 0.0000000 0.99751008 0.99486083
1344941743 0.0000000 0.99985158 0.99960130
1345138860 0.0000000 0.99796665 0.99579388
1345234802 0.0000000 0.99953848 0.99894476
1346380382 0.0000000 0.85625875 0.61322111
1346415099 0.0000000 0.99996102 0.99982816
1346415834 0.0000000 0.99989563 0.99971360
1346788818 0.0000000 0.99900705 0.99779826
1346816730 0.0000000 0.99444395 0.98851240
1348523853 0.0000000 0.99489433 0.98930812
1350722979 0.0000000 0.99806106 0.99593687
1350800865 0.0000000 0.97823501 0.95411968
1351161077 0.0000000 0.99927050 0.99837792
1352122829 0.0000000 0.99903488 0.99789131
1352554787 0.0000000 0.90511101 0.76357281
1353431341 0.0000000 0.99961662 0.99904734
1353536726 0.0000000 0.99781442 0.99534899
1354158772 0.0000000 0.99770528 0.99512464
1354470336 0.0000000 0.99954647 0.99882489
1354477411 0.0000000 0.99911952 0.99803239
1354976814 0.0000000 0.99994886 0.99964547
1355221924 0.0000000 0.99807882 0.99573904
1356243184 0.0000000 0.99928755 0.99833566
1356319072 0.0000000 0.97453320 0.94489431
1356487597 0.0000000 0.99607623 0.99158818
1356883405 0.0000000 0.99993825 0.99963254
1357128106 0.0000000 0.99851334 0.99663663
1357236484 0.0000000 0.99872869 0.99715197
1357270197 0.0000000 0.99834025 0.99624527
1357331931 0.0000000 0.99132103 0.98139793
1357541346 0.0000000 0.99972695 0.99915642
1357994057 0.0000000 0.99594522 0.99127656
1358411441 0.0000000 0.99983621 0.99939787
1358708986 0.0000000 0.99936360 0.99848378
1359776392 0.0000000 0.99986500 0.99948710
1361064727 0.0000000 0.99933815 0.99831349
1361239965 0.0000000 0.99747849 0.99443567
1361256759 0.0000000 0.99588281 0.99130434
1361373628 0.0000000 0.98944515 0.97745305
1361471757 0.0000000 0.99863273 0.99691194
1361665659 0.0000000 0.97383296 0.94425213
1362386544 0.0000000 0.99321914 0.98578238
1362609444 0.0000000 0.99719924 0.99397200
1362627405 0.0000000 0.99997371 0.99965179
1362643640 0.0000000 0.99767900 0.99484026
1363079024 0.0000000 0.99848735 0.99663228
1363764120 0.0000000 0.99658513 0.99261576
1364349799 0.0000000 0.99998844 0.99973053
1364349845 0.0000000 0.99998695 0.99973035
1364355002 0.0000000 0.99853772 0.99667889
1364690983 0.0000000 0.99198592 0.98286587
1365625224 0.0000000 0.99943674 0.99848378
1366061297 0.0000000 0.84804827 0.56968719
1366432589 0.0000000 0.98307377 0.96388876
1366513671 0.0000000 0.99623168 0.99206620
1369110346 0.0000000 0.99865365 0.99703777
1369124755 0.0000000 0.99950975 0.99875045
1369791239 0.0000000 0.99716401 0.99390244
1369883683 0.0000000 0.99761671 0.99492550
1370118743 0.0000000 0.99027306 0.97956032
1370151783 0.0000000 0.99998581 0.99982226
1370623082 0.0000000 0.99996966 0.99971181
1372241957 0.0000000 0.99908137 0.99796718
1372463510 0.0000000 0.99996549 0.99973977
1373829868 0.0000000 0.99498940 0.98939121
1373895699 0.0000000 0.99944484 0.99868166
1373969495 0.0000000 0.99987787 0.99960071
1374677225 0.0000000 0.99861753 0.99699163
1374679935 0.0000000 0.99969196 0.99920213
1376837821 0.0000000 0.99636364 0.99244577
1377205321 0.0000000 0.99993294 0.99977857
1377355603 0.0000000 0.99350774 0.98652667
1377407246 0.0000000 0.90747291 0.77547646
1378247005 0.0000000 0.99996811 0.99988639
1378467231 0.0000000 0.99984699 0.99961090
1379475197 -205.75000 5.99161051E-02 -0.81134307
1380542719 0.0000000 0.99869913 0.99728054
1381466759 0.0000000 0.98617268 0.97150218
1381684855 0.0000000 0.99224430 0.98397559
1382170436 0.0000000 0.96744168 0.92877424
1382919848 0.0000000 0.99969089 0.99932241
1383069011 0.0000000 0.99992514 0.99979824
1383085061 0.0000000 0.97093320 0.93631762
1383220929 0.0000000 0.99998629 0.99989253
1383227120 0.0000000 0.99562353 0.99096018
1383227831 0.0000000 0.99481231 0.98934764
1383234448 0.0000000 0.99942541 0.99874461
1383263545 0.0000000 0.99734718 0.99448931
1383450194 0.0000000 0.99568111 0.99114197
1383519374 0.0000000 0.99800485 0.99573869
1383809110 0.0000000 0.99864054 0.99713892
1383809501 0.0000000 0.99616331 0.99202222
1383989687 0.0000000 0.98692548 0.97274077
1384145710 0.0000000 0.99664164 0.99299949
1384544358 0.0000000 0.99896616 0.99779528
1385019362 0.0000000 0.98715693 0.97349590
1386347977 0.0000000 0.93988615 0.86160654
1386357780 0.0000000 0.99672627 0.99319291
1387916955 0.0000000 0.99099851 0.98142099
1389034180 0.0000000 0.99873382 0.99716407
1389204911 0.0000000 0.99983263 0.99949586
1389717867 0.0000000 0.99844974 0.99659061
1389724692 0.0000000 0.99912322 0.99791366
1389729005 0.0000000 0.99922127 0.99816239
1389740803 0.0000000 0.99338120 0.98581690
1389904819 0.0000000 0.97088444 0.93647075
1390517490 0.0000000 0.99645251 0.99259013
1390619771 0.0000000 0.99809724 0.99586391
1391790286 0.0000000 0.98866147 0.97645158
1393014317 0.0000000 0.99994820 0.99967313
1393065064 0.0000000 0.99523228 0.98998725
1393759985 0.0000000 0.97194654 0.93863511
1393791078 0.0000000 0.99996471 0.99963397
1394913876 0.0000000 0.99776900 0.99512929
1395061976 0.0000000 0.99981737 0.99941862
1395231566 0.0000000 0.99995393 0.99970376
1397097485 0.0000000 0.99697739 0.99370503
1397746253 0.0000000 0.98740309 0.97386855
1398443585 0.0000000 0.99609083 0.99179715
1399207416 0.0000000 0.99965310 0.99913049
1399278483 0.0000000 0.99400854 0.98774505
1399745740 0.0000000 0.98729706 0.97289580
1399746271 0.0000000 0.99753320 0.99477506
1400631673 0.0000000 0.99998277 0.99978775
1401021673 0.0000000 0.99961913 0.99908769
1401296286 0.0000000 0.96787608 0.93219447
1402085900 0.0000000 0.92941695 0.84213990
1402313583 0.0000000 0.97515184 0.94677073
1402624068 0.0000000 0.92373961 0.82822645
1402784563 0.0000000 0.99739569 0.99446720
1403034553 0.0000000 0.99769878 0.99524111
1403317269 0.0000000 0.99489081 0.98951524
1403439974 0.0000000 0.99858683 0.99648809
1404774365 0.0000000 0.99540609 0.98973793
1404925818 0.0000000 0.98787212 0.97354025
1405577514 0.0000000 0.99902123 0.99731076
1407296767 0.0000000 0.99452853 0.97301275
1407544588 0.0000000 0.90337604 0.77157658
1408047770 0.0000000 0.98700917 0.97259259
1410046387 0.0000000 0.99546915 0.99052131
1410325949 0.0000000 0.99672467 0.99309456
1410382444 0.0000000 0.97580492 0.94919670
1411247643 0.0000000 0.99834490 0.99651539
1411641303 0.0000000 0.99953347 0.26821548
1412009058 0.0000000 0.87692970 -0.43475401
1412705290 0.0000000 0.99967331 0.99914384
1413207959 0.0000000 0.92890263 0.83418274
1414298821 0.0000000 0.99856752 0.99679005
1416419181 0.0000000 0.99989629 0.99950445
1416419227 0.0000000 0.99989247 0.99949872
1416540553 0.0000000 0.99888486 0.99750918
1417557685 0.0000000 0.99718338 0.99399829
1417655668 0.0000000 0.98224533 0.96228707
1418245419 0.0000000 0.99995685 0.99956858
1418533563 0.0000000 0.98543602 0.96876353
1419682925 0.0000000 0.97969347 0.95620382
1419947441 0.0000000 0.87516987 0.68937546
1419995164 0.0000000 0.99958396 0.99879795
1420012476 0.0000000 0.99962664 0.99893779
1420437226 0.0000000 0.99930847 0.99825788
1420606112 0.0000000 0.99993634 0.99950069
1420742654 0.0000000 0.94479162 0.87519395
1421435535 0.0000000 0.99949801 0.99861902
1421639313 0.0000000 0.99532193 0.99009019
1422083726 0.0000000 0.99668121 0.99282855
1422374758 0.0000000 0.97274524 0.93996340
1422958210 0.0000000 0.94611919 0.88177079
1423037687 0.0000000 0.99748027 0.99449134
1423603888 0.0000000 0.81069499 0.50129068
1423726535 0.0000000 0.99885273 0.99730009
1423857991 0.0000000 0.99997908 0.99962062
1424969403 0.0000000 0.99848145 0.99652290
1426114954 0.0000000 0.98256826 0.96330607
1426344314 0.0000000 0.99359393 0.98608071
1426852891 0.0000000 0.99096584 0.98049539
1427105631 0.0000000 0.99997514 0.99962145
1427483378 0.0000000 0.97609568 0.94851971
1428208678 0.0000000 0.94678122 0.88135290
1428320250 0.0000000 0.99516839 0.98971558
1428945237 0.0000000 0.99881554 0.99723262
1429127316 0.0000000 0.98945582 0.97730201
1429494176 0.0000000 0.99997866 0.99958575
1429494550 0.0000000 0.99966198 0.99889100
1429528847 0.0000000 0.99988711 0.99948668
1429530313 0.0000000 0.99996352 0.99959260
1429531199 0.0000000 0.99995846 0.99959028
1429992097 0.0000000 0.99992847 0.99952644
1430658547 0.0000000 0.99898744 0.99761593
1431333501 0.0000000 0.99989986 0.99952573
1431387795 0.0000000 0.99650186 0.99243349
1431628549 0.0000000 0.99974418 0.99918622
1432588969 0.0000000 0.99836093 0.99617773
1432601816 0.0000000 0.99723476 0.99406803
1432799863 0.0000000 0.99569452 0.99075574
1434467768 0.0000000 0.99363410 0.98639435
1434867330 0.0000000 0.99653417 0.99263132
1435335400 0.0000000 0.99130428 0.98138291
1438066750 0.0000000 0.99954718 0.99907047
1438936857 0.0000000 0.97903270 0.95675677
1439209234 5.5500002 5.14771156E-02 -0.21370566
1439418087 -60.000000 5.10765985E-02 -0.25215828
1439474882 -74.400002 5.25653996E-02 -417.83093
1439699200 94.500000 4.87897992E-02 -1.7958796
1441113885 0.0000000 0.99960077 5.72978854E-02
1441128847 0.0000000 0.99692082 3.33801508E-02
1441160293 0.0000000 0.99782246 5.57430983E-02
1441898607 0.0000000 0.99883044 0.99741393
1442339782 0.0000000 0.99899757 0.99783456
1442345855 0.0000000 0.99997860 0.99977601
1442345878 0.0000000 0.99997854 0.99977636
1442408939 0.0000000 0.99996078 0.99972314
1442410226 0.0000000 0.99624199 0.99196452
1442413798 0.0000000 0.99798751 0.99575728
1443074281 0.0000000 0.98776495 0.97452074
1443555465 0.0000000 0.99874789 0.99731690
1444648487 0.0000000 0.99864763 0.99704963
1444736944 0.0000000 0.99949050 0.99884170
1444953165 0.0000000 0.99905944 0.99794161
1444953267 0.0000000 0.99655372 0.99278516
1445014914 0.0000000 0.97402090 0.94557142
1445221055 0.0000000 0.99994022 0.99967086
1445233331 0.0000000 0.99917060 0.99810642
1445239215 0.0000000 0.99917227 0.99810225
1446412182 0.0000000 0.99997264 0.99971360
1446412281 0.0000000 0.99997067 0.99969894
1446509184 0.0000000 0.99968755 0.99920422
1446509190 0.0000000 0.99968421 0.99919826
1446714386 0.0000000 0.99631047 0.99226815
1447167192 0.0000000 0.99113208 0.98132080
1447255999 0.0000000 0.99916202 0.99816686
1447277516 0.0000000 0.98373944 0.96545714
1448316095 0.0000000 0.95882016 0.90914410
1448671943 0.0000000 0.99388671 0.98706192
1449033717 0.0000000 0.99833101 0.99629992
1449035580 0.0000000 0.99678266 0.99318039
1449153073 0.0000000 0.99922705 0.99821711
1449935242 0.0000000 0.99415874 0.98776901
1450510821 0.0000000 0.97122157 0.93585306
1450536811 0.0000000 0.97383887 0.94329691
1450992022 0.0000000 0.99660361 0.99284941
1451199638 0.0000000 0.97147554 0.94007719
1451327726 0.0000000 0.98795664 0.97404987
1451523194 0.0000000 0.98288023 0.96398318
1451829690 0.0000000 0.99876881 0.99728930
1451928000 0.0000000 0.96015662 0.91217703
1452487977 0.0000000 0.99837971 0.99635869
1453169606 0.0000000 0.99993658 0.99957848
1453824336 0.0000000 0.95729280 0.90182865
1454422761 0.0000000 0.99997324 0.99959457
1454702246 0.0000000 0.99999201 0.99963009
1454702308 0.0000000 0.99999148 0.99962997
1454702406 0.0000000 0.99999684 0.99958527
1454702512 0.0000000 0.99996352 0.99953079
1454978820 0.0000000 0.99980927 0.99922907
1455590759 0.0000000 0.99756330 0.99476397
1455595494 0.0000000 0.99928063 0.99814284
1455757779 0.0000000 0.99982196 0.99924719
1455758311 0.0000000 0.99959475 0.99881226
1456215987 0.0000000 0.99604666 0.99165815
1456541993 0.0000000 0.98958397 0.97786999
1457201466 0.0000000 0.99651200 0.99264389
1457276938 0.0000000 0.97289526 0.94174224
1459152479 0.0000000 0.99617821 0.99198496
1459502085 0.0000000 0.90231299 0.76142931
1459988008 0.0000000 0.93284476 0.84357643
1460294506 0.0000000 0.96136767 0.91609997
1460353509 0.0000000 0.99977487 0.99925947
1460804146 0.0000000 0.99864924 0.99692762
1461082597 0.0000000 0.98692703 0.97164184
1461607991 0.0000000 0.99209732 0.98291802
1461770234 0.0000000 0.99997628 0.99961722
1461770257 0.0000000 0.99997586 0.99961734
1461770858 0.0000000 0.99970609 0.99900329
1461781146 0.0000000 0.99992985 0.99957395
1461806086 0.0000000 0.99570274 0.99075973
1462056417 0.0000000 0.99877131 0.99714339
1462199340 0.0000000 0.99934596 0.99834341
1462521203 0.0000000 0.99672824 0.99292612
1462632669 0.0000000 0.99870753 0.99709356
1462675593 0.0000000 0.99964625 0.99909151
1463023035 0.0000000 0.99998736 0.99966592
1463023251 0.0000000 0.99941260 0.99839592
1463023282 0.0000000 0.99908632 0.99771476
1463027395 0.0000000 0.99997222 0.99968231
1463127852 0.0000000 0.99987775 0.99949878
1463195522 0.0000000 0.99906218 0.99776125
1463196768 0.0000000 0.99927700 0.99827486
1463530965 0.0000000 0.99945444 0.99874252
1463863900 0.0000000 0.99958378 0.99888217
1463882779 0.0000000 0.99763942 0.99489182
1464184475 0.0000000 0.93115932 0.84145206
1464544116 0.0000000 0.98970592 0.97804517
1464576767 0.0000000 0.99734408 0.99432153
1464630651 0.0000000 0.99235839 0.98384959
1464672226 0.0000000 0.99998790 0.99970895
1466204142 0.0000000 0.98110181 0.95953804
1466383187 0.0000000 0.99900365 0.99781305
1466409210 0.0000000 0.99561828 0.99098080
1466715930 0.0000000 0.99953729 0.99886590
1467361422 0.0000000 0.99646062 0.99242246
1469019333 0.0000000 0.98583567 0.97007173
1469592155 0.0000000 0.99924850 0.99830228
1471008941 0.0000000 0.98354465 0.96567607
1471908408 0.0000000 0.98813498 0.97501457
1472660934 0.0000000 0.99968088 0.99922651
1473440050 0.0000000 0.98043579 0.95873719
1475055492 0.0000000 0.99910396 0.99810839
1475769120 0.0000000 0.99997032 0.99974358
1477370752 0.0000000 0.99938333 0.99856669
1478519786 0.0000000 0.99924916 0.99822414
1478903131 0.0000000 0.99981958 0.99941331
1480024554 0.0000000 0.99994600 0.99962056
1480377579 0.0000000 0.98294479 0.96424764
1480507474 0.0000000 0.99942023 0.99854630
1481256588 0.0000000 0.99934965 0.99851555
1481811269 0.0000000 0.99975228 0.99916899
1483057851 0.0000000 0.99773961 0.99503219
1483513641 0.0000000 0.99427080 0.98792648
1484155863 0.0000000 0.99444771 0.98828459
1484797338 0.0000000 0.91926372 0.81236976
1484900187 0.0000000 0.98769671 0.97417575
1485329586 0.0000000 0.99822819 0.99615860
1486746772 0.0000000 0.99995726 0.99954700
1487420859 0.0000000 0.98318511 0.96383953
1487652197 0.0000000 0.96379721 0.92140770
1488212310 0.0000000 0.99541354 0.99011832
1488924651 0.0000000 0.99485755 0.98895884
1489967289 0.0000000 0.98337549 0.96513683
1490066029 0.0000000 0.92098224 0.81967431
1490805242 0.0000000 0.98443550 0.96716130
1492112471 0.0000000 0.99410188 0.98795086
1492367656 0.0000000 0.99584496 0.99139363
1493517442 0.0000000 0.99629116 0.99223161
1493960850 0.0000000 0.99008328 0.97873664
1493986611 0.0000000 0.87069523 0.66747028
1494889974 0.0000000 0.99891716 0.99776334
1494932580 0.0000000 0.99156648 0.98290175
1495631454 0.0000000 0.99766308 0.99513018
1495691291 0.0000000 0.99613839 0.99195695
1495956669 0.0000000 0.94569671 0.87774551
1495999757 0.0000000 0.99715555 0.99420255
1496582686 0.0000000 0.99371088 0.98709965
1497967350 0.0000000 0.89297169 0.75182444
1498029939 0.0000000 0.99454820 0.98837513
1500318986 0.0000000 0.98005587 0.95701385
1501139292 0.0000000 0.98173827 0.96145439
1501845585 0.0000000 0.99848986 0.99691790
1502294736 0.0000000 0.99162799 0.98272932
1502416734 0.0000000 0.99637979 0.99259913
1502582915 0.0000000 0.98578739 0.96944529
1504364658 0.0000000 0.97657359 0.95012939
1505096741 0.0000000 0.98766726 0.97379231
1505687994 0.0000000 0.99208623 0.98330677
1505917796 0.0000000 0.99868751 0.99733442
1506232185 0.0000000 0.99035853 0.97996539
1506549399 0.0000000 0.97553331 0.94836384
1507505391 0.0000000 0.99263024 0.98483229
1507747520 0.0000000 0.98565841 0.96938729
1508582157 0.0000000 0.97998214 0.95735401
1509318944 0.0000000 0.99826384 0.99645805
1509677295 0.0000000 0.99821872 0.99636245
1509677339 0.0000000 0.99822688 0.99637944
1509752088 0.0000000 0.99700564 0.99383730
1510398879 0.0000000 0.99410737 0.98766041
1510402973 0.0000000 0.99759716 0.99505544
1510440860 0.0000000 0.99334210 0.98587638
1510947032 0.0000000 0.98215204 0.96264720
1511360409 0.0000000 0.99863726 0.99721140
1511470532 0.0000000 0.99687588 0.99348402
1512230735 0.0000000 0.95575625 0.90543813
1512377977 0.0000000 0.98811686 0.97520423
1512704669 0.0000000 0.99270082 0.98467559
1513120660 0.0000000 0.99524593 0.99017549
1516168751 0.0000000 0.99572217 0.99096566
1516984288 0.0000000 0.99485528 0.98953134
1517686257 0.0000000 0.99705619 0.99382818
1517749972 0.0000000 0.99900705 0.99791336
1517752600 0.0000000 0.99896479 0.99784702
1517752662 0.0000000 0.99898642 0.99789101
1517753127 0.0000000 0.99513245 0.98987192
1517753452 0.0000000 0.99883264 0.99755514
1517753522 0.0000000 0.99887174 0.99763960
1517753592 0.0000000 0.99890304 0.99770290
1517753815 0.0000000 0.99839908 0.99666774
1517758427 0.0000000 0.99612558 0.99188924
1517763262 0.0000000 0.99289203 0.98505688
1517821602 0.0000000 0.99663651 0.99295682
1517823894 0.0000000 0.99302512 0.98563141
1517846321 0.0000000 0.99837869 0.99658614
1517852233 0.0000000 0.99350560 0.98647428
1517893754 0.0000000 0.99846596 0.99682248
1517906208 0.0000000 0.99736547 0.99449825
1517932241 0.0000000 0.99916160 0.99823856
1517932280 0.0000000 0.99916172 0.99824053
1517932282 0.0000000 0.99916208 0.99824059
1517932427 0.0000000 0.99959713 0.99914140
1517932434 0.0000000 0.99956250 0.99908251
1517932492 0.0000000 0.99942255 0.99877679
1517933877 0.0000000 0.99788469 0.99557120
1517940013 0.0000000 0.99921793 0.99834812
1517940459 0.0000000 0.99918562 0.99828535
1517944528 0.0000000 0.99947435 0.99889064
1517945796 0.0000000 0.99792057 0.99571669
1517950582 0.0000000 0.99835962 0.99660730
1517958702 0.0000000 0.99796462 0.99579591
1517960631 0.0000000 0.99857074 0.99700099
1517969882 0.0000000 0.99901348 0.99792826
1517974578 0.0000000 0.99836206 0.99657488
1517998787 0.0000000 0.99568760 0.99107581
1518001985 0.0000000 0.99870253 0.99728054
1518008800 0.0000000 0.99868566 0.99727625
1518008880 0.0000000 0.99870265 0.99729997
1518013159 0.0000000 0.99769765 0.99527752
1518016890 0.0000000 0.99940455 0.99874330
1518016916 0.0000000 0.99940497 0.99874502
1518051257 0.0000000 0.99827808 0.99636197
1518059164 0.0000000 0.99768507 0.99517858
1518142443 0.0000000 0.99601156 0.99170822
1518201789 0.0000000 0.99668556 0.99312866
1518248929 0.0000000 0.99628001 0.99227232
1518858396 0.0000000 0.97730422 0.95287108
1518981709 0.0000000 0.98841524 0.97487992
1519051621 0.0000000 0.99227279 0.98294681
1519254641 0.0000000 0.99578387 0.99102831
1519583320 0.0000000 0.99805933 0.99594176
1519962147 0.0000000 0.99383706 0.98727071
1520098551 0.0000000 0.99822718 0.99631518
1520329330 0.0000000 0.99295557 0.98486722
1521024527 0.0000000 0.99668479 0.99320889
1521537776 0.0000000 0.99876404 0.99742264
1521728871 0.0000000 0.99595666 0.99142915
1522232997 0.0000000 0.99439341 0.98797238
1522282670 0.0000000 0.99833095 0.99652100
1522598524 0.0000000 0.98992145 0.97839844
1523432369 0.0000000 0.98223406 0.96255809
1523886539 0.0000000 0.99639994 0.99254727
1524201906 0.0000000 0.98212409 0.96292865
1524248877 0.0000000 0.95585966 0.90110576
1524308214 0.0000000 0.98714507 0.97344708
1524503432 0.0000000 0.99519026 0.98994100
1524721460 0.0000000 0.98821670 0.97574025
1524721601 0.0000000 0.98398930 0.96666074
1524808553 0.0000000 0.98666608 0.97238553
1525218424 0.0000000 0.99865925 0.99725729
1526098666 0.0000000 0.99138874 0.98180908
1527728598 0.0000000 0.99730849 0.99454558
1527904870 0.0000000 0.99390483 0.98715848
1528731725 0.0000000 0.99422812 0.98818725
1528750347 0.0000000 0.99734825 0.99461567
1528856173 0.0000000 0.94537914 0.88070172
1529096035 0.0000000 0.99383646 0.98685622
1529334375 0.0000000 0.96334696 0.92312312
1529522338 0.0000000 0.99580532 0.99127489
1530516370 0.0000000 0.99650943 0.99279231
1530516385 0.0000000 0.99651051 0.99279320
1530609654 0.0000000 0.99763376 0.99517351
1531312909 0.0000000 0.99534750 0.99045885
1531507119 0.0000000 0.99805456 0.99602926
1532050755 0.0000000 0.99108964 0.98092532
1533217098 0.0000000 0.99595284 0.99150532
1533504622 0.0000000 0.95325911 0.89227897
1533801692 0.0000000 0.97645509 0.94833446
1534500582 0.0000000 0.99544525 0.99043036
1534551317 0.0000000 0.99788731 0.99565387
1535572403 0.0000000 0.99169618 0.98274398
1535660064 0.0000000 0.95942724 0.91271877
1536498994 0.0000000 0.98736924 0.97291654
1536641006 0.0000000 0.99530882 0.99027288
1536700815 0.0000000 0.98292923 0.96249801
1538633849 0.0000000 0.97695869 0.94943386
1538766649 0.0000000 0.96285152 0.91940206
1539072778 0.0000000 0.98684675 0.97284675
1539164591 0.0000000 0.99707061 0.99396324
1540269298 0.0000000 0.99936432 0.99869883
1540310644 0.0000000 0.99936205 0.99869430
1541624711 0.0000000 0.99385768 0.98725468
1541712486 0.0000000 0.97797102 0.95374346
1542328459 0.0000000 0.98376840 0.96559411
1542608341 0.0000000 0.99528152 0.99013776
1542638415 0.0000000 0.99162233 0.98225993
1542645094 0.0000000 0.99154097 0.98165274
1543190243 0.0000000 0.99775434 0.99535316
1543191316 0.0000000 0.99034262 0.97899693
1543236658 0.0000000 0.99447674 0.98826164
1543238642 0.0000000 0.99215764 0.98311049
1543314575 0.0000000 0.99436450 0.98804092
1544368541 0.0000000 0.99783409 0.99551046
1544439487 0.0000000 0.99155945 0.98238724
1544621063 0.0000000 0.99739528 0.99462384
1544908865 0.0000000 0.99679774 0.99326581
1545710204 0.0000000 0.99082530 0.98084849
1546538568 0.0000000 0.99840766 0.99671292
1546949806 0.0000000 0.99650079 0.99260372
1548127166 0.0000000 0.99503332 0.98957872
1548825695 0.0000000 0.99708116 0.99387592
1548861293 0.0000000 0.99377173 0.98698449
1549366351 0.0000000 0.98704022 0.97171068
1549558324 0.0000000 0.99799639 0.99582541
1550239687 0.0000000 0.99504608 0.98942727
1551558867 0.0000000 0.90043813 0.75257373
1552012334 0.0000000 0.99829203 0.99646133
1552127531 0.0000000 0.94004637 0.86694086
1552421955 0.0000000 0.99718916 0.99410081
1552451554 0.0000000 0.99396700 0.98697627
1552511242 0.0000000 0.99604720 0.99166548
1552697151 0.0000000 0.98913842 0.97715837
1552968094 0.0000000 0.98946351 0.97614497
1553256348 0.0000000 0.98665363 0.96995550
1553414210 0.0000000 0.97820741 0.95297801
1554087275 0.0000000 0.98822039 0.97381616
1554172029 0.0000000 0.96827877 0.93088871
1554256375 0.0000000 0.99932081 0.99858218
1554343015 0.0000000 0.99895704 0.99783748
1554382610 0.0000000 0.98878098 0.97630084
1554499495 0.0000000 0.99013609 0.97931069
1554706689 0.0000000 0.98768073 0.97456867
1554822801 0.0000000 0.99844646 0.99678987
1554841453 0.0000000 0.99716884 0.99407047
1554850672 0.0000000 0.99694723 0.99363208
1555563667 0.0000000 0.99939549 0.99875593
1556793883 0.0000000 0.99568474 0.99097925
1556970683 0.0000000 0.94730628 0.88165718
1557330527 0.0000000 0.98754847 0.97369069
1557737721 0.0000000 0.99310529 0.98501253
1558197514 0.0000000 0.99301958 0.98543507
1558379328 0.0000000 0.72774160 5.25423288E-02
1558489044 0.0000000 0.99635965 0.99246550
1558591969 0.0000000 0.99692780 0.99356800
1559317998 0.0000000 0.98429763 0.96753258
1559641578 0.0000000 0.99828815 0.99645811
1559762840 0.0000000 0.99341273 0.98645812
1560870606 0.0000000 0.91583413 0.80605507
1561237205 0.0000000 0.99101090 0.98141325
1561242160 0.0000000 0.99130458 0.98216265
1562610935 0.0000000 0.99395424 0.98756880
1562880116 0.0000000 0.99838650 0.99671096
1563275550 0.0000000 0.97561526 0.94518566
1563531230 0.0000000 0.99185777 0.98349810
1563768365 0.0000000 0.95177835 0.89308733
1563850922 0.0000000 0.93786830 0.85055643
1564123196 0.0000000 0.99435198 0.98807132
1564190683 0.0000000 0.99791628 0.99575174
1564649429 0.0000000 0.99506927 0.98969024
1564753988 0.0000000 0.99693960 0.99382061
1564784683 0.0000000 0.99848360 0.99692374
1565054388 0.0000000 0.99907607 0.99811172
1565055090 0.0000000 0.99596477 0.99171376
1565213283 0.0000000 0.99869496 0.99733043
1565218942 0.0000000 0.99015808 0.97847980
1565905300 0.0000000 0.99452609 0.98845446
1566053525 0.0000000 0.99363685 0.98708129
1566053530 0.0000000 0.99359059 0.98698163
1566074882 0.0000000 0.99316394 0.98528469
1566101114 0.0000000 0.99814504 0.99616998
1566598377 0.0000000 0.93312132 0.85522759
1566648618 0.0000000 0.96589458 0.92445284
1567237819 0.0000000 0.97166228 0.94075537
1567471650 0.0000000 0.99395221 0.98773146
1567604000 0.0000000 0.97547823 0.94846392
1567917359 0.0000000 0.98785371 0.97463256
1568095682 0.0000000 0.99235380 0.98418146
1569863578 0.0000000 0.98985416 0.97872651
1570468626 0.0000000 0.99527228 0.99020404
1571312673 0.0000000 0.99855185 0.99704850
1571861758 0.0000000 0.94354552 0.87077445
1572218883 0.0000000 0.98622233 0.97088069
1573491297 0.0000000 0.95367855 0.89814377
1573495893 0.0000000 0.95730293 0.90498632
1574645562 0.0000000 0.99774641 0.99537796
1575564604 0.0000000 0.96628481 0.92618555
1575660753 0.0000000 0.98239625 0.96173716
1576495557 0.0000000 0.99746722 0.99472916
1577769501 0.0000000 0.96695739 0.92800140
1577819410 0.0000000 0.99817306 0.99621534
1578293635 0.0000000 0.99678570 0.99331504
1578510402 0.0000000 0.97859883 0.95390683
1579404154 0.0000000 0.96210980 0.91932058
1579703564 0.0000000 0.98326701 0.96460128
1580749376 0.0000000 0.99412286 0.98740470
1581076659 0.0000000 0.98355561 0.96357888
1581616159 0.0000000 0.99742657 0.99462694
1581629921 0.0000000 0.98734540 0.97375798
1581764406 0.0000000 0.99900806 0.99792439
1581764700 0.0000000 0.99811077 0.99603653
1581794413 0.0000000 0.99801034 0.99587017
1582090065 0.0000000 0.99774873 0.99531037
1582113307 0.0000000 0.99142456 0.98173434
1582546233 0.0000000 0.99338537 0.98631543
1582592414 0.0000000 0.99180418 0.98253512
1582629242 0.0000000 0.99831843 0.99649191
1582695255 0.0000000 0.99536192 0.99010301
1584677477 0.0000000 0.99221188 0.98351008
1585787701 0.0000000 0.94160187 0.86777711
1586304460 0.0000000 0.96443564 0.91980231
1586389759 0.0000000 0.99605578 0.99165928
1586537097 0.0000000 0.99740249 0.99454534
1586691401 0.0000000 0.99511832 0.98967135
1587481331 0.0000000 0.97870827 0.95290011
1588476280 0.0000000 0.99720985 0.99412829
1589003116 0.0000000 0.98053604 0.95841968
1589548020 0.0000000 0.85852480 0.64129066
1589756010 0.0000000 0.97966480 0.95475811
1589910785 0.0000000 0.93898726 0.86970294
1590311534 0.0000000 0.81858277 0.48863697
1590359490 0.0000000 0.99692833 0.99353290
1590694463 0.0000000 0.99563420 0.99070883
1590843750 0.0000000 0.99536145 0.99017406
1591494563 0.0000000 0.99635816 0.99240243
1591839506 0.0000000 0.99076641 0.97966057
1591921295 0.0000000 0.99195385 0.98331970
1592079539 0.0000000 0.99650955 0.99266887
1592349420 0.0000000 0.99169379 0.98181593
1593214064 0.0000000 0.99774683 0.99541533
1593241888 0.0000000 0.98732841 0.97394753
1593407313 0.0000000 0.98708332 0.97192162
1593435168 0.0000000 0.99096680 0.98036116
1593519432 0.0000000 0.97332877 0.94153196
1594227272 0.0000000 0.98961151 0.97831893
1594265063 0.0000000 0.99529243 0.99004006
1594267923 0.0000000 0.99278444 0.98511404
1594526768 0.0000000 0.96992433 0.93315333
1594546164 0.0000000 0.89227355 0.74724793
1595767949 0.0000000 0.99842328 0.99675119
1597107665 0.0000000 0.99061573 0.97980738
1597123796 0.0000000 0.62357348 -0.52740812
1597187246 0.0000000 0.98262471 0.96358293
1597774608 0.0000000 0.95759445 0.90944248
1597797181 0.0000000 0.99032122 0.97974360
1597806811 0.0000000 0.99602038 0.99174333
1598480108 0.0000000 0.99514312 0.98999697
1598847265 0.0000000 0.87806833 0.69404888
1599036279 0.0000000 0.97982281 0.95734674
1600306672 0.0000000 0.99588543 0.99148405
1600646088 0.0000000 0.96238607 0.91835308
1600833602 0.0000000 0.99129486 0.98176855
1601017581 0.0000000 0.97427982 0.94493872
1601326254 0.0000000 0.99852419 0.99697995
1601342057 0.0000000 0.99618119 0.99216074
1601440640 0.0000000 0.99673587 0.99316651
1601863505 0.0000000 0.98778492 0.97447449
1602517184 0.0000000 0.99581200 0.99130791
1602946993 0.0000000 0.99721879 0.99426973
1602947159 0.0000000 0.98668611 0.97228241
1603087586 0.0000000 0.96810681 0.93037069
1603396062 0.0000000 0.81463325 0.49131131
1603674483 0.0000000 0.98470092 0.96662718
1604358861 0.0000000 0.98704350 0.97288239
1604426346 0.0000000 0.96773684 0.92931420
1604601372 0.0000000 0.99424303 0.98798525
1604626818 0.0000000 0.99735600 0.99455172
1605130406 0.0000000 0.99391413 0.98747027
1605130534 0.0000000 0.99345934 0.98646456
1605266102 0.0000000 0.96881783 0.93267024
1605511152 0.0000000 0.98197186 0.96120065
1605551866 0.0000000 0.97382599 0.94351768
1605557664 0.0000000 0.97741169 0.95344454
1605621503 0.0000000 0.96017253 0.91533267
1605662576 0.0000000 0.94846100 0.88521451
1606582085 0.0000000 0.95295948 0.89765847
1606657334 0.0000000 0.99695766 0.99377275
1607578178 0.0000000 0.99725407 0.99427986
1607606398 0.0000000 0.99881512 0.99755955
1607606851 0.0000000 0.99618685 0.99207085
1607624108 0.0000000 0.99640065 0.99238813
1608317519 0.0000000 0.96779007 0.92943639
1608385359 0.0000000 0.95226854 0.89396906
1609436522 0.0000000 0.97623903 0.94856006
1609594007 0.0000000 0.99716395 0.99420059
1610162996 0.0000000 0.92406505 0.83032513
1610192153 0.0000000 0.99656814 0.99271214
1610249009 0.0000000 0.99646348 0.99253654
1610838659 0.0000000 0.99825245 0.99633646
1611559538 0.0000000 0.99516284 0.98974645
1611565557 0.0000000 0.98454165 0.96606541
1611574763 0.0000000 0.98385829 0.96398616
1611584686 0.0000000 0.90461248 0.78071469
1611818971 0.0000000 0.99702978 0.99393070
