991995645 0.0000000 0.88218015 0.69503325
1030628193 0.0000000 0.99781507 0.99555457
1030651553 0.0000000 0.99988514 0.99962914
1030859781 0.0000000 0.99979454 0.99931651
1030864055 0.0000000 0.99981403 0.99938607
1031310121 0.0000000 0.99992168 0.99957007
1031439572 0.0000000 0.99988538 0.99946046
1031647094 0.0000000 0.99968898 0.99908155
1032052013 0.0000000 0.99976552 0.99923491
1032134610 0.0000000 0.99992192 0.99962497
1032294371 0.0000000 0.99447322 0.98825872
1032315669 0.0000000 0.97741055 0.95178837
1032907402 0.0000000 0.99958616 0.99889576
1033103267 0.0000000 0.99963015 0.99890375
1033374913 0.0000000 0.99989492 0.99952084
1033690544 0.0000000 0.95531851 0.90074635
1033947513 0.0000000 0.99910897 0.99790138
1034070514 0.0000000 0.98959768 0.97803593
1034480608 0.0000000 0.99277109 0.98483217
1034923400 0.0000000 0.99857515 0.99682111
1034928298 0.0000000 0.99829155 0.99612600
1035149152 0.0000000 0.99820310 0.99590188
1035153178 0.0000000 0.99816531 0.99584508
1035197382 0.0000000 0.99659425 0.99259675
1035991040 0.0000000 0.97702736 0.95039296
1036098952 0.0000000 0.98868984 0.97609943
1036697273 0.0000000 0.98737997 0.97342712
1036697648 0.0000000 0.99262363 0.98427206
1036886824 0.0000000 0.99970376 0.99910235
1038324582 0.0000000 0.99619460 0.99184495
1039232712 0.0000000 0.98146915 0.96073973
1039743025 0.0000000 0.99541229 0.99019945
1040450954 0.0000000 0.99151689 0.98193103
1040520314 0.0000000 0.99109310 0.98116159
1040644457 0.0000000 0.99639642 0.99235135
1040799690 0.0000000 0.99989212 0.99956810
1041632855 0.0000000 0.99806547 0.99578166
1042809813 0.0000000 0.99968600 0.99906629
1043607562 0.0000000 0.99563652 0.99105692
1044768063 0.0000000 0.99922365 0.99815798
1044817061 0.0000000 0.98904884 0.97660524
1045633623 0.0000000 0.99361438 0.98650247
1046065971 0.0000000 0.98483700 0.96765828
1046575544 0.0000000 0.99956149 0.99867010
1048808323 0.0000000 0.99137974 0.98189414
1049310522 0.0000000 0.99787164 0.99540007
1049353173 0.0000000 0.99913114 0.99790847
1051845960 0.0000000 0.99782073 0.99516165
1051900153 0.0000000 0.95587295 0.90183425
1052394722 0.0000000 0.86617965 0.64409351
1052961462 0.0000000 0.99988461 0.99944186
1053904321 0.0000000 0.98452026 0.96686310
1054395492 0.0000000 0.99601144 0.99135476
1054853585 0.0000000 0.98990089 0.97884434
1055123570 0.0000000 0.99994522 0.99958515
1055135284 0.0000000 0.99989027 0.99941403
1055234432 0.0000000 0.99995595 0.99957806
1055390332 0.0000000 0.99945110 0.99854374
1055425274 0.0000000 0.99938124 0.99837732
1055472531 0.0000000 0.95565009 0.90238577
1055510426 0.0000000 0.99919963 0.99807262
1055788418 0.0000000 0.99991471 0.99952239
1055803080 0.0000000 0.99917841 0.99796617
1056357316 0.0000000 0.99276268 0.98483205
1057028486 0.0000000 0.96996057 0.93509686
1057319282 0.0000000 0.91363204 0.79892665
1058108790 0.0000000 0.99937159 0.99842161
1058496080 0.0000000 0.99989074 0.99947745
1059102630 0.0000000 0.99838555 0.99636406
1059590191 0.0000000 0.99934238 0.99832225
1059850488 0.0000000 0.99656546 0.99254811
1059910523 0.0000000 0.99982500 0.99935567
1059994404 0.0000000 0.99685341 0.99330449
1060172588 0.0000000 0.99946898 0.99859601
1060619413 0.0000000 0.99996167 0.99958581
1061586322 0.0000000 0.99308801 0.98520225
1062262342 0.0000000 0.99804914 0.99564475
1063234506 0.0000000 0.99967086 0.99900013
1063264037 0.0000000 0.99203801 0.98314959
1064365712 0.0000000 0.99725789 0.99388742
1064533379 0.0000000 0.99841374 0.99638534
1065785029 0.0000000 0.99025691 0.97910976
1065790269 0.0000000 0.99958688 0.99889249
1065847269 0.0000000 0.98307431 0.96355635
1067505195 0.0000000 0.99859589 0.99676132
1068127124 0.0000000 0.99975812 0.99919754
1068356150 0.0000000 0.99979746 0.99923456
1068595355 0.0000000 0.99984622 0.99931741
1068804765 0.0000000 0.99512058 0.98951793
1068825242 0.0000000 0.99928945 0.99817294
1069412363 0.0000000 0.99375564 0.98665714
1070682432 0.0000000 0.94907689 0.88705003
1070692497 0.0000000 0.99950385 0.99861693
1070921046 0.0000000 0.99845093 0.99638659
1071031093 0.0000000 0.99994570 0.99956477
1071031176 0.0000000 0.99994791 0.99957073
1071031375 0.0000000 0.99984485 0.99926543
1071031628 0.0000000 0.99842834 0.99642193
1071031695 0.0000000 0.99907869 0.99774683
1071031744 0.0000000 0.99913269 0.99787813
1071031844 0.0000000 0.99905044 0.99766910
1071031926 0.0000000 0.99890208 0.99735141
1071033611 0.0000000 0.99960750 0.99883962
1071033625 0.0000000 0.99960440 0.99883151
1071035006 0.0000000 0.99209362 0.98309302
1071038489 0.0000000 0.99486488 0.98881865
1071042579 0.0000000 0.98344463 0.96503538
1071043831 0.0000000 0.99285084 0.98450613
1071046005 0.0000000 0.99868554 0.99687773
1071046239 0.0000000 0.97601581 0.94835538
1071074159 0.0000000 0.98521650 0.96838528
1071095531 0.0000000 0.99361116 0.98635465
1071100910 0.0000000 0.99963230 0.99889594
1071109335 0.0000000 0.99494648 0.98906249
1071169499 0.0000000 0.99651998 0.99244994
1071182968 0.0000000 0.99941945 0.99849880
1071183209 0.0000000 0.99936932 0.99833864
1071183435 0.0000000 0.99703133 0.99356431
1071443800 0.0000000 0.99791187 0.99528843
1071583019 0.0000000 0.99920577 0.99801171
1071584001 0.0000000 0.99758536 0.99461186
1071678445 0.0000000 0.99980271 0.99923331
1071725608 0.0000000 0.99897516 0.99750322
1072705310 0.0000000 0.99990147 0.99941677
1072926918 0.0000000 0.99990743 0.99948668
1073300844 0.0000000 0.99534833 0.98998988
1073475853 0.0000000 0.99549490 0.99007887
1073756920 0.0000000 0.99393642 0.98699343
1073986141 0.0000000 0.99918497 0.99781400
1073994067 0.0000000 0.99811870 0.99567378
1075317204 0.0000000 0.99968553 0.99900359
1075317446 0.0000000 0.99324101 0.98530155
1075318489 0.0000000 0.99820900 0.99600452
1075466599 0.0000000 0.99943024 0.99845988
1075865039 0.0000000 0.99990052 0.99946940
1076851926 0.0000000 0.99971169 0.99903256
1076884025 0.0000000 0.99894631 0.99743485
1077531525 0.0000000 0.99868995 0.99688125
1077584107 0.0000000 0.99912339 0.99779814
1078321829 0.0000000 0.99642420 0.99224490
1079154231 0.0000000 0.99855667 0.99654168
1080241624 0.0000000 0.99876124 0.99707091
1081488818 0.0000000 0.99707001 0.99335462
1082397083 0.0000000 0.99465263 0.98857373
1082563195 0.0000000 0.99444938 0.98806334
1082729069 0.0000000 0.99775094 0.99504077
1082820030 0.0000000 0.99861586 0.99662793
1083398171 0.0000000 0.99989599 0.99937266
1083961065 0.0000000 0.99920291 0.99794888
1084003366 0.0000000 0.99948728 0.99855506
1084082541 0.0000000 0.99966705 0.99889022
1084133207 0.0000000 0.99986881 0.99937499
1084597670 0.0000000 0.99976492 0.99912393
1084687448 0.0000000 0.99991584 0.99941647
1084950252 0.0000000 0.99994832 0.99951649
1085103239 0.0000000 0.99674529 0.99288356
1085390106 0.0000000 0.99322116 0.98549789
1086195389 0.0000000 0.99969083 0.99895370
1086315872 0.0000000 0.99832457 0.99617285
1086883086 0.0000000 0.99887931 0.99727595
1087613581 0.0000000 0.99863923 0.99678671
1089099122 0.0000000 0.99985439 0.99933255
1089113880 0.0000000 0.99973685 0.99897993
1089371968 0.0000000 0.99422318 0.98747551
1090478200 0.0000000 0.99933326 0.99830902
1091970746 0.0000000 0.99978948 0.99926019
1092861100 0.0000000 0.99585873 0.99107111
1093118276 0.0000000 0.97720987 0.95009565
1093908136 0.0000000 0.99969709 0.99905586
1095475955 0.0000000 0.99787790 0.99527949
1097813330 0.0000000 0.99992251 0.99950701
1098848984 0.0000000 0.99062741 0.97998899
1099928102 0.0000000 0.99326575 0.98526847
1099929295 0.0000000 0.99991477 0.99926066
1099929521 0.0000000 0.99976408 0.99917239
1099931589 0.0000000 0.99314201 0.98530662
1099942690 0.0000000 0.99961954 0.99882543
1100098082 0.0000000 0.99978966 0.99922901
1100139404 0.0000000 0.99987316 0.99934363
1100237223 0.0000000 0.99025667 0.97874695
1100955874 0.0000000 0.98247159 0.96248317
1103674687 0.0000000 0.99586409 0.99087590
1105287429 0.0000000 0.91746545 0.81170082
1105405102 0.0000000 0.99928445 0.99856192
1105536640 0.0000000 0.99874961 0.99747193
1105765351 0.0000000 0.99899960 0.99799252
1106056455 0.0000000 0.96878815 0.93821836
1106207236 0.0000000 0.99993414 0.99757063
1106226863 0.0000000 0.99174464 0.98237139
1106317701 0.0000000 0.99990839 0.99742651
1106377004 0.0000000 0.99823129 0.99406725
1106829094 0.0000000 0.99972612 0.99731606
1107166208 0.0000000 0.99658942 0.99169904
1107223187 0.0000000 0.99977607 0.99713761
1107233798 0.0000000 0.99919564 0.99625558
1107286746 0.0000000 0.97720236 0.95491779
1107388387 0.0000000 0.99873650 0.99512613
1107601144 0.0000000 0.99978644 0.99700606
1107601252 0.0000000 0.99977642 0.99697226
1108162580 0.0000000 0.99763972 0.99351615
1108757898 0.0000000 0.99984276 0.99750161
1108761568 0.0000000 0.99473888 0.98829758
1110049611 0.0000000 0.99988812 0.99707341
1110049680 0.0000000 0.99990082 0.99717367
1110050185 0.0000000 0.99970299 0.99692762
1110050874 0.0000000 0.99932718 0.99612111
1110568232 0.0000000 0.99626833 0.99071658
1111274786 0.0000000 0.99904197 0.99568933
1113182839 0.0000000 0.99470127 0.98811930
1113208093 0.0000000 0.99469113 0.98795909
1113260515 0.0000000 0.99829090 0.99472338
1113331351 0.0000000 0.99608791 0.99061078
1114345058 0.0000000 0.99740952 0.99282080
1114872497 0.0000000 0.99992561 0.99763066
1114872533 0.0000000 0.99992567 0.99763042
1114872543 0.0000000 0.99992573 0.99763221
1114981677 0.0000000 0.99791700 0.99375916
1115167250 0.0000000 0.99910069 0.99587947
1115753263 0.0000000 0.99500388 0.98845017
1115910658 0.0000000 0.98513591 0.97015840
1115942660 0.0000000 0.99837798 0.99469650
1116353193 0.0000000 0.99789047 0.99377543
1117405041 0.0000000 0.99912488 0.99622762
1117642805 0.0000000 0.99990350 0.99749726
1118162704 0.0000000 0.99972439 0.99682593
1118367166 0.0000000 0.99947011 0.99667913
1118396676 0.0000000 0.99920863 0.99618483
1118501300 0.0000000 0.99518150 0.98853207
1118677980 0.0000000 0.99654078 0.99133998
1118868304 0.0000000 0.95388293 0.90700012
1119087065 0.0000000 0.99950546 0.99662256
1119729025 0.0000000 0.98782593 0.97502482
1119876655 0.0000000 0.98381490 0.96765196
1121472051 0.0000000 0.99901259 0.99591422
1121864763 0.0000000 0.99980521 0.99703747
1122385024 0.0000000 0.99988973 0.99756080
1122618639 0.0000000 0.99807131 0.99413401
1122777951 0.0000000 0.99955922 0.99685556
1123439949 0.0000000 0.99872714 0.99549538
1125373372 0.0000000 0.99024147 0.97978204
1125685516 0.0000000 0.99483389 0.98829359
1125969360 0.0000000 0.99988085 0.99709332
1127055473 0.0000000 0.99114537 0.98093170
1127456637 0.0000000 0.99793494 0.99377739
1127471662 0.0000000 0.99534386 0.98902678
1127494190 0.0000000 0.99922848 0.99637073
1127760620 0.0000000 0.99970239 0.99716341
1128153007 0.0000000 0.99609101 0.99044287
1128174696 0.0000000 0.99912828 0.99589199
1128475640 0.0000000 0.99738598 0.99286711
1128528995 0.0000000 0.99974048 0.99716926
1128891916 0.0000000 0.96870267 0.93807226
1128923244 0.0000000 0.99700648 0.99225283
1129069430 0.0000000 0.96548730 0.93192047
1129155495 0.0000000 0.98047537 0.96122283
1129246313 0.0000000 0.99216360 0.98332512
1129324370 0.0000000 0.99074817 0.98032969
1129391464 0.0000000 0.99984652 0.99657285
1129907016 0.0000000 0.87909973 0.72779357
1130249327 0.0000000 0.98017913 0.96068853
1131428965 0.0000000 0.99892199 0.99556649
1131431840 0.0000000 0.98832637 0.97637600
1132062095 0.0000000 0.99902695 0.99574620
1132132485 0.0000000 0.99930847 0.99644411
1132148341 0.0000000 0.99852407 0.99459058
1132166999 0.0000000 0.99098384 0.98086584
1132661855 0.0000000 0.99734342 0.99230081
1132975230 0.0000000 0.99879575 0.99537593
1133111580 0.0000000 0.98385543 0.96771306
1133304109 0.0000000 0.99988908 0.99747485
1133601723 0.0000000 0.99422228 0.98731107
1133908462 0.0000000 0.99131572 0.98184115
1134710133 0.0000000 0.99466377 0.98776591
1135808248 0.0000000 0.99835533 0.99454534
1136739698 0.0000000 0.99967277 0.99707097
1137913657 0.0000000 0.99928188 0.99618798
1137989937 0.0000000 0.99908000 0.99601471
1137990003 0.0000000 0.99902427 0.99591136
1138288259 0.0000000 0.99771386 0.99276209
1139284609 0.0000000 0.93357283 0.86277425
1139326915 0.0000000 0.99663770 0.99173605
1140725945 0.0000000 0.99868912 0.99533111
1140746150 0.0000000 0.99963593 0.99685669
1141877248 0.0000000 0.99990809 0.99762964
1142029462 0.0000000 0.99319470 0.98524612
1142229311 0.0000000 0.99932271 0.99634349
1142709582 0.0000000 0.99104983 0.98106235
1143536168 0.0000000 0.99854195 0.99487782
1143616861 0.0000000 0.99970955 0.99731755
1143885739 0.0000000 0.99989569 0.99763513
1143885924 0.0000000 0.99980223 0.99738288
1143888020 0.0000000 0.99912465 0.99614543
1144129163 0.0000000 0.99844176 0.99457747
1144133312 0.0000000 0.99661887 0.99165887
1144179006 0.0000000 0.99978530 0.99723923
1144806135 0.0000000 0.99134463 0.98176908
1145140855 0.0000000 0.99988252 0.99762309
1145323561 0.0000000 0.99952596 0.99693221
1146215126 0.0000000 0.99987459 0.99733055
1146944291 0.0000000 0.85293484 0.66664141
1146966782 0.0000000 0.99881750 0.99566925
1147258751 0.0000000 0.99899787 0.99611670
1149411961 0.0000000 0.99897707 0.99601746
1149467938 0.0000000 0.98222983 0.96454197
1149638545 0.0000000 0.99708337 0.99240392
1149771133 0.0000000 0.98814446 0.97585464
1150128882 0.0000000 0.99590814 0.99017704
1151387381 0.0000000 0.98429102 0.96855891
1154072410 0.0000000 0.99990749 0.99724621
1154182305 0.0000000 0.99839890 0.99470979
1155212722 0.0000000 0.99886030 0.99570447
1155340266 0.0000000 0.99966538 0.99696225
1155354114 0.0000000 0.99763411 0.99358076
1155443514 0.0000000 0.99543965 0.98952049
1156044082 0.0000000 0.99149793 0.98228133
1156698676 0.0000000 0.99968362 0.99676472
1158266854 0.0000000 0.99559534 0.98993957
1159598968 0.0000000 0.99888176 0.99580151
1159684577 0.0000000 0.99962765 0.99692899
1160388105 0.0000000 0.99986112 0.99741548
1160392104 0.0000000 0.99977595 0.99722379
1160549032 0.0000000 0.99876720 0.99563706
1160664389 0.0000000 0.99989796 0.99702865
1163299258 0.0000000 0.99930567 0.99609339
1163456967 0.0000000 0.99798584 0.99412954
1163641819 0.0000000 0.99894047 0.99589252
1164570370 0.0000000 0.99648231 0.99138916
1165358160 0.0000000 0.99880403 0.99568588
1165368969 0.0000000 0.99549603 0.98967254
1166094636 0.0000000 0.99925387 0.99600208
1166561075 0.0000000 0.99870503 0.99455982
1166894907 0.0000000 0.99986833 0.99720657
1167121204 0.0000000 0.99536228 0.98938382
1167135981 0.0000000 0.99988735 0.99752945
1167136317 0.0000000 0.99990696 0.99776453
1167136455 0.0000000 0.99990433 0.99775046
1167136825 0.0000000 0.99970126 0.99702394
1167144800 0.0000000 0.99390155 0.98656642
1167147704 0.0000000 0.99965739 0.99722308
1167154513 0.0000000 0.99790406 0.99406403
1167186639 0.0000000 0.99987960 0.99760085
1167298740 0.0000000 0.99506152 0.98878849
1167318376 0.0000000 0.91368544 0.82036787
1167324678 0.0000000 0.99239248 0.98391873
1167592780 0.0000000 0.98712707 0.97403383
1167604646 0.0000000 0.98380470 0.96766126
1168792515 0.0000000 0.98316604 0.96635979
1168917035 0.0000000 0.99966526 0.99655282
1169006425 0.0000000 0.99760038 0.99340558
1169712716 0.0000000 0.99914205 0.99541128
1169722755 0.0000000 0.99987471 0.99726021
1170262059 0.0000000 0.99576521 0.98997629
1170524118 0.0000000 0.92504472 0.84614098
1171366614 0.0000000 0.99163449 0.98223615
1171423577 0.0000000 0.99435395 0.98722363
1171423831 0.0000000 0.99815983 0.99406922
1171832699 0.0000000 0.99890459 0.99564362
1172178017 0.0000000 0.99695826 0.99195296
1173308237 0.0000000 0.99904311 0.99568707
1173368256 0.0000000 0.99975783 0.99740064
1174197233 0.0000000 0.99017066 0.97956038
1175309106 0.0000000 0.98544431 0.97076601
1175583473 0.0000000 0.99133170 0.98195249
1176242685 0.0000000 0.98642552 0.97268569
1177175308 0.0000000 0.98972291 0.97873151
1178992210 0.0000000 0.99889809 0.99540806
1180238725 0.0000000 0.99469304 0.98807383
1180618796 0.0000000 0.97985387 0.95989209
1181939353 0.0000000 0.99848676 0.99476260
1182196765 0.0000000 0.94357425 0.88632739
1182265663 0.0000000 0.97067064 0.94212592
1182396227 0.0000000 0.99885511 0.99529111
1182398897 0.0000000 0.99795705 0.99364388
1184629372 0.0000000 0.99872601 0.99553072
1190442424 0.0000000 0.99904424 0.99401373
1191742755 0.0000000 0.99643886 0.99012268
1194476053 0.0000000 0.99942094 0.99370068
1197715613 0.0000000 0.97895515 0.95782882
1198522115 0.0000000 0.99936014 0.99486315
1207186072 0.0000000 0.99115944 0.98008823
1208187584 0.0000000 0.99904037 0.99374998
1208931881 0.0000000 0.99880862 0.99265248
1208975321 0.0000000 0.99938828 0.99478441
1208982088 0.0000000 0.99384803 0.98519593
1208988255 0.0000000 0.99918485 0.99462438
1208988552 0.0000000 0.99726284 0.99110132
1209105937 0.0000000 0.99899381 0.98933804
1209216223 0.0000000 0.97383678 0.94804555
1209291757 0.0000000 0.99860245 0.99119008
1209339084 0.0000000 0.99750060 0.99096102
1209362380 0.0000000 0.99516350 0.98736620
1209820628 0.0000000 0.99847764 0.99269336
1209877317 0.0000000 0.99625653 0.98908365
1216904067 0.0000000 0.95882750 0.91390574
1217616949 0.0000000 0.99909359 0.99801987
1218233114 0.0000000 0.99625784 0.99248379
1218994676 0.0000000 0.99057746 0.98117775
1219291482 0.0000000 0.86826098 0.69420969
1219301591 0.0000000 0.99230552 0.98466647
1219723710 0.0000000 0.95979863 0.91644353
1219772880 0.0000000 0.99716157 0.99428105
1219869253 0.0000000 0.99368811 0.98741055
1220179542 0.0000000 0.98469865 0.96934325
1220742036 0.0000000 0.99256170 0.98516339
1220946193 0.0000000 0.99945146 0.99870795
1221047734 0.0000000 0.99940395 0.99820000
1222614737 0.0000000 0.99183834 0.98373860
1225404477 0.0000000 0.98041129 0.96057808
1225442295 0.0000000 0.99821955 0.99636769
1228187814 0.0000000 0.99939537 0.99848372
1228684717 0.0000000 0.99938649 0.99858415
1229260451 0.0000000 0.98346996 0.96690303
1229658996 0.0000000 0.88270891 0.72468519
1229990683 0.0000000 0.99921024 0.99834019
1230216280 0.0000000 0.98833776 0.97680855
1230600687 0.0000000 0.99854529 0.99679339
1230860391 0.0000000 0.99455279 0.98911637
1231020274 0.0000000 0.99897575 0.99762565
1231041233 0.0000000 0.98906708 0.97823989
1232714291 0.0000000 0.99051881 0.98112625
1232804891 0.0000000 0.99632692 0.99260181
1233928332 0.0000000 0.99687231 0.99367714
1234166319 0.0000000 0.99727201 0.99335128
1234201315 0.0000000 0.95049834 0.89404857
1234214675 0.0000000 0.99831128 0.99659014
1236731039 0.0000000 0.98255879 0.96494591
1236854628 0.0000000 0.97896445 0.95768988
1237014105 0.0000000 0.99805540 0.99573612
1237159221 0.0000000 0.99654579 0.99289787
1237164701 0.0000000 0.99665463 0.99299222
1237551366 0.0000000 0.99276179 0.98556733
1237619839 0.0000000 0.97018838 0.93893093
1239235949 0.0000000 0.99475068 0.98951602
1239971868 0.0000000 0.99923855 0.99825126
1240678955 0.0000000 0.36997297 -5.7171121
1242397863 0.0000000 0.99889767 0.99748546
1242709695 0.0000000 0.99279344 0.98461854
1243376855 0.0000000 0.99807960 0.99566364
1244248765 0.0000000 0.96974874 0.93564725
1245087845 0.0000000 0.92998362 0.84272456
1245407408 0.0000000 0.99193454 0.98317951
1245469469 0.0000000 0.99373925 0.98702449
1245877793 0.0000000 0.99423611 0.98765534
1245881452 0.0000000 0.99215275 0.98346889
1246167876 0.0000000 0.99530208 0.99012274
1246181696 0.0000000 0.99976289 0.99937457
1246182765 0.0000000 0.99886447 0.99740899
1246208530 0.0000000 0.99728292 0.99430108
1246208539 0.0000000 0.99727207 0.99427986
1247508302 0.0000000 0.81958604 0.62063622
1247516932 0.0000000 0.80182910 0.48485821
1247654255 0.0000000 0.82442462 0.64222699
1247741293 0.0000000 0.78875613 0.53925085
1247769767 0.0000000 0.75431603 0.46078479
1248159491 0.0000000 0.81729776 0.61528850
1248570012 0.0000000 0.89486086 0.79131407
1248588659 0.0000000 0.86221993 0.72344708
1248872986 0.0000000 0.78665155 0.57105160
1248886386 0.0000000 0.85533947 0.70828712
1249212887 0.0000000 0.84613264 0.68524748
1250467545 0.0000000 0.99982595 0.99947989
1250503855 0.0000000 0.99973774 0.99926579
1250504106 0.0000000 0.99929404 0.99831420
1250601456 0.0000000 0.99855125 0.99678862
1250639275 0.0000000 0.99162447 0.98260820
1250703707 0.0000000 0.96411240 0.92303038
1250777890 0.0000000 0.99591976 0.99137396
1250888264 0.0000000 0.99917495 0.99812561
1250911490 0.0000000 0.87745357 0.71166205
1252249816 0.0000000 0.95900995 0.91242701
1252757125 0.0000000 0.99791038 0.99541801
1254591366 0.0000000 0.99985433 0.99953568
1254664936 0.0000000 0.99698955 0.99369156
1255243328 0.0000000 0.99297923 0.98546338
1256244384 0.0000000 0.99926823 0.99829376
1256252705 0.0000000 0.99851787 0.99674916
1256431794 0.0000000 0.97263265 0.93949211
1257413577 0.0000000 0.99990815 0.99962115
1257413887 0.0000000 0.99931347 0.99843144
1257420861 0.0000000 0.99992102 0.99960089
1257678569 0.0000000 0.99418795 0.98806477
1258065617 0.0000000 0.98553437 0.96961588
1258296469 0.0000000 0.99824733 0.99614227
1258824471 0.0000000 0.99934614 0.99849790
1258926370 0.0000000 0.99752468 0.99476260
1260564405 0.0000000 0.99748623 0.99439883
1260692005 0.0000000 0.99640781 0.99217665
1261227736 5.00000007E-02 0.88384062 -267.56949
1261227864 0.10000000 0.92760253 -494.73816
1261228557 5.00000007E-02 0.75150388 -397.23346
1261232031 5.00000007E-02 0.78188694 -255.98880
1261235533 5.00000007E-02 0.78782201 -317.12335
1261275144 0.0000000 0.65937859 -294.20602
1261713375 0.0000000 0.98797119 0.97414327
1261922241 0.0000000 0.99074656 0.98092777
1262034644 0.0000000 0.98030710 0.95836979
1262237921 0.0000000 0.99317074 0.98592889
1262343689 0.0000000 0.95216829 0.89530486
1262367286 0.0000000 0.99890804 0.99761736
1262622742 0.0000000 0.66874611 -0.11994445
1262633257 0.0000000 0.99905306 0.99800336
1263881366 0.0000000 0.99912786 0.99792975
1265523000 0.0000000 0.99929953 0.99834716
1265599504 0.0000000 0.98780352 0.97406912
1265691729 0.0000000 0.92950600 0.82936275
1265942558 0.0000000 0.99918926 0.99815005
1266289887 0.0000000 0.98860812 0.97645080
1266816064 0.0000000 0.99918783 0.99821955
1267146477 0.0000000 0.99927121 0.99837929
1267162697 0.0000000 0.99368095 0.98688191
1267661932 0.0000000 0.99964929 0.99894923
1267662287 0.0000000 0.99915171 0.99815851
1267686434 0.0000000 0.99741626 0.99465960
1267690576 0.0000000 0.99948007 0.99864990
1268040382 0.0000000 0.99944466 0.99867332
1268902896 0.0000000 0.99700469 0.99362469
1268931240 0.0000000 0.99491084 0.98951906
1269644874 0.0000000 0.99891877 0.99767226
1270335780 0.0000000 0.95090657 0.89228773
1270813793 0.0000000 0.99493080 0.98946089
1270961850 0.0000000 0.99924695 0.99829894
1270999307 0.0000000 0.83814591 0.57082754
1271168968 0.0000000 0.99507648 0.98975891
1271191748 0.0000000 0.99886245 0.99727756
1271987388 0.0000000 0.99688876 0.99353540
1272194052 0.0000000 0.99132127 0.98095626
1272250791 0.0000000 0.99939114 0.99858844
1272823213 0.0000000 0.99795580 0.99545389
1274901407 0.0000000 0.98788571 0.97472435
1276535865 0.0000000 0.99823034 0.99609798
1276561877 0.0000000 0.99944144 0.99870729
1276823323 0.0000000 0.99883735 0.99754941
1277440084 0.0000000 0.99582785 0.99161929
1277575551 0.0000000 0.99874294 0.99735659
1277670806 0.0000000 0.99898612 0.99794430
1278097892 0.0000000 0.99919254 0.99815452
1278515743 0.0000000 0.92851198 0.83625674
1278618217 0.0000000 0.99937427 0.99872708
1278636079 0.0000000 0.99906677 0.99810231
1279357457 0.0000000 0.99895293 0.99779892
1279458204 0.0000000 0.99926609 0.99842244
1280029930 0.0000000 0.99960464 0.99900913
1280553485 0.0000000 0.98074824 0.95958364
1280563997 0.0000000 0.99241400 0.98449612
1280587745 0.0000000 0.99840307 0.99648291
1281476617 0.0000000 0.99006248 0.97953254
1282408680 0.0000000 0.99909347 0.99809813
1282415961 0.0000000 0.99858552 0.99711484
1282416480 0.0000000 0.99912679 0.99822593
1283157909 0.0000000 0.99913979 0.99827445
1283540817 0.0000000 0.98839849 0.97604531
1284039008 0.0000000 0.99245143 0.98394799
1284244867 0.0000000 0.99886650 0.99768227
1284952628 0.0000000 0.99847603 0.99687630
1285350982 0.0000000 0.98732942 0.97359532
1285695233 0.0000000 0.99926239 0.99842942
1285876560 0.0000000 0.99626726 0.99231350
1286047392 0.0000000 0.99874347 0.99744624
1286198915 0.0000000 0.99930352 0.99842203
1286865806 0.0000000 0.93439889 0.85247642
1287036373 0.0000000 0.97355700 0.94277501
1289221280 0.0000000 0.99943084 0.99849647
1289567329 0.0000000 0.99864578 0.99708951
1289576340 0.0000000 0.99874055 0.99726969
1290342705 0.0000000 0.99936658 0.99843830
1290784424 0.0000000 0.99847698 0.99664873
1290799240 0.0000000 0.98834944 0.97520161
1291601652 0.0000000 0.99905753 0.99782199
1291689974 0.0000000 0.99738199 0.99440289
1291927327 0.0000000 0.96239513 0.91482967
1292000461 0.0000000 0.88891870 0.71634591
1294804388 0.0000000 0.99604809 0.99161309
1296507195 0.0000000 0.99808663 0.99584806
1296548191 0.0000000 0.99932075 0.99819058
1297058102 0.0000000 0.99736005 0.99400717
1297342916 0.0000000 0.91195351 0.78819358
1297754297 0.0000000 0.99789125 0.99518627
1298970247 0.0000000 0.90931606 0.78619879
1299845150 0.0000000 0.95820862 0.90804297
1300123317 0.0000000 0.98752046 0.97311795
1300281136 0.0000000 0.99211025 0.98335969
1300608051 0.0000000 0.99934608 0.99821126
1301123952 0.0000000 0.99606067 0.99158990
1301458951 0.0000000 0.99745840 0.99453694
1301964194 0.0000000 0.94599444 0.87960428
1302916270 0.0000000 0.99941701 0.99858677
1302961193 0.0000000 0.98054290 0.95788437
1303685617 0.0000000 0.97441727 0.94362491
1304080155 0.0000000 0.97335362 0.94231844
1304082768 0.0000000 0.99904442 0.99750257
1304152538 0.0000000 0.99917525 0.99789017
1304437954 0.0000000 0.99898088 0.99759007
1304717510 0.0000000 0.99597037 0.99130654
1304757333 0.0000000 0.99811250 0.99615830
1306028051 0.0000000 0.99921244 0.99832511
1306098435 0.0000000 0.99904263 0.99784589
1306261925 0.0000000 0.99413663 0.98771405
1307034472 0.0000000 0.99867409 0.99706936
1307669122 0.0000000 0.99869031 0.99712765
1308478735 0.0000000 0.99822295 0.99637026
1309048281 0.0000000 0.99625748 0.99219930
1309094354 0.0000000 0.99903613 0.99796903
1309326569 0.0000000 0.90664184 0.77730793
1309474048 0.0000000 0.98648709 0.97184056
1309601047 0.0000000 0.95707875 0.90538013
1309696244 0.0000000 0.99856287 0.99703830
1309953539 0.0000000 0.99887753 0.99761736
1310469430 0.0000000 0.99920750 0.99829513
1310541580 0.0000000 0.99638444 0.99250633
1310928323 0.0000000 0.99619728 0.99194264
1311000534 0.0000000 0.99854195 0.99694479
1311084070 0.0000000 0.99883252 0.99746144
1311142337 0.0000000 0.99806249 0.99582916
1311692424 0.0000000 0.96664792 0.92678905
1313100452 0.0000000 0.99779063 0.99542165
1314264913 0.0000000 0.99615699 0.99207914
1314789752 0.0000000 0.99336725 0.98632222
1315538819 0.0000000 0.99755937 0.99490881
1315635988 0.0000000 0.95495677 0.90259469
1315804512 0.0000000 0.99415523 0.98800087
1316643513 0.0000000 0.99929005 0.99837649
1316653258 0.0000000 0.99778044 0.99544966
1317835272 0.0000000 0.86244386 0.61224979
1318175665 0.0000000 0.99148250 0.98141623
1318478724 0.0000000 0.98549044 0.96897256
1319945023 0.0000000 0.99978042 0.99917614
1320074224 0.0000000 0.99764389 0.99499631
1320721143 0.0000000 0.99972534 0.99929708
1321061921 0.0000000 0.99668509 0.99305040
1322787324 0.0000000 0.99779838 0.99524766
1322993584 0.0000000 0.99842840 0.99667710
1323861170 0.0000000 0.99275678 0.98486727
1323909341 0.0000000 0.99606639 0.99169934
1324582798 0.0000000 0.99776375 0.99542868
1325660397 0.0000000 0.99809515 0.99571538
1326181267 0.0000000 0.97080797 0.93697572
1326728445 0.0000000 0.91640228 0.78622603
1327107001 0.0000000 0.99584764 0.99102521
1327480583 0.0000000 0.98594844 0.97016281
1327824459 0.0000000 0.99273318 0.98422056
1328324062 0.0000000 0.99791002 0.99541444
1328459111 0.0000000 0.99126947 0.98076671
1330223700 0.0000000 0.99967968 0.99879670
1330883534 0.0000000 0.97872144 0.95548064
1332071890 0.0000000 0.98436177 0.96692485
1332086295 0.0000000 0.93669462 0.85658681
1332373478 0.0000000 0.99781495 0.99535429
1333258441 0.0000000 0.98679572 0.97077131
1333828758 0.0000000 0.99620581 0.99208999
1333921411 0.0000000 0.99930048 0.99827611
1334227165 0.0000000 0.99835640 0.99633992
1334800688 0.0000000 0.99933195 0.99835032
1335409258 0.0000000 0.91755015 0.80679572
1335538115 0.0000000 0.99809808 0.99595296
1338362741 0.0000000 0.99651128 0.99245030
1338842309 0.0000000 0.99679238 0.99317563
1338890190 0.0000000 0.99819571 0.99616855
1338944914 0.0000000 0.99941564 0.99856025
1338944979 0.0000000 0.99941850 0.99856752
1338945045 0.0000000 0.99965125 0.99912733
1339216879 0.0000000 0.99823427 0.99611712
1339275618 0.0000000 0.99952936 0.99881220
1339278860 0.0000000 0.99768835 0.99509686
1339309409 0.0000000 0.99625885 0.99213111
1339575740 0.0000000 0.99937177 0.99870282
1339598466 0.0000000 0.99848449 0.99693167
1339646879 0.0000000 0.99244255 0.98422414
1339690513 0.0000000 0.99946594 0.99888569
1339702255 0.0000000 0.99809229 0.99601251
1339923712 0.0000000 0.99910319 0.99814790
1341299876 0.0000000 0.98493642 0.96905738
1341924177 0.0000000 0.98988032 0.97905862
1342405200 0.0000000 0.96598500 0.92738885
1344277570 0.0000000 0.98014200 0.95851415
1344910008 0.0000000 0.99709338 0.99407166
1344941743 0.0000000 0.99924684 0.99839509
1345138860 0.0000000 0.99742967 0.99473429
1345234802 0.0000000 0.99887037 0.99758995
1346380382 0.0000000 0.84335721 0.58707201
1346415099 0.0000000 0.99956161 0.99906635
1346415834 0.0000000 0.99942929 0.99882668
1346788818 0.0000000 0.99865335 0.99710935
1346816730 0.0000000 0.99046892 0.98029786
1348523853 0.0000000 0.99281102 0.98510039
1350722979 0.0000000 0.99743372 0.99470675
1350800865 0.0000000 0.97563636 0.94853252
1351161077 0.0000000 0.99900675 0.99779946
1352122829 0.0000000 0.99842376 0.99673855
1352554787 0.0000000 0.87650758 0.69363916
1353431341 0.0000000 0.99913985 0.99791849
1353536726 0.0000000 0.99684191 0.99322480
1354158772 0.0000000 0.99512225 0.98983747
1354470336 0.0000000 0.99909240 0.99805838
1354477411 0.0000000 0.99837619 0.99647599
1354976814 0.0000000 0.99963713 0.99893314
1355221924 0.0000000 0.99748164 0.99436772
1356243184 0.0000000 0.99899745 0.99769574
1356319072 0.0000000 0.97781360 0.95148003
1356487597 0.0000000 0.99540889 0.98984194
1356883405 0.0000000 0.99990642 0.99926126
1357128106 0.0000000 0.99651384 0.99238753
1357236484 0.0000000 0.99786764 0.99501812
1357270197 0.0000000 0.99771607 0.99484420
1357331931 0.0000000 0.99035662 0.97917575
1357541346 0.0000000 0.99961132 0.99873781
1357994057 0.0000000 0.99466127 0.98843956
1358411441 0.0000000 0.99965262 0.99888563
1358708986 0.0000000 0.99914384 0.99798459
1359776392 0.0000000 0.99939781 0.99837774
1361064727 0.0000000 0.99905866 0.99760360
1361239965 0.0000000 0.99037546 0.97951812
1361256759 0.0000000 0.99043202 0.97934741
1361373628 0.0000000 0.98948187 0.97737205
1361471757 0.0000000 0.99830377 0.99601799
1361665659 0.0000000 0.96072102 0.91428638
1362386544 0.0000000 0.99207211 0.98312074
1362609444 0.0000000 0.99824339 0.99632812
1362627405 0.0000000 0.99984699 0.99923670
1362643640 0.0000000 0.99779564 0.99488097
1363079024 0.0000000 0.99860108 0.99668801
1363764120 0.0000000 0.99641341 0.99211377
1364349799 0.0000000 0.99986792 0.99919760
1364349845 0.0000000 0.99986815 0.99919719
1364355002 0.0000000 0.99802256 0.99533951
1364690983 0.0000000 0.99344093 0.98593539
1365625224 0.0000000 0.99926859 0.99801403
1366061297 0.0000000 0.85384160 0.62382674
1366432589 0.0000000 0.98404747 0.96611762
1366513671 0.0000000 0.99558133 0.99085855
1369110346 0.0000000 0.99852073 0.99649400
1369124755 0.0000000 0.99952024 0.99871260
1369791239 0.0000000 0.99685961 0.99315900
1369883683 0.0000000 0.99800271 0.99562103
1370118743 0.0000000 0.99120551 0.98130846
1370151783 0.0000000 0.99992567 0.99943858
1370623082 0.0000000 0.99985242 0.99917173
1372241957 0.0000000 0.99865633 0.99708527
1372463510 0.0000000 0.99985635 0.99922484
1373829868 0.0000000 0.99555463 0.99039924
1373895699 0.0000000 0.99927193 0.99829185
1373969495 0.0000000 0.99974900 0.99919319
1374677225 0.0000000 0.99863040 0.99696010
1374679935 0.0000000 0.99957722 0.99879396
1376837821 0.0000000 0.99576044 0.99107677
1377205321 0.0000000 0.99959767 0.99918872
1377355603 0.0000000 0.99391603 0.98752373
1377407246 0.0000000 0.87420654 0.67665321
1378247005 0.0000000 0.99968356 0.99936581
1378467231 0.0000000 0.99963433 0.99909925
1379475197 31.450001 7.10920170E-02 -1.3746994
1380542719 0.0000000 0.99840182 0.99626130
1381466759 0.0000000 0.97815037 0.95286304
1381684855 0.0000000 0.98962551 0.97828174
1382170436 0.0000000 0.97321391 0.94376189
1382919848 0.0000000 0.99966162 0.99926490
1383069011 0.0000000 0.99968976 0.99937612
1383085061 0.0000000 0.97230995 0.93997657
1383220929 0.0000000 0.99990737 0.99938518
1383227120 0.0000000 0.99099785 0.98114383
1383227831 0.0000000 0.99048954 0.98013890
1383234448 0.0000000 0.99931341 0.99818194
1383263545 0.0000000 0.99480969 0.98896962
1383450194 0.0000000 0.99536383 0.99002951
1383519374 0.0000000 0.99805498 0.99570197
1383809110 0.0000000 0.99811715 0.99581927
1383809501 0.0000000 0.99536312 0.98991138
1383989687 0.0000000 0.98402280 0.96551841
1384145710 0.0000000 0.99026680 0.97976488
1384544358 0.0000000 0.99866730 0.99695694
1385019362 0.0000000 0.98264772 0.96382433
1386347977 0.0000000 0.90264481 0.77261168
1386357780 0.0000000 0.99582690 0.99058473
1387916955 0.0000000 0.99045616 0.97967416
1389034180 0.0000000 0.99896681 0.99759942
1389204911 0.0000000 0.99957943 0.99879193
1389717867 0.0000000 0.99836677 0.99591869
1389724692 0.0000000 0.99866819 0.99665624
1389729005 0.0000000 0.99870086 0.99676692
1389740803 0.0000000 0.99020416 0.97915089
1389904819 0.0000000 0.96170121 0.91753823
1390517490 0.0000000 0.99457687 0.98811513
1390619771 0.0000000 0.99826783 0.99571484
1391790286 0.0000000 0.98949152 0.97809243
1393014317 0.0000000 0.99978906 0.99911362
1393065064 0.0000000 0.99351192 0.98661822
1393759985 0.0000000 0.96620804 0.92555827
1393791078 0.0000000 0.99991900 0.99929994
1394913876 0.0000000 0.99742013 0.99409688
1395061976 0.0000000 0.99966478 0.99885142
1395231566 0.0000000 0.99981332 0.99899006
1397097485 0.0000000 0.99657780 0.99261874
1397746253 0.0000000 0.98902285 0.97572309
1398443585 0.0000000 0.99553114 0.99037844
1399207416 0.0000000 0.99932444 0.99827808
1399278483 0.0000000 0.99020517 0.97875625
1399745740 0.0000000 0.98871636 0.97553480
1399746271 0.0000000 0.99755108 0.99443775
1400631673 0.0000000 0.99992424 0.99930120
1401021673 0.0000000 0.99958378 0.99869561
1401296286 0.0000000 0.96310461 0.91800690
1402085900 0.0000000 0.90787405 0.78462118
1402313583 0.0000000 0.96452284 0.92124891
1402624068 0.0000000 0.89334023 0.72737956
1402784563 0.0000000 0.99771947 0.99479324
1403034553 0.0000000 0.99777913 0.99538440
1403317269 0.0000000 0.99687213 0.99355870
1403439974 0.0000000 0.99815428 0.99612820
1404774365 0.0000000 0.99518007 0.98930180
1404925818 0.0000000 0.98625487 0.97081798
1405577514 0.0000000 0.99901807 0.99768925
1407296767 0.0000000 0.99536860 0.99047995
1407544588 0.0000000 0.87757552 0.68906397
1408047770 0.0000000 0.99014336 0.97889411
1410046387 0.0000000 0.99476093 0.98877317
1410325949 0.0000000 0.99590361 0.99125463
1410382444 0.0000000 0.97012234 0.93610388
1411247643 0.0000000 0.99849570 0.99679786
1411641303 0.0000000 0.99956000 0.99880517
1412009058 0.0000000 0.90874869 0.78351378
1412705290 0.0000000 0.99969310 0.99918610
1413207959 0.0000000 0.89168578 0.73495674
1414298821 0.0000000 0.99863380 0.99690849
1416419181 0.0000000 0.99972820 0.99895900
1416419227 0.0000000 0.99973077 0.99895531
1416540553 0.0000000 0.99898827 0.99779719
1417557685 0.0000000 0.99685478 0.99328226
1417655668 0.0000000 0.98762494 0.97406948
1418245419 0.0000000 0.99981451 0.99916673
1418533563 0.0000000 0.98586982 0.96987498
1419682925 0.0000000 0.96920943 0.93299997
1419947441 0.0000000 0.85542905 0.60798562
1419995164 0.0000000 0.99943763 0.99851948
1420012476 0.0000000 0.99947220 0.99855101
1420437226 0.0000000 0.99928373 0.99826640
1420606112 0.0000000 0.99983186 0.99916089
1420742654 0.0000000 0.89197242 0.72152710
1421435535 0.0000000 0.99933428 0.99820369
1421639313 0.0000000 0.99397564 0.98728395
1422083726 0.0000000 0.99769807 0.99485815
1422374758 0.0000000 0.94082731 0.86601216
1422958210 0.0000000 0.92053288 0.81707132
1423037687 0.0000000 0.99680948 0.99317467
1423603888 0.0000000 0.77586740 0.24973035
1423726535 0.0000000 0.99856484 0.99668664
1423857991 0.0000000 0.99986959 0.99914551
1424969403 0.0000000 0.99769467 0.99488121
1426114954 0.0000000 0.98217916 0.96152675
1426344314 0.0000000 0.99376792 0.98653889
1426852891 0.0000000 0.98508465 0.96875244
1427105631 0.0000000 0.99986881 0.99921215
1427483378 0.0000000 0.97548634 0.94647259
1428208678 0.0000000 0.94968301 0.88863313
1428320250 0.0000000 0.98995239 0.97849238
1428945237 0.0000000 0.99881941 0.99730307
1429127316 0.0000000 0.98765647 0.97374022
1429494176 0.0000000 0.99984455 0.99886817
1429494550 0.0000000 0.99960774 0.99862039
1429528847 0.0000000 0.99976194 0.99899888
1429530313 0.0000000 0.99985296 0.99910837
1429531199 0.0000000 0.99984246 0.99895847
1429992097 0.0000000 0.99983877 0.99904072
1430658547 0.0000000 0.99886751 0.99691248
1431333501 0.0000000 0.99979323 0.99916857
1431387795 0.0000000 0.99681282 0.99288189
1431628549 0.0000000 0.99958861 0.99869841
1432588969 0.0000000 0.99827284 0.99587435
1432601816 0.0000000 0.99737722 0.99417520
1432799863 0.0000000 0.99599034 0.99115568
1434467768 0.0000000 0.99385285 0.98698139
1434867330 0.0000000 0.99598449 0.99123430
1435335400 0.0000000 0.99077791 0.98001570
1438066750 0.0000000 0.99940395 0.99842584
1438936857 0.0000000 0.94165576 0.86858654
1439209234 45.750000 2.15279441E-02 -0.21712828
1439418087 -8.2500000 4.83888909E-02 -0.17089343
1439474882 -66.750000 3.66782360E-02 -275.45175
1439699200 16.050001 4.58037034E-02 -0.32422185
1441113885 0.0000000 0.99980170 0.98310822
1441128847 0.0000000 0.99801487 0.98026860
1441160293 0.0000000 0.99845207 0.98010719
1441898607 0.0000000 0.99824470 0.99611509
1442339782 0.0000000 0.99830341 0.99627191
1442345855 0.0000000 0.99966872 0.99865401
1442345878 0.0000000 0.99966878 0.99865425
1442408939 0.0000000 0.99966937 0.99849850
1442410226 0.0000000 0.99589670 0.99095601
1442413798 0.0000000 0.99730176 0.99430639
1443074281 0.0000000 0.99090362 0.98107231
1443555465 0.0000000 0.99862462 0.99711400
1444648487 0.0000000 0.99857473 0.99677008
1444736944 0.0000000 0.99932539 0.99851662
1444953165 0.0000000 0.99845099 0.99670166
1444953267 0.0000000 0.99558651 0.99062514
1445014914 0.0000000 0.95508027 0.90266657
1445221055 0.0000000 0.99952495 0.99883890
1445233331 0.0000000 0.99782884 0.99505377
1445239215 0.0000000 0.99785119 0.99517435
1446412182 0.0000000 0.99978155 0.99921739
1446412281 0.0000000 0.99981040 0.99923629
1446509184 0.0000000 0.99916333 0.99795699
1446509190 0.0000000 0.99916154 0.99795359
1446714386 0.0000000 0.99531031 0.99011314
1447167192 0.0000000 0.98353094 0.96465677
1447255999 0.0000000 0.99849427 0.99667197
1447277516 0.0000000 0.98199886 0.96205527
1448316095 0.0000000 0.90518135 0.77080548
1448671943 0.0000000 0.99346077 0.98641616
1449033717 0.0000000 0.99781269 0.99497390
1449035580 0.0000000 0.99637771 0.99227089
1449153073 0.0000000 0.99880356 0.99727154
1449935242 0.0000000 0.99319577 0.98552734
1450510821 0.0000000 0.92154527 0.82359570
1450536811 0.0000000 0.96053624 0.91460955
1450992022 0.0000000 0.99441653 0.98807108
1451199638 0.0000000 0.96293998 0.92080498
1451327726 0.0000000 0.97746795 0.95111644
1451523194 0.0000000 0.95890474 0.91183960
1451829690 0.0000000 0.99753821 0.99490887
1451928000 0.0000000 0.97800964 0.95377254
1452487977 0.0000000 0.99666166 0.99278045
1453169606 0.0000000 0.99869162 0.99688500
1453824336 0.0000000 0.93554938 0.85630381
1454422761 0.0000000 0.99964619 0.99897420
1454702246 0.0000000 0.99942636 0.99820894
1454702308 0.0000000 0.99942625 0.99820703
1454702406 0.0000000 0.99912697 0.99726033
1454702512 0.0000000 0.99889618 0.99656981
1454978820 0.0000000 0.99860877 0.99567598
1455590759 0.0000000 0.99656540 0.99206263
1455595494 0.0000000 0.99799591 0.99511451
1455757779 0.0000000 0.99898130 0.99734783
1455758311 0.0000000 0.99890602 0.99714708
1456215987 0.0000000 0.99372518 0.98641288
1456541993 0.0000000 0.99014276 0.97861451
1457201466 0.0000000 0.99602348 0.99186850
1457276938 0.0000000 0.96328473 0.92018801
1459152479 0.0000000 0.99266750 0.98469901
1459502085 0.0000000 0.90669471 0.78105599
1459988008 0.0000000 0.93540627 0.85914534
1460294506 0.0000000 0.95282257 0.89753932
1460353509 0.0000000 0.99873191 0.99722689
1460804146 0.0000000 0.99684215 0.99301952
1461082597 0.0000000 0.98658943 0.97142303
1461607991 0.0000000 0.99280959 0.98468906
1461770234 0.0000000 0.99897504 0.99711710
1461770257 0.0000000 0.99897432 0.99711615
1461770858 0.0000000 0.99801230 0.99519926
1461781146 0.0000000 0.99897116 0.99740672
1461806086 0.0000000 0.99350315 0.98612034
1462056417 0.0000000 0.99721074 0.99356198
1462199340 0.0000000 0.99799311 0.99466509
1462521203 0.0000000 0.99633747 0.99205548
1462632669 0.0000000 0.99725020 0.99374968
1462675593 0.0000000 0.99864608 0.99703270
1463023035 0.0000000 0.99916148 0.99725479
1463023251 0.0000000 0.99785823 0.99500936
1463023282 0.0000000 0.99742353 0.99399209
1463027395 0.0000000 0.99857122 0.99616343
1463127852 0.0000000 0.99834841 0.99582452
1463195522 0.0000000 0.99779201 0.99411249
1463196768 0.0000000 0.99780750 0.99486607
1463530965 0.0000000 0.99836785 0.99662143
1463863900 0.0000000 0.99894714 0.99729425
1463882779 0.0000000 0.99744123 0.99422216
1464184475 0.0000000 0.94186145 0.86443776
1464544116 0.0000000 0.98844618 0.97477454
1464576767 0.0000000 0.99626940 0.99184412
1464630651 0.0000000 0.99314600 0.98604709
1464672226 0.0000000 0.99906313 0.99791950
1466204142 0.0000000 0.98716789 0.97385997
1466383187 0.0000000 0.99746013 0.99463993
1466409210 0.0000000 0.99367613 0.98678350
1466715930 0.0000000 0.99854612 0.99637008
1467361422 0.0000000 0.99384397 0.98718596
1469019333 0.0000000 0.98804098 0.97530448
1469592155 0.0000000 0.99792886 0.99534184
1471008941 0.0000000 0.97815126 0.95406151
1471908408 0.0000000 0.98689985 0.97229213
1472660934 0.0000000 0.99825102 0.99563396
1473440050 0.0000000 0.97398031 0.94318211
1475055492 0.0000000 0.99746269 0.99489737
1475769120 0.0000000 0.99901521 0.99745983
1477370752 0.0000000 0.99801373 0.99580014
1478519786 0.0000000 0.99851871 0.99675536
1478903131 0.0000000 0.99862689 0.99612415
1480024554 0.0000000 0.99879819 0.99597329
1480377579 0.0000000 0.96191603 0.91774118
1480507474 0.0000000 0.99860764 0.99685496
1481256588 0.0000000 0.99816674 0.99622077
1481811269 0.0000000 0.99886209 0.99695164
1483057851 0.0000000 0.99650335 0.99197870
1483513641 0.0000000 0.99406803 0.98783869
1484155863 0.0000000 0.99235910 0.98356819
1484797338 0.0000000 0.90030277 0.74440813
1484900187 0.0000000 0.98172110 0.96152461
1485329586 0.0000000 0.99724382 0.99441916
1486746772 0.0000000 0.99940872 0.99828070
1487420859 0.0000000 0.97877377 0.95598030
1487652197 0.0000000 0.93171817 0.84726626
1488212310 0.0000000 0.99376345 0.98640901
1488924651 0.0000000 0.99238247 0.98319983
1489967289 0.0000000 0.97920644 0.95457286
1490066029 0.0000000 0.85164040 0.61065853
1490805242 0.0000000 0.98449111 0.96704757
1492112471 0.0000000 0.99376935 0.98674685
1492367656 0.0000000 0.99544603 0.99036813
1493517442 0.0000000 0.99471390 0.98898655
1493960850 0.0000000 0.98711276 0.97078174
1493986611 0.0000000 0.82399023 0.54874599
1494889974 0.0000000 0.99799293 0.99572140
1494932580 0.0000000 0.99048132 0.98041886
1495631454 0.0000000 0.99676549 0.99315399
1495691291 0.0000000 0.99531740 0.98986185
1495956669 0.0000000 0.89461583 0.74366510
1495999757 0.0000000 0.99605328 0.99204934
1496582686 0.0000000 0.99251604 0.98396945
1497967350 0.0000000 0.83031613 0.54091758
1498029939 0.0000000 0.99161631 0.98120016
1500318986 0.0000000 0.98233855 0.96054292
1501139292 0.0000000 0.98447734 0.96629792
1501845585 0.0000000 0.99735099 0.99464232
1502294736 0.0000000 0.99096262 0.98080391
1502416734 0.0000000 0.99522406 0.98989195
1502582915 0.0000000 0.98510635 0.96821368
1504364658 0.0000000 0.97176784 0.93827897
1505096741 0.0000000 0.98679245 0.97153813
1505687994 0.0000000 0.99041063 0.97844201
1505917796 0.0000000 0.99759126 0.99481964
1506232185 0.0000000 0.98999327 0.97829008
1506549399 0.0000000 0.96910578 0.93579805
1507505391 0.0000000 0.98806792 0.97521919
1507747520 0.0000000 0.97345442 0.94280016
1508582157 0.0000000 0.97275960 0.94011331
1509318944 0.0000000 0.99618667 0.99181783
1509677295 0.0000000 0.99760777 0.99497324
1509677339 0.0000000 0.99759758 0.99495167
1509752088 0.0000000 0.99485886 0.98908436
1510398879 0.0000000 0.99237138 0.98311585
1510402973 0.0000000 0.99680495 0.99297959
1510440860 0.0000000 0.99035174 0.97901666
1510947032 0.0000000 0.97843444 0.95415205
1511360409 0.0000000 0.99828035 0.99622512
1511470532 0.0000000 0.99562883 0.99062413
1512230735 0.0000000 0.93843865 0.85541409
1512377977 0.0000000 0.98533094 0.96977782
1512704669 0.0000000 0.98849440 0.97467268
1513120660 0.0000000 0.98819715 0.97528362
1516168751 0.0000000 0.99484283 0.98914981
1516984288 0.0000000 0.98590612 0.97093600
1517686257 0.0000000 0.99428445 0.98750341
1517749972 0.0000000 0.99801707 0.99508029
1517752600 0.0000000 0.99806947 0.99509686
1517752662 0.0000000 0.99810964 0.99505836
1517753127 0.0000000 0.99170125 0.98240113
1517753452 0.0000000 0.99772471 0.99472058
1517753522 0.0000000 0.99777108 0.99481386
1517753592 0.0000000 0.99785334 0.99501330
1517753815 0.0000000 0.99686182 0.99321115
1517758427 0.0000000 0.99362361 0.98601454
1517763262 0.0000000 0.98989052 0.97843659
1517821602 0.0000000 0.99558198 0.99048054
1517823894 0.0000000 0.99302578 0.98503810
1517846321 0.0000000 0.99704355 0.99299216
1517852233 0.0000000 0.99114692 0.98064297
1517893754 0.0000000 0.99712527 0.99377352
1517906208 0.0000000 0.99669790 0.99234194
1517932241 0.0000000 0.99798912 0.99559247
1517932280 0.0000000 0.99799216 0.99559617
1517932282 0.0000000 0.99799240 0.99559665
1517932427 0.0000000 0.99849010 0.99654049
1517932434 0.0000000 0.99836510 0.99633700
1517932492 0.0000000 0.99808532 0.99577367
1517933877 0.0000000 0.99651670 0.99264693
1517940013 0.0000000 0.99861574 0.99656624
1517940459 0.0000000 0.99806297 0.99545413
1517944528 0.0000000 0.99874485 0.99662739
1517945796 0.0000000 0.99685025 0.99327391
1517950582 0.0000000 0.99722952 0.99377167
1517958702 0.0000000 0.99695271 0.99323326
1517960631 0.0000000 0.99715155 0.99372083
1517969882 0.0000000 0.99803913 0.99537361
1517974578 0.0000000 0.99770677 0.99455827
1517998787 0.0000000 0.99293339 0.98462605
1518001985 0.0000000 0.99740291 0.99406672
1518008800 0.0000000 0.99804497 0.99547368
1518008880 0.0000000 0.99814200 0.99553001
1518013159 0.0000000 0.99688089 0.99315566
1518016890 0.0000000 0.99851090 0.99641562
1518016916 0.0000000 0.99851120 0.99641675
1518051257 0.0000000 0.99723440 0.99380916
1518059164 0.0000000 0.99649620 0.99216694
1518142443 0.0000000 0.99343097 0.98604560
1518201789 0.0000000 0.99532729 0.98972219
1518248929 0.0000000 0.99325943 0.98576331
1518858396 0.0000000 0.97574532 0.94763422
1518981709 0.0000000 0.98785353 0.97324657
1519051621 0.0000000 0.98867768 0.97423375
1519254641 0.0000000 0.99402332 0.98667312
1519583320 0.0000000 0.99643397 0.99213123
1519962147 0.0000000 0.99173528 0.98208082
1520098551 0.0000000 0.99613631 0.99154055
1520329330 0.0000000 0.99075061 0.97980374
1521024527 0.0000000 0.99563074 0.99069262
1521537776 0.0000000 0.99789870 0.99557251
1521728871 0.0000000 0.99552828 0.99048501
1522232997 0.0000000 0.99147755 0.98127317
1522282670 0.0000000 0.99794173 0.99530667
1522598524 0.0000000 0.98963255 0.97664571
1523432369 0.0000000 0.98101240 0.95962942
1523886539 0.0000000 0.99451864 0.98864669
1524201906 0.0000000 0.97827190 0.95263982
1524248877 0.0000000 0.93788552 0.86134130
1524308214 0.0000000 0.98510659 0.96740896
1524503432 0.0000000 0.99340522 0.98622465
1524721460 0.0000000 0.98908192 0.97684324
1524721601 0.0000000 0.98711258 0.97231889
1524808553 0.0000000 0.98610085 0.97015679
1525218424 0.0000000 0.99725521 0.99386877
1526098666 0.0000000 0.99094051 0.97993022
1527728598 0.0000000 0.99659812 0.99288213
1527904870 0.0000000 0.99166125 0.98192793
1528731725 0.0000000 0.99214327 0.98353863
1528750347 0.0000000 0.99592149 0.99132431
1528856173 0.0000000 0.92566240 0.83288532
1529096035 0.0000000 0.99145681 0.98067015
1529334375 0.0000000 0.92280257 0.82166517
1529522338 0.0000000 0.99345857 0.98632526
1530516370 0.0000000 0.99571174 0.99098200
1530516385 0.0000000 0.99571449 0.99098778
1530609654 0.0000000 0.99697387 0.99370193
1531312909 0.0000000 0.99431825 0.98811567
1531507119 0.0000000 0.99716091 0.99419630
1532050755 0.0000000 0.99027371 0.97925794
1533217098 0.0000000 0.99474031 0.98846048
1533504622 0.0000000 0.94590664 0.87447637
1533801692 0.0000000 0.97442061 0.94394916
1534500582 0.0000000 0.99326801 0.98545069
1534551317 0.0000000 0.99616718 0.99176699
1535572403 0.0000000 0.98810655 0.97459447
1535660064 -82.849998 0.11241216 -84.228477
1536498994 0.0000000 0.98224717 0.96169394
1536641006 0.0000000 0.98955363 0.97815961
1536700815 0.0000000 0.98048735 0.95631087
1538633849 0.0000000 0.97783774 0.94901627
1538766649 0.0000000 0.95851249 0.90813124
1539072778 0.0000000 0.98522240 0.96959585
1539164591 0.0000000 0.99540794 0.99061650
1540269298 0.0000000 0.99846733 0.99625039
1540310644 0.0000000 0.99852443 0.99671423
1541624711 0.0000000 0.99225092 0.98365730
1541712486 0.0000000 0.97205305 0.94019324
1542328459 0.0000000 0.98160672 0.96075857
1542608341 0.0000000 0.99407810 0.98772556
1542638415 0.0000000 0.98865110 0.97513360
1542645094 0.0000000 0.98821056 0.97406852
1543190243 0.0000000 0.99821067 0.99640322
1543191316 0.0000000 0.99096656 0.98104453
1543236658 0.0000000 0.99490732 0.98967904
1543238642 0.0000000 0.99272996 0.98493856
1543314575 0.0000000 0.99367344 0.98698902
1544368541 0.0000000 0.99599683 0.99164671
1544439487 0.0000000 0.98923391 0.97756124
1544621063 0.0000000 0.99638605 0.99225289
1544908865 0.0000000 0.99479347 0.98895335
1545710204 0.0000000 0.98960340 0.97815782
1546538568 0.0000000 0.99741423 0.99453884
1546949806 0.0000000 0.99417710 0.98723012
1548127166 0.0000000 0.99335796 0.98617226
1548825695 0.0000000 0.99535334 0.98983973
1548861293 0.0000000 0.99158835 0.98178071
1549366351 0.0000000 0.98476821 0.96517748
1549558324 0.0000000 0.99650228 0.99250120
1550239687 0.0000000 0.99294245 0.98459262
1551558867 0.0000000 0.92834187 0.82038158
1552012334 0.0000000 0.99707216 0.99389344
1552127531 0.0000000 0.89241201 0.73738515
1552421955 0.0000000 0.99660063 0.99305463
1552451554 0.0000000 0.99153215 0.98120070
1552511242 0.0000000 0.99516720 0.98970312
1552697151 0.0000000 0.98782879 0.97384965
1552968094 0.0000000 0.98792398 0.97277915
1553256348 0.0000000 0.97838521 0.95079970
1553414210 0.0000000 0.97101974 0.93584287
1554087275 0.0000000 0.98478848 0.96652842
1554172029 0.0000000 0.93508220 0.85611486
1554256375 0.0000000 0.99881268 0.99747801
1554343015 0.0000000 0.99836922 0.99639618
1554382610 0.0000000 0.98837483 0.97440755
1554499495 0.0000000 0.98965859 0.97771269
1554706689 0.0000000 0.98559147 0.96937889
1554822801 0.0000000 0.99768156 0.99486864
1554841453 0.0000000 0.99591684 0.99127895
1554850672 0.0000000 0.99563712 0.99019730
1555563667 0.0000000 0.99840701 0.99611902
1556793883 0.0000000 0.99349481 0.98627353
1556970683 0.0000000 0.93987238 0.86475497
1557330527 0.0000000 0.98385006 0.96526098
1557737721 0.0000000 0.99017316 0.97896820
1558197514 0.0000000 0.99165970 0.98264295
1558379328 0.0000000 0.66849482 -0.24355805
1558489044 0.0000000 0.99528891 0.98984426
1558591969 0.0000000 0.99558020 0.99068594
1559317998 0.0000000 0.98788291 0.97421974
1559641578 0.0000000 0.99725223 0.99421430
1559762840 0.0000000 0.99122459 0.98140317
1560870606 0.0000000 0.87831056 0.70634449
1561237205 0.0000000 0.98429453 0.96746135
1561242160 0.0000000 0.98092455 0.96040303
1562610935 0.0000000 0.99239343 0.98421699
1562880116 0.0000000 0.99733460 0.99421817
1563275550 0.0000000 0.97290879 0.93904966
1563531230 0.0000000 0.98739165 0.97420734
1563768365 0.0000000 0.93842667 0.86073864
1563850922 0.0000000 0.90597969 0.78488588
1564123196 0.0000000 0.98736542 0.97264075
1564190683 0.0000000 0.99712592 0.99399012
1564649429 0.0000000 0.99468261 0.98912930
1564753988 0.0000000 0.99651879 0.99219364
1564784683 0.0000000 0.99783075 0.99501115
1565054388 0.0000000 0.99790710 0.99530631
1565055090 0.0000000 0.98762125 0.97427052
1565213283 0.0000000 0.99749947 0.99435127
1565218942 0.0000000 0.98787510 0.97306257
1565905300 0.0000000 0.99358118 0.98615104
1566053525 0.0000000 0.98763555 0.97365737
1566053530 0.0000000 0.98759615 0.97356707
1566074882 0.0000000 0.99329412 0.98605955
1566101114 0.0000000 0.99663490 0.99267834
1566598377 0.0000000 0.86228651 0.66347891
1566648618 0.0000000 0.87734753 0.69830799
1567237819 0.0000000 0.73091370 0.18459010
1567471650 0.0000000 0.99252981 0.98419654
1567604000 0.0000000 0.94331956 0.87350792
1567917359 0.0000000 0.97626245 0.94677359
1568095682 0.0000000 0.91903090 0.81236237
1569863578 0.0000000 0.98703277 0.97289658
1570468626 0.0000000 0.99360061 0.98614854
1571312673 0.0000000 0.99740607 0.99390811
1571861758 0.0000000 0.90536737 0.78580981
1572218883 0.0000000 0.98201585 0.96209604
1573491297 0.0000000 0.94147021 0.86904252
1573495893 0.0000000 0.94504142 0.87372065
1574645562 0.0000000 0.99510193 0.98984146
1575564604 0.0000000 0.91039395 0.78756416
1575660753 0.0000000 0.97505647 0.94397044
1576495557 0.0000000 0.99570620 0.99060768
1577769501 0.0000000 0.88239604 0.70324552
1577819410 0.0000000 0.99719149 0.99382216
1578293635 0.0000000 0.99615961 0.99182725
1578510402 0.0000000 0.97609848 0.94597131
1579404154 0.0000000 0.95158136 0.89298338
1579703564 0.0000000 0.97717589 0.95071203
1580749376 0.0000000 0.99179822 0.98132175
1581076659 0.0000000 0.97719324 0.94746709
1581616159 0.0000000 0.99599952 0.99128670
1581629921 0.0000000 0.98617363 0.97029483
1581764406 0.0000000 0.99832982 0.99605656
1581764700 0.0000000 0.99695629 0.99301082
1581794413 0.0000000 0.99697936 0.99327248
1582090065 0.0000000 0.99704564 0.99286997
1582113307 0.0000000 0.98650652 0.96965843
1582546233 0.0000000 0.99258757 0.98373616
1582592414 0.0000000 0.98910928 0.97550440
1582629242 0.0000000 0.99732554 0.99410307
1582695255 0.0000000 0.99328649 0.98549259
1584677477 0.0000000 0.98847175 0.97586983
1585787701 0.0000000 0.77844536 0.29242843
1586304460 0.0000000 0.95696115 0.90350330
1586389759 0.0000000 0.99427450 0.98753655
1586537097 0.0000000 0.99638277 0.99258095
1586691401 0.0000000 0.99387634 0.98640382
1587481331 0.0000000 0.97096419 0.93445021
1588476280 0.0000000 0.99596393 0.99103713
1589003116 0.0000000 0.97905719 0.95365065
1589548020 0.0000000 0.77928609 0.32637781
1589756010 0.0000000 0.97248459 0.93636668
1589910785 0.0000000 0.91506338 0.80769521
1590311534 0.0000000 0.68781745 8.57341290E-03
1590359490 0.0000000 0.99493057 0.98877960
1590694463 0.0000000 0.99377310 0.98632908
1590843750 0.0000000 0.99313986 0.98517650
1591494563 0.0000000 0.99277091 0.98485458
1591839506 0.0000000 0.98731309 0.97028524
1591921295 0.0000000 0.98768330 0.97351474
1592079539 0.0000000 0.99517322 0.98933703
1592349420 0.0000000 0.98789144 0.97232735
1593214064 0.0000000 0.99218047 0.98372245
1593241888 0.0000000 0.98443377 0.96666616
1593407313 0.0000000 0.98447019 0.96489555
1593435168 0.0000000 0.98800880 0.97390586
1593519432 0.0000000 0.96476579 0.92087179
1594227272 0.0000000 0.98548406 0.96873748
1594265063 0.0000000 0.99193126 0.98226905
1594267923 0.0000000 0.98966569 0.97753543
1594526768 0.0000000 0.93847388 0.86150974
1594546164 0.0000000 0.83887553 0.58744973
1595767949 0.0000000 0.99733531 0.99402642
1597107665 0.0000000 0.98738235 0.97307652
1597123796 0.0000000 0.14947420 -44.250553
1597187246 0.0000000 0.96146512 0.91673195
1597774608 0.0000000 0.77056432 0.27632904
1597797181 0.0000000 0.98168451 0.96178854
1597806811 0.0000000 0.99439216 0.98823673
1598480108 0.0000000 0.99038476 0.97994977
1598847265 0.0000000 0.65189236 -0.38179469
1599036279 0.0000000 0.96855778 0.93231660
1600306672 0.0000000 0.99411398 0.98773795
1600646088 0.0000000 0.63839865 -0.60896611
1600833602 0.0000000 0.96703863 0.92798281
1601017581 0.0000000 0.96814686 0.93016136
1601326254 0.0000000 0.99794263 0.99573076
1601342057 0.0000000 0.99467218 0.98908520
1601440640 0.0000000 0.99554050 0.99038577
1601863505 0.0000000 0.97693127 0.95034510
1602517184 0.0000000 0.99416691 0.98698586
1602946993 0.0000000 0.99672979 0.99302357
1602947159 0.0000000 0.98899001 0.97680146
1603087586 0.0000000 0.92164075 0.82066530
1603396062 0.0000000 0.55983573 -1.4632413
1603674483 0.0000000 0.91195178 0.78599405
1604358861 0.0000000 0.79814744 0.43065900
1604426346 0.0000000 0.68947893 -8.49480629E-02
1604601372 0.0000000 0.98961568 0.97796035
1604626818 0.0000000 0.99339598 0.98601341
1605130406 0.0000000 0.95589572 0.90023762
1605130534 0.0000000 0.95999861 0.91047192
1605266102 0.0000000 0.81557930 0.48874259
1605511152 0.0000000 0.82305747 0.50546110
1605551866 0.0000000 0.84345895 0.56615865
1605557664 0.0000000 0.90793091 0.78735316
1605621503 0.0000000 0.79765469 0.38449389
1605662576 0.0000000 0.77826822 0.32081044
1606582085 0.0000000 0.64806890 -0.33399618
1606657334 0.0000000 0.98988897 0.97857034
1607578178 0.0000000 0.99421877 0.98772484
1607606398 0.0000000 0.99719071 0.99365854
1607606851 0.0000000 0.98243737 0.96128660
1607624108 0.0000000 0.99357259 0.98609757
1608317519 0.0000000 0.95485067 0.89869410
1608385359 0.0000000 0.82720107 0.56697071
1609436522 0.0000000 0.96869636 0.92725241
1609594007 0.0000000 0.99378371 0.98704875
1610162996 0.0000000 0.83178568 0.55086291
1610192153 0.0000000 0.99441797 0.98806524
1610249009 0.0000000 0.99329180 0.98545015
1610838659 0.0000000 0.99680907 0.99319935
1611559538 0.0000000 0.99327379 0.98523664
1611565557 0.0000000 0.98049676 0.95591283
1611574763 0.0000000 0.98015612 0.95486593
1611584686 0.0000000 0.89753556 0.74726009
1611818971 0.0000000 0.99646837 0.99247330
