1276535865 0.0000000 0.39621663 -20.901302
1276561877 0.0000000 0.54639500 -8.4459057
1276823323 -5.00000007E-02 0.47037712 -6.3720508
1277440084 -0.50000000 0.16648473 -102.82150
1277575551 0.45000002 0.19594064 -56.321098
1277670806 0.0000000 0.53402257 -5.0279040
1278097892 0.0000000 0.31845260 -32.853329
1278515743 -5.00000007E-02 0.22247562 -51.836464
1278618217 0.0000000 0.57961869 -3.0167756
1278636079 -5.00000007E-02 0.25310674 -55.470905
1279357457 5.00000007E-02 0.34118995 -18.231628
1279458204 0.0000000 0.37316006 -16.343752
1280029930 5.00000007E-02 0.24143903 -42.394585
1280553485 -5.00000007E-02 0.24623372 -43.996761
1280563997 1.2500000 0.24646881 -94.578064
1280587745 0.0000000 0.40011939 -16.423777
1281476617 -5.00000007E-02 0.26365629 -60.805103
1282408680 -5.00000007E-02 0.35487264 -15.987862
1282415961 0.0000000 0.46083120 -8.0493965
1282416480 -5.00000007E-02 0.30128866 -18.199142
1283157909 0.0000000 0.57170653 -2.0825999
1283540817 -5.00000007E-02 0.18217623 -89.947350
1284039008 -0.10000000 0.19022058 -40.754269
1284244867 -5.00000007E-02 0.32395086 -50.962334
1284952628 0.10000000 0.24472505 -60.350437
1285350982 -5.00000007E-02 0.17951922 -81.495384
1285695233 -5.00000007E-02 0.40779066 -14.658734
1285876560 -5.00000007E-02 0.19975688 -67.051620
1286047392 0.0000000 0.46540189 -13.618085
1286198915 0.0000000 0.39348936 -12.702863
1286865806 -5.00000007E-02 0.25279999 -53.106133
1287036373 0.0000000 0.46007103 -7.2879753
1289221280 0.0000000 0.32598919 -38.772957
1289567329 0.0000000 0.30737042 -49.341019
1289576340 0.0000000 0.38827527 -20.833584
1290342705 0.0000000 0.69416231 -0.73093152
1290784424 0.0000000 0.49272579 -7.8922043
1290799240 -5.00000007E-02 0.33183724 -23.724148
1291601652 -0.10000000 0.17334980 -73.213425
1291689974 0.0000000 0.18061836 -56.516323
1291927327 -0.10000000 0.19646202 -86.407890
1292000461 0.0000000 0.31812122 -20.229340
1294804388 -5.00000007E-02 0.42691016 -8.1111526
1296507195 0.0000000 0.43739304 -12.284912
1296548191 0.0000000 0.51960379 -4.8728790
1297058102 -0.10000000 0.25577876 -46.126255
1297342916 -0.45000002 0.25578433 -59.467201
1297754297 0.0000000 0.66048658 -1.5774734
1299845150 -5.00000007E-02 0.19018316 -76.571373
1300123317 5.00000007E-02 0.20596202 -35.315769
1300281136 0.0000000 0.23545597 -47.398350
1300608051 0.0000000 0.39054641 -11.521136
1301123952 1.2500000 0.18718626 -61.484818
1301458951 0.0000000 0.21566314 -38.765732
1301964194 2.6500001 0.20491323 -74.152420
1302916270 -5.00000007E-02 0.23283312 -43.674515
1302961193 -5.00000007E-02 0.24064921 -44.612099
1303685617 0.0000000 0.47127646 -6.2621970
1304080155 -0.10000000 0.16201061 -99.744019
1304082768 0.0000000 0.20904848 -32.004463
1304152538 0.0000000 0.43755037 -14.834379
1304437954 -5.00000007E-02 0.39492649 -18.363474
1304717510 0.0000000 0.22822247 -48.875462
1304757333 -5.00000007E-02 0.30630824 -29.660366
1306028051 0.0000000 0.50018197 -3.3274422
1306098435 -0.10000000 0.25494084 -52.285152
1306261925 5.00000007E-02 0.26076746 -74.208710
1307034472 0.0000000 0.33095756 -20.004734
1307669122 0.0000000 0.35306638 -34.913036
1308478735 0.0000000 0.31361291 -24.957254
1309048281 -5.00000007E-02 0.25914890 -41.611607
1309094354 -5.00000007E-02 0.29397249 -25.002369
1309326569 5.00000007E-02 0.19457643 -87.728668
1309474048 -0.10000000 0.29713106 -134.02376
1309601047 -0.10000000 0.19879717 -36.745178
1309696244 -0.10000000 0.19565770 -74.277473
1309953539 -0.10000000 0.22927688 -39.121922
1310469430 0.0000000 0.49130449 -75.338425
1310541580 -5.00000007E-02 0.30009240 -88.887917
1310928323 0.0000000 0.32785383 -23.611671
1311000534 -0.10000000 0.21092659 -63.494064
1311084070 0.0000000 0.27758852 -38.526775
1311142337 0.0000000 0.41312936 -9.7936106
1311692424 -5.00000007E-02 0.23452550 -41.065487
1313100452 -5.00000007E-02 0.28678226 -49.706299
1314264913 0.0000000 0.30976805 -33.355148
1314789752 0.0000000 0.30131412 -25.331768
1315538819 0.0000000 0.31668308 -24.096600
1315635988 0.0000000 0.32560906 -29.744101
1315804512 -0.10000000 0.25719127 -62.366528
1316643513 -5.00000007E-02 0.31207958 -14.139959
1316653258 -0.10000000 0.29361570 -35.029629
1317835272 -5.00000007E-02 0.18599164 -46.522572
1318175665 0.0000000 0.32995617 -42.235722
1318478724 -0.45000002 0.30584311 -62.658466
1319945023 0.0000000 0.22930317 -56.725868
1320074224 6.0999999 0.12313221 -137.99319
1320721143 0.0000000 0.39190587 -15.464582
1321061921 -5.00000007E-02 0.29259065 -24.681631
1322787324 0.0000000 0.20991148 -69.782234
1322993584 -0.45000002 0.19220433 -80.216591
1323861170 2.0000000 0.23260161 -91.390488
1323909341 -0.10000000 0.25634906 -51.071873
1324582798 -0.45000002 0.30720279 -39.436142
1325660397 0.0000000 0.34934503 -13.568692
1326181267 0.15000001 0.19356625 -93.953377
1326728445 -5.00000007E-02 0.28168410 -25.859005
1327107001 0.0000000 0.31793150 -22.485613
1327480583 5.00000007E-02 0.14546280 -76.964439
1327824459 -5.00000007E-02 0.22355971 -45.300442
1328324062 -5.00000007E-02 0.31804517 -18.329527
1328459111 0.0000000 0.26040602 -29.912609
1330223700 0.0000000 0.59458780 -3.6491861
1330883534 0.0000000 0.19743766 -53.502575
1332071890 0.10000000 0.22024563 -73.467094
1332086295 0.0000000 0.36661115 -65.289444
1332373478 -5.00000007E-02 0.31311828 -110.17242
1333258441 0.0000000 0.39379087 -19.473560
1333828758 -0.10000000 0.33224043 -23.105410
1333921411 0.0000000 0.44026080 -12.333478
1334227165 5.00000007E-02 0.24427679 -36.189083
1334800688 0.0000000 0.34825611 -13.282602
1335409258 5.00000007E-02 0.24844249 -35.326057
1335538115 -0.10000000 0.17628306 -71.739700
1338362741 0.0000000 0.33858886 -16.995300
1338842309 -5.00000007E-02 0.23778656 -48.597393
1338890190 0.0000000 0.30929562 -30.736973
1338944914 0.0000000 0.74268621 -0.42798710
1338944979 0.0000000 0.79283243 1.23167038E-03
1338945045 0.0000000 0.50879276 -3.1101522
1339216879 0.10000000 0.24524926 -52.088493
1339275618 0.0000000 0.23022562 -31.169380
1339278860 -5.00000007E-02 0.24850568 -50.223907
1339309409 0.0000000 0.22019084 -42.360847
1339575740 0.0000000 0.64767861 -1.6929560
1339598466 0.0000000 0.41330791 -12.143607
1339646879 -5.00000007E-02 0.33617374 -53.861172
1339690513 0.0000000 0.29960829 -18.965149
1339702255 0.0000000 0.38307068 -20.428137
1339923712 -0.10000000 0.26255482 -42.421860
1341299876 5.00000007E-02 0.29982409 -23.623581
1341924177 -5.00000007E-02 0.31426215 -23.292986
1342405200 0.0000000 0.18416557 -43.868965
1345234802 0.0000000 0.30268773 -41.532780
1346380382 0.45000002 0.20171125 -328.64493
1346415099 0.0000000 0.35784271 -20.571217
1346415834 0.0000000 0.26694223 -33.636703
1346788818 5.00000007E-02 0.31464797 -15.466162
1346816730 3.3000000 0.12467656 -125.36603
1348523853 0.0000000 0.33672515 -18.587904
1350722979 -0.10000000 0.23820882 -95.964722
1350800865 -0.10000000 0.18437417 -114.22716
1351161077 -0.50000000 0.23796090 -78.635849
1352122829 -5.00000007E-02 0.26709870 -41.389835
1352554787 0.0000000 0.32695398 -35.409512
1353431341 0.0000000 0.33972976 -15.429308
1353536726 0.0000000 0.46980673 -11.248138
1354158772 0.0000000 0.24917933 -56.010197
1354470336 0.0000000 0.60516751 -4.5470328
1354477411 -5.00000007E-02 0.39644155 -13.465079
1354976814 0.0000000 0.72598767 -0.99806154
1355221924 -5.00000007E-02 0.39451981 -14.507282
1356243184 0.0000000 0.36694625 -12.043894
1356319072 -5.00000007E-02 0.22171995 -45.020458
1356487597 -5.00000007E-02 0.24447274 -55.133305
1356883405 0.0000000 0.34348911 -23.625324
1357128106 0.0000000 0.53424466 -4.0079675
1357236484 0.0000000 0.56110770 -3.5818787
1357270197 0.0000000 0.21042675 -45.663204
1357331931 5.3499999 0.19992375 -130.74408
1357541346 -5.00000007E-02 0.29307908 -18.982473
1357994057 0.0000000 0.37704352 -32.355991
1358411441 0.0000000 0.56401294 -3.7247567
1358708986 0.0000000 0.26348713 -47.083435
1359776392 0.0000000 0.32324725 -25.714045
1361064727 -5.00000007E-02 0.33673471 -15.927231
1361239965 0.0000000 0.28681403 -46.614380
1361256759 0.0000000 0.32323733 -41.689991
1361373628 -2.5000000 0.25475124 -56.447411
1361471757 0.0000000 0.26968202 -36.416180
1361665659 4.6500001 0.15391679 -114.28572
1362386544 0.0000000 0.42495617 -17.085915
1362609444 -1.2000000 0.15265539 -125.13485
1362627405 0.0000000 0.39958015 -11.188181
1362643640 -5.00000007E-02 0.22003274 -33.405804
1363079024 -0.10000000 0.29118466 -100.63106
1363764120 0.0000000 0.46276978 -8.0413704
1364349799 0.0000000 0.43604159 -8.1808434
1364349845 0.0000000 0.74810410 -0.52260196
1364355002 1.2000000 0.21081010 -81.401878
1364690983 5.00000007E-02 0.25533876 -48.126476
1365625224 0.0000000 0.65606815 -1.1040485
1366061297 0.0000000 0.26158863 -39.169712
1366432589 -5.00000007E-02 0.25445285 -106.37672
1366513671 0.0000000 0.22491257 -67.537895
1369110346 0.0000000 0.59156305 -4.7671614
1369124755 -5.00000007E-02 0.20282958 -71.328270
1369791239 0.0000000 0.31502855 -40.161388
1369883683 0.0000000 0.29934660 -38.501442
1370118743 0.0000000 0.40630257 -19.702181
1370151783 0.0000000 0.46072540 -8.4836473
1370623082 0.0000000 0.36722830 -17.153755
1372241957 0.0000000 0.46894193 -8.3493834
1372463510 0.0000000 0.65193969 -1.8792741
1373829868 0.90000004 0.22992451 -143.45578
1373895699 -5.00000007E-02 0.26166725 -31.995525
1373969495 0.0000000 0.37428233 -23.761778
1374677225 -5.00000007E-02 0.37373212 -18.885679
1374679935 0.0000000 0.46577224 -7.3619127
1376837821 0.0000000 0.33351588 -25.809216
1377205321 0.0000000 0.42599100 -7.9928036
1377355603 -0.10000000 0.26096001 -70.237854
1377407246 -5.00000007E-02 0.14701928 -73.147552
1378247005 0.0000000 0.64858609 -1.7330167
1378467231 0.0000000 0.55777192 -3.7429457
1379475197 0.0000000 0.35181302 -17.897224
1380542719 0.0000000 0.40886426 -16.551249
1381466759 -5.00000007E-02 0.29500306 -41.448853
1381684855 -0.15000001 0.19238785 -104.54744
1382170436 0.90000004 0.17409711 -74.519165
1382919848 0.0000000 0.38915014 -26.369539
1383069011 0.0000000 0.46248889 -6.1839504
1383085061 0.0000000 0.34004989 -19.345823
1383220929 0.0000000 0.81170416 0.47892314
1383227120 -5.00000007E-02 0.18351690 -61.391872
1383227831 -5.00000007E-02 0.22322857 -57.719795
1383234448 -0.50000000 0.20897253 -51.781841
1383263545 -5.00000007E-02 0.28752866 -40.343941
1383450194 -5.00000007E-02 0.22832133 -40.029221
1383519374 -0.10000000 0.22275253 -46.796410
1383809110 0.0000000 0.55425012 -6.1542134
1383809501 0.0000000 0.37289023 -25.056650
1383989687 5.00000007E-02 0.21391073 -68.339333
1384145710 0.0000000 0.31728074 -43.001987
1384544358 0.0000000 0.26120189 -36.177372
1385019362 -5.00000007E-02 0.23130912 -69.561035
1386347977 0.0000000 0.26853517 -33.480511
1386357780 0.0000000 0.40068269 -13.624765
1387916955 0.0000000 0.24607216 -69.540840
1389034180 0.0000000 0.49160191 -15.228905
1389204911 0.0000000 0.33378780 -14.897291
1389717867 0.0000000 0.31951249 -24.949783
1389724692 0.0000000 0.32556331 -13.478879
1389729005 5.00000007E-02 0.31846634 -36.218163
1389740803 0.0000000 0.33054620 -31.182995
1389904819 -5.00000007E-02 0.24902482 -67.094101
1390517490 -0.10000000 0.25407273 -53.628830
1390619771 -5.00000007E-02 0.25552052 -36.966953
1391790286 -0.45000002 0.21151176 -50.730778
1393014317 0.0000000 0.34665522 -43.475704
1393065064 1.2000000 0.16180615 -67.629425
1393759985 0.90000004 0.31138879 -191.34482
1393791078 5.00000007E-02 0.18111080 -55.335659
1394913876 0.0000000 0.40487808 -13.904996
1395061976 0.0000000 0.49369600 -8.4988937
1395231566 0.0000000 0.43005511 -11.928522
1397097485 -5.00000007E-02 0.20230252 -71.751717
1397746253 -0.50000000 0.22286084 -66.610229
1398443585 -0.10000000 0.29505226 -71.286903
1399207416 0.0000000 0.28318730 -29.399446
1399278483 -5.00000007E-02 0.23655556 -63.139725
1399745740 0.0000000 0.28647789 -23.560270
1399746271 -5.00000007E-02 0.34162495 -28.256731
1400631673 5.00000007E-02 0.36532992 -23.026564
1401021673 0.0000000 0.37254080 -16.029211
1401296286 0.0000000 0.29784301 -20.604773
1402085900 1.5500001 0.22647479 -99.935913
1402313583 5.00000007E-02 0.24506819 -58.027523
1402624068 0.0000000 0.41146094 -17.150005
1402784563 0.0000000 0.33220062 -25.921206
1403034553 1.2500000 0.13904168 -83.577629
1404774365 -5.00000007E-02 0.29728118 -35.351372
1404925818 -5.00000007E-02 0.20947185 -110.29752
1405577514 0.0000000 0.45562020 -9.5802355
1407296767 -5.00000007E-02 0.24454497 -114.46889
1407544588 -5.00000007E-02 0.22468750 -48.402935
1408047770 0.0000000 0.47952795 -12.251693
1410046387 0.0000000 0.41106737 -16.125717
1410325949 0.0000000 0.32169673 -27.591806
1410382444 0.0000000 0.17072079 -60.334999
1411247643 -5.00000007E-02 0.25639117 -49.742817
1411641303 5.00000007E-02 0.32309517 -29.723278
1412009058 5.00000007E-02 0.22738510 -50.082481
1412705290 0.90000004 0.22558492 -51.929577
1413207959 -5.00000007E-02 0.19094810 -54.891731
1414298821 0.0000000 0.34854299 -16.254990
1416419181 0.0000000 0.82937592 4.66089845E-02
1416419227 0.0000000 0.81009674 3.89456749E-02
1416540553 0.0000000 0.29031378 -27.484390
1417557685 0.0000000 0.30574736 -78.798134
1417655668 -0.45000002 0.22874033 -113.35400
1418245419 0.0000000 0.45871454 -10.439571
1418533563 1.2000000 0.29630050 -106.11875
1419682925 5.4000001 0.20803341 -118.68029
1419947441 5.00000007E-02 0.23437569 -30.446039
1419995164 0.0000000 0.55290800 -7.4626408
1420012476 -0.10000000 0.21301286 -43.835785
1420437226 0.90000004 0.23056608 -87.144730
1420606112 0.0000000 0.51008004 -6.7061963
1420742654 0.0000000 0.35312459 -16.280712
1421435535 0.0000000 0.47904375 -5.7527990
1421639313 0.45000002 0.22145772 -95.282829
1422083726 5.00000007E-02 0.33461747 -44.847145
1422374758 0.0000000 0.46775803 -6.4582977
1422958210 -5.00000007E-02 0.17846179 -102.22668
1423037687 1.2500000 0.23136635 -71.618423
1423603888 -0.10000000 0.17310181 -66.329216
1423726535 0.0000000 0.42820024 -22.628679
1423857991 0.0000000 0.45329461 -8.5816793
1424969403 -5.00000007E-02 0.23286153 -125.07000
1426114954 -5.00000007E-02 0.32068881 -29.424643
1426344314 -5.00000007E-02 0.19874798 -41.691002
1426852891 -5.00000007E-02 0.26512632 -38.435814
1427105631 0.0000000 0.52202284 -5.9770436
1427483378 0.0000000 0.26530391 -37.875210
1428208678 -5.00000007E-02 0.18547143 -96.679794
1428320250 -5.00000007E-02 0.32303631 -52.058617
1428945237 0.0000000 0.34590653 -16.345957
1429127316 0.0000000 0.44447827 -12.596313
1429494176 0.0000000 0.33969525 -12.561258
1429494550 0.0000000 0.35323215 -19.185648
1429528847 0.0000000 0.42455977 -18.982517
1429530313 0.0000000 0.38283783 -11.909166
1429531199 0.0000000 0.37700948 -11.090693
1429992097 -5.00000007E-02 0.45946911 -6.7631173
1430658547 -5.00000007E-02 0.28951800 -49.760952
1431333501 -5.00000007E-02 0.50395173 -4.6624374
1431387795 0.0000000 0.28214496 -33.049438
1431628549 0.0000000 0.42341900 -8.9574118
1432588969 0.0000000 0.42284337 -18.484421
1432601816 -5.00000007E-02 0.23266368 -58.119160
1432799863 -5.00000007E-02 0.25027061 -59.677547
1434467768 -5.00000007E-02 0.19512813 -53.369625
1434867330 -5.00000007E-02 0.33006570 -41.902336
1435335400 1.8000001 0.21311790 -62.228535
1438066750 -5.00000007E-02 0.39056173 -11.869790
1438936857 -5.00000007E-02 0.12970528 -96.861130
1439209234 -25.400000 0.12121925 -2008.7814
1439418087 0.0000000 0.19406609 -127.04935
1439474882 0.0000000 0.30620143 -24.114876
1439699200 1.2000000 0.12028494 -472.10495
1441113885 -5.00000007E-02 0.38118380 -17.292828
1441128847 0.0000000 0.33624870 -21.126095
1441160293 0.0000000 0.54627275 -4.1797028
1441898607 -5.00000007E-02 0.29313466 -29.440897
1442339782 0.0000000 0.29065731 -41.129807
1442345855 0.0000000 0.56044650 -4.0307789
1442345878 0.0000000 0.56309742 -3.9792676
1442408939 0.0000000 0.40281785 -8.0243387
1442410226 0.0000000 0.40761268 -8.9644356
1442413798 0.0000000 0.44759578 -9.2654305
1443074281 0.85000002 0.18729402 -66.139114
1443555465 -2.8500001 0.19718701 -73.933670
1444648487 0.0000000 0.42137948 -14.172670
1444736944 -5.00000007E-02 0.17635570 -41.027302
1444953165 0.0000000 0.34189534 -22.858732
1444953267 0.0000000 0.30230659 -31.014992
1445014914 -0.85000002 0.23946875 -99.030464
1445221055 0.0000000 0.77918714 -0.19020581
1445233331 0.0000000 0.62970781 -1.9883208
1445239215 0.0000000 0.63424617 -2.0834227
1446412182 0.0000000 0.43427342 -16.142099
1446412281 0.0000000 0.54554951 -2.5759778
1446509184 0.0000000 0.67630547 -0.99204755
1446509190 0.0000000 0.67544389 -1.0002475
1446714386 0.10000000 0.23841546 -76.906693
1447167192 0.0000000 0.26740029 -29.395681
1447255999 -5.00000007E-02 0.26993451 -47.337112
1447277516 0.0000000 0.27313453 -50.188011
1448316095 1.2000000 0.22138585 -198.61394
1448671943 0.0000000 0.28904560 -34.693657
1449033717 -5.00000007E-02 0.23725164 -31.144547
1449035580 0.0000000 0.28180525 -19.848326
1449153073 0.0000000 0.35053939 -17.850569
1449935242 0.0000000 0.28306839 -67.730423
1450510821 -5.00000007E-02 0.15664104 -139.22818
1450536811 0.0000000 0.34518409 -18.847395
1450992022 0.0000000 0.32375938 -25.914419
1451199638 -0.45000002 0.14372188 -83.313423
1451327726 -5.00000007E-02 0.26599371 -28.137835
1451523194 0.0000000 0.22519656 -62.172581
1451829690 0.45000002 0.21631613 -87.819855
1451928000 -0.10000000 0.23853764 -45.698441
1452487977 -0.90000004 0.23433647 -63.083420
1453169606 0.0000000 0.40125498 -12.162332
1453824336 0.0000000 0.45361012 -8.2218533
1454422761 0.0000000 0.52632898 -9.9196415
1454702246 0.0000000 0.50351888 -7.5787134
1454702308 0.0000000 0.82990563 0.23111951
1454702406 0.0000000 0.86857909 0.50235200
1454702512 0.0000000 0.54349238 -2.2568336
1454978820 0.0000000 0.56233704 -5.0717535
1455590759 0.0000000 0.37885594 -30.913696
1455595494 0.0000000 0.54824394 -8.3035831
1455757779 0.0000000 0.43223906 -14.768275
1455758311 0.0000000 0.41589302 -28.971548
1456215987 0.0000000 0.22047131 -78.171417
1456541993 0.0000000 0.35460028 -23.731701
1457201466 -5.00000007E-02 0.26506659 -58.541584
1457276938 -0.10000000 0.18268970 -61.854717
1459152479 -0.10000000 0.23304661 -87.805077
1459502085 -0.15000001 0.16947764 -88.055237
1459988008 1.2500000 0.18645984 -96.469414
1460294506 1.2500000 0.17995961 -101.80111
1460353509 -5.00000007E-02 0.28128943 -46.731190
1460804146 0.0000000 0.29729867 -37.052090
1461082597 -0.50000000 0.23207264 -57.067017
1461607991 0.0000000 0.58017570 -2.9513524
1461770234 0.0000000 0.70457309 -1.9674773
1461770257 0.0000000 0.70772690 -1.9140780
1461770858 0.0000000 0.57322651 -3.9369931
1461781146 5.00000007E-02 0.35202691 -63.799637
1461806086 -5.00000007E-02 0.34647804 -20.286684
1462056417 0.0000000 0.44060400 -9.6104698
1462199340 -5.00000007E-02 0.42034844 -11.414244
1462521203 -5.00000007E-02 0.32256547 -23.543762
1462632669 -5.00000007E-02 0.37271616 -15.586718
1462675593 0.0000000 0.29239303 -29.193342
1463023035 0.0000000 0.76559651 -0.41452610
1463023251 0.0000000 0.49309152 -4.5013957
1463023282 0.0000000 0.45912358 -6.1677999
1463027395 0.0000000 0.60419673 -2.2450581
1463127852 0.0000000 0.64406222 -2.6747148
1463195522 0.0000000 0.47399086 -6.7182078
1463196768 0.0000000 0.36307693 -24.317120
1463530965 0.55000001 0.33801666 -72.716278
1463863900 0.0000000 0.27816108 -52.687046
1463882779 1.5000000 0.19839756 -106.45314
1464184475 0.50000000 0.25488251 -82.475143
1464544116 0.0000000 0.37447819 -109.46644
1464576767 -5.00000007E-02 0.26630530 -29.676657
1464630651 0.90000004 0.23533425 -86.485046
1464672226 0.0000000 0.47290444 -5.4263411
1466204142 0.0000000 0.29814956 -31.927677
1466383187 -1.2500000 0.22426680 -71.776550
1466409210 0.0000000 0.43654490 -19.093582
1466715930 -0.10000000 0.22922122 -60.631950
1467361422 0.0000000 0.35170150 -21.635485
1469019333 0.85000002 0.18975846 -60.287624
1469592155 0.0000000 0.43273798 -15.262646
1471008941 -0.50000000 0.24366117 -127.48532
1471908408 -2.0500000 0.30197218 -158.20375
1472660934 0.0000000 0.45635238 -7.5825424
1473440050 -0.10000000 0.22104529 -84.181656
1475055492 -5.00000007E-02 0.18607515 -54.785465
1475769120 0.0000000 0.62357968 -2.4901071
1477370752 0.0000000 0.35410675 -16.136793
1478519786 1.2500000 0.25967878 -119.65086
1478903131 0.0000000 0.46257794 -9.1971388
1480024554 0.0000000 0.22471839 -23.769316
1480377579 5.00000007E-02 0.18188912 -68.954659
1480507474 -5.00000007E-02 0.30357537 -27.843307
1481256588 0.0000000 0.26930010 -39.680584
1481811269 0.0000000 0.52514696 -5.1535158
1483057851 -5.00000007E-02 0.18322332 -99.204918
1483513641 -0.45000002 0.17394875 -88.257332
1484155863 1.9000000 0.21562974 -47.457069
1484797338 0.0000000 0.22800659 -51.995327
1484900187 -5.00000007E-02 0.25331014 -42.473606
1485329586 0.0000000 0.32084322 -43.407364
1486746772 0.0000000 0.43482161 -6.7815609
1487420859 -5.00000007E-02 0.20696864 -82.868484
1487652197 0.0000000 0.15459776 -70.589088
1488212310 1.6000000 0.18387142 -81.581886
1488924651 -5.00000007E-02 0.34081498 -28.056587
1489967289 -5.00000007E-02 0.36401027 -14.234736
1490066029 0.50000000 0.15721856 -172.49883
1490805242 0.10000000 0.21277590 -46.145191
1492112471 0.0000000 0.74448472 -1.2158258
1492367656 -5.00000007E-02 0.22418536 -40.328789
1493517442 0.0000000 0.38335454 -13.268299
1493960850 0.0000000 0.37009668 -39.294704
1493986611 0.0000000 0.16620426 -138.20663
1494889974 0.0000000 0.47045618 -7.6284828
1494932580 0.0000000 0.71863985 -0.65380251
1495631454 -0.45000002 0.25933683 -94.155975
1495691291 -5.00000007E-02 0.30069995 -41.696598
1495956669 0.40000001 0.14539659 -82.181267
1495999757 0.0000000 0.75898051 -0.35741472
1496582686 0.0000000 0.50149530 -6.6188197
1497967350 -5.00000007E-02 0.12496026 -148.24533
1498029939 -5.00000007E-02 0.23198614 -68.652405
1500318986 -0.10000000 0.15385413 -98.687866
1501139292 0.0000000 0.26753193 -49.233845
1501845585 0.0000000 0.34421930 -21.137856
1502294736 -0.10000000 0.22184359 -86.228806
1502416734 0.50000000 0.22330643 -107.36494
1502582915 -5.00000007E-02 0.21300964 -65.966415
1504364658 -5.00000007E-02 0.19608276 -43.789654
1505096741 -2.8000000 0.14962198 -66.328949
1505687994 5.00000007E-02 0.22896186 -62.626904
1505917796 0.0000000 0.41314122 -17.959093
1506232185 -5.00000007E-02 0.42261767 -14.964497
1506549399 -5.00000007E-02 0.23613141 -71.765701
1507505391 0.0000000 0.47118157 -7.0818567
1507747520 0.10000000 0.21830030 -46.590733
1508582157 1.2500000 0.16041696 -70.829819
1509318944 0.0000000 0.52991235 -5.2533879
1509677295 0.0000000 0.27349141 -38.673298
1509677339 0.0000000 0.26618999 -38.555008
1509752088 0.0000000 0.66019487 -6.1695466
1510398879 0.0000000 0.26193547 -30.455605
1510402973 1.2500000 0.21897161 -91.130829
1510440860 0.0000000 0.28633741 -44.278076
1510947032 0.0000000 0.42021969 -14.532237
1511360409 0.0000000 0.55507874 -10.157367
1511470532 0.0000000 0.33872813 -49.358837
1512230735 -0.15000001 0.17822643 -85.353180
1512377977 0.0000000 0.32436350 -18.171412
1512704669 1.9500000 0.21535532 -99.291428
1513120660 -5.00000007E-02 0.44943607 -7.8434143
1516168751 -0.10000000 0.24442561 -38.872993
1516984288 0.0000000 0.46214366 -7.5694904
1517686257 -5.00000007E-02 0.33654937 -16.362385
1517749972 0.0000000 0.55033630 -4.1933813
1517752600 0.0000000 0.61362356 -2.5197792
1517752662 0.0000000 0.68495798 -0.91264534
1517753127 0.0000000 0.43845555 -10.050226
1517753452 0.0000000 0.54077649 -4.8466940
1517753522 0.0000000 0.54710197 -4.6814599
1517753592 0.0000000 0.54544783 -4.7102652
1517753815 0.0000000 0.49970728 -5.2695918
1517758427 0.0000000 0.36002961 -13.969254
1517763262 0.0000000 0.41562074 -19.460592
1517821602 0.0000000 0.59219503 -5.3999853
1517823894 0.0000000 0.32186845 -23.036007
1517846321 0.0000000 0.41485161 -8.8498268
1517852233 0.0000000 0.34648973 -31.481190
1517893754 0.0000000 0.41908187 -7.7893419
1517906208 -5.00000007E-02 0.25838527 -25.259083
1517932241 0.0000000 0.68999940 -1.4263468
1517932280 5.00000007E-02 0.70219910 -1.1381233
1517932282 5.00000007E-02 0.64348626 -1.5360522
1517932427 -5.00000007E-02 0.42760944 -7.4056835
1517932434 -5.00000007E-02 0.42653793 -7.4931755
1517932492 0.0000000 0.32714140 -16.089108
1517933877 -5.00000007E-02 0.30016521 -32.439663
1517940013 0.0000000 0.71833837 -0.70121956
1517940459 0.0000000 0.65746838 -1.8114460
1517944528 0.0000000 0.65357804 -2.0739567
1517945796 0.0000000 0.48320714 -7.5679665
1517950582 0.0000000 0.51252598 -4.2103639
1517958702 0.0000000 0.39834848 -9.8525028
1517960631 0.0000000 0.50837988 -6.9590149
1517969882 0.0000000 0.56464010 -3.0113225
1517974578 0.0000000 0.49858215 -5.9656863
1517998787 0.0000000 0.43410128 -8.1311340
1518001985 0.0000000 0.58140290 -3.0287237
1518008800 0.0000000 0.61547363 -2.6037602
1518008880 0.0000000 0.54200423 -3.8316073
1518013159 -5.00000007E-02 0.42345574 -5.7597880
1518016890 0.0000000 0.60682768 -2.1053846
1518016916 0.0000000 0.61654437 -1.9333830
1518051257 0.0000000 0.54238486 -4.4194860
1518059164 0.0000000 0.53440320 -6.2803416
1518142443 -5.00000007E-02 0.23538400 -61.888741
1518201789 0.0000000 0.47310209 -11.490464
1518248929 0.0000000 0.41138124 -13.381151
1518858396 0.0000000 0.33577427 -30.244921
1518981709 0.0000000 0.28323391 -50.340065
1519051621 -5.00000007E-02 0.22225712 -37.791981
1519254641 -0.10000000 0.38251051 -88.018471
1519583320 0.0000000 0.54550689 -7.4525566
1519962147 1.2500000 0.24652471 -120.20831
1520098551 0.0000000 0.50992876 -5.1031284
1520329330 -0.10000000 0.21485552 -63.566452
1521024527 0.0000000 0.41725627 -9.6919098
1521537776 5.00000007E-02 0.27728981 -38.590714
1521728871 0.90000004 0.24826197 -59.275799
1522232997 -5.00000007E-02 0.21735305 -57.604382
1522282670 -0.10000000 0.28706953 -55.562302
1522598524 -5.00000007E-02 0.20259632 -45.384697
1523432369 0.0000000 0.27247652 -48.919724
1523886539 0.0000000 0.28900334 -43.171463
1524201906 -0.50000000 0.24030775 -155.99654
1524248877 0.40000001 0.19656579 -98.939262
1524308214 1.2000000 0.22519891 -99.562660
1524503432 0.0000000 0.29241997 -38.848972
1524721460 0.0000000 0.32411483 -24.486643
1524721601 0.0000000 0.32612589 -23.892103
1524808553 0.0000000 0.41829193 -14.286657
1525218424 -5.00000007E-02 0.41772524 -8.9569082
1526098666 -0.10000000 0.29332057 -41.889179
1527728598 0.0000000 0.40718326 -8.8690004
1527904870 5.00000007E-02 0.16858472 -56.241123
1528731725 0.0000000 0.41138509 -11.293480
1528750347 0.0000000 0.52494782 -4.1023755
1528856173 0.0000000 0.32776475 -29.444685
1529096035 -0.10000000 0.24744062 -66.145470
1529334375 -0.10000000 0.18933758 -72.559456
1529522338 -5.00000007E-02 0.31993681 -16.636545
1530516370 5.00000007E-02 0.21424741 -70.321785
1530516385 5.00000007E-02 0.21424866 -70.318733
1530609654 0.0000000 0.33693808 -18.395546
1531312909 0.0000000 0.34666193 -15.385742
1531507119 -5.00000007E-02 0.22819385 -25.161198
1532050755 5.00000007E-02 0.29223469 -28.155010
1533217098 0.0000000 0.35515574 -17.283207
1533504622 1.2000000 0.21525152 -78.377106
1533801692 0.0000000 0.30954823 -42.241268
1534500582 -5.00000007E-02 0.31186748 -39.028725
1534551317 0.0000000 0.30054203 -27.664642
1535572403 0.0000000 0.37758163 -18.559818
1535660064 1.2000000 0.16813131 -88.377884
1536498994 -0.50000000 0.22428316 -98.687141
1536641006 0.0000000 0.42808917 -20.282917
1536700815 3.0000000 0.19703193 -85.713547
1538633849 0.50000000 0.18007569 -88.735893
1538766649 -5.00000007E-02 0.16787349 -79.172142
1539072778 0.0000000 0.46960250 -15.673384
1539164591 0.0000000 0.57541889 -4.1192532
1540269298 0.0000000 0.54770178 -4.9120913
1540310644 0.0000000 0.43039954 -10.179721
1541624711 0.0000000 0.35933322 -37.363388
1541712486 0.0000000 0.25179043 -61.830654
1542328459 0.10000000 0.20974407 -61.887054
1542608341 0.0000000 0.34744957 -31.037079
1542638415 0.0000000 0.49263814 -8.2329178
1542645094 -5.00000007E-02 0.27461776 -37.675293
1543190243 0.0000000 0.56143308 -4.0653348
1543191316 -5.00000007E-02 0.30792853 -29.353039
1543236658 0.0000000 0.32909414 -20.881058
1543238642 0.0000000 0.31058273 -29.108477
1543314575 0.0000000 0.41177702 -13.753564
1544368541 0.0000000 0.31551814 -33.170601
1544439487 -5.00000007E-02 0.29740077 -89.026451
1544621063 -5.00000007E-02 0.33218998 -20.042583
1544908865 -5.00000007E-02 0.26802963 -38.559418
1545710204 0.0000000 0.25125360 -36.249119
1546538568 0.0000000 0.27583379 -34.213131
1546949806 -5.00000007E-02 0.31097725 -33.751072
1548127166 0.0000000 0.40186661 -11.628092
1548825695 -5.00000007E-02 0.25946072 -27.924923
1548861293 0.0000000 0.53751945 -5.6256208
1549366351 -5.00000007E-02 0.31093177 -27.309500
1549558324 0.0000000 0.40486228 -42.661392
1550239687 0.0000000 0.36635777 -24.898735
1551558867 -5.00000007E-02 0.24958651 -51.781651
1552012334 0.0000000 0.50882125 -5.4602528
1552127531 0.0000000 0.23433129 -31.711472
1552421955 -5.00000007E-02 0.32170343 -30.000092
1552451554 -0.10000000 0.24813437 -48.359600
1552511242 0.0000000 0.38231358 -26.547909
1552697151 0.45000002 0.28194544 -107.17622
1552968094 -0.10000000 0.25965372 -63.391418
1553256348 -5.00000007E-02 0.16098133 -82.201736
1553414210 -0.45000002 0.26249793 -90.218750
1554087275 -5.00000007E-02 0.25505525 -70.645172
1554172029 0.0000000 0.27031431 -25.876085
1554256375 0.0000000 0.60366213 -3.7517285
1554343015 0.0000000 0.35020354 -25.551662
1554382610 5.00000007E-02 0.26059484 -32.816765
1554499495 0.0000000 0.35393956 -31.572701
1554706689 0.0000000 0.34816971 -16.233341
1554822801 0.0000000 0.60134423 -4.1571264
1554841453 -5.00000007E-02 0.41145256 -10.735076
1554850672 -5.00000007E-02 0.37858614 -13.777219
1555563667 0.0000000 0.48205802 -5.6193013
1556793883 0.0000000 0.35134488 -21.831730
1556970683 5.00000007E-02 0.19998299 -60.610405
1557330527 0.0000000 0.27515638 -48.134472
1557737721 -0.10000000 0.22861585 -76.410187
1558197514 -5.00000007E-02 0.31220552 -23.563190
1558379328 -5.00000007E-02 0.26826596 -60.352356
1558489044 -0.10000000 0.23387253 -36.260811
1558591969 0.0000000 0.35838154 -28.306400
1559317998 5.00000007E-02 0.29423791 -37.959106
1559641578 0.0000000 0.34727883 -23.984327
1559762840 0.0000000 0.16671093 -86.737442
1560870606 0.0000000 0.30252460 -35.537148
1561237205 0.45000002 0.24956341 -64.231270
1561242160 0.45000002 0.25815970 -80.098740
1561825206 -5.00000007E-02 0.24065943 -82.095863
1561837452 1.5500001 0.22232114 -64.508171
1562610935 0.0000000 0.47707069 -10.416530
1562880116 0.0000000 0.32250196 -19.184443
1563275550 -5.00000007E-02 0.31874162 -52.428303
1563531230 0.0000000 0.34259820 -20.652264
1563768365 0.0000000 0.29858106 -15.928160
1564123196 -5.00000007E-02 0.31312194 -31.021313
1564190683 0.0000000 0.61372423 -3.1661897
1564649429 0.0000000 0.46084902 -6.0864363
1564753988 -5.00000007E-02 0.29604295 -13.580441
1564784683 -5.00000007E-02 0.50018936 -6.6885543
1565054388 -5.00000007E-02 0.31853989 -21.035381
1565055090 5.00000007E-02 0.23461060 -25.985554
1565213283 0.0000000 0.59072030 -2.8971529
1565218942 1.2500000 0.19400652 -62.078236
1565905300 0.0000000 0.26981935 -92.066757
1566053525 -5.00000007E-02 0.26999712 -40.267895
1566053530 -5.00000007E-02 0.26999721 -40.267883
1566074882 0.0000000 0.46537939 -6.4831972
1566101114 -5.00000007E-02 0.39426577 -12.069979
1566598377 -5.00000007E-02 0.21954851 -42.863258
1566648618 -5.00000007E-02 0.30814642 -22.484100
1567237819 0.0000000 0.35178310 -32.718872
1567471650 0.0000000 0.41680712 -17.545343
1567604000 -5.00000007E-02 0.30084091 -78.465935
1567917359 0.0000000 0.47511709 -7.9632540
1568005668 0.0000000 0.29301679 -26.634052
1568095682 0.0000000 0.56917608 -5.2221889
1569863578 0.0000000 0.31874287 -41.490414
1570468626 0.0000000 0.59841555 -3.2596731
1571312673 0.0000000 0.29598045 -36.621132
1571861758 -5.00000007E-02 0.20096235 -48.244289
1572218883 -0.10000000 0.17690463 -47.450748
1573491297 0.0000000 0.42886648 -11.147512
1573495893 -5.00000007E-02 0.24174242 -51.469189
1574645562 -5.00000007E-02 0.32924387 -13.883708
1575564604 5.00000007E-02 0.28386956 -39.534100
1575660753 0.15000001 0.14853711 -85.991722
1576495557 0.0000000 0.48685950 -5.9943767
1577769501 5.00000007E-02 0.18728834 -61.184906
1577819410 -5.00000007E-02 0.41805780 -9.0217886
1578293635 0.0000000 0.51060575 -7.5448580
1578510402 -1.6000000 0.20961072 -77.302338
1579404154 0.0000000 0.44819182 -10.597902
1579703564 -5.00000007E-02 0.20747626 -63.839073
1580749376 -5.00000007E-02 0.26080281 -47.162739
1581076659 -5.00000007E-02 0.26347339 -42.204403
1581616159 0.0000000 0.59627628 -3.8975115
1581629921 0.0000000 0.27825898 -24.309034
1581764406 0.0000000 0.61489379 -1.8516610
1581764700 0.0000000 0.52574778 -5.7993312
1581794413 0.0000000 0.61360449 -3.1405530
1582090065 0.0000000 0.31747273 -19.736015
1582113307 -5.00000007E-02 0.31274149 -39.133438
1582546233 -5.00000007E-02 0.30952320 -20.468090
1582592414 -5.00000007E-02 0.18025301 -68.426781
1582629242 -5.00000007E-02 0.37813506 -11.237381
1582695255 -5.00000007E-02 0.24083123 -48.219406
1593214064 0.0000000 0.99980062 -7.7425003
1593241888 0.0000000 0.99985081 -7.4315948
1593407313 0.0000000 0.99959064 -7.5393152
1593435168 0.0000000 0.99975979 -7.5552244
1593519432 0.0000000 0.99958545 -7.4846249
1594227272 0.0000000 0.99963301 -7.6221371
1594265063 0.0000000 0.99979436 -7.6124306
1594267923 0.0000000 0.99980575 -7.8040762
1594526768 0.0000000 0.99966294 -7.6360025
1594546164 0.0000000 0.99970156 -7.4511166
1595767949 0.0000000 0.84999925 -15.928635
1597107665 0.0000000 0.99965537 -7.6969423
1597123796 0.0000000 0.99972135 -7.7880468
1597187246 0.0000000 0.99972296 -7.8049212
1597774608 0.0000000 0.99967194 -7.7203341
1597797181 0.0000000 0.99977612 -7.9288340
1597806811 0.0000000 0.99979436 -7.8668432
1598480108 0.0000000 0.99976027 -7.6165171
1598847265 0.0000000 0.99920887 -7.7145128
1599036279 0.0000000 0.99964595 -7.6768427
1600306672 0.0000000 0.99973005 -7.8231201
1600646088 0.0000000 0.99972010 -7.8024769
1600833602 0.0000000 0.98831946 -7.7586517
1601017581 0.0000000 0.99979299 -7.6412144
1601326254 0.0000000 0.99979377 -7.7348862
1601342057 0.0000000 0.99976951 -7.6523361
1601440640 0.0000000 0.99972469 -7.7833061
1601863505 0.0000000 0.99976325 -7.7146273
1602517184 0.0000000 0.99971956 -7.7850847
1602946993 0.0000000 0.99982464 -7.9022198
1602947159 0.0000000 0.99978662 -7.8631077
1603087586 0.0000000 0.99936736 -7.8634605
1603396062 0.0000000 0.99890816 -7.9341869
1603674483 0.0000000 0.99966770 -7.7342939
1604358861 0.0000000 0.99978483 -7.8212767
1604426346 0.0000000 0.99967855 -7.8575029
1604601372 0.0000000 0.99983561 -7.8022289
1604626818 0.0000000 0.99971753 -7.8304262
1605130406 0.0000000 0.99974662 -8.0294552
1605130534 0.0000000 0.99973446 -8.0380535
1605266102 0.0000000 0.99973285 -7.9409275
1605511152 0.0000000 0.99981022 -7.8788309
1605551866 0.0000000 0.99976450 -7.8637056
1605557664 0.0000000 0.99974883 -7.9435625
1605621503 0.0000000 0.99950236 -7.9358597
1605662576 0.0000000 0.99968672 -7.7389641
1606582085 0.0000000 0.99884748 -7.8993788
1606657334 0.0000000 0.99978155 -8.0665760
1607578178 7.9500003 0.24417442 -264518.44
1607606398 0.0000000 0.78557557 -22.661867
1607606851 0.0000000 0.99974400 -7.9199553
1607624108 0.0000000 0.99971110 -7.8996487
1608317519 0.0000000 0.99975955 -7.9187441
1608385359 0.0000000 0.99873549 -7.9342823
1609436522 0.0000000 0.99965280 -7.9777727
1609594007 0.0000000 0.99971431 -8.1466990
1610162996 0.0000000 0.97659272 -9.0734911
1610192153 0.0000000 0.99967641 -8.1668806
1611559538 0.0000000 0.99975520 -8.0218954
1611565557 0.0000000 0.99973273 -7.9157619
1611574763 0.0000000 0.99966955 -7.8735113
1611584686 0.0000000 0.99953848 -8.0332394
1611818971 0.0000000 0.99982238 -8.0744686
