1276535865 0.0000000 0.67721951 -1.1383939
1276561877 0.0000000 0.81245059 0.18254578
1276823323 0.0000000 0.87525249 0.38294619
1277440084 0.0000000 0.33403504 -14.832913
1277575551 0.0000000 0.48371619 -6.2433987
1277670806 0.0000000 0.83891827 0.19038177
1278097892 5.00000007E-02 0.57157654 -2.1984241
1278515743 0.0000000 0.34280631 -14.043765
1278618217 0.0000000 0.82038045 5.60381413E-02
1278636079 0.0000000 0.51650250 -7.6171169
1279357457 0.0000000 0.61946476 -0.92254841
1279458204 0.0000000 0.71454340 -0.19810796
1280029930 0.0000000 0.62566626 -0.58468592
1280553485 0.0000000 0.40876430 -5.6118722
1280563997 5.00000007E-02 0.26541567 -12.222826
1280587745 0.0000000 0.68797576 -0.67386889
1281476617 0.0000000 0.38665450 -6.3595948
1282408680 0.0000000 0.56495035 -2.5082641
1282415961 0.0000000 0.79987830 8.15835595E-02
1282416480 0.0000000 0.68711740 -0.85117400
1283157909 0.0000000 0.89982939 0.60211885
1283540817 0.0000000 0.40229660 -10.471672
1284039008 0.0000000 0.58928657 -2.4547644
1284244867 0.0000000 0.51714635 -4.2174177
1284952628 0.0000000 0.38296330 -9.5287428
1285350982 0.0000000 0.35270110 -9.2835941
1285695233 0.0000000 0.69147450 -0.65465283
1285876560 0.0000000 0.42995787 -7.6532297
1286047392 0.0000000 0.69904554 -0.80103803
1286198915 0.0000000 0.54400074 -2.7089126
1286865806 0.0000000 0.44728696 -7.9383345
1287036373 0.0000000 0.77543622 -0.23873305
1289221280 0.0000000 0.72486883 -8.77636671E-02
1289567329 0.0000000 0.67205369 -0.61028838
1289576340 0.0000000 0.58246171 -1.2415075
1290342705 0.0000000 0.96099752 0.91323316
1290784424 0.0000000 0.87284809 0.66627848
1290799240 0.0000000 0.49284366 -2.3500965
1291601652 0.0000000 0.32680932 -14.897150
1291689974 0.0000000 0.41422385 -7.8589668
1291927327 0.0000000 0.56595051 -3.3887267
1292000461 5.00000007E-02 0.48160025 -6.0037022
1294804388 0.0000000 0.80478227 -0.31775177
1296507195 0.0000000 0.75537658 -1.1120522
1296548191 0.0000000 0.84945059 -0.21531892
1297058102 0.0000000 0.51703739 -4.9018869
1297342916 5.00000007E-02 0.27502117 -19.532547
1297754297 0.0000000 0.92373532 0.45840305
1299845150 5.00000007E-02 0.30625239 -37.773544
1300123317 5.00000007E-02 0.40480787 -16.379089
1300281136 0.0000000 0.46394542 -13.841048
1300608051 0.0000000 0.68969411 -2.1999848
1301123952 5.00000007E-02 0.30112541 -44.851891
1301458951 5.00000007E-02 0.44020718 -12.308696
1301964194 5.00000007E-02 0.22185032 -44.258190
1302916270 5.00000007E-02 0.33308917 -22.803637
1302961193 0.0000000 0.41392484 -16.028534
1303685617 0.0000000 0.83864468 -0.83047521
1304080155 5.00000007E-02 0.30169961 -35.349716
1304082768 0.0000000 0.53248417 -7.5077591
1304152538 0.0000000 0.52637780 -8.0611343
1304437954 0.0000000 0.48578322 -8.2018471
1304717510 0.0000000 0.43415523 -11.731322
1304757333 0.0000000 0.51440459 -8.5056753
1306028051 0.0000000 0.91179621 6.52393103E-02
1306098435 5.00000007E-02 0.48476893 -13.228910
1306261925 0.0000000 0.54745007 -12.234953
1307034472 0.0000000 0.56673682 -5.1799207
1307669122 0.0000000 0.42301041 -15.136347
1308478735 5.00000007E-02 0.31101769 -28.105711
1309048281 0.0000000 0.50701892 -11.004658
1309094354 0.0000000 0.65028572 -4.7681580
1309326569 0.0000000 0.47103676 -11.018826
1309474048 5.00000007E-02 0.25221619 -58.444298
1309601047 0.0000000 0.48527166 -9.7535486
1309696244 0.0000000 0.34988630 -23.730925
1309953539 0.0000000 0.66232961 -4.0445752
1310469430 0.0000000 0.55607522 -2.8921826
1310541580 0.0000000 0.33866808 -20.862757
1310928323 0.0000000 0.51652730 -9.6861763
1311000534 0.0000000 0.37470540 -16.830572
1311084070 0.0000000 0.50665063 -8.6357727
1311142337 0.0000000 0.67634028 -3.2326427
1311692424 0.0000000 0.54823720 -8.7499781
1313100452 0.0000000 0.44111896 -14.146206
1314264913 0.0000000 0.62576854 -5.2851434
1314789752 0.0000000 0.66759741 -4.5486860
1315538819 0.0000000 0.65400928 -4.8402443
1315635988 0.0000000 0.61160272 -5.3556676
1315804512 5.00000007E-02 0.25570661 -45.279263
1316643513 0.0000000 0.68197143 -3.4948134
1316653258 0.0000000 0.42519304 -16.936857
1317835272 5.00000007E-02 0.37889642 -14.701570
1318175665 0.0000000 0.61055422 -5.7107377
1318478724 0.0000000 0.41692278 -17.765913
1319945023 0.0000000 0.58319175 -7.4562359
1320074224 0.0000000 0.27294332 -40.246006
1320721143 0.0000000 0.60798401 -4.0297904
1321061921 0.0000000 0.48811531 -9.6487970
1322787324 0.0000000 0.56193799 -7.2880945
1322993584 0.0000000 0.27357292 -33.754406
1323861170 5.00000007E-02 0.24975081 -33.918713
1323909341 0.0000000 0.31592432 -29.283758
1324582798 0.0000000 0.45978120 -14.622047
1325660397 0.0000000 0.63650763 -4.4725537
1326181267 5.00000007E-02 0.29035652 -42.726162
1326728445 0.0000000 0.59832418 -6.7689791
1327107001 0.0000000 0.50309461 -10.180295
1327480583 5.00000007E-02 0.29281342 -33.160313
1327824459 0.0000000 0.61260968 -8.0726147
1328324062 0.0000000 0.44565865 -14.482877
1328459111 0.0000000 0.62593645 -6.4943290
1330223700 0.0000000 0.83127421 -0.64205658
1330883534 0.0000000 0.35497499 -19.950106
1332071890 5.00000007E-02 0.27885213 -46.729393
1332086295 0.0000000 0.32283807 -27.646612
1332373478 0.0000000 0.51965612 -13.054671
1333258441 0.0000000 0.51979792 -10.612774
1333828758 0.0000000 0.55677944 -7.7548103
1333921411 0.0000000 0.73816836 -3.0118289
1334227165 0.0000000 0.44140896 -14.725158
1334800688 0.0000000 0.76595676 -2.9742441
1335409258 5.00000007E-02 0.47603661 -11.640021
1335538115 -5.00000007E-02 0.25976461 -29.157722
1338362741 5.00000007E-02 0.48756635 -9.9706535
1338842309 0.0000000 0.39512879 -20.334808
1338890190 0.0000000 0.60935843 -6.5652704
1338944914 0.0000000 0.91716677 9.96661186E-03
1338944979 0.0000000 0.97301853 0.24459797
1338945045 0.0000000 0.83595145 -1.1432865
1339216879 0.0000000 0.47069076 -12.304348
1339275618 0.0000000 0.62969941 -4.1035609
1339278860 0.0000000 0.54862499 -8.1555386
1339309409 -5.00000007E-02 0.35310537 -22.041658
1339575740 0.0000000 0.88758105 -0.79353380
1339598466 0.0000000 0.69443494 -4.3338170
1339646879 0.0000000 0.50780970 -12.034666
1339690513 0.0000000 0.68460822 -2.2161791
1339702255 0.0000000 0.60856622 -5.6942253
1339923712 0.0000000 0.56915551 -5.4176025
1341299876 0.0000000 0.60975391 -6.0836816
1341924177 0.0000000 0.66533029 -5.0637355
1342405200 5.00000007E-02 0.29139280 -49.462620
1345234802 0.0000000 0.67325830 -1.9757411
1346380382 -0.10000000 0.19249068 -61.778076
1346415099 0.0000000 0.80197644 -0.15072381
1346415834 0.0000000 0.69568086 -1.3179781
1346788818 0.0000000 0.67181152 -0.30245852
1346816730 0.0000000 0.48498005 -3.9522295
1348523853 0.0000000 0.50440496 -1.8595369
1350722979 5.00000007E-02 0.34262651 -7.8663177
1350800865 5.00000007E-02 0.32280231 -6.8097982
1351161077 0.0000000 0.59499449 -1.1223075
1352122829 0.0000000 0.38348213 -5.6593261
1352554787 0.0000000 0.42502674 -3.9385462
1353431341 0.0000000 0.62990814 -0.59498656
1353536726 0.0000000 0.64322150 -0.65752780
1354158772 5.00000007E-02 0.35828122 -6.6982756
1354470336 0.0000000 0.88037789 0.70769900
1354477411 0.0000000 0.78284818 0.18397164
1354976814 0.0000000 0.89312857 0.74474752
1355221924 0.0000000 0.63748527 -0.87084043
1356243184 0.0000000 0.64756376 -0.56060851
1356319072 0.0000000 0.53754485 -2.1476378
1356487597 0.0000000 0.63636953 -0.87357378
1356883405 0.0000000 0.58422941 -1.0095716
1357128106 0.0000000 0.85495871 0.59343028
1357236484 0.0000000 0.82959747 0.51009202
1357270197 0.0000000 0.67921889 -0.81727421
1357331931 0.0000000 0.25149858 -6.5600834
1357541346 0.0000000 0.49909565 -2.5612926
1357994057 0.0000000 0.58645827 -1.3316975
1358411441 0.0000000 0.79600149 0.36563402
1358708986 0.0000000 0.40530461 -5.4211473
1359776392 0.0000000 0.51652062 -2.4448390
1361064727 0.0000000 0.69403332 -0.14870334
1361239965 0.0000000 0.35803673 -4.5156116
1361256759 0.0000000 0.66921604 -0.62793458
1361373628 0.0000000 0.46883199 -2.1597347
1361471757 0.0000000 0.64821434 -0.55724311
1361665659 5.00000007E-02 0.23677807 -16.273731
1362386544 0.0000000 0.58715147 -1.3117902
1362609444 5.00000007E-02 0.24680117 -13.542694
1362627405 0.0000000 0.78597391 0.26593846
1362643640 0.0000000 0.44927764 -2.7102675
1363079024 0.0000000 0.40285650 -5.5982208
1363764120 0.0000000 0.78750980 0.31550831
1364349799 0.0000000 0.80995953 0.42568433
1364349845 0.0000000 0.93613201 0.85559261
1364355002 0.0000000 0.51128620 -2.6206915
1364690983 0.0000000 0.50905442 -2.3323834
1365625224 0.0000000 0.91288334 0.79948604
1366061297 5.00000007E-02 0.44615799 -2.8949299
1366432589 0.0000000 0.39064297 -5.1297894
1366513671 5.00000007E-02 0.35851499 -5.0420423
1369110346 0.0000000 0.86276013 0.61167943
1369124755 0.0000000 0.61090040 -1.7402048
1369791239 0.0000000 0.64448500 -0.44262850
1369883683 0.0000000 0.35199764 -4.6750426
1370118743 0.0000000 0.71875924 -8.09143782E-02
1370151783 0.0000000 0.81927037 0.49701130
1370623082 0.0000000 0.66799015 -0.38872313
1372241957 0.0000000 0.83603281 0.48334682
1372463510 0.0000000 0.87336200 0.67953360
1373829868 5.00000007E-02 0.26307479 -10.504335
1373895699 0.0000000 0.44596177 -3.2289033
1373969495 0.0000000 0.57258302 -1.4849110
1374677225 0.0000000 0.61757612 -1.4349785
1374679935 0.0000000 0.74118209 -1.86309814E-02
1376837821 0.0000000 0.57001191 -1.4946473
1377205321 0.0000000 0.73337597 6.21625185E-02
1377355603 0.0000000 0.54889262 -2.8798141
1377407246 0.0000000 0.34203246 -7.3377504
1378247005 0.0000000 0.89628398 0.72150457
1378467231 0.0000000 0.88191634 0.70021409
1379475197 0.0000000 0.66624993 -0.66857076
1380542719 0.0000000 0.49085817 -2.2628493
1381466759 0.0000000 0.49521780 -2.3252406
1381684855 -5.00000007E-02 0.22062737 -17.535904
1382170436 0.0000000 0.28233457 -10.362969
1382919848 0.0000000 0.61866224 -0.64771688
1383069011 0.0000000 0.74543941 0.10762507
1383085061 0.0000000 0.40573055 -3.3299150
1383220929 0.0000000 0.95962685 0.91953748
1383227120 0.0000000 0.40729535 -3.8576379
1383227831 0.0000000 0.36680111 -6.2737885
1383234448 0.0000000 0.42866454 -3.8353724
1383263545 0.0000000 0.48762986 -2.8075254
1383450194 0.0000000 0.41688687 -4.3315163
1383519374 5.00000007E-02 0.32115927 -6.7942266
1383809110 0.0000000 0.83063674 0.43296552
1383809501 0.0000000 0.66724294 -0.59944201
1383989687 0.0000000 0.40246037 -4.7291589
1384145710 0.0000000 0.59167051 -1.1666639
1384544358 0.0000000 0.46225795 -3.2434340
1385019362 5.00000007E-02 0.31772918 -7.5021524
1386347977 5.00000007E-02 0.34789041 -5.5592904
1386357780 0.0000000 0.50647449 -2.2815354
1387916955 0.0000000 0.39643407 -4.2036867
1389034180 0.0000000 0.82070172 0.50323284
1389204911 0.0000000 0.46102080 -3.2026515
1389717867 0.0000000 0.61861229 -0.79885340
1389724692 0.0000000 0.74036616 0.21176815
1389729005 0.0000000 0.56357592 -0.72031653
1389740803 0.0000000 0.51521403 -1.4906497
1389904819 0.0000000 0.44375256 -4.3863525
1390517490 5.00000007E-02 0.25038213 -10.482547
1390619771 0.0000000 0.43960038 -4.3772478
1391790286 5.00000007E-02 0.30603543 -5.8396802
1393014317 0.0000000 0.52118957 -1.5939863
1393065064 0.0000000 0.22405358 -17.401737
1393759985 0.0000000 0.28352010 -9.8105755
1393791078 0.0000000 0.38177848 -6.5301847
1394913876 0.0000000 0.71148980 -2.20543146E-02
1395061976 0.0000000 0.75959224 0.24249291
1395231566 0.0000000 0.68567544 -0.16819227
1397097485 0.0000000 0.47511637 -4.8954911
1397746253 0.0000000 0.38858649 -5.8221478
1398443585 0.0000000 0.28177339 -10.800531
1399207416 0.0000000 0.55177051 -1.1679752
1399278483 0.0000000 0.53815752 -2.1733022
1399745740 0.0000000 0.47608274 -3.0139380
1399746271 0.0000000 0.56717449 -1.3162630
1400631673 0.0000000 0.71475285 -0.21891344
1401021673 0.0000000 0.64265996 -0.48756027
1401296286 0.0000000 0.65534735 -0.35978568
1402085900 0.0000000 0.21980233 -12.632064
1402313583 0.0000000 0.54714864 -1.8496447
1402624068 0.0000000 0.59351379 -0.79155731
1402784563 0.0000000 0.55063069 -1.3682613
1403034553 5.00000007E-02 0.28460002 -13.038748
1404774365 0.0000000 0.82837200 0.45701009
1404925818 0.0000000 0.33355752 -12.517094
1405577514 0.0000000 0.66716057 -0.23900282
1407296767 0.0000000 0.38384178 -4.9439468
1407544588 5.00000007E-02 0.23505485 -28.512560
1408047770 0.0000000 0.41331649 -5.4239855
1410046387 0.0000000 0.46515504 -3.0180268
1410325949 0.0000000 0.42104051 -3.7638264
1410382444 0.0000000 0.25100410 -16.796791
1411247643 0.0000000 0.51206911 -3.0954866
1411641303 0.0000000 0.60466695 -0.85786188
1412009058 0.0000000 0.13530362 -52.482552
1412705290 0.0000000 0.47074345 -2.6308761
1413207959 4.5999999 9.10409987E-02 -2072.6572
1414298821 -5.00000007E-02 0.26335514 -13.160533
1416419181 0.0000000 0.95365417 0.89407450
1416419227 0.0000000 0.95689082 0.90992820
1416540553 0.0000000 0.49119782 -2.3501675
1417557685 0.0000000 0.39167264 -4.8419404
1417655668 0.0000000 0.22870462 -21.096174
1418245419 0.0000000 0.73178327 3.55386138E-02
1418533563 5.00000007E-02 0.29182222 -14.182871
1419682925 0.0000000 0.32093021 -6.8963194
1419947441 0.0000000 0.38011849 -5.7167563
1419995164 0.0000000 0.72219092 4.49385643E-02
1420012476 5.00000007E-02 0.34448040 -7.2857533
1420437226 0.0000000 0.38594869 -5.1755118
1420606112 0.0000000 0.67953223 -0.27389765
1420742654 0.0000000 0.61903507 -0.79029810
1421435535 0.0000000 0.75693738 0.19149280
1421639313 0.0000000 0.39284539 -5.4102001
1422083726 5.00000007E-02 0.52830428 -1.2601342
1422374758 0.0000000 0.84746861 0.58686650
1422958210 5.00000007E-02 0.38267139 -20.740749
1423037687 0.0000000 0.38676175 -5.4553967
1423603888 5.00000007E-02 0.35765812 -8.4838467
1423726535 0.0000000 0.59770995 -0.95717192
1423857991 0.0000000 0.81476724 0.45468146
1424969403 0.0000000 0.35920087 -8.0090818
1426114954 0.0000000 0.39491206 -4.4095159
1426344314 0.0000000 0.58579308 -1.4273095
1426852891 0.0000000 0.56516117 -1.2787876
1427105631 0.0000000 0.89676553 0.76417232
1427483378 0.0000000 0.55633855 -1.1549940
1428208678 5.00000007E-02 0.33917788 -8.7414312
1428320250 0.0000000 0.64183325 -0.79894948
1428945237 0.0000000 0.57456434 -1.5022974
1429127316 0.0000000 0.70385188 -0.16989136
1429494176 0.0000000 0.81370598 0.45882374
1429494550 0.0000000 0.72209477 -7.05801249E-02
1429528847 0.0000000 0.66619277 -0.31994390
1429530313 0.0000000 0.72574008 9.39924717E-02
1429531199 0.0000000 0.73612833 0.10065967
1429992097 0.0000000 0.78344703 0.36903727
1430658547 0.0000000 0.58692175 -1.2225084
1431333501 0.0000000 0.83181053 0.53056359
1431387795 0.0000000 0.44814911 -2.8512626
1431628549 0.0000000 0.67287588 -0.43392503
1432588969 0.0000000 0.55643547 -1.4657097
1432601816 0.0000000 0.61145562 -1.1886768
1432799863 0.0000000 0.58666652 -1.3316016
1434467768 0.0000000 0.46773747 -2.8319423
1434867330 0.0000000 0.52329409 -1.5950222
1435335400 5.00000007E-02 0.25774783 -20.197264
1438066750 0.0000000 0.58676863 -1.0490000
1438936857 0.0000000 0.37814182 -4.6330719
1439209234 5.00000007E-02 0.40818113 -5.1978250
1439418087 0.0000000 0.52805048 -1.8941357
1439474882 0.0000000 0.64405364 -0.71585941
1439699200 0.0000000 0.30005041 -7.7940550
1441113885 0.0000000 0.65318513 -0.51823676
1441128847 0.0000000 0.67737210 -0.52280772
1441160293 0.0000000 0.88422620 0.65694904
1441898607 0.0000000 0.61517620 -1.1131113
1442339782 0.0000000 0.67106122 -0.50956273
1442345855 0.0000000 0.81082660 0.42994869
1442345878 0.0000000 0.81628180 0.45857906
1442408939 0.0000000 0.88664943 0.71411145
1442410226 0.0000000 0.62221932 -0.67998230
1442413798 0.0000000 0.69816786 -0.37472963
1443074281 5.00000007E-02 0.43454513 -3.6001840
1443555465 5.00000007E-02 0.27807921 -10.236861
1444648487 0.0000000 0.68852544 -4.29309607E-02
1444736944 0.0000000 0.34450251 -5.9153390
1444953165 0.0000000 0.63212746 -0.68891203
1444953267 0.0000000 0.53312558 -1.8448901
1445014914 5.00000007E-02 0.30255693 -9.0022020
1445221055 0.0000000 0.93913770 0.84621167
1445233331 0.0000000 0.92468363 0.80215406
1445239215 0.0000000 0.92411625 0.80637473
1446412182 0.0000000 0.80695575 0.47505713
1446412281 0.0000000 0.82599002 0.55270833
1446509184 0.0000000 0.93613291 0.84518307
1446509190 0.0000000 0.93613595 0.84519053
1446714386 0.30000001 0.22994910 -15.444641
1447167192 0.0000000 0.75307667 9.32721496E-02
1447255999 5.00000007E-02 0.33264306 -5.7436357
1447277516 0.0000000 0.49083990 -2.7536886
1448316095 5.00000007E-02 0.28043368 -8.1073093
1448671943 0.0000000 0.61016917 -1.1624889
1449033717 0.0000000 0.61074513 -0.73123360
1449035580 0.0000000 0.58077115 -0.87793779
1449153073 0.0000000 0.66684920 -6.63239956E-02
1449935242 -5.00000007E-02 0.32377765 -10.127957
1450510821 0.0000000 0.50655121 -1.8275483
1450536811 0.0000000 0.64297652 -0.56745434
1450992022 0.0000000 0.74301457 1.67409182E-02
1451199638 0.0000000 0.28011924 -12.304090
1451327726 0.0000000 0.35667828 -7.2219677
1451523194 0.0000000 0.44735578 -3.7038856
1451829690 0.0000000 0.42311051 -6.1678066
1451928000 5.00000007E-02 0.47286230 -2.7357781
1452487977 0.0000000 0.34409869 -7.2614908
1453169606 0.0000000 0.70057130 -7.28383064E-02
1453824336 0.0000000 0.77443457 0.24525261
1454422761 0.0000000 0.78812146 0.39793712
1454702246 0.0000000 0.79167455 0.26150531
1454702308 0.0000000 0.94904345 0.89743394
1454702406 0.0000000 0.96748507 0.93192750
1454702512 0.0000000 0.90232307 0.77159709
1454978820 0.0000000 0.84405762 0.60420883
1455590759 0.0000000 0.48391441 -2.7598374
1455595494 0.0000000 0.60937315 -0.74533355
1455757779 0.0000000 0.55507720 -1.2774673
1455758311 0.0000000 0.57201284 -1.8491976
1456215987 0.0000000 0.53387332 -1.6689098
1456541993 0.0000000 0.70975995 -0.29421616
1457201466 0.0000000 0.36934531 -5.6514668
1457276938 0.0000000 0.42888367 -5.3761320
1459152479 5.00000007E-02 0.42366365 -3.9022679
1459502085 0.0000000 0.34326780 -9.7464485
1459988008 5.00000007E-02 0.29406169 -10.783995
1460294506 5.00000007E-02 0.27345821 -13.402478
1460353509 0.0000000 0.53106427 -1.6934578
1460804146 0.0000000 0.55356497 -1.7756243
1461082597 0.0000000 0.34849030 -5.1118350
1461607991 0.0000000 0.84158361 0.56786770
1461770234 0.0000000 0.92347664 0.81388968
1461770257 0.0000000 0.92553324 0.81994355
1461770858 0.0000000 0.91508651 0.79246438
1461781146 -5.00000007E-02 0.30997604 -6.6747651
1461806086 0.0000000 0.66431463 -0.46371901
1462056417 0.0000000 0.78418064 0.30238593
1462199340 0.0000000 0.70367235 -4.84127998E-02
1462521203 0.0000000 0.40932772 -4.4179826
1462632669 0.0000000 0.77010131 0.27461731
1462675593 0.0000000 0.47208011 -2.5132005
1463023035 0.0000000 0.94879448 0.88668400
1463023251 0.0000000 0.83936536 0.56347781
1463023282 0.0000000 0.78044957 0.32155442
1463027395 0.0000000 0.88684231 0.71440482
1463127852 0.0000000 0.84046710 0.59154797
1463195522 0.0000000 0.80966616 0.48496759
1463196768 0.0000000 0.70562023 -8.43951702E-02
1463530965 0.0000000 0.56836826 -2.3999381
1463863900 0.0000000 0.60216844 -0.97266674
1463882779 5.00000007E-02 0.47012639 -4.2419219
1464184475 0.0000000 0.53957182 -1.5816047
1464544116 0.0000000 0.35102645 -9.7329779
1464576767 0.0000000 0.65604717 -0.42115438
1464630651 -5.00000007E-02 0.20797072 -14.313902
1464672226 0.0000000 0.79627287 0.43569893
1466204142 0.0000000 0.52678919 -1.7601118
1466383187 0.0000000 0.42330602 -3.4225335
1466409210 0.0000000 0.63875335 -0.56990123
1466715930 0.0000000 0.50450081 -1.9231491
1467361422 0.0000000 0.47204924 -2.8279815
1469019333 0.0000000 0.27044478 -12.961769
1469592155 0.0000000 0.73956889 0.19322622
1471008941 0.0000000 0.32302141 -7.0920582
1471908408 0.0000000 0.39260679 -8.7498922
1472660934 0.0000000 0.62238854 -0.67624807
1473440050 0.0000000 0.40029320 -4.4635572
1475055492 0.0000000 0.22912660 -16.972475
1475769120 0.0000000 0.87993222 0.72821015
1477370752 0.0000000 0.62009197 -0.52324891
1478519786 0.0000000 0.41775939 -3.2927489
1478903131 0.0000000 0.80183452 0.42487407
1480024554 0.0000000 0.59531379 -1.0986514
1480377579 0.0000000 0.49598265 -3.9163761
1480507474 0.0000000 0.60236150 -0.62770414
1481256588 0.0000000 0.43187499 -3.9279227
1481811269 0.0000000 0.81162965 0.49555087
1483057851 0.0000000 0.26646602 -9.6056185
1483513641 0.0000000 0.33878854 -11.593937
1484155863 0.0000000 0.59787601 -1.2048910
1484797338 0.0000000 0.46348971 -3.6580296
1484900187 0.0000000 0.45748222 -3.3341608
1485329586 5.00000007E-02 0.29526931 -10.672052
1486746772 0.0000000 0.88001585 0.69957888
1487420859 0.0000000 0.53104514 -1.4832242
1487652197 0.0000000 0.45545921 -3.7118769
1488212310 0.0000000 0.28905731 -10.522152
1488924651 0.0000000 0.35603386 -5.2692862
1489967289 0.0000000 0.77622831 0.15740025
1490066029 0.0000000 0.33463344 -6.5084505
1490805242 0.0000000 0.55564415 -1.6854196
1492112471 0.0000000 0.82822096 0.49935222
1492367656 5.00000007E-02 0.42568970 -3.7484655
1493517442 0.0000000 0.75185329 2.86349654E-02
1493960850 0.0000000 0.53366220 -2.0694642
1493986611 0.0000000 0.36168015 -5.4002666
1494889974 0.0000000 0.76989490 0.19087964
1494932580 0.0000000 0.93950528 0.84119630
1495631454 5.00000007E-02 0.42042634 -3.5768218
1495691291 5.00000007E-02 0.47045738 -2.6233985
1495956669 -5.00000007E-02 0.27348965 -13.625355
1495999757 0.0000000 0.95615470 0.88734066
1496582686 0.0000000 0.83411688 0.48071736
1497967350 5.00000007E-02 0.36845943 -8.7079067
1498029939 0.0000000 0.47528389 -3.9033790
1500318986 5.00000007E-02 0.29721805 -12.664786
1501139292 0.0000000 0.60884726 -1.4523363
1501845585 0.0000000 0.50916004 -3.1618562
1502294736 0.0000000 0.43592611 -6.4527364
1502416734 0.0000000 0.53242069 -1.7858407
1502582915 0.0000000 0.45011568 -4.0203061
1504364658 0.0000000 0.51840824 -2.8200986
1505096741 0.0000000 0.29535472 -12.260414
1505687994 0.0000000 0.36110342 -4.9559641
1505917796 0.0000000 0.71835339 1.60702467E-02
1506232185 0.0000000 0.67272139 -0.50125206
1506549399 5.00000007E-02 0.30995151 -11.409109
1507505391 0.0000000 0.72142392 1.83614492E-02
1507747520 0.0000000 0.53282958 -2.8953750
1508582157 0.0000000 0.34627956 -8.0209141
1509318944 0.0000000 0.75378978 0.19877088
1509677295 0.0000000 0.43430650 -3.9890051
1509677339 0.0000000 0.44683009 -3.8060341
1509752088 0.0000000 0.71464771 -7.39008188E-02
1510398879 5.00000007E-02 0.40000781 -4.2773104
1510402973 5.00000007E-02 0.40256420 -4.7381930
1510440860 5.00000007E-02 0.36110136 -4.8931713
1510947032 0.0000000 0.56770313 -1.5211608
1511360409 0.0000000 0.58933568 -0.72636247
1511470532 0.0000000 0.48940036 -1.4210956
1512230735 5.00000007E-02 0.27399299 -11.113692
1512377977 0.0000000 0.57882971 -1.2548158
1512704669 0.0000000 0.57542628 -0.92317700
1513120660 0.0000000 0.68173891 -0.20062494
1516168751 0.0000000 0.46796483 -3.3275170
1516984288 0.0000000 0.65581799 -0.55448008
1517686257 0.0000000 0.70895296 -6.49226904E-02
1517749972 0.0000000 0.84815150 0.64038020
1517752600 0.0000000 0.88202113 0.70339578
1517752662 0.0000000 0.91025233 0.80004156
1517753127 0.0000000 0.74543029 0.13705832
1517753452 0.0000000 0.87884140 0.69970167
1517753522 0.0000000 0.88189870 0.70888519
1517753592 0.0000000 0.88241822 0.70946878
1517753815 0.0000000 0.89517295 0.72062302
1517758427 0.0000000 0.71853352 -2.44201422E-02
1517763262 0.0000000 0.60613906 -0.84282088
1517821602 0.0000000 0.89157879 0.70782065
1517823894 0.0000000 0.66542947 -0.32893229
1517846321 0.0000000 0.76929933 0.25684357
1517852233 0.0000000 0.56709248 -1.1230674
1517893754 0.0000000 0.89086723 0.74087423
1517906208 0.0000000 0.71686667 -8.60043764E-02
1517932241 0.0000000 0.87973082 0.60673434
1517932280 0.0000000 0.90374905 0.73842049
1517932282 0.0000000 0.89189047 0.72874624
1517932427 0.0000000 0.76517946 0.21398288
1517932434 0.0000000 0.75984854 0.18085927
1517932492 0.0000000 0.70128685 -0.17008841
1517933877 0.0000000 0.56914634 -1.2406542
1517940013 0.0000000 0.94788182 0.87730080
1517940459 0.0000000 0.92376751 0.81880331
1517944528 0.0000000 0.89471906 0.75765502
1517945796 0.0000000 0.85872996 0.61219454
1517950582 0.0000000 0.89620113 0.72604436
1517958702 0.0000000 0.73601067 0.11865950
1517960631 0.0000000 0.86547875 0.60252547
1517969882 0.0000000 0.87811691 0.67230117
1517974578 0.0000000 0.85406297 0.59461612
1517998787 0.0000000 0.69600457 -0.10390115
1518001985 0.0000000 0.85438657 0.59531754
1518008800 0.0000000 0.91387975 0.79388082
1518008880 0.0000000 0.88159251 0.70983708
1518013159 0.0000000 0.84282058 0.57703567
1518016890 0.0000000 0.94862419 0.88389355
1518016916 0.0000000 0.95292056 0.89490271
1518051257 0.0000000 0.79830962 0.40375912
1518059164 0.0000000 0.83527583 0.55205309
1518142443 0.0000000 0.38683873 -5.0871058
1518201789 0.0000000 0.77368814 0.18459952
1518248929 0.0000000 0.70876503 -0.16239357
1518858396 0.0000000 0.64287555 -0.59647930
1518981709 5.00000007E-02 0.25544864 -7.8572092
1519051621 0.0000000 0.38024321 -6.6516085
1519254641 0.0000000 0.60453629 -1.9444227
1519583320 0.0000000 0.90354866 0.72440434
1519962147 -5.00000007E-02 0.38798118 -6.8866353
1520098551 0.0000000 0.89056695 0.72455013
1520329330 5.00000007E-02 0.47399902 -2.6798823
1521024527 0.0000000 0.83299232 0.54914588
1521537776 5.00000007E-02 0.49401909 -2.8713257
1521728871 5.00000007E-02 0.31028295 -5.7633548
1522232997 0.0000000 0.40626407 -5.0273423
1522282670 0.0000000 0.29496396 -10.920835
1522598524 0.0000000 0.50456083 -2.2071064
1523432369 5.00000007E-02 0.35102254 -4.1373658
1523886539 5.00000007E-02 0.48391870 -2.3268797
1524201906 -5.00000007E-02 0.35531169 -4.8080330
1524248877 -5.00000007E-02 0.20016642 -25.736820
1524308214 0.0000000 0.29840416 -8.6617279
1524503432 0.0000000 0.50016874 -2.2072220
1524721460 0.0000000 0.64450431 -0.74368644
1524721601 0.0000000 0.63686508 -0.65276337
1524808553 0.0000000 0.73901457 3.36266160E-02
1525218424 0.0000000 0.69768018 -0.16303229
1526098666 0.0000000 0.39890802 -3.4181600
1527728598 0.0000000 0.71227264 -7.08807707E-02
1527904870 0.0000000 0.56750137 -1.9802454
1528731725 0.0000000 0.75561202 0.25980920
1528750347 0.0000000 0.86065841 0.62608242
1528856173 0.0000000 0.56889725 -1.3959146
1529096035 0.0000000 0.43529102 -5.3202529
1529334375 0.0000000 0.28143781 -8.4102354
1529522338 0.0000000 0.53934234 -1.4930613
1530516370 0.0000000 0.39093542 -9.5002699
1530516385 0.0000000 0.39093781 -9.5000048
1530609654 0.0000000 0.53203976 -1.2972431
1531312909 0.0000000 0.71417260 5.82320094E-02
1531507119 5.00000007E-02 0.58859247 -0.94695258
1532050755 0.0000000 0.61008275 -0.53292501
1533217098 0.0000000 0.67668730 -0.53056014
1533504622 5.00000007E-02 0.30950350 -10.334031
1533801692 0.0000000 0.42383084 -4.2369847
1534500582 0.0000000 0.52769625 -1.7754867
1534551317 0.0000000 0.61902344 -0.90616965
1535572403 0.0000000 0.69681847 -0.31753552
1535660064 0.0000000 0.34778407 -13.166542
1536498994 5.00000007E-02 0.25347739 -13.659564
1536641006 0.0000000 0.56343752 -1.5633080
1536700815 0.0000000 0.25122765 -14.844918
1538633849 0.0000000 0.45952076 -3.3523936
1538766649 0.0000000 0.32176670 -8.6663733
1539072778 0.0000000 0.64162385 -0.44052398
1539164591 0.0000000 0.90783381 0.75791591
1540269298 0.0000000 0.79632974 0.42429453
1540310644 0.0000000 0.75825161 0.18088692
1541624711 0.0000000 0.55553269 -1.4537046
1541712486 0.0000000 0.38745528 -6.2520428
1542328459 0.0000000 0.28375202 -12.437189
1542608341 0.0000000 0.61558449 -0.79817092
1542638415 0.0000000 0.78292835 0.25467736
1542645094 0.0000000 0.43122479 -3.4345260
1543190243 0.0000000 0.89636624 0.74228561
1543191316 0.0000000 0.54625070 -1.4493973
1543236658 0.0000000 0.69637042 -0.22467816
1543238642 0.0000000 0.66799629 -0.57825339
1543314575 0.0000000 0.79273635 0.36366665
1544368541 0.0000000 0.48613566 -2.9861116
1544439487 0.0000000 0.51483524 -2.4353876
1544621063 0.0000000 0.62987369 -1.0450130
1544908865 0.0000000 0.49481207 -1.8297081
1545710204 0.0000000 0.53774893 -2.1063526
1546538568 0.0000000 0.55210549 -1.1294479
1546949806 0.0000000 0.63779742 -0.77165830
1548127166 0.0000000 0.59142154 -0.79357052
1548825695 0.0000000 0.36660036 -4.6034737
1548861293 0.0000000 0.66816789 -0.25121498
1549366351 0.0000000 0.47712305 -2.6985598
1549558324 0.0000000 0.54267073 -1.2264965
1550239687 0.0000000 0.69017452 -4.17369604E-02
1551558867 0.0000000 0.39710081 -5.3708639
1552012334 0.0000000 0.71810275 0.10805613
1552127531 0.0000000 0.39602509 -4.2682767
1552421955 0.0000000 0.57689911 -1.6912498
1552451554 5.00000007E-02 0.49517769 -2.7226505
1552511242 0.0000000 0.63116449 -0.81960642
1552697151 0.0000000 0.46319219 -4.7134075
1552968094 0.0000000 0.35383919 -7.2676468
1553256348 0.0000000 0.33702391 -6.6082973
1553414210 0.0000000 0.38846317 -8.0281897
1554087275 0.0000000 0.31980559 -7.4783001
1554172029 0.0000000 0.62155551 -0.85788810
1554256375 0.0000000 0.72239536 -1.29250288E-02
1554343015 0.0000000 0.64334065 -0.80399251
1554382610 0.0000000 0.38810381 -4.6432066
1554499495 0.0000000 0.53979164 -1.9025810
1554706689 0.0000000 0.72674608 -0.18763435
1554822801 0.0000000 0.88510168 0.71875596
1554841453 0.0000000 0.78606415 0.24857378
1554850672 0.0000000 0.69501042 -0.32769644
1555563667 0.0000000 0.71946454 -3.34527493E-02
1556793883 0.0000000 0.62484890 -0.98847115
1556970683 0.0000000 0.52155447 -3.9732203
1557330527 0.0000000 0.55497807 -2.7328525
1557737721 5.00000007E-02 0.25499809 -11.007340
1558197514 0.0000000 0.47861481 -2.8524244
1558379328 5.00000007E-02 0.40533125 -3.5265722
1558489044 5.00000007E-02 0.32058096 -10.729616
1558591969 0.0000000 0.46434611 -3.0160294
1559317998 0.0000000 0.54308099 -2.4551275
1559641578 0.0000000 0.66683590 -0.37572753
1559762840 0.0000000 0.46015894 -3.8920369
1560870606 0.0000000 0.56207758 -1.0031915
1561237205 5.00000007E-02 0.21520728 -11.655971
1561242160 -5.00000007E-02 0.21565382 -15.091303
1561825206 0.0000000 0.37518024 -6.2853103
1561837452 0.0000000 0.48217866 -2.9045415
1562610935 0.0000000 0.73246038 -4.15966511E-02
1562880116 0.0000000 0.61080390 -0.97394824
1563275550 0.0000000 0.45128766 -3.7920160
1563531230 5.00000007E-02 0.60161626 -0.96139050
1563768365 5.00000007E-02 0.61005312 -0.97304738
1564123196 5.00000007E-02 0.55580288 -1.5068841
1564190683 5.00000007E-02 0.74849689 0.20748466
1564649429 5.00000007E-02 0.74074018 5.46507835E-02
1564753988 5.00000007E-02 0.61489284 -0.91477215
1564784683 5.00000007E-02 0.67775285 -0.38576090
1565054388 0.0000000 0.61916691 -0.70932293
1565055090 0.0000000 0.48768523 -3.3680410
1565213283 0.0000000 0.92112494 0.79665327
1565218942 0.0000000 0.36431688 -6.8693352
1565905300 5.00000007E-02 0.30247891 -7.3864574
1566053525 0.0000000 0.45299414 -3.6406593
1566053530 0.0000000 0.45299417 -3.6406569
1566074882 0.0000000 0.76897079 0.23701507
1566101114 0.0000000 0.64800012 -0.76396179
1566598377 5.00000007E-02 0.45040855 -2.3614647
1566648618 0.0000000 0.52541685 -1.7910397
1567237819 0.0000000 0.48937175 -2.4527137
1567471650 0.0000000 0.70495814 -0.30791605
1567604000 0.0000000 0.39689764 -5.2789521
1567917359 0.0000000 0.79930800 0.31710619
1568005668 0.0000000 0.75050062 9.51022506E-02
1568095682 0.0000000 0.85434544 0.57527530
1569863578 0.0000000 0.64573300 -1.1960073
1570468626 0.0000000 0.86660707 0.64650881
1571312673 0.0000000 0.69482636 -0.34571493
1571861758 0.0000000 0.46823478 -3.9275126
1572218883 0.0000000 0.55927783 -1.8749151
1573491297 0.0000000 0.79560393 0.26155895
1573495893 0.0000000 0.44914457 -5.2319398
1574645562 0.0000000 0.83515924 0.51867145
1575564604 0.0000000 0.48502558 -2.7209623
1575660753 5.00000007E-02 0.28004745 -16.628366
1576495557 0.0000000 0.71552527 -2.63488293E-03
1577769501 0.0000000 0.43244800 -3.8806820
1577819410 0.0000000 0.79682666 0.39258379
1578293635 0.0000000 0.66860223 -0.29183102
1578510402 5.00000007E-02 0.27278584 -9.2778549
1579404154 0.0000000 0.77871579 0.28891301
1579703564 0.0000000 0.34626040 -7.4790039
1580749376 0.0000000 0.44389600 -4.2016916
1581076659 0.0000000 0.22926304 -14.565781
1581616159 0.0000000 0.81710404 0.48107958
1581629921 0.0000000 0.58502108 -0.92863464
1581764406 0.0000000 0.86417544 0.63504624
1581764700 0.0000000 0.77135581 0.26163757
1581794413 0.0000000 0.80147785 0.44195658
1582090065 0.0000000 0.68859148 -0.50273967
1582113307 0.0000000 0.54320949 -1.7666287
1582546233 0.0000000 0.54962319 -2.2338185
1582592414 0.0000000 0.33544689 -7.1497374
1582629242 0.0000000 0.66655779 -0.44234943
1582695255 0.0000000 0.37785175 -6.6237607
1593214064 0.0000000 0.99983609 -7.4385843
1593241888 0.0000000 0.99968851 -7.2490873
1593407313 0.0000000 0.99959791 -7.1651669
1593435168 0.0000000 0.99953473 -7.3175240
1593519432 0.0000000 0.99961954 -7.2048540
1594227272 0.0000000 0.99950778 -7.3809042
1594265063 0.0000000 0.99953979 -7.4008617
1594267923 0.0000000 0.99951214 -7.4701557
1594526768 0.0000000 0.99964964 -7.2015009
1594546164 0.0000000 0.99948186 -7.3981466
1595767949 0.0000000 0.53589439 -4.2680578
1597107665 0.0000000 0.99947405 -7.3582449
1597123796 0.0000000 0.99916816 -7.6019011
1597187246 0.0000000 0.99961102 -7.6220903
1597774608 0.0000000 0.99918139 -7.5167713
1597797181 0.0000000 0.99948227 -7.6680326
1597806811 0.0000000 0.99967539 -7.7188072
1598480108 0.0000000 0.99972308 -7.3974886
1598847265 0.0000000 0.99518311 -7.6476669
1599036279 0.0000000 0.99945551 -7.3191805
1600306672 0.0000000 0.99955875 -7.6081696
1600646088 0.0000000 0.99965692 -7.5967703
1600833602 0.0000000 0.94976747 -6.3768301
1601017581 0.0000000 0.99966460 -7.4429493
1601326254 0.0000000 0.99984783 -7.8989000
1601342057 0.0000000 0.99977005 -7.8039131
1601440640 0.0000000 0.99969822 -7.7387562
1601863505 0.0000000 0.99960405 -7.6306620
1602517184 0.0000000 0.99970502 -7.9014549
1602946993 0.0000000 0.99958593 -7.8249979
1602947159 0.0000000 0.99962747 -7.7510862
1603087586 0.0000000 0.99768525 -7.7928858
1603396062 0.0000000 0.98895061 -8.0913944
1603674483 0.0000000 0.99935555 -7.5291719
1604358861 0.0000000 0.99949628 -7.7748899
1604426346 0.0000000 0.99952048 -7.7088242
1604601372 0.0000000 0.99959350 -7.7595682
1604626818 0.0000000 0.99939787 -7.5953331
1605130406 0.0000000 0.99973893 -7.9389725
1605130534 0.0000000 0.99963021 -7.8968143
1605266102 0.0000000 0.99947393 -7.9022875
1605511152 0.0000000 0.99956840 -7.7015123
1605551866 0.0000000 0.99953347 -7.8388700
1605557664 0.0000000 0.99954355 -7.8828850
1605621503 0.0000000 0.99914110 -7.9645128
1605662576 0.0000000 0.99940336 -7.3525591
1606582085 0.0000000 0.99568415 -7.5381346
1606657334 0.0000000 0.99944514 -7.8380232
1607578178 -3.7500000 0.22995946 -209597.55
1607606398 0.0000000 0.59208858 -6.4362497
1607606851 0.0000000 0.99929017 -7.5556250
1607624108 0.0000000 0.99950916 -7.5967121
1608317519 0.0000000 0.99889034 -7.6838913
1608385359 0.0000000 0.99323648 -7.9263916
1609436522 0.0000000 0.99924874 -7.7374172
1609594007 0.0000000 0.99960756 -7.9729147
1610162996 0.0000000 0.92384678 -10.665605
1610192153 0.0000000 0.99944782 -7.7781210
1611559538 0.0000000 0.99939191 -7.6650009
1611565557 0.0000000 0.99955094 -7.5635996
1611574763 0.0000000 0.99943811 -7.5042076
1611584686 0.0000000 0.99858594 -7.7198858
1611818971 0.0000000 0.99954277 -7.9484100
