1276535865 -5.00000007E-02 0.35663131 -25.587048
1276561877 0.0000000 0.53819138 -7.1770573
1276823323 0.0000000 0.54349387 -4.1457462
1277440084 -0.85000002 0.17960767 -89.537590
1277575551 -0.50000000 0.22902493 -76.972023
1277670806 0.0000000 0.53221035 -5.0557361
1278097892 0.0000000 0.40398082 -29.169733
1278515743 -0.45000002 0.29978126 -107.88867
1278618217 0.0000000 0.46119380 -6.4048128
1278636079 -5.00000007E-02 0.23191410 -82.893585
1279357457 0.0000000 0.47619691 -13.753280
1279458204 0.0000000 0.35784003 -14.000780
1280029930 0.0000000 0.35177118 -24.308315
1280553485 -5.00000007E-02 0.23719582 -39.606709
1280563997 0.90000004 0.32776919 -122.54635
1280587745 0.0000000 0.38725746 -25.650169
1281476617 0.0000000 0.26593727 -52.567207
1282408680 0.0000000 0.44226569 -10.631680
1282415961 0.0000000 0.49339321 -5.3578119
1282416480 -5.00000007E-02 0.36708155 -10.855642
1283157909 0.0000000 0.50873154 -4.6726298
1283540817 -0.45000002 0.14818718 -99.521858
1284039008 0.0000000 0.27598941 -35.791328
1284244867 0.0000000 0.23447029 -68.714363
1284952628 1.2500000 0.26071039 -36.520630
1285350982 -0.10000000 0.27970770 -48.639576
1285695233 0.0000000 0.36877081 -23.745266
1285876560 -5.00000007E-02 0.26619029 -100.39030
1286047392 0.0000000 0.30459106 -31.744007
1286198915 0.0000000 0.35953629 -20.167933
1286865806 -5.00000007E-02 0.23430152 -102.60514
1287036373 0.0000000 0.43252817 -9.2038040
1289221280 0.0000000 0.56430769 -19.700077
1289567329 -5.00000007E-02 0.26117027 -35.531464
1289576340 -5.00000007E-02 0.31146136 -36.670490
1290342705 0.0000000 0.71232754 -0.45452332
1290784424 0.0000000 0.49508733 -14.002624
1290799240 -5.00000007E-02 0.29722860 -38.782104
1291601652 1.5500001 0.24287128 -136.69542
1291689974 -1.4000000 0.20427932 -113.53947
1291927327 -5.00000007E-02 0.24936128 -60.418236
1292000461 5.00000007E-02 0.27400854 -26.157410
1294804388 0.0000000 0.35933250 -14.584789
1296507195 0.0000000 0.34168008 -19.504612
1296548191 0.0000000 0.43281090 -8.0248356
1297058102 -5.00000007E-02 0.26702827 -53.032661
1297342916 1.7500000 0.23366928 -86.313004
1297754297 0.0000000 0.70127642 -1.1601565
1299845150 -0.50000000 0.17795442 -101.24349
1300123317 5.00000007E-02 0.19459616 -35.244381
1300281136 -5.00000007E-02 0.28949538 -40.825191
1300608051 0.0000000 0.36104819 -43.745159
1301123952 5.00000007E-02 0.22563854 -90.560959
1301458951 0.0000000 0.32673699 -37.465336
1301964194 -0.10000000 0.21390176 -97.400848
1302916270 -5.00000007E-02 0.18267071 -47.611683
1302961193 0.90000004 0.22150631 -55.238468
1303685617 0.0000000 0.51614261 -5.1405978
1304080155 0.15000001 0.14652607 -112.95037
1304082768 0.0000000 0.28039664 -37.317219
1304152538 0.0000000 0.29012835 -42.140842
1304437954 0.0000000 0.33094984 -23.913040
1304717510 0.0000000 0.26910299 -52.956993
1304757333 -5.00000007E-02 0.32112086 -43.327629
1306028051 0.0000000 0.59087318 -2.0661273
1306098435 0.94999999 0.26324192 -76.798645
1306261925 -5.00000007E-02 0.34209654 -86.596542
1307034472 0.0000000 0.37299222 -19.078388
1307669122 -0.10000000 0.29306540 -32.107250
1308478735 0.0000000 0.23810998 -39.563248
1309048281 -5.00000007E-02 0.19724105 -57.853790
1309094354 -5.00000007E-02 0.29548839 -35.030128
1309326569 0.0000000 0.20080540 -69.043243
1309474048 0.94999999 0.35948354 -117.69379
1309601047 0.0000000 0.33129302 -34.262836
1309696244 0.90000004 0.27041653 -100.42799
1309953539 -5.00000007E-02 0.39014354 -29.689083
1310469430 -5.00000007E-02 0.34685344 -30.094090
1310541580 -0.90000004 0.19908881 -66.500366
1310928323 0.0000000 0.30386209 -34.649281
1311000534 -5.00000007E-02 0.25682402 -43.312706
1311084070 0.0000000 0.21714656 -50.274166
1311142337 0.0000000 0.43082285 -12.639699
1311692424 0.0000000 0.25627074 -42.370876
1313100452 -0.10000000 0.26191455 -94.577698
1314264913 -5.00000007E-02 0.33036101 -34.601818
1314789752 0.0000000 0.28000689 -41.775818
1315538819 0.0000000 0.38625866 -25.085308
1315635988 -5.00000007E-02 0.27112174 -50.398300
1315804512 1.2000000 0.26163691 -52.163422
1316643513 0.0000000 0.44105214 -10.707141
1316653258 0.0000000 0.22537050 -57.217773
1317835272 0.0000000 0.26141673 -64.387749
1318175665 0.0000000 0.28895304 -48.290398
1318478724 0.0000000 0.27282789 -73.679161
1319945023 -5.00000007E-02 0.24983945 -51.402092
1320074224 -0.45000002 0.16730861 -96.654488
1320721143 0.0000000 0.44109598 -19.512402
1321061921 0.0000000 0.27790689 -31.263790
1322787324 -5.00000007E-02 0.28937459 -37.643589
1322993584 -5.00000007E-02 0.22949065 -80.746391
1323861170 -0.10000000 0.30824715 -124.45068
1323909341 -0.10000000 0.22462113 -35.621490
1324582798 -5.00000007E-02 0.34917584 -44.790977
1325660397 0.0000000 0.33943182 -18.029346
1326181267 1.5500001 0.14398271 -108.51911
1326728445 -5.00000007E-02 0.22199313 -57.341572
1327107001 -5.00000007E-02 0.26824942 -43.849083
1327480583 -0.10000000 0.21147820 -106.67785
1327824459 -0.50000000 0.21596904 -81.575386
1328324062 0.0000000 0.41579306 -16.959766
1328459111 0.0000000 0.31368023 -26.124908
1330223700 5.00000007E-02 0.36735085 -12.342996
1330883534 0.0000000 0.38971451 -44.725517
1332071890 -0.45000002 0.22622605 -108.40666
1332086295 -1.8500000 0.29198480 -65.479172
1332373478 -5.00000007E-02 0.25738388 -67.878098
1333258441 -5.00000007E-02 0.31818455 -26.273001
1333828758 -0.10000000 0.28996667 -52.364941
1333921411 0.0000000 0.40174288 -12.983458
1334227165 0.0000000 0.28569272 -27.472698
1334800688 -5.00000007E-02 0.27047729 -33.884228
1335409258 5.00000007E-02 0.24119158 -42.959316
1335538115 0.0000000 0.23241197 -95.425423
1338362741 0.0000000 0.37943134 -24.305061
1338842309 -0.10000000 0.22924343 -40.745762
1338890190 -5.00000007E-02 0.29195598 -30.400097
1338944914 0.0000000 0.56123036 -3.5701699
1338944979 0.0000000 0.80604887 -7.39974976E-02
1338945045 0.0000000 0.52000725 -3.5309005
1339216879 0.0000000 0.23284221 -62.677460
1339275618 0.0000000 0.27121475 -55.036530
1339278860 -5.00000007E-02 0.32626882 -35.855663
1339309409 0.0000000 0.32008412 -38.747112
1339575740 0.0000000 0.46286276 -6.0998740
1339598466 0.0000000 0.28511882 -21.989231
1339646879 0.94999999 0.23416167 -77.325287
1339690513 -0.10000000 0.27995491 -26.485451
1339702255 -5.00000007E-02 0.27938464 -28.259020
1339923712 -0.10000000 0.29002252 -74.206306
1341299876 -5.00000007E-02 0.22792074 -32.472527
1341924177 -5.00000007E-02 0.33477905 -28.391779
1342405200 5.00000007E-02 0.18278986 -52.325729
1345234802 -5.00000007E-02 0.36976382 -52.241165
1346380382 0.0000000 0.23912685 -362.88550
1346415099 0.0000000 0.31112987 -23.629719
1346415834 -5.00000007E-02 0.24234977 -44.634132
1346788818 0.0000000 0.33106950 -19.645853
1346816730 -5.00000007E-02 0.30468062 -206.54529
1348523853 -5.00000007E-02 0.24466217 -48.476524
1350722979 -5.00000007E-02 0.26561686 -104.84289
1350800865 -0.15000001 0.24526073 -76.377747
1351161077 0.0000000 0.20991117 -60.623619
1352122829 -5.00000007E-02 0.18694285 -63.317032
1352554787 0.0000000 0.29355091 -36.977100
1353431341 0.0000000 0.36610308 -21.958879
1353536726 -5.00000007E-02 0.34913987 -23.216280
1354158772 -0.45000002 0.24682479 -108.53338
1354470336 0.0000000 0.51099914 -7.2513247
1354477411 0.0000000 0.40809101 -11.998825
1354976814 0.0000000 0.65113288 -2.5197651
1355221924 -5.00000007E-02 0.36074257 -22.856571
1356243184 -5.00000007E-02 0.33478165 -15.985159
1356319072 -5.00000007E-02 0.21198235 -62.921043
1356487597 -5.00000007E-02 0.31505683 -46.929562
1356883405 0.0000000 0.31597066 -21.647423
1357128106 0.0000000 0.48985362 -7.9442186
1357236484 0.0000000 0.55133885 -4.2031856
1357270197 -5.00000007E-02 0.29803100 -35.521748
1357331931 -0.10000000 0.29092163 -102.93456
1357541346 0.0000000 0.39698121 -16.706547
1357994057 -5.00000007E-02 0.32990742 -36.440643
1358411441 0.0000000 0.51176584 -5.6856604
1358708986 -5.00000007E-02 0.24407573 -56.387978
1359776392 0.0000000 0.31316152 -40.143116
1361064727 0.0000000 0.31784096 -17.845524
1361239965 0.0000000 0.29057860 -85.246643
1361256759 0.0000000 0.33009276 -32.047668
1361373628 0.0000000 0.31508809 -48.717976
1361471757 5.00000007E-02 0.28744373 -28.160898
1361665659 0.94999999 0.23281269 -137.19373
1362386544 0.0000000 0.35191646 -24.843130
1362609444 5.00000007E-02 0.14760970 -110.15137
1362627405 0.0000000 0.41217113 -8.3782568
1362643640 0.0000000 0.29786390 -32.368851
1363079024 -5.00000007E-02 0.22769609 -83.302437
1363764120 0.0000000 0.47246033 -7.5246086
1364349799 0.0000000 0.45829725 -11.325927
1364349845 0.0000000 0.73323661 -0.88644385
1364355002 -5.00000007E-02 0.28602046 -81.162415
1364690983 0.0000000 0.22844341 -45.921955
1365625224 0.0000000 0.56171983 -2.9905913
1366061297 0.0000000 0.31334665 -45.753410
1366432589 0.0000000 0.20361745 -69.943810
1366513671 0.60000002 0.20957038 -73.259743
1369110346 0.0000000 0.59366912 -4.5077672
1369124755 -0.10000000 0.17465347 -59.921085
1369791239 -5.00000007E-02 0.35601920 -42.285912
1369883683 0.0000000 0.38310814 -43.373978
1370118743 0.0000000 0.42416298 -20.653133
1370151783 0.0000000 0.34547737 -16.624607
1370623082 -5.00000007E-02 0.32819650 -24.108929
1372241957 0.0000000 0.45393321 -11.697250
1372463510 0.0000000 0.62186044 -2.4356351
1373829868 0.90000004 0.32594952 -78.770538
1373895699 0.0000000 0.32434875 -31.541256
1373969495 -0.10000000 0.25728741 -44.371632
1374677225 0.0000000 0.30934510 -26.796696
1374679935 0.0000000 0.45802549 -6.5630956
1376837821 0.0000000 0.31796581 -24.088844
1377205321 0.0000000 0.39162645 -13.330034
1377355603 -0.45000002 0.27307367 -88.741440
1377407246 -5.00000007E-02 0.28727651 -50.283890
1378247005 0.0000000 0.55417186 -4.2934361
1378467231 0.0000000 0.52107126 -4.9760675
1379475197 -5.00000007E-02 0.30699521 -30.187572
1380542719 0.0000000 0.33385068 -32.638378
1381466759 -5.00000007E-02 0.25980517 -50.872028
1381684855 0.55000001 0.23355387 -101.72178
1382170436 8.0500002 0.25235522 -86.284760
1382919848 0.0000000 0.27137774 -35.423775
1383069011 0.0000000 0.37432200 -14.968692
1383085061 0.0000000 0.22186773 -29.609894
1383220929 0.0000000 0.85544646 0.58027089
1383227120 -1.6000000 0.24776947 -38.710278
1383227831 -0.15000001 0.23558831 -60.892647
1383234448 0.94999999 0.30650857 -74.457008
1383263545 0.0000000 0.20753008 -79.023071
1383450194 0.0000000 0.27129930 -52.138123
1383519374 -5.00000007E-02 0.23852621 -63.393372
1383809110 0.0000000 0.50738794 -7.8800659
1383809501 0.0000000 0.34679469 -22.757820
1383989687 -5.00000007E-02 0.29285726 -66.900932
1384145710 0.0000000 0.28284082 -64.983910
1384544358 0.0000000 0.29713607 -41.657875
1385019362 0.90000004 0.21973264 -68.426117
1386347977 0.0000000 0.24521694 -59.828926
1386357780 0.0000000 0.42757517 -12.124734
1387916955 -0.50000000 0.27052468 -77.636124
1389034180 0.0000000 0.38284391 -21.889898
1389204911 0.0000000 0.26837960 -22.601957
1389717867 -5.00000007E-02 0.27028763 -65.090080
1389724692 0.0000000 0.38606769 -15.289042
1389729005 -5.00000007E-02 0.33242556 -39.135509
1389740803 0.0000000 0.36523330 -26.567585
1389904819 -5.00000007E-02 0.28028896 -66.411720
1390517490 -5.00000007E-02 0.24921724 -42.421185
1390619771 -5.00000007E-02 0.24411467 -48.017395
1391790286 0.0000000 0.32620856 -46.336220
1393014317 0.0000000 0.22797598 -58.426014
1393065064 0.0000000 0.15759645 -89.857780
1393759985 0.15000001 0.28551444 -118.54562
1393791078 -0.10000000 0.24584113 -50.637806
1394913876 0.0000000 0.33881998 -22.189028
1395061976 0.0000000 0.47226900 -9.9866867
1395231566 0.0000000 0.37233695 -15.990015
1397097485 -5.00000007E-02 0.22263275 -85.250992
1397746253 0.90000004 0.23749819 -80.790276
1398443585 5.00000007E-02 0.25326875 -92.745529
1399207416 -5.00000007E-02 0.35568777 -33.828262
1399278483 -5.00000007E-02 0.28488261 -50.763161
1399745740 0.0000000 0.27769718 -32.036163
1399746271 -5.00000007E-02 0.29400459 -25.204416
1400631673 0.0000000 0.25292748 -44.396061
1401021673 -5.00000007E-02 0.34773299 -23.781057
1401296286 -5.00000007E-02 0.35406509 -18.245693
1402085900 1.2000000 0.23130804 -146.06377
1402313583 -5.00000007E-02 0.33033067 -49.931053
1402624068 -5.00000007E-02 0.32204136 -26.679436
1402784563 0.0000000 0.25184354 -33.892277
1403034553 -0.10000000 0.25527364 -99.240158
1404774365 -5.00000007E-02 0.38083494 -28.413744
1404925818 4.5000000 0.17349282 -90.798462
1405577514 0.0000000 0.45686054 -10.785057
1407296767 2.5000000 0.19023734 -127.53137
1407544588 0.0000000 0.27470043 -67.190918
1408047770 0.0000000 0.46339187 -12.732133
1410046387 0.0000000 0.38227487 -18.469429
1410325949 0.0000000 0.30077603 -29.997755
1410382444 -5.00000007E-02 0.18927550 -57.726707
1411247643 0.0000000 0.27548847 -46.298515
1411641303 -5.00000007E-02 0.35127640 -29.727816
1412009058 0.0000000 0.22587882 -81.299683
1412705290 -0.10000000 0.19798458 -68.798073
1413207959 -0.10000000 0.17997506 -52.848988
1414298821 0.0000000 0.34089243 -18.439983
1416419181 0.0000000 0.72042543 -0.88224149
1416419227 0.0000000 0.76929134 -0.32211185
1416540553 0.0000000 0.35098353 -43.879978
1417557685 -0.10000000 0.25532022 -70.369514
1417655668 2.2000000 0.18439013 -85.355011
1418245419 0.0000000 0.34189123 -19.131413
1418533563 -0.15000001 0.17370635 -93.550903
1419682925 -0.10000000 0.29623836 -66.177582
1419947441 -0.10000000 0.17181449 -48.570541
1419995164 0.0000000 0.39341813 -20.637318
1420012476 -0.15000001 0.18564285 -49.229477
1420437226 -0.10000000 0.23972332 -73.291664
1420606112 -5.00000007E-02 0.33105606 -22.622299
1420742654 -5.00000007E-02 0.34250173 -19.770386
1421435535 0.0000000 0.48597327 -8.2525997
1421639313 -0.15000001 0.23631452 -75.271393
1422083726 0.0000000 0.40011424 -30.795080
1422374758 0.0000000 0.47651264 -5.7192769
1422958210 0.90000004 0.14351234 -94.345985
1423037687 5.1500001 0.19923156 -98.273727
1423603888 -0.10000000 0.20947534 -58.392441
1423726535 -5.00000007E-02 0.26494893 -64.886528
1423857991 0.0000000 0.49318194 -11.972431
1424969403 -0.10000000 0.28497544 -92.003441
1426114954 -5.00000007E-02 0.21863741 -88.292397
1426344314 0.0000000 0.27400690 -37.480881
1426852891 -5.00000007E-02 0.27115586 -38.913006
1427105631 0.0000000 0.50690711 -4.6652789
1427483378 0.0000000 0.37074715 -29.750641
1428208678 -0.10000000 0.22308242 -102.10258
1428320250 -0.10000000 0.29943922 -39.988735
1428945237 0.0000000 0.26705754 -30.956142
1429127316 0.0000000 0.50176060 -12.230936
1429494176 0.0000000 0.41080201 -7.9350147
1429494550 0.0000000 0.38919380 -15.438251
1429528847 0.0000000 0.33103502 -22.966387
1429530313 0.0000000 0.36949503 -10.634149
1429531199 0.0000000 0.39083645 -15.373051
1429992097 -5.00000007E-02 0.42680481 -7.6169901
1430658547 -5.00000007E-02 0.29110992 -36.094368
1431333501 -5.00000007E-02 0.32318160 -12.015198
1431387795 0.0000000 0.30129436 -34.977142
1431628549 0.0000000 0.30100173 -17.947405
1432588969 0.0000000 0.37415302 -24.347612
1432601816 -5.00000007E-02 0.32372558 -45.417820
1432799863 -5.00000007E-02 0.37131929 -57.231071
1434467768 0.0000000 0.29794142 -26.471701
1434867330 0.0000000 0.31267098 -48.041492
1435335400 -5.00000007E-02 0.21881934 -54.446270
1438066750 0.0000000 0.38436532 -20.565254
1438936857 -5.00000007E-02 0.18599036 -73.030884
1439209234 -5.00000007E-02 0.21892269 -46.093105
1439418087 0.0000000 0.31861386 -33.963055
1439474882 -5.00000007E-02 0.32037991 -22.491846
1439699200 -0.10000000 0.20601910 -57.830486
1441113885 0.0000000 0.40773335 -14.262857
1441128847 -0.10000000 0.32204735 -29.175428
1441160293 0.0000000 0.48044190 -6.2823925
1441898607 -5.00000007E-02 0.20360410 -45.708324
1442339782 -5.00000007E-02 0.24336080 -51.228561
1442345855 0.0000000 0.43716505 -8.4256372
1442345878 0.0000000 0.44018319 -8.2699156
1442408939 0.0000000 0.44222498 -6.1670980
1442410226 0.0000000 0.42527413 -12.488628
1442413798 -5.00000007E-02 0.29621217 -31.118217
1443074281 0.0000000 0.29581302 -57.324638
1443555465 0.55000001 0.18562551 -98.439766
1444648487 0.0000000 0.46848747 -15.274397
1444736944 5.00000007E-02 0.28819749 -28.190819
1444953165 0.0000000 0.32216993 -20.185030
1444953267 0.0000000 0.26315194 -31.780537
1445014914 -0.10000000 0.24922247 -109.29649
1445221055 0.0000000 0.69461739 -1.0414398
1445233331 0.0000000 0.53066808 -4.4246902
1445239215 0.0000000 0.54813391 -3.5591469
1446412182 0.0000000 0.47130147 -13.829913
1446412281 0.0000000 0.51541984 -4.1149640
1446509184 0.0000000 0.74273688 -0.43515790
1446509190 0.0000000 0.74275184 -0.43500435
1446714386 0.90000004 0.32354358 -108.21678
1447167192 -5.00000007E-02 0.28017154 -31.628098
1447255999 -0.10000000 0.25259995 -66.246246
1447277516 -5.00000007E-02 0.26339799 -57.035381
1448316095 -2.5500000 0.19885209 -97.589737
1448671943 -5.00000007E-02 0.25122157 -44.971359
1449033717 -5.00000007E-02 0.30344304 -32.146244
1449035580 -5.00000007E-02 0.26610747 -33.301155
1449153073 0.0000000 0.38004902 -27.692715
1449935242 -0.50000000 0.30017549 -79.694809
1450510821 -5.00000007E-02 0.27929759 -55.570564
1450536811 0.0000000 0.38396290 -18.547611
1450992022 -5.00000007E-02 0.24926740 -45.577366
1451199638 -0.10000000 0.25151464 -109.60933
1451327726 0.0000000 0.23494320 -29.593712
1451523194 -5.00000007E-02 0.15871385 -67.145836
1451829690 0.90000004 0.23016325 -87.572418
1451928000 0.0000000 0.23538963 -35.473606
1452487977 0.90000004 0.22937512 -71.212906
1453169606 0.0000000 0.38849306 -9.9121647
1453824336 0.0000000 0.53254837 -6.1582794
1454422761 0.0000000 0.43732277 -17.607756
1454702246 0.0000000 0.50291532 -8.8495302
1454702308 0.0000000 0.76402706 -0.51661277
1454702406 0.0000000 0.84687424 0.31998700
1454702512 -5.00000007E-02 0.60195005 -1.7094431
1454978820 0.0000000 0.55001611 -4.6406040
1455590759 -5.00000007E-02 0.29177824 -39.151466
1455595494 0.0000000 0.49489397 -14.444183
1455757779 0.0000000 0.34040204 -20.358419
1455758311 0.0000000 0.35645920 -34.512615
1456215987 -0.10000000 0.36251399 -82.348892
1456541993 -5.00000007E-02 0.36530724 -24.722786
1457201466 -5.00000007E-02 0.16725014 -103.86987
1457276938 -5.00000007E-02 0.23968653 -35.422688
1459152479 0.0000000 0.24625985 -62.167942
1459502085 -0.15000001 0.18201539 -71.798157
1459988008 -0.10000000 0.13585642 -117.34826
1460294506 0.90000004 0.14438136 -122.03731
1460353509 0.90000004 0.21125013 -51.923588
1460804146 -5.00000007E-02 0.24147162 -60.945957
1461082597 -5.00000007E-02 0.31828469 -42.781712
1461607991 0.0000000 0.49632657 -6.1182499
1461770234 0.0000000 0.56949407 -3.2237644
1461770257 0.0000000 0.57476258 -3.1128669
1461770858 0.0000000 0.60403025 -4.4458218
1461781146 0.55000001 0.22349866 -55.914532
1461806086 0.0000000 0.40851709 -16.928120
1462056417 0.0000000 0.46862972 -8.9386358
1462199340 -5.00000007E-02 0.33400309 -27.796112
1462521203 5.00000007E-02 0.26929897 -46.151840
1462632669 0.0000000 0.43334875 -12.131622
1462675593 0.0000000 0.24578808 -41.402119
1463023035 0.0000000 0.72903049 -0.52170181
1463023251 -5.00000007E-02 0.42680004 -5.5500464
1463023282 -5.00000007E-02 0.37000796 -8.4809628
1463027395 0.0000000 0.61338353 -2.6149778
1463127852 0.0000000 0.54309076 -4.2945700
1463195522 0.0000000 0.43039224 -7.1654387
1463196768 0.0000000 0.18961203 -47.172157
1463530965 -5.00000007E-02 0.34867674 -98.640022
1463863900 0.0000000 0.35305244 -31.139233
1463882779 5.00000007E-02 0.25232810 -63.671326
1464184475 0.10000000 0.20210701 -44.076870
1464544116 4.4000001 0.20984788 -101.37538
1464576767 -5.00000007E-02 0.26942885 -44.985523
1464630651 0.90000004 0.20678920 -102.90990
1464672226 0.0000000 0.45259815 -7.7381220
1466204142 -5.00000007E-02 0.24413794 -49.417999
1466383187 -5.00000007E-02 0.26698944 -198.62781
1466409210 0.0000000 0.30484268 -56.684978
1466715930 0.0000000 0.23581369 -53.018135
1467361422 0.0000000 0.28245667 -31.539043
1469019333 0.60000002 0.22565459 -109.82207
1469592155 -5.00000007E-02 0.37067285 -15.716413
1471008941 -5.00000007E-02 0.17822967 -111.75480
1471908408 -1.3000001 0.26682699 -150.64674
1472660934 0.0000000 0.25052521 -26.369776
1473440050 -0.10000000 0.20444503 -88.568459
1475055492 0.0000000 0.21633099 -55.751259
1475769120 0.0000000 0.49879545 -9.1497221
1477370752 0.0000000 0.34127304 -22.455042
1478519786 2.3000000 0.27246988 -88.736946
1478903131 0.0000000 0.46941587 -10.221813
1480024554 -5.00000007E-02 0.25022846 -24.983374
1480377579 -5.00000007E-02 0.25907978 -72.620064
1480507474 -5.00000007E-02 0.29423359 -33.767765
1481256588 -5.00000007E-02 0.29307744 -54.126060
1481811269 0.0000000 0.55833077 -6.6613145
1483057851 0.0000000 0.22749011 -68.560066
1483513641 -0.10000000 0.27898324 -93.607994
1484155863 -0.10000000 0.18121973 -64.166389
1484797338 -0.10000000 0.28395975 -80.866837
1484900187 -5.00000007E-02 0.22486797 -51.332912
1485329586 0.90000004 0.20422329 -109.05592
1486746772 0.0000000 0.43617585 -11.320009
1487420859 -5.00000007E-02 0.35170877 -33.899097
1487652197 -5.00000007E-02 0.22549458 -37.187988
1488212310 -5.00000007E-02 0.19622996 -81.429863
1488924651 0.0000000 0.28981334 -33.975121
1489967289 -5.00000007E-02 0.30846679 -26.565273
1490066029 0.0000000 0.17899826 -67.467613
1490805242 -5.00000007E-02 0.23103921 -36.511604
1492112471 0.0000000 0.67604768 -2.4445634
1492367656 5.00000007E-02 0.23785344 -38.640209
1493517442 0.0000000 0.33483222 -24.027994
1493960850 0.0000000 0.39357403 -42.622952
1493986611 -5.00000007E-02 0.21124329 -56.302326
1494889974 -5.00000007E-02 0.35187712 -12.324024
1494932580 0.0000000 0.75625354 -0.64442980
1495631454 -0.50000000 0.27164239 -63.232750
1495691291 0.10000000 0.21349990 -46.086475
1495956669 -0.45000002 0.20912206 -95.958504
1495999757 0.0000000 0.67365819 -1.6799138
1496582686 0.0000000 0.45350599 -7.8540545
1497967350 -5.00000007E-02 0.22262467 -44.470627
1498029939 -5.00000007E-02 0.20170254 -100.09322
1500318986 0.90000004 0.26276717 -83.958710
1501139292 -5.00000007E-02 0.33413568 -37.315296
1501845585 0.0000000 0.29899409 -27.012390
1502294736 2.5500000 0.19545777 -86.887306
1502416734 -5.00000007E-02 0.24718438 -56.438419
1502582915 0.0000000 0.33768052 -42.163818
1504364658 1.5500001 0.16828710 -69.901131
1505096741 -0.45000002 0.21997584 -92.468292
1505687994 -0.10000000 0.28006011 -53.883289
1505917796 0.0000000 0.28924534 -24.474215
1506232185 -5.00000007E-02 0.34607783 -27.539518
1506549399 2.5500000 0.17838134 -81.321548
1507505391 0.0000000 0.51808804 -9.9103374
1507747520 0.65000004 0.16427894 -82.100365
1508582157 5.00000007E-02 0.19101501 -81.691872
1509318944 0.0000000 0.44308701 -9.9567728
1509677295 0.0000000 0.26491565 -38.304352
1509677339 0.0000000 0.26638100 -38.357555
1509752088 0.0000000 0.48951748 -23.141092
1510398879 0.0000000 0.31048244 -28.857416
1510402973 0.10000000 0.17952703 -44.667629
1510440860 0.0000000 0.27172992 -52.886906
1510947032 0.0000000 0.34919593 -27.864571
1511360409 0.0000000 0.49381128 -16.141893
1511470532 0.0000000 0.28168708 -75.161331
1512230735 0.55000001 0.22523960 -114.10571
1512377977 -5.00000007E-02 0.30356994 -34.045799
1512704669 -0.10000000 0.32176024 -68.705864
1513120660 0.0000000 0.46246988 -8.0427837
1516168751 -5.00000007E-02 0.19757293 -59.400673
1516984288 0.0000000 0.44434595 -15.104435
1517686257 -5.00000007E-02 0.33913395 -13.729025
1517749972 0.0000000 0.66383451 -3.4041777
1517752600 0.0000000 0.51722687 -4.3890777
1517752662 0.0000000 0.63614041 -1.8893542
1517753127 -5.00000007E-02 0.36840117 -12.429029
1517753452 0.0000000 0.49146104 -7.0832071
1517753522 0.0000000 0.49431702 -6.9440608
1517753592 0.0000000 0.49880752 -6.7634802
1517753815 0.0000000 0.63033187 -2.9857595
1517758427 -5.00000007E-02 0.39066374 -10.497418
1517763262 0.0000000 0.32992461 -26.445108
1517821602 0.0000000 0.55206931 -4.9120307
1517823894 -5.00000007E-02 0.24380584 -34.469746
1517846321 -5.00000007E-02 0.42731437 -8.8186150
1517852233 0.0000000 0.27313802 -29.894905
1517893754 0.0000000 0.53593659 -4.8570962
1517906208 0.0000000 0.30669779 -18.482471
1517932241 0.0000000 0.63050973 -3.6633348
1517932280 0.0000000 0.76320374 -1.4981968
1517932282 5.00000007E-02 0.77879155 -1.6346850
1517932427 0.0000000 0.52245444 -4.2615719
1517932434 0.0000000 0.51635349 -4.6109977
1517932492 -5.00000007E-02 0.44345412 -9.1915569
1517933877 5.00000007E-02 0.19689134 -50.883850
1517940013 0.0000000 0.68673253 -1.2486420
1517940459 0.0000000 0.52345777 -4.5820270
1517944528 0.0000000 0.45691821 -7.3173218
1517945796 0.0000000 0.51774979 -6.9064331
1517950582 0.0000000 0.49515158 -5.7601905
1517958702 0.0000000 0.43715462 -11.081551
1517960631 0.0000000 0.49215671 -7.7660704
1517969882 0.0000000 0.57657570 -3.6830025
1517974578 0.0000000 0.40693778 -10.784895
1517998787 -5.00000007E-02 0.38563868 -11.841488
1518001985 0.0000000 0.51432449 -5.8359680
1518008800 0.0000000 0.48685169 -8.1553860
1518008880 0.0000000 0.53074610 -4.3064418
1518013159 -5.00000007E-02 0.43687379 -6.5570507
1518016890 0.0000000 0.64671648 -1.4266381
1518016916 0.0000000 0.65423638 -1.3274186
1518051257 0.0000000 0.42026803 -9.0131187
1518059164 0.0000000 0.48698744 -7.4410543
1518142443 -0.10000000 0.23589770 -48.197205
1518201789 0.0000000 0.34730941 -18.191391
1518248929 -5.00000007E-02 0.34540805 -20.393486
1518858396 0.0000000 0.43755898 -31.934921
1518981709 1.2000000 0.27848557 -79.114944
1519051621 0.0000000 0.21961287 -54.937557
1519254641 0.0000000 0.36608964 -34.672409
1519583320 0.0000000 0.49289215 -7.1842327
1519962147 0.0000000 0.20955405 -87.929962
1520098551 0.0000000 0.50887138 -5.0411906
1520329330 -5.00000007E-02 0.27187777 -51.507404
1521024527 0.0000000 0.40694046 -12.138575
1521537776 -5.00000007E-02 0.25627372 -45.612015
1521728871 0.0000000 0.36927596 -47.371521
1522232997 0.0000000 0.18099935 -60.354488
1522282670 1.2500000 0.25979692 -73.384544
1522598524 0.0000000 0.22123797 -57.251785
1523432369 0.0000000 0.31711859 -35.829651
1523886539 -5.00000007E-02 0.33730185 -30.356613
1524201906 2.4500000 0.17631036 -62.585602
1524248877 0.90000004 0.22379091 -125.80726
1524308214 0.0000000 0.30223808 -84.023155
1524503432 -5.00000007E-02 0.33255696 -42.146347
1524721460 0.0000000 0.31914419 -36.134586
1524721601 -5.00000007E-02 0.30983788 -33.246010
1524808553 0.0000000 0.39733341 -20.423927
1525218424 0.0000000 0.51860648 -4.5802474
1526098666 0.0000000 0.20987752 -52.081329
1527728598 0.0000000 0.40735063 -9.2523880
1527904870 -5.00000007E-02 0.19848014 -75.749779
1528731725 0.0000000 0.38908589 -14.085350
1528750347 0.0000000 0.50627857 -7.3653545
1528856173 -5.00000007E-02 0.35597643 -28.270607
1529096035 -0.10000000 0.29546112 -78.400337
1529334375 0.0000000 0.26419109 -82.322258
1529522338 0.0000000 0.40366408 -13.574531
1530516370 1.2000000 0.23801136 -64.151649
1530516385 1.2000000 0.23800912 -64.150360
1530609654 0.0000000 0.35307616 -17.150724
1531312909 0.0000000 0.41411769 -13.819433
1531507119 0.0000000 0.41508609 -10.572208
1532050755 0.0000000 0.30387560 -36.370884
1533217098 0.0000000 0.38217288 -25.597797
1533504622 3.1500001 0.24116309 -82.811470
1533801692 -5.00000007E-02 0.31464359 -35.794899
1534500582 -5.00000007E-02 0.24271579 -44.093662
1534551317 2.2500000 0.22268520 -34.713711
1535572403 -5.00000007E-02 0.29133227 -31.140224
1535660064 2.0000000 0.20767286 -125.84184
1536498994 1.5000000 0.22991121 -122.31317
1536641006 0.0000000 0.33012038 -20.071531
1536700815 -1.8500000 0.18978836 -95.202477
1538633849 -0.10000000 0.22371149 -82.883194
1538766649 1.5500001 0.20399371 -60.123405
1539072778 -5.00000007E-02 0.35607377 -38.392029
1539164591 0.0000000 0.45736566 -8.3128538
1540269298 0.0000000 0.42509776 -9.2882442
1540310644 0.0000000 0.39719152 -12.702927
1541624711 -5.00000007E-02 0.37942946 -57.164181
1541712486 5.00000007E-02 0.23532981 -49.372807
1542328459 0.0000000 0.19090632 -72.329185
1542608341 -5.00000007E-02 0.35205254 -30.833208
1542638415 0.0000000 0.42435229 -12.746022
1542645094 -5.00000007E-02 0.26575103 -45.188919
1543190243 0.0000000 0.57627815 -3.9751921
1543191316 0.0000000 0.30058050 -29.420286
1543236658 0.0000000 0.31896695 -24.233473
1543238642 0.0000000 0.32337543 -29.335007
1543314575 0.0000000 0.40417367 -13.403827
1544368541 -5.00000007E-02 0.25444007 -45.812260
1544439487 -0.10000000 0.31172991 -51.381371
1544621063 0.0000000 0.26988441 -34.876057
1544908865 0.0000000 0.41447151 -51.241432
1545710204 0.0000000 0.36597499 -28.680183
1546538568 -5.00000007E-02 0.33637691 -21.816502
1546949806 0.0000000 0.38845596 -23.318588
1548127166 0.0000000 0.35416478 -19.735352
1548825695 0.0000000 0.24191216 -27.184788
1548861293 0.0000000 0.43406302 -12.433214
1549366351 -5.00000007E-02 0.23732731 -62.348618
1549558324 0.0000000 0.38504755 -40.558281
1550239687 -5.00000007E-02 0.36902428 -32.765598
1551558867 5.00000007E-02 0.16353244 -72.444618
1552012334 0.0000000 0.39607227 -13.707379
1552127531 -0.10000000 0.18640409 -55.774414
1552421955 -5.00000007E-02 0.32474717 -37.468357
1552451554 0.90000004 0.29996133 -62.183506
1552511242 0.0000000 0.38634968 -16.731777
1552697151 -5.00000007E-02 0.43509164 -64.462517
1552968094 -0.10000000 0.17294651 -93.306053
1553256348 0.50000000 0.22679201 -86.103912
1553414210 -0.10000000 0.20516887 -96.149315
1554087275 -0.10000000 0.24151602 -73.750946
1554172029 0.0000000 0.32486776 -29.741665
1554256375 0.0000000 0.51461428 -8.4947519
1554343015 -5.00000007E-02 0.31045675 -24.776176
1554382610 0.0000000 0.32527161 -39.270691
1554499495 0.0000000 0.31433654 -40.526333
1554706689 0.0000000 0.37759361 -22.699518
1554822801 0.0000000 0.53819585 -6.4080610
1554841453 -5.00000007E-02 0.43090549 -9.6552324
1554850672 0.0000000 0.41139853 -14.117201
1555563667 0.0000000 0.39666358 -8.5454445
1556793883 -5.00000007E-02 0.32465860 -37.436947
1556970683 0.0000000 0.20094462 -72.391495
1557330527 0.0000000 0.25494805 -57.761913
1557737721 2.2000000 0.16619465 -80.334229
1558197514 -5.00000007E-02 0.25857604 -45.601616
1558379328 5.00000007E-02 0.32293418 -40.158646
1558489044 -0.10000000 0.18629363 -57.594433
1558591969 0.0000000 0.24124819 -42.103771
1559317998 -5.00000007E-02 0.29241320 -31.524693
1559641578 0.0000000 0.40555584 -21.403601
1559762840 -0.45000002 0.32122964 -79.496147
1560870606 -0.10000000 0.21299453 -41.086369
1561237205 -0.10000000 0.19826061 -62.277790
1561242160 -0.10000000 0.21855642 -89.887962
1561825206 -0.10000000 0.23600970 -107.39368
1561837452 0.0000000 0.26742637 -75.132530
1562610935 0.0000000 0.48801798 -9.5746889
1562880116 -5.00000007E-02 0.30627939 -24.165901
1563275550 -0.10000000 0.30649310 -78.630051
1563531230 0.0000000 0.41427499 -14.953069
1563768365 0.0000000 0.29777536 -20.538748
1564123196 -5.00000007E-02 0.24005379 -28.439758
1564190683 0.0000000 0.53621858 -5.1956730
1564649429 0.0000000 0.42968762 -8.1767397
1564753988 -5.00000007E-02 0.38572744 -17.471533
1564784683 0.0000000 0.50527239 -9.1622505
1565054388 -5.00000007E-02 0.33149520 -22.304464
1565055090 -5.00000007E-02 0.32508323 -32.625999
1565213283 0.0000000 0.60946304 -2.1810660
1565218942 -5.00000007E-02 0.23318361 -83.646317
1565905300 0.0000000 0.27763611 -89.559174
1566053525 -5.00000007E-02 0.22514558 -51.313076
1566053530 -5.00000007E-02 0.22514568 -51.313076
1566074882 0.0000000 0.49213159 -9.2434425
1566101114 0.0000000 0.40237674 -15.660719
1566598377 -0.10000000 0.23830879 -47.671970
1566648618 0.0000000 0.37963298 -17.397282
1567237819 0.0000000 0.35074279 -31.364761
1567471650 0.0000000 0.43035880 -25.695608
1567604000 0.0000000 0.25628853 -67.782570
1567917359 0.0000000 0.39122024 -14.252285
1568005668 -5.00000007E-02 0.29720789 -47.318989
1568095682 0.0000000 0.49833620 -8.6057463
1569863578 -5.00000007E-02 0.22884899 -48.067329
1570468626 0.0000000 0.49286321 -6.0778108
1571312673 -5.00000007E-02 0.26066303 -32.312313
1571861758 -5.00000007E-02 0.23161992 -59.015049
1572218883 0.0000000 0.24542233 -40.338615
1573491297 0.0000000 0.41790763 -22.131163
1573495893 -0.10000000 0.19157946 -77.842262
1574645562 -5.00000007E-02 0.37958127 -11.790806
1575564604 0.0000000 0.27927145 -43.500751
1575660753 1.2000000 0.28472117 -96.661362
1576495557 5.00000007E-02 0.31163961 -14.176805
1577769501 -0.10000000 0.20039342 -51.516659
1577819410 0.0000000 0.45046833 -8.4471493
1578293635 0.0000000 0.52700704 -6.4807734
1578510402 0.0000000 0.27808860 -96.106087
1579404154 0.0000000 0.42150971 -14.668604
1579703564 0.0000000 0.29018283 -57.746334
1580749376 -5.00000007E-02 0.24929973 -53.399075
1581076659 -0.50000000 0.25369641 -94.139694
1581616159 0.0000000 0.47882265 -8.2039490
1581629921 0.0000000 0.29136378 -24.385508
1581764406 0.0000000 0.60550559 -2.7210629
1581764700 0.0000000 0.44588521 -11.136800
1581794413 0.0000000 0.43848583 -8.2431669
1582090065 0.0000000 0.32589355 -23.596483
1582113307 -0.10000000 0.24886212 -58.910225
1582546233 -5.00000007E-02 0.28158283 -26.441292
1582592414 -5.00000007E-02 0.20835966 -104.75459
1582629242 -5.00000007E-02 0.36857882 -12.275057
1582695255 -0.10000000 0.18703069 -74.450043
1593214064 0.0000000 0.99983525 -7.7356291
1593241888 0.0000000 0.99973524 -7.7415056
1593407313 0.0000000 0.99985516 -7.6936512
1593435168 0.0000000 0.99980187 -7.7306700
1593519432 0.0000000 0.99981219 -7.6016893
1594227272 0.0000000 0.99983621 -7.7194662
1594265063 0.0000000 0.99982113 -7.7822571
1594267923 0.0000000 0.99980855 -7.5735426
1594526768 0.0000000 0.99979645 -7.4672375
1594546164 0.0000000 0.99980778 -7.5998154
1595767949 0.0000000 0.78110498 -22.291348
1597107665 0.0000000 0.99982214 -7.8864813
1597123796 0.0000000 0.99974585 -8.0231037
1597187246 0.0000000 0.99983644 -7.9536171
1597774608 0.0000000 0.99963021 -7.9307699
1597797181 0.0000000 0.99985808 -7.8920860
1597806811 0.0000000 0.99981922 -7.8375483
1598480108 0.0000000 0.99983138 -7.8586760
1598847265 0.0000000 0.99932474 -7.8089886
1599036279 0.0000000 0.99979293 -7.6323423
1600306672 0.0000000 0.99983692 -7.8260536
1600646088 0.0000000 0.99984336 -7.8641186
1600833602 0.0000000 0.96171355 -8.3521185
1601017581 0.0000000 0.99973810 -7.8317528
1601326254 0.0000000 0.99983305 -8.0607405
1601342057 0.0000000 0.99983084 -8.0058680
1601440640 0.0000000 0.99985796 -7.9362812
1601863505 0.0000000 0.99981266 -7.8888474
1602517184 0.0000000 0.99982870 -7.9156618
1602946993 0.0000000 0.99976903 -7.9881010
1602947159 0.0000000 0.99978572 -7.9443703
1603087586 0.0000000 0.99972796 -7.9089756
1603396062 0.0000000 0.99895018 -8.0842867
1603674483 0.0000000 0.99980712 -7.9481354
1604358861 0.0000000 0.99981117 -8.0176849
1604426346 0.0000000 0.99983370 -7.9564381
1604601372 0.0000000 0.99984938 -8.1743603
1604626818 0.0000000 0.99978477 -7.9421959
1605130406 0.0000000 0.99987274 -8.1154480
1605130534 0.0000000 0.99981982 -8.0894127
1605266102 0.0000000 0.99984878 -8.1027555
1605511152 0.0000000 0.99979818 -7.9940710
1605551866 0.0000000 0.99978930 -8.0584755
1605557664 0.0000000 0.99985260 -8.1082773
1605621503 0.0000000 0.99973553 -8.1118755
1605662576 0.0000000 0.99978429 -7.9621477
1606582085 0.0000000 0.99899626 -8.1666012
1606657334 0.0000000 0.99983013 -8.0200710
1607578178 125.95000 0.11970775 -190420.98
1607606398 0.0000000 0.75347358 -31.367165
1607606851 0.0000000 0.99983394 -8.0432129
1607624108 0.0000000 0.99985790 -8.0685492
1608317519 0.0000000 0.99976021 -8.1256180
1608385359 0.0000000 0.99930370 -8.1730232
1609436522 0.0000000 0.99982470 -8.2859173
1609594007 0.0000000 0.99984527 -8.3016481
1610162996 0.0000000 0.97639370 -9.3997679
1610192153 0.0000000 0.99980122 -8.2790537
1611559538 0.0000000 0.99979949 -8.1335783
1611565557 0.0000000 0.99979067 -8.1463776
1611574763 0.0000000 0.99978274 -7.9935093
1611584686 0.0000000 0.99974465 -8.2823095
1611818971 0.0000000 0.99980295 -8.2004423
