1200543890 0.0000000 0.98781461 0.97489679
1200856359 0.0000000 0.99951935 0.99886423
1201442068 0.0000000 0.99408418 0.98769587
1203280382 0.0000000 0.99989092 0.99969405
1203409866 0.0000000 0.99703336 0.99374658
1203790455 0.0000000 0.99972361 0.99932075
1204138448 0.0000000 0.99874353 0.99691558
1204304285 0.0000000 0.99953341 0.99886274
1204490434 0.0000000 0.89104664 0.73708928
1204651907 0.0000000 0.99977040 0.99940664
1204651936 0.0000000 0.99958152 0.99905097
1204670552 0.0000000 0.99965525 0.99915612
1207186072 0.0000000 0.98307210 0.96490705
1208187584 0.0000000 0.99951530 0.99856830
1208931881 0.0000000 0.99932581 0.99843138
1208975321 0.0000000 0.99968570 0.99909288
1208982088 0.0000000 0.99945903 0.99861473
1208988255 0.0000000 0.99969196 0.99904430
1208988552 0.0000000 0.99962902 0.99876088
1209105937 0.0000000 0.99952739 0.99876010
1209216223 0.0000000 0.99654222 0.99280822
1209291757 0.0000000 0.99952954 0.99882823
1209339084 0.0000000 0.99918574 0.99810779
1209362380 0.0000000 0.99971026 0.99908632
1209543825 0.0000000 0.92370605 0.82667506
1209563099 0.0000000 0.99105328 0.98121470
1209583346 0.0000000 0.99933964 0.99848133
1209820628 0.0000000 0.99447876 0.98846924
1209877317 0.0000000 0.98907566 0.97712487
1210448520 0.0000000 0.99965030 0.99900001
1210560189 0.0000000 0.99955589 0.99903506
1210633064 0.0000000 0.99939317 0.99844158
1210703275 0.0000000 0.99965620 0.99900115
1213486164 0.0000000 0.99976599 0.99922174
1214086760 0.0000000 0.99957347 0.99880999
1214128508 0.0000000 0.99936199 0.99861872
1214211456 0.0000000 0.99746889 0.99475402
1214561217 0.0000000 0.99801546 0.99571514
1215221786 0.0000000 0.98356676 0.96601522
1215745668 0.0000000 0.99809313 0.99594826
1215812106 0.0000000 0.99971265 0.99927336
1215812707 0.0000000 0.99965084 0.99919957
1215839910 0.0000000 0.99828476 0.99626786
1215843106 0.0000000 0.99896872 0.99744451
1215961116 0.0000000 0.99965125 0.99906969
1216126809 0.0000000 0.99934930 0.99840528
1216904067 0.0000000 0.99642551 0.99240214
1217616949 0.0000000 0.99970710 0.99911451
1218233114 0.0000000 0.99960756 0.99893254
1218994676 0.0000000 0.99861026 0.99696988
1219291482 0.0000000 0.98642802 0.97130913
1219301591 0.0000000 0.99944621 0.99866486
1219723710 0.0000000 0.99157631 0.98232263
1219772880 0.0000000 0.99955297 0.99892467
1219869253 0.0000000 0.99947804 0.99851263
1220179542 0.0000000 0.99955028 0.99878705
1222614737 0.0000000 0.99670428 0.99305385
1225404477 0.0000000 0.99938935 0.99863374
1225442295 0.0000000 0.99957871 0.99900377
1228187814 0.0000000 0.99961799 0.99905771
1228684717 0.0000000 0.99934250 0.99851549
1229260451 0.0000000 0.99870640 0.99714345
1229658996 0.0000000 0.98971593 0.97797239
1229990683 0.0000000 0.99983460 0.99935776
1230216280 0.0000000 0.99951798 0.99878722
1230600687 0.0000000 0.99897617 0.99766946
1230860391 0.0000000 0.99973816 0.99941212
1231020274 0.0000000 0.99972928 0.99933439
1231041233 0.0000000 0.99884158 0.99739188
1232714291 0.0000000 0.99940646 0.99851185
1232804891 0.0000000 0.99787378 0.99524689
1233928332 0.0000000 0.99915910 0.99798083
1234166319 0.0000000 0.85243553 0.61651361
1234201315 0.0000000 0.99908495 0.99797654
1234214675 0.0000000 0.99945152 0.99880004
1236731039 0.0000000 0.99904513 0.99794722
1236854628 0.0000000 0.99781054 0.99531227
1237014105 0.0000000 0.99720836 0.99409878
1237159221 0.0000000 0.99641216 0.99253261
1237164701 0.0000000 0.99742901 0.99451214
1237551366 0.0000000 0.99878335 0.99740493
1237619839 0.0000000 0.98839945 0.97589523
1239235949 0.0000000 0.99986374 0.99964637
1239971868 0.0000000 0.99992406 0.99971277
1240678955 0.0000000 0.99710685 0.99400824
1242397863 0.0000000 0.99926913 0.99827516
1242709695 0.0000000 0.99604410 0.99167991
1243376855 0.0000000 0.99993497 0.99980301
1244248765 0.0000000 0.98853487 0.97571701
1245087845 0.0000000 0.99175882 0.98289609
1245407408 0.0000000 0.99877864 0.99742889
1245469469 0.0000000 0.99990791 0.99968749
1245877793 0.0000000 0.99977106 0.99944437
1245881452 0.0000000 0.99917626 0.99819469
1246167876 0.0000000 0.99927306 0.99835384
1246181696 0.0000000 0.99990147 0.99964088
1246182765 0.0000000 0.99958104 0.99896985
1246208530 0.0000000 0.99905938 0.99796116
1246208539 0.0000000 0.99905795 0.99795717
1246598451 0.0000000 0.99954790 0.99897158
1246598488 0.0000000 0.99956399 0.99900758
1246614635 0.0000000 0.99954844 0.99897665
1246985947 0.0000000 0.99982291 0.99955356
1247508302 0.0000000 0.99992484 0.99971128
1247516932 0.0000000 0.99982685 0.99948144
1247654255 0.0000000 0.99974549 0.99935639
1247741293 0.0000000 0.99993122 0.99976760
1247769767 0.0000000 0.99990010 0.99971551
1248159491 0.0000000 0.99938941 0.99866009
1248570012 0.0000000 0.99994302 0.99976337
1248588659 0.0000000 0.99993956 0.99976671
1248872986 0.0000000 0.99931395 0.99840605
1248886386 0.0000000 0.99997115 0.99986011
1249212887 0.0000000 0.99981219 0.99952364
1250467545 0.0000000 0.99996257 0.99981284
1250503855 0.0000000 0.99995118 0.99976629
1250504106 0.0000000 0.99990809 0.99968207
1250601456 0.0000000 0.99993229 0.99974382
1250639275 0.0000000 0.99969113 0.99923682
1250703707 0.0000000 0.99759609 0.99490833
1250777890 0.0000000 0.99992067 0.99974018
1250888264 0.0000000 0.99994391 0.99982369
1250911490 0.0000000 0.98504823 0.96879810
1252249816 0.0000000 0.99989569 0.99970591
1252757125 0.0000000 0.99973029 0.99936092
1254591366 0.0000000 0.99994069 0.99977076
1254664936 0.0000000 0.99712861 0.99395692
1255243328 0.0000000 0.99991858 0.99974012
1256244384 0.0000000 0.99963611 0.99909312
1256252705 0.0000000 0.99986994 0.99961901
1256431794 0.0000000 0.98345643 0.96545148
1257413577 0.0000000 0.99994534 0.99979419
1257413887 0.0000000 0.99965155 0.99915868
1257420861 0.0000000 0.99996114 0.99976671
1257678569 0.0000000 0.99941772 0.99868059
1258065617 0.0000000 0.99871063 0.99727863
1258296469 0.0000000 0.99957854 0.99903101
1258824471 0.0000000 0.99960703 0.99915546
1258926370 0.0000000 0.99828494 0.99643517
1260564405 0.0000000 0.99985087 0.99964774
1260692005 0.0000000 0.99927104 0.99847227
1261227736 0.0000000 0.99990809 0.99962926
1261227864 0.0000000 0.99991292 0.99975526
1261228557 0.0000000 0.99915445 0.99818653
1261232031 0.0000000 0.99961972 0.99907261
1261235533 0.0000000 0.99929678 0.99846286
1261275144 0.0000000 0.99946409 0.99884403
1261713375 0.0000000 0.99944705 0.99872077
1261922241 0.0000000 0.99511492 0.98966724
1262034644 0.0000000 0.99756724 0.99484086
1262237921 0.0000000 0.99911171 0.99806422
1262343689 0.0000000 0.99794197 0.99570411
1262367286 0.0000000 0.99969894 0.99926770
1262622742 0.0000000 0.81472480 0.47795707
1262633257 0.0000000 0.99988574 0.99956357
1263881366 0.0000000 0.99990743 0.99964345
1265523000 0.0000000 0.99992216 0.99975491
1265599504 0.0000000 0.99959987 0.99908632
1265691729 0.0000000 0.99989891 0.99967456
1265942558 0.0000000 0.90678716 0.79294533
1266289887 6.4000001 0.12938422 -81.391357
1266816064 0.0000000 0.54506212 -1.0164213
1267146477 0.0000000 0.78434795 0.37834370
1267162697 0.0000000 0.23926263 -14.548141
1267661932 0.0000000 0.99993408 0.99982232
1267662287 0.0000000 0.99990720 0.99970919
1267686434 0.0000000 0.99989349 0.99975234
1267690576 0.0000000 0.99995059 0.99989057
1268040382 0.0000000 0.99981552 0.99944919
1268902896 0.0000000 0.99730438 0.99455565
1268931240 0.0000000 0.99491793 0.98984706
1269644874 0.0000000 0.99980003 0.99937457
1270335780 0.0000000 0.97894436 0.95537364
1270813793 0.0000000 0.99843365 0.99656129
1270961850 0.0000000 0.99994814 0.99974883
1270999307 0.0000000 0.88381672 0.70151865
1271168968 0.0000000 0.99985820 0.99955428
1271191748 0.0000000 0.99992728 0.99972957
1271987388 0.0000000 0.99806845 0.99587888
1272194052 0.0000000 0.99989378 0.99964035
1272250791 0.0000000 0.99992990 0.99971515
1272823213 0.0000000 0.99993360 0.99987185
1274901407 0.0000000 0.99891448 0.99754345
1276535865 0.0000000 0.99947119 0.99893349
1276561877 0.0000000 0.99993372 0.99967027
1276823323 0.0000000 0.99900591 0.99799293
1277440084 0.0000000 0.99460489 0.98850846
1277575551 0.0000000 0.99964941 0.99907345
1277670806 0.0000000 0.99882072 0.99746764
1278097892 0.0000000 0.99992257 0.99965620
1278515743 0.0000000 0.99899864 0.99761623
1278618217 0.0000000 0.99987447 0.99962699
1278636079 0.0000000 0.99987692 0.99967319
1279357457 0.0000000 0.99993759 0.99973863
1279458204 0.0000000 0.99981040 0.99944490
1280029930 0.0000000 0.99992442 0.99969608
1280553485 0.0000000 0.99919349 0.99818110
1280563997 0.0000000 0.99764025 0.99494129
1280587745 0.0000000 0.99989927 0.99960470
1281476617 0.0000000 0.99838054 0.99644154
1282408680 0.0000000 0.99990779 0.99964547
1282415961 0.0000000 0.99856305 0.99682826
1282416480 0.0000000 0.99945760 0.99870986
1283157909 0.0000000 0.99969935 0.99923688
1283540817 0.0000000 0.99936992 0.99855804
1284039008 0.0000000 0.99588954 0.99127537
1284244867 0.0000000 0.99715704 0.99393457
1284952628 0.0000000 0.99988270 0.99953920
1285350982 0.0000000 0.99980450 0.99941486
1285695233 0.0000000 0.99973792 0.99924785
1285876560 0.0000000 0.99570841 0.99080890
1286047392 0.0000000 0.99979782 0.99937421
1286198915 0.0000000 0.99995357 0.99969798
1286865806 0.0000000 0.94858360 0.88259381
1287036373 0.0000000 0.99990386 0.99957937
1289221280 0.0000000 0.99990910 0.99953532
1289567329 0.0000000 0.99991471 0.99967951
1289576340 0.0000000 0.99995381 0.99956143
1290342705 0.0000000 0.99993628 0.99972183
1290784424 0.0000000 0.99961114 0.99897611
1290799240 0.0000000 0.99941909 0.99859262
1291601652 0.0000000 0.99992347 0.99963325
1291689974 0.0000000 0.99994832 0.99969065
1291927327 0.0000000 0.99958420 0.99893773
1292000461 0.0000000 0.99895501 0.99745911
1294804388 0.0000000 0.99735773 0.99423957
1296507195 0.0000000 0.99980098 0.99929392
1296548191 0.0000000 0.99992239 0.99961001
1297058102 0.0000000 0.99883914 0.99723595
1297342916 0.0000000 0.97712737 0.95106095
1297754297 0.0000000 0.99995512 0.99984056
1298970247 0.0000000 0.95362842 0.89703935
1299845150 0.0000000 0.98927832 0.97700405
1300123317 0.0000000 0.99986738 0.99926174
1300281136 0.0000000 0.99995190 0.99947137
1300608051 0.0000000 0.99994242 0.99967033
1301123952 0.0000000 0.99162132 0.98218906
1301458951 0.0000000 0.99972659 0.99924725
1301964194 0.0000000 0.96967131 0.93706882
1302916270 0.0000000 0.99970698 0.99921679
1302961193 0.0000000 0.99520010 0.99038255
1303685617 0.0000000 0.99959689 0.99918187
1304080155 0.0000000 0.98516273 0.96936262
1304082768 0.0000000 0.99983078 0.99965763
1304152538 0.0000000 0.99985683 0.99971265
1304437954 0.0000000 0.99971163 0.99941021
1304717510 0.0000000 0.99989879 0.99978387
1304757333 0.0000000 0.99084133 0.98116297
1306028051 0.0000000 0.99986023 0.99963808
1306098435 0.0000000 0.99963957 0.99913770
1306261925 0.0000000 0.99879354 0.99737734
1307034472 0.0000000 0.99994099 0.99979317
1307669122 0.0000000 0.99990660 0.99963284
1308478735 0.0000000 0.99764854 0.99461484
1309048281 0.0000000 0.99821603 0.99603099
1309094354 0.0000000 0.99992061 0.99960953
1309326569 0.0000000 0.99002439 0.97874504
1309474048 0.0000000 0.99814731 0.99581498
1309601047 0.0000000 0.99973577 0.99916303
1309696244 0.0000000 0.99550092 0.99029320
1309953539 0.0000000 0.99962360 0.99901909
1310469430 0.0000000 0.99991089 0.99958444
1310541580 0.0000000 0.99914932 0.99800426
1310928323 0.0000000 0.99823678 0.99615824
1311000534 0.0000000 0.99997211 0.99978155
1311084070 0.0000000 0.99953938 0.99883729
1311142337 0.0000000 0.99934512 0.99849325
1311692424 0.0000000 0.99855477 0.99667650
1313100452 0.0000000 0.99964499 0.99902570
1314264913 0.0000000 0.99980533 0.99929959
1314789752 0.0000000 0.99993962 0.99969226
1315538819 0.0000000 0.99838108 0.99556172
1315635988 0.0000000 0.98827374 0.97583771
1315804512 0.0000000 0.99832618 0.99650526
1316643513 0.0000000 0.99961787 0.99885708
1316653258 0.0000000 0.99895495 0.99757129
1317835272 0.0000000 0.99223864 0.98308474
1318175665 0.0000000 0.99913204 0.99745917
1318478724 0.0000000 0.99630713 0.99067551
1319945023 0.0000000 0.99951649 0.99836028
1320074224 0.0000000 0.99807960 0.99518347
1320721143 0.0000000 0.99961233 0.99864179
1321061921 0.0000000 0.99879462 0.99643451
1322787324 0.0000000 0.99957889 0.99838656
1322993584 0.0000000 0.99839884 0.99569190
1323861170 0.0000000 0.99818814 0.99498928
1323909341 0.0000000 0.99853975 0.99587190
1324582798 0.0000000 0.99931502 0.99764407
1325660397 0.0000000 0.99841672 0.99580491
1326181267 0.0000000 0.99138546 0.98087275
1326728445 0.0000000 0.99919778 0.99744469
1327107001 0.0000000 0.99883515 0.99664611
1327480583 0.0000000 0.99511993 0.98892206
1327824459 0.0000000 0.99586320 0.99099410
1328324062 0.0000000 0.99902523 0.99754494
1328459111 0.0000000 0.99952251 0.99837410
1330223700 0.0000000 0.98954672 0.97657990
1330883534 0.0000000 0.99833256 0.99568832
1332071890 0.0000000 0.98912984 0.97589922
1332086295 0.0000000 0.99830902 0.99608457
1332373478 0.0000000 0.99957949 0.99812186
1333258441 0.0000000 0.99927080 0.99789655
1333828758 0.0000000 0.99877703 0.99647379
1333921411 0.0000000 0.99942708 0.99836296
1334227165 0.0000000 0.99947023 0.99805236
1334800688 0.0000000 0.99964416 0.99892390
1335409258 0.0000000 0.99456221 0.98751652
1335538115 0.0000000 0.99948001 0.99802548
1338362741 0.0000000 0.99949706 0.99822921
1338842309 0.0000000 0.99950403 0.99811572
1338890190 0.0000000 0.99960011 0.99809462
1338944914 0.0000000 0.99933338 0.99809408
1338944979 0.0000000 0.99962676 0.99863738
1338945045 0.0000000 0.99934268 0.99778026
1339216879 0.0000000 0.99963069 0.99781048
1339275618 0.0000000 0.99969476 0.99875593
1339278860 0.0000000 0.99882644 0.99676782
1339309409 0.0000000 0.99903816 0.99691558
1339575740 0.0000000 0.99926245 0.99772120
1339598466 0.0000000 0.99824637 0.99578834
1339646879 0.0000000 0.99855834 0.99627650
1339690513 0.0000000 0.99957854 0.99839878
1339702255 0.0000000 0.99944979 0.99823153
1339923712 0.0000000 0.99961674 0.99856132
1341299876 0.0000000 0.99883008 0.99689913
1341924177 0.0000000 0.99170458 0.98222077
1342405200 0.0000000 0.99720645 0.99368316
1344277570 0.0000000 0.99879700 0.99695498
1344910008 0.0000000 0.99925530 0.99742228
1344941743 0.0000000 0.99961859 0.99846858
1345138860 0.0000000 0.99772638 0.99449956
1345234802 0.0000000 0.99960572 0.99840105
1346380382 0.0000000 0.99686569 0.99220747
1346415099 0.0000000 0.99918330 0.99732244
1346415834 0.0000000 0.99821925 0.99526864
1346788818 0.0000000 0.99956435 0.99859130
1346816730 0.0000000 0.99836498 0.99556977
1348523853 0.0000000 0.99970704 0.99858671
1350722979 0.0000000 0.99947590 0.99818635
1350800865 0.0000000 0.99946749 0.99802506
1351161077 0.0000000 0.99989039 0.99886292
1352122829 0.0000000 0.99904799 0.99700427
1352554787 0.0000000 0.99806488 0.99514568
1353431341 0.0000000 0.99982154 0.99884540
1353536726 0.0000000 0.99960536 0.99841654
1354158772 0.0000000 0.99978977 0.99860859
1354470336 0.0000000 0.99977815 0.99892187
1354477411 0.0000000 0.99970859 0.99874032
1354976814 0.0000000 0.99964368 0.99854589
1355221924 0.0000000 0.99945891 0.99799156
1356243184 0.0000000 0.99950248 0.99811208
1356319072 0.0000000 0.99987537 0.99894059
1356487597 0.0000000 0.99954331 0.99844623
1356883405 0.0000000 0.99970245 0.99870610
1357128106 0.0000000 0.97471118 0.94665617
1357236484 0.0000000 0.97180486 0.93741018
1357270197 0.0000000 0.96909893 0.93339753
1357331931 0.0000000 0.97811615 0.95458680
1357541346 0.0000000 0.99889916 0.99768740
1357994057 0.0000000 0.91995347 0.81808829
1358411441 0.0000000 0.99181950 0.98356766
1358708986 0.0000000 0.99328071 0.98639786
1359776392 0.0000000 0.99275112 0.98477507
1361064727 0.0000000 0.93755811 0.85071105
1361239965 0.0000000 0.94241714 0.87006390
1361256759 0.0000000 0.99948001 0.99817789
1361373628 0.0000000 0.66397744 -0.24615419
1361471757 0.0000000 0.97450483 0.94224167
1361665659 0.0000000 0.49571872 -2.2184289
1362386544 0.0000000 0.99722952 0.99265271
1362609444 0.0000000 0.55040509 -1.3930266
1362627405 0.0000000 0.99980086 0.99860674
1362643640 0.0000000 0.98262453 0.96103889
1363079024 0.0000000 0.93852746 0.85216367
1363764120 0.0000000 0.53453314 -2.0553188
1364349799 0.0000000 0.99950302 0.99122709
1364349845 0.0000000 0.99949604 0.99151790
1364355002 0.0000000 0.70537835 -0.25055504
1364690983 0.0000000 0.94047558 0.83301461
1365625224 0.0000000 0.99856597 0.99613214
1366061297 0.0000000 0.50425851 -2.2528245
1366432589 0.0000000 0.99340039 0.98577183
1366513671 0.0000000 0.99806690 0.99570441
1369110346 0.0000000 0.99918449 0.99786234
1369124755 0.0000000 0.99921495 0.99702185
1369791239 0.0000000 0.99785393 0.99498874
1369883683 0.0000000 0.99842221 0.99628419
1370118743 0.0000000 0.99885225 0.99751025
1370151783 0.0000000 0.99905276 0.99734056
1370623082 0.0000000 0.99874145 0.99740070
1372241957 0.0000000 0.99642408 0.99214780
1372463510 0.0000000 0.99906254 0.99707049
1373829868 0.0000000 0.99878401 0.99683148
1373895699 0.0000000 0.99945790 0.99809074
1373969495 0.0000000 0.99929202 0.99799246
1374677225 0.0000000 0.99879342 0.99700499
1374679935 0.0000000 0.99897057 0.99746764
1376837821 0.0000000 0.99727631 0.99404144
1377205321 75.550003 0.11948390 -215.63065
1377355603 0.0000000 0.98817521 0.97409195
1377407246 0.0000000 0.18421315 -23.980246
1378247005 0.0000000 0.73211074 0.14552194
1378467231 0.0000000 0.99921542 0.99809837
1379475197 0.0000000 0.79977471 0.39781767
1380542719 0.0000000 0.72684580 3.99561524E-02
1381466759 0.0000000 0.11426876 -120.10484
1381684855 0.0000000 0.81509262 0.45445383
1382170436 0.0000000 0.98079509 0.95769048
1382919848 0.0000000 0.66430730 -0.37330163
1383069011 0.0000000 0.21767916 -19.789646
1383085061 0.0000000 0.50223893 -2.0868864
1383220929 0.0000000 0.99904823 0.99702895
1383227120 0.0000000 0.95048237 0.88620597
1383227831 0.0000000 0.97069544 0.93532497
1383234448 0.0000000 0.99829972 0.99583477
1383263545 0.0000000 0.98620039 0.96999675
1383450194 0.0000000 0.92428589 0.82449830
1383519374 0.0000000 0.93736029 0.84932452
1383809110 0.0000000 0.87961060 0.69405419
1383809501 0.0000000 0.92098522 0.81198603
1383989687 0.0000000 0.87544006 0.67461401
1384145710 0.0000000 0.78566080 0.36162031
1384544358 0.0000000 0.83035088 0.50986362
1385019362 0.0000000 0.12892394 -89.457260
1386347977 0.0000000 0.32528889 -7.6951427
1386357780 0.0000000 0.94551599 0.87334216
1387916955 0.0000000 0.99833685 0.99447000
1389034180 0.0000000 0.96674293 0.92327660
1389204911 0.0000000 0.94195420 0.86252785
1389717867 0.0000000 0.79420614 0.37043130
1389724692 0.0000000 0.99441034 0.98724484
1389729005 0.0000000 0.86711735 0.64552569
1389740803 0.0000000 0.95109040 0.88804275
1389904819 0.0000000 0.65835166 -0.37445486
1390517490 0.0000000 0.65623772 -0.31427538
1390619771 0.0000000 0.96480054 0.92136097
1391790286 0.0000000 0.57166618 -0.98698974
1393014317 0.0000000 0.98877788 0.97601318
1393065064 0.0000000 0.90733570 0.77045280
1393759985 0.0000000 0.43414333 -3.7074423
1393791078 0.0000000 0.84400260 0.57169700
1394913876 0.0000000 0.99728316 0.99386019
1395061976 0.0000000 0.95954996 0.90932482
1395231566 0.0000000 0.96824056 0.92671323
1397097485 0.0000000 0.99428070 0.98766816
1397746253 0.0000000 0.92687649 0.83244538
1398443585 0.0000000 0.76889783 0.31484026
1399207416 0.0000000 0.97802967 0.95292443
1399278483 0.0000000 0.73106414 7.48601556E-02
1399745740 0.0000000 0.94910014 0.88348359
1399746271 0.0000000 0.99220949 0.98234051
1400631673 0.0000000 0.97305262 0.93906993
1401021673 0.0000000 0.99771506 0.99498355
1401296286 0.0000000 0.93966824 0.84799415
1402085900 0.0000000 0.20803285 -18.543209
1402313583 0.0000000 0.99644482 0.99169868
1402624068 -41.600002 9.57721323E-02 -47.694038
1402784563 0.0000000 0.81894696 0.49811333
1403034553 0.0000000 0.68016446 -0.19240344
1403317269 0.0000000 0.97625500 0.94857305
1403439974 0.0000000 0.92705184 0.82349902
1404774365 0.0000000 0.76521641 0.24478084
1404925818 0.0000000 0.63785952 -0.58407199
1405577514 0.0000000 0.99831599 0.99634820
1407296767 0.0000000 0.99528050 0.98787355
1407544588 0.0000000 0.59197634 -1.1294236
1408047770 0.0000000 0.99663705 0.99162287
1410046387 0.0000000 0.57825798 -1.1367357
1410325949 0.0000000 0.51610708 -2.0602975
1410382444 0.0000000 0.68279433 -0.25832713
1411247643 0.0000000 0.29283229 -10.368528
1411641303 0.0000000 0.99308127 0.98484957
1412009058 0.0000000 0.86477333 0.64703012
1412705290 0.0000000 0.99598473 0.99087256
1413207959 0.0000000 0.34426293 -7.4830732
1414298821 0.0000000 0.53546172 -2.0871234
1416419181 0.0000000 0.96943563 0.93334895
1416419227 0.0000000 0.97053593 0.93583739
1416540553 0.0000000 0.97920173 0.95289993
1417557685 0.0000000 0.97673845 0.94817549
1417655668 0.0000000 0.34816644 -7.3716192
1418245419 0.0000000 0.99814206 0.99523586
1418533563 0.0000000 0.99462259 0.98679817
1419682925 0.0000000 0.50303030 -2.1544850
1419947441 0.0000000 0.22047208 -16.209696
1419995164 0.0000000 0.92260295 0.81838012
1420012476 0.0000000 0.97222376 0.93781495
1420437226 0.0000000 0.83346158 0.53059590
1420606112 0.0000000 0.97858959 0.95418918
1420742654 0.0000000 0.61872846 -0.57140100
1421435535 0.0000000 0.72884423 6.90954924E-02
1421639313 0.0000000 0.85964125 0.63415521
1422083726 0.0000000 0.95782429 0.90309024
1422374758 0.0000000 0.86086440 0.62452817
1422958210 0.0000000 0.19168220 -16.852453
1423037687 0.0000000 0.48650658 -2.0315206
1423603888 105.70000 4.80187498E-02 -193.83232
1423726535 0.0000000 0.20849057 -28.546896
1423857991 0.0000000 0.99835747 0.99628109
1424969403 0.0000000 0.77718323 0.33701032
1426114954 0.0000000 0.35850585 -5.3577814
1426344314 0.0000000 0.41650370 -4.2149372
1426852891 0.0000000 0.16701108 -25.013052
1427105631 0.0000000 0.99812365 0.99597895
1427483378 0.0000000 0.74862069 0.10751039
1428208678 0.0000000 0.43615723 -4.3595285
1428320250 0.0000000 0.96385992 0.91965234
1428945237 0.0000000 0.47194180 -2.8416829
1429127316 0.0000000 0.82508838 0.49064952
1429494176 0.0000000 0.99840760 0.99577427
1429494550 0.0000000 0.58423132 -1.0966926
1429528847 0.0000000 0.99086678 0.98046368
1429530313 0.0000000 0.99563169 0.98968738
1429531199 0.0000000 0.99544984 0.99037057
1429992097 0.0000000 0.99403572 0.98745853
1430658547 0.0000000 0.92547631 0.81959474
1431333501 0.0000000 0.94632971 0.88632166
1431387795 0.0000000 0.85803223 0.63210386
1431628549 0.0000000 0.26719934 -13.202417
1432588969 0.0000000 0.99791366 0.99471247
1432601816 0.0000000 0.97787285 0.95107645
1432799863 0.0000000 0.95303273 0.89461243
1434467768 0.0000000 0.66522288 -0.36476660
1434867330 0.0000000 0.75761974 0.23994672
1435335400 0.0000000 0.33117458 -6.0700397
1438066750 0.0000000 0.97061342 0.93451017
1438936857 0.0000000 0.46858776 -2.9098930
1439209234 0.0000000 0.48784611 -2.2879546
1439418087 0.0000000 0.93578678 0.84987462
1439474882 0.0000000 0.99721074 0.99262702
1439699200 0.0000000 0.84423071 0.57090580
1441113885 0.0000000 0.99849296 0.99651104
1441128847 0.0000000 0.99356127 0.98515886
1441160293 0.0000000 0.94984514 0.88880843
1441898607 0.0000000 0.95524830 0.89732218
1442339782 0.0000000 0.25152913 -14.021331
1442345855 0.0000000 0.88599783 0.70528859
1442345878 0.0000000 0.88870209 0.71351850
1442408939 0.0000000 0.80129218 0.41686112
1442410226 133.80000 0.14900874 -31.041836
1442413798 0.0000000 0.11835376 -47.134632
1443074281 0.0000000 0.99839300 0.99413288
1443555465 0.0000000 0.96823591 0.93002617
1444648487 0.0000000 0.99693716 0.99283910
1444736944 0.0000000 0.99849856 0.99591094
1444953165 0.0000000 0.84961969 0.59141219
1444953267 0.0000000 0.76190507 0.25237125
1445014914 0.0000000 0.48722893 -2.3910067
1445221055 0.0000000 0.99100602 0.97929096
1445233331 0.0000000 0.87687606 0.67243522
1445239215 0.0000000 0.79906648 0.43927103
1446412182 0.0000000 0.99825615 0.99620664
1446412281 0.0000000 0.99502832 0.98905611
1446509184 0.0000000 0.98375207 0.96271622
1446509190 0.0000000 0.98384017 0.96288210
1446714386 0.0000000 0.99614668 0.99120951
1447167192 0.0000000 0.78690201 0.30207586
1447255999 0.0000000 0.99542493 0.98982275
1447277516 0.0000000 0.75089002 0.20704335
1448316095 0.0000000 0.75666994 0.25057858
1448671943 0.0000000 0.95685643 0.90094328
1449033717 0.0000000 0.98849958 0.97497684
1449035580 0.0000000 0.97385538 0.94333982
1449153073 0.0000000 0.99903417 0.99690986
1449935242 0.0000000 0.96149689 0.91259485
1450510821 0.0000000 0.86521089 0.62332344
1450536811 0.0000000 0.98228246 0.96060324
1450992022 0.0000000 0.96300900 0.91915780
1451199638 0.0000000 0.74013340 0.13782692
1451327726 0.0000000 0.97930247 0.95353454
1451523194 0.0000000 0.99463683 0.98739374
1451829690 0.0000000 0.89651150 0.74633265
1451928000 0.0000000 0.98541903 0.96726555
1452487977 0.0000000 0.99883378 0.99717522
1453169606 0.0000000 0.99790245 0.99510747
1453824336 0.0000000 0.96362227 0.91800046
1454422761 0.0000000 0.99656236 0.99181294
1454702246 0.0000000 0.99887985 0.99699807
1454702308 0.0000000 0.99890399 0.99645531
1454702406 0.0000000 0.99822181 0.99511737
1454702512 0.0000000 0.99588317 0.99073732
1454978820 0.0000000 0.99064946 0.97964311
1455590759 0.0000000 0.99339420 0.98519242
1455595494 0.0000000 0.99741596 0.99378550
1455757779 0.0000000 0.99835867 0.99564338
1455758311 0.0000000 0.99855220 0.99627775
1456215987 0.0000000 0.82310247 0.48419333
1456541993 0.0000000 0.99793488 0.99367559
1457201466 0.0000000 0.50797343 -1.8574681
1457276938 0.0000000 0.89110643 0.73303092
1459152479 0.0000000 0.99485022 0.98740441
1459502085 0.0000000 0.70282757 -0.12179554
1459988008 0.0000000 0.67941022 -0.17916751
1460294506 0.0000000 0.46297571 -2.5470529
1460353509 0.0000000 0.88492572 0.69233811
1460804146 0.0000000 0.99723881 0.99336410
1461082597 0.0000000 0.72892767 0.13277638
1461607991 0.0000000 0.98919165 0.97618318
1461770234 0.0000000 0.99772125 0.99492258
1461770257 0.0000000 0.99776137 0.99500972
1461770858 0.0000000 0.99181616 0.98200613
1461781146 0.0000000 0.99725866 0.99320930
1461806086 0.0000000 0.62259185 -0.64183414
1462056417 0.0000000 0.86787421 0.62963766
1462199340 0.0000000 0.86289376 0.64941728
1462521203 0.0000000 0.43475688 -3.2733903
1462632669 0.0000000 0.92245680 0.80471629
1462675593 0.0000000 0.98951668 0.97690064
1463023035 0.0000000 0.92109257 0.81399989
1463023251 0.0000000 0.18869057 -26.770411
1463023282 -6.3499999 0.13891120 -43.243752
1463027395 0.0000000 0.75885111 0.24565977
1463127852 0.0000000 0.69161606 -0.11236417
1463195522 0.0000000 0.35065219 -5.0182352
1463196768 0.0000000 0.76599169 0.20383310
1463530965 0.0000000 0.96583378 0.92432332
1463863900 0.0000000 0.99919152 0.99792284
1463882779 0.0000000 0.99869627 0.99704301
1464184475 0.0000000 0.95517308 0.89822894
1464544116 0.0000000 0.99394655 0.98622537
1464576767 0.0000000 0.96860623 0.92826682
1464630651 0.0000000 0.98525333 0.96524316
1464672226 0.0000000 0.99839598 0.99629760
1466204142 0.0000000 0.56006223 -1.2167535
1466383187 0.0000000 0.99663389 0.99132037
1466409210 0.0000000 0.65662825 -0.46560240
1466715930 0.0000000 0.99826008 0.99564832
1467361422 0.0000000 0.90095466 0.74923003
1469019333 0.0000000 0.43837968 -4.1687799
1469592155 0.0000000 0.68898576 -0.17952061
1471008941 0.0000000 9.37917531E-02 -95.605766
1471908408 0.0000000 0.62670743 -0.65035999
1472660934 0.0000000 0.60209161 -0.81255758
1473440050 0.0000000 0.70688617 -2.97279358E-02
1475055492 0.0000000 0.76653767 0.27554822
1475769120 0.0000000 0.99878895 0.99693018
1477370752 0.0000000 0.99801445 0.99541128
1478519786 0.0000000 0.92722458 0.83408189
1478903131 0.0000000 0.81902885 0.46533066
1480024554 0.0000000 0.98971713 0.97732234
1480377579 0.0000000 0.93855053 0.85611796
1480507474 0.0000000 0.98839509 0.97303867
1481256588 0.0000000 0.75460303 0.22227496
1481811269 0.0000000 0.98578161 0.96873742
1483057851 0.0000000 0.88215625 0.69615865
1483513641 0.0000000 0.56848669 -1.2699959
1484155863 0.0000000 0.93822771 0.85567093
1484797338 0.0000000 0.45631462 -3.0679650
1484900187 0.0000000 0.24952954 -14.173129
1485329586 0.0000000 0.44480714 -2.5625610
1486746772 0.0000000 0.99881917 0.99611264
1487420859 0.0000000 0.99973333 0.99814379
1487652197 0.0000000 0.83023298 0.51788437
1488212310 0.0000000 0.99907404 0.99691355
1488924651 0.0000000 0.99870408 0.99575907
1489967289 0.0000000 0.98914963 0.97534406
1490066029 0.0000000 0.98361754 0.96315706
1490805242 0.0000000 0.99950361 0.99766117
1492112471 0.0000000 0.99790353 0.99463129
1492367656 0.0000000 0.99969494 0.99809808
1493517442 0.0000000 0.99978209 0.99848539
1493960850 0.0000000 0.99907225 0.99711144
1493986611 0.0000000 0.99462318 0.98777401
1494889974 0.0000000 0.99986124 0.99873638
1494932580 0.0000000 0.98512834 0.96776408
1495631454 0.0000000 0.99975866 0.99834383
1495691291 0.0000000 0.99960458 0.99801338
1495956669 0.0000000 0.82775760 0.53043544
1495999757 0.0000000 0.99569935 0.99036324
1496582686 0.0000000 0.99831027 0.99507248
1497967350 0.0000000 0.98699963 0.97006738
1498029939 0.0000000 0.99670124 0.99188364
1500318986 0.0000000 0.99878109 0.99614227
1501139292 0.0000000 0.99908817 0.99689686
1501845585 0.0000000 0.99963701 0.99828058
1502294736 0.0000000 0.99937272 0.99754357
1502416734 0.0000000 0.99969041 0.99815297
1502582915 0.0000000 0.99965680 0.99841303
1504364658 0.0000000 0.99937797 0.99724323
1505096741 0.0000000 0.98480380 0.96516138
1505687994 0.0000000 0.99934500 0.99736339
1505917796 0.0000000 0.99987644 0.99860346
1506232185 0.0000000 0.99236387 0.98252559
1506549399 0.0000000 0.99008948 0.97769380
1507505391 0.0000000 0.99963230 0.99824619
1507747520 0.0000000 0.99626333 0.99053913
1508582157 0.0000000 0.99310213 0.98410475
1509318944 0.0000000 0.99951631 0.99803340
1509677295 0.0000000 0.99970865 0.99830502
1509677339 0.0000000 0.99974173 0.99839962
1509752088 0.0000000 0.99975067 0.99856567
1510398879 0.0000000 0.99913543 0.99714291
1510402973 0.0000000 0.99969649 0.99828851
1510440860 0.0000000 0.97182429 0.93635106
1510947032 0.0000000 0.99772638 0.99390090
1511360409 0.0000000 0.99973357 0.99844038
1511470532 0.0000000 0.99970597 0.99835277
1512230735 0.0000000 0.94557196 0.87332618
1512377977 0.0000000 0.99965334 0.99807805
1512704669 0.0000000 0.99933606 0.99745083
1513120660 0.0000000 0.99267030 0.98308408
1516168751 0.0000000 0.99870992 0.99648577
1516984288 0.0000000 0.99974471 0.99849814
1517686257 0.0000000 0.99794769 0.99426216
1517749972 0.0000000 0.99976903 0.99853796
1517752600 0.0000000 0.99983054 0.99871176
1517752662 0.0000000 0.99983168 0.99870574
1517753127 0.0000000 0.99217838 0.98227942
1517753452 0.0000000 0.99976563 0.99852282
1517753522 0.0000000 0.99976760 0.99852371
1517753592 0.0000000 0.99976879 0.99852920
1517753815 0.0000000 0.99925864 0.99749643
1517758427 0.0000000 0.99619311 0.99112016
1517763262 0.0000000 0.99387318 0.98587084
1517821602 0.0000000 0.99748862 0.99376005
1517823894 0.0000000 0.99148858 0.98066288
1517846321 0.0000000 0.99933177 0.99756372
1517852233 0.0000000 0.99011040 0.97747952
1517893754 0.0000000 0.99951726 0.99801576
1517906208 0.0000000 0.99742609 0.99365997
1517932241 0.0000000 0.99968207 0.99824226
1517932280 0.0000000 0.99968195 0.99823844
1517932282 0.0000000 0.99968195 0.99823570
1517932427 0.0000000 0.99967933 0.99848270
1517932434 0.0000000 0.99966633 0.99839807
1517932492 0.0000000 0.99946541 0.99794734
1517933877 0.0000000 0.99929237 0.99733764
1517940013 0.0000000 0.99966806 0.99821806
1517940459 0.0000000 0.99979240 0.99845153
1517944528 0.0000000 0.99967194 0.99833757
1517945796 0.0000000 0.99907845 0.99691910
1517950582 0.0000000 0.99917978 0.99699289
1517958702 0.0000000 0.99868727 0.99621952
1517960631 0.0000000 0.99947774 0.99768704
1517969882 0.0000000 0.99925953 0.99766195
1517974578 0.0000000 0.99967808 0.99819124
1517998787 0.0000000 0.99418563 0.98575944
1518001985 0.0000000 0.99949300 0.99796361
1518008800 0.0000000 0.99947226 0.99783480
1518008880 0.0000000 0.99889523 0.99649787
1518013159 0.0000000 0.99837124 0.99553120
1518016890 0.0000000 0.99964535 0.99846512
1518016916 0.0000000 0.99964613 0.99846494
1518051257 0.0000000 0.99956453 0.99799109
1518059164 0.0000000 0.99791944 0.99459863
1518142443 0.0000000 0.99829262 0.99529088
1518201789 0.0000000 0.99815065 0.99488759
1518248929 0.0000000 0.99725956 0.99283910
1518858396 0.0000000 0.99948043 0.99779773
1518981709 0.0000000 0.99635935 0.99120504
1519051621 0.0000000 0.99947035 0.99796700
1519254641 0.0000000 0.99960911 0.99812031
1519583320 0.0000000 0.99958879 0.99802703
1519962147 0.0000000 0.99953568 0.99797100
1520098551 0.0000000 0.99892831 0.99663615
1520329330 0.0000000 0.99316758 0.98379606
1521024527 0.0000000 0.99793500 0.99446225
1521537776 0.0000000 0.99979961 0.99834204
1521728871 0.0000000 0.99923122 0.99719930
1522232997 0.0000000 0.99003500 0.97729981
1522282670 0.0000000 0.99961525 0.99790472
1522598524 0.0000000 0.99850768 0.99580514
1523432369 0.0000000 0.99852425 0.99559945
1523886539 0.0000000 0.99973726 0.99815387
1524201906 0.0000000 0.99055678 0.97752386
1524248877 0.0000000 0.86744893 0.64917576
1524308214 0.0000000 0.99946076 0.99764657
1524503432 0.0000000 0.99881530 0.99650472
1524721460 0.0000000 0.99961293 0.99820048
1524721601 0.0000000 0.99953306 0.99819672
1524808553 0.0000000 0.99962139 0.99832124
1525218424 0.0000000 0.99952310 0.99819785
1526098666 0.0000000 0.99637544 0.99116117
1527728598 0.0000000 0.99972045 0.99810243
1527904870 0.0000000 0.99936342 0.99780869
1528731725 0.0000000 0.99441999 0.98732907
1528750347 0.0000000 0.99810255 0.99512964
1528856173 0.0000000 0.99749476 0.99391329
1529096035 0.0000000 0.99902290 0.99697918
1529334375 0.0000000 0.94874853 0.87987566
1529522338 0.0000000 0.99835533 0.99587518
1530516370 0.0000000 0.99967468 0.99825788
1530516385 0.0000000 0.99967676 0.99825925
1530609654 0.0000000 0.99980116 0.99872696
1531312909 0.0000000 0.99942446 0.99775714
1531507119 0.0000000 0.99971533 0.99841595
1532050755 0.0000000 0.99955368 0.99805462
1533217098 0.0000000 0.99925917 0.99762052
1533504622 0.0000000 0.95533806 0.89830571
1533801692 0.0000000 0.99791688 0.99473858
1534500582 0.0000000 0.99967271 0.99840802
1534551317 0.0000000 0.99973297 0.99858654
1535572403 0.0000000 0.96197355 0.91573167
1535660064 0.0000000 0.94885492 0.88100386
1536498994 0.0000000 0.99594641 0.99044102
1536641006 0.0000000 0.99596590 0.99042189
1536700815 0.0000000 0.99175704 0.98135000
1538633849 0.0000000 0.99946564 0.99726677
1538766649 0.0000000 0.99733126 0.99340081
1539072778 0.0000000 0.99948978 0.99764735
1539164591 0.0000000 0.99133646 0.98058486
1540269298 0.0000000 0.99972314 -0.17494249
1540310644 0.0000000 0.99981582 -0.16769540
1541624711 0.0000000 0.99908972 -0.16737342
1541712486 0.0000000 0.99027973 -0.26634932
1542328459 0.0000000 0.99527597 -0.17038453
1542608341 0.0000000 0.99896383 -0.17152560
1542638415 0.0000000 0.98634750 -0.29407418
1542645094 0.0000000 0.98247248 -0.31658006
1543190243 0.0000000 0.99977946 -0.14843690
1543191316 0.0000000 0.98661703 -0.23823643
1543236658 0.0000000 0.99760109 -0.14747119
1543238642 0.0000000 0.97962260 -0.32827914
1543314575 0.0000000 0.99340296 -0.20695817
1544368541 0.0000000 0.99970502 -0.15323889
1544439487 0.0000000 0.99895489 -0.14882624
1544621063 5.00000007E-02 0.93251133 -165.05701
1544908865 0.0000000 0.99980760 -0.18590009
1545710204 0.0000000 0.99974340 -0.16175997
1546538568 0.0000000 0.99981701 -0.20418608
1546949806 0.0000000 0.99987179 -0.19595504
1548127166 0.0000000 0.99986815 -0.18364680
1548825695 0.0000000 0.99986678 -0.15580213
1548861293 0.0000000 0.99966830 -0.14410675
1549366351 0.0000000 0.96950597 -0.49069560
1549558324 0.0000000 0.99977273 -0.17163086
1550239687 0.0000000 0.99892211 -0.19785893
1551558867 0.0000000 0.99313152 -0.30316257
1552012334 0.0000000 0.99981725 -0.16590810
1552127531 0.0000000 0.86810821 -1.4503944
1552421955 0.0000000 0.99806839 -0.17860925
1552451554 0.0000000 0.99977773 -0.19010711
1552511242 0.0000000 0.99963576 -0.18736780
1552697151 0.0000000 0.99916065 -0.17675722
1552968094 0.0000000 0.99337494 -0.23749304
1553256348 0.0000000 0.98638946 -0.27184534
1553414210 0.0000000 0.96606290 -0.49028099
1554087275 0.0000000 0.98784631 -0.29411912
1554172029 0.0000000 0.99486816 -0.20456421
1554256375 0.0000000 0.99983382 -0.18628943
1554343015 0.0000000 0.99987674 -0.19375622
1554382610 0.0000000 0.99883544 -0.21101081
1554499495 0.0000000 0.99984491 -0.23340487
1554706689 0.0000000 0.99962032 -0.19582975
1554822801 0.0000000 0.99970829 -0.19863093
1554841453 0.0000000 0.99932426 -0.20421553
1554850672 0.0000000 0.99888247 -0.20020270
1555563667 0.0000000 0.99982631 -0.20361316
1556793883 0.0000000 0.99475968 -0.24101865
1556970683 0.0000000 0.99393833 -0.26579189
1557330527 0.0000000 0.98521233 -0.33406520
1557737721 0.0000000 0.99783266 -0.24562502
1558197514 0.0000000 0.99689466 -0.25374901
1558379328 0.0000000 0.88919085 -1.4029140
1558489044 0.0000000 0.99803597 -0.23947859
1558591969 0.0000000 0.99903852 -0.24272263
1559317998 0.0000000 0.99976701 -0.22804737
1559641578 0.0000000 0.99982280 -0.21707094
1559762840 0.0000000 0.99686223 -0.24097359
1560870606 0.0000000 0.99038601 -0.30739224
1561237205 0.0000000 0.99071735 -0.25571549
1561242160 0.0000000 0.99583662 -0.21867335
1561825206 0.0000000 0.97259825 -0.45814013
1561837452 0.0000000 0.99977136 -0.15837419
1562610935 0.0000000 0.99947339 -0.17359090
1563275550 0.0000000 0.99241811 -9.94527340E-02
1563531230 0.0000000 0.99929392 -1.52293444E-02
1563768365 0.0000000 0.99587315 -7.11146593E-02
1563850922 0.0000000 0.93243068 -0.63113916
1564123196 0.0000000 0.98199952 -0.12418723
1564190683 0.0000000 0.99929923 3.06359529E-02
1564649429 0.0000000 0.99111027 -0.12864435
1564753988 0.0000000 0.99931014 -4.81421947E-02
1564784683 0.0000000 0.99956751 -4.17617559E-02
1565054388 0.0000000 0.99955881 -5.90176582E-02
1565055090 0.0000000 0.99905682 -5.11380434E-02
1565213283 0.0000000 0.99963444 -1.47472620E-02
1565218942 0.0000000 0.95825207 -0.37118483
1565905300 0.0000000 0.99934691 -3.52045298E-02
1566053525 0.0000000 0.99817824 -7.22211599E-02
1566053530 0.0000000 0.99818444 -7.22563267E-02
1566074882 0.0000000 0.99230999 -0.11051023
1566101114 0.0000000 0.99946511 -4.39997911E-02
1566598377 0.0000000 0.96066070 -0.36441445
1566648618 0.0000000 0.92192262 -0.85037875
1567237819 0.0000000 0.99963868 -2.77720690E-02
1567471650 0.0000000 0.99872613 -6.68418407E-02
1567604000 0.0000000 0.99012506 -0.13715303
1567917359 0.0000000 0.98013151 -0.24624670
1568005668 0.0000000 0.99943042 -5.85888624E-02
1568095682 0.0000000 0.99772197 -9.22125578E-02
1569863578 0.0000000 0.99977571 -9.37962532E-02
1570468626 0.0000000 0.99405384 -0.14403653
1571312673 0.0000000 0.99963707 -0.11291313
1571861758 0.0000000 0.72722125 -3.6885095
1572218883 0.0000000 0.97759205 -0.37003243
1573491297 0.0000000 0.99662137 -0.17190647
1573495893 0.0000000 0.94124222 -0.71823347
1574645562 0.0000000 0.99697071 0.99252772
1575564604 0.0000000 0.97389144 0.93825394
1575660753 0.0000000 0.99401778 0.98624271
1576495557 0.0000000 0.99927747 0.99751109
1577769501 0.0000000 0.99569404 0.98956621
1577819410 0.0000000 0.99928027 0.99726850
1578293635 0.0000000 0.99971199 0.99813980
1578510402 0.0000000 0.99605942 0.99052244
1579404154 0.0000000 0.99953562 0.99825490
1579703564 0.0000000 0.99561590 0.98959035
1580749376 0.0000000 0.99970305 0.99864960
1581076659 0.0000000 0.99233806 0.98169589
1581616159 0.0000000 0.99890971 0.99658811
1581629921 0.0000000 0.99971622 0.99847656
1581764406 0.0000000 0.99965400 0.99820518
1581764700 0.0000000 0.99954653 0.99793971
1581794413 0.0000000 0.99958944 0.99835771
1582090065 0.0000000 0.99838030 0.99554276
1582113307 0.0000000 0.99545652 0.98921657
1582546233 0.0000000 0.99340475 0.98476410
1582592414 0.0000000 0.98868150 0.97413331
1582629242 0.0000000 0.99970871 0.99857503
1582695255 0.0000000 0.99830824 0.99537009
1584677477 0.0000000 0.98967737 0.97682238
1585787701 0.0000000 0.97856295 0.95221972
1586304460 0.0000000 0.99578005 0.98943347
1586389759 0.0000000 0.99435979 0.98680389
1586537097 0.0000000 0.99978149 0.99867272
1586691401 0.0000000 0.99937904 0.99771625
1587481331 0.0000000 0.98984993 0.97700453
1588476280 0.0000000 0.99971366 0.99829525
1589003116 0.0000000 0.98847336 0.97337568
1589548020 0.0000000 0.64800102 -0.50691724
1589756010 0.0000000 0.98822975 0.97333997
1589910785 0.0000000 0.99595124 0.98997575
1590311534 0.0000000 0.69354290 -0.27965999
1590359490 0.0000000 0.99896038 0.99698275
1590694463 0.0000000 0.99825346 0.99515206
1590843750 0.0000000 0.99789596 0.99472725
1591494563 0.0000000 0.99776137 0.99446183
1591839506 0.0000000 0.99865657 0.99605858
1591921295 0.0000000 0.99788362 0.99460554
1592079539 0.0000000 0.99963284 0.99818403
1592349420 0.0000000 0.98146802 0.95874965
1593214064 0.0000000 0.99980444 0.99884528
1593241888 0.0000000 0.99767464 0.99386960
1593407313 0.0000000 0.99823159 0.99522173
1593435168 0.0000000 0.99874049 0.99660200
1593519432 0.0000000 0.99801773 0.99484795
1594227272 0.0000000 0.99938691 0.99745864
1594265063 0.0000000 0.99798101 0.99473894
1594267923 0.0000000 0.99493504 0.98825943
1594526768 0.0000000 0.96665007 0.92524642
1594546164 0.0000000 0.97575063 0.94601792
1595767949 0.0000000 0.99968797 0.99821538
1597107665 0.0000000 0.98388267 0.96332622
1597123796 0.0000000 0.99920988 0.99739480
1597187246 0.0000000 0.99345392 0.98518431
1597774608 0.0000000 0.99445367 0.98759186
1597797181 0.0000000 0.99957293 0.99768549
1597806811 0.0000000 0.99928284 0.99744254
1598480108 0.0000000 0.99798876 0.99472302
1598847265 0.0000000 0.57701361 -0.84353375
1599036279 0.0000000 0.99951780 0.99778169
1600306672 0.0000000 0.99969172 0.99818504
1600646088 0.0000000 0.99929351 0.99740535
1600833602 0.0000000 0.99944764 0.99800694
1601017581 0.0000000 0.99287999 0.98383540
1601326254 0.0000000 0.99965930 0.99839336
1601342057 0.0000000 0.99973762 0.99873072
1601440640 0.0000000 0.99966508 0.99870771
1601863505 0.0000000 0.99960709 0.99833328
1602517184 0.0000000 0.99602515 0.99068403
1602946993 0.0000000 0.99972850 0.99838972
1602947159 0.0000000 0.99952382 0.99796838
1603087586 0.0000000 0.88225532 0.69736612
1603396062 0.0000000 0.98357129 0.96435219
1603674483 0.0000000 0.96472079 0.91889006
1604358861 0.0000000 0.99460459 0.98764080
1604426346 0.0000000 0.99917543 0.99718606
1604601372 0.0000000 0.99975878 0.99859995
1604626818 0.0000000 0.99976563 0.99857759
1605130406 0.0000000 0.99960816 0.99840051
1605130534 0.0000000 0.99944872 0.99803287
1605266102 0.0000000 0.99929059 0.99789155
1605511152 0.0000000 0.99960488 0.99800909
1605551866 0.0000000 0.99962640 0.99834186
1605557664 0.0000000 0.99956083 0.99838048
1605621503 0.0000000 0.97942090 0.95389795
1605662576 0.0000000 0.96382415 0.91738945
1606582085 0.0000000 0.98339725 0.96295583
1606657334 0.0000000 0.99961972 0.99781930
1607578178 0.0000000 0.99970168 0.99847287
1607606398 0.0000000 0.99970859 0.99854153
1607606851 0.0000000 0.98953837 0.97649956
1607624108 0.0000000 0.99968100 0.99855101
1608317519 0.0000000 0.99058414 0.97893864
1608385359 0.0000000 0.98421144 0.96421200
1609436522 0.0000000 0.92210603 0.80965930
1609594007 0.0000000 0.99661356 0.99179393
1610162996 0.0000000 0.70645988 -7.47575760E-02
1610192153 0.0000000 0.99952596 0.99801522
1610249009 0.0000000 0.99908966 0.99709857
1610838659 0.0000000 0.99983978 0.99885559
1611559538 0.0000000 0.99973464 0.99884921
1611565557 0.0000000 0.99904972 0.99730378
1611574763 0.0000000 0.99070287 0.97857338
1611584686 0.0000000 0.99309468 0.98472047
1611818971 0.0000000 0.99981183 0.99872118
