1200543890 0.0000000 0.98359001 0.96608645
1200856359 0.0000000 0.99920565 0.99838120
1201442068 0.0000000 0.99391085 0.98754728
1203280382 0.0000000 0.99998474 0.99995315
1203409866 0.0000000 0.99605930 0.99202192
1203790455 0.0000000 0.99984443 0.99966604
1204138448 0.0000000 0.99847090 0.99682361
1204304285 0.0000000 0.99982059 0.99959344
1204490434 0.0000000 0.88868695 0.73588997
1204651907 0.0000000 0.99998951 0.99992865
1204651936 0.0000000 0.99998230 0.99990809
1204670552 0.0000000 0.99990523 0.99975568
1207186072 0.0000000 0.98738503 0.97387123
1208187584 0.0000000 0.99996662 0.99988300
1208931881 0.0000000 0.99978596 0.99953222
1208975321 0.0000000 0.99998146 0.99991751
1208982088 0.0000000 0.99973661 0.99942338
1208988255 0.0000000 0.99996603 0.99987239
1208988552 0.0000000 0.99995869 0.99986631
1209105937 0.0000000 0.99987781 0.99968797
1209216223 0.0000000 0.99533749 0.99043059
1209291757 0.0000000 0.99989611 0.99975687
1209339084 0.0000000 0.99941099 0.99873644
1209362380 0.0000000 0.99991894 0.99977767
1209543825 0.0000000 0.92494434 0.81936842
1209563099 0.0000000 0.98965144 0.97840911
1209583346 0.0000000 0.99974579 0.99944472
1209820628 0.0000000 0.99348652 0.98668927
1209877317 0.0000000 0.98620969 0.97125095
1210448520 0.0000000 0.99997330 0.99990451
1210560189 0.0000000 0.99985087 0.99963397
1210633064 0.0000000 0.99988043 0.99969566
1210703275 0.0000000 0.99996531 0.99989223
1213486164 0.0000000 0.99993134 0.99983728
1214086760 0.0000000 0.99988848 0.99973476
1214128508 0.0000000 0.99945009 0.99885660
1214211456 0.0000000 0.99617034 0.99219495
1214561217 0.0000000 0.99774557 0.99541545
1215221786 0.0000000 0.98362482 0.96615779
1215745668 0.0000000 0.99824464 0.99641442
1215812106 0.0000000 0.99998748 0.99993104
1215812707 0.0000000 0.99994552 0.99984622
1215839910 0.0000000 0.99860597 0.99715424
1215843106 0.0000000 0.99922734 0.99841082
1215961116 0.0000000 0.99998766 0.99993044
1216126809 0.0000000 0.99964231 0.99922311
1216904067 0.0000000 0.99683148 0.99349517
1217616949 0.0000000 0.99990559 0.99975371
1218233114 0.0000000 0.99996585 0.99987048
1218994676 0.0000000 0.99826950 0.99646634
1219291482 0.0000000 0.98274755 0.96371698
1219301591 0.0000000 0.99966472 0.99926662
1219723710 0.0000000 0.99348980 0.98677242
1219772880 0.0000000 0.99971610 0.99938077
1219869253 0.0000000 0.99984837 0.99964684
1220179542 0.0000000 0.99978060 0.99950993
1222614737 0.0000000 0.99678856 0.99338984
1225404477 0.0000000 0.99968225 0.99930471
1225442295 0.0000000 0.99983323 0.99957991
1228187814 0.0000000 0.99997741 0.99990261
1228684717 0.0000000 0.99998325 0.99993783
1229260451 0.0000000 0.99883556 0.99757618
1229658996 0.0000000 0.98473752 0.96820390
1229990683 0.0000000 0.99997771 0.99987882
1230216280 0.0000000 0.99969059 0.99933964
1230600687 0.0000000 0.99935043 0.99859375
1230860391 0.0000000 0.99982518 0.99955606
1231020274 0.0000000 0.99994755 0.99983722
1231041233 0.0000000 0.99913096 0.99820840
1232714291 0.0000000 0.99996877 0.99986982
1232804891 0.0000000 0.99850261 0.99687737
1233928332 0.0000000 0.99937457 0.99868077
1234166319 0.0000000 0.88774008 0.72111356
1234201315 0.0000000 0.99930423 0.99855077
1234214675 0.0000000 0.99996483 0.99987125
1236731039 0.0000000 0.99878889 0.99749297
1236854628 0.0000000 0.99750650 0.99492389
1237014105 0.0000000 0.99630761 0.99247003
1237159221 0.0000000 0.99732798 0.99441642
1237164701 0.0000000 0.99760795 0.99504590
1237551366 0.0000000 0.99840033 0.99670577
1237619839 0.0000000 0.98698246 0.97330970
1239235949 0.0000000 0.99982053 0.99959534
1239971868 0.0000000 0.99991035 0.99977946
1240678955 0.0000000 0.99678206 0.99337989
1242397863 0.0000000 0.99933761 0.99861479
1242709695 0.0000000 0.99538356 0.99057287
1243376855 0.0000000 0.99990803 0.99976563
1244248765 0.0000000 0.98493528 0.96823412
1245087845 0.0000000 0.99158043 0.98277229
1245407408 0.0000000 0.99870801 0.99736333
1245469469 0.0000000 0.99991107 0.99977762
1245877793 0.0000000 0.99980479 0.99957877
1245881452 0.0000000 0.99924332 0.99840504
1246167876 0.0000000 0.99903494 0.99798948
1246181696 0.0000000 0.99995166 0.99986321
1246182765 0.0000000 0.99964166 0.99923384
1246208530 0.0000000 0.99899793 0.99790913
1246208539 0.0000000 0.99899793 0.99790937
1246598451 0.0000000 0.99964941 0.99925131
1246598488 0.0000000 0.99964011 0.99923044
1246614635 0.0000000 0.99958956 0.99912798
1246985947 0.0000000 0.99978513 0.99952441
1247508302 0.0000000 0.99998933 0.99993187
1247516932 0.0000000 0.99990875 0.99977762
1247654255 0.0000000 0.99981916 0.99960655
1247741293 0.0000000 0.99998194 0.99989754
1247769767 0.0000000 0.99994105 0.99981624
1248159491 0.0000000 0.99891502 0.99775106
1248570012 0.0000000 0.99997795 0.99990904
1248588659 0.0000000 0.99997306 0.99990839
1248872986 0.0000000 0.99906081 0.99803001
1248886386 0.0000000 0.99996364 0.99985367
1249212887 0.0000000 0.99983907 0.99962825
1250467545 0.0000000 0.99997777 0.99989915
1250503855 0.0000000 0.99997443 0.99989575
1250504106 0.0000000 0.99993116 0.99980819
1250601456 0.0000000 0.99994069 0.99981743
1250639275 0.0000000 0.99948967 0.99889565
1250703707 0.0000000 0.99812543 0.99614185
1250777890 0.0000000 0.99987370 0.99968439
1250888264 0.0000000 0.99993151 0.99977535
1250911490 0.0000000 0.97876698 0.95482242
1252249816 0.0000000 0.99984986 0.99960262
1252757125 0.0000000 0.99978626 0.99952006
1254591366 0.0000000 0.99998170 0.99991387
1254664936 0.0000000 0.99775147 0.99535489
1255243328 0.0000000 0.99993914 0.99982929
1256244384 0.0000000 0.99959922 0.99913418
1256252705 0.0000000 0.99991232 0.99978614
1256431794 0.0000000 0.98686308 0.97285378
1257413577 0.0000000 0.99998188 0.99991667
1257413887 0.0000000 0.99982464 0.99958736
1257420861 0.0000000 0.99998218 0.99992162
1257678569 0.0000000 0.99932760 0.99861103
1258065617 0.0000000 0.99825722 0.99644095
1258296469 0.0000000 0.99964142 0.99923217
1258824471 0.0000000 0.99950862 0.99899453
1258926370 0.0000000 0.99810159 0.99615204
1260564405 0.0000000 0.99990380 0.99978155
1260692005 0.0000000 0.99943286 0.99883819
1261227736 0.0000000 0.99994189 0.99985969
1261227864 0.0000000 0.99996209 0.99990010
1261228557 0.0000000 0.99893159 0.99782920
1261232031 0.0000000 0.99955660 0.99907798
1261235533 0.0000000 0.99934834 0.99866998
1261275144 0.0000000 0.99951345 0.99900365
1261713375 0.0000000 0.99941260 0.99879467
1261922241 0.0000000 0.99493468 0.98972213
1262034644 0.0000000 0.99623960 0.99224526
1262237921 0.0000000 0.99387044 0.98756808
1262343689 0.0000000 0.99674946 0.99342936
1262367286 0.0000000 0.99968934 0.99934965
1262622742 0.0000000 0.85862768 0.59792054
1262633257 0.0000000 0.99991059 0.99980938
1263881366 0.0000000 0.99990547 0.99978524
1265523000 0.0000000 0.99993581 0.99985957
1265599504 0.0000000 0.99951589 0.99900901
1265691729 0.0000000 0.99991977 0.99982160
1265942558 0.0000000 0.99995577 0.99990380
1266289887 0.0000000 0.99804217 0.99604541
1266816064 0.0000000 0.99989378 0.99977827
1267146477 0.0000000 0.99993533 0.99986869
1267162697 0.0000000 0.99932581 0.99863833
1267661932 0.0000000 0.99998933 0.99993634
1267662287 0.0000000 0.99989313 0.99976021
1267686434 0.0000000 0.99988014 0.99972481
1267690576 0.0000000 0.99997634 0.99990505
1268040382 0.0000000 0.99992764 0.99982506
1268902896 0.0000000 0.99875867 0.99747694
1268931240 0.0000000 0.99782491 0.99555796
1269644874 0.0000000 0.99977589 0.99924982
1270335780 0.0000000 0.97873902 0.95734376
1270813793 0.0000000 0.99856645 0.99691278
1270961850 0.0000000 0.99992800 0.99959570
1270999307 0.0000000 0.89788425 0.76687533
1271168968 0.0000000 0.99988139 0.99950087
1271191748 0.0000000 0.99992704 0.99962151
1271987388 0.0000000 0.99803412 0.99586260
1272194052 0.0000000 0.99991125 0.99957591
1272250791 0.0000000 0.99994022 0.99964100
1272823213 0.0000000 0.99994230 0.99968952
1274901407 0.0000000 0.99903011 0.99787992
1276535865 0.0000000 0.99971360 0.99911070
1276561877 0.0000000 0.99993765 0.99957472
1276823323 0.0000000 0.99966913 0.99900830
1277440084 0.0000000 0.99465352 0.98930889
1277575551 0.0000000 0.99966174 0.99902970
1277670806 0.0000000 0.99894041 0.99773812
1278097892 0.0000000 0.99991256 0.99963772
1278515743 0.0000000 0.99878049 0.99735767
1278618217 0.0000000 0.99991828 0.99955511
1278636079 0.0000000 0.99984819 0.99944568
1279357457 0.0000000 0.99993902 0.99967396
1279458204 0.0000000 0.99988323 0.99945664
1280029930 0.0000000 0.99991393 0.99964803
1280553485 0.0000000 0.99878186 0.99737686
1280563997 0.0000000 0.99803102 0.99585384
1280587745 0.0000000 0.99989611 0.99949360
1281476617 0.0000000 0.99829620 0.99624735
1282408680 0.0000000 0.99991316 0.99905825
1282415961 0.0000000 0.99761033 0.99472755
1282416480 0.0000000 0.99949789 0.99827254
1283157909 0.0000000 0.99987370 0.99936795
1283540817 0.0000000 0.99924147 0.99814886
1284039008 0.0000000 0.99601662 0.99201232
1284244867 0.0000000 0.99720234 0.99425840
1284952628 0.0000000 0.99988836 0.99948645
1285350982 0.0000000 0.99928921 0.99820751
1285695233 0.0000000 0.99980593 0.99928838
1285876560 0.0000000 0.99567610 0.99121737
1286047392 0.0000000 0.99979049 0.99926251
1286198915 0.0000000 0.99993914 0.99948627
1286865806 0.0000000 0.95699805 0.90821099
1287036373 0.0000000 0.99990743 0.99950629
1289221280 0.0000000 0.99992907 0.99957430
1289567329 0.0000000 0.99992883 0.99956685
1289576340 0.0000000 0.99990934 0.99944156
1290342705 0.0000000 0.99993080 0.99958235
1290784424 0.0000000 0.99971789 0.99924380
1290799240 0.0000000 0.99944723 0.99868995
1291601652 0.0000000 0.99991179 0.99958241
1291689974 0.0000000 0.99990964 0.99958581
1291927327 0.0000000 0.99946529 0.99876446
1292000461 0.0000000 0.99840623 0.99672580
1294804388 0.0000000 0.99816757 0.99620897
1296507195 0.0000000 0.99974763 0.99927759
1296548191 0.0000000 0.99993664 0.99970746
1297058102 0.0000000 0.99893814 0.99771184
1297342916 0.0000000 0.98124075 0.96220130
1297754297 0.0000000 0.99989241 0.99967545
1298970247 0.0000000 0.96717209 0.93285346
1299845150 0.0000000 0.99334079 0.98672372
1300123317 0.0000000 0.99991155 0.99963069
1300281136 0.0000000 0.99985009 0.99959743
1300608051 0.0000000 0.99991405 0.99964380
1301123952 0.0000000 0.99306512 0.98616171
1301458951 0.0000000 0.99974239 0.99935907
1301964194 0.0000000 0.99542284 0.99085402
1302916270 0.0000000 0.99988896 0.99960339
1302961193 0.0000000 0.99828792 0.99651420
1303685617 0.0000000 0.99977410 0.99918133
1304080155 0.0000000 0.98787928 0.97533184
1304082768 0.0000000 0.99978262 0.99886400
1304152538 0.0000000 0.99991119 0.99890023
1304437954 0.0000000 0.99977589 0.99905610
1304717510 0.0000000 0.99986058 0.99945188
1304757333 0.0000000 0.99461025 0.98916298
1306028051 0.0000000 0.99989802 0.99969333
1306098435 0.0000000 0.99976623 0.99943566
1306261925 0.0000000 0.99926758 0.99842364
1307034472 0.0000000 0.99988431 0.99968392
1307669122 0.0000000 0.99989766 0.99970925
1308478735 0.0000000 0.99798357 0.99593717
1309048281 0.0000000 0.99809819 0.99615163
1309094354 0.0000000 0.99989212 0.99971026
1309326569 0.0000000 0.99148381 0.98301679
1309474048 0.0000000 0.99811476 0.99619240
1309601047 0.0000000 0.99972552 0.99936038
1309696244 0.0000000 0.99656135 0.99310970
1309953539 0.0000000 0.99969101 0.99930942
1310469430 0.0000000 0.99992883 0.99974442
1310541580 0.0000000 0.99934429 0.99858391
1310928323 0.0000000 0.99895340 0.99782079
1311000534 0.0000000 0.99980122 0.99958104
1311084070 0.0000000 0.99958950 0.99912006
1311142337 0.0000000 0.99953574 0.99899197
1311692424 0.0000000 0.99902105 0.99799287
1313100452 0.0000000 0.99968511 0.99930716
1314264913 0.0000000 0.99983746 0.99958599
1314789752 0.0000000 0.99993211 0.99980950
1315538819 0.0000000 0.99986351 0.99960470
1315635988 0.0000000 0.99870425 0.99738461
1315804512 0.0000000 0.99956882 0.99908024
1316643513 0.0000000 0.99979663 0.99949509
1316653258 0.0000000 0.99957091 0.99910456
1317835272 0.0000000 0.98419654 0.96810085
1318175665 0.0000000 0.99987173 0.99969459
1318478724 0.0000000 0.99607688 0.99215829
1319945023 0.0000000 0.99992257 0.99975687
1320074224 0.0000000 0.99800235 0.99598747
1320721143 0.0000000 0.99999291 0.99989480
1321061921 0.0000000 0.99926871 0.99849439
1322787324 0.0000000 0.99995774 0.99985033
1322993584 0.0000000 0.99777311 0.99553776
1323861170 0.0000000 0.99744868 0.99489200
1323909341 0.0000000 0.99885023 0.99765038
1324582798 0.0000000 0.99965525 0.99924606
1325660397 0.0000000 0.99854332 0.99704325
1326181267 0.0000000 0.98919439 0.97834235
1326728445 0.0000000 0.99929976 0.99853450
1327107001 0.0000000 0.99914384 0.99823308
1327480583 0.0000000 0.99503201 0.99007946
1327824459 0.0000000 0.99769109 0.99535537
1328324062 0.0000000 0.99976385 0.99941576
1328459111 0.0000000 0.99994719 0.99983186
1330223700 0.0000000 0.98532891 0.97021365
1330883534 0.0000000 0.99754858 0.99508512
1332071890 0.0000000 0.98799992 0.97588897
1332086295 0.0000000 0.99764758 0.99527419
1332373478 0.0000000 0.99990308 0.99975312
1333258441 0.0000000 0.99949920 0.99893630
1333828758 0.0000000 0.99917096 0.99826145
1333921411 0.0000000 0.99997616 0.99986768
1334227165 0.0000000 0.99967939 0.99930090
1334800688 0.0000000 0.99997687 0.99987000
1335409258 0.0000000 0.99296921 0.98588425
1335538115 0.0000000 0.99961698 0.99917328
1338362741 0.0000000 0.99992049 0.99979007
1338842309 0.0000000 0.99956435 0.99907529
1338890190 0.0000000 0.99981773 0.99956888
1338944914 0.0000000 0.99998480 0.99991071
1338944979 0.0000000 0.99999160 0.99989367
1338945045 0.0000000 0.99994463 0.99980444
1339216879 0.0000000 0.99992895 0.99980903
1339275618 0.0000000 0.99999100 0.99988222
1339278860 0.0000000 0.99875039 0.99746412
1339309409 0.0000000 0.99895096 0.99780303
1339575740 0.0000000 0.99954861 0.99901789
1339598466 0.0000000 0.99818158 0.99632299
1339646879 0.0000000 0.99861431 0.99718666
1339690513 0.0000000 0.99997532 0.99981731
1339702255 0.0000000 0.99972624 0.99939680
1339923712 0.0000000 0.99993271 0.99981564
1341299876 0.0000000 0.99922854 0.99841899
1341924177 0.0000000 0.99392676 0.98786014
1342405200 0.0000000 0.99708390 0.99416900
1344277570 0.0000000 0.99894911 0.99788177
1344910008 0.0000000 0.99961585 0.99919629
1344941743 0.0000000 0.99987608 0.99968922
1345138860 0.0000000 0.99727964 0.99455976
1345234802 0.0000000 0.99995297 0.99985969
1346380382 0.0000000 0.99608368 0.99217612
1346415099 0.0000000 0.99966371 0.99926662
1346415834 0.0000000 0.99881816 0.99759650
1346788818 0.0000000 0.99995035 0.99984992
1346816730 0.0000000 0.99859941 0.99718076
1348523853 0.0000000 0.99990952 0.99978709
1350722979 0.0000000 0.99952340 0.99903709
1350800865 0.0000000 0.99894214 0.99787402
1351161077 0.0000000 0.99930692 0.99858779
1352122829 0.0000000 0.99923009 0.99843067
1352554787 0.0000000 0.99728191 0.99456161
1353431341 0.0000000 0.99968141 0.99933374
1353536726 0.0000000 0.99956357 0.99911785
1354158772 0.0000000 0.99952453 0.99904084
1354470336 0.0000000 0.99970031 0.99939752
1354477411 0.0000000 0.99954402 0.99908686
1354976814 0.0000000 0.99959797 0.99918938
1355221924 0.0000000 0.99920017 0.99836153
1356243184 0.0000000 0.99874306 0.99745053
1356319072 0.0000000 0.99923486 0.99846655
1356487597 0.0000000 0.99943173 0.99885362
1356883405 0.0000000 0.99975818 0.99950999
1357128106 0.0000000 0.99936461 0.99872643
1357236484 0.0000000 0.99920005 0.99835241
1357270197 0.0000000 0.99935186 0.99866706
1357331931 0.0000000 0.99892640 0.99781418
1357541346 0.0000000 0.99973649 0.99942636
1357994057 0.0000000 0.99848700 0.99695349
1358411441 0.0000000 0.99937344 0.99870205
1358708986 0.0000000 0.99919766 0.99837929
1359776392 0.0000000 0.99960649 0.99917942
1361064727 0.0000000 0.99909121 0.99814236
1361239965 0.0000000 0.99952954 0.99904871
1361256759 0.0000000 0.99965250 0.99929112
1361373628 0.0000000 0.99922669 0.99842936
1361471757 0.0000000 0.99944580 0.99884433
1361665659 0.0000000 0.98224473 0.96358067
1362386544 0.0000000 0.99954486 0.99903816
1362609444 0.0000000 0.99203342 0.98400557
1362627405 0.0000000 0.99958807 0.99916196
1362643640 0.0000000 0.99929971 0.99855399
1363079024 0.0000000 0.99936789 0.99871945
1363764120 0.0000000 0.99554926 0.99110329
1364349799 0.0000000 0.99975467 0.99947512
1364349845 0.0000000 0.99974680 0.99947125
1364355002 0.0000000 0.99943191 0.99885213
1364690983 0.0000000 0.99943328 0.99884784
1365625224 0.0000000 0.99967068 0.99932241
1366061297 0.0000000 0.99671096 0.99342680
1366432589 0.0000000 0.99598122 0.99195749
1366513671 0.0000000 0.99943084 0.99884045
1369110346 0.0000000 0.99976432 0.99950963
1369124755 0.0000000 0.99995887 0.99988389
1369791239 0.0000000 0.99916273 0.99829477
1369883683 0.0000000 0.99956572 0.99909449
1370118743 0.0000000 0.99994469 0.99985647
1370151783 0.0000000 0.99999076 0.99994218
1370623082 0.0000000 0.99998164 0.99992377
1372241957 0.0000000 0.99741066 0.99480164
1372463510 0.0000000 0.99998087 0.99992889
1373829868 0.0000000 0.99991566 0.99979359
1373895699 0.0000000 0.99991745 0.99981505
1373969495 0.0000000 0.99997443 0.99991375
1374677225 0.0000000 0.99978030 0.99952847
1374679935 0.0000000 0.99984938 0.99965763
1376837821 0.0000000 0.99839413 0.99678767
1377205321 0.0000000 0.99303973 0.98602921
1377355603 0.0000000 0.99954081 0.99905038
1377407246 0.0000000 0.91638964 0.81057298
1378247005 0.0000000 0.99844629 0.99685836
1378467231 0.0000000 0.99996895 0.99990398
1379475197 0.0000000 0.99418974 0.98838073
1380542719 0.0000000 0.99978447 0.99954218
1381466759 0.0000000 0.99028713 0.98036253
1381684855 0.0000000 0.99965376 0.99928707
1382170436 0.0000000 0.99891847 0.99783182
1382919848 0.0000000 0.99655437 0.99310458
1383069011 0.0000000 0.99462467 0.98918825
1383085061 0.0000000 0.99144351 0.98273891
1383220929 0.0000000 0.99999082 0.99995697
1383227120 0.0000000 0.99897105 0.99792826
1383227831 0.0000000 0.99931568 0.99860758
1383234448 0.0000000 0.99994481 0.99988490
1383263545 0.0000000 0.99955428 0.99909133
1383450194 0.0000000 0.99944574 0.99886352
1383519374 0.0000000 0.99980938 0.99959213
1383809110 0.0000000 0.99883729 0.99766517
1383809501 0.0000000 0.99884117 0.99767166
1383989687 0.0000000 0.99736464 0.99472868
1384145710 0.0000000 0.99951214 0.99900138
1384544358 0.0000000 0.99980181 0.99957830
1385019362 0.0000000 0.97458160 0.94779867
1386347977 0.0000000 0.99638283 0.99274254
1386357780 0.0000000 0.99983180 0.99964046
1387916955 0.0000000 0.99990457 0.99979204
1389034180 0.0000000 0.99895483 0.99788380
1389204911 0.0000000 0.99997902 0.99993604
1389717867 0.0000000 0.99994397 0.99986082
1389724692 0.0000000 0.99994808 0.99987656
1389729005 0.0000000 0.99992305 0.99983299
1389740803 0.0000000 0.99989575 0.99978071
1389904819 0.0000000 0.99552238 0.99104321
1390517490 0.0000000 0.99893552 0.99785089
1390619771 0.0000000 0.99970442 0.99937695
1391790286 0.0000000 0.99541622 0.99083942
1393014317 0.0000000 0.99992341 0.99982673
1393065064 0.0000000 0.99927270 0.99854302
1393759985 0.0000000 0.99893683 0.99786508
1393791078 0.0000000 0.99990827 0.99979544
1394913876 0.0000000 0.99995691 0.99989313
1395061976 0.0000000 0.99993992 0.99984926
1395231566 0.0000000 0.99997890 0.99993235
1397097485 0.0000000 0.99986428 0.99971253
1397746253 0.0000000 0.99893850 0.99784541
1398443585 0.0000000 0.99971980 0.99941111
1399207416 0.0000000 0.99986702 0.99970353
1399278483 0.0000000 0.99787295 0.99574661
1399745740 0.0000000 0.99911833 0.99822670
1399746271 0.0000000 0.99987918 0.99973762
1400631673 0.0000000 0.99998599 0.99995452
1401021673 0.0000000 0.99994892 0.99988782
1401296286 0.0000000 0.92737705 0.84173703
1402085900 0.0000000 0.96455628 0.92802429
1402313583 0.0000000 0.99990094 0.99977672
1402624068 0.0000000 0.94104993 0.86982131
1402784563 0.0000000 0.99938011 0.99875081
1403034553 0.0000000 0.99675626 0.99351567
1403317269 0.0000000 0.99960488 0.99919695
1403439974 0.0000000 0.99894851 0.99789488
1404774365 0.0000000 0.99985796 0.99969012
1404925818 0.0000000 0.99972916 0.99943310
1405577514 0.0000000 0.99995273 0.99988770
1407296767 0.0000000 0.99980843 0.99960130
1407544588 0.0000000 0.98882592 0.97735167
1408047770 0.0000000 0.99995655 0.99988729
1410046387 0.0000000 0.99878043 0.99755114
1410325949 0.0000000 0.99769288 0.99538088
1410382444 0.0000000 0.99876159 0.99751687
1411247643 0.0000000 0.99984246 0.99967313
1411641303 0.0000000 0.99995273 0.99989623
1412009058 0.0000000 0.99978667 0.99952883
1412705290 0.0000000 0.99988562 0.99975246
1413207959 0.0000000 0.98524469 0.97010678
1414298821 0.0000000 0.99762839 0.99525064
1416419181 0.0000000 0.99990743 0.99979657
1416419227 0.0000000 0.99991435 0.99980646
1416540553 0.0000000 0.99988216 0.99976283
1417557685 0.0000000 0.99974906 0.99948621
1417655668 0.0000000 0.99499530 0.98995048
1418245419 0.0000000 0.99994498 0.99988127
1418533563 0.0000000 0.99259740 0.98514742
1419682925 0.0000000 0.85556227 0.64739108
1419947441 0.0000000 0.64737386 -0.45794642
1419995164 0.0000000 0.94681853 0.88483453
1420012476 0.0000000 0.99392778 0.98784989
1420437226 0.0000000 0.94334722 0.87759054
1420606112 0.0000000 0.99781114 0.99562031
1420742654 0.0000000 0.87566769 0.69513392
1421435535 0.0000000 0.96478480 0.92697263
1421639313 0.0000000 0.99357128 0.98707205
1422083726 0.0000000 0.99768364 0.99536604
1422374758 0.0000000 0.99391645 0.98772877
1422958210 0.0000000 0.86480391 0.67446363
1423037687 0.0000000 0.89429247 0.74890256
1423603888 0.0000000 0.56660545 -1.0548339
1423726535 0.0000000 0.95672297 0.90474284
1423857991 0.0000000 0.99996096 0.99991822
1424969403 0.0000000 0.97812396 0.95473224
1426114954 0.0000000 0.60815096 -0.79849231
1426344314 0.0000000 0.88882595 0.72670794
1426852891 0.0000000 0.97659284 0.95168287
1427105631 0.0000000 0.99994785 0.99988586
1427483378 0.0000000 0.99318689 0.98628348
1428208678 0.0000000 0.85016233 0.63178241
1428320250 0.0000000 0.99466836 0.98923528
1428945237 0.0000000 0.99704432 0.99408531
1429127316 0.0000000 0.99941808 0.99880344
1429494176 0.0000000 0.99998635 0.99994868
1429494550 0.0000000 0.99934441 0.99867517
1429528847 0.0000000 0.99985319 0.99969530
1429530313 0.0000000 0.99995947 0.99991053
1429531199 0.0000000 0.99997914 0.99994403
1429992097 0.0000000 0.99981344 0.99960726
1430658547 0.0000000 0.99607515 0.99212462
1431333501 0.0000000 0.99922138 0.99843836
1431387795 0.0000000 0.99450576 0.98891336
1431628549 0.0000000 0.97146165 0.94211066
1432588969 0.0000000 0.99986196 0.99969494
1432601816 0.0000000 0.99730682 0.99461740
1432799863 0.0000000 0.99484414 0.98971093
1434467768 0.0000000 0.97847533 0.95500195
1434867330 0.0000000 0.99294555 0.98574454
1435335400 0.0000000 0.96857566 0.93567920
1438066750 0.0000000 0.99612743 0.99224681
1438936857 0.0000000 0.71556586 9.62704420E-02
1439209234 0.0000000 0.80310982 0.46144253
1439418087 0.0000000 0.98512256 0.96987736
1439474882 0.0000000 0.99985635 0.99968946
1439699200 0.0000000 0.93694341 0.85561544
1441113885 0.0000000 0.99952990 0.99904597
1441128847 0.0000000 0.99207890 0.98411083
1441160293 0.0000000 0.92596936 0.83887863
1441898607 0.0000000 0.98226774 0.96298903
1442339782 0.0000000 0.97996020 0.95838004
1442345855 0.0000000 0.99962270 0.99923885
1442345878 0.0000000 0.99962854 0.99924922
1442408939 0.0000000 0.99945486 0.99890137
1442410226 0.0000000 0.93531412 0.86392784
1442413798 0.0000000 0.93067306 0.84662342
1443074281 0.0000000 0.99978721 0.99955297
1443555465 0.0000000 0.99209368 0.98410112
1444648487 0.0000000 0.99890465 0.99780065
1444736944 0.0000000 0.99981964 0.99961847
1444953165 0.0000000 0.90669954 0.79213977
1444953267 0.0000000 0.84786010 0.60031271
1445014914 0.0000000 0.77326250 0.33826059
1445221055 0.0000000 0.99960798 0.99920577
1445233331 0.0000000 0.99201947 0.98395956
1445239215 0.0000000 0.98977053 0.97936660
1446412182 0.0000000 0.99994230 0.99987859
1446412281 0.0000000 0.99958485 0.99915969
1446509184 0.0000000 0.99340641 0.98680145
1446509190 0.0000000 0.99347204 0.98693359
1446714386 0.0000000 0.99223667 0.98422509
1447167192 0.0000000 0.93429375 0.85105914
1447255999 0.0000000 0.99844646 0.99688870
1447277516 0.0000000 0.89917183 0.76205271
1448316095 0.0000000 0.69882375 -1.93895102E-02
1448671943 0.0000000 0.99235988 0.98455417
1449033717 0.0000000 0.99515468 0.99029922
1449035580 0.0000000 0.98048860 0.95987940
1449153073 0.0000000 0.99994403 0.99986911
1449935242 0.0000000 0.98713517 0.97404224
1450510821 0.0000000 0.54896069 -1.3133099
1450536811 0.0000000 0.82277423 0.54045248
1450992022 0.0000000 0.99520802 0.99032915
1451199638 0.0000000 0.82331294 0.54796982
1451327726 0.0000000 0.93308902 0.85564959
1451523194 0.0000000 0.98483747 0.96912926
1451829690 0.0000000 0.98009700 0.95836860
1451928000 0.0000000 0.99191320 0.98366046
1452487977 0.0000000 0.99961346 0.99920511
1453169606 0.0000000 0.99991941 0.99983305
1453824336 0.0000000 0.92775226 0.84148669
1454422761 0.0000000 0.99911475 0.99822682
1454702246 0.0000000 0.99886239 0.99772501
1454702308 0.0000000 0.99997568 0.99993908
1454702406 0.0000000 0.99961430 0.99922305
1454702512 0.0000000 0.99778074 0.99556530
1454978820 0.0000000 0.99897748 0.99795055
1455590759 0.0000000 0.99826998 0.99650675
1455595494 0.0000000 0.99959987 0.99918467
1455757779 0.0000000 0.99985689 0.99969631
1455758311 0.0000000 0.99975955 0.99950153
1456215987 0.0000000 0.98342556 0.96584088
1456541993 0.0000000 0.99996322 0.99990451
1457201466 0.0000000 0.74475163 0.22288865
1457276938 0.0000000 0.94544047 0.88054001
1459152479 0.0000000 0.99980348 0.99959111
1459502085 0.0000000 0.92608994 0.83652341
1459988008 0.0000000 0.98317683 0.96570051
1460294506 0.0000000 0.97747195 0.95299846
1460353509 0.0000000 0.99923849 0.99845433
1460804146 0.0000000 0.98628759 0.97230607
1461082597 0.0000000 0.57499409 -0.96599174
1461607991 0.0000000 0.99913275 0.99826288
1461770234 0.0000000 0.99989659 0.99977893
1461770257 0.0000000 0.99990070 0.99978393
1461770858 0.0000000 0.99929833 0.99858809
1461781146 0.0000000 0.99990344 0.99979973
1461806086 0.0000000 0.95649523 0.90724033
1462056417 0.0000000 0.99056417 0.98102921
1462199340 0.0000000 0.95817238 0.91048604
1462521203 0.0000000 0.97673571 0.95199943
1462632669 0.0000000 0.92779082 0.84117132
1462675593 0.0000000 0.97924602 0.95733035
1463023035 0.0000000 0.99997663 0.99994165
1463023251 0.0000000 0.99729341 0.99456477
1463023282 0.0000000 0.99526978 0.99053913
1463027395 0.0000000 0.99994141 0.99987131
1463127852 0.0000000 0.99904740 0.99807733
1463195522 0.0000000 0.98486882 0.96902454
1463196768 0.0000000 0.99871415 0.99742877
1463530965 0.0000000 0.99954158 0.99906772
1463863900 0.0000000 0.99990624 0.99980831
1463882779 0.0000000 0.99991816 0.99982470
1464184475 0.0000000 0.99662632 0.99323428
1464544116 0.0000000 0.99916852 0.99832851
1464576767 0.0000000 0.99286199 0.98566413
1464630651 0.0000000 0.99287736 0.98557562
1464672226 0.0000000 0.99998766 0.99997556
1466204142 0.0000000 0.95101738 0.89546239
1466383187 0.0000000 0.99974728 0.99948323
1466409210 0.0000000 0.97549081 0.94952726
1466715930 0.0000000 0.99994415 0.99987382
1467361422 0.0000000 0.99828351 0.99655670
1469019333 0.0000000 0.97768158 0.95462441
1469592155 0.0000000 0.99241257 0.98467481
1471008941 0.0000000 0.79844803 0.41570789
1471908408 0.0000000 0.98700440 0.97345102
1472660934 0.0000000 0.99068993 0.98105931
1473440050 0.0000000 0.99365491 0.98718995
1475055492 0.0000000 0.99049073 0.98086959
1475769120 0.0000000 0.99997699 0.99994904
1477370752 0.0000000 0.99881053 0.99759310
1478519786 0.0000000 0.99878353 0.99755484
1478903131 0.0000000 0.99974412 0.99947941
1480024554 0.0000000 0.99976271 0.99951392
1480377579 0.0000000 0.99935168 0.99868685
1480507474 0.0000000 0.99986064 0.99970138
1481256588 0.0000000 0.99791104 0.99582255
1481811269 0.0000000 0.99993324 0.99984866
1483057851 0.0000000 0.99637902 0.99269974
1483513641 0.0000000 0.98232871 0.96388465
1484155863 0.0000000 0.99944836 0.99888664
1484797338 0.0000000 0.98243332 0.96370524
1484900187 0.0000000 0.97185433 0.94133168
1485329586 0.0000000 0.99211079 0.98410684
1486746772 0.0000000 0.99997610 0.99994618
1487420859 0.0000000 0.99979252 0.99953669
1487652197 0.0000000 0.88200456 0.70662510
1488212310 0.0000000 0.99925339 0.99848908
1488924651 0.0000000 0.99896866 0.99792486
1489967289 0.0000000 0.98837870 0.97662163
1490066029 0.0000000 0.98288608 0.96508241
1490805242 0.0000000 0.99991232 0.99976534
1492112471 0.0000000 0.99859339 0.99717110
1492367656 0.0000000 0.99979669 0.99956912
1493517442 0.0000000 0.99994403 0.99987769
1493960850 0.0000000 0.99936473 0.99871284
1493986611 0.0000000 0.98960739 0.97898185
1494889974 0.0000000 0.99997872 0.99990910
1494932580 0.0000000 0.98614639 0.97202820
1495631454 0.0000000 0.99992776 0.99980438
1495691291 0.0000000 0.99971908 0.99938178
1495956669 0.0000000 0.83609778 0.57081759
1495999757 0.0000000 0.99636626 0.99273551
1496582686 0.0000000 0.99811524 0.99621850
1497967350 0.0000000 0.98813516 0.97596490
1498029939 0.0000000 0.99630761 0.99262172
1500318986 0.0000000 0.99898702 0.99788129
1501139292 0.0000000 0.99923730 0.99844307
1501845585 0.0000000 0.99984431 0.99965096
1502294736 0.0000000 0.99951446 0.99896604
1502416734 0.0000000 0.99986929 0.99968338
1502582915 0.0000000 0.99986935 0.99969196
1504364658 0.0000000 0.99954104 0.99905092
1505096741 0.0000000 0.98691410 0.97359812
1505687994 0.0000000 0.99951285 0.99899429
1505917796 0.0000000 0.99997115 0.99993503
1506232185 0.0000000 0.99340641 0.98676002
1506549399 0.0000000 0.99378216 0.98752570
1507505391 0.0000000 0.99990791 0.99979073
1507747520 0.0000000 0.99547702 0.99089187
1508582157 0.0000000 0.99234527 0.98468781
1509318944 0.0000000 0.99972957 0.99944621
1509677295 0.0000000 0.99995637 0.99988604
1509677339 0.0000000 0.99995625 0.99988091
1509752088 0.0000000 0.99995995 0.99988729
1510398879 0.0000000 0.99932641 0.99863869
1510402973 0.0000000 0.99992394 0.99983811
1510440860 0.0000000 0.96935368 0.93573779
1510947032 0.0000000 0.99756813 0.99511236
1511360409 0.0000000 0.99997938 0.99995983
1511470532 0.0000000 0.99988621 0.99975055
1512230735 0.0000000 0.95633060 0.90619671
1512377977 0.0000000 0.99994481 0.99988186
1512704669 0.0000000 0.99965817 0.99930280
1513120660 0.0000000 0.99335247 0.98667109
1516168751 0.0000000 0.99923223 0.99844289
1516984288 0.0000000 0.99993455 0.99982780
1517686257 0.0000000 0.99859858 0.99718416
1517749972 0.0000000 0.99990708 0.99979079
1517752600 0.0000000 0.99997693 0.99991214
1517752662 0.0000000 0.99997544 0.99991417
1517753127 0.0000000 0.99244392 0.98486906
1517753452 0.0000000 0.99996376 0.99989647
1517753522 0.0000000 0.99996477 0.99989772
1517753592 0.0000000 0.99996442 0.99989700
1517753815 0.0000000 0.99949908 0.99895567
1517758427 0.0000000 0.99696368 0.99392176
1517763262 0.0000000 0.99537832 0.99077803
1517821602 0.0000000 0.99770576 0.99540645
1517823894 0.0000000 0.99416548 0.98830217
1517846321 0.0000000 0.99960130 0.99916553
1517852233 0.0000000 0.99154735 0.98303729
1517893754 0.0000000 0.99977511 0.99951291
1517906208 0.0000000 0.99782193 0.99563944
1517932241 0.0000000 0.99998999 0.99995512
1517932280 0.0000000 0.99998993 0.99995530
1517932282 0.0000000 0.99999005 0.99995542
1517932427 0.0000000 0.99992985 0.99983400
1517932434 0.0000000 0.99992281 0.99981904
1517932492 0.0000000 0.99980915 0.99958187
1517933877 0.0000000 0.99944335 0.99886441
1517940013 0.0000000 0.99995655 0.99987203
1517940459 0.0000000 0.99994379 0.99984545
1517944528 0.0000000 0.99996024 0.99989206
1517945796 0.0000000 0.99916762 0.99828964
1517950582 0.0000000 0.99950558 0.99899817
1517958702 0.0000000 0.99927288 0.99852538
1517960631 0.0000000 0.99964160 0.99927104
1517969882 0.0000000 0.99961960 0.99922872
1517974578 0.0000000 0.99976844 0.99950594
1517998787 0.0000000 0.99462569 0.98920465
1518001985 0.0000000 0.99971873 0.99940574
1518008800 0.0000000 0.99985319 0.99966234
1518008880 0.0000000 0.99935454 0.99868721
1518013159 0.0000000 0.99901897 0.99800450
1518016890 0.0000000 0.99998260 0.99993342
1518016916 0.0000000 0.99998373 0.99993360
1518051257 0.0000000 0.99976844 0.99949121
1518059164 0.0000000 0.99848527 0.99694431
1518142443 0.0000000 0.99843919 0.99687034
1518201789 0.0000000 0.99865758 0.99730998
1518248929 0.0000000 0.99729168 0.99457908
1518858396 0.0000000 0.99976975 0.99950796
1518981709 0.0000000 0.99678922 0.99357635
1519051621 0.0000000 0.99971795 0.99938554
1519254641 0.0000000 0.99994069 0.99986023
1519583320 0.0000000 0.99987370 0.99970388
1519962147 0.0000000 0.99973053 0.99944049
1520098551 0.0000000 0.99929744 0.99854565
1520329330 0.0000000 0.99216837 0.98424280
1521024527 0.0000000 0.99858183 0.99714524
1521537776 0.0000000 0.99995601 0.99991012
1521728871 0.0000000 0.99953008 0.99904364
1522232997 0.0000000 0.98929030 0.97834396
1522282670 0.0000000 0.99986225 0.99971795
1522598524 0.0000000 0.99872237 0.99743128
1523432369 0.0000000 0.99808425 0.99615556
1523886539 0.0000000 0.99984992 0.99968731
1524201906 0.0000000 0.99188828 0.98342890
1524248877 0.0000000 0.88717073 0.73126340
1524308214 0.0000000 0.99939531 0.99877709
1524503432 0.0000000 0.99916166 0.99830729
1524721460 0.0000000 0.99995399 0.99989933
1524721601 0.0000000 0.99994308 0.99987298
1524808553 0.0000000 0.99997532 0.99993700
1525218424 0.0000000 0.99991506 0.99981534
1526098666 0.0000000 0.99677604 0.99353009
1527728598 0.0000000 0.99996758 0.99992406
1527904870 0.0000000 0.99956918 0.99912065
1528731725 0.0000000 0.99609125 0.99211711
1528750347 0.0000000 0.99884856 0.99768895
1528856173 0.0000000 0.99711186 0.99421114
1529096035 0.0000000 0.99917066 0.99834037
1529334375 0.0000000 0.94932026 0.89198691
1529522338 0.0000000 0.99866498 0.99731910
1530516370 0.0000000 0.99983120 0.99965030
1530516385 0.0000000 0.99983233 0.99965000
1530609654 0.0000000 0.99993676 0.99987453
1531312909 0.0000000 0.99971014 0.99940497
1531507119 0.0000000 0.99996412 0.99992633
1532050755 0.0000000 0.99983615 0.99966031
1533217098 0.0000000 0.99957442 0.99913424
1533504622 0.0000000 0.95350003 0.89972794
1533801692 0.0000000 0.99834788 0.99669421
1534500582 0.0000000 0.99984646 0.99968302
1534551317 0.0000000 0.99988091 0.99975955
1535572403 0.0000000 0.96797079 0.93417883
1535660064 0.0000000 0.96571463 0.92760408
1536498994 0.0000000 0.99726725 0.99452555
1536641006 0.0000000 0.99591601 0.99179417
1536700815 0.0000000 0.99108166 0.98167944
1538633849 0.0000000 0.99965894 0.99930263
1538766649 0.0000000 0.99661660 0.99315566
1539072778 0.0000000 0.99971747 0.99941891
1539164591 0.0000000 0.99338108 0.98658675
1540269298 0.0000000 0.99997824 0.99995476
1540310644 0.0000000 0.99997282 0.99993604
1541624711 0.0000000 0.99917299 0.99834073
1541712486 0.0000000 0.98900205 0.97758335
1542328459 0.0000000 0.99616313 0.99229741
1542608341 0.0000000 0.99905646 0.99810046
1542638415 0.0000000 0.98916352 0.97789145
1542645094 0.0000000 0.98437077 0.96765167
1543190243 0.0000000 0.99998242 0.99996078
1543191316 0.0000000 0.98407006 0.96776044
1543236658 0.0000000 0.99781775 0.99560380
1543238642 0.0000000 0.97836721 0.95533454
1543314575 0.0000000 0.99476016 0.98939627
1544368541 0.0000000 0.99977094 0.99952674
1544439487 0.0000000 0.99912584 0.99824148
1544621063 0.0000000 0.99978507 0.99956179
1544908865 0.0000000 0.99995005 0.99989957
1545710204 0.0000000 0.99995810 0.99990994
1546538568 0.0000000 0.99995673 0.99991369
1546949806 0.0000000 0.99997884 0.99994981
1548127166 0.0000000 0.99995583 0.99990970
1548825695 0.0000000 0.99997383 0.99994606
1548861293 0.0000000 0.99993354 0.99986738
1549366351 0.0000000 0.96916854 0.93423891
1549558324 0.0000000 0.99993485 0.99986660
1550239687 0.0000000 0.99924856 0.99848831
1551558867 0.0000000 0.99534881 0.99057722
1552012334 0.0000000 0.99997932 0.99996024
1552127531 0.0000000 0.91866094 0.80432200
1552421955 0.0000000 0.99870700 0.99740565
1552451554 0.0000000 0.99992168 0.99984282
1552511242 0.0000000 0.99974811 0.99949646
1552697151 0.0000000 0.99922436 0.99844027
1552968094 0.0000000 0.99403632 0.98800308
1553256348 0.0000000 0.98972362 0.97918934
1553414210 0.0000000 0.96844560 0.93422639
1554087275 0.0000000 0.99105078 0.98169297
1554172029 0.0000000 0.99233013 0.98450935
1554256375 0.0000000 0.99997413 0.99994755
1554343015 0.0000000 0.99997360 0.99994475
1554382610 0.0000000 0.99859554 0.99717468
1554499495 0.0000000 0.99994469 0.99988562
1554706689 0.0000000 0.99987036 0.99972999
1554822801 0.0000000 0.99990141 0.99979657
1554841453 0.0000000 0.99953341 0.99904585
1554850672 0.0000000 0.99894226 0.99787557
1555563667 0.0000000 0.99999094 0.99998027
1556793883 0.0000000 0.99565303 0.99129856
1556970683 0.0000000 0.99606788 0.99207711
1557330527 0.0000000 0.98836958 0.97630602
1557737721 0.0000000 0.99801701 0.99602962
1558197514 0.0000000 0.99733347 0.99465066
1558379328 0.0000000 0.90390366 0.77611279
1558489044 0.0000000 0.99854296 0.99707210
1558591969 0.0000000 0.99917746 0.99834079
1559317998 0.0000000 0.99995095 0.99989396
1559641578 0.0000000 0.99998420 0.99997717
1559762840 0.0000000 0.99719834 0.99431175
1560870606 0.0000000 0.98856443 0.97663426
1561237205 0.0000000 0.98946285 0.97845513
1561242160 0.0000000 0.99425459 0.98843670
1561825206 0.0000000 0.97250092 0.94211435
1561837452 0.0000000 0.99993223 0.99986613
1562610935 0.0000000 0.99946648 0.99890614
1563275550 0.0000000 0.99257988 0.98477596
1563531230 0.0000000 0.99979484 0.99957049
1563768365 0.0000000 0.99672675 0.99344754
1563850922 0.0000000 0.94163835 0.87328529
1564123196 0.0000000 0.98862642 0.97657669
1564190683 0.0000000 0.99996710 0.99993259
1564649429 0.0000000 0.99138457 0.98254329
1564753988 0.0000000 0.99969137 0.99938256
1564784683 0.0000000 0.99988323 0.99975008
1565054388 0.0000000 0.99990445 0.99980921
1565055090 0.0000000 0.99950647 0.99900734
1565213283 0.0000000 0.99998528 0.99997109
1565218942 0.0000000 0.96797991 0.93089080
1565905300 0.0000000 0.99959481 0.99917978
1566053525 0.0000000 0.99842983 0.99685323
1566053530 0.0000000 0.99844331 0.99688166
1566074882 0.0000000 0.99484855 0.98955333
1566101114 0.0000000 0.99976534 0.99951845
1566598377 0.0000000 0.95756578 0.90975308
1566648618 0.0000000 0.94386035 0.87804019
1567237819 0.0000000 0.99981940 0.99963099
1567471650 0.0000000 0.99922615 0.99843019
1567604000 0.0000000 0.98978639 0.97927767
1567917359 0.0000000 0.98049337 0.96011925
1568005668 0.0000000 0.99965042 0.99929500
1568095682 0.0000000 0.99817657 0.99634153
1569863578 0.0000000 0.99990833 0.99981368
1570468626 0.0000000 0.99570692 0.99139440
1571312673 0.0000000 0.99990708 0.99981302
1571861758 0.0000000 0.84265715 0.56602627
1572218883 0.0000000 0.98053139 0.96031737
1573491297 0.0000000 0.99643576 0.99283850
1573495893 0.0000000 0.95851964 0.90943849
1574645562 0.0000000 0.99745727 0.99488127
1575564604 0.0000000 0.97152638 0.94094628
1575660753 0.0000000 0.99395269 0.98786277
1576495557 0.0000000 0.99928707 0.99856859
1577769501 0.0000000 0.99147809 0.98276556
1577819410 0.0000000 0.99945503 0.99890274
1578293635 0.0000000 0.99981618 0.99961770
1578510402 0.0000000 0.99606186 0.99210614
1579404154 0.0000000 0.99957734 0.99912822
1579703564 0.0000000 0.99596322 0.99188298
1580749376 0.0000000 0.99983239 0.99964702
1581076659 0.0000000 0.99162853 0.98308498
1581616159 0.0000000 0.99911577 0.99822140
1581629921 0.0000000 0.99991441 0.99981993
1581764406 0.0000000 0.99997592 0.99994612
1581764700 0.0000000 0.99972504 0.99943966
1581794413 0.0000000 0.99986058 0.99971431
1582090065 0.0000000 0.99865121 0.99730271
1582113307 0.0000000 0.99484354 0.98967177
1582546233 0.0000000 0.99457216 0.98907578
1582592414 0.0000000 0.98775572 0.97529739
1582629242 0.0000000 0.99995708 0.99990696
1582695255 0.0000000 0.99866527 0.99732244
1584677477 0.0000000 0.98894572 0.97754514
1585787701 0.0000000 0.97738403 0.95298946
1586304460 0.0000000 0.99432999 0.98861283
1586389759 0.0000000 0.99569935 0.99141312
1586537097 0.0000000 0.99996543 0.99992996
1586691401 0.0000000 0.99977714 0.99954140
1587481331 0.0000000 0.99111748 0.98201996
1588476280 0.0000000 0.99994844 0.99989420
1589003116 0.0000000 0.98844981 0.97643626
1589548020 0.0000000 0.74022138 0.15833634
1589756010 0.0000000 0.98943174 0.97844779
1589910785 0.0000000 0.99471706 0.98939002
1590311534 0.0000000 0.74394864 0.21163362
1590359490 0.0000000 0.99933457 0.99866188
1590694463 0.0000000 0.99863356 0.99724704
1590843750 0.0000000 0.99822843 0.99642861
1591494563 0.0000000 0.99796897 0.99593771
1591839506 0.0000000 0.99839938 0.99679673
1591921295 0.0000000 0.99820435 0.99640346
1592079539 0.0000000 0.99998271 0.99995750
1592349420 0.0000000 0.98119116 0.96148425
1593214064 0.0000000 0.99995637 0.99990982
1593241888 0.0000000 0.99775136 0.99550259
1593407313 0.0000000 0.99869597 0.99737322
1593435168 0.0000000 0.99933052 0.99864215
1593519432 0.0000000 0.99784863 0.99568468
1594227272 0.0000000 0.99945444 0.99889839
1594265063 0.0000000 0.99817044 0.99633723
1594267923 0.0000000 0.99477237 0.98949796
1594526768 0.0000000 0.96795213 0.93337220
1594546164 0.0000000 0.97950894 0.95726013
1595767949 0.0000000 0.99997526 0.99993563
1597107665 0.0000000 0.98317516 0.96605676
1597123796 0.0000000 0.99908382 0.99815190
1597187246 0.0000000 0.99591452 0.99182194
1597774608 0.0000000 0.99539185 0.99068022
1597797181 0.0000000 0.99968100 0.99934781
1597806811 0.0000000 0.99967003 0.99932420
1598480108 0.0000000 0.99830246 0.99660462
1598847265 0.0000000 0.64271772 -0.26813662
1599036279 0.0000000 0.99990243 0.99979103
1600306672 0.0000000 0.99985868 0.99969685
1600646088 0.0000000 0.99946994 0.99893105
1600833602 0.0000000 0.99968088 0.99934900
1601017581 0.0000000 0.99384588 0.98757035
1601326254 0.0000000 0.99998772 0.99996847
1601342057 0.0000000 0.99998021 0.99995536
1601440640 0.0000000 0.99987650 0.99974054
1601863505 0.0000000 0.99981022 0.99959999
1602517184 0.0000000 0.99583346 0.99165237
1602946993 0.0000000 0.99992508 0.99984264
1602947159 0.0000000 0.99977612 0.99953592
1603087586 0.0000000 0.92397654 0.82673782
1603396062 0.0000000 0.98071700 0.96035683
1603674483 0.0000000 0.97330368 0.94542122
1604358861 0.0000000 0.99329478 0.98659956
1604426346 0.0000000 0.99914163 0.99827343
1604601372 0.0000000 0.99994594 0.99987829
1604626818 0.0000000 0.99993455 0.99986768
1605130406 0.0000000 0.99993682 0.99985760
1605130534 0.0000000 0.99970460 0.99938977
1605266102 0.0000000 0.99963415 0.99923205
1605511152 0.0000000 0.99984342 0.99967229
1605551866 0.0000000 0.99978036 0.99954158
1605557664 0.0000000 0.99986029 0.99969947
1605621503 0.0000000 0.98045349 0.95949411
1605662576 0.0000000 0.96213317 0.92016530
1606582085 0.0000000 0.98494804 0.96907830
1606657334 0.0000000 0.99966633 0.99931741
1607578178 0.0000000 0.99989051 0.99976128
1607606398 0.0000000 0.99998444 0.99996150
1607606851 0.0000000 0.98915315 0.97788435
1607624108 0.0000000 0.99985051 0.99968350
1608317519 0.0000000 0.98943669 0.97866392
1608385359 0.0000000 0.98612976 0.97176468
1609436522 0.0000000 0.92825699 0.84521335
1609594007 0.0000000 0.99730366 0.99457234
1610162996 0.0000000 0.78008127 0.33296251
1610192153 0.0000000 0.99974674 0.99948651
1610249009 0.0000000 0.99932712 0.99864686
1610838659 0.0000000 0.99997395 0.99994123
1611559538 0.0000000 0.99985629 0.99969512
1611565557 0.0000000 0.99934196 0.99867868
1611574763 0.0000000 0.99218941 0.98426372
1611584686 0.0000000 0.99136066 0.98267406
1611818971 0.0000000 0.99998373 0.99996370
