1200543890 0.0000000 0.96486914 0.92574430
1200856359 0.0000000 0.99886817 0.99771243
1201442068 0.0000000 0.99114239 0.98193151
1203280382 0.0000000 0.99992883 0.99982536
1203409866 0.0000000 0.99586153 0.99159104
1203790455 0.0000000 0.99980128 0.99958205
1204138448 0.0000000 0.99812615 0.99624306
1204304285 0.0000000 0.99938738 0.99870706
1204490434 0.0000000 0.83319724 0.54996789
1204651907 0.0000000 0.99960327 0.99917704
1204651936 0.0000000 0.99977541 0.99948889
1204670552 0.0000000 0.99959004 0.99915743
1207186072 0.0000000 0.97585231 0.94888937
1208187584 0.0000000 0.99982882 0.99965566
1208931881 0.0000000 0.99956244 0.99904311
1208975321 0.0000000 0.99972743 0.99943423
1208982088 0.0000000 0.99944711 0.99887270
1208988255 0.0000000 0.99971694 0.99943268
1208988552 0.0000000 0.99979752 0.99959326
1209105937 0.0000000 0.99966323 0.99930292
1209216223 0.0000000 0.99485075 0.98945820
1209291757 0.0000000 0.99956691 0.99911946
1209339084 0.0000000 0.99893212 0.99779308
1209362380 0.0000000 0.99964309 0.99927694
1209543825 0.0000000 0.87787431 0.69334817
1209563099 0.0000000 0.98621517 0.97098154
1209583346 0.0000000 0.99955112 0.99902385
1209820628 0.0000000 0.99100661 0.98149425
1209877317 0.0000000 0.97816122 0.95413303
1210448520 0.0000000 0.99975538 0.99948680
1210560189 0.0000000 0.99958485 0.99902743
1210633064 0.0000000 0.99973726 0.99941963
1210703275 0.0000000 0.99976683 0.99953449
1213486164 0.0000000 0.99969357 0.99931949
1214086760 0.0000000 0.99972010 0.99943143
1214128508 0.0000000 0.99907148 0.99810237
1214211456 0.0000000 0.99399173 0.98771250
1214561217 0.0000000 0.99738079 0.99471611
1215221786 0.0000000 0.97429359 0.94520956
1215745668 0.0000000 0.99686271 0.99346000
1215812106 0.0000000 0.99963957 0.99918032
1215812707 0.0000000 0.99964601 0.99915522
1215839910 0.0000000 0.99790627 0.99574339
1215843106 0.0000000 0.99908447 0.99815238
1215961116 0.0000000 0.99975723 0.99946165
1216126809 0.0000000 0.99950808 0.99895412
1216904067 0.0000000 0.99591237 0.99165416
1217616949 0.0000000 0.99956882 0.99912894
1218233114 0.0000000 0.99978435 0.99953234
1218994676 0.0000000 0.99751878 0.99498636
1219291482 0.0000000 0.97766447 0.95315456
1219301591 0.0000000 0.99958587 0.99913383
1219723710 0.0000000 0.98883671 0.97683436
1219772880 0.0000000 0.99951166 0.99900633
1219869253 0.0000000 0.99977273 0.99953473
1220179542 0.0000000 0.99956280 0.99910629
1222614737 0.0000000 0.99481750 0.98950237
1225404477 0.0000000 0.99956310 0.99908745
1225442295 0.0000000 0.99955094 0.99906379
1228187814 0.0000000 0.99973738 0.99945670
1228684717 0.0000000 0.99984741 0.99963748
1229260451 0.0000000 0.99854386 0.99704909
1229658996 0.0000000 0.98172498 0.96311253
1229990683 0.0000000 0.99962324 0.99922746
1230216280 0.0000000 0.99943000 0.99884993
1230600687 0.0000000 0.99907696 0.99806869
1230860391 0.0000000 0.99927467 0.99849188
1231020274 0.0000000 0.99958450 0.99907547
1231041233 0.0000000 0.99889022 0.99775666
1232714291 0.0000000 0.99983412 0.99960250
1232804891 0.0000000 0.99702197 0.99387455
1233928332 0.0000000 0.99930245 0.99856514
1234166319 0.0000000 0.81621051 0.49839658
1234201315 0.0000000 0.99922746 0.99838161
1234214675 0.0000000 0.99981081 0.99955434
1236731039 0.0000000 0.99873853 0.99736518
1236854628 0.0000000 0.99768001 0.99523741
1237014105 0.0000000 0.99685216 0.99361044
1237159221 0.0000000 0.99662554 0.99309605
1237164701 0.0000000 0.99694675 0.99369633
1237551366 0.0000000 0.99899518 0.99788707
1237619839 0.0000000 0.98441470 0.96737522
1239235949 0.0000000 0.99982297 0.99961525
1239971868 0.0000000 0.99993002 0.99983174
1240678955 0.0000000 0.99697691 0.99381590
1242397863 0.0000000 0.99925452 0.99842685
1242709695 0.0000000 0.99494606 0.98966759
1243376855 0.0000000 0.99995959 0.99986964
1244248765 0.0000000 0.98464727 0.96824026
1245087845 0.0000000 0.98814678 0.97542930
1245407408 0.0000000 0.99882299 0.99756366
1245469469 0.0000000 0.99993581 0.99982667
1245877793 0.0000000 0.99984241 0.99964952
1245881452 0.0000000 0.99933273 0.99858260
1246167876 0.0000000 0.99911326 0.99813843
1246181696 0.0000000 0.99993682 0.99981076
1246182765 0.0000000 0.99956071 0.99904144
1246208530 0.0000000 0.99904364 0.99801028
1246208539 0.0000000 0.99904853 0.99802011
1246598451 0.0000000 0.99964523 0.99923474
1246598488 0.0000000 0.99965411 0.99924886
1246614635 0.0000000 0.99959725 0.99913651
1246985947 0.0000000 0.99985850 0.99966562
1247508302 0.0000000 0.99999130 0.99991602
1247516932 0.0000000 0.99991238 0.99975961
1247654255 0.0000000 0.99978471 0.99953079
1247741293 0.0000000 0.99997973 0.99990308
1247769767 0.0000000 0.99994761 0.99982756
1248159491 0.0000000 0.99906445 0.99806702
1248570012 0.0000000 0.99997079 0.99990308
1248588659 0.0000000 0.99996793 0.99989110
1248872986 0.0000000 0.99891502 0.99778485
1248886386 0.0000000 0.99998844 0.99994075
1249212887 0.0000000 0.99980015 0.99956369
1250467545 0.0000000 0.99999005 0.99991333
1250503855 0.0000000 0.99998236 0.99990940
1250504106 0.0000000 0.99993122 0.99978155
1250601456 0.0000000 0.99993366 0.99979013
1250639275 0.0000000 0.99954808 0.99904776
1250703707 0.0000000 0.99630392 0.99249822
1250777890 0.0000000 0.99987739 0.99968106
1250888264 0.0000000 0.99998426 0.99991995
1250911490 0.0000000 0.97911441 0.95662439
1252249816 0.0000000 0.99991733 0.99979389
1252757125 0.0000000 0.99982816 0.99959791
1254591366 0.0000000 0.99998653 0.99991947
1254664936 0.0000000 0.99540925 0.99061978
1255243328 0.0000000 0.99997592 0.99990273
1256244384 0.0000000 0.99953723 0.99900913
1256252705 0.0000000 0.99996114 0.99988347
1256431794 0.0000000 0.98140907 0.96075487
1257413577 0.0000000 0.99998409 0.99991566
1257413887 0.0000000 0.99948168 0.99891716
1257420861 0.0000000 0.99997294 0.99991202
1257678569 0.0000000 0.99913102 0.99821240
1258065617 0.0000000 0.99853802 0.99702692
1258296469 0.0000000 0.99952292 0.99897456
1258824471 0.0000000 0.99916083 0.99829799
1258926370 0.0000000 0.99753165 0.99500430
1260564405 0.0000000 0.99962795 0.99923867
1260692005 0.0000000 0.99904054 0.99804962
1261227736 0.0000000 0.99984038 0.99967772
1261227864 0.0000000 0.99980086 0.99954450
1261228557 0.0000000 0.99916023 0.99830753
1261232031 0.0000000 0.99952680 0.99903661
1261235533 0.0000000 0.99904925 0.99807584
1261275144 0.0000000 0.99955696 0.99909091
1261713375 0.0000000 0.99944621 0.99888551
1261922241 0.0000000 0.99489236 0.98966712
1262034644 0.0000000 0.99532384 0.99051976
1262237921 0.0000000 0.99888891 0.99776757
1262343689 0.0000000 0.99604726 0.99207491
1262367286 0.0000000 0.99955541 0.99910259
1262622742 0.0000000 0.77847457 0.37680316
1262633257 0.0000000 0.99977976 0.99953860
1263881366 0.0000000 0.99983716 0.99962747
1265523000 0.0000000 0.99975991 0.99950433
1265599504 0.0000000 0.99945867 0.99889481
1265691729 0.0000000 0.99977708 0.99954408
1265942558 0.0000000 0.99956703 0.99912882
1266289887 0.0000000 0.99850112 0.99699259
1266816064 0.0000000 0.99981552 0.99962699
1267146477 0.0000000 0.99978310 0.99952424
1267162697 0.0000000 0.99920315 0.99837619
1267661932 0.0000000 0.99987030 0.99964726
1267662287 0.0000000 0.99988872 0.99974710
1267686434 0.0000000 0.99982703 0.99958336
1267690576 0.0000000 0.99980491 0.99949127
1268040382 0.0000000 0.99983335 0.99958509
1268902896 0.0000000 0.99871820 0.99729455
1268931240 0.0000000 0.99716222 0.99426264
1269644874 0.0000000 0.99958986 0.99885982
1270335780 0.0000000 0.98042506 0.95773757
1270813793 0.0000000 0.99787921 0.99557424
1270961850 0.0000000 0.99972188 0.99934250
1270999307 0.0000000 0.89929742 0.73957640
1271168968 0.0000000 0.99967349 0.99914783
1271191748 0.0000000 0.99972051 0.99928284
1271987388 0.0000000 0.99689358 0.99339896
1272194052 0.0000000 0.99977976 0.99944836
1272250791 0.0000000 0.99979103 0.99950027
1272823213 0.0000000 0.99973696 0.99937069
1274901407 0.0000000 0.99861962 0.99701279
1276535865 0.0000000 0.99955827 0.99893206
1276561877 0.0000000 0.99973589 0.99929029
1276823323 0.0000000 0.99942738 0.99860680
1277440084 0.0000000 0.99575901 0.99102145
1277575551 0.0000000 0.99941510 0.99846429
1277670806 0.0000000 0.99891794 0.99755669
1278097892 0.0000000 0.99968421 0.99889952
1278515743 0.0000000 0.99900788 0.99765766
1278618217 0.0000000 0.99974298 0.99932390
1278636079 0.0000000 0.99974936 0.99919844
1279357457 0.0000000 0.99965888 0.99912125
1279458204 0.0000000 0.99963403 0.99902272
1280029930 0.0000000 0.99976623 0.99906641
1280553485 0.0000000 0.99916625 0.99799669
1280563997 0.0000000 0.99801356 0.99537635
1280587745 0.0000000 0.99960214 0.99894190
1281476617 0.0000000 0.99866039 0.99690485
1282408680 0.0000000 0.99975705 0.99913406
1282415961 0.0000000 0.99740368 0.99440831
1282416480 0.0000000 0.99923760 0.99807239
1283157909 0.0000000 0.99898022 0.99737018
1283540817 0.0000000 0.99888837 0.99772370
1284039008 0.0000000 0.99007475 0.98015994
1284244867 0.0000000 0.99569017 0.99138176
1284952628 0.0000000 0.99974251 0.99944174
1285350982 0.0000000 0.99869609 0.99734038
1285695233 0.0000000 0.99938756 0.99876308
1285876560 0.0000000 0.99351484 0.98697108
1286047392 0.0000000 0.99943262 0.99885881
1286198915 0.0000000 0.99972701 0.99925756
1286865806 0.0000000 0.94233787 0.86740613
1287036373 0.0000000 0.99968272 0.99935222
1289221280 0.0000000 0.99966854 0.99932373
1289567329 0.0000000 0.99970692 0.99940741
1289576340 0.0000000 0.99975842 0.99950320
1290342705 0.0000000 0.99977517 0.99937606
1290784424 0.0000000 0.99954456 0.99877787
1290799240 0.0000000 0.99950969 0.99862897
1291601652 0.0000000 0.99974549 0.99912804
1291689974 0.0000000 0.99988455 0.99950135
1291927327 0.0000000 0.99946690 0.99855226
1292000461 0.0000000 0.99914455 0.99812263
1294804388 0.0000000 0.23832837 -13.951659
1296507195 0.0000000 0.78123027 0.35515177
1296548191 0.0000000 0.98200828 0.96237236
1297058102 0.0000000 0.31207135 -7.1502724
1297342916 145.90001 7.50629976E-02 -296.22455
1297754297 0.0000000 0.90615517 0.79859143
1298970247 161.70000 0.11403341 -337.35223
1299845150 0.0000000 0.19125046 -23.577316
1300123317 0.0000000 0.98426175 0.96728158
1300281136 0.0000000 0.99947894 0.99843609
1300608051 0.0000000 0.99961615 0.99913090
1301123952 0.0000000 0.44449341 -2.8860173
1301458951 0.0000000 0.84539372 0.59282124
1301964194 0.0000000 0.51514482 -2.0008526
1302916270 0.0000000 0.95895702 0.90885162
1302961193 0.0000000 0.40571785 -3.7311130
1303685617 0.0000000 0.91342276 0.79287243
1304080155 0.0000000 0.17398003 -27.750456
1304082768 0.0000000 0.97704303 0.95057768
1304152538 0.0000000 0.96072382 0.91576058
1304437954 0.0000000 0.84670568 0.60488331
1304717510 0.0000000 0.98780495 0.97494346
1304757333 0.0000000 0.56012899 -1.4225123
1306028051 0.0000000 0.99269348 0.98390651
1306098435 0.0000000 0.88498926 0.70199424
1306261925 0.0000000 0.89402145 0.73960805
1307034472 0.0000000 0.99925750 0.99754727
1307669122 0.0000000 0.99345881 0.98534805
1308478735 0.0000000 0.73139024 0.11905497
1309048281 0.0000000 0.59964341 -0.87451720
1309094354 0.0000000 0.98850101 0.97479147
1309326569 0.0000000 0.45528588 -2.9404829
1309474048 0.0000000 0.67446136 -0.36195755
1309601047 0.0000000 0.98061818 0.95797437
1309696244 0.0000000 0.74675167 0.12580371
1309953539 0.0000000 0.98365098 0.96519643
1310469430 0.0000000 0.99716276 0.99363101
1310541580 0.0000000 0.93910104 0.85186940
1310928323 0.0000000 0.87513089 0.67587090
1311000534 0.0000000 0.99452013 0.98794430
1311084070 0.0000000 0.95915538 0.90778428
1311142337 0.0000000 0.93488514 0.84562606
1311692424 0.0000000 0.55462682 -1.3796036
1313100452 0.0000000 0.92976731 0.84059364
1314264913 0.0000000 0.89293683 0.74350029
1314789752 0.0000000 0.99614197 0.99199456
1315538819 0.0000000 0.99927551 0.99794632
1315635988 0.0000000 0.83238655 0.52046746
1315804512 0.0000000 0.85961759 0.63650906
1316643513 0.0000000 0.99845922 0.99571097
1316653258 0.0000000 0.99891752 0.99686819
1317835272 0.0000000 0.99194372 0.98200828
1318175665 0.0000000 0.99971181 0.99914628
1318478724 0.0000000 0.99647474 0.99268359
1319945023 0.0000000 0.99948543 0.99869585
1320074224 0.0000000 0.99729770 0.99418765
1320721143 0.0000000 0.99950659 0.99870723
1321061921 0.0000000 0.99907875 0.99790394
1322787324 0.0000000 0.99944419 0.99862999
1322993584 0.0000000 0.99777406 0.99527299
1323861170 0.0000000 0.99742347 0.99458283
1323909341 0.0000000 0.99833214 0.99644911
1324582798 0.0000000 0.99933314 0.99853802
1325660397 0.0000000 0.99782586 0.99537277
1326181267 0.0000000 0.98945379 0.97723311
1326728445 0.0000000 0.99902683 0.99783599
1327107001 0.0000000 0.99902678 0.99783838
1327480583 0.0000000 0.99507868 0.98947495
1327824459 0.0000000 0.99612594 0.99139994
1328324062 0.0000000 0.99954754 0.99869168
1328459111 0.0000000 0.99951828 0.99876773
1330223700 0.0000000 0.97051948 0.93415028
1330883534 0.0000000 0.99793303 0.99564266
1332071890 0.0000000 0.98676044 0.97205418
1332086295 0.0000000 0.99746180 0.99403602
1332373478 0.0000000 0.99955148 0.99905080
1333258441 0.0000000 0.99929386 0.99835575
1333828758 0.0000000 0.99890053 0.99763632
1333921411 0.0000000 0.99963713 0.99895269
1334227165 0.0000000 0.99921829 0.99827009
1334800688 0.0000000 0.99939591 0.99859345
1335409258 0.0000000 0.99248457 0.98406935
1335538115 0.0000000 0.99915707 0.99818444
1338362741 0.0000000 0.99944329 0.99866921
1338842309 0.0000000 0.99913663 0.99813038
1338890190 0.0000000 0.99943620 0.99882597
1338944914 0.0000000 0.99972659 0.99913919
1338944979 0.0000000 0.99950552 0.99869901
1338945045 0.0000000 0.99966258 0.99914855
1339216879 0.0000000 0.99955791 0.99902457
1339275618 0.0000000 0.99944127 0.99866319
1339278860 0.0000000 0.99870056 0.99717665
1339309409 0.0000000 0.99896550 0.99778759
1339575740 0.0000000 0.99892724 0.99735481
1339598466 0.0000000 0.99761659 0.99491149
1339646879 0.0000000 0.99837899 0.99631798
1339690513 0.0000000 0.99952888 0.99882787
1339702255 0.0000000 0.99911106 0.99793184
1339923712 0.0000000 0.99938810 0.99859476
1341299876 0.0000000 0.99885982 0.99751014
1341924177 0.0000000 0.99233180 0.98343426
1342405200 0.0000000 0.99692291 0.99340785
1344277570 0.0000000 0.99911410 0.99787748
1344910008 0.0000000 0.99929678 0.99847794
1344941743 0.0000000 0.99908745 0.99801379
1345138860 0.0000000 0.99618769 0.99181002
1345234802 0.0000000 0.99949652 0.99884540
1346380382 0.0000000 0.99676609 0.99266303
1346415099 0.0000000 0.99908245 0.99781364
1346415834 0.0000000 0.99774337 0.99511677
1346788818 0.0000000 0.99948752 0.99855196
1346816730 0.0000000 0.99833632 0.99648154
1348523853 0.0000000 0.99913990 0.99818993
1350722979 0.0000000 0.99969703 0.99863321
1350800865 0.0000000 0.99953687 0.99828655
1351161077 0.0000000 0.99996758 0.99929565
1352122829 0.0000000 0.99938810 0.99808156
1352554787 0.0000000 0.99850571 0.99645263
1353431341 0.0000000 0.99997479 0.99932724
1353536726 0.0000000 0.99984252 0.99913377
1354158772 0.0000000 0.99985176 0.99913377
1354470336 0.0000000 0.99993891 0.99932945
1354477411 0.0000000 0.99979883 0.99902320
1354976814 0.0000000 0.99979508 0.99903417
1355221924 0.0000000 0.99961883 0.99863642
1356243184 0.0000000 0.99924654 0.99781179
1356319072 0.0000000 0.99993050 0.99930030
1356487597 0.0000000 0.99983060 0.99907887
1356883405 0.0000000 0.99996620 0.99940509
1357128106 0.0000000 0.99925232 0.99793530
1357236484 0.0000000 0.99939030 0.99811488
1357270197 0.0000000 0.99971098 0.99887854
1357331931 0.0000000 0.99926358 0.99776137
1357541346 0.0000000 0.99998254 0.99949497
1357994057 0.0000000 0.99901789 0.99742675
1358411441 0.0000000 0.99971414 0.99880642
1358708986 0.0000000 0.99965328 0.99873483
1359776392 0.0000000 0.99995440 0.99930114
1361064727 0.0000000 0.99949175 0.99836993
1361239965 0.0000000 0.99977189 0.99887860
1361256759 0.0000000 0.99992800 0.99917722
1361373628 0.0000000 0.99961036 0.99851334
1361471757 0.0000000 0.99985248 0.99906009
1361665659 0.0000000 0.97500145 0.94386464
1362386544 0.0000000 0.99987632 0.99904996
1362609444 0.0000000 0.99229592 0.98294073
1362627405 0.0000000 0.99997216 0.99929082
1362643640 0.0000000 0.99962860 0.99858856
1363079024 0.0000000 0.99963790 0.99868482
1363764120 0.0000000 0.99634355 0.99143320
1364349799 0.0000000 0.99998224 0.99933273
1364349845 0.0000000 0.99998260 0.99933308
1364355002 0.0000000 0.99936700 0.99801588
1364690983 0.0000000 0.99979448 0.99886239
1365625224 0.0000000 0.99999392 0.99933934
1366061297 0.0000000 0.99799705 0.99493390
1366432589 0.0000000 0.99461782 0.98724616
1366513671 0.0000000 0.99818772 0.99470514
1369110346 0.0000000 0.99687356 0.99171001
1369124755 0.0000000 0.99753523 0.99479020
1369791239 0.0000000 0.99776953 0.99395549
1369883683 0.0000000 0.99804342 0.99445999
1370118743 0.0000000 0.99849129 0.99465561
1370151783 0.0000000 0.99800932 0.99489921
1370623082 0.0000000 0.99886018 0.99540424
1372241957 0.0000000 0.99439037 0.98612577
1372463510 0.0000000 0.99782491 0.99499971
1373829868 0.0000000 0.99820220 0.99512112
1373895699 0.0000000 0.99623764 0.99120778
1373969495 0.0000000 0.99741638 0.99315882
1374677225 0.0000000 0.99780881 0.99412036
1374679935 0.0000000 0.99786109 0.99379981
1376837821 0.0000000 0.99742579 0.99325740
1377205321 0.0000000 0.99079311 0.97899699
1377355603 0.0000000 0.99661273 0.99152613
1377407246 0.0000000 0.92202950 0.81347466
1378247005 0.0000000 0.99707675 0.99318570
1378467231 0.0000000 0.99776858 0.99301267
1379475197 0.0000000 0.99208838 0.98213196
1380542719 0.0000000 0.99737763 0.99382657
1381466759 0.0000000 0.98902857 0.97471166
1381684855 0.0000000 0.99722070 0.99339306
1382170436 0.0000000 0.99754918 0.99357754
1382919848 0.0000000 0.99337566 0.98499727
1383069011 0.0000000 0.99260902 0.98361892
1383085061 0.0000000 0.99097568 0.97781634
1383220929 0.0000000 0.99787164 0.99486119
1383227120 0.0000000 0.99753332 0.99328876
1383227831 0.0000000 0.99732703 0.99295896
1383234448 0.0000000 0.99717784 0.99239665
1383263545 0.0000000 0.99757415 0.99267483
1383450194 0.0000000 0.99740261 0.99322504
1383519374 0.0000000 0.99820596 0.99406540
1383809110 0.0000000 0.99726355 0.99339521
1383809501 0.0000000 0.99693519 0.99262583
1383989687 0.0000000 0.99657387 0.99157476
1384145710 0.0000000 0.99784034 0.99465996
1384544358 0.0000000 0.99862492 0.99612248
1385019362 0.0000000 0.97256738 0.93817335
1386347977 0.0000000 0.55134559 -1.4211438
1386357780 0.0000000 0.95567471 0.89943504
1387916955 0.0000000 0.98135012 0.96077836
1389034180 0.0000000 0.57236147 -1.2266092
1389204911 0.0000000 0.99283350 0.98435152
1389717867 0.0000000 0.92945457 0.83616477
1389724692 0.0000000 0.99618220 0.99065554
1389729005 0.0000000 0.98204774 0.96000963
1389740803 0.0000000 0.96863902 0.92664814
1389904819 0.0000000 0.26645154 -10.653804
1390517490 0.0000000 0.45096940 -2.6100886
1390619771 0.0000000 0.75235134 0.13340801
1391790286 0.0000000 0.33620450 -6.6942964
1393014317 0.0000000 0.97841859 0.95125353
1393065064 0.0000000 0.85529387 0.62825239
1393759985 0.0000000 0.99571896 0.98909491
1393791078 0.0000000 0.99790460 0.99560803
1394913876 0.0000000 0.99760014 0.99335808
1395061976 0.0000000 0.99790919 0.99465823
1395231566 0.0000000 0.99839479 0.99592364
1397097485 0.0000000 0.90501904 0.76280081
1397746253 0.0000000 0.51310080 -2.2461524
1398443585 0.0000000 0.69766814 -0.11211348
1399207416 0.0000000 0.91140544 0.77872813
1399278483 0.0000000 0.31649810 -6.1285114
1399745740 0.0000000 0.51540345 -1.8926249
1399746271 0.0000000 0.85631549 0.62002707
1400631673 0.0000000 0.99405694 0.98609227
1401021673 0.0000000 0.95609051 0.89416105
1401296286 0.0000000 0.93862307 0.85632974
1402085900 81.700005 8.12929720E-02 -211.12602
1402313583 0.0000000 0.92214596 0.81341332
1402624068 120.65000 9.88124162E-02 -328.76431
1402784563 0.0000000 0.31408879 -7.8918238
1403034553 0.0000000 0.17236201 -27.652559
1403317269 0.0000000 0.57930791 -1.1188262
1403439974 0.0000000 0.33234137 -8.7505903
1404774365 0.0000000 0.82392615 0.46244860
1404925818 0.0000000 0.69288307 -0.16922307
1405577514 0.0000000 0.98294210 0.95661843
1407296767 0.0000000 0.82367992 0.50057518
1407544588 0.0000000 0.10986365 -92.857704
1408047770 0.0000000 0.96103966 0.91288769
1410046387 0.0000000 0.27428007 -11.192554
1410325949 0.0000000 0.16905536 -34.438988
1410382444 0.0000000 0.22918837 -17.696051
1411247643 0.0000000 0.65504330 -0.42797470
1411641303 0.0000000 0.99096119 0.97896415
1412009058 0.0000000 0.55039370 -1.6023540
1412705290 0.0000000 0.76766127 0.25835729
1413207959 0.0000000 9.78859887E-02 -213.26335
1414298821 0.0000000 0.17823763 -17.798660
1416419181 0.0000000 0.62692106 -0.54757702
1416419227 0.0000000 0.62374359 -0.57606196
1416540553 0.0000000 0.88522208 0.69374549
1417557685 0.0000000 0.67872173 -0.22786629
1417655668 0.0000000 0.15128864 -59.141453
1418245419 0.0000000 0.97515172 0.94525379
1418533563 0.0000000 0.56202441 -1.2523103
1419682925 0.0000000 0.12095713 -98.506645
1419947441 121.10000 8.43471512E-02 -323.97275
1419995164 0.0000000 0.19635561 -21.292933
1420012476 0.0000000 0.51881230 -1.7462859
1420437226 0.0000000 0.10622960 -78.828125
1420606112 0.0000000 0.59444124 -1.1021445
1420742654 6.8000002 0.10858642 -190.11816
1421435535 0.0000000 0.11782657 -78.873253
1421639313 0.0000000 0.50277829 -2.2212338
1422083726 0.0000000 0.40723151 -5.0891337
1422374758 -5.00000007E-02 0.32007897 -8.5480280
1422958210 0.0000000 0.92978334 0.82960695
1423037687 0.0000000 0.86093521 0.62966001
1423603888 0.0000000 0.24801657 -16.156982
1423726535 0.0000000 0.55246216 -1.5913444
1423857991 0.0000000 0.99888361 0.99610102
1424969403 0.0000000 0.99680018 0.99245578
1426114954 0.0000000 0.98389882 0.96147215
1426344314 0.0000000 0.99457544 0.98733616
1426852891 0.0000000 0.99633586 0.99090070
1427105631 0.0000000 0.99866277 0.99503875
1427483378 0.0000000 0.95336193 0.89004010
1428208678 0.0000000 0.15500909 -45.276703
1428320250 0.0000000 0.82291257 0.49411947
1428945237 0.0000000 0.84231788 0.53258163
1429127316 0.0000000 0.95839781 0.90310299
1429494176 0.0000000 0.99694008 0.99251240
1429494550 0.0000000 0.66259116 -0.31872642
1429528847 0.0000000 0.99178791 0.97988951
1429530313 0.0000000 0.99654686 0.99141347
1429531199 0.0000000 0.99366111 0.98497313
1429992097 0.0000000 0.99726892 0.99185175
1430658547 0.0000000 0.98996300 0.97655439
1431333501 0.0000000 0.97019553 0.93005151
1431387795 0.0000000 0.84628785 0.55357873
1431628549 0.0000000 0.78900784 0.39298058
1432588969 0.0000000 0.99790001 0.99442130
1432601816 0.0000000 0.97098970 0.93504530
1432799863 0.0000000 0.89884812 0.73577577
1434467768 0.0000000 0.31926093 -8.7045841
1434867330 0.0000000 0.85307688 0.59541023
1435335400 0.0000000 0.56264913 -1.3655386
1438066750 0.0000000 0.93247026 0.83962131
1438936857 0.0000000 0.14423755 -34.555603
1439209234 0.0000000 0.10246422 -98.235100
1439418087 0.0000000 0.97755224 0.94899303
1439474882 0.0000000 0.99653918 0.99207747
1439699200 0.0000000 0.15169841 -49.759914
1441113885 0.0000000 0.99006164 0.97621936
1441128847 0.0000000 0.76358622 0.24254096
1441160293 40.600002 0.15901563 -42.605682
1441898607 0.0000000 0.98037589 0.95620722
1442339782 0.0000000 0.92844141 0.82854390
1442345855 0.0000000 0.99419034 0.98643959
1442345878 0.0000000 0.99434406 0.98675984
1442408939 0.0000000 0.99636966 0.99012178
1442410226 0.0000000 0.63972616 -0.54742408
1442413798 0.0000000 0.76064318 0.20578992
1443074281 0.0000000 0.99864566 0.99692196
1443555465 0.0000000 0.30112293 -10.145063
1444648487 0.0000000 0.88091630 0.70278823
1444736944 0.0000000 0.99832523 0.99557173
1444953165 0.0000000 0.93688256 0.84732771
1444953267 0.0000000 0.90108776 0.74723458
1445014914 0.0000000 0.81526035 0.45300382
1445221055 0.0000000 0.99591106 0.98977131
1445233331 0.0000000 0.93969333 0.85780436
1445239215 0.0000000 0.92549503 0.81347811
1446412182 0.0000000 0.99891204 0.99579453
1446412281 0.0000000 0.99060839 0.97819340
1446509184 0.0000000 0.86537522 0.66707045
1446509190 0.0000000 0.86441278 0.66378951
1446714386 0.0000000 0.91907680 0.79773015
1447167192 0.0000000 0.44633913 -3.4022169
1447255999 0.0000000 0.98628879 0.96887416
1447277516 0.0000000 0.53020608 -1.7484386
1448316095 0.0000000 0.40901700 -4.2230344
1448671943 0.0000000 0.75282484 0.22171193
1449033717 0.0000000 0.96289843 0.91658866
1449035580 0.0000000 0.83317477 0.51996577
1449153073 0.0000000 0.99772012 0.99436802
1449935242 0.0000000 0.89849281 0.74356943
1450510821 0.0000000 0.60559720 -0.79752934
1450536811 0.0000000 0.78613085 0.26789719
1450992022 0.0000000 0.19075687 -29.644384
1451199638 0.0000000 0.28266916 -11.539207
1451327726 0.0000000 0.92983627 0.83182293
1451523194 0.0000000 0.91398400 0.78812373
1451829690 0.0000000 0.54327440 -1.5021446
1451928000 0.0000000 0.87222362 0.65550005
1452487977 0.0000000 0.99535578 0.98797911
1453169606 0.0000000 0.99891603 0.99633706
1453824336 0.0000000 0.89698571 0.74601501
1454422761 0.0000000 0.99272400 0.98313898
1454702246 0.0000000 0.99821711 0.99484974
1454702308 0.0000000 0.99805766 0.99533510
1454702406 0.0000000 0.99664527 0.99213213
1454702512 0.0000000 0.99174857 0.98074871
1454978820 0.0000000 0.98566550 0.96787721
1455590759 0.0000000 0.98594153 0.96745020
1455595494 0.0000000 0.99634671 0.98989719
1455757779 0.0000000 0.99682724 0.99198788
1455758311 0.0000000 0.99713534 0.99247569
1456215987 0.0000000 0.84807873 0.55315119
1456541993 0.0000000 0.99809188 0.99557549
1457201466 0.0000000 0.49606010 -1.9358897
1457276938 0.0000000 0.90886277 0.78295350
1459152479 0.0000000 0.99270689 0.98363423
1459502085 0.0000000 0.46114168 -3.0063658
1459988008 0.0000000 0.44493592 -3.1465416
1460294506 0.0000000 0.45618615 -3.1282635
1460353509 0.0000000 0.92406142 0.82011366
1460804146 0.0000000 0.98721379 0.97076756
1461082597 0.0000000 0.49198928 -2.4686899
1461607991 0.0000000 0.96739227 0.92293388
1461770234 0.0000000 0.98626560 0.96878296
1461770257 0.0000000 0.98692429 0.97023565
1461770858 0.0000000 0.93491107 0.83513486
1461781146 0.0000000 0.99369031 0.98551816
1461806086 0.0000000 0.39844489 -4.8119097
1462056417 0.0000000 0.68396086 -0.13377690
1462199340 0.0000000 0.74240613 0.19347465
1462521203 0.0000000 0.78415895 0.31875765
1462632669 0.0000000 0.55551434 -1.1644077
1462675593 0.0000000 0.77980632 0.31545144
1463023035 0.0000000 0.99698132 0.99226892
1463023251 0.0000000 0.77274448 0.26176500
1463023282 0.0000000 0.70703620 -0.15213478
1463027395 0.0000000 0.99170834 0.98081654
1463127852 0.0000000 0.89540017 0.73336619
1463195522 0.0000000 0.58331132 -0.85702860
1463196768 0.0000000 0.86717522 0.63256872
1463530965 0.0000000 0.97857565 0.94979119
1463863900 0.0000000 0.99740845 0.99132723
1463882779 0.0000000 0.99333519 0.98117113
1464184475 0.0000000 0.80521369 0.43209839
1464544116 0.0000000 0.81159765 0.43684775
1464576767 0.0000000 0.32989490 -6.5079165
1464630651 0.0000000 0.32024345 -7.1337051
1464672226 0.0000000 0.99683309 0.99157971
1466204142 0.0000000 0.28080902 -13.078494
1466383187 0.0000000 0.93823600 0.85481781
1466409210 0.0000000 0.31520006 -7.9292974
1466715930 0.0000000 0.99455190 0.98703438
1467361422 0.0000000 0.69815409 -9.49668884E-02
1469019333 0.0000000 0.30207399 -9.4096699
1469592155 0.0000000 0.68316442 -0.21388030
1471008941 0.0000000 0.16155471 -51.912193
1471908408 0.0000000 0.67049295 -0.43554962
1472660934 0.0000000 0.63096070 -0.63952649
1473440050 0.0000000 0.77103436 0.26004088
1475055492 0.0000000 0.77233201 0.26583540
1475769120 0.0000000 0.99837065 0.99483520
1477370752 0.0000000 0.99608463 0.98924363
1478519786 0.0000000 0.95765758 0.89473099
1478903131 0.0000000 0.92741895 0.81084549
1480024554 0.0000000 0.93834978 0.85597086
1480377579 0.0000000 0.91592193 0.79631758
1480507474 0.0000000 0.99033427 0.97809869
1481256588 0.0000000 0.85658574 0.60087049
1481811269 0.0000000 0.99373883 0.98443335
1483057851 0.0000000 0.76420170 0.24106652
1483513641 0.0000000 0.40013015 -4.4136934
1484155863 0.0000000 0.90733755 0.76232076
1484797338 0.0000000 0.31689271 -8.6115456
1484900187 0.0000000 0.20230365 -23.902760
1485329586 0.0000000 0.44297364 -3.3247304
1486746772 0.0000000 0.99818903 0.99554741
1487420859 0.0000000 0.99973625 0.99861097
1487652197 0.0000000 0.82625842 0.51607633
1488212310 0.0000000 0.99910140 0.99702758
1488924651 0.0000000 0.99881834 0.99647421
1489967289 0.0000000 0.98835820 0.97433531
1490066029 0.0000000 0.98901105 0.97507948
1490805242 0.0000000 0.99985695 0.99868172
1492112471 0.0000000 0.99827874 0.99564111
1492367656 0.0000000 0.99946719 0.99820566
1493517442 0.0000000 0.99984825 0.99875963
1493960850 0.0000000 0.99927813 0.99731404
1493986611 0.0000000 0.99413955 0.98634279
1494889974 0.0000000 0.99978060 0.99870169
1494932580 0.0000000 0.98811018 0.97316313
1495631454 0.0000000 0.99978501 0.99857444
1495691291 0.0000000 0.99965775 0.99827522
1495956669 0.0000000 0.80913639 0.47672361
1495999757 0.0000000 0.99620384 0.99057162
1496582686 0.0000000 0.99860919 0.99613219
1497967350 0.0000000 0.98903841 0.97563839
1498029939 0.0000000 0.99596214 0.99051404
1500318986 0.0000000 0.99885154 0.99642569
1501139292 0.0000000 0.99927270 0.99756104
1501845585 0.0000000 0.99967593 0.99838692
1502294736 0.0000000 0.99935275 0.99769729
1502416734 0.0000000 0.99974531 0.99859893
1502582915 0.0000000 0.99980122 0.99848378
1504364658 0.0000000 0.99962598 0.99836189
1505096741 0.0000000 0.98518980 0.96641016
1505687994 0.0000000 0.99944168 0.99786347
1505917796 0.0000000 0.99969357 0.99860501
1506232185 0.0000000 0.99479836 0.98827928
1506549399 0.0000000 0.99346787 0.98501897
1507505391 0.0000000 0.99984735 0.99854392
1507747520 0.0000000 0.99474651 0.98790270
1508582157 0.0000000 0.99133694 0.98021066
1509318944 0.0000000 0.99971741 0.99830550
1509677295 0.0000000 0.99983472 0.99865288
1509677339 0.0000000 0.99982494 0.99861312
1509752088 0.0000000 0.99980813 0.99853736
1510398879 0.0000000 0.99922657 0.99733716
1510402973 0.0000000 0.99978542 0.99853909
1510440860 0.0000000 0.97329336 0.93587124
1510947032 0.0000000 0.99813461 0.99480659
1511360409 0.0000000 0.99983883 0.99866939
1511470532 0.0000000 0.99974984 0.99845403
1512230735 0.0000000 0.94699663 0.87660289
1512377977 0.0000000 0.99989301 0.99895352
1512704669 0.0000000 0.99951065 0.99801463
1513120660 0.0000000 0.99425864 0.98671180
1516168751 0.0000000 0.99936438 0.99747396
1516984288 0.0000000 0.99980104 0.99869585
1517686257 0.0000000 0.99833089 0.99556530
1517749972 0.0000000 0.99977356 0.99863809
1517752600 0.0000000 0.99979413 0.99862939
1517752662 0.0000000 0.99979186 0.99861640
1517753127 0.0000000 0.99220753 0.98234504
1517753452 0.0000000 0.99981749 0.99868178
1517753522 0.0000000 0.99981844 0.99868596
1517753592 0.0000000 0.99981576 0.99868459
1517753815 0.0000000 0.99931502 0.99763954
1517758427 0.0000000 0.99605179 0.99037546
1517763262 0.0000000 0.99609876 0.99056995
1517821602 0.0000000 0.99772561 0.99410468
1517823894 0.0000000 0.99250007 0.98335618
1517846321 0.0000000 0.99943757 0.99785513
1517852233 0.0000000 0.99180692 0.98113054
1517893754 0.0000000 0.99960214 0.99814594
1517906208 0.0000000 0.99751288 0.99360329
1517932241 0.0000000 0.99984866 0.99879950
1517932280 0.0000000 0.99984890 0.99879998
1517932282 0.0000000 0.99984872 0.99880028
1517932427 0.0000000 0.99981236 0.99859154
1517932434 0.0000000 0.99981332 0.99863124
1517932492 0.0000000 0.99969655 0.99841577
1517933877 0.0000000 0.99932474 0.99771762
1517940013 0.0000000 0.99983513 0.99872124
1517940459 0.0000000 0.99980927 0.99874836
1517944528 0.0000000 0.99983752 0.99865490
1517945796 0.0000000 0.99902433 0.99692911
1517950582 0.0000000 0.99946523 0.99821937
1517958702 0.0000000 0.99908322 0.99721146
1517960631 0.0000000 0.99958092 0.99830991
1517969882 0.0000000 0.99949145 0.99790198
1517974578 0.0000000 0.99959707 0.99821919
1517998787 0.0000000 0.99322224 0.98456740
1518001985 0.0000000 0.99955976 0.99806285
1518008800 0.0000000 0.99965256 0.99819714
1518008880 0.0000000 0.99925929 0.99744028
1518013159 0.0000000 0.99868065 0.99638265
1518016890 0.0000000 0.99987417 0.99862140
1518016916 0.0000000 0.99987459 0.99862206
1518051257 0.0000000 0.99970758 0.99845016
1518059164 0.0000000 0.99775422 0.99400139
1518142443 0.0000000 0.99859846 0.99578649
1518201789 0.0000000 0.99878538 0.99633241
1518248929 0.0000000 0.99808347 0.99516469
1518858396 0.0000000 0.99972463 0.99845558
1518981709 0.0000000 0.99640232 0.99129289
1519051621 0.0000000 0.99956381 0.99806368
1519254641 0.0000000 0.99987030 0.99861759
1519583320 0.0000000 0.99981546 0.99875450
1519962147 0.0000000 0.99973887 0.99834836
1520098551 0.0000000 0.99902290 0.99697334
1520329330 0.0000000 0.99348569 0.98494679
1521024527 0.0000000 0.99810553 0.99497277
1521537776 0.0000000 0.99975234 0.99860060
1521728871 0.0000000 0.99925888 0.99756598
1522232997 0.0000000 0.98918623 0.97590727
1522282670 0.0000000 0.99967360 0.99855345
1522598524 0.0000000 0.99854445 0.99585551
1523432369 0.0000000 0.99870533 0.99626905
1523886539 0.0000000 0.99974626 0.99855626
1524201906 0.0000000 0.99244696 0.98357189
1524248877 0.0000000 0.85511696 0.60392535
1524308214 0.0000000 0.99953586 0.99816251
1524503432 0.0000000 0.99931282 0.99743783
1524721460 0.0000000 0.99985874 0.99859136
1524721601 0.0000000 0.99985486 0.99851114
1524808553 0.0000000 0.99983913 0.99864388
1525218424 0.0000000 0.99981189 0.99855459
1526098666 0.0000000 0.99677587 0.99231625
1527728598 0.0000000 0.99990714 0.99894702
1527904870 0.0000000 0.99913001 0.99716067
1528731725 0.0000000 0.99577749 0.98994046
1528750347 0.0000000 0.99807936 0.99505782
1528856173 0.0000000 0.99762219 0.99401498
1529096035 0.0000000 0.99896711 0.99686217
1529334375 0.0000000 0.93418378 0.84672624
1529522338 0.0000000 0.99801272 0.99463588
1530516370 0.0000000 0.99971294 0.99836475
1530516385 0.0000000 0.99971223 0.99836206
1530609654 0.0000000 0.99976033 0.99859279
1531312909 0.0000000 0.99954700 0.99808365
1531507119 0.0000000 0.99981046 0.99877477
1532050755 0.0000000 0.99976617 0.99865377
1533217098 0.0000000 0.99941748 0.99775505
1533504622 0.0000000 0.94161123 0.86182368
1533801692 0.0000000 0.99845588 0.99557978
1534500582 0.0000000 0.99965340 0.99832255
1534551317 0.0000000 0.99973810 0.99854302
1535572403 0.0000000 0.96691823 0.92517191
1535660064 0.0000000 0.95873570 0.90543807
1536498994 0.0000000 0.99688160 0.99214017
1536641006 0.0000000 0.99677879 0.99229592
1536700815 0.0000000 0.99437463 0.98678160
1538633849 0.0000000 0.99969238 0.99851561
1538766649 0.0000000 0.99815315 0.99479693
1539072778 0.0000000 0.99975628 0.99855655
1539164591 0.0000000 0.99241799 0.98253131
1540269298 0.0000000 0.99990273 0.99894464
1540310644 0.0000000 0.99984950 0.99889547
1541624711 0.0000000 0.99916393 0.99724531
1541712486 0.0000000 0.99276471 0.98380446
1542328459 0.0000000 0.99586636 0.98968327
1542608341 0.0000000 0.99911177 0.99698645
1542638415 0.0000000 0.98829675 0.97375482
1542645094 0.0000000 0.98198408 0.96009600
1543190243 0.0000000 0.99985856 0.99878454
1543191316 0.0000000 0.98630965 0.96933615
1543236658 0.0000000 0.99821055 0.99516636
1543238642 0.0000000 0.98180747 0.95963871
1543314575 0.0000000 0.99571788 0.99028450
1544368541 0.0000000 0.99964947 0.99847996
1544439487 0.0000000 0.99899668 0.99702770
1544621063 0.0000000 0.99967414 0.99847966
1544908865 0.0000000 0.99989003 0.99868476
1545710204 0.0000000 0.99984115 0.99838632
1546538568 0.0000000 0.99981993 0.99895918
1546949806 0.0000000 0.99976540 0.99853808
1548127166 0.0000000 0.99974090 0.99849379
1548825695 0.0000000 0.99981099 0.99850625
1548861293 0.0000000 0.99990290 0.99872911
1549366351 0.0000000 0.97056043 0.93423939
1549558324 0.0000000 0.99977678 0.99867165
1550239687 0.0000000 0.99925745 0.99758649
1551558867 0.0000000 0.99692798 0.99252969
1552012334 0.0000000 0.99986303 0.99871391
1552127531 0.0000000 0.88868546 0.72746861
1552421955 0.0000000 0.99914378 0.99704099
1552451554 0.0000000 0.99980068 0.99875081
1552511242 0.0000000 0.99967557 0.99842882
1552697151 0.0000000 0.99926251 0.99738467
1552968094 0.0000000 0.99310786 0.98459339
1553256348 0.0000000 0.98866767 0.97472179
1553414210 0.0000000 0.96746767 0.92693830
1554087275 0.0000000 0.99041134 0.97906148
1554172029 0.0000000 0.99507481 0.98763257
1554256375 0.0000000 0.99984926 0.99864751
1554343015 0.0000000 0.99978501 0.99861723
1554382610 0.0000000 0.99894786 0.99686062
1554499495 0.0000000 0.99990678 0.99917048
1554706689 0.0000000 0.99980551 0.99867797
1554822801 0.0000000 0.99977332 0.99868250
1554841453 0.0000000 0.99937493 0.99784666
1554850672 0.0000000 0.99890262 0.99673080
1555563667 0.0000000 0.99985617 0.99896252
1556793883 0.0000000 0.99603242 0.99042195
1556970683 0.0000000 0.99460483 0.98754889
1557330527 0.0000000 0.98475999 0.96608549
1557737721 0.0000000 0.99815404 0.99493665
1558197514 0.0000000 0.99758118 0.99366784
1558379328 0.0000000 0.89836544 0.73942423
1558489044 0.0000000 0.99876207 0.99630910
1558591969 0.0000000 0.99917161 0.99726033
1559317998 0.0000000 0.99986845 0.99873394
1559641578 0.0000000 0.99981660 0.99898231
1559762840 0.0000000 0.99708849 0.99293548
1560870606 0.0000000 0.99226516 0.98219389
1561237205 0.0000000 0.99124622 0.97996777
1561242160 0.0000000 0.99520695 0.98845500
1561825206 0.0000000 0.97341162 0.93806440
1561837452 0.0000000 0.99986005 0.99877352
1562610935 0.0000000 0.99960190 0.99812114
1563275550 0.0000000 0.99323004 0.98411959
1563531230 0.0000000 0.99977857 0.99833477
1563768365 0.0000000 0.99738216 0.99361366
1563850922 0.0000000 0.92851478 0.82823235
1564123196 0.0000000 0.98835099 0.97427392
1564190683 0.0000000 0.99990648 0.99884999
1564649429 0.0000000 0.99235892 0.98199898
1564753988 0.0000000 0.99923724 0.99760890
1564784683 0.0000000 0.99969810 0.99846923
1565054388 0.0000000 0.99973679 0.99848813
1565055090 0.0000000 0.99926323 0.99731725
1565213283 0.0000000 0.99982196 0.99881774
1565218942 0.0000000 0.96428621 0.91831708
1565905300 0.0000000 0.99915910 0.99701315
1566053525 0.0000000 0.99809349 0.99504757
1566053530 0.0000000 0.99810058 0.99505901
1566074882 0.0000000 0.99481302 0.98796868
1566101114 0.0000000 0.99965227 0.99834907
1566598377 0.0000000 0.96656609 0.92423165
1566648618 0.0000000 0.92375875 0.81845677
1567237819 0.0000000 0.99971819 0.99822104
1567471650 0.0000000 0.99915183 0.99727160
1567604000 0.0000000 0.99198478 0.98149836
1567917359 0.0000000 0.98126400 0.95771945
1568005668 0.0000000 0.99966019 0.99817699
1568095682 0.0000000 0.99769723 0.99398655
1569863578 0.0000000 0.99985653 0.99862450
1570468626 0.0000000 0.99495274 0.98783720
1571312673 0.0000000 0.99978149 0.99843502
1571861758 0.0000000 0.75261766 0.17114574
1572218883 0.0000000 0.97711837 0.94775879
1573491297 0.0000000 0.99677998 0.99207121
1573495893 0.0000000 0.94433707 0.87287050
1574645562 0.0000000 0.99653661 0.99156606
1575564604 0.0000000 0.97167391 0.93773156
1575660753 0.0000000 0.99289298 0.98373389
1576495557 0.0000000 0.99868929 0.99638277
1577769501 0.0000000 0.99480605 0.98776382
1577819410 0.0000000 0.99909908 0.99723059
1578293635 0.0000000 0.99974555 0.99865115
1578510402 0.0000000 0.99568433 0.98988491
1579404154 0.0000000 0.99974185 0.99839562
1579703564 0.0000000 0.99658775 0.99160981
1580749376 0.0000000 0.99972141 0.99826169
1581076659 0.0000000 0.99281031 0.98348606
1581616159 0.0000000 0.99911100 0.99727470
1581629921 0.0000000 0.99980336 0.99856091
1581764406 0.0000000 0.99989343 0.99896497
1581764700 0.0000000 0.99969542 0.99851006
1581794413 0.0000000 0.99966812 0.99829912
1582090065 0.0000000 0.99842489 0.99577659
1582113307 0.0000000 0.99509597 0.98898506
1582546233 0.0000000 0.99437380 0.98711354
1582592414 0.0000000 0.99170291 0.98107302
1582629242 0.0000000 0.99984348 0.99874926
1582695255 0.0000000 0.99849463 0.99588639
1584677477 0.0000000 0.98596805 0.96872008
1585787701 0.0000000 0.98320538 0.96256381
1586304460 0.0000000 0.99642098 0.99159729
1586389759 0.0000000 0.99517179 0.98879766
1586537097 0.0000000 0.99983740 0.99879843
1586691401 0.0000000 0.99971759 0.99839354
1587481331 0.0000000 0.99086684 0.97901410
1588476280 0.0000000 0.99982077 0.99875152
1589003116 0.0000000 0.99110603 0.98026347
1589548020 0.0000000 0.68354928 -5.68753481E-02
1589756010 0.0000000 0.99200171 0.98167735
1589910785 0.0000000 0.99606854 0.99111462
1590311534 0.0000000 0.70376539 -4.56447601E-02
1590359490 0.0000000 0.99907339 0.99722993
1590694463 0.0000000 0.99862748 0.99629897
1590843750 0.0000000 0.99766570 0.99399126
1591494563 0.0000000 0.99798667 0.99478072
1591839506 0.0000000 0.99863482 0.99617243
1591921295 0.0000000 0.99875361 0.99621677
1592079539 0.0000000 0.99990439 0.99883282
1592349420 0.0000000 0.98158473 0.96001917
1593214064 0.0000000 0.99978042 0.99841422
1593241888 0.0000000 0.99833304 0.99565476
1593407313 0.0000000 0.99888521 0.99656779
1593435168 0.0000000 0.99904239 0.99711359
1593519432 0.0000000 0.99832177 0.99521685
1594227272 0.0000000 0.99932754 0.99779916
1594265063 0.0000000 0.99745893 0.99338263
1594267923 0.0000000 0.99443805 0.98708975
1594526768 0.0000000 0.97289962 0.93901169
1594546164 0.0000000 0.98035157 0.95577979
1595767949 0.0000000 0.99988246 0.99886858
1597107665 0.0000000 0.98192942 0.95984524
1597123796 0.0000000 0.99943584 0.99810141
1597187246 0.0000000 0.99361235 0.98492754
1597774608 0.0000000 0.99605125 0.99086022
1597797181 0.0000000 0.99958634 0.99850273
1597806811 0.0000000 0.99941045 0.99779105
1598480108 0.0000000 0.99813706 0.99523604
1598847265 0.0000000 0.62765044 -0.57101071
1599036279 0.0000000 0.99989015 0.99872673
1600306672 0.0000000 0.99978787 0.99878335
1600646088 0.0000000 0.99935299 0.99780053
1600833602 0.0000000 0.99971092 0.99831659
1601017581 0.0000000 0.99389249 0.98586065
1601326254 0.0000000 0.99986386 0.99884868
1601342057 0.0000000 0.99981284 0.99852395
1601440640 0.0000000 0.99977040 0.99853289
1601863505 0.0000000 0.99957883 0.99806607
1602517184 0.0000000 0.99609625 0.99102384
1602946993 0.0000000 0.99983597 0.99885881
1602947159 0.0000000 0.99975950 0.99855191
1603087586 0.0000000 0.88781512 0.71143556
1603396062 0.0000000 0.98827314 0.97309035
1603674483 0.0000000 0.96027607 0.91136020
1604358861 0.0000000 0.99544913 0.98944288
1604426346 0.0000000 0.99911666 0.99730855
1604601372 0.0000000 0.99985993 0.99885583
1604626818 0.0000000 0.99984699 0.99887401
1605130406 0.0000000 0.99990577 0.99889976
1605130534 0.0000000 0.99976629 0.99858600
1605266102 0.0000000 0.99973738 0.99846506
1605511152 0.0000000 0.99980026 0.99884123
1605551866 0.0000000 0.99962759 0.99828446
1605557664 0.0000000 0.99977517 0.99864054
1605621503 0.0000000 0.98271638 0.96214217
1605662576 0.0000000 0.96285915 0.91589713
1606582085 0.0000000 0.98380196 0.96347719
1606657334 0.0000000 0.99964452 0.99858803
1607578178 0.0000000 0.99978656 0.99860942
1607606398 0.0000000 0.99988908 0.99895030
1607606851 0.0000000 0.98842835 0.97488201
1607624108 0.0000000 0.99968791 0.99832880
1608317519 0.0000000 0.99236894 0.98279017
1608385359 0.0000000 0.98602092 0.96860343
1609436522 0.0000000 0.93419677 0.84719163
1609594007 0.0000000 0.99778622 0.99412417
1610162996 0.0000000 0.65678549 -0.51393020
1610192153 0.0000000 0.99966896 0.99845457
1610249009 0.0000000 0.99919492 0.99745452
1610838659 0.0000000 0.99983776 0.99878103
1611559538 0.0000000 0.99977452 0.99841088
1611565557 0.0000000 0.99948108 0.99793279
1611574763 0.0000000 0.99029392 0.97766417
1611584686 0.0000000 0.99306661 0.98367035
1611818971 0.0000000 0.99969578 0.99864846
